[2024-05-11T08:08:07.022+0000] {local_task_job_runner.py:120} INFO - ::group::Pre task execution logs
[2024-05-11T08:08:07.075+0000] {taskinstance.py:2076} INFO - Dependencies all met for dep_context=non-requeueable deps ti=<TaskInstance: etl_mysql_to_hive_dibimbing_karyawan.extract_from_mysql manual__2024-05-11T07:55:57.073627+00:00 [queued]>
[2024-05-11T08:08:07.098+0000] {taskinstance.py:2076} INFO - Dependencies all met for dep_context=requeueable deps ti=<TaskInstance: etl_mysql_to_hive_dibimbing_karyawan.extract_from_mysql manual__2024-05-11T07:55:57.073627+00:00 [queued]>
[2024-05-11T08:08:07.099+0000] {taskinstance.py:2306} INFO - Starting attempt 2 of 2
[2024-05-11T08:08:07.127+0000] {taskinstance.py:2330} INFO - Executing <Task(MySqlOperator): extract_from_mysql> on 2024-05-11 07:55:57.073627+00:00
[2024-05-11T08:08:07.138+0000] {standard_task_runner.py:63} INFO - Started process 1045 to run task
[2024-05-11T08:08:07.148+0000] {standard_task_runner.py:90} INFO - Running: ['***', 'tasks', 'run', 'etl_mysql_to_hive_dibimbing_karyawan', 'extract_from_mysql', 'manual__2024-05-11T07:55:57.073627+00:00', '--job-id', '341', '--raw', '--subdir', 'DAGS_FOLDER/etl_mysql_to_hive_dibimbing_karyawan.py', '--cfg-path', '/tmp/tmpa8ufi6jr']
[2024-05-11T08:08:07.155+0000] {standard_task_runner.py:91} INFO - Job 341: Subtask extract_from_mysql
[2024-05-11T08:08:07.268+0000] {task_command.py:426} INFO - Running <TaskInstance: etl_mysql_to_hive_dibimbing_karyawan.extract_from_mysql manual__2024-05-11T07:55:57.073627+00:00 [running]> on host 94409fb18ddd
[2024-05-11T08:08:07.486+0000] {taskinstance.py:2648} INFO - Exporting env vars: AIRFLOW_CTX_DAG_OWNER='***' AIRFLOW_CTX_DAG_ID='etl_mysql_to_hive_dibimbing_karyawan' AIRFLOW_CTX_TASK_ID='extract_from_mysql' AIRFLOW_CTX_EXECUTION_DATE='2024-05-11T07:55:57.073627+00:00' AIRFLOW_CTX_TRY_NUMBER='2' AIRFLOW_CTX_DAG_RUN_ID='manual__2024-05-11T07:55:57.073627+00:00'
[2024-05-11T08:08:07.491+0000] {taskinstance.py:430} INFO - ::endgroup::
[2024-05-11T08:08:07.492+0000] {sql.py:276} INFO - Executing: SELECT id, nama, nomer_telephone FROM dibimbing.karyawan
[2024-05-11T08:08:07.508+0000] {base.py:84} INFO - Using connection ID 'mysql_default' for task execution.
[2024-05-11T08:08:07.530+0000] {base.py:84} INFO - Using connection ID 'mysql_default' for task execution.
[2024-05-11T08:08:07.567+0000] {sql.py:470} INFO - Running statement: SELECT id, nama, nomer_telephone FROM ***.karyawan, parameters: None
[2024-05-11T08:08:07.573+0000] {taskinstance.py:441} INFO - ::group::Post task execution logs
[2024-05-11T08:08:07.575+0000] {taskinstance.py:2905} ERROR - Task failed with exception
Traceback (most recent call last):
  File "/home/airflow/.local/lib/python3.11/site-packages/airflow/models/taskinstance.py", line 465, in _execute_task
    result = _execute_callable(context=context, **execute_callable_kwargs)
             ^^^^^^^^^^^^^^^^^^^^^^^^^^^^^^^^^^^^^^^^^^^^^^^^^^^^^^^^^^^^^
  File "/home/airflow/.local/lib/python3.11/site-packages/airflow/models/taskinstance.py", line 432, in _execute_callable
    return execute_callable(context=context, **execute_callable_kwargs)
           ^^^^^^^^^^^^^^^^^^^^^^^^^^^^^^^^^^^^^^^^^^^^^^^^^^^^^^^^^^^^
  File "/home/airflow/.local/lib/python3.11/site-packages/airflow/models/baseoperator.py", line 400, in wrapper
    return func(self, *args, **kwargs)
           ^^^^^^^^^^^^^^^^^^^^^^^^^^^
  File "/home/airflow/.local/lib/python3.11/site-packages/airflow/providers/common/sql/operators/sql.py", line 282, in execute
    output = hook.run(
             ^^^^^^^^^
  File "/home/airflow/.local/lib/python3.11/site-packages/airflow/providers/common/sql/hooks/sql.py", line 418, in run
    self._run_command(cur, sql_statement, parameters)
  File "/home/airflow/.local/lib/python3.11/site-packages/airflow/providers/common/sql/hooks/sql.py", line 475, in _run_command
    cur.execute(sql_statement)
  File "/home/airflow/.local/lib/python3.11/site-packages/MySQLdb/cursors.py", line 179, in execute
    res = self._query(mogrified_query)
          ^^^^^^^^^^^^^^^^^^^^^^^^^^^^
  File "/home/airflow/.local/lib/python3.11/site-packages/MySQLdb/cursors.py", line 330, in _query
    db.query(q)
  File "/home/airflow/.local/lib/python3.11/site-packages/MySQLdb/connections.py", line 261, in query
    _mysql.connection.query(self, query)
MySQLdb.OperationalError: (1054, "Unknown column 'nomer_telephone' in 'field list'")
[2024-05-11T08:08:07.598+0000] {taskinstance.py:1206} INFO - Marking task as FAILED. dag_id=etl_mysql_to_hive_***_karyawan, task_id=extract_from_mysql, run_id=manual__2024-05-11T07:55:57.073627+00:00, execution_date=20240511T075557, start_date=20240511T080807, end_date=20240511T080807
[2024-05-11T08:08:07.621+0000] {standard_task_runner.py:110} ERROR - Failed to execute job 341 for task extract_from_mysql ((1054, "Unknown column 'nomer_telephone' in 'field list'"); 1045)
[2024-05-11T08:08:07.641+0000] {local_task_job_runner.py:240} INFO - Task exited with return code 1
[2024-05-11T08:08:07.661+0000] {warnings.py:110} WARNING - /home/***/.local/lib/python3.11/site-packages/***/models/baseoperator.py:1296: AirflowProviderDeprecationWarning: Call to deprecated class MySqlOperator. (Please use `***.providers.common.sql.operators.sql.SQLExecuteQueryOperator`.Also, you can provide `hook_params={'schema': <database>}`.)
  result = cls.__new__(cls)

[2024-05-11T08:08:07.689+0000] {taskinstance.py:3498} INFO - 0 downstream tasks scheduled from follow-on schedule check
[2024-05-11T08:08:07.697+0000] {local_task_job_runner.py:222} INFO - ::endgroup::
