[2024-05-11T08:10:10.862+0000] {local_task_job_runner.py:120} INFO - ::group::Pre task execution logs
[2024-05-11T08:10:10.903+0000] {taskinstance.py:2076} INFO - Dependencies all met for dep_context=non-requeueable deps ti=<TaskInstance: etl_mysql_to_hive_dibimbing_karyawan.extract_from_mysql manual__2024-05-11T07:55:57.073627+00:00 [queued]>
[2024-05-11T08:10:10.925+0000] {taskinstance.py:2076} INFO - Dependencies all met for dep_context=requeueable deps ti=<TaskInstance: etl_mysql_to_hive_dibimbing_karyawan.extract_from_mysql manual__2024-05-11T07:55:57.073627+00:00 [queued]>
[2024-05-11T08:10:10.927+0000] {taskinstance.py:2306} INFO - Starting attempt 3 of 3
[2024-05-11T08:10:10.953+0000] {taskinstance.py:2330} INFO - Executing <Task(MySqlOperator): extract_from_mysql> on 2024-05-11 07:55:57.073627+00:00
[2024-05-11T08:10:10.963+0000] {standard_task_runner.py:63} INFO - Started process 1082 to run task
[2024-05-11T08:10:10.969+0000] {standard_task_runner.py:90} INFO - Running: ['***', 'tasks', 'run', 'etl_mysql_to_hive_dibimbing_karyawan', 'extract_from_mysql', 'manual__2024-05-11T07:55:57.073627+00:00', '--job-id', '344', '--raw', '--subdir', 'DAGS_FOLDER/etl_mysql_to_hive_dibimbing_karyawan.py', '--cfg-path', '/tmp/tmpfdwtpxru']
[2024-05-11T08:10:10.979+0000] {standard_task_runner.py:91} INFO - Job 344: Subtask extract_from_mysql
[2024-05-11T08:10:11.078+0000] {task_command.py:426} INFO - Running <TaskInstance: etl_mysql_to_hive_dibimbing_karyawan.extract_from_mysql manual__2024-05-11T07:55:57.073627+00:00 [running]> on host 94409fb18ddd
[2024-05-11T08:10:11.324+0000] {taskinstance.py:2648} INFO - Exporting env vars: AIRFLOW_CTX_DAG_OWNER='***' AIRFLOW_CTX_DAG_ID='etl_mysql_to_hive_dibimbing_karyawan' AIRFLOW_CTX_TASK_ID='extract_from_mysql' AIRFLOW_CTX_EXECUTION_DATE='2024-05-11T07:55:57.073627+00:00' AIRFLOW_CTX_TRY_NUMBER='3' AIRFLOW_CTX_DAG_RUN_ID='manual__2024-05-11T07:55:57.073627+00:00'
[2024-05-11T08:10:11.331+0000] {taskinstance.py:430} INFO - ::endgroup::
[2024-05-11T08:10:11.333+0000] {sql.py:276} INFO - Executing: SELECT * FROM dibimbing.karyawan
[2024-05-11T08:10:11.354+0000] {base.py:84} INFO - Using connection ID 'mysql_default' for task execution.
[2024-05-11T08:10:11.386+0000] {base.py:84} INFO - Using connection ID 'mysql_default' for task execution.
[2024-05-11T08:10:11.437+0000] {sql.py:470} INFO - Running statement: SELECT * FROM ***.karyawan, parameters: None
[2024-05-11T08:10:11.446+0000] {sql.py:479} INFO - Rows affected: 10
[2024-05-11T08:10:11.451+0000] {taskinstance.py:441} INFO - ::group::Post task execution logs
[2024-05-11T08:10:11.520+0000] {taskinstance.py:1206} INFO - Marking task as SUCCESS. dag_id=etl_mysql_to_hive_***_karyawan, task_id=extract_from_mysql, run_id=manual__2024-05-11T07:55:57.073627+00:00, execution_date=20240511T075557, start_date=20240511T081010, end_date=20240511T081011
[2024-05-11T08:10:11.587+0000] {local_task_job_runner.py:240} INFO - Task exited with return code 0
[2024-05-11T08:10:11.617+0000] {warnings.py:110} WARNING - /home/***/.local/lib/python3.11/site-packages/***/models/baseoperator.py:1296: AirflowProviderDeprecationWarning: Call to deprecated class MySqlOperator. (Please use `***.providers.common.sql.operators.sql.SQLExecuteQueryOperator`.Also, you can provide `hook_params={'schema': <database>}`.)
  result = cls.__new__(cls)

[2024-05-11T08:10:11.671+0000] {taskinstance.py:3498} INFO - 1 downstream tasks scheduled from follow-on schedule check
[2024-05-11T08:10:11.675+0000] {local_task_job_runner.py:222} INFO - ::endgroup::
