[2024-07-13T18:07:02.549+0000] {local_task_job_runner.py:120} INFO - ::group::Pre task execution logs
[2024-07-13T18:07:02.606+0000] {taskinstance.py:2076} INFO - Dependencies all met for dep_context=non-requeueable deps ti=<TaskInstance: pet_adoption_dag.load_to_mysql manual__2024-07-13T17:20:12.197090+00:00 [queued]>
[2024-07-13T18:07:02.625+0000] {taskinstance.py:2076} INFO - Dependencies all met for dep_context=requeueable deps ti=<TaskInstance: pet_adoption_dag.load_to_mysql manual__2024-07-13T17:20:12.197090+00:00 [queued]>
[2024-07-13T18:07:02.627+0000] {taskinstance.py:2306} INFO - Starting attempt 9 of 10
[2024-07-13T18:07:02.662+0000] {taskinstance.py:2330} INFO - Executing <Task(PythonOperator): load_to_mysql> on 2024-07-13 17:20:12.197090+00:00
[2024-07-13T18:07:02.674+0000] {standard_task_runner.py:63} INFO - Started process 572 to run task
[2024-07-13T18:07:02.682+0000] {standard_task_runner.py:90} INFO - Running: ['***', 'tasks', 'run', 'pet_adoption_dag', 'load_to_mysql', 'manual__2024-07-13T17:20:12.197090+00:00', '--job-id', '53', '--raw', '--subdir', 'DAGS_FOLDER/pet_adoption_dag.py', '--cfg-path', '/tmp/tmpocv0cftw']
[2024-07-13T18:07:02.686+0000] {standard_task_runner.py:91} INFO - Job 53: Subtask load_to_mysql
[2024-07-13T18:07:02.786+0000] {task_command.py:426} INFO - Running <TaskInstance: pet_adoption_dag.load_to_mysql manual__2024-07-13T17:20:12.197090+00:00 [running]> on host 5c06dc61143f
[2024-07-13T18:07:02.938+0000] {taskinstance.py:2648} INFO - Exporting env vars: AIRFLOW_CTX_DAG_OWNER='***' AIRFLOW_CTX_DAG_ID='pet_adoption_dag' AIRFLOW_CTX_TASK_ID='load_to_mysql' AIRFLOW_CTX_EXECUTION_DATE='2024-07-13T17:20:12.197090+00:00' AIRFLOW_CTX_TRY_NUMBER='9' AIRFLOW_CTX_DAG_RUN_ID='manual__2024-07-13T17:20:12.197090+00:00'
[2024-07-13T18:07:02.941+0000] {taskinstance.py:430} INFO - ::endgroup::
[2024-07-13T18:07:03.034+0000] {logging_mixin.py:188} INFO - Transformed DataFrame:
[2024-07-13T18:07:03.054+0000] {logging_mixin.py:188} INFO - <class 'pandas.core.frame.DataFrame'>
Index: 2007 entries, 0 to 2006
Data columns (total 14 columns):
 #   Column              Non-Null Count  Dtype  
---  ------              --------------  -----  
 0   PetID               2007 non-null   int64  
 1   PetType             2007 non-null   object 
 2   Breed               2007 non-null   object 
 3   AgeMonths           2007 non-null   int64  
 4   Color               2007 non-null   object 
 5   Size                2007 non-null   object 
 6   WeightKg            2007 non-null   float64
 7   Vaccinated          2007 non-null   int64  
 8   HealthCondition     2007 non-null   int64  
 9   TimeInShelterDays   2007 non-null   int64  
 10  AdoptionFee         2007 non-null   int64  
 11  PreviousOwner       2007 non-null   int64  
 12  AdoptionLikelihood  2007 non-null   int64  
 13  AgeCategory         2007 non-null   object 
dtypes: float64(1), int64(8), object(5)
memory usage: 235.2+ KB
[2024-07-13T18:07:03.055+0000] {logging_mixin.py:188} INFO - None
[2024-07-13T18:07:03.084+0000] {logging_mixin.py:188} INFO -    PetID PetType  ... AdoptionLikelihood  AgeCategory
0    500    Bird  ...                  0       senior
1    501  Rabbit  ...                  0        adult
2    502     Dog  ...                  0       senior
3    503    Bird  ...                  0       senior
4    504  Rabbit  ...                  0       senior

[5 rows x 14 columns]
[2024-07-13T18:07:03.099+0000] {base.py:84} INFO - Using connection ID 'mysql' for task execution.
[2024-07-13T18:07:03.134+0000] {logging_mixin.py:188} INFO - Error loading data to MySQL: (1146, "Table 'pet_adoption_db.pet_adoption' doesn't exist")
[2024-07-13T18:07:03.136+0000] {python.py:237} INFO - Done. Returned value was: None
[2024-07-13T18:07:03.137+0000] {taskinstance.py:441} INFO - ::group::Post task execution logs
[2024-07-13T18:07:03.152+0000] {taskinstance.py:1206} INFO - Marking task as SUCCESS. dag_id=pet_adoption_dag, task_id=load_to_mysql, run_id=manual__2024-07-13T17:20:12.197090+00:00, execution_date=20240713T172012, start_date=20240713T180702, end_date=20240713T180703
[2024-07-13T18:07:03.220+0000] {local_task_job_runner.py:240} INFO - Task exited with return code 0
[2024-07-13T18:07:03.249+0000] {taskinstance.py:3503} INFO - 0 downstream tasks scheduled from follow-on schedule check
[2024-07-13T18:07:03.253+0000] {local_task_job_runner.py:222} INFO - ::endgroup::
