[2024-07-13T18:02:34.888+0000] {local_task_job_runner.py:120} INFO - ::group::Pre task execution logs
[2024-07-13T18:02:34.953+0000] {taskinstance.py:2076} INFO - Dependencies all met for dep_context=non-requeueable deps ti=<TaskInstance: pet_adoption_dag.load_to_mysql manual__2024-07-13T17:20:12.197090+00:00 [queued]>
[2024-07-13T18:02:34.972+0000] {taskinstance.py:2076} INFO - Dependencies all met for dep_context=requeueable deps ti=<TaskInstance: pet_adoption_dag.load_to_mysql manual__2024-07-13T17:20:12.197090+00:00 [queued]>
[2024-07-13T18:02:34.973+0000] {taskinstance.py:2306} INFO - Starting attempt 6 of 6
[2024-07-13T18:02:35.015+0000] {taskinstance.py:2330} INFO - Executing <Task(PythonOperator): load_to_mysql> on 2024-07-13 17:20:12.197090+00:00
[2024-07-13T18:02:35.027+0000] {standard_task_runner.py:63} INFO - Started process 514 to run task
[2024-07-13T18:02:35.038+0000] {standard_task_runner.py:90} INFO - Running: ['***', 'tasks', 'run', 'pet_adoption_dag', 'load_to_mysql', 'manual__2024-07-13T17:20:12.197090+00:00', '--job-id', '50', '--raw', '--subdir', 'DAGS_FOLDER/pet_adoption_dag.py', '--cfg-path', '/tmp/tmpah5d332n']
[2024-07-13T18:02:35.041+0000] {standard_task_runner.py:91} INFO - Job 50: Subtask load_to_mysql
[2024-07-13T18:02:35.162+0000] {task_command.py:426} INFO - Running <TaskInstance: pet_adoption_dag.load_to_mysql manual__2024-07-13T17:20:12.197090+00:00 [running]> on host 5c06dc61143f
[2024-07-13T18:02:35.378+0000] {taskinstance.py:2648} INFO - Exporting env vars: AIRFLOW_CTX_DAG_OWNER='***' AIRFLOW_CTX_DAG_ID='pet_adoption_dag' AIRFLOW_CTX_TASK_ID='load_to_mysql' AIRFLOW_CTX_EXECUTION_DATE='2024-07-13T17:20:12.197090+00:00' AIRFLOW_CTX_TRY_NUMBER='6' AIRFLOW_CTX_DAG_RUN_ID='manual__2024-07-13T17:20:12.197090+00:00'
[2024-07-13T18:02:35.381+0000] {taskinstance.py:430} INFO - ::endgroup::
[2024-07-13T18:02:35.494+0000] {taskinstance.py:441} INFO - ::group::Post task execution logs
[2024-07-13T18:02:35.511+0000] {taskinstance.py:2905} ERROR - Task failed with exception
Traceback (most recent call last):
  File "/home/airflow/.local/lib/python3.11/site-packages/airflow/models/taskinstance.py", line 465, in _execute_task
    result = _execute_callable(context=context, **execute_callable_kwargs)
             ^^^^^^^^^^^^^^^^^^^^^^^^^^^^^^^^^^^^^^^^^^^^^^^^^^^^^^^^^^^^^
  File "/home/airflow/.local/lib/python3.11/site-packages/airflow/models/taskinstance.py", line 432, in _execute_callable
    return execute_callable(context=context, **execute_callable_kwargs)
           ^^^^^^^^^^^^^^^^^^^^^^^^^^^^^^^^^^^^^^^^^^^^^^^^^^^^^^^^^^^^
  File "/home/airflow/.local/lib/python3.11/site-packages/airflow/models/baseoperator.py", line 401, in wrapper
    return func(self, *args, **kwargs)
           ^^^^^^^^^^^^^^^^^^^^^^^^^^^
  File "/home/airflow/.local/lib/python3.11/site-packages/airflow/operators/python.py", line 235, in execute
    return_value = self.execute_callable()
                   ^^^^^^^^^^^^^^^^^^^^^^^
  File "/home/airflow/.local/lib/python3.11/site-packages/airflow/operators/python.py", line 252, in execute_callable
    return self.python_callable(*self.op_args, **self.op_kwargs)
           ^^^^^^^^^^^^^^^^^^^^^^^^^^^^^^^^^^^^^^^^^^^^^^^^^^^^^
  File "/opt/airflow/dags/pet_adoption_dag.py", line 39, in load_to_mysql
    connection = mysql_hook.get_conn()
                 ^^^^^^^^^^^^^^^^^^^^^
  File "/home/airflow/.local/lib/python3.11/site-packages/airflow/providers/mysql/hooks/mysql.py", line 188, in get_conn
    conn = self.connection or self.get_connection(getattr(self, self.conn_name_attr))
                              ^^^^^^^^^^^^^^^^^^^^^^^^^^^^^^^^^^^^^^^^^^^^^^^^^^^^^^^
  File "/home/airflow/.local/lib/python3.11/site-packages/airflow/hooks/base.py", line 83, in get_connection
    conn = Connection.get_connection_from_secrets(conn_id)
           ^^^^^^^^^^^^^^^^^^^^^^^^^^^^^^^^^^^^^^^^^^^^^^^
  File "/home/airflow/.local/lib/python3.11/site-packages/airflow/models/connection.py", line 519, in get_connection_from_secrets
    raise AirflowNotFoundException(f"The conn_id `{conn_id}` isn't defined")
airflow.exceptions.AirflowNotFoundException: The conn_id `mysql` isn't defined
[2024-07-13T18:02:35.529+0000] {taskinstance.py:1206} INFO - Marking task as FAILED. dag_id=pet_adoption_dag, task_id=load_to_mysql, run_id=manual__2024-07-13T17:20:12.197090+00:00, execution_date=20240713T172012, start_date=20240713T180234, end_date=20240713T180235
[2024-07-13T18:02:35.550+0000] {standard_task_runner.py:110} ERROR - Failed to execute job 50 for task load_to_mysql (The conn_id `mysql` isn't defined; 514)
[2024-07-13T18:02:35.571+0000] {local_task_job_runner.py:240} INFO - Task exited with return code 1
[2024-07-13T18:02:35.604+0000] {taskinstance.py:3503} INFO - 0 downstream tasks scheduled from follow-on schedule check
[2024-07-13T18:02:35.607+0000] {local_task_job_runner.py:222} INFO - ::endgroup::
