[2024-05-11T07:56:09.319+0000] {local_task_job_runner.py:120} INFO - ::group::Pre task execution logs
[2024-05-11T07:56:09.359+0000] {taskinstance.py:2076} INFO - Dependencies all met for dep_context=non-requeueable deps ti=<TaskInstance: etl_mysql_to_hive_dibimbing_karyawan.load_to_hive manual__2024-05-11T07:55:57.073627+00:00 [queued]>
[2024-05-11T07:56:09.375+0000] {taskinstance.py:2076} INFO - Dependencies all met for dep_context=requeueable deps ti=<TaskInstance: etl_mysql_to_hive_dibimbing_karyawan.load_to_hive manual__2024-05-11T07:55:57.073627+00:00 [queued]>
[2024-05-11T07:56:09.377+0000] {taskinstance.py:2306} INFO - Starting attempt 1 of 1
[2024-05-11T07:56:09.401+0000] {taskinstance.py:2330} INFO - Executing <Task(HiveOperator): load_to_hive> on 2024-05-11 07:55:57.073627+00:00
[2024-05-11T07:56:09.410+0000] {standard_task_runner.py:63} INFO - Started process 806 to run task
[2024-05-11T07:56:09.416+0000] {standard_task_runner.py:90} INFO - Running: ['***', 'tasks', 'run', 'etl_mysql_to_hive_dibimbing_karyawan', 'load_to_hive', 'manual__2024-05-11T07:55:57.073627+00:00', '--job-id', '328', '--raw', '--subdir', 'DAGS_FOLDER/etl_mysql_to_hive_dibimbing_karyawan.py', '--cfg-path', '/tmp/tmpxpw2280a']
[2024-05-11T07:56:09.422+0000] {standard_task_runner.py:91} INFO - Job 328: Subtask load_to_hive
[2024-05-11T07:56:09.494+0000] {task_command.py:426} INFO - Running <TaskInstance: etl_mysql_to_hive_dibimbing_karyawan.load_to_hive manual__2024-05-11T07:55:57.073627+00:00 [running]> on host 94409fb18ddd
[2024-05-11T07:56:09.689+0000] {taskinstance.py:2648} INFO - Exporting env vars: AIRFLOW_CTX_DAG_OWNER='***' AIRFLOW_CTX_DAG_ID='etl_mysql_to_hive_dibimbing_karyawan' AIRFLOW_CTX_TASK_ID='load_to_hive' AIRFLOW_CTX_EXECUTION_DATE='2024-05-11T07:55:57.073627+00:00' AIRFLOW_CTX_TRY_NUMBER='1' AIRFLOW_CTX_DAG_RUN_ID='manual__2024-05-11T07:55:57.073627+00:00'
[2024-05-11T07:56:09.692+0000] {taskinstance.py:430} INFO - ::endgroup::
[2024-05-11T07:56:09.693+0000] {hive.py:138} INFO - Executing: 
            INSERT INTO dibimbing.karyawan (id, nama) VALUES
            
                (101, 'LIES')
                
                ,
                
            
                (102, 'SURYA')
                
                ,
                
            
                (103, 'PRISKA')
                
                ,
                
            
                (104, 'INDAH')
                
                ,
                
            
                (105, 'PERMATA')
                
                ,
                
            
                (106, 'WULANDARI')
                
                ,
                
            
                (107, 'AGUS')
                
                ,
                
            
                (108, 'BUDI')
                
                ,
                
            
                (109, 'AGUNG')
                
                ,
                
            
                (110, 'BEJO')
                
            
        
[2024-05-11T07:56:09.706+0000] {connection.py:274} WARNING - Connection schemes (type: hive_cli) shall not contain '_' according to RFC3986.
[2024-05-11T07:56:09.709+0000] {base.py:84} INFO - Using connection ID 'hive_cli_default' for task execution.
[2024-05-11T07:56:09.710+0000] {hive.py:157} INFO - Passing HiveConf: {'airflow.ctx.dag_owner': '***', 'airflow.ctx.dag_id': 'etl_mysql_to_hive_dibimbing_karyawan', 'airflow.ctx.task_id': 'load_to_hive', 'airflow.ctx.execution_date': '2024-05-11T07:55:57.073627+00:00', 'airflow.ctx.try_number': '1', 'airflow.ctx.dag_run_id': 'manual__2024-05-11T07:55:57.073627+00:00'}
[2024-05-11T07:56:09.713+0000] {hive.py:166} INFO - High Availability not set, setting JDBC url as jdbc:hive2://host.docker.internal:10000/
[2024-05-11T07:56:09.713+0000] {hive.py:309} INFO - beeline -u "jdbc:hive2://host.docker.internal:10000/" -hiveconf ***.ctx.dag_id=etl_mysql_to_hive_dibimbing_karyawan -hiveconf ***.ctx.task_id=load_to_hive -hiveconf ***.ctx.execution_date=2024-05-11T07:55:57.073627+00:00 -hiveconf ***.ctx.try_number=1 -hiveconf ***.ctx.dag_run_id=manual__2024-05-11T07:55:57.073627+00:00 -hiveconf ***.ctx.dag_owner=*** -hiveconf ***.ctx.dag_email= -hiveconf mapred.job.name=Airflow HiveOperator task for 94409fb18ddd.etl_mysql_to_hive_dibimbing_karyawan.load_to_hive.2024-05-11T07:55:57.073627+00:00 -f /tmp/***_hiveop_ia839dd_/tmpqc6k5416
[2024-05-11T07:56:09.869+0000] {hive.py:319} INFO - /home/***/.local/lib/python3.11/site-packages/pyspark/bin/load-spark-env.sh: line 68: ps: command not found
[2024-05-11T07:56:13.491+0000] {hive.py:319} INFO - Connecting to jdbc:hive2://host.docker.internal:10000/
[2024-05-11T07:56:14.759+0000] {hive.py:319} INFO - Connected to: Apache Hive (version 2.3.2)
[2024-05-11T07:56:14.761+0000] {hive.py:319} INFO - Driver: Hive JDBC (version 2.3.9)
[2024-05-11T07:56:14.761+0000] {hive.py:319} INFO - Transaction isolation: TRANSACTION_REPEATABLE_READ
[2024-05-11T07:56:15.078+0000] {hive.py:319} INFO - 0: jdbc:hive2://host.docker.internal:10000/> No rows affected (0.294 seconds)
[2024-05-11T07:56:21.227+0000] {hive.py:319} INFO - 0: jdbc:hive2://host.docker.internal:10000/> 0: jdbc:hive2://host.docker.internal:10000/> . . . . . . . . . . . . . . . . . . . . . .> . . . . . . . . . . . . . . . . . . . . . .> . . . . . . . . . . . . . . . . . . . . . .> . . . . . . . . . . . . . . . . . . . . . .> . . . . . . . . . . . . . . . . . . . . . .> . . . . . . . . . . . . . . . . . . . . . .> . . . . . . . . . . . . . . . . . . . . . .> . . . . . . . . . . . . . . . . . . . . . .> . . . . . . . . . . . . . . . . . . . . . .> . . . . . . . . . . . . . . . . . . . . . .> . . . . . . . . . . . . . . . . . . . . . .> . . . . . . . . . . . . . . . . . . . . . .> . . . . . . . . . . . . . . . . . . . . . .> . . . . . . . . . . . . . . . . . . . . . .> . . . . . . . . . . . . . . . . . . . . . .> . . . . . . . . . . . . . . . . . . . . . .> . . . . . . . . . . . . . . . . . . . . . .> . . . . . . . . . . . . . . . . . . . . . .> . . . . . . . . . . . . . . . . . . . . . .> . . . . . . . . . . . . . . . . . . . . . .> . . . . . . . . . . . . . . . . . . . . . .> . . . . . . . . . . . . . . . . . . . . . .> . . . . . . . . . . . . . . . . . . . . . .> . . . . . . . . . . . . . . . . . . . . . .> . . . . . . . . . . . . . . . . . . . . . .> . . . . . . . . . . . . . . . . . . . . . .> . . . . . . . . . . . . . . . . . . . . . .> . . . . . . . . . . . . . . . . . . . . . .> . . . . . . . . . . . . . . . . . . . . . .> . . . . . . . . . . . . . . . . . . . . . .> . . . . . . . . . . . . . . . . . . . . . .> . . . . . . . . . . . . . . . . . . . . . .> . . . . . . . . . . . . . . . . . . . . . .> . . . . . . . . . . . . . . . . . . . . . .> . . . . . . . . . . . . . . . . . . . . . .> . . . . . . . . . . . . . . . . . . . . . .> . . . . . . . . . . . . . . . . . . . . . .> . . . . . . . . . . . . . . . . . . . . . .> . . . . . . . . . . . . . . . . . . . . . .> . . . . . . . . . . . . . . . . . . . . . .> . . . . . . . . . . . . . . . . . . . . . .> . . . . . . . . . . . . . . . . . . . . . .> . . . . . . . . . . . . . . . . . . . . . .> . . . . . . . . . . . . . . . . . . . . . .> . . . . . . . . . . . . . . . . . . . . . .> . . . . . . . . . . . . . . . . . . . . . .> . . . . . . . . . . . . . . . . . . . . . .> . . . . . . . . . . . . . . . . . . . . . .> . . . . . . . . . . . . . . . . . . . . . .> . . . . . . . . . . . . . . . . . . . . . .> . . . . . . . . . . . . . . . . . . . . . .> . . . . . . . . . . . . . . . . . . . . . .> WARNING: Hive-on-MR is deprecated in Hive 2 and may not be available in the future versions. Consider using a different execution engine (i.e. spark, tez) or using Hive 1.X releases.
[2024-05-11T07:56:28.248+0000] {hive.py:319} INFO - No rows affected (13.065 seconds)
[2024-05-11T07:56:28.284+0000] {hive.py:319} INFO - 0: jdbc:hive2://host.docker.internal:10000/> Closing: 0: jdbc:hive2://host.docker.internal:10000/
[2024-05-11T07:56:28.386+0000] {taskinstance.py:441} INFO - ::group::Post task execution logs
[2024-05-11T07:56:28.419+0000] {taskinstance.py:1206} INFO - Marking task as SUCCESS. dag_id=etl_mysql_to_hive_dibimbing_karyawan, task_id=load_to_hive, run_id=manual__2024-05-11T07:55:57.073627+00:00, execution_date=20240511T075557, start_date=20240511T075609, end_date=20240511T075628
[2024-05-11T07:56:28.562+0000] {local_task_job_runner.py:240} INFO - Task exited with return code 0
[2024-05-11T07:56:28.623+0000] {taskinstance.py:3498} INFO - 0 downstream tasks scheduled from follow-on schedule check
[2024-05-11T07:56:28.629+0000] {local_task_job_runner.py:222} INFO - ::endgroup::
