[2024-05-10T16:37:05.014+0000] {local_task_job_runner.py:120} INFO - ::group::Pre task execution logs
[2024-05-10T16:37:05.081+0000] {taskinstance.py:2076} INFO - Dependencies all met for dep_context=non-requeueable deps ti=<TaskInstance: template_reference.demo_template scheduled__2024-05-10T16:36:00+00:00 [queued]>
[2024-05-10T16:37:05.147+0000] {taskinstance.py:2076} INFO - Dependencies all met for dep_context=requeueable deps ti=<TaskInstance: template_reference.demo_template scheduled__2024-05-10T16:36:00+00:00 [queued]>
[2024-05-10T16:37:05.235+0000] {taskinstance.py:2306} INFO - Starting attempt 1 of 1
[2024-05-10T16:37:05.312+0000] {taskinstance.py:2330} INFO - Executing <Task(PythonOperator): demo_template> on 2024-05-10 16:36:00+00:00
[2024-05-10T16:37:05.323+0000] {standard_task_runner.py:63} INFO - Started process 3249 to run task
[2024-05-10T16:37:05.330+0000] {standard_task_runner.py:90} INFO - Running: ['***', 'tasks', 'run', 'template_reference', 'demo_template', 'scheduled__2024-05-10T16:36:00+00:00', '--job-id', '211', '--raw', '--subdir', 'DAGS_FOLDER/template_reference.py', '--cfg-path', '/tmp/tmp93granvw']
[2024-05-10T16:37:05.343+0000] {standard_task_runner.py:91} INFO - Job 211: Subtask demo_template
[2024-05-10T16:37:05.487+0000] {task_command.py:426} INFO - Running <TaskInstance: template_reference.demo_template scheduled__2024-05-10T16:36:00+00:00 [running]> on host feac594d54b9
[2024-05-10T16:37:05.793+0000] {taskinstance.py:2648} INFO - Exporting env vars: AIRFLOW_CTX_DAG_OWNER='***' AIRFLOW_CTX_DAG_ID='template_reference' AIRFLOW_CTX_TASK_ID='demo_template' AIRFLOW_CTX_EXECUTION_DATE='2024-05-10T16:36:00+00:00' AIRFLOW_CTX_TRY_NUMBER='1' AIRFLOW_CTX_DAG_RUN_ID='scheduled__2024-05-10T16:36:00+00:00'
[2024-05-10T16:37:05.797+0000] {taskinstance.py:430} INFO - ::endgroup::
[2024-05-10T16:37:05.799+0000] {logging_mixin.py:188} INFO - === logical date ==>
[2024-05-10T16:37:05.800+0000] {logging_mixin.py:188} INFO - data_interval_start: 2024-05-10 16:36:00+00:00
[2024-05-10T16:37:05.801+0000] {logging_mixin.py:188} INFO - data_interval_end: 2024-05-10 16:37:00+00:00
[2024-05-10T16:37:05.803+0000] {logging_mixin.py:188} INFO - === get date and timestamp ==>
[2024-05-10T16:37:05.804+0000] {logging_mixin.py:188} INFO - ds: 2024-05-10
[2024-05-10T16:37:05.805+0000] {logging_mixin.py:188} INFO - ts: 2024-05-10T16:36:00+00:00
[2024-05-10T16:37:05.806+0000] {logging_mixin.py:188} INFO - === realtime ==>
[2024-05-10T16:37:05.806+0000] {logging_mixin.py:188} INFO - dag_run_start_date: 2024-05-10 16:37:00.432741+00:00
[2024-05-10T16:37:05.807+0000] {logging_mixin.py:188} INFO - start_task_start_date: 2024-05-10 16:37:00.456071+00:00
[2024-05-10T16:37:05.808+0000] {logging_mixin.py:188} INFO - === transform ==>
[2024-05-10T16:37:05.808+0000] {logging_mixin.py:188} INFO - data_interval_end_wib: 2024-05-09 23:37:00
[2024-05-10T16:37:05.809+0000] {logging_mixin.py:188} INFO - datetime_string: 2023-12-31 00:00:00
[2024-05-10T16:37:05.810+0000] {python.py:237} INFO - Done. Returned value was: None
[2024-05-10T16:37:05.811+0000] {taskinstance.py:441} INFO - ::group::Post task execution logs
[2024-05-10T16:37:05.836+0000] {taskinstance.py:1206} INFO - Marking task as SUCCESS. dag_id=template_reference, task_id=demo_template, run_id=scheduled__2024-05-10T16:36:00+00:00, execution_date=20240510T163600, start_date=20240510T163705, end_date=20240510T163705
[2024-05-10T16:37:05.914+0000] {local_task_job_runner.py:240} INFO - Task exited with return code 0
[2024-05-10T16:37:05.964+0000] {taskinstance.py:3498} INFO - 0 downstream tasks scheduled from follow-on schedule check
[2024-05-10T16:37:05.967+0000] {local_task_job_runner.py:222} INFO - ::endgroup::
