[2024-05-10T15:06:15.690+0000] {local_task_job_runner.py:120} INFO - ::group::Pre task execution logs
[2024-05-10T15:06:15.729+0000] {taskinstance.py:2076} INFO - Dependencies all met for dep_context=non-requeueable deps ti=<TaskInstance: etl_mysql_to_hive_dibimbing_karyawan.extract_from_mysql manual__2024-05-10T15:06:09.742170+00:00 [queued]>
[2024-05-10T15:06:15.743+0000] {taskinstance.py:2076} INFO - Dependencies all met for dep_context=requeueable deps ti=<TaskInstance: etl_mysql_to_hive_dibimbing_karyawan.extract_from_mysql manual__2024-05-10T15:06:09.742170+00:00 [queued]>
[2024-05-10T15:06:15.745+0000] {taskinstance.py:2306} INFO - Starting attempt 1 of 1
[2024-05-10T15:06:15.776+0000] {taskinstance.py:2330} INFO - Executing <Task(MySqlOperator): extract_from_mysql> on 2024-05-10 15:06:09.742170+00:00
[2024-05-10T15:06:15.784+0000] {standard_task_runner.py:63} INFO - Started process 1384 to run task
[2024-05-10T15:06:15.792+0000] {standard_task_runner.py:90} INFO - Running: ['***', 'tasks', 'run', 'etl_mysql_to_hive_dibimbing_karyawan', 'extract_from_mysql', 'manual__2024-05-10T15:06:09.742170+00:00', '--job-id', '101', '--raw', '--subdir', 'DAGS_FOLDER/etl_mysql_to_hive_dibimbing_karyawan.py', '--cfg-path', '/tmp/tmpfy7t44ov']
[2024-05-10T15:06:15.797+0000] {standard_task_runner.py:91} INFO - Job 101: Subtask extract_from_mysql
[2024-05-10T15:06:15.881+0000] {task_command.py:426} INFO - Running <TaskInstance: etl_mysql_to_hive_dibimbing_karyawan.extract_from_mysql manual__2024-05-10T15:06:09.742170+00:00 [running]> on host feac594d54b9
[2024-05-10T15:06:16.106+0000] {taskinstance.py:2648} INFO - Exporting env vars: AIRFLOW_CTX_DAG_OWNER='***' AIRFLOW_CTX_DAG_ID='etl_mysql_to_hive_dibimbing_karyawan' AIRFLOW_CTX_TASK_ID='extract_from_mysql' AIRFLOW_CTX_EXECUTION_DATE='2024-05-10T15:06:09.742170+00:00' AIRFLOW_CTX_TRY_NUMBER='1' AIRFLOW_CTX_DAG_RUN_ID='manual__2024-05-10T15:06:09.742170+00:00'
[2024-05-10T15:06:16.110+0000] {taskinstance.py:430} INFO - ::endgroup::
[2024-05-10T15:06:16.112+0000] {sql.py:276} INFO - Executing: SELECT * FROM dibimbing.karyawan
[2024-05-10T15:06:16.130+0000] {base.py:84} INFO - Using connection ID 'mysql_default' for task execution.
[2024-05-10T15:06:16.150+0000] {base.py:84} INFO - Using connection ID 'mysql_default' for task execution.
[2024-05-10T15:06:16.184+0000] {sql.py:470} INFO - Running statement: SELECT * FROM ***.karyawan, parameters: None
[2024-05-10T15:06:16.189+0000] {sql.py:479} INFO - Rows affected: 10
[2024-05-10T15:06:16.195+0000] {taskinstance.py:441} INFO - ::group::Post task execution logs
[2024-05-10T15:06:16.247+0000] {taskinstance.py:1206} INFO - Marking task as SUCCESS. dag_id=etl_mysql_to_hive_***_karyawan, task_id=extract_from_mysql, run_id=manual__2024-05-10T15:06:09.742170+00:00, execution_date=20240510T150609, start_date=20240510T150615, end_date=20240510T150616
[2024-05-10T15:06:16.291+0000] {local_task_job_runner.py:240} INFO - Task exited with return code 0
[2024-05-10T15:06:16.312+0000] {warnings.py:110} WARNING - /home/***/.local/lib/python3.11/site-packages/***/models/baseoperator.py:1296: AirflowProviderDeprecationWarning: Call to deprecated class MySqlOperator. (Please use `***.providers.common.sql.operators.sql.SQLExecuteQueryOperator`.Also, you can provide `hook_params={'schema': <database>}`.)
  result = cls.__new__(cls)

[2024-05-10T15:06:16.343+0000] {taskinstance.py:3498} INFO - 1 downstream tasks scheduled from follow-on schedule check
[2024-05-10T15:06:16.346+0000] {local_task_job_runner.py:222} INFO - ::endgroup::
