[2024-05-10T15:41:03.992+0000] {local_task_job_runner.py:120} INFO - ::group::Pre task execution logs
[2024-05-10T15:41:04.043+0000] {taskinstance.py:2076} INFO - Dependencies all met for dep_context=non-requeueable deps ti=<TaskInstance: template_reference.demo_template scheduled__2024-05-10T15:40:00+00:00 [queued]>
[2024-05-10T15:41:04.066+0000] {taskinstance.py:2076} INFO - Dependencies all met for dep_context=requeueable deps ti=<TaskInstance: template_reference.demo_template scheduled__2024-05-10T15:40:00+00:00 [queued]>
[2024-05-10T15:41:04.068+0000] {taskinstance.py:2306} INFO - Starting attempt 1 of 1
[2024-05-10T15:41:04.115+0000] {taskinstance.py:2330} INFO - Executing <Task(PythonOperator): demo_template> on 2024-05-10 15:40:00+00:00
[2024-05-10T15:41:04.126+0000] {standard_task_runner.py:63} INFO - Started process 2234 to run task
[2024-05-10T15:41:04.133+0000] {standard_task_runner.py:90} INFO - Running: ['***', 'tasks', 'run', 'template_reference', 'demo_template', 'scheduled__2024-05-10T15:40:00+00:00', '--job-id', '147', '--raw', '--subdir', 'DAGS_FOLDER/template_reference.py', '--cfg-path', '/tmp/tmp8_su6lwy']
[2024-05-10T15:41:04.140+0000] {standard_task_runner.py:91} INFO - Job 147: Subtask demo_template
[2024-05-10T15:41:04.238+0000] {task_command.py:426} INFO - Running <TaskInstance: template_reference.demo_template scheduled__2024-05-10T15:40:00+00:00 [running]> on host feac594d54b9
[2024-05-10T15:41:04.523+0000] {taskinstance.py:2648} INFO - Exporting env vars: AIRFLOW_CTX_DAG_OWNER='***' AIRFLOW_CTX_DAG_ID='template_reference' AIRFLOW_CTX_TASK_ID='demo_template' AIRFLOW_CTX_EXECUTION_DATE='2024-05-10T15:40:00+00:00' AIRFLOW_CTX_TRY_NUMBER='1' AIRFLOW_CTX_DAG_RUN_ID='scheduled__2024-05-10T15:40:00+00:00'
[2024-05-10T15:41:04.527+0000] {taskinstance.py:430} INFO - ::endgroup::
[2024-05-10T15:41:04.529+0000] {logging_mixin.py:188} INFO - === logical date ==>
[2024-05-10T15:41:04.529+0000] {logging_mixin.py:188} INFO - data_interval_start: 2024-05-10 15:40:00+00:00
[2024-05-10T15:41:04.530+0000] {logging_mixin.py:188} INFO - data_interval_end: 2024-05-10 15:41:00+00:00
[2024-05-10T15:41:04.531+0000] {logging_mixin.py:188} INFO - === get date and timestamp ==>
[2024-05-10T15:41:04.532+0000] {logging_mixin.py:188} INFO - ds: 2024-05-10
[2024-05-10T15:41:04.533+0000] {logging_mixin.py:188} INFO - ts: 2024-05-10T15:40:00+00:00
[2024-05-10T15:41:04.534+0000] {logging_mixin.py:188} INFO - === realtime ==>
[2024-05-10T15:41:04.535+0000] {logging_mixin.py:188} INFO - dag_run_start_date: 2024-05-10 15:41:00.407674+00:00
[2024-05-10T15:41:04.536+0000] {logging_mixin.py:188} INFO - start_task_start_date: 2024-05-10 15:41:00.444168+00:00
[2024-05-10T15:41:04.537+0000] {logging_mixin.py:188} INFO - === transform ==>
[2024-05-10T15:41:04.537+0000] {logging_mixin.py:188} INFO - data_interval_end_wib: 2024-05-09 22:41:00
[2024-05-10T15:41:04.538+0000] {logging_mixin.py:188} INFO - datetime_string: 2023-12-31 00:00:00
[2024-05-10T15:41:04.539+0000] {python.py:237} INFO - Done. Returned value was: None
[2024-05-10T15:41:04.540+0000] {taskinstance.py:441} INFO - ::group::Post task execution logs
[2024-05-10T15:41:04.563+0000] {taskinstance.py:1206} INFO - Marking task as SUCCESS. dag_id=template_reference, task_id=demo_template, run_id=scheduled__2024-05-10T15:40:00+00:00, execution_date=20240510T154000, start_date=20240510T154104, end_date=20240510T154104
[2024-05-10T15:41:04.629+0000] {local_task_job_runner.py:240} INFO - Task exited with return code 0
[2024-05-10T15:41:04.678+0000] {taskinstance.py:3498} INFO - 0 downstream tasks scheduled from follow-on schedule check
[2024-05-10T15:41:04.682+0000] {local_task_job_runner.py:222} INFO - ::endgroup::
