[2024-05-11T15:51:03.650+0000] {local_task_job_runner.py:120} INFO - ::group::Pre task execution logs
[2024-05-11T15:51:03.687+0000] {taskinstance.py:2076} INFO - Dependencies all met for dep_context=non-requeueable deps ti=<TaskInstance: template_reference.demo_template scheduled__2024-05-11T15:50:00+00:00 [queued]>
[2024-05-11T15:51:03.703+0000] {taskinstance.py:2076} INFO - Dependencies all met for dep_context=requeueable deps ti=<TaskInstance: template_reference.demo_template scheduled__2024-05-11T15:50:00+00:00 [queued]>
[2024-05-11T15:51:03.704+0000] {taskinstance.py:2306} INFO - Starting attempt 1 of 1
[2024-05-11T15:51:03.729+0000] {taskinstance.py:2330} INFO - Executing <Task(PythonOperator): demo_template> on 2024-05-11 15:50:00+00:00
[2024-05-11T15:51:03.739+0000] {standard_task_runner.py:63} INFO - Started process 6763 to run task
[2024-05-11T15:51:03.745+0000] {standard_task_runner.py:90} INFO - Running: ['***', 'tasks', 'run', 'template_reference', 'demo_template', 'scheduled__2024-05-11T15:50:00+00:00', '--job-id', '707', '--raw', '--subdir', 'DAGS_FOLDER/template_reference.py', '--cfg-path', '/tmp/tmpg84ufic3']
[2024-05-11T15:51:03.752+0000] {standard_task_runner.py:91} INFO - Job 707: Subtask demo_template
[2024-05-11T15:51:03.832+0000] {task_command.py:426} INFO - Running <TaskInstance: template_reference.demo_template scheduled__2024-05-11T15:50:00+00:00 [running]> on host 94409fb18ddd
[2024-05-11T15:51:04.034+0000] {taskinstance.py:2648} INFO - Exporting env vars: AIRFLOW_CTX_DAG_OWNER='***' AIRFLOW_CTX_DAG_ID='template_reference' AIRFLOW_CTX_TASK_ID='demo_template' AIRFLOW_CTX_EXECUTION_DATE='2024-05-11T15:50:00+00:00' AIRFLOW_CTX_TRY_NUMBER='1' AIRFLOW_CTX_DAG_RUN_ID='scheduled__2024-05-11T15:50:00+00:00'
[2024-05-11T15:51:04.037+0000] {taskinstance.py:430} INFO - ::endgroup::
[2024-05-11T15:51:04.038+0000] {logging_mixin.py:188} INFO - === logical date ==>
[2024-05-11T15:51:04.039+0000] {logging_mixin.py:188} INFO - data_interval_start: 2024-05-11 15:50:00+00:00
[2024-05-11T15:51:04.039+0000] {logging_mixin.py:188} INFO - data_interval_end: 2024-05-11 15:51:00+00:00
[2024-05-11T15:51:04.040+0000] {logging_mixin.py:188} INFO - === get date and timestamp ==>
[2024-05-11T15:51:04.041+0000] {logging_mixin.py:188} INFO - ds: 2024-05-11
[2024-05-11T15:51:04.041+0000] {logging_mixin.py:188} INFO - ts: 2024-05-11T15:50:00+00:00
[2024-05-11T15:51:04.042+0000] {logging_mixin.py:188} INFO - === realtime ==>
[2024-05-11T15:51:04.042+0000] {logging_mixin.py:188} INFO - dag_run_start_date: 2024-05-11 15:51:00.450773+00:00
[2024-05-11T15:51:04.043+0000] {logging_mixin.py:188} INFO - start_task_start_date: 2024-05-11 15:51:00.469301+00:00
[2024-05-11T15:51:04.043+0000] {logging_mixin.py:188} INFO - === transform ==>
[2024-05-11T15:51:04.044+0000] {logging_mixin.py:188} INFO - data_interval_end_wib: 2024-05-10 22:51:00
[2024-05-11T15:51:04.044+0000] {logging_mixin.py:188} INFO - datetime_string: 2023-12-31 00:00:00
[2024-05-11T15:51:04.045+0000] {python.py:237} INFO - Done. Returned value was: None
[2024-05-11T15:51:04.047+0000] {taskinstance.py:441} INFO - ::group::Post task execution logs
[2024-05-11T15:51:04.065+0000] {taskinstance.py:1206} INFO - Marking task as SUCCESS. dag_id=template_reference, task_id=demo_template, run_id=scheduled__2024-05-11T15:50:00+00:00, execution_date=20240511T155000, start_date=20240511T155103, end_date=20240511T155104
[2024-05-11T15:51:04.119+0000] {local_task_job_runner.py:240} INFO - Task exited with return code 0
[2024-05-11T15:51:04.149+0000] {taskinstance.py:3498} INFO - 0 downstream tasks scheduled from follow-on schedule check
[2024-05-11T15:51:04.152+0000] {local_task_job_runner.py:222} INFO - ::endgroup::
