[2024-05-11T18:52:05.917+0000] {local_task_job_runner.py:120} INFO - ::group::Pre task execution logs
[2024-05-11T18:52:05.953+0000] {taskinstance.py:2076} INFO - Dependencies all met for dep_context=non-requeueable deps ti=<TaskInstance: etl_mysql_to_hive_dibimbing_karyawan.extract_from_mysql manual__2024-05-11T18:08:49.676000+00:00 [queued]>
[2024-05-11T18:52:05.970+0000] {taskinstance.py:2076} INFO - Dependencies all met for dep_context=requeueable deps ti=<TaskInstance: etl_mysql_to_hive_dibimbing_karyawan.extract_from_mysql manual__2024-05-11T18:08:49.676000+00:00 [queued]>
[2024-05-11T18:52:05.971+0000] {taskinstance.py:2306} INFO - Starting attempt 2 of 2
[2024-05-11T18:52:05.993+0000] {taskinstance.py:2330} INFO - Executing <Task(MySqlOperator): extract_from_mysql> on 2024-05-11 18:08:49.676000+00:00
[2024-05-11T18:52:06.001+0000] {standard_task_runner.py:63} INFO - Started process 10341 to run task
[2024-05-11T18:52:06.006+0000] {standard_task_runner.py:90} INFO - Running: ['***', 'tasks', 'run', 'etl_mysql_to_hive_dibimbing_karyawan', 'extract_from_mysql', 'manual__2024-05-11T18:08:49.676000+00:00', '--job-id', '933', '--raw', '--subdir', 'DAGS_FOLDER/etl_mysql_to_hive_dibimbing_karyawan.py', '--cfg-path', '/tmp/tmpxro9ysxi']
[2024-05-11T18:52:06.012+0000] {standard_task_runner.py:91} INFO - Job 933: Subtask extract_from_mysql
[2024-05-11T18:52:06.088+0000] {task_command.py:426} INFO - Running <TaskInstance: etl_mysql_to_hive_dibimbing_karyawan.extract_from_mysql manual__2024-05-11T18:08:49.676000+00:00 [running]> on host 94409fb18ddd
[2024-05-11T18:52:06.316+0000] {taskinstance.py:2648} INFO - Exporting env vars: AIRFLOW_CTX_DAG_OWNER='***' AIRFLOW_CTX_DAG_ID='etl_mysql_to_hive_dibimbing_karyawan' AIRFLOW_CTX_TASK_ID='extract_from_mysql' AIRFLOW_CTX_EXECUTION_DATE='2024-05-11T18:08:49.676000+00:00' AIRFLOW_CTX_TRY_NUMBER='2' AIRFLOW_CTX_DAG_RUN_ID='manual__2024-05-11T18:08:49.676000+00:00'
[2024-05-11T18:52:06.321+0000] {taskinstance.py:430} INFO - ::endgroup::
[2024-05-11T18:52:06.322+0000] {sql.py:276} INFO - Executing: SELECT * FROM dibimbing.karyawan
[2024-05-11T18:52:06.347+0000] {base.py:84} INFO - Using connection ID 'mysql_default' for task execution.
[2024-05-11T18:52:06.368+0000] {base.py:84} INFO - Using connection ID 'mysql_default' for task execution.
[2024-05-11T18:52:06.402+0000] {sql.py:470} INFO - Running statement: SELECT * FROM ***.karyawan, parameters: None
[2024-05-11T18:52:06.415+0000] {sql.py:479} INFO - Rows affected: 14
[2024-05-11T18:52:06.419+0000] {taskinstance.py:441} INFO - ::group::Post task execution logs
[2024-05-11T18:52:06.462+0000] {taskinstance.py:1206} INFO - Marking task as SUCCESS. dag_id=etl_mysql_to_hive_***_karyawan, task_id=extract_from_mysql, run_id=manual__2024-05-11T18:08:49.676000+00:00, execution_date=20240511T180849, start_date=20240511T185205, end_date=20240511T185206
[2024-05-11T18:52:06.500+0000] {local_task_job_runner.py:240} INFO - Task exited with return code 0
[2024-05-11T18:52:06.524+0000] {warnings.py:110} WARNING - /home/***/.local/lib/python3.11/site-packages/***/models/baseoperator.py:1296: AirflowProviderDeprecationWarning: Call to deprecated class MySqlOperator. (Please use `***.providers.common.sql.operators.sql.SQLExecuteQueryOperator`.Also, you can provide `hook_params={'schema': <database>}`.)
  result = cls.__new__(cls)

[2024-05-11T18:52:06.565+0000] {taskinstance.py:3498} INFO - 1 downstream tasks scheduled from follow-on schedule check
[2024-05-11T18:52:06.568+0000] {local_task_job_runner.py:222} INFO - ::endgroup::
