[2024-05-11T14:46:03.674+0000] {local_task_job_runner.py:120} INFO - ::group::Pre task execution logs
[2024-05-11T14:46:03.706+0000] {taskinstance.py:2076} INFO - Dependencies all met for dep_context=non-requeueable deps ti=<TaskInstance: template_reference.demo_template scheduled__2024-05-11T14:45:00+00:00 [queued]>
[2024-05-11T14:46:03.718+0000] {taskinstance.py:2076} INFO - Dependencies all met for dep_context=requeueable deps ti=<TaskInstance: template_reference.demo_template scheduled__2024-05-11T14:45:00+00:00 [queued]>
[2024-05-11T14:46:03.719+0000] {taskinstance.py:2306} INFO - Starting attempt 1 of 1
[2024-05-11T14:46:03.741+0000] {taskinstance.py:2330} INFO - Executing <Task(PythonOperator): demo_template> on 2024-05-11 14:45:00+00:00
[2024-05-11T14:46:03.750+0000] {standard_task_runner.py:63} INFO - Started process 5649 to run task
[2024-05-11T14:46:03.755+0000] {standard_task_runner.py:90} INFO - Running: ['***', 'tasks', 'run', 'template_reference', 'demo_template', 'scheduled__2024-05-11T14:45:00+00:00', '--job-id', '638', '--raw', '--subdir', 'DAGS_FOLDER/template_reference.py', '--cfg-path', '/tmp/tmpfwkm7jcr']
[2024-05-11T14:46:03.759+0000] {standard_task_runner.py:91} INFO - Job 638: Subtask demo_template
[2024-05-11T14:46:03.829+0000] {task_command.py:426} INFO - Running <TaskInstance: template_reference.demo_template scheduled__2024-05-11T14:45:00+00:00 [running]> on host 94409fb18ddd
[2024-05-11T14:46:04.003+0000] {taskinstance.py:2648} INFO - Exporting env vars: AIRFLOW_CTX_DAG_OWNER='***' AIRFLOW_CTX_DAG_ID='template_reference' AIRFLOW_CTX_TASK_ID='demo_template' AIRFLOW_CTX_EXECUTION_DATE='2024-05-11T14:45:00+00:00' AIRFLOW_CTX_TRY_NUMBER='1' AIRFLOW_CTX_DAG_RUN_ID='scheduled__2024-05-11T14:45:00+00:00'
[2024-05-11T14:46:04.006+0000] {taskinstance.py:430} INFO - ::endgroup::
[2024-05-11T14:46:04.007+0000] {logging_mixin.py:188} INFO - === logical date ==>
[2024-05-11T14:46:04.008+0000] {logging_mixin.py:188} INFO - data_interval_start: 2024-05-11 14:45:00+00:00
[2024-05-11T14:46:04.009+0000] {logging_mixin.py:188} INFO - data_interval_end: 2024-05-11 14:46:00+00:00
[2024-05-11T14:46:04.009+0000] {logging_mixin.py:188} INFO - === get date and timestamp ==>
[2024-05-11T14:46:04.010+0000] {logging_mixin.py:188} INFO - ds: 2024-05-11
[2024-05-11T14:46:04.011+0000] {logging_mixin.py:188} INFO - ts: 2024-05-11T14:45:00+00:00
[2024-05-11T14:46:04.012+0000] {logging_mixin.py:188} INFO - === realtime ==>
[2024-05-11T14:46:04.012+0000] {logging_mixin.py:188} INFO - dag_run_start_date: 2024-05-11 14:46:00.663651+00:00
[2024-05-11T14:46:04.013+0000] {logging_mixin.py:188} INFO - start_task_start_date: 2024-05-11 14:46:00.683531+00:00
[2024-05-11T14:46:04.013+0000] {logging_mixin.py:188} INFO - === transform ==>
[2024-05-11T14:46:04.014+0000] {logging_mixin.py:188} INFO - data_interval_end_wib: 2024-05-10 21:46:00
[2024-05-11T14:46:04.014+0000] {logging_mixin.py:188} INFO - datetime_string: 2023-12-31 00:00:00
[2024-05-11T14:46:04.015+0000] {python.py:237} INFO - Done. Returned value was: None
[2024-05-11T14:46:04.016+0000] {taskinstance.py:441} INFO - ::group::Post task execution logs
[2024-05-11T14:46:04.029+0000] {taskinstance.py:1206} INFO - Marking task as SUCCESS. dag_id=template_reference, task_id=demo_template, run_id=scheduled__2024-05-11T14:45:00+00:00, execution_date=20240511T144500, start_date=20240511T144603, end_date=20240511T144604
[2024-05-11T14:46:04.088+0000] {local_task_job_runner.py:240} INFO - Task exited with return code 0
[2024-05-11T14:46:04.115+0000] {taskinstance.py:3498} INFO - 0 downstream tasks scheduled from follow-on schedule check
[2024-05-11T14:46:04.118+0000] {local_task_job_runner.py:222} INFO - ::endgroup::
