[2024-05-10T14:49:38.281+0000] {local_task_job_runner.py:120} INFO - ::group::Pre task execution logs
[2024-05-10T14:49:38.326+0000] {taskinstance.py:2076} INFO - Dependencies all met for dep_context=non-requeueable deps ti=<TaskInstance: etl_mysql_to_hive_all.tables.get_schema manual__2024-05-10T14:49:32.907712+00:00 [queued]>
[2024-05-10T14:49:38.342+0000] {taskinstance.py:2076} INFO - Dependencies all met for dep_context=requeueable deps ti=<TaskInstance: etl_mysql_to_hive_all.tables.get_schema manual__2024-05-10T14:49:32.907712+00:00 [queued]>
[2024-05-10T14:49:38.343+0000] {taskinstance.py:2306} INFO - Starting attempt 1 of 1
[2024-05-10T14:49:38.372+0000] {taskinstance.py:2330} INFO - Executing <Task(MySqlOperator): tables.get_schema> on 2024-05-10 14:49:32.907712+00:00
[2024-05-10T14:49:38.382+0000] {standard_task_runner.py:63} INFO - Started process 1069 to run task
[2024-05-10T14:49:38.387+0000] {standard_task_runner.py:90} INFO - Running: ['***', 'tasks', 'run', 'etl_mysql_to_hive_all', 'tables.get_schema', 'manual__2024-05-10T14:49:32.907712+00:00', '--job-id', '78', '--raw', '--subdir', 'DAGS_FOLDER/etl_mysql_to_hive_all.py', '--cfg-path', '/tmp/tmppubvtfoh']
[2024-05-10T14:49:38.392+0000] {standard_task_runner.py:91} INFO - Job 78: Subtask tables.get_schema
[2024-05-10T14:49:38.478+0000] {task_command.py:426} INFO - Running <TaskInstance: etl_mysql_to_hive_all.tables.get_schema manual__2024-05-10T14:49:32.907712+00:00 [running]> on host feac594d54b9
[2024-05-10T14:49:38.656+0000] {taskinstance.py:2648} INFO - Exporting env vars: AIRFLOW_CTX_DAG_OWNER='***' AIRFLOW_CTX_DAG_ID='etl_mysql_to_hive_all' AIRFLOW_CTX_TASK_ID='tables.get_schema' AIRFLOW_CTX_EXECUTION_DATE='2024-05-10T14:49:32.907712+00:00' AIRFLOW_CTX_TRY_NUMBER='1' AIRFLOW_CTX_DAG_RUN_ID='manual__2024-05-10T14:49:32.907712+00:00'
[2024-05-10T14:49:38.661+0000] {taskinstance.py:430} INFO - ::endgroup::
[2024-05-10T14:49:38.662+0000] {sql.py:276} INFO - Executing: DESC tables
[2024-05-10T14:49:38.678+0000] {base.py:84} INFO - Using connection ID 'mysql_default' for task execution.
[2024-05-10T14:49:38.698+0000] {base.py:84} INFO - Using connection ID 'mysql_default' for task execution.
[2024-05-10T14:49:38.763+0000] {taskinstance.py:441} INFO - ::group::Post task execution logs
[2024-05-10T14:49:38.765+0000] {taskinstance.py:2905} ERROR - Task failed with exception
Traceback (most recent call last):
  File "/home/airflow/.local/lib/python3.11/site-packages/airflow/models/taskinstance.py", line 465, in _execute_task
    result = _execute_callable(context=context, **execute_callable_kwargs)
             ^^^^^^^^^^^^^^^^^^^^^^^^^^^^^^^^^^^^^^^^^^^^^^^^^^^^^^^^^^^^^
  File "/home/airflow/.local/lib/python3.11/site-packages/airflow/models/taskinstance.py", line 432, in _execute_callable
    return execute_callable(context=context, **execute_callable_kwargs)
           ^^^^^^^^^^^^^^^^^^^^^^^^^^^^^^^^^^^^^^^^^^^^^^^^^^^^^^^^^^^^
  File "/home/airflow/.local/lib/python3.11/site-packages/airflow/models/baseoperator.py", line 400, in wrapper
    return func(self, *args, **kwargs)
           ^^^^^^^^^^^^^^^^^^^^^^^^^^^
  File "/home/airflow/.local/lib/python3.11/site-packages/airflow/providers/common/sql/operators/sql.py", line 282, in execute
    output = hook.run(
             ^^^^^^^^^
  File "/home/airflow/.local/lib/python3.11/site-packages/airflow/providers/common/sql/hooks/sql.py", line 411, in run
    with closing(self.get_conn()) as conn:
                 ^^^^^^^^^^^^^^^
  File "/home/airflow/.local/lib/python3.11/site-packages/airflow/providers/mysql/hooks/mysql.py", line 195, in get_conn
    return MySQLdb.connect(**conn_config)
           ^^^^^^^^^^^^^^^^^^^^^^^^^^^^^^
  File "/home/airflow/.local/lib/python3.11/site-packages/MySQLdb/__init__.py", line 121, in Connect
    return Connection(*args, **kwargs)
           ^^^^^^^^^^^^^^^^^^^^^^^^^^^
  File "/home/airflow/.local/lib/python3.11/site-packages/MySQLdb/connections.py", line 195, in __init__
    super().__init__(*args, **kwargs2)
MySQLdb.OperationalError: (2002, "Can't connect to server on 'host.docker.internal' (115)")
[2024-05-10T14:49:38.785+0000] {taskinstance.py:1206} INFO - Marking task as FAILED. dag_id=etl_mysql_to_hive_all, task_id=tables.get_schema, run_id=manual__2024-05-10T14:49:32.907712+00:00, execution_date=20240510T144932, start_date=20240510T144938, end_date=20240510T144938
[2024-05-10T14:49:38.814+0000] {standard_task_runner.py:110} ERROR - Failed to execute job 78 for task tables.get_schema ((2002, "Can't connect to server on 'host.docker.internal' (115)"); 1069)
[2024-05-10T14:49:38.843+0000] {local_task_job_runner.py:240} INFO - Task exited with return code 1
[2024-05-10T14:49:38.865+0000] {local_task_job_runner.py:222} INFO - ::endgroup::
