[2024-05-11T16:22:31.675+0000] {local_task_job_runner.py:120} INFO - ::group::Pre task execution logs
[2024-05-11T16:22:31.720+0000] {taskinstance.py:2076} INFO - Dependencies all met for dep_context=non-requeueable deps ti=<TaskInstance: etl_mysql_to_hive_dibimbing_karyawan.load_to_hive manual__2024-05-11T16:03:54.129366+00:00 [queued]>
[2024-05-11T16:22:31.743+0000] {taskinstance.py:2076} INFO - Dependencies all met for dep_context=requeueable deps ti=<TaskInstance: etl_mysql_to_hive_dibimbing_karyawan.load_to_hive manual__2024-05-11T16:03:54.129366+00:00 [queued]>
[2024-05-11T16:22:31.744+0000] {taskinstance.py:2306} INFO - Starting attempt 4 of 4
[2024-05-11T16:22:31.775+0000] {taskinstance.py:2330} INFO - Executing <Task(HiveOperator): load_to_hive> on 2024-05-11 16:03:54.129366+00:00
[2024-05-11T16:22:31.789+0000] {standard_task_runner.py:63} INFO - Started process 7446 to run task
[2024-05-11T16:22:31.796+0000] {standard_task_runner.py:90} INFO - Running: ['***', 'tasks', 'run', 'etl_mysql_to_hive_dibimbing_karyawan', 'load_to_hive', 'manual__2024-05-11T16:03:54.129366+00:00', '--job-id', '748', '--raw', '--subdir', 'DAGS_FOLDER/etl_mysql_to_hive_dibimbing_karyawan.py', '--cfg-path', '/tmp/tmp3r_zzbc7']
[2024-05-11T16:22:31.805+0000] {standard_task_runner.py:91} INFO - Job 748: Subtask load_to_hive
[2024-05-11T16:22:31.894+0000] {task_command.py:426} INFO - Running <TaskInstance: etl_mysql_to_hive_dibimbing_karyawan.load_to_hive manual__2024-05-11T16:03:54.129366+00:00 [running]> on host 94409fb18ddd
[2024-05-11T16:22:32.093+0000] {taskinstance.py:2648} INFO - Exporting env vars: AIRFLOW_CTX_DAG_OWNER='***' AIRFLOW_CTX_DAG_ID='etl_mysql_to_hive_dibimbing_karyawan' AIRFLOW_CTX_TASK_ID='load_to_hive' AIRFLOW_CTX_EXECUTION_DATE='2024-05-11T16:03:54.129366+00:00' AIRFLOW_CTX_TRY_NUMBER='4' AIRFLOW_CTX_DAG_RUN_ID='manual__2024-05-11T16:03:54.129366+00:00'
[2024-05-11T16:22:32.097+0000] {taskinstance.py:430} INFO - ::endgroup::
[2024-05-11T16:22:32.098+0000] {hive.py:138} INFO - Executing: 
            INSERT OVERWRITE TABLE dibimbing.karyawan
            SELECT id, nama FROM [[101, 'Lies'], [102, 'Surya'], [103, 'Priska'], [104, 'Indah'], [105, 'Permata'], [106, 'Wulandari'], [107, 'Agus'], [108, 'Budi'], [109, 'Agung'], [110, 'Bejo'], [111, 'Budi'], [112, 'Bejo'], [113, 'Agus'], [114, 'Setyo']]
        
[2024-05-11T16:22:32.117+0000] {connection.py:274} WARNING - Connection schemes (type: hive_cli) shall not contain '_' according to RFC3986.
[2024-05-11T16:22:32.120+0000] {base.py:84} INFO - Using connection ID 'hive_cli_default' for task execution.
[2024-05-11T16:22:32.122+0000] {hive.py:157} INFO - Passing HiveConf: {'airflow.ctx.dag_owner': '***', 'airflow.ctx.dag_id': 'etl_mysql_to_hive_dibimbing_karyawan', 'airflow.ctx.task_id': 'load_to_hive', 'airflow.ctx.execution_date': '2024-05-11T16:03:54.129366+00:00', 'airflow.ctx.try_number': '4', 'airflow.ctx.dag_run_id': 'manual__2024-05-11T16:03:54.129366+00:00'}
[2024-05-11T16:22:32.126+0000] {hive.py:166} INFO - High Availability not set, setting JDBC url as jdbc:hive2://host.docker.internal:10000/
[2024-05-11T16:22:32.129+0000] {hive.py:309} INFO - beeline -u "jdbc:hive2://host.docker.internal:10000/" -hiveconf ***.ctx.dag_id=etl_mysql_to_hive_dibimbing_karyawan -hiveconf ***.ctx.task_id=load_to_hive -hiveconf ***.ctx.execution_date=2024-05-11T16:03:54.129366+00:00 -hiveconf ***.ctx.try_number=4 -hiveconf ***.ctx.dag_run_id=manual__2024-05-11T16:03:54.129366+00:00 -hiveconf ***.ctx.dag_owner=*** -hiveconf ***.ctx.dag_email= -hiveconf mapred.job.name=Airflow HiveOperator task for 94409fb18ddd.etl_mysql_to_hive_dibimbing_karyawan.load_to_hive.2024-05-11T16:03:54.129366+00:00 -f /tmp/***_hiveop_yiqk9cmh/tmpkx6sa36i
[2024-05-11T16:22:32.323+0000] {hive.py:319} INFO - /home/***/.local/lib/python3.11/site-packages/pyspark/bin/load-spark-env.sh: line 68: ps: command not found
[2024-05-11T16:22:34.441+0000] {hive.py:319} INFO - Connecting to jdbc:hive2://host.docker.internal:10000/
[2024-05-11T16:22:35.157+0000] {hive.py:319} INFO - Connected to: Apache Hive (version 2.3.2)
[2024-05-11T16:22:35.158+0000] {hive.py:319} INFO - Driver: Hive JDBC (version 2.3.9)
[2024-05-11T16:22:35.159+0000] {hive.py:319} INFO - Transaction isolation: TRANSACTION_REPEATABLE_READ
[2024-05-11T16:22:35.283+0000] {hive.py:319} INFO - 0: jdbc:hive2://host.docker.internal:10000/> No rows affected (0.108 seconds)
[2024-05-11T16:22:35.326+0000] {hive.py:319} INFO - 0: jdbc:hive2://host.docker.internal:10000/> 0: jdbc:hive2://host.docker.internal:10000/> . . . . . . . . . . . . . . . . . . . . . .> . . . . . . . . . . . . . . . . . . . . . .> . . . . . . . . . . . . . . . . . . . . . .> . . . . . . . . . . . . . . . . . . . . . .> Error: Error while compiling statement: FAILED: ParseException line 2:21 cannot recognize input near '[' '[' '101' in join source (state=42000,code=40000)
[2024-05-11T16:22:35.337+0000] {hive.py:319} INFO - Closing: 0: jdbc:hive2://host.docker.internal:10000/
[2024-05-11T16:22:35.387+0000] {taskinstance.py:441} INFO - ::group::Post task execution logs
[2024-05-11T16:22:35.400+0000] {taskinstance.py:2905} ERROR - Task failed with exception
Traceback (most recent call last):
  File "/home/airflow/.local/lib/python3.11/site-packages/airflow/models/taskinstance.py", line 465, in _execute_task
    result = _execute_callable(context=context, **execute_callable_kwargs)
             ^^^^^^^^^^^^^^^^^^^^^^^^^^^^^^^^^^^^^^^^^^^^^^^^^^^^^^^^^^^^^
  File "/home/airflow/.local/lib/python3.11/site-packages/airflow/models/taskinstance.py", line 432, in _execute_callable
    return execute_callable(context=context, **execute_callable_kwargs)
           ^^^^^^^^^^^^^^^^^^^^^^^^^^^^^^^^^^^^^^^^^^^^^^^^^^^^^^^^^^^^
  File "/home/airflow/.local/lib/python3.11/site-packages/airflow/models/baseoperator.py", line 400, in wrapper
    return func(self, *args, **kwargs)
           ^^^^^^^^^^^^^^^^^^^^^^^^^^^
  File "/home/airflow/.local/lib/python3.11/site-packages/airflow/providers/apache/hive/operators/hive.py", line 158, in execute
    self.hook.run_cli(hql=self.hql, schema=self.schema, hive_conf=self.hiveconfs)
  File "/home/airflow/.local/lib/python3.11/site-packages/airflow/providers/apache/hive/hooks/hive.py", line 323, in run_cli
    raise AirflowException(stdout)
airflow.exceptions.AirflowException: /home/***/.local/lib/python3.11/site-packages/pyspark/bin/load-spark-env.sh: line 68: ps: command not found
Connecting to jdbc:hive2://host.docker.internal:10000/
Connected to: Apache Hive (version 2.3.2)
Driver: Hive JDBC (version 2.3.9)
Transaction isolation: TRANSACTION_REPEATABLE_READ
0: jdbc:hive2://host.docker.internal:10000/> No rows affected (0.108 seconds)
0: jdbc:hive2://host.docker.internal:10000/> 0: jdbc:hive2://host.docker.internal:10000/> . . . . . . . . . . . . . . . . . . . . . .> . . . . . . . . . . . . . . . . . . . . . .> . . . . . . . . . . . . . . . . . . . . . .> . . . . . . . . . . . . . . . . . . . . . .> Error: Error while compiling statement: FAILED: ParseException line 2:21 cannot recognize input near '[' '[' '101' in join source (state=42000,code=40000)
Closing: 0: jdbc:hive2://host.docker.internal:10000/

[2024-05-11T16:22:35.408+0000] {taskinstance.py:1206} INFO - Marking task as FAILED. dag_id=etl_mysql_to_hive_dibimbing_karyawan, task_id=load_to_hive, run_id=manual__2024-05-11T16:03:54.129366+00:00, execution_date=20240511T160354, start_date=20240511T162231, end_date=20240511T162235
[2024-05-11T16:22:35.435+0000] {standard_task_runner.py:110} ERROR - Failed to execute job 748 for task load_to_hive (/home/***/.local/lib/python3.11/site-packages/pyspark/bin/load-spark-env.sh: line 68: ps: command not found
Connecting to jdbc:hive2://host.docker.internal:10000/
Connected to: Apache Hive (version 2.3.2)
Driver: Hive JDBC (version 2.3.9)
Transaction isolation: TRANSACTION_REPEATABLE_READ
0: jdbc:hive2://host.docker.internal:10000/> No rows affected (0.108 seconds)
0: jdbc:hive2://host.docker.internal:10000/> 0: jdbc:hive2://host.docker.internal:10000/> . . . . . . . . . . . . . . . . . . . . . .> . . . . . . . . . . . . . . . . . . . . . .> . . . . . . . . . . . . . . . . . . . . . .> . . . . . . . . . . . . . . . . . . . . . .> Error: Error while compiling statement: FAILED: ParseException line 2:21 cannot recognize input near '[' '[' '101' in join source (state=42000,code=40000)
Closing: 0: jdbc:hive2://host.docker.internal:10000/
; 7446)
[2024-05-11T16:22:35.473+0000] {local_task_job_runner.py:240} INFO - Task exited with return code 1
[2024-05-11T16:22:35.509+0000] {taskinstance.py:3498} INFO - 0 downstream tasks scheduled from follow-on schedule check
[2024-05-11T16:22:35.516+0000] {local_task_job_runner.py:222} INFO - ::endgroup::
