[2024-07-14T16:37:47.266+0000] {processor.py:161} INFO - Started process (PID=36) to work on /opt/airflow/dags/pet_adoption_dag.py
[2024-07-14T16:37:47.270+0000] {processor.py:830} INFO - Processing file /opt/airflow/dags/pet_adoption_dag.py for tasks to queue
[2024-07-14T16:37:47.294+0000] {logging_mixin.py:188} INFO - [2024-07-14T16:37:47.293+0000] {dagbag.py:545} INFO - Filling up the DagBag from /opt/airflow/dags/pet_adoption_dag.py
[2024-07-14T16:37:52.495+0000] {processor.py:840} INFO - DAG(s) 'pet_adoption_dag' retrieved from /opt/airflow/dags/pet_adoption_dag.py
[2024-07-14T16:37:52.877+0000] {logging_mixin.py:188} INFO - [2024-07-14T16:37:52.876+0000] {dag.py:3096} INFO - Sync 1 DAGs
[2024-07-14T16:37:52.937+0000] {logging_mixin.py:188} INFO - [2024-07-14T16:37:52.936+0000] {dag.py:3954} INFO - Setting next_dagrun for pet_adoption_dag to 2024-07-13 00:00:00+00:00, run_after=2024-07-14 00:00:00+00:00
[2024-07-14T16:37:52.996+0000] {processor.py:183} INFO - Processing /opt/airflow/dags/pet_adoption_dag.py took 5.756 seconds
[2024-07-14T16:38:06.467+0000] {processor.py:161} INFO - Started process (PID=96) to work on /opt/airflow/dags/pet_adoption_dag.py
[2024-07-14T16:38:06.469+0000] {processor.py:830} INFO - Processing file /opt/airflow/dags/pet_adoption_dag.py for tasks to queue
[2024-07-14T16:38:06.473+0000] {logging_mixin.py:188} INFO - [2024-07-14T16:38:06.472+0000] {dagbag.py:545} INFO - Filling up the DagBag from /opt/airflow/dags/pet_adoption_dag.py
[2024-07-14T16:38:07.214+0000] {processor.py:840} INFO - DAG(s) 'pet_adoption_dag' retrieved from /opt/airflow/dags/pet_adoption_dag.py
[2024-07-14T16:38:07.235+0000] {logging_mixin.py:188} INFO - [2024-07-14T16:38:07.234+0000] {dag.py:3096} INFO - Sync 1 DAGs
[2024-07-14T16:38:07.287+0000] {logging_mixin.py:188} INFO - [2024-07-14T16:38:07.286+0000] {dag.py:3954} INFO - Setting next_dagrun for pet_adoption_dag to 2024-07-14 00:00:00+00:00, run_after=2024-07-15 00:00:00+00:00
[2024-07-14T16:38:07.322+0000] {processor.py:183} INFO - Processing /opt/airflow/dags/pet_adoption_dag.py took 0.869 seconds
[2024-07-14T16:38:13.347+0000] {processor.py:161} INFO - Started process (PID=148) to work on /opt/airflow/dags/pet_adoption_dag.py
[2024-07-14T16:38:13.350+0000] {processor.py:830} INFO - Processing file /opt/airflow/dags/pet_adoption_dag.py for tasks to queue
[2024-07-14T16:38:13.354+0000] {logging_mixin.py:188} INFO - [2024-07-14T16:38:13.353+0000] {dagbag.py:545} INFO - Filling up the DagBag from /opt/airflow/dags/pet_adoption_dag.py
[2024-07-14T16:38:14.106+0000] {processor.py:840} INFO - DAG(s) 'pet_adoption_dag' retrieved from /opt/airflow/dags/pet_adoption_dag.py
[2024-07-14T16:38:14.125+0000] {logging_mixin.py:188} INFO - [2024-07-14T16:38:14.124+0000] {dag.py:3096} INFO - Sync 1 DAGs
[2024-07-14T16:38:14.171+0000] {logging_mixin.py:188} INFO - [2024-07-14T16:38:14.170+0000] {dag.py:3954} INFO - Setting next_dagrun for pet_adoption_dag to 2024-07-14 00:00:00+00:00, run_after=2024-07-15 00:00:00+00:00
[2024-07-14T16:38:14.214+0000] {processor.py:183} INFO - Processing /opt/airflow/dags/pet_adoption_dag.py took 0.881 seconds
[2024-07-14T16:38:21.539+0000] {processor.py:161} INFO - Started process (PID=200) to work on /opt/airflow/dags/pet_adoption_dag.py
[2024-07-14T16:38:21.552+0000] {processor.py:830} INFO - Processing file /opt/airflow/dags/pet_adoption_dag.py for tasks to queue
[2024-07-14T16:38:21.565+0000] {logging_mixin.py:188} INFO - [2024-07-14T16:38:21.564+0000] {dagbag.py:545} INFO - Filling up the DagBag from /opt/airflow/dags/pet_adoption_dag.py
[2024-07-14T16:38:22.915+0000] {processor.py:840} INFO - DAG(s) 'pet_adoption_dag' retrieved from /opt/airflow/dags/pet_adoption_dag.py
[2024-07-14T16:38:22.959+0000] {logging_mixin.py:188} INFO - [2024-07-14T16:38:22.958+0000] {dag.py:3096} INFO - Sync 1 DAGs
[2024-07-14T16:38:23.023+0000] {logging_mixin.py:188} INFO - [2024-07-14T16:38:23.023+0000] {dag.py:3954} INFO - Setting next_dagrun for pet_adoption_dag to 2024-07-14 00:00:00+00:00, run_after=2024-07-15 00:00:00+00:00
[2024-07-14T16:38:23.064+0000] {processor.py:183} INFO - Processing /opt/airflow/dags/pet_adoption_dag.py took 1.547 seconds
[2024-07-14T16:38:27.272+0000] {processor.py:161} INFO - Started process (PID=253) to work on /opt/airflow/dags/pet_adoption_dag.py
[2024-07-14T16:38:27.273+0000] {processor.py:830} INFO - Processing file /opt/airflow/dags/pet_adoption_dag.py for tasks to queue
[2024-07-14T16:38:27.276+0000] {logging_mixin.py:188} INFO - [2024-07-14T16:38:27.275+0000] {dagbag.py:545} INFO - Filling up the DagBag from /opt/airflow/dags/pet_adoption_dag.py
[2024-07-14T16:38:28.016+0000] {processor.py:840} INFO - DAG(s) 'pet_adoption_dag' retrieved from /opt/airflow/dags/pet_adoption_dag.py
[2024-07-14T16:38:28.051+0000] {logging_mixin.py:188} INFO - [2024-07-14T16:38:28.050+0000] {dag.py:3096} INFO - Sync 1 DAGs
[2024-07-14T16:38:28.084+0000] {logging_mixin.py:188} INFO - [2024-07-14T16:38:28.084+0000] {dag.py:3954} INFO - Setting next_dagrun for pet_adoption_dag to 2024-07-14 00:00:00+00:00, run_after=2024-07-15 00:00:00+00:00
[2024-07-14T16:38:28.113+0000] {processor.py:183} INFO - Processing /opt/airflow/dags/pet_adoption_dag.py took 0.849 seconds
[2024-07-14T16:38:32.245+0000] {processor.py:161} INFO - Started process (PID=307) to work on /opt/airflow/dags/pet_adoption_dag.py
[2024-07-14T16:38:32.246+0000] {processor.py:830} INFO - Processing file /opt/airflow/dags/pet_adoption_dag.py for tasks to queue
[2024-07-14T16:38:32.249+0000] {logging_mixin.py:188} INFO - [2024-07-14T16:38:32.249+0000] {dagbag.py:545} INFO - Filling up the DagBag from /opt/airflow/dags/pet_adoption_dag.py
[2024-07-14T16:38:32.747+0000] {processor.py:840} INFO - DAG(s) 'pet_adoption_dag' retrieved from /opt/airflow/dags/pet_adoption_dag.py
[2024-07-14T16:38:32.782+0000] {logging_mixin.py:188} INFO - [2024-07-14T16:38:32.782+0000] {dag.py:3096} INFO - Sync 1 DAGs
[2024-07-14T16:38:32.831+0000] {logging_mixin.py:188} INFO - [2024-07-14T16:38:32.831+0000] {dag.py:3954} INFO - Setting next_dagrun for pet_adoption_dag to 2024-07-14 00:00:00+00:00, run_after=2024-07-15 00:00:00+00:00
[2024-07-14T16:38:32.861+0000] {processor.py:183} INFO - Processing /opt/airflow/dags/pet_adoption_dag.py took 0.625 seconds
[2024-07-14T16:38:37.778+0000] {processor.py:161} INFO - Started process (PID=365) to work on /opt/airflow/dags/pet_adoption_dag.py
[2024-07-14T16:38:37.780+0000] {processor.py:830} INFO - Processing file /opt/airflow/dags/pet_adoption_dag.py for tasks to queue
[2024-07-14T16:38:37.782+0000] {logging_mixin.py:188} INFO - [2024-07-14T16:38:37.782+0000] {dagbag.py:545} INFO - Filling up the DagBag from /opt/airflow/dags/pet_adoption_dag.py
[2024-07-14T16:38:38.516+0000] {processor.py:840} INFO - DAG(s) 'pet_adoption_dag' retrieved from /opt/airflow/dags/pet_adoption_dag.py
[2024-07-14T16:38:38.572+0000] {logging_mixin.py:188} INFO - [2024-07-14T16:38:38.571+0000] {dag.py:3096} INFO - Sync 1 DAGs
[2024-07-14T16:38:38.642+0000] {logging_mixin.py:188} INFO - [2024-07-14T16:38:38.641+0000] {dag.py:3954} INFO - Setting next_dagrun for pet_adoption_dag to 2024-07-14 00:00:00+00:00, run_after=2024-07-15 00:00:00+00:00
[2024-07-14T16:38:38.682+0000] {processor.py:183} INFO - Processing /opt/airflow/dags/pet_adoption_dag.py took 0.913 seconds
[2024-07-14T16:38:45.361+0000] {processor.py:161} INFO - Started process (PID=419) to work on /opt/airflow/dags/pet_adoption_dag.py
[2024-07-14T16:38:45.363+0000] {processor.py:830} INFO - Processing file /opt/airflow/dags/pet_adoption_dag.py for tasks to queue
[2024-07-14T16:38:45.366+0000] {logging_mixin.py:188} INFO - [2024-07-14T16:38:45.366+0000] {dagbag.py:545} INFO - Filling up the DagBag from /opt/airflow/dags/pet_adoption_dag.py
[2024-07-14T16:38:45.915+0000] {processor.py:840} INFO - DAG(s) 'pet_adoption_dag' retrieved from /opt/airflow/dags/pet_adoption_dag.py
[2024-07-14T16:38:45.940+0000] {logging_mixin.py:188} INFO - [2024-07-14T16:38:45.939+0000] {dag.py:3096} INFO - Sync 1 DAGs
[2024-07-14T16:38:45.973+0000] {logging_mixin.py:188} INFO - [2024-07-14T16:38:45.972+0000] {dag.py:3954} INFO - Setting next_dagrun for pet_adoption_dag to 2024-07-14 00:00:00+00:00, run_after=2024-07-15 00:00:00+00:00
[2024-07-14T16:38:45.999+0000] {processor.py:183} INFO - Processing /opt/airflow/dags/pet_adoption_dag.py took 0.650 seconds
[2024-07-14T16:38:51.508+0000] {processor.py:161} INFO - Started process (PID=473) to work on /opt/airflow/dags/pet_adoption_dag.py
[2024-07-14T16:38:51.509+0000] {processor.py:830} INFO - Processing file /opt/airflow/dags/pet_adoption_dag.py for tasks to queue
[2024-07-14T16:38:51.513+0000] {logging_mixin.py:188} INFO - [2024-07-14T16:38:51.512+0000] {dagbag.py:545} INFO - Filling up the DagBag from /opt/airflow/dags/pet_adoption_dag.py
[2024-07-14T16:38:52.061+0000] {processor.py:840} INFO - DAG(s) 'pet_adoption_dag' retrieved from /opt/airflow/dags/pet_adoption_dag.py
[2024-07-14T16:38:52.093+0000] {logging_mixin.py:188} INFO - [2024-07-14T16:38:52.093+0000] {dag.py:3096} INFO - Sync 1 DAGs
[2024-07-14T16:38:52.128+0000] {logging_mixin.py:188} INFO - [2024-07-14T16:38:52.128+0000] {dag.py:3954} INFO - Setting next_dagrun for pet_adoption_dag to 2024-07-14 00:00:00+00:00, run_after=2024-07-15 00:00:00+00:00
[2024-07-14T16:38:52.156+0000] {processor.py:183} INFO - Processing /opt/airflow/dags/pet_adoption_dag.py took 0.659 seconds
[2024-07-14T16:38:58.953+0000] {processor.py:161} INFO - Started process (PID=527) to work on /opt/airflow/dags/pet_adoption_dag.py
[2024-07-14T16:38:58.958+0000] {processor.py:830} INFO - Processing file /opt/airflow/dags/pet_adoption_dag.py for tasks to queue
[2024-07-14T16:38:58.963+0000] {logging_mixin.py:188} INFO - [2024-07-14T16:38:58.962+0000] {dagbag.py:545} INFO - Filling up the DagBag from /opt/airflow/dags/pet_adoption_dag.py
[2024-07-14T16:38:59.997+0000] {processor.py:840} INFO - DAG(s) 'pet_adoption_dag' retrieved from /opt/airflow/dags/pet_adoption_dag.py
[2024-07-14T16:39:00.033+0000] {logging_mixin.py:188} INFO - [2024-07-14T16:39:00.032+0000] {dag.py:3096} INFO - Sync 1 DAGs
[2024-07-14T16:39:00.079+0000] {logging_mixin.py:188} INFO - [2024-07-14T16:39:00.078+0000] {dag.py:3954} INFO - Setting next_dagrun for pet_adoption_dag to 2024-07-14 00:00:00+00:00, run_after=2024-07-15 00:00:00+00:00
[2024-07-14T16:39:00.118+0000] {processor.py:183} INFO - Processing /opt/airflow/dags/pet_adoption_dag.py took 1.204 seconds
[2024-07-14T16:39:04.578+0000] {processor.py:161} INFO - Started process (PID=579) to work on /opt/airflow/dags/pet_adoption_dag.py
[2024-07-14T16:39:04.580+0000] {processor.py:830} INFO - Processing file /opt/airflow/dags/pet_adoption_dag.py for tasks to queue
[2024-07-14T16:39:04.583+0000] {logging_mixin.py:188} INFO - [2024-07-14T16:39:04.582+0000] {dagbag.py:545} INFO - Filling up the DagBag from /opt/airflow/dags/pet_adoption_dag.py
[2024-07-14T16:39:05.065+0000] {processor.py:840} INFO - DAG(s) 'pet_adoption_dag' retrieved from /opt/airflow/dags/pet_adoption_dag.py
[2024-07-14T16:39:05.092+0000] {logging_mixin.py:188} INFO - [2024-07-14T16:39:05.092+0000] {dag.py:3096} INFO - Sync 1 DAGs
[2024-07-14T16:39:05.124+0000] {logging_mixin.py:188} INFO - [2024-07-14T16:39:05.124+0000] {dag.py:3954} INFO - Setting next_dagrun for pet_adoption_dag to 2024-07-14 00:00:00+00:00, run_after=2024-07-15 00:00:00+00:00
[2024-07-14T16:39:05.149+0000] {processor.py:183} INFO - Processing /opt/airflow/dags/pet_adoption_dag.py took 0.582 seconds
[2024-07-14T16:39:10.397+0000] {processor.py:161} INFO - Started process (PID=639) to work on /opt/airflow/dags/pet_adoption_dag.py
[2024-07-14T16:39:10.399+0000] {processor.py:830} INFO - Processing file /opt/airflow/dags/pet_adoption_dag.py for tasks to queue
[2024-07-14T16:39:10.402+0000] {logging_mixin.py:188} INFO - [2024-07-14T16:39:10.402+0000] {dagbag.py:545} INFO - Filling up the DagBag from /opt/airflow/dags/pet_adoption_dag.py
[2024-07-14T16:39:11.281+0000] {processor.py:840} INFO - DAG(s) 'pet_adoption_dag' retrieved from /opt/airflow/dags/pet_adoption_dag.py
[2024-07-14T16:39:11.324+0000] {logging_mixin.py:188} INFO - [2024-07-14T16:39:11.323+0000] {dag.py:3096} INFO - Sync 1 DAGs
[2024-07-14T16:39:11.393+0000] {logging_mixin.py:188} INFO - [2024-07-14T16:39:11.392+0000] {dag.py:3954} INFO - Setting next_dagrun for pet_adoption_dag to 2024-07-14 00:00:00+00:00, run_after=2024-07-15 00:00:00+00:00
[2024-07-14T16:39:11.440+0000] {processor.py:183} INFO - Processing /opt/airflow/dags/pet_adoption_dag.py took 1.054 seconds
[2024-07-14T16:39:16.044+0000] {processor.py:161} INFO - Started process (PID=691) to work on /opt/airflow/dags/pet_adoption_dag.py
[2024-07-14T16:39:16.046+0000] {processor.py:830} INFO - Processing file /opt/airflow/dags/pet_adoption_dag.py for tasks to queue
[2024-07-14T16:39:16.048+0000] {logging_mixin.py:188} INFO - [2024-07-14T16:39:16.048+0000] {dagbag.py:545} INFO - Filling up the DagBag from /opt/airflow/dags/pet_adoption_dag.py
[2024-07-14T16:39:16.564+0000] {processor.py:840} INFO - DAG(s) 'pet_adoption_dag' retrieved from /opt/airflow/dags/pet_adoption_dag.py
[2024-07-14T16:39:16.589+0000] {logging_mixin.py:188} INFO - [2024-07-14T16:39:16.589+0000] {dag.py:3096} INFO - Sync 1 DAGs
[2024-07-14T16:39:16.620+0000] {logging_mixin.py:188} INFO - [2024-07-14T16:39:16.620+0000] {dag.py:3954} INFO - Setting next_dagrun for pet_adoption_dag to 2024-07-14 00:00:00+00:00, run_after=2024-07-15 00:00:00+00:00
[2024-07-14T16:39:16.646+0000] {processor.py:183} INFO - Processing /opt/airflow/dags/pet_adoption_dag.py took 0.610 seconds
[2024-07-14T16:39:20.825+0000] {processor.py:161} INFO - Started process (PID=745) to work on /opt/airflow/dags/pet_adoption_dag.py
[2024-07-14T16:39:20.827+0000] {processor.py:830} INFO - Processing file /opt/airflow/dags/pet_adoption_dag.py for tasks to queue
[2024-07-14T16:39:20.829+0000] {logging_mixin.py:188} INFO - [2024-07-14T16:39:20.829+0000] {dagbag.py:545} INFO - Filling up the DagBag from /opt/airflow/dags/pet_adoption_dag.py
[2024-07-14T16:39:21.352+0000] {processor.py:840} INFO - DAG(s) 'pet_adoption_dag' retrieved from /opt/airflow/dags/pet_adoption_dag.py
[2024-07-14T16:39:21.376+0000] {logging_mixin.py:188} INFO - [2024-07-14T16:39:21.376+0000] {dag.py:3096} INFO - Sync 1 DAGs
[2024-07-14T16:39:21.407+0000] {logging_mixin.py:188} INFO - [2024-07-14T16:39:21.407+0000] {dag.py:3954} INFO - Setting next_dagrun for pet_adoption_dag to 2024-07-14 00:00:00+00:00, run_after=2024-07-15 00:00:00+00:00
[2024-07-14T16:39:21.433+0000] {processor.py:183} INFO - Processing /opt/airflow/dags/pet_adoption_dag.py took 0.617 seconds
[2024-07-14T16:39:25.475+0000] {processor.py:161} INFO - Started process (PID=797) to work on /opt/airflow/dags/pet_adoption_dag.py
[2024-07-14T16:39:25.477+0000] {processor.py:830} INFO - Processing file /opt/airflow/dags/pet_adoption_dag.py for tasks to queue
[2024-07-14T16:39:25.479+0000] {logging_mixin.py:188} INFO - [2024-07-14T16:39:25.479+0000] {dagbag.py:545} INFO - Filling up the DagBag from /opt/airflow/dags/pet_adoption_dag.py
[2024-07-14T16:39:25.891+0000] {processor.py:840} INFO - DAG(s) 'pet_adoption_dag' retrieved from /opt/airflow/dags/pet_adoption_dag.py
[2024-07-14T16:39:25.915+0000] {logging_mixin.py:188} INFO - [2024-07-14T16:39:25.914+0000] {dag.py:3096} INFO - Sync 1 DAGs
[2024-07-14T16:39:25.943+0000] {logging_mixin.py:188} INFO - [2024-07-14T16:39:25.943+0000] {dag.py:3954} INFO - Setting next_dagrun for pet_adoption_dag to 2024-07-14 00:00:00+00:00, run_after=2024-07-15 00:00:00+00:00
[2024-07-14T16:39:25.971+0000] {processor.py:183} INFO - Processing /opt/airflow/dags/pet_adoption_dag.py took 0.505 seconds
[2024-07-14T16:39:32.294+0000] {processor.py:161} INFO - Started process (PID=850) to work on /opt/airflow/dags/pet_adoption_dag.py
[2024-07-14T16:39:32.297+0000] {processor.py:830} INFO - Processing file /opt/airflow/dags/pet_adoption_dag.py for tasks to queue
[2024-07-14T16:39:32.301+0000] {logging_mixin.py:188} INFO - [2024-07-14T16:39:32.300+0000] {dagbag.py:545} INFO - Filling up the DagBag from /opt/airflow/dags/pet_adoption_dag.py
[2024-07-14T16:39:33.138+0000] {processor.py:840} INFO - DAG(s) 'pet_adoption_dag' retrieved from /opt/airflow/dags/pet_adoption_dag.py
[2024-07-14T16:39:33.179+0000] {logging_mixin.py:188} INFO - [2024-07-14T16:39:33.178+0000] {dag.py:3096} INFO - Sync 1 DAGs
[2024-07-14T16:39:33.231+0000] {logging_mixin.py:188} INFO - [2024-07-14T16:39:33.230+0000] {dag.py:3954} INFO - Setting next_dagrun for pet_adoption_dag to 2024-07-14 00:00:00+00:00, run_after=2024-07-15 00:00:00+00:00
[2024-07-14T16:39:33.271+0000] {processor.py:183} INFO - Processing /opt/airflow/dags/pet_adoption_dag.py took 0.991 seconds
[2024-07-14T16:39:38.335+0000] {processor.py:161} INFO - Started process (PID=911) to work on /opt/airflow/dags/pet_adoption_dag.py
[2024-07-14T16:39:38.337+0000] {processor.py:830} INFO - Processing file /opt/airflow/dags/pet_adoption_dag.py for tasks to queue
[2024-07-14T16:39:38.340+0000] {logging_mixin.py:188} INFO - [2024-07-14T16:39:38.339+0000] {dagbag.py:545} INFO - Filling up the DagBag from /opt/airflow/dags/pet_adoption_dag.py
[2024-07-14T16:39:38.999+0000] {processor.py:840} INFO - DAG(s) 'pet_adoption_dag' retrieved from /opt/airflow/dags/pet_adoption_dag.py
[2024-07-14T16:39:39.030+0000] {logging_mixin.py:188} INFO - [2024-07-14T16:39:39.030+0000] {dag.py:3096} INFO - Sync 1 DAGs
[2024-07-14T16:39:39.062+0000] {logging_mixin.py:188} INFO - [2024-07-14T16:39:39.062+0000] {dag.py:3954} INFO - Setting next_dagrun for pet_adoption_dag to 2024-07-14 00:00:00+00:00, run_after=2024-07-15 00:00:00+00:00
[2024-07-14T16:39:39.087+0000] {processor.py:183} INFO - Processing /opt/airflow/dags/pet_adoption_dag.py took 0.762 seconds
[2024-07-14T16:39:43.427+0000] {processor.py:161} INFO - Started process (PID=963) to work on /opt/airflow/dags/pet_adoption_dag.py
[2024-07-14T16:39:43.428+0000] {processor.py:830} INFO - Processing file /opt/airflow/dags/pet_adoption_dag.py for tasks to queue
[2024-07-14T16:39:43.431+0000] {logging_mixin.py:188} INFO - [2024-07-14T16:39:43.430+0000] {dagbag.py:545} INFO - Filling up the DagBag from /opt/airflow/dags/pet_adoption_dag.py
[2024-07-14T16:39:44.023+0000] {processor.py:840} INFO - DAG(s) 'pet_adoption_dag' retrieved from /opt/airflow/dags/pet_adoption_dag.py
[2024-07-14T16:39:44.065+0000] {logging_mixin.py:188} INFO - [2024-07-14T16:39:44.064+0000] {dag.py:3096} INFO - Sync 1 DAGs
[2024-07-14T16:39:44.103+0000] {logging_mixin.py:188} INFO - [2024-07-14T16:39:44.103+0000] {dag.py:3954} INFO - Setting next_dagrun for pet_adoption_dag to 2024-07-14 00:00:00+00:00, run_after=2024-07-15 00:00:00+00:00
[2024-07-14T16:39:44.137+0000] {processor.py:183} INFO - Processing /opt/airflow/dags/pet_adoption_dag.py took 0.720 seconds
[2024-07-14T16:39:48.342+0000] {processor.py:161} INFO - Started process (PID=1015) to work on /opt/airflow/dags/pet_adoption_dag.py
[2024-07-14T16:39:48.343+0000] {processor.py:830} INFO - Processing file /opt/airflow/dags/pet_adoption_dag.py for tasks to queue
[2024-07-14T16:39:48.346+0000] {logging_mixin.py:188} INFO - [2024-07-14T16:39:48.346+0000] {dagbag.py:545} INFO - Filling up the DagBag from /opt/airflow/dags/pet_adoption_dag.py
[2024-07-14T16:39:48.972+0000] {processor.py:840} INFO - DAG(s) 'pet_adoption_dag' retrieved from /opt/airflow/dags/pet_adoption_dag.py
[2024-07-14T16:39:49.004+0000] {logging_mixin.py:188} INFO - [2024-07-14T16:39:49.004+0000] {dag.py:3096} INFO - Sync 1 DAGs
[2024-07-14T16:39:49.036+0000] {logging_mixin.py:188} INFO - [2024-07-14T16:39:49.035+0000] {dag.py:3954} INFO - Setting next_dagrun for pet_adoption_dag to 2024-07-14 00:00:00+00:00, run_after=2024-07-15 00:00:00+00:00
[2024-07-14T16:39:49.060+0000] {processor.py:183} INFO - Processing /opt/airflow/dags/pet_adoption_dag.py took 0.726 seconds
[2024-07-14T16:39:53.414+0000] {processor.py:161} INFO - Started process (PID=1068) to work on /opt/airflow/dags/pet_adoption_dag.py
[2024-07-14T16:39:53.415+0000] {processor.py:830} INFO - Processing file /opt/airflow/dags/pet_adoption_dag.py for tasks to queue
[2024-07-14T16:39:53.418+0000] {logging_mixin.py:188} INFO - [2024-07-14T16:39:53.417+0000] {dagbag.py:545} INFO - Filling up the DagBag from /opt/airflow/dags/pet_adoption_dag.py
[2024-07-14T16:39:53.844+0000] {processor.py:840} INFO - DAG(s) 'pet_adoption_dag' retrieved from /opt/airflow/dags/pet_adoption_dag.py
[2024-07-14T16:39:53.870+0000] {logging_mixin.py:188} INFO - [2024-07-14T16:39:53.870+0000] {dag.py:3096} INFO - Sync 1 DAGs
[2024-07-14T16:39:53.900+0000] {logging_mixin.py:188} INFO - [2024-07-14T16:39:53.900+0000] {dag.py:3954} INFO - Setting next_dagrun for pet_adoption_dag to 2024-07-14 00:00:00+00:00, run_after=2024-07-15 00:00:00+00:00
[2024-07-14T16:39:53.925+0000] {processor.py:183} INFO - Processing /opt/airflow/dags/pet_adoption_dag.py took 0.520 seconds
[2024-07-14T16:39:58.577+0000] {processor.py:161} INFO - Started process (PID=1121) to work on /opt/airflow/dags/pet_adoption_dag.py
[2024-07-14T16:39:58.579+0000] {processor.py:830} INFO - Processing file /opt/airflow/dags/pet_adoption_dag.py for tasks to queue
[2024-07-14T16:39:58.582+0000] {logging_mixin.py:188} INFO - [2024-07-14T16:39:58.581+0000] {dagbag.py:545} INFO - Filling up the DagBag from /opt/airflow/dags/pet_adoption_dag.py
[2024-07-14T16:39:59.182+0000] {processor.py:840} INFO - DAG(s) 'pet_adoption_dag' retrieved from /opt/airflow/dags/pet_adoption_dag.py
[2024-07-14T16:39:59.208+0000] {logging_mixin.py:188} INFO - [2024-07-14T16:39:59.207+0000] {dag.py:3096} INFO - Sync 1 DAGs
[2024-07-14T16:39:59.238+0000] {logging_mixin.py:188} INFO - [2024-07-14T16:39:59.238+0000] {dag.py:3954} INFO - Setting next_dagrun for pet_adoption_dag to 2024-07-14 00:00:00+00:00, run_after=2024-07-15 00:00:00+00:00
[2024-07-14T16:39:59.264+0000] {processor.py:183} INFO - Processing /opt/airflow/dags/pet_adoption_dag.py took 0.695 seconds
[2024-07-14T16:40:03.576+0000] {processor.py:161} INFO - Started process (PID=1175) to work on /opt/airflow/dags/pet_adoption_dag.py
[2024-07-14T16:40:03.578+0000] {processor.py:830} INFO - Processing file /opt/airflow/dags/pet_adoption_dag.py for tasks to queue
[2024-07-14T16:40:03.581+0000] {logging_mixin.py:188} INFO - [2024-07-14T16:40:03.581+0000] {dagbag.py:545} INFO - Filling up the DagBag from /opt/airflow/dags/pet_adoption_dag.py
[2024-07-14T16:40:04.146+0000] {processor.py:840} INFO - DAG(s) 'pet_adoption_dag' retrieved from /opt/airflow/dags/pet_adoption_dag.py
[2024-07-14T16:40:04.181+0000] {logging_mixin.py:188} INFO - [2024-07-14T16:40:04.180+0000] {dag.py:3096} INFO - Sync 1 DAGs
[2024-07-14T16:40:04.217+0000] {logging_mixin.py:188} INFO - [2024-07-14T16:40:04.217+0000] {dag.py:3954} INFO - Setting next_dagrun for pet_adoption_dag to 2024-07-14 00:00:00+00:00, run_after=2024-07-15 00:00:00+00:00
[2024-07-14T16:40:04.248+0000] {processor.py:183} INFO - Processing /opt/airflow/dags/pet_adoption_dag.py took 0.684 seconds
[2024-07-14T16:40:10.070+0000] {processor.py:161} INFO - Started process (PID=1233) to work on /opt/airflow/dags/pet_adoption_dag.py
[2024-07-14T16:40:10.072+0000] {processor.py:830} INFO - Processing file /opt/airflow/dags/pet_adoption_dag.py for tasks to queue
[2024-07-14T16:40:10.078+0000] {logging_mixin.py:188} INFO - [2024-07-14T16:40:10.077+0000] {dagbag.py:545} INFO - Filling up the DagBag from /opt/airflow/dags/pet_adoption_dag.py
[2024-07-14T16:40:11.300+0000] {processor.py:840} INFO - DAG(s) 'pet_adoption_dag' retrieved from /opt/airflow/dags/pet_adoption_dag.py
[2024-07-14T16:40:11.347+0000] {logging_mixin.py:188} INFO - [2024-07-14T16:40:11.346+0000] {dag.py:3096} INFO - Sync 1 DAGs
[2024-07-14T16:40:11.405+0000] {logging_mixin.py:188} INFO - [2024-07-14T16:40:11.405+0000] {dag.py:3954} INFO - Setting next_dagrun for pet_adoption_dag to 2024-07-14 00:00:00+00:00, run_after=2024-07-15 00:00:00+00:00
[2024-07-14T16:40:11.444+0000] {processor.py:183} INFO - Processing /opt/airflow/dags/pet_adoption_dag.py took 1.391 seconds
[2024-07-14T16:40:18.042+0000] {processor.py:161} INFO - Started process (PID=1287) to work on /opt/airflow/dags/pet_adoption_dag.py
[2024-07-14T16:40:18.045+0000] {processor.py:830} INFO - Processing file /opt/airflow/dags/pet_adoption_dag.py for tasks to queue
[2024-07-14T16:40:18.050+0000] {logging_mixin.py:188} INFO - [2024-07-14T16:40:18.049+0000] {dagbag.py:545} INFO - Filling up the DagBag from /opt/airflow/dags/pet_adoption_dag.py
[2024-07-14T16:40:19.132+0000] {processor.py:840} INFO - DAG(s) 'pet_adoption_dag' retrieved from /opt/airflow/dags/pet_adoption_dag.py
[2024-07-14T16:40:19.213+0000] {logging_mixin.py:188} INFO - [2024-07-14T16:40:19.212+0000] {dag.py:3096} INFO - Sync 1 DAGs
[2024-07-14T16:40:19.298+0000] {logging_mixin.py:188} INFO - [2024-07-14T16:40:19.297+0000] {dag.py:3954} INFO - Setting next_dagrun for pet_adoption_dag to 2024-07-14 00:00:00+00:00, run_after=2024-07-15 00:00:00+00:00
[2024-07-14T16:40:19.350+0000] {processor.py:183} INFO - Processing /opt/airflow/dags/pet_adoption_dag.py took 1.324 seconds
[2024-07-14T16:40:24.548+0000] {processor.py:161} INFO - Started process (PID=1339) to work on /opt/airflow/dags/pet_adoption_dag.py
[2024-07-14T16:40:24.550+0000] {processor.py:830} INFO - Processing file /opt/airflow/dags/pet_adoption_dag.py for tasks to queue
[2024-07-14T16:40:24.553+0000] {logging_mixin.py:188} INFO - [2024-07-14T16:40:24.552+0000] {dagbag.py:545} INFO - Filling up the DagBag from /opt/airflow/dags/pet_adoption_dag.py
[2024-07-14T16:40:25.111+0000] {processor.py:840} INFO - DAG(s) 'pet_adoption_dag' retrieved from /opt/airflow/dags/pet_adoption_dag.py
[2024-07-14T16:40:25.137+0000] {logging_mixin.py:188} INFO - [2024-07-14T16:40:25.137+0000] {dag.py:3096} INFO - Sync 1 DAGs
[2024-07-14T16:40:25.166+0000] {logging_mixin.py:188} INFO - [2024-07-14T16:40:25.166+0000] {dag.py:3954} INFO - Setting next_dagrun for pet_adoption_dag to 2024-07-14 00:00:00+00:00, run_after=2024-07-15 00:00:00+00:00
[2024-07-14T16:40:25.193+0000] {processor.py:183} INFO - Processing /opt/airflow/dags/pet_adoption_dag.py took 0.653 seconds
[2024-07-14T16:40:29.544+0000] {processor.py:161} INFO - Started process (PID=1393) to work on /opt/airflow/dags/pet_adoption_dag.py
[2024-07-14T16:40:29.545+0000] {processor.py:830} INFO - Processing file /opt/airflow/dags/pet_adoption_dag.py for tasks to queue
[2024-07-14T16:40:29.549+0000] {logging_mixin.py:188} INFO - [2024-07-14T16:40:29.548+0000] {dagbag.py:545} INFO - Filling up the DagBag from /opt/airflow/dags/pet_adoption_dag.py
[2024-07-14T16:40:30.190+0000] {processor.py:840} INFO - DAG(s) 'pet_adoption_dag' retrieved from /opt/airflow/dags/pet_adoption_dag.py
[2024-07-14T16:40:30.232+0000] {logging_mixin.py:188} INFO - [2024-07-14T16:40:30.231+0000] {dag.py:3096} INFO - Sync 1 DAGs
[2024-07-14T16:40:30.273+0000] {logging_mixin.py:188} INFO - [2024-07-14T16:40:30.273+0000] {dag.py:3954} INFO - Setting next_dagrun for pet_adoption_dag to 2024-07-14 00:00:00+00:00, run_after=2024-07-15 00:00:00+00:00
[2024-07-14T16:40:30.303+0000] {processor.py:183} INFO - Processing /opt/airflow/dags/pet_adoption_dag.py took 0.770 seconds
[2024-07-14T16:40:35.789+0000] {processor.py:161} INFO - Started process (PID=1451) to work on /opt/airflow/dags/pet_adoption_dag.py
[2024-07-14T16:40:35.790+0000] {processor.py:830} INFO - Processing file /opt/airflow/dags/pet_adoption_dag.py for tasks to queue
[2024-07-14T16:40:35.796+0000] {logging_mixin.py:188} INFO - [2024-07-14T16:40:35.795+0000] {dagbag.py:545} INFO - Filling up the DagBag from /opt/airflow/dags/pet_adoption_dag.py
[2024-07-14T16:40:36.554+0000] {processor.py:840} INFO - DAG(s) 'pet_adoption_dag' retrieved from /opt/airflow/dags/pet_adoption_dag.py
[2024-07-14T16:40:36.592+0000] {logging_mixin.py:188} INFO - [2024-07-14T16:40:36.592+0000] {dag.py:3096} INFO - Sync 1 DAGs
[2024-07-14T16:40:36.640+0000] {logging_mixin.py:188} INFO - [2024-07-14T16:40:36.639+0000] {dag.py:3954} INFO - Setting next_dagrun for pet_adoption_dag to 2024-07-14 00:00:00+00:00, run_after=2024-07-15 00:00:00+00:00
[2024-07-14T16:40:36.674+0000] {processor.py:183} INFO - Processing /opt/airflow/dags/pet_adoption_dag.py took 0.897 seconds
[2024-07-14T16:40:41.072+0000] {processor.py:161} INFO - Started process (PID=1505) to work on /opt/airflow/dags/pet_adoption_dag.py
[2024-07-14T16:40:41.073+0000] {processor.py:830} INFO - Processing file /opt/airflow/dags/pet_adoption_dag.py for tasks to queue
[2024-07-14T16:40:41.077+0000] {logging_mixin.py:188} INFO - [2024-07-14T16:40:41.076+0000] {dagbag.py:545} INFO - Filling up the DagBag from /opt/airflow/dags/pet_adoption_dag.py
[2024-07-14T16:40:41.836+0000] {processor.py:840} INFO - DAG(s) 'pet_adoption_dag' retrieved from /opt/airflow/dags/pet_adoption_dag.py
[2024-07-14T16:40:41.866+0000] {logging_mixin.py:188} INFO - [2024-07-14T16:40:41.865+0000] {dag.py:3096} INFO - Sync 1 DAGs
[2024-07-14T16:40:41.898+0000] {logging_mixin.py:188} INFO - [2024-07-14T16:40:41.898+0000] {dag.py:3954} INFO - Setting next_dagrun for pet_adoption_dag to 2024-07-14 00:00:00+00:00, run_after=2024-07-15 00:00:00+00:00
[2024-07-14T16:40:41.980+0000] {processor.py:183} INFO - Processing /opt/airflow/dags/pet_adoption_dag.py took 0.919 seconds
[2024-07-14T16:40:47.692+0000] {processor.py:161} INFO - Started process (PID=1557) to work on /opt/airflow/dags/pet_adoption_dag.py
[2024-07-14T16:40:47.694+0000] {processor.py:830} INFO - Processing file /opt/airflow/dags/pet_adoption_dag.py for tasks to queue
[2024-07-14T16:40:47.697+0000] {logging_mixin.py:188} INFO - [2024-07-14T16:40:47.697+0000] {dagbag.py:545} INFO - Filling up the DagBag from /opt/airflow/dags/pet_adoption_dag.py
[2024-07-14T16:40:48.299+0000] {processor.py:840} INFO - DAG(s) 'pet_adoption_dag' retrieved from /opt/airflow/dags/pet_adoption_dag.py
[2024-07-14T16:40:48.329+0000] {logging_mixin.py:188} INFO - [2024-07-14T16:40:48.329+0000] {dag.py:3096} INFO - Sync 1 DAGs
[2024-07-14T16:40:48.372+0000] {logging_mixin.py:188} INFO - [2024-07-14T16:40:48.372+0000] {dag.py:3954} INFO - Setting next_dagrun for pet_adoption_dag to 2024-07-14 00:00:00+00:00, run_after=2024-07-15 00:00:00+00:00
[2024-07-14T16:40:48.403+0000] {processor.py:183} INFO - Processing /opt/airflow/dags/pet_adoption_dag.py took 0.727 seconds
[2024-07-14T16:40:55.721+0000] {processor.py:161} INFO - Started process (PID=1609) to work on /opt/airflow/dags/pet_adoption_dag.py
[2024-07-14T16:40:55.723+0000] {processor.py:830} INFO - Processing file /opt/airflow/dags/pet_adoption_dag.py for tasks to queue
[2024-07-14T16:40:55.727+0000] {logging_mixin.py:188} INFO - [2024-07-14T16:40:55.726+0000] {dagbag.py:545} INFO - Filling up the DagBag from /opt/airflow/dags/pet_adoption_dag.py
[2024-07-14T16:40:56.880+0000] {processor.py:840} INFO - DAG(s) 'pet_adoption_dag' retrieved from /opt/airflow/dags/pet_adoption_dag.py
[2024-07-14T16:40:56.948+0000] {logging_mixin.py:188} INFO - [2024-07-14T16:40:56.948+0000] {dag.py:3096} INFO - Sync 1 DAGs
[2024-07-14T16:40:57.027+0000] {logging_mixin.py:188} INFO - [2024-07-14T16:40:57.026+0000] {dag.py:3954} INFO - Setting next_dagrun for pet_adoption_dag to 2024-07-14 00:00:00+00:00, run_after=2024-07-15 00:00:00+00:00
[2024-07-14T16:40:57.082+0000] {processor.py:183} INFO - Processing /opt/airflow/dags/pet_adoption_dag.py took 1.382 seconds
[2024-07-14T16:41:05.031+0000] {processor.py:161} INFO - Started process (PID=1662) to work on /opt/airflow/dags/pet_adoption_dag.py
[2024-07-14T16:41:05.033+0000] {processor.py:830} INFO - Processing file /opt/airflow/dags/pet_adoption_dag.py for tasks to queue
[2024-07-14T16:41:05.036+0000] {logging_mixin.py:188} INFO - [2024-07-14T16:41:05.035+0000] {dagbag.py:545} INFO - Filling up the DagBag from /opt/airflow/dags/pet_adoption_dag.py
[2024-07-14T16:41:06.175+0000] {processor.py:840} INFO - DAG(s) 'pet_adoption_dag' retrieved from /opt/airflow/dags/pet_adoption_dag.py
[2024-07-14T16:41:06.213+0000] {logging_mixin.py:188} INFO - [2024-07-14T16:41:06.213+0000] {dag.py:3096} INFO - Sync 1 DAGs
[2024-07-14T16:41:06.272+0000] {logging_mixin.py:188} INFO - [2024-07-14T16:41:06.271+0000] {dag.py:3954} INFO - Setting next_dagrun for pet_adoption_dag to 2024-07-14 00:00:00+00:00, run_after=2024-07-15 00:00:00+00:00
[2024-07-14T16:41:06.307+0000] {processor.py:183} INFO - Processing /opt/airflow/dags/pet_adoption_dag.py took 1.295 seconds
[2024-07-14T16:41:11.699+0000] {processor.py:161} INFO - Started process (PID=1722) to work on /opt/airflow/dags/pet_adoption_dag.py
[2024-07-14T16:41:11.701+0000] {processor.py:830} INFO - Processing file /opt/airflow/dags/pet_adoption_dag.py for tasks to queue
[2024-07-14T16:41:11.704+0000] {logging_mixin.py:188} INFO - [2024-07-14T16:41:11.704+0000] {dagbag.py:545} INFO - Filling up the DagBag from /opt/airflow/dags/pet_adoption_dag.py
[2024-07-14T16:41:12.214+0000] {processor.py:840} INFO - DAG(s) 'pet_adoption_dag' retrieved from /opt/airflow/dags/pet_adoption_dag.py
[2024-07-14T16:41:12.245+0000] {logging_mixin.py:188} INFO - [2024-07-14T16:41:12.244+0000] {dag.py:3096} INFO - Sync 1 DAGs
[2024-07-14T16:41:12.278+0000] {logging_mixin.py:188} INFO - [2024-07-14T16:41:12.277+0000] {dag.py:3954} INFO - Setting next_dagrun for pet_adoption_dag to 2024-07-14 00:00:00+00:00, run_after=2024-07-15 00:00:00+00:00
[2024-07-14T16:41:12.305+0000] {processor.py:183} INFO - Processing /opt/airflow/dags/pet_adoption_dag.py took 0.615 seconds
[2024-07-14T16:41:18.736+0000] {processor.py:161} INFO - Started process (PID=1774) to work on /opt/airflow/dags/pet_adoption_dag.py
[2024-07-14T16:41:18.739+0000] {processor.py:830} INFO - Processing file /opt/airflow/dags/pet_adoption_dag.py for tasks to queue
[2024-07-14T16:41:18.746+0000] {logging_mixin.py:188} INFO - [2024-07-14T16:41:18.744+0000] {dagbag.py:545} INFO - Filling up the DagBag from /opt/airflow/dags/pet_adoption_dag.py
[2024-07-14T16:41:19.528+0000] {processor.py:840} INFO - DAG(s) 'pet_adoption_dag' retrieved from /opt/airflow/dags/pet_adoption_dag.py
[2024-07-14T16:41:19.563+0000] {logging_mixin.py:188} INFO - [2024-07-14T16:41:19.562+0000] {dag.py:3096} INFO - Sync 1 DAGs
[2024-07-14T16:41:19.603+0000] {logging_mixin.py:188} INFO - [2024-07-14T16:41:19.603+0000] {dag.py:3954} INFO - Setting next_dagrun for pet_adoption_dag to 2024-07-14 00:00:00+00:00, run_after=2024-07-15 00:00:00+00:00
[2024-07-14T16:41:19.637+0000] {processor.py:183} INFO - Processing /opt/airflow/dags/pet_adoption_dag.py took 0.926 seconds
[2024-07-14T16:41:26.566+0000] {processor.py:161} INFO - Started process (PID=1828) to work on /opt/airflow/dags/pet_adoption_dag.py
[2024-07-14T16:41:26.569+0000] {processor.py:830} INFO - Processing file /opt/airflow/dags/pet_adoption_dag.py for tasks to queue
[2024-07-14T16:41:26.575+0000] {logging_mixin.py:188} INFO - [2024-07-14T16:41:26.574+0000] {dagbag.py:545} INFO - Filling up the DagBag from /opt/airflow/dags/pet_adoption_dag.py
[2024-07-14T16:41:27.750+0000] {processor.py:840} INFO - DAG(s) 'pet_adoption_dag' retrieved from /opt/airflow/dags/pet_adoption_dag.py
[2024-07-14T16:41:27.803+0000] {logging_mixin.py:188} INFO - [2024-07-14T16:41:27.802+0000] {dag.py:3096} INFO - Sync 1 DAGs
[2024-07-14T16:41:27.859+0000] {logging_mixin.py:188} INFO - [2024-07-14T16:41:27.858+0000] {dag.py:3954} INFO - Setting next_dagrun for pet_adoption_dag to 2024-07-14 00:00:00+00:00, run_after=2024-07-15 00:00:00+00:00
[2024-07-14T16:41:27.902+0000] {processor.py:183} INFO - Processing /opt/airflow/dags/pet_adoption_dag.py took 1.354 seconds
[2024-07-14T16:41:35.660+0000] {processor.py:161} INFO - Started process (PID=1880) to work on /opt/airflow/dags/pet_adoption_dag.py
[2024-07-14T16:41:35.662+0000] {processor.py:830} INFO - Processing file /opt/airflow/dags/pet_adoption_dag.py for tasks to queue
[2024-07-14T16:41:35.665+0000] {logging_mixin.py:188} INFO - [2024-07-14T16:41:35.664+0000] {dagbag.py:545} INFO - Filling up the DagBag from /opt/airflow/dags/pet_adoption_dag.py
[2024-07-14T16:41:36.190+0000] {processor.py:840} INFO - DAG(s) 'pet_adoption_dag' retrieved from /opt/airflow/dags/pet_adoption_dag.py
[2024-07-14T16:41:36.227+0000] {logging_mixin.py:188} INFO - [2024-07-14T16:41:36.226+0000] {dag.py:3096} INFO - Sync 1 DAGs
[2024-07-14T16:41:36.267+0000] {logging_mixin.py:188} INFO - [2024-07-14T16:41:36.266+0000] {dag.py:3954} INFO - Setting next_dagrun for pet_adoption_dag to 2024-07-14 00:00:00+00:00, run_after=2024-07-15 00:00:00+00:00
[2024-07-14T16:41:36.294+0000] {processor.py:183} INFO - Processing /opt/airflow/dags/pet_adoption_dag.py took 0.643 seconds
[2024-07-14T16:41:42.314+0000] {processor.py:161} INFO - Started process (PID=1938) to work on /opt/airflow/dags/pet_adoption_dag.py
[2024-07-14T16:41:42.316+0000] {processor.py:830} INFO - Processing file /opt/airflow/dags/pet_adoption_dag.py for tasks to queue
[2024-07-14T16:41:42.319+0000] {logging_mixin.py:188} INFO - [2024-07-14T16:41:42.319+0000] {dagbag.py:545} INFO - Filling up the DagBag from /opt/airflow/dags/pet_adoption_dag.py
[2024-07-14T16:41:42.838+0000] {processor.py:840} INFO - DAG(s) 'pet_adoption_dag' retrieved from /opt/airflow/dags/pet_adoption_dag.py
[2024-07-14T16:41:42.868+0000] {logging_mixin.py:188} INFO - [2024-07-14T16:41:42.867+0000] {dag.py:3096} INFO - Sync 1 DAGs
[2024-07-14T16:41:42.898+0000] {logging_mixin.py:188} INFO - [2024-07-14T16:41:42.898+0000] {dag.py:3954} INFO - Setting next_dagrun for pet_adoption_dag to 2024-07-14 00:00:00+00:00, run_after=2024-07-15 00:00:00+00:00
[2024-07-14T16:41:42.925+0000] {processor.py:183} INFO - Processing /opt/airflow/dags/pet_adoption_dag.py took 0.623 seconds
[2024-07-14T16:41:48.098+0000] {processor.py:161} INFO - Started process (PID=1991) to work on /opt/airflow/dags/pet_adoption_dag.py
[2024-07-14T16:41:48.099+0000] {processor.py:830} INFO - Processing file /opt/airflow/dags/pet_adoption_dag.py for tasks to queue
[2024-07-14T16:41:48.102+0000] {logging_mixin.py:188} INFO - [2024-07-14T16:41:48.101+0000] {dagbag.py:545} INFO - Filling up the DagBag from /opt/airflow/dags/pet_adoption_dag.py
[2024-07-14T16:41:48.547+0000] {processor.py:840} INFO - DAG(s) 'pet_adoption_dag' retrieved from /opt/airflow/dags/pet_adoption_dag.py
[2024-07-14T16:41:48.570+0000] {logging_mixin.py:188} INFO - [2024-07-14T16:41:48.570+0000] {dag.py:3096} INFO - Sync 1 DAGs
[2024-07-14T16:41:49.215+0000] {logging_mixin.py:188} INFO - [2024-07-14T16:41:49.215+0000] {dag.py:3954} INFO - Setting next_dagrun for pet_adoption_dag to 2024-07-14 00:00:00+00:00, run_after=2024-07-15 00:00:00+00:00
[2024-07-14T16:41:49.245+0000] {processor.py:183} INFO - Processing /opt/airflow/dags/pet_adoption_dag.py took 1.155 seconds
[2024-07-14T16:41:55.100+0000] {processor.py:161} INFO - Started process (PID=2045) to work on /opt/airflow/dags/pet_adoption_dag.py
[2024-07-14T16:41:55.101+0000] {processor.py:830} INFO - Processing file /opt/airflow/dags/pet_adoption_dag.py for tasks to queue
[2024-07-14T16:41:55.104+0000] {logging_mixin.py:188} INFO - [2024-07-14T16:41:55.104+0000] {dagbag.py:545} INFO - Filling up the DagBag from /opt/airflow/dags/pet_adoption_dag.py
[2024-07-14T16:41:55.616+0000] {processor.py:840} INFO - DAG(s) 'pet_adoption_dag' retrieved from /opt/airflow/dags/pet_adoption_dag.py
[2024-07-14T16:41:55.649+0000] {logging_mixin.py:188} INFO - [2024-07-14T16:41:55.648+0000] {dag.py:3096} INFO - Sync 1 DAGs
[2024-07-14T16:41:55.685+0000] {logging_mixin.py:188} INFO - [2024-07-14T16:41:55.685+0000] {dag.py:3954} INFO - Setting next_dagrun for pet_adoption_dag to 2024-07-14 00:00:00+00:00, run_after=2024-07-15 00:00:00+00:00
[2024-07-14T16:41:55.717+0000] {processor.py:183} INFO - Processing /opt/airflow/dags/pet_adoption_dag.py took 0.627 seconds
[2024-07-14T16:42:02.253+0000] {processor.py:161} INFO - Started process (PID=2097) to work on /opt/airflow/dags/pet_adoption_dag.py
[2024-07-14T16:42:02.254+0000] {processor.py:830} INFO - Processing file /opt/airflow/dags/pet_adoption_dag.py for tasks to queue
[2024-07-14T16:42:02.258+0000] {logging_mixin.py:188} INFO - [2024-07-14T16:42:02.258+0000] {dagbag.py:545} INFO - Filling up the DagBag from /opt/airflow/dags/pet_adoption_dag.py
[2024-07-14T16:42:02.860+0000] {processor.py:840} INFO - DAG(s) 'pet_adoption_dag' retrieved from /opt/airflow/dags/pet_adoption_dag.py
[2024-07-14T16:42:02.903+0000] {logging_mixin.py:188} INFO - [2024-07-14T16:42:02.902+0000] {dag.py:3096} INFO - Sync 1 DAGs
[2024-07-14T16:42:02.946+0000] {logging_mixin.py:188} INFO - [2024-07-14T16:42:02.945+0000] {dag.py:3954} INFO - Setting next_dagrun for pet_adoption_dag to 2024-07-14 00:00:00+00:00, run_after=2024-07-15 00:00:00+00:00
[2024-07-14T16:42:02.980+0000] {processor.py:183} INFO - Processing /opt/airflow/dags/pet_adoption_dag.py took 0.740 seconds
[2024-07-14T16:42:09.596+0000] {processor.py:161} INFO - Started process (PID=2155) to work on /opt/airflow/dags/pet_adoption_dag.py
[2024-07-14T16:42:09.598+0000] {processor.py:830} INFO - Processing file /opt/airflow/dags/pet_adoption_dag.py for tasks to queue
[2024-07-14T16:42:09.603+0000] {logging_mixin.py:188} INFO - [2024-07-14T16:42:09.602+0000] {dagbag.py:545} INFO - Filling up the DagBag from /opt/airflow/dags/pet_adoption_dag.py
[2024-07-14T16:42:10.188+0000] {processor.py:840} INFO - DAG(s) 'pet_adoption_dag' retrieved from /opt/airflow/dags/pet_adoption_dag.py
[2024-07-14T16:42:10.212+0000] {logging_mixin.py:188} INFO - [2024-07-14T16:42:10.212+0000] {dag.py:3096} INFO - Sync 1 DAGs
[2024-07-14T16:42:10.390+0000] {logging_mixin.py:188} INFO - [2024-07-14T16:42:10.390+0000] {dag.py:3954} INFO - Setting next_dagrun for pet_adoption_dag to 2024-07-14 00:00:00+00:00, run_after=2024-07-15 00:00:00+00:00
[2024-07-14T16:42:10.416+0000] {processor.py:183} INFO - Processing /opt/airflow/dags/pet_adoption_dag.py took 0.833 seconds
[2024-07-14T16:42:14.848+0000] {processor.py:161} INFO - Started process (PID=2208) to work on /opt/airflow/dags/pet_adoption_dag.py
[2024-07-14T16:42:14.850+0000] {processor.py:830} INFO - Processing file /opt/airflow/dags/pet_adoption_dag.py for tasks to queue
[2024-07-14T16:42:14.852+0000] {logging_mixin.py:188} INFO - [2024-07-14T16:42:14.852+0000] {dagbag.py:545} INFO - Filling up the DagBag from /opt/airflow/dags/pet_adoption_dag.py
[2024-07-14T16:42:15.407+0000] {processor.py:840} INFO - DAG(s) 'pet_adoption_dag' retrieved from /opt/airflow/dags/pet_adoption_dag.py
[2024-07-14T16:42:15.431+0000] {logging_mixin.py:188} INFO - [2024-07-14T16:42:15.430+0000] {dag.py:3096} INFO - Sync 1 DAGs
[2024-07-14T16:42:15.461+0000] {logging_mixin.py:188} INFO - [2024-07-14T16:42:15.460+0000] {dag.py:3954} INFO - Setting next_dagrun for pet_adoption_dag to 2024-07-14 00:00:00+00:00, run_after=2024-07-15 00:00:00+00:00
[2024-07-14T16:42:15.488+0000] {processor.py:183} INFO - Processing /opt/airflow/dags/pet_adoption_dag.py took 0.647 seconds
[2024-07-14T16:42:20.151+0000] {processor.py:161} INFO - Started process (PID=2262) to work on /opt/airflow/dags/pet_adoption_dag.py
[2024-07-14T16:42:20.152+0000] {processor.py:830} INFO - Processing file /opt/airflow/dags/pet_adoption_dag.py for tasks to queue
[2024-07-14T16:42:20.156+0000] {logging_mixin.py:188} INFO - [2024-07-14T16:42:20.155+0000] {dagbag.py:545} INFO - Filling up the DagBag from /opt/airflow/dags/pet_adoption_dag.py
[2024-07-14T16:42:20.651+0000] {processor.py:840} INFO - DAG(s) 'pet_adoption_dag' retrieved from /opt/airflow/dags/pet_adoption_dag.py
[2024-07-14T16:42:20.680+0000] {logging_mixin.py:188} INFO - [2024-07-14T16:42:20.679+0000] {dag.py:3096} INFO - Sync 1 DAGs
[2024-07-14T16:42:20.712+0000] {logging_mixin.py:188} INFO - [2024-07-14T16:42:20.712+0000] {dag.py:3954} INFO - Setting next_dagrun for pet_adoption_dag to 2024-07-14 00:00:00+00:00, run_after=2024-07-15 00:00:00+00:00
[2024-07-14T16:42:20.739+0000] {processor.py:183} INFO - Processing /opt/airflow/dags/pet_adoption_dag.py took 0.598 seconds
[2024-07-14T16:42:24.647+0000] {processor.py:161} INFO - Started process (PID=2314) to work on /opt/airflow/dags/pet_adoption_dag.py
[2024-07-14T16:42:24.649+0000] {processor.py:830} INFO - Processing file /opt/airflow/dags/pet_adoption_dag.py for tasks to queue
[2024-07-14T16:42:24.651+0000] {logging_mixin.py:188} INFO - [2024-07-14T16:42:24.651+0000] {dagbag.py:545} INFO - Filling up the DagBag from /opt/airflow/dags/pet_adoption_dag.py
[2024-07-14T16:42:25.244+0000] {processor.py:840} INFO - DAG(s) 'pet_adoption_dag' retrieved from /opt/airflow/dags/pet_adoption_dag.py
[2024-07-14T16:42:25.275+0000] {logging_mixin.py:188} INFO - [2024-07-14T16:42:25.274+0000] {dag.py:3096} INFO - Sync 1 DAGs
[2024-07-14T16:42:25.521+0000] {logging_mixin.py:188} INFO - [2024-07-14T16:42:25.520+0000] {dag.py:3954} INFO - Setting next_dagrun for pet_adoption_dag to 2024-07-14 00:00:00+00:00, run_after=2024-07-15 00:00:00+00:00
[2024-07-14T16:42:25.553+0000] {processor.py:183} INFO - Processing /opt/airflow/dags/pet_adoption_dag.py took 0.914 seconds
[2024-07-14T16:42:30.320+0000] {processor.py:161} INFO - Started process (PID=2366) to work on /opt/airflow/dags/pet_adoption_dag.py
[2024-07-14T16:42:30.323+0000] {processor.py:830} INFO - Processing file /opt/airflow/dags/pet_adoption_dag.py for tasks to queue
[2024-07-14T16:42:30.328+0000] {logging_mixin.py:188} INFO - [2024-07-14T16:42:30.327+0000] {dagbag.py:545} INFO - Filling up the DagBag from /opt/airflow/dags/pet_adoption_dag.py
[2024-07-14T16:42:31.525+0000] {processor.py:840} INFO - DAG(s) 'pet_adoption_dag' retrieved from /opt/airflow/dags/pet_adoption_dag.py
[2024-07-14T16:42:31.597+0000] {logging_mixin.py:188} INFO - [2024-07-14T16:42:31.596+0000] {dag.py:3096} INFO - Sync 1 DAGs
[2024-07-14T16:42:31.686+0000] {logging_mixin.py:188} INFO - [2024-07-14T16:42:31.685+0000] {dag.py:3954} INFO - Setting next_dagrun for pet_adoption_dag to 2024-07-14 00:00:00+00:00, run_after=2024-07-15 00:00:00+00:00
[2024-07-14T16:42:31.750+0000] {processor.py:183} INFO - Processing /opt/airflow/dags/pet_adoption_dag.py took 1.449 seconds
[2024-07-14T16:42:37.500+0000] {processor.py:161} INFO - Started process (PID=2425) to work on /opt/airflow/dags/pet_adoption_dag.py
[2024-07-14T16:42:37.503+0000] {processor.py:830} INFO - Processing file /opt/airflow/dags/pet_adoption_dag.py for tasks to queue
[2024-07-14T16:42:37.507+0000] {logging_mixin.py:188} INFO - [2024-07-14T16:42:37.506+0000] {dagbag.py:545} INFO - Filling up the DagBag from /opt/airflow/dags/pet_adoption_dag.py
[2024-07-14T16:42:39.436+0000] {processor.py:840} INFO - DAG(s) 'pet_adoption_dag' retrieved from /opt/airflow/dags/pet_adoption_dag.py
[2024-07-14T16:42:39.753+0000] {logging_mixin.py:188} INFO - [2024-07-14T16:42:39.752+0000] {dag.py:3096} INFO - Sync 1 DAGs
[2024-07-14T16:42:39.803+0000] {logging_mixin.py:188} INFO - [2024-07-14T16:42:39.802+0000] {dag.py:3954} INFO - Setting next_dagrun for pet_adoption_dag to 2024-07-14 00:00:00+00:00, run_after=2024-07-15 00:00:00+00:00
[2024-07-14T16:42:39.840+0000] {processor.py:183} INFO - Processing /opt/airflow/dags/pet_adoption_dag.py took 2.356 seconds
[2024-07-14T16:42:49.246+0000] {processor.py:161} INFO - Started process (PID=2478) to work on /opt/airflow/dags/pet_adoption_dag.py
[2024-07-14T16:42:49.260+0000] {processor.py:830} INFO - Processing file /opt/airflow/dags/pet_adoption_dag.py for tasks to queue
[2024-07-14T16:42:49.267+0000] {logging_mixin.py:188} INFO - [2024-07-14T16:42:49.266+0000] {dagbag.py:545} INFO - Filling up the DagBag from /opt/airflow/dags/pet_adoption_dag.py
[2024-07-14T16:42:50.451+0000] {processor.py:840} INFO - DAG(s) 'pet_adoption_dag' retrieved from /opt/airflow/dags/pet_adoption_dag.py
[2024-07-14T16:42:50.479+0000] {logging_mixin.py:188} INFO - [2024-07-14T16:42:50.479+0000] {dag.py:3096} INFO - Sync 1 DAGs
[2024-07-14T16:42:50.682+0000] {logging_mixin.py:188} INFO - [2024-07-14T16:42:50.682+0000] {dag.py:3954} INFO - Setting next_dagrun for pet_adoption_dag to 2024-07-14 00:00:00+00:00, run_after=2024-07-15 00:00:00+00:00
[2024-07-14T16:42:50.708+0000] {processor.py:183} INFO - Processing /opt/airflow/dags/pet_adoption_dag.py took 1.484 seconds
[2024-07-14T16:42:55.868+0000] {processor.py:161} INFO - Started process (PID=2530) to work on /opt/airflow/dags/pet_adoption_dag.py
[2024-07-14T16:42:55.870+0000] {processor.py:830} INFO - Processing file /opt/airflow/dags/pet_adoption_dag.py for tasks to queue
[2024-07-14T16:42:55.875+0000] {logging_mixin.py:188} INFO - [2024-07-14T16:42:55.874+0000] {dagbag.py:545} INFO - Filling up the DagBag from /opt/airflow/dags/pet_adoption_dag.py
[2024-07-14T16:42:56.527+0000] {processor.py:840} INFO - DAG(s) 'pet_adoption_dag' retrieved from /opt/airflow/dags/pet_adoption_dag.py
[2024-07-14T16:42:56.547+0000] {logging_mixin.py:188} INFO - [2024-07-14T16:42:56.547+0000] {dag.py:3096} INFO - Sync 1 DAGs
[2024-07-14T16:42:56.571+0000] {logging_mixin.py:188} INFO - [2024-07-14T16:42:56.570+0000] {dag.py:3954} INFO - Setting next_dagrun for pet_adoption_dag to 2024-07-14 00:00:00+00:00, run_after=2024-07-15 00:00:00+00:00
[2024-07-14T16:42:56.596+0000] {processor.py:183} INFO - Processing /opt/airflow/dags/pet_adoption_dag.py took 0.743 seconds
[2024-07-14T16:43:02.115+0000] {processor.py:161} INFO - Started process (PID=2582) to work on /opt/airflow/dags/pet_adoption_dag.py
[2024-07-14T16:43:02.117+0000] {processor.py:830} INFO - Processing file /opt/airflow/dags/pet_adoption_dag.py for tasks to queue
[2024-07-14T16:43:02.120+0000] {logging_mixin.py:188} INFO - [2024-07-14T16:43:02.119+0000] {dagbag.py:545} INFO - Filling up the DagBag from /opt/airflow/dags/pet_adoption_dag.py
[2024-07-14T16:43:02.801+0000] {processor.py:840} INFO - DAG(s) 'pet_adoption_dag' retrieved from /opt/airflow/dags/pet_adoption_dag.py
[2024-07-14T16:43:02.827+0000] {logging_mixin.py:188} INFO - [2024-07-14T16:43:02.827+0000] {dag.py:3096} INFO - Sync 1 DAGs
[2024-07-14T16:43:02.857+0000] {logging_mixin.py:188} INFO - [2024-07-14T16:43:02.857+0000] {dag.py:3954} INFO - Setting next_dagrun for pet_adoption_dag to 2024-07-14 00:00:00+00:00, run_after=2024-07-15 00:00:00+00:00
[2024-07-14T16:43:02.884+0000] {processor.py:183} INFO - Processing /opt/airflow/dags/pet_adoption_dag.py took 0.780 seconds
[2024-07-14T16:43:09.348+0000] {processor.py:161} INFO - Started process (PID=2641) to work on /opt/airflow/dags/pet_adoption_dag.py
[2024-07-14T16:43:09.352+0000] {processor.py:830} INFO - Processing file /opt/airflow/dags/pet_adoption_dag.py for tasks to queue
[2024-07-14T16:43:09.358+0000] {logging_mixin.py:188} INFO - [2024-07-14T16:43:09.357+0000] {dagbag.py:545} INFO - Filling up the DagBag from /opt/airflow/dags/pet_adoption_dag.py
[2024-07-14T16:43:10.311+0000] {processor.py:840} INFO - DAG(s) 'pet_adoption_dag' retrieved from /opt/airflow/dags/pet_adoption_dag.py
[2024-07-14T16:43:10.353+0000] {logging_mixin.py:188} INFO - [2024-07-14T16:43:10.352+0000] {dag.py:3096} INFO - Sync 1 DAGs
[2024-07-14T16:43:10.403+0000] {logging_mixin.py:188} INFO - [2024-07-14T16:43:10.402+0000] {dag.py:3954} INFO - Setting next_dagrun for pet_adoption_dag to 2024-07-14 00:00:00+00:00, run_after=2024-07-15 00:00:00+00:00
[2024-07-14T16:43:10.438+0000] {processor.py:183} INFO - Processing /opt/airflow/dags/pet_adoption_dag.py took 1.112 seconds
[2024-07-14T16:43:18.995+0000] {processor.py:161} INFO - Started process (PID=2694) to work on /opt/airflow/dags/pet_adoption_dag.py
[2024-07-14T16:43:18.999+0000] {processor.py:830} INFO - Processing file /opt/airflow/dags/pet_adoption_dag.py for tasks to queue
[2024-07-14T16:43:19.020+0000] {logging_mixin.py:188} INFO - [2024-07-14T16:43:19.019+0000] {dagbag.py:545} INFO - Filling up the DagBag from /opt/airflow/dags/pet_adoption_dag.py
[2024-07-14T16:43:21.807+0000] {processor.py:840} INFO - DAG(s) 'pet_adoption_dag' retrieved from /opt/airflow/dags/pet_adoption_dag.py
[2024-07-14T16:43:21.913+0000] {logging_mixin.py:188} INFO - [2024-07-14T16:43:21.912+0000] {dag.py:3096} INFO - Sync 1 DAGs
[2024-07-14T16:43:22.059+0000] {logging_mixin.py:188} INFO - [2024-07-14T16:43:22.058+0000] {dag.py:3954} INFO - Setting next_dagrun for pet_adoption_dag to 2024-07-14 00:00:00+00:00, run_after=2024-07-15 00:00:00+00:00
[2024-07-14T16:43:22.182+0000] {processor.py:183} INFO - Processing /opt/airflow/dags/pet_adoption_dag.py took 3.214 seconds
[2024-07-14T16:43:31.973+0000] {processor.py:161} INFO - Started process (PID=2746) to work on /opt/airflow/dags/pet_adoption_dag.py
[2024-07-14T16:43:31.976+0000] {processor.py:830} INFO - Processing file /opt/airflow/dags/pet_adoption_dag.py for tasks to queue
[2024-07-14T16:43:31.982+0000] {logging_mixin.py:188} INFO - [2024-07-14T16:43:31.981+0000] {dagbag.py:545} INFO - Filling up the DagBag from /opt/airflow/dags/pet_adoption_dag.py
[2024-07-14T16:43:34.023+0000] {processor.py:840} INFO - DAG(s) 'pet_adoption_dag' retrieved from /opt/airflow/dags/pet_adoption_dag.py
[2024-07-14T16:43:34.062+0000] {logging_mixin.py:188} INFO - [2024-07-14T16:43:34.061+0000] {dag.py:3096} INFO - Sync 1 DAGs
[2024-07-14T16:43:34.107+0000] {logging_mixin.py:188} INFO - [2024-07-14T16:43:34.107+0000] {dag.py:3954} INFO - Setting next_dagrun for pet_adoption_dag to 2024-07-14 00:00:00+00:00, run_after=2024-07-15 00:00:00+00:00
[2024-07-14T16:43:34.140+0000] {processor.py:183} INFO - Processing /opt/airflow/dags/pet_adoption_dag.py took 2.209 seconds
[2024-07-14T16:43:41.637+0000] {processor.py:161} INFO - Started process (PID=2805) to work on /opt/airflow/dags/pet_adoption_dag.py
[2024-07-14T16:43:41.641+0000] {processor.py:830} INFO - Processing file /opt/airflow/dags/pet_adoption_dag.py for tasks to queue
[2024-07-14T16:43:41.645+0000] {logging_mixin.py:188} INFO - [2024-07-14T16:43:41.644+0000] {dagbag.py:545} INFO - Filling up the DagBag from /opt/airflow/dags/pet_adoption_dag.py
[2024-07-14T16:43:42.529+0000] {processor.py:840} INFO - DAG(s) 'pet_adoption_dag' retrieved from /opt/airflow/dags/pet_adoption_dag.py
[2024-07-14T16:43:42.560+0000] {logging_mixin.py:188} INFO - [2024-07-14T16:43:42.559+0000] {dag.py:3096} INFO - Sync 1 DAGs
[2024-07-14T16:43:42.604+0000] {logging_mixin.py:188} INFO - [2024-07-14T16:43:42.603+0000] {dag.py:3954} INFO - Setting next_dagrun for pet_adoption_dag to 2024-07-14 00:00:00+00:00, run_after=2024-07-15 00:00:00+00:00
[2024-07-14T16:43:42.635+0000] {processor.py:183} INFO - Processing /opt/airflow/dags/pet_adoption_dag.py took 1.008 seconds
[2024-07-14T16:43:47.584+0000] {processor.py:161} INFO - Started process (PID=2859) to work on /opt/airflow/dags/pet_adoption_dag.py
[2024-07-14T16:43:47.587+0000] {processor.py:830} INFO - Processing file /opt/airflow/dags/pet_adoption_dag.py for tasks to queue
[2024-07-14T16:43:47.590+0000] {logging_mixin.py:188} INFO - [2024-07-14T16:43:47.590+0000] {dagbag.py:545} INFO - Filling up the DagBag from /opt/airflow/dags/pet_adoption_dag.py
[2024-07-14T16:43:48.433+0000] {processor.py:840} INFO - DAG(s) 'pet_adoption_dag' retrieved from /opt/airflow/dags/pet_adoption_dag.py
[2024-07-14T16:43:48.463+0000] {logging_mixin.py:188} INFO - [2024-07-14T16:43:48.462+0000] {dag.py:3096} INFO - Sync 1 DAGs
[2024-07-14T16:43:48.511+0000] {logging_mixin.py:188} INFO - [2024-07-14T16:43:48.510+0000] {dag.py:3954} INFO - Setting next_dagrun for pet_adoption_dag to 2024-07-14 00:00:00+00:00, run_after=2024-07-15 00:00:00+00:00
[2024-07-14T16:43:48.548+0000] {processor.py:183} INFO - Processing /opt/airflow/dags/pet_adoption_dag.py took 0.974 seconds
[2024-07-14T16:43:55.475+0000] {processor.py:161} INFO - Started process (PID=2911) to work on /opt/airflow/dags/pet_adoption_dag.py
[2024-07-14T16:43:55.477+0000] {processor.py:830} INFO - Processing file /opt/airflow/dags/pet_adoption_dag.py for tasks to queue
[2024-07-14T16:43:55.481+0000] {logging_mixin.py:188} INFO - [2024-07-14T16:43:55.480+0000] {dagbag.py:545} INFO - Filling up the DagBag from /opt/airflow/dags/pet_adoption_dag.py
[2024-07-14T16:43:56.715+0000] {processor.py:840} INFO - DAG(s) 'pet_adoption_dag' retrieved from /opt/airflow/dags/pet_adoption_dag.py
[2024-07-14T16:43:56.755+0000] {logging_mixin.py:188} INFO - [2024-07-14T16:43:56.754+0000] {dag.py:3096} INFO - Sync 1 DAGs
[2024-07-14T16:43:56.798+0000] {logging_mixin.py:188} INFO - [2024-07-14T16:43:56.798+0000] {dag.py:3954} INFO - Setting next_dagrun for pet_adoption_dag to 2024-07-14 00:00:00+00:00, run_after=2024-07-15 00:00:00+00:00
[2024-07-14T16:43:56.838+0000] {processor.py:183} INFO - Processing /opt/airflow/dags/pet_adoption_dag.py took 1.374 seconds
[2024-07-14T16:44:05.644+0000] {processor.py:161} INFO - Started process (PID=2965) to work on /opt/airflow/dags/pet_adoption_dag.py
[2024-07-14T16:44:05.657+0000] {processor.py:830} INFO - Processing file /opt/airflow/dags/pet_adoption_dag.py for tasks to queue
[2024-07-14T16:44:05.662+0000] {logging_mixin.py:188} INFO - [2024-07-14T16:44:05.661+0000] {dagbag.py:545} INFO - Filling up the DagBag from /opt/airflow/dags/pet_adoption_dag.py
[2024-07-14T16:44:06.856+0000] {processor.py:840} INFO - DAG(s) 'pet_adoption_dag' retrieved from /opt/airflow/dags/pet_adoption_dag.py
[2024-07-14T16:44:06.888+0000] {logging_mixin.py:188} INFO - [2024-07-14T16:44:06.887+0000] {dag.py:3096} INFO - Sync 1 DAGs
[2024-07-14T16:44:06.925+0000] {logging_mixin.py:188} INFO - [2024-07-14T16:44:06.924+0000] {dag.py:3954} INFO - Setting next_dagrun for pet_adoption_dag to 2024-07-14 00:00:00+00:00, run_after=2024-07-15 00:00:00+00:00
[2024-07-14T16:44:06.955+0000] {processor.py:183} INFO - Processing /opt/airflow/dags/pet_adoption_dag.py took 1.355 seconds
[2024-07-14T16:44:12.069+0000] {processor.py:161} INFO - Started process (PID=3023) to work on /opt/airflow/dags/pet_adoption_dag.py
[2024-07-14T16:44:12.071+0000] {processor.py:830} INFO - Processing file /opt/airflow/dags/pet_adoption_dag.py for tasks to queue
[2024-07-14T16:44:12.074+0000] {logging_mixin.py:188} INFO - [2024-07-14T16:44:12.074+0000] {dagbag.py:545} INFO - Filling up the DagBag from /opt/airflow/dags/pet_adoption_dag.py
[2024-07-14T16:44:12.777+0000] {processor.py:840} INFO - DAG(s) 'pet_adoption_dag' retrieved from /opt/airflow/dags/pet_adoption_dag.py
[2024-07-14T16:44:12.802+0000] {logging_mixin.py:188} INFO - [2024-07-14T16:44:12.802+0000] {dag.py:3096} INFO - Sync 1 DAGs
[2024-07-14T16:44:12.834+0000] {logging_mixin.py:188} INFO - [2024-07-14T16:44:12.833+0000] {dag.py:3954} INFO - Setting next_dagrun for pet_adoption_dag to 2024-07-14 00:00:00+00:00, run_after=2024-07-15 00:00:00+00:00
[2024-07-14T16:44:12.860+0000] {processor.py:183} INFO - Processing /opt/airflow/dags/pet_adoption_dag.py took 0.801 seconds
[2024-07-14T16:44:16.779+0000] {processor.py:161} INFO - Started process (PID=3075) to work on /opt/airflow/dags/pet_adoption_dag.py
[2024-07-14T16:44:16.781+0000] {processor.py:830} INFO - Processing file /opt/airflow/dags/pet_adoption_dag.py for tasks to queue
[2024-07-14T16:44:16.784+0000] {logging_mixin.py:188} INFO - [2024-07-14T16:44:16.783+0000] {dagbag.py:545} INFO - Filling up the DagBag from /opt/airflow/dags/pet_adoption_dag.py
[2024-07-14T16:44:17.593+0000] {processor.py:840} INFO - DAG(s) 'pet_adoption_dag' retrieved from /opt/airflow/dags/pet_adoption_dag.py
[2024-07-14T16:44:17.625+0000] {logging_mixin.py:188} INFO - [2024-07-14T16:44:17.624+0000] {dag.py:3096} INFO - Sync 1 DAGs
[2024-07-14T16:44:17.666+0000] {logging_mixin.py:188} INFO - [2024-07-14T16:44:17.666+0000] {dag.py:3954} INFO - Setting next_dagrun for pet_adoption_dag to 2024-07-14 00:00:00+00:00, run_after=2024-07-15 00:00:00+00:00
[2024-07-14T16:44:17.699+0000] {processor.py:183} INFO - Processing /opt/airflow/dags/pet_adoption_dag.py took 0.929 seconds
[2024-07-14T16:44:23.106+0000] {processor.py:161} INFO - Started process (PID=3128) to work on /opt/airflow/dags/pet_adoption_dag.py
[2024-07-14T16:44:23.108+0000] {processor.py:830} INFO - Processing file /opt/airflow/dags/pet_adoption_dag.py for tasks to queue
[2024-07-14T16:44:23.112+0000] {logging_mixin.py:188} INFO - [2024-07-14T16:44:23.111+0000] {dagbag.py:545} INFO - Filling up the DagBag from /opt/airflow/dags/pet_adoption_dag.py
[2024-07-14T16:44:23.812+0000] {processor.py:840} INFO - DAG(s) 'pet_adoption_dag' retrieved from /opt/airflow/dags/pet_adoption_dag.py
[2024-07-14T16:44:23.843+0000] {logging_mixin.py:188} INFO - [2024-07-14T16:44:23.842+0000] {dag.py:3096} INFO - Sync 1 DAGs
[2024-07-14T16:44:23.875+0000] {logging_mixin.py:188} INFO - [2024-07-14T16:44:23.875+0000] {dag.py:3954} INFO - Setting next_dagrun for pet_adoption_dag to 2024-07-14 00:00:00+00:00, run_after=2024-07-15 00:00:00+00:00
[2024-07-14T16:44:23.901+0000] {processor.py:183} INFO - Processing /opt/airflow/dags/pet_adoption_dag.py took 0.805 seconds
[2024-07-14T16:44:29.958+0000] {processor.py:161} INFO - Started process (PID=3180) to work on /opt/airflow/dags/pet_adoption_dag.py
[2024-07-14T16:44:29.960+0000] {processor.py:830} INFO - Processing file /opt/airflow/dags/pet_adoption_dag.py for tasks to queue
[2024-07-14T16:44:29.963+0000] {logging_mixin.py:188} INFO - [2024-07-14T16:44:29.963+0000] {dagbag.py:545} INFO - Filling up the DagBag from /opt/airflow/dags/pet_adoption_dag.py
[2024-07-14T16:44:30.740+0000] {processor.py:840} INFO - DAG(s) 'pet_adoption_dag' retrieved from /opt/airflow/dags/pet_adoption_dag.py
[2024-07-14T16:44:30.766+0000] {logging_mixin.py:188} INFO - [2024-07-14T16:44:30.766+0000] {dag.py:3096} INFO - Sync 1 DAGs
[2024-07-14T16:44:30.796+0000] {logging_mixin.py:188} INFO - [2024-07-14T16:44:30.796+0000] {dag.py:3954} INFO - Setting next_dagrun for pet_adoption_dag to 2024-07-14 00:00:00+00:00, run_after=2024-07-15 00:00:00+00:00
[2024-07-14T16:44:30.823+0000] {processor.py:183} INFO - Processing /opt/airflow/dags/pet_adoption_dag.py took 0.877 seconds
[2024-07-14T16:44:35.742+0000] {processor.py:161} INFO - Started process (PID=3233) to work on /opt/airflow/dags/pet_adoption_dag.py
[2024-07-14T16:44:35.744+0000] {processor.py:830} INFO - Processing file /opt/airflow/dags/pet_adoption_dag.py for tasks to queue
[2024-07-14T16:44:35.747+0000] {logging_mixin.py:188} INFO - [2024-07-14T16:44:35.746+0000] {dagbag.py:545} INFO - Filling up the DagBag from /opt/airflow/dags/pet_adoption_dag.py
[2024-07-14T16:44:36.387+0000] {processor.py:840} INFO - DAG(s) 'pet_adoption_dag' retrieved from /opt/airflow/dags/pet_adoption_dag.py
[2024-07-14T16:44:36.411+0000] {logging_mixin.py:188} INFO - [2024-07-14T16:44:36.410+0000] {dag.py:3096} INFO - Sync 1 DAGs
[2024-07-14T16:44:36.439+0000] {logging_mixin.py:188} INFO - [2024-07-14T16:44:36.438+0000] {dag.py:3954} INFO - Setting next_dagrun for pet_adoption_dag to 2024-07-14 00:00:00+00:00, run_after=2024-07-15 00:00:00+00:00
[2024-07-14T16:44:36.465+0000] {processor.py:183} INFO - Processing /opt/airflow/dags/pet_adoption_dag.py took 0.733 seconds
[2024-07-14T16:44:43.585+0000] {processor.py:161} INFO - Started process (PID=3292) to work on /opt/airflow/dags/pet_adoption_dag.py
[2024-07-14T16:44:43.587+0000] {processor.py:830} INFO - Processing file /opt/airflow/dags/pet_adoption_dag.py for tasks to queue
[2024-07-14T16:44:43.590+0000] {logging_mixin.py:188} INFO - [2024-07-14T16:44:43.589+0000] {dagbag.py:545} INFO - Filling up the DagBag from /opt/airflow/dags/pet_adoption_dag.py
[2024-07-14T16:44:44.375+0000] {processor.py:840} INFO - DAG(s) 'pet_adoption_dag' retrieved from /opt/airflow/dags/pet_adoption_dag.py
[2024-07-14T16:44:44.410+0000] {logging_mixin.py:188} INFO - [2024-07-14T16:44:44.409+0000] {dag.py:3096} INFO - Sync 1 DAGs
[2024-07-14T16:44:44.447+0000] {logging_mixin.py:188} INFO - [2024-07-14T16:44:44.446+0000] {dag.py:3954} INFO - Setting next_dagrun for pet_adoption_dag to 2024-07-14 00:00:00+00:00, run_after=2024-07-15 00:00:00+00:00
[2024-07-14T16:44:44.484+0000] {processor.py:183} INFO - Processing /opt/airflow/dags/pet_adoption_dag.py took 0.907 seconds
[2024-07-14T16:44:50.836+0000] {processor.py:161} INFO - Started process (PID=3346) to work on /opt/airflow/dags/pet_adoption_dag.py
[2024-07-14T16:44:50.838+0000] {processor.py:830} INFO - Processing file /opt/airflow/dags/pet_adoption_dag.py for tasks to queue
[2024-07-14T16:44:50.841+0000] {logging_mixin.py:188} INFO - [2024-07-14T16:44:50.840+0000] {dagbag.py:545} INFO - Filling up the DagBag from /opt/airflow/dags/pet_adoption_dag.py
[2024-07-14T16:44:51.523+0000] {processor.py:840} INFO - DAG(s) 'pet_adoption_dag' retrieved from /opt/airflow/dags/pet_adoption_dag.py
[2024-07-14T16:44:51.547+0000] {logging_mixin.py:188} INFO - [2024-07-14T16:44:51.546+0000] {dag.py:3096} INFO - Sync 1 DAGs
[2024-07-14T16:44:51.576+0000] {logging_mixin.py:188} INFO - [2024-07-14T16:44:51.576+0000] {dag.py:3954} INFO - Setting next_dagrun for pet_adoption_dag to 2024-07-14 00:00:00+00:00, run_after=2024-07-15 00:00:00+00:00
[2024-07-14T16:44:51.608+0000] {processor.py:183} INFO - Processing /opt/airflow/dags/pet_adoption_dag.py took 0.781 seconds
[2024-07-14T16:44:56.699+0000] {processor.py:161} INFO - Started process (PID=3398) to work on /opt/airflow/dags/pet_adoption_dag.py
[2024-07-14T16:44:56.701+0000] {processor.py:830} INFO - Processing file /opt/airflow/dags/pet_adoption_dag.py for tasks to queue
[2024-07-14T16:44:56.705+0000] {logging_mixin.py:188} INFO - [2024-07-14T16:44:56.704+0000] {dagbag.py:545} INFO - Filling up the DagBag from /opt/airflow/dags/pet_adoption_dag.py
[2024-07-14T16:44:57.651+0000] {processor.py:840} INFO - DAG(s) 'pet_adoption_dag' retrieved from /opt/airflow/dags/pet_adoption_dag.py
[2024-07-14T16:44:57.682+0000] {logging_mixin.py:188} INFO - [2024-07-14T16:44:57.682+0000] {dag.py:3096} INFO - Sync 1 DAGs
[2024-07-14T16:44:57.717+0000] {logging_mixin.py:188} INFO - [2024-07-14T16:44:57.716+0000] {dag.py:3954} INFO - Setting next_dagrun for pet_adoption_dag to 2024-07-14 00:00:00+00:00, run_after=2024-07-15 00:00:00+00:00
[2024-07-14T16:44:57.748+0000] {processor.py:183} INFO - Processing /opt/airflow/dags/pet_adoption_dag.py took 1.060 seconds
[2024-07-14T16:45:03.401+0000] {processor.py:161} INFO - Started process (PID=3451) to work on /opt/airflow/dags/pet_adoption_dag.py
[2024-07-14T16:45:03.403+0000] {processor.py:830} INFO - Processing file /opt/airflow/dags/pet_adoption_dag.py for tasks to queue
[2024-07-14T16:45:03.406+0000] {logging_mixin.py:188} INFO - [2024-07-14T16:45:03.406+0000] {dagbag.py:545} INFO - Filling up the DagBag from /opt/airflow/dags/pet_adoption_dag.py
[2024-07-14T16:45:04.291+0000] {processor.py:840} INFO - DAG(s) 'pet_adoption_dag' retrieved from /opt/airflow/dags/pet_adoption_dag.py
[2024-07-14T16:45:04.321+0000] {logging_mixin.py:188} INFO - [2024-07-14T16:45:04.320+0000] {dag.py:3096} INFO - Sync 1 DAGs
[2024-07-14T16:45:04.357+0000] {logging_mixin.py:188} INFO - [2024-07-14T16:45:04.357+0000] {dag.py:3954} INFO - Setting next_dagrun for pet_adoption_dag to 2024-07-14 00:00:00+00:00, run_after=2024-07-15 00:00:00+00:00
[2024-07-14T16:45:04.387+0000] {processor.py:183} INFO - Processing /opt/airflow/dags/pet_adoption_dag.py took 0.995 seconds
[2024-07-14T16:45:08.472+0000] {processor.py:161} INFO - Started process (PID=3511) to work on /opt/airflow/dags/pet_adoption_dag.py
[2024-07-14T16:45:08.474+0000] {processor.py:830} INFO - Processing file /opt/airflow/dags/pet_adoption_dag.py for tasks to queue
[2024-07-14T16:45:08.477+0000] {logging_mixin.py:188} INFO - [2024-07-14T16:45:08.477+0000] {dagbag.py:545} INFO - Filling up the DagBag from /opt/airflow/dags/pet_adoption_dag.py
[2024-07-14T16:45:09.231+0000] {processor.py:840} INFO - DAG(s) 'pet_adoption_dag' retrieved from /opt/airflow/dags/pet_adoption_dag.py
[2024-07-14T16:45:09.257+0000] {logging_mixin.py:188} INFO - [2024-07-14T16:45:09.256+0000] {dag.py:3096} INFO - Sync 1 DAGs
[2024-07-14T16:45:09.288+0000] {logging_mixin.py:188} INFO - [2024-07-14T16:45:09.288+0000] {dag.py:3954} INFO - Setting next_dagrun for pet_adoption_dag to 2024-07-14 00:00:00+00:00, run_after=2024-07-15 00:00:00+00:00
[2024-07-14T16:45:09.315+0000] {processor.py:183} INFO - Processing /opt/airflow/dags/pet_adoption_dag.py took 0.856 seconds
[2024-07-14T16:45:13.896+0000] {processor.py:161} INFO - Started process (PID=3563) to work on /opt/airflow/dags/pet_adoption_dag.py
[2024-07-14T16:45:13.898+0000] {processor.py:830} INFO - Processing file /opt/airflow/dags/pet_adoption_dag.py for tasks to queue
[2024-07-14T16:45:13.901+0000] {logging_mixin.py:188} INFO - [2024-07-14T16:45:13.901+0000] {dagbag.py:545} INFO - Filling up the DagBag from /opt/airflow/dags/pet_adoption_dag.py
[2024-07-14T16:45:14.549+0000] {processor.py:840} INFO - DAG(s) 'pet_adoption_dag' retrieved from /opt/airflow/dags/pet_adoption_dag.py
[2024-07-14T16:45:14.572+0000] {logging_mixin.py:188} INFO - [2024-07-14T16:45:14.572+0000] {dag.py:3096} INFO - Sync 1 DAGs
[2024-07-14T16:45:14.603+0000] {logging_mixin.py:188} INFO - [2024-07-14T16:45:14.603+0000] {dag.py:3954} INFO - Setting next_dagrun for pet_adoption_dag to 2024-07-14 00:00:00+00:00, run_after=2024-07-15 00:00:00+00:00
[2024-07-14T16:45:14.626+0000] {processor.py:183} INFO - Processing /opt/airflow/dags/pet_adoption_dag.py took 0.739 seconds
[2024-07-14T16:45:21.260+0000] {processor.py:161} INFO - Started process (PID=3616) to work on /opt/airflow/dags/pet_adoption_dag.py
[2024-07-14T16:45:21.262+0000] {processor.py:830} INFO - Processing file /opt/airflow/dags/pet_adoption_dag.py for tasks to queue
[2024-07-14T16:45:21.266+0000] {logging_mixin.py:188} INFO - [2024-07-14T16:45:21.265+0000] {dagbag.py:545} INFO - Filling up the DagBag from /opt/airflow/dags/pet_adoption_dag.py
[2024-07-14T16:45:22.502+0000] {processor.py:840} INFO - DAG(s) 'pet_adoption_dag' retrieved from /opt/airflow/dags/pet_adoption_dag.py
[2024-07-14T16:45:22.538+0000] {logging_mixin.py:188} INFO - [2024-07-14T16:45:22.537+0000] {dag.py:3096} INFO - Sync 1 DAGs
[2024-07-14T16:45:22.577+0000] {logging_mixin.py:188} INFO - [2024-07-14T16:45:22.577+0000] {dag.py:3954} INFO - Setting next_dagrun for pet_adoption_dag to 2024-07-14 00:00:00+00:00, run_after=2024-07-15 00:00:00+00:00
[2024-07-14T16:45:22.620+0000] {processor.py:183} INFO - Processing /opt/airflow/dags/pet_adoption_dag.py took 1.372 seconds
[2024-07-14T16:45:29.546+0000] {processor.py:161} INFO - Started process (PID=3668) to work on /opt/airflow/dags/pet_adoption_dag.py
[2024-07-14T16:45:29.548+0000] {processor.py:830} INFO - Processing file /opt/airflow/dags/pet_adoption_dag.py for tasks to queue
[2024-07-14T16:45:29.552+0000] {logging_mixin.py:188} INFO - [2024-07-14T16:45:29.552+0000] {dagbag.py:545} INFO - Filling up the DagBag from /opt/airflow/dags/pet_adoption_dag.py
[2024-07-14T16:45:30.462+0000] {processor.py:840} INFO - DAG(s) 'pet_adoption_dag' retrieved from /opt/airflow/dags/pet_adoption_dag.py
[2024-07-14T16:45:30.497+0000] {logging_mixin.py:188} INFO - [2024-07-14T16:45:30.496+0000] {dag.py:3096} INFO - Sync 1 DAGs
[2024-07-14T16:45:30.543+0000] {logging_mixin.py:188} INFO - [2024-07-14T16:45:30.543+0000] {dag.py:3954} INFO - Setting next_dagrun for pet_adoption_dag to 2024-07-14 00:00:00+00:00, run_after=2024-07-15 00:00:00+00:00
[2024-07-14T16:45:30.574+0000] {processor.py:183} INFO - Processing /opt/airflow/dags/pet_adoption_dag.py took 1.042 seconds
[2024-07-14T16:45:36.805+0000] {processor.py:161} INFO - Started process (PID=3727) to work on /opt/airflow/dags/pet_adoption_dag.py
[2024-07-14T16:45:36.807+0000] {processor.py:830} INFO - Processing file /opt/airflow/dags/pet_adoption_dag.py for tasks to queue
[2024-07-14T16:45:36.812+0000] {logging_mixin.py:188} INFO - [2024-07-14T16:45:36.811+0000] {dagbag.py:545} INFO - Filling up the DagBag from /opt/airflow/dags/pet_adoption_dag.py
[2024-07-14T16:45:37.930+0000] {processor.py:840} INFO - DAG(s) 'pet_adoption_dag' retrieved from /opt/airflow/dags/pet_adoption_dag.py
[2024-07-14T16:45:37.971+0000] {logging_mixin.py:188} INFO - [2024-07-14T16:45:37.970+0000] {dag.py:3096} INFO - Sync 1 DAGs
[2024-07-14T16:45:38.020+0000] {logging_mixin.py:188} INFO - [2024-07-14T16:45:38.019+0000] {dag.py:3954} INFO - Setting next_dagrun for pet_adoption_dag to 2024-07-14 00:00:00+00:00, run_after=2024-07-15 00:00:00+00:00
[2024-07-14T16:45:38.055+0000] {processor.py:183} INFO - Processing /opt/airflow/dags/pet_adoption_dag.py took 1.266 seconds
[2024-07-14T16:45:45.813+0000] {processor.py:161} INFO - Started process (PID=3780) to work on /opt/airflow/dags/pet_adoption_dag.py
[2024-07-14T16:45:45.814+0000] {processor.py:830} INFO - Processing file /opt/airflow/dags/pet_adoption_dag.py for tasks to queue
[2024-07-14T16:45:45.817+0000] {logging_mixin.py:188} INFO - [2024-07-14T16:45:45.816+0000] {dagbag.py:545} INFO - Filling up the DagBag from /opt/airflow/dags/pet_adoption_dag.py
[2024-07-14T16:45:47.234+0000] {processor.py:840} INFO - DAG(s) 'pet_adoption_dag' retrieved from /opt/airflow/dags/pet_adoption_dag.py
[2024-07-14T16:45:47.278+0000] {logging_mixin.py:188} INFO - [2024-07-14T16:45:47.277+0000] {dag.py:3096} INFO - Sync 1 DAGs
[2024-07-14T16:45:47.332+0000] {logging_mixin.py:188} INFO - [2024-07-14T16:45:47.331+0000] {dag.py:3954} INFO - Setting next_dagrun for pet_adoption_dag to 2024-07-14 00:00:00+00:00, run_after=2024-07-15 00:00:00+00:00
[2024-07-14T16:45:47.368+0000] {processor.py:183} INFO - Processing /opt/airflow/dags/pet_adoption_dag.py took 1.567 seconds
[2024-07-14T16:45:53.766+0000] {processor.py:161} INFO - Started process (PID=3832) to work on /opt/airflow/dags/pet_adoption_dag.py
[2024-07-14T16:45:53.768+0000] {processor.py:830} INFO - Processing file /opt/airflow/dags/pet_adoption_dag.py for tasks to queue
[2024-07-14T16:45:53.774+0000] {logging_mixin.py:188} INFO - [2024-07-14T16:45:53.773+0000] {dagbag.py:545} INFO - Filling up the DagBag from /opt/airflow/dags/pet_adoption_dag.py
[2024-07-14T16:45:54.857+0000] {processor.py:840} INFO - DAG(s) 'pet_adoption_dag' retrieved from /opt/airflow/dags/pet_adoption_dag.py
[2024-07-14T16:45:54.900+0000] {logging_mixin.py:188} INFO - [2024-07-14T16:45:54.899+0000] {dag.py:3096} INFO - Sync 1 DAGs
[2024-07-14T16:45:54.949+0000] {logging_mixin.py:188} INFO - [2024-07-14T16:45:54.949+0000] {dag.py:3954} INFO - Setting next_dagrun for pet_adoption_dag to 2024-07-14 00:00:00+00:00, run_after=2024-07-15 00:00:00+00:00
[2024-07-14T16:45:54.989+0000] {processor.py:183} INFO - Processing /opt/airflow/dags/pet_adoption_dag.py took 1.240 seconds
[2024-07-14T16:46:02.518+0000] {processor.py:161} INFO - Started process (PID=3885) to work on /opt/airflow/dags/pet_adoption_dag.py
[2024-07-14T16:46:02.520+0000] {processor.py:830} INFO - Processing file /opt/airflow/dags/pet_adoption_dag.py for tasks to queue
[2024-07-14T16:46:02.523+0000] {logging_mixin.py:188} INFO - [2024-07-14T16:46:02.523+0000] {dagbag.py:545} INFO - Filling up the DagBag from /opt/airflow/dags/pet_adoption_dag.py
[2024-07-14T16:46:03.621+0000] {processor.py:840} INFO - DAG(s) 'pet_adoption_dag' retrieved from /opt/airflow/dags/pet_adoption_dag.py
[2024-07-14T16:46:03.648+0000] {logging_mixin.py:188} INFO - [2024-07-14T16:46:03.647+0000] {dag.py:3096} INFO - Sync 1 DAGs
[2024-07-14T16:46:03.680+0000] {logging_mixin.py:188} INFO - [2024-07-14T16:46:03.679+0000] {dag.py:3954} INFO - Setting next_dagrun for pet_adoption_dag to 2024-07-14 00:00:00+00:00, run_after=2024-07-15 00:00:00+00:00
[2024-07-14T16:46:03.710+0000] {processor.py:183} INFO - Processing /opt/airflow/dags/pet_adoption_dag.py took 1.211 seconds
[2024-07-14T16:46:08.274+0000] {processor.py:161} INFO - Started process (PID=3945) to work on /opt/airflow/dags/pet_adoption_dag.py
[2024-07-14T16:46:08.276+0000] {processor.py:830} INFO - Processing file /opt/airflow/dags/pet_adoption_dag.py for tasks to queue
[2024-07-14T16:46:08.280+0000] {logging_mixin.py:188} INFO - [2024-07-14T16:46:08.279+0000] {dagbag.py:545} INFO - Filling up the DagBag from /opt/airflow/dags/pet_adoption_dag.py
[2024-07-14T16:46:09.298+0000] {processor.py:840} INFO - DAG(s) 'pet_adoption_dag' retrieved from /opt/airflow/dags/pet_adoption_dag.py
[2024-07-14T16:46:09.329+0000] {logging_mixin.py:188} INFO - [2024-07-14T16:46:09.328+0000] {dag.py:3096} INFO - Sync 1 DAGs
[2024-07-14T16:46:09.371+0000] {logging_mixin.py:188} INFO - [2024-07-14T16:46:09.370+0000] {dag.py:3954} INFO - Setting next_dagrun for pet_adoption_dag to 2024-07-14 00:00:00+00:00, run_after=2024-07-15 00:00:00+00:00
[2024-07-14T16:46:09.397+0000] {processor.py:183} INFO - Processing /opt/airflow/dags/pet_adoption_dag.py took 1.134 seconds
[2024-07-14T16:46:13.740+0000] {processor.py:161} INFO - Started process (PID=3997) to work on /opt/airflow/dags/pet_adoption_dag.py
[2024-07-14T16:46:13.743+0000] {processor.py:830} INFO - Processing file /opt/airflow/dags/pet_adoption_dag.py for tasks to queue
[2024-07-14T16:46:13.747+0000] {logging_mixin.py:188} INFO - [2024-07-14T16:46:13.746+0000] {dagbag.py:545} INFO - Filling up the DagBag from /opt/airflow/dags/pet_adoption_dag.py
[2024-07-14T16:46:14.782+0000] {processor.py:840} INFO - DAG(s) 'pet_adoption_dag' retrieved from /opt/airflow/dags/pet_adoption_dag.py
[2024-07-14T16:46:14.812+0000] {logging_mixin.py:188} INFO - [2024-07-14T16:46:14.812+0000] {dag.py:3096} INFO - Sync 1 DAGs
[2024-07-14T16:46:14.848+0000] {logging_mixin.py:188} INFO - [2024-07-14T16:46:14.848+0000] {dag.py:3954} INFO - Setting next_dagrun for pet_adoption_dag to 2024-07-14 00:00:00+00:00, run_after=2024-07-15 00:00:00+00:00
[2024-07-14T16:46:14.877+0000] {processor.py:183} INFO - Processing /opt/airflow/dags/pet_adoption_dag.py took 1.149 seconds
[2024-07-14T16:46:19.573+0000] {processor.py:161} INFO - Started process (PID=4049) to work on /opt/airflow/dags/pet_adoption_dag.py
[2024-07-14T16:46:19.575+0000] {processor.py:830} INFO - Processing file /opt/airflow/dags/pet_adoption_dag.py for tasks to queue
[2024-07-14T16:46:19.579+0000] {logging_mixin.py:188} INFO - [2024-07-14T16:46:19.578+0000] {dagbag.py:545} INFO - Filling up the DagBag from /opt/airflow/dags/pet_adoption_dag.py
[2024-07-14T16:46:20.309+0000] {processor.py:840} INFO - DAG(s) 'pet_adoption_dag' retrieved from /opt/airflow/dags/pet_adoption_dag.py
[2024-07-14T16:46:20.346+0000] {logging_mixin.py:188} INFO - [2024-07-14T16:46:20.345+0000] {dag.py:3096} INFO - Sync 1 DAGs
[2024-07-14T16:46:20.388+0000] {logging_mixin.py:188} INFO - [2024-07-14T16:46:20.387+0000] {dag.py:3954} INFO - Setting next_dagrun for pet_adoption_dag to 2024-07-14 00:00:00+00:00, run_after=2024-07-15 00:00:00+00:00
[2024-07-14T16:46:20.418+0000] {processor.py:183} INFO - Processing /opt/airflow/dags/pet_adoption_dag.py took 0.855 seconds
