[2024-05-10T15:45:22.179+0000] {local_task_job_runner.py:120} INFO - ::group::Pre task execution logs
[2024-05-10T15:45:22.272+0000] {taskinstance.py:2076} INFO - Dependencies all met for dep_context=non-requeueable deps ti=<TaskInstance: etl_mysql_to_hive_all_2.table3.get_schema manual__2024-05-10T15:45:04.318026+00:00 [queued]>
[2024-05-10T15:45:22.300+0000] {taskinstance.py:2076} INFO - Dependencies all met for dep_context=requeueable deps ti=<TaskInstance: etl_mysql_to_hive_all_2.table3.get_schema manual__2024-05-10T15:45:04.318026+00:00 [queued]>
[2024-05-10T15:45:22.301+0000] {taskinstance.py:2306} INFO - Starting attempt 1 of 1
[2024-05-10T15:45:22.344+0000] {taskinstance.py:2330} INFO - Executing <Task(MySqlOperator): table3.get_schema> on 2024-05-10 15:45:04.318026+00:00
[2024-05-10T15:45:22.361+0000] {standard_task_runner.py:63} INFO - Started process 2302 to run task
[2024-05-10T15:45:22.368+0000] {standard_task_runner.py:90} INFO - Running: ['***', 'tasks', 'run', 'etl_mysql_to_hive_all_2', 'table3.get_schema', 'manual__2024-05-10T15:45:04.318026+00:00', '--job-id', '153', '--raw', '--subdir', 'DAGS_FOLDER/etl_mysql_to_hive_all_2.py', '--cfg-path', '/tmp/tmpkyuj69gs']
[2024-05-10T15:45:22.375+0000] {standard_task_runner.py:91} INFO - Job 153: Subtask table3.get_schema
[2024-05-10T15:45:22.531+0000] {task_command.py:426} INFO - Running <TaskInstance: etl_mysql_to_hive_all_2.table3.get_schema manual__2024-05-10T15:45:04.318026+00:00 [running]> on host feac594d54b9
[2024-05-10T15:45:22.823+0000] {taskinstance.py:2648} INFO - Exporting env vars: AIRFLOW_CTX_DAG_OWNER='***' AIRFLOW_CTX_DAG_ID='etl_mysql_to_hive_all_2' AIRFLOW_CTX_TASK_ID='table3.get_schema' AIRFLOW_CTX_EXECUTION_DATE='2024-05-10T15:45:04.318026+00:00' AIRFLOW_CTX_TRY_NUMBER='1' AIRFLOW_CTX_DAG_RUN_ID='manual__2024-05-10T15:45:04.318026+00:00'
[2024-05-10T15:45:22.839+0000] {taskinstance.py:430} INFO - ::endgroup::
[2024-05-10T15:45:22.841+0000] {sql.py:276} INFO - Executing: DESC table3
[2024-05-10T15:45:22.871+0000] {base.py:84} INFO - Using connection ID 'mysql_default' for task execution.
[2024-05-10T15:45:22.905+0000] {base.py:84} INFO - Using connection ID 'mysql_default' for task execution.
[2024-05-10T15:45:22.955+0000] {sql.py:470} INFO - Running statement: DESC table3, parameters: None
[2024-05-10T15:45:22.960+0000] {taskinstance.py:441} INFO - ::group::Post task execution logs
[2024-05-10T15:45:22.967+0000] {taskinstance.py:2905} ERROR - Task failed with exception
Traceback (most recent call last):
  File "/home/airflow/.local/lib/python3.11/site-packages/airflow/models/taskinstance.py", line 465, in _execute_task
    result = _execute_callable(context=context, **execute_callable_kwargs)
             ^^^^^^^^^^^^^^^^^^^^^^^^^^^^^^^^^^^^^^^^^^^^^^^^^^^^^^^^^^^^^
  File "/home/airflow/.local/lib/python3.11/site-packages/airflow/models/taskinstance.py", line 432, in _execute_callable
    return execute_callable(context=context, **execute_callable_kwargs)
           ^^^^^^^^^^^^^^^^^^^^^^^^^^^^^^^^^^^^^^^^^^^^^^^^^^^^^^^^^^^^
  File "/home/airflow/.local/lib/python3.11/site-packages/airflow/models/baseoperator.py", line 400, in wrapper
    return func(self, *args, **kwargs)
           ^^^^^^^^^^^^^^^^^^^^^^^^^^^
  File "/home/airflow/.local/lib/python3.11/site-packages/airflow/providers/common/sql/operators/sql.py", line 282, in execute
    output = hook.run(
             ^^^^^^^^^
  File "/home/airflow/.local/lib/python3.11/site-packages/airflow/providers/common/sql/hooks/sql.py", line 418, in run
    self._run_command(cur, sql_statement, parameters)
  File "/home/airflow/.local/lib/python3.11/site-packages/airflow/providers/common/sql/hooks/sql.py", line 475, in _run_command
    cur.execute(sql_statement)
  File "/home/airflow/.local/lib/python3.11/site-packages/MySQLdb/cursors.py", line 179, in execute
    res = self._query(mogrified_query)
          ^^^^^^^^^^^^^^^^^^^^^^^^^^^^
  File "/home/airflow/.local/lib/python3.11/site-packages/MySQLdb/cursors.py", line 330, in _query
    db.query(q)
  File "/home/airflow/.local/lib/python3.11/site-packages/MySQLdb/connections.py", line 261, in query
    _mysql.connection.query(self, query)
MySQLdb.OperationalError: (1046, 'No database selected')
[2024-05-10T15:45:23.019+0000] {taskinstance.py:1206} INFO - Marking task as FAILED. dag_id=etl_mysql_to_hive_all_2, task_id=table3.get_schema, run_id=manual__2024-05-10T15:45:04.318026+00:00, execution_date=20240510T154504, start_date=20240510T154522, end_date=20240510T154523
[2024-05-10T15:45:23.054+0000] {standard_task_runner.py:110} ERROR - Failed to execute job 153 for task table3.get_schema ((1046, 'No database selected'); 2302)
[2024-05-10T15:45:23.131+0000] {local_task_job_runner.py:240} INFO - Task exited with return code 1
[2024-05-10T15:45:23.174+0000] {warnings.py:110} WARNING - /home/***/.local/lib/python3.11/site-packages/***/models/baseoperator.py:1296: AirflowProviderDeprecationWarning: Call to deprecated class MySqlOperator. (Please use `***.providers.common.sql.operators.sql.SQLExecuteQueryOperator`.Also, you can provide `hook_params={'schema': <database>}`.)
  result = cls.__new__(cls)

[2024-05-10T15:45:23.254+0000] {taskinstance.py:3498} INFO - 0 downstream tasks scheduled from follow-on schedule check
[2024-05-10T15:45:23.267+0000] {local_task_job_runner.py:222} INFO - ::endgroup::
