[2024-05-11T15:16:04.770+0000] {local_task_job_runner.py:120} INFO - ::group::Pre task execution logs
[2024-05-11T15:16:04.819+0000] {taskinstance.py:2076} INFO - Dependencies all met for dep_context=non-requeueable deps ti=<TaskInstance: template_reference.demo_template scheduled__2024-05-11T15:15:00+00:00 [queued]>
[2024-05-11T15:16:04.838+0000] {taskinstance.py:2076} INFO - Dependencies all met for dep_context=requeueable deps ti=<TaskInstance: template_reference.demo_template scheduled__2024-05-11T15:15:00+00:00 [queued]>
[2024-05-11T15:16:04.839+0000] {taskinstance.py:2306} INFO - Starting attempt 1 of 1
[2024-05-11T15:16:04.870+0000] {taskinstance.py:2330} INFO - Executing <Task(PythonOperator): demo_template> on 2024-05-11 15:15:00+00:00
[2024-05-11T15:16:04.880+0000] {standard_task_runner.py:63} INFO - Started process 6112 to run task
[2024-05-11T15:16:04.886+0000] {standard_task_runner.py:90} INFO - Running: ['***', 'tasks', 'run', 'template_reference', 'demo_template', 'scheduled__2024-05-11T15:15:00+00:00', '--job-id', '668', '--raw', '--subdir', 'DAGS_FOLDER/template_reference.py', '--cfg-path', '/tmp/tmpcuwmmlvx']
[2024-05-11T15:16:04.892+0000] {standard_task_runner.py:91} INFO - Job 668: Subtask demo_template
[2024-05-11T15:16:04.981+0000] {task_command.py:426} INFO - Running <TaskInstance: template_reference.demo_template scheduled__2024-05-11T15:15:00+00:00 [running]> on host 94409fb18ddd
[2024-05-11T15:16:05.236+0000] {taskinstance.py:2648} INFO - Exporting env vars: AIRFLOW_CTX_DAG_OWNER='***' AIRFLOW_CTX_DAG_ID='template_reference' AIRFLOW_CTX_TASK_ID='demo_template' AIRFLOW_CTX_EXECUTION_DATE='2024-05-11T15:15:00+00:00' AIRFLOW_CTX_TRY_NUMBER='1' AIRFLOW_CTX_DAG_RUN_ID='scheduled__2024-05-11T15:15:00+00:00'
[2024-05-11T15:16:05.238+0000] {taskinstance.py:430} INFO - ::endgroup::
[2024-05-11T15:16:05.240+0000] {logging_mixin.py:188} INFO - === logical date ==>
[2024-05-11T15:16:05.241+0000] {logging_mixin.py:188} INFO - data_interval_start: 2024-05-11 15:15:00+00:00
[2024-05-11T15:16:05.243+0000] {logging_mixin.py:188} INFO - data_interval_end: 2024-05-11 15:16:00+00:00
[2024-05-11T15:16:05.244+0000] {logging_mixin.py:188} INFO - === get date and timestamp ==>
[2024-05-11T15:16:05.245+0000] {logging_mixin.py:188} INFO - ds: 2024-05-11
[2024-05-11T15:16:05.246+0000] {logging_mixin.py:188} INFO - ts: 2024-05-11T15:15:00+00:00
[2024-05-11T15:16:05.246+0000] {logging_mixin.py:188} INFO - === realtime ==>
[2024-05-11T15:16:05.247+0000] {logging_mixin.py:188} INFO - dag_run_start_date: 2024-05-11 15:16:00.194278+00:00
[2024-05-11T15:16:05.248+0000] {logging_mixin.py:188} INFO - start_task_start_date: 2024-05-11 15:16:00.241487+00:00
[2024-05-11T15:16:05.249+0000] {logging_mixin.py:188} INFO - === transform ==>
[2024-05-11T15:16:05.250+0000] {logging_mixin.py:188} INFO - data_interval_end_wib: 2024-05-10 22:16:00
[2024-05-11T15:16:05.250+0000] {logging_mixin.py:188} INFO - datetime_string: 2023-12-31 00:00:00
[2024-05-11T15:16:05.251+0000] {python.py:237} INFO - Done. Returned value was: None
[2024-05-11T15:16:05.252+0000] {taskinstance.py:441} INFO - ::group::Post task execution logs
[2024-05-11T15:16:05.285+0000] {taskinstance.py:1206} INFO - Marking task as SUCCESS. dag_id=template_reference, task_id=demo_template, run_id=scheduled__2024-05-11T15:15:00+00:00, execution_date=20240511T151500, start_date=20240511T151604, end_date=20240511T151605
[2024-05-11T15:16:05.341+0000] {local_task_job_runner.py:240} INFO - Task exited with return code 0
[2024-05-11T15:16:05.363+0000] {local_task_job_runner.py:222} INFO - ::endgroup::
