[2024-05-10T14:36:04.446+0000] {local_task_job_runner.py:120} INFO - ::group::Pre task execution logs
[2024-05-10T14:36:04.489+0000] {taskinstance.py:2076} INFO - Dependencies all met for dep_context=non-requeueable deps ti=<TaskInstance: template_reference.demo_template scheduled__2024-05-10T14:35:00+00:00 [queued]>
[2024-05-10T14:36:04.505+0000] {taskinstance.py:2076} INFO - Dependencies all met for dep_context=requeueable deps ti=<TaskInstance: template_reference.demo_template scheduled__2024-05-10T14:35:00+00:00 [queued]>
[2024-05-10T14:36:04.506+0000] {taskinstance.py:2306} INFO - Starting attempt 1 of 1
[2024-05-10T14:36:04.530+0000] {taskinstance.py:2330} INFO - Executing <Task(PythonOperator): demo_template> on 2024-05-10 14:35:00+00:00
[2024-05-10T14:36:04.539+0000] {standard_task_runner.py:63} INFO - Started process 864 to run task
[2024-05-10T14:36:04.545+0000] {standard_task_runner.py:90} INFO - Running: ['***', 'tasks', 'run', 'template_reference', 'demo_template', 'scheduled__2024-05-10T14:35:00+00:00', '--job-id', '64', '--raw', '--subdir', 'DAGS_FOLDER/template_reference.py', '--cfg-path', '/tmp/tmpi2gj6a5x']
[2024-05-10T14:36:04.550+0000] {standard_task_runner.py:91} INFO - Job 64: Subtask demo_template
[2024-05-10T14:36:04.634+0000] {task_command.py:426} INFO - Running <TaskInstance: template_reference.demo_template scheduled__2024-05-10T14:35:00+00:00 [running]> on host feac594d54b9
[2024-05-10T14:36:04.838+0000] {taskinstance.py:2648} INFO - Exporting env vars: AIRFLOW_CTX_DAG_OWNER='***' AIRFLOW_CTX_DAG_ID='template_reference' AIRFLOW_CTX_TASK_ID='demo_template' AIRFLOW_CTX_EXECUTION_DATE='2024-05-10T14:35:00+00:00' AIRFLOW_CTX_TRY_NUMBER='1' AIRFLOW_CTX_DAG_RUN_ID='scheduled__2024-05-10T14:35:00+00:00'
[2024-05-10T14:36:04.842+0000] {taskinstance.py:430} INFO - ::endgroup::
[2024-05-10T14:36:04.843+0000] {logging_mixin.py:188} INFO - === logical date ==>
[2024-05-10T14:36:04.844+0000] {logging_mixin.py:188} INFO - data_interval_start: 2024-05-10 14:35:00+00:00
[2024-05-10T14:36:04.844+0000] {logging_mixin.py:188} INFO - data_interval_end: 2024-05-10 14:36:00+00:00
[2024-05-10T14:36:04.845+0000] {logging_mixin.py:188} INFO - === get date and timestamp ==>
[2024-05-10T14:36:04.846+0000] {logging_mixin.py:188} INFO - ds: 2024-05-10
[2024-05-10T14:36:04.846+0000] {logging_mixin.py:188} INFO - ts: 2024-05-10T14:35:00+00:00
[2024-05-10T14:36:04.847+0000] {logging_mixin.py:188} INFO - === realtime ==>
[2024-05-10T14:36:04.847+0000] {logging_mixin.py:188} INFO - dag_run_start_date: 2024-05-10 14:36:00.785518+00:00
[2024-05-10T14:36:04.848+0000] {logging_mixin.py:188} INFO - start_task_start_date: 2024-05-10 14:36:00.809802+00:00
[2024-05-10T14:36:04.849+0000] {logging_mixin.py:188} INFO - === transform ==>
[2024-05-10T14:36:04.850+0000] {logging_mixin.py:188} INFO - data_interval_end_wib: 2024-05-09 21:36:00
[2024-05-10T14:36:04.851+0000] {logging_mixin.py:188} INFO - datetime_string: 2023-12-31 00:00:00
[2024-05-10T14:36:04.852+0000] {python.py:237} INFO - Done. Returned value was: None
[2024-05-10T14:36:04.853+0000] {taskinstance.py:441} INFO - ::group::Post task execution logs
[2024-05-10T14:36:04.873+0000] {taskinstance.py:1206} INFO - Marking task as SUCCESS. dag_id=template_reference, task_id=demo_template, run_id=scheduled__2024-05-10T14:35:00+00:00, execution_date=20240510T143500, start_date=20240510T143604, end_date=20240510T143604
[2024-05-10T14:36:04.918+0000] {local_task_job_runner.py:240} INFO - Task exited with return code 0
[2024-05-10T14:36:04.956+0000] {taskinstance.py:3498} INFO - 0 downstream tasks scheduled from follow-on schedule check
[2024-05-10T14:36:04.959+0000] {local_task_job_runner.py:222} INFO - ::endgroup::
