[2024-05-10T14:11:05.553+0000] {local_task_job_runner.py:120} INFO - ::group::Pre task execution logs
[2024-05-10T14:11:05.600+0000] {taskinstance.py:2076} INFO - Dependencies all met for dep_context=non-requeueable deps ti=<TaskInstance: template_reference.demo_template scheduled__2024-05-10T14:10:00+00:00 [queued]>
[2024-05-10T14:11:05.620+0000] {taskinstance.py:2076} INFO - Dependencies all met for dep_context=requeueable deps ti=<TaskInstance: template_reference.demo_template scheduled__2024-05-10T14:10:00+00:00 [queued]>
[2024-05-10T14:11:05.621+0000] {taskinstance.py:2306} INFO - Starting attempt 1 of 1
[2024-05-10T14:11:05.658+0000] {taskinstance.py:2330} INFO - Executing <Task(PythonOperator): demo_template> on 2024-05-10 14:10:00+00:00
[2024-05-10T14:11:05.670+0000] {standard_task_runner.py:63} INFO - Started process 494 to run task
[2024-05-10T14:11:05.677+0000] {standard_task_runner.py:90} INFO - Running: ['***', 'tasks', 'run', 'template_reference', 'demo_template', 'scheduled__2024-05-10T14:10:00+00:00', '--job-id', '37', '--raw', '--subdir', 'DAGS_FOLDER/template_reference.py', '--cfg-path', '/tmp/tmpposhqtg2']
[2024-05-10T14:11:05.683+0000] {standard_task_runner.py:91} INFO - Job 37: Subtask demo_template
[2024-05-10T14:11:05.790+0000] {task_command.py:426} INFO - Running <TaskInstance: template_reference.demo_template scheduled__2024-05-10T14:10:00+00:00 [running]> on host feac594d54b9
[2024-05-10T14:11:06.072+0000] {taskinstance.py:2648} INFO - Exporting env vars: AIRFLOW_CTX_DAG_OWNER='***' AIRFLOW_CTX_DAG_ID='template_reference' AIRFLOW_CTX_TASK_ID='demo_template' AIRFLOW_CTX_EXECUTION_DATE='2024-05-10T14:10:00+00:00' AIRFLOW_CTX_TRY_NUMBER='1' AIRFLOW_CTX_DAG_RUN_ID='scheduled__2024-05-10T14:10:00+00:00'
[2024-05-10T14:11:06.075+0000] {taskinstance.py:430} INFO - ::endgroup::
[2024-05-10T14:11:06.077+0000] {logging_mixin.py:188} INFO - === logical date ==>
[2024-05-10T14:11:06.078+0000] {logging_mixin.py:188} INFO - data_interval_start: 2024-05-10 14:10:00+00:00
[2024-05-10T14:11:06.079+0000] {logging_mixin.py:188} INFO - data_interval_end: 2024-05-10 14:11:00+00:00
[2024-05-10T14:11:06.080+0000] {logging_mixin.py:188} INFO - === get date and timestamp ==>
[2024-05-10T14:11:06.081+0000] {logging_mixin.py:188} INFO - ds: 2024-05-10
[2024-05-10T14:11:06.082+0000] {logging_mixin.py:188} INFO - ts: 2024-05-10T14:10:00+00:00
[2024-05-10T14:11:06.082+0000] {logging_mixin.py:188} INFO - === realtime ==>
[2024-05-10T14:11:06.083+0000] {logging_mixin.py:188} INFO - dag_run_start_date: 2024-05-10 14:11:00.469208+00:00
[2024-05-10T14:11:06.084+0000] {logging_mixin.py:188} INFO - start_task_start_date: 2024-05-10 14:11:00.491407+00:00
[2024-05-10T14:11:06.084+0000] {logging_mixin.py:188} INFO - === transform ==>
[2024-05-10T14:11:06.085+0000] {logging_mixin.py:188} INFO - data_interval_end_wib: 2024-05-09 21:11:00
[2024-05-10T14:11:06.086+0000] {logging_mixin.py:188} INFO - datetime_string: 2023-12-31 00:00:00
[2024-05-10T14:11:06.086+0000] {python.py:237} INFO - Done. Returned value was: None
[2024-05-10T14:11:06.088+0000] {taskinstance.py:441} INFO - ::group::Post task execution logs
[2024-05-10T14:11:06.106+0000] {taskinstance.py:1206} INFO - Marking task as SUCCESS. dag_id=template_reference, task_id=demo_template, run_id=scheduled__2024-05-10T14:10:00+00:00, execution_date=20240510T141000, start_date=20240510T141105, end_date=20240510T141106
[2024-05-10T14:11:06.171+0000] {local_task_job_runner.py:240} INFO - Task exited with return code 0
[2024-05-10T14:11:06.208+0000] {taskinstance.py:3498} INFO - 0 downstream tasks scheduled from follow-on schedule check
[2024-05-10T14:11:06.212+0000] {local_task_job_runner.py:222} INFO - ::endgroup::
