[2024-05-09T17:10:59.942+0000] {local_task_job_runner.py:120} INFO - ::group::Pre task execution logs
[2024-05-09T17:11:00.001+0000] {taskinstance.py:2076} INFO - Dependencies all met for dep_context=non-requeueable deps ti=<TaskInstance: mysql_query.mysql_query manual__2024-05-09T17:10:53.929262+00:00 [queued]>
[2024-05-09T17:11:00.029+0000] {taskinstance.py:2076} INFO - Dependencies all met for dep_context=requeueable deps ti=<TaskInstance: mysql_query.mysql_query manual__2024-05-09T17:10:53.929262+00:00 [queued]>
[2024-05-09T17:11:00.031+0000] {taskinstance.py:2306} INFO - Starting attempt 1 of 1
[2024-05-09T17:11:00.079+0000] {taskinstance.py:2330} INFO - Executing <Task(MySqlOperator): mysql_query> on 2024-05-09 17:10:53.929262+00:00
[2024-05-09T17:11:00.096+0000] {standard_task_runner.py:63} INFO - Started process 314 to run task
[2024-05-09T17:11:00.104+0000] {standard_task_runner.py:90} INFO - Running: ['***', 'tasks', 'run', 'mysql_query', 'mysql_query', 'manual__2024-05-09T17:10:53.929262+00:00', '--job-id', '8', '--raw', '--subdir', 'DAGS_FOLDER/mysql_query.py', '--cfg-path', '/tmp/tmp9493hhue']
[2024-05-09T17:11:00.113+0000] {standard_task_runner.py:91} INFO - Job 8: Subtask mysql_query
[2024-05-09T17:11:00.242+0000] {task_command.py:426} INFO - Running <TaskInstance: mysql_query.mysql_query manual__2024-05-09T17:10:53.929262+00:00 [running]> on host a602b01b49ab
[2024-05-09T17:11:00.500+0000] {taskinstance.py:2648} INFO - Exporting env vars: AIRFLOW_CTX_DAG_OWNER='***' AIRFLOW_CTX_DAG_ID='mysql_query' AIRFLOW_CTX_TASK_ID='mysql_query' AIRFLOW_CTX_EXECUTION_DATE='2024-05-09T17:10:53.929262+00:00' AIRFLOW_CTX_TRY_NUMBER='1' AIRFLOW_CTX_DAG_RUN_ID='manual__2024-05-09T17:10:53.929262+00:00'
[2024-05-09T17:11:00.508+0000] {taskinstance.py:430} INFO - ::endgroup::
[2024-05-09T17:11:00.510+0000] {sql.py:276} INFO - Executing: SELECT * FROM dibimbing.karyawan
[2024-05-09T17:11:00.539+0000] {base.py:84} INFO - Using connection ID 'mysql_default' for task execution.
[2024-05-09T17:11:00.583+0000] {base.py:84} INFO - Using connection ID 'mysql_default' for task execution.
[2024-05-09T17:11:00.731+0000] {sql.py:470} INFO - Running statement: SELECT * FROM ***.karyawan, parameters: None
[2024-05-09T17:11:00.739+0000] {sql.py:479} INFO - Rows affected: 0
[2024-05-09T17:11:00.745+0000] {taskinstance.py:441} INFO - ::group::Post task execution logs
[2024-05-09T17:11:00.833+0000] {taskinstance.py:1206} INFO - Marking task as SUCCESS. dag_id=mysql_query, task_id=mysql_query, run_id=manual__2024-05-09T17:10:53.929262+00:00, execution_date=20240509T171053, start_date=20240509T171100, end_date=20240509T171100
[2024-05-09T17:11:00.888+0000] {local_task_job_runner.py:240} INFO - Task exited with return code 0
[2024-05-09T17:11:00.917+0000] {warnings.py:110} WARNING - /home/***/.local/lib/python3.11/site-packages/***/models/baseoperator.py:1296: AirflowProviderDeprecationWarning: Call to deprecated class MySqlOperator. (Please use `***.providers.common.sql.operators.sql.SQLExecuteQueryOperator`.Also, you can provide `hook_params={'schema': <database>}`.)
  result = cls.__new__(cls)

[2024-05-09T17:11:00.949+0000] {taskinstance.py:3498} INFO - 0 downstream tasks scheduled from follow-on schedule check
[2024-05-09T17:11:00.954+0000] {local_task_job_runner.py:222} INFO - ::endgroup::
