[2024-05-11T17:24:58.040+0000] {local_task_job_runner.py:120} INFO - ::group::Pre task execution logs
[2024-05-11T17:24:58.098+0000] {taskinstance.py:2076} INFO - Dependencies all met for dep_context=non-requeueable deps ti=<TaskInstance: etl_mysql_to_hive_all.dibimbing__position.extract_from_mysql manual__2024-05-11T17:24:46.425512+00:00 [queued]>
[2024-05-11T17:24:58.117+0000] {taskinstance.py:2076} INFO - Dependencies all met for dep_context=requeueable deps ti=<TaskInstance: etl_mysql_to_hive_all.dibimbing__position.extract_from_mysql manual__2024-05-11T17:24:46.425512+00:00 [queued]>
[2024-05-11T17:24:58.118+0000] {taskinstance.py:2306} INFO - Starting attempt 1 of 1
[2024-05-11T17:24:58.163+0000] {taskinstance.py:2330} INFO - Executing <Task(MySqlOperator): dibimbing__position.extract_from_mysql> on 2024-05-11 17:24:46.425512+00:00
[2024-05-11T17:24:58.177+0000] {standard_task_runner.py:63} INFO - Started process 8654 to run task
[2024-05-11T17:24:58.184+0000] {standard_task_runner.py:90} INFO - Running: ['***', 'tasks', 'run', 'etl_mysql_to_hive_all', 'dibimbing__position.extract_from_mysql', 'manual__2024-05-11T17:24:46.425512+00:00', '--job-id', '819', '--raw', '--subdir', 'DAGS_FOLDER/etl_mysql_to_hive_all.py', '--cfg-path', '/tmp/tmpd96m4o0u']
[2024-05-11T17:24:58.194+0000] {standard_task_runner.py:91} INFO - Job 819: Subtask dibimbing__position.extract_from_mysql
[2024-05-11T17:24:58.295+0000] {task_command.py:426} INFO - Running <TaskInstance: etl_mysql_to_hive_all.dibimbing__position.extract_from_mysql manual__2024-05-11T17:24:46.425512+00:00 [running]> on host 94409fb18ddd
[2024-05-11T17:24:58.516+0000] {taskinstance.py:2648} INFO - Exporting env vars: AIRFLOW_CTX_DAG_OWNER='***' AIRFLOW_CTX_DAG_ID='etl_mysql_to_hive_all' AIRFLOW_CTX_TASK_ID='dibimbing__position.extract_from_mysql' AIRFLOW_CTX_EXECUTION_DATE='2024-05-11T17:24:46.425512+00:00' AIRFLOW_CTX_TRY_NUMBER='1' AIRFLOW_CTX_DAG_RUN_ID='manual__2024-05-11T17:24:46.425512+00:00'
[2024-05-11T17:24:58.525+0000] {taskinstance.py:430} INFO - ::endgroup::
[2024-05-11T17:24:58.526+0000] {sql.py:276} INFO - Executing: SELECT * FROM dibimbing.position
[2024-05-11T17:24:58.552+0000] {base.py:84} INFO - Using connection ID 'mysql_default' for task execution.
[2024-05-11T17:24:58.579+0000] {base.py:84} INFO - Using connection ID 'mysql_default' for task execution.
[2024-05-11T17:24:58.616+0000] {sql.py:470} INFO - Running statement: SELECT * FROM ***.position, parameters: None
[2024-05-11T17:24:58.621+0000] {sql.py:479} INFO - Rows affected: 3
[2024-05-11T17:24:58.626+0000] {taskinstance.py:441} INFO - ::group::Post task execution logs
[2024-05-11T17:24:58.681+0000] {taskinstance.py:1206} INFO - Marking task as SUCCESS. dag_id=etl_mysql_to_hive_all, task_id=***__position.extract_from_mysql, run_id=manual__2024-05-11T17:24:46.425512+00:00, execution_date=20240511T172446, start_date=20240511T172458, end_date=20240511T172458
[2024-05-11T17:24:58.719+0000] {local_task_job_runner.py:240} INFO - Task exited with return code 0
[2024-05-11T17:24:58.741+0000] {warnings.py:110} WARNING - /home/***/.local/lib/python3.11/site-packages/***/models/baseoperator.py:1296: AirflowProviderDeprecationWarning: Call to deprecated class MySqlOperator. (Please use `***.providers.common.sql.operators.sql.SQLExecuteQueryOperator`.Also, you can provide `hook_params={'schema': <database>}`.)
  result = cls.__new__(cls)

[2024-05-11T17:24:58.785+0000] {taskinstance.py:3498} INFO - 1 downstream tasks scheduled from follow-on schedule check
[2024-05-11T17:24:58.790+0000] {local_task_job_runner.py:222} INFO - ::endgroup::
