[2024-05-10T15:06:04.480+0000] {local_task_job_runner.py:120} INFO - ::group::Pre task execution logs
[2024-05-10T15:06:04.529+0000] {taskinstance.py:2076} INFO - Dependencies all met for dep_context=non-requeueable deps ti=<TaskInstance: template_reference.demo_template scheduled__2024-05-10T15:05:00+00:00 [queued]>
[2024-05-10T15:06:04.547+0000] {taskinstance.py:2076} INFO - Dependencies all met for dep_context=requeueable deps ti=<TaskInstance: template_reference.demo_template scheduled__2024-05-10T15:05:00+00:00 [queued]>
[2024-05-10T15:06:04.548+0000] {taskinstance.py:2306} INFO - Starting attempt 1 of 1
[2024-05-10T15:06:04.583+0000] {taskinstance.py:2330} INFO - Executing <Task(PythonOperator): demo_template> on 2024-05-10 15:05:00+00:00
[2024-05-10T15:06:04.593+0000] {standard_task_runner.py:63} INFO - Started process 1381 to run task
[2024-05-10T15:06:04.598+0000] {standard_task_runner.py:90} INFO - Running: ['***', 'tasks', 'run', 'template_reference', 'demo_template', 'scheduled__2024-05-10T15:05:00+00:00', '--job-id', '100', '--raw', '--subdir', 'DAGS_FOLDER/template_reference.py', '--cfg-path', '/tmp/tmp29ov9p87']
[2024-05-10T15:06:04.604+0000] {standard_task_runner.py:91} INFO - Job 100: Subtask demo_template
[2024-05-10T15:06:04.703+0000] {task_command.py:426} INFO - Running <TaskInstance: template_reference.demo_template scheduled__2024-05-10T15:05:00+00:00 [running]> on host feac594d54b9
[2024-05-10T15:06:05.023+0000] {taskinstance.py:2648} INFO - Exporting env vars: AIRFLOW_CTX_DAG_OWNER='***' AIRFLOW_CTX_DAG_ID='template_reference' AIRFLOW_CTX_TASK_ID='demo_template' AIRFLOW_CTX_EXECUTION_DATE='2024-05-10T15:05:00+00:00' AIRFLOW_CTX_TRY_NUMBER='1' AIRFLOW_CTX_DAG_RUN_ID='scheduled__2024-05-10T15:05:00+00:00'
[2024-05-10T15:06:05.028+0000] {taskinstance.py:430} INFO - ::endgroup::
[2024-05-10T15:06:05.030+0000] {logging_mixin.py:188} INFO - === logical date ==>
[2024-05-10T15:06:05.031+0000] {logging_mixin.py:188} INFO - data_interval_start: 2024-05-10 15:05:00+00:00
[2024-05-10T15:06:05.032+0000] {logging_mixin.py:188} INFO - data_interval_end: 2024-05-10 15:06:00+00:00
[2024-05-10T15:06:05.033+0000] {logging_mixin.py:188} INFO - === get date and timestamp ==>
[2024-05-10T15:06:05.034+0000] {logging_mixin.py:188} INFO - ds: 2024-05-10
[2024-05-10T15:06:05.036+0000] {logging_mixin.py:188} INFO - ts: 2024-05-10T15:05:00+00:00
[2024-05-10T15:06:05.038+0000] {logging_mixin.py:188} INFO - === realtime ==>
[2024-05-10T15:06:05.039+0000] {logging_mixin.py:188} INFO - dag_run_start_date: 2024-05-10 15:06:00.311575+00:00
[2024-05-10T15:06:05.040+0000] {logging_mixin.py:188} INFO - start_task_start_date: 2024-05-10 15:06:00.336011+00:00
[2024-05-10T15:06:05.041+0000] {logging_mixin.py:188} INFO - === transform ==>
[2024-05-10T15:06:05.042+0000] {logging_mixin.py:188} INFO - data_interval_end_wib: 2024-05-09 22:06:00
[2024-05-10T15:06:05.043+0000] {logging_mixin.py:188} INFO - datetime_string: 2023-12-31 00:00:00
[2024-05-10T15:06:05.044+0000] {python.py:237} INFO - Done. Returned value was: None
[2024-05-10T15:06:05.045+0000] {taskinstance.py:441} INFO - ::group::Post task execution logs
[2024-05-10T15:06:05.067+0000] {taskinstance.py:1206} INFO - Marking task as SUCCESS. dag_id=template_reference, task_id=demo_template, run_id=scheduled__2024-05-10T15:05:00+00:00, execution_date=20240510T150500, start_date=20240510T150604, end_date=20240510T150605
[2024-05-10T15:06:05.140+0000] {local_task_job_runner.py:240} INFO - Task exited with return code 0
[2024-05-10T15:06:05.181+0000] {taskinstance.py:3498} INFO - 0 downstream tasks scheduled from follow-on schedule check
[2024-05-10T15:06:05.185+0000] {local_task_job_runner.py:222} INFO - ::endgroup::
