[2024-07-07T07:04:57.333+0000] {local_task_job_runner.py:120} INFO - ::group::Pre task execution logs
[2024-07-07T07:04:57.392+0000] {taskinstance.py:2076} INFO - Dependencies all met for dep_context=non-requeueable deps ti=<TaskInstance: pet_adoption_etl.extract scheduled__2022-12-04T00:00:00+00:00 [queued]>
[2024-07-07T07:04:57.412+0000] {taskinstance.py:2076} INFO - Dependencies all met for dep_context=requeueable deps ti=<TaskInstance: pet_adoption_etl.extract scheduled__2022-12-04T00:00:00+00:00 [queued]>
[2024-07-07T07:04:57.414+0000] {taskinstance.py:2306} INFO - Starting attempt 1 of 2
[2024-07-07T07:04:57.458+0000] {taskinstance.py:2330} INFO - Executing <Task(PythonOperator): extract> on 2022-12-04 00:00:00+00:00
[2024-07-07T07:04:57.469+0000] {standard_task_runner.py:63} INFO - Started process 2194 to run task
[2024-07-07T07:04:57.474+0000] {standard_task_runner.py:90} INFO - Running: ['***', 'tasks', 'run', 'pet_adoption_etl', 'extract', 'scheduled__2022-12-04T00:00:00+00:00', '--job-id', '593', '--raw', '--subdir', 'DAGS_FOLDER/etl_pet_adoption.py', '--cfg-path', '/tmp/tmpmv07slpr']
[2024-07-07T07:04:57.477+0000] {standard_task_runner.py:91} INFO - Job 593: Subtask extract
[2024-07-07T07:04:57.559+0000] {task_command.py:426} INFO - Running <TaskInstance: pet_adoption_etl.extract scheduled__2022-12-04T00:00:00+00:00 [running]> on host 8b51af410d55
[2024-07-07T07:04:57.749+0000] {taskinstance.py:2648} INFO - Exporting env vars: AIRFLOW_CTX_DAG_OWNER='***' AIRFLOW_CTX_DAG_ID='pet_adoption_etl' AIRFLOW_CTX_TASK_ID='extract' AIRFLOW_CTX_EXECUTION_DATE='2022-12-04T00:00:00+00:00' AIRFLOW_CTX_TRY_NUMBER='1' AIRFLOW_CTX_DAG_RUN_ID='scheduled__2022-12-04T00:00:00+00:00'
[2024-07-07T07:04:57.751+0000] {taskinstance.py:430} INFO - ::endgroup::
[2024-07-07T07:04:57.756+0000] {logging_mixin.py:188} INFO - Error in extract: [Errno 2] No such file or directory: 'C:\\Users\\Indah Permata\\Documents\\dbimbing_final_project\\data\\pet_adoption_data.csv'
[2024-07-07T07:04:57.757+0000] {taskinstance.py:441} INFO - ::group::Post task execution logs
[2024-07-07T07:04:57.758+0000] {taskinstance.py:2905} ERROR - Task failed with exception
Traceback (most recent call last):
  File "/home/airflow/.local/lib/python3.11/site-packages/airflow/models/taskinstance.py", line 465, in _execute_task
    result = _execute_callable(context=context, **execute_callable_kwargs)
             ^^^^^^^^^^^^^^^^^^^^^^^^^^^^^^^^^^^^^^^^^^^^^^^^^^^^^^^^^^^^^
  File "/home/airflow/.local/lib/python3.11/site-packages/airflow/models/taskinstance.py", line 432, in _execute_callable
    return execute_callable(context=context, **execute_callable_kwargs)
           ^^^^^^^^^^^^^^^^^^^^^^^^^^^^^^^^^^^^^^^^^^^^^^^^^^^^^^^^^^^^
  File "/home/airflow/.local/lib/python3.11/site-packages/airflow/models/baseoperator.py", line 401, in wrapper
    return func(self, *args, **kwargs)
           ^^^^^^^^^^^^^^^^^^^^^^^^^^^
  File "/home/airflow/.local/lib/python3.11/site-packages/airflow/operators/python.py", line 235, in execute
    return_value = self.execute_callable()
                   ^^^^^^^^^^^^^^^^^^^^^^^
  File "/home/airflow/.local/lib/python3.11/site-packages/airflow/operators/python.py", line 252, in execute_callable
    return self.python_callable(*self.op_args, **self.op_kwargs)
           ^^^^^^^^^^^^^^^^^^^^^^^^^^^^^^^^^^^^^^^^^^^^^^^^^^^^^
  File "/opt/airflow/dags/etl_pet_adoption.py", line 14, in extract
    df = pd.read_csv(FILE_PATH)
         ^^^^^^^^^^^^^^^^^^^^^^
  File "/home/airflow/.local/lib/python3.11/site-packages/pandas/io/parsers/readers.py", line 948, in read_csv
    return _read(filepath_or_buffer, kwds)
           ^^^^^^^^^^^^^^^^^^^^^^^^^^^^^^^
  File "/home/airflow/.local/lib/python3.11/site-packages/pandas/io/parsers/readers.py", line 611, in _read
    parser = TextFileReader(filepath_or_buffer, **kwds)
             ^^^^^^^^^^^^^^^^^^^^^^^^^^^^^^^^^^^^^^^^^^
  File "/home/airflow/.local/lib/python3.11/site-packages/pandas/io/parsers/readers.py", line 1448, in __init__
    self._engine = self._make_engine(f, self.engine)
                   ^^^^^^^^^^^^^^^^^^^^^^^^^^^^^^^^^
  File "/home/airflow/.local/lib/python3.11/site-packages/pandas/io/parsers/readers.py", line 1705, in _make_engine
    self.handles = get_handle(
                   ^^^^^^^^^^^
  File "/home/airflow/.local/lib/python3.11/site-packages/pandas/io/common.py", line 863, in get_handle
    handle = open(
             ^^^^^
FileNotFoundError: [Errno 2] No such file or directory: 'C:\\Users\\Indah Permata\\Documents\\dbimbing_final_project\\data\\pet_adoption_data.csv'
[2024-07-07T07:04:57.783+0000] {taskinstance.py:1206} INFO - Marking task as UP_FOR_RETRY. dag_id=pet_adoption_etl, task_id=extract, run_id=scheduled__2022-12-04T00:00:00+00:00, execution_date=20221204T000000, start_date=20240707T070457, end_date=20240707T070457
[2024-07-07T07:04:57.805+0000] {standard_task_runner.py:110} ERROR - Failed to execute job 593 for task extract ([Errno 2] No such file or directory: 'C:\\Users\\Indah Permata\\Documents\\dbimbing_final_project\\data\\pet_adoption_data.csv'; 2194)
[2024-07-07T07:04:57.848+0000] {local_task_job_runner.py:240} INFO - Task exited with return code 1
[2024-07-07T07:04:57.898+0000] {taskinstance.py:3503} INFO - 0 downstream tasks scheduled from follow-on schedule check
[2024-07-07T07:04:57.901+0000] {local_task_job_runner.py:222} INFO - ::endgroup::
