[2024-05-11T18:05:04.610+0000] {local_task_job_runner.py:120} INFO - ::group::Pre task execution logs
[2024-05-11T18:05:04.649+0000] {taskinstance.py:2076} INFO - Dependencies all met for dep_context=non-requeueable deps ti=<TaskInstance: template_reference.demo_template scheduled__2024-05-11T18:04:00+00:00 [queued]>
[2024-05-11T18:05:04.666+0000] {taskinstance.py:2076} INFO - Dependencies all met for dep_context=requeueable deps ti=<TaskInstance: template_reference.demo_template scheduled__2024-05-11T18:04:00+00:00 [queued]>
[2024-05-11T18:05:04.668+0000] {taskinstance.py:2306} INFO - Starting attempt 1 of 1
[2024-05-11T18:05:04.699+0000] {taskinstance.py:2330} INFO - Executing <Task(PythonOperator): demo_template> on 2024-05-11 18:04:00+00:00
[2024-05-11T18:05:04.712+0000] {standard_task_runner.py:63} INFO - Started process 9515 to run task
[2024-05-11T18:05:04.720+0000] {standard_task_runner.py:90} INFO - Running: ['***', 'tasks', 'run', 'template_reference', 'demo_template', 'scheduled__2024-05-11T18:04:00+00:00', '--job-id', '866', '--raw', '--subdir', 'DAGS_FOLDER/template_reference.py', '--cfg-path', '/tmp/tmp7ncnjbti']
[2024-05-11T18:05:04.729+0000] {standard_task_runner.py:91} INFO - Job 866: Subtask demo_template
[2024-05-11T18:05:04.838+0000] {task_command.py:426} INFO - Running <TaskInstance: template_reference.demo_template scheduled__2024-05-11T18:04:00+00:00 [running]> on host 94409fb18ddd
[2024-05-11T18:05:05.083+0000] {taskinstance.py:2648} INFO - Exporting env vars: AIRFLOW_CTX_DAG_OWNER='***' AIRFLOW_CTX_DAG_ID='template_reference' AIRFLOW_CTX_TASK_ID='demo_template' AIRFLOW_CTX_EXECUTION_DATE='2024-05-11T18:04:00+00:00' AIRFLOW_CTX_TRY_NUMBER='1' AIRFLOW_CTX_DAG_RUN_ID='scheduled__2024-05-11T18:04:00+00:00'
[2024-05-11T18:05:05.088+0000] {taskinstance.py:430} INFO - ::endgroup::
[2024-05-11T18:05:05.091+0000] {logging_mixin.py:188} INFO - === logical date ==>
[2024-05-11T18:05:05.092+0000] {logging_mixin.py:188} INFO - data_interval_start: 2024-05-11 18:04:00+00:00
[2024-05-11T18:05:05.094+0000] {logging_mixin.py:188} INFO - data_interval_end: 2024-05-11 18:05:00+00:00
[2024-05-11T18:05:05.096+0000] {logging_mixin.py:188} INFO - === get date and timestamp ==>
[2024-05-11T18:05:05.097+0000] {logging_mixin.py:188} INFO - ds: 2024-05-11
[2024-05-11T18:05:05.098+0000] {logging_mixin.py:188} INFO - ts: 2024-05-11T18:04:00+00:00
[2024-05-11T18:05:05.099+0000] {logging_mixin.py:188} INFO - === realtime ==>
[2024-05-11T18:05:05.100+0000] {logging_mixin.py:188} INFO - dag_run_start_date: 2024-05-11 18:05:00.552294+00:00
[2024-05-11T18:05:05.101+0000] {logging_mixin.py:188} INFO - start_task_start_date: 2024-05-11 18:05:00.570092+00:00
[2024-05-11T18:05:05.102+0000] {logging_mixin.py:188} INFO - === transform ==>
[2024-05-11T18:05:05.103+0000] {logging_mixin.py:188} INFO - data_interval_end_wib: 2024-05-11 01:05:00
[2024-05-11T18:05:05.103+0000] {logging_mixin.py:188} INFO - datetime_string: 2023-12-31 00:00:00
[2024-05-11T18:05:05.104+0000] {python.py:237} INFO - Done. Returned value was: None
[2024-05-11T18:05:05.105+0000] {taskinstance.py:441} INFO - ::group::Post task execution logs
[2024-05-11T18:05:05.127+0000] {taskinstance.py:1206} INFO - Marking task as SUCCESS. dag_id=template_reference, task_id=demo_template, run_id=scheduled__2024-05-11T18:04:00+00:00, execution_date=20240511T180400, start_date=20240511T180504, end_date=20240511T180505
[2024-05-11T18:05:05.176+0000] {local_task_job_runner.py:240} INFO - Task exited with return code 0
[2024-05-11T18:05:05.214+0000] {taskinstance.py:3498} INFO - 0 downstream tasks scheduled from follow-on schedule check
[2024-05-11T18:05:05.218+0000] {local_task_job_runner.py:222} INFO - ::endgroup::
