[2024-07-14T16:37:54.821+0000] {processor.py:161} INFO - Started process (PID=50) to work on /home/airflow/.local/lib/python3.11/site-packages/airflow/example_dags/example_complex.py
[2024-07-14T16:37:54.823+0000] {processor.py:830} INFO - Processing file /home/airflow/.local/lib/python3.11/site-packages/airflow/example_dags/example_complex.py for tasks to queue
[2024-07-14T16:37:54.828+0000] {logging_mixin.py:188} INFO - [2024-07-14T16:37:54.827+0000] {dagbag.py:545} INFO - Filling up the DagBag from /home/airflow/.local/lib/python3.11/site-packages/airflow/example_dags/example_complex.py
[2024-07-14T16:37:54.864+0000] {processor.py:840} INFO - DAG(s) 'example_complex' retrieved from /home/airflow/.local/lib/python3.11/site-packages/airflow/example_dags/example_complex.py
[2024-07-14T16:37:55.202+0000] {logging_mixin.py:188} INFO - [2024-07-14T16:37:55.201+0000] {dag.py:3096} INFO - Sync 1 DAGs
[2024-07-14T16:37:55.226+0000] {logging_mixin.py:188} INFO - [2024-07-14T16:37:55.225+0000] {dag.py:3954} INFO - Setting next_dagrun for example_complex to None, run_after=None
[2024-07-14T16:37:55.266+0000] {processor.py:183} INFO - Processing /home/airflow/.local/lib/python3.11/site-packages/airflow/example_dags/example_complex.py took 0.460 seconds
[2024-07-14T16:38:09.190+0000] {processor.py:161} INFO - Started process (PID=110) to work on /home/airflow/.local/lib/python3.11/site-packages/airflow/example_dags/example_complex.py
[2024-07-14T16:38:09.192+0000] {processor.py:830} INFO - Processing file /home/airflow/.local/lib/python3.11/site-packages/airflow/example_dags/example_complex.py for tasks to queue
[2024-07-14T16:38:09.196+0000] {logging_mixin.py:188} INFO - [2024-07-14T16:38:09.196+0000] {dagbag.py:545} INFO - Filling up the DagBag from /home/airflow/.local/lib/python3.11/site-packages/airflow/example_dags/example_complex.py
[2024-07-14T16:38:09.233+0000] {processor.py:840} INFO - DAG(s) 'example_complex' retrieved from /home/airflow/.local/lib/python3.11/site-packages/airflow/example_dags/example_complex.py
[2024-07-14T16:38:09.264+0000] {logging_mixin.py:188} INFO - [2024-07-14T16:38:09.264+0000] {dag.py:3096} INFO - Sync 1 DAGs
[2024-07-14T16:38:09.299+0000] {logging_mixin.py:188} INFO - [2024-07-14T16:38:09.299+0000] {dag.py:3954} INFO - Setting next_dagrun for example_complex to None, run_after=None
[2024-07-14T16:38:09.339+0000] {processor.py:183} INFO - Processing /home/airflow/.local/lib/python3.11/site-packages/airflow/example_dags/example_complex.py took 0.168 seconds
[2024-07-14T16:38:14.962+0000] {processor.py:161} INFO - Started process (PID=162) to work on /home/airflow/.local/lib/python3.11/site-packages/airflow/example_dags/example_complex.py
[2024-07-14T16:38:14.964+0000] {processor.py:830} INFO - Processing file /home/airflow/.local/lib/python3.11/site-packages/airflow/example_dags/example_complex.py for tasks to queue
[2024-07-14T16:38:14.968+0000] {logging_mixin.py:188} INFO - [2024-07-14T16:38:14.967+0000] {dagbag.py:545} INFO - Filling up the DagBag from /home/airflow/.local/lib/python3.11/site-packages/airflow/example_dags/example_complex.py
[2024-07-14T16:38:14.998+0000] {processor.py:840} INFO - DAG(s) 'example_complex' retrieved from /home/airflow/.local/lib/python3.11/site-packages/airflow/example_dags/example_complex.py
[2024-07-14T16:38:15.028+0000] {logging_mixin.py:188} INFO - [2024-07-14T16:38:15.028+0000] {dag.py:3096} INFO - Sync 1 DAGs
[2024-07-14T16:38:15.059+0000] {logging_mixin.py:188} INFO - [2024-07-14T16:38:15.059+0000] {dag.py:3954} INFO - Setting next_dagrun for example_complex to None, run_after=None
[2024-07-14T16:38:15.100+0000] {processor.py:183} INFO - Processing /home/airflow/.local/lib/python3.11/site-packages/airflow/example_dags/example_complex.py took 0.153 seconds
[2024-07-14T16:38:24.409+0000] {processor.py:161} INFO - Started process (PID=215) to work on /home/airflow/.local/lib/python3.11/site-packages/airflow/example_dags/example_complex.py
[2024-07-14T16:38:24.411+0000] {processor.py:830} INFO - Processing file /home/airflow/.local/lib/python3.11/site-packages/airflow/example_dags/example_complex.py for tasks to queue
[2024-07-14T16:38:24.414+0000] {logging_mixin.py:188} INFO - [2024-07-14T16:38:24.413+0000] {dagbag.py:545} INFO - Filling up the DagBag from /home/airflow/.local/lib/python3.11/site-packages/airflow/example_dags/example_complex.py
[2024-07-14T16:38:24.431+0000] {processor.py:840} INFO - DAG(s) 'example_complex' retrieved from /home/airflow/.local/lib/python3.11/site-packages/airflow/example_dags/example_complex.py
[2024-07-14T16:38:24.448+0000] {logging_mixin.py:188} INFO - [2024-07-14T16:38:24.447+0000] {dag.py:3096} INFO - Sync 1 DAGs
[2024-07-14T16:38:24.467+0000] {logging_mixin.py:188} INFO - [2024-07-14T16:38:24.466+0000] {dag.py:3954} INFO - Setting next_dagrun for example_complex to None, run_after=None
[2024-07-14T16:38:24.494+0000] {processor.py:183} INFO - Processing /home/airflow/.local/lib/python3.11/site-packages/airflow/example_dags/example_complex.py took 0.095 seconds
[2024-07-14T16:38:29.094+0000] {processor.py:161} INFO - Started process (PID=267) to work on /home/airflow/.local/lib/python3.11/site-packages/airflow/example_dags/example_complex.py
[2024-07-14T16:38:29.098+0000] {processor.py:830} INFO - Processing file /home/airflow/.local/lib/python3.11/site-packages/airflow/example_dags/example_complex.py for tasks to queue
[2024-07-14T16:38:29.103+0000] {logging_mixin.py:188} INFO - [2024-07-14T16:38:29.102+0000] {dagbag.py:545} INFO - Filling up the DagBag from /home/airflow/.local/lib/python3.11/site-packages/airflow/example_dags/example_complex.py
[2024-07-14T16:38:29.147+0000] {processor.py:840} INFO - DAG(s) 'example_complex' retrieved from /home/airflow/.local/lib/python3.11/site-packages/airflow/example_dags/example_complex.py
[2024-07-14T16:38:29.223+0000] {logging_mixin.py:188} INFO - [2024-07-14T16:38:29.223+0000] {dag.py:3096} INFO - Sync 1 DAGs
[2024-07-14T16:38:29.251+0000] {logging_mixin.py:188} INFO - [2024-07-14T16:38:29.251+0000] {dag.py:3954} INFO - Setting next_dagrun for example_complex to None, run_after=None
[2024-07-14T16:38:29.279+0000] {processor.py:183} INFO - Processing /home/airflow/.local/lib/python3.11/site-packages/airflow/example_dags/example_complex.py took 0.196 seconds
[2024-07-14T16:38:33.829+0000] {processor.py:161} INFO - Started process (PID=321) to work on /home/airflow/.local/lib/python3.11/site-packages/airflow/example_dags/example_complex.py
[2024-07-14T16:38:33.831+0000] {processor.py:830} INFO - Processing file /home/airflow/.local/lib/python3.11/site-packages/airflow/example_dags/example_complex.py for tasks to queue
[2024-07-14T16:38:33.836+0000] {logging_mixin.py:188} INFO - [2024-07-14T16:38:33.835+0000] {dagbag.py:545} INFO - Filling up the DagBag from /home/airflow/.local/lib/python3.11/site-packages/airflow/example_dags/example_complex.py
[2024-07-14T16:38:33.864+0000] {processor.py:840} INFO - DAG(s) 'example_complex' retrieved from /home/airflow/.local/lib/python3.11/site-packages/airflow/example_dags/example_complex.py
[2024-07-14T16:38:33.960+0000] {logging_mixin.py:188} INFO - [2024-07-14T16:38:33.959+0000] {dag.py:3096} INFO - Sync 1 DAGs
[2024-07-14T16:38:34.004+0000] {logging_mixin.py:188} INFO - [2024-07-14T16:38:34.003+0000] {dag.py:3954} INFO - Setting next_dagrun for example_complex to None, run_after=None
[2024-07-14T16:38:34.056+0000] {processor.py:183} INFO - Processing /home/airflow/.local/lib/python3.11/site-packages/airflow/example_dags/example_complex.py took 0.240 seconds
[2024-07-14T16:38:39.822+0000] {processor.py:161} INFO - Started process (PID=379) to work on /home/airflow/.local/lib/python3.11/site-packages/airflow/example_dags/example_complex.py
[2024-07-14T16:38:39.824+0000] {processor.py:830} INFO - Processing file /home/airflow/.local/lib/python3.11/site-packages/airflow/example_dags/example_complex.py for tasks to queue
[2024-07-14T16:38:39.827+0000] {logging_mixin.py:188} INFO - [2024-07-14T16:38:39.827+0000] {dagbag.py:545} INFO - Filling up the DagBag from /home/airflow/.local/lib/python3.11/site-packages/airflow/example_dags/example_complex.py
[2024-07-14T16:38:39.853+0000] {processor.py:840} INFO - DAG(s) 'example_complex' retrieved from /home/airflow/.local/lib/python3.11/site-packages/airflow/example_dags/example_complex.py
[2024-07-14T16:38:39.965+0000] {logging_mixin.py:188} INFO - [2024-07-14T16:38:39.964+0000] {dag.py:3096} INFO - Sync 1 DAGs
[2024-07-14T16:38:40.018+0000] {logging_mixin.py:188} INFO - [2024-07-14T16:38:40.015+0000] {dag.py:3954} INFO - Setting next_dagrun for example_complex to None, run_after=None
[2024-07-14T16:38:40.074+0000] {processor.py:183} INFO - Processing /home/airflow/.local/lib/python3.11/site-packages/airflow/example_dags/example_complex.py took 0.265 seconds
[2024-07-14T16:38:47.042+0000] {processor.py:161} INFO - Started process (PID=433) to work on /home/airflow/.local/lib/python3.11/site-packages/airflow/example_dags/example_complex.py
[2024-07-14T16:38:47.044+0000] {processor.py:830} INFO - Processing file /home/airflow/.local/lib/python3.11/site-packages/airflow/example_dags/example_complex.py for tasks to queue
[2024-07-14T16:38:47.046+0000] {logging_mixin.py:188} INFO - [2024-07-14T16:38:47.046+0000] {dagbag.py:545} INFO - Filling up the DagBag from /home/airflow/.local/lib/python3.11/site-packages/airflow/example_dags/example_complex.py
[2024-07-14T16:38:47.061+0000] {processor.py:840} INFO - DAG(s) 'example_complex' retrieved from /home/airflow/.local/lib/python3.11/site-packages/airflow/example_dags/example_complex.py
[2024-07-14T16:38:47.102+0000] {logging_mixin.py:188} INFO - [2024-07-14T16:38:47.102+0000] {dag.py:3096} INFO - Sync 1 DAGs
[2024-07-14T16:38:47.119+0000] {logging_mixin.py:188} INFO - [2024-07-14T16:38:47.118+0000] {dag.py:3954} INFO - Setting next_dagrun for example_complex to None, run_after=None
[2024-07-14T16:38:47.142+0000] {processor.py:183} INFO - Processing /home/airflow/.local/lib/python3.11/site-packages/airflow/example_dags/example_complex.py took 0.109 seconds
[2024-07-14T16:38:52.993+0000] {processor.py:161} INFO - Started process (PID=487) to work on /home/airflow/.local/lib/python3.11/site-packages/airflow/example_dags/example_complex.py
[2024-07-14T16:38:52.996+0000] {processor.py:830} INFO - Processing file /home/airflow/.local/lib/python3.11/site-packages/airflow/example_dags/example_complex.py for tasks to queue
[2024-07-14T16:38:52.999+0000] {logging_mixin.py:188} INFO - [2024-07-14T16:38:52.998+0000] {dagbag.py:545} INFO - Filling up the DagBag from /home/airflow/.local/lib/python3.11/site-packages/airflow/example_dags/example_complex.py
[2024-07-14T16:38:53.019+0000] {processor.py:840} INFO - DAG(s) 'example_complex' retrieved from /home/airflow/.local/lib/python3.11/site-packages/airflow/example_dags/example_complex.py
[2024-07-14T16:38:53.085+0000] {logging_mixin.py:188} INFO - [2024-07-14T16:38:53.085+0000] {dag.py:3096} INFO - Sync 1 DAGs
[2024-07-14T16:38:53.108+0000] {logging_mixin.py:188} INFO - [2024-07-14T16:38:53.108+0000] {dag.py:3954} INFO - Setting next_dagrun for example_complex to None, run_after=None
[2024-07-14T16:38:53.141+0000] {processor.py:183} INFO - Processing /home/airflow/.local/lib/python3.11/site-packages/airflow/example_dags/example_complex.py took 0.157 seconds
[2024-07-14T16:39:01.251+0000] {processor.py:161} INFO - Started process (PID=541) to work on /home/airflow/.local/lib/python3.11/site-packages/airflow/example_dags/example_complex.py
[2024-07-14T16:39:01.252+0000] {processor.py:830} INFO - Processing file /home/airflow/.local/lib/python3.11/site-packages/airflow/example_dags/example_complex.py for tasks to queue
[2024-07-14T16:39:01.255+0000] {logging_mixin.py:188} INFO - [2024-07-14T16:39:01.254+0000] {dagbag.py:545} INFO - Filling up the DagBag from /home/airflow/.local/lib/python3.11/site-packages/airflow/example_dags/example_complex.py
[2024-07-14T16:39:01.275+0000] {processor.py:840} INFO - DAG(s) 'example_complex' retrieved from /home/airflow/.local/lib/python3.11/site-packages/airflow/example_dags/example_complex.py
[2024-07-14T16:39:01.366+0000] {logging_mixin.py:188} INFO - [2024-07-14T16:39:01.366+0000] {dag.py:3096} INFO - Sync 1 DAGs
[2024-07-14T16:39:01.386+0000] {logging_mixin.py:188} INFO - [2024-07-14T16:39:01.386+0000] {dag.py:3954} INFO - Setting next_dagrun for example_complex to None, run_after=None
[2024-07-14T16:39:01.415+0000] {processor.py:183} INFO - Processing /home/airflow/.local/lib/python3.11/site-packages/airflow/example_dags/example_complex.py took 0.173 seconds
[2024-07-14T16:39:06.030+0000] {processor.py:161} INFO - Started process (PID=599) to work on /home/airflow/.local/lib/python3.11/site-packages/airflow/example_dags/example_complex.py
[2024-07-14T16:39:06.032+0000] {processor.py:830} INFO - Processing file /home/airflow/.local/lib/python3.11/site-packages/airflow/example_dags/example_complex.py for tasks to queue
[2024-07-14T16:39:06.035+0000] {logging_mixin.py:188} INFO - [2024-07-14T16:39:06.034+0000] {dagbag.py:545} INFO - Filling up the DagBag from /home/airflow/.local/lib/python3.11/site-packages/airflow/example_dags/example_complex.py
[2024-07-14T16:39:06.052+0000] {processor.py:840} INFO - DAG(s) 'example_complex' retrieved from /home/airflow/.local/lib/python3.11/site-packages/airflow/example_dags/example_complex.py
[2024-07-14T16:39:06.108+0000] {logging_mixin.py:188} INFO - [2024-07-14T16:39:06.108+0000] {dag.py:3096} INFO - Sync 1 DAGs
[2024-07-14T16:39:06.130+0000] {logging_mixin.py:188} INFO - [2024-07-14T16:39:06.130+0000] {dag.py:3954} INFO - Setting next_dagrun for example_complex to None, run_after=None
[2024-07-14T16:39:06.155+0000] {processor.py:183} INFO - Processing /home/airflow/.local/lib/python3.11/site-packages/airflow/example_dags/example_complex.py took 0.132 seconds
[2024-07-14T16:39:12.652+0000] {processor.py:161} INFO - Started process (PID=653) to work on /home/airflow/.local/lib/python3.11/site-packages/airflow/example_dags/example_complex.py
[2024-07-14T16:39:12.653+0000] {processor.py:830} INFO - Processing file /home/airflow/.local/lib/python3.11/site-packages/airflow/example_dags/example_complex.py for tasks to queue
[2024-07-14T16:39:12.657+0000] {logging_mixin.py:188} INFO - [2024-07-14T16:39:12.656+0000] {dagbag.py:545} INFO - Filling up the DagBag from /home/airflow/.local/lib/python3.11/site-packages/airflow/example_dags/example_complex.py
[2024-07-14T16:39:12.677+0000] {processor.py:840} INFO - DAG(s) 'example_complex' retrieved from /home/airflow/.local/lib/python3.11/site-packages/airflow/example_dags/example_complex.py
[2024-07-14T16:39:12.754+0000] {logging_mixin.py:188} INFO - [2024-07-14T16:39:12.754+0000] {dag.py:3096} INFO - Sync 1 DAGs
[2024-07-14T16:39:12.783+0000] {logging_mixin.py:188} INFO - [2024-07-14T16:39:12.783+0000] {dag.py:3954} INFO - Setting next_dagrun for example_complex to None, run_after=None
[2024-07-14T16:39:12.813+0000] {processor.py:183} INFO - Processing /home/airflow/.local/lib/python3.11/site-packages/airflow/example_dags/example_complex.py took 0.172 seconds
[2024-07-14T16:39:17.318+0000] {processor.py:161} INFO - Started process (PID=705) to work on /home/airflow/.local/lib/python3.11/site-packages/airflow/example_dags/example_complex.py
[2024-07-14T16:39:17.320+0000] {processor.py:830} INFO - Processing file /home/airflow/.local/lib/python3.11/site-packages/airflow/example_dags/example_complex.py for tasks to queue
[2024-07-14T16:39:17.323+0000] {logging_mixin.py:188} INFO - [2024-07-14T16:39:17.322+0000] {dagbag.py:545} INFO - Filling up the DagBag from /home/airflow/.local/lib/python3.11/site-packages/airflow/example_dags/example_complex.py
[2024-07-14T16:39:17.340+0000] {processor.py:840} INFO - DAG(s) 'example_complex' retrieved from /home/airflow/.local/lib/python3.11/site-packages/airflow/example_dags/example_complex.py
[2024-07-14T16:39:17.388+0000] {logging_mixin.py:188} INFO - [2024-07-14T16:39:17.387+0000] {dag.py:3096} INFO - Sync 1 DAGs
[2024-07-14T16:39:17.409+0000] {logging_mixin.py:188} INFO - [2024-07-14T16:39:17.409+0000] {dag.py:3954} INFO - Setting next_dagrun for example_complex to None, run_after=None
[2024-07-14T16:39:17.445+0000] {processor.py:183} INFO - Processing /home/airflow/.local/lib/python3.11/site-packages/airflow/example_dags/example_complex.py took 0.134 seconds
[2024-07-14T16:39:22.330+0000] {processor.py:161} INFO - Started process (PID=759) to work on /home/airflow/.local/lib/python3.11/site-packages/airflow/example_dags/example_complex.py
[2024-07-14T16:39:22.332+0000] {processor.py:830} INFO - Processing file /home/airflow/.local/lib/python3.11/site-packages/airflow/example_dags/example_complex.py for tasks to queue
[2024-07-14T16:39:22.335+0000] {logging_mixin.py:188} INFO - [2024-07-14T16:39:22.334+0000] {dagbag.py:545} INFO - Filling up the DagBag from /home/airflow/.local/lib/python3.11/site-packages/airflow/example_dags/example_complex.py
[2024-07-14T16:39:22.353+0000] {processor.py:840} INFO - DAG(s) 'example_complex' retrieved from /home/airflow/.local/lib/python3.11/site-packages/airflow/example_dags/example_complex.py
[2024-07-14T16:39:22.408+0000] {logging_mixin.py:188} INFO - [2024-07-14T16:39:22.408+0000] {dag.py:3096} INFO - Sync 1 DAGs
[2024-07-14T16:39:22.425+0000] {logging_mixin.py:188} INFO - [2024-07-14T16:39:22.425+0000] {dag.py:3954} INFO - Setting next_dagrun for example_complex to None, run_after=None
[2024-07-14T16:39:22.451+0000] {processor.py:183} INFO - Processing /home/airflow/.local/lib/python3.11/site-packages/airflow/example_dags/example_complex.py took 0.130 seconds
[2024-07-14T16:39:27.213+0000] {processor.py:161} INFO - Started process (PID=811) to work on /home/airflow/.local/lib/python3.11/site-packages/airflow/example_dags/example_complex.py
[2024-07-14T16:39:27.215+0000] {processor.py:830} INFO - Processing file /home/airflow/.local/lib/python3.11/site-packages/airflow/example_dags/example_complex.py for tasks to queue
[2024-07-14T16:39:27.219+0000] {logging_mixin.py:188} INFO - [2024-07-14T16:39:27.218+0000] {dagbag.py:545} INFO - Filling up the DagBag from /home/airflow/.local/lib/python3.11/site-packages/airflow/example_dags/example_complex.py
[2024-07-14T16:39:27.234+0000] {processor.py:840} INFO - DAG(s) 'example_complex' retrieved from /home/airflow/.local/lib/python3.11/site-packages/airflow/example_dags/example_complex.py
[2024-07-14T16:39:27.281+0000] {logging_mixin.py:188} INFO - [2024-07-14T16:39:27.281+0000] {dag.py:3096} INFO - Sync 1 DAGs
[2024-07-14T16:39:27.299+0000] {logging_mixin.py:188} INFO - [2024-07-14T16:39:27.299+0000] {dag.py:3954} INFO - Setting next_dagrun for example_complex to None, run_after=None
[2024-07-14T16:39:27.328+0000] {processor.py:183} INFO - Processing /home/airflow/.local/lib/python3.11/site-packages/airflow/example_dags/example_complex.py took 0.122 seconds
[2024-07-14T16:39:34.272+0000] {processor.py:161} INFO - Started process (PID=864) to work on /home/airflow/.local/lib/python3.11/site-packages/airflow/example_dags/example_complex.py
[2024-07-14T16:39:34.274+0000] {processor.py:830} INFO - Processing file /home/airflow/.local/lib/python3.11/site-packages/airflow/example_dags/example_complex.py for tasks to queue
[2024-07-14T16:39:34.279+0000] {logging_mixin.py:188} INFO - [2024-07-14T16:39:34.278+0000] {dagbag.py:545} INFO - Filling up the DagBag from /home/airflow/.local/lib/python3.11/site-packages/airflow/example_dags/example_complex.py
[2024-07-14T16:39:34.306+0000] {processor.py:840} INFO - DAG(s) 'example_complex' retrieved from /home/airflow/.local/lib/python3.11/site-packages/airflow/example_dags/example_complex.py
[2024-07-14T16:39:34.381+0000] {logging_mixin.py:188} INFO - [2024-07-14T16:39:34.381+0000] {dag.py:3096} INFO - Sync 1 DAGs
[2024-07-14T16:39:34.408+0000] {logging_mixin.py:188} INFO - [2024-07-14T16:39:34.408+0000] {dag.py:3954} INFO - Setting next_dagrun for example_complex to None, run_after=None
[2024-07-14T16:39:34.440+0000] {processor.py:183} INFO - Processing /home/airflow/.local/lib/python3.11/site-packages/airflow/example_dags/example_complex.py took 0.181 seconds
[2024-07-14T16:39:39.916+0000] {processor.py:161} INFO - Started process (PID=925) to work on /home/airflow/.local/lib/python3.11/site-packages/airflow/example_dags/example_complex.py
[2024-07-14T16:39:39.918+0000] {processor.py:830} INFO - Processing file /home/airflow/.local/lib/python3.11/site-packages/airflow/example_dags/example_complex.py for tasks to queue
[2024-07-14T16:39:39.921+0000] {logging_mixin.py:188} INFO - [2024-07-14T16:39:39.920+0000] {dagbag.py:545} INFO - Filling up the DagBag from /home/airflow/.local/lib/python3.11/site-packages/airflow/example_dags/example_complex.py
[2024-07-14T16:39:39.936+0000] {processor.py:840} INFO - DAG(s) 'example_complex' retrieved from /home/airflow/.local/lib/python3.11/site-packages/airflow/example_dags/example_complex.py
[2024-07-14T16:39:40.025+0000] {logging_mixin.py:188} INFO - [2024-07-14T16:39:40.025+0000] {dag.py:3096} INFO - Sync 1 DAGs
[2024-07-14T16:39:40.047+0000] {logging_mixin.py:188} INFO - [2024-07-14T16:39:40.047+0000] {dag.py:3954} INFO - Setting next_dagrun for example_complex to None, run_after=None
[2024-07-14T16:39:40.074+0000] {processor.py:183} INFO - Processing /home/airflow/.local/lib/python3.11/site-packages/airflow/example_dags/example_complex.py took 0.167 seconds
[2024-07-14T16:39:44.902+0000] {processor.py:161} INFO - Started process (PID=977) to work on /home/airflow/.local/lib/python3.11/site-packages/airflow/example_dags/example_complex.py
[2024-07-14T16:39:44.904+0000] {processor.py:830} INFO - Processing file /home/airflow/.local/lib/python3.11/site-packages/airflow/example_dags/example_complex.py for tasks to queue
[2024-07-14T16:39:44.907+0000] {logging_mixin.py:188} INFO - [2024-07-14T16:39:44.907+0000] {dagbag.py:545} INFO - Filling up the DagBag from /home/airflow/.local/lib/python3.11/site-packages/airflow/example_dags/example_complex.py
[2024-07-14T16:39:44.932+0000] {processor.py:840} INFO - DAG(s) 'example_complex' retrieved from /home/airflow/.local/lib/python3.11/site-packages/airflow/example_dags/example_complex.py
[2024-07-14T16:39:45.002+0000] {logging_mixin.py:188} INFO - [2024-07-14T16:39:45.001+0000] {dag.py:3096} INFO - Sync 1 DAGs
[2024-07-14T16:39:45.023+0000] {logging_mixin.py:188} INFO - [2024-07-14T16:39:45.023+0000] {dag.py:3954} INFO - Setting next_dagrun for example_complex to None, run_after=None
[2024-07-14T16:39:45.060+0000] {processor.py:183} INFO - Processing /home/airflow/.local/lib/python3.11/site-packages/airflow/example_dags/example_complex.py took 0.168 seconds
[2024-07-14T16:39:50.245+0000] {processor.py:161} INFO - Started process (PID=1030) to work on /home/airflow/.local/lib/python3.11/site-packages/airflow/example_dags/example_complex.py
[2024-07-14T16:39:50.247+0000] {processor.py:830} INFO - Processing file /home/airflow/.local/lib/python3.11/site-packages/airflow/example_dags/example_complex.py for tasks to queue
[2024-07-14T16:39:50.249+0000] {logging_mixin.py:188} INFO - [2024-07-14T16:39:50.249+0000] {dagbag.py:545} INFO - Filling up the DagBag from /home/airflow/.local/lib/python3.11/site-packages/airflow/example_dags/example_complex.py
[2024-07-14T16:39:50.265+0000] {processor.py:840} INFO - DAG(s) 'example_complex' retrieved from /home/airflow/.local/lib/python3.11/site-packages/airflow/example_dags/example_complex.py
[2024-07-14T16:39:50.312+0000] {logging_mixin.py:188} INFO - [2024-07-14T16:39:50.311+0000] {dag.py:3096} INFO - Sync 1 DAGs
[2024-07-14T16:39:50.327+0000] {logging_mixin.py:188} INFO - [2024-07-14T16:39:50.327+0000] {dag.py:3954} INFO - Setting next_dagrun for example_complex to None, run_after=None
[2024-07-14T16:39:50.350+0000] {processor.py:183} INFO - Processing /home/airflow/.local/lib/python3.11/site-packages/airflow/example_dags/example_complex.py took 0.112 seconds
[2024-07-14T16:39:55.037+0000] {processor.py:161} INFO - Started process (PID=1082) to work on /home/airflow/.local/lib/python3.11/site-packages/airflow/example_dags/example_complex.py
[2024-07-14T16:39:55.048+0000] {processor.py:830} INFO - Processing file /home/airflow/.local/lib/python3.11/site-packages/airflow/example_dags/example_complex.py for tasks to queue
[2024-07-14T16:39:55.054+0000] {logging_mixin.py:188} INFO - [2024-07-14T16:39:55.053+0000] {dagbag.py:545} INFO - Filling up the DagBag from /home/airflow/.local/lib/python3.11/site-packages/airflow/example_dags/example_complex.py
[2024-07-14T16:39:55.082+0000] {processor.py:840} INFO - DAG(s) 'example_complex' retrieved from /home/airflow/.local/lib/python3.11/site-packages/airflow/example_dags/example_complex.py
[2024-07-14T16:39:55.125+0000] {logging_mixin.py:188} INFO - [2024-07-14T16:39:55.125+0000] {dag.py:3096} INFO - Sync 1 DAGs
[2024-07-14T16:39:55.140+0000] {logging_mixin.py:188} INFO - [2024-07-14T16:39:55.140+0000] {dag.py:3954} INFO - Setting next_dagrun for example_complex to None, run_after=None
[2024-07-14T16:39:55.164+0000] {processor.py:183} INFO - Processing /home/airflow/.local/lib/python3.11/site-packages/airflow/example_dags/example_complex.py took 0.143 seconds
[2024-07-14T16:40:00.110+0000] {processor.py:161} INFO - Started process (PID=1135) to work on /home/airflow/.local/lib/python3.11/site-packages/airflow/example_dags/example_complex.py
[2024-07-14T16:40:00.112+0000] {processor.py:830} INFO - Processing file /home/airflow/.local/lib/python3.11/site-packages/airflow/example_dags/example_complex.py for tasks to queue
[2024-07-14T16:40:00.114+0000] {logging_mixin.py:188} INFO - [2024-07-14T16:40:00.114+0000] {dagbag.py:545} INFO - Filling up the DagBag from /home/airflow/.local/lib/python3.11/site-packages/airflow/example_dags/example_complex.py
[2024-07-14T16:40:00.134+0000] {processor.py:840} INFO - DAG(s) 'example_complex' retrieved from /home/airflow/.local/lib/python3.11/site-packages/airflow/example_dags/example_complex.py
[2024-07-14T16:40:00.176+0000] {logging_mixin.py:188} INFO - [2024-07-14T16:40:00.176+0000] {dag.py:3096} INFO - Sync 1 DAGs
[2024-07-14T16:40:00.191+0000] {logging_mixin.py:188} INFO - [2024-07-14T16:40:00.191+0000] {dag.py:3954} INFO - Setting next_dagrun for example_complex to None, run_after=None
[2024-07-14T16:40:00.242+0000] {processor.py:183} INFO - Processing /home/airflow/.local/lib/python3.11/site-packages/airflow/example_dags/example_complex.py took 0.141 seconds
[2024-07-14T16:40:05.333+0000] {processor.py:161} INFO - Started process (PID=1189) to work on /home/airflow/.local/lib/python3.11/site-packages/airflow/example_dags/example_complex.py
[2024-07-14T16:40:05.336+0000] {processor.py:830} INFO - Processing file /home/airflow/.local/lib/python3.11/site-packages/airflow/example_dags/example_complex.py for tasks to queue
[2024-07-14T16:40:05.339+0000] {logging_mixin.py:188} INFO - [2024-07-14T16:40:05.338+0000] {dagbag.py:545} INFO - Filling up the DagBag from /home/airflow/.local/lib/python3.11/site-packages/airflow/example_dags/example_complex.py
[2024-07-14T16:40:05.370+0000] {processor.py:840} INFO - DAG(s) 'example_complex' retrieved from /home/airflow/.local/lib/python3.11/site-packages/airflow/example_dags/example_complex.py
[2024-07-14T16:40:05.447+0000] {logging_mixin.py:188} INFO - [2024-07-14T16:40:05.446+0000] {dag.py:3096} INFO - Sync 1 DAGs
[2024-07-14T16:40:05.475+0000] {logging_mixin.py:188} INFO - [2024-07-14T16:40:05.474+0000] {dag.py:3954} INFO - Setting next_dagrun for example_complex to None, run_after=None
[2024-07-14T16:40:05.512+0000] {processor.py:183} INFO - Processing /home/airflow/.local/lib/python3.11/site-packages/airflow/example_dags/example_complex.py took 0.191 seconds
[2024-07-14T16:40:13.321+0000] {processor.py:161} INFO - Started process (PID=1247) to work on /home/airflow/.local/lib/python3.11/site-packages/airflow/example_dags/example_complex.py
[2024-07-14T16:40:13.323+0000] {processor.py:830} INFO - Processing file /home/airflow/.local/lib/python3.11/site-packages/airflow/example_dags/example_complex.py for tasks to queue
[2024-07-14T16:40:13.328+0000] {logging_mixin.py:188} INFO - [2024-07-14T16:40:13.326+0000] {dagbag.py:545} INFO - Filling up the DagBag from /home/airflow/.local/lib/python3.11/site-packages/airflow/example_dags/example_complex.py
[2024-07-14T16:40:13.366+0000] {processor.py:840} INFO - DAG(s) 'example_complex' retrieved from /home/airflow/.local/lib/python3.11/site-packages/airflow/example_dags/example_complex.py
[2024-07-14T16:40:13.471+0000] {logging_mixin.py:188} INFO - [2024-07-14T16:40:13.471+0000] {dag.py:3096} INFO - Sync 1 DAGs
[2024-07-14T16:40:13.522+0000] {logging_mixin.py:188} INFO - [2024-07-14T16:40:13.521+0000] {dag.py:3954} INFO - Setting next_dagrun for example_complex to None, run_after=None
[2024-07-14T16:40:13.624+0000] {processor.py:183} INFO - Processing /home/airflow/.local/lib/python3.11/site-packages/airflow/example_dags/example_complex.py took 0.323 seconds
[2024-07-14T16:40:20.658+0000] {processor.py:161} INFO - Started process (PID=1301) to work on /home/airflow/.local/lib/python3.11/site-packages/airflow/example_dags/example_complex.py
[2024-07-14T16:40:20.660+0000] {processor.py:830} INFO - Processing file /home/airflow/.local/lib/python3.11/site-packages/airflow/example_dags/example_complex.py for tasks to queue
[2024-07-14T16:40:20.662+0000] {logging_mixin.py:188} INFO - [2024-07-14T16:40:20.662+0000] {dagbag.py:545} INFO - Filling up the DagBag from /home/airflow/.local/lib/python3.11/site-packages/airflow/example_dags/example_complex.py
[2024-07-14T16:40:20.677+0000] {processor.py:840} INFO - DAG(s) 'example_complex' retrieved from /home/airflow/.local/lib/python3.11/site-packages/airflow/example_dags/example_complex.py
[2024-07-14T16:40:20.717+0000] {logging_mixin.py:188} INFO - [2024-07-14T16:40:20.717+0000] {dag.py:3096} INFO - Sync 1 DAGs
[2024-07-14T16:40:20.733+0000] {logging_mixin.py:188} INFO - [2024-07-14T16:40:20.733+0000] {dag.py:3954} INFO - Setting next_dagrun for example_complex to None, run_after=None
[2024-07-14T16:40:20.760+0000] {processor.py:183} INFO - Processing /home/airflow/.local/lib/python3.11/site-packages/airflow/example_dags/example_complex.py took 0.110 seconds
[2024-07-14T16:40:25.905+0000] {processor.py:161} INFO - Started process (PID=1353) to work on /home/airflow/.local/lib/python3.11/site-packages/airflow/example_dags/example_complex.py
[2024-07-14T16:40:25.907+0000] {processor.py:830} INFO - Processing file /home/airflow/.local/lib/python3.11/site-packages/airflow/example_dags/example_complex.py for tasks to queue
[2024-07-14T16:40:25.909+0000] {logging_mixin.py:188} INFO - [2024-07-14T16:40:25.909+0000] {dagbag.py:545} INFO - Filling up the DagBag from /home/airflow/.local/lib/python3.11/site-packages/airflow/example_dags/example_complex.py
[2024-07-14T16:40:25.928+0000] {processor.py:840} INFO - DAG(s) 'example_complex' retrieved from /home/airflow/.local/lib/python3.11/site-packages/airflow/example_dags/example_complex.py
[2024-07-14T16:40:25.988+0000] {logging_mixin.py:188} INFO - [2024-07-14T16:40:25.988+0000] {dag.py:3096} INFO - Sync 1 DAGs
[2024-07-14T16:40:26.015+0000] {logging_mixin.py:188} INFO - [2024-07-14T16:40:26.015+0000] {dag.py:3954} INFO - Setting next_dagrun for example_complex to None, run_after=None
[2024-07-14T16:40:26.044+0000] {processor.py:183} INFO - Processing /home/airflow/.local/lib/python3.11/site-packages/airflow/example_dags/example_complex.py took 0.147 seconds
[2024-07-14T16:40:31.451+0000] {processor.py:161} INFO - Started process (PID=1407) to work on /home/airflow/.local/lib/python3.11/site-packages/airflow/example_dags/example_complex.py
[2024-07-14T16:40:31.453+0000] {processor.py:830} INFO - Processing file /home/airflow/.local/lib/python3.11/site-packages/airflow/example_dags/example_complex.py for tasks to queue
[2024-07-14T16:40:31.456+0000] {logging_mixin.py:188} INFO - [2024-07-14T16:40:31.456+0000] {dagbag.py:545} INFO - Filling up the DagBag from /home/airflow/.local/lib/python3.11/site-packages/airflow/example_dags/example_complex.py
[2024-07-14T16:40:31.475+0000] {processor.py:840} INFO - DAG(s) 'example_complex' retrieved from /home/airflow/.local/lib/python3.11/site-packages/airflow/example_dags/example_complex.py
[2024-07-14T16:40:31.564+0000] {logging_mixin.py:188} INFO - [2024-07-14T16:40:31.563+0000] {dag.py:3096} INFO - Sync 1 DAGs
[2024-07-14T16:40:31.599+0000] {logging_mixin.py:188} INFO - [2024-07-14T16:40:31.597+0000] {dag.py:3954} INFO - Setting next_dagrun for example_complex to None, run_after=None
[2024-07-14T16:40:31.642+0000] {processor.py:183} INFO - Processing /home/airflow/.local/lib/python3.11/site-packages/airflow/example_dags/example_complex.py took 0.201 seconds
[2024-07-14T16:40:37.449+0000] {processor.py:161} INFO - Started process (PID=1465) to work on /home/airflow/.local/lib/python3.11/site-packages/airflow/example_dags/example_complex.py
[2024-07-14T16:40:37.451+0000] {processor.py:830} INFO - Processing file /home/airflow/.local/lib/python3.11/site-packages/airflow/example_dags/example_complex.py for tasks to queue
[2024-07-14T16:40:37.454+0000] {logging_mixin.py:188} INFO - [2024-07-14T16:40:37.454+0000] {dagbag.py:545} INFO - Filling up the DagBag from /home/airflow/.local/lib/python3.11/site-packages/airflow/example_dags/example_complex.py
[2024-07-14T16:40:37.480+0000] {processor.py:840} INFO - DAG(s) 'example_complex' retrieved from /home/airflow/.local/lib/python3.11/site-packages/airflow/example_dags/example_complex.py
[2024-07-14T16:40:37.546+0000] {logging_mixin.py:188} INFO - [2024-07-14T16:40:37.546+0000] {dag.py:3096} INFO - Sync 1 DAGs
[2024-07-14T16:40:37.570+0000] {logging_mixin.py:188} INFO - [2024-07-14T16:40:37.569+0000] {dag.py:3954} INFO - Setting next_dagrun for example_complex to None, run_after=None
[2024-07-14T16:40:37.597+0000] {processor.py:183} INFO - Processing /home/airflow/.local/lib/python3.11/site-packages/airflow/example_dags/example_complex.py took 0.159 seconds
[2024-07-14T16:40:43.213+0000] {processor.py:161} INFO - Started process (PID=1519) to work on /home/airflow/.local/lib/python3.11/site-packages/airflow/example_dags/example_complex.py
[2024-07-14T16:40:43.214+0000] {processor.py:830} INFO - Processing file /home/airflow/.local/lib/python3.11/site-packages/airflow/example_dags/example_complex.py for tasks to queue
[2024-07-14T16:40:43.217+0000] {logging_mixin.py:188} INFO - [2024-07-14T16:40:43.216+0000] {dagbag.py:545} INFO - Filling up the DagBag from /home/airflow/.local/lib/python3.11/site-packages/airflow/example_dags/example_complex.py
[2024-07-14T16:40:43.233+0000] {processor.py:840} INFO - DAG(s) 'example_complex' retrieved from /home/airflow/.local/lib/python3.11/site-packages/airflow/example_dags/example_complex.py
[2024-07-14T16:40:43.284+0000] {logging_mixin.py:188} INFO - [2024-07-14T16:40:43.283+0000] {dag.py:3096} INFO - Sync 1 DAGs
[2024-07-14T16:40:43.303+0000] {logging_mixin.py:188} INFO - [2024-07-14T16:40:43.302+0000] {dag.py:3954} INFO - Setting next_dagrun for example_complex to None, run_after=None
[2024-07-14T16:40:43.328+0000] {processor.py:183} INFO - Processing /home/airflow/.local/lib/python3.11/site-packages/airflow/example_dags/example_complex.py took 0.123 seconds
[2024-07-14T16:40:49.740+0000] {processor.py:161} INFO - Started process (PID=1571) to work on /home/airflow/.local/lib/python3.11/site-packages/airflow/example_dags/example_complex.py
[2024-07-14T16:40:49.743+0000] {processor.py:830} INFO - Processing file /home/airflow/.local/lib/python3.11/site-packages/airflow/example_dags/example_complex.py for tasks to queue
[2024-07-14T16:40:49.747+0000] {logging_mixin.py:188} INFO - [2024-07-14T16:40:49.746+0000] {dagbag.py:545} INFO - Filling up the DagBag from /home/airflow/.local/lib/python3.11/site-packages/airflow/example_dags/example_complex.py
[2024-07-14T16:40:49.776+0000] {processor.py:840} INFO - DAG(s) 'example_complex' retrieved from /home/airflow/.local/lib/python3.11/site-packages/airflow/example_dags/example_complex.py
[2024-07-14T16:40:49.850+0000] {logging_mixin.py:188} INFO - [2024-07-14T16:40:49.850+0000] {dag.py:3096} INFO - Sync 1 DAGs
[2024-07-14T16:40:49.874+0000] {logging_mixin.py:188} INFO - [2024-07-14T16:40:49.873+0000] {dag.py:3954} INFO - Setting next_dagrun for example_complex to None, run_after=None
[2024-07-14T16:40:49.909+0000] {processor.py:183} INFO - Processing /home/airflow/.local/lib/python3.11/site-packages/airflow/example_dags/example_complex.py took 0.182 seconds
[2024-07-14T16:40:59.693+0000] {processor.py:161} INFO - Started process (PID=1624) to work on /home/airflow/.local/lib/python3.11/site-packages/airflow/example_dags/example_complex.py
[2024-07-14T16:40:59.696+0000] {processor.py:830} INFO - Processing file /home/airflow/.local/lib/python3.11/site-packages/airflow/example_dags/example_complex.py for tasks to queue
[2024-07-14T16:40:59.699+0000] {logging_mixin.py:188} INFO - [2024-07-14T16:40:59.699+0000] {dagbag.py:545} INFO - Filling up the DagBag from /home/airflow/.local/lib/python3.11/site-packages/airflow/example_dags/example_complex.py
[2024-07-14T16:40:59.732+0000] {processor.py:840} INFO - DAG(s) 'example_complex' retrieved from /home/airflow/.local/lib/python3.11/site-packages/airflow/example_dags/example_complex.py
[2024-07-14T16:40:59.864+0000] {logging_mixin.py:188} INFO - [2024-07-14T16:40:59.863+0000] {dag.py:3096} INFO - Sync 1 DAGs
[2024-07-14T16:40:59.914+0000] {logging_mixin.py:188} INFO - [2024-07-14T16:40:59.913+0000] {dag.py:3954} INFO - Setting next_dagrun for example_complex to None, run_after=None
[2024-07-14T16:40:59.986+0000] {processor.py:183} INFO - Processing /home/airflow/.local/lib/python3.11/site-packages/airflow/example_dags/example_complex.py took 0.309 seconds
[2024-07-14T16:41:07.064+0000] {processor.py:161} INFO - Started process (PID=1682) to work on /home/airflow/.local/lib/python3.11/site-packages/airflow/example_dags/example_complex.py
[2024-07-14T16:41:07.066+0000] {processor.py:830} INFO - Processing file /home/airflow/.local/lib/python3.11/site-packages/airflow/example_dags/example_complex.py for tasks to queue
[2024-07-14T16:41:07.070+0000] {logging_mixin.py:188} INFO - [2024-07-14T16:41:07.070+0000] {dagbag.py:545} INFO - Filling up the DagBag from /home/airflow/.local/lib/python3.11/site-packages/airflow/example_dags/example_complex.py
[2024-07-14T16:41:07.092+0000] {processor.py:840} INFO - DAG(s) 'example_complex' retrieved from /home/airflow/.local/lib/python3.11/site-packages/airflow/example_dags/example_complex.py
[2024-07-14T16:41:07.155+0000] {logging_mixin.py:188} INFO - [2024-07-14T16:41:07.155+0000] {dag.py:3096} INFO - Sync 1 DAGs
[2024-07-14T16:41:07.184+0000] {logging_mixin.py:188} INFO - [2024-07-14T16:41:07.184+0000] {dag.py:3954} INFO - Setting next_dagrun for example_complex to None, run_after=None
[2024-07-14T16:41:07.213+0000] {processor.py:183} INFO - Processing /home/airflow/.local/lib/python3.11/site-packages/airflow/example_dags/example_complex.py took 0.162 seconds
[2024-07-14T16:41:13.234+0000] {processor.py:161} INFO - Started process (PID=1736) to work on /home/airflow/.local/lib/python3.11/site-packages/airflow/example_dags/example_complex.py
[2024-07-14T16:41:13.238+0000] {processor.py:830} INFO - Processing file /home/airflow/.local/lib/python3.11/site-packages/airflow/example_dags/example_complex.py for tasks to queue
[2024-07-14T16:41:13.244+0000] {logging_mixin.py:188} INFO - [2024-07-14T16:41:13.242+0000] {dagbag.py:545} INFO - Filling up the DagBag from /home/airflow/.local/lib/python3.11/site-packages/airflow/example_dags/example_complex.py
[2024-07-14T16:41:13.311+0000] {processor.py:840} INFO - DAG(s) 'example_complex' retrieved from /home/airflow/.local/lib/python3.11/site-packages/airflow/example_dags/example_complex.py
[2024-07-14T16:41:13.493+0000] {logging_mixin.py:188} INFO - [2024-07-14T16:41:13.492+0000] {dag.py:3096} INFO - Sync 1 DAGs
[2024-07-14T16:41:13.525+0000] {logging_mixin.py:188} INFO - [2024-07-14T16:41:13.524+0000] {dag.py:3954} INFO - Setting next_dagrun for example_complex to None, run_after=None
[2024-07-14T16:41:13.577+0000] {processor.py:183} INFO - Processing /home/airflow/.local/lib/python3.11/site-packages/airflow/example_dags/example_complex.py took 0.356 seconds
[2024-07-14T16:41:20.582+0000] {processor.py:161} INFO - Started process (PID=1788) to work on /home/airflow/.local/lib/python3.11/site-packages/airflow/example_dags/example_complex.py
[2024-07-14T16:41:20.584+0000] {processor.py:830} INFO - Processing file /home/airflow/.local/lib/python3.11/site-packages/airflow/example_dags/example_complex.py for tasks to queue
[2024-07-14T16:41:20.587+0000] {logging_mixin.py:188} INFO - [2024-07-14T16:41:20.586+0000] {dagbag.py:545} INFO - Filling up the DagBag from /home/airflow/.local/lib/python3.11/site-packages/airflow/example_dags/example_complex.py
[2024-07-14T16:41:20.605+0000] {processor.py:840} INFO - DAG(s) 'example_complex' retrieved from /home/airflow/.local/lib/python3.11/site-packages/airflow/example_dags/example_complex.py
[2024-07-14T16:41:20.666+0000] {logging_mixin.py:188} INFO - [2024-07-14T16:41:20.666+0000] {dag.py:3096} INFO - Sync 1 DAGs
[2024-07-14T16:41:20.685+0000] {logging_mixin.py:188} INFO - [2024-07-14T16:41:20.684+0000] {dag.py:3954} INFO - Setting next_dagrun for example_complex to None, run_after=None
[2024-07-14T16:41:20.713+0000] {processor.py:183} INFO - Processing /home/airflow/.local/lib/python3.11/site-packages/airflow/example_dags/example_complex.py took 0.139 seconds
[2024-07-14T16:41:30.667+0000] {processor.py:161} INFO - Started process (PID=1842) to work on /home/airflow/.local/lib/python3.11/site-packages/airflow/example_dags/example_complex.py
[2024-07-14T16:41:30.670+0000] {processor.py:830} INFO - Processing file /home/airflow/.local/lib/python3.11/site-packages/airflow/example_dags/example_complex.py for tasks to queue
[2024-07-14T16:41:30.675+0000] {logging_mixin.py:188} INFO - [2024-07-14T16:41:30.675+0000] {dagbag.py:545} INFO - Filling up the DagBag from /home/airflow/.local/lib/python3.11/site-packages/airflow/example_dags/example_complex.py
[2024-07-14T16:41:30.765+0000] {processor.py:840} INFO - DAG(s) 'example_complex' retrieved from /home/airflow/.local/lib/python3.11/site-packages/airflow/example_dags/example_complex.py
[2024-07-14T16:41:30.855+0000] {logging_mixin.py:188} INFO - [2024-07-14T16:41:30.855+0000] {dag.py:3096} INFO - Sync 1 DAGs
[2024-07-14T16:41:30.883+0000] {logging_mixin.py:188} INFO - [2024-07-14T16:41:30.882+0000] {dag.py:3954} INFO - Setting next_dagrun for example_complex to None, run_after=None
[2024-07-14T16:41:30.935+0000] {processor.py:183} INFO - Processing /home/airflow/.local/lib/python3.11/site-packages/airflow/example_dags/example_complex.py took 0.285 seconds
[2024-07-14T16:41:37.855+0000] {processor.py:161} INFO - Started process (PID=1900) to work on /home/airflow/.local/lib/python3.11/site-packages/airflow/example_dags/example_complex.py
[2024-07-14T16:41:37.857+0000] {processor.py:830} INFO - Processing file /home/airflow/.local/lib/python3.11/site-packages/airflow/example_dags/example_complex.py for tasks to queue
[2024-07-14T16:41:37.861+0000] {logging_mixin.py:188} INFO - [2024-07-14T16:41:37.860+0000] {dagbag.py:545} INFO - Filling up the DagBag from /home/airflow/.local/lib/python3.11/site-packages/airflow/example_dags/example_complex.py
[2024-07-14T16:41:37.888+0000] {processor.py:840} INFO - DAG(s) 'example_complex' retrieved from /home/airflow/.local/lib/python3.11/site-packages/airflow/example_dags/example_complex.py
[2024-07-14T16:41:37.966+0000] {logging_mixin.py:188} INFO - [2024-07-14T16:41:37.965+0000] {dag.py:3096} INFO - Sync 1 DAGs
[2024-07-14T16:41:37.992+0000] {logging_mixin.py:188} INFO - [2024-07-14T16:41:37.991+0000] {dag.py:3954} INFO - Setting next_dagrun for example_complex to None, run_after=None
[2024-07-14T16:41:38.100+0000] {processor.py:183} INFO - Processing /home/airflow/.local/lib/python3.11/site-packages/airflow/example_dags/example_complex.py took 0.257 seconds
[2024-07-14T16:41:44.123+0000] {processor.py:161} INFO - Started process (PID=1953) to work on /home/airflow/.local/lib/python3.11/site-packages/airflow/example_dags/example_complex.py
[2024-07-14T16:41:44.125+0000] {processor.py:830} INFO - Processing file /home/airflow/.local/lib/python3.11/site-packages/airflow/example_dags/example_complex.py for tasks to queue
[2024-07-14T16:41:44.127+0000] {logging_mixin.py:188} INFO - [2024-07-14T16:41:44.127+0000] {dagbag.py:545} INFO - Filling up the DagBag from /home/airflow/.local/lib/python3.11/site-packages/airflow/example_dags/example_complex.py
[2024-07-14T16:41:44.150+0000] {processor.py:840} INFO - DAG(s) 'example_complex' retrieved from /home/airflow/.local/lib/python3.11/site-packages/airflow/example_dags/example_complex.py
[2024-07-14T16:41:44.233+0000] {logging_mixin.py:188} INFO - [2024-07-14T16:41:44.232+0000] {dag.py:3096} INFO - Sync 1 DAGs
[2024-07-14T16:41:44.259+0000] {logging_mixin.py:188} INFO - [2024-07-14T16:41:44.259+0000] {dag.py:3954} INFO - Setting next_dagrun for example_complex to None, run_after=None
[2024-07-14T16:41:44.293+0000] {processor.py:183} INFO - Processing /home/airflow/.local/lib/python3.11/site-packages/airflow/example_dags/example_complex.py took 0.179 seconds
[2024-07-14T16:41:50.112+0000] {processor.py:161} INFO - Started process (PID=2005) to work on /home/airflow/.local/lib/python3.11/site-packages/airflow/example_dags/example_complex.py
[2024-07-14T16:41:50.114+0000] {processor.py:830} INFO - Processing file /home/airflow/.local/lib/python3.11/site-packages/airflow/example_dags/example_complex.py for tasks to queue
[2024-07-14T16:41:50.124+0000] {logging_mixin.py:188} INFO - [2024-07-14T16:41:50.124+0000] {dagbag.py:545} INFO - Filling up the DagBag from /home/airflow/.local/lib/python3.11/site-packages/airflow/example_dags/example_complex.py
[2024-07-14T16:41:50.182+0000] {processor.py:840} INFO - DAG(s) 'example_complex' retrieved from /home/airflow/.local/lib/python3.11/site-packages/airflow/example_dags/example_complex.py
[2024-07-14T16:41:50.336+0000] {logging_mixin.py:188} INFO - [2024-07-14T16:41:50.335+0000] {dag.py:3096} INFO - Sync 1 DAGs
[2024-07-14T16:41:50.368+0000] {logging_mixin.py:188} INFO - [2024-07-14T16:41:50.368+0000] {dag.py:3954} INFO - Setting next_dagrun for example_complex to None, run_after=None
[2024-07-14T16:41:50.417+0000] {processor.py:183} INFO - Processing /home/airflow/.local/lib/python3.11/site-packages/airflow/example_dags/example_complex.py took 0.324 seconds
[2024-07-14T16:41:57.124+0000] {processor.py:161} INFO - Started process (PID=2059) to work on /home/airflow/.local/lib/python3.11/site-packages/airflow/example_dags/example_complex.py
[2024-07-14T16:41:57.125+0000] {processor.py:830} INFO - Processing file /home/airflow/.local/lib/python3.11/site-packages/airflow/example_dags/example_complex.py for tasks to queue
[2024-07-14T16:41:57.130+0000] {logging_mixin.py:188} INFO - [2024-07-14T16:41:57.129+0000] {dagbag.py:545} INFO - Filling up the DagBag from /home/airflow/.local/lib/python3.11/site-packages/airflow/example_dags/example_complex.py
[2024-07-14T16:41:57.152+0000] {processor.py:840} INFO - DAG(s) 'example_complex' retrieved from /home/airflow/.local/lib/python3.11/site-packages/airflow/example_dags/example_complex.py
[2024-07-14T16:41:57.213+0000] {logging_mixin.py:188} INFO - [2024-07-14T16:41:57.212+0000] {dag.py:3096} INFO - Sync 1 DAGs
[2024-07-14T16:41:57.234+0000] {logging_mixin.py:188} INFO - [2024-07-14T16:41:57.234+0000] {dag.py:3954} INFO - Setting next_dagrun for example_complex to None, run_after=None
[2024-07-14T16:41:57.269+0000] {processor.py:183} INFO - Processing /home/airflow/.local/lib/python3.11/site-packages/airflow/example_dags/example_complex.py took 0.155 seconds
[2024-07-14T16:42:04.444+0000] {processor.py:161} INFO - Started process (PID=2111) to work on /home/airflow/.local/lib/python3.11/site-packages/airflow/example_dags/example_complex.py
[2024-07-14T16:42:04.446+0000] {processor.py:830} INFO - Processing file /home/airflow/.local/lib/python3.11/site-packages/airflow/example_dags/example_complex.py for tasks to queue
[2024-07-14T16:42:04.450+0000] {logging_mixin.py:188} INFO - [2024-07-14T16:42:04.449+0000] {dagbag.py:545} INFO - Filling up the DagBag from /home/airflow/.local/lib/python3.11/site-packages/airflow/example_dags/example_complex.py
[2024-07-14T16:42:04.470+0000] {processor.py:840} INFO - DAG(s) 'example_complex' retrieved from /home/airflow/.local/lib/python3.11/site-packages/airflow/example_dags/example_complex.py
[2024-07-14T16:42:04.544+0000] {logging_mixin.py:188} INFO - [2024-07-14T16:42:04.543+0000] {dag.py:3096} INFO - Sync 1 DAGs
[2024-07-14T16:42:04.603+0000] {logging_mixin.py:188} INFO - [2024-07-14T16:42:04.603+0000] {dag.py:3954} INFO - Setting next_dagrun for example_complex to None, run_after=None
[2024-07-14T16:42:04.659+0000] {processor.py:183} INFO - Processing /home/airflow/.local/lib/python3.11/site-packages/airflow/example_dags/example_complex.py took 0.230 seconds
[2024-07-14T16:42:11.327+0000] {processor.py:161} INFO - Started process (PID=2170) to work on /home/airflow/.local/lib/python3.11/site-packages/airflow/example_dags/example_complex.py
[2024-07-14T16:42:11.328+0000] {processor.py:830} INFO - Processing file /home/airflow/.local/lib/python3.11/site-packages/airflow/example_dags/example_complex.py for tasks to queue
[2024-07-14T16:42:11.331+0000] {logging_mixin.py:188} INFO - [2024-07-14T16:42:11.330+0000] {dagbag.py:545} INFO - Filling up the DagBag from /home/airflow/.local/lib/python3.11/site-packages/airflow/example_dags/example_complex.py
[2024-07-14T16:42:11.347+0000] {processor.py:840} INFO - DAG(s) 'example_complex' retrieved from /home/airflow/.local/lib/python3.11/site-packages/airflow/example_dags/example_complex.py
[2024-07-14T16:42:11.399+0000] {logging_mixin.py:188} INFO - [2024-07-14T16:42:11.399+0000] {dag.py:3096} INFO - Sync 1 DAGs
[2024-07-14T16:42:11.415+0000] {logging_mixin.py:188} INFO - [2024-07-14T16:42:11.415+0000] {dag.py:3954} INFO - Setting next_dagrun for example_complex to None, run_after=None
[2024-07-14T16:42:11.440+0000] {processor.py:183} INFO - Processing /home/airflow/.local/lib/python3.11/site-packages/airflow/example_dags/example_complex.py took 0.122 seconds
[2024-07-14T16:42:16.384+0000] {processor.py:161} INFO - Started process (PID=2222) to work on /home/airflow/.local/lib/python3.11/site-packages/airflow/example_dags/example_complex.py
[2024-07-14T16:42:16.385+0000] {processor.py:830} INFO - Processing file /home/airflow/.local/lib/python3.11/site-packages/airflow/example_dags/example_complex.py for tasks to queue
[2024-07-14T16:42:16.388+0000] {logging_mixin.py:188} INFO - [2024-07-14T16:42:16.387+0000] {dagbag.py:545} INFO - Filling up the DagBag from /home/airflow/.local/lib/python3.11/site-packages/airflow/example_dags/example_complex.py
[2024-07-14T16:42:16.405+0000] {processor.py:840} INFO - DAG(s) 'example_complex' retrieved from /home/airflow/.local/lib/python3.11/site-packages/airflow/example_dags/example_complex.py
[2024-07-14T16:42:16.459+0000] {logging_mixin.py:188} INFO - [2024-07-14T16:42:16.459+0000] {dag.py:3096} INFO - Sync 1 DAGs
[2024-07-14T16:42:16.477+0000] {logging_mixin.py:188} INFO - [2024-07-14T16:42:16.477+0000] {dag.py:3954} INFO - Setting next_dagrun for example_complex to None, run_after=None
[2024-07-14T16:42:16.503+0000] {processor.py:183} INFO - Processing /home/airflow/.local/lib/python3.11/site-packages/airflow/example_dags/example_complex.py took 0.132 seconds
[2024-07-14T16:42:21.757+0000] {processor.py:161} INFO - Started process (PID=2276) to work on /home/airflow/.local/lib/python3.11/site-packages/airflow/example_dags/example_complex.py
[2024-07-14T16:42:21.760+0000] {processor.py:830} INFO - Processing file /home/airflow/.local/lib/python3.11/site-packages/airflow/example_dags/example_complex.py for tasks to queue
[2024-07-14T16:42:21.768+0000] {logging_mixin.py:188} INFO - [2024-07-14T16:42:21.767+0000] {dagbag.py:545} INFO - Filling up the DagBag from /home/airflow/.local/lib/python3.11/site-packages/airflow/example_dags/example_complex.py
[2024-07-14T16:42:21.806+0000] {processor.py:840} INFO - DAG(s) 'example_complex' retrieved from /home/airflow/.local/lib/python3.11/site-packages/airflow/example_dags/example_complex.py
[2024-07-14T16:42:21.869+0000] {logging_mixin.py:188} INFO - [2024-07-14T16:42:21.868+0000] {dag.py:3096} INFO - Sync 1 DAGs
[2024-07-14T16:42:21.885+0000] {logging_mixin.py:188} INFO - [2024-07-14T16:42:21.885+0000] {dag.py:3954} INFO - Setting next_dagrun for example_complex to None, run_after=None
[2024-07-14T16:42:21.907+0000] {processor.py:183} INFO - Processing /home/airflow/.local/lib/python3.11/site-packages/airflow/example_dags/example_complex.py took 0.161 seconds
[2024-07-14T16:42:26.631+0000] {processor.py:161} INFO - Started process (PID=2328) to work on /home/airflow/.local/lib/python3.11/site-packages/airflow/example_dags/example_complex.py
[2024-07-14T16:42:26.632+0000] {processor.py:830} INFO - Processing file /home/airflow/.local/lib/python3.11/site-packages/airflow/example_dags/example_complex.py for tasks to queue
[2024-07-14T16:42:26.636+0000] {logging_mixin.py:188} INFO - [2024-07-14T16:42:26.635+0000] {dagbag.py:545} INFO - Filling up the DagBag from /home/airflow/.local/lib/python3.11/site-packages/airflow/example_dags/example_complex.py
[2024-07-14T16:42:26.660+0000] {processor.py:840} INFO - DAG(s) 'example_complex' retrieved from /home/airflow/.local/lib/python3.11/site-packages/airflow/example_dags/example_complex.py
[2024-07-14T16:42:26.714+0000] {logging_mixin.py:188} INFO - [2024-07-14T16:42:26.713+0000] {dag.py:3096} INFO - Sync 1 DAGs
[2024-07-14T16:42:26.735+0000] {logging_mixin.py:188} INFO - [2024-07-14T16:42:26.734+0000] {dag.py:3954} INFO - Setting next_dagrun for example_complex to None, run_after=None
[2024-07-14T16:42:26.771+0000] {processor.py:183} INFO - Processing /home/airflow/.local/lib/python3.11/site-packages/airflow/example_dags/example_complex.py took 0.154 seconds
[2024-07-14T16:42:33.602+0000] {processor.py:161} INFO - Started process (PID=2381) to work on /home/airflow/.local/lib/python3.11/site-packages/airflow/example_dags/example_complex.py
[2024-07-14T16:42:33.604+0000] {processor.py:830} INFO - Processing file /home/airflow/.local/lib/python3.11/site-packages/airflow/example_dags/example_complex.py for tasks to queue
[2024-07-14T16:42:33.608+0000] {logging_mixin.py:188} INFO - [2024-07-14T16:42:33.607+0000] {dagbag.py:545} INFO - Filling up the DagBag from /home/airflow/.local/lib/python3.11/site-packages/airflow/example_dags/example_complex.py
[2024-07-14T16:42:33.637+0000] {processor.py:840} INFO - DAG(s) 'example_complex' retrieved from /home/airflow/.local/lib/python3.11/site-packages/airflow/example_dags/example_complex.py
[2024-07-14T16:42:33.702+0000] {logging_mixin.py:188} INFO - [2024-07-14T16:42:33.701+0000] {dag.py:3096} INFO - Sync 1 DAGs
[2024-07-14T16:42:33.724+0000] {logging_mixin.py:188} INFO - [2024-07-14T16:42:33.724+0000] {dag.py:3954} INFO - Setting next_dagrun for example_complex to None, run_after=None
[2024-07-14T16:42:33.752+0000] {processor.py:183} INFO - Processing /home/airflow/.local/lib/python3.11/site-packages/airflow/example_dags/example_complex.py took 0.164 seconds
[2024-07-14T16:42:40.684+0000] {processor.py:161} INFO - Started process (PID=2439) to work on /home/airflow/.local/lib/python3.11/site-packages/airflow/example_dags/example_complex.py
[2024-07-14T16:42:40.687+0000] {processor.py:830} INFO - Processing file /home/airflow/.local/lib/python3.11/site-packages/airflow/example_dags/example_complex.py for tasks to queue
[2024-07-14T16:42:40.691+0000] {logging_mixin.py:188} INFO - [2024-07-14T16:42:40.690+0000] {dagbag.py:545} INFO - Filling up the DagBag from /home/airflow/.local/lib/python3.11/site-packages/airflow/example_dags/example_complex.py
[2024-07-14T16:42:40.730+0000] {processor.py:840} INFO - DAG(s) 'example_complex' retrieved from /home/airflow/.local/lib/python3.11/site-packages/airflow/example_dags/example_complex.py
[2024-07-14T16:42:40.828+0000] {logging_mixin.py:188} INFO - [2024-07-14T16:42:40.828+0000] {dag.py:3096} INFO - Sync 1 DAGs
[2024-07-14T16:42:40.860+0000] {logging_mixin.py:188} INFO - [2024-07-14T16:42:40.860+0000] {dag.py:3954} INFO - Setting next_dagrun for example_complex to None, run_after=None
[2024-07-14T16:42:40.901+0000] {processor.py:183} INFO - Processing /home/airflow/.local/lib/python3.11/site-packages/airflow/example_dags/example_complex.py took 0.231 seconds
[2024-07-14T16:42:51.372+0000] {processor.py:161} INFO - Started process (PID=2492) to work on /home/airflow/.local/lib/python3.11/site-packages/airflow/example_dags/example_complex.py
[2024-07-14T16:42:51.374+0000] {processor.py:830} INFO - Processing file /home/airflow/.local/lib/python3.11/site-packages/airflow/example_dags/example_complex.py for tasks to queue
[2024-07-14T16:42:51.377+0000] {logging_mixin.py:188} INFO - [2024-07-14T16:42:51.377+0000] {dagbag.py:545} INFO - Filling up the DagBag from /home/airflow/.local/lib/python3.11/site-packages/airflow/example_dags/example_complex.py
[2024-07-14T16:42:51.396+0000] {processor.py:840} INFO - DAG(s) 'example_complex' retrieved from /home/airflow/.local/lib/python3.11/site-packages/airflow/example_dags/example_complex.py
[2024-07-14T16:42:51.447+0000] {logging_mixin.py:188} INFO - [2024-07-14T16:42:51.447+0000] {dag.py:3096} INFO - Sync 1 DAGs
[2024-07-14T16:42:51.467+0000] {logging_mixin.py:188} INFO - [2024-07-14T16:42:51.467+0000] {dag.py:3954} INFO - Setting next_dagrun for example_complex to None, run_after=None
[2024-07-14T16:42:51.495+0000] {processor.py:183} INFO - Processing /home/airflow/.local/lib/python3.11/site-packages/airflow/example_dags/example_complex.py took 0.134 seconds
[2024-07-14T16:42:58.319+0000] {processor.py:161} INFO - Started process (PID=2544) to work on /home/airflow/.local/lib/python3.11/site-packages/airflow/example_dags/example_complex.py
[2024-07-14T16:42:58.321+0000] {processor.py:830} INFO - Processing file /home/airflow/.local/lib/python3.11/site-packages/airflow/example_dags/example_complex.py for tasks to queue
[2024-07-14T16:42:58.325+0000] {logging_mixin.py:188} INFO - [2024-07-14T16:42:58.324+0000] {dagbag.py:545} INFO - Filling up the DagBag from /home/airflow/.local/lib/python3.11/site-packages/airflow/example_dags/example_complex.py
[2024-07-14T16:42:58.347+0000] {processor.py:840} INFO - DAG(s) 'example_complex' retrieved from /home/airflow/.local/lib/python3.11/site-packages/airflow/example_dags/example_complex.py
[2024-07-14T16:42:58.402+0000] {logging_mixin.py:188} INFO - [2024-07-14T16:42:58.401+0000] {dag.py:3096} INFO - Sync 1 DAGs
[2024-07-14T16:42:58.420+0000] {logging_mixin.py:188} INFO - [2024-07-14T16:42:58.420+0000] {dag.py:3954} INFO - Setting next_dagrun for example_complex to None, run_after=None
[2024-07-14T16:42:58.449+0000] {processor.py:183} INFO - Processing /home/airflow/.local/lib/python3.11/site-packages/airflow/example_dags/example_complex.py took 0.143 seconds
[2024-07-14T16:43:03.899+0000] {processor.py:161} INFO - Started process (PID=2597) to work on /home/airflow/.local/lib/python3.11/site-packages/airflow/example_dags/example_complex.py
[2024-07-14T16:43:03.901+0000] {processor.py:830} INFO - Processing file /home/airflow/.local/lib/python3.11/site-packages/airflow/example_dags/example_complex.py for tasks to queue
[2024-07-14T16:43:03.904+0000] {logging_mixin.py:188} INFO - [2024-07-14T16:43:03.904+0000] {dagbag.py:545} INFO - Filling up the DagBag from /home/airflow/.local/lib/python3.11/site-packages/airflow/example_dags/example_complex.py
[2024-07-14T16:43:03.930+0000] {processor.py:840} INFO - DAG(s) 'example_complex' retrieved from /home/airflow/.local/lib/python3.11/site-packages/airflow/example_dags/example_complex.py
[2024-07-14T16:43:04.035+0000] {logging_mixin.py:188} INFO - [2024-07-14T16:43:04.032+0000] {dag.py:3096} INFO - Sync 1 DAGs
[2024-07-14T16:43:04.085+0000] {logging_mixin.py:188} INFO - [2024-07-14T16:43:04.085+0000] {dag.py:3954} INFO - Setting next_dagrun for example_complex to None, run_after=None
[2024-07-14T16:43:04.141+0000] {processor.py:183} INFO - Processing /home/airflow/.local/lib/python3.11/site-packages/airflow/example_dags/example_complex.py took 0.254 seconds
[2024-07-14T16:43:12.415+0000] {processor.py:161} INFO - Started process (PID=2655) to work on /home/airflow/.local/lib/python3.11/site-packages/airflow/example_dags/example_complex.py
[2024-07-14T16:43:12.421+0000] {processor.py:830} INFO - Processing file /home/airflow/.local/lib/python3.11/site-packages/airflow/example_dags/example_complex.py for tasks to queue
[2024-07-14T16:43:12.427+0000] {logging_mixin.py:188} INFO - [2024-07-14T16:43:12.426+0000] {dagbag.py:545} INFO - Filling up the DagBag from /home/airflow/.local/lib/python3.11/site-packages/airflow/example_dags/example_complex.py
[2024-07-14T16:43:12.472+0000] {processor.py:840} INFO - DAG(s) 'example_complex' retrieved from /home/airflow/.local/lib/python3.11/site-packages/airflow/example_dags/example_complex.py
[2024-07-14T16:43:12.579+0000] {logging_mixin.py:188} INFO - [2024-07-14T16:43:12.578+0000] {dag.py:3096} INFO - Sync 1 DAGs
[2024-07-14T16:43:12.612+0000] {logging_mixin.py:188} INFO - [2024-07-14T16:43:12.612+0000] {dag.py:3954} INFO - Setting next_dagrun for example_complex to None, run_after=None
[2024-07-14T16:43:12.661+0000] {processor.py:183} INFO - Processing /home/airflow/.local/lib/python3.11/site-packages/airflow/example_dags/example_complex.py took 0.270 seconds
[2024-07-14T16:43:24.195+0000] {processor.py:161} INFO - Started process (PID=2708) to work on /home/airflow/.local/lib/python3.11/site-packages/airflow/example_dags/example_complex.py
[2024-07-14T16:43:24.198+0000] {processor.py:830} INFO - Processing file /home/airflow/.local/lib/python3.11/site-packages/airflow/example_dags/example_complex.py for tasks to queue
[2024-07-14T16:43:24.207+0000] {logging_mixin.py:188} INFO - [2024-07-14T16:43:24.206+0000] {dagbag.py:545} INFO - Filling up the DagBag from /home/airflow/.local/lib/python3.11/site-packages/airflow/example_dags/example_complex.py
[2024-07-14T16:43:24.253+0000] {processor.py:840} INFO - DAG(s) 'example_complex' retrieved from /home/airflow/.local/lib/python3.11/site-packages/airflow/example_dags/example_complex.py
[2024-07-14T16:43:24.397+0000] {logging_mixin.py:188} INFO - [2024-07-14T16:43:24.396+0000] {dag.py:3096} INFO - Sync 1 DAGs
[2024-07-14T16:43:24.440+0000] {logging_mixin.py:188} INFO - [2024-07-14T16:43:24.440+0000] {dag.py:3954} INFO - Setting next_dagrun for example_complex to None, run_after=None
[2024-07-14T16:43:24.518+0000] {processor.py:183} INFO - Processing /home/airflow/.local/lib/python3.11/site-packages/airflow/example_dags/example_complex.py took 0.345 seconds
[2024-07-14T16:43:35.373+0000] {processor.py:161} INFO - Started process (PID=2760) to work on /home/airflow/.local/lib/python3.11/site-packages/airflow/example_dags/example_complex.py
[2024-07-14T16:43:35.375+0000] {processor.py:830} INFO - Processing file /home/airflow/.local/lib/python3.11/site-packages/airflow/example_dags/example_complex.py for tasks to queue
[2024-07-14T16:43:35.390+0000] {logging_mixin.py:188} INFO - [2024-07-14T16:43:35.385+0000] {dagbag.py:545} INFO - Filling up the DagBag from /home/airflow/.local/lib/python3.11/site-packages/airflow/example_dags/example_complex.py
[2024-07-14T16:43:35.439+0000] {processor.py:840} INFO - DAG(s) 'example_complex' retrieved from /home/airflow/.local/lib/python3.11/site-packages/airflow/example_dags/example_complex.py
[2024-07-14T16:43:35.592+0000] {logging_mixin.py:188} INFO - [2024-07-14T16:43:35.591+0000] {dag.py:3096} INFO - Sync 1 DAGs
[2024-07-14T16:43:35.629+0000] {logging_mixin.py:188} INFO - [2024-07-14T16:43:35.629+0000] {dag.py:3954} INFO - Setting next_dagrun for example_complex to None, run_after=None
[2024-07-14T16:43:35.669+0000] {processor.py:183} INFO - Processing /home/airflow/.local/lib/python3.11/site-packages/airflow/example_dags/example_complex.py took 0.316 seconds
[2024-07-14T16:43:43.612+0000] {processor.py:161} INFO - Started process (PID=2819) to work on /home/airflow/.local/lib/python3.11/site-packages/airflow/example_dags/example_complex.py
[2024-07-14T16:43:43.614+0000] {processor.py:830} INFO - Processing file /home/airflow/.local/lib/python3.11/site-packages/airflow/example_dags/example_complex.py for tasks to queue
[2024-07-14T16:43:43.619+0000] {logging_mixin.py:188} INFO - [2024-07-14T16:43:43.618+0000] {dagbag.py:545} INFO - Filling up the DagBag from /home/airflow/.local/lib/python3.11/site-packages/airflow/example_dags/example_complex.py
[2024-07-14T16:43:43.653+0000] {processor.py:840} INFO - DAG(s) 'example_complex' retrieved from /home/airflow/.local/lib/python3.11/site-packages/airflow/example_dags/example_complex.py
[2024-07-14T16:43:43.744+0000] {logging_mixin.py:188} INFO - [2024-07-14T16:43:43.743+0000] {dag.py:3096} INFO - Sync 1 DAGs
[2024-07-14T16:43:43.768+0000] {logging_mixin.py:188} INFO - [2024-07-14T16:43:43.767+0000] {dag.py:3954} INFO - Setting next_dagrun for example_complex to None, run_after=None
[2024-07-14T16:43:43.806+0000] {processor.py:183} INFO - Processing /home/airflow/.local/lib/python3.11/site-packages/airflow/example_dags/example_complex.py took 0.208 seconds
[2024-07-14T16:43:50.489+0000] {processor.py:161} INFO - Started process (PID=2873) to work on /home/airflow/.local/lib/python3.11/site-packages/airflow/example_dags/example_complex.py
[2024-07-14T16:43:50.492+0000] {processor.py:830} INFO - Processing file /home/airflow/.local/lib/python3.11/site-packages/airflow/example_dags/example_complex.py for tasks to queue
[2024-07-14T16:43:50.496+0000] {logging_mixin.py:188} INFO - [2024-07-14T16:43:50.495+0000] {dagbag.py:545} INFO - Filling up the DagBag from /home/airflow/.local/lib/python3.11/site-packages/airflow/example_dags/example_complex.py
[2024-07-14T16:43:50.529+0000] {processor.py:840} INFO - DAG(s) 'example_complex' retrieved from /home/airflow/.local/lib/python3.11/site-packages/airflow/example_dags/example_complex.py
[2024-07-14T16:43:50.613+0000] {logging_mixin.py:188} INFO - [2024-07-14T16:43:50.613+0000] {dag.py:3096} INFO - Sync 1 DAGs
[2024-07-14T16:43:50.639+0000] {logging_mixin.py:188} INFO - [2024-07-14T16:43:50.639+0000] {dag.py:3954} INFO - Setting next_dagrun for example_complex to None, run_after=None
[2024-07-14T16:43:50.680+0000] {processor.py:183} INFO - Processing /home/airflow/.local/lib/python3.11/site-packages/airflow/example_dags/example_complex.py took 0.211 seconds
[2024-07-14T16:43:57.853+0000] {processor.py:161} INFO - Started process (PID=2925) to work on /home/airflow/.local/lib/python3.11/site-packages/airflow/example_dags/example_complex.py
[2024-07-14T16:43:57.856+0000] {processor.py:830} INFO - Processing file /home/airflow/.local/lib/python3.11/site-packages/airflow/example_dags/example_complex.py for tasks to queue
[2024-07-14T16:43:57.868+0000] {logging_mixin.py:188} INFO - [2024-07-14T16:43:57.867+0000] {dagbag.py:545} INFO - Filling up the DagBag from /home/airflow/.local/lib/python3.11/site-packages/airflow/example_dags/example_complex.py
[2024-07-14T16:43:57.914+0000] {processor.py:840} INFO - DAG(s) 'example_complex' retrieved from /home/airflow/.local/lib/python3.11/site-packages/airflow/example_dags/example_complex.py
[2024-07-14T16:43:58.031+0000] {logging_mixin.py:188} INFO - [2024-07-14T16:43:58.029+0000] {dag.py:3096} INFO - Sync 1 DAGs
[2024-07-14T16:43:58.077+0000] {logging_mixin.py:188} INFO - [2024-07-14T16:43:58.076+0000] {dag.py:3954} INFO - Setting next_dagrun for example_complex to None, run_after=None
[2024-07-14T16:43:58.128+0000] {processor.py:183} INFO - Processing /home/airflow/.local/lib/python3.11/site-packages/airflow/example_dags/example_complex.py took 0.302 seconds
[2024-07-14T16:44:08.459+0000] {processor.py:161} INFO - Started process (PID=2985) to work on /home/airflow/.local/lib/python3.11/site-packages/airflow/example_dags/example_complex.py
[2024-07-14T16:44:08.461+0000] {processor.py:830} INFO - Processing file /home/airflow/.local/lib/python3.11/site-packages/airflow/example_dags/example_complex.py for tasks to queue
[2024-07-14T16:44:08.463+0000] {logging_mixin.py:188} INFO - [2024-07-14T16:44:08.463+0000] {dagbag.py:545} INFO - Filling up the DagBag from /home/airflow/.local/lib/python3.11/site-packages/airflow/example_dags/example_complex.py
[2024-07-14T16:44:08.482+0000] {processor.py:840} INFO - DAG(s) 'example_complex' retrieved from /home/airflow/.local/lib/python3.11/site-packages/airflow/example_dags/example_complex.py
[2024-07-14T16:44:08.532+0000] {logging_mixin.py:188} INFO - [2024-07-14T16:44:08.531+0000] {dag.py:3096} INFO - Sync 1 DAGs
[2024-07-14T16:44:08.549+0000] {logging_mixin.py:188} INFO - [2024-07-14T16:44:08.548+0000] {dag.py:3954} INFO - Setting next_dagrun for example_complex to None, run_after=None
[2024-07-14T16:44:08.574+0000] {processor.py:183} INFO - Processing /home/airflow/.local/lib/python3.11/site-packages/airflow/example_dags/example_complex.py took 0.124 seconds
[2024-07-14T16:44:13.634+0000] {processor.py:161} INFO - Started process (PID=3037) to work on /home/airflow/.local/lib/python3.11/site-packages/airflow/example_dags/example_complex.py
[2024-07-14T16:44:13.635+0000] {processor.py:830} INFO - Processing file /home/airflow/.local/lib/python3.11/site-packages/airflow/example_dags/example_complex.py for tasks to queue
[2024-07-14T16:44:13.638+0000] {logging_mixin.py:188} INFO - [2024-07-14T16:44:13.637+0000] {dagbag.py:545} INFO - Filling up the DagBag from /home/airflow/.local/lib/python3.11/site-packages/airflow/example_dags/example_complex.py
[2024-07-14T16:44:13.655+0000] {processor.py:840} INFO - DAG(s) 'example_complex' retrieved from /home/airflow/.local/lib/python3.11/site-packages/airflow/example_dags/example_complex.py
[2024-07-14T16:44:13.707+0000] {logging_mixin.py:188} INFO - [2024-07-14T16:44:13.707+0000] {dag.py:3096} INFO - Sync 1 DAGs
[2024-07-14T16:44:13.726+0000] {logging_mixin.py:188} INFO - [2024-07-14T16:44:13.725+0000] {dag.py:3954} INFO - Setting next_dagrun for example_complex to None, run_after=None
[2024-07-14T16:44:13.754+0000] {processor.py:183} INFO - Processing /home/airflow/.local/lib/python3.11/site-packages/airflow/example_dags/example_complex.py took 0.129 seconds
[2024-07-14T16:44:19.192+0000] {processor.py:161} INFO - Started process (PID=3090) to work on /home/airflow/.local/lib/python3.11/site-packages/airflow/example_dags/example_complex.py
[2024-07-14T16:44:19.194+0000] {processor.py:830} INFO - Processing file /home/airflow/.local/lib/python3.11/site-packages/airflow/example_dags/example_complex.py for tasks to queue
[2024-07-14T16:44:19.197+0000] {logging_mixin.py:188} INFO - [2024-07-14T16:44:19.197+0000] {dagbag.py:545} INFO - Filling up the DagBag from /home/airflow/.local/lib/python3.11/site-packages/airflow/example_dags/example_complex.py
[2024-07-14T16:44:19.219+0000] {processor.py:840} INFO - DAG(s) 'example_complex' retrieved from /home/airflow/.local/lib/python3.11/site-packages/airflow/example_dags/example_complex.py
[2024-07-14T16:44:19.280+0000] {logging_mixin.py:188} INFO - [2024-07-14T16:44:19.279+0000] {dag.py:3096} INFO - Sync 1 DAGs
[2024-07-14T16:44:19.303+0000] {logging_mixin.py:188} INFO - [2024-07-14T16:44:19.302+0000] {dag.py:3954} INFO - Setting next_dagrun for example_complex to None, run_after=None
[2024-07-14T16:44:19.332+0000] {processor.py:183} INFO - Processing /home/airflow/.local/lib/python3.11/site-packages/airflow/example_dags/example_complex.py took 0.153 seconds
[2024-07-14T16:44:24.609+0000] {processor.py:161} INFO - Started process (PID=3142) to work on /home/airflow/.local/lib/python3.11/site-packages/airflow/example_dags/example_complex.py
[2024-07-14T16:44:24.611+0000] {processor.py:830} INFO - Processing file /home/airflow/.local/lib/python3.11/site-packages/airflow/example_dags/example_complex.py for tasks to queue
[2024-07-14T16:44:24.616+0000] {logging_mixin.py:188} INFO - [2024-07-14T16:44:24.615+0000] {dagbag.py:545} INFO - Filling up the DagBag from /home/airflow/.local/lib/python3.11/site-packages/airflow/example_dags/example_complex.py
[2024-07-14T16:44:24.648+0000] {processor.py:840} INFO - DAG(s) 'example_complex' retrieved from /home/airflow/.local/lib/python3.11/site-packages/airflow/example_dags/example_complex.py
[2024-07-14T16:44:24.718+0000] {logging_mixin.py:188} INFO - [2024-07-14T16:44:24.718+0000] {dag.py:3096} INFO - Sync 1 DAGs
[2024-07-14T16:44:24.744+0000] {logging_mixin.py:188} INFO - [2024-07-14T16:44:24.744+0000] {dag.py:3954} INFO - Setting next_dagrun for example_complex to None, run_after=None
[2024-07-14T16:44:24.777+0000] {processor.py:183} INFO - Processing /home/airflow/.local/lib/python3.11/site-packages/airflow/example_dags/example_complex.py took 0.180 seconds
[2024-07-14T16:44:31.921+0000] {processor.py:161} INFO - Started process (PID=3195) to work on /home/airflow/.local/lib/python3.11/site-packages/airflow/example_dags/example_complex.py
[2024-07-14T16:44:31.923+0000] {processor.py:830} INFO - Processing file /home/airflow/.local/lib/python3.11/site-packages/airflow/example_dags/example_complex.py for tasks to queue
[2024-07-14T16:44:31.926+0000] {logging_mixin.py:188} INFO - [2024-07-14T16:44:31.925+0000] {dagbag.py:545} INFO - Filling up the DagBag from /home/airflow/.local/lib/python3.11/site-packages/airflow/example_dags/example_complex.py
[2024-07-14T16:44:31.946+0000] {processor.py:840} INFO - DAG(s) 'example_complex' retrieved from /home/airflow/.local/lib/python3.11/site-packages/airflow/example_dags/example_complex.py
[2024-07-14T16:44:32.027+0000] {logging_mixin.py:188} INFO - [2024-07-14T16:44:32.027+0000] {dag.py:3096} INFO - Sync 1 DAGs
[2024-07-14T16:44:32.051+0000] {logging_mixin.py:188} INFO - [2024-07-14T16:44:32.051+0000] {dag.py:3954} INFO - Setting next_dagrun for example_complex to None, run_after=None
[2024-07-14T16:44:32.086+0000] {processor.py:183} INFO - Processing /home/airflow/.local/lib/python3.11/site-packages/airflow/example_dags/example_complex.py took 0.177 seconds
[2024-07-14T16:44:38.198+0000] {processor.py:161} INFO - Started process (PID=3253) to work on /home/airflow/.local/lib/python3.11/site-packages/airflow/example_dags/example_complex.py
[2024-07-14T16:44:38.200+0000] {processor.py:830} INFO - Processing file /home/airflow/.local/lib/python3.11/site-packages/airflow/example_dags/example_complex.py for tasks to queue
[2024-07-14T16:44:38.203+0000] {logging_mixin.py:188} INFO - [2024-07-14T16:44:38.202+0000] {dagbag.py:545} INFO - Filling up the DagBag from /home/airflow/.local/lib/python3.11/site-packages/airflow/example_dags/example_complex.py
[2024-07-14T16:44:38.235+0000] {processor.py:840} INFO - DAG(s) 'example_complex' retrieved from /home/airflow/.local/lib/python3.11/site-packages/airflow/example_dags/example_complex.py
[2024-07-14T16:44:38.307+0000] {logging_mixin.py:188} INFO - [2024-07-14T16:44:38.307+0000] {dag.py:3096} INFO - Sync 1 DAGs
[2024-07-14T16:44:38.332+0000] {logging_mixin.py:188} INFO - [2024-07-14T16:44:38.332+0000] {dag.py:3954} INFO - Setting next_dagrun for example_complex to None, run_after=None
[2024-07-14T16:44:38.367+0000] {processor.py:183} INFO - Processing /home/airflow/.local/lib/python3.11/site-packages/airflow/example_dags/example_complex.py took 0.181 seconds
[2024-07-14T16:44:45.427+0000] {processor.py:161} INFO - Started process (PID=3306) to work on /home/airflow/.local/lib/python3.11/site-packages/airflow/example_dags/example_complex.py
[2024-07-14T16:44:45.429+0000] {processor.py:830} INFO - Processing file /home/airflow/.local/lib/python3.11/site-packages/airflow/example_dags/example_complex.py for tasks to queue
[2024-07-14T16:44:45.433+0000] {logging_mixin.py:188} INFO - [2024-07-14T16:44:45.432+0000] {dagbag.py:545} INFO - Filling up the DagBag from /home/airflow/.local/lib/python3.11/site-packages/airflow/example_dags/example_complex.py
[2024-07-14T16:44:45.453+0000] {processor.py:840} INFO - DAG(s) 'example_complex' retrieved from /home/airflow/.local/lib/python3.11/site-packages/airflow/example_dags/example_complex.py
[2024-07-14T16:44:45.510+0000] {logging_mixin.py:188} INFO - [2024-07-14T16:44:45.509+0000] {dag.py:3096} INFO - Sync 1 DAGs
[2024-07-14T16:44:45.544+0000] {logging_mixin.py:188} INFO - [2024-07-14T16:44:45.543+0000] {dag.py:3954} INFO - Setting next_dagrun for example_complex to None, run_after=None
[2024-07-14T16:44:45.576+0000] {processor.py:183} INFO - Processing /home/airflow/.local/lib/python3.11/site-packages/airflow/example_dags/example_complex.py took 0.161 seconds
[2024-07-14T16:44:52.829+0000] {processor.py:161} INFO - Started process (PID=3360) to work on /home/airflow/.local/lib/python3.11/site-packages/airflow/example_dags/example_complex.py
[2024-07-14T16:44:52.830+0000] {processor.py:830} INFO - Processing file /home/airflow/.local/lib/python3.11/site-packages/airflow/example_dags/example_complex.py for tasks to queue
[2024-07-14T16:44:52.834+0000] {logging_mixin.py:188} INFO - [2024-07-14T16:44:52.833+0000] {dagbag.py:545} INFO - Filling up the DagBag from /home/airflow/.local/lib/python3.11/site-packages/airflow/example_dags/example_complex.py
[2024-07-14T16:44:52.854+0000] {processor.py:840} INFO - DAG(s) 'example_complex' retrieved from /home/airflow/.local/lib/python3.11/site-packages/airflow/example_dags/example_complex.py
[2024-07-14T16:44:52.924+0000] {logging_mixin.py:188} INFO - [2024-07-14T16:44:52.923+0000] {dag.py:3096} INFO - Sync 1 DAGs
[2024-07-14T16:44:52.947+0000] {logging_mixin.py:188} INFO - [2024-07-14T16:44:52.947+0000] {dag.py:3954} INFO - Setting next_dagrun for example_complex to None, run_after=None
[2024-07-14T16:44:52.980+0000] {processor.py:183} INFO - Processing /home/airflow/.local/lib/python3.11/site-packages/airflow/example_dags/example_complex.py took 0.163 seconds
[2024-07-14T16:44:58.444+0000] {processor.py:161} INFO - Started process (PID=3412) to work on /home/airflow/.local/lib/python3.11/site-packages/airflow/example_dags/example_complex.py
[2024-07-14T16:44:58.446+0000] {processor.py:830} INFO - Processing file /home/airflow/.local/lib/python3.11/site-packages/airflow/example_dags/example_complex.py for tasks to queue
[2024-07-14T16:44:58.448+0000] {logging_mixin.py:188} INFO - [2024-07-14T16:44:58.448+0000] {dagbag.py:545} INFO - Filling up the DagBag from /home/airflow/.local/lib/python3.11/site-packages/airflow/example_dags/example_complex.py
[2024-07-14T16:44:58.466+0000] {processor.py:840} INFO - DAG(s) 'example_complex' retrieved from /home/airflow/.local/lib/python3.11/site-packages/airflow/example_dags/example_complex.py
[2024-07-14T16:44:58.532+0000] {logging_mixin.py:188} INFO - [2024-07-14T16:44:58.531+0000] {dag.py:3096} INFO - Sync 1 DAGs
[2024-07-14T16:44:58.557+0000] {logging_mixin.py:188} INFO - [2024-07-14T16:44:58.556+0000] {dag.py:3954} INFO - Setting next_dagrun for example_complex to None, run_after=None
[2024-07-14T16:44:58.581+0000] {processor.py:183} INFO - Processing /home/airflow/.local/lib/python3.11/site-packages/airflow/example_dags/example_complex.py took 0.147 seconds
[2024-07-14T16:45:05.081+0000] {processor.py:161} INFO - Started process (PID=3465) to work on /home/airflow/.local/lib/python3.11/site-packages/airflow/example_dags/example_complex.py
[2024-07-14T16:45:05.083+0000] {processor.py:830} INFO - Processing file /home/airflow/.local/lib/python3.11/site-packages/airflow/example_dags/example_complex.py for tasks to queue
[2024-07-14T16:45:05.086+0000] {logging_mixin.py:188} INFO - [2024-07-14T16:45:05.086+0000] {dagbag.py:545} INFO - Filling up the DagBag from /home/airflow/.local/lib/python3.11/site-packages/airflow/example_dags/example_complex.py
[2024-07-14T16:45:05.108+0000] {processor.py:840} INFO - DAG(s) 'example_complex' retrieved from /home/airflow/.local/lib/python3.11/site-packages/airflow/example_dags/example_complex.py
[2024-07-14T16:45:05.172+0000] {logging_mixin.py:188} INFO - [2024-07-14T16:45:05.171+0000] {dag.py:3096} INFO - Sync 1 DAGs
[2024-07-14T16:45:05.191+0000] {logging_mixin.py:188} INFO - [2024-07-14T16:45:05.191+0000] {dag.py:3954} INFO - Setting next_dagrun for example_complex to None, run_after=None
[2024-07-14T16:45:05.219+0000] {processor.py:183} INFO - Processing /home/airflow/.local/lib/python3.11/site-packages/airflow/example_dags/example_complex.py took 0.149 seconds
[2024-07-14T16:45:10.311+0000] {processor.py:161} INFO - Started process (PID=3525) to work on /home/airflow/.local/lib/python3.11/site-packages/airflow/example_dags/example_complex.py
[2024-07-14T16:45:10.312+0000] {processor.py:830} INFO - Processing file /home/airflow/.local/lib/python3.11/site-packages/airflow/example_dags/example_complex.py for tasks to queue
[2024-07-14T16:45:10.317+0000] {logging_mixin.py:188} INFO - [2024-07-14T16:45:10.316+0000] {dagbag.py:545} INFO - Filling up the DagBag from /home/airflow/.local/lib/python3.11/site-packages/airflow/example_dags/example_complex.py
[2024-07-14T16:45:10.337+0000] {processor.py:840} INFO - DAG(s) 'example_complex' retrieved from /home/airflow/.local/lib/python3.11/site-packages/airflow/example_dags/example_complex.py
[2024-07-14T16:45:10.397+0000] {logging_mixin.py:188} INFO - [2024-07-14T16:45:10.397+0000] {dag.py:3096} INFO - Sync 1 DAGs
[2024-07-14T16:45:10.418+0000] {logging_mixin.py:188} INFO - [2024-07-14T16:45:10.418+0000] {dag.py:3954} INFO - Setting next_dagrun for example_complex to None, run_after=None
[2024-07-14T16:45:10.446+0000] {processor.py:183} INFO - Processing /home/airflow/.local/lib/python3.11/site-packages/airflow/example_dags/example_complex.py took 0.149 seconds
[2024-07-14T16:45:15.826+0000] {processor.py:161} INFO - Started process (PID=3577) to work on /home/airflow/.local/lib/python3.11/site-packages/airflow/example_dags/example_complex.py
[2024-07-14T16:45:15.828+0000] {processor.py:830} INFO - Processing file /home/airflow/.local/lib/python3.11/site-packages/airflow/example_dags/example_complex.py for tasks to queue
[2024-07-14T16:45:15.832+0000] {logging_mixin.py:188} INFO - [2024-07-14T16:45:15.831+0000] {dagbag.py:545} INFO - Filling up the DagBag from /home/airflow/.local/lib/python3.11/site-packages/airflow/example_dags/example_complex.py
[2024-07-14T16:45:15.851+0000] {processor.py:840} INFO - DAG(s) 'example_complex' retrieved from /home/airflow/.local/lib/python3.11/site-packages/airflow/example_dags/example_complex.py
[2024-07-14T16:45:15.908+0000] {logging_mixin.py:188} INFO - [2024-07-14T16:45:15.907+0000] {dag.py:3096} INFO - Sync 1 DAGs
[2024-07-14T16:45:15.928+0000] {logging_mixin.py:188} INFO - [2024-07-14T16:45:15.928+0000] {dag.py:3954} INFO - Setting next_dagrun for example_complex to None, run_after=None
[2024-07-14T16:45:15.957+0000] {processor.py:183} INFO - Processing /home/airflow/.local/lib/python3.11/site-packages/airflow/example_dags/example_complex.py took 0.142 seconds
[2024-07-14T16:45:24.224+0000] {processor.py:161} INFO - Started process (PID=3630) to work on /home/airflow/.local/lib/python3.11/site-packages/airflow/example_dags/example_complex.py
[2024-07-14T16:45:24.227+0000] {processor.py:830} INFO - Processing file /home/airflow/.local/lib/python3.11/site-packages/airflow/example_dags/example_complex.py for tasks to queue
[2024-07-14T16:45:24.232+0000] {logging_mixin.py:188} INFO - [2024-07-14T16:45:24.231+0000] {dagbag.py:545} INFO - Filling up the DagBag from /home/airflow/.local/lib/python3.11/site-packages/airflow/example_dags/example_complex.py
[2024-07-14T16:45:24.268+0000] {processor.py:840} INFO - DAG(s) 'example_complex' retrieved from /home/airflow/.local/lib/python3.11/site-packages/airflow/example_dags/example_complex.py
[2024-07-14T16:45:24.350+0000] {logging_mixin.py:188} INFO - [2024-07-14T16:45:24.349+0000] {dag.py:3096} INFO - Sync 1 DAGs
[2024-07-14T16:45:24.378+0000] {logging_mixin.py:188} INFO - [2024-07-14T16:45:24.378+0000] {dag.py:3954} INFO - Setting next_dagrun for example_complex to None, run_after=None
[2024-07-14T16:45:24.442+0000] {processor.py:183} INFO - Processing /home/airflow/.local/lib/python3.11/site-packages/airflow/example_dags/example_complex.py took 0.235 seconds
[2024-07-14T16:45:31.553+0000] {processor.py:161} INFO - Started process (PID=3682) to work on /home/airflow/.local/lib/python3.11/site-packages/airflow/example_dags/example_complex.py
[2024-07-14T16:45:31.555+0000] {processor.py:830} INFO - Processing file /home/airflow/.local/lib/python3.11/site-packages/airflow/example_dags/example_complex.py for tasks to queue
[2024-07-14T16:45:31.559+0000] {logging_mixin.py:188} INFO - [2024-07-14T16:45:31.558+0000] {dagbag.py:545} INFO - Filling up the DagBag from /home/airflow/.local/lib/python3.11/site-packages/airflow/example_dags/example_complex.py
[2024-07-14T16:45:31.582+0000] {processor.py:840} INFO - DAG(s) 'example_complex' retrieved from /home/airflow/.local/lib/python3.11/site-packages/airflow/example_dags/example_complex.py
[2024-07-14T16:45:31.651+0000] {logging_mixin.py:188} INFO - [2024-07-14T16:45:31.650+0000] {dag.py:3096} INFO - Sync 1 DAGs
[2024-07-14T16:45:31.674+0000] {logging_mixin.py:188} INFO - [2024-07-14T16:45:31.674+0000] {dag.py:3954} INFO - Setting next_dagrun for example_complex to None, run_after=None
[2024-07-14T16:45:31.709+0000] {processor.py:183} INFO - Processing /home/airflow/.local/lib/python3.11/site-packages/airflow/example_dags/example_complex.py took 0.168 seconds
[2024-07-14T16:45:40.685+0000] {processor.py:161} INFO - Started process (PID=3742) to work on /home/airflow/.local/lib/python3.11/site-packages/airflow/example_dags/example_complex.py
[2024-07-14T16:45:40.689+0000] {processor.py:830} INFO - Processing file /home/airflow/.local/lib/python3.11/site-packages/airflow/example_dags/example_complex.py for tasks to queue
[2024-07-14T16:45:40.696+0000] {logging_mixin.py:188} INFO - [2024-07-14T16:45:40.695+0000] {dagbag.py:545} INFO - Filling up the DagBag from /home/airflow/.local/lib/python3.11/site-packages/airflow/example_dags/example_complex.py
[2024-07-14T16:45:40.739+0000] {processor.py:840} INFO - DAG(s) 'example_complex' retrieved from /home/airflow/.local/lib/python3.11/site-packages/airflow/example_dags/example_complex.py
[2024-07-14T16:45:40.840+0000] {logging_mixin.py:188} INFO - [2024-07-14T16:45:40.839+0000] {dag.py:3096} INFO - Sync 1 DAGs
[2024-07-14T16:45:40.872+0000] {logging_mixin.py:188} INFO - [2024-07-14T16:45:40.871+0000] {dag.py:3954} INFO - Setting next_dagrun for example_complex to None, run_after=None
[2024-07-14T16:45:40.924+0000] {processor.py:183} INFO - Processing /home/airflow/.local/lib/python3.11/site-packages/airflow/example_dags/example_complex.py took 0.270 seconds
[2024-07-14T16:45:48.884+0000] {processor.py:161} INFO - Started process (PID=3794) to work on /home/airflow/.local/lib/python3.11/site-packages/airflow/example_dags/example_complex.py
[2024-07-14T16:45:48.893+0000] {processor.py:830} INFO - Processing file /home/airflow/.local/lib/python3.11/site-packages/airflow/example_dags/example_complex.py for tasks to queue
[2024-07-14T16:45:48.900+0000] {logging_mixin.py:188} INFO - [2024-07-14T16:45:48.899+0000] {dagbag.py:545} INFO - Filling up the DagBag from /home/airflow/.local/lib/python3.11/site-packages/airflow/example_dags/example_complex.py
[2024-07-14T16:45:48.953+0000] {processor.py:840} INFO - DAG(s) 'example_complex' retrieved from /home/airflow/.local/lib/python3.11/site-packages/airflow/example_dags/example_complex.py
[2024-07-14T16:45:49.069+0000] {logging_mixin.py:188} INFO - [2024-07-14T16:45:49.069+0000] {dag.py:3096} INFO - Sync 1 DAGs
[2024-07-14T16:45:49.121+0000] {logging_mixin.py:188} INFO - [2024-07-14T16:45:49.121+0000] {dag.py:3954} INFO - Setting next_dagrun for example_complex to None, run_after=None
[2024-07-14T16:45:49.180+0000] {processor.py:183} INFO - Processing /home/airflow/.local/lib/python3.11/site-packages/airflow/example_dags/example_complex.py took 0.331 seconds
[2024-07-14T16:45:56.650+0000] {processor.py:161} INFO - Started process (PID=3847) to work on /home/airflow/.local/lib/python3.11/site-packages/airflow/example_dags/example_complex.py
[2024-07-14T16:45:56.652+0000] {processor.py:830} INFO - Processing file /home/airflow/.local/lib/python3.11/site-packages/airflow/example_dags/example_complex.py for tasks to queue
[2024-07-14T16:45:56.655+0000] {logging_mixin.py:188} INFO - [2024-07-14T16:45:56.654+0000] {dagbag.py:545} INFO - Filling up the DagBag from /home/airflow/.local/lib/python3.11/site-packages/airflow/example_dags/example_complex.py
[2024-07-14T16:45:56.674+0000] {processor.py:840} INFO - DAG(s) 'example_complex' retrieved from /home/airflow/.local/lib/python3.11/site-packages/airflow/example_dags/example_complex.py
[2024-07-14T16:45:56.736+0000] {logging_mixin.py:188} INFO - [2024-07-14T16:45:56.736+0000] {dag.py:3096} INFO - Sync 1 DAGs
[2024-07-14T16:45:56.759+0000] {logging_mixin.py:188} INFO - [2024-07-14T16:45:56.758+0000] {dag.py:3954} INFO - Setting next_dagrun for example_complex to None, run_after=None
[2024-07-14T16:45:56.792+0000] {processor.py:183} INFO - Processing /home/airflow/.local/lib/python3.11/site-packages/airflow/example_dags/example_complex.py took 0.152 seconds
[2024-07-14T16:46:04.454+0000] {processor.py:161} INFO - Started process (PID=3899) to work on /home/airflow/.local/lib/python3.11/site-packages/airflow/example_dags/example_complex.py
[2024-07-14T16:46:04.455+0000] {processor.py:830} INFO - Processing file /home/airflow/.local/lib/python3.11/site-packages/airflow/example_dags/example_complex.py for tasks to queue
[2024-07-14T16:46:04.458+0000] {logging_mixin.py:188} INFO - [2024-07-14T16:46:04.458+0000] {dagbag.py:545} INFO - Filling up the DagBag from /home/airflow/.local/lib/python3.11/site-packages/airflow/example_dags/example_complex.py
[2024-07-14T16:46:04.475+0000] {processor.py:840} INFO - DAG(s) 'example_complex' retrieved from /home/airflow/.local/lib/python3.11/site-packages/airflow/example_dags/example_complex.py
[2024-07-14T16:46:04.526+0000] {logging_mixin.py:188} INFO - [2024-07-14T16:46:04.526+0000] {dag.py:3096} INFO - Sync 1 DAGs
[2024-07-14T16:46:04.546+0000] {logging_mixin.py:188} INFO - [2024-07-14T16:46:04.546+0000] {dag.py:3954} INFO - Setting next_dagrun for example_complex to None, run_after=None
[2024-07-14T16:46:04.612+0000] {processor.py:183} INFO - Processing /home/airflow/.local/lib/python3.11/site-packages/airflow/example_dags/example_complex.py took 0.167 seconds
[2024-07-14T16:46:10.343+0000] {processor.py:161} INFO - Started process (PID=3959) to work on /home/airflow/.local/lib/python3.11/site-packages/airflow/example_dags/example_complex.py
[2024-07-14T16:46:10.346+0000] {processor.py:830} INFO - Processing file /home/airflow/.local/lib/python3.11/site-packages/airflow/example_dags/example_complex.py for tasks to queue
[2024-07-14T16:46:10.349+0000] {logging_mixin.py:188} INFO - [2024-07-14T16:46:10.349+0000] {dagbag.py:545} INFO - Filling up the DagBag from /home/airflow/.local/lib/python3.11/site-packages/airflow/example_dags/example_complex.py
[2024-07-14T16:46:10.371+0000] {processor.py:840} INFO - DAG(s) 'example_complex' retrieved from /home/airflow/.local/lib/python3.11/site-packages/airflow/example_dags/example_complex.py
[2024-07-14T16:46:10.427+0000] {logging_mixin.py:188} INFO - [2024-07-14T16:46:10.427+0000] {dag.py:3096} INFO - Sync 1 DAGs
[2024-07-14T16:46:10.446+0000] {logging_mixin.py:188} INFO - [2024-07-14T16:46:10.446+0000] {dag.py:3954} INFO - Setting next_dagrun for example_complex to None, run_after=None
[2024-07-14T16:46:10.490+0000] {processor.py:183} INFO - Processing /home/airflow/.local/lib/python3.11/site-packages/airflow/example_dags/example_complex.py took 0.159 seconds
[2024-07-14T16:46:15.697+0000] {processor.py:161} INFO - Started process (PID=4011) to work on /home/airflow/.local/lib/python3.11/site-packages/airflow/example_dags/example_complex.py
[2024-07-14T16:46:15.699+0000] {processor.py:830} INFO - Processing file /home/airflow/.local/lib/python3.11/site-packages/airflow/example_dags/example_complex.py for tasks to queue
[2024-07-14T16:46:15.704+0000] {logging_mixin.py:188} INFO - [2024-07-14T16:46:15.703+0000] {dagbag.py:545} INFO - Filling up the DagBag from /home/airflow/.local/lib/python3.11/site-packages/airflow/example_dags/example_complex.py
[2024-07-14T16:46:15.735+0000] {processor.py:840} INFO - DAG(s) 'example_complex' retrieved from /home/airflow/.local/lib/python3.11/site-packages/airflow/example_dags/example_complex.py
[2024-07-14T16:46:15.813+0000] {logging_mixin.py:188} INFO - [2024-07-14T16:46:15.813+0000] {dag.py:3096} INFO - Sync 1 DAGs
[2024-07-14T16:46:15.839+0000] {logging_mixin.py:188} INFO - [2024-07-14T16:46:15.838+0000] {dag.py:3954} INFO - Setting next_dagrun for example_complex to None, run_after=None
[2024-07-14T16:46:15.870+0000] {processor.py:183} INFO - Processing /home/airflow/.local/lib/python3.11/site-packages/airflow/example_dags/example_complex.py took 0.189 seconds
[2024-07-14T16:46:21.935+0000] {processor.py:161} INFO - Started process (PID=4064) to work on /home/airflow/.local/lib/python3.11/site-packages/airflow/example_dags/example_complex.py
[2024-07-14T16:46:21.937+0000] {processor.py:830} INFO - Processing file /home/airflow/.local/lib/python3.11/site-packages/airflow/example_dags/example_complex.py for tasks to queue
[2024-07-14T16:46:21.941+0000] {logging_mixin.py:188} INFO - [2024-07-14T16:46:21.940+0000] {dagbag.py:545} INFO - Filling up the DagBag from /home/airflow/.local/lib/python3.11/site-packages/airflow/example_dags/example_complex.py
[2024-07-14T16:46:21.972+0000] {processor.py:840} INFO - DAG(s) 'example_complex' retrieved from /home/airflow/.local/lib/python3.11/site-packages/airflow/example_dags/example_complex.py
[2024-07-14T16:46:22.079+0000] {logging_mixin.py:188} INFO - [2024-07-14T16:46:22.078+0000] {dag.py:3096} INFO - Sync 1 DAGs
[2024-07-14T16:46:22.106+0000] {logging_mixin.py:188} INFO - [2024-07-14T16:46:22.106+0000] {dag.py:3954} INFO - Setting next_dagrun for example_complex to None, run_after=None
[2024-07-14T16:46:22.148+0000] {processor.py:183} INFO - Processing /home/airflow/.local/lib/python3.11/site-packages/airflow/example_dags/example_complex.py took 0.225 seconds
