[2024-07-14T16:38:01.803+0000] {processor.py:161} INFO - Started process (PID=72) to work on /home/airflow/.local/lib/python3.11/site-packages/airflow/example_dags/example_bash_decorator.py
[2024-07-14T16:38:01.805+0000] {processor.py:830} INFO - Processing file /home/airflow/.local/lib/python3.11/site-packages/airflow/example_dags/example_bash_decorator.py for tasks to queue
[2024-07-14T16:38:01.810+0000] {logging_mixin.py:188} INFO - [2024-07-14T16:38:01.809+0000] {dagbag.py:545} INFO - Filling up the DagBag from /home/airflow/.local/lib/python3.11/site-packages/airflow/example_dags/example_bash_decorator.py
[2024-07-14T16:38:01.860+0000] {processor.py:840} INFO - DAG(s) 'example_bash_decorator' retrieved from /home/airflow/.local/lib/python3.11/site-packages/airflow/example_dags/example_bash_decorator.py
[2024-07-14T16:38:02.325+0000] {logging_mixin.py:188} INFO - [2024-07-14T16:38:02.325+0000] {dag.py:3096} INFO - Sync 1 DAGs
[2024-07-14T16:38:02.359+0000] {logging_mixin.py:188} INFO - [2024-07-14T16:38:02.359+0000] {dag.py:3954} INFO - Setting next_dagrun for example_bash_decorator to None, run_after=None
[2024-07-14T16:38:02.402+0000] {processor.py:183} INFO - Processing /home/airflow/.local/lib/python3.11/site-packages/airflow/example_dags/example_bash_decorator.py took 0.613 seconds
[2024-07-14T16:38:12.104+0000] {processor.py:161} INFO - Started process (PID=132) to work on /home/airflow/.local/lib/python3.11/site-packages/airflow/example_dags/example_bash_decorator.py
[2024-07-14T16:38:12.106+0000] {processor.py:830} INFO - Processing file /home/airflow/.local/lib/python3.11/site-packages/airflow/example_dags/example_bash_decorator.py for tasks to queue
[2024-07-14T16:38:12.109+0000] {logging_mixin.py:188} INFO - [2024-07-14T16:38:12.108+0000] {dagbag.py:545} INFO - Filling up the DagBag from /home/airflow/.local/lib/python3.11/site-packages/airflow/example_dags/example_bash_decorator.py
[2024-07-14T16:38:12.132+0000] {processor.py:840} INFO - DAG(s) 'example_bash_decorator' retrieved from /home/airflow/.local/lib/python3.11/site-packages/airflow/example_dags/example_bash_decorator.py
[2024-07-14T16:38:12.151+0000] {logging_mixin.py:188} INFO - [2024-07-14T16:38:12.151+0000] {dag.py:3096} INFO - Sync 1 DAGs
[2024-07-14T16:38:12.174+0000] {logging_mixin.py:188} INFO - [2024-07-14T16:38:12.174+0000] {dag.py:3954} INFO - Setting next_dagrun for example_bash_decorator to None, run_after=None
[2024-07-14T16:38:12.200+0000] {processor.py:183} INFO - Processing /home/airflow/.local/lib/python3.11/site-packages/airflow/example_dags/example_bash_decorator.py took 0.105 seconds
[2024-07-14T16:38:18.481+0000] {processor.py:161} INFO - Started process (PID=184) to work on /home/airflow/.local/lib/python3.11/site-packages/airflow/example_dags/example_bash_decorator.py
[2024-07-14T16:38:18.491+0000] {processor.py:830} INFO - Processing file /home/airflow/.local/lib/python3.11/site-packages/airflow/example_dags/example_bash_decorator.py for tasks to queue
[2024-07-14T16:38:18.504+0000] {logging_mixin.py:188} INFO - [2024-07-14T16:38:18.503+0000] {dagbag.py:545} INFO - Filling up the DagBag from /home/airflow/.local/lib/python3.11/site-packages/airflow/example_dags/example_bash_decorator.py
[2024-07-14T16:38:18.628+0000] {processor.py:840} INFO - DAG(s) 'example_bash_decorator' retrieved from /home/airflow/.local/lib/python3.11/site-packages/airflow/example_dags/example_bash_decorator.py
[2024-07-14T16:38:18.701+0000] {logging_mixin.py:188} INFO - [2024-07-14T16:38:18.700+0000] {dag.py:3096} INFO - Sync 1 DAGs
[2024-07-14T16:38:18.796+0000] {logging_mixin.py:188} INFO - [2024-07-14T16:38:18.796+0000] {dag.py:3954} INFO - Setting next_dagrun for example_bash_decorator to None, run_after=None
[2024-07-14T16:38:18.954+0000] {processor.py:183} INFO - Processing /home/airflow/.local/lib/python3.11/site-packages/airflow/example_dags/example_bash_decorator.py took 0.502 seconds
[2024-07-14T16:38:25.972+0000] {processor.py:161} INFO - Started process (PID=237) to work on /home/airflow/.local/lib/python3.11/site-packages/airflow/example_dags/example_bash_decorator.py
[2024-07-14T16:38:25.973+0000] {processor.py:830} INFO - Processing file /home/airflow/.local/lib/python3.11/site-packages/airflow/example_dags/example_bash_decorator.py for tasks to queue
[2024-07-14T16:38:25.976+0000] {logging_mixin.py:188} INFO - [2024-07-14T16:38:25.975+0000] {dagbag.py:545} INFO - Filling up the DagBag from /home/airflow/.local/lib/python3.11/site-packages/airflow/example_dags/example_bash_decorator.py
[2024-07-14T16:38:25.994+0000] {processor.py:840} INFO - DAG(s) 'example_bash_decorator' retrieved from /home/airflow/.local/lib/python3.11/site-packages/airflow/example_dags/example_bash_decorator.py
[2024-07-14T16:38:26.010+0000] {logging_mixin.py:188} INFO - [2024-07-14T16:38:26.010+0000] {dag.py:3096} INFO - Sync 1 DAGs
[2024-07-14T16:38:26.028+0000] {logging_mixin.py:188} INFO - [2024-07-14T16:38:26.028+0000] {dag.py:3954} INFO - Setting next_dagrun for example_bash_decorator to None, run_after=None
[2024-07-14T16:38:26.055+0000] {processor.py:183} INFO - Processing /home/airflow/.local/lib/python3.11/site-packages/airflow/example_dags/example_bash_decorator.py took 0.092 seconds
[2024-07-14T16:38:30.957+0000] {processor.py:161} INFO - Started process (PID=289) to work on /home/airflow/.local/lib/python3.11/site-packages/airflow/example_dags/example_bash_decorator.py
[2024-07-14T16:38:30.964+0000] {processor.py:830} INFO - Processing file /home/airflow/.local/lib/python3.11/site-packages/airflow/example_dags/example_bash_decorator.py for tasks to queue
[2024-07-14T16:38:30.970+0000] {logging_mixin.py:188} INFO - [2024-07-14T16:38:30.969+0000] {dagbag.py:545} INFO - Filling up the DagBag from /home/airflow/.local/lib/python3.11/site-packages/airflow/example_dags/example_bash_decorator.py
[2024-07-14T16:38:31.010+0000] {processor.py:840} INFO - DAG(s) 'example_bash_decorator' retrieved from /home/airflow/.local/lib/python3.11/site-packages/airflow/example_dags/example_bash_decorator.py
[2024-07-14T16:38:31.025+0000] {logging_mixin.py:188} INFO - [2024-07-14T16:38:31.025+0000] {dag.py:3096} INFO - Sync 1 DAGs
[2024-07-14T16:38:31.043+0000] {logging_mixin.py:188} INFO - [2024-07-14T16:38:31.043+0000] {dag.py:3954} INFO - Setting next_dagrun for example_bash_decorator to None, run_after=None
[2024-07-14T16:38:31.067+0000] {processor.py:183} INFO - Processing /home/airflow/.local/lib/python3.11/site-packages/airflow/example_dags/example_bash_decorator.py took 0.123 seconds
[2024-07-14T16:38:36.061+0000] {processor.py:161} INFO - Started process (PID=349) to work on /home/airflow/.local/lib/python3.11/site-packages/airflow/example_dags/example_bash_decorator.py
[2024-07-14T16:38:36.065+0000] {processor.py:830} INFO - Processing file /home/airflow/.local/lib/python3.11/site-packages/airflow/example_dags/example_bash_decorator.py for tasks to queue
[2024-07-14T16:38:36.072+0000] {logging_mixin.py:188} INFO - [2024-07-14T16:38:36.071+0000] {dagbag.py:545} INFO - Filling up the DagBag from /home/airflow/.local/lib/python3.11/site-packages/airflow/example_dags/example_bash_decorator.py
[2024-07-14T16:38:36.106+0000] {processor.py:840} INFO - DAG(s) 'example_bash_decorator' retrieved from /home/airflow/.local/lib/python3.11/site-packages/airflow/example_dags/example_bash_decorator.py
[2024-07-14T16:38:36.153+0000] {logging_mixin.py:188} INFO - [2024-07-14T16:38:36.153+0000] {dag.py:3096} INFO - Sync 1 DAGs
[2024-07-14T16:38:36.184+0000] {logging_mixin.py:188} INFO - [2024-07-14T16:38:36.183+0000] {dag.py:3954} INFO - Setting next_dagrun for example_bash_decorator to None, run_after=None
[2024-07-14T16:38:36.222+0000] {processor.py:183} INFO - Processing /home/airflow/.local/lib/python3.11/site-packages/airflow/example_dags/example_bash_decorator.py took 0.174 seconds
[2024-07-14T16:38:43.007+0000] {processor.py:161} INFO - Started process (PID=401) to work on /home/airflow/.local/lib/python3.11/site-packages/airflow/example_dags/example_bash_decorator.py
[2024-07-14T16:38:43.010+0000] {processor.py:830} INFO - Processing file /home/airflow/.local/lib/python3.11/site-packages/airflow/example_dags/example_bash_decorator.py for tasks to queue
[2024-07-14T16:38:43.014+0000] {logging_mixin.py:188} INFO - [2024-07-14T16:38:43.013+0000] {dagbag.py:545} INFO - Filling up the DagBag from /home/airflow/.local/lib/python3.11/site-packages/airflow/example_dags/example_bash_decorator.py
[2024-07-14T16:38:43.047+0000] {processor.py:840} INFO - DAG(s) 'example_bash_decorator' retrieved from /home/airflow/.local/lib/python3.11/site-packages/airflow/example_dags/example_bash_decorator.py
[2024-07-14T16:38:43.101+0000] {logging_mixin.py:188} INFO - [2024-07-14T16:38:43.101+0000] {dag.py:3096} INFO - Sync 1 DAGs
[2024-07-14T16:38:43.131+0000] {logging_mixin.py:188} INFO - [2024-07-14T16:38:43.131+0000] {dag.py:3954} INFO - Setting next_dagrun for example_bash_decorator to None, run_after=None
[2024-07-14T16:38:43.169+0000] {processor.py:183} INFO - Processing /home/airflow/.local/lib/python3.11/site-packages/airflow/example_dags/example_bash_decorator.py took 0.180 seconds
[2024-07-14T16:38:49.095+0000] {processor.py:161} INFO - Started process (PID=455) to work on /home/airflow/.local/lib/python3.11/site-packages/airflow/example_dags/example_bash_decorator.py
[2024-07-14T16:38:49.096+0000] {processor.py:830} INFO - Processing file /home/airflow/.local/lib/python3.11/site-packages/airflow/example_dags/example_bash_decorator.py for tasks to queue
[2024-07-14T16:38:49.100+0000] {logging_mixin.py:188} INFO - [2024-07-14T16:38:49.099+0000] {dagbag.py:545} INFO - Filling up the DagBag from /home/airflow/.local/lib/python3.11/site-packages/airflow/example_dags/example_bash_decorator.py
[2024-07-14T16:38:49.122+0000] {processor.py:840} INFO - DAG(s) 'example_bash_decorator' retrieved from /home/airflow/.local/lib/python3.11/site-packages/airflow/example_dags/example_bash_decorator.py
[2024-07-14T16:38:49.189+0000] {logging_mixin.py:188} INFO - [2024-07-14T16:38:49.188+0000] {dag.py:3096} INFO - Sync 1 DAGs
[2024-07-14T16:38:49.230+0000] {logging_mixin.py:188} INFO - [2024-07-14T16:38:49.230+0000] {dag.py:3954} INFO - Setting next_dagrun for example_bash_decorator to None, run_after=None
[2024-07-14T16:38:49.282+0000] {processor.py:183} INFO - Processing /home/airflow/.local/lib/python3.11/site-packages/airflow/example_dags/example_bash_decorator.py took 0.198 seconds
[2024-07-14T16:38:56.173+0000] {processor.py:161} INFO - Started process (PID=509) to work on /home/airflow/.local/lib/python3.11/site-packages/airflow/example_dags/example_bash_decorator.py
[2024-07-14T16:38:56.175+0000] {processor.py:830} INFO - Processing file /home/airflow/.local/lib/python3.11/site-packages/airflow/example_dags/example_bash_decorator.py for tasks to queue
[2024-07-14T16:38:56.180+0000] {logging_mixin.py:188} INFO - [2024-07-14T16:38:56.180+0000] {dagbag.py:545} INFO - Filling up the DagBag from /home/airflow/.local/lib/python3.11/site-packages/airflow/example_dags/example_bash_decorator.py
[2024-07-14T16:38:56.217+0000] {processor.py:840} INFO - DAG(s) 'example_bash_decorator' retrieved from /home/airflow/.local/lib/python3.11/site-packages/airflow/example_dags/example_bash_decorator.py
[2024-07-14T16:38:56.271+0000] {logging_mixin.py:188} INFO - [2024-07-14T16:38:56.271+0000] {dag.py:3096} INFO - Sync 1 DAGs
[2024-07-14T16:38:56.306+0000] {logging_mixin.py:188} INFO - [2024-07-14T16:38:56.306+0000] {dag.py:3954} INFO - Setting next_dagrun for example_bash_decorator to None, run_after=None
[2024-07-14T16:38:56.348+0000] {processor.py:183} INFO - Processing /home/airflow/.local/lib/python3.11/site-packages/airflow/example_dags/example_bash_decorator.py took 0.192 seconds
[2024-07-14T16:39:03.197+0000] {processor.py:161} INFO - Started process (PID=563) to work on /home/airflow/.local/lib/python3.11/site-packages/airflow/example_dags/example_bash_decorator.py
[2024-07-14T16:39:03.199+0000] {processor.py:830} INFO - Processing file /home/airflow/.local/lib/python3.11/site-packages/airflow/example_dags/example_bash_decorator.py for tasks to queue
[2024-07-14T16:39:03.201+0000] {logging_mixin.py:188} INFO - [2024-07-14T16:39:03.201+0000] {dagbag.py:545} INFO - Filling up the DagBag from /home/airflow/.local/lib/python3.11/site-packages/airflow/example_dags/example_bash_decorator.py
[2024-07-14T16:39:03.222+0000] {processor.py:840} INFO - DAG(s) 'example_bash_decorator' retrieved from /home/airflow/.local/lib/python3.11/site-packages/airflow/example_dags/example_bash_decorator.py
[2024-07-14T16:39:03.253+0000] {logging_mixin.py:188} INFO - [2024-07-14T16:39:03.253+0000] {dag.py:3096} INFO - Sync 1 DAGs
[2024-07-14T16:39:03.269+0000] {logging_mixin.py:188} INFO - [2024-07-14T16:39:03.269+0000] {dag.py:3954} INFO - Setting next_dagrun for example_bash_decorator to None, run_after=None
[2024-07-14T16:39:03.294+0000] {processor.py:183} INFO - Processing /home/airflow/.local/lib/python3.11/site-packages/airflow/example_dags/example_bash_decorator.py took 0.106 seconds
[2024-07-14T16:39:08.511+0000] {processor.py:161} INFO - Started process (PID=621) to work on /home/airflow/.local/lib/python3.11/site-packages/airflow/example_dags/example_bash_decorator.py
[2024-07-14T16:39:08.514+0000] {processor.py:830} INFO - Processing file /home/airflow/.local/lib/python3.11/site-packages/airflow/example_dags/example_bash_decorator.py for tasks to queue
[2024-07-14T16:39:08.519+0000] {logging_mixin.py:188} INFO - [2024-07-14T16:39:08.518+0000] {dagbag.py:545} INFO - Filling up the DagBag from /home/airflow/.local/lib/python3.11/site-packages/airflow/example_dags/example_bash_decorator.py
[2024-07-14T16:39:08.557+0000] {processor.py:840} INFO - DAG(s) 'example_bash_decorator' retrieved from /home/airflow/.local/lib/python3.11/site-packages/airflow/example_dags/example_bash_decorator.py
[2024-07-14T16:39:08.633+0000] {logging_mixin.py:188} INFO - [2024-07-14T16:39:08.632+0000] {dag.py:3096} INFO - Sync 1 DAGs
[2024-07-14T16:39:08.709+0000] {logging_mixin.py:188} INFO - [2024-07-14T16:39:08.707+0000] {dag.py:3954} INFO - Setting next_dagrun for example_bash_decorator to None, run_after=None
[2024-07-14T16:39:08.764+0000] {processor.py:183} INFO - Processing /home/airflow/.local/lib/python3.11/site-packages/airflow/example_dags/example_bash_decorator.py took 0.264 seconds
[2024-07-14T16:39:14.521+0000] {processor.py:161} INFO - Started process (PID=675) to work on /home/airflow/.local/lib/python3.11/site-packages/airflow/example_dags/example_bash_decorator.py
[2024-07-14T16:39:14.522+0000] {processor.py:830} INFO - Processing file /home/airflow/.local/lib/python3.11/site-packages/airflow/example_dags/example_bash_decorator.py for tasks to queue
[2024-07-14T16:39:14.525+0000] {logging_mixin.py:188} INFO - [2024-07-14T16:39:14.525+0000] {dagbag.py:545} INFO - Filling up the DagBag from /home/airflow/.local/lib/python3.11/site-packages/airflow/example_dags/example_bash_decorator.py
[2024-07-14T16:39:14.549+0000] {processor.py:840} INFO - DAG(s) 'example_bash_decorator' retrieved from /home/airflow/.local/lib/python3.11/site-packages/airflow/example_dags/example_bash_decorator.py
[2024-07-14T16:39:14.585+0000] {logging_mixin.py:188} INFO - [2024-07-14T16:39:14.585+0000] {dag.py:3096} INFO - Sync 1 DAGs
[2024-07-14T16:39:14.604+0000] {logging_mixin.py:188} INFO - [2024-07-14T16:39:14.603+0000] {dag.py:3954} INFO - Setting next_dagrun for example_bash_decorator to None, run_after=None
[2024-07-14T16:39:14.631+0000] {processor.py:183} INFO - Processing /home/airflow/.local/lib/python3.11/site-packages/airflow/example_dags/example_bash_decorator.py took 0.123 seconds
[2024-07-14T16:39:19.294+0000] {processor.py:161} INFO - Started process (PID=727) to work on /home/airflow/.local/lib/python3.11/site-packages/airflow/example_dags/example_bash_decorator.py
[2024-07-14T16:39:19.295+0000] {processor.py:830} INFO - Processing file /home/airflow/.local/lib/python3.11/site-packages/airflow/example_dags/example_bash_decorator.py for tasks to queue
[2024-07-14T16:39:19.298+0000] {logging_mixin.py:188} INFO - [2024-07-14T16:39:19.297+0000] {dagbag.py:545} INFO - Filling up the DagBag from /home/airflow/.local/lib/python3.11/site-packages/airflow/example_dags/example_bash_decorator.py
[2024-07-14T16:39:19.318+0000] {processor.py:840} INFO - DAG(s) 'example_bash_decorator' retrieved from /home/airflow/.local/lib/python3.11/site-packages/airflow/example_dags/example_bash_decorator.py
[2024-07-14T16:39:19.351+0000] {logging_mixin.py:188} INFO - [2024-07-14T16:39:19.351+0000] {dag.py:3096} INFO - Sync 1 DAGs
[2024-07-14T16:39:19.368+0000] {logging_mixin.py:188} INFO - [2024-07-14T16:39:19.368+0000] {dag.py:3954} INFO - Setting next_dagrun for example_bash_decorator to None, run_after=None
[2024-07-14T16:39:19.393+0000] {processor.py:183} INFO - Processing /home/airflow/.local/lib/python3.11/site-packages/airflow/example_dags/example_bash_decorator.py took 0.108 seconds
[2024-07-14T16:39:24.155+0000] {processor.py:161} INFO - Started process (PID=781) to work on /home/airflow/.local/lib/python3.11/site-packages/airflow/example_dags/example_bash_decorator.py
[2024-07-14T16:39:24.157+0000] {processor.py:830} INFO - Processing file /home/airflow/.local/lib/python3.11/site-packages/airflow/example_dags/example_bash_decorator.py for tasks to queue
[2024-07-14T16:39:24.161+0000] {logging_mixin.py:188} INFO - [2024-07-14T16:39:24.160+0000] {dagbag.py:545} INFO - Filling up the DagBag from /home/airflow/.local/lib/python3.11/site-packages/airflow/example_dags/example_bash_decorator.py
[2024-07-14T16:39:24.186+0000] {processor.py:840} INFO - DAG(s) 'example_bash_decorator' retrieved from /home/airflow/.local/lib/python3.11/site-packages/airflow/example_dags/example_bash_decorator.py
[2024-07-14T16:39:24.234+0000] {logging_mixin.py:188} INFO - [2024-07-14T16:39:24.233+0000] {dag.py:3096} INFO - Sync 1 DAGs
[2024-07-14T16:39:24.258+0000] {logging_mixin.py:188} INFO - [2024-07-14T16:39:24.258+0000] {dag.py:3954} INFO - Setting next_dagrun for example_bash_decorator to None, run_after=None
[2024-07-14T16:39:24.294+0000] {processor.py:183} INFO - Processing /home/airflow/.local/lib/python3.11/site-packages/airflow/example_dags/example_bash_decorator.py took 0.150 seconds
[2024-07-14T16:39:29.367+0000] {processor.py:161} INFO - Started process (PID=833) to work on /home/airflow/.local/lib/python3.11/site-packages/airflow/example_dags/example_bash_decorator.py
[2024-07-14T16:39:29.368+0000] {processor.py:830} INFO - Processing file /home/airflow/.local/lib/python3.11/site-packages/airflow/example_dags/example_bash_decorator.py for tasks to queue
[2024-07-14T16:39:29.370+0000] {logging_mixin.py:188} INFO - [2024-07-14T16:39:29.370+0000] {dagbag.py:545} INFO - Filling up the DagBag from /home/airflow/.local/lib/python3.11/site-packages/airflow/example_dags/example_bash_decorator.py
[2024-07-14T16:39:29.387+0000] {processor.py:840} INFO - DAG(s) 'example_bash_decorator' retrieved from /home/airflow/.local/lib/python3.11/site-packages/airflow/example_dags/example_bash_decorator.py
[2024-07-14T16:39:29.418+0000] {logging_mixin.py:188} INFO - [2024-07-14T16:39:29.417+0000] {dag.py:3096} INFO - Sync 1 DAGs
[2024-07-14T16:39:29.437+0000] {logging_mixin.py:188} INFO - [2024-07-14T16:39:29.437+0000] {dag.py:3954} INFO - Setting next_dagrun for example_bash_decorator to None, run_after=None
[2024-07-14T16:39:29.461+0000] {processor.py:183} INFO - Processing /home/airflow/.local/lib/python3.11/site-packages/airflow/example_dags/example_bash_decorator.py took 0.103 seconds
[2024-07-14T16:39:36.749+0000] {processor.py:161} INFO - Started process (PID=893) to work on /home/airflow/.local/lib/python3.11/site-packages/airflow/example_dags/example_bash_decorator.py
[2024-07-14T16:39:36.750+0000] {processor.py:830} INFO - Processing file /home/airflow/.local/lib/python3.11/site-packages/airflow/example_dags/example_bash_decorator.py for tasks to queue
[2024-07-14T16:39:36.753+0000] {logging_mixin.py:188} INFO - [2024-07-14T16:39:36.752+0000] {dagbag.py:545} INFO - Filling up the DagBag from /home/airflow/.local/lib/python3.11/site-packages/airflow/example_dags/example_bash_decorator.py
[2024-07-14T16:39:36.772+0000] {processor.py:840} INFO - DAG(s) 'example_bash_decorator' retrieved from /home/airflow/.local/lib/python3.11/site-packages/airflow/example_dags/example_bash_decorator.py
[2024-07-14T16:39:36.801+0000] {logging_mixin.py:188} INFO - [2024-07-14T16:39:36.801+0000] {dag.py:3096} INFO - Sync 1 DAGs
[2024-07-14T16:39:36.817+0000] {logging_mixin.py:188} INFO - [2024-07-14T16:39:36.817+0000] {dag.py:3954} INFO - Setting next_dagrun for example_bash_decorator to None, run_after=None
[2024-07-14T16:39:36.840+0000] {processor.py:183} INFO - Processing /home/airflow/.local/lib/python3.11/site-packages/airflow/example_dags/example_bash_decorator.py took 0.100 seconds
[2024-07-14T16:39:42.105+0000] {processor.py:161} INFO - Started process (PID=947) to work on /home/airflow/.local/lib/python3.11/site-packages/airflow/example_dags/example_bash_decorator.py
[2024-07-14T16:39:42.107+0000] {processor.py:830} INFO - Processing file /home/airflow/.local/lib/python3.11/site-packages/airflow/example_dags/example_bash_decorator.py for tasks to queue
[2024-07-14T16:39:42.109+0000] {logging_mixin.py:188} INFO - [2024-07-14T16:39:42.109+0000] {dagbag.py:545} INFO - Filling up the DagBag from /home/airflow/.local/lib/python3.11/site-packages/airflow/example_dags/example_bash_decorator.py
[2024-07-14T16:39:42.130+0000] {processor.py:840} INFO - DAG(s) 'example_bash_decorator' retrieved from /home/airflow/.local/lib/python3.11/site-packages/airflow/example_dags/example_bash_decorator.py
[2024-07-14T16:39:42.163+0000] {logging_mixin.py:188} INFO - [2024-07-14T16:39:42.163+0000] {dag.py:3096} INFO - Sync 1 DAGs
[2024-07-14T16:39:42.183+0000] {logging_mixin.py:188} INFO - [2024-07-14T16:39:42.182+0000] {dag.py:3954} INFO - Setting next_dagrun for example_bash_decorator to None, run_after=None
[2024-07-14T16:39:42.211+0000] {processor.py:183} INFO - Processing /home/airflow/.local/lib/python3.11/site-packages/airflow/example_dags/example_bash_decorator.py took 0.115 seconds
[2024-07-14T16:39:47.000+0000] {processor.py:161} INFO - Started process (PID=999) to work on /home/airflow/.local/lib/python3.11/site-packages/airflow/example_dags/example_bash_decorator.py
[2024-07-14T16:39:47.001+0000] {processor.py:830} INFO - Processing file /home/airflow/.local/lib/python3.11/site-packages/airflow/example_dags/example_bash_decorator.py for tasks to queue
[2024-07-14T16:39:47.005+0000] {logging_mixin.py:188} INFO - [2024-07-14T16:39:47.005+0000] {dagbag.py:545} INFO - Filling up the DagBag from /home/airflow/.local/lib/python3.11/site-packages/airflow/example_dags/example_bash_decorator.py
[2024-07-14T16:39:47.037+0000] {processor.py:840} INFO - DAG(s) 'example_bash_decorator' retrieved from /home/airflow/.local/lib/python3.11/site-packages/airflow/example_dags/example_bash_decorator.py
[2024-07-14T16:39:47.073+0000] {logging_mixin.py:188} INFO - [2024-07-14T16:39:47.072+0000] {dag.py:3096} INFO - Sync 1 DAGs
[2024-07-14T16:39:47.092+0000] {logging_mixin.py:188} INFO - [2024-07-14T16:39:47.091+0000] {dag.py:3954} INFO - Setting next_dagrun for example_bash_decorator to None, run_after=None
[2024-07-14T16:39:47.122+0000] {processor.py:183} INFO - Processing /home/airflow/.local/lib/python3.11/site-packages/airflow/example_dags/example_bash_decorator.py took 0.132 seconds
[2024-07-14T16:39:52.192+0000] {processor.py:161} INFO - Started process (PID=1052) to work on /home/airflow/.local/lib/python3.11/site-packages/airflow/example_dags/example_bash_decorator.py
[2024-07-14T16:39:52.194+0000] {processor.py:830} INFO - Processing file /home/airflow/.local/lib/python3.11/site-packages/airflow/example_dags/example_bash_decorator.py for tasks to queue
[2024-07-14T16:39:52.197+0000] {logging_mixin.py:188} INFO - [2024-07-14T16:39:52.196+0000] {dagbag.py:545} INFO - Filling up the DagBag from /home/airflow/.local/lib/python3.11/site-packages/airflow/example_dags/example_bash_decorator.py
[2024-07-14T16:39:52.221+0000] {processor.py:840} INFO - DAG(s) 'example_bash_decorator' retrieved from /home/airflow/.local/lib/python3.11/site-packages/airflow/example_dags/example_bash_decorator.py
[2024-07-14T16:39:52.250+0000] {logging_mixin.py:188} INFO - [2024-07-14T16:39:52.250+0000] {dag.py:3096} INFO - Sync 1 DAGs
[2024-07-14T16:39:52.265+0000] {logging_mixin.py:188} INFO - [2024-07-14T16:39:52.265+0000] {dag.py:3954} INFO - Setting next_dagrun for example_bash_decorator to None, run_after=None
[2024-07-14T16:39:52.291+0000] {processor.py:183} INFO - Processing /home/airflow/.local/lib/python3.11/site-packages/airflow/example_dags/example_bash_decorator.py took 0.108 seconds
[2024-07-14T16:39:56.839+0000] {processor.py:161} INFO - Started process (PID=1104) to work on /home/airflow/.local/lib/python3.11/site-packages/airflow/example_dags/example_bash_decorator.py
[2024-07-14T16:39:56.840+0000] {processor.py:830} INFO - Processing file /home/airflow/.local/lib/python3.11/site-packages/airflow/example_dags/example_bash_decorator.py for tasks to queue
[2024-07-14T16:39:56.843+0000] {logging_mixin.py:188} INFO - [2024-07-14T16:39:56.843+0000] {dagbag.py:545} INFO - Filling up the DagBag from /home/airflow/.local/lib/python3.11/site-packages/airflow/example_dags/example_bash_decorator.py
[2024-07-14T16:39:56.863+0000] {processor.py:840} INFO - DAG(s) 'example_bash_decorator' retrieved from /home/airflow/.local/lib/python3.11/site-packages/airflow/example_dags/example_bash_decorator.py
[2024-07-14T16:39:56.895+0000] {logging_mixin.py:188} INFO - [2024-07-14T16:39:56.895+0000] {dag.py:3096} INFO - Sync 1 DAGs
[2024-07-14T16:39:56.911+0000] {logging_mixin.py:188} INFO - [2024-07-14T16:39:56.911+0000] {dag.py:3954} INFO - Setting next_dagrun for example_bash_decorator to None, run_after=None
[2024-07-14T16:39:56.935+0000] {processor.py:183} INFO - Processing /home/airflow/.local/lib/python3.11/site-packages/airflow/example_dags/example_bash_decorator.py took 0.105 seconds
[2024-07-14T16:40:02.215+0000] {processor.py:161} INFO - Started process (PID=1157) to work on /home/airflow/.local/lib/python3.11/site-packages/airflow/example_dags/example_bash_decorator.py
[2024-07-14T16:40:02.216+0000] {processor.py:830} INFO - Processing file /home/airflow/.local/lib/python3.11/site-packages/airflow/example_dags/example_bash_decorator.py for tasks to queue
[2024-07-14T16:40:02.219+0000] {logging_mixin.py:188} INFO - [2024-07-14T16:40:02.218+0000] {dagbag.py:545} INFO - Filling up the DagBag from /home/airflow/.local/lib/python3.11/site-packages/airflow/example_dags/example_bash_decorator.py
[2024-07-14T16:40:02.241+0000] {processor.py:840} INFO - DAG(s) 'example_bash_decorator' retrieved from /home/airflow/.local/lib/python3.11/site-packages/airflow/example_dags/example_bash_decorator.py
[2024-07-14T16:40:02.276+0000] {logging_mixin.py:188} INFO - [2024-07-14T16:40:02.275+0000] {dag.py:3096} INFO - Sync 1 DAGs
[2024-07-14T16:40:02.292+0000] {logging_mixin.py:188} INFO - [2024-07-14T16:40:02.291+0000] {dag.py:3954} INFO - Setting next_dagrun for example_bash_decorator to None, run_after=None
[2024-07-14T16:40:02.315+0000] {processor.py:183} INFO - Processing /home/airflow/.local/lib/python3.11/site-packages/airflow/example_dags/example_bash_decorator.py took 0.109 seconds
[2024-07-14T16:40:07.835+0000] {processor.py:161} INFO - Started process (PID=1217) to work on /home/airflow/.local/lib/python3.11/site-packages/airflow/example_dags/example_bash_decorator.py
[2024-07-14T16:40:07.836+0000] {processor.py:830} INFO - Processing file /home/airflow/.local/lib/python3.11/site-packages/airflow/example_dags/example_bash_decorator.py for tasks to queue
[2024-07-14T16:40:07.839+0000] {logging_mixin.py:188} INFO - [2024-07-14T16:40:07.839+0000] {dagbag.py:545} INFO - Filling up the DagBag from /home/airflow/.local/lib/python3.11/site-packages/airflow/example_dags/example_bash_decorator.py
[2024-07-14T16:40:07.867+0000] {processor.py:840} INFO - DAG(s) 'example_bash_decorator' retrieved from /home/airflow/.local/lib/python3.11/site-packages/airflow/example_dags/example_bash_decorator.py
[2024-07-14T16:40:07.909+0000] {logging_mixin.py:188} INFO - [2024-07-14T16:40:07.908+0000] {dag.py:3096} INFO - Sync 1 DAGs
[2024-07-14T16:40:07.929+0000] {logging_mixin.py:188} INFO - [2024-07-14T16:40:07.929+0000] {dag.py:3954} INFO - Setting next_dagrun for example_bash_decorator to None, run_after=None
[2024-07-14T16:40:07.965+0000] {processor.py:183} INFO - Processing /home/airflow/.local/lib/python3.11/site-packages/airflow/example_dags/example_bash_decorator.py took 0.141 seconds
[2024-07-14T16:40:16.220+0000] {processor.py:161} INFO - Started process (PID=1269) to work on /home/airflow/.local/lib/python3.11/site-packages/airflow/example_dags/example_bash_decorator.py
[2024-07-14T16:40:16.222+0000] {processor.py:830} INFO - Processing file /home/airflow/.local/lib/python3.11/site-packages/airflow/example_dags/example_bash_decorator.py for tasks to queue
[2024-07-14T16:40:16.226+0000] {logging_mixin.py:188} INFO - [2024-07-14T16:40:16.225+0000] {dagbag.py:545} INFO - Filling up the DagBag from /home/airflow/.local/lib/python3.11/site-packages/airflow/example_dags/example_bash_decorator.py
[2024-07-14T16:40:16.251+0000] {processor.py:840} INFO - DAG(s) 'example_bash_decorator' retrieved from /home/airflow/.local/lib/python3.11/site-packages/airflow/example_dags/example_bash_decorator.py
[2024-07-14T16:40:16.290+0000] {logging_mixin.py:188} INFO - [2024-07-14T16:40:16.290+0000] {dag.py:3096} INFO - Sync 1 DAGs
[2024-07-14T16:40:16.310+0000] {logging_mixin.py:188} INFO - [2024-07-14T16:40:16.309+0000] {dag.py:3954} INFO - Setting next_dagrun for example_bash_decorator to None, run_after=None
[2024-07-14T16:40:16.343+0000] {processor.py:183} INFO - Processing /home/airflow/.local/lib/python3.11/site-packages/airflow/example_dags/example_bash_decorator.py took 0.134 seconds
[2024-07-14T16:40:22.857+0000] {processor.py:161} INFO - Started process (PID=1323) to work on /home/airflow/.local/lib/python3.11/site-packages/airflow/example_dags/example_bash_decorator.py
[2024-07-14T16:40:22.859+0000] {processor.py:830} INFO - Processing file /home/airflow/.local/lib/python3.11/site-packages/airflow/example_dags/example_bash_decorator.py for tasks to queue
[2024-07-14T16:40:22.862+0000] {logging_mixin.py:188} INFO - [2024-07-14T16:40:22.862+0000] {dagbag.py:545} INFO - Filling up the DagBag from /home/airflow/.local/lib/python3.11/site-packages/airflow/example_dags/example_bash_decorator.py
[2024-07-14T16:40:22.890+0000] {processor.py:840} INFO - DAG(s) 'example_bash_decorator' retrieved from /home/airflow/.local/lib/python3.11/site-packages/airflow/example_dags/example_bash_decorator.py
[2024-07-14T16:40:22.934+0000] {logging_mixin.py:188} INFO - [2024-07-14T16:40:22.934+0000] {dag.py:3096} INFO - Sync 1 DAGs
[2024-07-14T16:40:22.955+0000] {logging_mixin.py:188} INFO - [2024-07-14T16:40:22.955+0000] {dag.py:3954} INFO - Setting next_dagrun for example_bash_decorator to None, run_after=None
[2024-07-14T16:40:22.988+0000] {processor.py:183} INFO - Processing /home/airflow/.local/lib/python3.11/site-packages/airflow/example_dags/example_bash_decorator.py took 0.141 seconds
[2024-07-14T16:40:27.692+0000] {processor.py:161} INFO - Started process (PID=1375) to work on /home/airflow/.local/lib/python3.11/site-packages/airflow/example_dags/example_bash_decorator.py
[2024-07-14T16:40:27.693+0000] {processor.py:830} INFO - Processing file /home/airflow/.local/lib/python3.11/site-packages/airflow/example_dags/example_bash_decorator.py for tasks to queue
[2024-07-14T16:40:27.696+0000] {logging_mixin.py:188} INFO - [2024-07-14T16:40:27.696+0000] {dagbag.py:545} INFO - Filling up the DagBag from /home/airflow/.local/lib/python3.11/site-packages/airflow/example_dags/example_bash_decorator.py
[2024-07-14T16:40:27.716+0000] {processor.py:840} INFO - DAG(s) 'example_bash_decorator' retrieved from /home/airflow/.local/lib/python3.11/site-packages/airflow/example_dags/example_bash_decorator.py
[2024-07-14T16:40:27.747+0000] {logging_mixin.py:188} INFO - [2024-07-14T16:40:27.747+0000] {dag.py:3096} INFO - Sync 1 DAGs
[2024-07-14T16:40:27.764+0000] {logging_mixin.py:188} INFO - [2024-07-14T16:40:27.764+0000] {dag.py:3954} INFO - Setting next_dagrun for example_bash_decorator to None, run_after=None
[2024-07-14T16:40:27.788+0000] {processor.py:183} INFO - Processing /home/airflow/.local/lib/python3.11/site-packages/airflow/example_dags/example_bash_decorator.py took 0.104 seconds
[2024-07-14T16:40:33.911+0000] {processor.py:161} INFO - Started process (PID=1429) to work on /home/airflow/.local/lib/python3.11/site-packages/airflow/example_dags/example_bash_decorator.py
[2024-07-14T16:40:33.913+0000] {processor.py:830} INFO - Processing file /home/airflow/.local/lib/python3.11/site-packages/airflow/example_dags/example_bash_decorator.py for tasks to queue
[2024-07-14T16:40:33.916+0000] {logging_mixin.py:188} INFO - [2024-07-14T16:40:33.915+0000] {dagbag.py:545} INFO - Filling up the DagBag from /home/airflow/.local/lib/python3.11/site-packages/airflow/example_dags/example_bash_decorator.py
[2024-07-14T16:40:33.942+0000] {processor.py:840} INFO - DAG(s) 'example_bash_decorator' retrieved from /home/airflow/.local/lib/python3.11/site-packages/airflow/example_dags/example_bash_decorator.py
[2024-07-14T16:40:33.985+0000] {logging_mixin.py:188} INFO - [2024-07-14T16:40:33.985+0000] {dag.py:3096} INFO - Sync 1 DAGs
[2024-07-14T16:40:34.004+0000] {logging_mixin.py:188} INFO - [2024-07-14T16:40:34.004+0000] {dag.py:3954} INFO - Setting next_dagrun for example_bash_decorator to None, run_after=None
[2024-07-14T16:40:34.037+0000] {processor.py:183} INFO - Processing /home/airflow/.local/lib/python3.11/site-packages/airflow/example_dags/example_bash_decorator.py took 0.136 seconds
[2024-07-14T16:40:39.510+0000] {processor.py:161} INFO - Started process (PID=1487) to work on /home/airflow/.local/lib/python3.11/site-packages/airflow/example_dags/example_bash_decorator.py
[2024-07-14T16:40:39.511+0000] {processor.py:830} INFO - Processing file /home/airflow/.local/lib/python3.11/site-packages/airflow/example_dags/example_bash_decorator.py for tasks to queue
[2024-07-14T16:40:39.514+0000] {logging_mixin.py:188} INFO - [2024-07-14T16:40:39.513+0000] {dagbag.py:545} INFO - Filling up the DagBag from /home/airflow/.local/lib/python3.11/site-packages/airflow/example_dags/example_bash_decorator.py
[2024-07-14T16:40:39.533+0000] {processor.py:840} INFO - DAG(s) 'example_bash_decorator' retrieved from /home/airflow/.local/lib/python3.11/site-packages/airflow/example_dags/example_bash_decorator.py
[2024-07-14T16:40:39.566+0000] {logging_mixin.py:188} INFO - [2024-07-14T16:40:39.566+0000] {dag.py:3096} INFO - Sync 1 DAGs
[2024-07-14T16:40:39.582+0000] {logging_mixin.py:188} INFO - [2024-07-14T16:40:39.581+0000] {dag.py:3954} INFO - Setting next_dagrun for example_bash_decorator to None, run_after=None
[2024-07-14T16:40:39.606+0000] {processor.py:183} INFO - Processing /home/airflow/.local/lib/python3.11/site-packages/airflow/example_dags/example_bash_decorator.py took 0.105 seconds
[2024-07-14T16:40:45.386+0000] {processor.py:161} INFO - Started process (PID=1541) to work on /home/airflow/.local/lib/python3.11/site-packages/airflow/example_dags/example_bash_decorator.py
[2024-07-14T16:40:45.388+0000] {processor.py:830} INFO - Processing file /home/airflow/.local/lib/python3.11/site-packages/airflow/example_dags/example_bash_decorator.py for tasks to queue
[2024-07-14T16:40:45.391+0000] {logging_mixin.py:188} INFO - [2024-07-14T16:40:45.390+0000] {dagbag.py:545} INFO - Filling up the DagBag from /home/airflow/.local/lib/python3.11/site-packages/airflow/example_dags/example_bash_decorator.py
[2024-07-14T16:40:45.414+0000] {processor.py:840} INFO - DAG(s) 'example_bash_decorator' retrieved from /home/airflow/.local/lib/python3.11/site-packages/airflow/example_dags/example_bash_decorator.py
[2024-07-14T16:40:45.450+0000] {logging_mixin.py:188} INFO - [2024-07-14T16:40:45.450+0000] {dag.py:3096} INFO - Sync 1 DAGs
[2024-07-14T16:40:45.471+0000] {logging_mixin.py:188} INFO - [2024-07-14T16:40:45.470+0000] {dag.py:3954} INFO - Setting next_dagrun for example_bash_decorator to None, run_after=None
[2024-07-14T16:40:45.502+0000] {processor.py:183} INFO - Processing /home/airflow/.local/lib/python3.11/site-packages/airflow/example_dags/example_bash_decorator.py took 0.125 seconds
[2024-07-14T16:40:52.858+0000] {processor.py:161} INFO - Started process (PID=1593) to work on /home/airflow/.local/lib/python3.11/site-packages/airflow/example_dags/example_bash_decorator.py
[2024-07-14T16:40:52.861+0000] {processor.py:830} INFO - Processing file /home/airflow/.local/lib/python3.11/site-packages/airflow/example_dags/example_bash_decorator.py for tasks to queue
[2024-07-14T16:40:52.870+0000] {logging_mixin.py:188} INFO - [2024-07-14T16:40:52.869+0000] {dagbag.py:545} INFO - Filling up the DagBag from /home/airflow/.local/lib/python3.11/site-packages/airflow/example_dags/example_bash_decorator.py
[2024-07-14T16:40:52.924+0000] {processor.py:840} INFO - DAG(s) 'example_bash_decorator' retrieved from /home/airflow/.local/lib/python3.11/site-packages/airflow/example_dags/example_bash_decorator.py
[2024-07-14T16:40:53.034+0000] {logging_mixin.py:188} INFO - [2024-07-14T16:40:53.033+0000] {dag.py:3096} INFO - Sync 1 DAGs
[2024-07-14T16:40:53.077+0000] {logging_mixin.py:188} INFO - [2024-07-14T16:40:53.076+0000] {dag.py:3954} INFO - Setting next_dagrun for example_bash_decorator to None, run_after=None
[2024-07-14T16:40:53.127+0000] {processor.py:183} INFO - Processing /home/airflow/.local/lib/python3.11/site-packages/airflow/example_dags/example_bash_decorator.py took 0.289 seconds
[2024-07-14T16:41:02.499+0000] {processor.py:161} INFO - Started process (PID=1646) to work on /home/airflow/.local/lib/python3.11/site-packages/airflow/example_dags/example_bash_decorator.py
[2024-07-14T16:41:02.501+0000] {processor.py:830} INFO - Processing file /home/airflow/.local/lib/python3.11/site-packages/airflow/example_dags/example_bash_decorator.py for tasks to queue
[2024-07-14T16:41:02.510+0000] {logging_mixin.py:188} INFO - [2024-07-14T16:41:02.509+0000] {dagbag.py:545} INFO - Filling up the DagBag from /home/airflow/.local/lib/python3.11/site-packages/airflow/example_dags/example_bash_decorator.py
[2024-07-14T16:41:02.560+0000] {processor.py:840} INFO - DAG(s) 'example_bash_decorator' retrieved from /home/airflow/.local/lib/python3.11/site-packages/airflow/example_dags/example_bash_decorator.py
[2024-07-14T16:41:02.629+0000] {logging_mixin.py:188} INFO - [2024-07-14T16:41:02.628+0000] {dag.py:3096} INFO - Sync 1 DAGs
[2024-07-14T16:41:02.651+0000] {logging_mixin.py:188} INFO - [2024-07-14T16:41:02.650+0000] {dag.py:3954} INFO - Setting next_dagrun for example_bash_decorator to None, run_after=None
[2024-07-14T16:41:02.682+0000] {processor.py:183} INFO - Processing /home/airflow/.local/lib/python3.11/site-packages/airflow/example_dags/example_bash_decorator.py took 0.211 seconds
[2024-07-14T16:41:10.029+0000] {processor.py:161} INFO - Started process (PID=1704) to work on /home/airflow/.local/lib/python3.11/site-packages/airflow/example_dags/example_bash_decorator.py
[2024-07-14T16:41:10.031+0000] {processor.py:830} INFO - Processing file /home/airflow/.local/lib/python3.11/site-packages/airflow/example_dags/example_bash_decorator.py for tasks to queue
[2024-07-14T16:41:10.034+0000] {logging_mixin.py:188} INFO - [2024-07-14T16:41:10.033+0000] {dagbag.py:545} INFO - Filling up the DagBag from /home/airflow/.local/lib/python3.11/site-packages/airflow/example_dags/example_bash_decorator.py
[2024-07-14T16:41:10.075+0000] {processor.py:840} INFO - DAG(s) 'example_bash_decorator' retrieved from /home/airflow/.local/lib/python3.11/site-packages/airflow/example_dags/example_bash_decorator.py
[2024-07-14T16:41:10.116+0000] {logging_mixin.py:188} INFO - [2024-07-14T16:41:10.115+0000] {dag.py:3096} INFO - Sync 1 DAGs
[2024-07-14T16:41:10.136+0000] {logging_mixin.py:188} INFO - [2024-07-14T16:41:10.135+0000] {dag.py:3954} INFO - Setting next_dagrun for example_bash_decorator to None, run_after=None
[2024-07-14T16:41:10.161+0000] {processor.py:183} INFO - Processing /home/airflow/.local/lib/python3.11/site-packages/airflow/example_dags/example_bash_decorator.py took 0.146 seconds
[2024-07-14T16:41:16.301+0000] {processor.py:161} INFO - Started process (PID=1758) to work on /home/airflow/.local/lib/python3.11/site-packages/airflow/example_dags/example_bash_decorator.py
[2024-07-14T16:41:16.303+0000] {processor.py:830} INFO - Processing file /home/airflow/.local/lib/python3.11/site-packages/airflow/example_dags/example_bash_decorator.py for tasks to queue
[2024-07-14T16:41:16.307+0000] {logging_mixin.py:188} INFO - [2024-07-14T16:41:16.306+0000] {dagbag.py:545} INFO - Filling up the DagBag from /home/airflow/.local/lib/python3.11/site-packages/airflow/example_dags/example_bash_decorator.py
[2024-07-14T16:41:16.339+0000] {processor.py:840} INFO - DAG(s) 'example_bash_decorator' retrieved from /home/airflow/.local/lib/python3.11/site-packages/airflow/example_dags/example_bash_decorator.py
[2024-07-14T16:41:16.427+0000] {logging_mixin.py:188} INFO - [2024-07-14T16:41:16.426+0000] {dag.py:3096} INFO - Sync 1 DAGs
[2024-07-14T16:41:16.473+0000] {logging_mixin.py:188} INFO - [2024-07-14T16:41:16.472+0000] {dag.py:3954} INFO - Setting next_dagrun for example_bash_decorator to None, run_after=None
[2024-07-14T16:41:16.512+0000] {processor.py:183} INFO - Processing /home/airflow/.local/lib/python3.11/site-packages/airflow/example_dags/example_bash_decorator.py took 0.227 seconds
[2024-07-14T16:41:23.808+0000] {processor.py:161} INFO - Started process (PID=1810) to work on /home/airflow/.local/lib/python3.11/site-packages/airflow/example_dags/example_bash_decorator.py
[2024-07-14T16:41:23.810+0000] {processor.py:830} INFO - Processing file /home/airflow/.local/lib/python3.11/site-packages/airflow/example_dags/example_bash_decorator.py for tasks to queue
[2024-07-14T16:41:23.814+0000] {logging_mixin.py:188} INFO - [2024-07-14T16:41:23.814+0000] {dagbag.py:545} INFO - Filling up the DagBag from /home/airflow/.local/lib/python3.11/site-packages/airflow/example_dags/example_bash_decorator.py
[2024-07-14T16:41:23.843+0000] {processor.py:840} INFO - DAG(s) 'example_bash_decorator' retrieved from /home/airflow/.local/lib/python3.11/site-packages/airflow/example_dags/example_bash_decorator.py
[2024-07-14T16:41:23.894+0000] {logging_mixin.py:188} INFO - [2024-07-14T16:41:23.894+0000] {dag.py:3096} INFO - Sync 1 DAGs
[2024-07-14T16:41:23.926+0000] {logging_mixin.py:188} INFO - [2024-07-14T16:41:23.925+0000] {dag.py:3954} INFO - Setting next_dagrun for example_bash_decorator to None, run_after=None
[2024-07-14T16:41:23.963+0000] {processor.py:183} INFO - Processing /home/airflow/.local/lib/python3.11/site-packages/airflow/example_dags/example_bash_decorator.py took 0.172 seconds
[2024-07-14T16:41:34.116+0000] {processor.py:161} INFO - Started process (PID=1864) to work on /home/airflow/.local/lib/python3.11/site-packages/airflow/example_dags/example_bash_decorator.py
[2024-07-14T16:41:34.118+0000] {processor.py:830} INFO - Processing file /home/airflow/.local/lib/python3.11/site-packages/airflow/example_dags/example_bash_decorator.py for tasks to queue
[2024-07-14T16:41:34.120+0000] {logging_mixin.py:188} INFO - [2024-07-14T16:41:34.120+0000] {dagbag.py:545} INFO - Filling up the DagBag from /home/airflow/.local/lib/python3.11/site-packages/airflow/example_dags/example_bash_decorator.py
[2024-07-14T16:41:34.142+0000] {processor.py:840} INFO - DAG(s) 'example_bash_decorator' retrieved from /home/airflow/.local/lib/python3.11/site-packages/airflow/example_dags/example_bash_decorator.py
[2024-07-14T16:41:34.186+0000] {logging_mixin.py:188} INFO - [2024-07-14T16:41:34.185+0000] {dag.py:3096} INFO - Sync 1 DAGs
[2024-07-14T16:41:34.206+0000] {logging_mixin.py:188} INFO - [2024-07-14T16:41:34.205+0000] {dag.py:3954} INFO - Setting next_dagrun for example_bash_decorator to None, run_after=None
[2024-07-14T16:41:34.235+0000] {processor.py:183} INFO - Processing /home/airflow/.local/lib/python3.11/site-packages/airflow/example_dags/example_bash_decorator.py took 0.131 seconds
[2024-07-14T16:41:40.592+0000] {processor.py:161} INFO - Started process (PID=1922) to work on /home/airflow/.local/lib/python3.11/site-packages/airflow/example_dags/example_bash_decorator.py
[2024-07-14T16:41:40.594+0000] {processor.py:830} INFO - Processing file /home/airflow/.local/lib/python3.11/site-packages/airflow/example_dags/example_bash_decorator.py for tasks to queue
[2024-07-14T16:41:40.597+0000] {logging_mixin.py:188} INFO - [2024-07-14T16:41:40.597+0000] {dagbag.py:545} INFO - Filling up the DagBag from /home/airflow/.local/lib/python3.11/site-packages/airflow/example_dags/example_bash_decorator.py
[2024-07-14T16:41:40.635+0000] {processor.py:840} INFO - DAG(s) 'example_bash_decorator' retrieved from /home/airflow/.local/lib/python3.11/site-packages/airflow/example_dags/example_bash_decorator.py
[2024-07-14T16:41:40.680+0000] {logging_mixin.py:188} INFO - [2024-07-14T16:41:40.680+0000] {dag.py:3096} INFO - Sync 1 DAGs
[2024-07-14T16:41:40.701+0000] {logging_mixin.py:188} INFO - [2024-07-14T16:41:40.701+0000] {dag.py:3954} INFO - Setting next_dagrun for example_bash_decorator to None, run_after=None
[2024-07-14T16:41:40.735+0000] {processor.py:183} INFO - Processing /home/airflow/.local/lib/python3.11/site-packages/airflow/example_dags/example_bash_decorator.py took 0.153 seconds
[2024-07-14T16:41:46.327+0000] {processor.py:161} INFO - Started process (PID=1975) to work on /home/airflow/.local/lib/python3.11/site-packages/airflow/example_dags/example_bash_decorator.py
[2024-07-14T16:41:46.328+0000] {processor.py:830} INFO - Processing file /home/airflow/.local/lib/python3.11/site-packages/airflow/example_dags/example_bash_decorator.py for tasks to queue
[2024-07-14T16:41:46.331+0000] {logging_mixin.py:188} INFO - [2024-07-14T16:41:46.330+0000] {dagbag.py:545} INFO - Filling up the DagBag from /home/airflow/.local/lib/python3.11/site-packages/airflow/example_dags/example_bash_decorator.py
[2024-07-14T16:41:46.352+0000] {processor.py:840} INFO - DAG(s) 'example_bash_decorator' retrieved from /home/airflow/.local/lib/python3.11/site-packages/airflow/example_dags/example_bash_decorator.py
[2024-07-14T16:41:46.388+0000] {logging_mixin.py:188} INFO - [2024-07-14T16:41:46.387+0000] {dag.py:3096} INFO - Sync 1 DAGs
[2024-07-14T16:41:46.404+0000] {logging_mixin.py:188} INFO - [2024-07-14T16:41:46.404+0000] {dag.py:3954} INFO - Setting next_dagrun for example_bash_decorator to None, run_after=None
[2024-07-14T16:41:46.431+0000] {processor.py:183} INFO - Processing /home/airflow/.local/lib/python3.11/site-packages/airflow/example_dags/example_bash_decorator.py took 0.114 seconds
[2024-07-14T16:41:53.168+0000] {processor.py:161} INFO - Started process (PID=2027) to work on /home/airflow/.local/lib/python3.11/site-packages/airflow/example_dags/example_bash_decorator.py
[2024-07-14T16:41:53.170+0000] {processor.py:830} INFO - Processing file /home/airflow/.local/lib/python3.11/site-packages/airflow/example_dags/example_bash_decorator.py for tasks to queue
[2024-07-14T16:41:53.173+0000] {logging_mixin.py:188} INFO - [2024-07-14T16:41:53.173+0000] {dagbag.py:545} INFO - Filling up the DagBag from /home/airflow/.local/lib/python3.11/site-packages/airflow/example_dags/example_bash_decorator.py
[2024-07-14T16:41:53.197+0000] {processor.py:840} INFO - DAG(s) 'example_bash_decorator' retrieved from /home/airflow/.local/lib/python3.11/site-packages/airflow/example_dags/example_bash_decorator.py
[2024-07-14T16:41:53.236+0000] {logging_mixin.py:188} INFO - [2024-07-14T16:41:53.235+0000] {dag.py:3096} INFO - Sync 1 DAGs
[2024-07-14T16:41:53.252+0000] {logging_mixin.py:188} INFO - [2024-07-14T16:41:53.252+0000] {dag.py:3954} INFO - Setting next_dagrun for example_bash_decorator to None, run_after=None
[2024-07-14T16:41:53.275+0000] {processor.py:183} INFO - Processing /home/airflow/.local/lib/python3.11/site-packages/airflow/example_dags/example_bash_decorator.py took 0.117 seconds
[2024-07-14T16:42:00.391+0000] {processor.py:161} INFO - Started process (PID=2081) to work on /home/airflow/.local/lib/python3.11/site-packages/airflow/example_dags/example_bash_decorator.py
[2024-07-14T16:42:00.392+0000] {processor.py:830} INFO - Processing file /home/airflow/.local/lib/python3.11/site-packages/airflow/example_dags/example_bash_decorator.py for tasks to queue
[2024-07-14T16:42:00.395+0000] {logging_mixin.py:188} INFO - [2024-07-14T16:42:00.395+0000] {dagbag.py:545} INFO - Filling up the DagBag from /home/airflow/.local/lib/python3.11/site-packages/airflow/example_dags/example_bash_decorator.py
[2024-07-14T16:42:00.417+0000] {processor.py:840} INFO - DAG(s) 'example_bash_decorator' retrieved from /home/airflow/.local/lib/python3.11/site-packages/airflow/example_dags/example_bash_decorator.py
[2024-07-14T16:42:00.467+0000] {logging_mixin.py:188} INFO - [2024-07-14T16:42:00.466+0000] {dag.py:3096} INFO - Sync 1 DAGs
[2024-07-14T16:42:00.497+0000] {logging_mixin.py:188} INFO - [2024-07-14T16:42:00.497+0000] {dag.py:3954} INFO - Setting next_dagrun for example_bash_decorator to None, run_after=None
[2024-07-14T16:42:00.530+0000] {processor.py:183} INFO - Processing /home/airflow/.local/lib/python3.11/site-packages/airflow/example_dags/example_bash_decorator.py took 0.149 seconds
[2024-07-14T16:42:07.802+0000] {processor.py:161} INFO - Started process (PID=2139) to work on /home/airflow/.local/lib/python3.11/site-packages/airflow/example_dags/example_bash_decorator.py
[2024-07-14T16:42:07.804+0000] {processor.py:830} INFO - Processing file /home/airflow/.local/lib/python3.11/site-packages/airflow/example_dags/example_bash_decorator.py for tasks to queue
[2024-07-14T16:42:07.808+0000] {logging_mixin.py:188} INFO - [2024-07-14T16:42:07.808+0000] {dagbag.py:545} INFO - Filling up the DagBag from /home/airflow/.local/lib/python3.11/site-packages/airflow/example_dags/example_bash_decorator.py
[2024-07-14T16:42:07.837+0000] {processor.py:840} INFO - DAG(s) 'example_bash_decorator' retrieved from /home/airflow/.local/lib/python3.11/site-packages/airflow/example_dags/example_bash_decorator.py
[2024-07-14T16:42:07.900+0000] {logging_mixin.py:188} INFO - [2024-07-14T16:42:07.899+0000] {dag.py:3096} INFO - Sync 1 DAGs
[2024-07-14T16:42:07.923+0000] {logging_mixin.py:188} INFO - [2024-07-14T16:42:07.922+0000] {dag.py:3954} INFO - Setting next_dagrun for example_bash_decorator to None, run_after=None
[2024-07-14T16:42:07.953+0000] {processor.py:183} INFO - Processing /home/airflow/.local/lib/python3.11/site-packages/airflow/example_dags/example_bash_decorator.py took 0.161 seconds
[2024-07-14T16:42:13.229+0000] {processor.py:161} INFO - Started process (PID=2192) to work on /home/airflow/.local/lib/python3.11/site-packages/airflow/example_dags/example_bash_decorator.py
[2024-07-14T16:42:13.230+0000] {processor.py:830} INFO - Processing file /home/airflow/.local/lib/python3.11/site-packages/airflow/example_dags/example_bash_decorator.py for tasks to queue
[2024-07-14T16:42:13.234+0000] {logging_mixin.py:188} INFO - [2024-07-14T16:42:13.233+0000] {dagbag.py:545} INFO - Filling up the DagBag from /home/airflow/.local/lib/python3.11/site-packages/airflow/example_dags/example_bash_decorator.py
[2024-07-14T16:42:13.256+0000] {processor.py:840} INFO - DAG(s) 'example_bash_decorator' retrieved from /home/airflow/.local/lib/python3.11/site-packages/airflow/example_dags/example_bash_decorator.py
[2024-07-14T16:42:13.289+0000] {logging_mixin.py:188} INFO - [2024-07-14T16:42:13.289+0000] {dag.py:3096} INFO - Sync 1 DAGs
[2024-07-14T16:42:13.306+0000] {logging_mixin.py:188} INFO - [2024-07-14T16:42:13.305+0000] {dag.py:3954} INFO - Setting next_dagrun for example_bash_decorator to None, run_after=None
[2024-07-14T16:42:13.334+0000] {processor.py:183} INFO - Processing /home/airflow/.local/lib/python3.11/site-packages/airflow/example_dags/example_bash_decorator.py took 0.115 seconds
[2024-07-14T16:42:18.504+0000] {processor.py:161} INFO - Started process (PID=2244) to work on /home/airflow/.local/lib/python3.11/site-packages/airflow/example_dags/example_bash_decorator.py
[2024-07-14T16:42:18.506+0000] {processor.py:830} INFO - Processing file /home/airflow/.local/lib/python3.11/site-packages/airflow/example_dags/example_bash_decorator.py for tasks to queue
[2024-07-14T16:42:18.510+0000] {logging_mixin.py:188} INFO - [2024-07-14T16:42:18.509+0000] {dagbag.py:545} INFO - Filling up the DagBag from /home/airflow/.local/lib/python3.11/site-packages/airflow/example_dags/example_bash_decorator.py
[2024-07-14T16:42:18.535+0000] {processor.py:840} INFO - DAG(s) 'example_bash_decorator' retrieved from /home/airflow/.local/lib/python3.11/site-packages/airflow/example_dags/example_bash_decorator.py
[2024-07-14T16:42:18.593+0000] {logging_mixin.py:188} INFO - [2024-07-14T16:42:18.592+0000] {dag.py:3096} INFO - Sync 1 DAGs
[2024-07-14T16:42:18.628+0000] {logging_mixin.py:188} INFO - [2024-07-14T16:42:18.627+0000] {dag.py:3954} INFO - Setting next_dagrun for example_bash_decorator to None, run_after=None
[2024-07-14T16:42:18.678+0000] {processor.py:183} INFO - Processing /home/airflow/.local/lib/python3.11/site-packages/airflow/example_dags/example_bash_decorator.py took 0.186 seconds
[2024-07-14T16:42:23.489+0000] {processor.py:161} INFO - Started process (PID=2298) to work on /home/airflow/.local/lib/python3.11/site-packages/airflow/example_dags/example_bash_decorator.py
[2024-07-14T16:42:23.490+0000] {processor.py:830} INFO - Processing file /home/airflow/.local/lib/python3.11/site-packages/airflow/example_dags/example_bash_decorator.py for tasks to queue
[2024-07-14T16:42:23.494+0000] {logging_mixin.py:188} INFO - [2024-07-14T16:42:23.493+0000] {dagbag.py:545} INFO - Filling up the DagBag from /home/airflow/.local/lib/python3.11/site-packages/airflow/example_dags/example_bash_decorator.py
[2024-07-14T16:42:23.523+0000] {processor.py:840} INFO - DAG(s) 'example_bash_decorator' retrieved from /home/airflow/.local/lib/python3.11/site-packages/airflow/example_dags/example_bash_decorator.py
[2024-07-14T16:42:23.556+0000] {logging_mixin.py:188} INFO - [2024-07-14T16:42:23.555+0000] {dag.py:3096} INFO - Sync 1 DAGs
[2024-07-14T16:42:23.573+0000] {logging_mixin.py:188} INFO - [2024-07-14T16:42:23.573+0000] {dag.py:3954} INFO - Setting next_dagrun for example_bash_decorator to None, run_after=None
[2024-07-14T16:42:23.595+0000] {processor.py:183} INFO - Processing /home/airflow/.local/lib/python3.11/site-packages/airflow/example_dags/example_bash_decorator.py took 0.119 seconds
[2024-07-14T16:42:28.670+0000] {processor.py:161} INFO - Started process (PID=2350) to work on /home/airflow/.local/lib/python3.11/site-packages/airflow/example_dags/example_bash_decorator.py
[2024-07-14T16:42:28.671+0000] {processor.py:830} INFO - Processing file /home/airflow/.local/lib/python3.11/site-packages/airflow/example_dags/example_bash_decorator.py for tasks to queue
[2024-07-14T16:42:28.674+0000] {logging_mixin.py:188} INFO - [2024-07-14T16:42:28.674+0000] {dagbag.py:545} INFO - Filling up the DagBag from /home/airflow/.local/lib/python3.11/site-packages/airflow/example_dags/example_bash_decorator.py
[2024-07-14T16:42:28.697+0000] {processor.py:840} INFO - DAG(s) 'example_bash_decorator' retrieved from /home/airflow/.local/lib/python3.11/site-packages/airflow/example_dags/example_bash_decorator.py
[2024-07-14T16:42:28.744+0000] {logging_mixin.py:188} INFO - [2024-07-14T16:42:28.743+0000] {dag.py:3096} INFO - Sync 1 DAGs
[2024-07-14T16:42:28.767+0000] {logging_mixin.py:188} INFO - [2024-07-14T16:42:28.766+0000] {dag.py:3954} INFO - Setting next_dagrun for example_bash_decorator to None, run_after=None
[2024-07-14T16:42:28.804+0000] {processor.py:183} INFO - Processing /home/airflow/.local/lib/python3.11/site-packages/airflow/example_dags/example_bash_decorator.py took 0.146 seconds
[2024-07-14T16:42:35.994+0000] {processor.py:161} INFO - Started process (PID=2409) to work on /home/airflow/.local/lib/python3.11/site-packages/airflow/example_dags/example_bash_decorator.py
[2024-07-14T16:42:35.996+0000] {processor.py:830} INFO - Processing file /home/airflow/.local/lib/python3.11/site-packages/airflow/example_dags/example_bash_decorator.py for tasks to queue
[2024-07-14T16:42:35.999+0000] {logging_mixin.py:188} INFO - [2024-07-14T16:42:35.998+0000] {dagbag.py:545} INFO - Filling up the DagBag from /home/airflow/.local/lib/python3.11/site-packages/airflow/example_dags/example_bash_decorator.py
[2024-07-14T16:42:36.022+0000] {processor.py:840} INFO - DAG(s) 'example_bash_decorator' retrieved from /home/airflow/.local/lib/python3.11/site-packages/airflow/example_dags/example_bash_decorator.py
[2024-07-14T16:42:36.062+0000] {logging_mixin.py:188} INFO - [2024-07-14T16:42:36.062+0000] {dag.py:3096} INFO - Sync 1 DAGs
[2024-07-14T16:42:36.084+0000] {logging_mixin.py:188} INFO - [2024-07-14T16:42:36.084+0000] {dag.py:3954} INFO - Setting next_dagrun for example_bash_decorator to None, run_after=None
[2024-07-14T16:42:36.115+0000] {processor.py:183} INFO - Processing /home/airflow/.local/lib/python3.11/site-packages/airflow/example_dags/example_bash_decorator.py took 0.134 seconds
[2024-07-14T16:42:44.537+0000] {processor.py:161} INFO - Started process (PID=2461) to work on /home/airflow/.local/lib/python3.11/site-packages/airflow/example_dags/example_bash_decorator.py
[2024-07-14T16:42:44.541+0000] {processor.py:830} INFO - Processing file /home/airflow/.local/lib/python3.11/site-packages/airflow/example_dags/example_bash_decorator.py for tasks to queue
[2024-07-14T16:42:44.545+0000] {logging_mixin.py:188} INFO - [2024-07-14T16:42:44.544+0000] {dagbag.py:545} INFO - Filling up the DagBag from /home/airflow/.local/lib/python3.11/site-packages/airflow/example_dags/example_bash_decorator.py
[2024-07-14T16:42:44.652+0000] {processor.py:840} INFO - DAG(s) 'example_bash_decorator' retrieved from /home/airflow/.local/lib/python3.11/site-packages/airflow/example_dags/example_bash_decorator.py
[2024-07-14T16:42:44.778+0000] {logging_mixin.py:188} INFO - [2024-07-14T16:42:44.775+0000] {dag.py:3096} INFO - Sync 1 DAGs
[2024-07-14T16:42:44.823+0000] {logging_mixin.py:188} INFO - [2024-07-14T16:42:44.822+0000] {dag.py:3954} INFO - Setting next_dagrun for example_bash_decorator to None, run_after=None
[2024-07-14T16:42:44.883+0000] {processor.py:183} INFO - Processing /home/airflow/.local/lib/python3.11/site-packages/airflow/example_dags/example_bash_decorator.py took 0.371 seconds
[2024-07-14T16:42:54.010+0000] {processor.py:161} INFO - Started process (PID=2514) to work on /home/airflow/.local/lib/python3.11/site-packages/airflow/example_dags/example_bash_decorator.py
[2024-07-14T16:42:54.013+0000] {processor.py:830} INFO - Processing file /home/airflow/.local/lib/python3.11/site-packages/airflow/example_dags/example_bash_decorator.py for tasks to queue
[2024-07-14T16:42:54.020+0000] {logging_mixin.py:188} INFO - [2024-07-14T16:42:54.018+0000] {dagbag.py:545} INFO - Filling up the DagBag from /home/airflow/.local/lib/python3.11/site-packages/airflow/example_dags/example_bash_decorator.py
[2024-07-14T16:42:54.070+0000] {processor.py:840} INFO - DAG(s) 'example_bash_decorator' retrieved from /home/airflow/.local/lib/python3.11/site-packages/airflow/example_dags/example_bash_decorator.py
[2024-07-14T16:42:54.126+0000] {logging_mixin.py:188} INFO - [2024-07-14T16:42:54.126+0000] {dag.py:3096} INFO - Sync 1 DAGs
[2024-07-14T16:42:54.157+0000] {logging_mixin.py:188} INFO - [2024-07-14T16:42:54.156+0000] {dag.py:3954} INFO - Setting next_dagrun for example_bash_decorator to None, run_after=None
[2024-07-14T16:42:54.193+0000] {processor.py:183} INFO - Processing /home/airflow/.local/lib/python3.11/site-packages/airflow/example_dags/example_bash_decorator.py took 0.219 seconds
[2024-07-14T16:43:00.596+0000] {processor.py:161} INFO - Started process (PID=2566) to work on /home/airflow/.local/lib/python3.11/site-packages/airflow/example_dags/example_bash_decorator.py
[2024-07-14T16:43:00.598+0000] {processor.py:830} INFO - Processing file /home/airflow/.local/lib/python3.11/site-packages/airflow/example_dags/example_bash_decorator.py for tasks to queue
[2024-07-14T16:43:00.601+0000] {logging_mixin.py:188} INFO - [2024-07-14T16:43:00.601+0000] {dagbag.py:545} INFO - Filling up the DagBag from /home/airflow/.local/lib/python3.11/site-packages/airflow/example_dags/example_bash_decorator.py
[2024-07-14T16:43:00.627+0000] {processor.py:840} INFO - DAG(s) 'example_bash_decorator' retrieved from /home/airflow/.local/lib/python3.11/site-packages/airflow/example_dags/example_bash_decorator.py
[2024-07-14T16:43:00.668+0000] {logging_mixin.py:188} INFO - [2024-07-14T16:43:00.667+0000] {dag.py:3096} INFO - Sync 1 DAGs
[2024-07-14T16:43:00.692+0000] {logging_mixin.py:188} INFO - [2024-07-14T16:43:00.691+0000] {dag.py:3954} INFO - Setting next_dagrun for example_bash_decorator to None, run_after=None
[2024-07-14T16:43:00.720+0000] {processor.py:183} INFO - Processing /home/airflow/.local/lib/python3.11/site-packages/airflow/example_dags/example_bash_decorator.py took 0.136 seconds
[2024-07-14T16:43:07.163+0000] {processor.py:161} INFO - Started process (PID=2625) to work on /home/airflow/.local/lib/python3.11/site-packages/airflow/example_dags/example_bash_decorator.py
[2024-07-14T16:43:07.165+0000] {processor.py:830} INFO - Processing file /home/airflow/.local/lib/python3.11/site-packages/airflow/example_dags/example_bash_decorator.py for tasks to queue
[2024-07-14T16:43:07.170+0000] {logging_mixin.py:188} INFO - [2024-07-14T16:43:07.169+0000] {dagbag.py:545} INFO - Filling up the DagBag from /home/airflow/.local/lib/python3.11/site-packages/airflow/example_dags/example_bash_decorator.py
[2024-07-14T16:43:07.210+0000] {processor.py:840} INFO - DAG(s) 'example_bash_decorator' retrieved from /home/airflow/.local/lib/python3.11/site-packages/airflow/example_dags/example_bash_decorator.py
[2024-07-14T16:43:07.262+0000] {logging_mixin.py:188} INFO - [2024-07-14T16:43:07.262+0000] {dag.py:3096} INFO - Sync 1 DAGs
[2024-07-14T16:43:07.294+0000] {logging_mixin.py:188} INFO - [2024-07-14T16:43:07.293+0000] {dag.py:3954} INFO - Setting next_dagrun for example_bash_decorator to None, run_after=None
[2024-07-14T16:43:07.339+0000] {processor.py:183} INFO - Processing /home/airflow/.local/lib/python3.11/site-packages/airflow/example_dags/example_bash_decorator.py took 0.192 seconds
[2024-07-14T16:43:15.811+0000] {processor.py:161} INFO - Started process (PID=2677) to work on /home/airflow/.local/lib/python3.11/site-packages/airflow/example_dags/example_bash_decorator.py
[2024-07-14T16:43:15.813+0000] {processor.py:830} INFO - Processing file /home/airflow/.local/lib/python3.11/site-packages/airflow/example_dags/example_bash_decorator.py for tasks to queue
[2024-07-14T16:43:15.817+0000] {logging_mixin.py:188} INFO - [2024-07-14T16:43:15.817+0000] {dagbag.py:545} INFO - Filling up the DagBag from /home/airflow/.local/lib/python3.11/site-packages/airflow/example_dags/example_bash_decorator.py
[2024-07-14T16:43:15.849+0000] {processor.py:840} INFO - DAG(s) 'example_bash_decorator' retrieved from /home/airflow/.local/lib/python3.11/site-packages/airflow/example_dags/example_bash_decorator.py
[2024-07-14T16:43:15.894+0000] {logging_mixin.py:188} INFO - [2024-07-14T16:43:15.893+0000] {dag.py:3096} INFO - Sync 1 DAGs
[2024-07-14T16:43:15.916+0000] {logging_mixin.py:188} INFO - [2024-07-14T16:43:15.916+0000] {dag.py:3954} INFO - Setting next_dagrun for example_bash_decorator to None, run_after=None
[2024-07-14T16:43:15.949+0000] {processor.py:183} INFO - Processing /home/airflow/.local/lib/python3.11/site-packages/airflow/example_dags/example_bash_decorator.py took 0.150 seconds
[2024-07-14T16:43:28.961+0000] {processor.py:161} INFO - Started process (PID=2730) to work on /home/airflow/.local/lib/python3.11/site-packages/airflow/example_dags/example_bash_decorator.py
[2024-07-14T16:43:28.974+0000] {processor.py:830} INFO - Processing file /home/airflow/.local/lib/python3.11/site-packages/airflow/example_dags/example_bash_decorator.py for tasks to queue
[2024-07-14T16:43:28.979+0000] {logging_mixin.py:188} INFO - [2024-07-14T16:43:28.978+0000] {dagbag.py:545} INFO - Filling up the DagBag from /home/airflow/.local/lib/python3.11/site-packages/airflow/example_dags/example_bash_decorator.py
[2024-07-14T16:43:29.076+0000] {processor.py:840} INFO - DAG(s) 'example_bash_decorator' retrieved from /home/airflow/.local/lib/python3.11/site-packages/airflow/example_dags/example_bash_decorator.py
[2024-07-14T16:43:29.180+0000] {logging_mixin.py:188} INFO - [2024-07-14T16:43:29.179+0000] {dag.py:3096} INFO - Sync 1 DAGs
[2024-07-14T16:43:29.233+0000] {logging_mixin.py:188} INFO - [2024-07-14T16:43:29.232+0000] {dag.py:3954} INFO - Setting next_dagrun for example_bash_decorator to None, run_after=None
[2024-07-14T16:43:29.304+0000] {processor.py:183} INFO - Processing /home/airflow/.local/lib/python3.11/site-packages/airflow/example_dags/example_bash_decorator.py took 0.370 seconds
[2024-07-14T16:43:38.893+0000] {processor.py:161} INFO - Started process (PID=2788) to work on /home/airflow/.local/lib/python3.11/site-packages/airflow/example_dags/example_bash_decorator.py
[2024-07-14T16:43:38.895+0000] {processor.py:830} INFO - Processing file /home/airflow/.local/lib/python3.11/site-packages/airflow/example_dags/example_bash_decorator.py for tasks to queue
[2024-07-14T16:43:38.899+0000] {logging_mixin.py:188} INFO - [2024-07-14T16:43:38.898+0000] {dagbag.py:545} INFO - Filling up the DagBag from /home/airflow/.local/lib/python3.11/site-packages/airflow/example_dags/example_bash_decorator.py
[2024-07-14T16:43:38.935+0000] {processor.py:840} INFO - DAG(s) 'example_bash_decorator' retrieved from /home/airflow/.local/lib/python3.11/site-packages/airflow/example_dags/example_bash_decorator.py
[2024-07-14T16:43:39.006+0000] {logging_mixin.py:188} INFO - [2024-07-14T16:43:39.005+0000] {dag.py:3096} INFO - Sync 1 DAGs
[2024-07-14T16:43:39.050+0000] {logging_mixin.py:188} INFO - [2024-07-14T16:43:39.049+0000] {dag.py:3954} INFO - Setting next_dagrun for example_bash_decorator to None, run_after=None
[2024-07-14T16:43:39.101+0000] {processor.py:183} INFO - Processing /home/airflow/.local/lib/python3.11/site-packages/airflow/example_dags/example_bash_decorator.py took 0.228 seconds
[2024-07-14T16:43:45.973+0000] {processor.py:161} INFO - Started process (PID=2841) to work on /home/airflow/.local/lib/python3.11/site-packages/airflow/example_dags/example_bash_decorator.py
[2024-07-14T16:43:45.974+0000] {processor.py:830} INFO - Processing file /home/airflow/.local/lib/python3.11/site-packages/airflow/example_dags/example_bash_decorator.py for tasks to queue
[2024-07-14T16:43:45.977+0000] {logging_mixin.py:188} INFO - [2024-07-14T16:43:45.977+0000] {dagbag.py:545} INFO - Filling up the DagBag from /home/airflow/.local/lib/python3.11/site-packages/airflow/example_dags/example_bash_decorator.py
[2024-07-14T16:43:45.998+0000] {processor.py:840} INFO - DAG(s) 'example_bash_decorator' retrieved from /home/airflow/.local/lib/python3.11/site-packages/airflow/example_dags/example_bash_decorator.py
[2024-07-14T16:43:46.032+0000] {logging_mixin.py:188} INFO - [2024-07-14T16:43:46.031+0000] {dag.py:3096} INFO - Sync 1 DAGs
[2024-07-14T16:43:46.049+0000] {logging_mixin.py:188} INFO - [2024-07-14T16:43:46.049+0000] {dag.py:3954} INFO - Setting next_dagrun for example_bash_decorator to None, run_after=None
[2024-07-14T16:43:46.075+0000] {processor.py:183} INFO - Processing /home/airflow/.local/lib/python3.11/site-packages/airflow/example_dags/example_bash_decorator.py took 0.113 seconds
[2024-07-14T16:43:53.562+0000] {processor.py:161} INFO - Started process (PID=2895) to work on /home/airflow/.local/lib/python3.11/site-packages/airflow/example_dags/example_bash_decorator.py
[2024-07-14T16:43:53.564+0000] {processor.py:830} INFO - Processing file /home/airflow/.local/lib/python3.11/site-packages/airflow/example_dags/example_bash_decorator.py for tasks to queue
[2024-07-14T16:43:53.568+0000] {logging_mixin.py:188} INFO - [2024-07-14T16:43:53.567+0000] {dagbag.py:545} INFO - Filling up the DagBag from /home/airflow/.local/lib/python3.11/site-packages/airflow/example_dags/example_bash_decorator.py
[2024-07-14T16:43:53.596+0000] {processor.py:840} INFO - DAG(s) 'example_bash_decorator' retrieved from /home/airflow/.local/lib/python3.11/site-packages/airflow/example_dags/example_bash_decorator.py
[2024-07-14T16:43:53.642+0000] {logging_mixin.py:188} INFO - [2024-07-14T16:43:53.642+0000] {dag.py:3096} INFO - Sync 1 DAGs
[2024-07-14T16:43:53.669+0000] {logging_mixin.py:188} INFO - [2024-07-14T16:43:53.669+0000] {dag.py:3954} INFO - Setting next_dagrun for example_bash_decorator to None, run_after=None
[2024-07-14T16:43:53.702+0000] {processor.py:183} INFO - Processing /home/airflow/.local/lib/python3.11/site-packages/airflow/example_dags/example_bash_decorator.py took 0.152 seconds
[2024-07-14T16:44:02.339+0000] {processor.py:161} INFO - Started process (PID=2947) to work on /home/airflow/.local/lib/python3.11/site-packages/airflow/example_dags/example_bash_decorator.py
[2024-07-14T16:44:02.352+0000] {processor.py:830} INFO - Processing file /home/airflow/.local/lib/python3.11/site-packages/airflow/example_dags/example_bash_decorator.py for tasks to queue
[2024-07-14T16:44:02.366+0000] {logging_mixin.py:188} INFO - [2024-07-14T16:44:02.365+0000] {dagbag.py:545} INFO - Filling up the DagBag from /home/airflow/.local/lib/python3.11/site-packages/airflow/example_dags/example_bash_decorator.py
[2024-07-14T16:44:02.460+0000] {processor.py:840} INFO - DAG(s) 'example_bash_decorator' retrieved from /home/airflow/.local/lib/python3.11/site-packages/airflow/example_dags/example_bash_decorator.py
[2024-07-14T16:44:02.547+0000] {logging_mixin.py:188} INFO - [2024-07-14T16:44:02.546+0000] {dag.py:3096} INFO - Sync 1 DAGs
[2024-07-14T16:44:02.620+0000] {logging_mixin.py:188} INFO - [2024-07-14T16:44:02.620+0000] {dag.py:3954} INFO - Setting next_dagrun for example_bash_decorator to None, run_after=None
[2024-07-14T16:44:02.740+0000] {processor.py:183} INFO - Processing /home/airflow/.local/lib/python3.11/site-packages/airflow/example_dags/example_bash_decorator.py took 0.428 seconds
[2024-07-14T16:44:10.705+0000] {processor.py:161} INFO - Started process (PID=3007) to work on /home/airflow/.local/lib/python3.11/site-packages/airflow/example_dags/example_bash_decorator.py
[2024-07-14T16:44:10.706+0000] {processor.py:830} INFO - Processing file /home/airflow/.local/lib/python3.11/site-packages/airflow/example_dags/example_bash_decorator.py for tasks to queue
[2024-07-14T16:44:10.710+0000] {logging_mixin.py:188} INFO - [2024-07-14T16:44:10.709+0000] {dagbag.py:545} INFO - Filling up the DagBag from /home/airflow/.local/lib/python3.11/site-packages/airflow/example_dags/example_bash_decorator.py
[2024-07-14T16:44:10.733+0000] {processor.py:840} INFO - DAG(s) 'example_bash_decorator' retrieved from /home/airflow/.local/lib/python3.11/site-packages/airflow/example_dags/example_bash_decorator.py
[2024-07-14T16:44:10.769+0000] {logging_mixin.py:188} INFO - [2024-07-14T16:44:10.768+0000] {dag.py:3096} INFO - Sync 1 DAGs
[2024-07-14T16:44:10.786+0000] {logging_mixin.py:188} INFO - [2024-07-14T16:44:10.786+0000] {dag.py:3954} INFO - Setting next_dagrun for example_bash_decorator to None, run_after=None
[2024-07-14T16:44:10.813+0000] {processor.py:183} INFO - Processing /home/airflow/.local/lib/python3.11/site-packages/airflow/example_dags/example_bash_decorator.py took 0.117 seconds
[2024-07-14T16:44:15.419+0000] {processor.py:161} INFO - Started process (PID=3059) to work on /home/airflow/.local/lib/python3.11/site-packages/airflow/example_dags/example_bash_decorator.py
[2024-07-14T16:44:15.420+0000] {processor.py:830} INFO - Processing file /home/airflow/.local/lib/python3.11/site-packages/airflow/example_dags/example_bash_decorator.py for tasks to queue
[2024-07-14T16:44:15.423+0000] {logging_mixin.py:188} INFO - [2024-07-14T16:44:15.423+0000] {dagbag.py:545} INFO - Filling up the DagBag from /home/airflow/.local/lib/python3.11/site-packages/airflow/example_dags/example_bash_decorator.py
[2024-07-14T16:44:15.447+0000] {processor.py:840} INFO - DAG(s) 'example_bash_decorator' retrieved from /home/airflow/.local/lib/python3.11/site-packages/airflow/example_dags/example_bash_decorator.py
[2024-07-14T16:44:15.485+0000] {logging_mixin.py:188} INFO - [2024-07-14T16:44:15.485+0000] {dag.py:3096} INFO - Sync 1 DAGs
[2024-07-14T16:44:15.505+0000] {logging_mixin.py:188} INFO - [2024-07-14T16:44:15.505+0000] {dag.py:3954} INFO - Setting next_dagrun for example_bash_decorator to None, run_after=None
[2024-07-14T16:44:15.535+0000] {processor.py:183} INFO - Processing /home/airflow/.local/lib/python3.11/site-packages/airflow/example_dags/example_bash_decorator.py took 0.127 seconds
[2024-07-14T16:44:21.523+0000] {processor.py:161} INFO - Started process (PID=3112) to work on /home/airflow/.local/lib/python3.11/site-packages/airflow/example_dags/example_bash_decorator.py
[2024-07-14T16:44:21.525+0000] {processor.py:830} INFO - Processing file /home/airflow/.local/lib/python3.11/site-packages/airflow/example_dags/example_bash_decorator.py for tasks to queue
[2024-07-14T16:44:21.529+0000] {logging_mixin.py:188} INFO - [2024-07-14T16:44:21.528+0000] {dagbag.py:545} INFO - Filling up the DagBag from /home/airflow/.local/lib/python3.11/site-packages/airflow/example_dags/example_bash_decorator.py
[2024-07-14T16:44:21.551+0000] {processor.py:840} INFO - DAG(s) 'example_bash_decorator' retrieved from /home/airflow/.local/lib/python3.11/site-packages/airflow/example_dags/example_bash_decorator.py
[2024-07-14T16:44:21.589+0000] {logging_mixin.py:188} INFO - [2024-07-14T16:44:21.588+0000] {dag.py:3096} INFO - Sync 1 DAGs
[2024-07-14T16:44:21.607+0000] {logging_mixin.py:188} INFO - [2024-07-14T16:44:21.607+0000] {dag.py:3954} INFO - Setting next_dagrun for example_bash_decorator to None, run_after=None
[2024-07-14T16:44:21.636+0000] {processor.py:183} INFO - Processing /home/airflow/.local/lib/python3.11/site-packages/airflow/example_dags/example_bash_decorator.py took 0.122 seconds
[2024-07-14T16:44:27.415+0000] {processor.py:161} INFO - Started process (PID=3164) to work on /home/airflow/.local/lib/python3.11/site-packages/airflow/example_dags/example_bash_decorator.py
[2024-07-14T16:44:27.417+0000] {processor.py:830} INFO - Processing file /home/airflow/.local/lib/python3.11/site-packages/airflow/example_dags/example_bash_decorator.py for tasks to queue
[2024-07-14T16:44:27.421+0000] {logging_mixin.py:188} INFO - [2024-07-14T16:44:27.420+0000] {dagbag.py:545} INFO - Filling up the DagBag from /home/airflow/.local/lib/python3.11/site-packages/airflow/example_dags/example_bash_decorator.py
[2024-07-14T16:44:27.448+0000] {processor.py:840} INFO - DAG(s) 'example_bash_decorator' retrieved from /home/airflow/.local/lib/python3.11/site-packages/airflow/example_dags/example_bash_decorator.py
[2024-07-14T16:44:27.500+0000] {logging_mixin.py:188} INFO - [2024-07-14T16:44:27.499+0000] {dag.py:3096} INFO - Sync 1 DAGs
[2024-07-14T16:44:27.543+0000] {logging_mixin.py:188} INFO - [2024-07-14T16:44:27.542+0000] {dag.py:3954} INFO - Setting next_dagrun for example_bash_decorator to None, run_after=None
[2024-07-14T16:44:27.644+0000] {processor.py:183} INFO - Processing /home/airflow/.local/lib/python3.11/site-packages/airflow/example_dags/example_bash_decorator.py took 0.241 seconds
[2024-07-14T16:44:34.300+0000] {processor.py:161} INFO - Started process (PID=3217) to work on /home/airflow/.local/lib/python3.11/site-packages/airflow/example_dags/example_bash_decorator.py
[2024-07-14T16:44:34.302+0000] {processor.py:830} INFO - Processing file /home/airflow/.local/lib/python3.11/site-packages/airflow/example_dags/example_bash_decorator.py for tasks to queue
[2024-07-14T16:44:34.305+0000] {logging_mixin.py:188} INFO - [2024-07-14T16:44:34.304+0000] {dagbag.py:545} INFO - Filling up the DagBag from /home/airflow/.local/lib/python3.11/site-packages/airflow/example_dags/example_bash_decorator.py
[2024-07-14T16:44:34.333+0000] {processor.py:840} INFO - DAG(s) 'example_bash_decorator' retrieved from /home/airflow/.local/lib/python3.11/site-packages/airflow/example_dags/example_bash_decorator.py
[2024-07-14T16:44:34.370+0000] {logging_mixin.py:188} INFO - [2024-07-14T16:44:34.369+0000] {dag.py:3096} INFO - Sync 1 DAGs
[2024-07-14T16:44:34.389+0000] {logging_mixin.py:188} INFO - [2024-07-14T16:44:34.389+0000] {dag.py:3954} INFO - Setting next_dagrun for example_bash_decorator to None, run_after=None
[2024-07-14T16:44:34.417+0000] {processor.py:183} INFO - Processing /home/airflow/.local/lib/python3.11/site-packages/airflow/example_dags/example_bash_decorator.py took 0.128 seconds
[2024-07-14T16:44:40.985+0000] {processor.py:161} INFO - Started process (PID=3275) to work on /home/airflow/.local/lib/python3.11/site-packages/airflow/example_dags/example_bash_decorator.py
[2024-07-14T16:44:40.987+0000] {processor.py:830} INFO - Processing file /home/airflow/.local/lib/python3.11/site-packages/airflow/example_dags/example_bash_decorator.py for tasks to queue
[2024-07-14T16:44:40.991+0000] {logging_mixin.py:188} INFO - [2024-07-14T16:44:40.990+0000] {dagbag.py:545} INFO - Filling up the DagBag from /home/airflow/.local/lib/python3.11/site-packages/airflow/example_dags/example_bash_decorator.py
[2024-07-14T16:44:41.017+0000] {processor.py:840} INFO - DAG(s) 'example_bash_decorator' retrieved from /home/airflow/.local/lib/python3.11/site-packages/airflow/example_dags/example_bash_decorator.py
[2024-07-14T16:44:41.058+0000] {logging_mixin.py:188} INFO - [2024-07-14T16:44:41.058+0000] {dag.py:3096} INFO - Sync 1 DAGs
[2024-07-14T16:44:41.081+0000] {logging_mixin.py:188} INFO - [2024-07-14T16:44:41.081+0000] {dag.py:3954} INFO - Setting next_dagrun for example_bash_decorator to None, run_after=None
[2024-07-14T16:44:41.118+0000] {processor.py:183} INFO - Processing /home/airflow/.local/lib/python3.11/site-packages/airflow/example_dags/example_bash_decorator.py took 0.144 seconds
[2024-07-14T16:44:48.757+0000] {processor.py:161} INFO - Started process (PID=3328) to work on /home/airflow/.local/lib/python3.11/site-packages/airflow/example_dags/example_bash_decorator.py
[2024-07-14T16:44:48.759+0000] {processor.py:830} INFO - Processing file /home/airflow/.local/lib/python3.11/site-packages/airflow/example_dags/example_bash_decorator.py for tasks to queue
[2024-07-14T16:44:48.765+0000] {logging_mixin.py:188} INFO - [2024-07-14T16:44:48.764+0000] {dagbag.py:545} INFO - Filling up the DagBag from /home/airflow/.local/lib/python3.11/site-packages/airflow/example_dags/example_bash_decorator.py
[2024-07-14T16:44:48.797+0000] {processor.py:840} INFO - DAG(s) 'example_bash_decorator' retrieved from /home/airflow/.local/lib/python3.11/site-packages/airflow/example_dags/example_bash_decorator.py
[2024-07-14T16:44:48.890+0000] {logging_mixin.py:188} INFO - [2024-07-14T16:44:48.885+0000] {dag.py:3096} INFO - Sync 1 DAGs
[2024-07-14T16:44:48.930+0000] {logging_mixin.py:188} INFO - [2024-07-14T16:44:48.929+0000] {dag.py:3954} INFO - Setting next_dagrun for example_bash_decorator to None, run_after=None
[2024-07-14T16:44:48.970+0000] {processor.py:183} INFO - Processing /home/airflow/.local/lib/python3.11/site-packages/airflow/example_dags/example_bash_decorator.py took 0.226 seconds
[2024-07-14T16:44:55.195+0000] {processor.py:161} INFO - Started process (PID=3382) to work on /home/airflow/.local/lib/python3.11/site-packages/airflow/example_dags/example_bash_decorator.py
[2024-07-14T16:44:55.197+0000] {processor.py:830} INFO - Processing file /home/airflow/.local/lib/python3.11/site-packages/airflow/example_dags/example_bash_decorator.py for tasks to queue
[2024-07-14T16:44:55.200+0000] {logging_mixin.py:188} INFO - [2024-07-14T16:44:55.200+0000] {dagbag.py:545} INFO - Filling up the DagBag from /home/airflow/.local/lib/python3.11/site-packages/airflow/example_dags/example_bash_decorator.py
[2024-07-14T16:44:55.227+0000] {processor.py:840} INFO - DAG(s) 'example_bash_decorator' retrieved from /home/airflow/.local/lib/python3.11/site-packages/airflow/example_dags/example_bash_decorator.py
[2024-07-14T16:44:55.269+0000] {logging_mixin.py:188} INFO - [2024-07-14T16:44:55.268+0000] {dag.py:3096} INFO - Sync 1 DAGs
[2024-07-14T16:44:55.290+0000] {logging_mixin.py:188} INFO - [2024-07-14T16:44:55.290+0000] {dag.py:3954} INFO - Setting next_dagrun for example_bash_decorator to None, run_after=None
[2024-07-14T16:44:55.324+0000] {processor.py:183} INFO - Processing /home/airflow/.local/lib/python3.11/site-packages/airflow/example_dags/example_bash_decorator.py took 0.140 seconds
[2024-07-14T16:45:00.832+0000] {processor.py:161} INFO - Started process (PID=3434) to work on /home/airflow/.local/lib/python3.11/site-packages/airflow/example_dags/example_bash_decorator.py
[2024-07-14T16:45:00.834+0000] {processor.py:830} INFO - Processing file /home/airflow/.local/lib/python3.11/site-packages/airflow/example_dags/example_bash_decorator.py for tasks to queue
[2024-07-14T16:45:00.839+0000] {logging_mixin.py:188} INFO - [2024-07-14T16:45:00.838+0000] {dagbag.py:545} INFO - Filling up the DagBag from /home/airflow/.local/lib/python3.11/site-packages/airflow/example_dags/example_bash_decorator.py
[2024-07-14T16:45:00.869+0000] {processor.py:840} INFO - DAG(s) 'example_bash_decorator' retrieved from /home/airflow/.local/lib/python3.11/site-packages/airflow/example_dags/example_bash_decorator.py
[2024-07-14T16:45:00.922+0000] {logging_mixin.py:188} INFO - [2024-07-14T16:45:00.922+0000] {dag.py:3096} INFO - Sync 1 DAGs
[2024-07-14T16:45:00.953+0000] {logging_mixin.py:188} INFO - [2024-07-14T16:45:00.953+0000] {dag.py:3954} INFO - Setting next_dagrun for example_bash_decorator to None, run_after=None
[2024-07-14T16:45:00.991+0000] {processor.py:183} INFO - Processing /home/airflow/.local/lib/python3.11/site-packages/airflow/example_dags/example_bash_decorator.py took 0.172 seconds
[2024-07-14T16:45:06.942+0000] {processor.py:161} INFO - Started process (PID=3493) to work on /home/airflow/.local/lib/python3.11/site-packages/airflow/example_dags/example_bash_decorator.py
[2024-07-14T16:45:06.944+0000] {processor.py:830} INFO - Processing file /home/airflow/.local/lib/python3.11/site-packages/airflow/example_dags/example_bash_decorator.py for tasks to queue
[2024-07-14T16:45:06.947+0000] {logging_mixin.py:188} INFO - [2024-07-14T16:45:06.946+0000] {dagbag.py:545} INFO - Filling up the DagBag from /home/airflow/.local/lib/python3.11/site-packages/airflow/example_dags/example_bash_decorator.py
[2024-07-14T16:45:06.968+0000] {processor.py:840} INFO - DAG(s) 'example_bash_decorator' retrieved from /home/airflow/.local/lib/python3.11/site-packages/airflow/example_dags/example_bash_decorator.py
[2024-07-14T16:45:07.004+0000] {logging_mixin.py:188} INFO - [2024-07-14T16:45:07.003+0000] {dag.py:3096} INFO - Sync 1 DAGs
[2024-07-14T16:45:07.021+0000] {logging_mixin.py:188} INFO - [2024-07-14T16:45:07.020+0000] {dag.py:3954} INFO - Setting next_dagrun for example_bash_decorator to None, run_after=None
[2024-07-14T16:45:07.046+0000] {processor.py:183} INFO - Processing /home/airflow/.local/lib/python3.11/site-packages/airflow/example_dags/example_bash_decorator.py took 0.113 seconds
[2024-07-14T16:45:12.554+0000] {processor.py:161} INFO - Started process (PID=3547) to work on /home/airflow/.local/lib/python3.11/site-packages/airflow/example_dags/example_bash_decorator.py
[2024-07-14T16:45:12.557+0000] {processor.py:830} INFO - Processing file /home/airflow/.local/lib/python3.11/site-packages/airflow/example_dags/example_bash_decorator.py for tasks to queue
[2024-07-14T16:45:12.560+0000] {logging_mixin.py:188} INFO - [2024-07-14T16:45:12.560+0000] {dagbag.py:545} INFO - Filling up the DagBag from /home/airflow/.local/lib/python3.11/site-packages/airflow/example_dags/example_bash_decorator.py
[2024-07-14T16:45:12.590+0000] {processor.py:840} INFO - DAG(s) 'example_bash_decorator' retrieved from /home/airflow/.local/lib/python3.11/site-packages/airflow/example_dags/example_bash_decorator.py
[2024-07-14T16:45:12.632+0000] {logging_mixin.py:188} INFO - [2024-07-14T16:45:12.631+0000] {dag.py:3096} INFO - Sync 1 DAGs
[2024-07-14T16:45:12.657+0000] {logging_mixin.py:188} INFO - [2024-07-14T16:45:12.656+0000] {dag.py:3954} INFO - Setting next_dagrun for example_bash_decorator to None, run_after=None
[2024-07-14T16:45:12.686+0000] {processor.py:183} INFO - Processing /home/airflow/.local/lib/python3.11/site-packages/airflow/example_dags/example_bash_decorator.py took 0.146 seconds
[2024-07-14T16:45:18.760+0000] {processor.py:161} INFO - Started process (PID=3599) to work on /home/airflow/.local/lib/python3.11/site-packages/airflow/example_dags/example_bash_decorator.py
[2024-07-14T16:45:18.763+0000] {processor.py:830} INFO - Processing file /home/airflow/.local/lib/python3.11/site-packages/airflow/example_dags/example_bash_decorator.py for tasks to queue
[2024-07-14T16:45:18.768+0000] {logging_mixin.py:188} INFO - [2024-07-14T16:45:18.767+0000] {dagbag.py:545} INFO - Filling up the DagBag from /home/airflow/.local/lib/python3.11/site-packages/airflow/example_dags/example_bash_decorator.py
[2024-07-14T16:45:18.819+0000] {processor.py:840} INFO - DAG(s) 'example_bash_decorator' retrieved from /home/airflow/.local/lib/python3.11/site-packages/airflow/example_dags/example_bash_decorator.py
[2024-07-14T16:45:18.925+0000] {logging_mixin.py:188} INFO - [2024-07-14T16:45:18.924+0000] {dag.py:3096} INFO - Sync 1 DAGs
[2024-07-14T16:45:18.982+0000] {logging_mixin.py:188} INFO - [2024-07-14T16:45:18.982+0000] {dag.py:3954} INFO - Setting next_dagrun for example_bash_decorator to None, run_after=None
[2024-07-14T16:45:19.067+0000] {processor.py:183} INFO - Processing /home/airflow/.local/lib/python3.11/site-packages/airflow/example_dags/example_bash_decorator.py took 0.326 seconds
[2024-07-14T16:45:27.732+0000] {processor.py:161} INFO - Started process (PID=3652) to work on /home/airflow/.local/lib/python3.11/site-packages/airflow/example_dags/example_bash_decorator.py
[2024-07-14T16:45:27.733+0000] {processor.py:830} INFO - Processing file /home/airflow/.local/lib/python3.11/site-packages/airflow/example_dags/example_bash_decorator.py for tasks to queue
[2024-07-14T16:45:27.737+0000] {logging_mixin.py:188} INFO - [2024-07-14T16:45:27.737+0000] {dagbag.py:545} INFO - Filling up the DagBag from /home/airflow/.local/lib/python3.11/site-packages/airflow/example_dags/example_bash_decorator.py
[2024-07-14T16:45:27.765+0000] {processor.py:840} INFO - DAG(s) 'example_bash_decorator' retrieved from /home/airflow/.local/lib/python3.11/site-packages/airflow/example_dags/example_bash_decorator.py
[2024-07-14T16:45:27.810+0000] {logging_mixin.py:188} INFO - [2024-07-14T16:45:27.810+0000] {dag.py:3096} INFO - Sync 1 DAGs
[2024-07-14T16:45:27.833+0000] {logging_mixin.py:188} INFO - [2024-07-14T16:45:27.833+0000] {dag.py:3954} INFO - Setting next_dagrun for example_bash_decorator to None, run_after=None
[2024-07-14T16:45:27.866+0000] {processor.py:183} INFO - Processing /home/airflow/.local/lib/python3.11/site-packages/airflow/example_dags/example_bash_decorator.py took 0.147 seconds
[2024-07-14T16:45:34.266+0000] {processor.py:161} INFO - Started process (PID=3704) to work on /home/airflow/.local/lib/python3.11/site-packages/airflow/example_dags/example_bash_decorator.py
[2024-07-14T16:45:34.268+0000] {processor.py:830} INFO - Processing file /home/airflow/.local/lib/python3.11/site-packages/airflow/example_dags/example_bash_decorator.py for tasks to queue
[2024-07-14T16:45:34.272+0000] {logging_mixin.py:188} INFO - [2024-07-14T16:45:34.271+0000] {dagbag.py:545} INFO - Filling up the DagBag from /home/airflow/.local/lib/python3.11/site-packages/airflow/example_dags/example_bash_decorator.py
[2024-07-14T16:45:34.299+0000] {processor.py:840} INFO - DAG(s) 'example_bash_decorator' retrieved from /home/airflow/.local/lib/python3.11/site-packages/airflow/example_dags/example_bash_decorator.py
[2024-07-14T16:45:34.349+0000] {logging_mixin.py:188} INFO - [2024-07-14T16:45:34.349+0000] {dag.py:3096} INFO - Sync 1 DAGs
[2024-07-14T16:45:34.373+0000] {logging_mixin.py:188} INFO - [2024-07-14T16:45:34.372+0000] {dag.py:3954} INFO - Setting next_dagrun for example_bash_decorator to None, run_after=None
[2024-07-14T16:45:34.407+0000] {processor.py:183} INFO - Processing /home/airflow/.local/lib/python3.11/site-packages/airflow/example_dags/example_bash_decorator.py took 0.152 seconds
[2024-07-14T16:45:44.268+0000] {processor.py:161} INFO - Started process (PID=3764) to work on /home/airflow/.local/lib/python3.11/site-packages/airflow/example_dags/example_bash_decorator.py
[2024-07-14T16:45:44.269+0000] {processor.py:830} INFO - Processing file /home/airflow/.local/lib/python3.11/site-packages/airflow/example_dags/example_bash_decorator.py for tasks to queue
[2024-07-14T16:45:44.273+0000] {logging_mixin.py:188} INFO - [2024-07-14T16:45:44.272+0000] {dagbag.py:545} INFO - Filling up the DagBag from /home/airflow/.local/lib/python3.11/site-packages/airflow/example_dags/example_bash_decorator.py
[2024-07-14T16:45:44.309+0000] {processor.py:840} INFO - DAG(s) 'example_bash_decorator' retrieved from /home/airflow/.local/lib/python3.11/site-packages/airflow/example_dags/example_bash_decorator.py
[2024-07-14T16:45:44.354+0000] {logging_mixin.py:188} INFO - [2024-07-14T16:45:44.354+0000] {dag.py:3096} INFO - Sync 1 DAGs
[2024-07-14T16:45:44.379+0000] {logging_mixin.py:188} INFO - [2024-07-14T16:45:44.379+0000] {dag.py:3954} INFO - Setting next_dagrun for example_bash_decorator to None, run_after=None
[2024-07-14T16:45:44.411+0000] {processor.py:183} INFO - Processing /home/airflow/.local/lib/python3.11/site-packages/airflow/example_dags/example_bash_decorator.py took 0.155 seconds
[2024-07-14T16:45:52.061+0000] {processor.py:161} INFO - Started process (PID=3816) to work on /home/airflow/.local/lib/python3.11/site-packages/airflow/example_dags/example_bash_decorator.py
[2024-07-14T16:45:52.063+0000] {processor.py:830} INFO - Processing file /home/airflow/.local/lib/python3.11/site-packages/airflow/example_dags/example_bash_decorator.py for tasks to queue
[2024-07-14T16:45:52.067+0000] {logging_mixin.py:188} INFO - [2024-07-14T16:45:52.067+0000] {dagbag.py:545} INFO - Filling up the DagBag from /home/airflow/.local/lib/python3.11/site-packages/airflow/example_dags/example_bash_decorator.py
[2024-07-14T16:45:52.103+0000] {processor.py:840} INFO - DAG(s) 'example_bash_decorator' retrieved from /home/airflow/.local/lib/python3.11/site-packages/airflow/example_dags/example_bash_decorator.py
[2024-07-14T16:45:52.155+0000] {logging_mixin.py:188} INFO - [2024-07-14T16:45:52.154+0000] {dag.py:3096} INFO - Sync 1 DAGs
[2024-07-14T16:45:52.183+0000] {logging_mixin.py:188} INFO - [2024-07-14T16:45:52.183+0000] {dag.py:3954} INFO - Setting next_dagrun for example_bash_decorator to None, run_after=None
[2024-07-14T16:45:52.216+0000] {processor.py:183} INFO - Processing /home/airflow/.local/lib/python3.11/site-packages/airflow/example_dags/example_bash_decorator.py took 0.170 seconds
[2024-07-14T16:45:59.713+0000] {processor.py:161} INFO - Started process (PID=3869) to work on /home/airflow/.local/lib/python3.11/site-packages/airflow/example_dags/example_bash_decorator.py
[2024-07-14T16:45:59.715+0000] {processor.py:830} INFO - Processing file /home/airflow/.local/lib/python3.11/site-packages/airflow/example_dags/example_bash_decorator.py for tasks to queue
[2024-07-14T16:45:59.718+0000] {logging_mixin.py:188} INFO - [2024-07-14T16:45:59.717+0000] {dagbag.py:545} INFO - Filling up the DagBag from /home/airflow/.local/lib/python3.11/site-packages/airflow/example_dags/example_bash_decorator.py
[2024-07-14T16:45:59.742+0000] {processor.py:840} INFO - DAG(s) 'example_bash_decorator' retrieved from /home/airflow/.local/lib/python3.11/site-packages/airflow/example_dags/example_bash_decorator.py
[2024-07-14T16:45:59.801+0000] {logging_mixin.py:188} INFO - [2024-07-14T16:45:59.800+0000] {dag.py:3096} INFO - Sync 1 DAGs
[2024-07-14T16:45:59.827+0000] {logging_mixin.py:188} INFO - [2024-07-14T16:45:59.826+0000] {dag.py:3954} INFO - Setting next_dagrun for example_bash_decorator to None, run_after=None
[2024-07-14T16:45:59.853+0000] {processor.py:183} INFO - Processing /home/airflow/.local/lib/python3.11/site-packages/airflow/example_dags/example_bash_decorator.py took 0.151 seconds
[2024-07-14T16:46:06.472+0000] {processor.py:161} INFO - Started process (PID=3921) to work on /home/airflow/.local/lib/python3.11/site-packages/airflow/example_dags/example_bash_decorator.py
[2024-07-14T16:46:06.474+0000] {processor.py:830} INFO - Processing file /home/airflow/.local/lib/python3.11/site-packages/airflow/example_dags/example_bash_decorator.py for tasks to queue
[2024-07-14T16:46:06.478+0000] {logging_mixin.py:188} INFO - [2024-07-14T16:46:06.478+0000] {dagbag.py:545} INFO - Filling up the DagBag from /home/airflow/.local/lib/python3.11/site-packages/airflow/example_dags/example_bash_decorator.py
[2024-07-14T16:46:06.508+0000] {processor.py:840} INFO - DAG(s) 'example_bash_decorator' retrieved from /home/airflow/.local/lib/python3.11/site-packages/airflow/example_dags/example_bash_decorator.py
[2024-07-14T16:46:06.544+0000] {logging_mixin.py:188} INFO - [2024-07-14T16:46:06.544+0000] {dag.py:3096} INFO - Sync 1 DAGs
[2024-07-14T16:46:06.563+0000] {logging_mixin.py:188} INFO - [2024-07-14T16:46:06.563+0000] {dag.py:3954} INFO - Setting next_dagrun for example_bash_decorator to None, run_after=None
[2024-07-14T16:46:06.590+0000] {processor.py:183} INFO - Processing /home/airflow/.local/lib/python3.11/site-packages/airflow/example_dags/example_bash_decorator.py took 0.129 seconds
[2024-07-14T16:46:12.315+0000] {processor.py:161} INFO - Started process (PID=3981) to work on /home/airflow/.local/lib/python3.11/site-packages/airflow/example_dags/example_bash_decorator.py
[2024-07-14T16:46:12.317+0000] {processor.py:830} INFO - Processing file /home/airflow/.local/lib/python3.11/site-packages/airflow/example_dags/example_bash_decorator.py for tasks to queue
[2024-07-14T16:46:12.320+0000] {logging_mixin.py:188} INFO - [2024-07-14T16:46:12.319+0000] {dagbag.py:545} INFO - Filling up the DagBag from /home/airflow/.local/lib/python3.11/site-packages/airflow/example_dags/example_bash_decorator.py
[2024-07-14T16:46:12.342+0000] {processor.py:840} INFO - DAG(s) 'example_bash_decorator' retrieved from /home/airflow/.local/lib/python3.11/site-packages/airflow/example_dags/example_bash_decorator.py
[2024-07-14T16:46:12.387+0000] {logging_mixin.py:188} INFO - [2024-07-14T16:46:12.386+0000] {dag.py:3096} INFO - Sync 1 DAGs
[2024-07-14T16:46:12.412+0000] {logging_mixin.py:188} INFO - [2024-07-14T16:46:12.411+0000] {dag.py:3954} INFO - Setting next_dagrun for example_bash_decorator to None, run_after=None
[2024-07-14T16:46:12.441+0000] {processor.py:183} INFO - Processing /home/airflow/.local/lib/python3.11/site-packages/airflow/example_dags/example_bash_decorator.py took 0.136 seconds
[2024-07-14T16:46:17.946+0000] {processor.py:161} INFO - Started process (PID=4033) to work on /home/airflow/.local/lib/python3.11/site-packages/airflow/example_dags/example_bash_decorator.py
[2024-07-14T16:46:17.948+0000] {processor.py:830} INFO - Processing file /home/airflow/.local/lib/python3.11/site-packages/airflow/example_dags/example_bash_decorator.py for tasks to queue
[2024-07-14T16:46:17.951+0000] {logging_mixin.py:188} INFO - [2024-07-14T16:46:17.950+0000] {dagbag.py:545} INFO - Filling up the DagBag from /home/airflow/.local/lib/python3.11/site-packages/airflow/example_dags/example_bash_decorator.py
[2024-07-14T16:46:17.975+0000] {processor.py:840} INFO - DAG(s) 'example_bash_decorator' retrieved from /home/airflow/.local/lib/python3.11/site-packages/airflow/example_dags/example_bash_decorator.py
[2024-07-14T16:46:18.014+0000] {logging_mixin.py:188} INFO - [2024-07-14T16:46:18.013+0000] {dag.py:3096} INFO - Sync 1 DAGs
[2024-07-14T16:46:18.034+0000] {logging_mixin.py:188} INFO - [2024-07-14T16:46:18.033+0000] {dag.py:3954} INFO - Setting next_dagrun for example_bash_decorator to None, run_after=None
[2024-07-14T16:46:18.065+0000] {processor.py:183} INFO - Processing /home/airflow/.local/lib/python3.11/site-packages/airflow/example_dags/example_bash_decorator.py took 0.130 seconds
[2024-07-14T16:46:24.116+0000] {processor.py:161} INFO - Started process (PID=4086) to work on /home/airflow/.local/lib/python3.11/site-packages/airflow/example_dags/example_bash_decorator.py
[2024-07-14T16:46:24.118+0000] {processor.py:830} INFO - Processing file /home/airflow/.local/lib/python3.11/site-packages/airflow/example_dags/example_bash_decorator.py for tasks to queue
[2024-07-14T16:46:24.125+0000] {logging_mixin.py:188} INFO - [2024-07-14T16:46:24.124+0000] {dagbag.py:545} INFO - Filling up the DagBag from /home/airflow/.local/lib/python3.11/site-packages/airflow/example_dags/example_bash_decorator.py
[2024-07-14T16:46:24.167+0000] {processor.py:840} INFO - DAG(s) 'example_bash_decorator' retrieved from /home/airflow/.local/lib/python3.11/site-packages/airflow/example_dags/example_bash_decorator.py
[2024-07-14T16:46:24.223+0000] {logging_mixin.py:188} INFO - [2024-07-14T16:46:24.222+0000] {dag.py:3096} INFO - Sync 1 DAGs
[2024-07-14T16:46:24.253+0000] {logging_mixin.py:188} INFO - [2024-07-14T16:46:24.253+0000] {dag.py:3954} INFO - Setting next_dagrun for example_bash_decorator to None, run_after=None
[2024-07-14T16:46:24.285+0000] {processor.py:183} INFO - Processing /home/airflow/.local/lib/python3.11/site-packages/airflow/example_dags/example_bash_decorator.py took 0.188 seconds
