[2024-07-14T16:37:56.968+0000] {processor.py:161} INFO - Started process (PID=57) to work on /home/airflow/.local/lib/python3.11/site-packages/airflow/example_dags/example_xcom.py
[2024-07-14T16:37:57.016+0000] {processor.py:830} INFO - Processing file /home/airflow/.local/lib/python3.11/site-packages/airflow/example_dags/example_xcom.py for tasks to queue
[2024-07-14T16:37:57.066+0000] {logging_mixin.py:188} INFO - [2024-07-14T16:37:57.065+0000] {dagbag.py:545} INFO - Filling up the DagBag from /home/airflow/.local/lib/python3.11/site-packages/airflow/example_dags/example_xcom.py
[2024-07-14T16:37:57.101+0000] {processor.py:840} INFO - DAG(s) 'example_xcom' retrieved from /home/airflow/.local/lib/python3.11/site-packages/airflow/example_dags/example_xcom.py
[2024-07-14T16:37:57.386+0000] {logging_mixin.py:188} INFO - [2024-07-14T16:37:57.386+0000] {dag.py:3096} INFO - Sync 1 DAGs
[2024-07-14T16:37:57.439+0000] {logging_mixin.py:188} INFO - [2024-07-14T16:37:57.439+0000] {dag.py:3954} INFO - Setting next_dagrun for example_xcom to 2021-01-01 00:00:00+00:00, run_after=2021-01-01 00:00:00+00:00
[2024-07-14T16:37:57.484+0000] {processor.py:183} INFO - Processing /home/airflow/.local/lib/python3.11/site-packages/airflow/example_dags/example_xcom.py took 0.539 seconds
[2024-07-14T16:38:09.907+0000] {processor.py:161} INFO - Started process (PID=117) to work on /home/airflow/.local/lib/python3.11/site-packages/airflow/example_dags/example_xcom.py
[2024-07-14T16:38:09.909+0000] {processor.py:830} INFO - Processing file /home/airflow/.local/lib/python3.11/site-packages/airflow/example_dags/example_xcom.py for tasks to queue
[2024-07-14T16:38:09.912+0000] {logging_mixin.py:188} INFO - [2024-07-14T16:38:09.912+0000] {dagbag.py:545} INFO - Filling up the DagBag from /home/airflow/.local/lib/python3.11/site-packages/airflow/example_dags/example_xcom.py
[2024-07-14T16:38:09.928+0000] {processor.py:840} INFO - DAG(s) 'example_xcom' retrieved from /home/airflow/.local/lib/python3.11/site-packages/airflow/example_dags/example_xcom.py
[2024-07-14T16:38:09.954+0000] {logging_mixin.py:188} INFO - [2024-07-14T16:38:09.954+0000] {dag.py:3096} INFO - Sync 1 DAGs
[2024-07-14T16:38:10.020+0000] {logging_mixin.py:188} INFO - [2024-07-14T16:38:10.020+0000] {dag.py:3954} INFO - Setting next_dagrun for example_xcom to 2021-01-01 00:00:00+00:00, run_after=2021-01-01 00:00:00+00:00
[2024-07-14T16:38:10.091+0000] {processor.py:183} INFO - Processing /home/airflow/.local/lib/python3.11/site-packages/airflow/example_dags/example_xcom.py took 0.196 seconds
[2024-07-14T16:38:15.767+0000] {processor.py:161} INFO - Started process (PID=169) to work on /home/airflow/.local/lib/python3.11/site-packages/airflow/example_dags/example_xcom.py
[2024-07-14T16:38:15.769+0000] {processor.py:830} INFO - Processing file /home/airflow/.local/lib/python3.11/site-packages/airflow/example_dags/example_xcom.py for tasks to queue
[2024-07-14T16:38:15.774+0000] {logging_mixin.py:188} INFO - [2024-07-14T16:38:15.773+0000] {dagbag.py:545} INFO - Filling up the DagBag from /home/airflow/.local/lib/python3.11/site-packages/airflow/example_dags/example_xcom.py
[2024-07-14T16:38:15.793+0000] {processor.py:840} INFO - DAG(s) 'example_xcom' retrieved from /home/airflow/.local/lib/python3.11/site-packages/airflow/example_dags/example_xcom.py
[2024-07-14T16:38:15.817+0000] {logging_mixin.py:188} INFO - [2024-07-14T16:38:15.817+0000] {dag.py:3096} INFO - Sync 1 DAGs
[2024-07-14T16:38:15.894+0000] {logging_mixin.py:188} INFO - [2024-07-14T16:38:15.893+0000] {dag.py:3954} INFO - Setting next_dagrun for example_xcom to 2021-01-01 00:00:00+00:00, run_after=2021-01-01 00:00:00+00:00
[2024-07-14T16:38:15.967+0000] {processor.py:183} INFO - Processing /home/airflow/.local/lib/python3.11/site-packages/airflow/example_dags/example_xcom.py took 0.214 seconds
[2024-07-14T16:38:24.988+0000] {processor.py:161} INFO - Started process (PID=222) to work on /home/airflow/.local/lib/python3.11/site-packages/airflow/example_dags/example_xcom.py
[2024-07-14T16:38:24.990+0000] {processor.py:830} INFO - Processing file /home/airflow/.local/lib/python3.11/site-packages/airflow/example_dags/example_xcom.py for tasks to queue
[2024-07-14T16:38:24.992+0000] {logging_mixin.py:188} INFO - [2024-07-14T16:38:24.992+0000] {dagbag.py:545} INFO - Filling up the DagBag from /home/airflow/.local/lib/python3.11/site-packages/airflow/example_dags/example_xcom.py
[2024-07-14T16:38:25.002+0000] {processor.py:840} INFO - DAG(s) 'example_xcom' retrieved from /home/airflow/.local/lib/python3.11/site-packages/airflow/example_dags/example_xcom.py
[2024-07-14T16:38:25.018+0000] {logging_mixin.py:188} INFO - [2024-07-14T16:38:25.018+0000] {dag.py:3096} INFO - Sync 1 DAGs
[2024-07-14T16:38:25.048+0000] {logging_mixin.py:188} INFO - [2024-07-14T16:38:25.048+0000] {dag.py:3954} INFO - Setting next_dagrun for example_xcom to 2021-01-01 00:00:00+00:00, run_after=2021-01-01 00:00:00+00:00
[2024-07-14T16:38:25.073+0000] {processor.py:183} INFO - Processing /home/airflow/.local/lib/python3.11/site-packages/airflow/example_dags/example_xcom.py took 0.093 seconds
[2024-07-14T16:38:29.763+0000] {processor.py:161} INFO - Started process (PID=274) to work on /home/airflow/.local/lib/python3.11/site-packages/airflow/example_dags/example_xcom.py
[2024-07-14T16:38:29.765+0000] {processor.py:830} INFO - Processing file /home/airflow/.local/lib/python3.11/site-packages/airflow/example_dags/example_xcom.py for tasks to queue
[2024-07-14T16:38:29.768+0000] {logging_mixin.py:188} INFO - [2024-07-14T16:38:29.767+0000] {dagbag.py:545} INFO - Filling up the DagBag from /home/airflow/.local/lib/python3.11/site-packages/airflow/example_dags/example_xcom.py
[2024-07-14T16:38:29.780+0000] {processor.py:840} INFO - DAG(s) 'example_xcom' retrieved from /home/airflow/.local/lib/python3.11/site-packages/airflow/example_dags/example_xcom.py
[2024-07-14T16:38:29.813+0000] {logging_mixin.py:188} INFO - [2024-07-14T16:38:29.813+0000] {dag.py:3096} INFO - Sync 1 DAGs
[2024-07-14T16:38:29.842+0000] {logging_mixin.py:188} INFO - [2024-07-14T16:38:29.842+0000] {dag.py:3954} INFO - Setting next_dagrun for example_xcom to 2021-01-01 00:00:00+00:00, run_after=2021-01-01 00:00:00+00:00
[2024-07-14T16:38:29.867+0000] {processor.py:183} INFO - Processing /home/airflow/.local/lib/python3.11/site-packages/airflow/example_dags/example_xcom.py took 0.113 seconds
[2024-07-14T16:38:34.592+0000] {processor.py:161} INFO - Started process (PID=328) to work on /home/airflow/.local/lib/python3.11/site-packages/airflow/example_dags/example_xcom.py
[2024-07-14T16:38:34.593+0000] {processor.py:830} INFO - Processing file /home/airflow/.local/lib/python3.11/site-packages/airflow/example_dags/example_xcom.py for tasks to queue
[2024-07-14T16:38:34.596+0000] {logging_mixin.py:188} INFO - [2024-07-14T16:38:34.595+0000] {dagbag.py:545} INFO - Filling up the DagBag from /home/airflow/.local/lib/python3.11/site-packages/airflow/example_dags/example_xcom.py
[2024-07-14T16:38:34.609+0000] {processor.py:840} INFO - DAG(s) 'example_xcom' retrieved from /home/airflow/.local/lib/python3.11/site-packages/airflow/example_dags/example_xcom.py
[2024-07-14T16:38:34.638+0000] {logging_mixin.py:188} INFO - [2024-07-14T16:38:34.638+0000] {dag.py:3096} INFO - Sync 1 DAGs
[2024-07-14T16:38:34.668+0000] {logging_mixin.py:188} INFO - [2024-07-14T16:38:34.668+0000] {dag.py:3954} INFO - Setting next_dagrun for example_xcom to 2021-01-01 00:00:00+00:00, run_after=2021-01-01 00:00:00+00:00
[2024-07-14T16:38:34.693+0000] {processor.py:183} INFO - Processing /home/airflow/.local/lib/python3.11/site-packages/airflow/example_dags/example_xcom.py took 0.110 seconds
[2024-07-14T16:38:40.749+0000] {processor.py:161} INFO - Started process (PID=386) to work on /home/airflow/.local/lib/python3.11/site-packages/airflow/example_dags/example_xcom.py
[2024-07-14T16:38:40.752+0000] {processor.py:830} INFO - Processing file /home/airflow/.local/lib/python3.11/site-packages/airflow/example_dags/example_xcom.py for tasks to queue
[2024-07-14T16:38:40.757+0000] {logging_mixin.py:188} INFO - [2024-07-14T16:38:40.756+0000] {dagbag.py:545} INFO - Filling up the DagBag from /home/airflow/.local/lib/python3.11/site-packages/airflow/example_dags/example_xcom.py
[2024-07-14T16:38:40.776+0000] {processor.py:840} INFO - DAG(s) 'example_xcom' retrieved from /home/airflow/.local/lib/python3.11/site-packages/airflow/example_dags/example_xcom.py
[2024-07-14T16:38:40.815+0000] {logging_mixin.py:188} INFO - [2024-07-14T16:38:40.814+0000] {dag.py:3096} INFO - Sync 1 DAGs
[2024-07-14T16:38:40.861+0000] {logging_mixin.py:188} INFO - [2024-07-14T16:38:40.861+0000] {dag.py:3954} INFO - Setting next_dagrun for example_xcom to 2021-01-01 00:00:00+00:00, run_after=2021-01-01 00:00:00+00:00
[2024-07-14T16:38:40.898+0000] {processor.py:183} INFO - Processing /home/airflow/.local/lib/python3.11/site-packages/airflow/example_dags/example_xcom.py took 0.167 seconds
[2024-07-14T16:38:47.739+0000] {processor.py:161} INFO - Started process (PID=440) to work on /home/airflow/.local/lib/python3.11/site-packages/airflow/example_dags/example_xcom.py
[2024-07-14T16:38:47.741+0000] {processor.py:830} INFO - Processing file /home/airflow/.local/lib/python3.11/site-packages/airflow/example_dags/example_xcom.py for tasks to queue
[2024-07-14T16:38:47.744+0000] {logging_mixin.py:188} INFO - [2024-07-14T16:38:47.743+0000] {dagbag.py:545} INFO - Filling up the DagBag from /home/airflow/.local/lib/python3.11/site-packages/airflow/example_dags/example_xcom.py
[2024-07-14T16:38:47.755+0000] {processor.py:840} INFO - DAG(s) 'example_xcom' retrieved from /home/airflow/.local/lib/python3.11/site-packages/airflow/example_dags/example_xcom.py
[2024-07-14T16:38:47.786+0000] {logging_mixin.py:188} INFO - [2024-07-14T16:38:47.786+0000] {dag.py:3096} INFO - Sync 1 DAGs
[2024-07-14T16:38:47.818+0000] {logging_mixin.py:188} INFO - [2024-07-14T16:38:47.818+0000] {dag.py:3954} INFO - Setting next_dagrun for example_xcom to 2021-01-01 00:00:00+00:00, run_after=2021-01-01 00:00:00+00:00
[2024-07-14T16:38:47.844+0000] {processor.py:183} INFO - Processing /home/airflow/.local/lib/python3.11/site-packages/airflow/example_dags/example_xcom.py took 0.114 seconds
[2024-07-14T16:38:53.890+0000] {processor.py:161} INFO - Started process (PID=494) to work on /home/airflow/.local/lib/python3.11/site-packages/airflow/example_dags/example_xcom.py
[2024-07-14T16:38:53.891+0000] {processor.py:830} INFO - Processing file /home/airflow/.local/lib/python3.11/site-packages/airflow/example_dags/example_xcom.py for tasks to queue
[2024-07-14T16:38:53.898+0000] {logging_mixin.py:188} INFO - [2024-07-14T16:38:53.897+0000] {dagbag.py:545} INFO - Filling up the DagBag from /home/airflow/.local/lib/python3.11/site-packages/airflow/example_dags/example_xcom.py
[2024-07-14T16:38:53.915+0000] {processor.py:840} INFO - DAG(s) 'example_xcom' retrieved from /home/airflow/.local/lib/python3.11/site-packages/airflow/example_dags/example_xcom.py
[2024-07-14T16:38:54.016+0000] {logging_mixin.py:188} INFO - [2024-07-14T16:38:54.015+0000] {dag.py:3096} INFO - Sync 1 DAGs
[2024-07-14T16:38:54.121+0000] {logging_mixin.py:188} INFO - [2024-07-14T16:38:54.120+0000] {dag.py:3954} INFO - Setting next_dagrun for example_xcom to 2021-01-01 00:00:00+00:00, run_after=2021-01-01 00:00:00+00:00
[2024-07-14T16:38:54.175+0000] {processor.py:183} INFO - Processing /home/airflow/.local/lib/python3.11/site-packages/airflow/example_dags/example_xcom.py took 0.300 seconds
[2024-07-14T16:39:01.943+0000] {processor.py:161} INFO - Started process (PID=548) to work on /home/airflow/.local/lib/python3.11/site-packages/airflow/example_dags/example_xcom.py
[2024-07-14T16:39:01.944+0000] {processor.py:830} INFO - Processing file /home/airflow/.local/lib/python3.11/site-packages/airflow/example_dags/example_xcom.py for tasks to queue
[2024-07-14T16:39:01.947+0000] {logging_mixin.py:188} INFO - [2024-07-14T16:39:01.947+0000] {dagbag.py:545} INFO - Filling up the DagBag from /home/airflow/.local/lib/python3.11/site-packages/airflow/example_dags/example_xcom.py
[2024-07-14T16:39:01.963+0000] {processor.py:840} INFO - DAG(s) 'example_xcom' retrieved from /home/airflow/.local/lib/python3.11/site-packages/airflow/example_dags/example_xcom.py
[2024-07-14T16:39:02.010+0000] {logging_mixin.py:188} INFO - [2024-07-14T16:39:02.010+0000] {dag.py:3096} INFO - Sync 1 DAGs
[2024-07-14T16:39:02.052+0000] {logging_mixin.py:188} INFO - [2024-07-14T16:39:02.052+0000] {dag.py:3954} INFO - Setting next_dagrun for example_xcom to 2021-01-01 00:00:00+00:00, run_after=2021-01-01 00:00:00+00:00
[2024-07-14T16:39:02.088+0000] {processor.py:183} INFO - Processing /home/airflow/.local/lib/python3.11/site-packages/airflow/example_dags/example_xcom.py took 0.156 seconds
[2024-07-14T16:39:06.845+0000] {processor.py:161} INFO - Started process (PID=606) to work on /home/airflow/.local/lib/python3.11/site-packages/airflow/example_dags/example_xcom.py
[2024-07-14T16:39:06.849+0000] {processor.py:830} INFO - Processing file /home/airflow/.local/lib/python3.11/site-packages/airflow/example_dags/example_xcom.py for tasks to queue
[2024-07-14T16:39:06.854+0000] {logging_mixin.py:188} INFO - [2024-07-14T16:39:06.853+0000] {dagbag.py:545} INFO - Filling up the DagBag from /home/airflow/.local/lib/python3.11/site-packages/airflow/example_dags/example_xcom.py
[2024-07-14T16:39:06.874+0000] {processor.py:840} INFO - DAG(s) 'example_xcom' retrieved from /home/airflow/.local/lib/python3.11/site-packages/airflow/example_dags/example_xcom.py
[2024-07-14T16:39:06.918+0000] {logging_mixin.py:188} INFO - [2024-07-14T16:39:06.917+0000] {dag.py:3096} INFO - Sync 1 DAGs
[2024-07-14T16:39:06.952+0000] {logging_mixin.py:188} INFO - [2024-07-14T16:39:06.951+0000] {dag.py:3954} INFO - Setting next_dagrun for example_xcom to 2021-01-01 00:00:00+00:00, run_after=2021-01-01 00:00:00+00:00
[2024-07-14T16:39:06.977+0000] {processor.py:183} INFO - Processing /home/airflow/.local/lib/python3.11/site-packages/airflow/example_dags/example_xcom.py took 0.152 seconds
[2024-07-14T16:39:13.361+0000] {processor.py:161} INFO - Started process (PID=660) to work on /home/airflow/.local/lib/python3.11/site-packages/airflow/example_dags/example_xcom.py
[2024-07-14T16:39:13.363+0000] {processor.py:830} INFO - Processing file /home/airflow/.local/lib/python3.11/site-packages/airflow/example_dags/example_xcom.py for tasks to queue
[2024-07-14T16:39:13.366+0000] {logging_mixin.py:188} INFO - [2024-07-14T16:39:13.366+0000] {dagbag.py:545} INFO - Filling up the DagBag from /home/airflow/.local/lib/python3.11/site-packages/airflow/example_dags/example_xcom.py
[2024-07-14T16:39:13.380+0000] {processor.py:840} INFO - DAG(s) 'example_xcom' retrieved from /home/airflow/.local/lib/python3.11/site-packages/airflow/example_dags/example_xcom.py
[2024-07-14T16:39:13.409+0000] {logging_mixin.py:188} INFO - [2024-07-14T16:39:13.408+0000] {dag.py:3096} INFO - Sync 1 DAGs
[2024-07-14T16:39:13.439+0000] {logging_mixin.py:188} INFO - [2024-07-14T16:39:13.439+0000] {dag.py:3954} INFO - Setting next_dagrun for example_xcom to 2021-01-01 00:00:00+00:00, run_after=2021-01-01 00:00:00+00:00
[2024-07-14T16:39:13.471+0000] {processor.py:183} INFO - Processing /home/airflow/.local/lib/python3.11/site-packages/airflow/example_dags/example_xcom.py took 0.118 seconds
[2024-07-14T16:39:17.985+0000] {processor.py:161} INFO - Started process (PID=712) to work on /home/airflow/.local/lib/python3.11/site-packages/airflow/example_dags/example_xcom.py
[2024-07-14T16:39:17.987+0000] {processor.py:830} INFO - Processing file /home/airflow/.local/lib/python3.11/site-packages/airflow/example_dags/example_xcom.py for tasks to queue
[2024-07-14T16:39:17.992+0000] {logging_mixin.py:188} INFO - [2024-07-14T16:39:17.991+0000] {dagbag.py:545} INFO - Filling up the DagBag from /home/airflow/.local/lib/python3.11/site-packages/airflow/example_dags/example_xcom.py
[2024-07-14T16:39:18.011+0000] {processor.py:840} INFO - DAG(s) 'example_xcom' retrieved from /home/airflow/.local/lib/python3.11/site-packages/airflow/example_dags/example_xcom.py
[2024-07-14T16:39:18.052+0000] {logging_mixin.py:188} INFO - [2024-07-14T16:39:18.051+0000] {dag.py:3096} INFO - Sync 1 DAGs
[2024-07-14T16:39:18.091+0000] {logging_mixin.py:188} INFO - [2024-07-14T16:39:18.091+0000] {dag.py:3954} INFO - Setting next_dagrun for example_xcom to 2021-01-01 00:00:00+00:00, run_after=2021-01-01 00:00:00+00:00
[2024-07-14T16:39:18.115+0000] {processor.py:183} INFO - Processing /home/airflow/.local/lib/python3.11/site-packages/airflow/example_dags/example_xcom.py took 0.142 seconds
[2024-07-14T16:39:22.949+0000] {processor.py:161} INFO - Started process (PID=766) to work on /home/airflow/.local/lib/python3.11/site-packages/airflow/example_dags/example_xcom.py
[2024-07-14T16:39:22.951+0000] {processor.py:830} INFO - Processing file /home/airflow/.local/lib/python3.11/site-packages/airflow/example_dags/example_xcom.py for tasks to queue
[2024-07-14T16:39:22.954+0000] {logging_mixin.py:188} INFO - [2024-07-14T16:39:22.954+0000] {dagbag.py:545} INFO - Filling up the DagBag from /home/airflow/.local/lib/python3.11/site-packages/airflow/example_dags/example_xcom.py
[2024-07-14T16:39:22.966+0000] {processor.py:840} INFO - DAG(s) 'example_xcom' retrieved from /home/airflow/.local/lib/python3.11/site-packages/airflow/example_dags/example_xcom.py
[2024-07-14T16:39:22.997+0000] {logging_mixin.py:188} INFO - [2024-07-14T16:39:22.997+0000] {dag.py:3096} INFO - Sync 1 DAGs
[2024-07-14T16:39:23.033+0000] {logging_mixin.py:188} INFO - [2024-07-14T16:39:23.033+0000] {dag.py:3954} INFO - Setting next_dagrun for example_xcom to 2021-01-01 00:00:00+00:00, run_after=2021-01-01 00:00:00+00:00
[2024-07-14T16:39:23.066+0000] {processor.py:183} INFO - Processing /home/airflow/.local/lib/python3.11/site-packages/airflow/example_dags/example_xcom.py took 0.125 seconds
[2024-07-14T16:39:27.958+0000] {processor.py:161} INFO - Started process (PID=818) to work on /home/airflow/.local/lib/python3.11/site-packages/airflow/example_dags/example_xcom.py
[2024-07-14T16:39:27.959+0000] {processor.py:830} INFO - Processing file /home/airflow/.local/lib/python3.11/site-packages/airflow/example_dags/example_xcom.py for tasks to queue
[2024-07-14T16:39:27.962+0000] {logging_mixin.py:188} INFO - [2024-07-14T16:39:27.961+0000] {dagbag.py:545} INFO - Filling up the DagBag from /home/airflow/.local/lib/python3.11/site-packages/airflow/example_dags/example_xcom.py
[2024-07-14T16:39:27.973+0000] {processor.py:840} INFO - DAG(s) 'example_xcom' retrieved from /home/airflow/.local/lib/python3.11/site-packages/airflow/example_dags/example_xcom.py
[2024-07-14T16:39:28.002+0000] {logging_mixin.py:188} INFO - [2024-07-14T16:39:28.002+0000] {dag.py:3096} INFO - Sync 1 DAGs
[2024-07-14T16:39:28.033+0000] {logging_mixin.py:188} INFO - [2024-07-14T16:39:28.032+0000] {dag.py:3954} INFO - Setting next_dagrun for example_xcom to 2021-01-01 00:00:00+00:00, run_after=2021-01-01 00:00:00+00:00
[2024-07-14T16:39:28.061+0000] {processor.py:183} INFO - Processing /home/airflow/.local/lib/python3.11/site-packages/airflow/example_dags/example_xcom.py took 0.111 seconds
[2024-07-14T16:39:35.027+0000] {processor.py:161} INFO - Started process (PID=871) to work on /home/airflow/.local/lib/python3.11/site-packages/airflow/example_dags/example_xcom.py
[2024-07-14T16:39:35.029+0000] {processor.py:830} INFO - Processing file /home/airflow/.local/lib/python3.11/site-packages/airflow/example_dags/example_xcom.py for tasks to queue
[2024-07-14T16:39:35.033+0000] {logging_mixin.py:188} INFO - [2024-07-14T16:39:35.032+0000] {dagbag.py:545} INFO - Filling up the DagBag from /home/airflow/.local/lib/python3.11/site-packages/airflow/example_dags/example_xcom.py
[2024-07-14T16:39:35.051+0000] {processor.py:840} INFO - DAG(s) 'example_xcom' retrieved from /home/airflow/.local/lib/python3.11/site-packages/airflow/example_dags/example_xcom.py
[2024-07-14T16:39:35.087+0000] {logging_mixin.py:188} INFO - [2024-07-14T16:39:35.087+0000] {dag.py:3096} INFO - Sync 1 DAGs
[2024-07-14T16:39:35.129+0000] {logging_mixin.py:188} INFO - [2024-07-14T16:39:35.128+0000] {dag.py:3954} INFO - Setting next_dagrun for example_xcom to 2021-01-01 00:00:00+00:00, run_after=2021-01-01 00:00:00+00:00
[2024-07-14T16:39:35.161+0000] {processor.py:183} INFO - Processing /home/airflow/.local/lib/python3.11/site-packages/airflow/example_dags/example_xcom.py took 0.147 seconds
[2024-07-14T16:39:40.782+0000] {processor.py:161} INFO - Started process (PID=932) to work on /home/airflow/.local/lib/python3.11/site-packages/airflow/example_dags/example_xcom.py
[2024-07-14T16:39:40.784+0000] {processor.py:830} INFO - Processing file /home/airflow/.local/lib/python3.11/site-packages/airflow/example_dags/example_xcom.py for tasks to queue
[2024-07-14T16:39:40.789+0000] {logging_mixin.py:188} INFO - [2024-07-14T16:39:40.788+0000] {dagbag.py:545} INFO - Filling up the DagBag from /home/airflow/.local/lib/python3.11/site-packages/airflow/example_dags/example_xcom.py
[2024-07-14T16:39:40.807+0000] {processor.py:840} INFO - DAG(s) 'example_xcom' retrieved from /home/airflow/.local/lib/python3.11/site-packages/airflow/example_dags/example_xcom.py
[2024-07-14T16:39:40.889+0000] {logging_mixin.py:188} INFO - [2024-07-14T16:39:40.889+0000] {dag.py:3096} INFO - Sync 1 DAGs
[2024-07-14T16:39:40.959+0000] {logging_mixin.py:188} INFO - [2024-07-14T16:39:40.959+0000] {dag.py:3954} INFO - Setting next_dagrun for example_xcom to 2021-01-01 00:00:00+00:00, run_after=2021-01-01 00:00:00+00:00
[2024-07-14T16:39:40.988+0000] {processor.py:183} INFO - Processing /home/airflow/.local/lib/python3.11/site-packages/airflow/example_dags/example_xcom.py took 0.227 seconds
[2024-07-14T16:39:45.544+0000] {processor.py:161} INFO - Started process (PID=984) to work on /home/airflow/.local/lib/python3.11/site-packages/airflow/example_dags/example_xcom.py
[2024-07-14T16:39:45.545+0000] {processor.py:830} INFO - Processing file /home/airflow/.local/lib/python3.11/site-packages/airflow/example_dags/example_xcom.py for tasks to queue
[2024-07-14T16:39:45.548+0000] {logging_mixin.py:188} INFO - [2024-07-14T16:39:45.548+0000] {dagbag.py:545} INFO - Filling up the DagBag from /home/airflow/.local/lib/python3.11/site-packages/airflow/example_dags/example_xcom.py
[2024-07-14T16:39:45.558+0000] {processor.py:840} INFO - DAG(s) 'example_xcom' retrieved from /home/airflow/.local/lib/python3.11/site-packages/airflow/example_dags/example_xcom.py
[2024-07-14T16:39:45.587+0000] {logging_mixin.py:188} INFO - [2024-07-14T16:39:45.587+0000] {dag.py:3096} INFO - Sync 1 DAGs
[2024-07-14T16:39:45.617+0000] {logging_mixin.py:188} INFO - [2024-07-14T16:39:45.617+0000] {dag.py:3954} INFO - Setting next_dagrun for example_xcom to 2021-01-01 00:00:00+00:00, run_after=2021-01-01 00:00:00+00:00
[2024-07-14T16:39:45.642+0000] {processor.py:183} INFO - Processing /home/airflow/.local/lib/python3.11/site-packages/airflow/example_dags/example_xcom.py took 0.107 seconds
[2024-07-14T16:39:50.928+0000] {processor.py:161} INFO - Started process (PID=1037) to work on /home/airflow/.local/lib/python3.11/site-packages/airflow/example_dags/example_xcom.py
[2024-07-14T16:39:50.929+0000] {processor.py:830} INFO - Processing file /home/airflow/.local/lib/python3.11/site-packages/airflow/example_dags/example_xcom.py for tasks to queue
[2024-07-14T16:39:50.932+0000] {logging_mixin.py:188} INFO - [2024-07-14T16:39:50.931+0000] {dagbag.py:545} INFO - Filling up the DagBag from /home/airflow/.local/lib/python3.11/site-packages/airflow/example_dags/example_xcom.py
[2024-07-14T16:39:50.942+0000] {processor.py:840} INFO - DAG(s) 'example_xcom' retrieved from /home/airflow/.local/lib/python3.11/site-packages/airflow/example_dags/example_xcom.py
[2024-07-14T16:39:50.971+0000] {logging_mixin.py:188} INFO - [2024-07-14T16:39:50.970+0000] {dag.py:3096} INFO - Sync 1 DAGs
[2024-07-14T16:39:50.999+0000] {logging_mixin.py:188} INFO - [2024-07-14T16:39:50.999+0000] {dag.py:3954} INFO - Setting next_dagrun for example_xcom to 2021-01-01 00:00:00+00:00, run_after=2021-01-01 00:00:00+00:00
[2024-07-14T16:39:51.024+0000] {processor.py:183} INFO - Processing /home/airflow/.local/lib/python3.11/site-packages/airflow/example_dags/example_xcom.py took 0.105 seconds
[2024-07-14T16:39:55.602+0000] {processor.py:161} INFO - Started process (PID=1089) to work on /home/airflow/.local/lib/python3.11/site-packages/airflow/example_dags/example_xcom.py
[2024-07-14T16:39:55.604+0000] {processor.py:830} INFO - Processing file /home/airflow/.local/lib/python3.11/site-packages/airflow/example_dags/example_xcom.py for tasks to queue
[2024-07-14T16:39:55.607+0000] {logging_mixin.py:188} INFO - [2024-07-14T16:39:55.606+0000] {dagbag.py:545} INFO - Filling up the DagBag from /home/airflow/.local/lib/python3.11/site-packages/airflow/example_dags/example_xcom.py
[2024-07-14T16:39:55.617+0000] {processor.py:840} INFO - DAG(s) 'example_xcom' retrieved from /home/airflow/.local/lib/python3.11/site-packages/airflow/example_dags/example_xcom.py
[2024-07-14T16:39:55.647+0000] {logging_mixin.py:188} INFO - [2024-07-14T16:39:55.647+0000] {dag.py:3096} INFO - Sync 1 DAGs
[2024-07-14T16:39:55.678+0000] {logging_mixin.py:188} INFO - [2024-07-14T16:39:55.678+0000] {dag.py:3954} INFO - Setting next_dagrun for example_xcom to 2021-01-01 00:00:00+00:00, run_after=2021-01-01 00:00:00+00:00
[2024-07-14T16:39:55.704+0000] {processor.py:183} INFO - Processing /home/airflow/.local/lib/python3.11/site-packages/airflow/example_dags/example_xcom.py took 0.111 seconds
[2024-07-14T16:40:00.908+0000] {processor.py:161} INFO - Started process (PID=1142) to work on /home/airflow/.local/lib/python3.11/site-packages/airflow/example_dags/example_xcom.py
[2024-07-14T16:40:00.910+0000] {processor.py:830} INFO - Processing file /home/airflow/.local/lib/python3.11/site-packages/airflow/example_dags/example_xcom.py for tasks to queue
[2024-07-14T16:40:00.913+0000] {logging_mixin.py:188} INFO - [2024-07-14T16:40:00.913+0000] {dagbag.py:545} INFO - Filling up the DagBag from /home/airflow/.local/lib/python3.11/site-packages/airflow/example_dags/example_xcom.py
[2024-07-14T16:40:00.930+0000] {processor.py:840} INFO - DAG(s) 'example_xcom' retrieved from /home/airflow/.local/lib/python3.11/site-packages/airflow/example_dags/example_xcom.py
[2024-07-14T16:40:00.961+0000] {logging_mixin.py:188} INFO - [2024-07-14T16:40:00.960+0000] {dag.py:3096} INFO - Sync 1 DAGs
[2024-07-14T16:40:00.987+0000] {logging_mixin.py:188} INFO - [2024-07-14T16:40:00.987+0000] {dag.py:3954} INFO - Setting next_dagrun for example_xcom to 2021-01-01 00:00:00+00:00, run_after=2021-01-01 00:00:00+00:00
[2024-07-14T16:40:01.009+0000] {processor.py:183} INFO - Processing /home/airflow/.local/lib/python3.11/site-packages/airflow/example_dags/example_xcom.py took 0.112 seconds
[2024-07-14T16:40:06.184+0000] {processor.py:161} INFO - Started process (PID=1202) to work on /home/airflow/.local/lib/python3.11/site-packages/airflow/example_dags/example_xcom.py
[2024-07-14T16:40:06.186+0000] {processor.py:830} INFO - Processing file /home/airflow/.local/lib/python3.11/site-packages/airflow/example_dags/example_xcom.py for tasks to queue
[2024-07-14T16:40:06.191+0000] {logging_mixin.py:188} INFO - [2024-07-14T16:40:06.190+0000] {dagbag.py:545} INFO - Filling up the DagBag from /home/airflow/.local/lib/python3.11/site-packages/airflow/example_dags/example_xcom.py
[2024-07-14T16:40:06.208+0000] {processor.py:840} INFO - DAG(s) 'example_xcom' retrieved from /home/airflow/.local/lib/python3.11/site-packages/airflow/example_dags/example_xcom.py
[2024-07-14T16:40:06.266+0000] {logging_mixin.py:188} INFO - [2024-07-14T16:40:06.265+0000] {dag.py:3096} INFO - Sync 1 DAGs
[2024-07-14T16:40:06.304+0000] {logging_mixin.py:188} INFO - [2024-07-14T16:40:06.303+0000] {dag.py:3954} INFO - Setting next_dagrun for example_xcom to 2021-01-01 00:00:00+00:00, run_after=2021-01-01 00:00:00+00:00
[2024-07-14T16:40:06.339+0000] {processor.py:183} INFO - Processing /home/airflow/.local/lib/python3.11/site-packages/airflow/example_dags/example_xcom.py took 0.170 seconds
[2024-07-14T16:40:14.431+0000] {processor.py:161} INFO - Started process (PID=1254) to work on /home/airflow/.local/lib/python3.11/site-packages/airflow/example_dags/example_xcom.py
[2024-07-14T16:40:14.437+0000] {processor.py:830} INFO - Processing file /home/airflow/.local/lib/python3.11/site-packages/airflow/example_dags/example_xcom.py for tasks to queue
[2024-07-14T16:40:14.442+0000] {logging_mixin.py:188} INFO - [2024-07-14T16:40:14.441+0000] {dagbag.py:545} INFO - Filling up the DagBag from /home/airflow/.local/lib/python3.11/site-packages/airflow/example_dags/example_xcom.py
[2024-07-14T16:40:14.458+0000] {processor.py:840} INFO - DAG(s) 'example_xcom' retrieved from /home/airflow/.local/lib/python3.11/site-packages/airflow/example_dags/example_xcom.py
[2024-07-14T16:40:14.505+0000] {logging_mixin.py:188} INFO - [2024-07-14T16:40:14.505+0000] {dag.py:3096} INFO - Sync 1 DAGs
[2024-07-14T16:40:14.558+0000] {logging_mixin.py:188} INFO - [2024-07-14T16:40:14.557+0000] {dag.py:3954} INFO - Setting next_dagrun for example_xcom to 2021-01-01 00:00:00+00:00, run_after=2021-01-01 00:00:00+00:00
[2024-07-14T16:40:14.601+0000] {processor.py:183} INFO - Processing /home/airflow/.local/lib/python3.11/site-packages/airflow/example_dags/example_xcom.py took 0.185 seconds
[2024-07-14T16:40:21.565+0000] {processor.py:161} INFO - Started process (PID=1308) to work on /home/airflow/.local/lib/python3.11/site-packages/airflow/example_dags/example_xcom.py
[2024-07-14T16:40:21.566+0000] {processor.py:830} INFO - Processing file /home/airflow/.local/lib/python3.11/site-packages/airflow/example_dags/example_xcom.py for tasks to queue
[2024-07-14T16:40:21.569+0000] {logging_mixin.py:188} INFO - [2024-07-14T16:40:21.568+0000] {dagbag.py:545} INFO - Filling up the DagBag from /home/airflow/.local/lib/python3.11/site-packages/airflow/example_dags/example_xcom.py
[2024-07-14T16:40:21.580+0000] {processor.py:840} INFO - DAG(s) 'example_xcom' retrieved from /home/airflow/.local/lib/python3.11/site-packages/airflow/example_dags/example_xcom.py
[2024-07-14T16:40:21.609+0000] {logging_mixin.py:188} INFO - [2024-07-14T16:40:21.608+0000] {dag.py:3096} INFO - Sync 1 DAGs
[2024-07-14T16:40:21.634+0000] {logging_mixin.py:188} INFO - [2024-07-14T16:40:21.634+0000] {dag.py:3954} INFO - Setting next_dagrun for example_xcom to 2021-01-01 00:00:00+00:00, run_after=2021-01-01 00:00:00+00:00
[2024-07-14T16:40:21.657+0000] {processor.py:183} INFO - Processing /home/airflow/.local/lib/python3.11/site-packages/airflow/example_dags/example_xcom.py took 0.101 seconds
[2024-07-14T16:40:26.553+0000] {processor.py:161} INFO - Started process (PID=1360) to work on /home/airflow/.local/lib/python3.11/site-packages/airflow/example_dags/example_xcom.py
[2024-07-14T16:40:26.555+0000] {processor.py:830} INFO - Processing file /home/airflow/.local/lib/python3.11/site-packages/airflow/example_dags/example_xcom.py for tasks to queue
[2024-07-14T16:40:26.557+0000] {logging_mixin.py:188} INFO - [2024-07-14T16:40:26.557+0000] {dagbag.py:545} INFO - Filling up the DagBag from /home/airflow/.local/lib/python3.11/site-packages/airflow/example_dags/example_xcom.py
[2024-07-14T16:40:26.570+0000] {processor.py:840} INFO - DAG(s) 'example_xcom' retrieved from /home/airflow/.local/lib/python3.11/site-packages/airflow/example_dags/example_xcom.py
[2024-07-14T16:40:26.599+0000] {logging_mixin.py:188} INFO - [2024-07-14T16:40:26.599+0000] {dag.py:3096} INFO - Sync 1 DAGs
[2024-07-14T16:40:26.627+0000] {logging_mixin.py:188} INFO - [2024-07-14T16:40:26.627+0000] {dag.py:3954} INFO - Setting next_dagrun for example_xcom to 2021-01-01 00:00:00+00:00, run_after=2021-01-01 00:00:00+00:00
[2024-07-14T16:40:26.649+0000] {processor.py:183} INFO - Processing /home/airflow/.local/lib/python3.11/site-packages/airflow/example_dags/example_xcom.py took 0.104 seconds
[2024-07-14T16:40:32.394+0000] {processor.py:161} INFO - Started process (PID=1414) to work on /home/airflow/.local/lib/python3.11/site-packages/airflow/example_dags/example_xcom.py
[2024-07-14T16:40:32.397+0000] {processor.py:830} INFO - Processing file /home/airflow/.local/lib/python3.11/site-packages/airflow/example_dags/example_xcom.py for tasks to queue
[2024-07-14T16:40:32.400+0000] {logging_mixin.py:188} INFO - [2024-07-14T16:40:32.400+0000] {dagbag.py:545} INFO - Filling up the DagBag from /home/airflow/.local/lib/python3.11/site-packages/airflow/example_dags/example_xcom.py
[2024-07-14T16:40:32.416+0000] {processor.py:840} INFO - DAG(s) 'example_xcom' retrieved from /home/airflow/.local/lib/python3.11/site-packages/airflow/example_dags/example_xcom.py
[2024-07-14T16:40:32.469+0000] {logging_mixin.py:188} INFO - [2024-07-14T16:40:32.468+0000] {dag.py:3096} INFO - Sync 1 DAGs
[2024-07-14T16:40:32.507+0000] {logging_mixin.py:188} INFO - [2024-07-14T16:40:32.507+0000] {dag.py:3954} INFO - Setting next_dagrun for example_xcom to 2021-01-01 00:00:00+00:00, run_after=2021-01-01 00:00:00+00:00
[2024-07-14T16:40:32.535+0000] {processor.py:183} INFO - Processing /home/airflow/.local/lib/python3.11/site-packages/airflow/example_dags/example_xcom.py took 0.156 seconds
[2024-07-14T16:40:38.121+0000] {processor.py:161} INFO - Started process (PID=1472) to work on /home/airflow/.local/lib/python3.11/site-packages/airflow/example_dags/example_xcom.py
[2024-07-14T16:40:38.123+0000] {processor.py:830} INFO - Processing file /home/airflow/.local/lib/python3.11/site-packages/airflow/example_dags/example_xcom.py for tasks to queue
[2024-07-14T16:40:38.126+0000] {logging_mixin.py:188} INFO - [2024-07-14T16:40:38.126+0000] {dagbag.py:545} INFO - Filling up the DagBag from /home/airflow/.local/lib/python3.11/site-packages/airflow/example_dags/example_xcom.py
[2024-07-14T16:40:38.143+0000] {processor.py:840} INFO - DAG(s) 'example_xcom' retrieved from /home/airflow/.local/lib/python3.11/site-packages/airflow/example_dags/example_xcom.py
[2024-07-14T16:40:38.173+0000] {logging_mixin.py:188} INFO - [2024-07-14T16:40:38.173+0000] {dag.py:3096} INFO - Sync 1 DAGs
[2024-07-14T16:40:38.198+0000] {logging_mixin.py:188} INFO - [2024-07-14T16:40:38.197+0000] {dag.py:3954} INFO - Setting next_dagrun for example_xcom to 2021-01-01 00:00:00+00:00, run_after=2021-01-01 00:00:00+00:00
[2024-07-14T16:40:38.221+0000] {processor.py:183} INFO - Processing /home/airflow/.local/lib/python3.11/site-packages/airflow/example_dags/example_xcom.py took 0.109 seconds
[2024-07-14T16:40:43.927+0000] {processor.py:161} INFO - Started process (PID=1526) to work on /home/airflow/.local/lib/python3.11/site-packages/airflow/example_dags/example_xcom.py
[2024-07-14T16:40:43.928+0000] {processor.py:830} INFO - Processing file /home/airflow/.local/lib/python3.11/site-packages/airflow/example_dags/example_xcom.py for tasks to queue
[2024-07-14T16:40:43.931+0000] {logging_mixin.py:188} INFO - [2024-07-14T16:40:43.930+0000] {dagbag.py:545} INFO - Filling up the DagBag from /home/airflow/.local/lib/python3.11/site-packages/airflow/example_dags/example_xcom.py
[2024-07-14T16:40:43.943+0000] {processor.py:840} INFO - DAG(s) 'example_xcom' retrieved from /home/airflow/.local/lib/python3.11/site-packages/airflow/example_dags/example_xcom.py
[2024-07-14T16:40:43.975+0000] {logging_mixin.py:188} INFO - [2024-07-14T16:40:43.975+0000] {dag.py:3096} INFO - Sync 1 DAGs
[2024-07-14T16:40:44.004+0000] {logging_mixin.py:188} INFO - [2024-07-14T16:40:44.004+0000] {dag.py:3954} INFO - Setting next_dagrun for example_xcom to 2021-01-01 00:00:00+00:00, run_after=2021-01-01 00:00:00+00:00
[2024-07-14T16:40:44.029+0000] {processor.py:183} INFO - Processing /home/airflow/.local/lib/python3.11/site-packages/airflow/example_dags/example_xcom.py took 0.112 seconds
[2024-07-14T16:40:50.577+0000] {processor.py:161} INFO - Started process (PID=1578) to work on /home/airflow/.local/lib/python3.11/site-packages/airflow/example_dags/example_xcom.py
[2024-07-14T16:40:50.579+0000] {processor.py:830} INFO - Processing file /home/airflow/.local/lib/python3.11/site-packages/airflow/example_dags/example_xcom.py for tasks to queue
[2024-07-14T16:40:50.582+0000] {logging_mixin.py:188} INFO - [2024-07-14T16:40:50.582+0000] {dagbag.py:545} INFO - Filling up the DagBag from /home/airflow/.local/lib/python3.11/site-packages/airflow/example_dags/example_xcom.py
[2024-07-14T16:40:50.597+0000] {processor.py:840} INFO - DAG(s) 'example_xcom' retrieved from /home/airflow/.local/lib/python3.11/site-packages/airflow/example_dags/example_xcom.py
[2024-07-14T16:40:50.636+0000] {logging_mixin.py:188} INFO - [2024-07-14T16:40:50.636+0000] {dag.py:3096} INFO - Sync 1 DAGs
[2024-07-14T16:40:50.670+0000] {logging_mixin.py:188} INFO - [2024-07-14T16:40:50.669+0000] {dag.py:3954} INFO - Setting next_dagrun for example_xcom to 2021-01-01 00:00:00+00:00, run_after=2021-01-01 00:00:00+00:00
[2024-07-14T16:40:50.705+0000] {processor.py:183} INFO - Processing /home/airflow/.local/lib/python3.11/site-packages/airflow/example_dags/example_xcom.py took 0.137 seconds
[2024-07-14T16:41:00.706+0000] {processor.py:161} INFO - Started process (PID=1631) to work on /home/airflow/.local/lib/python3.11/site-packages/airflow/example_dags/example_xcom.py
[2024-07-14T16:41:00.709+0000] {processor.py:830} INFO - Processing file /home/airflow/.local/lib/python3.11/site-packages/airflow/example_dags/example_xcom.py for tasks to queue
[2024-07-14T16:41:00.712+0000] {logging_mixin.py:188} INFO - [2024-07-14T16:41:00.711+0000] {dagbag.py:545} INFO - Filling up the DagBag from /home/airflow/.local/lib/python3.11/site-packages/airflow/example_dags/example_xcom.py
[2024-07-14T16:41:00.727+0000] {processor.py:840} INFO - DAG(s) 'example_xcom' retrieved from /home/airflow/.local/lib/python3.11/site-packages/airflow/example_dags/example_xcom.py
[2024-07-14T16:41:00.765+0000] {logging_mixin.py:188} INFO - [2024-07-14T16:41:00.765+0000] {dag.py:3096} INFO - Sync 1 DAGs
[2024-07-14T16:41:00.809+0000] {logging_mixin.py:188} INFO - [2024-07-14T16:41:00.809+0000] {dag.py:3954} INFO - Setting next_dagrun for example_xcom to 2021-01-01 00:00:00+00:00, run_after=2021-01-01 00:00:00+00:00
[2024-07-14T16:41:00.837+0000] {processor.py:183} INFO - Processing /home/airflow/.local/lib/python3.11/site-packages/airflow/example_dags/example_xcom.py took 0.141 seconds
[2024-07-14T16:41:07.842+0000] {processor.py:161} INFO - Started process (PID=1689) to work on /home/airflow/.local/lib/python3.11/site-packages/airflow/example_dags/example_xcom.py
[2024-07-14T16:41:07.844+0000] {processor.py:830} INFO - Processing file /home/airflow/.local/lib/python3.11/site-packages/airflow/example_dags/example_xcom.py for tasks to queue
[2024-07-14T16:41:07.848+0000] {logging_mixin.py:188} INFO - [2024-07-14T16:41:07.848+0000] {dagbag.py:545} INFO - Filling up the DagBag from /home/airflow/.local/lib/python3.11/site-packages/airflow/example_dags/example_xcom.py
[2024-07-14T16:41:07.866+0000] {processor.py:840} INFO - DAG(s) 'example_xcom' retrieved from /home/airflow/.local/lib/python3.11/site-packages/airflow/example_dags/example_xcom.py
[2024-07-14T16:41:07.908+0000] {logging_mixin.py:188} INFO - [2024-07-14T16:41:07.907+0000] {dag.py:3096} INFO - Sync 1 DAGs
[2024-07-14T16:41:07.944+0000] {logging_mixin.py:188} INFO - [2024-07-14T16:41:07.944+0000] {dag.py:3954} INFO - Setting next_dagrun for example_xcom to 2021-01-01 00:00:00+00:00, run_after=2021-01-01 00:00:00+00:00
[2024-07-14T16:41:07.980+0000] {processor.py:183} INFO - Processing /home/airflow/.local/lib/python3.11/site-packages/airflow/example_dags/example_xcom.py took 0.151 seconds
[2024-07-14T16:41:14.361+0000] {processor.py:161} INFO - Started process (PID=1743) to work on /home/airflow/.local/lib/python3.11/site-packages/airflow/example_dags/example_xcom.py
[2024-07-14T16:41:14.363+0000] {processor.py:830} INFO - Processing file /home/airflow/.local/lib/python3.11/site-packages/airflow/example_dags/example_xcom.py for tasks to queue
[2024-07-14T16:41:14.367+0000] {logging_mixin.py:188} INFO - [2024-07-14T16:41:14.366+0000] {dagbag.py:545} INFO - Filling up the DagBag from /home/airflow/.local/lib/python3.11/site-packages/airflow/example_dags/example_xcom.py
[2024-07-14T16:41:14.380+0000] {processor.py:840} INFO - DAG(s) 'example_xcom' retrieved from /home/airflow/.local/lib/python3.11/site-packages/airflow/example_dags/example_xcom.py
[2024-07-14T16:41:14.423+0000] {logging_mixin.py:188} INFO - [2024-07-14T16:41:14.422+0000] {dag.py:3096} INFO - Sync 1 DAGs
[2024-07-14T16:41:14.457+0000] {logging_mixin.py:188} INFO - [2024-07-14T16:41:14.457+0000] {dag.py:3954} INFO - Setting next_dagrun for example_xcom to 2021-01-01 00:00:00+00:00, run_after=2021-01-01 00:00:00+00:00
[2024-07-14T16:41:14.488+0000] {processor.py:183} INFO - Processing /home/airflow/.local/lib/python3.11/site-packages/airflow/example_dags/example_xcom.py took 0.137 seconds
[2024-07-14T16:41:21.313+0000] {processor.py:161} INFO - Started process (PID=1795) to work on /home/airflow/.local/lib/python3.11/site-packages/airflow/example_dags/example_xcom.py
[2024-07-14T16:41:21.314+0000] {processor.py:830} INFO - Processing file /home/airflow/.local/lib/python3.11/site-packages/airflow/example_dags/example_xcom.py for tasks to queue
[2024-07-14T16:41:21.318+0000] {logging_mixin.py:188} INFO - [2024-07-14T16:41:21.317+0000] {dagbag.py:545} INFO - Filling up the DagBag from /home/airflow/.local/lib/python3.11/site-packages/airflow/example_dags/example_xcom.py
[2024-07-14T16:41:21.335+0000] {processor.py:840} INFO - DAG(s) 'example_xcom' retrieved from /home/airflow/.local/lib/python3.11/site-packages/airflow/example_dags/example_xcom.py
[2024-07-14T16:41:21.368+0000] {logging_mixin.py:188} INFO - [2024-07-14T16:41:21.367+0000] {dag.py:3096} INFO - Sync 1 DAGs
[2024-07-14T16:41:21.401+0000] {logging_mixin.py:188} INFO - [2024-07-14T16:41:21.401+0000] {dag.py:3954} INFO - Setting next_dagrun for example_xcom to 2021-01-01 00:00:00+00:00, run_after=2021-01-01 00:00:00+00:00
[2024-07-14T16:41:21.428+0000] {processor.py:183} INFO - Processing /home/airflow/.local/lib/python3.11/site-packages/airflow/example_dags/example_xcom.py took 0.128 seconds
[2024-07-14T16:41:31.919+0000] {processor.py:161} INFO - Started process (PID=1849) to work on /home/airflow/.local/lib/python3.11/site-packages/airflow/example_dags/example_xcom.py
[2024-07-14T16:41:31.923+0000] {processor.py:830} INFO - Processing file /home/airflow/.local/lib/python3.11/site-packages/airflow/example_dags/example_xcom.py for tasks to queue
[2024-07-14T16:41:31.928+0000] {logging_mixin.py:188} INFO - [2024-07-14T16:41:31.927+0000] {dagbag.py:545} INFO - Filling up the DagBag from /home/airflow/.local/lib/python3.11/site-packages/airflow/example_dags/example_xcom.py
[2024-07-14T16:41:31.958+0000] {processor.py:840} INFO - DAG(s) 'example_xcom' retrieved from /home/airflow/.local/lib/python3.11/site-packages/airflow/example_dags/example_xcom.py
[2024-07-14T16:41:32.051+0000] {logging_mixin.py:188} INFO - [2024-07-14T16:41:32.051+0000] {dag.py:3096} INFO - Sync 1 DAGs
[2024-07-14T16:41:32.164+0000] {logging_mixin.py:188} INFO - [2024-07-14T16:41:32.163+0000] {dag.py:3954} INFO - Setting next_dagrun for example_xcom to 2021-01-01 00:00:00+00:00, run_after=2021-01-01 00:00:00+00:00
[2024-07-14T16:41:32.224+0000] {processor.py:183} INFO - Processing /home/airflow/.local/lib/python3.11/site-packages/airflow/example_dags/example_xcom.py took 0.331 seconds
[2024-07-14T16:41:38.920+0000] {processor.py:161} INFO - Started process (PID=1907) to work on /home/airflow/.local/lib/python3.11/site-packages/airflow/example_dags/example_xcom.py
[2024-07-14T16:41:38.923+0000] {processor.py:830} INFO - Processing file /home/airflow/.local/lib/python3.11/site-packages/airflow/example_dags/example_xcom.py for tasks to queue
[2024-07-14T16:41:38.932+0000] {logging_mixin.py:188} INFO - [2024-07-14T16:41:38.931+0000] {dagbag.py:545} INFO - Filling up the DagBag from /home/airflow/.local/lib/python3.11/site-packages/airflow/example_dags/example_xcom.py
[2024-07-14T16:41:38.962+0000] {processor.py:840} INFO - DAG(s) 'example_xcom' retrieved from /home/airflow/.local/lib/python3.11/site-packages/airflow/example_dags/example_xcom.py
[2024-07-14T16:41:39.050+0000] {logging_mixin.py:188} INFO - [2024-07-14T16:41:39.049+0000] {dag.py:3096} INFO - Sync 1 DAGs
[2024-07-14T16:41:39.134+0000] {logging_mixin.py:188} INFO - [2024-07-14T16:41:39.131+0000] {dag.py:3954} INFO - Setting next_dagrun for example_xcom to 2021-01-01 00:00:00+00:00, run_after=2021-01-01 00:00:00+00:00
[2024-07-14T16:41:39.186+0000] {processor.py:183} INFO - Processing /home/airflow/.local/lib/python3.11/site-packages/airflow/example_dags/example_xcom.py took 0.287 seconds
[2024-07-14T16:41:44.929+0000] {processor.py:161} INFO - Started process (PID=1960) to work on /home/airflow/.local/lib/python3.11/site-packages/airflow/example_dags/example_xcom.py
[2024-07-14T16:41:44.931+0000] {processor.py:830} INFO - Processing file /home/airflow/.local/lib/python3.11/site-packages/airflow/example_dags/example_xcom.py for tasks to queue
[2024-07-14T16:41:44.934+0000] {logging_mixin.py:188} INFO - [2024-07-14T16:41:44.934+0000] {dagbag.py:545} INFO - Filling up the DagBag from /home/airflow/.local/lib/python3.11/site-packages/airflow/example_dags/example_xcom.py
[2024-07-14T16:41:44.948+0000] {processor.py:840} INFO - DAG(s) 'example_xcom' retrieved from /home/airflow/.local/lib/python3.11/site-packages/airflow/example_dags/example_xcom.py
[2024-07-14T16:41:44.997+0000] {logging_mixin.py:188} INFO - [2024-07-14T16:41:44.997+0000] {dag.py:3096} INFO - Sync 1 DAGs
[2024-07-14T16:41:45.053+0000] {logging_mixin.py:188} INFO - [2024-07-14T16:41:45.052+0000] {dag.py:3954} INFO - Setting next_dagrun for example_xcom to 2021-01-01 00:00:00+00:00, run_after=2021-01-01 00:00:00+00:00
[2024-07-14T16:41:45.083+0000] {processor.py:183} INFO - Processing /home/airflow/.local/lib/python3.11/site-packages/airflow/example_dags/example_xcom.py took 0.167 seconds
[2024-07-14T16:41:51.451+0000] {processor.py:161} INFO - Started process (PID=2012) to work on /home/airflow/.local/lib/python3.11/site-packages/airflow/example_dags/example_xcom.py
[2024-07-14T16:41:51.454+0000] {processor.py:830} INFO - Processing file /home/airflow/.local/lib/python3.11/site-packages/airflow/example_dags/example_xcom.py for tasks to queue
[2024-07-14T16:41:51.458+0000] {logging_mixin.py:188} INFO - [2024-07-14T16:41:51.457+0000] {dagbag.py:545} INFO - Filling up the DagBag from /home/airflow/.local/lib/python3.11/site-packages/airflow/example_dags/example_xcom.py
[2024-07-14T16:41:51.478+0000] {processor.py:840} INFO - DAG(s) 'example_xcom' retrieved from /home/airflow/.local/lib/python3.11/site-packages/airflow/example_dags/example_xcom.py
[2024-07-14T16:41:51.517+0000] {logging_mixin.py:188} INFO - [2024-07-14T16:41:51.516+0000] {dag.py:3096} INFO - Sync 1 DAGs
[2024-07-14T16:41:51.556+0000] {logging_mixin.py:188} INFO - [2024-07-14T16:41:51.556+0000] {dag.py:3954} INFO - Setting next_dagrun for example_xcom to 2021-01-01 00:00:00+00:00, run_after=2021-01-01 00:00:00+00:00
[2024-07-14T16:41:51.589+0000] {processor.py:183} INFO - Processing /home/airflow/.local/lib/python3.11/site-packages/airflow/example_dags/example_xcom.py took 0.160 seconds
[2024-07-14T16:41:58.504+0000] {processor.py:161} INFO - Started process (PID=2066) to work on /home/airflow/.local/lib/python3.11/site-packages/airflow/example_dags/example_xcom.py
[2024-07-14T16:41:58.507+0000] {processor.py:830} INFO - Processing file /home/airflow/.local/lib/python3.11/site-packages/airflow/example_dags/example_xcom.py for tasks to queue
[2024-07-14T16:41:58.511+0000] {logging_mixin.py:188} INFO - [2024-07-14T16:41:58.511+0000] {dagbag.py:545} INFO - Filling up the DagBag from /home/airflow/.local/lib/python3.11/site-packages/airflow/example_dags/example_xcom.py
[2024-07-14T16:41:58.531+0000] {processor.py:840} INFO - DAG(s) 'example_xcom' retrieved from /home/airflow/.local/lib/python3.11/site-packages/airflow/example_dags/example_xcom.py
[2024-07-14T16:41:58.578+0000] {logging_mixin.py:188} INFO - [2024-07-14T16:41:58.578+0000] {dag.py:3096} INFO - Sync 1 DAGs
[2024-07-14T16:41:58.630+0000] {logging_mixin.py:188} INFO - [2024-07-14T16:41:58.630+0000] {dag.py:3954} INFO - Setting next_dagrun for example_xcom to 2021-01-01 00:00:00+00:00, run_after=2021-01-01 00:00:00+00:00
[2024-07-14T16:41:58.666+0000] {processor.py:183} INFO - Processing /home/airflow/.local/lib/python3.11/site-packages/airflow/example_dags/example_xcom.py took 0.179 seconds
[2024-07-14T16:42:05.507+0000] {processor.py:161} INFO - Started process (PID=2118) to work on /home/airflow/.local/lib/python3.11/site-packages/airflow/example_dags/example_xcom.py
[2024-07-14T16:42:05.509+0000] {processor.py:830} INFO - Processing file /home/airflow/.local/lib/python3.11/site-packages/airflow/example_dags/example_xcom.py for tasks to queue
[2024-07-14T16:42:05.513+0000] {logging_mixin.py:188} INFO - [2024-07-14T16:42:05.513+0000] {dagbag.py:545} INFO - Filling up the DagBag from /home/airflow/.local/lib/python3.11/site-packages/airflow/example_dags/example_xcom.py
[2024-07-14T16:42:05.533+0000] {processor.py:840} INFO - DAG(s) 'example_xcom' retrieved from /home/airflow/.local/lib/python3.11/site-packages/airflow/example_dags/example_xcom.py
[2024-07-14T16:42:05.582+0000] {logging_mixin.py:188} INFO - [2024-07-14T16:42:05.582+0000] {dag.py:3096} INFO - Sync 1 DAGs
[2024-07-14T16:42:05.662+0000] {logging_mixin.py:188} INFO - [2024-07-14T16:42:05.651+0000] {dag.py:3954} INFO - Setting next_dagrun for example_xcom to 2021-01-01 00:00:00+00:00, run_after=2021-01-01 00:00:00+00:00
[2024-07-14T16:42:05.708+0000] {processor.py:183} INFO - Processing /home/airflow/.local/lib/python3.11/site-packages/airflow/example_dags/example_xcom.py took 0.215 seconds
[2024-07-14T16:42:12.052+0000] {processor.py:161} INFO - Started process (PID=2177) to work on /home/airflow/.local/lib/python3.11/site-packages/airflow/example_dags/example_xcom.py
[2024-07-14T16:42:12.054+0000] {processor.py:830} INFO - Processing file /home/airflow/.local/lib/python3.11/site-packages/airflow/example_dags/example_xcom.py for tasks to queue
[2024-07-14T16:42:12.057+0000] {logging_mixin.py:188} INFO - [2024-07-14T16:42:12.056+0000] {dagbag.py:545} INFO - Filling up the DagBag from /home/airflow/.local/lib/python3.11/site-packages/airflow/example_dags/example_xcom.py
[2024-07-14T16:42:12.072+0000] {processor.py:840} INFO - DAG(s) 'example_xcom' retrieved from /home/airflow/.local/lib/python3.11/site-packages/airflow/example_dags/example_xcom.py
[2024-07-14T16:42:12.101+0000] {logging_mixin.py:188} INFO - [2024-07-14T16:42:12.101+0000] {dag.py:3096} INFO - Sync 1 DAGs
[2024-07-14T16:42:12.131+0000] {logging_mixin.py:188} INFO - [2024-07-14T16:42:12.131+0000] {dag.py:3954} INFO - Setting next_dagrun for example_xcom to 2021-01-01 00:00:00+00:00, run_after=2021-01-01 00:00:00+00:00
[2024-07-14T16:42:12.158+0000] {processor.py:183} INFO - Processing /home/airflow/.local/lib/python3.11/site-packages/airflow/example_dags/example_xcom.py took 0.119 seconds
[2024-07-14T16:42:17.153+0000] {processor.py:161} INFO - Started process (PID=2229) to work on /home/airflow/.local/lib/python3.11/site-packages/airflow/example_dags/example_xcom.py
[2024-07-14T16:42:17.155+0000] {processor.py:830} INFO - Processing file /home/airflow/.local/lib/python3.11/site-packages/airflow/example_dags/example_xcom.py for tasks to queue
[2024-07-14T16:42:17.158+0000] {logging_mixin.py:188} INFO - [2024-07-14T16:42:17.158+0000] {dagbag.py:545} INFO - Filling up the DagBag from /home/airflow/.local/lib/python3.11/site-packages/airflow/example_dags/example_xcom.py
[2024-07-14T16:42:17.177+0000] {processor.py:840} INFO - DAG(s) 'example_xcom' retrieved from /home/airflow/.local/lib/python3.11/site-packages/airflow/example_dags/example_xcom.py
[2024-07-14T16:42:17.218+0000] {logging_mixin.py:188} INFO - [2024-07-14T16:42:17.217+0000] {dag.py:3096} INFO - Sync 1 DAGs
[2024-07-14T16:42:17.252+0000] {logging_mixin.py:188} INFO - [2024-07-14T16:42:17.252+0000] {dag.py:3954} INFO - Setting next_dagrun for example_xcom to 2021-01-01 00:00:00+00:00, run_after=2021-01-01 00:00:00+00:00
[2024-07-14T16:42:17.282+0000] {processor.py:183} INFO - Processing /home/airflow/.local/lib/python3.11/site-packages/airflow/example_dags/example_xcom.py took 0.142 seconds
[2024-07-14T16:42:22.352+0000] {processor.py:161} INFO - Started process (PID=2283) to work on /home/airflow/.local/lib/python3.11/site-packages/airflow/example_dags/example_xcom.py
[2024-07-14T16:42:22.353+0000] {processor.py:830} INFO - Processing file /home/airflow/.local/lib/python3.11/site-packages/airflow/example_dags/example_xcom.py for tasks to queue
[2024-07-14T16:42:22.357+0000] {logging_mixin.py:188} INFO - [2024-07-14T16:42:22.356+0000] {dagbag.py:545} INFO - Filling up the DagBag from /home/airflow/.local/lib/python3.11/site-packages/airflow/example_dags/example_xcom.py
[2024-07-14T16:42:22.369+0000] {processor.py:840} INFO - DAG(s) 'example_xcom' retrieved from /home/airflow/.local/lib/python3.11/site-packages/airflow/example_dags/example_xcom.py
[2024-07-14T16:42:22.401+0000] {logging_mixin.py:188} INFO - [2024-07-14T16:42:22.401+0000] {dag.py:3096} INFO - Sync 1 DAGs
[2024-07-14T16:42:22.434+0000] {logging_mixin.py:188} INFO - [2024-07-14T16:42:22.433+0000] {dag.py:3954} INFO - Setting next_dagrun for example_xcom to 2021-01-01 00:00:00+00:00, run_after=2021-01-01 00:00:00+00:00
[2024-07-14T16:42:22.460+0000] {processor.py:183} INFO - Processing /home/airflow/.local/lib/python3.11/site-packages/airflow/example_dags/example_xcom.py took 0.118 seconds
[2024-07-14T16:42:27.319+0000] {processor.py:161} INFO - Started process (PID=2335) to work on /home/airflow/.local/lib/python3.11/site-packages/airflow/example_dags/example_xcom.py
[2024-07-14T16:42:27.321+0000] {processor.py:830} INFO - Processing file /home/airflow/.local/lib/python3.11/site-packages/airflow/example_dags/example_xcom.py for tasks to queue
[2024-07-14T16:42:27.324+0000] {logging_mixin.py:188} INFO - [2024-07-14T16:42:27.324+0000] {dagbag.py:545} INFO - Filling up the DagBag from /home/airflow/.local/lib/python3.11/site-packages/airflow/example_dags/example_xcom.py
[2024-07-14T16:42:27.337+0000] {processor.py:840} INFO - DAG(s) 'example_xcom' retrieved from /home/airflow/.local/lib/python3.11/site-packages/airflow/example_dags/example_xcom.py
[2024-07-14T16:42:27.369+0000] {logging_mixin.py:188} INFO - [2024-07-14T16:42:27.369+0000] {dag.py:3096} INFO - Sync 1 DAGs
[2024-07-14T16:42:27.402+0000] {logging_mixin.py:188} INFO - [2024-07-14T16:42:27.402+0000] {dag.py:3954} INFO - Setting next_dagrun for example_xcom to 2021-01-01 00:00:00+00:00, run_after=2021-01-01 00:00:00+00:00
[2024-07-14T16:42:27.434+0000] {processor.py:183} INFO - Processing /home/airflow/.local/lib/python3.11/site-packages/airflow/example_dags/example_xcom.py took 0.124 seconds
[2024-07-14T16:42:34.370+0000] {processor.py:161} INFO - Started process (PID=2388) to work on /home/airflow/.local/lib/python3.11/site-packages/airflow/example_dags/example_xcom.py
[2024-07-14T16:42:34.372+0000] {processor.py:830} INFO - Processing file /home/airflow/.local/lib/python3.11/site-packages/airflow/example_dags/example_xcom.py for tasks to queue
[2024-07-14T16:42:34.375+0000] {logging_mixin.py:188} INFO - [2024-07-14T16:42:34.375+0000] {dagbag.py:545} INFO - Filling up the DagBag from /home/airflow/.local/lib/python3.11/site-packages/airflow/example_dags/example_xcom.py
[2024-07-14T16:42:34.389+0000] {processor.py:840} INFO - DAG(s) 'example_xcom' retrieved from /home/airflow/.local/lib/python3.11/site-packages/airflow/example_dags/example_xcom.py
[2024-07-14T16:42:34.425+0000] {logging_mixin.py:188} INFO - [2024-07-14T16:42:34.424+0000] {dag.py:3096} INFO - Sync 1 DAGs
[2024-07-14T16:42:34.461+0000] {logging_mixin.py:188} INFO - [2024-07-14T16:42:34.461+0000] {dag.py:3954} INFO - Setting next_dagrun for example_xcom to 2021-01-01 00:00:00+00:00, run_after=2021-01-01 00:00:00+00:00
[2024-07-14T16:42:34.490+0000] {processor.py:183} INFO - Processing /home/airflow/.local/lib/python3.11/site-packages/airflow/example_dags/example_xcom.py took 0.129 seconds
[2024-07-14T16:42:42.109+0000] {processor.py:161} INFO - Started process (PID=2446) to work on /home/airflow/.local/lib/python3.11/site-packages/airflow/example_dags/example_xcom.py
[2024-07-14T16:42:42.112+0000] {processor.py:830} INFO - Processing file /home/airflow/.local/lib/python3.11/site-packages/airflow/example_dags/example_xcom.py for tasks to queue
[2024-07-14T16:42:42.119+0000] {logging_mixin.py:188} INFO - [2024-07-14T16:42:42.118+0000] {dagbag.py:545} INFO - Filling up the DagBag from /home/airflow/.local/lib/python3.11/site-packages/airflow/example_dags/example_xcom.py
[2024-07-14T16:42:42.146+0000] {processor.py:840} INFO - DAG(s) 'example_xcom' retrieved from /home/airflow/.local/lib/python3.11/site-packages/airflow/example_dags/example_xcom.py
[2024-07-14T16:42:42.243+0000] {logging_mixin.py:188} INFO - [2024-07-14T16:42:42.242+0000] {dag.py:3096} INFO - Sync 1 DAGs
[2024-07-14T16:42:42.344+0000] {logging_mixin.py:188} INFO - [2024-07-14T16:42:42.344+0000] {dag.py:3954} INFO - Setting next_dagrun for example_xcom to 2021-01-01 00:00:00+00:00, run_after=2021-01-01 00:00:00+00:00
[2024-07-14T16:42:42.406+0000] {processor.py:183} INFO - Processing /home/airflow/.local/lib/python3.11/site-packages/airflow/example_dags/example_xcom.py took 0.323 seconds
[2024-07-14T16:42:52.036+0000] {processor.py:161} INFO - Started process (PID=2499) to work on /home/airflow/.local/lib/python3.11/site-packages/airflow/example_dags/example_xcom.py
[2024-07-14T16:42:52.038+0000] {processor.py:830} INFO - Processing file /home/airflow/.local/lib/python3.11/site-packages/airflow/example_dags/example_xcom.py for tasks to queue
[2024-07-14T16:42:52.042+0000] {logging_mixin.py:188} INFO - [2024-07-14T16:42:52.042+0000] {dagbag.py:545} INFO - Filling up the DagBag from /home/airflow/.local/lib/python3.11/site-packages/airflow/example_dags/example_xcom.py
[2024-07-14T16:42:52.054+0000] {processor.py:840} INFO - DAG(s) 'example_xcom' retrieved from /home/airflow/.local/lib/python3.11/site-packages/airflow/example_dags/example_xcom.py
[2024-07-14T16:42:52.093+0000] {logging_mixin.py:188} INFO - [2024-07-14T16:42:52.092+0000] {dag.py:3096} INFO - Sync 1 DAGs
[2024-07-14T16:42:52.137+0000] {logging_mixin.py:188} INFO - [2024-07-14T16:42:52.137+0000] {dag.py:3954} INFO - Setting next_dagrun for example_xcom to 2021-01-01 00:00:00+00:00, run_after=2021-01-01 00:00:00+00:00
[2024-07-14T16:42:52.169+0000] {processor.py:183} INFO - Processing /home/airflow/.local/lib/python3.11/site-packages/airflow/example_dags/example_xcom.py took 0.144 seconds
[2024-07-14T16:42:59.219+0000] {processor.py:161} INFO - Started process (PID=2551) to work on /home/airflow/.local/lib/python3.11/site-packages/airflow/example_dags/example_xcom.py
[2024-07-14T16:42:59.221+0000] {processor.py:830} INFO - Processing file /home/airflow/.local/lib/python3.11/site-packages/airflow/example_dags/example_xcom.py for tasks to queue
[2024-07-14T16:42:59.224+0000] {logging_mixin.py:188} INFO - [2024-07-14T16:42:59.224+0000] {dagbag.py:545} INFO - Filling up the DagBag from /home/airflow/.local/lib/python3.11/site-packages/airflow/example_dags/example_xcom.py
[2024-07-14T16:42:59.244+0000] {processor.py:840} INFO - DAG(s) 'example_xcom' retrieved from /home/airflow/.local/lib/python3.11/site-packages/airflow/example_dags/example_xcom.py
[2024-07-14T16:42:59.294+0000] {logging_mixin.py:188} INFO - [2024-07-14T16:42:59.293+0000] {dag.py:3096} INFO - Sync 1 DAGs
[2024-07-14T16:42:59.345+0000] {logging_mixin.py:188} INFO - [2024-07-14T16:42:59.344+0000] {dag.py:3954} INFO - Setting next_dagrun for example_xcom to 2021-01-01 00:00:00+00:00, run_after=2021-01-01 00:00:00+00:00
[2024-07-14T16:42:59.383+0000] {processor.py:183} INFO - Processing /home/airflow/.local/lib/python3.11/site-packages/airflow/example_dags/example_xcom.py took 0.179 seconds
[2024-07-14T16:43:05.129+0000] {processor.py:161} INFO - Started process (PID=2604) to work on /home/airflow/.local/lib/python3.11/site-packages/airflow/example_dags/example_xcom.py
[2024-07-14T16:43:05.131+0000] {processor.py:830} INFO - Processing file /home/airflow/.local/lib/python3.11/site-packages/airflow/example_dags/example_xcom.py for tasks to queue
[2024-07-14T16:43:05.135+0000] {logging_mixin.py:188} INFO - [2024-07-14T16:43:05.134+0000] {dagbag.py:545} INFO - Filling up the DagBag from /home/airflow/.local/lib/python3.11/site-packages/airflow/example_dags/example_xcom.py
[2024-07-14T16:43:05.150+0000] {processor.py:840} INFO - DAG(s) 'example_xcom' retrieved from /home/airflow/.local/lib/python3.11/site-packages/airflow/example_dags/example_xcom.py
[2024-07-14T16:43:05.189+0000] {logging_mixin.py:188} INFO - [2024-07-14T16:43:05.188+0000] {dag.py:3096} INFO - Sync 1 DAGs
[2024-07-14T16:43:05.224+0000] {logging_mixin.py:188} INFO - [2024-07-14T16:43:05.224+0000] {dag.py:3954} INFO - Setting next_dagrun for example_xcom to 2021-01-01 00:00:00+00:00, run_after=2021-01-01 00:00:00+00:00
[2024-07-14T16:43:05.259+0000] {processor.py:183} INFO - Processing /home/airflow/.local/lib/python3.11/site-packages/airflow/example_dags/example_xcom.py took 0.141 seconds
[2024-07-14T16:43:13.660+0000] {processor.py:161} INFO - Started process (PID=2662) to work on /home/airflow/.local/lib/python3.11/site-packages/airflow/example_dags/example_xcom.py
[2024-07-14T16:43:13.663+0000] {processor.py:830} INFO - Processing file /home/airflow/.local/lib/python3.11/site-packages/airflow/example_dags/example_xcom.py for tasks to queue
[2024-07-14T16:43:13.667+0000] {logging_mixin.py:188} INFO - [2024-07-14T16:43:13.666+0000] {dagbag.py:545} INFO - Filling up the DagBag from /home/airflow/.local/lib/python3.11/site-packages/airflow/example_dags/example_xcom.py
[2024-07-14T16:43:13.696+0000] {processor.py:840} INFO - DAG(s) 'example_xcom' retrieved from /home/airflow/.local/lib/python3.11/site-packages/airflow/example_dags/example_xcom.py
[2024-07-14T16:43:13.754+0000] {logging_mixin.py:188} INFO - [2024-07-14T16:43:13.754+0000] {dag.py:3096} INFO - Sync 1 DAGs
[2024-07-14T16:43:13.816+0000] {logging_mixin.py:188} INFO - [2024-07-14T16:43:13.813+0000] {dag.py:3954} INFO - Setting next_dagrun for example_xcom to 2021-01-01 00:00:00+00:00, run_after=2021-01-01 00:00:00+00:00
[2024-07-14T16:43:13.883+0000] {processor.py:183} INFO - Processing /home/airflow/.local/lib/python3.11/site-packages/airflow/example_dags/example_xcom.py took 0.240 seconds
[2024-07-14T16:43:25.814+0000] {processor.py:161} INFO - Started process (PID=2715) to work on /home/airflow/.local/lib/python3.11/site-packages/airflow/example_dags/example_xcom.py
[2024-07-14T16:43:25.826+0000] {processor.py:830} INFO - Processing file /home/airflow/.local/lib/python3.11/site-packages/airflow/example_dags/example_xcom.py for tasks to queue
[2024-07-14T16:43:25.841+0000] {logging_mixin.py:188} INFO - [2024-07-14T16:43:25.840+0000] {dagbag.py:545} INFO - Filling up the DagBag from /home/airflow/.local/lib/python3.11/site-packages/airflow/example_dags/example_xcom.py
[2024-07-14T16:43:25.886+0000] {processor.py:840} INFO - DAG(s) 'example_xcom' retrieved from /home/airflow/.local/lib/python3.11/site-packages/airflow/example_dags/example_xcom.py
[2024-07-14T16:43:25.976+0000] {logging_mixin.py:188} INFO - [2024-07-14T16:43:25.976+0000] {dag.py:3096} INFO - Sync 1 DAGs
[2024-07-14T16:43:26.051+0000] {logging_mixin.py:188} INFO - [2024-07-14T16:43:26.051+0000] {dag.py:3954} INFO - Setting next_dagrun for example_xcom to 2021-01-01 00:00:00+00:00, run_after=2021-01-01 00:00:00+00:00
[2024-07-14T16:43:26.145+0000] {processor.py:183} INFO - Processing /home/airflow/.local/lib/python3.11/site-packages/airflow/example_dags/example_xcom.py took 0.353 seconds
[2024-07-14T16:43:36.330+0000] {processor.py:161} INFO - Started process (PID=2773) to work on /home/airflow/.local/lib/python3.11/site-packages/airflow/example_dags/example_xcom.py
[2024-07-14T16:43:36.332+0000] {processor.py:830} INFO - Processing file /home/airflow/.local/lib/python3.11/site-packages/airflow/example_dags/example_xcom.py for tasks to queue
[2024-07-14T16:43:36.335+0000] {logging_mixin.py:188} INFO - [2024-07-14T16:43:36.334+0000] {dagbag.py:545} INFO - Filling up the DagBag from /home/airflow/.local/lib/python3.11/site-packages/airflow/example_dags/example_xcom.py
[2024-07-14T16:43:36.349+0000] {processor.py:840} INFO - DAG(s) 'example_xcom' retrieved from /home/airflow/.local/lib/python3.11/site-packages/airflow/example_dags/example_xcom.py
[2024-07-14T16:43:36.386+0000] {logging_mixin.py:188} INFO - [2024-07-14T16:43:36.386+0000] {dag.py:3096} INFO - Sync 1 DAGs
[2024-07-14T16:43:36.427+0000] {logging_mixin.py:188} INFO - [2024-07-14T16:43:36.427+0000] {dag.py:3954} INFO - Setting next_dagrun for example_xcom to 2021-01-01 00:00:00+00:00, run_after=2021-01-01 00:00:00+00:00
[2024-07-14T16:43:36.462+0000] {processor.py:183} INFO - Processing /home/airflow/.local/lib/python3.11/site-packages/airflow/example_dags/example_xcom.py took 0.143 seconds
[2024-07-14T16:43:44.535+0000] {processor.py:161} INFO - Started process (PID=2826) to work on /home/airflow/.local/lib/python3.11/site-packages/airflow/example_dags/example_xcom.py
[2024-07-14T16:43:44.540+0000] {processor.py:830} INFO - Processing file /home/airflow/.local/lib/python3.11/site-packages/airflow/example_dags/example_xcom.py for tasks to queue
[2024-07-14T16:43:44.545+0000] {logging_mixin.py:188} INFO - [2024-07-14T16:43:44.544+0000] {dagbag.py:545} INFO - Filling up the DagBag from /home/airflow/.local/lib/python3.11/site-packages/airflow/example_dags/example_xcom.py
[2024-07-14T16:43:44.563+0000] {processor.py:840} INFO - DAG(s) 'example_xcom' retrieved from /home/airflow/.local/lib/python3.11/site-packages/airflow/example_dags/example_xcom.py
[2024-07-14T16:43:44.602+0000] {logging_mixin.py:188} INFO - [2024-07-14T16:43:44.602+0000] {dag.py:3096} INFO - Sync 1 DAGs
[2024-07-14T16:43:44.641+0000] {logging_mixin.py:188} INFO - [2024-07-14T16:43:44.640+0000] {dag.py:3954} INFO - Setting next_dagrun for example_xcom to 2021-01-01 00:00:00+00:00, run_after=2021-01-01 00:00:00+00:00
[2024-07-14T16:43:44.675+0000] {processor.py:183} INFO - Processing /home/airflow/.local/lib/python3.11/site-packages/airflow/example_dags/example_xcom.py took 0.155 seconds
[2024-07-14T16:43:51.521+0000] {processor.py:161} INFO - Started process (PID=2880) to work on /home/airflow/.local/lib/python3.11/site-packages/airflow/example_dags/example_xcom.py
[2024-07-14T16:43:51.523+0000] {processor.py:830} INFO - Processing file /home/airflow/.local/lib/python3.11/site-packages/airflow/example_dags/example_xcom.py for tasks to queue
[2024-07-14T16:43:51.526+0000] {logging_mixin.py:188} INFO - [2024-07-14T16:43:51.525+0000] {dagbag.py:545} INFO - Filling up the DagBag from /home/airflow/.local/lib/python3.11/site-packages/airflow/example_dags/example_xcom.py
[2024-07-14T16:43:51.551+0000] {processor.py:840} INFO - DAG(s) 'example_xcom' retrieved from /home/airflow/.local/lib/python3.11/site-packages/airflow/example_dags/example_xcom.py
[2024-07-14T16:43:51.603+0000] {logging_mixin.py:188} INFO - [2024-07-14T16:43:51.602+0000] {dag.py:3096} INFO - Sync 1 DAGs
[2024-07-14T16:43:51.652+0000] {logging_mixin.py:188} INFO - [2024-07-14T16:43:51.652+0000] {dag.py:3954} INFO - Setting next_dagrun for example_xcom to 2021-01-01 00:00:00+00:00, run_after=2021-01-01 00:00:00+00:00
[2024-07-14T16:43:51.686+0000] {processor.py:183} INFO - Processing /home/airflow/.local/lib/python3.11/site-packages/airflow/example_dags/example_xcom.py took 0.178 seconds
[2024-07-14T16:43:59.426+0000] {processor.py:161} INFO - Started process (PID=2932) to work on /home/airflow/.local/lib/python3.11/site-packages/airflow/example_dags/example_xcom.py
[2024-07-14T16:43:59.430+0000] {processor.py:830} INFO - Processing file /home/airflow/.local/lib/python3.11/site-packages/airflow/example_dags/example_xcom.py for tasks to queue
[2024-07-14T16:43:59.436+0000] {logging_mixin.py:188} INFO - [2024-07-14T16:43:59.435+0000] {dagbag.py:545} INFO - Filling up the DagBag from /home/airflow/.local/lib/python3.11/site-packages/airflow/example_dags/example_xcom.py
[2024-07-14T16:43:59.461+0000] {processor.py:840} INFO - DAG(s) 'example_xcom' retrieved from /home/airflow/.local/lib/python3.11/site-packages/airflow/example_dags/example_xcom.py
[2024-07-14T16:43:59.535+0000] {logging_mixin.py:188} INFO - [2024-07-14T16:43:59.535+0000] {dag.py:3096} INFO - Sync 1 DAGs
[2024-07-14T16:43:59.585+0000] {logging_mixin.py:188} INFO - [2024-07-14T16:43:59.585+0000] {dag.py:3954} INFO - Setting next_dagrun for example_xcom to 2021-01-01 00:00:00+00:00, run_after=2021-01-01 00:00:00+00:00
[2024-07-14T16:43:59.624+0000] {processor.py:183} INFO - Processing /home/airflow/.local/lib/python3.11/site-packages/airflow/example_dags/example_xcom.py took 0.218 seconds
[2024-07-14T16:44:09.402+0000] {processor.py:161} INFO - Started process (PID=2992) to work on /home/airflow/.local/lib/python3.11/site-packages/airflow/example_dags/example_xcom.py
[2024-07-14T16:44:09.403+0000] {processor.py:830} INFO - Processing file /home/airflow/.local/lib/python3.11/site-packages/airflow/example_dags/example_xcom.py for tasks to queue
[2024-07-14T16:44:09.407+0000] {logging_mixin.py:188} INFO - [2024-07-14T16:44:09.406+0000] {dagbag.py:545} INFO - Filling up the DagBag from /home/airflow/.local/lib/python3.11/site-packages/airflow/example_dags/example_xcom.py
[2024-07-14T16:44:09.420+0000] {processor.py:840} INFO - DAG(s) 'example_xcom' retrieved from /home/airflow/.local/lib/python3.11/site-packages/airflow/example_dags/example_xcom.py
[2024-07-14T16:44:09.453+0000] {logging_mixin.py:188} INFO - [2024-07-14T16:44:09.453+0000] {dag.py:3096} INFO - Sync 1 DAGs
[2024-07-14T16:44:09.483+0000] {logging_mixin.py:188} INFO - [2024-07-14T16:44:09.483+0000] {dag.py:3954} INFO - Setting next_dagrun for example_xcom to 2021-01-01 00:00:00+00:00, run_after=2021-01-01 00:00:00+00:00
[2024-07-14T16:44:09.511+0000] {processor.py:183} INFO - Processing /home/airflow/.local/lib/python3.11/site-packages/airflow/example_dags/example_xcom.py took 0.119 seconds
[2024-07-14T16:44:14.213+0000] {processor.py:161} INFO - Started process (PID=3044) to work on /home/airflow/.local/lib/python3.11/site-packages/airflow/example_dags/example_xcom.py
[2024-07-14T16:44:14.215+0000] {processor.py:830} INFO - Processing file /home/airflow/.local/lib/python3.11/site-packages/airflow/example_dags/example_xcom.py for tasks to queue
[2024-07-14T16:44:14.218+0000] {logging_mixin.py:188} INFO - [2024-07-14T16:44:14.217+0000] {dagbag.py:545} INFO - Filling up the DagBag from /home/airflow/.local/lib/python3.11/site-packages/airflow/example_dags/example_xcom.py
[2024-07-14T16:44:14.229+0000] {processor.py:840} INFO - DAG(s) 'example_xcom' retrieved from /home/airflow/.local/lib/python3.11/site-packages/airflow/example_dags/example_xcom.py
[2024-07-14T16:44:14.259+0000] {logging_mixin.py:188} INFO - [2024-07-14T16:44:14.259+0000] {dag.py:3096} INFO - Sync 1 DAGs
[2024-07-14T16:44:14.290+0000] {logging_mixin.py:188} INFO - [2024-07-14T16:44:14.289+0000] {dag.py:3954} INFO - Setting next_dagrun for example_xcom to 2021-01-01 00:00:00+00:00, run_after=2021-01-01 00:00:00+00:00
[2024-07-14T16:44:14.316+0000] {processor.py:183} INFO - Processing /home/airflow/.local/lib/python3.11/site-packages/airflow/example_dags/example_xcom.py took 0.112 seconds
[2024-07-14T16:44:20.148+0000] {processor.py:161} INFO - Started process (PID=3097) to work on /home/airflow/.local/lib/python3.11/site-packages/airflow/example_dags/example_xcom.py
[2024-07-14T16:44:20.150+0000] {processor.py:830} INFO - Processing file /home/airflow/.local/lib/python3.11/site-packages/airflow/example_dags/example_xcom.py for tasks to queue
[2024-07-14T16:44:20.153+0000] {logging_mixin.py:188} INFO - [2024-07-14T16:44:20.152+0000] {dagbag.py:545} INFO - Filling up the DagBag from /home/airflow/.local/lib/python3.11/site-packages/airflow/example_dags/example_xcom.py
[2024-07-14T16:44:20.166+0000] {processor.py:840} INFO - DAG(s) 'example_xcom' retrieved from /home/airflow/.local/lib/python3.11/site-packages/airflow/example_dags/example_xcom.py
[2024-07-14T16:44:20.198+0000] {logging_mixin.py:188} INFO - [2024-07-14T16:44:20.198+0000] {dag.py:3096} INFO - Sync 1 DAGs
[2024-07-14T16:44:20.229+0000] {logging_mixin.py:188} INFO - [2024-07-14T16:44:20.228+0000] {dag.py:3954} INFO - Setting next_dagrun for example_xcom to 2021-01-01 00:00:00+00:00, run_after=2021-01-01 00:00:00+00:00
[2024-07-14T16:44:20.256+0000] {processor.py:183} INFO - Processing /home/airflow/.local/lib/python3.11/site-packages/airflow/example_dags/example_xcom.py took 0.118 seconds
[2024-07-14T16:44:25.329+0000] {processor.py:161} INFO - Started process (PID=3149) to work on /home/airflow/.local/lib/python3.11/site-packages/airflow/example_dags/example_xcom.py
[2024-07-14T16:44:25.331+0000] {processor.py:830} INFO - Processing file /home/airflow/.local/lib/python3.11/site-packages/airflow/example_dags/example_xcom.py for tasks to queue
[2024-07-14T16:44:25.334+0000] {logging_mixin.py:188} INFO - [2024-07-14T16:44:25.333+0000] {dagbag.py:545} INFO - Filling up the DagBag from /home/airflow/.local/lib/python3.11/site-packages/airflow/example_dags/example_xcom.py
[2024-07-14T16:44:25.349+0000] {processor.py:840} INFO - DAG(s) 'example_xcom' retrieved from /home/airflow/.local/lib/python3.11/site-packages/airflow/example_dags/example_xcom.py
[2024-07-14T16:44:25.389+0000] {logging_mixin.py:188} INFO - [2024-07-14T16:44:25.389+0000] {dag.py:3096} INFO - Sync 1 DAGs
[2024-07-14T16:44:25.432+0000] {logging_mixin.py:188} INFO - [2024-07-14T16:44:25.432+0000] {dag.py:3954} INFO - Setting next_dagrun for example_xcom to 2021-01-01 00:00:00+00:00, run_after=2021-01-01 00:00:00+00:00
[2024-07-14T16:44:25.475+0000] {processor.py:183} INFO - Processing /home/airflow/.local/lib/python3.11/site-packages/airflow/example_dags/example_xcom.py took 0.157 seconds
[2024-07-14T16:44:32.785+0000] {processor.py:161} INFO - Started process (PID=3202) to work on /home/airflow/.local/lib/python3.11/site-packages/airflow/example_dags/example_xcom.py
[2024-07-14T16:44:32.787+0000] {processor.py:830} INFO - Processing file /home/airflow/.local/lib/python3.11/site-packages/airflow/example_dags/example_xcom.py for tasks to queue
[2024-07-14T16:44:32.790+0000] {logging_mixin.py:188} INFO - [2024-07-14T16:44:32.790+0000] {dagbag.py:545} INFO - Filling up the DagBag from /home/airflow/.local/lib/python3.11/site-packages/airflow/example_dags/example_xcom.py
[2024-07-14T16:44:32.808+0000] {processor.py:840} INFO - DAG(s) 'example_xcom' retrieved from /home/airflow/.local/lib/python3.11/site-packages/airflow/example_dags/example_xcom.py
[2024-07-14T16:44:32.846+0000] {logging_mixin.py:188} INFO - [2024-07-14T16:44:32.845+0000] {dag.py:3096} INFO - Sync 1 DAGs
[2024-07-14T16:44:32.889+0000] {logging_mixin.py:188} INFO - [2024-07-14T16:44:32.888+0000] {dag.py:3954} INFO - Setting next_dagrun for example_xcom to 2021-01-01 00:00:00+00:00, run_after=2021-01-01 00:00:00+00:00
[2024-07-14T16:44:32.918+0000] {processor.py:183} INFO - Processing /home/airflow/.local/lib/python3.11/site-packages/airflow/example_dags/example_xcom.py took 0.149 seconds
[2024-07-14T16:44:39.168+0000] {processor.py:161} INFO - Started process (PID=3260) to work on /home/airflow/.local/lib/python3.11/site-packages/airflow/example_dags/example_xcom.py
[2024-07-14T16:44:39.170+0000] {processor.py:830} INFO - Processing file /home/airflow/.local/lib/python3.11/site-packages/airflow/example_dags/example_xcom.py for tasks to queue
[2024-07-14T16:44:39.175+0000] {logging_mixin.py:188} INFO - [2024-07-14T16:44:39.174+0000] {dagbag.py:545} INFO - Filling up the DagBag from /home/airflow/.local/lib/python3.11/site-packages/airflow/example_dags/example_xcom.py
[2024-07-14T16:44:39.207+0000] {processor.py:840} INFO - DAG(s) 'example_xcom' retrieved from /home/airflow/.local/lib/python3.11/site-packages/airflow/example_dags/example_xcom.py
[2024-07-14T16:44:39.264+0000] {logging_mixin.py:188} INFO - [2024-07-14T16:44:39.263+0000] {dag.py:3096} INFO - Sync 1 DAGs
[2024-07-14T16:44:39.321+0000] {logging_mixin.py:188} INFO - [2024-07-14T16:44:39.320+0000] {dag.py:3954} INFO - Setting next_dagrun for example_xcom to 2021-01-01 00:00:00+00:00, run_after=2021-01-01 00:00:00+00:00
[2024-07-14T16:44:39.365+0000] {processor.py:183} INFO - Processing /home/airflow/.local/lib/python3.11/site-packages/airflow/example_dags/example_xcom.py took 0.220 seconds
[2024-07-14T16:44:46.468+0000] {processor.py:161} INFO - Started process (PID=3313) to work on /home/airflow/.local/lib/python3.11/site-packages/airflow/example_dags/example_xcom.py
[2024-07-14T16:44:46.470+0000] {processor.py:830} INFO - Processing file /home/airflow/.local/lib/python3.11/site-packages/airflow/example_dags/example_xcom.py for tasks to queue
[2024-07-14T16:44:46.475+0000] {logging_mixin.py:188} INFO - [2024-07-14T16:44:46.474+0000] {dagbag.py:545} INFO - Filling up the DagBag from /home/airflow/.local/lib/python3.11/site-packages/airflow/example_dags/example_xcom.py
[2024-07-14T16:44:46.493+0000] {processor.py:840} INFO - DAG(s) 'example_xcom' retrieved from /home/airflow/.local/lib/python3.11/site-packages/airflow/example_dags/example_xcom.py
[2024-07-14T16:44:46.578+0000] {logging_mixin.py:188} INFO - [2024-07-14T16:44:46.573+0000] {dag.py:3096} INFO - Sync 1 DAGs
[2024-07-14T16:44:46.631+0000] {logging_mixin.py:188} INFO - [2024-07-14T16:44:46.631+0000] {dag.py:3954} INFO - Setting next_dagrun for example_xcom to 2021-01-01 00:00:00+00:00, run_after=2021-01-01 00:00:00+00:00
[2024-07-14T16:44:46.667+0000] {processor.py:183} INFO - Processing /home/airflow/.local/lib/python3.11/site-packages/airflow/example_dags/example_xcom.py took 0.212 seconds
[2024-07-14T16:44:53.588+0000] {processor.py:161} INFO - Started process (PID=3367) to work on /home/airflow/.local/lib/python3.11/site-packages/airflow/example_dags/example_xcom.py
[2024-07-14T16:44:53.590+0000] {processor.py:830} INFO - Processing file /home/airflow/.local/lib/python3.11/site-packages/airflow/example_dags/example_xcom.py for tasks to queue
[2024-07-14T16:44:53.594+0000] {logging_mixin.py:188} INFO - [2024-07-14T16:44:53.594+0000] {dagbag.py:545} INFO - Filling up the DagBag from /home/airflow/.local/lib/python3.11/site-packages/airflow/example_dags/example_xcom.py
[2024-07-14T16:44:53.615+0000] {processor.py:840} INFO - DAG(s) 'example_xcom' retrieved from /home/airflow/.local/lib/python3.11/site-packages/airflow/example_dags/example_xcom.py
[2024-07-14T16:44:53.659+0000] {logging_mixin.py:188} INFO - [2024-07-14T16:44:53.659+0000] {dag.py:3096} INFO - Sync 1 DAGs
[2024-07-14T16:44:53.700+0000] {logging_mixin.py:188} INFO - [2024-07-14T16:44:53.699+0000] {dag.py:3954} INFO - Setting next_dagrun for example_xcom to 2021-01-01 00:00:00+00:00, run_after=2021-01-01 00:00:00+00:00
[2024-07-14T16:44:53.732+0000] {processor.py:183} INFO - Processing /home/airflow/.local/lib/python3.11/site-packages/airflow/example_dags/example_xcom.py took 0.159 seconds
[2024-07-14T16:44:59.289+0000] {processor.py:161} INFO - Started process (PID=3419) to work on /home/airflow/.local/lib/python3.11/site-packages/airflow/example_dags/example_xcom.py
[2024-07-14T16:44:59.291+0000] {processor.py:830} INFO - Processing file /home/airflow/.local/lib/python3.11/site-packages/airflow/example_dags/example_xcom.py for tasks to queue
[2024-07-14T16:44:59.295+0000] {logging_mixin.py:188} INFO - [2024-07-14T16:44:59.294+0000] {dagbag.py:545} INFO - Filling up the DagBag from /home/airflow/.local/lib/python3.11/site-packages/airflow/example_dags/example_xcom.py
[2024-07-14T16:44:59.316+0000] {processor.py:840} INFO - DAG(s) 'example_xcom' retrieved from /home/airflow/.local/lib/python3.11/site-packages/airflow/example_dags/example_xcom.py
[2024-07-14T16:44:59.355+0000] {logging_mixin.py:188} INFO - [2024-07-14T16:44:59.355+0000] {dag.py:3096} INFO - Sync 1 DAGs
[2024-07-14T16:44:59.396+0000] {logging_mixin.py:188} INFO - [2024-07-14T16:44:59.396+0000] {dag.py:3954} INFO - Setting next_dagrun for example_xcom to 2021-01-01 00:00:00+00:00, run_after=2021-01-01 00:00:00+00:00
[2024-07-14T16:44:59.432+0000] {processor.py:183} INFO - Processing /home/airflow/.local/lib/python3.11/site-packages/airflow/example_dags/example_xcom.py took 0.161 seconds
[2024-07-14T16:45:05.691+0000] {processor.py:161} INFO - Started process (PID=3472) to work on /home/airflow/.local/lib/python3.11/site-packages/airflow/example_dags/example_xcom.py
[2024-07-14T16:45:05.693+0000] {processor.py:830} INFO - Processing file /home/airflow/.local/lib/python3.11/site-packages/airflow/example_dags/example_xcom.py for tasks to queue
[2024-07-14T16:45:05.696+0000] {logging_mixin.py:188} INFO - [2024-07-14T16:45:05.695+0000] {dagbag.py:545} INFO - Filling up the DagBag from /home/airflow/.local/lib/python3.11/site-packages/airflow/example_dags/example_xcom.py
[2024-07-14T16:45:05.711+0000] {processor.py:840} INFO - DAG(s) 'example_xcom' retrieved from /home/airflow/.local/lib/python3.11/site-packages/airflow/example_dags/example_xcom.py
[2024-07-14T16:45:05.745+0000] {logging_mixin.py:188} INFO - [2024-07-14T16:45:05.745+0000] {dag.py:3096} INFO - Sync 1 DAGs
[2024-07-14T16:45:05.780+0000] {logging_mixin.py:188} INFO - [2024-07-14T16:45:05.780+0000] {dag.py:3954} INFO - Setting next_dagrun for example_xcom to 2021-01-01 00:00:00+00:00, run_after=2021-01-01 00:00:00+00:00
[2024-07-14T16:45:05.806+0000] {processor.py:183} INFO - Processing /home/airflow/.local/lib/python3.11/site-packages/airflow/example_dags/example_xcom.py took 0.124 seconds
[2024-07-14T16:45:10.922+0000] {processor.py:161} INFO - Started process (PID=3532) to work on /home/airflow/.local/lib/python3.11/site-packages/airflow/example_dags/example_xcom.py
[2024-07-14T16:45:10.924+0000] {processor.py:830} INFO - Processing file /home/airflow/.local/lib/python3.11/site-packages/airflow/example_dags/example_xcom.py for tasks to queue
[2024-07-14T16:45:10.927+0000] {logging_mixin.py:188} INFO - [2024-07-14T16:45:10.927+0000] {dagbag.py:545} INFO - Filling up the DagBag from /home/airflow/.local/lib/python3.11/site-packages/airflow/example_dags/example_xcom.py
[2024-07-14T16:45:10.938+0000] {processor.py:840} INFO - DAG(s) 'example_xcom' retrieved from /home/airflow/.local/lib/python3.11/site-packages/airflow/example_dags/example_xcom.py
[2024-07-14T16:45:10.967+0000] {logging_mixin.py:188} INFO - [2024-07-14T16:45:10.967+0000] {dag.py:3096} INFO - Sync 1 DAGs
[2024-07-14T16:45:10.995+0000] {logging_mixin.py:188} INFO - [2024-07-14T16:45:10.995+0000] {dag.py:3954} INFO - Setting next_dagrun for example_xcom to 2021-01-01 00:00:00+00:00, run_after=2021-01-01 00:00:00+00:00
[2024-07-14T16:45:11.022+0000] {processor.py:183} INFO - Processing /home/airflow/.local/lib/python3.11/site-packages/airflow/example_dags/example_xcom.py took 0.108 seconds
[2024-07-14T16:45:16.515+0000] {processor.py:161} INFO - Started process (PID=3584) to work on /home/airflow/.local/lib/python3.11/site-packages/airflow/example_dags/example_xcom.py
[2024-07-14T16:45:16.517+0000] {processor.py:830} INFO - Processing file /home/airflow/.local/lib/python3.11/site-packages/airflow/example_dags/example_xcom.py for tasks to queue
[2024-07-14T16:45:16.520+0000] {logging_mixin.py:188} INFO - [2024-07-14T16:45:16.520+0000] {dagbag.py:545} INFO - Filling up the DagBag from /home/airflow/.local/lib/python3.11/site-packages/airflow/example_dags/example_xcom.py
[2024-07-14T16:45:16.536+0000] {processor.py:840} INFO - DAG(s) 'example_xcom' retrieved from /home/airflow/.local/lib/python3.11/site-packages/airflow/example_dags/example_xcom.py
[2024-07-14T16:45:16.576+0000] {logging_mixin.py:188} INFO - [2024-07-14T16:45:16.575+0000] {dag.py:3096} INFO - Sync 1 DAGs
[2024-07-14T16:45:16.617+0000] {logging_mixin.py:188} INFO - [2024-07-14T16:45:16.616+0000] {dag.py:3954} INFO - Setting next_dagrun for example_xcom to 2021-01-01 00:00:00+00:00, run_after=2021-01-01 00:00:00+00:00
[2024-07-14T16:45:16.658+0000] {processor.py:183} INFO - Processing /home/airflow/.local/lib/python3.11/site-packages/airflow/example_dags/example_xcom.py took 0.156 seconds
[2024-07-14T16:45:25.275+0000] {processor.py:161} INFO - Started process (PID=3637) to work on /home/airflow/.local/lib/python3.11/site-packages/airflow/example_dags/example_xcom.py
[2024-07-14T16:45:25.278+0000] {processor.py:830} INFO - Processing file /home/airflow/.local/lib/python3.11/site-packages/airflow/example_dags/example_xcom.py for tasks to queue
[2024-07-14T16:45:25.281+0000] {logging_mixin.py:188} INFO - [2024-07-14T16:45:25.281+0000] {dagbag.py:545} INFO - Filling up the DagBag from /home/airflow/.local/lib/python3.11/site-packages/airflow/example_dags/example_xcom.py
[2024-07-14T16:45:25.300+0000] {processor.py:840} INFO - DAG(s) 'example_xcom' retrieved from /home/airflow/.local/lib/python3.11/site-packages/airflow/example_dags/example_xcom.py
[2024-07-14T16:45:25.342+0000] {logging_mixin.py:188} INFO - [2024-07-14T16:45:25.342+0000] {dag.py:3096} INFO - Sync 1 DAGs
[2024-07-14T16:45:25.387+0000] {logging_mixin.py:188} INFO - [2024-07-14T16:45:25.387+0000] {dag.py:3954} INFO - Setting next_dagrun for example_xcom to 2021-01-01 00:00:00+00:00, run_after=2021-01-01 00:00:00+00:00
[2024-07-14T16:45:25.423+0000] {processor.py:183} INFO - Processing /home/airflow/.local/lib/python3.11/site-packages/airflow/example_dags/example_xcom.py took 0.160 seconds
[2024-07-14T16:45:32.400+0000] {processor.py:161} INFO - Started process (PID=3689) to work on /home/airflow/.local/lib/python3.11/site-packages/airflow/example_dags/example_xcom.py
[2024-07-14T16:45:32.402+0000] {processor.py:830} INFO - Processing file /home/airflow/.local/lib/python3.11/site-packages/airflow/example_dags/example_xcom.py for tasks to queue
[2024-07-14T16:45:32.405+0000] {logging_mixin.py:188} INFO - [2024-07-14T16:45:32.405+0000] {dagbag.py:545} INFO - Filling up the DagBag from /home/airflow/.local/lib/python3.11/site-packages/airflow/example_dags/example_xcom.py
[2024-07-14T16:45:32.420+0000] {processor.py:840} INFO - DAG(s) 'example_xcom' retrieved from /home/airflow/.local/lib/python3.11/site-packages/airflow/example_dags/example_xcom.py
[2024-07-14T16:45:32.464+0000] {logging_mixin.py:188} INFO - [2024-07-14T16:45:32.463+0000] {dag.py:3096} INFO - Sync 1 DAGs
[2024-07-14T16:45:32.511+0000] {logging_mixin.py:188} INFO - [2024-07-14T16:45:32.510+0000] {dag.py:3954} INFO - Setting next_dagrun for example_xcom to 2021-01-01 00:00:00+00:00, run_after=2021-01-01 00:00:00+00:00
[2024-07-14T16:45:32.545+0000] {processor.py:183} INFO - Processing /home/airflow/.local/lib/python3.11/site-packages/airflow/example_dags/example_xcom.py took 0.157 seconds
[2024-07-14T16:45:42.132+0000] {processor.py:161} INFO - Started process (PID=3749) to work on /home/airflow/.local/lib/python3.11/site-packages/airflow/example_dags/example_xcom.py
[2024-07-14T16:45:42.134+0000] {processor.py:830} INFO - Processing file /home/airflow/.local/lib/python3.11/site-packages/airflow/example_dags/example_xcom.py for tasks to queue
[2024-07-14T16:45:42.138+0000] {logging_mixin.py:188} INFO - [2024-07-14T16:45:42.138+0000] {dagbag.py:545} INFO - Filling up the DagBag from /home/airflow/.local/lib/python3.11/site-packages/airflow/example_dags/example_xcom.py
[2024-07-14T16:45:42.158+0000] {processor.py:840} INFO - DAG(s) 'example_xcom' retrieved from /home/airflow/.local/lib/python3.11/site-packages/airflow/example_dags/example_xcom.py
[2024-07-14T16:45:42.232+0000] {logging_mixin.py:188} INFO - [2024-07-14T16:45:42.231+0000] {dag.py:3096} INFO - Sync 1 DAGs
[2024-07-14T16:45:42.297+0000] {logging_mixin.py:188} INFO - [2024-07-14T16:45:42.296+0000] {dag.py:3954} INFO - Setting next_dagrun for example_xcom to 2021-01-01 00:00:00+00:00, run_after=2021-01-01 00:00:00+00:00
[2024-07-14T16:45:42.351+0000] {processor.py:183} INFO - Processing /home/airflow/.local/lib/python3.11/site-packages/airflow/example_dags/example_xcom.py took 0.235 seconds
[2024-07-14T16:45:50.044+0000] {processor.py:161} INFO - Started process (PID=3801) to work on /home/airflow/.local/lib/python3.11/site-packages/airflow/example_dags/example_xcom.py
[2024-07-14T16:45:50.046+0000] {processor.py:830} INFO - Processing file /home/airflow/.local/lib/python3.11/site-packages/airflow/example_dags/example_xcom.py for tasks to queue
[2024-07-14T16:45:50.049+0000] {logging_mixin.py:188} INFO - [2024-07-14T16:45:50.049+0000] {dagbag.py:545} INFO - Filling up the DagBag from /home/airflow/.local/lib/python3.11/site-packages/airflow/example_dags/example_xcom.py
[2024-07-14T16:45:50.071+0000] {processor.py:840} INFO - DAG(s) 'example_xcom' retrieved from /home/airflow/.local/lib/python3.11/site-packages/airflow/example_dags/example_xcom.py
[2024-07-14T16:45:50.115+0000] {logging_mixin.py:188} INFO - [2024-07-14T16:45:50.115+0000] {dag.py:3096} INFO - Sync 1 DAGs
[2024-07-14T16:45:50.161+0000] {logging_mixin.py:188} INFO - [2024-07-14T16:45:50.161+0000] {dag.py:3954} INFO - Setting next_dagrun for example_xcom to 2021-01-01 00:00:00+00:00, run_after=2021-01-01 00:00:00+00:00
[2024-07-14T16:45:50.205+0000] {processor.py:183} INFO - Processing /home/airflow/.local/lib/python3.11/site-packages/airflow/example_dags/example_xcom.py took 0.175 seconds
[2024-07-14T16:45:57.463+0000] {processor.py:161} INFO - Started process (PID=3854) to work on /home/airflow/.local/lib/python3.11/site-packages/airflow/example_dags/example_xcom.py
[2024-07-14T16:45:57.464+0000] {processor.py:830} INFO - Processing file /home/airflow/.local/lib/python3.11/site-packages/airflow/example_dags/example_xcom.py for tasks to queue
[2024-07-14T16:45:57.467+0000] {logging_mixin.py:188} INFO - [2024-07-14T16:45:57.467+0000] {dagbag.py:545} INFO - Filling up the DagBag from /home/airflow/.local/lib/python3.11/site-packages/airflow/example_dags/example_xcom.py
[2024-07-14T16:45:57.485+0000] {processor.py:840} INFO - DAG(s) 'example_xcom' retrieved from /home/airflow/.local/lib/python3.11/site-packages/airflow/example_dags/example_xcom.py
[2024-07-14T16:45:57.529+0000] {logging_mixin.py:188} INFO - [2024-07-14T16:45:57.528+0000] {dag.py:3096} INFO - Sync 1 DAGs
[2024-07-14T16:45:57.564+0000] {logging_mixin.py:188} INFO - [2024-07-14T16:45:57.563+0000] {dag.py:3954} INFO - Setting next_dagrun for example_xcom to 2021-01-01 00:00:00+00:00, run_after=2021-01-01 00:00:00+00:00
[2024-07-14T16:45:57.594+0000] {processor.py:183} INFO - Processing /home/airflow/.local/lib/python3.11/site-packages/airflow/example_dags/example_xcom.py took 0.143 seconds
[2024-07-14T16:46:05.106+0000] {processor.py:161} INFO - Started process (PID=3906) to work on /home/airflow/.local/lib/python3.11/site-packages/airflow/example_dags/example_xcom.py
[2024-07-14T16:46:05.108+0000] {processor.py:830} INFO - Processing file /home/airflow/.local/lib/python3.11/site-packages/airflow/example_dags/example_xcom.py for tasks to queue
[2024-07-14T16:46:05.111+0000] {logging_mixin.py:188} INFO - [2024-07-14T16:46:05.111+0000] {dagbag.py:545} INFO - Filling up the DagBag from /home/airflow/.local/lib/python3.11/site-packages/airflow/example_dags/example_xcom.py
[2024-07-14T16:46:05.123+0000] {processor.py:840} INFO - DAG(s) 'example_xcom' retrieved from /home/airflow/.local/lib/python3.11/site-packages/airflow/example_dags/example_xcom.py
[2024-07-14T16:46:05.155+0000] {logging_mixin.py:188} INFO - [2024-07-14T16:46:05.154+0000] {dag.py:3096} INFO - Sync 1 DAGs
[2024-07-14T16:46:05.191+0000] {logging_mixin.py:188} INFO - [2024-07-14T16:46:05.191+0000] {dag.py:3954} INFO - Setting next_dagrun for example_xcom to 2021-01-01 00:00:00+00:00, run_after=2021-01-01 00:00:00+00:00
[2024-07-14T16:46:05.220+0000] {processor.py:183} INFO - Processing /home/airflow/.local/lib/python3.11/site-packages/airflow/example_dags/example_xcom.py took 0.123 seconds
[2024-07-14T16:46:10.976+0000] {processor.py:161} INFO - Started process (PID=3966) to work on /home/airflow/.local/lib/python3.11/site-packages/airflow/example_dags/example_xcom.py
[2024-07-14T16:46:10.977+0000] {processor.py:830} INFO - Processing file /home/airflow/.local/lib/python3.11/site-packages/airflow/example_dags/example_xcom.py for tasks to queue
[2024-07-14T16:46:10.980+0000] {logging_mixin.py:188} INFO - [2024-07-14T16:46:10.980+0000] {dagbag.py:545} INFO - Filling up the DagBag from /home/airflow/.local/lib/python3.11/site-packages/airflow/example_dags/example_xcom.py
[2024-07-14T16:46:10.992+0000] {processor.py:840} INFO - DAG(s) 'example_xcom' retrieved from /home/airflow/.local/lib/python3.11/site-packages/airflow/example_dags/example_xcom.py
[2024-07-14T16:46:11.023+0000] {logging_mixin.py:188} INFO - [2024-07-14T16:46:11.023+0000] {dag.py:3096} INFO - Sync 1 DAGs
[2024-07-14T16:46:11.053+0000] {logging_mixin.py:188} INFO - [2024-07-14T16:46:11.052+0000] {dag.py:3954} INFO - Setting next_dagrun for example_xcom to 2021-01-01 00:00:00+00:00, run_after=2021-01-01 00:00:00+00:00
[2024-07-14T16:46:11.080+0000] {processor.py:183} INFO - Processing /home/airflow/.local/lib/python3.11/site-packages/airflow/example_dags/example_xcom.py took 0.114 seconds
[2024-07-14T16:46:16.433+0000] {processor.py:161} INFO - Started process (PID=4018) to work on /home/airflow/.local/lib/python3.11/site-packages/airflow/example_dags/example_xcom.py
[2024-07-14T16:46:16.435+0000] {processor.py:830} INFO - Processing file /home/airflow/.local/lib/python3.11/site-packages/airflow/example_dags/example_xcom.py for tasks to queue
[2024-07-14T16:46:16.438+0000] {logging_mixin.py:188} INFO - [2024-07-14T16:46:16.438+0000] {dagbag.py:545} INFO - Filling up the DagBag from /home/airflow/.local/lib/python3.11/site-packages/airflow/example_dags/example_xcom.py
[2024-07-14T16:46:16.454+0000] {processor.py:840} INFO - DAG(s) 'example_xcom' retrieved from /home/airflow/.local/lib/python3.11/site-packages/airflow/example_dags/example_xcom.py
[2024-07-14T16:46:16.490+0000] {logging_mixin.py:188} INFO - [2024-07-14T16:46:16.490+0000] {dag.py:3096} INFO - Sync 1 DAGs
[2024-07-14T16:46:16.525+0000] {logging_mixin.py:188} INFO - [2024-07-14T16:46:16.524+0000] {dag.py:3954} INFO - Setting next_dagrun for example_xcom to 2021-01-01 00:00:00+00:00, run_after=2021-01-01 00:00:00+00:00
[2024-07-14T16:46:16.598+0000] {processor.py:183} INFO - Processing /home/airflow/.local/lib/python3.11/site-packages/airflow/example_dags/example_xcom.py took 0.177 seconds
[2024-07-14T16:46:22.755+0000] {processor.py:161} INFO - Started process (PID=4071) to work on /home/airflow/.local/lib/python3.11/site-packages/airflow/example_dags/example_xcom.py
[2024-07-14T16:46:22.757+0000] {processor.py:830} INFO - Processing file /home/airflow/.local/lib/python3.11/site-packages/airflow/example_dags/example_xcom.py for tasks to queue
[2024-07-14T16:46:22.761+0000] {logging_mixin.py:188} INFO - [2024-07-14T16:46:22.760+0000] {dagbag.py:545} INFO - Filling up the DagBag from /home/airflow/.local/lib/python3.11/site-packages/airflow/example_dags/example_xcom.py
[2024-07-14T16:46:22.773+0000] {processor.py:840} INFO - DAG(s) 'example_xcom' retrieved from /home/airflow/.local/lib/python3.11/site-packages/airflow/example_dags/example_xcom.py
[2024-07-14T16:46:22.807+0000] {logging_mixin.py:188} INFO - [2024-07-14T16:46:22.807+0000] {dag.py:3096} INFO - Sync 1 DAGs
[2024-07-14T16:46:22.840+0000] {logging_mixin.py:188} INFO - [2024-07-14T16:46:22.840+0000] {dag.py:3954} INFO - Setting next_dagrun for example_xcom to 2021-01-01 00:00:00+00:00, run_after=2021-01-01 00:00:00+00:00
[2024-07-14T16:46:22.873+0000] {processor.py:183} INFO - Processing /home/airflow/.local/lib/python3.11/site-packages/airflow/example_dags/example_xcom.py took 0.127 seconds
