[2024-07-14T16:37:56.336+0000] {processor.py:161} INFO - Started process (PID=55) to work on /home/airflow/.local/lib/python3.11/site-packages/airflow/example_dags/example_dag_decorator.py
[2024-07-14T16:37:56.337+0000] {processor.py:830} INFO - Processing file /home/airflow/.local/lib/python3.11/site-packages/airflow/example_dags/example_dag_decorator.py for tasks to queue
[2024-07-14T16:37:56.341+0000] {logging_mixin.py:188} INFO - [2024-07-14T16:37:56.340+0000] {dagbag.py:545} INFO - Filling up the DagBag from /home/airflow/.local/lib/python3.11/site-packages/airflow/example_dags/example_dag_decorator.py
[2024-07-14T16:37:57.319+0000] {processor.py:840} INFO - DAG(s) 'example_dag_decorator' retrieved from /home/airflow/.local/lib/python3.11/site-packages/airflow/example_dags/example_dag_decorator.py
[2024-07-14T16:37:57.609+0000] {logging_mixin.py:188} INFO - [2024-07-14T16:37:57.608+0000] {dag.py:3096} INFO - Sync 1 DAGs
[2024-07-14T16:37:57.643+0000] {logging_mixin.py:188} INFO - [2024-07-14T16:37:57.643+0000] {dag.py:3954} INFO - Setting next_dagrun for example_dag_decorator to None, run_after=None
[2024-07-14T16:37:57.686+0000] {processor.py:183} INFO - Processing /home/airflow/.local/lib/python3.11/site-packages/airflow/example_dags/example_dag_decorator.py took 1.362 seconds
[2024-07-14T16:38:09.731+0000] {processor.py:161} INFO - Started process (PID=115) to work on /home/airflow/.local/lib/python3.11/site-packages/airflow/example_dags/example_dag_decorator.py
[2024-07-14T16:38:09.733+0000] {processor.py:830} INFO - Processing file /home/airflow/.local/lib/python3.11/site-packages/airflow/example_dags/example_dag_decorator.py for tasks to queue
[2024-07-14T16:38:09.736+0000] {logging_mixin.py:188} INFO - [2024-07-14T16:38:09.736+0000] {dagbag.py:545} INFO - Filling up the DagBag from /home/airflow/.local/lib/python3.11/site-packages/airflow/example_dags/example_dag_decorator.py
[2024-07-14T16:38:09.975+0000] {processor.py:840} INFO - DAG(s) 'example_dag_decorator' retrieved from /home/airflow/.local/lib/python3.11/site-packages/airflow/example_dags/example_dag_decorator.py
[2024-07-14T16:38:10.005+0000] {logging_mixin.py:188} INFO - [2024-07-14T16:38:10.005+0000] {dag.py:3096} INFO - Sync 1 DAGs
[2024-07-14T16:38:10.048+0000] {logging_mixin.py:188} INFO - [2024-07-14T16:38:10.047+0000] {dag.py:3954} INFO - Setting next_dagrun for example_dag_decorator to None, run_after=None
[2024-07-14T16:38:10.123+0000] {processor.py:183} INFO - Processing /home/airflow/.local/lib/python3.11/site-packages/airflow/example_dags/example_dag_decorator.py took 0.402 seconds
[2024-07-14T16:38:15.491+0000] {processor.py:161} INFO - Started process (PID=167) to work on /home/airflow/.local/lib/python3.11/site-packages/airflow/example_dags/example_dag_decorator.py
[2024-07-14T16:38:15.492+0000] {processor.py:830} INFO - Processing file /home/airflow/.local/lib/python3.11/site-packages/airflow/example_dags/example_dag_decorator.py for tasks to queue
[2024-07-14T16:38:15.496+0000] {logging_mixin.py:188} INFO - [2024-07-14T16:38:15.495+0000] {dagbag.py:545} INFO - Filling up the DagBag from /home/airflow/.local/lib/python3.11/site-packages/airflow/example_dags/example_dag_decorator.py
[2024-07-14T16:38:15.789+0000] {processor.py:840} INFO - DAG(s) 'example_dag_decorator' retrieved from /home/airflow/.local/lib/python3.11/site-packages/airflow/example_dags/example_dag_decorator.py
[2024-07-14T16:38:15.812+0000] {logging_mixin.py:188} INFO - [2024-07-14T16:38:15.811+0000] {dag.py:3096} INFO - Sync 1 DAGs
[2024-07-14T16:38:15.849+0000] {logging_mixin.py:188} INFO - [2024-07-14T16:38:15.848+0000] {dag.py:3954} INFO - Setting next_dagrun for example_dag_decorator to None, run_after=None
[2024-07-14T16:38:15.909+0000] {processor.py:183} INFO - Processing /home/airflow/.local/lib/python3.11/site-packages/airflow/example_dags/example_dag_decorator.py took 0.433 seconds
[2024-07-14T16:38:24.760+0000] {processor.py:161} INFO - Started process (PID=220) to work on /home/airflow/.local/lib/python3.11/site-packages/airflow/example_dags/example_dag_decorator.py
[2024-07-14T16:38:24.761+0000] {processor.py:830} INFO - Processing file /home/airflow/.local/lib/python3.11/site-packages/airflow/example_dags/example_dag_decorator.py for tasks to queue
[2024-07-14T16:38:24.765+0000] {logging_mixin.py:188} INFO - [2024-07-14T16:38:24.764+0000] {dagbag.py:545} INFO - Filling up the DagBag from /home/airflow/.local/lib/python3.11/site-packages/airflow/example_dags/example_dag_decorator.py
[2024-07-14T16:38:24.971+0000] {processor.py:840} INFO - DAG(s) 'example_dag_decorator' retrieved from /home/airflow/.local/lib/python3.11/site-packages/airflow/example_dags/example_dag_decorator.py
[2024-07-14T16:38:24.985+0000] {logging_mixin.py:188} INFO - [2024-07-14T16:38:24.984+0000] {dag.py:3096} INFO - Sync 1 DAGs
[2024-07-14T16:38:25.002+0000] {logging_mixin.py:188} INFO - [2024-07-14T16:38:25.001+0000] {dag.py:3954} INFO - Setting next_dagrun for example_dag_decorator to None, run_after=None
[2024-07-14T16:38:25.026+0000] {processor.py:183} INFO - Processing /home/airflow/.local/lib/python3.11/site-packages/airflow/example_dags/example_dag_decorator.py took 0.277 seconds
[2024-07-14T16:38:29.530+0000] {processor.py:161} INFO - Started process (PID=272) to work on /home/airflow/.local/lib/python3.11/site-packages/airflow/example_dags/example_dag_decorator.py
[2024-07-14T16:38:29.532+0000] {processor.py:830} INFO - Processing file /home/airflow/.local/lib/python3.11/site-packages/airflow/example_dags/example_dag_decorator.py for tasks to queue
[2024-07-14T16:38:29.534+0000] {logging_mixin.py:188} INFO - [2024-07-14T16:38:29.534+0000] {dagbag.py:545} INFO - Filling up the DagBag from /home/airflow/.local/lib/python3.11/site-packages/airflow/example_dags/example_dag_decorator.py
[2024-07-14T16:38:29.700+0000] {processor.py:840} INFO - DAG(s) 'example_dag_decorator' retrieved from /home/airflow/.local/lib/python3.11/site-packages/airflow/example_dags/example_dag_decorator.py
[2024-07-14T16:38:29.849+0000] {logging_mixin.py:188} INFO - [2024-07-14T16:38:29.848+0000] {dag.py:3096} INFO - Sync 1 DAGs
[2024-07-14T16:38:29.862+0000] {logging_mixin.py:188} INFO - [2024-07-14T16:38:29.862+0000] {dag.py:3954} INFO - Setting next_dagrun for example_dag_decorator to None, run_after=None
[2024-07-14T16:38:29.889+0000] {processor.py:183} INFO - Processing /home/airflow/.local/lib/python3.11/site-packages/airflow/example_dags/example_dag_decorator.py took 0.367 seconds
[2024-07-14T16:38:34.302+0000] {processor.py:161} INFO - Started process (PID=326) to work on /home/airflow/.local/lib/python3.11/site-packages/airflow/example_dags/example_dag_decorator.py
[2024-07-14T16:38:34.304+0000] {processor.py:830} INFO - Processing file /home/airflow/.local/lib/python3.11/site-packages/airflow/example_dags/example_dag_decorator.py for tasks to queue
[2024-07-14T16:38:34.308+0000] {logging_mixin.py:188} INFO - [2024-07-14T16:38:34.307+0000] {dagbag.py:545} INFO - Filling up the DagBag from /home/airflow/.local/lib/python3.11/site-packages/airflow/example_dags/example_dag_decorator.py
[2024-07-14T16:38:34.480+0000] {processor.py:840} INFO - DAG(s) 'example_dag_decorator' retrieved from /home/airflow/.local/lib/python3.11/site-packages/airflow/example_dags/example_dag_decorator.py
[2024-07-14T16:38:34.494+0000] {logging_mixin.py:188} INFO - [2024-07-14T16:38:34.494+0000] {dag.py:3096} INFO - Sync 1 DAGs
[2024-07-14T16:38:34.517+0000] {logging_mixin.py:188} INFO - [2024-07-14T16:38:34.517+0000] {dag.py:3954} INFO - Setting next_dagrun for example_dag_decorator to None, run_after=None
[2024-07-14T16:38:34.546+0000] {processor.py:183} INFO - Processing /home/airflow/.local/lib/python3.11/site-packages/airflow/example_dags/example_dag_decorator.py took 0.257 seconds
[2024-07-14T16:38:40.353+0000] {processor.py:161} INFO - Started process (PID=384) to work on /home/airflow/.local/lib/python3.11/site-packages/airflow/example_dags/example_dag_decorator.py
[2024-07-14T16:38:40.357+0000] {processor.py:830} INFO - Processing file /home/airflow/.local/lib/python3.11/site-packages/airflow/example_dags/example_dag_decorator.py for tasks to queue
[2024-07-14T16:38:40.360+0000] {logging_mixin.py:188} INFO - [2024-07-14T16:38:40.359+0000] {dagbag.py:545} INFO - Filling up the DagBag from /home/airflow/.local/lib/python3.11/site-packages/airflow/example_dags/example_dag_decorator.py
[2024-07-14T16:38:40.583+0000] {processor.py:840} INFO - DAG(s) 'example_dag_decorator' retrieved from /home/airflow/.local/lib/python3.11/site-packages/airflow/example_dags/example_dag_decorator.py
[2024-07-14T16:38:40.627+0000] {logging_mixin.py:188} INFO - [2024-07-14T16:38:40.625+0000] {dag.py:3096} INFO - Sync 1 DAGs
[2024-07-14T16:38:40.675+0000] {logging_mixin.py:188} INFO - [2024-07-14T16:38:40.674+0000] {dag.py:3954} INFO - Setting next_dagrun for example_dag_decorator to None, run_after=None
[2024-07-14T16:38:40.719+0000] {processor.py:183} INFO - Processing /home/airflow/.local/lib/python3.11/site-packages/airflow/example_dags/example_dag_decorator.py took 0.379 seconds
[2024-07-14T16:38:47.448+0000] {processor.py:161} INFO - Started process (PID=438) to work on /home/airflow/.local/lib/python3.11/site-packages/airflow/example_dags/example_dag_decorator.py
[2024-07-14T16:38:47.449+0000] {processor.py:830} INFO - Processing file /home/airflow/.local/lib/python3.11/site-packages/airflow/example_dags/example_dag_decorator.py for tasks to queue
[2024-07-14T16:38:47.452+0000] {logging_mixin.py:188} INFO - [2024-07-14T16:38:47.452+0000] {dagbag.py:545} INFO - Filling up the DagBag from /home/airflow/.local/lib/python3.11/site-packages/airflow/example_dags/example_dag_decorator.py
[2024-07-14T16:38:47.615+0000] {processor.py:840} INFO - DAG(s) 'example_dag_decorator' retrieved from /home/airflow/.local/lib/python3.11/site-packages/airflow/example_dags/example_dag_decorator.py
[2024-07-14T16:38:47.632+0000] {logging_mixin.py:188} INFO - [2024-07-14T16:38:47.632+0000] {dag.py:3096} INFO - Sync 1 DAGs
[2024-07-14T16:38:47.658+0000] {logging_mixin.py:188} INFO - [2024-07-14T16:38:47.657+0000] {dag.py:3954} INFO - Setting next_dagrun for example_dag_decorator to None, run_after=None
[2024-07-14T16:38:47.690+0000] {processor.py:183} INFO - Processing /home/airflow/.local/lib/python3.11/site-packages/airflow/example_dags/example_dag_decorator.py took 0.249 seconds
[2024-07-14T16:38:53.413+0000] {processor.py:161} INFO - Started process (PID=492) to work on /home/airflow/.local/lib/python3.11/site-packages/airflow/example_dags/example_dag_decorator.py
[2024-07-14T16:38:53.415+0000] {processor.py:830} INFO - Processing file /home/airflow/.local/lib/python3.11/site-packages/airflow/example_dags/example_dag_decorator.py for tasks to queue
[2024-07-14T16:38:53.418+0000] {logging_mixin.py:188} INFO - [2024-07-14T16:38:53.418+0000] {dagbag.py:545} INFO - Filling up the DagBag from /home/airflow/.local/lib/python3.11/site-packages/airflow/example_dags/example_dag_decorator.py
[2024-07-14T16:38:53.808+0000] {processor.py:840} INFO - DAG(s) 'example_dag_decorator' retrieved from /home/airflow/.local/lib/python3.11/site-packages/airflow/example_dags/example_dag_decorator.py
[2024-07-14T16:38:53.848+0000] {logging_mixin.py:188} INFO - [2024-07-14T16:38:53.848+0000] {dag.py:3096} INFO - Sync 1 DAGs
[2024-07-14T16:38:53.890+0000] {logging_mixin.py:188} INFO - [2024-07-14T16:38:53.889+0000] {dag.py:3954} INFO - Setting next_dagrun for example_dag_decorator to None, run_after=None
[2024-07-14T16:38:53.931+0000] {processor.py:183} INFO - Processing /home/airflow/.local/lib/python3.11/site-packages/airflow/example_dags/example_dag_decorator.py took 0.529 seconds
[2024-07-14T16:39:01.732+0000] {processor.py:161} INFO - Started process (PID=546) to work on /home/airflow/.local/lib/python3.11/site-packages/airflow/example_dags/example_dag_decorator.py
[2024-07-14T16:39:01.735+0000] {processor.py:830} INFO - Processing file /home/airflow/.local/lib/python3.11/site-packages/airflow/example_dags/example_dag_decorator.py for tasks to queue
[2024-07-14T16:39:01.739+0000] {logging_mixin.py:188} INFO - [2024-07-14T16:39:01.738+0000] {dagbag.py:545} INFO - Filling up the DagBag from /home/airflow/.local/lib/python3.11/site-packages/airflow/example_dags/example_dag_decorator.py
[2024-07-14T16:39:01.970+0000] {processor.py:840} INFO - DAG(s) 'example_dag_decorator' retrieved from /home/airflow/.local/lib/python3.11/site-packages/airflow/example_dags/example_dag_decorator.py
[2024-07-14T16:39:02.153+0000] {logging_mixin.py:188} INFO - [2024-07-14T16:39:02.153+0000] {dag.py:3096} INFO - Sync 1 DAGs
[2024-07-14T16:39:02.166+0000] {logging_mixin.py:188} INFO - [2024-07-14T16:39:02.166+0000] {dag.py:3954} INFO - Setting next_dagrun for example_dag_decorator to None, run_after=None
[2024-07-14T16:39:02.190+0000] {processor.py:183} INFO - Processing /home/airflow/.local/lib/python3.11/site-packages/airflow/example_dags/example_dag_decorator.py took 0.476 seconds
[2024-07-14T16:39:06.467+0000] {processor.py:161} INFO - Started process (PID=604) to work on /home/airflow/.local/lib/python3.11/site-packages/airflow/example_dags/example_dag_decorator.py
[2024-07-14T16:39:06.468+0000] {processor.py:830} INFO - Processing file /home/airflow/.local/lib/python3.11/site-packages/airflow/example_dags/example_dag_decorator.py for tasks to queue
[2024-07-14T16:39:06.471+0000] {logging_mixin.py:188} INFO - [2024-07-14T16:39:06.470+0000] {dagbag.py:545} INFO - Filling up the DagBag from /home/airflow/.local/lib/python3.11/site-packages/airflow/example_dags/example_dag_decorator.py
[2024-07-14T16:39:06.674+0000] {processor.py:840} INFO - DAG(s) 'example_dag_decorator' retrieved from /home/airflow/.local/lib/python3.11/site-packages/airflow/example_dags/example_dag_decorator.py
[2024-07-14T16:39:06.698+0000] {logging_mixin.py:188} INFO - [2024-07-14T16:39:06.698+0000] {dag.py:3096} INFO - Sync 1 DAGs
[2024-07-14T16:39:06.722+0000] {logging_mixin.py:188} INFO - [2024-07-14T16:39:06.722+0000] {dag.py:3954} INFO - Setting next_dagrun for example_dag_decorator to None, run_after=None
[2024-07-14T16:39:06.753+0000] {processor.py:183} INFO - Processing /home/airflow/.local/lib/python3.11/site-packages/airflow/example_dags/example_dag_decorator.py took 0.294 seconds
[2024-07-14T16:39:13.147+0000] {processor.py:161} INFO - Started process (PID=658) to work on /home/airflow/.local/lib/python3.11/site-packages/airflow/example_dags/example_dag_decorator.py
[2024-07-14T16:39:13.148+0000] {processor.py:830} INFO - Processing file /home/airflow/.local/lib/python3.11/site-packages/airflow/example_dags/example_dag_decorator.py for tasks to queue
[2024-07-14T16:39:13.151+0000] {logging_mixin.py:188} INFO - [2024-07-14T16:39:13.150+0000] {dagbag.py:545} INFO - Filling up the DagBag from /home/airflow/.local/lib/python3.11/site-packages/airflow/example_dags/example_dag_decorator.py
[2024-07-14T16:39:13.299+0000] {processor.py:840} INFO - DAG(s) 'example_dag_decorator' retrieved from /home/airflow/.local/lib/python3.11/site-packages/airflow/example_dags/example_dag_decorator.py
[2024-07-14T16:39:13.314+0000] {logging_mixin.py:188} INFO - [2024-07-14T16:39:13.313+0000] {dag.py:3096} INFO - Sync 1 DAGs
[2024-07-14T16:39:13.330+0000] {logging_mixin.py:188} INFO - [2024-07-14T16:39:13.330+0000] {dag.py:3954} INFO - Setting next_dagrun for example_dag_decorator to None, run_after=None
[2024-07-14T16:39:13.354+0000] {processor.py:183} INFO - Processing /home/airflow/.local/lib/python3.11/site-packages/airflow/example_dags/example_dag_decorator.py took 0.218 seconds
[2024-07-14T16:39:17.721+0000] {processor.py:161} INFO - Started process (PID=710) to work on /home/airflow/.local/lib/python3.11/site-packages/airflow/example_dags/example_dag_decorator.py
[2024-07-14T16:39:17.723+0000] {processor.py:830} INFO - Processing file /home/airflow/.local/lib/python3.11/site-packages/airflow/example_dags/example_dag_decorator.py for tasks to queue
[2024-07-14T16:39:17.727+0000] {logging_mixin.py:188} INFO - [2024-07-14T16:39:17.727+0000] {dagbag.py:545} INFO - Filling up the DagBag from /home/airflow/.local/lib/python3.11/site-packages/airflow/example_dags/example_dag_decorator.py
[2024-07-14T16:39:17.903+0000] {processor.py:840} INFO - DAG(s) 'example_dag_decorator' retrieved from /home/airflow/.local/lib/python3.11/site-packages/airflow/example_dags/example_dag_decorator.py
[2024-07-14T16:39:17.923+0000] {logging_mixin.py:188} INFO - [2024-07-14T16:39:17.923+0000] {dag.py:3096} INFO - Sync 1 DAGs
[2024-07-14T16:39:17.947+0000] {logging_mixin.py:188} INFO - [2024-07-14T16:39:17.947+0000] {dag.py:3954} INFO - Setting next_dagrun for example_dag_decorator to None, run_after=None
[2024-07-14T16:39:17.977+0000] {processor.py:183} INFO - Processing /home/airflow/.local/lib/python3.11/site-packages/airflow/example_dags/example_dag_decorator.py took 0.264 seconds
[2024-07-14T16:39:22.732+0000] {processor.py:161} INFO - Started process (PID=764) to work on /home/airflow/.local/lib/python3.11/site-packages/airflow/example_dags/example_dag_decorator.py
[2024-07-14T16:39:22.734+0000] {processor.py:830} INFO - Processing file /home/airflow/.local/lib/python3.11/site-packages/airflow/example_dags/example_dag_decorator.py for tasks to queue
[2024-07-14T16:39:22.737+0000] {logging_mixin.py:188} INFO - [2024-07-14T16:39:22.736+0000] {dagbag.py:545} INFO - Filling up the DagBag from /home/airflow/.local/lib/python3.11/site-packages/airflow/example_dags/example_dag_decorator.py
[2024-07-14T16:39:22.894+0000] {processor.py:840} INFO - DAG(s) 'example_dag_decorator' retrieved from /home/airflow/.local/lib/python3.11/site-packages/airflow/example_dags/example_dag_decorator.py
[2024-07-14T16:39:22.911+0000] {logging_mixin.py:188} INFO - [2024-07-14T16:39:22.910+0000] {dag.py:3096} INFO - Sync 1 DAGs
[2024-07-14T16:39:22.929+0000] {logging_mixin.py:188} INFO - [2024-07-14T16:39:22.929+0000] {dag.py:3954} INFO - Setting next_dagrun for example_dag_decorator to None, run_after=None
[2024-07-14T16:39:22.958+0000] {processor.py:183} INFO - Processing /home/airflow/.local/lib/python3.11/site-packages/airflow/example_dags/example_dag_decorator.py took 0.234 seconds
[2024-07-14T16:39:27.656+0000] {processor.py:161} INFO - Started process (PID=816) to work on /home/airflow/.local/lib/python3.11/site-packages/airflow/example_dags/example_dag_decorator.py
[2024-07-14T16:39:27.657+0000] {processor.py:830} INFO - Processing file /home/airflow/.local/lib/python3.11/site-packages/airflow/example_dags/example_dag_decorator.py for tasks to queue
[2024-07-14T16:39:27.660+0000] {logging_mixin.py:188} INFO - [2024-07-14T16:39:27.660+0000] {dagbag.py:545} INFO - Filling up the DagBag from /home/airflow/.local/lib/python3.11/site-packages/airflow/example_dags/example_dag_decorator.py
[2024-07-14T16:39:27.848+0000] {processor.py:840} INFO - DAG(s) 'example_dag_decorator' retrieved from /home/airflow/.local/lib/python3.11/site-packages/airflow/example_dags/example_dag_decorator.py
[2024-07-14T16:39:27.863+0000] {logging_mixin.py:188} INFO - [2024-07-14T16:39:27.863+0000] {dag.py:3096} INFO - Sync 1 DAGs
[2024-07-14T16:39:27.884+0000] {logging_mixin.py:188} INFO - [2024-07-14T16:39:27.884+0000] {dag.py:3954} INFO - Setting next_dagrun for example_dag_decorator to None, run_after=None
[2024-07-14T16:39:27.912+0000] {processor.py:183} INFO - Processing /home/airflow/.local/lib/python3.11/site-packages/airflow/example_dags/example_dag_decorator.py took 0.265 seconds
[2024-07-14T16:39:34.718+0000] {processor.py:161} INFO - Started process (PID=869) to work on /home/airflow/.local/lib/python3.11/site-packages/airflow/example_dags/example_dag_decorator.py
[2024-07-14T16:39:34.720+0000] {processor.py:830} INFO - Processing file /home/airflow/.local/lib/python3.11/site-packages/airflow/example_dags/example_dag_decorator.py for tasks to queue
[2024-07-14T16:39:34.723+0000] {logging_mixin.py:188} INFO - [2024-07-14T16:39:34.723+0000] {dagbag.py:545} INFO - Filling up the DagBag from /home/airflow/.local/lib/python3.11/site-packages/airflow/example_dags/example_dag_decorator.py
[2024-07-14T16:39:34.927+0000] {processor.py:840} INFO - DAG(s) 'example_dag_decorator' retrieved from /home/airflow/.local/lib/python3.11/site-packages/airflow/example_dags/example_dag_decorator.py
[2024-07-14T16:39:35.135+0000] {logging_mixin.py:188} INFO - [2024-07-14T16:39:35.134+0000] {dag.py:3096} INFO - Sync 1 DAGs
[2024-07-14T16:39:35.152+0000] {logging_mixin.py:188} INFO - [2024-07-14T16:39:35.152+0000] {dag.py:3954} INFO - Setting next_dagrun for example_dag_decorator to None, run_after=None
[2024-07-14T16:39:35.183+0000] {processor.py:183} INFO - Processing /home/airflow/.local/lib/python3.11/site-packages/airflow/example_dags/example_dag_decorator.py took 0.476 seconds
[2024-07-14T16:39:40.345+0000] {processor.py:161} INFO - Started process (PID=930) to work on /home/airflow/.local/lib/python3.11/site-packages/airflow/example_dags/example_dag_decorator.py
[2024-07-14T16:39:40.347+0000] {processor.py:830} INFO - Processing file /home/airflow/.local/lib/python3.11/site-packages/airflow/example_dags/example_dag_decorator.py for tasks to queue
[2024-07-14T16:39:40.352+0000] {logging_mixin.py:188} INFO - [2024-07-14T16:39:40.351+0000] {dagbag.py:545} INFO - Filling up the DagBag from /home/airflow/.local/lib/python3.11/site-packages/airflow/example_dags/example_dag_decorator.py
[2024-07-14T16:39:40.707+0000] {processor.py:840} INFO - DAG(s) 'example_dag_decorator' retrieved from /home/airflow/.local/lib/python3.11/site-packages/airflow/example_dags/example_dag_decorator.py
[2024-07-14T16:39:40.732+0000] {logging_mixin.py:188} INFO - [2024-07-14T16:39:40.731+0000] {dag.py:3096} INFO - Sync 1 DAGs
[2024-07-14T16:39:40.770+0000] {logging_mixin.py:188} INFO - [2024-07-14T16:39:40.769+0000] {dag.py:3954} INFO - Setting next_dagrun for example_dag_decorator to None, run_after=None
[2024-07-14T16:39:40.829+0000] {processor.py:183} INFO - Processing /home/airflow/.local/lib/python3.11/site-packages/airflow/example_dags/example_dag_decorator.py took 0.503 seconds
[2024-07-14T16:39:45.308+0000] {processor.py:161} INFO - Started process (PID=982) to work on /home/airflow/.local/lib/python3.11/site-packages/airflow/example_dags/example_dag_decorator.py
[2024-07-14T16:39:45.309+0000] {processor.py:830} INFO - Processing file /home/airflow/.local/lib/python3.11/site-packages/airflow/example_dags/example_dag_decorator.py for tasks to queue
[2024-07-14T16:39:45.312+0000] {logging_mixin.py:188} INFO - [2024-07-14T16:39:45.312+0000] {dagbag.py:545} INFO - Filling up the DagBag from /home/airflow/.local/lib/python3.11/site-packages/airflow/example_dags/example_dag_decorator.py
[2024-07-14T16:39:45.473+0000] {processor.py:840} INFO - DAG(s) 'example_dag_decorator' retrieved from /home/airflow/.local/lib/python3.11/site-packages/airflow/example_dags/example_dag_decorator.py
[2024-07-14T16:39:45.489+0000] {logging_mixin.py:188} INFO - [2024-07-14T16:39:45.488+0000] {dag.py:3096} INFO - Sync 1 DAGs
[2024-07-14T16:39:45.505+0000] {logging_mixin.py:188} INFO - [2024-07-14T16:39:45.504+0000] {dag.py:3954} INFO - Setting next_dagrun for example_dag_decorator to None, run_after=None
[2024-07-14T16:39:45.529+0000] {processor.py:183} INFO - Processing /home/airflow/.local/lib/python3.11/site-packages/airflow/example_dags/example_dag_decorator.py took 0.230 seconds
[2024-07-14T16:39:50.659+0000] {processor.py:161} INFO - Started process (PID=1035) to work on /home/airflow/.local/lib/python3.11/site-packages/airflow/example_dags/example_dag_decorator.py
[2024-07-14T16:39:50.661+0000] {processor.py:830} INFO - Processing file /home/airflow/.local/lib/python3.11/site-packages/airflow/example_dags/example_dag_decorator.py for tasks to queue
[2024-07-14T16:39:50.664+0000] {logging_mixin.py:188} INFO - [2024-07-14T16:39:50.663+0000] {dagbag.py:545} INFO - Filling up the DagBag from /home/airflow/.local/lib/python3.11/site-packages/airflow/example_dags/example_dag_decorator.py
[2024-07-14T16:39:50.805+0000] {processor.py:840} INFO - DAG(s) 'example_dag_decorator' retrieved from /home/airflow/.local/lib/python3.11/site-packages/airflow/example_dags/example_dag_decorator.py
[2024-07-14T16:39:50.820+0000] {logging_mixin.py:188} INFO - [2024-07-14T16:39:50.820+0000] {dag.py:3096} INFO - Sync 1 DAGs
[2024-07-14T16:39:50.840+0000] {logging_mixin.py:188} INFO - [2024-07-14T16:39:50.840+0000] {dag.py:3954} INFO - Setting next_dagrun for example_dag_decorator to None, run_after=None
[2024-07-14T16:39:50.884+0000] {processor.py:183} INFO - Processing /home/airflow/.local/lib/python3.11/site-packages/airflow/example_dags/example_dag_decorator.py took 0.232 seconds
[2024-07-14T16:39:55.463+0000] {processor.py:161} INFO - Started process (PID=1087) to work on /home/airflow/.local/lib/python3.11/site-packages/airflow/example_dags/example_dag_decorator.py
[2024-07-14T16:39:55.464+0000] {processor.py:830} INFO - Processing file /home/airflow/.local/lib/python3.11/site-packages/airflow/example_dags/example_dag_decorator.py for tasks to queue
[2024-07-14T16:39:55.466+0000] {logging_mixin.py:188} INFO - [2024-07-14T16:39:55.466+0000] {dagbag.py:545} INFO - Filling up the DagBag from /home/airflow/.local/lib/python3.11/site-packages/airflow/example_dags/example_dag_decorator.py
[2024-07-14T16:39:55.605+0000] {processor.py:840} INFO - DAG(s) 'example_dag_decorator' retrieved from /home/airflow/.local/lib/python3.11/site-packages/airflow/example_dags/example_dag_decorator.py
[2024-07-14T16:39:55.620+0000] {logging_mixin.py:188} INFO - [2024-07-14T16:39:55.620+0000] {dag.py:3096} INFO - Sync 1 DAGs
[2024-07-14T16:39:55.636+0000] {logging_mixin.py:188} INFO - [2024-07-14T16:39:55.636+0000] {dag.py:3954} INFO - Setting next_dagrun for example_dag_decorator to None, run_after=None
[2024-07-14T16:39:55.664+0000] {processor.py:183} INFO - Processing /home/airflow/.local/lib/python3.11/site-packages/airflow/example_dags/example_dag_decorator.py took 0.209 seconds
[2024-07-14T16:40:00.555+0000] {processor.py:161} INFO - Started process (PID=1140) to work on /home/airflow/.local/lib/python3.11/site-packages/airflow/example_dags/example_dag_decorator.py
[2024-07-14T16:40:00.556+0000] {processor.py:830} INFO - Processing file /home/airflow/.local/lib/python3.11/site-packages/airflow/example_dags/example_dag_decorator.py for tasks to queue
[2024-07-14T16:40:00.559+0000] {logging_mixin.py:188} INFO - [2024-07-14T16:40:00.559+0000] {dagbag.py:545} INFO - Filling up the DagBag from /home/airflow/.local/lib/python3.11/site-packages/airflow/example_dags/example_dag_decorator.py
[2024-07-14T16:40:00.763+0000] {processor.py:840} INFO - DAG(s) 'example_dag_decorator' retrieved from /home/airflow/.local/lib/python3.11/site-packages/airflow/example_dags/example_dag_decorator.py
[2024-07-14T16:40:00.779+0000] {logging_mixin.py:188} INFO - [2024-07-14T16:40:00.778+0000] {dag.py:3096} INFO - Sync 1 DAGs
[2024-07-14T16:40:00.805+0000] {logging_mixin.py:188} INFO - [2024-07-14T16:40:00.804+0000] {dag.py:3954} INFO - Setting next_dagrun for example_dag_decorator to None, run_after=None
[2024-07-14T16:40:00.830+0000] {processor.py:183} INFO - Processing /home/airflow/.local/lib/python3.11/site-packages/airflow/example_dags/example_dag_decorator.py took 0.284 seconds
[2024-07-14T16:40:05.824+0000] {processor.py:161} INFO - Started process (PID=1200) to work on /home/airflow/.local/lib/python3.11/site-packages/airflow/example_dags/example_dag_decorator.py
[2024-07-14T16:40:05.827+0000] {processor.py:830} INFO - Processing file /home/airflow/.local/lib/python3.11/site-packages/airflow/example_dags/example_dag_decorator.py for tasks to queue
[2024-07-14T16:40:05.832+0000] {logging_mixin.py:188} INFO - [2024-07-14T16:40:05.831+0000] {dagbag.py:545} INFO - Filling up the DagBag from /home/airflow/.local/lib/python3.11/site-packages/airflow/example_dags/example_dag_decorator.py
[2024-07-14T16:40:06.103+0000] {processor.py:840} INFO - DAG(s) 'example_dag_decorator' retrieved from /home/airflow/.local/lib/python3.11/site-packages/airflow/example_dags/example_dag_decorator.py
[2024-07-14T16:40:06.327+0000] {logging_mixin.py:188} INFO - [2024-07-14T16:40:06.326+0000] {dag.py:3096} INFO - Sync 1 DAGs
[2024-07-14T16:40:06.352+0000] {logging_mixin.py:188} INFO - [2024-07-14T16:40:06.352+0000] {dag.py:3954} INFO - Setting next_dagrun for example_dag_decorator to None, run_after=None
[2024-07-14T16:40:06.385+0000] {processor.py:183} INFO - Processing /home/airflow/.local/lib/python3.11/site-packages/airflow/example_dags/example_dag_decorator.py took 0.581 seconds
[2024-07-14T16:40:14.087+0000] {processor.py:161} INFO - Started process (PID=1252) to work on /home/airflow/.local/lib/python3.11/site-packages/airflow/example_dags/example_dag_decorator.py
[2024-07-14T16:40:14.090+0000] {processor.py:830} INFO - Processing file /home/airflow/.local/lib/python3.11/site-packages/airflow/example_dags/example_dag_decorator.py for tasks to queue
[2024-07-14T16:40:14.095+0000] {logging_mixin.py:188} INFO - [2024-07-14T16:40:14.094+0000] {dagbag.py:545} INFO - Filling up the DagBag from /home/airflow/.local/lib/python3.11/site-packages/airflow/example_dags/example_dag_decorator.py
[2024-07-14T16:40:14.366+0000] {processor.py:840} INFO - DAG(s) 'example_dag_decorator' retrieved from /home/airflow/.local/lib/python3.11/site-packages/airflow/example_dags/example_dag_decorator.py
[2024-07-14T16:40:14.394+0000] {logging_mixin.py:188} INFO - [2024-07-14T16:40:14.393+0000] {dag.py:3096} INFO - Sync 1 DAGs
[2024-07-14T16:40:14.424+0000] {logging_mixin.py:188} INFO - [2024-07-14T16:40:14.424+0000] {dag.py:3954} INFO - Setting next_dagrun for example_dag_decorator to None, run_after=None
[2024-07-14T16:40:14.465+0000] {processor.py:183} INFO - Processing /home/airflow/.local/lib/python3.11/site-packages/airflow/example_dags/example_dag_decorator.py took 0.397 seconds
[2024-07-14T16:40:21.247+0000] {processor.py:161} INFO - Started process (PID=1306) to work on /home/airflow/.local/lib/python3.11/site-packages/airflow/example_dags/example_dag_decorator.py
[2024-07-14T16:40:21.249+0000] {processor.py:830} INFO - Processing file /home/airflow/.local/lib/python3.11/site-packages/airflow/example_dags/example_dag_decorator.py for tasks to queue
[2024-07-14T16:40:21.252+0000] {logging_mixin.py:188} INFO - [2024-07-14T16:40:21.252+0000] {dagbag.py:545} INFO - Filling up the DagBag from /home/airflow/.local/lib/python3.11/site-packages/airflow/example_dags/example_dag_decorator.py
[2024-07-14T16:40:21.451+0000] {processor.py:840} INFO - DAG(s) 'example_dag_decorator' retrieved from /home/airflow/.local/lib/python3.11/site-packages/airflow/example_dags/example_dag_decorator.py
[2024-07-14T16:40:21.466+0000] {logging_mixin.py:188} INFO - [2024-07-14T16:40:21.466+0000] {dag.py:3096} INFO - Sync 1 DAGs
[2024-07-14T16:40:21.484+0000] {logging_mixin.py:188} INFO - [2024-07-14T16:40:21.484+0000] {dag.py:3954} INFO - Setting next_dagrun for example_dag_decorator to None, run_after=None
[2024-07-14T16:40:21.511+0000] {processor.py:183} INFO - Processing /home/airflow/.local/lib/python3.11/site-packages/airflow/example_dags/example_dag_decorator.py took 0.277 seconds
[2024-07-14T16:40:26.281+0000] {processor.py:161} INFO - Started process (PID=1358) to work on /home/airflow/.local/lib/python3.11/site-packages/airflow/example_dags/example_dag_decorator.py
[2024-07-14T16:40:26.283+0000] {processor.py:830} INFO - Processing file /home/airflow/.local/lib/python3.11/site-packages/airflow/example_dags/example_dag_decorator.py for tasks to queue
[2024-07-14T16:40:26.287+0000] {logging_mixin.py:188} INFO - [2024-07-14T16:40:26.286+0000] {dagbag.py:545} INFO - Filling up the DagBag from /home/airflow/.local/lib/python3.11/site-packages/airflow/example_dags/example_dag_decorator.py
[2024-07-14T16:40:26.488+0000] {processor.py:840} INFO - DAG(s) 'example_dag_decorator' retrieved from /home/airflow/.local/lib/python3.11/site-packages/airflow/example_dags/example_dag_decorator.py
[2024-07-14T16:40:26.505+0000] {logging_mixin.py:188} INFO - [2024-07-14T16:40:26.505+0000] {dag.py:3096} INFO - Sync 1 DAGs
[2024-07-14T16:40:26.526+0000] {logging_mixin.py:188} INFO - [2024-07-14T16:40:26.526+0000] {dag.py:3954} INFO - Setting next_dagrun for example_dag_decorator to None, run_after=None
[2024-07-14T16:40:26.552+0000] {processor.py:183} INFO - Processing /home/airflow/.local/lib/python3.11/site-packages/airflow/example_dags/example_dag_decorator.py took 0.286 seconds
[2024-07-14T16:40:32.085+0000] {processor.py:161} INFO - Started process (PID=1412) to work on /home/airflow/.local/lib/python3.11/site-packages/airflow/example_dags/example_dag_decorator.py
[2024-07-14T16:40:32.086+0000] {processor.py:830} INFO - Processing file /home/airflow/.local/lib/python3.11/site-packages/airflow/example_dags/example_dag_decorator.py for tasks to queue
[2024-07-14T16:40:32.089+0000] {logging_mixin.py:188} INFO - [2024-07-14T16:40:32.088+0000] {dagbag.py:545} INFO - Filling up the DagBag from /home/airflow/.local/lib/python3.11/site-packages/airflow/example_dags/example_dag_decorator.py
[2024-07-14T16:40:32.254+0000] {processor.py:840} INFO - DAG(s) 'example_dag_decorator' retrieved from /home/airflow/.local/lib/python3.11/site-packages/airflow/example_dags/example_dag_decorator.py
[2024-07-14T16:40:32.270+0000] {logging_mixin.py:188} INFO - [2024-07-14T16:40:32.270+0000] {dag.py:3096} INFO - Sync 1 DAGs
[2024-07-14T16:40:32.287+0000] {logging_mixin.py:188} INFO - [2024-07-14T16:40:32.287+0000] {dag.py:3954} INFO - Setting next_dagrun for example_dag_decorator to None, run_after=None
[2024-07-14T16:40:32.316+0000] {processor.py:183} INFO - Processing /home/airflow/.local/lib/python3.11/site-packages/airflow/example_dags/example_dag_decorator.py took 0.240 seconds
[2024-07-14T16:40:37.897+0000] {processor.py:161} INFO - Started process (PID=1470) to work on /home/airflow/.local/lib/python3.11/site-packages/airflow/example_dags/example_dag_decorator.py
[2024-07-14T16:40:37.898+0000] {processor.py:830} INFO - Processing file /home/airflow/.local/lib/python3.11/site-packages/airflow/example_dags/example_dag_decorator.py for tasks to queue
[2024-07-14T16:40:37.901+0000] {logging_mixin.py:188} INFO - [2024-07-14T16:40:37.901+0000] {dagbag.py:545} INFO - Filling up the DagBag from /home/airflow/.local/lib/python3.11/site-packages/airflow/example_dags/example_dag_decorator.py
[2024-07-14T16:40:38.054+0000] {processor.py:840} INFO - DAG(s) 'example_dag_decorator' retrieved from /home/airflow/.local/lib/python3.11/site-packages/airflow/example_dags/example_dag_decorator.py
[2024-07-14T16:40:38.197+0000] {logging_mixin.py:188} INFO - [2024-07-14T16:40:38.197+0000] {dag.py:3096} INFO - Sync 1 DAGs
[2024-07-14T16:40:38.210+0000] {logging_mixin.py:188} INFO - [2024-07-14T16:40:38.210+0000] {dag.py:3954} INFO - Setting next_dagrun for example_dag_decorator to None, run_after=None
[2024-07-14T16:40:38.236+0000] {processor.py:183} INFO - Processing /home/airflow/.local/lib/python3.11/site-packages/airflow/example_dags/example_dag_decorator.py took 0.352 seconds
[2024-07-14T16:40:43.663+0000] {processor.py:161} INFO - Started process (PID=1524) to work on /home/airflow/.local/lib/python3.11/site-packages/airflow/example_dags/example_dag_decorator.py
[2024-07-14T16:40:43.664+0000] {processor.py:830} INFO - Processing file /home/airflow/.local/lib/python3.11/site-packages/airflow/example_dags/example_dag_decorator.py for tasks to queue
[2024-07-14T16:40:43.667+0000] {logging_mixin.py:188} INFO - [2024-07-14T16:40:43.666+0000] {dagbag.py:545} INFO - Filling up the DagBag from /home/airflow/.local/lib/python3.11/site-packages/airflow/example_dags/example_dag_decorator.py
[2024-07-14T16:40:43.813+0000] {processor.py:840} INFO - DAG(s) 'example_dag_decorator' retrieved from /home/airflow/.local/lib/python3.11/site-packages/airflow/example_dags/example_dag_decorator.py
[2024-07-14T16:40:43.828+0000] {logging_mixin.py:188} INFO - [2024-07-14T16:40:43.828+0000] {dag.py:3096} INFO - Sync 1 DAGs
[2024-07-14T16:40:43.848+0000] {logging_mixin.py:188} INFO - [2024-07-14T16:40:43.848+0000] {dag.py:3954} INFO - Setting next_dagrun for example_dag_decorator to None, run_after=None
[2024-07-14T16:40:43.876+0000] {processor.py:183} INFO - Processing /home/airflow/.local/lib/python3.11/site-packages/airflow/example_dags/example_dag_decorator.py took 0.221 seconds
[2024-07-14T16:40:50.245+0000] {processor.py:161} INFO - Started process (PID=1576) to work on /home/airflow/.local/lib/python3.11/site-packages/airflow/example_dags/example_dag_decorator.py
[2024-07-14T16:40:50.247+0000] {processor.py:830} INFO - Processing file /home/airflow/.local/lib/python3.11/site-packages/airflow/example_dags/example_dag_decorator.py for tasks to queue
[2024-07-14T16:40:50.251+0000] {logging_mixin.py:188} INFO - [2024-07-14T16:40:50.250+0000] {dagbag.py:545} INFO - Filling up the DagBag from /home/airflow/.local/lib/python3.11/site-packages/airflow/example_dags/example_dag_decorator.py
[2024-07-14T16:40:50.481+0000] {processor.py:840} INFO - DAG(s) 'example_dag_decorator' retrieved from /home/airflow/.local/lib/python3.11/site-packages/airflow/example_dags/example_dag_decorator.py
[2024-07-14T16:40:50.503+0000] {logging_mixin.py:188} INFO - [2024-07-14T16:40:50.503+0000] {dag.py:3096} INFO - Sync 1 DAGs
[2024-07-14T16:40:50.529+0000] {logging_mixin.py:188} INFO - [2024-07-14T16:40:50.529+0000] {dag.py:3954} INFO - Setting next_dagrun for example_dag_decorator to None, run_after=None
[2024-07-14T16:40:50.559+0000] {processor.py:183} INFO - Processing /home/airflow/.local/lib/python3.11/site-packages/airflow/example_dags/example_dag_decorator.py took 0.324 seconds
[2024-07-14T16:41:00.477+0000] {processor.py:161} INFO - Started process (PID=1629) to work on /home/airflow/.local/lib/python3.11/site-packages/airflow/example_dags/example_dag_decorator.py
[2024-07-14T16:41:00.479+0000] {processor.py:830} INFO - Processing file /home/airflow/.local/lib/python3.11/site-packages/airflow/example_dags/example_dag_decorator.py for tasks to queue
[2024-07-14T16:41:00.481+0000] {logging_mixin.py:188} INFO - [2024-07-14T16:41:00.481+0000] {dagbag.py:545} INFO - Filling up the DagBag from /home/airflow/.local/lib/python3.11/site-packages/airflow/example_dags/example_dag_decorator.py
[2024-07-14T16:41:00.649+0000] {processor.py:840} INFO - DAG(s) 'example_dag_decorator' retrieved from /home/airflow/.local/lib/python3.11/site-packages/airflow/example_dags/example_dag_decorator.py
[2024-07-14T16:41:00.665+0000] {logging_mixin.py:188} INFO - [2024-07-14T16:41:00.664+0000] {dag.py:3096} INFO - Sync 1 DAGs
[2024-07-14T16:41:00.686+0000] {logging_mixin.py:188} INFO - [2024-07-14T16:41:00.686+0000] {dag.py:3954} INFO - Setting next_dagrun for example_dag_decorator to None, run_after=None
[2024-07-14T16:41:00.718+0000] {processor.py:183} INFO - Processing /home/airflow/.local/lib/python3.11/site-packages/airflow/example_dags/example_dag_decorator.py took 0.252 seconds
[2024-07-14T16:41:07.559+0000] {processor.py:161} INFO - Started process (PID=1687) to work on /home/airflow/.local/lib/python3.11/site-packages/airflow/example_dags/example_dag_decorator.py
[2024-07-14T16:41:07.561+0000] {processor.py:830} INFO - Processing file /home/airflow/.local/lib/python3.11/site-packages/airflow/example_dags/example_dag_decorator.py for tasks to queue
[2024-07-14T16:41:07.565+0000] {logging_mixin.py:188} INFO - [2024-07-14T16:41:07.564+0000] {dagbag.py:545} INFO - Filling up the DagBag from /home/airflow/.local/lib/python3.11/site-packages/airflow/example_dags/example_dag_decorator.py
[2024-07-14T16:41:07.767+0000] {processor.py:840} INFO - DAG(s) 'example_dag_decorator' retrieved from /home/airflow/.local/lib/python3.11/site-packages/airflow/example_dags/example_dag_decorator.py
[2024-07-14T16:41:07.785+0000] {logging_mixin.py:188} INFO - [2024-07-14T16:41:07.784+0000] {dag.py:3096} INFO - Sync 1 DAGs
[2024-07-14T16:41:07.809+0000] {logging_mixin.py:188} INFO - [2024-07-14T16:41:07.809+0000] {dag.py:3954} INFO - Setting next_dagrun for example_dag_decorator to None, run_after=None
[2024-07-14T16:41:07.842+0000] {processor.py:183} INFO - Processing /home/airflow/.local/lib/python3.11/site-packages/airflow/example_dags/example_dag_decorator.py took 0.296 seconds
[2024-07-14T16:41:14.027+0000] {processor.py:161} INFO - Started process (PID=1741) to work on /home/airflow/.local/lib/python3.11/site-packages/airflow/example_dags/example_dag_decorator.py
[2024-07-14T16:41:14.029+0000] {processor.py:830} INFO - Processing file /home/airflow/.local/lib/python3.11/site-packages/airflow/example_dags/example_dag_decorator.py for tasks to queue
[2024-07-14T16:41:14.032+0000] {logging_mixin.py:188} INFO - [2024-07-14T16:41:14.032+0000] {dagbag.py:545} INFO - Filling up the DagBag from /home/airflow/.local/lib/python3.11/site-packages/airflow/example_dags/example_dag_decorator.py
[2024-07-14T16:41:14.270+0000] {processor.py:840} INFO - DAG(s) 'example_dag_decorator' retrieved from /home/airflow/.local/lib/python3.11/site-packages/airflow/example_dags/example_dag_decorator.py
[2024-07-14T16:41:14.471+0000] {logging_mixin.py:188} INFO - [2024-07-14T16:41:14.470+0000] {dag.py:3096} INFO - Sync 1 DAGs
[2024-07-14T16:41:14.488+0000] {logging_mixin.py:188} INFO - [2024-07-14T16:41:14.488+0000] {dag.py:3954} INFO - Setting next_dagrun for example_dag_decorator to None, run_after=None
[2024-07-14T16:41:14.521+0000] {processor.py:183} INFO - Processing /home/airflow/.local/lib/python3.11/site-packages/airflow/example_dags/example_dag_decorator.py took 0.513 seconds
[2024-07-14T16:41:20.993+0000] {processor.py:161} INFO - Started process (PID=1793) to work on /home/airflow/.local/lib/python3.11/site-packages/airflow/example_dags/example_dag_decorator.py
[2024-07-14T16:41:20.994+0000] {processor.py:830} INFO - Processing file /home/airflow/.local/lib/python3.11/site-packages/airflow/example_dags/example_dag_decorator.py for tasks to queue
[2024-07-14T16:41:20.997+0000] {logging_mixin.py:188} INFO - [2024-07-14T16:41:20.996+0000] {dagbag.py:545} INFO - Filling up the DagBag from /home/airflow/.local/lib/python3.11/site-packages/airflow/example_dags/example_dag_decorator.py
[2024-07-14T16:41:21.226+0000] {processor.py:840} INFO - DAG(s) 'example_dag_decorator' retrieved from /home/airflow/.local/lib/python3.11/site-packages/airflow/example_dags/example_dag_decorator.py
[2024-07-14T16:41:21.246+0000] {logging_mixin.py:188} INFO - [2024-07-14T16:41:21.245+0000] {dag.py:3096} INFO - Sync 1 DAGs
[2024-07-14T16:41:21.274+0000] {logging_mixin.py:188} INFO - [2024-07-14T16:41:21.273+0000] {dag.py:3954} INFO - Setting next_dagrun for example_dag_decorator to None, run_after=None
[2024-07-14T16:41:21.306+0000] {processor.py:183} INFO - Processing /home/airflow/.local/lib/python3.11/site-packages/airflow/example_dags/example_dag_decorator.py took 0.322 seconds
[2024-07-14T16:41:31.456+0000] {processor.py:161} INFO - Started process (PID=1847) to work on /home/airflow/.local/lib/python3.11/site-packages/airflow/example_dags/example_dag_decorator.py
[2024-07-14T16:41:31.458+0000] {processor.py:830} INFO - Processing file /home/airflow/.local/lib/python3.11/site-packages/airflow/example_dags/example_dag_decorator.py for tasks to queue
[2024-07-14T16:41:31.461+0000] {logging_mixin.py:188} INFO - [2024-07-14T16:41:31.461+0000] {dagbag.py:545} INFO - Filling up the DagBag from /home/airflow/.local/lib/python3.11/site-packages/airflow/example_dags/example_dag_decorator.py
[2024-07-14T16:41:31.728+0000] {processor.py:840} INFO - DAG(s) 'example_dag_decorator' retrieved from /home/airflow/.local/lib/python3.11/site-packages/airflow/example_dags/example_dag_decorator.py
[2024-07-14T16:41:31.756+0000] {logging_mixin.py:188} INFO - [2024-07-14T16:41:31.756+0000] {dag.py:3096} INFO - Sync 1 DAGs
[2024-07-14T16:41:31.785+0000] {logging_mixin.py:188} INFO - [2024-07-14T16:41:31.784+0000] {dag.py:3954} INFO - Setting next_dagrun for example_dag_decorator to None, run_after=None
[2024-07-14T16:41:31.825+0000] {processor.py:183} INFO - Processing /home/airflow/.local/lib/python3.11/site-packages/airflow/example_dags/example_dag_decorator.py took 0.382 seconds
[2024-07-14T16:41:38.415+0000] {processor.py:161} INFO - Started process (PID=1905) to work on /home/airflow/.local/lib/python3.11/site-packages/airflow/example_dags/example_dag_decorator.py
[2024-07-14T16:41:38.417+0000] {processor.py:830} INFO - Processing file /home/airflow/.local/lib/python3.11/site-packages/airflow/example_dags/example_dag_decorator.py for tasks to queue
[2024-07-14T16:41:38.422+0000] {logging_mixin.py:188} INFO - [2024-07-14T16:41:38.421+0000] {dagbag.py:545} INFO - Filling up the DagBag from /home/airflow/.local/lib/python3.11/site-packages/airflow/example_dags/example_dag_decorator.py
[2024-07-14T16:41:38.719+0000] {processor.py:840} INFO - DAG(s) 'example_dag_decorator' retrieved from /home/airflow/.local/lib/python3.11/site-packages/airflow/example_dags/example_dag_decorator.py
[2024-07-14T16:41:38.752+0000] {logging_mixin.py:188} INFO - [2024-07-14T16:41:38.751+0000] {dag.py:3096} INFO - Sync 1 DAGs
[2024-07-14T16:41:38.799+0000] {logging_mixin.py:188} INFO - [2024-07-14T16:41:38.799+0000] {dag.py:3954} INFO - Setting next_dagrun for example_dag_decorator to None, run_after=None
[2024-07-14T16:41:38.884+0000] {processor.py:183} INFO - Processing /home/airflow/.local/lib/python3.11/site-packages/airflow/example_dags/example_dag_decorator.py took 0.483 seconds
[2024-07-14T16:41:44.595+0000] {processor.py:161} INFO - Started process (PID=1958) to work on /home/airflow/.local/lib/python3.11/site-packages/airflow/example_dags/example_dag_decorator.py
[2024-07-14T16:41:44.597+0000] {processor.py:830} INFO - Processing file /home/airflow/.local/lib/python3.11/site-packages/airflow/example_dags/example_dag_decorator.py for tasks to queue
[2024-07-14T16:41:44.600+0000] {logging_mixin.py:188} INFO - [2024-07-14T16:41:44.599+0000] {dagbag.py:545} INFO - Filling up the DagBag from /home/airflow/.local/lib/python3.11/site-packages/airflow/example_dags/example_dag_decorator.py
[2024-07-14T16:41:44.820+0000] {processor.py:840} INFO - DAG(s) 'example_dag_decorator' retrieved from /home/airflow/.local/lib/python3.11/site-packages/airflow/example_dags/example_dag_decorator.py
[2024-07-14T16:41:45.075+0000] {logging_mixin.py:188} INFO - [2024-07-14T16:41:45.075+0000] {dag.py:3096} INFO - Sync 1 DAGs
[2024-07-14T16:41:45.097+0000] {logging_mixin.py:188} INFO - [2024-07-14T16:41:45.097+0000] {dag.py:3954} INFO - Setting next_dagrun for example_dag_decorator to None, run_after=None
[2024-07-14T16:41:45.131+0000] {processor.py:183} INFO - Processing /home/airflow/.local/lib/python3.11/site-packages/airflow/example_dags/example_dag_decorator.py took 0.547 seconds
[2024-07-14T16:41:51.136+0000] {processor.py:161} INFO - Started process (PID=2010) to work on /home/airflow/.local/lib/python3.11/site-packages/airflow/example_dags/example_dag_decorator.py
[2024-07-14T16:41:51.139+0000] {processor.py:830} INFO - Processing file /home/airflow/.local/lib/python3.11/site-packages/airflow/example_dags/example_dag_decorator.py for tasks to queue
[2024-07-14T16:41:51.143+0000] {logging_mixin.py:188} INFO - [2024-07-14T16:41:51.143+0000] {dagbag.py:545} INFO - Filling up the DagBag from /home/airflow/.local/lib/python3.11/site-packages/airflow/example_dags/example_dag_decorator.py
[2024-07-14T16:41:51.488+0000] {processor.py:840} INFO - DAG(s) 'example_dag_decorator' retrieved from /home/airflow/.local/lib/python3.11/site-packages/airflow/example_dags/example_dag_decorator.py
[2024-07-14T16:41:51.508+0000] {logging_mixin.py:188} INFO - [2024-07-14T16:41:51.508+0000] {dag.py:3096} INFO - Sync 1 DAGs
[2024-07-14T16:41:51.536+0000] {logging_mixin.py:188} INFO - [2024-07-14T16:41:51.535+0000] {dag.py:3954} INFO - Setting next_dagrun for example_dag_decorator to None, run_after=None
[2024-07-14T16:41:51.563+0000] {processor.py:183} INFO - Processing /home/airflow/.local/lib/python3.11/site-packages/airflow/example_dags/example_dag_decorator.py took 0.452 seconds
[2024-07-14T16:41:57.877+0000] {processor.py:161} INFO - Started process (PID=2064) to work on /home/airflow/.local/lib/python3.11/site-packages/airflow/example_dags/example_dag_decorator.py
[2024-07-14T16:41:57.879+0000] {processor.py:830} INFO - Processing file /home/airflow/.local/lib/python3.11/site-packages/airflow/example_dags/example_dag_decorator.py for tasks to queue
[2024-07-14T16:41:57.883+0000] {logging_mixin.py:188} INFO - [2024-07-14T16:41:57.882+0000] {dagbag.py:545} INFO - Filling up the DagBag from /home/airflow/.local/lib/python3.11/site-packages/airflow/example_dags/example_dag_decorator.py
[2024-07-14T16:41:58.301+0000] {processor.py:840} INFO - DAG(s) 'example_dag_decorator' retrieved from /home/airflow/.local/lib/python3.11/site-packages/airflow/example_dags/example_dag_decorator.py
[2024-07-14T16:41:58.334+0000] {logging_mixin.py:188} INFO - [2024-07-14T16:41:58.333+0000] {dag.py:3096} INFO - Sync 1 DAGs
[2024-07-14T16:41:58.368+0000] {logging_mixin.py:188} INFO - [2024-07-14T16:41:58.368+0000] {dag.py:3954} INFO - Setting next_dagrun for example_dag_decorator to None, run_after=None
[2024-07-14T16:41:58.410+0000] {processor.py:183} INFO - Processing /home/airflow/.local/lib/python3.11/site-packages/airflow/example_dags/example_dag_decorator.py took 0.549 seconds
[2024-07-14T16:42:05.261+0000] {processor.py:161} INFO - Started process (PID=2116) to work on /home/airflow/.local/lib/python3.11/site-packages/airflow/example_dags/example_dag_decorator.py
[2024-07-14T16:42:05.264+0000] {processor.py:830} INFO - Processing file /home/airflow/.local/lib/python3.11/site-packages/airflow/example_dags/example_dag_decorator.py for tasks to queue
[2024-07-14T16:42:05.268+0000] {logging_mixin.py:188} INFO - [2024-07-14T16:42:05.267+0000] {dagbag.py:545} INFO - Filling up the DagBag from /home/airflow/.local/lib/python3.11/site-packages/airflow/example_dags/example_dag_decorator.py
[2024-07-14T16:42:05.534+0000] {processor.py:840} INFO - DAG(s) 'example_dag_decorator' retrieved from /home/airflow/.local/lib/python3.11/site-packages/airflow/example_dags/example_dag_decorator.py
[2024-07-14T16:42:05.558+0000] {logging_mixin.py:188} INFO - [2024-07-14T16:42:05.558+0000] {dag.py:3096} INFO - Sync 1 DAGs
[2024-07-14T16:42:05.586+0000] {logging_mixin.py:188} INFO - [2024-07-14T16:42:05.586+0000] {dag.py:3954} INFO - Setting next_dagrun for example_dag_decorator to None, run_after=None
[2024-07-14T16:42:05.646+0000] {processor.py:183} INFO - Processing /home/airflow/.local/lib/python3.11/site-packages/airflow/example_dags/example_dag_decorator.py took 0.403 seconds
[2024-07-14T16:42:11.740+0000] {processor.py:161} INFO - Started process (PID=2175) to work on /home/airflow/.local/lib/python3.11/site-packages/airflow/example_dags/example_dag_decorator.py
[2024-07-14T16:42:11.741+0000] {processor.py:830} INFO - Processing file /home/airflow/.local/lib/python3.11/site-packages/airflow/example_dags/example_dag_decorator.py for tasks to queue
[2024-07-14T16:42:11.745+0000] {logging_mixin.py:188} INFO - [2024-07-14T16:42:11.744+0000] {dagbag.py:545} INFO - Filling up the DagBag from /home/airflow/.local/lib/python3.11/site-packages/airflow/example_dags/example_dag_decorator.py
[2024-07-14T16:42:11.969+0000] {processor.py:840} INFO - DAG(s) 'example_dag_decorator' retrieved from /home/airflow/.local/lib/python3.11/site-packages/airflow/example_dags/example_dag_decorator.py
[2024-07-14T16:42:11.987+0000] {logging_mixin.py:188} INFO - [2024-07-14T16:42:11.987+0000] {dag.py:3096} INFO - Sync 1 DAGs
[2024-07-14T16:42:12.010+0000] {logging_mixin.py:188} INFO - [2024-07-14T16:42:12.010+0000] {dag.py:3954} INFO - Setting next_dagrun for example_dag_decorator to None, run_after=None
[2024-07-14T16:42:12.042+0000] {processor.py:183} INFO - Processing /home/airflow/.local/lib/python3.11/site-packages/airflow/example_dags/example_dag_decorator.py took 0.319 seconds
[2024-07-14T16:42:16.906+0000] {processor.py:161} INFO - Started process (PID=2227) to work on /home/airflow/.local/lib/python3.11/site-packages/airflow/example_dags/example_dag_decorator.py
[2024-07-14T16:42:16.908+0000] {processor.py:830} INFO - Processing file /home/airflow/.local/lib/python3.11/site-packages/airflow/example_dags/example_dag_decorator.py for tasks to queue
[2024-07-14T16:42:16.914+0000] {logging_mixin.py:188} INFO - [2024-07-14T16:42:16.913+0000] {dagbag.py:545} INFO - Filling up the DagBag from /home/airflow/.local/lib/python3.11/site-packages/airflow/example_dags/example_dag_decorator.py
[2024-07-14T16:42:17.133+0000] {processor.py:840} INFO - DAG(s) 'example_dag_decorator' retrieved from /home/airflow/.local/lib/python3.11/site-packages/airflow/example_dags/example_dag_decorator.py
[2024-07-14T16:42:17.318+0000] {logging_mixin.py:188} INFO - [2024-07-14T16:42:17.318+0000] {dag.py:3096} INFO - Sync 1 DAGs
[2024-07-14T16:42:17.332+0000] {logging_mixin.py:188} INFO - [2024-07-14T16:42:17.332+0000] {dag.py:3954} INFO - Setting next_dagrun for example_dag_decorator to None, run_after=None
[2024-07-14T16:42:17.361+0000] {processor.py:183} INFO - Processing /home/airflow/.local/lib/python3.11/site-packages/airflow/example_dags/example_dag_decorator.py took 0.466 seconds
[2024-07-14T16:42:22.145+0000] {processor.py:161} INFO - Started process (PID=2281) to work on /home/airflow/.local/lib/python3.11/site-packages/airflow/example_dags/example_dag_decorator.py
[2024-07-14T16:42:22.146+0000] {processor.py:830} INFO - Processing file /home/airflow/.local/lib/python3.11/site-packages/airflow/example_dags/example_dag_decorator.py for tasks to queue
[2024-07-14T16:42:22.149+0000] {logging_mixin.py:188} INFO - [2024-07-14T16:42:22.148+0000] {dagbag.py:545} INFO - Filling up the DagBag from /home/airflow/.local/lib/python3.11/site-packages/airflow/example_dags/example_dag_decorator.py
[2024-07-14T16:42:22.290+0000] {processor.py:840} INFO - DAG(s) 'example_dag_decorator' retrieved from /home/airflow/.local/lib/python3.11/site-packages/airflow/example_dags/example_dag_decorator.py
[2024-07-14T16:42:22.305+0000] {logging_mixin.py:188} INFO - [2024-07-14T16:42:22.305+0000] {dag.py:3096} INFO - Sync 1 DAGs
[2024-07-14T16:42:22.323+0000] {logging_mixin.py:188} INFO - [2024-07-14T16:42:22.323+0000] {dag.py:3954} INFO - Setting next_dagrun for example_dag_decorator to None, run_after=None
[2024-07-14T16:42:22.351+0000] {processor.py:183} INFO - Processing /home/airflow/.local/lib/python3.11/site-packages/airflow/example_dags/example_dag_decorator.py took 0.214 seconds
[2024-07-14T16:42:27.143+0000] {processor.py:161} INFO - Started process (PID=2333) to work on /home/airflow/.local/lib/python3.11/site-packages/airflow/example_dags/example_dag_decorator.py
[2024-07-14T16:42:27.145+0000] {processor.py:830} INFO - Processing file /home/airflow/.local/lib/python3.11/site-packages/airflow/example_dags/example_dag_decorator.py for tasks to queue
[2024-07-14T16:42:27.149+0000] {logging_mixin.py:188} INFO - [2024-07-14T16:42:27.148+0000] {dagbag.py:545} INFO - Filling up the DagBag from /home/airflow/.local/lib/python3.11/site-packages/airflow/example_dags/example_dag_decorator.py
[2024-07-14T16:42:27.315+0000] {processor.py:840} INFO - DAG(s) 'example_dag_decorator' retrieved from /home/airflow/.local/lib/python3.11/site-packages/airflow/example_dags/example_dag_decorator.py
[2024-07-14T16:42:27.333+0000] {logging_mixin.py:188} INFO - [2024-07-14T16:42:27.332+0000] {dag.py:3096} INFO - Sync 1 DAGs
[2024-07-14T16:42:27.352+0000] {logging_mixin.py:188} INFO - [2024-07-14T16:42:27.352+0000] {dag.py:3954} INFO - Setting next_dagrun for example_dag_decorator to None, run_after=None
[2024-07-14T16:42:27.381+0000] {processor.py:183} INFO - Processing /home/airflow/.local/lib/python3.11/site-packages/airflow/example_dags/example_dag_decorator.py took 0.246 seconds
[2024-07-14T16:42:34.052+0000] {processor.py:161} INFO - Started process (PID=2386) to work on /home/airflow/.local/lib/python3.11/site-packages/airflow/example_dags/example_dag_decorator.py
[2024-07-14T16:42:34.054+0000] {processor.py:830} INFO - Processing file /home/airflow/.local/lib/python3.11/site-packages/airflow/example_dags/example_dag_decorator.py for tasks to queue
[2024-07-14T16:42:34.057+0000] {logging_mixin.py:188} INFO - [2024-07-14T16:42:34.056+0000] {dagbag.py:545} INFO - Filling up the DagBag from /home/airflow/.local/lib/python3.11/site-packages/airflow/example_dags/example_dag_decorator.py
[2024-07-14T16:42:34.298+0000] {processor.py:840} INFO - DAG(s) 'example_dag_decorator' retrieved from /home/airflow/.local/lib/python3.11/site-packages/airflow/example_dags/example_dag_decorator.py
[2024-07-14T16:42:34.312+0000] {logging_mixin.py:188} INFO - [2024-07-14T16:42:34.312+0000] {dag.py:3096} INFO - Sync 1 DAGs
[2024-07-14T16:42:34.336+0000] {logging_mixin.py:188} INFO - [2024-07-14T16:42:34.336+0000] {dag.py:3954} INFO - Setting next_dagrun for example_dag_decorator to None, run_after=None
[2024-07-14T16:42:34.369+0000] {processor.py:183} INFO - Processing /home/airflow/.local/lib/python3.11/site-packages/airflow/example_dags/example_dag_decorator.py took 0.328 seconds
[2024-07-14T16:42:41.633+0000] {processor.py:161} INFO - Started process (PID=2444) to work on /home/airflow/.local/lib/python3.11/site-packages/airflow/example_dags/example_dag_decorator.py
[2024-07-14T16:42:41.635+0000] {processor.py:830} INFO - Processing file /home/airflow/.local/lib/python3.11/site-packages/airflow/example_dags/example_dag_decorator.py for tasks to queue
[2024-07-14T16:42:41.640+0000] {logging_mixin.py:188} INFO - [2024-07-14T16:42:41.640+0000] {dagbag.py:545} INFO - Filling up the DagBag from /home/airflow/.local/lib/python3.11/site-packages/airflow/example_dags/example_dag_decorator.py
[2024-07-14T16:42:42.014+0000] {processor.py:840} INFO - DAG(s) 'example_dag_decorator' retrieved from /home/airflow/.local/lib/python3.11/site-packages/airflow/example_dags/example_dag_decorator.py
[2024-07-14T16:42:42.052+0000] {logging_mixin.py:188} INFO - [2024-07-14T16:42:42.052+0000] {dag.py:3096} INFO - Sync 1 DAGs
[2024-07-14T16:42:42.103+0000] {logging_mixin.py:188} INFO - [2024-07-14T16:42:42.103+0000] {dag.py:3954} INFO - Setting next_dagrun for example_dag_decorator to None, run_after=None
[2024-07-14T16:42:42.164+0000] {processor.py:183} INFO - Processing /home/airflow/.local/lib/python3.11/site-packages/airflow/example_dags/example_dag_decorator.py took 0.549 seconds
[2024-07-14T16:42:51.770+0000] {processor.py:161} INFO - Started process (PID=2497) to work on /home/airflow/.local/lib/python3.11/site-packages/airflow/example_dags/example_dag_decorator.py
[2024-07-14T16:42:51.771+0000] {processor.py:830} INFO - Processing file /home/airflow/.local/lib/python3.11/site-packages/airflow/example_dags/example_dag_decorator.py for tasks to queue
[2024-07-14T16:42:51.774+0000] {logging_mixin.py:188} INFO - [2024-07-14T16:42:51.774+0000] {dagbag.py:545} INFO - Filling up the DagBag from /home/airflow/.local/lib/python3.11/site-packages/airflow/example_dags/example_dag_decorator.py
[2024-07-14T16:42:51.998+0000] {processor.py:840} INFO - DAG(s) 'example_dag_decorator' retrieved from /home/airflow/.local/lib/python3.11/site-packages/airflow/example_dags/example_dag_decorator.py
[2024-07-14T16:42:52.189+0000] {logging_mixin.py:188} INFO - [2024-07-14T16:42:52.189+0000] {dag.py:3096} INFO - Sync 1 DAGs
[2024-07-14T16:42:52.218+0000] {logging_mixin.py:188} INFO - [2024-07-14T16:42:52.217+0000] {dag.py:3954} INFO - Setting next_dagrun for example_dag_decorator to None, run_after=None
[2024-07-14T16:42:52.259+0000] {processor.py:183} INFO - Processing /home/airflow/.local/lib/python3.11/site-packages/airflow/example_dags/example_dag_decorator.py took 0.499 seconds
[2024-07-14T16:42:58.738+0000] {processor.py:161} INFO - Started process (PID=2549) to work on /home/airflow/.local/lib/python3.11/site-packages/airflow/example_dags/example_dag_decorator.py
[2024-07-14T16:42:58.740+0000] {processor.py:830} INFO - Processing file /home/airflow/.local/lib/python3.11/site-packages/airflow/example_dags/example_dag_decorator.py for tasks to queue
[2024-07-14T16:42:58.746+0000] {logging_mixin.py:188} INFO - [2024-07-14T16:42:58.745+0000] {dagbag.py:545} INFO - Filling up the DagBag from /home/airflow/.local/lib/python3.11/site-packages/airflow/example_dags/example_dag_decorator.py
[2024-07-14T16:42:59.109+0000] {processor.py:840} INFO - DAG(s) 'example_dag_decorator' retrieved from /home/airflow/.local/lib/python3.11/site-packages/airflow/example_dags/example_dag_decorator.py
[2024-07-14T16:42:59.137+0000] {logging_mixin.py:188} INFO - [2024-07-14T16:42:59.136+0000] {dag.py:3096} INFO - Sync 1 DAGs
[2024-07-14T16:42:59.170+0000] {logging_mixin.py:188} INFO - [2024-07-14T16:42:59.170+0000] {dag.py:3954} INFO - Setting next_dagrun for example_dag_decorator to None, run_after=None
[2024-07-14T16:42:59.212+0000] {processor.py:183} INFO - Processing /home/airflow/.local/lib/python3.11/site-packages/airflow/example_dags/example_dag_decorator.py took 0.487 seconds
[2024-07-14T16:43:04.815+0000] {processor.py:161} INFO - Started process (PID=2602) to work on /home/airflow/.local/lib/python3.11/site-packages/airflow/example_dags/example_dag_decorator.py
[2024-07-14T16:43:04.817+0000] {processor.py:830} INFO - Processing file /home/airflow/.local/lib/python3.11/site-packages/airflow/example_dags/example_dag_decorator.py for tasks to queue
[2024-07-14T16:43:04.821+0000] {logging_mixin.py:188} INFO - [2024-07-14T16:43:04.820+0000] {dagbag.py:545} INFO - Filling up the DagBag from /home/airflow/.local/lib/python3.11/site-packages/airflow/example_dags/example_dag_decorator.py
[2024-07-14T16:43:05.043+0000] {processor.py:840} INFO - DAG(s) 'example_dag_decorator' retrieved from /home/airflow/.local/lib/python3.11/site-packages/airflow/example_dags/example_dag_decorator.py
[2024-07-14T16:43:05.063+0000] {logging_mixin.py:188} INFO - [2024-07-14T16:43:05.063+0000] {dag.py:3096} INFO - Sync 1 DAGs
[2024-07-14T16:43:05.089+0000] {logging_mixin.py:188} INFO - [2024-07-14T16:43:05.088+0000] {dag.py:3954} INFO - Setting next_dagrun for example_dag_decorator to None, run_after=None
[2024-07-14T16:43:05.122+0000] {processor.py:183} INFO - Processing /home/airflow/.local/lib/python3.11/site-packages/airflow/example_dags/example_dag_decorator.py took 0.322 seconds
[2024-07-14T16:43:13.156+0000] {processor.py:161} INFO - Started process (PID=2660) to work on /home/airflow/.local/lib/python3.11/site-packages/airflow/example_dags/example_dag_decorator.py
[2024-07-14T16:43:13.158+0000] {processor.py:830} INFO - Processing file /home/airflow/.local/lib/python3.11/site-packages/airflow/example_dags/example_dag_decorator.py for tasks to queue
[2024-07-14T16:43:13.163+0000] {logging_mixin.py:188} INFO - [2024-07-14T16:43:13.162+0000] {dagbag.py:545} INFO - Filling up the DagBag from /home/airflow/.local/lib/python3.11/site-packages/airflow/example_dags/example_dag_decorator.py
[2024-07-14T16:43:13.490+0000] {processor.py:840} INFO - DAG(s) 'example_dag_decorator' retrieved from /home/airflow/.local/lib/python3.11/site-packages/airflow/example_dags/example_dag_decorator.py
[2024-07-14T16:43:13.528+0000] {logging_mixin.py:188} INFO - [2024-07-14T16:43:13.527+0000] {dag.py:3096} INFO - Sync 1 DAGs
[2024-07-14T16:43:13.571+0000] {logging_mixin.py:188} INFO - [2024-07-14T16:43:13.571+0000] {dag.py:3954} INFO - Setting next_dagrun for example_dag_decorator to None, run_after=None
[2024-07-14T16:43:13.622+0000] {processor.py:183} INFO - Processing /home/airflow/.local/lib/python3.11/site-packages/airflow/example_dags/example_dag_decorator.py took 0.482 seconds
[2024-07-14T16:43:25.198+0000] {processor.py:161} INFO - Started process (PID=2713) to work on /home/airflow/.local/lib/python3.11/site-packages/airflow/example_dags/example_dag_decorator.py
[2024-07-14T16:43:25.200+0000] {processor.py:830} INFO - Processing file /home/airflow/.local/lib/python3.11/site-packages/airflow/example_dags/example_dag_decorator.py for tasks to queue
[2024-07-14T16:43:25.207+0000] {logging_mixin.py:188} INFO - [2024-07-14T16:43:25.206+0000] {dagbag.py:545} INFO - Filling up the DagBag from /home/airflow/.local/lib/python3.11/site-packages/airflow/example_dags/example_dag_decorator.py
[2024-07-14T16:43:25.674+0000] {processor.py:840} INFO - DAG(s) 'example_dag_decorator' retrieved from /home/airflow/.local/lib/python3.11/site-packages/airflow/example_dags/example_dag_decorator.py
[2024-07-14T16:43:25.748+0000] {logging_mixin.py:188} INFO - [2024-07-14T16:43:25.747+0000] {dag.py:3096} INFO - Sync 1 DAGs
[2024-07-14T16:43:25.792+0000] {logging_mixin.py:188} INFO - [2024-07-14T16:43:25.791+0000] {dag.py:3954} INFO - Setting next_dagrun for example_dag_decorator to None, run_after=None
[2024-07-14T16:43:25.872+0000] {processor.py:183} INFO - Processing /home/airflow/.local/lib/python3.11/site-packages/airflow/example_dags/example_dag_decorator.py took 0.697 seconds
[2024-07-14T16:43:36.101+0000] {processor.py:161} INFO - Started process (PID=2765) to work on /home/airflow/.local/lib/python3.11/site-packages/airflow/example_dags/example_dag_decorator.py
[2024-07-14T16:43:36.104+0000] {processor.py:830} INFO - Processing file /home/airflow/.local/lib/python3.11/site-packages/airflow/example_dags/example_dag_decorator.py for tasks to queue
[2024-07-14T16:43:36.110+0000] {logging_mixin.py:188} INFO - [2024-07-14T16:43:36.109+0000] {dagbag.py:545} INFO - Filling up the DagBag from /home/airflow/.local/lib/python3.11/site-packages/airflow/example_dags/example_dag_decorator.py
[2024-07-14T16:43:36.347+0000] {processor.py:840} INFO - DAG(s) 'example_dag_decorator' retrieved from /home/airflow/.local/lib/python3.11/site-packages/airflow/example_dags/example_dag_decorator.py
[2024-07-14T16:43:36.390+0000] {logging_mixin.py:188} INFO - [2024-07-14T16:43:36.390+0000] {dag.py:3096} INFO - Sync 1 DAGs
[2024-07-14T16:43:36.415+0000] {logging_mixin.py:188} INFO - [2024-07-14T16:43:36.415+0000] {dag.py:3954} INFO - Setting next_dagrun for example_dag_decorator to None, run_after=None
[2024-07-14T16:43:36.446+0000] {processor.py:183} INFO - Processing /home/airflow/.local/lib/python3.11/site-packages/airflow/example_dags/example_dag_decorator.py took 0.363 seconds
[2024-07-14T16:43:44.261+0000] {processor.py:161} INFO - Started process (PID=2824) to work on /home/airflow/.local/lib/python3.11/site-packages/airflow/example_dags/example_dag_decorator.py
[2024-07-14T16:43:44.264+0000] {processor.py:830} INFO - Processing file /home/airflow/.local/lib/python3.11/site-packages/airflow/example_dags/example_dag_decorator.py for tasks to queue
[2024-07-14T16:43:44.268+0000] {logging_mixin.py:188} INFO - [2024-07-14T16:43:44.268+0000] {dagbag.py:545} INFO - Filling up the DagBag from /home/airflow/.local/lib/python3.11/site-packages/airflow/example_dags/example_dag_decorator.py
[2024-07-14T16:43:44.567+0000] {processor.py:840} INFO - DAG(s) 'example_dag_decorator' retrieved from /home/airflow/.local/lib/python3.11/site-packages/airflow/example_dags/example_dag_decorator.py
[2024-07-14T16:43:44.609+0000] {logging_mixin.py:188} INFO - [2024-07-14T16:43:44.609+0000] {dag.py:3096} INFO - Sync 1 DAGs
[2024-07-14T16:43:44.632+0000] {logging_mixin.py:188} INFO - [2024-07-14T16:43:44.632+0000] {dag.py:3954} INFO - Setting next_dagrun for example_dag_decorator to None, run_after=None
[2024-07-14T16:43:44.665+0000] {processor.py:183} INFO - Processing /home/airflow/.local/lib/python3.11/site-packages/airflow/example_dags/example_dag_decorator.py took 0.419 seconds
[2024-07-14T16:43:51.072+0000] {processor.py:161} INFO - Started process (PID=2878) to work on /home/airflow/.local/lib/python3.11/site-packages/airflow/example_dags/example_dag_decorator.py
[2024-07-14T16:43:51.075+0000] {processor.py:830} INFO - Processing file /home/airflow/.local/lib/python3.11/site-packages/airflow/example_dags/example_dag_decorator.py for tasks to queue
[2024-07-14T16:43:51.080+0000] {logging_mixin.py:188} INFO - [2024-07-14T16:43:51.079+0000] {dagbag.py:545} INFO - Filling up the DagBag from /home/airflow/.local/lib/python3.11/site-packages/airflow/example_dags/example_dag_decorator.py
[2024-07-14T16:43:51.381+0000] {processor.py:840} INFO - DAG(s) 'example_dag_decorator' retrieved from /home/airflow/.local/lib/python3.11/site-packages/airflow/example_dags/example_dag_decorator.py
[2024-07-14T16:43:51.690+0000] {logging_mixin.py:188} INFO - [2024-07-14T16:43:51.690+0000] {dag.py:3096} INFO - Sync 1 DAGs
[2024-07-14T16:43:51.711+0000] {logging_mixin.py:188} INFO - [2024-07-14T16:43:51.711+0000] {dag.py:3954} INFO - Setting next_dagrun for example_dag_decorator to None, run_after=None
[2024-07-14T16:43:51.753+0000] {processor.py:183} INFO - Processing /home/airflow/.local/lib/python3.11/site-packages/airflow/example_dags/example_dag_decorator.py took 0.700 seconds
[2024-07-14T16:43:58.951+0000] {processor.py:161} INFO - Started process (PID=2930) to work on /home/airflow/.local/lib/python3.11/site-packages/airflow/example_dags/example_dag_decorator.py
[2024-07-14T16:43:58.955+0000] {processor.py:830} INFO - Processing file /home/airflow/.local/lib/python3.11/site-packages/airflow/example_dags/example_dag_decorator.py for tasks to queue
[2024-07-14T16:43:58.961+0000] {logging_mixin.py:188} INFO - [2024-07-14T16:43:58.960+0000] {dagbag.py:545} INFO - Filling up the DagBag from /home/airflow/.local/lib/python3.11/site-packages/airflow/example_dags/example_dag_decorator.py
[2024-07-14T16:43:59.467+0000] {processor.py:840} INFO - DAG(s) 'example_dag_decorator' retrieved from /home/airflow/.local/lib/python3.11/site-packages/airflow/example_dags/example_dag_decorator.py
[2024-07-14T16:43:59.503+0000] {logging_mixin.py:188} INFO - [2024-07-14T16:43:59.502+0000] {dag.py:3096} INFO - Sync 1 DAGs
[2024-07-14T16:43:59.540+0000] {logging_mixin.py:188} INFO - [2024-07-14T16:43:59.540+0000] {dag.py:3954} INFO - Setting next_dagrun for example_dag_decorator to None, run_after=None
[2024-07-14T16:43:59.578+0000] {processor.py:183} INFO - Processing /home/airflow/.local/lib/python3.11/site-packages/airflow/example_dags/example_dag_decorator.py took 0.656 seconds
[2024-07-14T16:44:09.021+0000] {processor.py:161} INFO - Started process (PID=2990) to work on /home/airflow/.local/lib/python3.11/site-packages/airflow/example_dags/example_dag_decorator.py
[2024-07-14T16:44:09.023+0000] {processor.py:830} INFO - Processing file /home/airflow/.local/lib/python3.11/site-packages/airflow/example_dags/example_dag_decorator.py for tasks to queue
[2024-07-14T16:44:09.027+0000] {logging_mixin.py:188} INFO - [2024-07-14T16:44:09.027+0000] {dagbag.py:545} INFO - Filling up the DagBag from /home/airflow/.local/lib/python3.11/site-packages/airflow/example_dags/example_dag_decorator.py
[2024-07-14T16:44:09.282+0000] {processor.py:840} INFO - DAG(s) 'example_dag_decorator' retrieved from /home/airflow/.local/lib/python3.11/site-packages/airflow/example_dags/example_dag_decorator.py
[2024-07-14T16:44:09.299+0000] {logging_mixin.py:188} INFO - [2024-07-14T16:44:09.299+0000] {dag.py:3096} INFO - Sync 1 DAGs
[2024-07-14T16:44:09.320+0000] {logging_mixin.py:188} INFO - [2024-07-14T16:44:09.320+0000] {dag.py:3954} INFO - Setting next_dagrun for example_dag_decorator to None, run_after=None
[2024-07-14T16:44:09.349+0000] {processor.py:183} INFO - Processing /home/airflow/.local/lib/python3.11/site-packages/airflow/example_dags/example_dag_decorator.py took 0.345 seconds
[2024-07-14T16:44:14.066+0000] {processor.py:161} INFO - Started process (PID=3042) to work on /home/airflow/.local/lib/python3.11/site-packages/airflow/example_dags/example_dag_decorator.py
[2024-07-14T16:44:14.067+0000] {processor.py:830} INFO - Processing file /home/airflow/.local/lib/python3.11/site-packages/airflow/example_dags/example_dag_decorator.py for tasks to queue
[2024-07-14T16:44:14.070+0000] {logging_mixin.py:188} INFO - [2024-07-14T16:44:14.070+0000] {dagbag.py:545} INFO - Filling up the DagBag from /home/airflow/.local/lib/python3.11/site-packages/airflow/example_dags/example_dag_decorator.py
[2024-07-14T16:44:14.218+0000] {processor.py:840} INFO - DAG(s) 'example_dag_decorator' retrieved from /home/airflow/.local/lib/python3.11/site-packages/airflow/example_dags/example_dag_decorator.py
[2024-07-14T16:44:14.234+0000] {logging_mixin.py:188} INFO - [2024-07-14T16:44:14.233+0000] {dag.py:3096} INFO - Sync 1 DAGs
[2024-07-14T16:44:14.251+0000] {logging_mixin.py:188} INFO - [2024-07-14T16:44:14.251+0000] {dag.py:3954} INFO - Setting next_dagrun for example_dag_decorator to None, run_after=None
[2024-07-14T16:44:14.276+0000] {processor.py:183} INFO - Processing /home/airflow/.local/lib/python3.11/site-packages/airflow/example_dags/example_dag_decorator.py took 0.218 seconds
[2024-07-14T16:44:19.772+0000] {processor.py:161} INFO - Started process (PID=3095) to work on /home/airflow/.local/lib/python3.11/site-packages/airflow/example_dags/example_dag_decorator.py
[2024-07-14T16:44:19.774+0000] {processor.py:830} INFO - Processing file /home/airflow/.local/lib/python3.11/site-packages/airflow/example_dags/example_dag_decorator.py for tasks to queue
[2024-07-14T16:44:19.777+0000] {logging_mixin.py:188} INFO - [2024-07-14T16:44:19.776+0000] {dagbag.py:545} INFO - Filling up the DagBag from /home/airflow/.local/lib/python3.11/site-packages/airflow/example_dags/example_dag_decorator.py
[2024-07-14T16:44:19.977+0000] {processor.py:840} INFO - DAG(s) 'example_dag_decorator' retrieved from /home/airflow/.local/lib/python3.11/site-packages/airflow/example_dags/example_dag_decorator.py
[2024-07-14T16:44:20.001+0000] {logging_mixin.py:188} INFO - [2024-07-14T16:44:20.000+0000] {dag.py:3096} INFO - Sync 1 DAGs
[2024-07-14T16:44:20.030+0000] {logging_mixin.py:188} INFO - [2024-07-14T16:44:20.030+0000] {dag.py:3954} INFO - Setting next_dagrun for example_dag_decorator to None, run_after=None
[2024-07-14T16:44:20.085+0000] {processor.py:183} INFO - Processing /home/airflow/.local/lib/python3.11/site-packages/airflow/example_dags/example_dag_decorator.py took 0.323 seconds
[2024-07-14T16:44:25.057+0000] {processor.py:161} INFO - Started process (PID=3147) to work on /home/airflow/.local/lib/python3.11/site-packages/airflow/example_dags/example_dag_decorator.py
[2024-07-14T16:44:25.058+0000] {processor.py:830} INFO - Processing file /home/airflow/.local/lib/python3.11/site-packages/airflow/example_dags/example_dag_decorator.py for tasks to queue
[2024-07-14T16:44:25.062+0000] {logging_mixin.py:188} INFO - [2024-07-14T16:44:25.061+0000] {dagbag.py:545} INFO - Filling up the DagBag from /home/airflow/.local/lib/python3.11/site-packages/airflow/example_dags/example_dag_decorator.py
[2024-07-14T16:44:25.253+0000] {processor.py:840} INFO - DAG(s) 'example_dag_decorator' retrieved from /home/airflow/.local/lib/python3.11/site-packages/airflow/example_dags/example_dag_decorator.py
[2024-07-14T16:44:25.459+0000] {logging_mixin.py:188} INFO - [2024-07-14T16:44:25.458+0000] {dag.py:3096} INFO - Sync 1 DAGs
[2024-07-14T16:44:25.489+0000] {logging_mixin.py:188} INFO - [2024-07-14T16:44:25.489+0000] {dag.py:3954} INFO - Setting next_dagrun for example_dag_decorator to None, run_after=None
[2024-07-14T16:44:25.531+0000] {processor.py:183} INFO - Processing /home/airflow/.local/lib/python3.11/site-packages/airflow/example_dags/example_dag_decorator.py took 0.485 seconds
[2024-07-14T16:44:32.364+0000] {processor.py:161} INFO - Started process (PID=3200) to work on /home/airflow/.local/lib/python3.11/site-packages/airflow/example_dags/example_dag_decorator.py
[2024-07-14T16:44:32.366+0000] {processor.py:830} INFO - Processing file /home/airflow/.local/lib/python3.11/site-packages/airflow/example_dags/example_dag_decorator.py for tasks to queue
[2024-07-14T16:44:32.369+0000] {logging_mixin.py:188} INFO - [2024-07-14T16:44:32.369+0000] {dagbag.py:545} INFO - Filling up the DagBag from /home/airflow/.local/lib/python3.11/site-packages/airflow/example_dags/example_dag_decorator.py
[2024-07-14T16:44:32.685+0000] {processor.py:840} INFO - DAG(s) 'example_dag_decorator' retrieved from /home/airflow/.local/lib/python3.11/site-packages/airflow/example_dags/example_dag_decorator.py
[2024-07-14T16:44:32.706+0000] {logging_mixin.py:188} INFO - [2024-07-14T16:44:32.706+0000] {dag.py:3096} INFO - Sync 1 DAGs
[2024-07-14T16:44:32.731+0000] {logging_mixin.py:188} INFO - [2024-07-14T16:44:32.731+0000] {dag.py:3954} INFO - Setting next_dagrun for example_dag_decorator to None, run_after=None
[2024-07-14T16:44:32.771+0000] {processor.py:183} INFO - Processing /home/airflow/.local/lib/python3.11/site-packages/airflow/example_dags/example_dag_decorator.py took 0.418 seconds
[2024-07-14T16:44:38.843+0000] {processor.py:161} INFO - Started process (PID=3258) to work on /home/airflow/.local/lib/python3.11/site-packages/airflow/example_dags/example_dag_decorator.py
[2024-07-14T16:44:38.846+0000] {processor.py:830} INFO - Processing file /home/airflow/.local/lib/python3.11/site-packages/airflow/example_dags/example_dag_decorator.py for tasks to queue
[2024-07-14T16:44:38.851+0000] {logging_mixin.py:188} INFO - [2024-07-14T16:44:38.850+0000] {dagbag.py:545} INFO - Filling up the DagBag from /home/airflow/.local/lib/python3.11/site-packages/airflow/example_dags/example_dag_decorator.py
[2024-07-14T16:44:39.235+0000] {processor.py:840} INFO - DAG(s) 'example_dag_decorator' retrieved from /home/airflow/.local/lib/python3.11/site-packages/airflow/example_dags/example_dag_decorator.py
[2024-07-14T16:44:39.265+0000] {logging_mixin.py:188} INFO - [2024-07-14T16:44:39.265+0000] {dag.py:3096} INFO - Sync 1 DAGs
[2024-07-14T16:44:39.301+0000] {logging_mixin.py:188} INFO - [2024-07-14T16:44:39.300+0000] {dag.py:3954} INFO - Setting next_dagrun for example_dag_decorator to None, run_after=None
[2024-07-14T16:44:39.348+0000] {processor.py:183} INFO - Processing /home/airflow/.local/lib/python3.11/site-packages/airflow/example_dags/example_dag_decorator.py took 0.523 seconds
[2024-07-14T16:44:46.012+0000] {processor.py:161} INFO - Started process (PID=3311) to work on /home/airflow/.local/lib/python3.11/site-packages/airflow/example_dags/example_dag_decorator.py
[2024-07-14T16:44:46.014+0000] {processor.py:830} INFO - Processing file /home/airflow/.local/lib/python3.11/site-packages/airflow/example_dags/example_dag_decorator.py for tasks to queue
[2024-07-14T16:44:46.017+0000] {logging_mixin.py:188} INFO - [2024-07-14T16:44:46.017+0000] {dagbag.py:545} INFO - Filling up the DagBag from /home/airflow/.local/lib/python3.11/site-packages/airflow/example_dags/example_dag_decorator.py
[2024-07-14T16:44:46.267+0000] {processor.py:840} INFO - DAG(s) 'example_dag_decorator' retrieved from /home/airflow/.local/lib/python3.11/site-packages/airflow/example_dags/example_dag_decorator.py
[2024-07-14T16:44:46.300+0000] {logging_mixin.py:188} INFO - [2024-07-14T16:44:46.300+0000] {dag.py:3096} INFO - Sync 1 DAGs
[2024-07-14T16:44:46.341+0000] {logging_mixin.py:188} INFO - [2024-07-14T16:44:46.340+0000] {dag.py:3954} INFO - Setting next_dagrun for example_dag_decorator to None, run_after=None
[2024-07-14T16:44:46.388+0000] {processor.py:183} INFO - Processing /home/airflow/.local/lib/python3.11/site-packages/airflow/example_dags/example_dag_decorator.py took 0.388 seconds
[2024-07-14T16:44:53.292+0000] {processor.py:161} INFO - Started process (PID=3365) to work on /home/airflow/.local/lib/python3.11/site-packages/airflow/example_dags/example_dag_decorator.py
[2024-07-14T16:44:53.294+0000] {processor.py:830} INFO - Processing file /home/airflow/.local/lib/python3.11/site-packages/airflow/example_dags/example_dag_decorator.py for tasks to queue
[2024-07-14T16:44:53.297+0000] {logging_mixin.py:188} INFO - [2024-07-14T16:44:53.297+0000] {dagbag.py:545} INFO - Filling up the DagBag from /home/airflow/.local/lib/python3.11/site-packages/airflow/example_dags/example_dag_decorator.py
[2024-07-14T16:44:53.496+0000] {processor.py:840} INFO - DAG(s) 'example_dag_decorator' retrieved from /home/airflow/.local/lib/python3.11/site-packages/airflow/example_dags/example_dag_decorator.py
[2024-07-14T16:44:53.517+0000] {logging_mixin.py:188} INFO - [2024-07-14T16:44:53.517+0000] {dag.py:3096} INFO - Sync 1 DAGs
[2024-07-14T16:44:53.541+0000] {logging_mixin.py:188} INFO - [2024-07-14T16:44:53.541+0000] {dag.py:3954} INFO - Setting next_dagrun for example_dag_decorator to None, run_after=None
[2024-07-14T16:44:53.581+0000] {processor.py:183} INFO - Processing /home/airflow/.local/lib/python3.11/site-packages/airflow/example_dags/example_dag_decorator.py took 0.302 seconds
[2024-07-14T16:44:58.825+0000] {processor.py:161} INFO - Started process (PID=3417) to work on /home/airflow/.local/lib/python3.11/site-packages/airflow/example_dags/example_dag_decorator.py
[2024-07-14T16:44:58.827+0000] {processor.py:830} INFO - Processing file /home/airflow/.local/lib/python3.11/site-packages/airflow/example_dags/example_dag_decorator.py for tasks to queue
[2024-07-14T16:44:58.834+0000] {logging_mixin.py:188} INFO - [2024-07-14T16:44:58.834+0000] {dagbag.py:545} INFO - Filling up the DagBag from /home/airflow/.local/lib/python3.11/site-packages/airflow/example_dags/example_dag_decorator.py
[2024-07-14T16:44:59.173+0000] {processor.py:840} INFO - DAG(s) 'example_dag_decorator' retrieved from /home/airflow/.local/lib/python3.11/site-packages/airflow/example_dags/example_dag_decorator.py
[2024-07-14T16:44:59.420+0000] {logging_mixin.py:188} INFO - [2024-07-14T16:44:59.420+0000] {dag.py:3096} INFO - Sync 1 DAGs
[2024-07-14T16:44:59.442+0000] {logging_mixin.py:188} INFO - [2024-07-14T16:44:59.441+0000] {dag.py:3954} INFO - Setting next_dagrun for example_dag_decorator to None, run_after=None
[2024-07-14T16:44:59.479+0000] {processor.py:183} INFO - Processing /home/airflow/.local/lib/python3.11/site-packages/airflow/example_dags/example_dag_decorator.py took 0.668 seconds
[2024-07-14T16:45:05.477+0000] {processor.py:161} INFO - Started process (PID=3470) to work on /home/airflow/.local/lib/python3.11/site-packages/airflow/example_dags/example_dag_decorator.py
[2024-07-14T16:45:05.478+0000] {processor.py:830} INFO - Processing file /home/airflow/.local/lib/python3.11/site-packages/airflow/example_dags/example_dag_decorator.py for tasks to queue
[2024-07-14T16:45:05.481+0000] {logging_mixin.py:188} INFO - [2024-07-14T16:45:05.481+0000] {dagbag.py:545} INFO - Filling up the DagBag from /home/airflow/.local/lib/python3.11/site-packages/airflow/example_dags/example_dag_decorator.py
[2024-07-14T16:45:05.629+0000] {processor.py:840} INFO - DAG(s) 'example_dag_decorator' retrieved from /home/airflow/.local/lib/python3.11/site-packages/airflow/example_dags/example_dag_decorator.py
[2024-07-14T16:45:05.645+0000] {logging_mixin.py:188} INFO - [2024-07-14T16:45:05.645+0000] {dag.py:3096} INFO - Sync 1 DAGs
[2024-07-14T16:45:05.663+0000] {logging_mixin.py:188} INFO - [2024-07-14T16:45:05.663+0000] {dag.py:3954} INFO - Setting next_dagrun for example_dag_decorator to None, run_after=None
[2024-07-14T16:45:05.691+0000] {processor.py:183} INFO - Processing /home/airflow/.local/lib/python3.11/site-packages/airflow/example_dags/example_dag_decorator.py took 0.223 seconds
[2024-07-14T16:45:10.700+0000] {processor.py:161} INFO - Started process (PID=3530) to work on /home/airflow/.local/lib/python3.11/site-packages/airflow/example_dags/example_dag_decorator.py
[2024-07-14T16:45:10.702+0000] {processor.py:830} INFO - Processing file /home/airflow/.local/lib/python3.11/site-packages/airflow/example_dags/example_dag_decorator.py for tasks to queue
[2024-07-14T16:45:10.704+0000] {logging_mixin.py:188} INFO - [2024-07-14T16:45:10.704+0000] {dagbag.py:545} INFO - Filling up the DagBag from /home/airflow/.local/lib/python3.11/site-packages/airflow/example_dags/example_dag_decorator.py
[2024-07-14T16:45:10.856+0000] {processor.py:840} INFO - DAG(s) 'example_dag_decorator' retrieved from /home/airflow/.local/lib/python3.11/site-packages/airflow/example_dags/example_dag_decorator.py
[2024-07-14T16:45:10.873+0000] {logging_mixin.py:188} INFO - [2024-07-14T16:45:10.873+0000] {dag.py:3096} INFO - Sync 1 DAGs
[2024-07-14T16:45:10.891+0000] {logging_mixin.py:188} INFO - [2024-07-14T16:45:10.891+0000] {dag.py:3954} INFO - Setting next_dagrun for example_dag_decorator to None, run_after=None
[2024-07-14T16:45:10.917+0000] {processor.py:183} INFO - Processing /home/airflow/.local/lib/python3.11/site-packages/airflow/example_dags/example_dag_decorator.py took 0.227 seconds
[2024-07-14T16:45:16.259+0000] {processor.py:161} INFO - Started process (PID=3582) to work on /home/airflow/.local/lib/python3.11/site-packages/airflow/example_dags/example_dag_decorator.py
[2024-07-14T16:45:16.261+0000] {processor.py:830} INFO - Processing file /home/airflow/.local/lib/python3.11/site-packages/airflow/example_dags/example_dag_decorator.py for tasks to queue
[2024-07-14T16:45:16.265+0000] {logging_mixin.py:188} INFO - [2024-07-14T16:45:16.264+0000] {dagbag.py:545} INFO - Filling up the DagBag from /home/airflow/.local/lib/python3.11/site-packages/airflow/example_dags/example_dag_decorator.py
[2024-07-14T16:45:16.469+0000] {processor.py:840} INFO - DAG(s) 'example_dag_decorator' retrieved from /home/airflow/.local/lib/python3.11/site-packages/airflow/example_dags/example_dag_decorator.py
[2024-07-14T16:45:16.494+0000] {logging_mixin.py:188} INFO - [2024-07-14T16:45:16.494+0000] {dag.py:3096} INFO - Sync 1 DAGs
[2024-07-14T16:45:16.519+0000] {logging_mixin.py:188} INFO - [2024-07-14T16:45:16.519+0000] {dag.py:3954} INFO - Setting next_dagrun for example_dag_decorator to None, run_after=None
[2024-07-14T16:45:16.554+0000] {processor.py:183} INFO - Processing /home/airflow/.local/lib/python3.11/site-packages/airflow/example_dags/example_dag_decorator.py took 0.310 seconds
[2024-07-14T16:45:24.938+0000] {processor.py:161} INFO - Started process (PID=3635) to work on /home/airflow/.local/lib/python3.11/site-packages/airflow/example_dags/example_dag_decorator.py
[2024-07-14T16:45:24.940+0000] {processor.py:830} INFO - Processing file /home/airflow/.local/lib/python3.11/site-packages/airflow/example_dags/example_dag_decorator.py for tasks to queue
[2024-07-14T16:45:24.944+0000] {logging_mixin.py:188} INFO - [2024-07-14T16:45:24.943+0000] {dagbag.py:545} INFO - Filling up the DagBag from /home/airflow/.local/lib/python3.11/site-packages/airflow/example_dags/example_dag_decorator.py
[2024-07-14T16:45:25.130+0000] {processor.py:840} INFO - DAG(s) 'example_dag_decorator' retrieved from /home/airflow/.local/lib/python3.11/site-packages/airflow/example_dags/example_dag_decorator.py
[2024-07-14T16:45:25.151+0000] {logging_mixin.py:188} INFO - [2024-07-14T16:45:25.150+0000] {dag.py:3096} INFO - Sync 1 DAGs
[2024-07-14T16:45:25.175+0000] {logging_mixin.py:188} INFO - [2024-07-14T16:45:25.175+0000] {dag.py:3954} INFO - Setting next_dagrun for example_dag_decorator to None, run_after=None
[2024-07-14T16:45:25.205+0000] {processor.py:183} INFO - Processing /home/airflow/.local/lib/python3.11/site-packages/airflow/example_dags/example_dag_decorator.py took 0.279 seconds
[2024-07-14T16:45:32.197+0000] {processor.py:161} INFO - Started process (PID=3687) to work on /home/airflow/.local/lib/python3.11/site-packages/airflow/example_dags/example_dag_decorator.py
[2024-07-14T16:45:32.199+0000] {processor.py:830} INFO - Processing file /home/airflow/.local/lib/python3.11/site-packages/airflow/example_dags/example_dag_decorator.py for tasks to queue
[2024-07-14T16:45:32.204+0000] {logging_mixin.py:188} INFO - [2024-07-14T16:45:32.203+0000] {dagbag.py:545} INFO - Filling up the DagBag from /home/airflow/.local/lib/python3.11/site-packages/airflow/example_dags/example_dag_decorator.py
[2024-07-14T16:45:32.421+0000] {processor.py:840} INFO - DAG(s) 'example_dag_decorator' retrieved from /home/airflow/.local/lib/python3.11/site-packages/airflow/example_dags/example_dag_decorator.py
[2024-07-14T16:45:32.614+0000] {logging_mixin.py:188} INFO - [2024-07-14T16:45:32.614+0000] {dag.py:3096} INFO - Sync 1 DAGs
[2024-07-14T16:45:32.633+0000] {logging_mixin.py:188} INFO - [2024-07-14T16:45:32.632+0000] {dag.py:3954} INFO - Setting next_dagrun for example_dag_decorator to None, run_after=None
[2024-07-14T16:45:32.664+0000] {processor.py:183} INFO - Processing /home/airflow/.local/lib/python3.11/site-packages/airflow/example_dags/example_dag_decorator.py took 0.480 seconds
[2024-07-14T16:45:41.577+0000] {processor.py:161} INFO - Started process (PID=3747) to work on /home/airflow/.local/lib/python3.11/site-packages/airflow/example_dags/example_dag_decorator.py
[2024-07-14T16:45:41.580+0000] {processor.py:830} INFO - Processing file /home/airflow/.local/lib/python3.11/site-packages/airflow/example_dags/example_dag_decorator.py for tasks to queue
[2024-07-14T16:45:41.586+0000] {logging_mixin.py:188} INFO - [2024-07-14T16:45:41.585+0000] {dagbag.py:545} INFO - Filling up the DagBag from /home/airflow/.local/lib/python3.11/site-packages/airflow/example_dags/example_dag_decorator.py
[2024-07-14T16:45:42.038+0000] {processor.py:840} INFO - DAG(s) 'example_dag_decorator' retrieved from /home/airflow/.local/lib/python3.11/site-packages/airflow/example_dags/example_dag_decorator.py
[2024-07-14T16:45:42.065+0000] {logging_mixin.py:188} INFO - [2024-07-14T16:45:42.064+0000] {dag.py:3096} INFO - Sync 1 DAGs
[2024-07-14T16:45:42.096+0000] {logging_mixin.py:188} INFO - [2024-07-14T16:45:42.095+0000] {dag.py:3954} INFO - Setting next_dagrun for example_dag_decorator to None, run_after=None
[2024-07-14T16:45:42.142+0000] {processor.py:183} INFO - Processing /home/airflow/.local/lib/python3.11/site-packages/airflow/example_dags/example_dag_decorator.py took 0.589 seconds
[2024-07-14T16:45:49.654+0000] {processor.py:161} INFO - Started process (PID=3799) to work on /home/airflow/.local/lib/python3.11/site-packages/airflow/example_dags/example_dag_decorator.py
[2024-07-14T16:45:49.656+0000] {processor.py:830} INFO - Processing file /home/airflow/.local/lib/python3.11/site-packages/airflow/example_dags/example_dag_decorator.py for tasks to queue
[2024-07-14T16:45:49.660+0000] {logging_mixin.py:188} INFO - [2024-07-14T16:45:49.659+0000] {dagbag.py:545} INFO - Filling up the DagBag from /home/airflow/.local/lib/python3.11/site-packages/airflow/example_dags/example_dag_decorator.py
[2024-07-14T16:45:49.917+0000] {processor.py:840} INFO - DAG(s) 'example_dag_decorator' retrieved from /home/airflow/.local/lib/python3.11/site-packages/airflow/example_dags/example_dag_decorator.py
[2024-07-14T16:45:49.939+0000] {logging_mixin.py:188} INFO - [2024-07-14T16:45:49.938+0000] {dag.py:3096} INFO - Sync 1 DAGs
[2024-07-14T16:45:49.968+0000] {logging_mixin.py:188} INFO - [2024-07-14T16:45:49.968+0000] {dag.py:3954} INFO - Setting next_dagrun for example_dag_decorator to None, run_after=None
[2024-07-14T16:45:50.010+0000] {processor.py:183} INFO - Processing /home/airflow/.local/lib/python3.11/site-packages/airflow/example_dags/example_dag_decorator.py took 0.368 seconds
[2024-07-14T16:45:57.156+0000] {processor.py:161} INFO - Started process (PID=3852) to work on /home/airflow/.local/lib/python3.11/site-packages/airflow/example_dags/example_dag_decorator.py
[2024-07-14T16:45:57.158+0000] {processor.py:830} INFO - Processing file /home/airflow/.local/lib/python3.11/site-packages/airflow/example_dags/example_dag_decorator.py for tasks to queue
[2024-07-14T16:45:57.161+0000] {logging_mixin.py:188} INFO - [2024-07-14T16:45:57.161+0000] {dagbag.py:545} INFO - Filling up the DagBag from /home/airflow/.local/lib/python3.11/site-packages/airflow/example_dags/example_dag_decorator.py
[2024-07-14T16:45:57.339+0000] {processor.py:840} INFO - DAG(s) 'example_dag_decorator' retrieved from /home/airflow/.local/lib/python3.11/site-packages/airflow/example_dags/example_dag_decorator.py
[2024-07-14T16:45:57.357+0000] {logging_mixin.py:188} INFO - [2024-07-14T16:45:57.356+0000] {dag.py:3096} INFO - Sync 1 DAGs
[2024-07-14T16:45:57.376+0000] {logging_mixin.py:188} INFO - [2024-07-14T16:45:57.376+0000] {dag.py:3954} INFO - Setting next_dagrun for example_dag_decorator to None, run_after=None
[2024-07-14T16:45:57.403+0000] {processor.py:183} INFO - Processing /home/airflow/.local/lib/python3.11/site-packages/airflow/example_dags/example_dag_decorator.py took 0.257 seconds
[2024-07-14T16:46:04.953+0000] {processor.py:161} INFO - Started process (PID=3904) to work on /home/airflow/.local/lib/python3.11/site-packages/airflow/example_dags/example_dag_decorator.py
[2024-07-14T16:46:04.955+0000] {processor.py:830} INFO - Processing file /home/airflow/.local/lib/python3.11/site-packages/airflow/example_dags/example_dag_decorator.py for tasks to queue
[2024-07-14T16:46:04.958+0000] {logging_mixin.py:188} INFO - [2024-07-14T16:46:04.957+0000] {dagbag.py:545} INFO - Filling up the DagBag from /home/airflow/.local/lib/python3.11/site-packages/airflow/example_dags/example_dag_decorator.py
[2024-07-14T16:46:05.113+0000] {processor.py:840} INFO - DAG(s) 'example_dag_decorator' retrieved from /home/airflow/.local/lib/python3.11/site-packages/airflow/example_dags/example_dag_decorator.py
[2024-07-14T16:46:05.284+0000] {logging_mixin.py:188} INFO - [2024-07-14T16:46:05.284+0000] {dag.py:3096} INFO - Sync 1 DAGs
[2024-07-14T16:46:05.308+0000] {logging_mixin.py:188} INFO - [2024-07-14T16:46:05.308+0000] {dag.py:3954} INFO - Setting next_dagrun for example_dag_decorator to None, run_after=None
[2024-07-14T16:46:05.346+0000] {processor.py:183} INFO - Processing /home/airflow/.local/lib/python3.11/site-packages/airflow/example_dags/example_dag_decorator.py took 0.404 seconds
[2024-07-14T16:46:10.830+0000] {processor.py:161} INFO - Started process (PID=3964) to work on /home/airflow/.local/lib/python3.11/site-packages/airflow/example_dags/example_dag_decorator.py
[2024-07-14T16:46:10.832+0000] {processor.py:830} INFO - Processing file /home/airflow/.local/lib/python3.11/site-packages/airflow/example_dags/example_dag_decorator.py for tasks to queue
[2024-07-14T16:46:10.834+0000] {logging_mixin.py:188} INFO - [2024-07-14T16:46:10.834+0000] {dagbag.py:545} INFO - Filling up the DagBag from /home/airflow/.local/lib/python3.11/site-packages/airflow/example_dags/example_dag_decorator.py
[2024-07-14T16:46:10.981+0000] {processor.py:840} INFO - DAG(s) 'example_dag_decorator' retrieved from /home/airflow/.local/lib/python3.11/site-packages/airflow/example_dags/example_dag_decorator.py
[2024-07-14T16:46:10.997+0000] {logging_mixin.py:188} INFO - [2024-07-14T16:46:10.997+0000] {dag.py:3096} INFO - Sync 1 DAGs
[2024-07-14T16:46:11.016+0000] {logging_mixin.py:188} INFO - [2024-07-14T16:46:11.015+0000] {dag.py:3954} INFO - Setting next_dagrun for example_dag_decorator to None, run_after=None
[2024-07-14T16:46:11.045+0000] {processor.py:183} INFO - Processing /home/airflow/.local/lib/python3.11/site-packages/airflow/example_dags/example_dag_decorator.py took 0.224 seconds
[2024-07-14T16:46:16.165+0000] {processor.py:161} INFO - Started process (PID=4016) to work on /home/airflow/.local/lib/python3.11/site-packages/airflow/example_dags/example_dag_decorator.py
[2024-07-14T16:46:16.167+0000] {processor.py:830} INFO - Processing file /home/airflow/.local/lib/python3.11/site-packages/airflow/example_dags/example_dag_decorator.py for tasks to queue
[2024-07-14T16:46:16.170+0000] {logging_mixin.py:188} INFO - [2024-07-14T16:46:16.170+0000] {dagbag.py:545} INFO - Filling up the DagBag from /home/airflow/.local/lib/python3.11/site-packages/airflow/example_dags/example_dag_decorator.py
[2024-07-14T16:46:16.350+0000] {processor.py:840} INFO - DAG(s) 'example_dag_decorator' retrieved from /home/airflow/.local/lib/python3.11/site-packages/airflow/example_dags/example_dag_decorator.py
[2024-07-14T16:46:16.368+0000] {logging_mixin.py:188} INFO - [2024-07-14T16:46:16.368+0000] {dag.py:3096} INFO - Sync 1 DAGs
[2024-07-14T16:46:16.390+0000] {logging_mixin.py:188} INFO - [2024-07-14T16:46:16.390+0000] {dag.py:3954} INFO - Setting next_dagrun for example_dag_decorator to None, run_after=None
[2024-07-14T16:46:16.422+0000] {processor.py:183} INFO - Processing /home/airflow/.local/lib/python3.11/site-packages/airflow/example_dags/example_dag_decorator.py took 0.267 seconds
[2024-07-14T16:46:22.575+0000] {processor.py:161} INFO - Started process (PID=4069) to work on /home/airflow/.local/lib/python3.11/site-packages/airflow/example_dags/example_dag_decorator.py
[2024-07-14T16:46:22.577+0000] {processor.py:830} INFO - Processing file /home/airflow/.local/lib/python3.11/site-packages/airflow/example_dags/example_dag_decorator.py for tasks to queue
[2024-07-14T16:46:22.581+0000] {logging_mixin.py:188} INFO - [2024-07-14T16:46:22.580+0000] {dagbag.py:545} INFO - Filling up the DagBag from /home/airflow/.local/lib/python3.11/site-packages/airflow/example_dags/example_dag_decorator.py
[2024-07-14T16:46:22.763+0000] {processor.py:840} INFO - DAG(s) 'example_dag_decorator' retrieved from /home/airflow/.local/lib/python3.11/site-packages/airflow/example_dags/example_dag_decorator.py
[2024-07-14T16:46:22.781+0000] {logging_mixin.py:188} INFO - [2024-07-14T16:46:22.781+0000] {dag.py:3096} INFO - Sync 1 DAGs
[2024-07-14T16:46:22.801+0000] {logging_mixin.py:188} INFO - [2024-07-14T16:46:22.800+0000] {dag.py:3954} INFO - Setting next_dagrun for example_dag_decorator to None, run_after=None
[2024-07-14T16:46:22.830+0000] {processor.py:183} INFO - Processing /home/airflow/.local/lib/python3.11/site-packages/airflow/example_dags/example_dag_decorator.py took 0.265 seconds
