[2024-07-14T16:37:57.757+0000] {processor.py:161} INFO - Started process (PID=59) to work on /home/airflow/.local/lib/python3.11/site-packages/airflow/example_dags/example_sensor_decorator.py
[2024-07-14T16:37:57.761+0000] {processor.py:830} INFO - Processing file /home/airflow/.local/lib/python3.11/site-packages/airflow/example_dags/example_sensor_decorator.py for tasks to queue
[2024-07-14T16:37:57.766+0000] {logging_mixin.py:188} INFO - [2024-07-14T16:37:57.765+0000] {dagbag.py:545} INFO - Filling up the DagBag from /home/airflow/.local/lib/python3.11/site-packages/airflow/example_dags/example_sensor_decorator.py
[2024-07-14T16:37:57.783+0000] {processor.py:840} INFO - DAG(s) 'example_sensor_decorator' retrieved from /home/airflow/.local/lib/python3.11/site-packages/airflow/example_dags/example_sensor_decorator.py
[2024-07-14T16:37:58.097+0000] {logging_mixin.py:188} INFO - [2024-07-14T16:37:58.096+0000] {dag.py:3096} INFO - Sync 1 DAGs
[2024-07-14T16:37:58.125+0000] {logging_mixin.py:188} INFO - [2024-07-14T16:37:58.124+0000] {dag.py:3954} INFO - Setting next_dagrun for example_sensor_decorator to None, run_after=None
[2024-07-14T16:37:58.169+0000] {processor.py:183} INFO - Processing /home/airflow/.local/lib/python3.11/site-packages/airflow/example_dags/example_sensor_decorator.py took 0.427 seconds
[2024-07-14T16:38:10.203+0000] {processor.py:161} INFO - Started process (PID=119) to work on /home/airflow/.local/lib/python3.11/site-packages/airflow/example_dags/example_sensor_decorator.py
[2024-07-14T16:38:10.206+0000] {processor.py:830} INFO - Processing file /home/airflow/.local/lib/python3.11/site-packages/airflow/example_dags/example_sensor_decorator.py for tasks to queue
[2024-07-14T16:38:10.211+0000] {logging_mixin.py:188} INFO - [2024-07-14T16:38:10.210+0000] {dagbag.py:545} INFO - Filling up the DagBag from /home/airflow/.local/lib/python3.11/site-packages/airflow/example_dags/example_sensor_decorator.py
[2024-07-14T16:38:10.228+0000] {processor.py:840} INFO - DAG(s) 'example_sensor_decorator' retrieved from /home/airflow/.local/lib/python3.11/site-packages/airflow/example_dags/example_sensor_decorator.py
[2024-07-14T16:38:10.254+0000] {logging_mixin.py:188} INFO - [2024-07-14T16:38:10.254+0000] {dag.py:3096} INFO - Sync 1 DAGs
[2024-07-14T16:38:10.296+0000] {logging_mixin.py:188} INFO - [2024-07-14T16:38:10.296+0000] {dag.py:3954} INFO - Setting next_dagrun for example_sensor_decorator to None, run_after=None
[2024-07-14T16:38:10.336+0000] {processor.py:183} INFO - Processing /home/airflow/.local/lib/python3.11/site-packages/airflow/example_dags/example_sensor_decorator.py took 0.147 seconds
[2024-07-14T16:38:16.035+0000] {processor.py:161} INFO - Started process (PID=171) to work on /home/airflow/.local/lib/python3.11/site-packages/airflow/example_dags/example_sensor_decorator.py
[2024-07-14T16:38:16.038+0000] {processor.py:830} INFO - Processing file /home/airflow/.local/lib/python3.11/site-packages/airflow/example_dags/example_sensor_decorator.py for tasks to queue
[2024-07-14T16:38:16.042+0000] {logging_mixin.py:188} INFO - [2024-07-14T16:38:16.041+0000] {dagbag.py:545} INFO - Filling up the DagBag from /home/airflow/.local/lib/python3.11/site-packages/airflow/example_dags/example_sensor_decorator.py
[2024-07-14T16:38:16.057+0000] {processor.py:840} INFO - DAG(s) 'example_sensor_decorator' retrieved from /home/airflow/.local/lib/python3.11/site-packages/airflow/example_dags/example_sensor_decorator.py
[2024-07-14T16:38:16.085+0000] {logging_mixin.py:188} INFO - [2024-07-14T16:38:16.085+0000] {dag.py:3096} INFO - Sync 1 DAGs
[2024-07-14T16:38:16.121+0000] {logging_mixin.py:188} INFO - [2024-07-14T16:38:16.121+0000] {dag.py:3954} INFO - Setting next_dagrun for example_sensor_decorator to None, run_after=None
[2024-07-14T16:38:16.163+0000] {processor.py:183} INFO - Processing /home/airflow/.local/lib/python3.11/site-packages/airflow/example_dags/example_sensor_decorator.py took 0.141 seconds
[2024-07-14T16:38:25.114+0000] {processor.py:161} INFO - Started process (PID=224) to work on /home/airflow/.local/lib/python3.11/site-packages/airflow/example_dags/example_sensor_decorator.py
[2024-07-14T16:38:25.116+0000] {processor.py:830} INFO - Processing file /home/airflow/.local/lib/python3.11/site-packages/airflow/example_dags/example_sensor_decorator.py for tasks to queue
[2024-07-14T16:38:25.119+0000] {logging_mixin.py:188} INFO - [2024-07-14T16:38:25.119+0000] {dagbag.py:545} INFO - Filling up the DagBag from /home/airflow/.local/lib/python3.11/site-packages/airflow/example_dags/example_sensor_decorator.py
[2024-07-14T16:38:25.128+0000] {processor.py:840} INFO - DAG(s) 'example_sensor_decorator' retrieved from /home/airflow/.local/lib/python3.11/site-packages/airflow/example_dags/example_sensor_decorator.py
[2024-07-14T16:38:25.146+0000] {logging_mixin.py:188} INFO - [2024-07-14T16:38:25.146+0000] {dag.py:3096} INFO - Sync 1 DAGs
[2024-07-14T16:38:25.163+0000] {logging_mixin.py:188} INFO - [2024-07-14T16:38:25.163+0000] {dag.py:3954} INFO - Setting next_dagrun for example_sensor_decorator to None, run_after=None
[2024-07-14T16:38:25.188+0000] {processor.py:183} INFO - Processing /home/airflow/.local/lib/python3.11/site-packages/airflow/example_dags/example_sensor_decorator.py took 0.082 seconds
[2024-07-14T16:38:29.937+0000] {processor.py:161} INFO - Started process (PID=276) to work on /home/airflow/.local/lib/python3.11/site-packages/airflow/example_dags/example_sensor_decorator.py
[2024-07-14T16:38:29.940+0000] {processor.py:830} INFO - Processing file /home/airflow/.local/lib/python3.11/site-packages/airflow/example_dags/example_sensor_decorator.py for tasks to queue
[2024-07-14T16:38:29.944+0000] {logging_mixin.py:188} INFO - [2024-07-14T16:38:29.943+0000] {dagbag.py:545} INFO - Filling up the DagBag from /home/airflow/.local/lib/python3.11/site-packages/airflow/example_dags/example_sensor_decorator.py
[2024-07-14T16:38:29.955+0000] {processor.py:840} INFO - DAG(s) 'example_sensor_decorator' retrieved from /home/airflow/.local/lib/python3.11/site-packages/airflow/example_dags/example_sensor_decorator.py
[2024-07-14T16:38:29.983+0000] {logging_mixin.py:188} INFO - [2024-07-14T16:38:29.983+0000] {dag.py:3096} INFO - Sync 1 DAGs
[2024-07-14T16:38:30.001+0000] {logging_mixin.py:188} INFO - [2024-07-14T16:38:30.000+0000] {dag.py:3954} INFO - Setting next_dagrun for example_sensor_decorator to None, run_after=None
[2024-07-14T16:38:30.025+0000] {processor.py:183} INFO - Processing /home/airflow/.local/lib/python3.11/site-packages/airflow/example_dags/example_sensor_decorator.py took 0.099 seconds
[2024-07-14T16:38:34.745+0000] {processor.py:161} INFO - Started process (PID=330) to work on /home/airflow/.local/lib/python3.11/site-packages/airflow/example_dags/example_sensor_decorator.py
[2024-07-14T16:38:34.746+0000] {processor.py:830} INFO - Processing file /home/airflow/.local/lib/python3.11/site-packages/airflow/example_dags/example_sensor_decorator.py for tasks to queue
[2024-07-14T16:38:34.749+0000] {logging_mixin.py:188} INFO - [2024-07-14T16:38:34.749+0000] {dagbag.py:545} INFO - Filling up the DagBag from /home/airflow/.local/lib/python3.11/site-packages/airflow/example_dags/example_sensor_decorator.py
[2024-07-14T16:38:34.762+0000] {processor.py:840} INFO - DAG(s) 'example_sensor_decorator' retrieved from /home/airflow/.local/lib/python3.11/site-packages/airflow/example_dags/example_sensor_decorator.py
[2024-07-14T16:38:34.793+0000] {logging_mixin.py:188} INFO - [2024-07-14T16:38:34.793+0000] {dag.py:3096} INFO - Sync 1 DAGs
[2024-07-14T16:38:34.813+0000] {logging_mixin.py:188} INFO - [2024-07-14T16:38:34.812+0000] {dag.py:3954} INFO - Setting next_dagrun for example_sensor_decorator to None, run_after=None
[2024-07-14T16:38:34.844+0000] {processor.py:183} INFO - Processing /home/airflow/.local/lib/python3.11/site-packages/airflow/example_dags/example_sensor_decorator.py took 0.109 seconds
[2024-07-14T16:38:41.051+0000] {processor.py:161} INFO - Started process (PID=388) to work on /home/airflow/.local/lib/python3.11/site-packages/airflow/example_dags/example_sensor_decorator.py
[2024-07-14T16:38:41.054+0000] {processor.py:830} INFO - Processing file /home/airflow/.local/lib/python3.11/site-packages/airflow/example_dags/example_sensor_decorator.py for tasks to queue
[2024-07-14T16:38:41.058+0000] {logging_mixin.py:188} INFO - [2024-07-14T16:38:41.057+0000] {dagbag.py:545} INFO - Filling up the DagBag from /home/airflow/.local/lib/python3.11/site-packages/airflow/example_dags/example_sensor_decorator.py
[2024-07-14T16:38:41.079+0000] {processor.py:840} INFO - DAG(s) 'example_sensor_decorator' retrieved from /home/airflow/.local/lib/python3.11/site-packages/airflow/example_dags/example_sensor_decorator.py
[2024-07-14T16:38:41.136+0000] {logging_mixin.py:188} INFO - [2024-07-14T16:38:41.136+0000] {dag.py:3096} INFO - Sync 1 DAGs
[2024-07-14T16:38:41.164+0000] {logging_mixin.py:188} INFO - [2024-07-14T16:38:41.163+0000] {dag.py:3954} INFO - Setting next_dagrun for example_sensor_decorator to None, run_after=None
[2024-07-14T16:38:41.204+0000] {processor.py:183} INFO - Processing /home/airflow/.local/lib/python3.11/site-packages/airflow/example_dags/example_sensor_decorator.py took 0.174 seconds
[2024-07-14T16:38:47.886+0000] {processor.py:161} INFO - Started process (PID=442) to work on /home/airflow/.local/lib/python3.11/site-packages/airflow/example_dags/example_sensor_decorator.py
[2024-07-14T16:38:47.888+0000] {processor.py:830} INFO - Processing file /home/airflow/.local/lib/python3.11/site-packages/airflow/example_dags/example_sensor_decorator.py for tasks to queue
[2024-07-14T16:38:47.890+0000] {logging_mixin.py:188} INFO - [2024-07-14T16:38:47.890+0000] {dagbag.py:545} INFO - Filling up the DagBag from /home/airflow/.local/lib/python3.11/site-packages/airflow/example_dags/example_sensor_decorator.py
[2024-07-14T16:38:47.900+0000] {processor.py:840} INFO - DAG(s) 'example_sensor_decorator' retrieved from /home/airflow/.local/lib/python3.11/site-packages/airflow/example_dags/example_sensor_decorator.py
[2024-07-14T16:38:47.926+0000] {logging_mixin.py:188} INFO - [2024-07-14T16:38:47.925+0000] {dag.py:3096} INFO - Sync 1 DAGs
[2024-07-14T16:38:47.944+0000] {logging_mixin.py:188} INFO - [2024-07-14T16:38:47.944+0000] {dag.py:3954} INFO - Setting next_dagrun for example_sensor_decorator to None, run_after=None
[2024-07-14T16:38:47.971+0000] {processor.py:183} INFO - Processing /home/airflow/.local/lib/python3.11/site-packages/airflow/example_dags/example_sensor_decorator.py took 0.094 seconds
[2024-07-14T16:38:54.292+0000] {processor.py:161} INFO - Started process (PID=496) to work on /home/airflow/.local/lib/python3.11/site-packages/airflow/example_dags/example_sensor_decorator.py
[2024-07-14T16:38:54.299+0000] {processor.py:830} INFO - Processing file /home/airflow/.local/lib/python3.11/site-packages/airflow/example_dags/example_sensor_decorator.py for tasks to queue
[2024-07-14T16:38:54.305+0000] {logging_mixin.py:188} INFO - [2024-07-14T16:38:54.304+0000] {dagbag.py:545} INFO - Filling up the DagBag from /home/airflow/.local/lib/python3.11/site-packages/airflow/example_dags/example_sensor_decorator.py
[2024-07-14T16:38:54.328+0000] {processor.py:840} INFO - DAG(s) 'example_sensor_decorator' retrieved from /home/airflow/.local/lib/python3.11/site-packages/airflow/example_dags/example_sensor_decorator.py
[2024-07-14T16:38:54.422+0000] {logging_mixin.py:188} INFO - [2024-07-14T16:38:54.422+0000] {dag.py:3096} INFO - Sync 1 DAGs
[2024-07-14T16:38:54.468+0000] {logging_mixin.py:188} INFO - [2024-07-14T16:38:54.467+0000] {dag.py:3954} INFO - Setting next_dagrun for example_sensor_decorator to None, run_after=None
[2024-07-14T16:38:54.519+0000] {processor.py:183} INFO - Processing /home/airflow/.local/lib/python3.11/site-packages/airflow/example_dags/example_sensor_decorator.py took 0.260 seconds
[2024-07-14T16:39:02.238+0000] {processor.py:161} INFO - Started process (PID=550) to work on /home/airflow/.local/lib/python3.11/site-packages/airflow/example_dags/example_sensor_decorator.py
[2024-07-14T16:39:02.240+0000] {processor.py:830} INFO - Processing file /home/airflow/.local/lib/python3.11/site-packages/airflow/example_dags/example_sensor_decorator.py for tasks to queue
[2024-07-14T16:39:02.243+0000] {logging_mixin.py:188} INFO - [2024-07-14T16:39:02.242+0000] {dagbag.py:545} INFO - Filling up the DagBag from /home/airflow/.local/lib/python3.11/site-packages/airflow/example_dags/example_sensor_decorator.py
[2024-07-14T16:39:02.252+0000] {processor.py:840} INFO - DAG(s) 'example_sensor_decorator' retrieved from /home/airflow/.local/lib/python3.11/site-packages/airflow/example_dags/example_sensor_decorator.py
[2024-07-14T16:39:02.279+0000] {logging_mixin.py:188} INFO - [2024-07-14T16:39:02.278+0000] {dag.py:3096} INFO - Sync 1 DAGs
[2024-07-14T16:39:02.296+0000] {logging_mixin.py:188} INFO - [2024-07-14T16:39:02.296+0000] {dag.py:3954} INFO - Setting next_dagrun for example_sensor_decorator to None, run_after=None
[2024-07-14T16:39:02.323+0000] {processor.py:183} INFO - Processing /home/airflow/.local/lib/python3.11/site-packages/airflow/example_dags/example_sensor_decorator.py took 0.100 seconds
[2024-07-14T16:39:07.037+0000] {processor.py:161} INFO - Started process (PID=608) to work on /home/airflow/.local/lib/python3.11/site-packages/airflow/example_dags/example_sensor_decorator.py
[2024-07-14T16:39:07.040+0000] {processor.py:830} INFO - Processing file /home/airflow/.local/lib/python3.11/site-packages/airflow/example_dags/example_sensor_decorator.py for tasks to queue
[2024-07-14T16:39:07.049+0000] {logging_mixin.py:188} INFO - [2024-07-14T16:39:07.047+0000] {dagbag.py:545} INFO - Filling up the DagBag from /home/airflow/.local/lib/python3.11/site-packages/airflow/example_dags/example_sensor_decorator.py
[2024-07-14T16:39:07.065+0000] {processor.py:840} INFO - DAG(s) 'example_sensor_decorator' retrieved from /home/airflow/.local/lib/python3.11/site-packages/airflow/example_dags/example_sensor_decorator.py
[2024-07-14T16:39:07.104+0000] {logging_mixin.py:188} INFO - [2024-07-14T16:39:07.103+0000] {dag.py:3096} INFO - Sync 1 DAGs
[2024-07-14T16:39:07.130+0000] {logging_mixin.py:188} INFO - [2024-07-14T16:39:07.129+0000] {dag.py:3954} INFO - Setting next_dagrun for example_sensor_decorator to None, run_after=None
[2024-07-14T16:39:07.165+0000] {processor.py:183} INFO - Processing /home/airflow/.local/lib/python3.11/site-packages/airflow/example_dags/example_sensor_decorator.py took 0.144 seconds
[2024-07-14T16:39:13.518+0000] {processor.py:161} INFO - Started process (PID=662) to work on /home/airflow/.local/lib/python3.11/site-packages/airflow/example_dags/example_sensor_decorator.py
[2024-07-14T16:39:13.519+0000] {processor.py:830} INFO - Processing file /home/airflow/.local/lib/python3.11/site-packages/airflow/example_dags/example_sensor_decorator.py for tasks to queue
[2024-07-14T16:39:13.522+0000] {logging_mixin.py:188} INFO - [2024-07-14T16:39:13.521+0000] {dagbag.py:545} INFO - Filling up the DagBag from /home/airflow/.local/lib/python3.11/site-packages/airflow/example_dags/example_sensor_decorator.py
[2024-07-14T16:39:13.532+0000] {processor.py:840} INFO - DAG(s) 'example_sensor_decorator' retrieved from /home/airflow/.local/lib/python3.11/site-packages/airflow/example_dags/example_sensor_decorator.py
[2024-07-14T16:39:13.560+0000] {logging_mixin.py:188} INFO - [2024-07-14T16:39:13.559+0000] {dag.py:3096} INFO - Sync 1 DAGs
[2024-07-14T16:39:13.580+0000] {logging_mixin.py:188} INFO - [2024-07-14T16:39:13.580+0000] {dag.py:3954} INFO - Setting next_dagrun for example_sensor_decorator to None, run_after=None
[2024-07-14T16:39:13.612+0000] {processor.py:183} INFO - Processing /home/airflow/.local/lib/python3.11/site-packages/airflow/example_dags/example_sensor_decorator.py took 0.104 seconds
[2024-07-14T16:39:18.152+0000] {processor.py:161} INFO - Started process (PID=714) to work on /home/airflow/.local/lib/python3.11/site-packages/airflow/example_dags/example_sensor_decorator.py
[2024-07-14T16:39:18.153+0000] {processor.py:830} INFO - Processing file /home/airflow/.local/lib/python3.11/site-packages/airflow/example_dags/example_sensor_decorator.py for tasks to queue
[2024-07-14T16:39:18.156+0000] {logging_mixin.py:188} INFO - [2024-07-14T16:39:18.155+0000] {dagbag.py:545} INFO - Filling up the DagBag from /home/airflow/.local/lib/python3.11/site-packages/airflow/example_dags/example_sensor_decorator.py
[2024-07-14T16:39:18.165+0000] {processor.py:840} INFO - DAG(s) 'example_sensor_decorator' retrieved from /home/airflow/.local/lib/python3.11/site-packages/airflow/example_dags/example_sensor_decorator.py
[2024-07-14T16:39:18.194+0000] {logging_mixin.py:188} INFO - [2024-07-14T16:39:18.193+0000] {dag.py:3096} INFO - Sync 1 DAGs
[2024-07-14T16:39:18.212+0000] {logging_mixin.py:188} INFO - [2024-07-14T16:39:18.212+0000] {dag.py:3954} INFO - Setting next_dagrun for example_sensor_decorator to None, run_after=None
[2024-07-14T16:39:18.238+0000] {processor.py:183} INFO - Processing /home/airflow/.local/lib/python3.11/site-packages/airflow/example_dags/example_sensor_decorator.py took 0.094 seconds
[2024-07-14T16:39:23.119+0000] {processor.py:161} INFO - Started process (PID=768) to work on /home/airflow/.local/lib/python3.11/site-packages/airflow/example_dags/example_sensor_decorator.py
[2024-07-14T16:39:23.122+0000] {processor.py:830} INFO - Processing file /home/airflow/.local/lib/python3.11/site-packages/airflow/example_dags/example_sensor_decorator.py for tasks to queue
[2024-07-14T16:39:23.125+0000] {logging_mixin.py:188} INFO - [2024-07-14T16:39:23.125+0000] {dagbag.py:545} INFO - Filling up the DagBag from /home/airflow/.local/lib/python3.11/site-packages/airflow/example_dags/example_sensor_decorator.py
[2024-07-14T16:39:23.135+0000] {processor.py:840} INFO - DAG(s) 'example_sensor_decorator' retrieved from /home/airflow/.local/lib/python3.11/site-packages/airflow/example_dags/example_sensor_decorator.py
[2024-07-14T16:39:23.169+0000] {logging_mixin.py:188} INFO - [2024-07-14T16:39:23.168+0000] {dag.py:3096} INFO - Sync 1 DAGs
[2024-07-14T16:39:23.188+0000] {logging_mixin.py:188} INFO - [2024-07-14T16:39:23.187+0000] {dag.py:3954} INFO - Setting next_dagrun for example_sensor_decorator to None, run_after=None
[2024-07-14T16:39:23.214+0000] {processor.py:183} INFO - Processing /home/airflow/.local/lib/python3.11/site-packages/airflow/example_dags/example_sensor_decorator.py took 0.105 seconds
[2024-07-14T16:39:28.104+0000] {processor.py:161} INFO - Started process (PID=820) to work on /home/airflow/.local/lib/python3.11/site-packages/airflow/example_dags/example_sensor_decorator.py
[2024-07-14T16:39:28.105+0000] {processor.py:830} INFO - Processing file /home/airflow/.local/lib/python3.11/site-packages/airflow/example_dags/example_sensor_decorator.py for tasks to queue
[2024-07-14T16:39:28.108+0000] {logging_mixin.py:188} INFO - [2024-07-14T16:39:28.107+0000] {dagbag.py:545} INFO - Filling up the DagBag from /home/airflow/.local/lib/python3.11/site-packages/airflow/example_dags/example_sensor_decorator.py
[2024-07-14T16:39:28.116+0000] {processor.py:840} INFO - DAG(s) 'example_sensor_decorator' retrieved from /home/airflow/.local/lib/python3.11/site-packages/airflow/example_dags/example_sensor_decorator.py
[2024-07-14T16:39:28.141+0000] {logging_mixin.py:188} INFO - [2024-07-14T16:39:28.141+0000] {dag.py:3096} INFO - Sync 1 DAGs
[2024-07-14T16:39:28.159+0000] {logging_mixin.py:188} INFO - [2024-07-14T16:39:28.159+0000] {dag.py:3954} INFO - Setting next_dagrun for example_sensor_decorator to None, run_after=None
[2024-07-14T16:39:28.187+0000] {processor.py:183} INFO - Processing /home/airflow/.local/lib/python3.11/site-packages/airflow/example_dags/example_sensor_decorator.py took 0.092 seconds
[2024-07-14T16:39:35.238+0000] {processor.py:161} INFO - Started process (PID=873) to work on /home/airflow/.local/lib/python3.11/site-packages/airflow/example_dags/example_sensor_decorator.py
[2024-07-14T16:39:35.240+0000] {processor.py:830} INFO - Processing file /home/airflow/.local/lib/python3.11/site-packages/airflow/example_dags/example_sensor_decorator.py for tasks to queue
[2024-07-14T16:39:35.244+0000] {logging_mixin.py:188} INFO - [2024-07-14T16:39:35.244+0000] {dagbag.py:545} INFO - Filling up the DagBag from /home/airflow/.local/lib/python3.11/site-packages/airflow/example_dags/example_sensor_decorator.py
[2024-07-14T16:39:35.263+0000] {processor.py:840} INFO - DAG(s) 'example_sensor_decorator' retrieved from /home/airflow/.local/lib/python3.11/site-packages/airflow/example_dags/example_sensor_decorator.py
[2024-07-14T16:39:35.299+0000] {logging_mixin.py:188} INFO - [2024-07-14T16:39:35.298+0000] {dag.py:3096} INFO - Sync 1 DAGs
[2024-07-14T16:39:35.321+0000] {logging_mixin.py:188} INFO - [2024-07-14T16:39:35.321+0000] {dag.py:3954} INFO - Setting next_dagrun for example_sensor_decorator to None, run_after=None
[2024-07-14T16:39:35.350+0000] {processor.py:183} INFO - Processing /home/airflow/.local/lib/python3.11/site-packages/airflow/example_dags/example_sensor_decorator.py took 0.128 seconds
[2024-07-14T16:39:41.030+0000] {processor.py:161} INFO - Started process (PID=934) to work on /home/airflow/.local/lib/python3.11/site-packages/airflow/example_dags/example_sensor_decorator.py
[2024-07-14T16:39:41.032+0000] {processor.py:830} INFO - Processing file /home/airflow/.local/lib/python3.11/site-packages/airflow/example_dags/example_sensor_decorator.py for tasks to queue
[2024-07-14T16:39:41.035+0000] {logging_mixin.py:188} INFO - [2024-07-14T16:39:41.034+0000] {dagbag.py:545} INFO - Filling up the DagBag from /home/airflow/.local/lib/python3.11/site-packages/airflow/example_dags/example_sensor_decorator.py
[2024-07-14T16:39:41.045+0000] {processor.py:840} INFO - DAG(s) 'example_sensor_decorator' retrieved from /home/airflow/.local/lib/python3.11/site-packages/airflow/example_dags/example_sensor_decorator.py
[2024-07-14T16:39:41.075+0000] {logging_mixin.py:188} INFO - [2024-07-14T16:39:41.075+0000] {dag.py:3096} INFO - Sync 1 DAGs
[2024-07-14T16:39:41.093+0000] {logging_mixin.py:188} INFO - [2024-07-14T16:39:41.093+0000] {dag.py:3954} INFO - Setting next_dagrun for example_sensor_decorator to None, run_after=None
[2024-07-14T16:39:41.120+0000] {processor.py:183} INFO - Processing /home/airflow/.local/lib/python3.11/site-packages/airflow/example_dags/example_sensor_decorator.py took 0.098 seconds
[2024-07-14T16:39:45.687+0000] {processor.py:161} INFO - Started process (PID=986) to work on /home/airflow/.local/lib/python3.11/site-packages/airflow/example_dags/example_sensor_decorator.py
[2024-07-14T16:39:45.689+0000] {processor.py:830} INFO - Processing file /home/airflow/.local/lib/python3.11/site-packages/airflow/example_dags/example_sensor_decorator.py for tasks to queue
[2024-07-14T16:39:45.693+0000] {logging_mixin.py:188} INFO - [2024-07-14T16:39:45.692+0000] {dagbag.py:545} INFO - Filling up the DagBag from /home/airflow/.local/lib/python3.11/site-packages/airflow/example_dags/example_sensor_decorator.py
[2024-07-14T16:39:45.703+0000] {processor.py:840} INFO - DAG(s) 'example_sensor_decorator' retrieved from /home/airflow/.local/lib/python3.11/site-packages/airflow/example_dags/example_sensor_decorator.py
[2024-07-14T16:39:45.732+0000] {logging_mixin.py:188} INFO - [2024-07-14T16:39:45.731+0000] {dag.py:3096} INFO - Sync 1 DAGs
[2024-07-14T16:39:45.749+0000] {logging_mixin.py:188} INFO - [2024-07-14T16:39:45.749+0000] {dag.py:3954} INFO - Setting next_dagrun for example_sensor_decorator to None, run_after=None
[2024-07-14T16:39:45.775+0000] {processor.py:183} INFO - Processing /home/airflow/.local/lib/python3.11/site-packages/airflow/example_dags/example_sensor_decorator.py took 0.099 seconds
[2024-07-14T16:39:51.063+0000] {processor.py:161} INFO - Started process (PID=1039) to work on /home/airflow/.local/lib/python3.11/site-packages/airflow/example_dags/example_sensor_decorator.py
[2024-07-14T16:39:51.065+0000] {processor.py:830} INFO - Processing file /home/airflow/.local/lib/python3.11/site-packages/airflow/example_dags/example_sensor_decorator.py for tasks to queue
[2024-07-14T16:39:51.068+0000] {logging_mixin.py:188} INFO - [2024-07-14T16:39:51.068+0000] {dagbag.py:545} INFO - Filling up the DagBag from /home/airflow/.local/lib/python3.11/site-packages/airflow/example_dags/example_sensor_decorator.py
[2024-07-14T16:39:51.077+0000] {processor.py:840} INFO - DAG(s) 'example_sensor_decorator' retrieved from /home/airflow/.local/lib/python3.11/site-packages/airflow/example_dags/example_sensor_decorator.py
[2024-07-14T16:39:51.101+0000] {logging_mixin.py:188} INFO - [2024-07-14T16:39:51.101+0000] {dag.py:3096} INFO - Sync 1 DAGs
[2024-07-14T16:39:51.116+0000] {logging_mixin.py:188} INFO - [2024-07-14T16:39:51.116+0000] {dag.py:3954} INFO - Setting next_dagrun for example_sensor_decorator to None, run_after=None
[2024-07-14T16:39:51.141+0000] {processor.py:183} INFO - Processing /home/airflow/.local/lib/python3.11/site-packages/airflow/example_dags/example_sensor_decorator.py took 0.086 seconds
[2024-07-14T16:39:55.753+0000] {processor.py:161} INFO - Started process (PID=1091) to work on /home/airflow/.local/lib/python3.11/site-packages/airflow/example_dags/example_sensor_decorator.py
[2024-07-14T16:39:55.754+0000] {processor.py:830} INFO - Processing file /home/airflow/.local/lib/python3.11/site-packages/airflow/example_dags/example_sensor_decorator.py for tasks to queue
[2024-07-14T16:39:55.758+0000] {logging_mixin.py:188} INFO - [2024-07-14T16:39:55.757+0000] {dagbag.py:545} INFO - Filling up the DagBag from /home/airflow/.local/lib/python3.11/site-packages/airflow/example_dags/example_sensor_decorator.py
[2024-07-14T16:39:55.768+0000] {processor.py:840} INFO - DAG(s) 'example_sensor_decorator' retrieved from /home/airflow/.local/lib/python3.11/site-packages/airflow/example_dags/example_sensor_decorator.py
[2024-07-14T16:39:55.798+0000] {logging_mixin.py:188} INFO - [2024-07-14T16:39:55.798+0000] {dag.py:3096} INFO - Sync 1 DAGs
[2024-07-14T16:39:55.816+0000] {logging_mixin.py:188} INFO - [2024-07-14T16:39:55.816+0000] {dag.py:3954} INFO - Setting next_dagrun for example_sensor_decorator to None, run_after=None
[2024-07-14T16:39:55.843+0000] {processor.py:183} INFO - Processing /home/airflow/.local/lib/python3.11/site-packages/airflow/example_dags/example_sensor_decorator.py took 0.100 seconds
[2024-07-14T16:40:01.052+0000] {processor.py:161} INFO - Started process (PID=1144) to work on /home/airflow/.local/lib/python3.11/site-packages/airflow/example_dags/example_sensor_decorator.py
[2024-07-14T16:40:01.053+0000] {processor.py:830} INFO - Processing file /home/airflow/.local/lib/python3.11/site-packages/airflow/example_dags/example_sensor_decorator.py for tasks to queue
[2024-07-14T16:40:01.056+0000] {logging_mixin.py:188} INFO - [2024-07-14T16:40:01.055+0000] {dagbag.py:545} INFO - Filling up the DagBag from /home/airflow/.local/lib/python3.11/site-packages/airflow/example_dags/example_sensor_decorator.py
[2024-07-14T16:40:01.064+0000] {processor.py:840} INFO - DAG(s) 'example_sensor_decorator' retrieved from /home/airflow/.local/lib/python3.11/site-packages/airflow/example_dags/example_sensor_decorator.py
[2024-07-14T16:40:01.091+0000] {logging_mixin.py:188} INFO - [2024-07-14T16:40:01.090+0000] {dag.py:3096} INFO - Sync 1 DAGs
[2024-07-14T16:40:01.107+0000] {logging_mixin.py:188} INFO - [2024-07-14T16:40:01.107+0000] {dag.py:3954} INFO - Setting next_dagrun for example_sensor_decorator to None, run_after=None
[2024-07-14T16:40:01.145+0000] {processor.py:183} INFO - Processing /home/airflow/.local/lib/python3.11/site-packages/airflow/example_dags/example_sensor_decorator.py took 0.102 seconds
[2024-07-14T16:40:06.433+0000] {processor.py:161} INFO - Started process (PID=1204) to work on /home/airflow/.local/lib/python3.11/site-packages/airflow/example_dags/example_sensor_decorator.py
[2024-07-14T16:40:06.434+0000] {processor.py:830} INFO - Processing file /home/airflow/.local/lib/python3.11/site-packages/airflow/example_dags/example_sensor_decorator.py for tasks to queue
[2024-07-14T16:40:06.437+0000] {logging_mixin.py:188} INFO - [2024-07-14T16:40:06.437+0000] {dagbag.py:545} INFO - Filling up the DagBag from /home/airflow/.local/lib/python3.11/site-packages/airflow/example_dags/example_sensor_decorator.py
[2024-07-14T16:40:06.448+0000] {processor.py:840} INFO - DAG(s) 'example_sensor_decorator' retrieved from /home/airflow/.local/lib/python3.11/site-packages/airflow/example_dags/example_sensor_decorator.py
[2024-07-14T16:40:06.488+0000] {logging_mixin.py:188} INFO - [2024-07-14T16:40:06.488+0000] {dag.py:3096} INFO - Sync 1 DAGs
[2024-07-14T16:40:06.507+0000] {logging_mixin.py:188} INFO - [2024-07-14T16:40:06.507+0000] {dag.py:3954} INFO - Setting next_dagrun for example_sensor_decorator to None, run_after=None
[2024-07-14T16:40:06.531+0000] {processor.py:183} INFO - Processing /home/airflow/.local/lib/python3.11/site-packages/airflow/example_dags/example_sensor_decorator.py took 0.111 seconds
[2024-07-14T16:40:14.658+0000] {processor.py:161} INFO - Started process (PID=1256) to work on /home/airflow/.local/lib/python3.11/site-packages/airflow/example_dags/example_sensor_decorator.py
[2024-07-14T16:40:14.660+0000] {processor.py:830} INFO - Processing file /home/airflow/.local/lib/python3.11/site-packages/airflow/example_dags/example_sensor_decorator.py for tasks to queue
[2024-07-14T16:40:14.664+0000] {logging_mixin.py:188} INFO - [2024-07-14T16:40:14.664+0000] {dagbag.py:545} INFO - Filling up the DagBag from /home/airflow/.local/lib/python3.11/site-packages/airflow/example_dags/example_sensor_decorator.py
[2024-07-14T16:40:14.677+0000] {processor.py:840} INFO - DAG(s) 'example_sensor_decorator' retrieved from /home/airflow/.local/lib/python3.11/site-packages/airflow/example_dags/example_sensor_decorator.py
[2024-07-14T16:40:14.717+0000] {logging_mixin.py:188} INFO - [2024-07-14T16:40:14.717+0000] {dag.py:3096} INFO - Sync 1 DAGs
[2024-07-14T16:40:14.746+0000] {logging_mixin.py:188} INFO - [2024-07-14T16:40:14.746+0000] {dag.py:3954} INFO - Setting next_dagrun for example_sensor_decorator to None, run_after=None
[2024-07-14T16:40:14.792+0000] {processor.py:183} INFO - Processing /home/airflow/.local/lib/python3.11/site-packages/airflow/example_dags/example_sensor_decorator.py took 0.145 seconds
[2024-07-14T16:40:21.701+0000] {processor.py:161} INFO - Started process (PID=1310) to work on /home/airflow/.local/lib/python3.11/site-packages/airflow/example_dags/example_sensor_decorator.py
[2024-07-14T16:40:21.702+0000] {processor.py:830} INFO - Processing file /home/airflow/.local/lib/python3.11/site-packages/airflow/example_dags/example_sensor_decorator.py for tasks to queue
[2024-07-14T16:40:21.705+0000] {logging_mixin.py:188} INFO - [2024-07-14T16:40:21.704+0000] {dagbag.py:545} INFO - Filling up the DagBag from /home/airflow/.local/lib/python3.11/site-packages/airflow/example_dags/example_sensor_decorator.py
[2024-07-14T16:40:21.713+0000] {processor.py:840} INFO - DAG(s) 'example_sensor_decorator' retrieved from /home/airflow/.local/lib/python3.11/site-packages/airflow/example_dags/example_sensor_decorator.py
[2024-07-14T16:40:21.739+0000] {logging_mixin.py:188} INFO - [2024-07-14T16:40:21.739+0000] {dag.py:3096} INFO - Sync 1 DAGs
[2024-07-14T16:40:21.760+0000] {logging_mixin.py:188} INFO - [2024-07-14T16:40:21.759+0000] {dag.py:3954} INFO - Setting next_dagrun for example_sensor_decorator to None, run_after=None
[2024-07-14T16:40:21.792+0000] {processor.py:183} INFO - Processing /home/airflow/.local/lib/python3.11/site-packages/airflow/example_dags/example_sensor_decorator.py took 0.098 seconds
[2024-07-14T16:40:26.685+0000] {processor.py:161} INFO - Started process (PID=1362) to work on /home/airflow/.local/lib/python3.11/site-packages/airflow/example_dags/example_sensor_decorator.py
[2024-07-14T16:40:26.687+0000] {processor.py:830} INFO - Processing file /home/airflow/.local/lib/python3.11/site-packages/airflow/example_dags/example_sensor_decorator.py for tasks to queue
[2024-07-14T16:40:26.690+0000] {logging_mixin.py:188} INFO - [2024-07-14T16:40:26.689+0000] {dagbag.py:545} INFO - Filling up the DagBag from /home/airflow/.local/lib/python3.11/site-packages/airflow/example_dags/example_sensor_decorator.py
[2024-07-14T16:40:26.699+0000] {processor.py:840} INFO - DAG(s) 'example_sensor_decorator' retrieved from /home/airflow/.local/lib/python3.11/site-packages/airflow/example_dags/example_sensor_decorator.py
[2024-07-14T16:40:26.727+0000] {logging_mixin.py:188} INFO - [2024-07-14T16:40:26.727+0000] {dag.py:3096} INFO - Sync 1 DAGs
[2024-07-14T16:40:26.745+0000] {logging_mixin.py:188} INFO - [2024-07-14T16:40:26.744+0000] {dag.py:3954} INFO - Setting next_dagrun for example_sensor_decorator to None, run_after=None
[2024-07-14T16:40:26.769+0000] {processor.py:183} INFO - Processing /home/airflow/.local/lib/python3.11/site-packages/airflow/example_dags/example_sensor_decorator.py took 0.092 seconds
[2024-07-14T16:40:32.722+0000] {processor.py:161} INFO - Started process (PID=1416) to work on /home/airflow/.local/lib/python3.11/site-packages/airflow/example_dags/example_sensor_decorator.py
[2024-07-14T16:40:32.724+0000] {processor.py:830} INFO - Processing file /home/airflow/.local/lib/python3.11/site-packages/airflow/example_dags/example_sensor_decorator.py for tasks to queue
[2024-07-14T16:40:32.726+0000] {logging_mixin.py:188} INFO - [2024-07-14T16:40:32.726+0000] {dagbag.py:545} INFO - Filling up the DagBag from /home/airflow/.local/lib/python3.11/site-packages/airflow/example_dags/example_sensor_decorator.py
[2024-07-14T16:40:32.736+0000] {processor.py:840} INFO - DAG(s) 'example_sensor_decorator' retrieved from /home/airflow/.local/lib/python3.11/site-packages/airflow/example_dags/example_sensor_decorator.py
[2024-07-14T16:40:32.771+0000] {logging_mixin.py:188} INFO - [2024-07-14T16:40:32.771+0000] {dag.py:3096} INFO - Sync 1 DAGs
[2024-07-14T16:40:32.797+0000] {logging_mixin.py:188} INFO - [2024-07-14T16:40:32.796+0000] {dag.py:3954} INFO - Setting next_dagrun for example_sensor_decorator to None, run_after=None
[2024-07-14T16:40:32.829+0000] {processor.py:183} INFO - Processing /home/airflow/.local/lib/python3.11/site-packages/airflow/example_dags/example_sensor_decorator.py took 0.115 seconds
[2024-07-14T16:40:38.279+0000] {processor.py:161} INFO - Started process (PID=1474) to work on /home/airflow/.local/lib/python3.11/site-packages/airflow/example_dags/example_sensor_decorator.py
[2024-07-14T16:40:38.281+0000] {processor.py:830} INFO - Processing file /home/airflow/.local/lib/python3.11/site-packages/airflow/example_dags/example_sensor_decorator.py for tasks to queue
[2024-07-14T16:40:38.283+0000] {logging_mixin.py:188} INFO - [2024-07-14T16:40:38.283+0000] {dagbag.py:545} INFO - Filling up the DagBag from /home/airflow/.local/lib/python3.11/site-packages/airflow/example_dags/example_sensor_decorator.py
[2024-07-14T16:40:38.292+0000] {processor.py:840} INFO - DAG(s) 'example_sensor_decorator' retrieved from /home/airflow/.local/lib/python3.11/site-packages/airflow/example_dags/example_sensor_decorator.py
[2024-07-14T16:40:38.316+0000] {logging_mixin.py:188} INFO - [2024-07-14T16:40:38.316+0000] {dag.py:3096} INFO - Sync 1 DAGs
[2024-07-14T16:40:38.333+0000] {logging_mixin.py:188} INFO - [2024-07-14T16:40:38.333+0000] {dag.py:3954} INFO - Setting next_dagrun for example_sensor_decorator to None, run_after=None
[2024-07-14T16:40:38.359+0000] {processor.py:183} INFO - Processing /home/airflow/.local/lib/python3.11/site-packages/airflow/example_dags/example_sensor_decorator.py took 0.088 seconds
[2024-07-14T16:40:44.070+0000] {processor.py:161} INFO - Started process (PID=1528) to work on /home/airflow/.local/lib/python3.11/site-packages/airflow/example_dags/example_sensor_decorator.py
[2024-07-14T16:40:44.072+0000] {processor.py:830} INFO - Processing file /home/airflow/.local/lib/python3.11/site-packages/airflow/example_dags/example_sensor_decorator.py for tasks to queue
[2024-07-14T16:40:44.074+0000] {logging_mixin.py:188} INFO - [2024-07-14T16:40:44.074+0000] {dagbag.py:545} INFO - Filling up the DagBag from /home/airflow/.local/lib/python3.11/site-packages/airflow/example_dags/example_sensor_decorator.py
[2024-07-14T16:40:44.083+0000] {processor.py:840} INFO - DAG(s) 'example_sensor_decorator' retrieved from /home/airflow/.local/lib/python3.11/site-packages/airflow/example_dags/example_sensor_decorator.py
[2024-07-14T16:40:44.109+0000] {logging_mixin.py:188} INFO - [2024-07-14T16:40:44.109+0000] {dag.py:3096} INFO - Sync 1 DAGs
[2024-07-14T16:40:44.125+0000] {logging_mixin.py:188} INFO - [2024-07-14T16:40:44.125+0000] {dag.py:3954} INFO - Setting next_dagrun for example_sensor_decorator to None, run_after=None
[2024-07-14T16:40:44.154+0000] {processor.py:183} INFO - Processing /home/airflow/.local/lib/python3.11/site-packages/airflow/example_dags/example_sensor_decorator.py took 0.094 seconds
[2024-07-14T16:40:50.755+0000] {processor.py:161} INFO - Started process (PID=1580) to work on /home/airflow/.local/lib/python3.11/site-packages/airflow/example_dags/example_sensor_decorator.py
[2024-07-14T16:40:50.756+0000] {processor.py:830} INFO - Processing file /home/airflow/.local/lib/python3.11/site-packages/airflow/example_dags/example_sensor_decorator.py for tasks to queue
[2024-07-14T16:40:50.760+0000] {logging_mixin.py:188} INFO - [2024-07-14T16:40:50.759+0000] {dagbag.py:545} INFO - Filling up the DagBag from /home/airflow/.local/lib/python3.11/site-packages/airflow/example_dags/example_sensor_decorator.py
[2024-07-14T16:40:50.773+0000] {processor.py:840} INFO - DAG(s) 'example_sensor_decorator' retrieved from /home/airflow/.local/lib/python3.11/site-packages/airflow/example_dags/example_sensor_decorator.py
[2024-07-14T16:40:50.823+0000] {logging_mixin.py:188} INFO - [2024-07-14T16:40:50.822+0000] {dag.py:3096} INFO - Sync 1 DAGs
[2024-07-14T16:40:50.885+0000] {logging_mixin.py:188} INFO - [2024-07-14T16:40:50.884+0000] {dag.py:3954} INFO - Setting next_dagrun for example_sensor_decorator to None, run_after=None
[2024-07-14T16:40:50.977+0000] {processor.py:183} INFO - Processing /home/airflow/.local/lib/python3.11/site-packages/airflow/example_dags/example_sensor_decorator.py took 0.234 seconds
[2024-07-14T16:41:00.885+0000] {processor.py:161} INFO - Started process (PID=1633) to work on /home/airflow/.local/lib/python3.11/site-packages/airflow/example_dags/example_sensor_decorator.py
[2024-07-14T16:41:00.887+0000] {processor.py:830} INFO - Processing file /home/airflow/.local/lib/python3.11/site-packages/airflow/example_dags/example_sensor_decorator.py for tasks to queue
[2024-07-14T16:41:00.890+0000] {logging_mixin.py:188} INFO - [2024-07-14T16:41:00.889+0000] {dagbag.py:545} INFO - Filling up the DagBag from /home/airflow/.local/lib/python3.11/site-packages/airflow/example_dags/example_sensor_decorator.py
[2024-07-14T16:41:00.901+0000] {processor.py:840} INFO - DAG(s) 'example_sensor_decorator' retrieved from /home/airflow/.local/lib/python3.11/site-packages/airflow/example_dags/example_sensor_decorator.py
[2024-07-14T16:41:00.933+0000] {logging_mixin.py:188} INFO - [2024-07-14T16:41:00.933+0000] {dag.py:3096} INFO - Sync 1 DAGs
[2024-07-14T16:41:00.959+0000] {logging_mixin.py:188} INFO - [2024-07-14T16:41:00.959+0000] {dag.py:3954} INFO - Setting next_dagrun for example_sensor_decorator to None, run_after=None
[2024-07-14T16:41:00.988+0000] {processor.py:183} INFO - Processing /home/airflow/.local/lib/python3.11/site-packages/airflow/example_dags/example_sensor_decorator.py took 0.113 seconds
[2024-07-14T16:41:08.039+0000] {processor.py:161} INFO - Started process (PID=1691) to work on /home/airflow/.local/lib/python3.11/site-packages/airflow/example_dags/example_sensor_decorator.py
[2024-07-14T16:41:08.041+0000] {processor.py:830} INFO - Processing file /home/airflow/.local/lib/python3.11/site-packages/airflow/example_dags/example_sensor_decorator.py for tasks to queue
[2024-07-14T16:41:08.044+0000] {logging_mixin.py:188} INFO - [2024-07-14T16:41:08.044+0000] {dagbag.py:545} INFO - Filling up the DagBag from /home/airflow/.local/lib/python3.11/site-packages/airflow/example_dags/example_sensor_decorator.py
[2024-07-14T16:41:08.058+0000] {processor.py:840} INFO - DAG(s) 'example_sensor_decorator' retrieved from /home/airflow/.local/lib/python3.11/site-packages/airflow/example_dags/example_sensor_decorator.py
[2024-07-14T16:41:08.099+0000] {logging_mixin.py:188} INFO - [2024-07-14T16:41:08.098+0000] {dag.py:3096} INFO - Sync 1 DAGs
[2024-07-14T16:41:08.124+0000] {logging_mixin.py:188} INFO - [2024-07-14T16:41:08.124+0000] {dag.py:3954} INFO - Setting next_dagrun for example_sensor_decorator to None, run_after=None
[2024-07-14T16:41:08.158+0000] {processor.py:183} INFO - Processing /home/airflow/.local/lib/python3.11/site-packages/airflow/example_dags/example_sensor_decorator.py took 0.133 seconds
[2024-07-14T16:41:14.575+0000] {processor.py:161} INFO - Started process (PID=1745) to work on /home/airflow/.local/lib/python3.11/site-packages/airflow/example_dags/example_sensor_decorator.py
[2024-07-14T16:41:14.577+0000] {processor.py:830} INFO - Processing file /home/airflow/.local/lib/python3.11/site-packages/airflow/example_dags/example_sensor_decorator.py for tasks to queue
[2024-07-14T16:41:14.580+0000] {logging_mixin.py:188} INFO - [2024-07-14T16:41:14.580+0000] {dagbag.py:545} INFO - Filling up the DagBag from /home/airflow/.local/lib/python3.11/site-packages/airflow/example_dags/example_sensor_decorator.py
[2024-07-14T16:41:14.593+0000] {processor.py:840} INFO - DAG(s) 'example_sensor_decorator' retrieved from /home/airflow/.local/lib/python3.11/site-packages/airflow/example_dags/example_sensor_decorator.py
[2024-07-14T16:41:14.629+0000] {logging_mixin.py:188} INFO - [2024-07-14T16:41:14.629+0000] {dag.py:3096} INFO - Sync 1 DAGs
[2024-07-14T16:41:14.649+0000] {logging_mixin.py:188} INFO - [2024-07-14T16:41:14.648+0000] {dag.py:3954} INFO - Setting next_dagrun for example_sensor_decorator to None, run_after=None
[2024-07-14T16:41:14.676+0000] {processor.py:183} INFO - Processing /home/airflow/.local/lib/python3.11/site-packages/airflow/example_dags/example_sensor_decorator.py took 0.115 seconds
[2024-07-14T16:41:21.473+0000] {processor.py:161} INFO - Started process (PID=1797) to work on /home/airflow/.local/lib/python3.11/site-packages/airflow/example_dags/example_sensor_decorator.py
[2024-07-14T16:41:21.475+0000] {processor.py:830} INFO - Processing file /home/airflow/.local/lib/python3.11/site-packages/airflow/example_dags/example_sensor_decorator.py for tasks to queue
[2024-07-14T16:41:21.478+0000] {logging_mixin.py:188} INFO - [2024-07-14T16:41:21.478+0000] {dagbag.py:545} INFO - Filling up the DagBag from /home/airflow/.local/lib/python3.11/site-packages/airflow/example_dags/example_sensor_decorator.py
[2024-07-14T16:41:21.491+0000] {processor.py:840} INFO - DAG(s) 'example_sensor_decorator' retrieved from /home/airflow/.local/lib/python3.11/site-packages/airflow/example_dags/example_sensor_decorator.py
[2024-07-14T16:41:21.534+0000] {logging_mixin.py:188} INFO - [2024-07-14T16:41:21.534+0000] {dag.py:3096} INFO - Sync 1 DAGs
[2024-07-14T16:41:21.557+0000] {logging_mixin.py:188} INFO - [2024-07-14T16:41:21.556+0000] {dag.py:3954} INFO - Setting next_dagrun for example_sensor_decorator to None, run_after=None
[2024-07-14T16:41:21.608+0000] {processor.py:183} INFO - Processing /home/airflow/.local/lib/python3.11/site-packages/airflow/example_dags/example_sensor_decorator.py took 0.146 seconds
[2024-07-14T16:41:32.597+0000] {processor.py:161} INFO - Started process (PID=1851) to work on /home/airflow/.local/lib/python3.11/site-packages/airflow/example_dags/example_sensor_decorator.py
[2024-07-14T16:41:32.599+0000] {processor.py:830} INFO - Processing file /home/airflow/.local/lib/python3.11/site-packages/airflow/example_dags/example_sensor_decorator.py for tasks to queue
[2024-07-14T16:41:32.604+0000] {logging_mixin.py:188} INFO - [2024-07-14T16:41:32.603+0000] {dagbag.py:545} INFO - Filling up the DagBag from /home/airflow/.local/lib/python3.11/site-packages/airflow/example_dags/example_sensor_decorator.py
[2024-07-14T16:41:32.622+0000] {processor.py:840} INFO - DAG(s) 'example_sensor_decorator' retrieved from /home/airflow/.local/lib/python3.11/site-packages/airflow/example_dags/example_sensor_decorator.py
[2024-07-14T16:41:32.667+0000] {logging_mixin.py:188} INFO - [2024-07-14T16:41:32.666+0000] {dag.py:3096} INFO - Sync 1 DAGs
[2024-07-14T16:41:32.700+0000] {logging_mixin.py:188} INFO - [2024-07-14T16:41:32.699+0000] {dag.py:3954} INFO - Setting next_dagrun for example_sensor_decorator to None, run_after=None
[2024-07-14T16:41:32.733+0000] {processor.py:183} INFO - Processing /home/airflow/.local/lib/python3.11/site-packages/airflow/example_dags/example_sensor_decorator.py took 0.152 seconds
[2024-07-14T16:41:39.248+0000] {processor.py:161} INFO - Started process (PID=1909) to work on /home/airflow/.local/lib/python3.11/site-packages/airflow/example_dags/example_sensor_decorator.py
[2024-07-14T16:41:39.249+0000] {processor.py:830} INFO - Processing file /home/airflow/.local/lib/python3.11/site-packages/airflow/example_dags/example_sensor_decorator.py for tasks to queue
[2024-07-14T16:41:39.253+0000] {logging_mixin.py:188} INFO - [2024-07-14T16:41:39.252+0000] {dagbag.py:545} INFO - Filling up the DagBag from /home/airflow/.local/lib/python3.11/site-packages/airflow/example_dags/example_sensor_decorator.py
[2024-07-14T16:41:39.268+0000] {processor.py:840} INFO - DAG(s) 'example_sensor_decorator' retrieved from /home/airflow/.local/lib/python3.11/site-packages/airflow/example_dags/example_sensor_decorator.py
[2024-07-14T16:41:39.306+0000] {logging_mixin.py:188} INFO - [2024-07-14T16:41:39.305+0000] {dag.py:3096} INFO - Sync 1 DAGs
[2024-07-14T16:41:39.329+0000] {logging_mixin.py:188} INFO - [2024-07-14T16:41:39.329+0000] {dag.py:3954} INFO - Setting next_dagrun for example_sensor_decorator to None, run_after=None
[2024-07-14T16:41:39.360+0000] {processor.py:183} INFO - Processing /home/airflow/.local/lib/python3.11/site-packages/airflow/example_dags/example_sensor_decorator.py took 0.125 seconds
[2024-07-14T16:41:45.188+0000] {processor.py:161} INFO - Started process (PID=1962) to work on /home/airflow/.local/lib/python3.11/site-packages/airflow/example_dags/example_sensor_decorator.py
[2024-07-14T16:41:45.190+0000] {processor.py:830} INFO - Processing file /home/airflow/.local/lib/python3.11/site-packages/airflow/example_dags/example_sensor_decorator.py for tasks to queue
[2024-07-14T16:41:45.194+0000] {logging_mixin.py:188} INFO - [2024-07-14T16:41:45.193+0000] {dagbag.py:545} INFO - Filling up the DagBag from /home/airflow/.local/lib/python3.11/site-packages/airflow/example_dags/example_sensor_decorator.py
[2024-07-14T16:41:45.209+0000] {processor.py:840} INFO - DAG(s) 'example_sensor_decorator' retrieved from /home/airflow/.local/lib/python3.11/site-packages/airflow/example_dags/example_sensor_decorator.py
[2024-07-14T16:41:45.254+0000] {logging_mixin.py:188} INFO - [2024-07-14T16:41:45.253+0000] {dag.py:3096} INFO - Sync 1 DAGs
[2024-07-14T16:41:45.284+0000] {logging_mixin.py:188} INFO - [2024-07-14T16:41:45.284+0000] {dag.py:3954} INFO - Setting next_dagrun for example_sensor_decorator to None, run_after=None
[2024-07-14T16:41:45.317+0000] {processor.py:183} INFO - Processing /home/airflow/.local/lib/python3.11/site-packages/airflow/example_dags/example_sensor_decorator.py took 0.142 seconds
[2024-07-14T16:41:51.648+0000] {processor.py:161} INFO - Started process (PID=2014) to work on /home/airflow/.local/lib/python3.11/site-packages/airflow/example_dags/example_sensor_decorator.py
[2024-07-14T16:41:51.650+0000] {processor.py:830} INFO - Processing file /home/airflow/.local/lib/python3.11/site-packages/airflow/example_dags/example_sensor_decorator.py for tasks to queue
[2024-07-14T16:41:51.656+0000] {logging_mixin.py:188} INFO - [2024-07-14T16:41:51.655+0000] {dagbag.py:545} INFO - Filling up the DagBag from /home/airflow/.local/lib/python3.11/site-packages/airflow/example_dags/example_sensor_decorator.py
[2024-07-14T16:41:51.679+0000] {processor.py:840} INFO - DAG(s) 'example_sensor_decorator' retrieved from /home/airflow/.local/lib/python3.11/site-packages/airflow/example_dags/example_sensor_decorator.py
[2024-07-14T16:41:51.728+0000] {logging_mixin.py:188} INFO - [2024-07-14T16:41:51.728+0000] {dag.py:3096} INFO - Sync 1 DAGs
[2024-07-14T16:41:51.757+0000] {logging_mixin.py:188} INFO - [2024-07-14T16:41:51.756+0000] {dag.py:3954} INFO - Setting next_dagrun for example_sensor_decorator to None, run_after=None
[2024-07-14T16:41:51.789+0000] {processor.py:183} INFO - Processing /home/airflow/.local/lib/python3.11/site-packages/airflow/example_dags/example_sensor_decorator.py took 0.159 seconds
[2024-07-14T16:41:59.003+0000] {processor.py:161} INFO - Started process (PID=2068) to work on /home/airflow/.local/lib/python3.11/site-packages/airflow/example_dags/example_sensor_decorator.py
[2024-07-14T16:41:59.006+0000] {processor.py:830} INFO - Processing file /home/airflow/.local/lib/python3.11/site-packages/airflow/example_dags/example_sensor_decorator.py for tasks to queue
[2024-07-14T16:41:59.015+0000] {logging_mixin.py:188} INFO - [2024-07-14T16:41:59.014+0000] {dagbag.py:545} INFO - Filling up the DagBag from /home/airflow/.local/lib/python3.11/site-packages/airflow/example_dags/example_sensor_decorator.py
[2024-07-14T16:41:59.032+0000] {processor.py:840} INFO - DAG(s) 'example_sensor_decorator' retrieved from /home/airflow/.local/lib/python3.11/site-packages/airflow/example_dags/example_sensor_decorator.py
[2024-07-14T16:41:59.078+0000] {logging_mixin.py:188} INFO - [2024-07-14T16:41:59.078+0000] {dag.py:3096} INFO - Sync 1 DAGs
[2024-07-14T16:41:59.101+0000] {logging_mixin.py:188} INFO - [2024-07-14T16:41:59.101+0000] {dag.py:3954} INFO - Setting next_dagrun for example_sensor_decorator to None, run_after=None
[2024-07-14T16:41:59.133+0000] {processor.py:183} INFO - Processing /home/airflow/.local/lib/python3.11/site-packages/airflow/example_dags/example_sensor_decorator.py took 0.146 seconds
[2024-07-14T16:42:05.775+0000] {processor.py:161} INFO - Started process (PID=2120) to work on /home/airflow/.local/lib/python3.11/site-packages/airflow/example_dags/example_sensor_decorator.py
[2024-07-14T16:42:05.777+0000] {processor.py:830} INFO - Processing file /home/airflow/.local/lib/python3.11/site-packages/airflow/example_dags/example_sensor_decorator.py for tasks to queue
[2024-07-14T16:42:05.781+0000] {logging_mixin.py:188} INFO - [2024-07-14T16:42:05.780+0000] {dagbag.py:545} INFO - Filling up the DagBag from /home/airflow/.local/lib/python3.11/site-packages/airflow/example_dags/example_sensor_decorator.py
[2024-07-14T16:42:05.795+0000] {processor.py:840} INFO - DAG(s) 'example_sensor_decorator' retrieved from /home/airflow/.local/lib/python3.11/site-packages/airflow/example_dags/example_sensor_decorator.py
[2024-07-14T16:42:05.850+0000] {logging_mixin.py:188} INFO - [2024-07-14T16:42:05.850+0000] {dag.py:3096} INFO - Sync 1 DAGs
[2024-07-14T16:42:05.890+0000] {logging_mixin.py:188} INFO - [2024-07-14T16:42:05.890+0000] {dag.py:3954} INFO - Setting next_dagrun for example_sensor_decorator to None, run_after=None
[2024-07-14T16:42:05.961+0000] {processor.py:183} INFO - Processing /home/airflow/.local/lib/python3.11/site-packages/airflow/example_dags/example_sensor_decorator.py took 0.202 seconds
[2024-07-14T16:42:12.199+0000] {processor.py:161} INFO - Started process (PID=2179) to work on /home/airflow/.local/lib/python3.11/site-packages/airflow/example_dags/example_sensor_decorator.py
[2024-07-14T16:42:12.200+0000] {processor.py:830} INFO - Processing file /home/airflow/.local/lib/python3.11/site-packages/airflow/example_dags/example_sensor_decorator.py for tasks to queue
[2024-07-14T16:42:12.203+0000] {logging_mixin.py:188} INFO - [2024-07-14T16:42:12.202+0000] {dagbag.py:545} INFO - Filling up the DagBag from /home/airflow/.local/lib/python3.11/site-packages/airflow/example_dags/example_sensor_decorator.py
[2024-07-14T16:42:12.212+0000] {processor.py:840} INFO - DAG(s) 'example_sensor_decorator' retrieved from /home/airflow/.local/lib/python3.11/site-packages/airflow/example_dags/example_sensor_decorator.py
[2024-07-14T16:42:12.239+0000] {logging_mixin.py:188} INFO - [2024-07-14T16:42:12.238+0000] {dag.py:3096} INFO - Sync 1 DAGs
[2024-07-14T16:42:12.255+0000] {logging_mixin.py:188} INFO - [2024-07-14T16:42:12.255+0000] {dag.py:3954} INFO - Setting next_dagrun for example_sensor_decorator to None, run_after=None
[2024-07-14T16:42:12.279+0000] {processor.py:183} INFO - Processing /home/airflow/.local/lib/python3.11/site-packages/airflow/example_dags/example_sensor_decorator.py took 0.089 seconds
[2024-07-14T16:42:17.404+0000] {processor.py:161} INFO - Started process (PID=2231) to work on /home/airflow/.local/lib/python3.11/site-packages/airflow/example_dags/example_sensor_decorator.py
[2024-07-14T16:42:17.406+0000] {processor.py:830} INFO - Processing file /home/airflow/.local/lib/python3.11/site-packages/airflow/example_dags/example_sensor_decorator.py for tasks to queue
[2024-07-14T16:42:17.408+0000] {logging_mixin.py:188} INFO - [2024-07-14T16:42:17.408+0000] {dagbag.py:545} INFO - Filling up the DagBag from /home/airflow/.local/lib/python3.11/site-packages/airflow/example_dags/example_sensor_decorator.py
[2024-07-14T16:42:17.419+0000] {processor.py:840} INFO - DAG(s) 'example_sensor_decorator' retrieved from /home/airflow/.local/lib/python3.11/site-packages/airflow/example_dags/example_sensor_decorator.py
[2024-07-14T16:42:17.449+0000] {logging_mixin.py:188} INFO - [2024-07-14T16:42:17.448+0000] {dag.py:3096} INFO - Sync 1 DAGs
[2024-07-14T16:42:17.466+0000] {logging_mixin.py:188} INFO - [2024-07-14T16:42:17.466+0000] {dag.py:3954} INFO - Setting next_dagrun for example_sensor_decorator to None, run_after=None
[2024-07-14T16:42:17.493+0000] {processor.py:183} INFO - Processing /home/airflow/.local/lib/python3.11/site-packages/airflow/example_dags/example_sensor_decorator.py took 0.098 seconds
[2024-07-14T16:42:22.502+0000] {processor.py:161} INFO - Started process (PID=2285) to work on /home/airflow/.local/lib/python3.11/site-packages/airflow/example_dags/example_sensor_decorator.py
[2024-07-14T16:42:22.504+0000] {processor.py:830} INFO - Processing file /home/airflow/.local/lib/python3.11/site-packages/airflow/example_dags/example_sensor_decorator.py for tasks to queue
[2024-07-14T16:42:22.507+0000] {logging_mixin.py:188} INFO - [2024-07-14T16:42:22.506+0000] {dagbag.py:545} INFO - Filling up the DagBag from /home/airflow/.local/lib/python3.11/site-packages/airflow/example_dags/example_sensor_decorator.py
[2024-07-14T16:42:22.516+0000] {processor.py:840} INFO - DAG(s) 'example_sensor_decorator' retrieved from /home/airflow/.local/lib/python3.11/site-packages/airflow/example_dags/example_sensor_decorator.py
[2024-07-14T16:42:22.543+0000] {logging_mixin.py:188} INFO - [2024-07-14T16:42:22.542+0000] {dag.py:3096} INFO - Sync 1 DAGs
[2024-07-14T16:42:22.559+0000] {logging_mixin.py:188} INFO - [2024-07-14T16:42:22.559+0000] {dag.py:3954} INFO - Setting next_dagrun for example_sensor_decorator to None, run_after=None
[2024-07-14T16:42:22.585+0000] {processor.py:183} INFO - Processing /home/airflow/.local/lib/python3.11/site-packages/airflow/example_dags/example_sensor_decorator.py took 0.091 seconds
[2024-07-14T16:42:27.484+0000] {processor.py:161} INFO - Started process (PID=2337) to work on /home/airflow/.local/lib/python3.11/site-packages/airflow/example_dags/example_sensor_decorator.py
[2024-07-14T16:42:27.485+0000] {processor.py:830} INFO - Processing file /home/airflow/.local/lib/python3.11/site-packages/airflow/example_dags/example_sensor_decorator.py for tasks to queue
[2024-07-14T16:42:27.488+0000] {logging_mixin.py:188} INFO - [2024-07-14T16:42:27.488+0000] {dagbag.py:545} INFO - Filling up the DagBag from /home/airflow/.local/lib/python3.11/site-packages/airflow/example_dags/example_sensor_decorator.py
[2024-07-14T16:42:27.499+0000] {processor.py:840} INFO - DAG(s) 'example_sensor_decorator' retrieved from /home/airflow/.local/lib/python3.11/site-packages/airflow/example_dags/example_sensor_decorator.py
[2024-07-14T16:42:27.528+0000] {logging_mixin.py:188} INFO - [2024-07-14T16:42:27.528+0000] {dag.py:3096} INFO - Sync 1 DAGs
[2024-07-14T16:42:27.544+0000] {logging_mixin.py:188} INFO - [2024-07-14T16:42:27.544+0000] {dag.py:3954} INFO - Setting next_dagrun for example_sensor_decorator to None, run_after=None
[2024-07-14T16:42:27.572+0000] {processor.py:183} INFO - Processing /home/airflow/.local/lib/python3.11/site-packages/airflow/example_dags/example_sensor_decorator.py took 0.099 seconds
[2024-07-14T16:42:34.537+0000] {processor.py:161} INFO - Started process (PID=2390) to work on /home/airflow/.local/lib/python3.11/site-packages/airflow/example_dags/example_sensor_decorator.py
[2024-07-14T16:42:34.538+0000] {processor.py:830} INFO - Processing file /home/airflow/.local/lib/python3.11/site-packages/airflow/example_dags/example_sensor_decorator.py for tasks to queue
[2024-07-14T16:42:34.542+0000] {logging_mixin.py:188} INFO - [2024-07-14T16:42:34.541+0000] {dagbag.py:545} INFO - Filling up the DagBag from /home/airflow/.local/lib/python3.11/site-packages/airflow/example_dags/example_sensor_decorator.py
[2024-07-14T16:42:34.553+0000] {processor.py:840} INFO - DAG(s) 'example_sensor_decorator' retrieved from /home/airflow/.local/lib/python3.11/site-packages/airflow/example_dags/example_sensor_decorator.py
[2024-07-14T16:42:34.585+0000] {logging_mixin.py:188} INFO - [2024-07-14T16:42:34.585+0000] {dag.py:3096} INFO - Sync 1 DAGs
[2024-07-14T16:42:34.607+0000] {logging_mixin.py:188} INFO - [2024-07-14T16:42:34.606+0000] {dag.py:3954} INFO - Setting next_dagrun for example_sensor_decorator to None, run_after=None
[2024-07-14T16:42:34.634+0000] {processor.py:183} INFO - Processing /home/airflow/.local/lib/python3.11/site-packages/airflow/example_dags/example_sensor_decorator.py took 0.109 seconds
[2024-07-14T16:42:42.486+0000] {processor.py:161} INFO - Started process (PID=2448) to work on /home/airflow/.local/lib/python3.11/site-packages/airflow/example_dags/example_sensor_decorator.py
[2024-07-14T16:42:42.489+0000] {processor.py:830} INFO - Processing file /home/airflow/.local/lib/python3.11/site-packages/airflow/example_dags/example_sensor_decorator.py for tasks to queue
[2024-07-14T16:42:42.493+0000] {logging_mixin.py:188} INFO - [2024-07-14T16:42:42.493+0000] {dagbag.py:545} INFO - Filling up the DagBag from /home/airflow/.local/lib/python3.11/site-packages/airflow/example_dags/example_sensor_decorator.py
[2024-07-14T16:42:42.514+0000] {processor.py:840} INFO - DAG(s) 'example_sensor_decorator' retrieved from /home/airflow/.local/lib/python3.11/site-packages/airflow/example_dags/example_sensor_decorator.py
[2024-07-14T16:42:42.576+0000] {logging_mixin.py:188} INFO - [2024-07-14T16:42:42.575+0000] {dag.py:3096} INFO - Sync 1 DAGs
[2024-07-14T16:42:42.638+0000] {logging_mixin.py:188} INFO - [2024-07-14T16:42:42.637+0000] {dag.py:3954} INFO - Setting next_dagrun for example_sensor_decorator to None, run_after=None
[2024-07-14T16:42:42.691+0000] {processor.py:183} INFO - Processing /home/airflow/.local/lib/python3.11/site-packages/airflow/example_dags/example_sensor_decorator.py took 0.229 seconds
[2024-07-14T16:42:52.344+0000] {processor.py:161} INFO - Started process (PID=2501) to work on /home/airflow/.local/lib/python3.11/site-packages/airflow/example_dags/example_sensor_decorator.py
[2024-07-14T16:42:52.346+0000] {processor.py:830} INFO - Processing file /home/airflow/.local/lib/python3.11/site-packages/airflow/example_dags/example_sensor_decorator.py for tasks to queue
[2024-07-14T16:42:52.351+0000] {logging_mixin.py:188} INFO - [2024-07-14T16:42:52.350+0000] {dagbag.py:545} INFO - Filling up the DagBag from /home/airflow/.local/lib/python3.11/site-packages/airflow/example_dags/example_sensor_decorator.py
[2024-07-14T16:42:52.366+0000] {processor.py:840} INFO - DAG(s) 'example_sensor_decorator' retrieved from /home/airflow/.local/lib/python3.11/site-packages/airflow/example_dags/example_sensor_decorator.py
[2024-07-14T16:42:52.415+0000] {logging_mixin.py:188} INFO - [2024-07-14T16:42:52.414+0000] {dag.py:3096} INFO - Sync 1 DAGs
[2024-07-14T16:42:52.445+0000] {logging_mixin.py:188} INFO - [2024-07-14T16:42:52.445+0000] {dag.py:3954} INFO - Setting next_dagrun for example_sensor_decorator to None, run_after=None
[2024-07-14T16:42:52.499+0000] {processor.py:183} INFO - Processing /home/airflow/.local/lib/python3.11/site-packages/airflow/example_dags/example_sensor_decorator.py took 0.175 seconds
[2024-07-14T16:42:59.440+0000] {processor.py:161} INFO - Started process (PID=2553) to work on /home/airflow/.local/lib/python3.11/site-packages/airflow/example_dags/example_sensor_decorator.py
[2024-07-14T16:42:59.442+0000] {processor.py:830} INFO - Processing file /home/airflow/.local/lib/python3.11/site-packages/airflow/example_dags/example_sensor_decorator.py for tasks to queue
[2024-07-14T16:42:59.445+0000] {logging_mixin.py:188} INFO - [2024-07-14T16:42:59.445+0000] {dagbag.py:545} INFO - Filling up the DagBag from /home/airflow/.local/lib/python3.11/site-packages/airflow/example_dags/example_sensor_decorator.py
[2024-07-14T16:42:59.459+0000] {processor.py:840} INFO - DAG(s) 'example_sensor_decorator' retrieved from /home/airflow/.local/lib/python3.11/site-packages/airflow/example_dags/example_sensor_decorator.py
[2024-07-14T16:42:59.509+0000] {logging_mixin.py:188} INFO - [2024-07-14T16:42:59.508+0000] {dag.py:3096} INFO - Sync 1 DAGs
[2024-07-14T16:42:59.543+0000] {logging_mixin.py:188} INFO - [2024-07-14T16:42:59.542+0000] {dag.py:3954} INFO - Setting next_dagrun for example_sensor_decorator to None, run_after=None
[2024-07-14T16:42:59.576+0000] {processor.py:183} INFO - Processing /home/airflow/.local/lib/python3.11/site-packages/airflow/example_dags/example_sensor_decorator.py took 0.149 seconds
[2024-07-14T16:43:05.309+0000] {processor.py:161} INFO - Started process (PID=2606) to work on /home/airflow/.local/lib/python3.11/site-packages/airflow/example_dags/example_sensor_decorator.py
[2024-07-14T16:43:05.311+0000] {processor.py:830} INFO - Processing file /home/airflow/.local/lib/python3.11/site-packages/airflow/example_dags/example_sensor_decorator.py for tasks to queue
[2024-07-14T16:43:05.314+0000] {logging_mixin.py:188} INFO - [2024-07-14T16:43:05.314+0000] {dagbag.py:545} INFO - Filling up the DagBag from /home/airflow/.local/lib/python3.11/site-packages/airflow/example_dags/example_sensor_decorator.py
[2024-07-14T16:43:05.328+0000] {processor.py:840} INFO - DAG(s) 'example_sensor_decorator' retrieved from /home/airflow/.local/lib/python3.11/site-packages/airflow/example_dags/example_sensor_decorator.py
[2024-07-14T16:43:05.363+0000] {logging_mixin.py:188} INFO - [2024-07-14T16:43:05.363+0000] {dag.py:3096} INFO - Sync 1 DAGs
[2024-07-14T16:43:05.386+0000] {logging_mixin.py:188} INFO - [2024-07-14T16:43:05.385+0000] {dag.py:3954} INFO - Setting next_dagrun for example_sensor_decorator to None, run_after=None
[2024-07-14T16:43:05.422+0000] {processor.py:183} INFO - Processing /home/airflow/.local/lib/python3.11/site-packages/airflow/example_dags/example_sensor_decorator.py took 0.125 seconds
[2024-07-14T16:43:13.975+0000] {processor.py:161} INFO - Started process (PID=2664) to work on /home/airflow/.local/lib/python3.11/site-packages/airflow/example_dags/example_sensor_decorator.py
[2024-07-14T16:43:13.977+0000] {processor.py:830} INFO - Processing file /home/airflow/.local/lib/python3.11/site-packages/airflow/example_dags/example_sensor_decorator.py for tasks to queue
[2024-07-14T16:43:13.984+0000] {logging_mixin.py:188} INFO - [2024-07-14T16:43:13.983+0000] {dagbag.py:545} INFO - Filling up the DagBag from /home/airflow/.local/lib/python3.11/site-packages/airflow/example_dags/example_sensor_decorator.py
[2024-07-14T16:43:14.011+0000] {processor.py:840} INFO - DAG(s) 'example_sensor_decorator' retrieved from /home/airflow/.local/lib/python3.11/site-packages/airflow/example_dags/example_sensor_decorator.py
[2024-07-14T16:43:14.103+0000] {logging_mixin.py:188} INFO - [2024-07-14T16:43:14.102+0000] {dag.py:3096} INFO - Sync 1 DAGs
[2024-07-14T16:43:14.172+0000] {logging_mixin.py:188} INFO - [2024-07-14T16:43:14.172+0000] {dag.py:3954} INFO - Setting next_dagrun for example_sensor_decorator to None, run_after=None
[2024-07-14T16:43:14.233+0000] {processor.py:183} INFO - Processing /home/airflow/.local/lib/python3.11/site-packages/airflow/example_dags/example_sensor_decorator.py took 0.282 seconds
[2024-07-14T16:43:26.250+0000] {processor.py:161} INFO - Started process (PID=2717) to work on /home/airflow/.local/lib/python3.11/site-packages/airflow/example_dags/example_sensor_decorator.py
[2024-07-14T16:43:26.253+0000] {processor.py:830} INFO - Processing file /home/airflow/.local/lib/python3.11/site-packages/airflow/example_dags/example_sensor_decorator.py for tasks to queue
[2024-07-14T16:43:26.262+0000] {logging_mixin.py:188} INFO - [2024-07-14T16:43:26.260+0000] {dagbag.py:545} INFO - Filling up the DagBag from /home/airflow/.local/lib/python3.11/site-packages/airflow/example_dags/example_sensor_decorator.py
[2024-07-14T16:43:26.318+0000] {processor.py:840} INFO - DAG(s) 'example_sensor_decorator' retrieved from /home/airflow/.local/lib/python3.11/site-packages/airflow/example_dags/example_sensor_decorator.py
[2024-07-14T16:43:26.392+0000] {logging_mixin.py:188} INFO - [2024-07-14T16:43:26.392+0000] {dag.py:3096} INFO - Sync 1 DAGs
[2024-07-14T16:43:26.431+0000] {logging_mixin.py:188} INFO - [2024-07-14T16:43:26.430+0000] {dag.py:3954} INFO - Setting next_dagrun for example_sensor_decorator to None, run_after=None
[2024-07-14T16:43:26.484+0000] {processor.py:183} INFO - Processing /home/airflow/.local/lib/python3.11/site-packages/airflow/example_dags/example_sensor_decorator.py took 0.255 seconds
[2024-07-14T16:43:36.731+0000] {processor.py:161} INFO - Started process (PID=2775) to work on /home/airflow/.local/lib/python3.11/site-packages/airflow/example_dags/example_sensor_decorator.py
[2024-07-14T16:43:36.733+0000] {processor.py:830} INFO - Processing file /home/airflow/.local/lib/python3.11/site-packages/airflow/example_dags/example_sensor_decorator.py for tasks to queue
[2024-07-14T16:43:36.736+0000] {logging_mixin.py:188} INFO - [2024-07-14T16:43:36.736+0000] {dagbag.py:545} INFO - Filling up the DagBag from /home/airflow/.local/lib/python3.11/site-packages/airflow/example_dags/example_sensor_decorator.py
[2024-07-14T16:43:36.749+0000] {processor.py:840} INFO - DAG(s) 'example_sensor_decorator' retrieved from /home/airflow/.local/lib/python3.11/site-packages/airflow/example_dags/example_sensor_decorator.py
[2024-07-14T16:43:36.794+0000] {logging_mixin.py:188} INFO - [2024-07-14T16:43:36.793+0000] {dag.py:3096} INFO - Sync 1 DAGs
[2024-07-14T16:43:36.822+0000] {logging_mixin.py:188} INFO - [2024-07-14T16:43:36.821+0000] {dag.py:3954} INFO - Setting next_dagrun for example_sensor_decorator to None, run_after=None
[2024-07-14T16:43:36.855+0000] {processor.py:183} INFO - Processing /home/airflow/.local/lib/python3.11/site-packages/airflow/example_dags/example_sensor_decorator.py took 0.137 seconds
[2024-07-14T16:43:44.935+0000] {processor.py:161} INFO - Started process (PID=2828) to work on /home/airflow/.local/lib/python3.11/site-packages/airflow/example_dags/example_sensor_decorator.py
[2024-07-14T16:43:44.937+0000] {processor.py:830} INFO - Processing file /home/airflow/.local/lib/python3.11/site-packages/airflow/example_dags/example_sensor_decorator.py for tasks to queue
[2024-07-14T16:43:44.940+0000] {logging_mixin.py:188} INFO - [2024-07-14T16:43:44.940+0000] {dagbag.py:545} INFO - Filling up the DagBag from /home/airflow/.local/lib/python3.11/site-packages/airflow/example_dags/example_sensor_decorator.py
[2024-07-14T16:43:44.951+0000] {processor.py:840} INFO - DAG(s) 'example_sensor_decorator' retrieved from /home/airflow/.local/lib/python3.11/site-packages/airflow/example_dags/example_sensor_decorator.py
[2024-07-14T16:43:44.990+0000] {logging_mixin.py:188} INFO - [2024-07-14T16:43:44.990+0000] {dag.py:3096} INFO - Sync 1 DAGs
[2024-07-14T16:43:45.010+0000] {logging_mixin.py:188} INFO - [2024-07-14T16:43:45.010+0000] {dag.py:3954} INFO - Setting next_dagrun for example_sensor_decorator to None, run_after=None
[2024-07-14T16:43:45.041+0000] {processor.py:183} INFO - Processing /home/airflow/.local/lib/python3.11/site-packages/airflow/example_dags/example_sensor_decorator.py took 0.117 seconds
[2024-07-14T16:43:51.873+0000] {processor.py:161} INFO - Started process (PID=2882) to work on /home/airflow/.local/lib/python3.11/site-packages/airflow/example_dags/example_sensor_decorator.py
[2024-07-14T16:43:51.876+0000] {processor.py:830} INFO - Processing file /home/airflow/.local/lib/python3.11/site-packages/airflow/example_dags/example_sensor_decorator.py for tasks to queue
[2024-07-14T16:43:51.881+0000] {logging_mixin.py:188} INFO - [2024-07-14T16:43:51.880+0000] {dagbag.py:545} INFO - Filling up the DagBag from /home/airflow/.local/lib/python3.11/site-packages/airflow/example_dags/example_sensor_decorator.py
[2024-07-14T16:43:51.902+0000] {processor.py:840} INFO - DAG(s) 'example_sensor_decorator' retrieved from /home/airflow/.local/lib/python3.11/site-packages/airflow/example_dags/example_sensor_decorator.py
[2024-07-14T16:43:51.951+0000] {logging_mixin.py:188} INFO - [2024-07-14T16:43:51.951+0000] {dag.py:3096} INFO - Sync 1 DAGs
[2024-07-14T16:43:51.980+0000] {logging_mixin.py:188} INFO - [2024-07-14T16:43:51.980+0000] {dag.py:3954} INFO - Setting next_dagrun for example_sensor_decorator to None, run_after=None
[2024-07-14T16:43:52.043+0000] {processor.py:183} INFO - Processing /home/airflow/.local/lib/python3.11/site-packages/airflow/example_dags/example_sensor_decorator.py took 0.187 seconds
[2024-07-14T16:43:59.692+0000] {processor.py:161} INFO - Started process (PID=2934) to work on /home/airflow/.local/lib/python3.11/site-packages/airflow/example_dags/example_sensor_decorator.py
[2024-07-14T16:43:59.695+0000] {processor.py:830} INFO - Processing file /home/airflow/.local/lib/python3.11/site-packages/airflow/example_dags/example_sensor_decorator.py for tasks to queue
[2024-07-14T16:43:59.700+0000] {logging_mixin.py:188} INFO - [2024-07-14T16:43:59.699+0000] {dagbag.py:545} INFO - Filling up the DagBag from /home/airflow/.local/lib/python3.11/site-packages/airflow/example_dags/example_sensor_decorator.py
[2024-07-14T16:43:59.721+0000] {processor.py:840} INFO - DAG(s) 'example_sensor_decorator' retrieved from /home/airflow/.local/lib/python3.11/site-packages/airflow/example_dags/example_sensor_decorator.py
[2024-07-14T16:43:59.772+0000] {logging_mixin.py:188} INFO - [2024-07-14T16:43:59.771+0000] {dag.py:3096} INFO - Sync 1 DAGs
[2024-07-14T16:43:59.801+0000] {logging_mixin.py:188} INFO - [2024-07-14T16:43:59.801+0000] {dag.py:3954} INFO - Setting next_dagrun for example_sensor_decorator to None, run_after=None
[2024-07-14T16:43:59.868+0000] {processor.py:183} INFO - Processing /home/airflow/.local/lib/python3.11/site-packages/airflow/example_dags/example_sensor_decorator.py took 0.194 seconds
[2024-07-14T16:44:09.563+0000] {processor.py:161} INFO - Started process (PID=2994) to work on /home/airflow/.local/lib/python3.11/site-packages/airflow/example_dags/example_sensor_decorator.py
[2024-07-14T16:44:09.564+0000] {processor.py:830} INFO - Processing file /home/airflow/.local/lib/python3.11/site-packages/airflow/example_dags/example_sensor_decorator.py for tasks to queue
[2024-07-14T16:44:09.567+0000] {logging_mixin.py:188} INFO - [2024-07-14T16:44:09.567+0000] {dagbag.py:545} INFO - Filling up the DagBag from /home/airflow/.local/lib/python3.11/site-packages/airflow/example_dags/example_sensor_decorator.py
[2024-07-14T16:44:09.577+0000] {processor.py:840} INFO - DAG(s) 'example_sensor_decorator' retrieved from /home/airflow/.local/lib/python3.11/site-packages/airflow/example_dags/example_sensor_decorator.py
[2024-07-14T16:44:09.605+0000] {logging_mixin.py:188} INFO - [2024-07-14T16:44:09.605+0000] {dag.py:3096} INFO - Sync 1 DAGs
[2024-07-14T16:44:09.622+0000] {logging_mixin.py:188} INFO - [2024-07-14T16:44:09.622+0000] {dag.py:3954} INFO - Setting next_dagrun for example_sensor_decorator to None, run_after=None
[2024-07-14T16:44:09.649+0000] {processor.py:183} INFO - Processing /home/airflow/.local/lib/python3.11/site-packages/airflow/example_dags/example_sensor_decorator.py took 0.095 seconds
[2024-07-14T16:44:14.358+0000] {processor.py:161} INFO - Started process (PID=3046) to work on /home/airflow/.local/lib/python3.11/site-packages/airflow/example_dags/example_sensor_decorator.py
[2024-07-14T16:44:14.359+0000] {processor.py:830} INFO - Processing file /home/airflow/.local/lib/python3.11/site-packages/airflow/example_dags/example_sensor_decorator.py for tasks to queue
[2024-07-14T16:44:14.362+0000] {logging_mixin.py:188} INFO - [2024-07-14T16:44:14.361+0000] {dagbag.py:545} INFO - Filling up the DagBag from /home/airflow/.local/lib/python3.11/site-packages/airflow/example_dags/example_sensor_decorator.py
[2024-07-14T16:44:14.371+0000] {processor.py:840} INFO - DAG(s) 'example_sensor_decorator' retrieved from /home/airflow/.local/lib/python3.11/site-packages/airflow/example_dags/example_sensor_decorator.py
[2024-07-14T16:44:14.398+0000] {logging_mixin.py:188} INFO - [2024-07-14T16:44:14.398+0000] {dag.py:3096} INFO - Sync 1 DAGs
[2024-07-14T16:44:14.416+0000] {logging_mixin.py:188} INFO - [2024-07-14T16:44:14.415+0000] {dag.py:3954} INFO - Setting next_dagrun for example_sensor_decorator to None, run_after=None
[2024-07-14T16:44:14.441+0000] {processor.py:183} INFO - Processing /home/airflow/.local/lib/python3.11/site-packages/airflow/example_dags/example_sensor_decorator.py took 0.092 seconds
[2024-07-14T16:44:20.309+0000] {processor.py:161} INFO - Started process (PID=3099) to work on /home/airflow/.local/lib/python3.11/site-packages/airflow/example_dags/example_sensor_decorator.py
[2024-07-14T16:44:20.310+0000] {processor.py:830} INFO - Processing file /home/airflow/.local/lib/python3.11/site-packages/airflow/example_dags/example_sensor_decorator.py for tasks to queue
[2024-07-14T16:44:20.313+0000] {logging_mixin.py:188} INFO - [2024-07-14T16:44:20.313+0000] {dagbag.py:545} INFO - Filling up the DagBag from /home/airflow/.local/lib/python3.11/site-packages/airflow/example_dags/example_sensor_decorator.py
[2024-07-14T16:44:20.322+0000] {processor.py:840} INFO - DAG(s) 'example_sensor_decorator' retrieved from /home/airflow/.local/lib/python3.11/site-packages/airflow/example_dags/example_sensor_decorator.py
[2024-07-14T16:44:20.352+0000] {logging_mixin.py:188} INFO - [2024-07-14T16:44:20.352+0000] {dag.py:3096} INFO - Sync 1 DAGs
[2024-07-14T16:44:20.370+0000] {logging_mixin.py:188} INFO - [2024-07-14T16:44:20.370+0000] {dag.py:3954} INFO - Setting next_dagrun for example_sensor_decorator to None, run_after=None
[2024-07-14T16:44:20.397+0000] {processor.py:183} INFO - Processing /home/airflow/.local/lib/python3.11/site-packages/airflow/example_dags/example_sensor_decorator.py took 0.098 seconds
[2024-07-14T16:44:25.588+0000] {processor.py:161} INFO - Started process (PID=3151) to work on /home/airflow/.local/lib/python3.11/site-packages/airflow/example_dags/example_sensor_decorator.py
[2024-07-14T16:44:25.591+0000] {processor.py:830} INFO - Processing file /home/airflow/.local/lib/python3.11/site-packages/airflow/example_dags/example_sensor_decorator.py for tasks to queue
[2024-07-14T16:44:25.594+0000] {logging_mixin.py:188} INFO - [2024-07-14T16:44:25.593+0000] {dagbag.py:545} INFO - Filling up the DagBag from /home/airflow/.local/lib/python3.11/site-packages/airflow/example_dags/example_sensor_decorator.py
[2024-07-14T16:44:25.607+0000] {processor.py:840} INFO - DAG(s) 'example_sensor_decorator' retrieved from /home/airflow/.local/lib/python3.11/site-packages/airflow/example_dags/example_sensor_decorator.py
[2024-07-14T16:44:25.645+0000] {logging_mixin.py:188} INFO - [2024-07-14T16:44:25.644+0000] {dag.py:3096} INFO - Sync 1 DAGs
[2024-07-14T16:44:25.668+0000] {logging_mixin.py:188} INFO - [2024-07-14T16:44:25.668+0000] {dag.py:3954} INFO - Setting next_dagrun for example_sensor_decorator to None, run_after=None
[2024-07-14T16:44:25.711+0000] {processor.py:183} INFO - Processing /home/airflow/.local/lib/python3.11/site-packages/airflow/example_dags/example_sensor_decorator.py took 0.134 seconds
[2024-07-14T16:44:32.967+0000] {processor.py:161} INFO - Started process (PID=3204) to work on /home/airflow/.local/lib/python3.11/site-packages/airflow/example_dags/example_sensor_decorator.py
[2024-07-14T16:44:32.969+0000] {processor.py:830} INFO - Processing file /home/airflow/.local/lib/python3.11/site-packages/airflow/example_dags/example_sensor_decorator.py for tasks to queue
[2024-07-14T16:44:32.972+0000] {logging_mixin.py:188} INFO - [2024-07-14T16:44:32.972+0000] {dagbag.py:545} INFO - Filling up the DagBag from /home/airflow/.local/lib/python3.11/site-packages/airflow/example_dags/example_sensor_decorator.py
[2024-07-14T16:44:32.984+0000] {processor.py:840} INFO - DAG(s) 'example_sensor_decorator' retrieved from /home/airflow/.local/lib/python3.11/site-packages/airflow/example_dags/example_sensor_decorator.py
[2024-07-14T16:44:33.017+0000] {logging_mixin.py:188} INFO - [2024-07-14T16:44:33.017+0000] {dag.py:3096} INFO - Sync 1 DAGs
[2024-07-14T16:44:33.040+0000] {logging_mixin.py:188} INFO - [2024-07-14T16:44:33.040+0000] {dag.py:3954} INFO - Setting next_dagrun for example_sensor_decorator to None, run_after=None
[2024-07-14T16:44:33.078+0000] {processor.py:183} INFO - Processing /home/airflow/.local/lib/python3.11/site-packages/airflow/example_dags/example_sensor_decorator.py took 0.123 seconds
[2024-07-14T16:44:39.617+0000] {processor.py:161} INFO - Started process (PID=3262) to work on /home/airflow/.local/lib/python3.11/site-packages/airflow/example_dags/example_sensor_decorator.py
[2024-07-14T16:44:39.619+0000] {processor.py:830} INFO - Processing file /home/airflow/.local/lib/python3.11/site-packages/airflow/example_dags/example_sensor_decorator.py for tasks to queue
[2024-07-14T16:44:39.622+0000] {logging_mixin.py:188} INFO - [2024-07-14T16:44:39.622+0000] {dagbag.py:545} INFO - Filling up the DagBag from /home/airflow/.local/lib/python3.11/site-packages/airflow/example_dags/example_sensor_decorator.py
[2024-07-14T16:44:39.635+0000] {processor.py:840} INFO - DAG(s) 'example_sensor_decorator' retrieved from /home/airflow/.local/lib/python3.11/site-packages/airflow/example_dags/example_sensor_decorator.py
[2024-07-14T16:44:39.671+0000] {logging_mixin.py:188} INFO - [2024-07-14T16:44:39.671+0000] {dag.py:3096} INFO - Sync 1 DAGs
[2024-07-14T16:44:39.695+0000] {logging_mixin.py:188} INFO - [2024-07-14T16:44:39.695+0000] {dag.py:3954} INFO - Setting next_dagrun for example_sensor_decorator to None, run_after=None
[2024-07-14T16:44:39.727+0000] {processor.py:183} INFO - Processing /home/airflow/.local/lib/python3.11/site-packages/airflow/example_dags/example_sensor_decorator.py took 0.121 seconds
[2024-07-14T16:44:47.371+0000] {processor.py:161} INFO - Started process (PID=3315) to work on /home/airflow/.local/lib/python3.11/site-packages/airflow/example_dags/example_sensor_decorator.py
[2024-07-14T16:44:47.374+0000] {processor.py:830} INFO - Processing file /home/airflow/.local/lib/python3.11/site-packages/airflow/example_dags/example_sensor_decorator.py for tasks to queue
[2024-07-14T16:44:47.377+0000] {logging_mixin.py:188} INFO - [2024-07-14T16:44:47.377+0000] {dagbag.py:545} INFO - Filling up the DagBag from /home/airflow/.local/lib/python3.11/site-packages/airflow/example_dags/example_sensor_decorator.py
[2024-07-14T16:44:47.391+0000] {processor.py:840} INFO - DAG(s) 'example_sensor_decorator' retrieved from /home/airflow/.local/lib/python3.11/site-packages/airflow/example_dags/example_sensor_decorator.py
[2024-07-14T16:44:47.436+0000] {logging_mixin.py:188} INFO - [2024-07-14T16:44:47.435+0000] {dag.py:3096} INFO - Sync 1 DAGs
[2024-07-14T16:44:47.461+0000] {logging_mixin.py:188} INFO - [2024-07-14T16:44:47.460+0000] {dag.py:3954} INFO - Setting next_dagrun for example_sensor_decorator to None, run_after=None
[2024-07-14T16:44:47.499+0000] {processor.py:183} INFO - Processing /home/airflow/.local/lib/python3.11/site-packages/airflow/example_dags/example_sensor_decorator.py took 0.140 seconds
[2024-07-14T16:44:53.789+0000] {processor.py:161} INFO - Started process (PID=3369) to work on /home/airflow/.local/lib/python3.11/site-packages/airflow/example_dags/example_sensor_decorator.py
[2024-07-14T16:44:53.791+0000] {processor.py:830} INFO - Processing file /home/airflow/.local/lib/python3.11/site-packages/airflow/example_dags/example_sensor_decorator.py for tasks to queue
[2024-07-14T16:44:53.796+0000] {logging_mixin.py:188} INFO - [2024-07-14T16:44:53.795+0000] {dagbag.py:545} INFO - Filling up the DagBag from /home/airflow/.local/lib/python3.11/site-packages/airflow/example_dags/example_sensor_decorator.py
[2024-07-14T16:44:53.809+0000] {processor.py:840} INFO - DAG(s) 'example_sensor_decorator' retrieved from /home/airflow/.local/lib/python3.11/site-packages/airflow/example_dags/example_sensor_decorator.py
[2024-07-14T16:44:53.848+0000] {logging_mixin.py:188} INFO - [2024-07-14T16:44:53.848+0000] {dag.py:3096} INFO - Sync 1 DAGs
[2024-07-14T16:44:53.875+0000] {logging_mixin.py:188} INFO - [2024-07-14T16:44:53.875+0000] {dag.py:3954} INFO - Setting next_dagrun for example_sensor_decorator to None, run_after=None
[2024-07-14T16:44:53.915+0000] {processor.py:183} INFO - Processing /home/airflow/.local/lib/python3.11/site-packages/airflow/example_dags/example_sensor_decorator.py took 0.139 seconds
[2024-07-14T16:44:59.537+0000] {processor.py:161} INFO - Started process (PID=3421) to work on /home/airflow/.local/lib/python3.11/site-packages/airflow/example_dags/example_sensor_decorator.py
[2024-07-14T16:44:59.538+0000] {processor.py:830} INFO - Processing file /home/airflow/.local/lib/python3.11/site-packages/airflow/example_dags/example_sensor_decorator.py for tasks to queue
[2024-07-14T16:44:59.541+0000] {logging_mixin.py:188} INFO - [2024-07-14T16:44:59.541+0000] {dagbag.py:545} INFO - Filling up the DagBag from /home/airflow/.local/lib/python3.11/site-packages/airflow/example_dags/example_sensor_decorator.py
[2024-07-14T16:44:59.553+0000] {processor.py:840} INFO - DAG(s) 'example_sensor_decorator' retrieved from /home/airflow/.local/lib/python3.11/site-packages/airflow/example_dags/example_sensor_decorator.py
[2024-07-14T16:44:59.588+0000] {logging_mixin.py:188} INFO - [2024-07-14T16:44:59.588+0000] {dag.py:3096} INFO - Sync 1 DAGs
[2024-07-14T16:44:59.609+0000] {logging_mixin.py:188} INFO - [2024-07-14T16:44:59.609+0000] {dag.py:3954} INFO - Setting next_dagrun for example_sensor_decorator to None, run_after=None
[2024-07-14T16:44:59.641+0000] {processor.py:183} INFO - Processing /home/airflow/.local/lib/python3.11/site-packages/airflow/example_dags/example_sensor_decorator.py took 0.118 seconds
[2024-07-14T16:45:05.851+0000] {processor.py:161} INFO - Started process (PID=3474) to work on /home/airflow/.local/lib/python3.11/site-packages/airflow/example_dags/example_sensor_decorator.py
[2024-07-14T16:45:05.853+0000] {processor.py:830} INFO - Processing file /home/airflow/.local/lib/python3.11/site-packages/airflow/example_dags/example_sensor_decorator.py for tasks to queue
[2024-07-14T16:45:05.856+0000] {logging_mixin.py:188} INFO - [2024-07-14T16:45:05.855+0000] {dagbag.py:545} INFO - Filling up the DagBag from /home/airflow/.local/lib/python3.11/site-packages/airflow/example_dags/example_sensor_decorator.py
[2024-07-14T16:45:05.867+0000] {processor.py:840} INFO - DAG(s) 'example_sensor_decorator' retrieved from /home/airflow/.local/lib/python3.11/site-packages/airflow/example_dags/example_sensor_decorator.py
[2024-07-14T16:45:05.903+0000] {logging_mixin.py:188} INFO - [2024-07-14T16:45:05.903+0000] {dag.py:3096} INFO - Sync 1 DAGs
[2024-07-14T16:45:05.921+0000] {logging_mixin.py:188} INFO - [2024-07-14T16:45:05.920+0000] {dag.py:3954} INFO - Setting next_dagrun for example_sensor_decorator to None, run_after=None
[2024-07-14T16:45:05.946+0000] {processor.py:183} INFO - Processing /home/airflow/.local/lib/python3.11/site-packages/airflow/example_dags/example_sensor_decorator.py took 0.104 seconds
[2024-07-14T16:45:11.086+0000] {processor.py:161} INFO - Started process (PID=3534) to work on /home/airflow/.local/lib/python3.11/site-packages/airflow/example_dags/example_sensor_decorator.py
[2024-07-14T16:45:11.088+0000] {processor.py:830} INFO - Processing file /home/airflow/.local/lib/python3.11/site-packages/airflow/example_dags/example_sensor_decorator.py for tasks to queue
[2024-07-14T16:45:11.092+0000] {logging_mixin.py:188} INFO - [2024-07-14T16:45:11.092+0000] {dagbag.py:545} INFO - Filling up the DagBag from /home/airflow/.local/lib/python3.11/site-packages/airflow/example_dags/example_sensor_decorator.py
[2024-07-14T16:45:11.104+0000] {processor.py:840} INFO - DAG(s) 'example_sensor_decorator' retrieved from /home/airflow/.local/lib/python3.11/site-packages/airflow/example_dags/example_sensor_decorator.py
[2024-07-14T16:45:11.136+0000] {logging_mixin.py:188} INFO - [2024-07-14T16:45:11.136+0000] {dag.py:3096} INFO - Sync 1 DAGs
[2024-07-14T16:45:11.155+0000] {logging_mixin.py:188} INFO - [2024-07-14T16:45:11.155+0000] {dag.py:3954} INFO - Setting next_dagrun for example_sensor_decorator to None, run_after=None
[2024-07-14T16:45:11.186+0000] {processor.py:183} INFO - Processing /home/airflow/.local/lib/python3.11/site-packages/airflow/example_dags/example_sensor_decorator.py took 0.120 seconds
[2024-07-14T16:45:16.718+0000] {processor.py:161} INFO - Started process (PID=3586) to work on /home/airflow/.local/lib/python3.11/site-packages/airflow/example_dags/example_sensor_decorator.py
[2024-07-14T16:45:16.720+0000] {processor.py:830} INFO - Processing file /home/airflow/.local/lib/python3.11/site-packages/airflow/example_dags/example_sensor_decorator.py for tasks to queue
[2024-07-14T16:45:16.724+0000] {logging_mixin.py:188} INFO - [2024-07-14T16:45:16.723+0000] {dagbag.py:545} INFO - Filling up the DagBag from /home/airflow/.local/lib/python3.11/site-packages/airflow/example_dags/example_sensor_decorator.py
[2024-07-14T16:45:16.737+0000] {processor.py:840} INFO - DAG(s) 'example_sensor_decorator' retrieved from /home/airflow/.local/lib/python3.11/site-packages/airflow/example_dags/example_sensor_decorator.py
[2024-07-14T16:45:16.778+0000] {logging_mixin.py:188} INFO - [2024-07-14T16:45:16.777+0000] {dag.py:3096} INFO - Sync 1 DAGs
[2024-07-14T16:45:16.803+0000] {logging_mixin.py:188} INFO - [2024-07-14T16:45:16.802+0000] {dag.py:3954} INFO - Setting next_dagrun for example_sensor_decorator to None, run_after=None
[2024-07-14T16:45:16.842+0000] {processor.py:183} INFO - Processing /home/airflow/.local/lib/python3.11/site-packages/airflow/example_dags/example_sensor_decorator.py took 0.134 seconds
[2024-07-14T16:45:25.840+0000] {processor.py:161} INFO - Started process (PID=3639) to work on /home/airflow/.local/lib/python3.11/site-packages/airflow/example_dags/example_sensor_decorator.py
[2024-07-14T16:45:25.842+0000] {processor.py:830} INFO - Processing file /home/airflow/.local/lib/python3.11/site-packages/airflow/example_dags/example_sensor_decorator.py for tasks to queue
[2024-07-14T16:45:25.857+0000] {logging_mixin.py:188} INFO - [2024-07-14T16:45:25.856+0000] {dagbag.py:545} INFO - Filling up the DagBag from /home/airflow/.local/lib/python3.11/site-packages/airflow/example_dags/example_sensor_decorator.py
[2024-07-14T16:45:25.878+0000] {processor.py:840} INFO - DAG(s) 'example_sensor_decorator' retrieved from /home/airflow/.local/lib/python3.11/site-packages/airflow/example_dags/example_sensor_decorator.py
[2024-07-14T16:45:25.940+0000] {logging_mixin.py:188} INFO - [2024-07-14T16:45:25.939+0000] {dag.py:3096} INFO - Sync 1 DAGs
[2024-07-14T16:45:25.974+0000] {logging_mixin.py:188} INFO - [2024-07-14T16:45:25.974+0000] {dag.py:3954} INFO - Setting next_dagrun for example_sensor_decorator to None, run_after=None
[2024-07-14T16:45:26.019+0000] {processor.py:183} INFO - Processing /home/airflow/.local/lib/python3.11/site-packages/airflow/example_dags/example_sensor_decorator.py took 0.213 seconds
[2024-07-14T16:45:32.722+0000] {processor.py:161} INFO - Started process (PID=3691) to work on /home/airflow/.local/lib/python3.11/site-packages/airflow/example_dags/example_sensor_decorator.py
[2024-07-14T16:45:32.724+0000] {processor.py:830} INFO - Processing file /home/airflow/.local/lib/python3.11/site-packages/airflow/example_dags/example_sensor_decorator.py for tasks to queue
[2024-07-14T16:45:32.728+0000] {logging_mixin.py:188} INFO - [2024-07-14T16:45:32.728+0000] {dagbag.py:545} INFO - Filling up the DagBag from /home/airflow/.local/lib/python3.11/site-packages/airflow/example_dags/example_sensor_decorator.py
[2024-07-14T16:45:32.741+0000] {processor.py:840} INFO - DAG(s) 'example_sensor_decorator' retrieved from /home/airflow/.local/lib/python3.11/site-packages/airflow/example_dags/example_sensor_decorator.py
[2024-07-14T16:45:32.782+0000] {logging_mixin.py:188} INFO - [2024-07-14T16:45:32.781+0000] {dag.py:3096} INFO - Sync 1 DAGs
[2024-07-14T16:45:32.807+0000] {logging_mixin.py:188} INFO - [2024-07-14T16:45:32.807+0000] {dag.py:3954} INFO - Setting next_dagrun for example_sensor_decorator to None, run_after=None
[2024-07-14T16:45:32.844+0000] {processor.py:183} INFO - Processing /home/airflow/.local/lib/python3.11/site-packages/airflow/example_dags/example_sensor_decorator.py took 0.135 seconds
[2024-07-14T16:45:42.432+0000] {processor.py:161} INFO - Started process (PID=3751) to work on /home/airflow/.local/lib/python3.11/site-packages/airflow/example_dags/example_sensor_decorator.py
[2024-07-14T16:45:42.434+0000] {processor.py:830} INFO - Processing file /home/airflow/.local/lib/python3.11/site-packages/airflow/example_dags/example_sensor_decorator.py for tasks to queue
[2024-07-14T16:45:42.438+0000] {logging_mixin.py:188} INFO - [2024-07-14T16:45:42.438+0000] {dagbag.py:545} INFO - Filling up the DagBag from /home/airflow/.local/lib/python3.11/site-packages/airflow/example_dags/example_sensor_decorator.py
[2024-07-14T16:45:42.458+0000] {processor.py:840} INFO - DAG(s) 'example_sensor_decorator' retrieved from /home/airflow/.local/lib/python3.11/site-packages/airflow/example_dags/example_sensor_decorator.py
[2024-07-14T16:45:42.548+0000] {logging_mixin.py:188} INFO - [2024-07-14T16:45:42.547+0000] {dag.py:3096} INFO - Sync 1 DAGs
[2024-07-14T16:45:42.588+0000] {logging_mixin.py:188} INFO - [2024-07-14T16:45:42.588+0000] {dag.py:3954} INFO - Setting next_dagrun for example_sensor_decorator to None, run_after=None
[2024-07-14T16:45:42.646+0000] {processor.py:183} INFO - Processing /home/airflow/.local/lib/python3.11/site-packages/airflow/example_dags/example_sensor_decorator.py took 0.232 seconds
[2024-07-14T16:45:50.279+0000] {processor.py:161} INFO - Started process (PID=3803) to work on /home/airflow/.local/lib/python3.11/site-packages/airflow/example_dags/example_sensor_decorator.py
[2024-07-14T16:45:50.283+0000] {processor.py:830} INFO - Processing file /home/airflow/.local/lib/python3.11/site-packages/airflow/example_dags/example_sensor_decorator.py for tasks to queue
[2024-07-14T16:45:50.296+0000] {logging_mixin.py:188} INFO - [2024-07-14T16:45:50.295+0000] {dagbag.py:545} INFO - Filling up the DagBag from /home/airflow/.local/lib/python3.11/site-packages/airflow/example_dags/example_sensor_decorator.py
[2024-07-14T16:45:50.319+0000] {processor.py:840} INFO - DAG(s) 'example_sensor_decorator' retrieved from /home/airflow/.local/lib/python3.11/site-packages/airflow/example_dags/example_sensor_decorator.py
[2024-07-14T16:45:50.365+0000] {logging_mixin.py:188} INFO - [2024-07-14T16:45:50.364+0000] {dag.py:3096} INFO - Sync 1 DAGs
[2024-07-14T16:45:50.396+0000] {logging_mixin.py:188} INFO - [2024-07-14T16:45:50.396+0000] {dag.py:3954} INFO - Setting next_dagrun for example_sensor_decorator to None, run_after=None
[2024-07-14T16:45:50.431+0000] {processor.py:183} INFO - Processing /home/airflow/.local/lib/python3.11/site-packages/airflow/example_dags/example_sensor_decorator.py took 0.172 seconds
[2024-07-14T16:45:57.837+0000] {processor.py:161} INFO - Started process (PID=3856) to work on /home/airflow/.local/lib/python3.11/site-packages/airflow/example_dags/example_sensor_decorator.py
[2024-07-14T16:45:57.839+0000] {processor.py:830} INFO - Processing file /home/airflow/.local/lib/python3.11/site-packages/airflow/example_dags/example_sensor_decorator.py for tasks to queue
[2024-07-14T16:45:57.842+0000] {logging_mixin.py:188} INFO - [2024-07-14T16:45:57.841+0000] {dagbag.py:545} INFO - Filling up the DagBag from /home/airflow/.local/lib/python3.11/site-packages/airflow/example_dags/example_sensor_decorator.py
[2024-07-14T16:45:57.852+0000] {processor.py:840} INFO - DAG(s) 'example_sensor_decorator' retrieved from /home/airflow/.local/lib/python3.11/site-packages/airflow/example_dags/example_sensor_decorator.py
[2024-07-14T16:45:57.884+0000] {logging_mixin.py:188} INFO - [2024-07-14T16:45:57.884+0000] {dag.py:3096} INFO - Sync 1 DAGs
[2024-07-14T16:45:57.904+0000] {logging_mixin.py:188} INFO - [2024-07-14T16:45:57.904+0000] {dag.py:3954} INFO - Setting next_dagrun for example_sensor_decorator to None, run_after=None
[2024-07-14T16:45:57.934+0000] {processor.py:183} INFO - Processing /home/airflow/.local/lib/python3.11/site-packages/airflow/example_dags/example_sensor_decorator.py took 0.106 seconds
[2024-07-14T16:46:05.398+0000] {processor.py:161} INFO - Started process (PID=3908) to work on /home/airflow/.local/lib/python3.11/site-packages/airflow/example_dags/example_sensor_decorator.py
[2024-07-14T16:46:05.400+0000] {processor.py:830} INFO - Processing file /home/airflow/.local/lib/python3.11/site-packages/airflow/example_dags/example_sensor_decorator.py for tasks to queue
[2024-07-14T16:46:05.403+0000] {logging_mixin.py:188} INFO - [2024-07-14T16:46:05.403+0000] {dagbag.py:545} INFO - Filling up the DagBag from /home/airflow/.local/lib/python3.11/site-packages/airflow/example_dags/example_sensor_decorator.py
[2024-07-14T16:46:05.415+0000] {processor.py:840} INFO - DAG(s) 'example_sensor_decorator' retrieved from /home/airflow/.local/lib/python3.11/site-packages/airflow/example_dags/example_sensor_decorator.py
[2024-07-14T16:46:05.447+0000] {logging_mixin.py:188} INFO - [2024-07-14T16:46:05.446+0000] {dag.py:3096} INFO - Sync 1 DAGs
[2024-07-14T16:46:05.471+0000] {logging_mixin.py:188} INFO - [2024-07-14T16:46:05.471+0000] {dag.py:3954} INFO - Setting next_dagrun for example_sensor_decorator to None, run_after=None
[2024-07-14T16:46:05.502+0000] {processor.py:183} INFO - Processing /home/airflow/.local/lib/python3.11/site-packages/airflow/example_dags/example_sensor_decorator.py took 0.116 seconds
[2024-07-14T16:46:11.128+0000] {processor.py:161} INFO - Started process (PID=3968) to work on /home/airflow/.local/lib/python3.11/site-packages/airflow/example_dags/example_sensor_decorator.py
[2024-07-14T16:46:11.130+0000] {processor.py:830} INFO - Processing file /home/airflow/.local/lib/python3.11/site-packages/airflow/example_dags/example_sensor_decorator.py for tasks to queue
[2024-07-14T16:46:11.133+0000] {logging_mixin.py:188} INFO - [2024-07-14T16:46:11.132+0000] {dagbag.py:545} INFO - Filling up the DagBag from /home/airflow/.local/lib/python3.11/site-packages/airflow/example_dags/example_sensor_decorator.py
[2024-07-14T16:46:11.142+0000] {processor.py:840} INFO - DAG(s) 'example_sensor_decorator' retrieved from /home/airflow/.local/lib/python3.11/site-packages/airflow/example_dags/example_sensor_decorator.py
[2024-07-14T16:46:11.174+0000] {logging_mixin.py:188} INFO - [2024-07-14T16:46:11.174+0000] {dag.py:3096} INFO - Sync 1 DAGs
[2024-07-14T16:46:11.213+0000] {logging_mixin.py:188} INFO - [2024-07-14T16:46:11.213+0000] {dag.py:3954} INFO - Setting next_dagrun for example_sensor_decorator to None, run_after=None
[2024-07-14T16:46:11.242+0000] {processor.py:183} INFO - Processing /home/airflow/.local/lib/python3.11/site-packages/airflow/example_dags/example_sensor_decorator.py took 0.124 seconds
[2024-07-14T16:46:16.667+0000] {processor.py:161} INFO - Started process (PID=4020) to work on /home/airflow/.local/lib/python3.11/site-packages/airflow/example_dags/example_sensor_decorator.py
[2024-07-14T16:46:16.669+0000] {processor.py:830} INFO - Processing file /home/airflow/.local/lib/python3.11/site-packages/airflow/example_dags/example_sensor_decorator.py for tasks to queue
[2024-07-14T16:46:16.673+0000] {logging_mixin.py:188} INFO - [2024-07-14T16:46:16.673+0000] {dagbag.py:545} INFO - Filling up the DagBag from /home/airflow/.local/lib/python3.11/site-packages/airflow/example_dags/example_sensor_decorator.py
[2024-07-14T16:46:16.686+0000] {processor.py:840} INFO - DAG(s) 'example_sensor_decorator' retrieved from /home/airflow/.local/lib/python3.11/site-packages/airflow/example_dags/example_sensor_decorator.py
[2024-07-14T16:46:16.724+0000] {logging_mixin.py:188} INFO - [2024-07-14T16:46:16.724+0000] {dag.py:3096} INFO - Sync 1 DAGs
[2024-07-14T16:46:16.746+0000] {logging_mixin.py:188} INFO - [2024-07-14T16:46:16.746+0000] {dag.py:3954} INFO - Setting next_dagrun for example_sensor_decorator to None, run_after=None
[2024-07-14T16:46:16.782+0000] {processor.py:183} INFO - Processing /home/airflow/.local/lib/python3.11/site-packages/airflow/example_dags/example_sensor_decorator.py took 0.126 seconds
[2024-07-14T16:46:22.925+0000] {processor.py:161} INFO - Started process (PID=4073) to work on /home/airflow/.local/lib/python3.11/site-packages/airflow/example_dags/example_sensor_decorator.py
[2024-07-14T16:46:22.927+0000] {processor.py:830} INFO - Processing file /home/airflow/.local/lib/python3.11/site-packages/airflow/example_dags/example_sensor_decorator.py for tasks to queue
[2024-07-14T16:46:22.930+0000] {logging_mixin.py:188} INFO - [2024-07-14T16:46:22.929+0000] {dagbag.py:545} INFO - Filling up the DagBag from /home/airflow/.local/lib/python3.11/site-packages/airflow/example_dags/example_sensor_decorator.py
[2024-07-14T16:46:22.940+0000] {processor.py:840} INFO - DAG(s) 'example_sensor_decorator' retrieved from /home/airflow/.local/lib/python3.11/site-packages/airflow/example_dags/example_sensor_decorator.py
[2024-07-14T16:46:22.972+0000] {logging_mixin.py:188} INFO - [2024-07-14T16:46:22.971+0000] {dag.py:3096} INFO - Sync 1 DAGs
[2024-07-14T16:46:22.992+0000] {logging_mixin.py:188} INFO - [2024-07-14T16:46:22.992+0000] {dag.py:3954} INFO - Setting next_dagrun for example_sensor_decorator to None, run_after=None
[2024-07-14T16:46:23.021+0000] {processor.py:183} INFO - Processing /home/airflow/.local/lib/python3.11/site-packages/airflow/example_dags/example_sensor_decorator.py took 0.106 seconds
