[2024-07-14T16:37:53.966+0000] {processor.py:161} INFO - Started process (PID=46) to work on /home/airflow/.local/lib/python3.11/site-packages/airflow/example_dags/tutorial_dag.py
[2024-07-14T16:37:53.969+0000] {processor.py:830} INFO - Processing file /home/airflow/.local/lib/python3.11/site-packages/airflow/example_dags/tutorial_dag.py for tasks to queue
[2024-07-14T16:37:53.973+0000] {logging_mixin.py:188} INFO - [2024-07-14T16:37:53.972+0000] {dagbag.py:545} INFO - Filling up the DagBag from /home/airflow/.local/lib/python3.11/site-packages/airflow/example_dags/tutorial_dag.py
[2024-07-14T16:37:53.989+0000] {processor.py:840} INFO - DAG(s) 'tutorial_dag' retrieved from /home/airflow/.local/lib/python3.11/site-packages/airflow/example_dags/tutorial_dag.py
[2024-07-14T16:37:54.213+0000] {logging_mixin.py:188} INFO - [2024-07-14T16:37:54.213+0000] {dag.py:3096} INFO - Sync 1 DAGs
[2024-07-14T16:37:54.235+0000] {logging_mixin.py:188} INFO - [2024-07-14T16:37:54.234+0000] {dag.py:3954} INFO - Setting next_dagrun for tutorial_dag to None, run_after=None
[2024-07-14T16:37:54.267+0000] {processor.py:183} INFO - Processing /home/airflow/.local/lib/python3.11/site-packages/airflow/example_dags/tutorial_dag.py took 0.323 seconds
[2024-07-14T16:38:08.234+0000] {processor.py:161} INFO - Started process (PID=106) to work on /home/airflow/.local/lib/python3.11/site-packages/airflow/example_dags/tutorial_dag.py
[2024-07-14T16:38:08.236+0000] {processor.py:830} INFO - Processing file /home/airflow/.local/lib/python3.11/site-packages/airflow/example_dags/tutorial_dag.py for tasks to queue
[2024-07-14T16:38:08.241+0000] {logging_mixin.py:188} INFO - [2024-07-14T16:38:08.240+0000] {dagbag.py:545} INFO - Filling up the DagBag from /home/airflow/.local/lib/python3.11/site-packages/airflow/example_dags/tutorial_dag.py
[2024-07-14T16:38:08.255+0000] {processor.py:840} INFO - DAG(s) 'tutorial_dag' retrieved from /home/airflow/.local/lib/python3.11/site-packages/airflow/example_dags/tutorial_dag.py
[2024-07-14T16:38:08.286+0000] {logging_mixin.py:188} INFO - [2024-07-14T16:38:08.285+0000] {dag.py:3096} INFO - Sync 1 DAGs
[2024-07-14T16:38:08.325+0000] {logging_mixin.py:188} INFO - [2024-07-14T16:38:08.324+0000] {dag.py:3954} INFO - Setting next_dagrun for tutorial_dag to None, run_after=None
[2024-07-14T16:38:08.388+0000] {processor.py:183} INFO - Processing /home/airflow/.local/lib/python3.11/site-packages/airflow/example_dags/tutorial_dag.py took 0.175 seconds
[2024-07-14T16:38:14.529+0000] {processor.py:161} INFO - Started process (PID=158) to work on /home/airflow/.local/lib/python3.11/site-packages/airflow/example_dags/tutorial_dag.py
[2024-07-14T16:38:14.530+0000] {processor.py:830} INFO - Processing file /home/airflow/.local/lib/python3.11/site-packages/airflow/example_dags/tutorial_dag.py for tasks to queue
[2024-07-14T16:38:14.533+0000] {logging_mixin.py:188} INFO - [2024-07-14T16:38:14.533+0000] {dagbag.py:545} INFO - Filling up the DagBag from /home/airflow/.local/lib/python3.11/site-packages/airflow/example_dags/tutorial_dag.py
[2024-07-14T16:38:14.543+0000] {processor.py:840} INFO - DAG(s) 'tutorial_dag' retrieved from /home/airflow/.local/lib/python3.11/site-packages/airflow/example_dags/tutorial_dag.py
[2024-07-14T16:38:14.563+0000] {logging_mixin.py:188} INFO - [2024-07-14T16:38:14.563+0000] {dag.py:3096} INFO - Sync 1 DAGs
[2024-07-14T16:38:14.595+0000] {logging_mixin.py:188} INFO - [2024-07-14T16:38:14.594+0000] {dag.py:3954} INFO - Setting next_dagrun for tutorial_dag to None, run_after=None
[2024-07-14T16:38:14.648+0000] {processor.py:183} INFO - Processing /home/airflow/.local/lib/python3.11/site-packages/airflow/example_dags/tutorial_dag.py took 0.132 seconds
[2024-07-14T16:38:24.071+0000] {processor.py:161} INFO - Started process (PID=211) to work on /home/airflow/.local/lib/python3.11/site-packages/airflow/example_dags/tutorial_dag.py
[2024-07-14T16:38:24.074+0000] {processor.py:830} INFO - Processing file /home/airflow/.local/lib/python3.11/site-packages/airflow/example_dags/tutorial_dag.py for tasks to queue
[2024-07-14T16:38:24.077+0000] {logging_mixin.py:188} INFO - [2024-07-14T16:38:24.076+0000] {dagbag.py:545} INFO - Filling up the DagBag from /home/airflow/.local/lib/python3.11/site-packages/airflow/example_dags/tutorial_dag.py
[2024-07-14T16:38:24.085+0000] {processor.py:840} INFO - DAG(s) 'tutorial_dag' retrieved from /home/airflow/.local/lib/python3.11/site-packages/airflow/example_dags/tutorial_dag.py
[2024-07-14T16:38:24.119+0000] {logging_mixin.py:188} INFO - [2024-07-14T16:38:24.119+0000] {dag.py:3096} INFO - Sync 1 DAGs
[2024-07-14T16:38:24.139+0000] {logging_mixin.py:188} INFO - [2024-07-14T16:38:24.139+0000] {dag.py:3954} INFO - Setting next_dagrun for tutorial_dag to None, run_after=None
[2024-07-14T16:38:24.169+0000] {processor.py:183} INFO - Processing /home/airflow/.local/lib/python3.11/site-packages/airflow/example_dags/tutorial_dag.py took 0.110 seconds
[2024-07-14T16:38:28.467+0000] {processor.py:161} INFO - Started process (PID=263) to work on /home/airflow/.local/lib/python3.11/site-packages/airflow/example_dags/tutorial_dag.py
[2024-07-14T16:38:28.469+0000] {processor.py:830} INFO - Processing file /home/airflow/.local/lib/python3.11/site-packages/airflow/example_dags/tutorial_dag.py for tasks to queue
[2024-07-14T16:38:28.472+0000] {logging_mixin.py:188} INFO - [2024-07-14T16:38:28.471+0000] {dagbag.py:545} INFO - Filling up the DagBag from /home/airflow/.local/lib/python3.11/site-packages/airflow/example_dags/tutorial_dag.py
[2024-07-14T16:38:28.481+0000] {processor.py:840} INFO - DAG(s) 'tutorial_dag' retrieved from /home/airflow/.local/lib/python3.11/site-packages/airflow/example_dags/tutorial_dag.py
[2024-07-14T16:38:28.524+0000] {logging_mixin.py:188} INFO - [2024-07-14T16:38:28.523+0000] {dag.py:3096} INFO - Sync 1 DAGs
[2024-07-14T16:38:28.551+0000] {logging_mixin.py:188} INFO - [2024-07-14T16:38:28.550+0000] {dag.py:3954} INFO - Setting next_dagrun for tutorial_dag to None, run_after=None
[2024-07-14T16:38:28.600+0000] {processor.py:183} INFO - Processing /home/airflow/.local/lib/python3.11/site-packages/airflow/example_dags/tutorial_dag.py took 0.141 seconds
[2024-07-14T16:38:33.430+0000] {processor.py:161} INFO - Started process (PID=317) to work on /home/airflow/.local/lib/python3.11/site-packages/airflow/example_dags/tutorial_dag.py
[2024-07-14T16:38:33.432+0000] {processor.py:830} INFO - Processing file /home/airflow/.local/lib/python3.11/site-packages/airflow/example_dags/tutorial_dag.py for tasks to queue
[2024-07-14T16:38:33.434+0000] {logging_mixin.py:188} INFO - [2024-07-14T16:38:33.434+0000] {dagbag.py:545} INFO - Filling up the DagBag from /home/airflow/.local/lib/python3.11/site-packages/airflow/example_dags/tutorial_dag.py
[2024-07-14T16:38:33.441+0000] {processor.py:840} INFO - DAG(s) 'tutorial_dag' retrieved from /home/airflow/.local/lib/python3.11/site-packages/airflow/example_dags/tutorial_dag.py
[2024-07-14T16:38:33.474+0000] {logging_mixin.py:188} INFO - [2024-07-14T16:38:33.473+0000] {dag.py:3096} INFO - Sync 1 DAGs
[2024-07-14T16:38:33.492+0000] {logging_mixin.py:188} INFO - [2024-07-14T16:38:33.492+0000] {dag.py:3954} INFO - Setting next_dagrun for tutorial_dag to None, run_after=None
[2024-07-14T16:38:33.518+0000] {processor.py:183} INFO - Processing /home/airflow/.local/lib/python3.11/site-packages/airflow/example_dags/tutorial_dag.py took 0.097 seconds
[2024-07-14T16:38:39.403+0000] {processor.py:161} INFO - Started process (PID=375) to work on /home/airflow/.local/lib/python3.11/site-packages/airflow/example_dags/tutorial_dag.py
[2024-07-14T16:38:39.405+0000] {processor.py:830} INFO - Processing file /home/airflow/.local/lib/python3.11/site-packages/airflow/example_dags/tutorial_dag.py for tasks to queue
[2024-07-14T16:38:39.409+0000] {logging_mixin.py:188} INFO - [2024-07-14T16:38:39.408+0000] {dagbag.py:545} INFO - Filling up the DagBag from /home/airflow/.local/lib/python3.11/site-packages/airflow/example_dags/tutorial_dag.py
[2024-07-14T16:38:39.420+0000] {processor.py:840} INFO - DAG(s) 'tutorial_dag' retrieved from /home/airflow/.local/lib/python3.11/site-packages/airflow/example_dags/tutorial_dag.py
[2024-07-14T16:38:39.456+0000] {logging_mixin.py:188} INFO - [2024-07-14T16:38:39.456+0000] {dag.py:3096} INFO - Sync 1 DAGs
[2024-07-14T16:38:39.488+0000] {logging_mixin.py:188} INFO - [2024-07-14T16:38:39.487+0000] {dag.py:3954} INFO - Setting next_dagrun for tutorial_dag to None, run_after=None
[2024-07-14T16:38:39.519+0000] {processor.py:183} INFO - Processing /home/airflow/.local/lib/python3.11/site-packages/airflow/example_dags/tutorial_dag.py took 0.128 seconds
[2024-07-14T16:38:46.756+0000] {processor.py:161} INFO - Started process (PID=429) to work on /home/airflow/.local/lib/python3.11/site-packages/airflow/example_dags/tutorial_dag.py
[2024-07-14T16:38:46.758+0000] {processor.py:830} INFO - Processing file /home/airflow/.local/lib/python3.11/site-packages/airflow/example_dags/tutorial_dag.py for tasks to queue
[2024-07-14T16:38:46.761+0000] {logging_mixin.py:188} INFO - [2024-07-14T16:38:46.761+0000] {dagbag.py:545} INFO - Filling up the DagBag from /home/airflow/.local/lib/python3.11/site-packages/airflow/example_dags/tutorial_dag.py
[2024-07-14T16:38:46.769+0000] {processor.py:840} INFO - DAG(s) 'tutorial_dag' retrieved from /home/airflow/.local/lib/python3.11/site-packages/airflow/example_dags/tutorial_dag.py
[2024-07-14T16:38:46.800+0000] {logging_mixin.py:188} INFO - [2024-07-14T16:38:46.799+0000] {dag.py:3096} INFO - Sync 1 DAGs
[2024-07-14T16:38:46.817+0000] {logging_mixin.py:188} INFO - [2024-07-14T16:38:46.817+0000] {dag.py:3954} INFO - Setting next_dagrun for tutorial_dag to None, run_after=None
[2024-07-14T16:38:46.846+0000] {processor.py:183} INFO - Processing /home/airflow/.local/lib/python3.11/site-packages/airflow/example_dags/tutorial_dag.py took 0.097 seconds
[2024-07-14T16:38:52.594+0000] {processor.py:161} INFO - Started process (PID=483) to work on /home/airflow/.local/lib/python3.11/site-packages/airflow/example_dags/tutorial_dag.py
[2024-07-14T16:38:52.596+0000] {processor.py:830} INFO - Processing file /home/airflow/.local/lib/python3.11/site-packages/airflow/example_dags/tutorial_dag.py for tasks to queue
[2024-07-14T16:38:52.599+0000] {logging_mixin.py:188} INFO - [2024-07-14T16:38:52.599+0000] {dagbag.py:545} INFO - Filling up the DagBag from /home/airflow/.local/lib/python3.11/site-packages/airflow/example_dags/tutorial_dag.py
[2024-07-14T16:38:52.607+0000] {processor.py:840} INFO - DAG(s) 'tutorial_dag' retrieved from /home/airflow/.local/lib/python3.11/site-packages/airflow/example_dags/tutorial_dag.py
[2024-07-14T16:38:52.643+0000] {logging_mixin.py:188} INFO - [2024-07-14T16:38:52.643+0000] {dag.py:3096} INFO - Sync 1 DAGs
[2024-07-14T16:38:52.663+0000] {logging_mixin.py:188} INFO - [2024-07-14T16:38:52.662+0000] {dag.py:3954} INFO - Setting next_dagrun for tutorial_dag to None, run_after=None
[2024-07-14T16:38:52.691+0000] {processor.py:183} INFO - Processing /home/airflow/.local/lib/python3.11/site-packages/airflow/example_dags/tutorial_dag.py took 0.110 seconds
[2024-07-14T16:39:00.734+0000] {processor.py:161} INFO - Started process (PID=537) to work on /home/airflow/.local/lib/python3.11/site-packages/airflow/example_dags/tutorial_dag.py
[2024-07-14T16:39:00.735+0000] {processor.py:830} INFO - Processing file /home/airflow/.local/lib/python3.11/site-packages/airflow/example_dags/tutorial_dag.py for tasks to queue
[2024-07-14T16:39:00.738+0000] {logging_mixin.py:188} INFO - [2024-07-14T16:39:00.738+0000] {dagbag.py:545} INFO - Filling up the DagBag from /home/airflow/.local/lib/python3.11/site-packages/airflow/example_dags/tutorial_dag.py
[2024-07-14T16:39:00.747+0000] {processor.py:840} INFO - DAG(s) 'tutorial_dag' retrieved from /home/airflow/.local/lib/python3.11/site-packages/airflow/example_dags/tutorial_dag.py
[2024-07-14T16:39:00.776+0000] {logging_mixin.py:188} INFO - [2024-07-14T16:39:00.776+0000] {dag.py:3096} INFO - Sync 1 DAGs
[2024-07-14T16:39:00.793+0000] {logging_mixin.py:188} INFO - [2024-07-14T16:39:00.793+0000] {dag.py:3954} INFO - Setting next_dagrun for tutorial_dag to None, run_after=None
[2024-07-14T16:39:00.821+0000] {processor.py:183} INFO - Processing /home/airflow/.local/lib/python3.11/site-packages/airflow/example_dags/tutorial_dag.py took 0.096 seconds
[2024-07-14T16:39:05.713+0000] {processor.py:161} INFO - Started process (PID=595) to work on /home/airflow/.local/lib/python3.11/site-packages/airflow/example_dags/tutorial_dag.py
[2024-07-14T16:39:05.714+0000] {processor.py:830} INFO - Processing file /home/airflow/.local/lib/python3.11/site-packages/airflow/example_dags/tutorial_dag.py for tasks to queue
[2024-07-14T16:39:05.717+0000] {logging_mixin.py:188} INFO - [2024-07-14T16:39:05.717+0000] {dagbag.py:545} INFO - Filling up the DagBag from /home/airflow/.local/lib/python3.11/site-packages/airflow/example_dags/tutorial_dag.py
[2024-07-14T16:39:05.724+0000] {processor.py:840} INFO - DAG(s) 'tutorial_dag' retrieved from /home/airflow/.local/lib/python3.11/site-packages/airflow/example_dags/tutorial_dag.py
[2024-07-14T16:39:05.754+0000] {logging_mixin.py:188} INFO - [2024-07-14T16:39:05.754+0000] {dag.py:3096} INFO - Sync 1 DAGs
[2024-07-14T16:39:05.772+0000] {logging_mixin.py:188} INFO - [2024-07-14T16:39:05.771+0000] {dag.py:3954} INFO - Setting next_dagrun for tutorial_dag to None, run_after=None
[2024-07-14T16:39:05.804+0000] {processor.py:183} INFO - Processing /home/airflow/.local/lib/python3.11/site-packages/airflow/example_dags/tutorial_dag.py took 0.101 seconds
[2024-07-14T16:39:12.280+0000] {processor.py:161} INFO - Started process (PID=649) to work on /home/airflow/.local/lib/python3.11/site-packages/airflow/example_dags/tutorial_dag.py
[2024-07-14T16:39:12.281+0000] {processor.py:830} INFO - Processing file /home/airflow/.local/lib/python3.11/site-packages/airflow/example_dags/tutorial_dag.py for tasks to queue
[2024-07-14T16:39:12.285+0000] {logging_mixin.py:188} INFO - [2024-07-14T16:39:12.285+0000] {dagbag.py:545} INFO - Filling up the DagBag from /home/airflow/.local/lib/python3.11/site-packages/airflow/example_dags/tutorial_dag.py
[2024-07-14T16:39:12.297+0000] {processor.py:840} INFO - DAG(s) 'tutorial_dag' retrieved from /home/airflow/.local/lib/python3.11/site-packages/airflow/example_dags/tutorial_dag.py
[2024-07-14T16:39:12.350+0000] {logging_mixin.py:188} INFO - [2024-07-14T16:39:12.349+0000] {dag.py:3096} INFO - Sync 1 DAGs
[2024-07-14T16:39:12.374+0000] {logging_mixin.py:188} INFO - [2024-07-14T16:39:12.374+0000] {dag.py:3954} INFO - Setting next_dagrun for tutorial_dag to None, run_after=None
[2024-07-14T16:39:12.417+0000] {processor.py:183} INFO - Processing /home/airflow/.local/lib/python3.11/site-packages/airflow/example_dags/tutorial_dag.py took 0.150 seconds
[2024-07-14T16:39:17.005+0000] {processor.py:161} INFO - Started process (PID=701) to work on /home/airflow/.local/lib/python3.11/site-packages/airflow/example_dags/tutorial_dag.py
[2024-07-14T16:39:17.006+0000] {processor.py:830} INFO - Processing file /home/airflow/.local/lib/python3.11/site-packages/airflow/example_dags/tutorial_dag.py for tasks to queue
[2024-07-14T16:39:17.010+0000] {logging_mixin.py:188} INFO - [2024-07-14T16:39:17.009+0000] {dagbag.py:545} INFO - Filling up the DagBag from /home/airflow/.local/lib/python3.11/site-packages/airflow/example_dags/tutorial_dag.py
[2024-07-14T16:39:17.018+0000] {processor.py:840} INFO - DAG(s) 'tutorial_dag' retrieved from /home/airflow/.local/lib/python3.11/site-packages/airflow/example_dags/tutorial_dag.py
[2024-07-14T16:39:17.049+0000] {logging_mixin.py:188} INFO - [2024-07-14T16:39:17.049+0000] {dag.py:3096} INFO - Sync 1 DAGs
[2024-07-14T16:39:17.068+0000] {logging_mixin.py:188} INFO - [2024-07-14T16:39:17.067+0000] {dag.py:3954} INFO - Setting next_dagrun for tutorial_dag to None, run_after=None
[2024-07-14T16:39:17.096+0000] {processor.py:183} INFO - Processing /home/airflow/.local/lib/python3.11/site-packages/airflow/example_dags/tutorial_dag.py took 0.101 seconds
[2024-07-14T16:39:22.012+0000] {processor.py:161} INFO - Started process (PID=755) to work on /home/airflow/.local/lib/python3.11/site-packages/airflow/example_dags/tutorial_dag.py
[2024-07-14T16:39:22.014+0000] {processor.py:830} INFO - Processing file /home/airflow/.local/lib/python3.11/site-packages/airflow/example_dags/tutorial_dag.py for tasks to queue
[2024-07-14T16:39:22.019+0000] {logging_mixin.py:188} INFO - [2024-07-14T16:39:22.018+0000] {dagbag.py:545} INFO - Filling up the DagBag from /home/airflow/.local/lib/python3.11/site-packages/airflow/example_dags/tutorial_dag.py
[2024-07-14T16:39:22.030+0000] {processor.py:840} INFO - DAG(s) 'tutorial_dag' retrieved from /home/airflow/.local/lib/python3.11/site-packages/airflow/example_dags/tutorial_dag.py
[2024-07-14T16:39:22.066+0000] {logging_mixin.py:188} INFO - [2024-07-14T16:39:22.066+0000] {dag.py:3096} INFO - Sync 1 DAGs
[2024-07-14T16:39:22.089+0000] {logging_mixin.py:188} INFO - [2024-07-14T16:39:22.088+0000] {dag.py:3954} INFO - Setting next_dagrun for tutorial_dag to None, run_after=None
[2024-07-14T16:39:22.116+0000] {processor.py:183} INFO - Processing /home/airflow/.local/lib/python3.11/site-packages/airflow/example_dags/tutorial_dag.py took 0.114 seconds
[2024-07-14T16:39:26.907+0000] {processor.py:161} INFO - Started process (PID=807) to work on /home/airflow/.local/lib/python3.11/site-packages/airflow/example_dags/tutorial_dag.py
[2024-07-14T16:39:26.908+0000] {processor.py:830} INFO - Processing file /home/airflow/.local/lib/python3.11/site-packages/airflow/example_dags/tutorial_dag.py for tasks to queue
[2024-07-14T16:39:26.911+0000] {logging_mixin.py:188} INFO - [2024-07-14T16:39:26.910+0000] {dagbag.py:545} INFO - Filling up the DagBag from /home/airflow/.local/lib/python3.11/site-packages/airflow/example_dags/tutorial_dag.py
[2024-07-14T16:39:26.920+0000] {processor.py:840} INFO - DAG(s) 'tutorial_dag' retrieved from /home/airflow/.local/lib/python3.11/site-packages/airflow/example_dags/tutorial_dag.py
[2024-07-14T16:39:26.949+0000] {logging_mixin.py:188} INFO - [2024-07-14T16:39:26.949+0000] {dag.py:3096} INFO - Sync 1 DAGs
[2024-07-14T16:39:26.967+0000] {logging_mixin.py:188} INFO - [2024-07-14T16:39:26.966+0000] {dag.py:3954} INFO - Setting next_dagrun for tutorial_dag to None, run_after=None
[2024-07-14T16:39:26.994+0000] {processor.py:183} INFO - Processing /home/airflow/.local/lib/python3.11/site-packages/airflow/example_dags/tutorial_dag.py took 0.097 seconds
[2024-07-14T16:39:33.806+0000] {processor.py:161} INFO - Started process (PID=860) to work on /home/airflow/.local/lib/python3.11/site-packages/airflow/example_dags/tutorial_dag.py
[2024-07-14T16:39:33.808+0000] {processor.py:830} INFO - Processing file /home/airflow/.local/lib/python3.11/site-packages/airflow/example_dags/tutorial_dag.py for tasks to queue
[2024-07-14T16:39:33.814+0000] {logging_mixin.py:188} INFO - [2024-07-14T16:39:33.813+0000] {dagbag.py:545} INFO - Filling up the DagBag from /home/airflow/.local/lib/python3.11/site-packages/airflow/example_dags/tutorial_dag.py
[2024-07-14T16:39:33.826+0000] {processor.py:840} INFO - DAG(s) 'tutorial_dag' retrieved from /home/airflow/.local/lib/python3.11/site-packages/airflow/example_dags/tutorial_dag.py
[2024-07-14T16:39:33.866+0000] {logging_mixin.py:188} INFO - [2024-07-14T16:39:33.865+0000] {dag.py:3096} INFO - Sync 1 DAGs
[2024-07-14T16:39:33.887+0000] {logging_mixin.py:188} INFO - [2024-07-14T16:39:33.887+0000] {dag.py:3954} INFO - Setting next_dagrun for tutorial_dag to None, run_after=None
[2024-07-14T16:39:33.923+0000] {processor.py:183} INFO - Processing /home/airflow/.local/lib/python3.11/site-packages/airflow/example_dags/tutorial_dag.py took 0.133 seconds
[2024-07-14T16:39:39.595+0000] {processor.py:161} INFO - Started process (PID=921) to work on /home/airflow/.local/lib/python3.11/site-packages/airflow/example_dags/tutorial_dag.py
[2024-07-14T16:39:39.596+0000] {processor.py:830} INFO - Processing file /home/airflow/.local/lib/python3.11/site-packages/airflow/example_dags/tutorial_dag.py for tasks to queue
[2024-07-14T16:39:39.600+0000] {logging_mixin.py:188} INFO - [2024-07-14T16:39:39.599+0000] {dagbag.py:545} INFO - Filling up the DagBag from /home/airflow/.local/lib/python3.11/site-packages/airflow/example_dags/tutorial_dag.py
[2024-07-14T16:39:39.608+0000] {processor.py:840} INFO - DAG(s) 'tutorial_dag' retrieved from /home/airflow/.local/lib/python3.11/site-packages/airflow/example_dags/tutorial_dag.py
[2024-07-14T16:39:39.640+0000] {logging_mixin.py:188} INFO - [2024-07-14T16:39:39.640+0000] {dag.py:3096} INFO - Sync 1 DAGs
[2024-07-14T16:39:39.658+0000] {logging_mixin.py:188} INFO - [2024-07-14T16:39:39.657+0000] {dag.py:3954} INFO - Setting next_dagrun for tutorial_dag to None, run_after=None
[2024-07-14T16:39:39.685+0000] {processor.py:183} INFO - Processing /home/airflow/.local/lib/python3.11/site-packages/airflow/example_dags/tutorial_dag.py took 0.100 seconds
[2024-07-14T16:39:44.534+0000] {processor.py:161} INFO - Started process (PID=973) to work on /home/airflow/.local/lib/python3.11/site-packages/airflow/example_dags/tutorial_dag.py
[2024-07-14T16:39:44.536+0000] {processor.py:830} INFO - Processing file /home/airflow/.local/lib/python3.11/site-packages/airflow/example_dags/tutorial_dag.py for tasks to queue
[2024-07-14T16:39:44.538+0000] {logging_mixin.py:188} INFO - [2024-07-14T16:39:44.538+0000] {dagbag.py:545} INFO - Filling up the DagBag from /home/airflow/.local/lib/python3.11/site-packages/airflow/example_dags/tutorial_dag.py
[2024-07-14T16:39:44.545+0000] {processor.py:840} INFO - DAG(s) 'tutorial_dag' retrieved from /home/airflow/.local/lib/python3.11/site-packages/airflow/example_dags/tutorial_dag.py
[2024-07-14T16:39:44.576+0000] {logging_mixin.py:188} INFO - [2024-07-14T16:39:44.576+0000] {dag.py:3096} INFO - Sync 1 DAGs
[2024-07-14T16:39:44.596+0000] {logging_mixin.py:188} INFO - [2024-07-14T16:39:44.596+0000] {dag.py:3954} INFO - Setting next_dagrun for tutorial_dag to None, run_after=None
[2024-07-14T16:39:44.625+0000] {processor.py:183} INFO - Processing /home/airflow/.local/lib/python3.11/site-packages/airflow/example_dags/tutorial_dag.py took 0.100 seconds
[2024-07-14T16:39:49.932+0000] {processor.py:161} INFO - Started process (PID=1026) to work on /home/airflow/.local/lib/python3.11/site-packages/airflow/example_dags/tutorial_dag.py
[2024-07-14T16:39:49.933+0000] {processor.py:830} INFO - Processing file /home/airflow/.local/lib/python3.11/site-packages/airflow/example_dags/tutorial_dag.py for tasks to queue
[2024-07-14T16:39:49.936+0000] {logging_mixin.py:188} INFO - [2024-07-14T16:39:49.935+0000] {dagbag.py:545} INFO - Filling up the DagBag from /home/airflow/.local/lib/python3.11/site-packages/airflow/example_dags/tutorial_dag.py
[2024-07-14T16:39:49.942+0000] {processor.py:840} INFO - DAG(s) 'tutorial_dag' retrieved from /home/airflow/.local/lib/python3.11/site-packages/airflow/example_dags/tutorial_dag.py
[2024-07-14T16:39:49.971+0000] {logging_mixin.py:188} INFO - [2024-07-14T16:39:49.971+0000] {dag.py:3096} INFO - Sync 1 DAGs
[2024-07-14T16:39:49.990+0000] {logging_mixin.py:188} INFO - [2024-07-14T16:39:49.989+0000] {dag.py:3954} INFO - Setting next_dagrun for tutorial_dag to None, run_after=None
[2024-07-14T16:39:50.028+0000] {processor.py:183} INFO - Processing /home/airflow/.local/lib/python3.11/site-packages/airflow/example_dags/tutorial_dag.py took 0.104 seconds
[2024-07-14T16:39:54.592+0000] {processor.py:161} INFO - Started process (PID=1078) to work on /home/airflow/.local/lib/python3.11/site-packages/airflow/example_dags/tutorial_dag.py
[2024-07-14T16:39:54.594+0000] {processor.py:830} INFO - Processing file /home/airflow/.local/lib/python3.11/site-packages/airflow/example_dags/tutorial_dag.py for tasks to queue
[2024-07-14T16:39:54.597+0000] {logging_mixin.py:188} INFO - [2024-07-14T16:39:54.596+0000] {dagbag.py:545} INFO - Filling up the DagBag from /home/airflow/.local/lib/python3.11/site-packages/airflow/example_dags/tutorial_dag.py
[2024-07-14T16:39:54.605+0000] {processor.py:840} INFO - DAG(s) 'tutorial_dag' retrieved from /home/airflow/.local/lib/python3.11/site-packages/airflow/example_dags/tutorial_dag.py
[2024-07-14T16:39:54.635+0000] {logging_mixin.py:188} INFO - [2024-07-14T16:39:54.635+0000] {dag.py:3096} INFO - Sync 1 DAGs
[2024-07-14T16:39:54.654+0000] {logging_mixin.py:188} INFO - [2024-07-14T16:39:54.654+0000] {dag.py:3954} INFO - Setting next_dagrun for tutorial_dag to None, run_after=None
[2024-07-14T16:39:54.683+0000] {processor.py:183} INFO - Processing /home/airflow/.local/lib/python3.11/site-packages/airflow/example_dags/tutorial_dag.py took 0.100 seconds
[2024-07-14T16:39:59.769+0000] {processor.py:161} INFO - Started process (PID=1131) to work on /home/airflow/.local/lib/python3.11/site-packages/airflow/example_dags/tutorial_dag.py
[2024-07-14T16:39:59.771+0000] {processor.py:830} INFO - Processing file /home/airflow/.local/lib/python3.11/site-packages/airflow/example_dags/tutorial_dag.py for tasks to queue
[2024-07-14T16:39:59.774+0000] {logging_mixin.py:188} INFO - [2024-07-14T16:39:59.773+0000] {dagbag.py:545} INFO - Filling up the DagBag from /home/airflow/.local/lib/python3.11/site-packages/airflow/example_dags/tutorial_dag.py
[2024-07-14T16:39:59.781+0000] {processor.py:840} INFO - DAG(s) 'tutorial_dag' retrieved from /home/airflow/.local/lib/python3.11/site-packages/airflow/example_dags/tutorial_dag.py
[2024-07-14T16:39:59.808+0000] {logging_mixin.py:188} INFO - [2024-07-14T16:39:59.808+0000] {dag.py:3096} INFO - Sync 1 DAGs
[2024-07-14T16:39:59.835+0000] {logging_mixin.py:188} INFO - [2024-07-14T16:39:59.834+0000] {dag.py:3954} INFO - Setting next_dagrun for tutorial_dag to None, run_after=None
[2024-07-14T16:39:59.866+0000] {processor.py:183} INFO - Processing /home/airflow/.local/lib/python3.11/site-packages/airflow/example_dags/tutorial_dag.py took 0.105 seconds
[2024-07-14T16:40:04.865+0000] {processor.py:161} INFO - Started process (PID=1185) to work on /home/airflow/.local/lib/python3.11/site-packages/airflow/example_dags/tutorial_dag.py
[2024-07-14T16:40:04.867+0000] {processor.py:830} INFO - Processing file /home/airflow/.local/lib/python3.11/site-packages/airflow/example_dags/tutorial_dag.py for tasks to queue
[2024-07-14T16:40:04.870+0000] {logging_mixin.py:188} INFO - [2024-07-14T16:40:04.870+0000] {dagbag.py:545} INFO - Filling up the DagBag from /home/airflow/.local/lib/python3.11/site-packages/airflow/example_dags/tutorial_dag.py
[2024-07-14T16:40:04.878+0000] {processor.py:840} INFO - DAG(s) 'tutorial_dag' retrieved from /home/airflow/.local/lib/python3.11/site-packages/airflow/example_dags/tutorial_dag.py
[2024-07-14T16:40:04.913+0000] {logging_mixin.py:188} INFO - [2024-07-14T16:40:04.913+0000] {dag.py:3096} INFO - Sync 1 DAGs
[2024-07-14T16:40:04.936+0000] {logging_mixin.py:188} INFO - [2024-07-14T16:40:04.936+0000] {dag.py:3954} INFO - Setting next_dagrun for tutorial_dag to None, run_after=None
[2024-07-14T16:40:04.966+0000] {processor.py:183} INFO - Processing /home/airflow/.local/lib/python3.11/site-packages/airflow/example_dags/tutorial_dag.py took 0.111 seconds
[2024-07-14T16:40:12.427+0000] {processor.py:161} INFO - Started process (PID=1243) to work on /home/airflow/.local/lib/python3.11/site-packages/airflow/example_dags/tutorial_dag.py
[2024-07-14T16:40:12.433+0000] {processor.py:830} INFO - Processing file /home/airflow/.local/lib/python3.11/site-packages/airflow/example_dags/tutorial_dag.py for tasks to queue
[2024-07-14T16:40:12.449+0000] {logging_mixin.py:188} INFO - [2024-07-14T16:40:12.448+0000] {dagbag.py:545} INFO - Filling up the DagBag from /home/airflow/.local/lib/python3.11/site-packages/airflow/example_dags/tutorial_dag.py
[2024-07-14T16:40:12.483+0000] {processor.py:840} INFO - DAG(s) 'tutorial_dag' retrieved from /home/airflow/.local/lib/python3.11/site-packages/airflow/example_dags/tutorial_dag.py
[2024-07-14T16:40:12.558+0000] {logging_mixin.py:188} INFO - [2024-07-14T16:40:12.557+0000] {dag.py:3096} INFO - Sync 1 DAGs
[2024-07-14T16:40:12.621+0000] {logging_mixin.py:188} INFO - [2024-07-14T16:40:12.621+0000] {dag.py:3954} INFO - Setting next_dagrun for tutorial_dag to None, run_after=None
[2024-07-14T16:40:12.722+0000] {processor.py:183} INFO - Processing /home/airflow/.local/lib/python3.11/site-packages/airflow/example_dags/tutorial_dag.py took 0.339 seconds
[2024-07-14T16:40:20.363+0000] {processor.py:161} INFO - Started process (PID=1297) to work on /home/airflow/.local/lib/python3.11/site-packages/airflow/example_dags/tutorial_dag.py
[2024-07-14T16:40:20.364+0000] {processor.py:830} INFO - Processing file /home/airflow/.local/lib/python3.11/site-packages/airflow/example_dags/tutorial_dag.py for tasks to queue
[2024-07-14T16:40:20.367+0000] {logging_mixin.py:188} INFO - [2024-07-14T16:40:20.367+0000] {dagbag.py:545} INFO - Filling up the DagBag from /home/airflow/.local/lib/python3.11/site-packages/airflow/example_dags/tutorial_dag.py
[2024-07-14T16:40:20.374+0000] {processor.py:840} INFO - DAG(s) 'tutorial_dag' retrieved from /home/airflow/.local/lib/python3.11/site-packages/airflow/example_dags/tutorial_dag.py
[2024-07-14T16:40:20.400+0000] {logging_mixin.py:188} INFO - [2024-07-14T16:40:20.400+0000] {dag.py:3096} INFO - Sync 1 DAGs
[2024-07-14T16:40:20.416+0000] {logging_mixin.py:188} INFO - [2024-07-14T16:40:20.415+0000] {dag.py:3954} INFO - Setting next_dagrun for tutorial_dag to None, run_after=None
[2024-07-14T16:40:20.444+0000] {processor.py:183} INFO - Processing /home/airflow/.local/lib/python3.11/site-packages/airflow/example_dags/tutorial_dag.py took 0.088 seconds
[2024-07-14T16:40:25.571+0000] {processor.py:161} INFO - Started process (PID=1349) to work on /home/airflow/.local/lib/python3.11/site-packages/airflow/example_dags/tutorial_dag.py
[2024-07-14T16:40:25.573+0000] {processor.py:830} INFO - Processing file /home/airflow/.local/lib/python3.11/site-packages/airflow/example_dags/tutorial_dag.py for tasks to queue
[2024-07-14T16:40:25.575+0000] {logging_mixin.py:188} INFO - [2024-07-14T16:40:25.575+0000] {dagbag.py:545} INFO - Filling up the DagBag from /home/airflow/.local/lib/python3.11/site-packages/airflow/example_dags/tutorial_dag.py
[2024-07-14T16:40:25.583+0000] {processor.py:840} INFO - DAG(s) 'tutorial_dag' retrieved from /home/airflow/.local/lib/python3.11/site-packages/airflow/example_dags/tutorial_dag.py
[2024-07-14T16:40:25.612+0000] {logging_mixin.py:188} INFO - [2024-07-14T16:40:25.612+0000] {dag.py:3096} INFO - Sync 1 DAGs
[2024-07-14T16:40:25.630+0000] {logging_mixin.py:188} INFO - [2024-07-14T16:40:25.630+0000] {dag.py:3954} INFO - Setting next_dagrun for tutorial_dag to None, run_after=None
[2024-07-14T16:40:25.657+0000] {processor.py:183} INFO - Processing /home/airflow/.local/lib/python3.11/site-packages/airflow/example_dags/tutorial_dag.py took 0.095 seconds
[2024-07-14T16:40:30.910+0000] {processor.py:161} INFO - Started process (PID=1403) to work on /home/airflow/.local/lib/python3.11/site-packages/airflow/example_dags/tutorial_dag.py
[2024-07-14T16:40:30.912+0000] {processor.py:830} INFO - Processing file /home/airflow/.local/lib/python3.11/site-packages/airflow/example_dags/tutorial_dag.py for tasks to queue
[2024-07-14T16:40:30.916+0000] {logging_mixin.py:188} INFO - [2024-07-14T16:40:30.915+0000] {dagbag.py:545} INFO - Filling up the DagBag from /home/airflow/.local/lib/python3.11/site-packages/airflow/example_dags/tutorial_dag.py
[2024-07-14T16:40:30.928+0000] {processor.py:840} INFO - DAG(s) 'tutorial_dag' retrieved from /home/airflow/.local/lib/python3.11/site-packages/airflow/example_dags/tutorial_dag.py
[2024-07-14T16:40:31.002+0000] {logging_mixin.py:188} INFO - [2024-07-14T16:40:31.002+0000] {dag.py:3096} INFO - Sync 1 DAGs
[2024-07-14T16:40:31.028+0000] {logging_mixin.py:188} INFO - [2024-07-14T16:40:31.028+0000] {dag.py:3954} INFO - Setting next_dagrun for tutorial_dag to None, run_after=None
[2024-07-14T16:40:31.065+0000] {processor.py:183} INFO - Processing /home/airflow/.local/lib/python3.11/site-packages/airflow/example_dags/tutorial_dag.py took 0.171 seconds
[2024-07-14T16:40:37.106+0000] {processor.py:161} INFO - Started process (PID=1461) to work on /home/airflow/.local/lib/python3.11/site-packages/airflow/example_dags/tutorial_dag.py
[2024-07-14T16:40:37.109+0000] {processor.py:830} INFO - Processing file /home/airflow/.local/lib/python3.11/site-packages/airflow/example_dags/tutorial_dag.py for tasks to queue
[2024-07-14T16:40:37.112+0000] {logging_mixin.py:188} INFO - [2024-07-14T16:40:37.111+0000] {dagbag.py:545} INFO - Filling up the DagBag from /home/airflow/.local/lib/python3.11/site-packages/airflow/example_dags/tutorial_dag.py
[2024-07-14T16:40:37.120+0000] {processor.py:840} INFO - DAG(s) 'tutorial_dag' retrieved from /home/airflow/.local/lib/python3.11/site-packages/airflow/example_dags/tutorial_dag.py
[2024-07-14T16:40:37.153+0000] {logging_mixin.py:188} INFO - [2024-07-14T16:40:37.153+0000] {dag.py:3096} INFO - Sync 1 DAGs
[2024-07-14T16:40:37.175+0000] {logging_mixin.py:188} INFO - [2024-07-14T16:40:37.174+0000] {dag.py:3954} INFO - Setting next_dagrun for tutorial_dag to None, run_after=None
[2024-07-14T16:40:37.206+0000] {processor.py:183} INFO - Processing /home/airflow/.local/lib/python3.11/site-packages/airflow/example_dags/tutorial_dag.py took 0.110 seconds
[2024-07-14T16:40:42.899+0000] {processor.py:161} INFO - Started process (PID=1515) to work on /home/airflow/.local/lib/python3.11/site-packages/airflow/example_dags/tutorial_dag.py
[2024-07-14T16:40:42.900+0000] {processor.py:830} INFO - Processing file /home/airflow/.local/lib/python3.11/site-packages/airflow/example_dags/tutorial_dag.py for tasks to queue
[2024-07-14T16:40:42.903+0000] {logging_mixin.py:188} INFO - [2024-07-14T16:40:42.902+0000] {dagbag.py:545} INFO - Filling up the DagBag from /home/airflow/.local/lib/python3.11/site-packages/airflow/example_dags/tutorial_dag.py
[2024-07-14T16:40:42.910+0000] {processor.py:840} INFO - DAG(s) 'tutorial_dag' retrieved from /home/airflow/.local/lib/python3.11/site-packages/airflow/example_dags/tutorial_dag.py
[2024-07-14T16:40:42.940+0000] {logging_mixin.py:188} INFO - [2024-07-14T16:40:42.940+0000] {dag.py:3096} INFO - Sync 1 DAGs
[2024-07-14T16:40:42.957+0000] {logging_mixin.py:188} INFO - [2024-07-14T16:40:42.956+0000] {dag.py:3954} INFO - Setting next_dagrun for tutorial_dag to None, run_after=None
[2024-07-14T16:40:42.983+0000] {processor.py:183} INFO - Processing /home/airflow/.local/lib/python3.11/site-packages/airflow/example_dags/tutorial_dag.py took 0.093 seconds
[2024-07-14T16:40:49.046+0000] {processor.py:161} INFO - Started process (PID=1567) to work on /home/airflow/.local/lib/python3.11/site-packages/airflow/example_dags/tutorial_dag.py
[2024-07-14T16:40:49.049+0000] {processor.py:830} INFO - Processing file /home/airflow/.local/lib/python3.11/site-packages/airflow/example_dags/tutorial_dag.py for tasks to queue
[2024-07-14T16:40:49.055+0000] {logging_mixin.py:188} INFO - [2024-07-14T16:40:49.054+0000] {dagbag.py:545} INFO - Filling up the DagBag from /home/airflow/.local/lib/python3.11/site-packages/airflow/example_dags/tutorial_dag.py
[2024-07-14T16:40:49.081+0000] {processor.py:840} INFO - DAG(s) 'tutorial_dag' retrieved from /home/airflow/.local/lib/python3.11/site-packages/airflow/example_dags/tutorial_dag.py
[2024-07-14T16:40:49.179+0000] {logging_mixin.py:188} INFO - [2024-07-14T16:40:49.179+0000] {dag.py:3096} INFO - Sync 1 DAGs
[2024-07-14T16:40:49.255+0000] {logging_mixin.py:188} INFO - [2024-07-14T16:40:49.254+0000] {dag.py:3954} INFO - Setting next_dagrun for tutorial_dag to None, run_after=None
[2024-07-14T16:40:49.323+0000] {processor.py:183} INFO - Processing /home/airflow/.local/lib/python3.11/site-packages/airflow/example_dags/tutorial_dag.py took 0.303 seconds
[2024-07-14T16:40:59.023+0000] {processor.py:161} INFO - Started process (PID=1620) to work on /home/airflow/.local/lib/python3.11/site-packages/airflow/example_dags/tutorial_dag.py
[2024-07-14T16:40:59.028+0000] {processor.py:830} INFO - Processing file /home/airflow/.local/lib/python3.11/site-packages/airflow/example_dags/tutorial_dag.py for tasks to queue
[2024-07-14T16:40:59.034+0000] {logging_mixin.py:188} INFO - [2024-07-14T16:40:59.033+0000] {dagbag.py:545} INFO - Filling up the DagBag from /home/airflow/.local/lib/python3.11/site-packages/airflow/example_dags/tutorial_dag.py
[2024-07-14T16:40:59.057+0000] {processor.py:840} INFO - DAG(s) 'tutorial_dag' retrieved from /home/airflow/.local/lib/python3.11/site-packages/airflow/example_dags/tutorial_dag.py
[2024-07-14T16:40:59.147+0000] {logging_mixin.py:188} INFO - [2024-07-14T16:40:59.144+0000] {dag.py:3096} INFO - Sync 1 DAGs
[2024-07-14T16:40:59.204+0000] {logging_mixin.py:188} INFO - [2024-07-14T16:40:59.203+0000] {dag.py:3954} INFO - Setting next_dagrun for tutorial_dag to None, run_after=None
[2024-07-14T16:40:59.284+0000] {processor.py:183} INFO - Processing /home/airflow/.local/lib/python3.11/site-packages/airflow/example_dags/tutorial_dag.py took 0.308 seconds
[2024-07-14T16:41:06.663+0000] {processor.py:161} INFO - Started process (PID=1678) to work on /home/airflow/.local/lib/python3.11/site-packages/airflow/example_dags/tutorial_dag.py
[2024-07-14T16:41:06.665+0000] {processor.py:830} INFO - Processing file /home/airflow/.local/lib/python3.11/site-packages/airflow/example_dags/tutorial_dag.py for tasks to queue
[2024-07-14T16:41:06.668+0000] {logging_mixin.py:188} INFO - [2024-07-14T16:41:06.668+0000] {dagbag.py:545} INFO - Filling up the DagBag from /home/airflow/.local/lib/python3.11/site-packages/airflow/example_dags/tutorial_dag.py
[2024-07-14T16:41:06.680+0000] {processor.py:840} INFO - DAG(s) 'tutorial_dag' retrieved from /home/airflow/.local/lib/python3.11/site-packages/airflow/example_dags/tutorial_dag.py
[2024-07-14T16:41:06.721+0000] {logging_mixin.py:188} INFO - [2024-07-14T16:41:06.720+0000] {dag.py:3096} INFO - Sync 1 DAGs
[2024-07-14T16:41:06.745+0000] {logging_mixin.py:188} INFO - [2024-07-14T16:41:06.744+0000] {dag.py:3954} INFO - Setting next_dagrun for tutorial_dag to None, run_after=None
[2024-07-14T16:41:06.783+0000] {processor.py:183} INFO - Processing /home/airflow/.local/lib/python3.11/site-packages/airflow/example_dags/tutorial_dag.py took 0.133 seconds
[2024-07-14T16:41:12.823+0000] {processor.py:161} INFO - Started process (PID=1732) to work on /home/airflow/.local/lib/python3.11/site-packages/airflow/example_dags/tutorial_dag.py
[2024-07-14T16:41:12.824+0000] {processor.py:830} INFO - Processing file /home/airflow/.local/lib/python3.11/site-packages/airflow/example_dags/tutorial_dag.py for tasks to queue
[2024-07-14T16:41:12.828+0000] {logging_mixin.py:188} INFO - [2024-07-14T16:41:12.827+0000] {dagbag.py:545} INFO - Filling up the DagBag from /home/airflow/.local/lib/python3.11/site-packages/airflow/example_dags/tutorial_dag.py
[2024-07-14T16:41:12.836+0000] {processor.py:840} INFO - DAG(s) 'tutorial_dag' retrieved from /home/airflow/.local/lib/python3.11/site-packages/airflow/example_dags/tutorial_dag.py
[2024-07-14T16:41:12.877+0000] {logging_mixin.py:188} INFO - [2024-07-14T16:41:12.876+0000] {dag.py:3096} INFO - Sync 1 DAGs
[2024-07-14T16:41:12.900+0000] {logging_mixin.py:188} INFO - [2024-07-14T16:41:12.900+0000] {dag.py:3954} INFO - Setting next_dagrun for tutorial_dag to None, run_after=None
[2024-07-14T16:41:12.931+0000] {processor.py:183} INFO - Processing /home/airflow/.local/lib/python3.11/site-packages/airflow/example_dags/tutorial_dag.py took 0.118 seconds
[2024-07-14T16:41:20.135+0000] {processor.py:161} INFO - Started process (PID=1784) to work on /home/airflow/.local/lib/python3.11/site-packages/airflow/example_dags/tutorial_dag.py
[2024-07-14T16:41:20.138+0000] {processor.py:830} INFO - Processing file /home/airflow/.local/lib/python3.11/site-packages/airflow/example_dags/tutorial_dag.py for tasks to queue
[2024-07-14T16:41:20.142+0000] {logging_mixin.py:188} INFO - [2024-07-14T16:41:20.142+0000] {dagbag.py:545} INFO - Filling up the DagBag from /home/airflow/.local/lib/python3.11/site-packages/airflow/example_dags/tutorial_dag.py
[2024-07-14T16:41:20.157+0000] {processor.py:840} INFO - DAG(s) 'tutorial_dag' retrieved from /home/airflow/.local/lib/python3.11/site-packages/airflow/example_dags/tutorial_dag.py
[2024-07-14T16:41:20.201+0000] {logging_mixin.py:188} INFO - [2024-07-14T16:41:20.200+0000] {dag.py:3096} INFO - Sync 1 DAGs
[2024-07-14T16:41:20.226+0000] {logging_mixin.py:188} INFO - [2024-07-14T16:41:20.226+0000] {dag.py:3954} INFO - Setting next_dagrun for tutorial_dag to None, run_after=None
[2024-07-14T16:41:20.267+0000] {processor.py:183} INFO - Processing /home/airflow/.local/lib/python3.11/site-packages/airflow/example_dags/tutorial_dag.py took 0.150 seconds
[2024-07-14T16:41:29.107+0000] {processor.py:161} INFO - Started process (PID=1838) to work on /home/airflow/.local/lib/python3.11/site-packages/airflow/example_dags/tutorial_dag.py
[2024-07-14T16:41:29.120+0000] {processor.py:830} INFO - Processing file /home/airflow/.local/lib/python3.11/site-packages/airflow/example_dags/tutorial_dag.py for tasks to queue
[2024-07-14T16:41:29.126+0000] {logging_mixin.py:188} INFO - [2024-07-14T16:41:29.125+0000] {dagbag.py:545} INFO - Filling up the DagBag from /home/airflow/.local/lib/python3.11/site-packages/airflow/example_dags/tutorial_dag.py
[2024-07-14T16:41:29.150+0000] {processor.py:840} INFO - DAG(s) 'tutorial_dag' retrieved from /home/airflow/.local/lib/python3.11/site-packages/airflow/example_dags/tutorial_dag.py
[2024-07-14T16:41:29.313+0000] {logging_mixin.py:188} INFO - [2024-07-14T16:41:29.313+0000] {dag.py:3096} INFO - Sync 1 DAGs
[2024-07-14T16:41:29.362+0000] {logging_mixin.py:188} INFO - [2024-07-14T16:41:29.361+0000] {dag.py:3954} INFO - Setting next_dagrun for tutorial_dag to None, run_after=None
[2024-07-14T16:41:29.405+0000] {processor.py:183} INFO - Processing /home/airflow/.local/lib/python3.11/site-packages/airflow/example_dags/tutorial_dag.py took 0.326 seconds
[2024-07-14T16:41:37.421+0000] {processor.py:161} INFO - Started process (PID=1896) to work on /home/airflow/.local/lib/python3.11/site-packages/airflow/example_dags/tutorial_dag.py
[2024-07-14T16:41:37.425+0000] {processor.py:830} INFO - Processing file /home/airflow/.local/lib/python3.11/site-packages/airflow/example_dags/tutorial_dag.py for tasks to queue
[2024-07-14T16:41:37.430+0000] {logging_mixin.py:188} INFO - [2024-07-14T16:41:37.429+0000] {dagbag.py:545} INFO - Filling up the DagBag from /home/airflow/.local/lib/python3.11/site-packages/airflow/example_dags/tutorial_dag.py
[2024-07-14T16:41:37.444+0000] {processor.py:840} INFO - DAG(s) 'tutorial_dag' retrieved from /home/airflow/.local/lib/python3.11/site-packages/airflow/example_dags/tutorial_dag.py
[2024-07-14T16:41:37.492+0000] {logging_mixin.py:188} INFO - [2024-07-14T16:41:37.491+0000] {dag.py:3096} INFO - Sync 1 DAGs
[2024-07-14T16:41:37.529+0000] {logging_mixin.py:188} INFO - [2024-07-14T16:41:37.528+0000] {dag.py:3954} INFO - Setting next_dagrun for tutorial_dag to None, run_after=None
[2024-07-14T16:41:37.562+0000] {processor.py:183} INFO - Processing /home/airflow/.local/lib/python3.11/site-packages/airflow/example_dags/tutorial_dag.py took 0.156 seconds
[2024-07-14T16:41:43.710+0000] {processor.py:161} INFO - Started process (PID=1949) to work on /home/airflow/.local/lib/python3.11/site-packages/airflow/example_dags/tutorial_dag.py
[2024-07-14T16:41:43.713+0000] {processor.py:830} INFO - Processing file /home/airflow/.local/lib/python3.11/site-packages/airflow/example_dags/tutorial_dag.py for tasks to queue
[2024-07-14T16:41:43.716+0000] {logging_mixin.py:188} INFO - [2024-07-14T16:41:43.715+0000] {dagbag.py:545} INFO - Filling up the DagBag from /home/airflow/.local/lib/python3.11/site-packages/airflow/example_dags/tutorial_dag.py
[2024-07-14T16:41:43.727+0000] {processor.py:840} INFO - DAG(s) 'tutorial_dag' retrieved from /home/airflow/.local/lib/python3.11/site-packages/airflow/example_dags/tutorial_dag.py
[2024-07-14T16:41:43.785+0000] {logging_mixin.py:188} INFO - [2024-07-14T16:41:43.785+0000] {dag.py:3096} INFO - Sync 1 DAGs
[2024-07-14T16:41:43.835+0000] {logging_mixin.py:188} INFO - [2024-07-14T16:41:43.834+0000] {dag.py:3954} INFO - Setting next_dagrun for tutorial_dag to None, run_after=None
[2024-07-14T16:41:43.881+0000] {processor.py:183} INFO - Processing /home/airflow/.local/lib/python3.11/site-packages/airflow/example_dags/tutorial_dag.py took 0.181 seconds
[2024-07-14T16:41:49.611+0000] {processor.py:161} INFO - Started process (PID=2001) to work on /home/airflow/.local/lib/python3.11/site-packages/airflow/example_dags/tutorial_dag.py
[2024-07-14T16:41:49.613+0000] {processor.py:830} INFO - Processing file /home/airflow/.local/lib/python3.11/site-packages/airflow/example_dags/tutorial_dag.py for tasks to queue
[2024-07-14T16:41:49.617+0000] {logging_mixin.py:188} INFO - [2024-07-14T16:41:49.616+0000] {dagbag.py:545} INFO - Filling up the DagBag from /home/airflow/.local/lib/python3.11/site-packages/airflow/example_dags/tutorial_dag.py
[2024-07-14T16:41:49.627+0000] {processor.py:840} INFO - DAG(s) 'tutorial_dag' retrieved from /home/airflow/.local/lib/python3.11/site-packages/airflow/example_dags/tutorial_dag.py
[2024-07-14T16:41:49.677+0000] {logging_mixin.py:188} INFO - [2024-07-14T16:41:49.677+0000] {dag.py:3096} INFO - Sync 1 DAGs
[2024-07-14T16:41:49.702+0000] {logging_mixin.py:188} INFO - [2024-07-14T16:41:49.701+0000] {dag.py:3954} INFO - Setting next_dagrun for tutorial_dag to None, run_after=None
[2024-07-14T16:41:49.739+0000] {processor.py:183} INFO - Processing /home/airflow/.local/lib/python3.11/site-packages/airflow/example_dags/tutorial_dag.py took 0.142 seconds
[2024-07-14T16:41:56.769+0000] {processor.py:161} INFO - Started process (PID=2055) to work on /home/airflow/.local/lib/python3.11/site-packages/airflow/example_dags/tutorial_dag.py
[2024-07-14T16:41:56.771+0000] {processor.py:830} INFO - Processing file /home/airflow/.local/lib/python3.11/site-packages/airflow/example_dags/tutorial_dag.py for tasks to queue
[2024-07-14T16:41:56.773+0000] {logging_mixin.py:188} INFO - [2024-07-14T16:41:56.773+0000] {dagbag.py:545} INFO - Filling up the DagBag from /home/airflow/.local/lib/python3.11/site-packages/airflow/example_dags/tutorial_dag.py
[2024-07-14T16:41:56.782+0000] {processor.py:840} INFO - DAG(s) 'tutorial_dag' retrieved from /home/airflow/.local/lib/python3.11/site-packages/airflow/example_dags/tutorial_dag.py
[2024-07-14T16:41:56.815+0000] {logging_mixin.py:188} INFO - [2024-07-14T16:41:56.815+0000] {dag.py:3096} INFO - Sync 1 DAGs
[2024-07-14T16:41:56.835+0000] {logging_mixin.py:188} INFO - [2024-07-14T16:41:56.834+0000] {dag.py:3954} INFO - Setting next_dagrun for tutorial_dag to None, run_after=None
[2024-07-14T16:41:56.868+0000] {processor.py:183} INFO - Processing /home/airflow/.local/lib/python3.11/site-packages/airflow/example_dags/tutorial_dag.py took 0.108 seconds
[2024-07-14T16:42:03.942+0000] {processor.py:161} INFO - Started process (PID=2107) to work on /home/airflow/.local/lib/python3.11/site-packages/airflow/example_dags/tutorial_dag.py
[2024-07-14T16:42:03.947+0000] {processor.py:830} INFO - Processing file /home/airflow/.local/lib/python3.11/site-packages/airflow/example_dags/tutorial_dag.py for tasks to queue
[2024-07-14T16:42:03.951+0000] {logging_mixin.py:188} INFO - [2024-07-14T16:42:03.950+0000] {dagbag.py:545} INFO - Filling up the DagBag from /home/airflow/.local/lib/python3.11/site-packages/airflow/example_dags/tutorial_dag.py
[2024-07-14T16:42:03.964+0000] {processor.py:840} INFO - DAG(s) 'tutorial_dag' retrieved from /home/airflow/.local/lib/python3.11/site-packages/airflow/example_dags/tutorial_dag.py
[2024-07-14T16:42:04.008+0000] {logging_mixin.py:188} INFO - [2024-07-14T16:42:04.007+0000] {dag.py:3096} INFO - Sync 1 DAGs
[2024-07-14T16:42:04.030+0000] {logging_mixin.py:188} INFO - [2024-07-14T16:42:04.029+0000] {dag.py:3954} INFO - Setting next_dagrun for tutorial_dag to None, run_after=None
[2024-07-14T16:42:04.066+0000] {processor.py:183} INFO - Processing /home/airflow/.local/lib/python3.11/site-packages/airflow/example_dags/tutorial_dag.py took 0.136 seconds
[2024-07-14T16:42:10.950+0000] {processor.py:161} INFO - Started process (PID=2166) to work on /home/airflow/.local/lib/python3.11/site-packages/airflow/example_dags/tutorial_dag.py
[2024-07-14T16:42:10.952+0000] {processor.py:830} INFO - Processing file /home/airflow/.local/lib/python3.11/site-packages/airflow/example_dags/tutorial_dag.py for tasks to queue
[2024-07-14T16:42:10.955+0000] {logging_mixin.py:188} INFO - [2024-07-14T16:42:10.955+0000] {dagbag.py:545} INFO - Filling up the DagBag from /home/airflow/.local/lib/python3.11/site-packages/airflow/example_dags/tutorial_dag.py
[2024-07-14T16:42:10.964+0000] {processor.py:840} INFO - DAG(s) 'tutorial_dag' retrieved from /home/airflow/.local/lib/python3.11/site-packages/airflow/example_dags/tutorial_dag.py
[2024-07-14T16:42:11.020+0000] {logging_mixin.py:188} INFO - [2024-07-14T16:42:11.020+0000] {dag.py:3096} INFO - Sync 1 DAGs
[2024-07-14T16:42:11.051+0000] {logging_mixin.py:188} INFO - [2024-07-14T16:42:11.050+0000] {dag.py:3954} INFO - Setting next_dagrun for tutorial_dag to None, run_after=None
[2024-07-14T16:42:11.078+0000] {processor.py:183} INFO - Processing /home/airflow/.local/lib/python3.11/site-packages/airflow/example_dags/tutorial_dag.py took 0.138 seconds
[2024-07-14T16:42:16.093+0000] {processor.py:161} INFO - Started process (PID=2218) to work on /home/airflow/.local/lib/python3.11/site-packages/airflow/example_dags/tutorial_dag.py
[2024-07-14T16:42:16.095+0000] {processor.py:830} INFO - Processing file /home/airflow/.local/lib/python3.11/site-packages/airflow/example_dags/tutorial_dag.py for tasks to queue
[2024-07-14T16:42:16.097+0000] {logging_mixin.py:188} INFO - [2024-07-14T16:42:16.097+0000] {dagbag.py:545} INFO - Filling up the DagBag from /home/airflow/.local/lib/python3.11/site-packages/airflow/example_dags/tutorial_dag.py
[2024-07-14T16:42:16.104+0000] {processor.py:840} INFO - DAG(s) 'tutorial_dag' retrieved from /home/airflow/.local/lib/python3.11/site-packages/airflow/example_dags/tutorial_dag.py
[2024-07-14T16:42:16.132+0000] {logging_mixin.py:188} INFO - [2024-07-14T16:42:16.132+0000] {dag.py:3096} INFO - Sync 1 DAGs
[2024-07-14T16:42:16.147+0000] {logging_mixin.py:188} INFO - [2024-07-14T16:42:16.147+0000] {dag.py:3954} INFO - Setting next_dagrun for tutorial_dag to None, run_after=None
[2024-07-14T16:42:16.171+0000] {processor.py:183} INFO - Processing /home/airflow/.local/lib/python3.11/site-packages/airflow/example_dags/tutorial_dag.py took 0.087 seconds
[2024-07-14T16:42:21.430+0000] {processor.py:161} INFO - Started process (PID=2272) to work on /home/airflow/.local/lib/python3.11/site-packages/airflow/example_dags/tutorial_dag.py
[2024-07-14T16:42:21.432+0000] {processor.py:830} INFO - Processing file /home/airflow/.local/lib/python3.11/site-packages/airflow/example_dags/tutorial_dag.py for tasks to queue
[2024-07-14T16:42:21.436+0000] {logging_mixin.py:188} INFO - [2024-07-14T16:42:21.435+0000] {dagbag.py:545} INFO - Filling up the DagBag from /home/airflow/.local/lib/python3.11/site-packages/airflow/example_dags/tutorial_dag.py
[2024-07-14T16:42:21.445+0000] {processor.py:840} INFO - DAG(s) 'tutorial_dag' retrieved from /home/airflow/.local/lib/python3.11/site-packages/airflow/example_dags/tutorial_dag.py
[2024-07-14T16:42:21.473+0000] {logging_mixin.py:188} INFO - [2024-07-14T16:42:21.473+0000] {dag.py:3096} INFO - Sync 1 DAGs
[2024-07-14T16:42:21.490+0000] {logging_mixin.py:188} INFO - [2024-07-14T16:42:21.490+0000] {dag.py:3954} INFO - Setting next_dagrun for tutorial_dag to None, run_after=None
[2024-07-14T16:42:21.515+0000] {processor.py:183} INFO - Processing /home/airflow/.local/lib/python3.11/site-packages/airflow/example_dags/tutorial_dag.py took 0.093 seconds
[2024-07-14T16:42:25.906+0000] {processor.py:161} INFO - Started process (PID=2324) to work on /home/airflow/.local/lib/python3.11/site-packages/airflow/example_dags/tutorial_dag.py
[2024-07-14T16:42:25.908+0000] {processor.py:830} INFO - Processing file /home/airflow/.local/lib/python3.11/site-packages/airflow/example_dags/tutorial_dag.py for tasks to queue
[2024-07-14T16:42:25.911+0000] {logging_mixin.py:188} INFO - [2024-07-14T16:42:25.911+0000] {dagbag.py:545} INFO - Filling up the DagBag from /home/airflow/.local/lib/python3.11/site-packages/airflow/example_dags/tutorial_dag.py
[2024-07-14T16:42:25.920+0000] {processor.py:840} INFO - DAG(s) 'tutorial_dag' retrieved from /home/airflow/.local/lib/python3.11/site-packages/airflow/example_dags/tutorial_dag.py
[2024-07-14T16:42:25.955+0000] {logging_mixin.py:188} INFO - [2024-07-14T16:42:25.955+0000] {dag.py:3096} INFO - Sync 1 DAGs
[2024-07-14T16:42:25.975+0000] {logging_mixin.py:188} INFO - [2024-07-14T16:42:25.974+0000] {dag.py:3954} INFO - Setting next_dagrun for tutorial_dag to None, run_after=None
[2024-07-14T16:42:26.029+0000] {processor.py:183} INFO - Processing /home/airflow/.local/lib/python3.11/site-packages/airflow/example_dags/tutorial_dag.py took 0.136 seconds
[2024-07-14T16:42:33.074+0000] {processor.py:161} INFO - Started process (PID=2377) to work on /home/airflow/.local/lib/python3.11/site-packages/airflow/example_dags/tutorial_dag.py
[2024-07-14T16:42:33.082+0000] {processor.py:830} INFO - Processing file /home/airflow/.local/lib/python3.11/site-packages/airflow/example_dags/tutorial_dag.py for tasks to queue
[2024-07-14T16:42:33.092+0000] {logging_mixin.py:188} INFO - [2024-07-14T16:42:33.091+0000] {dagbag.py:545} INFO - Filling up the DagBag from /home/airflow/.local/lib/python3.11/site-packages/airflow/example_dags/tutorial_dag.py
[2024-07-14T16:42:33.108+0000] {processor.py:840} INFO - DAG(s) 'tutorial_dag' retrieved from /home/airflow/.local/lib/python3.11/site-packages/airflow/example_dags/tutorial_dag.py
[2024-07-14T16:42:33.163+0000] {logging_mixin.py:188} INFO - [2024-07-14T16:42:33.163+0000] {dag.py:3096} INFO - Sync 1 DAGs
[2024-07-14T16:42:33.191+0000] {logging_mixin.py:188} INFO - [2024-07-14T16:42:33.191+0000] {dag.py:3954} INFO - Setting next_dagrun for tutorial_dag to None, run_after=None
[2024-07-14T16:42:33.233+0000] {processor.py:183} INFO - Processing /home/airflow/.local/lib/python3.11/site-packages/airflow/example_dags/tutorial_dag.py took 0.187 seconds
[2024-07-14T16:42:40.199+0000] {processor.py:161} INFO - Started process (PID=2435) to work on /home/airflow/.local/lib/python3.11/site-packages/airflow/example_dags/tutorial_dag.py
[2024-07-14T16:42:40.201+0000] {processor.py:830} INFO - Processing file /home/airflow/.local/lib/python3.11/site-packages/airflow/example_dags/tutorial_dag.py for tasks to queue
[2024-07-14T16:42:40.205+0000] {logging_mixin.py:188} INFO - [2024-07-14T16:42:40.204+0000] {dagbag.py:545} INFO - Filling up the DagBag from /home/airflow/.local/lib/python3.11/site-packages/airflow/example_dags/tutorial_dag.py
[2024-07-14T16:42:40.217+0000] {processor.py:840} INFO - DAG(s) 'tutorial_dag' retrieved from /home/airflow/.local/lib/python3.11/site-packages/airflow/example_dags/tutorial_dag.py
[2024-07-14T16:42:40.277+0000] {logging_mixin.py:188} INFO - [2024-07-14T16:42:40.276+0000] {dag.py:3096} INFO - Sync 1 DAGs
[2024-07-14T16:42:40.317+0000] {logging_mixin.py:188} INFO - [2024-07-14T16:42:40.317+0000] {dag.py:3954} INFO - Setting next_dagrun for tutorial_dag to None, run_after=None
[2024-07-14T16:42:40.362+0000] {processor.py:183} INFO - Processing /home/airflow/.local/lib/python3.11/site-packages/airflow/example_dags/tutorial_dag.py took 0.179 seconds
[2024-07-14T16:42:50.958+0000] {processor.py:161} INFO - Started process (PID=2488) to work on /home/airflow/.local/lib/python3.11/site-packages/airflow/example_dags/tutorial_dag.py
[2024-07-14T16:42:50.960+0000] {processor.py:830} INFO - Processing file /home/airflow/.local/lib/python3.11/site-packages/airflow/example_dags/tutorial_dag.py for tasks to queue
[2024-07-14T16:42:50.963+0000] {logging_mixin.py:188} INFO - [2024-07-14T16:42:50.962+0000] {dagbag.py:545} INFO - Filling up the DagBag from /home/airflow/.local/lib/python3.11/site-packages/airflow/example_dags/tutorial_dag.py
[2024-07-14T16:42:50.975+0000] {processor.py:840} INFO - DAG(s) 'tutorial_dag' retrieved from /home/airflow/.local/lib/python3.11/site-packages/airflow/example_dags/tutorial_dag.py
[2024-07-14T16:42:51.023+0000] {logging_mixin.py:188} INFO - [2024-07-14T16:42:51.023+0000] {dag.py:3096} INFO - Sync 1 DAGs
[2024-07-14T16:42:51.049+0000] {logging_mixin.py:188} INFO - [2024-07-14T16:42:51.049+0000] {dag.py:3954} INFO - Setting next_dagrun for tutorial_dag to None, run_after=None
[2024-07-14T16:42:51.081+0000] {processor.py:183} INFO - Processing /home/airflow/.local/lib/python3.11/site-packages/airflow/example_dags/tutorial_dag.py took 0.133 seconds
[2024-07-14T16:42:57.842+0000] {processor.py:161} INFO - Started process (PID=2540) to work on /home/airflow/.local/lib/python3.11/site-packages/airflow/example_dags/tutorial_dag.py
[2024-07-14T16:42:57.848+0000] {processor.py:830} INFO - Processing file /home/airflow/.local/lib/python3.11/site-packages/airflow/example_dags/tutorial_dag.py for tasks to queue
[2024-07-14T16:42:57.852+0000] {logging_mixin.py:188} INFO - [2024-07-14T16:42:57.851+0000] {dagbag.py:545} INFO - Filling up the DagBag from /home/airflow/.local/lib/python3.11/site-packages/airflow/example_dags/tutorial_dag.py
[2024-07-14T16:42:57.866+0000] {processor.py:840} INFO - DAG(s) 'tutorial_dag' retrieved from /home/airflow/.local/lib/python3.11/site-packages/airflow/example_dags/tutorial_dag.py
[2024-07-14T16:42:57.906+0000] {logging_mixin.py:188} INFO - [2024-07-14T16:42:57.906+0000] {dag.py:3096} INFO - Sync 1 DAGs
[2024-07-14T16:42:57.933+0000] {logging_mixin.py:188} INFO - [2024-07-14T16:42:57.933+0000] {dag.py:3954} INFO - Setting next_dagrun for tutorial_dag to None, run_after=None
[2024-07-14T16:42:57.965+0000] {processor.py:183} INFO - Processing /home/airflow/.local/lib/python3.11/site-packages/airflow/example_dags/tutorial_dag.py took 0.140 seconds
[2024-07-14T16:43:03.520+0000] {processor.py:161} INFO - Started process (PID=2593) to work on /home/airflow/.local/lib/python3.11/site-packages/airflow/example_dags/tutorial_dag.py
[2024-07-14T16:43:03.521+0000] {processor.py:830} INFO - Processing file /home/airflow/.local/lib/python3.11/site-packages/airflow/example_dags/tutorial_dag.py for tasks to queue
[2024-07-14T16:43:03.525+0000] {logging_mixin.py:188} INFO - [2024-07-14T16:43:03.524+0000] {dagbag.py:545} INFO - Filling up the DagBag from /home/airflow/.local/lib/python3.11/site-packages/airflow/example_dags/tutorial_dag.py
[2024-07-14T16:43:03.534+0000] {processor.py:840} INFO - DAG(s) 'tutorial_dag' retrieved from /home/airflow/.local/lib/python3.11/site-packages/airflow/example_dags/tutorial_dag.py
[2024-07-14T16:43:03.567+0000] {logging_mixin.py:188} INFO - [2024-07-14T16:43:03.567+0000] {dag.py:3096} INFO - Sync 1 DAGs
[2024-07-14T16:43:03.587+0000] {logging_mixin.py:188} INFO - [2024-07-14T16:43:03.587+0000] {dag.py:3954} INFO - Setting next_dagrun for tutorial_dag to None, run_after=None
[2024-07-14T16:43:03.615+0000] {processor.py:183} INFO - Processing /home/airflow/.local/lib/python3.11/site-packages/airflow/example_dags/tutorial_dag.py took 0.105 seconds
[2024-07-14T16:43:11.721+0000] {processor.py:161} INFO - Started process (PID=2651) to work on /home/airflow/.local/lib/python3.11/site-packages/airflow/example_dags/tutorial_dag.py
[2024-07-14T16:43:11.724+0000] {processor.py:830} INFO - Processing file /home/airflow/.local/lib/python3.11/site-packages/airflow/example_dags/tutorial_dag.py for tasks to queue
[2024-07-14T16:43:11.731+0000] {logging_mixin.py:188} INFO - [2024-07-14T16:43:11.730+0000] {dagbag.py:545} INFO - Filling up the DagBag from /home/airflow/.local/lib/python3.11/site-packages/airflow/example_dags/tutorial_dag.py
[2024-07-14T16:43:11.747+0000] {processor.py:840} INFO - DAG(s) 'tutorial_dag' retrieved from /home/airflow/.local/lib/python3.11/site-packages/airflow/example_dags/tutorial_dag.py
[2024-07-14T16:43:11.821+0000] {logging_mixin.py:188} INFO - [2024-07-14T16:43:11.818+0000] {dag.py:3096} INFO - Sync 1 DAGs
[2024-07-14T16:43:11.883+0000] {logging_mixin.py:188} INFO - [2024-07-14T16:43:11.883+0000] {dag.py:3954} INFO - Setting next_dagrun for tutorial_dag to None, run_after=None
[2024-07-14T16:43:11.961+0000] {processor.py:183} INFO - Processing /home/airflow/.local/lib/python3.11/site-packages/airflow/example_dags/tutorial_dag.py took 0.282 seconds
[2024-07-14T16:43:23.398+0000] {processor.py:161} INFO - Started process (PID=2704) to work on /home/airflow/.local/lib/python3.11/site-packages/airflow/example_dags/tutorial_dag.py
[2024-07-14T16:43:23.403+0000] {processor.py:830} INFO - Processing file /home/airflow/.local/lib/python3.11/site-packages/airflow/example_dags/tutorial_dag.py for tasks to queue
[2024-07-14T16:43:23.410+0000] {logging_mixin.py:188} INFO - [2024-07-14T16:43:23.409+0000] {dagbag.py:545} INFO - Filling up the DagBag from /home/airflow/.local/lib/python3.11/site-packages/airflow/example_dags/tutorial_dag.py
[2024-07-14T16:43:23.428+0000] {processor.py:840} INFO - DAG(s) 'tutorial_dag' retrieved from /home/airflow/.local/lib/python3.11/site-packages/airflow/example_dags/tutorial_dag.py
[2024-07-14T16:43:23.512+0000] {logging_mixin.py:188} INFO - [2024-07-14T16:43:23.512+0000] {dag.py:3096} INFO - Sync 1 DAGs
[2024-07-14T16:43:23.555+0000] {logging_mixin.py:188} INFO - [2024-07-14T16:43:23.555+0000] {dag.py:3954} INFO - Setting next_dagrun for tutorial_dag to None, run_after=None
[2024-07-14T16:43:23.605+0000] {processor.py:183} INFO - Processing /home/airflow/.local/lib/python3.11/site-packages/airflow/example_dags/tutorial_dag.py took 0.235 seconds
[2024-07-14T16:43:34.604+0000] {processor.py:161} INFO - Started process (PID=2756) to work on /home/airflow/.local/lib/python3.11/site-packages/airflow/example_dags/tutorial_dag.py
[2024-07-14T16:43:34.607+0000] {processor.py:830} INFO - Processing file /home/airflow/.local/lib/python3.11/site-packages/airflow/example_dags/tutorial_dag.py for tasks to queue
[2024-07-14T16:43:34.615+0000] {logging_mixin.py:188} INFO - [2024-07-14T16:43:34.614+0000] {dagbag.py:545} INFO - Filling up the DagBag from /home/airflow/.local/lib/python3.11/site-packages/airflow/example_dags/tutorial_dag.py
[2024-07-14T16:43:34.633+0000] {processor.py:840} INFO - DAG(s) 'tutorial_dag' retrieved from /home/airflow/.local/lib/python3.11/site-packages/airflow/example_dags/tutorial_dag.py
[2024-07-14T16:43:34.693+0000] {logging_mixin.py:188} INFO - [2024-07-14T16:43:34.692+0000] {dag.py:3096} INFO - Sync 1 DAGs
[2024-07-14T16:43:34.728+0000] {logging_mixin.py:188} INFO - [2024-07-14T16:43:34.728+0000] {dag.py:3954} INFO - Setting next_dagrun for tutorial_dag to None, run_after=None
[2024-07-14T16:43:34.767+0000] {processor.py:183} INFO - Processing /home/airflow/.local/lib/python3.11/site-packages/airflow/example_dags/tutorial_dag.py took 0.177 seconds
[2024-07-14T16:43:43.193+0000] {processor.py:161} INFO - Started process (PID=2815) to work on /home/airflow/.local/lib/python3.11/site-packages/airflow/example_dags/tutorial_dag.py
[2024-07-14T16:43:43.195+0000] {processor.py:830} INFO - Processing file /home/airflow/.local/lib/python3.11/site-packages/airflow/example_dags/tutorial_dag.py for tasks to queue
[2024-07-14T16:43:43.198+0000] {logging_mixin.py:188} INFO - [2024-07-14T16:43:43.198+0000] {dagbag.py:545} INFO - Filling up the DagBag from /home/airflow/.local/lib/python3.11/site-packages/airflow/example_dags/tutorial_dag.py
[2024-07-14T16:43:43.209+0000] {processor.py:840} INFO - DAG(s) 'tutorial_dag' retrieved from /home/airflow/.local/lib/python3.11/site-packages/airflow/example_dags/tutorial_dag.py
[2024-07-14T16:43:43.247+0000] {logging_mixin.py:188} INFO - [2024-07-14T16:43:43.247+0000] {dag.py:3096} INFO - Sync 1 DAGs
[2024-07-14T16:43:43.270+0000] {logging_mixin.py:188} INFO - [2024-07-14T16:43:43.270+0000] {dag.py:3954} INFO - Setting next_dagrun for tutorial_dag to None, run_after=None
[2024-07-14T16:43:43.305+0000] {processor.py:183} INFO - Processing /home/airflow/.local/lib/python3.11/site-packages/airflow/example_dags/tutorial_dag.py took 0.127 seconds
[2024-07-14T16:43:49.992+0000] {processor.py:161} INFO - Started process (PID=2869) to work on /home/airflow/.local/lib/python3.11/site-packages/airflow/example_dags/tutorial_dag.py
[2024-07-14T16:43:49.994+0000] {processor.py:830} INFO - Processing file /home/airflow/.local/lib/python3.11/site-packages/airflow/example_dags/tutorial_dag.py for tasks to queue
[2024-07-14T16:43:49.999+0000] {logging_mixin.py:188} INFO - [2024-07-14T16:43:49.998+0000] {dagbag.py:545} INFO - Filling up the DagBag from /home/airflow/.local/lib/python3.11/site-packages/airflow/example_dags/tutorial_dag.py
[2024-07-14T16:43:50.008+0000] {processor.py:840} INFO - DAG(s) 'tutorial_dag' retrieved from /home/airflow/.local/lib/python3.11/site-packages/airflow/example_dags/tutorial_dag.py
[2024-07-14T16:43:50.054+0000] {logging_mixin.py:188} INFO - [2024-07-14T16:43:50.053+0000] {dag.py:3096} INFO - Sync 1 DAGs
[2024-07-14T16:43:50.083+0000] {logging_mixin.py:188} INFO - [2024-07-14T16:43:50.083+0000] {dag.py:3954} INFO - Setting next_dagrun for tutorial_dag to None, run_after=None
[2024-07-14T16:43:50.125+0000] {processor.py:183} INFO - Processing /home/airflow/.local/lib/python3.11/site-packages/airflow/example_dags/tutorial_dag.py took 0.149 seconds
[2024-07-14T16:43:57.338+0000] {processor.py:161} INFO - Started process (PID=2921) to work on /home/airflow/.local/lib/python3.11/site-packages/airflow/example_dags/tutorial_dag.py
[2024-07-14T16:43:57.340+0000] {processor.py:830} INFO - Processing file /home/airflow/.local/lib/python3.11/site-packages/airflow/example_dags/tutorial_dag.py for tasks to queue
[2024-07-14T16:43:57.348+0000] {logging_mixin.py:188} INFO - [2024-07-14T16:43:57.347+0000] {dagbag.py:545} INFO - Filling up the DagBag from /home/airflow/.local/lib/python3.11/site-packages/airflow/example_dags/tutorial_dag.py
[2024-07-14T16:43:57.362+0000] {processor.py:840} INFO - DAG(s) 'tutorial_dag' retrieved from /home/airflow/.local/lib/python3.11/site-packages/airflow/example_dags/tutorial_dag.py
[2024-07-14T16:43:57.409+0000] {logging_mixin.py:188} INFO - [2024-07-14T16:43:57.408+0000] {dag.py:3096} INFO - Sync 1 DAGs
[2024-07-14T16:43:57.436+0000] {logging_mixin.py:188} INFO - [2024-07-14T16:43:57.435+0000] {dag.py:3954} INFO - Setting next_dagrun for tutorial_dag to None, run_after=None
[2024-07-14T16:43:57.469+0000] {processor.py:183} INFO - Processing /home/airflow/.local/lib/python3.11/site-packages/airflow/example_dags/tutorial_dag.py took 0.147 seconds
[2024-07-14T16:44:08.146+0000] {processor.py:161} INFO - Started process (PID=2981) to work on /home/airflow/.local/lib/python3.11/site-packages/airflow/example_dags/tutorial_dag.py
[2024-07-14T16:44:08.148+0000] {processor.py:830} INFO - Processing file /home/airflow/.local/lib/python3.11/site-packages/airflow/example_dags/tutorial_dag.py for tasks to queue
[2024-07-14T16:44:08.151+0000] {logging_mixin.py:188} INFO - [2024-07-14T16:44:08.151+0000] {dagbag.py:545} INFO - Filling up the DagBag from /home/airflow/.local/lib/python3.11/site-packages/airflow/example_dags/tutorial_dag.py
[2024-07-14T16:44:08.159+0000] {processor.py:840} INFO - DAG(s) 'tutorial_dag' retrieved from /home/airflow/.local/lib/python3.11/site-packages/airflow/example_dags/tutorial_dag.py
[2024-07-14T16:44:08.190+0000] {logging_mixin.py:188} INFO - [2024-07-14T16:44:08.189+0000] {dag.py:3096} INFO - Sync 1 DAGs
[2024-07-14T16:44:08.208+0000] {logging_mixin.py:188} INFO - [2024-07-14T16:44:08.208+0000] {dag.py:3954} INFO - Setting next_dagrun for tutorial_dag to None, run_after=None
[2024-07-14T16:44:08.236+0000] {processor.py:183} INFO - Processing /home/airflow/.local/lib/python3.11/site-packages/airflow/example_dags/tutorial_dag.py took 0.098 seconds
[2024-07-14T16:44:13.136+0000] {processor.py:161} INFO - Started process (PID=3033) to work on /home/airflow/.local/lib/python3.11/site-packages/airflow/example_dags/tutorial_dag.py
[2024-07-14T16:44:13.138+0000] {processor.py:830} INFO - Processing file /home/airflow/.local/lib/python3.11/site-packages/airflow/example_dags/tutorial_dag.py for tasks to queue
[2024-07-14T16:44:13.142+0000] {logging_mixin.py:188} INFO - [2024-07-14T16:44:13.141+0000] {dagbag.py:545} INFO - Filling up the DagBag from /home/airflow/.local/lib/python3.11/site-packages/airflow/example_dags/tutorial_dag.py
[2024-07-14T16:44:13.153+0000] {processor.py:840} INFO - DAG(s) 'tutorial_dag' retrieved from /home/airflow/.local/lib/python3.11/site-packages/airflow/example_dags/tutorial_dag.py
[2024-07-14T16:44:13.185+0000] {logging_mixin.py:188} INFO - [2024-07-14T16:44:13.184+0000] {dag.py:3096} INFO - Sync 1 DAGs
[2024-07-14T16:44:13.207+0000] {logging_mixin.py:188} INFO - [2024-07-14T16:44:13.207+0000] {dag.py:3954} INFO - Setting next_dagrun for tutorial_dag to None, run_after=None
[2024-07-14T16:44:13.240+0000] {processor.py:183} INFO - Processing /home/airflow/.local/lib/python3.11/site-packages/airflow/example_dags/tutorial_dag.py took 0.116 seconds
[2024-07-14T16:44:18.738+0000] {processor.py:161} INFO - Started process (PID=3086) to work on /home/airflow/.local/lib/python3.11/site-packages/airflow/example_dags/tutorial_dag.py
[2024-07-14T16:44:18.740+0000] {processor.py:830} INFO - Processing file /home/airflow/.local/lib/python3.11/site-packages/airflow/example_dags/tutorial_dag.py for tasks to queue
[2024-07-14T16:44:18.744+0000] {logging_mixin.py:188} INFO - [2024-07-14T16:44:18.743+0000] {dagbag.py:545} INFO - Filling up the DagBag from /home/airflow/.local/lib/python3.11/site-packages/airflow/example_dags/tutorial_dag.py
[2024-07-14T16:44:18.756+0000] {processor.py:840} INFO - DAG(s) 'tutorial_dag' retrieved from /home/airflow/.local/lib/python3.11/site-packages/airflow/example_dags/tutorial_dag.py
[2024-07-14T16:44:18.805+0000] {logging_mixin.py:188} INFO - [2024-07-14T16:44:18.804+0000] {dag.py:3096} INFO - Sync 1 DAGs
[2024-07-14T16:44:18.831+0000] {logging_mixin.py:188} INFO - [2024-07-14T16:44:18.831+0000] {dag.py:3954} INFO - Setting next_dagrun for tutorial_dag to None, run_after=None
[2024-07-14T16:44:18.872+0000] {processor.py:183} INFO - Processing /home/airflow/.local/lib/python3.11/site-packages/airflow/example_dags/tutorial_dag.py took 0.149 seconds
[2024-07-14T16:44:24.210+0000] {processor.py:161} INFO - Started process (PID=3138) to work on /home/airflow/.local/lib/python3.11/site-packages/airflow/example_dags/tutorial_dag.py
[2024-07-14T16:44:24.212+0000] {processor.py:830} INFO - Processing file /home/airflow/.local/lib/python3.11/site-packages/airflow/example_dags/tutorial_dag.py for tasks to queue
[2024-07-14T16:44:24.216+0000] {logging_mixin.py:188} INFO - [2024-07-14T16:44:24.215+0000] {dagbag.py:545} INFO - Filling up the DagBag from /home/airflow/.local/lib/python3.11/site-packages/airflow/example_dags/tutorial_dag.py
[2024-07-14T16:44:24.225+0000] {processor.py:840} INFO - DAG(s) 'tutorial_dag' retrieved from /home/airflow/.local/lib/python3.11/site-packages/airflow/example_dags/tutorial_dag.py
[2024-07-14T16:44:24.260+0000] {logging_mixin.py:188} INFO - [2024-07-14T16:44:24.259+0000] {dag.py:3096} INFO - Sync 1 DAGs
[2024-07-14T16:44:24.284+0000] {logging_mixin.py:188} INFO - [2024-07-14T16:44:24.284+0000] {dag.py:3954} INFO - Setting next_dagrun for tutorial_dag to None, run_after=None
[2024-07-14T16:44:24.315+0000] {processor.py:183} INFO - Processing /home/airflow/.local/lib/python3.11/site-packages/airflow/example_dags/tutorial_dag.py took 0.115 seconds
[2024-07-14T16:44:31.553+0000] {processor.py:161} INFO - Started process (PID=3191) to work on /home/airflow/.local/lib/python3.11/site-packages/airflow/example_dags/tutorial_dag.py
[2024-07-14T16:44:31.555+0000] {processor.py:830} INFO - Processing file /home/airflow/.local/lib/python3.11/site-packages/airflow/example_dags/tutorial_dag.py for tasks to queue
[2024-07-14T16:44:31.559+0000] {logging_mixin.py:188} INFO - [2024-07-14T16:44:31.558+0000] {dagbag.py:545} INFO - Filling up the DagBag from /home/airflow/.local/lib/python3.11/site-packages/airflow/example_dags/tutorial_dag.py
[2024-07-14T16:44:31.568+0000] {processor.py:840} INFO - DAG(s) 'tutorial_dag' retrieved from /home/airflow/.local/lib/python3.11/site-packages/airflow/example_dags/tutorial_dag.py
[2024-07-14T16:44:31.607+0000] {logging_mixin.py:188} INFO - [2024-07-14T16:44:31.606+0000] {dag.py:3096} INFO - Sync 1 DAGs
[2024-07-14T16:44:31.630+0000] {logging_mixin.py:188} INFO - [2024-07-14T16:44:31.629+0000] {dag.py:3954} INFO - Setting next_dagrun for tutorial_dag to None, run_after=None
[2024-07-14T16:44:31.663+0000] {processor.py:183} INFO - Processing /home/airflow/.local/lib/python3.11/site-packages/airflow/example_dags/tutorial_dag.py took 0.121 seconds
[2024-07-14T16:44:37.616+0000] {processor.py:161} INFO - Started process (PID=3249) to work on /home/airflow/.local/lib/python3.11/site-packages/airflow/example_dags/tutorial_dag.py
[2024-07-14T16:44:37.618+0000] {processor.py:830} INFO - Processing file /home/airflow/.local/lib/python3.11/site-packages/airflow/example_dags/tutorial_dag.py for tasks to queue
[2024-07-14T16:44:37.623+0000] {logging_mixin.py:188} INFO - [2024-07-14T16:44:37.622+0000] {dagbag.py:545} INFO - Filling up the DagBag from /home/airflow/.local/lib/python3.11/site-packages/airflow/example_dags/tutorial_dag.py
[2024-07-14T16:44:37.635+0000] {processor.py:840} INFO - DAG(s) 'tutorial_dag' retrieved from /home/airflow/.local/lib/python3.11/site-packages/airflow/example_dags/tutorial_dag.py
[2024-07-14T16:44:37.685+0000] {logging_mixin.py:188} INFO - [2024-07-14T16:44:37.685+0000] {dag.py:3096} INFO - Sync 1 DAGs
[2024-07-14T16:44:37.712+0000] {logging_mixin.py:188} INFO - [2024-07-14T16:44:37.711+0000] {dag.py:3954} INFO - Setting next_dagrun for tutorial_dag to None, run_after=None
[2024-07-14T16:44:37.746+0000] {processor.py:183} INFO - Processing /home/airflow/.local/lib/python3.11/site-packages/airflow/example_dags/tutorial_dag.py took 0.143 seconds
[2024-07-14T16:44:44.787+0000] {processor.py:161} INFO - Started process (PID=3302) to work on /home/airflow/.local/lib/python3.11/site-packages/airflow/example_dags/tutorial_dag.py
[2024-07-14T16:44:44.789+0000] {processor.py:830} INFO - Processing file /home/airflow/.local/lib/python3.11/site-packages/airflow/example_dags/tutorial_dag.py for tasks to queue
[2024-07-14T16:44:44.793+0000] {logging_mixin.py:188} INFO - [2024-07-14T16:44:44.792+0000] {dagbag.py:545} INFO - Filling up the DagBag from /home/airflow/.local/lib/python3.11/site-packages/airflow/example_dags/tutorial_dag.py
[2024-07-14T16:44:44.803+0000] {processor.py:840} INFO - DAG(s) 'tutorial_dag' retrieved from /home/airflow/.local/lib/python3.11/site-packages/airflow/example_dags/tutorial_dag.py
[2024-07-14T16:44:44.840+0000] {logging_mixin.py:188} INFO - [2024-07-14T16:44:44.840+0000] {dag.py:3096} INFO - Sync 1 DAGs
[2024-07-14T16:44:44.862+0000] {logging_mixin.py:188} INFO - [2024-07-14T16:44:44.862+0000] {dag.py:3954} INFO - Setting next_dagrun for tutorial_dag to None, run_after=None
[2024-07-14T16:44:44.896+0000] {processor.py:183} INFO - Processing /home/airflow/.local/lib/python3.11/site-packages/airflow/example_dags/tutorial_dag.py took 0.121 seconds
[2024-07-14T16:44:52.421+0000] {processor.py:161} INFO - Started process (PID=3356) to work on /home/airflow/.local/lib/python3.11/site-packages/airflow/example_dags/tutorial_dag.py
[2024-07-14T16:44:52.423+0000] {processor.py:830} INFO - Processing file /home/airflow/.local/lib/python3.11/site-packages/airflow/example_dags/tutorial_dag.py for tasks to queue
[2024-07-14T16:44:52.427+0000] {logging_mixin.py:188} INFO - [2024-07-14T16:44:52.426+0000] {dagbag.py:545} INFO - Filling up the DagBag from /home/airflow/.local/lib/python3.11/site-packages/airflow/example_dags/tutorial_dag.py
[2024-07-14T16:44:52.437+0000] {processor.py:840} INFO - DAG(s) 'tutorial_dag' retrieved from /home/airflow/.local/lib/python3.11/site-packages/airflow/example_dags/tutorial_dag.py
[2024-07-14T16:44:52.480+0000] {logging_mixin.py:188} INFO - [2024-07-14T16:44:52.479+0000] {dag.py:3096} INFO - Sync 1 DAGs
[2024-07-14T16:44:52.503+0000] {logging_mixin.py:188} INFO - [2024-07-14T16:44:52.503+0000] {dag.py:3954} INFO - Setting next_dagrun for tutorial_dag to None, run_after=None
[2024-07-14T16:44:52.536+0000] {processor.py:183} INFO - Processing /home/airflow/.local/lib/python3.11/site-packages/airflow/example_dags/tutorial_dag.py took 0.126 seconds
[2024-07-14T16:44:58.132+0000] {processor.py:161} INFO - Started process (PID=3408) to work on /home/airflow/.local/lib/python3.11/site-packages/airflow/example_dags/tutorial_dag.py
[2024-07-14T16:44:58.134+0000] {processor.py:830} INFO - Processing file /home/airflow/.local/lib/python3.11/site-packages/airflow/example_dags/tutorial_dag.py for tasks to queue
[2024-07-14T16:44:58.137+0000] {logging_mixin.py:188} INFO - [2024-07-14T16:44:58.137+0000] {dagbag.py:545} INFO - Filling up the DagBag from /home/airflow/.local/lib/python3.11/site-packages/airflow/example_dags/tutorial_dag.py
[2024-07-14T16:44:58.146+0000] {processor.py:840} INFO - DAG(s) 'tutorial_dag' retrieved from /home/airflow/.local/lib/python3.11/site-packages/airflow/example_dags/tutorial_dag.py
[2024-07-14T16:44:58.178+0000] {logging_mixin.py:188} INFO - [2024-07-14T16:44:58.177+0000] {dag.py:3096} INFO - Sync 1 DAGs
[2024-07-14T16:44:58.195+0000] {logging_mixin.py:188} INFO - [2024-07-14T16:44:58.195+0000] {dag.py:3954} INFO - Setting next_dagrun for tutorial_dag to None, run_after=None
[2024-07-14T16:44:58.221+0000] {processor.py:183} INFO - Processing /home/airflow/.local/lib/python3.11/site-packages/airflow/example_dags/tutorial_dag.py took 0.099 seconds
[2024-07-14T16:45:04.679+0000] {processor.py:161} INFO - Started process (PID=3461) to work on /home/airflow/.local/lib/python3.11/site-packages/airflow/example_dags/tutorial_dag.py
[2024-07-14T16:45:04.680+0000] {processor.py:830} INFO - Processing file /home/airflow/.local/lib/python3.11/site-packages/airflow/example_dags/tutorial_dag.py for tasks to queue
[2024-07-14T16:45:04.684+0000] {logging_mixin.py:188} INFO - [2024-07-14T16:45:04.683+0000] {dagbag.py:545} INFO - Filling up the DagBag from /home/airflow/.local/lib/python3.11/site-packages/airflow/example_dags/tutorial_dag.py
[2024-07-14T16:45:04.696+0000] {processor.py:840} INFO - DAG(s) 'tutorial_dag' retrieved from /home/airflow/.local/lib/python3.11/site-packages/airflow/example_dags/tutorial_dag.py
[2024-07-14T16:45:04.733+0000] {logging_mixin.py:188} INFO - [2024-07-14T16:45:04.733+0000] {dag.py:3096} INFO - Sync 1 DAGs
[2024-07-14T16:45:04.755+0000] {logging_mixin.py:188} INFO - [2024-07-14T16:45:04.755+0000] {dag.py:3954} INFO - Setting next_dagrun for tutorial_dag to None, run_after=None
[2024-07-14T16:45:04.785+0000] {processor.py:183} INFO - Processing /home/airflow/.local/lib/python3.11/site-packages/airflow/example_dags/tutorial_dag.py took 0.119 seconds
[2024-07-14T16:45:09.968+0000] {processor.py:161} INFO - Started process (PID=3521) to work on /home/airflow/.local/lib/python3.11/site-packages/airflow/example_dags/tutorial_dag.py
[2024-07-14T16:45:09.970+0000] {processor.py:830} INFO - Processing file /home/airflow/.local/lib/python3.11/site-packages/airflow/example_dags/tutorial_dag.py for tasks to queue
[2024-07-14T16:45:09.973+0000] {logging_mixin.py:188} INFO - [2024-07-14T16:45:09.973+0000] {dagbag.py:545} INFO - Filling up the DagBag from /home/airflow/.local/lib/python3.11/site-packages/airflow/example_dags/tutorial_dag.py
[2024-07-14T16:45:09.981+0000] {processor.py:840} INFO - DAG(s) 'tutorial_dag' retrieved from /home/airflow/.local/lib/python3.11/site-packages/airflow/example_dags/tutorial_dag.py
[2024-07-14T16:45:10.010+0000] {logging_mixin.py:188} INFO - [2024-07-14T16:45:10.010+0000] {dag.py:3096} INFO - Sync 1 DAGs
[2024-07-14T16:45:10.032+0000] {logging_mixin.py:188} INFO - [2024-07-14T16:45:10.031+0000] {dag.py:3954} INFO - Setting next_dagrun for tutorial_dag to None, run_after=None
[2024-07-14T16:45:10.063+0000] {processor.py:183} INFO - Processing /home/airflow/.local/lib/python3.11/site-packages/airflow/example_dags/tutorial_dag.py took 0.104 seconds
[2024-07-14T16:45:15.459+0000] {processor.py:161} INFO - Started process (PID=3573) to work on /home/airflow/.local/lib/python3.11/site-packages/airflow/example_dags/tutorial_dag.py
[2024-07-14T16:45:15.460+0000] {processor.py:830} INFO - Processing file /home/airflow/.local/lib/python3.11/site-packages/airflow/example_dags/tutorial_dag.py for tasks to queue
[2024-07-14T16:45:15.464+0000] {logging_mixin.py:188} INFO - [2024-07-14T16:45:15.463+0000] {dagbag.py:545} INFO - Filling up the DagBag from /home/airflow/.local/lib/python3.11/site-packages/airflow/example_dags/tutorial_dag.py
[2024-07-14T16:45:15.473+0000] {processor.py:840} INFO - DAG(s) 'tutorial_dag' retrieved from /home/airflow/.local/lib/python3.11/site-packages/airflow/example_dags/tutorial_dag.py
[2024-07-14T16:45:15.512+0000] {logging_mixin.py:188} INFO - [2024-07-14T16:45:15.512+0000] {dag.py:3096} INFO - Sync 1 DAGs
[2024-07-14T16:45:15.533+0000] {logging_mixin.py:188} INFO - [2024-07-14T16:45:15.533+0000] {dag.py:3954} INFO - Setting next_dagrun for tutorial_dag to None, run_after=None
[2024-07-14T16:45:15.562+0000] {processor.py:183} INFO - Processing /home/airflow/.local/lib/python3.11/site-packages/airflow/example_dags/tutorial_dag.py took 0.113 seconds
[2024-07-14T16:45:23.480+0000] {processor.py:161} INFO - Started process (PID=3626) to work on /home/airflow/.local/lib/python3.11/site-packages/airflow/example_dags/tutorial_dag.py
[2024-07-14T16:45:23.482+0000] {processor.py:830} INFO - Processing file /home/airflow/.local/lib/python3.11/site-packages/airflow/example_dags/tutorial_dag.py for tasks to queue
[2024-07-14T16:45:23.487+0000] {logging_mixin.py:188} INFO - [2024-07-14T16:45:23.486+0000] {dagbag.py:545} INFO - Filling up the DagBag from /home/airflow/.local/lib/python3.11/site-packages/airflow/example_dags/tutorial_dag.py
[2024-07-14T16:45:23.500+0000] {processor.py:840} INFO - DAG(s) 'tutorial_dag' retrieved from /home/airflow/.local/lib/python3.11/site-packages/airflow/example_dags/tutorial_dag.py
[2024-07-14T16:45:23.542+0000] {logging_mixin.py:188} INFO - [2024-07-14T16:45:23.541+0000] {dag.py:3096} INFO - Sync 1 DAGs
[2024-07-14T16:45:23.566+0000] {logging_mixin.py:188} INFO - [2024-07-14T16:45:23.565+0000] {dag.py:3954} INFO - Setting next_dagrun for tutorial_dag to None, run_after=None
[2024-07-14T16:45:23.603+0000] {processor.py:183} INFO - Processing /home/airflow/.local/lib/python3.11/site-packages/airflow/example_dags/tutorial_dag.py took 0.141 seconds
[2024-07-14T16:45:30.876+0000] {processor.py:161} INFO - Started process (PID=3678) to work on /home/airflow/.local/lib/python3.11/site-packages/airflow/example_dags/tutorial_dag.py
[2024-07-14T16:45:30.878+0000] {processor.py:830} INFO - Processing file /home/airflow/.local/lib/python3.11/site-packages/airflow/example_dags/tutorial_dag.py for tasks to queue
[2024-07-14T16:45:30.883+0000] {logging_mixin.py:188} INFO - [2024-07-14T16:45:30.882+0000] {dagbag.py:545} INFO - Filling up the DagBag from /home/airflow/.local/lib/python3.11/site-packages/airflow/example_dags/tutorial_dag.py
[2024-07-14T16:45:30.893+0000] {processor.py:840} INFO - DAG(s) 'tutorial_dag' retrieved from /home/airflow/.local/lib/python3.11/site-packages/airflow/example_dags/tutorial_dag.py
[2024-07-14T16:45:30.938+0000] {logging_mixin.py:188} INFO - [2024-07-14T16:45:30.937+0000] {dag.py:3096} INFO - Sync 1 DAGs
[2024-07-14T16:45:30.974+0000] {logging_mixin.py:188} INFO - [2024-07-14T16:45:30.974+0000] {dag.py:3954} INFO - Setting next_dagrun for tutorial_dag to None, run_after=None
[2024-07-14T16:45:31.015+0000] {processor.py:183} INFO - Processing /home/airflow/.local/lib/python3.11/site-packages/airflow/example_dags/tutorial_dag.py took 0.152 seconds
[2024-07-14T16:45:40.116+0000] {processor.py:161} INFO - Started process (PID=3738) to work on /home/airflow/.local/lib/python3.11/site-packages/airflow/example_dags/tutorial_dag.py
[2024-07-14T16:45:40.118+0000] {processor.py:830} INFO - Processing file /home/airflow/.local/lib/python3.11/site-packages/airflow/example_dags/tutorial_dag.py for tasks to queue
[2024-07-14T16:45:40.122+0000] {logging_mixin.py:188} INFO - [2024-07-14T16:45:40.121+0000] {dagbag.py:545} INFO - Filling up the DagBag from /home/airflow/.local/lib/python3.11/site-packages/airflow/example_dags/tutorial_dag.py
[2024-07-14T16:45:40.136+0000] {processor.py:840} INFO - DAG(s) 'tutorial_dag' retrieved from /home/airflow/.local/lib/python3.11/site-packages/airflow/example_dags/tutorial_dag.py
[2024-07-14T16:45:40.185+0000] {logging_mixin.py:188} INFO - [2024-07-14T16:45:40.185+0000] {dag.py:3096} INFO - Sync 1 DAGs
[2024-07-14T16:45:40.220+0000] {logging_mixin.py:188} INFO - [2024-07-14T16:45:40.219+0000] {dag.py:3954} INFO - Setting next_dagrun for tutorial_dag to None, run_after=None
[2024-07-14T16:45:40.257+0000] {processor.py:183} INFO - Processing /home/airflow/.local/lib/python3.11/site-packages/airflow/example_dags/tutorial_dag.py took 0.160 seconds
[2024-07-14T16:45:48.182+0000] {processor.py:161} INFO - Started process (PID=3790) to work on /home/airflow/.local/lib/python3.11/site-packages/airflow/example_dags/tutorial_dag.py
[2024-07-14T16:45:48.184+0000] {processor.py:830} INFO - Processing file /home/airflow/.local/lib/python3.11/site-packages/airflow/example_dags/tutorial_dag.py for tasks to queue
[2024-07-14T16:45:48.190+0000] {logging_mixin.py:188} INFO - [2024-07-14T16:45:48.189+0000] {dagbag.py:545} INFO - Filling up the DagBag from /home/airflow/.local/lib/python3.11/site-packages/airflow/example_dags/tutorial_dag.py
[2024-07-14T16:45:48.204+0000] {processor.py:840} INFO - DAG(s) 'tutorial_dag' retrieved from /home/airflow/.local/lib/python3.11/site-packages/airflow/example_dags/tutorial_dag.py
[2024-07-14T16:45:48.268+0000] {logging_mixin.py:188} INFO - [2024-07-14T16:45:48.268+0000] {dag.py:3096} INFO - Sync 1 DAGs
[2024-07-14T16:45:48.299+0000] {logging_mixin.py:188} INFO - [2024-07-14T16:45:48.299+0000] {dag.py:3954} INFO - Setting next_dagrun for tutorial_dag to None, run_after=None
[2024-07-14T16:45:48.349+0000] {processor.py:183} INFO - Processing /home/airflow/.local/lib/python3.11/site-packages/airflow/example_dags/tutorial_dag.py took 0.180 seconds
[2024-07-14T16:45:56.283+0000] {processor.py:161} INFO - Started process (PID=3843) to work on /home/airflow/.local/lib/python3.11/site-packages/airflow/example_dags/tutorial_dag.py
[2024-07-14T16:45:56.285+0000] {processor.py:830} INFO - Processing file /home/airflow/.local/lib/python3.11/site-packages/airflow/example_dags/tutorial_dag.py for tasks to queue
[2024-07-14T16:45:56.289+0000] {logging_mixin.py:188} INFO - [2024-07-14T16:45:56.288+0000] {dagbag.py:545} INFO - Filling up the DagBag from /home/airflow/.local/lib/python3.11/site-packages/airflow/example_dags/tutorial_dag.py
[2024-07-14T16:45:56.299+0000] {processor.py:840} INFO - DAG(s) 'tutorial_dag' retrieved from /home/airflow/.local/lib/python3.11/site-packages/airflow/example_dags/tutorial_dag.py
[2024-07-14T16:45:56.338+0000] {logging_mixin.py:188} INFO - [2024-07-14T16:45:56.338+0000] {dag.py:3096} INFO - Sync 1 DAGs
[2024-07-14T16:45:56.362+0000] {logging_mixin.py:188} INFO - [2024-07-14T16:45:56.361+0000] {dag.py:3954} INFO - Setting next_dagrun for tutorial_dag to None, run_after=None
[2024-07-14T16:45:56.393+0000] {processor.py:183} INFO - Processing /home/airflow/.local/lib/python3.11/site-packages/airflow/example_dags/tutorial_dag.py took 0.123 seconds
[2024-07-14T16:46:03.956+0000] {processor.py:161} INFO - Started process (PID=3895) to work on /home/airflow/.local/lib/python3.11/site-packages/airflow/example_dags/tutorial_dag.py
[2024-07-14T16:46:03.958+0000] {processor.py:830} INFO - Processing file /home/airflow/.local/lib/python3.11/site-packages/airflow/example_dags/tutorial_dag.py for tasks to queue
[2024-07-14T16:46:03.961+0000] {logging_mixin.py:188} INFO - [2024-07-14T16:46:03.960+0000] {dagbag.py:545} INFO - Filling up the DagBag from /home/airflow/.local/lib/python3.11/site-packages/airflow/example_dags/tutorial_dag.py
[2024-07-14T16:46:03.970+0000] {processor.py:840} INFO - DAG(s) 'tutorial_dag' retrieved from /home/airflow/.local/lib/python3.11/site-packages/airflow/example_dags/tutorial_dag.py
[2024-07-14T16:46:04.002+0000] {logging_mixin.py:188} INFO - [2024-07-14T16:46:04.002+0000] {dag.py:3096} INFO - Sync 1 DAGs
[2024-07-14T16:46:04.021+0000] {logging_mixin.py:188} INFO - [2024-07-14T16:46:04.021+0000] {dag.py:3954} INFO - Setting next_dagrun for tutorial_dag to None, run_after=None
[2024-07-14T16:46:04.050+0000] {processor.py:183} INFO - Processing /home/airflow/.local/lib/python3.11/site-packages/airflow/example_dags/tutorial_dag.py took 0.105 seconds
[2024-07-14T16:46:10.005+0000] {processor.py:161} INFO - Started process (PID=3955) to work on /home/airflow/.local/lib/python3.11/site-packages/airflow/example_dags/tutorial_dag.py
[2024-07-14T16:46:10.007+0000] {processor.py:830} INFO - Processing file /home/airflow/.local/lib/python3.11/site-packages/airflow/example_dags/tutorial_dag.py for tasks to queue
[2024-07-14T16:46:10.010+0000] {logging_mixin.py:188} INFO - [2024-07-14T16:46:10.009+0000] {dagbag.py:545} INFO - Filling up the DagBag from /home/airflow/.local/lib/python3.11/site-packages/airflow/example_dags/tutorial_dag.py
[2024-07-14T16:46:10.018+0000] {processor.py:840} INFO - DAG(s) 'tutorial_dag' retrieved from /home/airflow/.local/lib/python3.11/site-packages/airflow/example_dags/tutorial_dag.py
[2024-07-14T16:46:10.050+0000] {logging_mixin.py:188} INFO - [2024-07-14T16:46:10.050+0000] {dag.py:3096} INFO - Sync 1 DAGs
[2024-07-14T16:46:10.070+0000] {logging_mixin.py:188} INFO - [2024-07-14T16:46:10.069+0000] {dag.py:3954} INFO - Setting next_dagrun for tutorial_dag to None, run_after=None
[2024-07-14T16:46:10.098+0000] {processor.py:183} INFO - Processing /home/airflow/.local/lib/python3.11/site-packages/airflow/example_dags/tutorial_dag.py took 0.104 seconds
[2024-07-14T16:46:15.175+0000] {processor.py:161} INFO - Started process (PID=4007) to work on /home/airflow/.local/lib/python3.11/site-packages/airflow/example_dags/tutorial_dag.py
[2024-07-14T16:46:15.177+0000] {processor.py:830} INFO - Processing file /home/airflow/.local/lib/python3.11/site-packages/airflow/example_dags/tutorial_dag.py for tasks to queue
[2024-07-14T16:46:15.181+0000] {logging_mixin.py:188} INFO - [2024-07-14T16:46:15.180+0000] {dagbag.py:545} INFO - Filling up the DagBag from /home/airflow/.local/lib/python3.11/site-packages/airflow/example_dags/tutorial_dag.py
[2024-07-14T16:46:15.194+0000] {processor.py:840} INFO - DAG(s) 'tutorial_dag' retrieved from /home/airflow/.local/lib/python3.11/site-packages/airflow/example_dags/tutorial_dag.py
[2024-07-14T16:46:15.249+0000] {logging_mixin.py:188} INFO - [2024-07-14T16:46:15.248+0000] {dag.py:3096} INFO - Sync 1 DAGs
[2024-07-14T16:46:15.278+0000] {logging_mixin.py:188} INFO - [2024-07-14T16:46:15.278+0000] {dag.py:3954} INFO - Setting next_dagrun for tutorial_dag to None, run_after=None
[2024-07-14T16:46:15.314+0000] {processor.py:183} INFO - Processing /home/airflow/.local/lib/python3.11/site-packages/airflow/example_dags/tutorial_dag.py took 0.152 seconds
[2024-07-14T16:46:21.354+0000] {processor.py:161} INFO - Started process (PID=4060) to work on /home/airflow/.local/lib/python3.11/site-packages/airflow/example_dags/tutorial_dag.py
[2024-07-14T16:46:21.356+0000] {processor.py:830} INFO - Processing file /home/airflow/.local/lib/python3.11/site-packages/airflow/example_dags/tutorial_dag.py for tasks to queue
[2024-07-14T16:46:21.360+0000] {logging_mixin.py:188} INFO - [2024-07-14T16:46:21.359+0000] {dagbag.py:545} INFO - Filling up the DagBag from /home/airflow/.local/lib/python3.11/site-packages/airflow/example_dags/tutorial_dag.py
[2024-07-14T16:46:21.370+0000] {processor.py:840} INFO - DAG(s) 'tutorial_dag' retrieved from /home/airflow/.local/lib/python3.11/site-packages/airflow/example_dags/tutorial_dag.py
[2024-07-14T16:46:21.415+0000] {logging_mixin.py:188} INFO - [2024-07-14T16:46:21.415+0000] {dag.py:3096} INFO - Sync 1 DAGs
[2024-07-14T16:46:21.450+0000] {logging_mixin.py:188} INFO - [2024-07-14T16:46:21.450+0000] {dag.py:3954} INFO - Setting next_dagrun for tutorial_dag to None, run_after=None
[2024-07-14T16:46:21.481+0000] {processor.py:183} INFO - Processing /home/airflow/.local/lib/python3.11/site-packages/airflow/example_dags/tutorial_dag.py took 0.144 seconds
