[2024-07-14T16:37:54.945+0000] {processor.py:161} INFO - Started process (PID=51) to work on /home/airflow/.local/lib/python3.11/site-packages/airflow/example_dags/tutorial.py
[2024-07-14T16:37:54.949+0000] {processor.py:830} INFO - Processing file /home/airflow/.local/lib/python3.11/site-packages/airflow/example_dags/tutorial.py for tasks to queue
[2024-07-14T16:37:54.954+0000] {logging_mixin.py:188} INFO - [2024-07-14T16:37:54.953+0000] {dagbag.py:545} INFO - Filling up the DagBag from /home/airflow/.local/lib/python3.11/site-packages/airflow/example_dags/tutorial.py
[2024-07-14T16:37:54.974+0000] {processor.py:840} INFO - DAG(s) 'tutorial' retrieved from /home/airflow/.local/lib/python3.11/site-packages/airflow/example_dags/tutorial.py
[2024-07-14T16:37:55.230+0000] {logging_mixin.py:188} INFO - [2024-07-14T16:37:55.229+0000] {dag.py:3096} INFO - Sync 1 DAGs
[2024-07-14T16:37:55.272+0000] {logging_mixin.py:188} INFO - [2024-07-14T16:37:55.272+0000] {dag.py:3954} INFO - Setting next_dagrun for tutorial to 2024-07-13 00:00:00+00:00, run_after=2024-07-14 00:00:00+00:00
[2024-07-14T16:37:55.315+0000] {processor.py:183} INFO - Processing /home/airflow/.local/lib/python3.11/site-packages/airflow/example_dags/tutorial.py took 0.390 seconds
[2024-07-14T16:38:09.230+0000] {processor.py:161} INFO - Started process (PID=111) to work on /home/airflow/.local/lib/python3.11/site-packages/airflow/example_dags/tutorial.py
[2024-07-14T16:38:09.232+0000] {processor.py:830} INFO - Processing file /home/airflow/.local/lib/python3.11/site-packages/airflow/example_dags/tutorial.py for tasks to queue
[2024-07-14T16:38:09.241+0000] {logging_mixin.py:188} INFO - [2024-07-14T16:38:09.240+0000] {dagbag.py:545} INFO - Filling up the DagBag from /home/airflow/.local/lib/python3.11/site-packages/airflow/example_dags/tutorial.py
[2024-07-14T16:38:09.257+0000] {processor.py:840} INFO - DAG(s) 'tutorial' retrieved from /home/airflow/.local/lib/python3.11/site-packages/airflow/example_dags/tutorial.py
[2024-07-14T16:38:09.286+0000] {logging_mixin.py:188} INFO - [2024-07-14T16:38:09.285+0000] {dag.py:3096} INFO - Sync 1 DAGs
[2024-07-14T16:38:09.338+0000] {logging_mixin.py:188} INFO - [2024-07-14T16:38:09.338+0000] {dag.py:3954} INFO - Setting next_dagrun for tutorial to 2024-07-13 00:00:00+00:00, run_after=2024-07-14 00:00:00+00:00
[2024-07-14T16:38:09.375+0000] {processor.py:183} INFO - Processing /home/airflow/.local/lib/python3.11/site-packages/airflow/example_dags/tutorial.py took 0.163 seconds
[2024-07-14T16:38:15.100+0000] {processor.py:161} INFO - Started process (PID=163) to work on /home/airflow/.local/lib/python3.11/site-packages/airflow/example_dags/tutorial.py
[2024-07-14T16:38:15.102+0000] {processor.py:830} INFO - Processing file /home/airflow/.local/lib/python3.11/site-packages/airflow/example_dags/tutorial.py for tasks to queue
[2024-07-14T16:38:15.107+0000] {logging_mixin.py:188} INFO - [2024-07-14T16:38:15.106+0000] {dagbag.py:545} INFO - Filling up the DagBag from /home/airflow/.local/lib/python3.11/site-packages/airflow/example_dags/tutorial.py
[2024-07-14T16:38:15.126+0000] {processor.py:840} INFO - DAG(s) 'tutorial' retrieved from /home/airflow/.local/lib/python3.11/site-packages/airflow/example_dags/tutorial.py
[2024-07-14T16:38:15.152+0000] {logging_mixin.py:188} INFO - [2024-07-14T16:38:15.152+0000] {dag.py:3096} INFO - Sync 1 DAGs
[2024-07-14T16:38:15.206+0000] {logging_mixin.py:188} INFO - [2024-07-14T16:38:15.205+0000] {dag.py:3954} INFO - Setting next_dagrun for tutorial to 2024-07-13 00:00:00+00:00, run_after=2024-07-14 00:00:00+00:00
[2024-07-14T16:38:15.251+0000] {processor.py:183} INFO - Processing /home/airflow/.local/lib/python3.11/site-packages/airflow/example_dags/tutorial.py took 0.166 seconds
[2024-07-14T16:38:24.494+0000] {processor.py:161} INFO - Started process (PID=216) to work on /home/airflow/.local/lib/python3.11/site-packages/airflow/example_dags/tutorial.py
[2024-07-14T16:38:24.496+0000] {processor.py:830} INFO - Processing file /home/airflow/.local/lib/python3.11/site-packages/airflow/example_dags/tutorial.py for tasks to queue
[2024-07-14T16:38:24.498+0000] {logging_mixin.py:188} INFO - [2024-07-14T16:38:24.498+0000] {dagbag.py:545} INFO - Filling up the DagBag from /home/airflow/.local/lib/python3.11/site-packages/airflow/example_dags/tutorial.py
[2024-07-14T16:38:24.506+0000] {processor.py:840} INFO - DAG(s) 'tutorial' retrieved from /home/airflow/.local/lib/python3.11/site-packages/airflow/example_dags/tutorial.py
[2024-07-14T16:38:24.521+0000] {logging_mixin.py:188} INFO - [2024-07-14T16:38:24.521+0000] {dag.py:3096} INFO - Sync 1 DAGs
[2024-07-14T16:38:24.550+0000] {logging_mixin.py:188} INFO - [2024-07-14T16:38:24.550+0000] {dag.py:3954} INFO - Setting next_dagrun for tutorial to 2024-07-13 00:00:00+00:00, run_after=2024-07-14 00:00:00+00:00
[2024-07-14T16:38:24.578+0000] {processor.py:183} INFO - Processing /home/airflow/.local/lib/python3.11/site-packages/airflow/example_dags/tutorial.py took 0.093 seconds
[2024-07-14T16:38:29.249+0000] {processor.py:161} INFO - Started process (PID=268) to work on /home/airflow/.local/lib/python3.11/site-packages/airflow/example_dags/tutorial.py
[2024-07-14T16:38:29.251+0000] {processor.py:830} INFO - Processing file /home/airflow/.local/lib/python3.11/site-packages/airflow/example_dags/tutorial.py for tasks to queue
[2024-07-14T16:38:29.254+0000] {logging_mixin.py:188} INFO - [2024-07-14T16:38:29.253+0000] {dagbag.py:545} INFO - Filling up the DagBag from /home/airflow/.local/lib/python3.11/site-packages/airflow/example_dags/tutorial.py
[2024-07-14T16:38:29.263+0000] {processor.py:840} INFO - DAG(s) 'tutorial' retrieved from /home/airflow/.local/lib/python3.11/site-packages/airflow/example_dags/tutorial.py
[2024-07-14T16:38:29.295+0000] {logging_mixin.py:188} INFO - [2024-07-14T16:38:29.294+0000] {dag.py:3096} INFO - Sync 1 DAGs
[2024-07-14T16:38:29.333+0000] {logging_mixin.py:188} INFO - [2024-07-14T16:38:29.332+0000] {dag.py:3954} INFO - Setting next_dagrun for tutorial to 2024-07-13 00:00:00+00:00, run_after=2024-07-14 00:00:00+00:00
[2024-07-14T16:38:29.359+0000] {processor.py:183} INFO - Processing /home/airflow/.local/lib/python3.11/site-packages/airflow/example_dags/tutorial.py took 0.122 seconds
[2024-07-14T16:38:33.909+0000] {processor.py:161} INFO - Started process (PID=322) to work on /home/airflow/.local/lib/python3.11/site-packages/airflow/example_dags/tutorial.py
[2024-07-14T16:38:33.912+0000] {processor.py:830} INFO - Processing file /home/airflow/.local/lib/python3.11/site-packages/airflow/example_dags/tutorial.py for tasks to queue
[2024-07-14T16:38:33.915+0000] {logging_mixin.py:188} INFO - [2024-07-14T16:38:33.915+0000] {dagbag.py:545} INFO - Filling up the DagBag from /home/airflow/.local/lib/python3.11/site-packages/airflow/example_dags/tutorial.py
[2024-07-14T16:38:33.932+0000] {processor.py:840} INFO - DAG(s) 'tutorial' retrieved from /home/airflow/.local/lib/python3.11/site-packages/airflow/example_dags/tutorial.py
[2024-07-14T16:38:33.991+0000] {logging_mixin.py:188} INFO - [2024-07-14T16:38:33.990+0000] {dag.py:3096} INFO - Sync 1 DAGs
[2024-07-14T16:38:34.053+0000] {logging_mixin.py:188} INFO - [2024-07-14T16:38:34.052+0000] {dag.py:3954} INFO - Setting next_dagrun for tutorial to 2024-07-13 00:00:00+00:00, run_after=2024-07-14 00:00:00+00:00
[2024-07-14T16:38:34.095+0000] {processor.py:183} INFO - Processing /home/airflow/.local/lib/python3.11/site-packages/airflow/example_dags/tutorial.py took 0.196 seconds
[2024-07-14T16:38:39.939+0000] {processor.py:161} INFO - Started process (PID=380) to work on /home/airflow/.local/lib/python3.11/site-packages/airflow/example_dags/tutorial.py
[2024-07-14T16:38:39.942+0000] {processor.py:830} INFO - Processing file /home/airflow/.local/lib/python3.11/site-packages/airflow/example_dags/tutorial.py for tasks to queue
[2024-07-14T16:38:39.949+0000] {logging_mixin.py:188} INFO - [2024-07-14T16:38:39.948+0000] {dagbag.py:545} INFO - Filling up the DagBag from /home/airflow/.local/lib/python3.11/site-packages/airflow/example_dags/tutorial.py
[2024-07-14T16:38:39.965+0000] {processor.py:840} INFO - DAG(s) 'tutorial' retrieved from /home/airflow/.local/lib/python3.11/site-packages/airflow/example_dags/tutorial.py
[2024-07-14T16:38:40.042+0000] {logging_mixin.py:188} INFO - [2024-07-14T16:38:40.041+0000] {dag.py:3096} INFO - Sync 1 DAGs
[2024-07-14T16:38:40.096+0000] {logging_mixin.py:188} INFO - [2024-07-14T16:38:40.096+0000] {dag.py:3954} INFO - Setting next_dagrun for tutorial to 2024-07-13 00:00:00+00:00, run_after=2024-07-14 00:00:00+00:00
[2024-07-14T16:38:40.127+0000] {processor.py:183} INFO - Processing /home/airflow/.local/lib/python3.11/site-packages/airflow/example_dags/tutorial.py took 0.211 seconds
[2024-07-14T16:38:47.188+0000] {processor.py:161} INFO - Started process (PID=434) to work on /home/airflow/.local/lib/python3.11/site-packages/airflow/example_dags/tutorial.py
[2024-07-14T16:38:47.189+0000] {processor.py:830} INFO - Processing file /home/airflow/.local/lib/python3.11/site-packages/airflow/example_dags/tutorial.py for tasks to queue
[2024-07-14T16:38:47.192+0000] {logging_mixin.py:188} INFO - [2024-07-14T16:38:47.191+0000] {dagbag.py:545} INFO - Filling up the DagBag from /home/airflow/.local/lib/python3.11/site-packages/airflow/example_dags/tutorial.py
[2024-07-14T16:38:47.199+0000] {processor.py:840} INFO - DAG(s) 'tutorial' retrieved from /home/airflow/.local/lib/python3.11/site-packages/airflow/example_dags/tutorial.py
[2024-07-14T16:38:47.226+0000] {logging_mixin.py:188} INFO - [2024-07-14T16:38:47.226+0000] {dag.py:3096} INFO - Sync 1 DAGs
[2024-07-14T16:38:47.254+0000] {logging_mixin.py:188} INFO - [2024-07-14T16:38:47.254+0000] {dag.py:3954} INFO - Setting next_dagrun for tutorial to 2024-07-13 00:00:00+00:00, run_after=2024-07-14 00:00:00+00:00
[2024-07-14T16:38:47.277+0000] {processor.py:183} INFO - Processing /home/airflow/.local/lib/python3.11/site-packages/airflow/example_dags/tutorial.py took 0.097 seconds
[2024-07-14T16:38:53.112+0000] {processor.py:161} INFO - Started process (PID=488) to work on /home/airflow/.local/lib/python3.11/site-packages/airflow/example_dags/tutorial.py
[2024-07-14T16:38:53.114+0000] {processor.py:830} INFO - Processing file /home/airflow/.local/lib/python3.11/site-packages/airflow/example_dags/tutorial.py for tasks to queue
[2024-07-14T16:38:53.118+0000] {logging_mixin.py:188} INFO - [2024-07-14T16:38:53.117+0000] {dagbag.py:545} INFO - Filling up the DagBag from /home/airflow/.local/lib/python3.11/site-packages/airflow/example_dags/tutorial.py
[2024-07-14T16:38:53.127+0000] {processor.py:840} INFO - DAG(s) 'tutorial' retrieved from /home/airflow/.local/lib/python3.11/site-packages/airflow/example_dags/tutorial.py
[2024-07-14T16:38:53.161+0000] {logging_mixin.py:188} INFO - [2024-07-14T16:38:53.161+0000] {dag.py:3096} INFO - Sync 1 DAGs
[2024-07-14T16:38:53.193+0000] {logging_mixin.py:188} INFO - [2024-07-14T16:38:53.193+0000] {dag.py:3954} INFO - Setting next_dagrun for tutorial to 2024-07-13 00:00:00+00:00, run_after=2024-07-14 00:00:00+00:00
[2024-07-14T16:38:53.224+0000] {processor.py:183} INFO - Processing /home/airflow/.local/lib/python3.11/site-packages/airflow/example_dags/tutorial.py took 0.125 seconds
[2024-07-14T16:39:01.252+0000] {processor.py:161} INFO - Started process (PID=542) to work on /home/airflow/.local/lib/python3.11/site-packages/airflow/example_dags/tutorial.py
[2024-07-14T16:39:01.254+0000] {processor.py:830} INFO - Processing file /home/airflow/.local/lib/python3.11/site-packages/airflow/example_dags/tutorial.py for tasks to queue
[2024-07-14T16:39:01.258+0000] {logging_mixin.py:188} INFO - [2024-07-14T16:39:01.257+0000] {dagbag.py:545} INFO - Filling up the DagBag from /home/airflow/.local/lib/python3.11/site-packages/airflow/example_dags/tutorial.py
[2024-07-14T16:39:01.265+0000] {processor.py:840} INFO - DAG(s) 'tutorial' retrieved from /home/airflow/.local/lib/python3.11/site-packages/airflow/example_dags/tutorial.py
[2024-07-14T16:39:01.327+0000] {logging_mixin.py:188} INFO - [2024-07-14T16:39:01.326+0000] {dag.py:3096} INFO - Sync 1 DAGs
[2024-07-14T16:39:01.366+0000] {logging_mixin.py:188} INFO - [2024-07-14T16:39:01.366+0000] {dag.py:3954} INFO - Setting next_dagrun for tutorial to 2024-07-13 00:00:00+00:00, run_after=2024-07-14 00:00:00+00:00
[2024-07-14T16:39:01.394+0000] {processor.py:183} INFO - Processing /home/airflow/.local/lib/python3.11/site-packages/airflow/example_dags/tutorial.py took 0.149 seconds
[2024-07-14T16:39:06.205+0000] {processor.py:161} INFO - Started process (PID=600) to work on /home/airflow/.local/lib/python3.11/site-packages/airflow/example_dags/tutorial.py
[2024-07-14T16:39:06.206+0000] {processor.py:830} INFO - Processing file /home/airflow/.local/lib/python3.11/site-packages/airflow/example_dags/tutorial.py for tasks to queue
[2024-07-14T16:39:06.209+0000] {logging_mixin.py:188} INFO - [2024-07-14T16:39:06.209+0000] {dagbag.py:545} INFO - Filling up the DagBag from /home/airflow/.local/lib/python3.11/site-packages/airflow/example_dags/tutorial.py
[2024-07-14T16:39:06.218+0000] {processor.py:840} INFO - DAG(s) 'tutorial' retrieved from /home/airflow/.local/lib/python3.11/site-packages/airflow/example_dags/tutorial.py
[2024-07-14T16:39:06.251+0000] {logging_mixin.py:188} INFO - [2024-07-14T16:39:06.251+0000] {dag.py:3096} INFO - Sync 1 DAGs
[2024-07-14T16:39:06.281+0000] {logging_mixin.py:188} INFO - [2024-07-14T16:39:06.281+0000] {dag.py:3954} INFO - Setting next_dagrun for tutorial to 2024-07-13 00:00:00+00:00, run_after=2024-07-14 00:00:00+00:00
[2024-07-14T16:39:06.305+0000] {processor.py:183} INFO - Processing /home/airflow/.local/lib/python3.11/site-packages/airflow/example_dags/tutorial.py took 0.109 seconds
[2024-07-14T16:39:12.763+0000] {processor.py:161} INFO - Started process (PID=654) to work on /home/airflow/.local/lib/python3.11/site-packages/airflow/example_dags/tutorial.py
[2024-07-14T16:39:12.766+0000] {processor.py:830} INFO - Processing file /home/airflow/.local/lib/python3.11/site-packages/airflow/example_dags/tutorial.py for tasks to queue
[2024-07-14T16:39:12.770+0000] {logging_mixin.py:188} INFO - [2024-07-14T16:39:12.769+0000] {dagbag.py:545} INFO - Filling up the DagBag from /home/airflow/.local/lib/python3.11/site-packages/airflow/example_dags/tutorial.py
[2024-07-14T16:39:12.783+0000] {processor.py:840} INFO - DAG(s) 'tutorial' retrieved from /home/airflow/.local/lib/python3.11/site-packages/airflow/example_dags/tutorial.py
[2024-07-14T16:39:12.816+0000] {logging_mixin.py:188} INFO - [2024-07-14T16:39:12.816+0000] {dag.py:3096} INFO - Sync 1 DAGs
[2024-07-14T16:39:12.856+0000] {logging_mixin.py:188} INFO - [2024-07-14T16:39:12.855+0000] {dag.py:3954} INFO - Setting next_dagrun for tutorial to 2024-07-13 00:00:00+00:00, run_after=2024-07-14 00:00:00+00:00
[2024-07-14T16:39:12.901+0000] {processor.py:183} INFO - Processing /home/airflow/.local/lib/python3.11/site-packages/airflow/example_dags/tutorial.py took 0.149 seconds
[2024-07-14T16:39:17.378+0000] {processor.py:161} INFO - Started process (PID=706) to work on /home/airflow/.local/lib/python3.11/site-packages/airflow/example_dags/tutorial.py
[2024-07-14T16:39:17.380+0000] {processor.py:830} INFO - Processing file /home/airflow/.local/lib/python3.11/site-packages/airflow/example_dags/tutorial.py for tasks to queue
[2024-07-14T16:39:17.382+0000] {logging_mixin.py:188} INFO - [2024-07-14T16:39:17.382+0000] {dagbag.py:545} INFO - Filling up the DagBag from /home/airflow/.local/lib/python3.11/site-packages/airflow/example_dags/tutorial.py
[2024-07-14T16:39:17.392+0000] {processor.py:840} INFO - DAG(s) 'tutorial' retrieved from /home/airflow/.local/lib/python3.11/site-packages/airflow/example_dags/tutorial.py
[2024-07-14T16:39:17.433+0000] {logging_mixin.py:188} INFO - [2024-07-14T16:39:17.432+0000] {dag.py:3096} INFO - Sync 1 DAGs
[2024-07-14T16:39:17.478+0000] {logging_mixin.py:188} INFO - [2024-07-14T16:39:17.478+0000] {dag.py:3954} INFO - Setting next_dagrun for tutorial to 2024-07-13 00:00:00+00:00, run_after=2024-07-14 00:00:00+00:00
[2024-07-14T16:39:17.513+0000] {processor.py:183} INFO - Processing /home/airflow/.local/lib/python3.11/site-packages/airflow/example_dags/tutorial.py took 0.143 seconds
[2024-07-14T16:39:22.446+0000] {processor.py:161} INFO - Started process (PID=760) to work on /home/airflow/.local/lib/python3.11/site-packages/airflow/example_dags/tutorial.py
[2024-07-14T16:39:22.447+0000] {processor.py:830} INFO - Processing file /home/airflow/.local/lib/python3.11/site-packages/airflow/example_dags/tutorial.py for tasks to queue
[2024-07-14T16:39:22.450+0000] {logging_mixin.py:188} INFO - [2024-07-14T16:39:22.449+0000] {dagbag.py:545} INFO - Filling up the DagBag from /home/airflow/.local/lib/python3.11/site-packages/airflow/example_dags/tutorial.py
[2024-07-14T16:39:22.458+0000] {processor.py:840} INFO - DAG(s) 'tutorial' retrieved from /home/airflow/.local/lib/python3.11/site-packages/airflow/example_dags/tutorial.py
[2024-07-14T16:39:22.490+0000] {logging_mixin.py:188} INFO - [2024-07-14T16:39:22.489+0000] {dag.py:3096} INFO - Sync 1 DAGs
[2024-07-14T16:39:22.518+0000] {logging_mixin.py:188} INFO - [2024-07-14T16:39:22.518+0000] {dag.py:3954} INFO - Setting next_dagrun for tutorial to 2024-07-13 00:00:00+00:00, run_after=2024-07-14 00:00:00+00:00
[2024-07-14T16:39:22.550+0000] {processor.py:183} INFO - Processing /home/airflow/.local/lib/python3.11/site-packages/airflow/example_dags/tutorial.py took 0.112 seconds
[2024-07-14T16:39:27.375+0000] {processor.py:161} INFO - Started process (PID=812) to work on /home/airflow/.local/lib/python3.11/site-packages/airflow/example_dags/tutorial.py
[2024-07-14T16:39:27.376+0000] {processor.py:830} INFO - Processing file /home/airflow/.local/lib/python3.11/site-packages/airflow/example_dags/tutorial.py for tasks to queue
[2024-07-14T16:39:27.379+0000] {logging_mixin.py:188} INFO - [2024-07-14T16:39:27.378+0000] {dagbag.py:545} INFO - Filling up the DagBag from /home/airflow/.local/lib/python3.11/site-packages/airflow/example_dags/tutorial.py
[2024-07-14T16:39:27.388+0000] {processor.py:840} INFO - DAG(s) 'tutorial' retrieved from /home/airflow/.local/lib/python3.11/site-packages/airflow/example_dags/tutorial.py
[2024-07-14T16:39:27.419+0000] {logging_mixin.py:188} INFO - [2024-07-14T16:39:27.418+0000] {dag.py:3096} INFO - Sync 1 DAGs
[2024-07-14T16:39:27.452+0000] {logging_mixin.py:188} INFO - [2024-07-14T16:39:27.451+0000] {dag.py:3954} INFO - Setting next_dagrun for tutorial to 2024-07-13 00:00:00+00:00, run_after=2024-07-14 00:00:00+00:00
[2024-07-14T16:39:27.477+0000] {processor.py:183} INFO - Processing /home/airflow/.local/lib/python3.11/site-packages/airflow/example_dags/tutorial.py took 0.111 seconds
[2024-07-14T16:39:34.375+0000] {processor.py:161} INFO - Started process (PID=865) to work on /home/airflow/.local/lib/python3.11/site-packages/airflow/example_dags/tutorial.py
[2024-07-14T16:39:34.376+0000] {processor.py:830} INFO - Processing file /home/airflow/.local/lib/python3.11/site-packages/airflow/example_dags/tutorial.py for tasks to queue
[2024-07-14T16:39:34.382+0000] {logging_mixin.py:188} INFO - [2024-07-14T16:39:34.381+0000] {dagbag.py:545} INFO - Filling up the DagBag from /home/airflow/.local/lib/python3.11/site-packages/airflow/example_dags/tutorial.py
[2024-07-14T16:39:34.395+0000] {processor.py:840} INFO - DAG(s) 'tutorial' retrieved from /home/airflow/.local/lib/python3.11/site-packages/airflow/example_dags/tutorial.py
[2024-07-14T16:39:34.434+0000] {logging_mixin.py:188} INFO - [2024-07-14T16:39:34.434+0000] {dag.py:3096} INFO - Sync 1 DAGs
[2024-07-14T16:39:34.477+0000] {logging_mixin.py:188} INFO - [2024-07-14T16:39:34.476+0000] {dag.py:3954} INFO - Setting next_dagrun for tutorial to 2024-07-13 00:00:00+00:00, run_after=2024-07-14 00:00:00+00:00
[2024-07-14T16:39:34.508+0000] {processor.py:183} INFO - Processing /home/airflow/.local/lib/python3.11/site-packages/airflow/example_dags/tutorial.py took 0.144 seconds
[2024-07-14T16:39:40.044+0000] {processor.py:161} INFO - Started process (PID=926) to work on /home/airflow/.local/lib/python3.11/site-packages/airflow/example_dags/tutorial.py
[2024-07-14T16:39:40.045+0000] {processor.py:830} INFO - Processing file /home/airflow/.local/lib/python3.11/site-packages/airflow/example_dags/tutorial.py for tasks to queue
[2024-07-14T16:39:40.049+0000] {logging_mixin.py:188} INFO - [2024-07-14T16:39:40.048+0000] {dagbag.py:545} INFO - Filling up the DagBag from /home/airflow/.local/lib/python3.11/site-packages/airflow/example_dags/tutorial.py
[2024-07-14T16:39:40.058+0000] {processor.py:840} INFO - DAG(s) 'tutorial' retrieved from /home/airflow/.local/lib/python3.11/site-packages/airflow/example_dags/tutorial.py
[2024-07-14T16:39:40.089+0000] {logging_mixin.py:188} INFO - [2024-07-14T16:39:40.089+0000] {dag.py:3096} INFO - Sync 1 DAGs
[2024-07-14T16:39:40.119+0000] {logging_mixin.py:188} INFO - [2024-07-14T16:39:40.119+0000] {dag.py:3954} INFO - Setting next_dagrun for tutorial to 2024-07-13 00:00:00+00:00, run_after=2024-07-14 00:00:00+00:00
[2024-07-14T16:39:40.144+0000] {processor.py:183} INFO - Processing /home/airflow/.local/lib/python3.11/site-packages/airflow/example_dags/tutorial.py took 0.113 seconds
[2024-07-14T16:39:45.004+0000] {processor.py:161} INFO - Started process (PID=978) to work on /home/airflow/.local/lib/python3.11/site-packages/airflow/example_dags/tutorial.py
[2024-07-14T16:39:45.005+0000] {processor.py:830} INFO - Processing file /home/airflow/.local/lib/python3.11/site-packages/airflow/example_dags/tutorial.py for tasks to queue
[2024-07-14T16:39:45.009+0000] {logging_mixin.py:188} INFO - [2024-07-14T16:39:45.008+0000] {dagbag.py:545} INFO - Filling up the DagBag from /home/airflow/.local/lib/python3.11/site-packages/airflow/example_dags/tutorial.py
[2024-07-14T16:39:45.019+0000] {processor.py:840} INFO - DAG(s) 'tutorial' retrieved from /home/airflow/.local/lib/python3.11/site-packages/airflow/example_dags/tutorial.py
[2024-07-14T16:39:45.057+0000] {logging_mixin.py:188} INFO - [2024-07-14T16:39:45.056+0000] {dag.py:3096} INFO - Sync 1 DAGs
[2024-07-14T16:39:45.106+0000] {logging_mixin.py:188} INFO - [2024-07-14T16:39:45.105+0000] {dag.py:3954} INFO - Setting next_dagrun for tutorial to 2024-07-13 00:00:00+00:00, run_after=2024-07-14 00:00:00+00:00
[2024-07-14T16:39:45.143+0000] {processor.py:183} INFO - Processing /home/airflow/.local/lib/python3.11/site-packages/airflow/example_dags/tutorial.py took 0.151 seconds
[2024-07-14T16:39:50.394+0000] {processor.py:161} INFO - Started process (PID=1031) to work on /home/airflow/.local/lib/python3.11/site-packages/airflow/example_dags/tutorial.py
[2024-07-14T16:39:50.395+0000] {processor.py:830} INFO - Processing file /home/airflow/.local/lib/python3.11/site-packages/airflow/example_dags/tutorial.py for tasks to queue
[2024-07-14T16:39:50.398+0000] {logging_mixin.py:188} INFO - [2024-07-14T16:39:50.397+0000] {dagbag.py:545} INFO - Filling up the DagBag from /home/airflow/.local/lib/python3.11/site-packages/airflow/example_dags/tutorial.py
[2024-07-14T16:39:50.405+0000] {processor.py:840} INFO - DAG(s) 'tutorial' retrieved from /home/airflow/.local/lib/python3.11/site-packages/airflow/example_dags/tutorial.py
[2024-07-14T16:39:50.430+0000] {logging_mixin.py:188} INFO - [2024-07-14T16:39:50.430+0000] {dag.py:3096} INFO - Sync 1 DAGs
[2024-07-14T16:39:50.460+0000] {logging_mixin.py:188} INFO - [2024-07-14T16:39:50.460+0000] {dag.py:3954} INFO - Setting next_dagrun for tutorial to 2024-07-13 00:00:00+00:00, run_after=2024-07-14 00:00:00+00:00
[2024-07-14T16:39:50.487+0000] {processor.py:183} INFO - Processing /home/airflow/.local/lib/python3.11/site-packages/airflow/example_dags/tutorial.py took 0.101 seconds
[2024-07-14T16:39:55.095+0000] {processor.py:161} INFO - Started process (PID=1083) to work on /home/airflow/.local/lib/python3.11/site-packages/airflow/example_dags/tutorial.py
[2024-07-14T16:39:55.097+0000] {processor.py:830} INFO - Processing file /home/airflow/.local/lib/python3.11/site-packages/airflow/example_dags/tutorial.py for tasks to queue
[2024-07-14T16:39:55.099+0000] {logging_mixin.py:188} INFO - [2024-07-14T16:39:55.099+0000] {dagbag.py:545} INFO - Filling up the DagBag from /home/airflow/.local/lib/python3.11/site-packages/airflow/example_dags/tutorial.py
[2024-07-14T16:39:55.108+0000] {processor.py:840} INFO - DAG(s) 'tutorial' retrieved from /home/airflow/.local/lib/python3.11/site-packages/airflow/example_dags/tutorial.py
[2024-07-14T16:39:55.133+0000] {logging_mixin.py:188} INFO - [2024-07-14T16:39:55.133+0000] {dag.py:3096} INFO - Sync 1 DAGs
[2024-07-14T16:39:55.160+0000] {logging_mixin.py:188} INFO - [2024-07-14T16:39:55.159+0000] {dag.py:3954} INFO - Setting next_dagrun for tutorial to 2024-07-13 00:00:00+00:00, run_after=2024-07-14 00:00:00+00:00
[2024-07-14T16:39:55.183+0000] {processor.py:183} INFO - Processing /home/airflow/.local/lib/python3.11/site-packages/airflow/example_dags/tutorial.py took 0.098 seconds
[2024-07-14T16:40:00.287+0000] {processor.py:161} INFO - Started process (PID=1136) to work on /home/airflow/.local/lib/python3.11/site-packages/airflow/example_dags/tutorial.py
[2024-07-14T16:40:00.289+0000] {processor.py:830} INFO - Processing file /home/airflow/.local/lib/python3.11/site-packages/airflow/example_dags/tutorial.py for tasks to queue
[2024-07-14T16:40:00.292+0000] {logging_mixin.py:188} INFO - [2024-07-14T16:40:00.291+0000] {dagbag.py:545} INFO - Filling up the DagBag from /home/airflow/.local/lib/python3.11/site-packages/airflow/example_dags/tutorial.py
[2024-07-14T16:40:00.299+0000] {processor.py:840} INFO - DAG(s) 'tutorial' retrieved from /home/airflow/.local/lib/python3.11/site-packages/airflow/example_dags/tutorial.py
[2024-07-14T16:40:00.327+0000] {logging_mixin.py:188} INFO - [2024-07-14T16:40:00.327+0000] {dag.py:3096} INFO - Sync 1 DAGs
[2024-07-14T16:40:00.357+0000] {logging_mixin.py:188} INFO - [2024-07-14T16:40:00.357+0000] {dag.py:3954} INFO - Setting next_dagrun for tutorial to 2024-07-13 00:00:00+00:00, run_after=2024-07-14 00:00:00+00:00
[2024-07-14T16:40:00.380+0000] {processor.py:183} INFO - Processing /home/airflow/.local/lib/python3.11/site-packages/airflow/example_dags/tutorial.py took 0.100 seconds
[2024-07-14T16:40:05.437+0000] {processor.py:161} INFO - Started process (PID=1190) to work on /home/airflow/.local/lib/python3.11/site-packages/airflow/example_dags/tutorial.py
[2024-07-14T16:40:05.439+0000] {processor.py:830} INFO - Processing file /home/airflow/.local/lib/python3.11/site-packages/airflow/example_dags/tutorial.py for tasks to queue
[2024-07-14T16:40:05.443+0000] {logging_mixin.py:188} INFO - [2024-07-14T16:40:05.443+0000] {dagbag.py:545} INFO - Filling up the DagBag from /home/airflow/.local/lib/python3.11/site-packages/airflow/example_dags/tutorial.py
[2024-07-14T16:40:05.455+0000] {processor.py:840} INFO - DAG(s) 'tutorial' retrieved from /home/airflow/.local/lib/python3.11/site-packages/airflow/example_dags/tutorial.py
[2024-07-14T16:40:05.495+0000] {logging_mixin.py:188} INFO - [2024-07-14T16:40:05.495+0000] {dag.py:3096} INFO - Sync 1 DAGs
[2024-07-14T16:40:05.538+0000] {logging_mixin.py:188} INFO - [2024-07-14T16:40:05.538+0000] {dag.py:3954} INFO - Setting next_dagrun for tutorial to 2024-07-13 00:00:00+00:00, run_after=2024-07-14 00:00:00+00:00
[2024-07-14T16:40:05.579+0000] {processor.py:183} INFO - Processing /home/airflow/.local/lib/python3.11/site-packages/airflow/example_dags/tutorial.py took 0.153 seconds
[2024-07-14T16:40:13.534+0000] {processor.py:161} INFO - Started process (PID=1248) to work on /home/airflow/.local/lib/python3.11/site-packages/airflow/example_dags/tutorial.py
[2024-07-14T16:40:13.551+0000] {processor.py:830} INFO - Processing file /home/airflow/.local/lib/python3.11/site-packages/airflow/example_dags/tutorial.py for tasks to queue
[2024-07-14T16:40:13.555+0000] {logging_mixin.py:188} INFO - [2024-07-14T16:40:13.554+0000] {dagbag.py:545} INFO - Filling up the DagBag from /home/airflow/.local/lib/python3.11/site-packages/airflow/example_dags/tutorial.py
[2024-07-14T16:40:13.601+0000] {processor.py:840} INFO - DAG(s) 'tutorial' retrieved from /home/airflow/.local/lib/python3.11/site-packages/airflow/example_dags/tutorial.py
[2024-07-14T16:40:13.670+0000] {logging_mixin.py:188} INFO - [2024-07-14T16:40:13.670+0000] {dag.py:3096} INFO - Sync 1 DAGs
[2024-07-14T16:40:13.739+0000] {logging_mixin.py:188} INFO - [2024-07-14T16:40:13.738+0000] {dag.py:3954} INFO - Setting next_dagrun for tutorial to 2024-07-13 00:00:00+00:00, run_after=2024-07-14 00:00:00+00:00
[2024-07-14T16:40:13.802+0000] {processor.py:183} INFO - Processing /home/airflow/.local/lib/python3.11/site-packages/airflow/example_dags/tutorial.py took 0.286 seconds
[2024-07-14T16:40:20.815+0000] {processor.py:161} INFO - Started process (PID=1302) to work on /home/airflow/.local/lib/python3.11/site-packages/airflow/example_dags/tutorial.py
[2024-07-14T16:40:20.816+0000] {processor.py:830} INFO - Processing file /home/airflow/.local/lib/python3.11/site-packages/airflow/example_dags/tutorial.py for tasks to queue
[2024-07-14T16:40:20.819+0000] {logging_mixin.py:188} INFO - [2024-07-14T16:40:20.819+0000] {dagbag.py:545} INFO - Filling up the DagBag from /home/airflow/.local/lib/python3.11/site-packages/airflow/example_dags/tutorial.py
[2024-07-14T16:40:20.830+0000] {processor.py:840} INFO - DAG(s) 'tutorial' retrieved from /home/airflow/.local/lib/python3.11/site-packages/airflow/example_dags/tutorial.py
[2024-07-14T16:40:20.866+0000] {logging_mixin.py:188} INFO - [2024-07-14T16:40:20.865+0000] {dag.py:3096} INFO - Sync 1 DAGs
[2024-07-14T16:40:20.901+0000] {logging_mixin.py:188} INFO - [2024-07-14T16:40:20.900+0000] {dag.py:3954} INFO - Setting next_dagrun for tutorial to 2024-07-13 00:00:00+00:00, run_after=2024-07-14 00:00:00+00:00
[2024-07-14T16:40:20.932+0000] {processor.py:183} INFO - Processing /home/airflow/.local/lib/python3.11/site-packages/airflow/example_dags/tutorial.py took 0.126 seconds
[2024-07-14T16:40:25.990+0000] {processor.py:161} INFO - Started process (PID=1354) to work on /home/airflow/.local/lib/python3.11/site-packages/airflow/example_dags/tutorial.py
[2024-07-14T16:40:25.992+0000] {processor.py:830} INFO - Processing file /home/airflow/.local/lib/python3.11/site-packages/airflow/example_dags/tutorial.py for tasks to queue
[2024-07-14T16:40:25.995+0000] {logging_mixin.py:188} INFO - [2024-07-14T16:40:25.994+0000] {dagbag.py:545} INFO - Filling up the DagBag from /home/airflow/.local/lib/python3.11/site-packages/airflow/example_dags/tutorial.py
[2024-07-14T16:40:26.006+0000] {processor.py:840} INFO - DAG(s) 'tutorial' retrieved from /home/airflow/.local/lib/python3.11/site-packages/airflow/example_dags/tutorial.py
[2024-07-14T16:40:26.038+0000] {logging_mixin.py:188} INFO - [2024-07-14T16:40:26.037+0000] {dag.py:3096} INFO - Sync 1 DAGs
[2024-07-14T16:40:26.069+0000] {logging_mixin.py:188} INFO - [2024-07-14T16:40:26.068+0000] {dag.py:3954} INFO - Setting next_dagrun for tutorial to 2024-07-13 00:00:00+00:00, run_after=2024-07-14 00:00:00+00:00
[2024-07-14T16:40:26.097+0000] {processor.py:183} INFO - Processing /home/airflow/.local/lib/python3.11/site-packages/airflow/example_dags/tutorial.py took 0.118 seconds
[2024-07-14T16:40:31.484+0000] {processor.py:161} INFO - Started process (PID=1408) to work on /home/airflow/.local/lib/python3.11/site-packages/airflow/example_dags/tutorial.py
[2024-07-14T16:40:31.486+0000] {processor.py:830} INFO - Processing file /home/airflow/.local/lib/python3.11/site-packages/airflow/example_dags/tutorial.py for tasks to queue
[2024-07-14T16:40:31.489+0000] {logging_mixin.py:188} INFO - [2024-07-14T16:40:31.488+0000] {dagbag.py:545} INFO - Filling up the DagBag from /home/airflow/.local/lib/python3.11/site-packages/airflow/example_dags/tutorial.py
[2024-07-14T16:40:31.500+0000] {processor.py:840} INFO - DAG(s) 'tutorial' retrieved from /home/airflow/.local/lib/python3.11/site-packages/airflow/example_dags/tutorial.py
[2024-07-14T16:40:31.558+0000] {logging_mixin.py:188} INFO - [2024-07-14T16:40:31.558+0000] {dag.py:3096} INFO - Sync 1 DAGs
[2024-07-14T16:40:31.615+0000] {logging_mixin.py:188} INFO - [2024-07-14T16:40:31.614+0000] {dag.py:3954} INFO - Setting next_dagrun for tutorial to 2024-07-13 00:00:00+00:00, run_after=2024-07-14 00:00:00+00:00
[2024-07-14T16:40:31.653+0000] {processor.py:183} INFO - Processing /home/airflow/.local/lib/python3.11/site-packages/airflow/example_dags/tutorial.py took 0.179 seconds
[2024-07-14T16:40:37.550+0000] {processor.py:161} INFO - Started process (PID=1466) to work on /home/airflow/.local/lib/python3.11/site-packages/airflow/example_dags/tutorial.py
[2024-07-14T16:40:37.551+0000] {processor.py:830} INFO - Processing file /home/airflow/.local/lib/python3.11/site-packages/airflow/example_dags/tutorial.py for tasks to queue
[2024-07-14T16:40:37.554+0000] {logging_mixin.py:188} INFO - [2024-07-14T16:40:37.554+0000] {dagbag.py:545} INFO - Filling up the DagBag from /home/airflow/.local/lib/python3.11/site-packages/airflow/example_dags/tutorial.py
[2024-07-14T16:40:37.566+0000] {processor.py:840} INFO - DAG(s) 'tutorial' retrieved from /home/airflow/.local/lib/python3.11/site-packages/airflow/example_dags/tutorial.py
[2024-07-14T16:40:37.599+0000] {logging_mixin.py:188} INFO - [2024-07-14T16:40:37.598+0000] {dag.py:3096} INFO - Sync 1 DAGs
[2024-07-14T16:40:37.638+0000] {logging_mixin.py:188} INFO - [2024-07-14T16:40:37.638+0000] {dag.py:3954} INFO - Setting next_dagrun for tutorial to 2024-07-13 00:00:00+00:00, run_after=2024-07-14 00:00:00+00:00
[2024-07-14T16:40:37.668+0000] {processor.py:183} INFO - Processing /home/airflow/.local/lib/python3.11/site-packages/airflow/example_dags/tutorial.py took 0.130 seconds
[2024-07-14T16:40:43.372+0000] {processor.py:161} INFO - Started process (PID=1520) to work on /home/airflow/.local/lib/python3.11/site-packages/airflow/example_dags/tutorial.py
[2024-07-14T16:40:43.374+0000] {processor.py:830} INFO - Processing file /home/airflow/.local/lib/python3.11/site-packages/airflow/example_dags/tutorial.py for tasks to queue
[2024-07-14T16:40:43.376+0000] {logging_mixin.py:188} INFO - [2024-07-14T16:40:43.376+0000] {dagbag.py:545} INFO - Filling up the DagBag from /home/airflow/.local/lib/python3.11/site-packages/airflow/example_dags/tutorial.py
[2024-07-14T16:40:43.384+0000] {processor.py:840} INFO - DAG(s) 'tutorial' retrieved from /home/airflow/.local/lib/python3.11/site-packages/airflow/example_dags/tutorial.py
[2024-07-14T16:40:43.414+0000] {logging_mixin.py:188} INFO - [2024-07-14T16:40:43.414+0000] {dag.py:3096} INFO - Sync 1 DAGs
[2024-07-14T16:40:43.447+0000] {logging_mixin.py:188} INFO - [2024-07-14T16:40:43.446+0000] {dag.py:3954} INFO - Setting next_dagrun for tutorial to 2024-07-13 00:00:00+00:00, run_after=2024-07-14 00:00:00+00:00
[2024-07-14T16:40:43.478+0000] {processor.py:183} INFO - Processing /home/airflow/.local/lib/python3.11/site-packages/airflow/example_dags/tutorial.py took 0.113 seconds
[2024-07-14T16:40:49.860+0000] {processor.py:161} INFO - Started process (PID=1572) to work on /home/airflow/.local/lib/python3.11/site-packages/airflow/example_dags/tutorial.py
[2024-07-14T16:40:49.861+0000] {processor.py:830} INFO - Processing file /home/airflow/.local/lib/python3.11/site-packages/airflow/example_dags/tutorial.py for tasks to queue
[2024-07-14T16:40:49.865+0000] {logging_mixin.py:188} INFO - [2024-07-14T16:40:49.864+0000] {dagbag.py:545} INFO - Filling up the DagBag from /home/airflow/.local/lib/python3.11/site-packages/airflow/example_dags/tutorial.py
[2024-07-14T16:40:49.876+0000] {processor.py:840} INFO - DAG(s) 'tutorial' retrieved from /home/airflow/.local/lib/python3.11/site-packages/airflow/example_dags/tutorial.py
[2024-07-14T16:40:49.915+0000] {logging_mixin.py:188} INFO - [2024-07-14T16:40:49.914+0000] {dag.py:3096} INFO - Sync 1 DAGs
[2024-07-14T16:40:49.962+0000] {logging_mixin.py:188} INFO - [2024-07-14T16:40:49.961+0000] {dag.py:3954} INFO - Setting next_dagrun for tutorial to 2024-07-13 00:00:00+00:00, run_after=2024-07-14 00:00:00+00:00
[2024-07-14T16:40:50.003+0000] {processor.py:183} INFO - Processing /home/airflow/.local/lib/python3.11/site-packages/airflow/example_dags/tutorial.py took 0.156 seconds
[2024-07-14T16:40:59.910+0000] {processor.py:161} INFO - Started process (PID=1625) to work on /home/airflow/.local/lib/python3.11/site-packages/airflow/example_dags/tutorial.py
[2024-07-14T16:40:59.913+0000] {processor.py:830} INFO - Processing file /home/airflow/.local/lib/python3.11/site-packages/airflow/example_dags/tutorial.py for tasks to queue
[2024-07-14T16:40:59.920+0000] {logging_mixin.py:188} INFO - [2024-07-14T16:40:59.919+0000] {dagbag.py:545} INFO - Filling up the DagBag from /home/airflow/.local/lib/python3.11/site-packages/airflow/example_dags/tutorial.py
[2024-07-14T16:40:59.941+0000] {processor.py:840} INFO - DAG(s) 'tutorial' retrieved from /home/airflow/.local/lib/python3.11/site-packages/airflow/example_dags/tutorial.py
[2024-07-14T16:41:00.010+0000] {logging_mixin.py:188} INFO - [2024-07-14T16:41:00.009+0000] {dag.py:3096} INFO - Sync 1 DAGs
[2024-07-14T16:41:00.100+0000] {logging_mixin.py:188} INFO - [2024-07-14T16:41:00.100+0000] {dag.py:3954} INFO - Setting next_dagrun for tutorial to 2024-07-13 00:00:00+00:00, run_after=2024-07-14 00:00:00+00:00
[2024-07-14T16:41:00.148+0000] {processor.py:183} INFO - Processing /home/airflow/.local/lib/python3.11/site-packages/airflow/example_dags/tutorial.py took 0.261 seconds
[2024-07-14T16:41:07.184+0000] {processor.py:161} INFO - Started process (PID=1683) to work on /home/airflow/.local/lib/python3.11/site-packages/airflow/example_dags/tutorial.py
[2024-07-14T16:41:07.186+0000] {processor.py:830} INFO - Processing file /home/airflow/.local/lib/python3.11/site-packages/airflow/example_dags/tutorial.py for tasks to queue
[2024-07-14T16:41:07.189+0000] {logging_mixin.py:188} INFO - [2024-07-14T16:41:07.189+0000] {dagbag.py:545} INFO - Filling up the DagBag from /home/airflow/.local/lib/python3.11/site-packages/airflow/example_dags/tutorial.py
[2024-07-14T16:41:07.200+0000] {processor.py:840} INFO - DAG(s) 'tutorial' retrieved from /home/airflow/.local/lib/python3.11/site-packages/airflow/example_dags/tutorial.py
[2024-07-14T16:41:07.235+0000] {logging_mixin.py:188} INFO - [2024-07-14T16:41:07.235+0000] {dag.py:3096} INFO - Sync 1 DAGs
[2024-07-14T16:41:07.273+0000] {logging_mixin.py:188} INFO - [2024-07-14T16:41:07.272+0000] {dag.py:3954} INFO - Setting next_dagrun for tutorial to 2024-07-13 00:00:00+00:00, run_after=2024-07-14 00:00:00+00:00
[2024-07-14T16:41:07.307+0000] {processor.py:183} INFO - Processing /home/airflow/.local/lib/python3.11/site-packages/airflow/example_dags/tutorial.py took 0.134 seconds
[2024-07-14T16:41:13.477+0000] {processor.py:161} INFO - Started process (PID=1737) to work on /home/airflow/.local/lib/python3.11/site-packages/airflow/example_dags/tutorial.py
[2024-07-14T16:41:13.479+0000] {processor.py:830} INFO - Processing file /home/airflow/.local/lib/python3.11/site-packages/airflow/example_dags/tutorial.py for tasks to queue
[2024-07-14T16:41:13.493+0000] {logging_mixin.py:188} INFO - [2024-07-14T16:41:13.492+0000] {dagbag.py:545} INFO - Filling up the DagBag from /home/airflow/.local/lib/python3.11/site-packages/airflow/example_dags/tutorial.py
[2024-07-14T16:41:13.510+0000] {processor.py:840} INFO - DAG(s) 'tutorial' retrieved from /home/airflow/.local/lib/python3.11/site-packages/airflow/example_dags/tutorial.py
[2024-07-14T16:41:13.558+0000] {logging_mixin.py:188} INFO - [2024-07-14T16:41:13.558+0000] {dag.py:3096} INFO - Sync 1 DAGs
[2024-07-14T16:41:13.617+0000] {logging_mixin.py:188} INFO - [2024-07-14T16:41:13.616+0000] {dag.py:3954} INFO - Setting next_dagrun for tutorial to 2024-07-13 00:00:00+00:00, run_after=2024-07-14 00:00:00+00:00
[2024-07-14T16:41:13.666+0000] {processor.py:183} INFO - Processing /home/airflow/.local/lib/python3.11/site-packages/airflow/example_dags/tutorial.py took 0.225 seconds
[2024-07-14T16:41:20.674+0000] {processor.py:161} INFO - Started process (PID=1789) to work on /home/airflow/.local/lib/python3.11/site-packages/airflow/example_dags/tutorial.py
[2024-07-14T16:41:20.675+0000] {processor.py:830} INFO - Processing file /home/airflow/.local/lib/python3.11/site-packages/airflow/example_dags/tutorial.py for tasks to queue
[2024-07-14T16:41:20.678+0000] {logging_mixin.py:188} INFO - [2024-07-14T16:41:20.678+0000] {dagbag.py:545} INFO - Filling up the DagBag from /home/airflow/.local/lib/python3.11/site-packages/airflow/example_dags/tutorial.py
[2024-07-14T16:41:20.688+0000] {processor.py:840} INFO - DAG(s) 'tutorial' retrieved from /home/airflow/.local/lib/python3.11/site-packages/airflow/example_dags/tutorial.py
[2024-07-14T16:41:20.718+0000] {logging_mixin.py:188} INFO - [2024-07-14T16:41:20.718+0000] {dag.py:3096} INFO - Sync 1 DAGs
[2024-07-14T16:41:20.755+0000] {logging_mixin.py:188} INFO - [2024-07-14T16:41:20.755+0000] {dag.py:3954} INFO - Setting next_dagrun for tutorial to 2024-07-13 00:00:00+00:00, run_after=2024-07-14 00:00:00+00:00
[2024-07-14T16:41:20.788+0000] {processor.py:183} INFO - Processing /home/airflow/.local/lib/python3.11/site-packages/airflow/example_dags/tutorial.py took 0.125 seconds
[2024-07-14T16:41:30.787+0000] {processor.py:161} INFO - Started process (PID=1843) to work on /home/airflow/.local/lib/python3.11/site-packages/airflow/example_dags/tutorial.py
[2024-07-14T16:41:30.795+0000] {processor.py:830} INFO - Processing file /home/airflow/.local/lib/python3.11/site-packages/airflow/example_dags/tutorial.py for tasks to queue
[2024-07-14T16:41:30.800+0000] {logging_mixin.py:188} INFO - [2024-07-14T16:41:30.799+0000] {dagbag.py:545} INFO - Filling up the DagBag from /home/airflow/.local/lib/python3.11/site-packages/airflow/example_dags/tutorial.py
[2024-07-14T16:41:30.822+0000] {processor.py:840} INFO - DAG(s) 'tutorial' retrieved from /home/airflow/.local/lib/python3.11/site-packages/airflow/example_dags/tutorial.py
[2024-07-14T16:41:30.862+0000] {logging_mixin.py:188} INFO - [2024-07-14T16:41:30.861+0000] {dag.py:3096} INFO - Sync 1 DAGs
[2024-07-14T16:41:30.905+0000] {logging_mixin.py:188} INFO - [2024-07-14T16:41:30.905+0000] {dag.py:3954} INFO - Setting next_dagrun for tutorial to 2024-07-13 00:00:00+00:00, run_after=2024-07-14 00:00:00+00:00
[2024-07-14T16:41:30.942+0000] {processor.py:183} INFO - Processing /home/airflow/.local/lib/python3.11/site-packages/airflow/example_dags/tutorial.py took 0.176 seconds
[2024-07-14T16:41:37.945+0000] {processor.py:161} INFO - Started process (PID=1901) to work on /home/airflow/.local/lib/python3.11/site-packages/airflow/example_dags/tutorial.py
[2024-07-14T16:41:37.947+0000] {processor.py:830} INFO - Processing file /home/airflow/.local/lib/python3.11/site-packages/airflow/example_dags/tutorial.py for tasks to queue
[2024-07-14T16:41:37.951+0000] {logging_mixin.py:188} INFO - [2024-07-14T16:41:37.950+0000] {dagbag.py:545} INFO - Filling up the DagBag from /home/airflow/.local/lib/python3.11/site-packages/airflow/example_dags/tutorial.py
[2024-07-14T16:41:37.963+0000] {processor.py:840} INFO - DAG(s) 'tutorial' retrieved from /home/airflow/.local/lib/python3.11/site-packages/airflow/example_dags/tutorial.py
[2024-07-14T16:41:38.033+0000] {logging_mixin.py:188} INFO - [2024-07-14T16:41:38.033+0000] {dag.py:3096} INFO - Sync 1 DAGs
[2024-07-14T16:41:38.127+0000] {logging_mixin.py:188} INFO - [2024-07-14T16:41:38.126+0000] {dag.py:3954} INFO - Setting next_dagrun for tutorial to 2024-07-13 00:00:00+00:00, run_after=2024-07-14 00:00:00+00:00
[2024-07-14T16:41:38.174+0000] {processor.py:183} INFO - Processing /home/airflow/.local/lib/python3.11/site-packages/airflow/example_dags/tutorial.py took 0.242 seconds
[2024-07-14T16:41:44.224+0000] {processor.py:161} INFO - Started process (PID=1954) to work on /home/airflow/.local/lib/python3.11/site-packages/airflow/example_dags/tutorial.py
[2024-07-14T16:41:44.227+0000] {processor.py:830} INFO - Processing file /home/airflow/.local/lib/python3.11/site-packages/airflow/example_dags/tutorial.py for tasks to queue
[2024-07-14T16:41:44.231+0000] {logging_mixin.py:188} INFO - [2024-07-14T16:41:44.230+0000] {dagbag.py:545} INFO - Filling up the DagBag from /home/airflow/.local/lib/python3.11/site-packages/airflow/example_dags/tutorial.py
[2024-07-14T16:41:44.245+0000] {processor.py:840} INFO - DAG(s) 'tutorial' retrieved from /home/airflow/.local/lib/python3.11/site-packages/airflow/example_dags/tutorial.py
[2024-07-14T16:41:44.286+0000] {logging_mixin.py:188} INFO - [2024-07-14T16:41:44.285+0000] {dag.py:3096} INFO - Sync 1 DAGs
[2024-07-14T16:41:44.347+0000] {logging_mixin.py:188} INFO - [2024-07-14T16:41:44.346+0000] {dag.py:3954} INFO - Setting next_dagrun for tutorial to 2024-07-13 00:00:00+00:00, run_after=2024-07-14 00:00:00+00:00
[2024-07-14T16:41:44.385+0000] {processor.py:183} INFO - Processing /home/airflow/.local/lib/python3.11/site-packages/airflow/example_dags/tutorial.py took 0.176 seconds
[2024-07-14T16:41:50.234+0000] {processor.py:161} INFO - Started process (PID=2006) to work on /home/airflow/.local/lib/python3.11/site-packages/airflow/example_dags/tutorial.py
[2024-07-14T16:41:50.238+0000] {processor.py:830} INFO - Processing file /home/airflow/.local/lib/python3.11/site-packages/airflow/example_dags/tutorial.py for tasks to queue
[2024-07-14T16:41:50.247+0000] {logging_mixin.py:188} INFO - [2024-07-14T16:41:50.244+0000] {dagbag.py:545} INFO - Filling up the DagBag from /home/airflow/.local/lib/python3.11/site-packages/airflow/example_dags/tutorial.py
[2024-07-14T16:41:50.274+0000] {processor.py:840} INFO - DAG(s) 'tutorial' retrieved from /home/airflow/.local/lib/python3.11/site-packages/airflow/example_dags/tutorial.py
[2024-07-14T16:41:50.346+0000] {logging_mixin.py:188} INFO - [2024-07-14T16:41:50.346+0000] {dag.py:3096} INFO - Sync 1 DAGs
[2024-07-14T16:41:50.404+0000] {logging_mixin.py:188} INFO - [2024-07-14T16:41:50.403+0000] {dag.py:3954} INFO - Setting next_dagrun for tutorial to 2024-07-13 00:00:00+00:00, run_after=2024-07-14 00:00:00+00:00
[2024-07-14T16:41:50.467+0000] {processor.py:183} INFO - Processing /home/airflow/.local/lib/python3.11/site-packages/airflow/example_dags/tutorial.py took 0.258 seconds
[2024-07-14T16:41:57.153+0000] {processor.py:161} INFO - Started process (PID=2060) to work on /home/airflow/.local/lib/python3.11/site-packages/airflow/example_dags/tutorial.py
[2024-07-14T16:41:57.154+0000] {processor.py:830} INFO - Processing file /home/airflow/.local/lib/python3.11/site-packages/airflow/example_dags/tutorial.py for tasks to queue
[2024-07-14T16:41:57.157+0000] {logging_mixin.py:188} INFO - [2024-07-14T16:41:57.157+0000] {dagbag.py:545} INFO - Filling up the DagBag from /home/airflow/.local/lib/python3.11/site-packages/airflow/example_dags/tutorial.py
[2024-07-14T16:41:57.170+0000] {processor.py:840} INFO - DAG(s) 'tutorial' retrieved from /home/airflow/.local/lib/python3.11/site-packages/airflow/example_dags/tutorial.py
[2024-07-14T16:41:57.207+0000] {logging_mixin.py:188} INFO - [2024-07-14T16:41:57.207+0000] {dag.py:3096} INFO - Sync 1 DAGs
[2024-07-14T16:41:57.245+0000] {logging_mixin.py:188} INFO - [2024-07-14T16:41:57.244+0000] {dag.py:3954} INFO - Setting next_dagrun for tutorial to 2024-07-13 00:00:00+00:00, run_after=2024-07-14 00:00:00+00:00
[2024-07-14T16:41:57.277+0000] {processor.py:183} INFO - Processing /home/airflow/.local/lib/python3.11/site-packages/airflow/example_dags/tutorial.py took 0.135 seconds
[2024-07-14T16:42:04.520+0000] {processor.py:161} INFO - Started process (PID=2112) to work on /home/airflow/.local/lib/python3.11/site-packages/airflow/example_dags/tutorial.py
[2024-07-14T16:42:04.522+0000] {processor.py:830} INFO - Processing file /home/airflow/.local/lib/python3.11/site-packages/airflow/example_dags/tutorial.py for tasks to queue
[2024-07-14T16:42:04.526+0000] {logging_mixin.py:188} INFO - [2024-07-14T16:42:04.525+0000] {dagbag.py:545} INFO - Filling up the DagBag from /home/airflow/.local/lib/python3.11/site-packages/airflow/example_dags/tutorial.py
[2024-07-14T16:42:04.541+0000] {processor.py:840} INFO - DAG(s) 'tutorial' retrieved from /home/airflow/.local/lib/python3.11/site-packages/airflow/example_dags/tutorial.py
[2024-07-14T16:42:04.611+0000] {logging_mixin.py:188} INFO - [2024-07-14T16:42:04.610+0000] {dag.py:3096} INFO - Sync 1 DAGs
[2024-07-14T16:42:04.668+0000] {logging_mixin.py:188} INFO - [2024-07-14T16:42:04.668+0000] {dag.py:3954} INFO - Setting next_dagrun for tutorial to 2024-07-13 00:00:00+00:00, run_after=2024-07-14 00:00:00+00:00
[2024-07-14T16:42:04.712+0000] {processor.py:183} INFO - Processing /home/airflow/.local/lib/python3.11/site-packages/airflow/example_dags/tutorial.py took 0.204 seconds
[2024-07-14T16:42:11.403+0000] {processor.py:161} INFO - Started process (PID=2171) to work on /home/airflow/.local/lib/python3.11/site-packages/airflow/example_dags/tutorial.py
[2024-07-14T16:42:11.405+0000] {processor.py:830} INFO - Processing file /home/airflow/.local/lib/python3.11/site-packages/airflow/example_dags/tutorial.py for tasks to queue
[2024-07-14T16:42:11.408+0000] {logging_mixin.py:188} INFO - [2024-07-14T16:42:11.407+0000] {dagbag.py:545} INFO - Filling up the DagBag from /home/airflow/.local/lib/python3.11/site-packages/airflow/example_dags/tutorial.py
[2024-07-14T16:42:11.416+0000] {processor.py:840} INFO - DAG(s) 'tutorial' retrieved from /home/airflow/.local/lib/python3.11/site-packages/airflow/example_dags/tutorial.py
[2024-07-14T16:42:11.443+0000] {logging_mixin.py:188} INFO - [2024-07-14T16:42:11.442+0000] {dag.py:3096} INFO - Sync 1 DAGs
[2024-07-14T16:42:11.471+0000] {logging_mixin.py:188} INFO - [2024-07-14T16:42:11.471+0000] {dag.py:3954} INFO - Setting next_dagrun for tutorial to 2024-07-13 00:00:00+00:00, run_after=2024-07-14 00:00:00+00:00
[2024-07-14T16:42:11.493+0000] {processor.py:183} INFO - Processing /home/airflow/.local/lib/python3.11/site-packages/airflow/example_dags/tutorial.py took 0.098 seconds
[2024-07-14T16:42:16.555+0000] {processor.py:161} INFO - Started process (PID=2223) to work on /home/airflow/.local/lib/python3.11/site-packages/airflow/example_dags/tutorial.py
[2024-07-14T16:42:16.557+0000] {processor.py:830} INFO - Processing file /home/airflow/.local/lib/python3.11/site-packages/airflow/example_dags/tutorial.py for tasks to queue
[2024-07-14T16:42:16.561+0000] {logging_mixin.py:188} INFO - [2024-07-14T16:42:16.560+0000] {dagbag.py:545} INFO - Filling up the DagBag from /home/airflow/.local/lib/python3.11/site-packages/airflow/example_dags/tutorial.py
[2024-07-14T16:42:16.569+0000] {processor.py:840} INFO - DAG(s) 'tutorial' retrieved from /home/airflow/.local/lib/python3.11/site-packages/airflow/example_dags/tutorial.py
[2024-07-14T16:42:16.606+0000] {logging_mixin.py:188} INFO - [2024-07-14T16:42:16.606+0000] {dag.py:3096} INFO - Sync 1 DAGs
[2024-07-14T16:42:16.644+0000] {logging_mixin.py:188} INFO - [2024-07-14T16:42:16.644+0000] {dag.py:3954} INFO - Setting next_dagrun for tutorial to 2024-07-13 00:00:00+00:00, run_after=2024-07-14 00:00:00+00:00
[2024-07-14T16:42:16.678+0000] {processor.py:183} INFO - Processing /home/airflow/.local/lib/python3.11/site-packages/airflow/example_dags/tutorial.py took 0.133 seconds
[2024-07-14T16:42:21.880+0000] {processor.py:161} INFO - Started process (PID=2277) to work on /home/airflow/.local/lib/python3.11/site-packages/airflow/example_dags/tutorial.py
[2024-07-14T16:42:21.881+0000] {processor.py:830} INFO - Processing file /home/airflow/.local/lib/python3.11/site-packages/airflow/example_dags/tutorial.py for tasks to queue
[2024-07-14T16:42:21.884+0000] {logging_mixin.py:188} INFO - [2024-07-14T16:42:21.884+0000] {dagbag.py:545} INFO - Filling up the DagBag from /home/airflow/.local/lib/python3.11/site-packages/airflow/example_dags/tutorial.py
[2024-07-14T16:42:21.892+0000] {processor.py:840} INFO - DAG(s) 'tutorial' retrieved from /home/airflow/.local/lib/python3.11/site-packages/airflow/example_dags/tutorial.py
[2024-07-14T16:42:21.920+0000] {logging_mixin.py:188} INFO - [2024-07-14T16:42:21.919+0000] {dag.py:3096} INFO - Sync 1 DAGs
[2024-07-14T16:42:21.947+0000] {logging_mixin.py:188} INFO - [2024-07-14T16:42:21.947+0000] {dag.py:3954} INFO - Setting next_dagrun for tutorial to 2024-07-13 00:00:00+00:00, run_after=2024-07-14 00:00:00+00:00
[2024-07-14T16:42:21.973+0000] {processor.py:183} INFO - Processing /home/airflow/.local/lib/python3.11/site-packages/airflow/example_dags/tutorial.py took 0.102 seconds
[2024-07-14T16:42:26.676+0000] {processor.py:161} INFO - Started process (PID=2329) to work on /home/airflow/.local/lib/python3.11/site-packages/airflow/example_dags/tutorial.py
[2024-07-14T16:42:26.678+0000] {processor.py:830} INFO - Processing file /home/airflow/.local/lib/python3.11/site-packages/airflow/example_dags/tutorial.py for tasks to queue
[2024-07-14T16:42:26.681+0000] {logging_mixin.py:188} INFO - [2024-07-14T16:42:26.680+0000] {dagbag.py:545} INFO - Filling up the DagBag from /home/airflow/.local/lib/python3.11/site-packages/airflow/example_dags/tutorial.py
[2024-07-14T16:42:26.689+0000] {processor.py:840} INFO - DAG(s) 'tutorial' retrieved from /home/airflow/.local/lib/python3.11/site-packages/airflow/example_dags/tutorial.py
[2024-07-14T16:42:26.726+0000] {logging_mixin.py:188} INFO - [2024-07-14T16:42:26.725+0000] {dag.py:3096} INFO - Sync 1 DAGs
[2024-07-14T16:42:26.767+0000] {logging_mixin.py:188} INFO - [2024-07-14T16:42:26.767+0000] {dag.py:3954} INFO - Setting next_dagrun for tutorial to 2024-07-13 00:00:00+00:00, run_after=2024-07-14 00:00:00+00:00
[2024-07-14T16:42:26.803+0000] {processor.py:183} INFO - Processing /home/airflow/.local/lib/python3.11/site-packages/airflow/example_dags/tutorial.py took 0.137 seconds
[2024-07-14T16:42:33.688+0000] {processor.py:161} INFO - Started process (PID=2382) to work on /home/airflow/.local/lib/python3.11/site-packages/airflow/example_dags/tutorial.py
[2024-07-14T16:42:33.689+0000] {processor.py:830} INFO - Processing file /home/airflow/.local/lib/python3.11/site-packages/airflow/example_dags/tutorial.py for tasks to queue
[2024-07-14T16:42:33.692+0000] {logging_mixin.py:188} INFO - [2024-07-14T16:42:33.692+0000] {dagbag.py:545} INFO - Filling up the DagBag from /home/airflow/.local/lib/python3.11/site-packages/airflow/example_dags/tutorial.py
[2024-07-14T16:42:33.702+0000] {processor.py:840} INFO - DAG(s) 'tutorial' retrieved from /home/airflow/.local/lib/python3.11/site-packages/airflow/example_dags/tutorial.py
[2024-07-14T16:42:33.732+0000] {logging_mixin.py:188} INFO - [2024-07-14T16:42:33.732+0000] {dag.py:3096} INFO - Sync 1 DAGs
[2024-07-14T16:42:33.766+0000] {logging_mixin.py:188} INFO - [2024-07-14T16:42:33.766+0000] {dag.py:3954} INFO - Setting next_dagrun for tutorial to 2024-07-13 00:00:00+00:00, run_after=2024-07-14 00:00:00+00:00
[2024-07-14T16:42:33.800+0000] {processor.py:183} INFO - Processing /home/airflow/.local/lib/python3.11/site-packages/airflow/example_dags/tutorial.py took 0.121 seconds
[2024-07-14T16:42:40.870+0000] {processor.py:161} INFO - Started process (PID=2440) to work on /home/airflow/.local/lib/python3.11/site-packages/airflow/example_dags/tutorial.py
[2024-07-14T16:42:40.873+0000] {processor.py:830} INFO - Processing file /home/airflow/.local/lib/python3.11/site-packages/airflow/example_dags/tutorial.py for tasks to queue
[2024-07-14T16:42:40.878+0000] {logging_mixin.py:188} INFO - [2024-07-14T16:42:40.877+0000] {dagbag.py:545} INFO - Filling up the DagBag from /home/airflow/.local/lib/python3.11/site-packages/airflow/example_dags/tutorial.py
[2024-07-14T16:42:40.893+0000] {processor.py:840} INFO - DAG(s) 'tutorial' retrieved from /home/airflow/.local/lib/python3.11/site-packages/airflow/example_dags/tutorial.py
[2024-07-14T16:42:40.954+0000] {logging_mixin.py:188} INFO - [2024-07-14T16:42:40.953+0000] {dag.py:3096} INFO - Sync 1 DAGs
[2024-07-14T16:42:41.015+0000] {logging_mixin.py:188} INFO - [2024-07-14T16:42:41.014+0000] {dag.py:3954} INFO - Setting next_dagrun for tutorial to 2024-07-13 00:00:00+00:00, run_after=2024-07-14 00:00:00+00:00
[2024-07-14T16:42:41.077+0000] {processor.py:183} INFO - Processing /home/airflow/.local/lib/python3.11/site-packages/airflow/example_dags/tutorial.py took 0.221 seconds
[2024-07-14T16:42:51.485+0000] {processor.py:161} INFO - Started process (PID=2493) to work on /home/airflow/.local/lib/python3.11/site-packages/airflow/example_dags/tutorial.py
[2024-07-14T16:42:51.487+0000] {processor.py:830} INFO - Processing file /home/airflow/.local/lib/python3.11/site-packages/airflow/example_dags/tutorial.py for tasks to queue
[2024-07-14T16:42:51.491+0000] {logging_mixin.py:188} INFO - [2024-07-14T16:42:51.491+0000] {dagbag.py:545} INFO - Filling up the DagBag from /home/airflow/.local/lib/python3.11/site-packages/airflow/example_dags/tutorial.py
[2024-07-14T16:42:51.500+0000] {processor.py:840} INFO - DAG(s) 'tutorial' retrieved from /home/airflow/.local/lib/python3.11/site-packages/airflow/example_dags/tutorial.py
[2024-07-14T16:42:51.529+0000] {logging_mixin.py:188} INFO - [2024-07-14T16:42:51.528+0000] {dag.py:3096} INFO - Sync 1 DAGs
[2024-07-14T16:42:51.557+0000] {logging_mixin.py:188} INFO - [2024-07-14T16:42:51.557+0000] {dag.py:3954} INFO - Setting next_dagrun for tutorial to 2024-07-13 00:00:00+00:00, run_after=2024-07-14 00:00:00+00:00
[2024-07-14T16:42:51.582+0000] {processor.py:183} INFO - Processing /home/airflow/.local/lib/python3.11/site-packages/airflow/example_dags/tutorial.py took 0.107 seconds
[2024-07-14T16:42:58.404+0000] {processor.py:161} INFO - Started process (PID=2545) to work on /home/airflow/.local/lib/python3.11/site-packages/airflow/example_dags/tutorial.py
[2024-07-14T16:42:58.405+0000] {processor.py:830} INFO - Processing file /home/airflow/.local/lib/python3.11/site-packages/airflow/example_dags/tutorial.py for tasks to queue
[2024-07-14T16:42:58.408+0000] {logging_mixin.py:188} INFO - [2024-07-14T16:42:58.407+0000] {dagbag.py:545} INFO - Filling up the DagBag from /home/airflow/.local/lib/python3.11/site-packages/airflow/example_dags/tutorial.py
[2024-07-14T16:42:58.417+0000] {processor.py:840} INFO - DAG(s) 'tutorial' retrieved from /home/airflow/.local/lib/python3.11/site-packages/airflow/example_dags/tutorial.py
[2024-07-14T16:42:58.449+0000] {logging_mixin.py:188} INFO - [2024-07-14T16:42:58.449+0000] {dag.py:3096} INFO - Sync 1 DAGs
[2024-07-14T16:42:58.490+0000] {logging_mixin.py:188} INFO - [2024-07-14T16:42:58.489+0000] {dag.py:3954} INFO - Setting next_dagrun for tutorial to 2024-07-13 00:00:00+00:00, run_after=2024-07-14 00:00:00+00:00
[2024-07-14T16:42:58.520+0000] {processor.py:183} INFO - Processing /home/airflow/.local/lib/python3.11/site-packages/airflow/example_dags/tutorial.py took 0.126 seconds
[2024-07-14T16:43:04.034+0000] {processor.py:161} INFO - Started process (PID=2598) to work on /home/airflow/.local/lib/python3.11/site-packages/airflow/example_dags/tutorial.py
[2024-07-14T16:43:04.037+0000] {processor.py:830} INFO - Processing file /home/airflow/.local/lib/python3.11/site-packages/airflow/example_dags/tutorial.py for tasks to queue
[2024-07-14T16:43:04.050+0000] {logging_mixin.py:188} INFO - [2024-07-14T16:43:04.050+0000] {dagbag.py:545} INFO - Filling up the DagBag from /home/airflow/.local/lib/python3.11/site-packages/airflow/example_dags/tutorial.py
[2024-07-14T16:43:04.072+0000] {processor.py:840} INFO - DAG(s) 'tutorial' retrieved from /home/airflow/.local/lib/python3.11/site-packages/airflow/example_dags/tutorial.py
[2024-07-14T16:43:04.133+0000] {logging_mixin.py:188} INFO - [2024-07-14T16:43:04.132+0000] {dag.py:3096} INFO - Sync 1 DAGs
[2024-07-14T16:43:04.214+0000] {logging_mixin.py:188} INFO - [2024-07-14T16:43:04.214+0000] {dag.py:3954} INFO - Setting next_dagrun for tutorial to 2024-07-13 00:00:00+00:00, run_after=2024-07-14 00:00:00+00:00
[2024-07-14T16:43:04.272+0000] {processor.py:183} INFO - Processing /home/airflow/.local/lib/python3.11/site-packages/airflow/example_dags/tutorial.py took 0.261 seconds
[2024-07-14T16:43:12.603+0000] {processor.py:161} INFO - Started process (PID=2656) to work on /home/airflow/.local/lib/python3.11/site-packages/airflow/example_dags/tutorial.py
[2024-07-14T16:43:12.606+0000] {processor.py:830} INFO - Processing file /home/airflow/.local/lib/python3.11/site-packages/airflow/example_dags/tutorial.py for tasks to queue
[2024-07-14T16:43:12.610+0000] {logging_mixin.py:188} INFO - [2024-07-14T16:43:12.610+0000] {dagbag.py:545} INFO - Filling up the DagBag from /home/airflow/.local/lib/python3.11/site-packages/airflow/example_dags/tutorial.py
[2024-07-14T16:43:12.626+0000] {processor.py:840} INFO - DAG(s) 'tutorial' retrieved from /home/airflow/.local/lib/python3.11/site-packages/airflow/example_dags/tutorial.py
[2024-07-14T16:43:12.682+0000] {logging_mixin.py:188} INFO - [2024-07-14T16:43:12.682+0000] {dag.py:3096} INFO - Sync 1 DAGs
[2024-07-14T16:43:12.737+0000] {logging_mixin.py:188} INFO - [2024-07-14T16:43:12.737+0000] {dag.py:3954} INFO - Setting next_dagrun for tutorial to 2024-07-13 00:00:00+00:00, run_after=2024-07-14 00:00:00+00:00
[2024-07-14T16:43:12.778+0000] {processor.py:183} INFO - Processing /home/airflow/.local/lib/python3.11/site-packages/airflow/example_dags/tutorial.py took 0.191 seconds
[2024-07-14T16:43:24.363+0000] {processor.py:161} INFO - Started process (PID=2709) to work on /home/airflow/.local/lib/python3.11/site-packages/airflow/example_dags/tutorial.py
[2024-07-14T16:43:24.367+0000] {processor.py:830} INFO - Processing file /home/airflow/.local/lib/python3.11/site-packages/airflow/example_dags/tutorial.py for tasks to queue
[2024-07-14T16:43:24.380+0000] {logging_mixin.py:188} INFO - [2024-07-14T16:43:24.379+0000] {dagbag.py:545} INFO - Filling up the DagBag from /home/airflow/.local/lib/python3.11/site-packages/airflow/example_dags/tutorial.py
[2024-07-14T16:43:24.400+0000] {processor.py:840} INFO - DAG(s) 'tutorial' retrieved from /home/airflow/.local/lib/python3.11/site-packages/airflow/example_dags/tutorial.py
[2024-07-14T16:43:24.483+0000] {logging_mixin.py:188} INFO - [2024-07-14T16:43:24.482+0000] {dag.py:3096} INFO - Sync 1 DAGs
[2024-07-14T16:43:24.558+0000] {logging_mixin.py:188} INFO - [2024-07-14T16:43:24.558+0000] {dag.py:3954} INFO - Setting next_dagrun for tutorial to 2024-07-13 00:00:00+00:00, run_after=2024-07-14 00:00:00+00:00
[2024-07-14T16:43:24.611+0000] {processor.py:183} INFO - Processing /home/airflow/.local/lib/python3.11/site-packages/airflow/example_dags/tutorial.py took 0.268 seconds
[2024-07-14T16:43:35.514+0000] {processor.py:161} INFO - Started process (PID=2761) to work on /home/airflow/.local/lib/python3.11/site-packages/airflow/example_dags/tutorial.py
[2024-07-14T16:43:35.517+0000] {processor.py:830} INFO - Processing file /home/airflow/.local/lib/python3.11/site-packages/airflow/example_dags/tutorial.py for tasks to queue
[2024-07-14T16:43:35.522+0000] {logging_mixin.py:188} INFO - [2024-07-14T16:43:35.521+0000] {dagbag.py:545} INFO - Filling up the DagBag from /home/airflow/.local/lib/python3.11/site-packages/airflow/example_dags/tutorial.py
[2024-07-14T16:43:35.541+0000] {processor.py:840} INFO - DAG(s) 'tutorial' retrieved from /home/airflow/.local/lib/python3.11/site-packages/airflow/example_dags/tutorial.py
[2024-07-14T16:43:35.612+0000] {logging_mixin.py:188} INFO - [2024-07-14T16:43:35.611+0000] {dag.py:3096} INFO - Sync 1 DAGs
[2024-07-14T16:43:35.662+0000] {logging_mixin.py:188} INFO - [2024-07-14T16:43:35.661+0000] {dag.py:3954} INFO - Setting next_dagrun for tutorial to 2024-07-13 00:00:00+00:00, run_after=2024-07-14 00:00:00+00:00
[2024-07-14T16:43:35.700+0000] {processor.py:183} INFO - Processing /home/airflow/.local/lib/python3.11/site-packages/airflow/example_dags/tutorial.py took 0.214 seconds
[2024-07-14T16:43:43.679+0000] {processor.py:161} INFO - Started process (PID=2820) to work on /home/airflow/.local/lib/python3.11/site-packages/airflow/example_dags/tutorial.py
[2024-07-14T16:43:43.681+0000] {processor.py:830} INFO - Processing file /home/airflow/.local/lib/python3.11/site-packages/airflow/example_dags/tutorial.py for tasks to queue
[2024-07-14T16:43:43.684+0000] {logging_mixin.py:188} INFO - [2024-07-14T16:43:43.684+0000] {dagbag.py:545} INFO - Filling up the DagBag from /home/airflow/.local/lib/python3.11/site-packages/airflow/example_dags/tutorial.py
[2024-07-14T16:43:43.700+0000] {processor.py:840} INFO - DAG(s) 'tutorial' retrieved from /home/airflow/.local/lib/python3.11/site-packages/airflow/example_dags/tutorial.py
[2024-07-14T16:43:43.742+0000] {logging_mixin.py:188} INFO - [2024-07-14T16:43:43.742+0000] {dag.py:3096} INFO - Sync 1 DAGs
[2024-07-14T16:43:43.786+0000] {logging_mixin.py:188} INFO - [2024-07-14T16:43:43.785+0000] {dag.py:3954} INFO - Setting next_dagrun for tutorial to 2024-07-13 00:00:00+00:00, run_after=2024-07-14 00:00:00+00:00
[2024-07-14T16:43:43.823+0000] {processor.py:183} INFO - Processing /home/airflow/.local/lib/python3.11/site-packages/airflow/example_dags/tutorial.py took 0.163 seconds
[2024-07-14T16:43:50.617+0000] {processor.py:161} INFO - Started process (PID=2874) to work on /home/airflow/.local/lib/python3.11/site-packages/airflow/example_dags/tutorial.py
[2024-07-14T16:43:50.619+0000] {processor.py:830} INFO - Processing file /home/airflow/.local/lib/python3.11/site-packages/airflow/example_dags/tutorial.py for tasks to queue
[2024-07-14T16:43:50.623+0000] {logging_mixin.py:188} INFO - [2024-07-14T16:43:50.622+0000] {dagbag.py:545} INFO - Filling up the DagBag from /home/airflow/.local/lib/python3.11/site-packages/airflow/example_dags/tutorial.py
[2024-07-14T16:43:50.634+0000] {processor.py:840} INFO - DAG(s) 'tutorial' retrieved from /home/airflow/.local/lib/python3.11/site-packages/airflow/example_dags/tutorial.py
[2024-07-14T16:43:50.673+0000] {logging_mixin.py:188} INFO - [2024-07-14T16:43:50.672+0000] {dag.py:3096} INFO - Sync 1 DAGs
[2024-07-14T16:43:50.720+0000] {logging_mixin.py:188} INFO - [2024-07-14T16:43:50.720+0000] {dag.py:3954} INFO - Setting next_dagrun for tutorial to 2024-07-13 00:00:00+00:00, run_after=2024-07-14 00:00:00+00:00
[2024-07-14T16:43:50.756+0000] {processor.py:183} INFO - Processing /home/airflow/.local/lib/python3.11/site-packages/airflow/example_dags/tutorial.py took 0.153 seconds
[2024-07-14T16:43:57.939+0000] {processor.py:161} INFO - Started process (PID=2926) to work on /home/airflow/.local/lib/python3.11/site-packages/airflow/example_dags/tutorial.py
[2024-07-14T16:43:57.941+0000] {processor.py:830} INFO - Processing file /home/airflow/.local/lib/python3.11/site-packages/airflow/example_dags/tutorial.py for tasks to queue
[2024-07-14T16:43:57.945+0000] {logging_mixin.py:188} INFO - [2024-07-14T16:43:57.944+0000] {dagbag.py:545} INFO - Filling up the DagBag from /home/airflow/.local/lib/python3.11/site-packages/airflow/example_dags/tutorial.py
[2024-07-14T16:43:57.963+0000] {processor.py:840} INFO - DAG(s) 'tutorial' retrieved from /home/airflow/.local/lib/python3.11/site-packages/airflow/example_dags/tutorial.py
[2024-07-14T16:43:58.041+0000] {logging_mixin.py:188} INFO - [2024-07-14T16:43:58.041+0000] {dag.py:3096} INFO - Sync 1 DAGs
[2024-07-14T16:43:58.110+0000] {logging_mixin.py:188} INFO - [2024-07-14T16:43:58.109+0000] {dag.py:3954} INFO - Setting next_dagrun for tutorial to 2024-07-13 00:00:00+00:00, run_after=2024-07-14 00:00:00+00:00
[2024-07-14T16:43:58.165+0000] {processor.py:183} INFO - Processing /home/airflow/.local/lib/python3.11/site-packages/airflow/example_dags/tutorial.py took 0.245 seconds
[2024-07-14T16:44:08.624+0000] {processor.py:161} INFO - Started process (PID=2986) to work on /home/airflow/.local/lib/python3.11/site-packages/airflow/example_dags/tutorial.py
[2024-07-14T16:44:08.626+0000] {processor.py:830} INFO - Processing file /home/airflow/.local/lib/python3.11/site-packages/airflow/example_dags/tutorial.py for tasks to queue
[2024-07-14T16:44:08.629+0000] {logging_mixin.py:188} INFO - [2024-07-14T16:44:08.629+0000] {dagbag.py:545} INFO - Filling up the DagBag from /home/airflow/.local/lib/python3.11/site-packages/airflow/example_dags/tutorial.py
[2024-07-14T16:44:08.641+0000] {processor.py:840} INFO - DAG(s) 'tutorial' retrieved from /home/airflow/.local/lib/python3.11/site-packages/airflow/example_dags/tutorial.py
[2024-07-14T16:44:08.672+0000] {logging_mixin.py:188} INFO - [2024-07-14T16:44:08.672+0000] {dag.py:3096} INFO - Sync 1 DAGs
[2024-07-14T16:44:08.715+0000] {logging_mixin.py:188} INFO - [2024-07-14T16:44:08.715+0000] {dag.py:3954} INFO - Setting next_dagrun for tutorial to 2024-07-13 00:00:00+00:00, run_after=2024-07-14 00:00:00+00:00
[2024-07-14T16:44:08.749+0000] {processor.py:183} INFO - Processing /home/airflow/.local/lib/python3.11/site-packages/airflow/example_dags/tutorial.py took 0.135 seconds
[2024-07-14T16:44:13.634+0000] {processor.py:161} INFO - Started process (PID=3038) to work on /home/airflow/.local/lib/python3.11/site-packages/airflow/example_dags/tutorial.py
[2024-07-14T16:44:13.635+0000] {processor.py:830} INFO - Processing file /home/airflow/.local/lib/python3.11/site-packages/airflow/example_dags/tutorial.py for tasks to queue
[2024-07-14T16:44:13.638+0000] {logging_mixin.py:188} INFO - [2024-07-14T16:44:13.637+0000] {dagbag.py:545} INFO - Filling up the DagBag from /home/airflow/.local/lib/python3.11/site-packages/airflow/example_dags/tutorial.py
[2024-07-14T16:44:13.646+0000] {processor.py:840} INFO - DAG(s) 'tutorial' retrieved from /home/airflow/.local/lib/python3.11/site-packages/airflow/example_dags/tutorial.py
[2024-07-14T16:44:13.677+0000] {logging_mixin.py:188} INFO - [2024-07-14T16:44:13.677+0000] {dag.py:3096} INFO - Sync 1 DAGs
[2024-07-14T16:44:13.708+0000] {logging_mixin.py:188} INFO - [2024-07-14T16:44:13.708+0000] {dag.py:3954} INFO - Setting next_dagrun for tutorial to 2024-07-13 00:00:00+00:00, run_after=2024-07-14 00:00:00+00:00
[2024-07-14T16:44:13.735+0000] {processor.py:183} INFO - Processing /home/airflow/.local/lib/python3.11/site-packages/airflow/example_dags/tutorial.py took 0.110 seconds
[2024-07-14T16:44:19.387+0000] {processor.py:161} INFO - Started process (PID=3091) to work on /home/airflow/.local/lib/python3.11/site-packages/airflow/example_dags/tutorial.py
[2024-07-14T16:44:19.389+0000] {processor.py:830} INFO - Processing file /home/airflow/.local/lib/python3.11/site-packages/airflow/example_dags/tutorial.py for tasks to queue
[2024-07-14T16:44:19.393+0000] {logging_mixin.py:188} INFO - [2024-07-14T16:44:19.392+0000] {dagbag.py:545} INFO - Filling up the DagBag from /home/airflow/.local/lib/python3.11/site-packages/airflow/example_dags/tutorial.py
[2024-07-14T16:44:19.402+0000] {processor.py:840} INFO - DAG(s) 'tutorial' retrieved from /home/airflow/.local/lib/python3.11/site-packages/airflow/example_dags/tutorial.py
[2024-07-14T16:44:19.435+0000] {logging_mixin.py:188} INFO - [2024-07-14T16:44:19.435+0000] {dag.py:3096} INFO - Sync 1 DAGs
[2024-07-14T16:44:19.469+0000] {logging_mixin.py:188} INFO - [2024-07-14T16:44:19.469+0000] {dag.py:3954} INFO - Setting next_dagrun for tutorial to 2024-07-13 00:00:00+00:00, run_after=2024-07-14 00:00:00+00:00
[2024-07-14T16:44:19.498+0000] {processor.py:183} INFO - Processing /home/airflow/.local/lib/python3.11/site-packages/airflow/example_dags/tutorial.py took 0.120 seconds
[2024-07-14T16:44:24.715+0000] {processor.py:161} INFO - Started process (PID=3143) to work on /home/airflow/.local/lib/python3.11/site-packages/airflow/example_dags/tutorial.py
[2024-07-14T16:44:24.717+0000] {processor.py:830} INFO - Processing file /home/airflow/.local/lib/python3.11/site-packages/airflow/example_dags/tutorial.py for tasks to queue
[2024-07-14T16:44:24.720+0000] {logging_mixin.py:188} INFO - [2024-07-14T16:44:24.719+0000] {dagbag.py:545} INFO - Filling up the DagBag from /home/airflow/.local/lib/python3.11/site-packages/airflow/example_dags/tutorial.py
[2024-07-14T16:44:24.733+0000] {processor.py:840} INFO - DAG(s) 'tutorial' retrieved from /home/airflow/.local/lib/python3.11/site-packages/airflow/example_dags/tutorial.py
[2024-07-14T16:44:24.769+0000] {logging_mixin.py:188} INFO - [2024-07-14T16:44:24.769+0000] {dag.py:3096} INFO - Sync 1 DAGs
[2024-07-14T16:44:24.810+0000] {logging_mixin.py:188} INFO - [2024-07-14T16:44:24.809+0000] {dag.py:3954} INFO - Setting next_dagrun for tutorial to 2024-07-13 00:00:00+00:00, run_after=2024-07-14 00:00:00+00:00
[2024-07-14T16:44:24.841+0000] {processor.py:183} INFO - Processing /home/airflow/.local/lib/python3.11/site-packages/airflow/example_dags/tutorial.py took 0.139 seconds
[2024-07-14T16:44:32.037+0000] {processor.py:161} INFO - Started process (PID=3196) to work on /home/airflow/.local/lib/python3.11/site-packages/airflow/example_dags/tutorial.py
[2024-07-14T16:44:32.040+0000] {processor.py:830} INFO - Processing file /home/airflow/.local/lib/python3.11/site-packages/airflow/example_dags/tutorial.py for tasks to queue
[2024-07-14T16:44:32.044+0000] {logging_mixin.py:188} INFO - [2024-07-14T16:44:32.043+0000] {dagbag.py:545} INFO - Filling up the DagBag from /home/airflow/.local/lib/python3.11/site-packages/airflow/example_dags/tutorial.py
[2024-07-14T16:44:32.054+0000] {processor.py:840} INFO - DAG(s) 'tutorial' retrieved from /home/airflow/.local/lib/python3.11/site-packages/airflow/example_dags/tutorial.py
[2024-07-14T16:44:32.092+0000] {logging_mixin.py:188} INFO - [2024-07-14T16:44:32.091+0000] {dag.py:3096} INFO - Sync 1 DAGs
[2024-07-14T16:44:32.130+0000] {logging_mixin.py:188} INFO - [2024-07-14T16:44:32.130+0000] {dag.py:3954} INFO - Setting next_dagrun for tutorial to 2024-07-13 00:00:00+00:00, run_after=2024-07-14 00:00:00+00:00
[2024-07-14T16:44:32.162+0000] {processor.py:183} INFO - Processing /home/airflow/.local/lib/python3.11/site-packages/airflow/example_dags/tutorial.py took 0.136 seconds
[2024-07-14T16:44:38.254+0000] {processor.py:161} INFO - Started process (PID=3254) to work on /home/airflow/.local/lib/python3.11/site-packages/airflow/example_dags/tutorial.py
[2024-07-14T16:44:38.256+0000] {processor.py:830} INFO - Processing file /home/airflow/.local/lib/python3.11/site-packages/airflow/example_dags/tutorial.py for tasks to queue
[2024-07-14T16:44:38.260+0000] {logging_mixin.py:188} INFO - [2024-07-14T16:44:38.259+0000] {dagbag.py:545} INFO - Filling up the DagBag from /home/airflow/.local/lib/python3.11/site-packages/airflow/example_dags/tutorial.py
[2024-07-14T16:44:38.271+0000] {processor.py:840} INFO - DAG(s) 'tutorial' retrieved from /home/airflow/.local/lib/python3.11/site-packages/airflow/example_dags/tutorial.py
[2024-07-14T16:44:38.314+0000] {logging_mixin.py:188} INFO - [2024-07-14T16:44:38.314+0000] {dag.py:3096} INFO - Sync 1 DAGs
[2024-07-14T16:44:38.351+0000] {logging_mixin.py:188} INFO - [2024-07-14T16:44:38.350+0000] {dag.py:3954} INFO - Setting next_dagrun for tutorial to 2024-07-13 00:00:00+00:00, run_after=2024-07-14 00:00:00+00:00
[2024-07-14T16:44:38.385+0000] {processor.py:183} INFO - Processing /home/airflow/.local/lib/python3.11/site-packages/airflow/example_dags/tutorial.py took 0.143 seconds
[2024-07-14T16:44:45.429+0000] {processor.py:161} INFO - Started process (PID=3307) to work on /home/airflow/.local/lib/python3.11/site-packages/airflow/example_dags/tutorial.py
[2024-07-14T16:44:45.431+0000] {processor.py:830} INFO - Processing file /home/airflow/.local/lib/python3.11/site-packages/airflow/example_dags/tutorial.py for tasks to queue
[2024-07-14T16:44:45.434+0000] {logging_mixin.py:188} INFO - [2024-07-14T16:44:45.434+0000] {dagbag.py:545} INFO - Filling up the DagBag from /home/airflow/.local/lib/python3.11/site-packages/airflow/example_dags/tutorial.py
[2024-07-14T16:44:45.445+0000] {processor.py:840} INFO - DAG(s) 'tutorial' retrieved from /home/airflow/.local/lib/python3.11/site-packages/airflow/example_dags/tutorial.py
[2024-07-14T16:44:45.481+0000] {logging_mixin.py:188} INFO - [2024-07-14T16:44:45.480+0000] {dag.py:3096} INFO - Sync 1 DAGs
[2024-07-14T16:44:45.530+0000] {logging_mixin.py:188} INFO - [2024-07-14T16:44:45.530+0000] {dag.py:3954} INFO - Setting next_dagrun for tutorial to 2024-07-13 00:00:00+00:00, run_after=2024-07-14 00:00:00+00:00
[2024-07-14T16:44:45.562+0000] {processor.py:183} INFO - Processing /home/airflow/.local/lib/python3.11/site-packages/airflow/example_dags/tutorial.py took 0.145 seconds
[2024-07-14T16:44:52.950+0000] {processor.py:161} INFO - Started process (PID=3361) to work on /home/airflow/.local/lib/python3.11/site-packages/airflow/example_dags/tutorial.py
[2024-07-14T16:44:52.952+0000] {processor.py:830} INFO - Processing file /home/airflow/.local/lib/python3.11/site-packages/airflow/example_dags/tutorial.py for tasks to queue
[2024-07-14T16:44:52.955+0000] {logging_mixin.py:188} INFO - [2024-07-14T16:44:52.955+0000] {dagbag.py:545} INFO - Filling up the DagBag from /home/airflow/.local/lib/python3.11/site-packages/airflow/example_dags/tutorial.py
[2024-07-14T16:44:52.967+0000] {processor.py:840} INFO - DAG(s) 'tutorial' retrieved from /home/airflow/.local/lib/python3.11/site-packages/airflow/example_dags/tutorial.py
[2024-07-14T16:44:53.007+0000] {logging_mixin.py:188} INFO - [2024-07-14T16:44:53.007+0000] {dag.py:3096} INFO - Sync 1 DAGs
[2024-07-14T16:44:53.048+0000] {logging_mixin.py:188} INFO - [2024-07-14T16:44:53.048+0000] {dag.py:3954} INFO - Setting next_dagrun for tutorial to 2024-07-13 00:00:00+00:00, run_after=2024-07-14 00:00:00+00:00
[2024-07-14T16:44:53.080+0000] {processor.py:183} INFO - Processing /home/airflow/.local/lib/python3.11/site-packages/airflow/example_dags/tutorial.py took 0.141 seconds
[2024-07-14T16:44:58.508+0000] {processor.py:161} INFO - Started process (PID=3413) to work on /home/airflow/.local/lib/python3.11/site-packages/airflow/example_dags/tutorial.py
[2024-07-14T16:44:58.509+0000] {processor.py:830} INFO - Processing file /home/airflow/.local/lib/python3.11/site-packages/airflow/example_dags/tutorial.py for tasks to queue
[2024-07-14T16:44:58.512+0000] {logging_mixin.py:188} INFO - [2024-07-14T16:44:58.512+0000] {dagbag.py:545} INFO - Filling up the DagBag from /home/airflow/.local/lib/python3.11/site-packages/airflow/example_dags/tutorial.py
[2024-07-14T16:44:58.525+0000] {processor.py:840} INFO - DAG(s) 'tutorial' retrieved from /home/airflow/.local/lib/python3.11/site-packages/airflow/example_dags/tutorial.py
[2024-07-14T16:44:58.563+0000] {logging_mixin.py:188} INFO - [2024-07-14T16:44:58.563+0000] {dag.py:3096} INFO - Sync 1 DAGs
[2024-07-14T16:44:58.595+0000] {logging_mixin.py:188} INFO - [2024-07-14T16:44:58.594+0000] {dag.py:3954} INFO - Setting next_dagrun for tutorial to 2024-07-13 00:00:00+00:00, run_after=2024-07-14 00:00:00+00:00
[2024-07-14T16:44:58.621+0000] {processor.py:183} INFO - Processing /home/airflow/.local/lib/python3.11/site-packages/airflow/example_dags/tutorial.py took 0.124 seconds
[2024-07-14T16:45:05.198+0000] {processor.py:161} INFO - Started process (PID=3466) to work on /home/airflow/.local/lib/python3.11/site-packages/airflow/example_dags/tutorial.py
[2024-07-14T16:45:05.199+0000] {processor.py:830} INFO - Processing file /home/airflow/.local/lib/python3.11/site-packages/airflow/example_dags/tutorial.py for tasks to queue
[2024-07-14T16:45:05.202+0000] {logging_mixin.py:188} INFO - [2024-07-14T16:45:05.202+0000] {dagbag.py:545} INFO - Filling up the DagBag from /home/airflow/.local/lib/python3.11/site-packages/airflow/example_dags/tutorial.py
[2024-07-14T16:45:05.212+0000] {processor.py:840} INFO - DAG(s) 'tutorial' retrieved from /home/airflow/.local/lib/python3.11/site-packages/airflow/example_dags/tutorial.py
[2024-07-14T16:45:05.245+0000] {logging_mixin.py:188} INFO - [2024-07-14T16:45:05.245+0000] {dag.py:3096} INFO - Sync 1 DAGs
[2024-07-14T16:45:05.277+0000] {logging_mixin.py:188} INFO - [2024-07-14T16:45:05.276+0000] {dag.py:3954} INFO - Setting next_dagrun for tutorial to 2024-07-13 00:00:00+00:00, run_after=2024-07-14 00:00:00+00:00
[2024-07-14T16:45:05.303+0000] {processor.py:183} INFO - Processing /home/airflow/.local/lib/python3.11/site-packages/airflow/example_dags/tutorial.py took 0.116 seconds
[2024-07-14T16:45:10.422+0000] {processor.py:161} INFO - Started process (PID=3526) to work on /home/airflow/.local/lib/python3.11/site-packages/airflow/example_dags/tutorial.py
[2024-07-14T16:45:10.423+0000] {processor.py:830} INFO - Processing file /home/airflow/.local/lib/python3.11/site-packages/airflow/example_dags/tutorial.py for tasks to queue
[2024-07-14T16:45:10.426+0000] {logging_mixin.py:188} INFO - [2024-07-14T16:45:10.426+0000] {dagbag.py:545} INFO - Filling up the DagBag from /home/airflow/.local/lib/python3.11/site-packages/airflow/example_dags/tutorial.py
[2024-07-14T16:45:10.436+0000] {processor.py:840} INFO - DAG(s) 'tutorial' retrieved from /home/airflow/.local/lib/python3.11/site-packages/airflow/example_dags/tutorial.py
[2024-07-14T16:45:10.466+0000] {logging_mixin.py:188} INFO - [2024-07-14T16:45:10.465+0000] {dag.py:3096} INFO - Sync 1 DAGs
[2024-07-14T16:45:10.497+0000] {logging_mixin.py:188} INFO - [2024-07-14T16:45:10.497+0000] {dag.py:3954} INFO - Setting next_dagrun for tutorial to 2024-07-13 00:00:00+00:00, run_after=2024-07-14 00:00:00+00:00
[2024-07-14T16:45:10.524+0000] {processor.py:183} INFO - Processing /home/airflow/.local/lib/python3.11/site-packages/airflow/example_dags/tutorial.py took 0.112 seconds
[2024-07-14T16:45:15.948+0000] {processor.py:161} INFO - Started process (PID=3578) to work on /home/airflow/.local/lib/python3.11/site-packages/airflow/example_dags/tutorial.py
[2024-07-14T16:45:15.950+0000] {processor.py:830} INFO - Processing file /home/airflow/.local/lib/python3.11/site-packages/airflow/example_dags/tutorial.py for tasks to queue
[2024-07-14T16:45:15.953+0000] {logging_mixin.py:188} INFO - [2024-07-14T16:45:15.953+0000] {dagbag.py:545} INFO - Filling up the DagBag from /home/airflow/.local/lib/python3.11/site-packages/airflow/example_dags/tutorial.py
[2024-07-14T16:45:15.964+0000] {processor.py:840} INFO - DAG(s) 'tutorial' retrieved from /home/airflow/.local/lib/python3.11/site-packages/airflow/example_dags/tutorial.py
[2024-07-14T16:45:15.997+0000] {logging_mixin.py:188} INFO - [2024-07-14T16:45:15.997+0000] {dag.py:3096} INFO - Sync 1 DAGs
[2024-07-14T16:45:16.034+0000] {logging_mixin.py:188} INFO - [2024-07-14T16:45:16.033+0000] {dag.py:3954} INFO - Setting next_dagrun for tutorial to 2024-07-13 00:00:00+00:00, run_after=2024-07-14 00:00:00+00:00
[2024-07-14T16:45:16.064+0000] {processor.py:183} INFO - Processing /home/airflow/.local/lib/python3.11/site-packages/airflow/example_dags/tutorial.py took 0.126 seconds
[2024-07-14T16:45:24.269+0000] {processor.py:161} INFO - Started process (PID=3631) to work on /home/airflow/.local/lib/python3.11/site-packages/airflow/example_dags/tutorial.py
[2024-07-14T16:45:24.271+0000] {processor.py:830} INFO - Processing file /home/airflow/.local/lib/python3.11/site-packages/airflow/example_dags/tutorial.py for tasks to queue
[2024-07-14T16:45:24.276+0000] {logging_mixin.py:188} INFO - [2024-07-14T16:45:24.275+0000] {dagbag.py:545} INFO - Filling up the DagBag from /home/airflow/.local/lib/python3.11/site-packages/airflow/example_dags/tutorial.py
[2024-07-14T16:45:24.296+0000] {processor.py:840} INFO - DAG(s) 'tutorial' retrieved from /home/airflow/.local/lib/python3.11/site-packages/airflow/example_dags/tutorial.py
[2024-07-14T16:45:24.340+0000] {logging_mixin.py:188} INFO - [2024-07-14T16:45:24.339+0000] {dag.py:3096} INFO - Sync 1 DAGs
[2024-07-14T16:45:24.388+0000] {logging_mixin.py:188} INFO - [2024-07-14T16:45:24.388+0000] {dag.py:3954} INFO - Setting next_dagrun for tutorial to 2024-07-13 00:00:00+00:00, run_after=2024-07-14 00:00:00+00:00
[2024-07-14T16:45:24.440+0000] {processor.py:183} INFO - Processing /home/airflow/.local/lib/python3.11/site-packages/airflow/example_dags/tutorial.py took 0.187 seconds
[2024-07-14T16:45:31.554+0000] {processor.py:161} INFO - Started process (PID=3683) to work on /home/airflow/.local/lib/python3.11/site-packages/airflow/example_dags/tutorial.py
[2024-07-14T16:45:31.555+0000] {processor.py:830} INFO - Processing file /home/airflow/.local/lib/python3.11/site-packages/airflow/example_dags/tutorial.py for tasks to queue
[2024-07-14T16:45:31.559+0000] {logging_mixin.py:188} INFO - [2024-07-14T16:45:31.558+0000] {dagbag.py:545} INFO - Filling up the DagBag from /home/airflow/.local/lib/python3.11/site-packages/airflow/example_dags/tutorial.py
[2024-07-14T16:45:31.571+0000] {processor.py:840} INFO - DAG(s) 'tutorial' retrieved from /home/airflow/.local/lib/python3.11/site-packages/airflow/example_dags/tutorial.py
[2024-07-14T16:45:31.611+0000] {logging_mixin.py:188} INFO - [2024-07-14T16:45:31.611+0000] {dag.py:3096} INFO - Sync 1 DAGs
[2024-07-14T16:45:31.653+0000] {logging_mixin.py:188} INFO - [2024-07-14T16:45:31.652+0000] {dag.py:3954} INFO - Setting next_dagrun for tutorial to 2024-07-13 00:00:00+00:00, run_after=2024-07-14 00:00:00+00:00
[2024-07-14T16:45:31.684+0000] {processor.py:183} INFO - Processing /home/airflow/.local/lib/python3.11/site-packages/airflow/example_dags/tutorial.py took 0.142 seconds
[2024-07-14T16:45:40.854+0000] {processor.py:161} INFO - Started process (PID=3743) to work on /home/airflow/.local/lib/python3.11/site-packages/airflow/example_dags/tutorial.py
[2024-07-14T16:45:40.856+0000] {processor.py:830} INFO - Processing file /home/airflow/.local/lib/python3.11/site-packages/airflow/example_dags/tutorial.py for tasks to queue
[2024-07-14T16:45:40.860+0000] {logging_mixin.py:188} INFO - [2024-07-14T16:45:40.860+0000] {dagbag.py:545} INFO - Filling up the DagBag from /home/airflow/.local/lib/python3.11/site-packages/airflow/example_dags/tutorial.py
[2024-07-14T16:45:40.873+0000] {processor.py:840} INFO - DAG(s) 'tutorial' retrieved from /home/airflow/.local/lib/python3.11/site-packages/airflow/example_dags/tutorial.py
[2024-07-14T16:45:40.937+0000] {logging_mixin.py:188} INFO - [2024-07-14T16:45:40.936+0000] {dag.py:3096} INFO - Sync 1 DAGs
[2024-07-14T16:45:41.017+0000] {logging_mixin.py:188} INFO - [2024-07-14T16:45:41.016+0000] {dag.py:3954} INFO - Setting next_dagrun for tutorial to 2024-07-13 00:00:00+00:00, run_after=2024-07-14 00:00:00+00:00
[2024-07-14T16:45:41.113+0000] {processor.py:183} INFO - Processing /home/airflow/.local/lib/python3.11/site-packages/airflow/example_dags/tutorial.py took 0.282 seconds
[2024-07-14T16:45:49.038+0000] {processor.py:161} INFO - Started process (PID=3795) to work on /home/airflow/.local/lib/python3.11/site-packages/airflow/example_dags/tutorial.py
[2024-07-14T16:45:49.041+0000] {processor.py:830} INFO - Processing file /home/airflow/.local/lib/python3.11/site-packages/airflow/example_dags/tutorial.py for tasks to queue
[2024-07-14T16:45:49.046+0000] {logging_mixin.py:188} INFO - [2024-07-14T16:45:49.045+0000] {dagbag.py:545} INFO - Filling up the DagBag from /home/airflow/.local/lib/python3.11/site-packages/airflow/example_dags/tutorial.py
[2024-07-14T16:45:49.077+0000] {processor.py:840} INFO - DAG(s) 'tutorial' retrieved from /home/airflow/.local/lib/python3.11/site-packages/airflow/example_dags/tutorial.py
[2024-07-14T16:45:49.145+0000] {logging_mixin.py:188} INFO - [2024-07-14T16:45:49.145+0000] {dag.py:3096} INFO - Sync 1 DAGs
[2024-07-14T16:45:49.241+0000] {logging_mixin.py:188} INFO - [2024-07-14T16:45:49.239+0000] {dag.py:3954} INFO - Setting next_dagrun for tutorial to 2024-07-13 00:00:00+00:00, run_after=2024-07-14 00:00:00+00:00
[2024-07-14T16:45:49.312+0000] {processor.py:183} INFO - Processing /home/airflow/.local/lib/python3.11/site-packages/airflow/example_dags/tutorial.py took 0.290 seconds
[2024-07-14T16:45:56.663+0000] {processor.py:161} INFO - Started process (PID=3848) to work on /home/airflow/.local/lib/python3.11/site-packages/airflow/example_dags/tutorial.py
[2024-07-14T16:45:56.665+0000] {processor.py:830} INFO - Processing file /home/airflow/.local/lib/python3.11/site-packages/airflow/example_dags/tutorial.py for tasks to queue
[2024-07-14T16:45:56.668+0000] {logging_mixin.py:188} INFO - [2024-07-14T16:45:56.667+0000] {dagbag.py:545} INFO - Filling up the DagBag from /home/airflow/.local/lib/python3.11/site-packages/airflow/example_dags/tutorial.py
[2024-07-14T16:45:56.678+0000] {processor.py:840} INFO - DAG(s) 'tutorial' retrieved from /home/airflow/.local/lib/python3.11/site-packages/airflow/example_dags/tutorial.py
[2024-07-14T16:45:56.715+0000] {logging_mixin.py:188} INFO - [2024-07-14T16:45:56.714+0000] {dag.py:3096} INFO - Sync 1 DAGs
[2024-07-14T16:45:56.750+0000] {logging_mixin.py:188} INFO - [2024-07-14T16:45:56.750+0000] {dag.py:3954} INFO - Setting next_dagrun for tutorial to 2024-07-13 00:00:00+00:00, run_after=2024-07-14 00:00:00+00:00
[2024-07-14T16:45:56.783+0000] {processor.py:183} INFO - Processing /home/airflow/.local/lib/python3.11/site-packages/airflow/example_dags/tutorial.py took 0.130 seconds
[2024-07-14T16:46:04.454+0000] {processor.py:161} INFO - Started process (PID=3900) to work on /home/airflow/.local/lib/python3.11/site-packages/airflow/example_dags/tutorial.py
[2024-07-14T16:46:04.456+0000] {processor.py:830} INFO - Processing file /home/airflow/.local/lib/python3.11/site-packages/airflow/example_dags/tutorial.py for tasks to queue
[2024-07-14T16:46:04.458+0000] {logging_mixin.py:188} INFO - [2024-07-14T16:46:04.458+0000] {dagbag.py:545} INFO - Filling up the DagBag from /home/airflow/.local/lib/python3.11/site-packages/airflow/example_dags/tutorial.py
[2024-07-14T16:46:04.467+0000] {processor.py:840} INFO - DAG(s) 'tutorial' retrieved from /home/airflow/.local/lib/python3.11/site-packages/airflow/example_dags/tutorial.py
[2024-07-14T16:46:04.498+0000] {logging_mixin.py:188} INFO - [2024-07-14T16:46:04.497+0000] {dag.py:3096} INFO - Sync 1 DAGs
[2024-07-14T16:46:04.529+0000] {logging_mixin.py:188} INFO - [2024-07-14T16:46:04.529+0000] {dag.py:3954} INFO - Setting next_dagrun for tutorial to 2024-07-13 00:00:00+00:00, run_after=2024-07-14 00:00:00+00:00
[2024-07-14T16:46:04.558+0000] {processor.py:183} INFO - Processing /home/airflow/.local/lib/python3.11/site-packages/airflow/example_dags/tutorial.py took 0.113 seconds
[2024-07-14T16:46:10.409+0000] {processor.py:161} INFO - Started process (PID=3960) to work on /home/airflow/.local/lib/python3.11/site-packages/airflow/example_dags/tutorial.py
[2024-07-14T16:46:10.411+0000] {processor.py:830} INFO - Processing file /home/airflow/.local/lib/python3.11/site-packages/airflow/example_dags/tutorial.py for tasks to queue
[2024-07-14T16:46:10.414+0000] {logging_mixin.py:188} INFO - [2024-07-14T16:46:10.414+0000] {dagbag.py:545} INFO - Filling up the DagBag from /home/airflow/.local/lib/python3.11/site-packages/airflow/example_dags/tutorial.py
[2024-07-14T16:46:10.423+0000] {processor.py:840} INFO - DAG(s) 'tutorial' retrieved from /home/airflow/.local/lib/python3.11/site-packages/airflow/example_dags/tutorial.py
[2024-07-14T16:46:10.454+0000] {logging_mixin.py:188} INFO - [2024-07-14T16:46:10.454+0000] {dag.py:3096} INFO - Sync 1 DAGs
[2024-07-14T16:46:10.484+0000] {logging_mixin.py:188} INFO - [2024-07-14T16:46:10.484+0000] {dag.py:3954} INFO - Setting next_dagrun for tutorial to 2024-07-13 00:00:00+00:00, run_after=2024-07-14 00:00:00+00:00
[2024-07-14T16:46:10.513+0000] {processor.py:183} INFO - Processing /home/airflow/.local/lib/python3.11/site-packages/airflow/example_dags/tutorial.py took 0.116 seconds
[2024-07-14T16:46:15.833+0000] {processor.py:161} INFO - Started process (PID=4012) to work on /home/airflow/.local/lib/python3.11/site-packages/airflow/example_dags/tutorial.py
[2024-07-14T16:46:15.835+0000] {processor.py:830} INFO - Processing file /home/airflow/.local/lib/python3.11/site-packages/airflow/example_dags/tutorial.py for tasks to queue
[2024-07-14T16:46:15.838+0000] {logging_mixin.py:188} INFO - [2024-07-14T16:46:15.838+0000] {dagbag.py:545} INFO - Filling up the DagBag from /home/airflow/.local/lib/python3.11/site-packages/airflow/example_dags/tutorial.py
[2024-07-14T16:46:15.849+0000] {processor.py:840} INFO - DAG(s) 'tutorial' retrieved from /home/airflow/.local/lib/python3.11/site-packages/airflow/example_dags/tutorial.py
[2024-07-14T16:46:15.885+0000] {logging_mixin.py:188} INFO - [2024-07-14T16:46:15.885+0000] {dag.py:3096} INFO - Sync 1 DAGs
[2024-07-14T16:46:15.925+0000] {logging_mixin.py:188} INFO - [2024-07-14T16:46:15.924+0000] {dag.py:3954} INFO - Setting next_dagrun for tutorial to 2024-07-13 00:00:00+00:00, run_after=2024-07-14 00:00:00+00:00
[2024-07-14T16:46:15.956+0000] {processor.py:183} INFO - Processing /home/airflow/.local/lib/python3.11/site-packages/airflow/example_dags/tutorial.py took 0.136 seconds
[2024-07-14T16:46:22.003+0000] {processor.py:161} INFO - Started process (PID=4065) to work on /home/airflow/.local/lib/python3.11/site-packages/airflow/example_dags/tutorial.py
[2024-07-14T16:46:22.008+0000] {processor.py:830} INFO - Processing file /home/airflow/.local/lib/python3.11/site-packages/airflow/example_dags/tutorial.py for tasks to queue
[2024-07-14T16:46:22.013+0000] {logging_mixin.py:188} INFO - [2024-07-14T16:46:22.012+0000] {dagbag.py:545} INFO - Filling up the DagBag from /home/airflow/.local/lib/python3.11/site-packages/airflow/example_dags/tutorial.py
[2024-07-14T16:46:22.036+0000] {processor.py:840} INFO - DAG(s) 'tutorial' retrieved from /home/airflow/.local/lib/python3.11/site-packages/airflow/example_dags/tutorial.py
[2024-07-14T16:46:22.088+0000] {logging_mixin.py:188} INFO - [2024-07-14T16:46:22.088+0000] {dag.py:3096} INFO - Sync 1 DAGs
[2024-07-14T16:46:22.141+0000] {logging_mixin.py:188} INFO - [2024-07-14T16:46:22.140+0000] {dag.py:3954} INFO - Setting next_dagrun for tutorial to 2024-07-13 00:00:00+00:00, run_after=2024-07-14 00:00:00+00:00
[2024-07-14T16:46:22.180+0000] {processor.py:183} INFO - Processing /home/airflow/.local/lib/python3.11/site-packages/airflow/example_dags/tutorial.py took 0.203 seconds
