[2024-07-08T12:35:20.935+0000] {local_task_job_runner.py:120} INFO - ::group::Pre task execution logs
[2024-07-08T12:35:20.972+0000] {taskinstance.py:2076} INFO - Dependencies all met for dep_context=non-requeueable deps ti=<TaskInstance: pet_adoption_etl.extract scheduled__2024-07-07T00:00:00+00:00 [queued]>
[2024-07-08T12:35:20.985+0000] {taskinstance.py:2076} INFO - Dependencies all met for dep_context=requeueable deps ti=<TaskInstance: pet_adoption_etl.extract scheduled__2024-07-07T00:00:00+00:00 [queued]>
[2024-07-08T12:35:20.986+0000] {taskinstance.py:2306} INFO - Starting attempt 3 of 4
[2024-07-08T12:35:21.008+0000] {taskinstance.py:2330} INFO - Executing <Task(PythonOperator): extract> on 2024-07-07 00:00:00+00:00
[2024-07-08T12:35:21.015+0000] {standard_task_runner.py:63} INFO - Started process 6994 to run task
[2024-07-08T12:35:21.021+0000] {standard_task_runner.py:90} INFO - Running: ['***', 'tasks', 'run', 'pet_adoption_etl', 'extract', 'scheduled__2024-07-07T00:00:00+00:00', '--job-id', '1015', '--raw', '--subdir', 'DAGS_FOLDER/etl_pet_adoption.py', '--cfg-path', '/tmp/tmp6wn44933']
[2024-07-08T12:35:21.023+0000] {standard_task_runner.py:91} INFO - Job 1015: Subtask extract
[2024-07-08T12:35:21.105+0000] {task_command.py:426} INFO - Running <TaskInstance: pet_adoption_etl.extract scheduled__2024-07-07T00:00:00+00:00 [running]> on host 8b51af410d55
[2024-07-08T12:35:21.256+0000] {taskinstance.py:2648} INFO - Exporting env vars: AIRFLOW_CTX_DAG_OWNER='***' AIRFLOW_CTX_DAG_ID='pet_adoption_etl' AIRFLOW_CTX_TASK_ID='extract' AIRFLOW_CTX_EXECUTION_DATE='2024-07-07T00:00:00+00:00' AIRFLOW_CTX_TRY_NUMBER='3' AIRFLOW_CTX_DAG_RUN_ID='scheduled__2024-07-07T00:00:00+00:00'
[2024-07-08T12:35:21.258+0000] {taskinstance.py:430} INFO - ::endgroup::
[2024-07-08T12:35:21.262+0000] {logging_mixin.py:188} INFO - Error in extract: [Errno 2] No such file or directory: 'C:\\Users\\Indah Permata\\Documents\\dbimbing_final_project\\data\\pet_adoption_data.csv'
[2024-07-08T12:35:21.263+0000] {taskinstance.py:441} INFO - ::group::Post task execution logs
[2024-07-08T12:35:21.264+0000] {taskinstance.py:2905} ERROR - Task failed with exception
Traceback (most recent call last):
  File "/home/airflow/.local/lib/python3.11/site-packages/airflow/models/taskinstance.py", line 465, in _execute_task
    result = _execute_callable(context=context, **execute_callable_kwargs)
             ^^^^^^^^^^^^^^^^^^^^^^^^^^^^^^^^^^^^^^^^^^^^^^^^^^^^^^^^^^^^^
  File "/home/airflow/.local/lib/python3.11/site-packages/airflow/models/taskinstance.py", line 432, in _execute_callable
    return execute_callable(context=context, **execute_callable_kwargs)
           ^^^^^^^^^^^^^^^^^^^^^^^^^^^^^^^^^^^^^^^^^^^^^^^^^^^^^^^^^^^^
  File "/home/airflow/.local/lib/python3.11/site-packages/airflow/models/baseoperator.py", line 401, in wrapper
    return func(self, *args, **kwargs)
           ^^^^^^^^^^^^^^^^^^^^^^^^^^^
  File "/home/airflow/.local/lib/python3.11/site-packages/airflow/operators/python.py", line 235, in execute
    return_value = self.execute_callable()
                   ^^^^^^^^^^^^^^^^^^^^^^^
  File "/home/airflow/.local/lib/python3.11/site-packages/airflow/operators/python.py", line 252, in execute_callable
    return self.python_callable(*self.op_args, **self.op_kwargs)
           ^^^^^^^^^^^^^^^^^^^^^^^^^^^^^^^^^^^^^^^^^^^^^^^^^^^^^
  File "/opt/airflow/dags/etl_pet_adoption.py", line 14, in extract
    df = pd.read_csv(FILE_PATH)
         ^^^^^^^^^^^^^^^^^^^^^^
  File "/home/airflow/.local/lib/python3.11/site-packages/pandas/io/parsers/readers.py", line 948, in read_csv
    return _read(filepath_or_buffer, kwds)
           ^^^^^^^^^^^^^^^^^^^^^^^^^^^^^^^
  File "/home/airflow/.local/lib/python3.11/site-packages/pandas/io/parsers/readers.py", line 611, in _read
    parser = TextFileReader(filepath_or_buffer, **kwds)
             ^^^^^^^^^^^^^^^^^^^^^^^^^^^^^^^^^^^^^^^^^^
  File "/home/airflow/.local/lib/python3.11/site-packages/pandas/io/parsers/readers.py", line 1448, in __init__
    self._engine = self._make_engine(f, self.engine)
                   ^^^^^^^^^^^^^^^^^^^^^^^^^^^^^^^^^
  File "/home/airflow/.local/lib/python3.11/site-packages/pandas/io/parsers/readers.py", line 1705, in _make_engine
    self.handles = get_handle(
                   ^^^^^^^^^^^
  File "/home/airflow/.local/lib/python3.11/site-packages/pandas/io/common.py", line 863, in get_handle
    handle = open(
             ^^^^^
FileNotFoundError: [Errno 2] No such file or directory: 'C:\\Users\\Indah Permata\\Documents\\dbimbing_final_project\\data\\pet_adoption_data.csv'
[2024-07-08T12:35:21.293+0000] {taskinstance.py:1206} INFO - Marking task as UP_FOR_RETRY. dag_id=pet_adoption_etl, task_id=extract, run_id=scheduled__2024-07-07T00:00:00+00:00, execution_date=20240707T000000, start_date=20240708T123520, end_date=20240708T123521
[2024-07-08T12:35:21.315+0000] {standard_task_runner.py:110} ERROR - Failed to execute job 1015 for task extract ([Errno 2] No such file or directory: 'C:\\Users\\Indah Permata\\Documents\\dbimbing_final_project\\data\\pet_adoption_data.csv'; 6994)
[2024-07-08T12:35:21.354+0000] {local_task_job_runner.py:240} INFO - Task exited with return code 1
[2024-07-08T12:35:21.399+0000] {taskinstance.py:3503} INFO - 0 downstream tasks scheduled from follow-on schedule check
[2024-07-08T12:35:21.402+0000] {local_task_job_runner.py:222} INFO - ::endgroup::
