[2024-07-08T15:04:59.214+0000] {local_task_job_runner.py:120} INFO - ::group::Pre task execution logs
[2024-07-08T15:04:59.510+0000] {taskinstance.py:2076} INFO - Dependencies all met for dep_context=non-requeueable deps ti=<TaskInstance: pet_adoption_mysql_ingest.create_table scheduled__2024-01-10T00:00:00+00:00 [queued]>
[2024-07-08T15:04:59.583+0000] {taskinstance.py:2076} INFO - Dependencies all met for dep_context=requeueable deps ti=<TaskInstance: pet_adoption_mysql_ingest.create_table scheduled__2024-01-10T00:00:00+00:00 [queued]>
[2024-07-08T15:04:59.585+0000] {taskinstance.py:2306} INFO - Starting attempt 1 of 2
[2024-07-08T15:04:59.719+0000] {taskinstance.py:2330} INFO - Executing <Task(MySqlOperator): create_table> on 2024-01-10 00:00:00+00:00
[2024-07-08T15:04:59.756+0000] {standard_task_runner.py:63} INFO - Started process 901 to run task
[2024-07-08T15:04:59.767+0000] {standard_task_runner.py:90} INFO - Running: ['***', 'tasks', 'run', 'pet_adoption_mysql_ingest', 'create_table', 'scheduled__2024-01-10T00:00:00+00:00', '--job-id', '1043', '--raw', '--subdir', 'DAGS_FOLDER/pet_adoption_etl.py', '--cfg-path', '/tmp/tmp7qyg7dya']
[2024-07-08T15:04:59.796+0000] {standard_task_runner.py:91} INFO - Job 1043: Subtask create_table
[2024-07-08T15:05:00.499+0000] {task_command.py:426} INFO - Running <TaskInstance: pet_adoption_mysql_ingest.create_table scheduled__2024-01-10T00:00:00+00:00 [running]> on host 1493cc9eac54
[2024-07-08T15:05:01.223+0000] {taskinstance.py:2648} INFO - Exporting env vars: AIRFLOW_CTX_DAG_OWNER='***' AIRFLOW_CTX_DAG_ID='pet_adoption_mysql_ingest' AIRFLOW_CTX_TASK_ID='create_table' AIRFLOW_CTX_EXECUTION_DATE='2024-01-10T00:00:00+00:00' AIRFLOW_CTX_TRY_NUMBER='1' AIRFLOW_CTX_DAG_RUN_ID='scheduled__2024-01-10T00:00:00+00:00'
[2024-07-08T15:05:01.230+0000] {taskinstance.py:430} INFO - ::endgroup::
[2024-07-08T15:05:01.234+0000] {sql.py:276} INFO - Executing: 
    CREATE TABLE IF NOT EXISTS pet_adoptions (
        PetID INT PRIMARY KEY,
        PetType VARCHAR(50),
        Breed VARCHAR(100),
        AgeMonths INT,
        AgeYears FLOAT,
        Color VARCHAR(50),
        SizeCategory CHAR(1),
        WeightKg FLOAT,
        IsVaccinated VARCHAR(3),
        HealthStatus VARCHAR(10),
        TimeInShelterDays INT,
        AdoptionCost VARCHAR(10),
        PreviousOwner INT,
        AdoptionProbability VARCHAR(10)
    )
    
[2024-07-08T15:05:01.282+0000] {taskinstance.py:441} INFO - ::group::Post task execution logs
[2024-07-08T15:05:01.365+0000] {taskinstance.py:2905} ERROR - Task failed with exception
Traceback (most recent call last):
  File "/home/airflow/.local/lib/python3.11/site-packages/airflow/models/taskinstance.py", line 465, in _execute_task
    result = _execute_callable(context=context, **execute_callable_kwargs)
             ^^^^^^^^^^^^^^^^^^^^^^^^^^^^^^^^^^^^^^^^^^^^^^^^^^^^^^^^^^^^^
  File "/home/airflow/.local/lib/python3.11/site-packages/airflow/models/taskinstance.py", line 432, in _execute_callable
    return execute_callable(context=context, **execute_callable_kwargs)
           ^^^^^^^^^^^^^^^^^^^^^^^^^^^^^^^^^^^^^^^^^^^^^^^^^^^^^^^^^^^^
  File "/home/airflow/.local/lib/python3.11/site-packages/airflow/models/baseoperator.py", line 401, in wrapper
    return func(self, *args, **kwargs)
           ^^^^^^^^^^^^^^^^^^^^^^^^^^^
  File "/home/airflow/.local/lib/python3.11/site-packages/airflow/providers/common/sql/operators/sql.py", line 277, in execute
    hook = self.get_db_hook()
           ^^^^^^^^^^^^^^^^^^
  File "/home/airflow/.local/lib/python3.11/site-packages/airflow/providers/common/sql/operators/sql.py", line 188, in get_db_hook
    return self._hook
           ^^^^^^^^^^
  File "/usr/local/lib/python3.11/functools.py", line 1001, in __get__
    val = self.func(instance)
          ^^^^^^^^^^^^^^^^^^^
  File "/home/airflow/.local/lib/python3.11/site-packages/airflow/providers/common/sql/operators/sql.py", line 150, in _hook
    conn = BaseHook.get_connection(conn_id)
           ^^^^^^^^^^^^^^^^^^^^^^^^^^^^^^^^
  File "/home/airflow/.local/lib/python3.11/site-packages/airflow/hooks/base.py", line 83, in get_connection
    conn = Connection.get_connection_from_secrets(conn_id)
           ^^^^^^^^^^^^^^^^^^^^^^^^^^^^^^^^^^^^^^^^^^^^^^^
  File "/home/airflow/.local/lib/python3.11/site-packages/airflow/models/connection.py", line 519, in get_connection_from_secrets
    raise AirflowNotFoundException(f"The conn_id `{conn_id}` isn't defined")
airflow.exceptions.AirflowNotFoundException: The conn_id `mysql_default` isn't defined
[2024-07-08T15:05:01.409+0000] {taskinstance.py:1206} INFO - Marking task as UP_FOR_RETRY. dag_id=pet_adoption_mysql_ingest, task_id=create_table, run_id=scheduled__2024-01-10T00:00:00+00:00, execution_date=20240110T000000, start_date=20240708T150459, end_date=20240708T150501
[2024-07-08T15:05:01.495+0000] {standard_task_runner.py:110} ERROR - Failed to execute job 1043 for task create_table (The conn_id `mysql_default` isn't defined; 901)
[2024-07-08T15:05:01.617+0000] {local_task_job_runner.py:240} INFO - Task exited with return code 1
[2024-07-08T15:05:01.677+0000] {local_task_job_runner.py:222} INFO - ::endgroup::
