[2024-05-11T16:04:00.851+0000] {local_task_job_runner.py:120} INFO - ::group::Pre task execution logs
[2024-05-11T16:04:00.880+0000] {taskinstance.py:2076} INFO - Dependencies all met for dep_context=non-requeueable deps ti=<TaskInstance: etl_mysql_to_hive_dibimbing_karyawan.transform_with_python manual__2024-05-11T16:03:54.129366+00:00 [queued]>
[2024-05-11T16:04:00.894+0000] {taskinstance.py:2076} INFO - Dependencies all met for dep_context=requeueable deps ti=<TaskInstance: etl_mysql_to_hive_dibimbing_karyawan.transform_with_python manual__2024-05-11T16:03:54.129366+00:00 [queued]>
[2024-05-11T16:04:00.896+0000] {taskinstance.py:2306} INFO - Starting attempt 1 of 1
[2024-05-11T16:04:00.919+0000] {taskinstance.py:2330} INFO - Executing <Task(_PythonDecoratedOperator): transform_with_python> on 2024-05-11 16:03:54.129366+00:00
[2024-05-11T16:04:00.927+0000] {standard_task_runner.py:63} INFO - Started process 6961 to run task
[2024-05-11T16:04:00.932+0000] {standard_task_runner.py:90} INFO - Running: ['***', 'tasks', 'run', 'etl_mysql_to_hive_dibimbing_karyawan', 'transform_with_python', 'manual__2024-05-11T16:03:54.129366+00:00', '--job-id', '721', '--raw', '--subdir', 'DAGS_FOLDER/etl_mysql_to_hive_dibimbing_karyawan.py', '--cfg-path', '/tmp/tmp9dm8_4kd']
[2024-05-11T16:04:00.936+0000] {standard_task_runner.py:91} INFO - Job 721: Subtask transform_with_python
[2024-05-11T16:04:01.004+0000] {task_command.py:426} INFO - Running <TaskInstance: etl_mysql_to_hive_dibimbing_karyawan.transform_with_python manual__2024-05-11T16:03:54.129366+00:00 [running]> on host 94409fb18ddd
[2024-05-11T16:04:01.146+0000] {taskinstance.py:2648} INFO - Exporting env vars: AIRFLOW_CTX_DAG_OWNER='***' AIRFLOW_CTX_DAG_ID='etl_mysql_to_hive_dibimbing_karyawan' AIRFLOW_CTX_TASK_ID='transform_with_python' AIRFLOW_CTX_EXECUTION_DATE='2024-05-11T16:03:54.129366+00:00' AIRFLOW_CTX_TRY_NUMBER='1' AIRFLOW_CTX_DAG_RUN_ID='manual__2024-05-11T16:03:54.129366+00:00'
[2024-05-11T16:04:01.149+0000] {taskinstance.py:430} INFO - ::endgroup::
[2024-05-11T16:04:01.166+0000] {taskinstance.py:441} INFO - ::group::Post task execution logs
[2024-05-11T16:04:01.167+0000] {taskinstance.py:2905} ERROR - Task failed with exception
Traceback (most recent call last):
  File "/home/airflow/.local/lib/python3.11/site-packages/airflow/models/taskinstance.py", line 465, in _execute_task
    result = _execute_callable(context=context, **execute_callable_kwargs)
             ^^^^^^^^^^^^^^^^^^^^^^^^^^^^^^^^^^^^^^^^^^^^^^^^^^^^^^^^^^^^^
  File "/home/airflow/.local/lib/python3.11/site-packages/airflow/models/taskinstance.py", line 432, in _execute_callable
    return execute_callable(context=context, **execute_callable_kwargs)
           ^^^^^^^^^^^^^^^^^^^^^^^^^^^^^^^^^^^^^^^^^^^^^^^^^^^^^^^^^^^^
  File "/home/airflow/.local/lib/python3.11/site-packages/airflow/models/baseoperator.py", line 400, in wrapper
    return func(self, *args, **kwargs)
           ^^^^^^^^^^^^^^^^^^^^^^^^^^^
  File "/home/airflow/.local/lib/python3.11/site-packages/airflow/decorators/base.py", line 265, in execute
    return_value = super().execute(context)
                   ^^^^^^^^^^^^^^^^^^^^^^^^
  File "/home/airflow/.local/lib/python3.11/site-packages/airflow/models/baseoperator.py", line 400, in wrapper
    return func(self, *args, **kwargs)
           ^^^^^^^^^^^^^^^^^^^^^^^^^^^
  File "/home/airflow/.local/lib/python3.11/site-packages/airflow/operators/python.py", line 235, in execute
    return_value = self.execute_callable()
                   ^^^^^^^^^^^^^^^^^^^^^^^
  File "/home/airflow/.local/lib/python3.11/site-packages/airflow/operators/python.py", line 252, in execute_callable
    return self.python_callable(*self.op_args, **self.op_kwargs)
           ^^^^^^^^^^^^^^^^^^^^^^^^^^^^^^^^^^^^^^^^^^^^^^^^^^^^^
  File "/opt/airflow/dags/etl_mysql_to_hive_dibimbing_karyawan.py", line 24, in transform
    transformed = [[id+100, nama.initcap()] for id, nama in data]
                  ^^^^^^^^^^^^^^^^^^^^^^^^^^^^^^^^^^^^^^^^^^^^^^^
  File "/opt/airflow/dags/etl_mysql_to_hive_dibimbing_karyawan.py", line 24, in <listcomp>
    transformed = [[id+100, nama.initcap()] for id, nama in data]
                            ^^^^^^^^^^^^
AttributeError: 'str' object has no attribute 'initcap'
[2024-05-11T16:04:01.192+0000] {taskinstance.py:1206} INFO - Marking task as FAILED. dag_id=etl_mysql_to_hive_dibimbing_karyawan, task_id=transform_with_python, run_id=manual__2024-05-11T16:03:54.129366+00:00, execution_date=20240511T160354, start_date=20240511T160400, end_date=20240511T160401
[2024-05-11T16:04:01.210+0000] {standard_task_runner.py:110} ERROR - Failed to execute job 721 for task transform_with_python ('str' object has no attribute 'initcap'; 6961)
[2024-05-11T16:04:01.231+0000] {local_task_job_runner.py:240} INFO - Task exited with return code 1
[2024-05-11T16:04:01.281+0000] {taskinstance.py:3498} INFO - 0 downstream tasks scheduled from follow-on schedule check
[2024-05-11T16:04:01.290+0000] {local_task_job_runner.py:222} INFO - ::endgroup::
