[2024-05-11T18:52:12.833+0000] {local_task_job_runner.py:120} INFO - ::group::Pre task execution logs
[2024-05-11T18:52:12.869+0000] {taskinstance.py:2076} INFO - Dependencies all met for dep_context=non-requeueable deps ti=<TaskInstance: etl_mysql_to_hive_dibimbing_karyawan.load_to_hive manual__2024-05-11T18:08:49.676000+00:00 [queued]>
[2024-05-11T18:52:12.884+0000] {taskinstance.py:2076} INFO - Dependencies all met for dep_context=requeueable deps ti=<TaskInstance: etl_mysql_to_hive_dibimbing_karyawan.load_to_hive manual__2024-05-11T18:08:49.676000+00:00 [queued]>
[2024-05-11T18:52:12.885+0000] {taskinstance.py:2306} INFO - Starting attempt 2 of 2
[2024-05-11T18:52:12.906+0000] {taskinstance.py:2330} INFO - Executing <Task(HiveOperator): load_to_hive> on 2024-05-11 18:08:49.676000+00:00
[2024-05-11T18:52:12.915+0000] {standard_task_runner.py:63} INFO - Started process 10347 to run task
[2024-05-11T18:52:12.921+0000] {standard_task_runner.py:90} INFO - Running: ['***', 'tasks', 'run', 'etl_mysql_to_hive_dibimbing_karyawan', 'load_to_hive', 'manual__2024-05-11T18:08:49.676000+00:00', '--job-id', '935', '--raw', '--subdir', 'DAGS_FOLDER/etl_mysql_to_hive_dibimbing_karyawan.py', '--cfg-path', '/tmp/tmppamh88fe']
[2024-05-11T18:52:12.926+0000] {standard_task_runner.py:91} INFO - Job 935: Subtask load_to_hive
[2024-05-11T18:52:12.991+0000] {task_command.py:426} INFO - Running <TaskInstance: etl_mysql_to_hive_dibimbing_karyawan.load_to_hive manual__2024-05-11T18:08:49.676000+00:00 [running]> on host 94409fb18ddd
[2024-05-11T18:52:13.157+0000] {taskinstance.py:2648} INFO - Exporting env vars: AIRFLOW_CTX_DAG_OWNER='***' AIRFLOW_CTX_DAG_ID='etl_mysql_to_hive_dibimbing_karyawan' AIRFLOW_CTX_TASK_ID='load_to_hive' AIRFLOW_CTX_EXECUTION_DATE='2024-05-11T18:08:49.676000+00:00' AIRFLOW_CTX_TRY_NUMBER='2' AIRFLOW_CTX_DAG_RUN_ID='manual__2024-05-11T18:08:49.676000+00:00'
[2024-05-11T18:52:13.160+0000] {taskinstance.py:430} INFO - ::endgroup::
[2024-05-11T18:52:13.161+0000] {hive.py:138} INFO - Executing: 
            INSERT INTO dibimbing.karyawan (id, nama) VALUES
            
            (101, 'Lies')
            
            ,
            
            
            (102, 'Surya')
            
            ,
            
            
            (103, 'Priska')
            
            ,
            
            
            (104, 'Indah')
            
            ,
            
            
            (105, 'Permata')
            
            ,
            
            
            (106, 'Wulandari')
            
            ,
            
            
            (107, 'Agus')
            
            ,
            
            
            (108, 'Budi')
            
            ,
            
            
            (109, 'Agung')
            
            ,
            
            
            (110, 'Bejo')
            
            ,
            
            
            (111, 'Budi')
            
            ,
            
            
            (112, 'Bejo')
            
            ,
            
            
            (113, 'Agus')
            
            ,
            
            
            (114, 'Setyo')
            
            
            
[2024-05-11T18:52:13.173+0000] {connection.py:274} WARNING - Connection schemes (type: hive_cli) shall not contain '_' according to RFC3986.
[2024-05-11T18:52:13.175+0000] {base.py:84} INFO - Using connection ID 'hive_cli_default' for task execution.
[2024-05-11T18:52:13.176+0000] {hive.py:157} INFO - Passing HiveConf: {'airflow.ctx.dag_owner': '***', 'airflow.ctx.dag_id': 'etl_mysql_to_hive_dibimbing_karyawan', 'airflow.ctx.task_id': 'load_to_hive', 'airflow.ctx.execution_date': '2024-05-11T18:08:49.676000+00:00', 'airflow.ctx.try_number': '2', 'airflow.ctx.dag_run_id': 'manual__2024-05-11T18:08:49.676000+00:00'}
[2024-05-11T18:52:13.179+0000] {hive.py:166} INFO - High Availability not set, setting JDBC url as jdbc:hive2://host.docker.internal:10000/
[2024-05-11T18:52:13.180+0000] {hive.py:309} INFO - beeline -u "jdbc:hive2://host.docker.internal:10000/" -hiveconf ***.ctx.dag_id=etl_mysql_to_hive_dibimbing_karyawan -hiveconf ***.ctx.task_id=load_to_hive -hiveconf ***.ctx.execution_date=2024-05-11T18:08:49.676000+00:00 -hiveconf ***.ctx.try_number=2 -hiveconf ***.ctx.dag_run_id=manual__2024-05-11T18:08:49.676000+00:00 -hiveconf ***.ctx.dag_owner=*** -hiveconf ***.ctx.dag_email= -hiveconf mapred.job.name=Airflow HiveOperator task for 94409fb18ddd.etl_mysql_to_hive_dibimbing_karyawan.load_to_hive.2024-05-11T18:08:49.676000+00:00 -f /tmp/***_hiveop_a4xf3y1d/tmptpkv97wt
[2024-05-11T18:52:13.317+0000] {hive.py:319} INFO - /home/***/.local/lib/python3.11/site-packages/pyspark/bin/load-spark-env.sh: line 68: ps: command not found
[2024-05-11T18:52:16.297+0000] {hive.py:319} INFO - Connecting to jdbc:hive2://host.docker.internal:10000/
[2024-05-11T18:52:18.034+0000] {hive.py:319} INFO - Connected to: Apache Hive (version 2.3.2)
[2024-05-11T18:52:18.035+0000] {hive.py:319} INFO - Driver: Hive JDBC (version 2.3.9)
[2024-05-11T18:52:18.036+0000] {hive.py:319} INFO - Transaction isolation: TRANSACTION_REPEATABLE_READ
[2024-05-11T18:52:18.309+0000] {hive.py:319} INFO - 0: jdbc:hive2://host.docker.internal:10000/> No rows affected (0.254 seconds)
[2024-05-11T18:52:20.779+0000] {hive.py:319} INFO - 0: jdbc:hive2://host.docker.internal:10000/> 0: jdbc:hive2://host.docker.internal:10000/> . . . . . . . . . . . . . . . . . . . . . .> . . . . . . . . . . . . . . . . . . . . . .> . . . . . . . . . . . . . . . . . . . . . .> . . . . . . . . . . . . . . . . . . . . . .> . . . . . . . . . . . . . . . . . . . . . .> . . . . . . . . . . . . . . . . . . . . . .> . . . . . . . . . . . . . . . . . . . . . .> . . . . . . . . . . . . . . . . . . . . . .> . . . . . . . . . . . . . . . . . . . . . .> . . . . . . . . . . . . . . . . . . . . . .> . . . . . . . . . . . . . . . . . . . . . .> . . . . . . . . . . . . . . . . . . . . . .> . . . . . . . . . . . . . . . . . . . . . .> . . . . . . . . . . . . . . . . . . . . . .> . . . . . . . . . . . . . . . . . . . . . .> . . . . . . . . . . . . . . . . . . . . . .> . . . . . . . . . . . . . . . . . . . . . .> . . . . . . . . . . . . . . . . . . . . . .> . . . . . . . . . . . . . . . . . . . . . .> . . . . . . . . . . . . . . . . . . . . . .> . . . . . . . . . . . . . . . . . . . . . .> . . . . . . . . . . . . . . . . . . . . . .> . . . . . . . . . . . . . . . . . . . . . .> . . . . . . . . . . . . . . . . . . . . . .> . . . . . . . . . . . . . . . . . . . . . .> . . . . . . . . . . . . . . . . . . . . . .> . . . . . . . . . . . . . . . . . . . . . .> . . . . . . . . . . . . . . . . . . . . . .> . . . . . . . . . . . . . . . . . . . . . .> . . . . . . . . . . . . . . . . . . . . . .> . . . . . . . . . . . . . . . . . . . . . .> . . . . . . . . . . . . . . . . . . . . . .> . . . . . . . . . . . . . . . . . . . . . .> . . . . . . . . . . . . . . . . . . . . . .> . . . . . . . . . . . . . . . . . . . . . .> . . . . . . . . . . . . . . . . . . . . . .> . . . . . . . . . . . . . . . . . . . . . .> . . . . . . . . . . . . . . . . . . . . . .> . . . . . . . . . . . . . . . . . . . . . .> . . . . . . . . . . . . . . . . . . . . . .> . . . . . . . . . . . . . . . . . . . . . .> . . . . . . . . . . . . . . . . . . . . . .> . . . . . . . . . . . . . . . . . . . . . .> . . . . . . . . . . . . . . . . . . . . . .> . . . . . . . . . . . . . . . . . . . . . .> . . . . . . . . . . . . . . . . . . . . . .> . . . . . . . . . . . . . . . . . . . . . .> . . . . . . . . . . . . . . . . . . . . . .> . . . . . . . . . . . . . . . . . . . . . .> . . . . . . . . . . . . . . . . . . . . . .> . . . . . . . . . . . . . . . . . . . . . .> . . . . . . . . . . . . . . . . . . . . . .> . . . . . . . . . . . . . . . . . . . . . .> . . . . . . . . . . . . . . . . . . . . . .> . . . . . . . . . . . . . . . . . . . . . .> . . . . . . . . . . . . . . . . . . . . . .> . . . . . . . . . . . . . . . . . . . . . .> . . . . . . . . . . . . . . . . . . . . . .> . . . . . . . . . . . . . . . . . . . . . .> . . . . . . . . . . . . . . . . . . . . . .> . . . . . . . . . . . . . . . . . . . . . .> . . . . . . . . . . . . . . . . . . . . . .> . . . . . . . . . . . . . . . . . . . . . .> . . . . . . . . . . . . . . . . . . . . . .> . . . . . . . . . . . . . . . . . . . . . .> . . . . . . . . . . . . . . . . . . . . . .> . . . . . . . . . . . . . . . . . . . . . .> . . . . . . . . . . . . . . . . . . . . . .> . . . . . . . . . . . . . . . . . . . . . .> . . . . . . . . . . . . . . . . . . . . . .> . . . . . . . . . . . . . . . . . . . . . .> . . . . . . . . . . . . . . . . . . . . . .> WARNING: Hive-on-MR is deprecated in Hive 2 and may not be available in the future versions. Consider using a different execution engine (i.e. spark, tez) or using Hive 1.X releases.
[2024-05-11T18:52:23.788+0000] {hive.py:319} INFO - No rows affected (5.418 seconds)
[2024-05-11T18:52:23.838+0000] {hive.py:319} INFO - 0: jdbc:hive2://host.docker.internal:10000/> Closing: 0: jdbc:hive2://host.docker.internal:10000/
[2024-05-11T18:52:23.912+0000] {taskinstance.py:441} INFO - ::group::Post task execution logs
[2024-05-11T18:52:23.928+0000] {taskinstance.py:1206} INFO - Marking task as SUCCESS. dag_id=etl_mysql_to_hive_dibimbing_karyawan, task_id=load_to_hive, run_id=manual__2024-05-11T18:08:49.676000+00:00, execution_date=20240511T180849, start_date=20240511T185212, end_date=20240511T185223
[2024-05-11T18:52:23.973+0000] {local_task_job_runner.py:240} INFO - Task exited with return code 0
[2024-05-11T18:52:24.000+0000] {taskinstance.py:3498} INFO - 0 downstream tasks scheduled from follow-on schedule check
[2024-05-11T18:52:24.002+0000] {local_task_job_runner.py:222} INFO - ::endgroup::
