[2024-05-11T18:09:31.266+0000] {local_task_job_runner.py:120} INFO - ::group::Pre task execution logs
[2024-05-11T18:09:31.306+0000] {taskinstance.py:2076} INFO - Dependencies all met for dep_context=non-requeueable deps ti=<TaskInstance: etl_mysql_to_hive_all.dibimbing__karyawan.get_schema manual__2024-05-11T18:09:25.933515+00:00 [queued]>
[2024-05-11T18:09:31.328+0000] {taskinstance.py:2076} INFO - Dependencies all met for dep_context=requeueable deps ti=<TaskInstance: etl_mysql_to_hive_all.dibimbing__karyawan.get_schema manual__2024-05-11T18:09:25.933515+00:00 [queued]>
[2024-05-11T18:09:31.329+0000] {taskinstance.py:2306} INFO - Starting attempt 1 of 1
[2024-05-11T18:09:31.361+0000] {taskinstance.py:2330} INFO - Executing <Task(MySqlOperator): dibimbing__karyawan.get_schema> on 2024-05-11 18:09:25.933515+00:00
[2024-05-11T18:09:31.375+0000] {standard_task_runner.py:63} INFO - Started process 9667 to run task
[2024-05-11T18:09:31.381+0000] {standard_task_runner.py:90} INFO - Running: ['***', 'tasks', 'run', 'etl_mysql_to_hive_all', 'dibimbing__karyawan.get_schema', 'manual__2024-05-11T18:09:25.933515+00:00', '--job-id', '880', '--raw', '--subdir', 'DAGS_FOLDER/etl_mysql_to_hive_all.py', '--cfg-path', '/tmp/tmpwef36e54']
[2024-05-11T18:09:31.387+0000] {standard_task_runner.py:91} INFO - Job 880: Subtask dibimbing__karyawan.get_schema
[2024-05-11T18:09:31.489+0000] {task_command.py:426} INFO - Running <TaskInstance: etl_mysql_to_hive_all.dibimbing__karyawan.get_schema manual__2024-05-11T18:09:25.933515+00:00 [running]> on host 94409fb18ddd
[2024-05-11T18:09:31.724+0000] {taskinstance.py:2648} INFO - Exporting env vars: AIRFLOW_CTX_DAG_OWNER='***' AIRFLOW_CTX_DAG_ID='etl_mysql_to_hive_all' AIRFLOW_CTX_TASK_ID='dibimbing__karyawan.get_schema' AIRFLOW_CTX_EXECUTION_DATE='2024-05-11T18:09:25.933515+00:00' AIRFLOW_CTX_TRY_NUMBER='1' AIRFLOW_CTX_DAG_RUN_ID='manual__2024-05-11T18:09:25.933515+00:00'
[2024-05-11T18:09:31.736+0000] {taskinstance.py:430} INFO - ::endgroup::
[2024-05-11T18:09:31.737+0000] {sql.py:276} INFO - Executing: DESC dibimbing.karyawan
[2024-05-11T18:09:31.773+0000] {base.py:84} INFO - Using connection ID 'mysql_default' for task execution.
[2024-05-11T18:09:31.809+0000] {base.py:84} INFO - Using connection ID 'mysql_default' for task execution.
[2024-05-11T18:09:31.869+0000] {sql.py:470} INFO - Running statement: DESC ***.karyawan, parameters: None
[2024-05-11T18:09:31.895+0000] {sql.py:479} INFO - Rows affected: 2
[2024-05-11T18:09:31.900+0000] {taskinstance.py:441} INFO - ::group::Post task execution logs
[2024-05-11T18:09:31.951+0000] {taskinstance.py:1206} INFO - Marking task as SUCCESS. dag_id=etl_mysql_to_hive_all, task_id=***__karyawan.get_schema, run_id=manual__2024-05-11T18:09:25.933515+00:00, execution_date=20240511T180925, start_date=20240511T180931, end_date=20240511T180931
[2024-05-11T18:09:31.999+0000] {local_task_job_runner.py:240} INFO - Task exited with return code 0
[2024-05-11T18:09:32.022+0000] {warnings.py:110} WARNING - /home/***/.local/lib/python3.11/site-packages/***/models/baseoperator.py:1296: AirflowProviderDeprecationWarning: Call to deprecated class MySqlOperator. (Please use `***.providers.common.sql.operators.sql.SQLExecuteQueryOperator`.Also, you can provide `hook_params={'schema': <database>}`.)
  result = cls.__new__(cls)

[2024-05-11T18:09:32.067+0000] {taskinstance.py:3498} INFO - 1 downstream tasks scheduled from follow-on schedule check
[2024-05-11T18:09:32.072+0000] {local_task_job_runner.py:222} INFO - ::endgroup::
