[2024-05-10T13:59:46.797+0000] {local_task_job_runner.py:120} INFO - ::group::Pre task execution logs
[2024-05-10T13:59:46.850+0000] {taskinstance.py:2076} INFO - Dependencies all met for dep_context=non-requeueable deps ti=<TaskInstance: template_reference.demo_template manual__2024-05-10T13:59:36.836379+00:00 [queued]>
[2024-05-10T13:59:46.867+0000] {taskinstance.py:2076} INFO - Dependencies all met for dep_context=requeueable deps ti=<TaskInstance: template_reference.demo_template manual__2024-05-10T13:59:36.836379+00:00 [queued]>
[2024-05-10T13:59:46.869+0000] {taskinstance.py:2306} INFO - Starting attempt 1 of 1
[2024-05-10T13:59:46.902+0000] {taskinstance.py:2330} INFO - Executing <Task(PythonOperator): demo_template> on 2024-05-10 13:59:36.836379+00:00
[2024-05-10T13:59:46.914+0000] {standard_task_runner.py:63} INFO - Started process 327 to run task
[2024-05-10T13:59:46.920+0000] {standard_task_runner.py:90} INFO - Running: ['***', 'tasks', 'run', 'template_reference', 'demo_template', 'manual__2024-05-10T13:59:36.836379+00:00', '--job-id', '24', '--raw', '--subdir', 'DAGS_FOLDER/template_reference.py', '--cfg-path', '/tmp/tmp42rz9dnr']
[2024-05-10T13:59:46.927+0000] {standard_task_runner.py:91} INFO - Job 24: Subtask demo_template
[2024-05-10T13:59:47.050+0000] {task_command.py:426} INFO - Running <TaskInstance: template_reference.demo_template manual__2024-05-10T13:59:36.836379+00:00 [running]> on host feac594d54b9
[2024-05-10T13:59:47.315+0000] {taskinstance.py:2648} INFO - Exporting env vars: AIRFLOW_CTX_DAG_OWNER='***' AIRFLOW_CTX_DAG_ID='template_reference' AIRFLOW_CTX_TASK_ID='demo_template' AIRFLOW_CTX_EXECUTION_DATE='2024-05-10T13:59:36.836379+00:00' AIRFLOW_CTX_TRY_NUMBER='1' AIRFLOW_CTX_DAG_RUN_ID='manual__2024-05-10T13:59:36.836379+00:00'
[2024-05-10T13:59:47.319+0000] {taskinstance.py:430} INFO - ::endgroup::
[2024-05-10T13:59:47.321+0000] {logging_mixin.py:188} INFO - === logical date ==>
[2024-05-10T13:59:47.322+0000] {logging_mixin.py:188} INFO - data_interval_start: 2024-05-10 13:58:00+00:00
[2024-05-10T13:59:47.323+0000] {logging_mixin.py:188} INFO - data_interval_end: 2024-05-10 13:59:00+00:00
[2024-05-10T13:59:47.328+0000] {logging_mixin.py:188} INFO - === get date and timestamp ==>
[2024-05-10T13:59:47.329+0000] {logging_mixin.py:188} INFO - ds: 2024-05-10
[2024-05-10T13:59:47.330+0000] {logging_mixin.py:188} INFO - ts: 2024-05-10T13:59:36.836379+00:00
[2024-05-10T13:59:47.333+0000] {logging_mixin.py:188} INFO - === realtime ==>
[2024-05-10T13:59:47.341+0000] {logging_mixin.py:188} INFO - dag_run_start_date: 2024-05-10 13:59:37.572009+00:00
[2024-05-10T13:59:47.344+0000] {logging_mixin.py:188} INFO - start_task_start_date: 2024-05-10 13:59:37.673927+00:00
[2024-05-10T13:59:47.346+0000] {logging_mixin.py:188} INFO - === transform ==>
[2024-05-10T13:59:47.347+0000] {logging_mixin.py:188} INFO - data_interval_end_wib: 2024-05-09 20:59:00
[2024-05-10T13:59:47.348+0000] {logging_mixin.py:188} INFO - datetime_string: 2023-12-31 00:00:00
[2024-05-10T13:59:47.349+0000] {python.py:237} INFO - Done. Returned value was: None
[2024-05-10T13:59:47.356+0000] {taskinstance.py:441} INFO - ::group::Post task execution logs
[2024-05-10T13:59:47.384+0000] {taskinstance.py:1206} INFO - Marking task as SUCCESS. dag_id=template_reference, task_id=demo_template, run_id=manual__2024-05-10T13:59:36.836379+00:00, execution_date=20240510T135936, start_date=20240510T135946, end_date=20240510T135947
[2024-05-10T13:59:47.460+0000] {local_task_job_runner.py:240} INFO - Task exited with return code 0
[2024-05-10T13:59:47.537+0000] {taskinstance.py:3498} INFO - 0 downstream tasks scheduled from follow-on schedule check
[2024-05-10T13:59:47.545+0000] {local_task_job_runner.py:222} INFO - ::endgroup::
