[2024-05-10T15:08:03.117+0000] {local_task_job_runner.py:120} INFO - ::group::Pre task execution logs
[2024-05-10T15:08:03.168+0000] {taskinstance.py:2076} INFO - Dependencies all met for dep_context=non-requeueable deps ti=<TaskInstance: template_reference.demo_template scheduled__2024-05-10T15:07:00+00:00 [queued]>
[2024-05-10T15:08:03.187+0000] {taskinstance.py:2076} INFO - Dependencies all met for dep_context=requeueable deps ti=<TaskInstance: template_reference.demo_template scheduled__2024-05-10T15:07:00+00:00 [queued]>
[2024-05-10T15:08:03.189+0000] {taskinstance.py:2306} INFO - Starting attempt 1 of 1
[2024-05-10T15:08:03.219+0000] {taskinstance.py:2330} INFO - Executing <Task(PythonOperator): demo_template> on 2024-05-10 15:07:00+00:00
[2024-05-10T15:08:03.228+0000] {standard_task_runner.py:63} INFO - Started process 1474 to run task
[2024-05-10T15:08:03.237+0000] {standard_task_runner.py:90} INFO - Running: ['***', 'tasks', 'run', 'template_reference', 'demo_template', 'scheduled__2024-05-10T15:07:00+00:00', '--job-id', '105', '--raw', '--subdir', 'DAGS_FOLDER/template_reference.py', '--cfg-path', '/tmp/tmp8zb8nghq']
[2024-05-10T15:08:03.246+0000] {standard_task_runner.py:91} INFO - Job 105: Subtask demo_template
[2024-05-10T15:08:03.352+0000] {task_command.py:426} INFO - Running <TaskInstance: template_reference.demo_template scheduled__2024-05-10T15:07:00+00:00 [running]> on host feac594d54b9
[2024-05-10T15:08:03.616+0000] {taskinstance.py:2648} INFO - Exporting env vars: AIRFLOW_CTX_DAG_OWNER='***' AIRFLOW_CTX_DAG_ID='template_reference' AIRFLOW_CTX_TASK_ID='demo_template' AIRFLOW_CTX_EXECUTION_DATE='2024-05-10T15:07:00+00:00' AIRFLOW_CTX_TRY_NUMBER='1' AIRFLOW_CTX_DAG_RUN_ID='scheduled__2024-05-10T15:07:00+00:00'
[2024-05-10T15:08:03.620+0000] {taskinstance.py:430} INFO - ::endgroup::
[2024-05-10T15:08:03.622+0000] {logging_mixin.py:188} INFO - === logical date ==>
[2024-05-10T15:08:03.623+0000] {logging_mixin.py:188} INFO - data_interval_start: 2024-05-10 15:07:00+00:00
[2024-05-10T15:08:03.624+0000] {logging_mixin.py:188} INFO - data_interval_end: 2024-05-10 15:08:00+00:00
[2024-05-10T15:08:03.625+0000] {logging_mixin.py:188} INFO - === get date and timestamp ==>
[2024-05-10T15:08:03.626+0000] {logging_mixin.py:188} INFO - ds: 2024-05-10
[2024-05-10T15:08:03.627+0000] {logging_mixin.py:188} INFO - ts: 2024-05-10T15:07:00+00:00
[2024-05-10T15:08:03.628+0000] {logging_mixin.py:188} INFO - === realtime ==>
[2024-05-10T15:08:03.629+0000] {logging_mixin.py:188} INFO - dag_run_start_date: 2024-05-10 15:08:00.151809+00:00
[2024-05-10T15:08:03.630+0000] {logging_mixin.py:188} INFO - start_task_start_date: 2024-05-10 15:08:00.174673+00:00
[2024-05-10T15:08:03.631+0000] {logging_mixin.py:188} INFO - === transform ==>
[2024-05-10T15:08:03.632+0000] {logging_mixin.py:188} INFO - data_interval_end_wib: 2024-05-09 22:08:00
[2024-05-10T15:08:03.632+0000] {logging_mixin.py:188} INFO - datetime_string: 2023-12-31 00:00:00
[2024-05-10T15:08:03.633+0000] {python.py:237} INFO - Done. Returned value was: None
[2024-05-10T15:08:03.634+0000] {taskinstance.py:441} INFO - ::group::Post task execution logs
[2024-05-10T15:08:03.657+0000] {taskinstance.py:1206} INFO - Marking task as SUCCESS. dag_id=template_reference, task_id=demo_template, run_id=scheduled__2024-05-10T15:07:00+00:00, execution_date=20240510T150700, start_date=20240510T150803, end_date=20240510T150803
[2024-05-10T15:08:03.729+0000] {local_task_job_runner.py:240} INFO - Task exited with return code 0
[2024-05-10T15:08:03.757+0000] {local_task_job_runner.py:222} INFO - ::endgroup::
