[2024-05-10T15:40:03.975+0000] {local_task_job_runner.py:120} INFO - ::group::Pre task execution logs
[2024-05-10T15:40:04.012+0000] {taskinstance.py:2076} INFO - Dependencies all met for dep_context=non-requeueable deps ti=<TaskInstance: template_reference.demo_template scheduled__2024-05-10T15:39:00+00:00 [queued]>
[2024-05-10T15:40:04.026+0000] {taskinstance.py:2076} INFO - Dependencies all met for dep_context=requeueable deps ti=<TaskInstance: template_reference.demo_template scheduled__2024-05-10T15:39:00+00:00 [queued]>
[2024-05-10T15:40:04.027+0000] {taskinstance.py:2306} INFO - Starting attempt 1 of 1
[2024-05-10T15:40:04.047+0000] {taskinstance.py:2330} INFO - Executing <Task(PythonOperator): demo_template> on 2024-05-10 15:39:00+00:00
[2024-05-10T15:40:04.054+0000] {standard_task_runner.py:63} INFO - Started process 2216 to run task
[2024-05-10T15:40:04.059+0000] {standard_task_runner.py:90} INFO - Running: ['***', 'tasks', 'run', 'template_reference', 'demo_template', 'scheduled__2024-05-10T15:39:00+00:00', '--job-id', '146', '--raw', '--subdir', 'DAGS_FOLDER/template_reference.py', '--cfg-path', '/tmp/tmpngjmsja1']
[2024-05-10T15:40:04.065+0000] {standard_task_runner.py:91} INFO - Job 146: Subtask demo_template
[2024-05-10T15:40:04.139+0000] {task_command.py:426} INFO - Running <TaskInstance: template_reference.demo_template scheduled__2024-05-10T15:39:00+00:00 [running]> on host feac594d54b9
[2024-05-10T15:40:04.380+0000] {taskinstance.py:2648} INFO - Exporting env vars: AIRFLOW_CTX_DAG_OWNER='***' AIRFLOW_CTX_DAG_ID='template_reference' AIRFLOW_CTX_TASK_ID='demo_template' AIRFLOW_CTX_EXECUTION_DATE='2024-05-10T15:39:00+00:00' AIRFLOW_CTX_TRY_NUMBER='1' AIRFLOW_CTX_DAG_RUN_ID='scheduled__2024-05-10T15:39:00+00:00'
[2024-05-10T15:40:04.384+0000] {taskinstance.py:430} INFO - ::endgroup::
[2024-05-10T15:40:04.386+0000] {logging_mixin.py:188} INFO - === logical date ==>
[2024-05-10T15:40:04.387+0000] {logging_mixin.py:188} INFO - data_interval_start: 2024-05-10 15:39:00+00:00
[2024-05-10T15:40:04.387+0000] {logging_mixin.py:188} INFO - data_interval_end: 2024-05-10 15:40:00+00:00
[2024-05-10T15:40:04.388+0000] {logging_mixin.py:188} INFO - === get date and timestamp ==>
[2024-05-10T15:40:04.389+0000] {logging_mixin.py:188} INFO - ds: 2024-05-10
[2024-05-10T15:40:04.390+0000] {logging_mixin.py:188} INFO - ts: 2024-05-10T15:39:00+00:00
[2024-05-10T15:40:04.391+0000] {logging_mixin.py:188} INFO - === realtime ==>
[2024-05-10T15:40:04.392+0000] {logging_mixin.py:188} INFO - dag_run_start_date: 2024-05-10 15:40:00.414966+00:00
[2024-05-10T15:40:04.393+0000] {logging_mixin.py:188} INFO - start_task_start_date: 2024-05-10 15:40:00.461779+00:00
[2024-05-10T15:40:04.394+0000] {logging_mixin.py:188} INFO - === transform ==>
[2024-05-10T15:40:04.394+0000] {logging_mixin.py:188} INFO - data_interval_end_wib: 2024-05-09 22:40:00
[2024-05-10T15:40:04.395+0000] {logging_mixin.py:188} INFO - datetime_string: 2023-12-31 00:00:00
[2024-05-10T15:40:04.396+0000] {python.py:237} INFO - Done. Returned value was: None
[2024-05-10T15:40:04.397+0000] {taskinstance.py:441} INFO - ::group::Post task execution logs
[2024-05-10T15:40:04.417+0000] {taskinstance.py:1206} INFO - Marking task as SUCCESS. dag_id=template_reference, task_id=demo_template, run_id=scheduled__2024-05-10T15:39:00+00:00, execution_date=20240510T153900, start_date=20240510T154004, end_date=20240510T154004
[2024-05-10T15:40:04.474+0000] {local_task_job_runner.py:240} INFO - Task exited with return code 0
[2024-05-10T15:40:04.515+0000] {taskinstance.py:3498} INFO - 0 downstream tasks scheduled from follow-on schedule check
[2024-05-10T15:40:04.518+0000] {local_task_job_runner.py:222} INFO - ::endgroup::
