[2024-05-10T16:40:03.609+0000] {local_task_job_runner.py:120} INFO - ::group::Pre task execution logs
[2024-05-10T16:40:03.645+0000] {taskinstance.py:2076} INFO - Dependencies all met for dep_context=non-requeueable deps ti=<TaskInstance: template_reference.demo_template scheduled__2024-05-10T16:39:00+00:00 [queued]>
[2024-05-10T16:40:03.659+0000] {taskinstance.py:2076} INFO - Dependencies all met for dep_context=requeueable deps ti=<TaskInstance: template_reference.demo_template scheduled__2024-05-10T16:39:00+00:00 [queued]>
[2024-05-10T16:40:03.660+0000] {taskinstance.py:2306} INFO - Starting attempt 1 of 1
[2024-05-10T16:40:03.689+0000] {taskinstance.py:2330} INFO - Executing <Task(PythonOperator): demo_template> on 2024-05-10 16:39:00+00:00
[2024-05-10T16:40:03.698+0000] {standard_task_runner.py:63} INFO - Started process 3293 to run task
[2024-05-10T16:40:03.705+0000] {standard_task_runner.py:90} INFO - Running: ['***', 'tasks', 'run', 'template_reference', 'demo_template', 'scheduled__2024-05-10T16:39:00+00:00', '--job-id', '214', '--raw', '--subdir', 'DAGS_FOLDER/template_reference.py', '--cfg-path', '/tmp/tmp225ai73w']
[2024-05-10T16:40:03.711+0000] {standard_task_runner.py:91} INFO - Job 214: Subtask demo_template
[2024-05-10T16:40:03.808+0000] {task_command.py:426} INFO - Running <TaskInstance: template_reference.demo_template scheduled__2024-05-10T16:39:00+00:00 [running]> on host feac594d54b9
[2024-05-10T16:40:04.034+0000] {taskinstance.py:2648} INFO - Exporting env vars: AIRFLOW_CTX_DAG_OWNER='***' AIRFLOW_CTX_DAG_ID='template_reference' AIRFLOW_CTX_TASK_ID='demo_template' AIRFLOW_CTX_EXECUTION_DATE='2024-05-10T16:39:00+00:00' AIRFLOW_CTX_TRY_NUMBER='1' AIRFLOW_CTX_DAG_RUN_ID='scheduled__2024-05-10T16:39:00+00:00'
[2024-05-10T16:40:04.037+0000] {taskinstance.py:430} INFO - ::endgroup::
[2024-05-10T16:40:04.039+0000] {logging_mixin.py:188} INFO - === logical date ==>
[2024-05-10T16:40:04.040+0000] {logging_mixin.py:188} INFO - data_interval_start: 2024-05-10 16:39:00+00:00
[2024-05-10T16:40:04.040+0000] {logging_mixin.py:188} INFO - data_interval_end: 2024-05-10 16:40:00+00:00
[2024-05-10T16:40:04.041+0000] {logging_mixin.py:188} INFO - === get date and timestamp ==>
[2024-05-10T16:40:04.042+0000] {logging_mixin.py:188} INFO - ds: 2024-05-10
[2024-05-10T16:40:04.042+0000] {logging_mixin.py:188} INFO - ts: 2024-05-10T16:39:00+00:00
[2024-05-10T16:40:04.043+0000] {logging_mixin.py:188} INFO - === realtime ==>
[2024-05-10T16:40:04.044+0000] {logging_mixin.py:188} INFO - dag_run_start_date: 2024-05-10 16:40:00.248373+00:00
[2024-05-10T16:40:04.045+0000] {logging_mixin.py:188} INFO - start_task_start_date: 2024-05-10 16:40:00.265040+00:00
[2024-05-10T16:40:04.045+0000] {logging_mixin.py:188} INFO - === transform ==>
[2024-05-10T16:40:04.046+0000] {logging_mixin.py:188} INFO - data_interval_end_wib: 2024-05-09 23:40:00
[2024-05-10T16:40:04.047+0000] {logging_mixin.py:188} INFO - datetime_string: 2023-12-31 00:00:00
[2024-05-10T16:40:04.047+0000] {python.py:237} INFO - Done. Returned value was: None
[2024-05-10T16:40:04.048+0000] {taskinstance.py:441} INFO - ::group::Post task execution logs
[2024-05-10T16:40:04.066+0000] {taskinstance.py:1206} INFO - Marking task as SUCCESS. dag_id=template_reference, task_id=demo_template, run_id=scheduled__2024-05-10T16:39:00+00:00, execution_date=20240510T163900, start_date=20240510T164003, end_date=20240510T164004
[2024-05-10T16:40:04.119+0000] {local_task_job_runner.py:240} INFO - Task exited with return code 0
[2024-05-10T16:40:04.149+0000] {taskinstance.py:3498} INFO - 0 downstream tasks scheduled from follow-on schedule check
[2024-05-10T16:40:04.153+0000] {local_task_job_runner.py:222} INFO - ::endgroup::
