[2024-07-13T17:47:25.508+0000] {local_task_job_runner.py:120} INFO - ::group::Pre task execution logs
[2024-07-13T17:47:25.578+0000] {taskinstance.py:2076} INFO - Dependencies all met for dep_context=non-requeueable deps ti=<TaskInstance: pet_adoption_dag.load_to_mysql scheduled__2024-07-11T00:00:00+00:00 [queued]>
[2024-07-13T17:47:25.599+0000] {taskinstance.py:2076} INFO - Dependencies all met for dep_context=requeueable deps ti=<TaskInstance: pet_adoption_dag.load_to_mysql scheduled__2024-07-11T00:00:00+00:00 [queued]>
[2024-07-13T17:47:25.602+0000] {taskinstance.py:2306} INFO - Starting attempt 6 of 7
[2024-07-13T17:47:25.641+0000] {taskinstance.py:2330} INFO - Executing <Task(PythonOperator): load_to_mysql> on 2024-07-11 00:00:00+00:00
[2024-07-13T17:47:25.656+0000] {standard_task_runner.py:63} INFO - Started process 308 to run task
[2024-07-13T17:47:25.664+0000] {standard_task_runner.py:90} INFO - Running: ['***', 'tasks', 'run', 'pet_adoption_dag', 'load_to_mysql', 'scheduled__2024-07-11T00:00:00+00:00', '--job-id', '42', '--raw', '--subdir', 'DAGS_FOLDER/pet_adoption_dag.py', '--cfg-path', '/tmp/tmp4pzh4ru0']
[2024-07-13T17:47:25.671+0000] {standard_task_runner.py:91} INFO - Job 42: Subtask load_to_mysql
[2024-07-13T17:47:25.804+0000] {task_command.py:426} INFO - Running <TaskInstance: pet_adoption_dag.load_to_mysql scheduled__2024-07-11T00:00:00+00:00 [running]> on host 5c06dc61143f
[2024-07-13T17:47:26.059+0000] {taskinstance.py:2648} INFO - Exporting env vars: AIRFLOW_CTX_DAG_OWNER='***' AIRFLOW_CTX_DAG_ID='pet_adoption_dag' AIRFLOW_CTX_TASK_ID='load_to_mysql' AIRFLOW_CTX_EXECUTION_DATE='2024-07-11T00:00:00+00:00' AIRFLOW_CTX_TRY_NUMBER='6' AIRFLOW_CTX_DAG_RUN_ID='scheduled__2024-07-11T00:00:00+00:00'
[2024-07-13T17:47:26.063+0000] {taskinstance.py:430} INFO - ::endgroup::
[2024-07-13T17:47:26.279+0000] {taskinstance.py:441} INFO - ::group::Post task execution logs
[2024-07-13T17:47:26.301+0000] {taskinstance.py:2905} ERROR - Task failed with exception
Traceback (most recent call last):
  File "/home/airflow/.local/lib/python3.11/site-packages/airflow/models/taskinstance.py", line 465, in _execute_task
    result = _execute_callable(context=context, **execute_callable_kwargs)
             ^^^^^^^^^^^^^^^^^^^^^^^^^^^^^^^^^^^^^^^^^^^^^^^^^^^^^^^^^^^^^
  File "/home/airflow/.local/lib/python3.11/site-packages/airflow/models/taskinstance.py", line 432, in _execute_callable
    return execute_callable(context=context, **execute_callable_kwargs)
           ^^^^^^^^^^^^^^^^^^^^^^^^^^^^^^^^^^^^^^^^^^^^^^^^^^^^^^^^^^^^
  File "/home/airflow/.local/lib/python3.11/site-packages/airflow/models/baseoperator.py", line 401, in wrapper
    return func(self, *args, **kwargs)
           ^^^^^^^^^^^^^^^^^^^^^^^^^^^
  File "/home/airflow/.local/lib/python3.11/site-packages/airflow/operators/python.py", line 235, in execute
    return_value = self.execute_callable()
                   ^^^^^^^^^^^^^^^^^^^^^^^
  File "/home/airflow/.local/lib/python3.11/site-packages/airflow/operators/python.py", line 252, in execute_callable
    return self.python_callable(*self.op_args, **self.op_kwargs)
           ^^^^^^^^^^^^^^^^^^^^^^^^^^^^^^^^^^^^^^^^^^^^^^^^^^^^^
  File "/opt/airflow/dags/pet_adoption_dag.py", line 36, in load_to_mysql
    engine = mysql_hook.get_sqlalchemy_engine()
             ^^^^^^^^^^^^^^^^^^^^^^^^^^^^^^^^^^
  File "/home/airflow/.local/lib/python3.11/site-packages/airflow/providers/common/sql/hooks/sql.py", line 239, in get_sqlalchemy_engine
    return create_engine(self.get_uri(), **engine_kwargs)
                         ^^^^^^^^^^^^^^
  File "/home/airflow/.local/lib/python3.11/site-packages/airflow/providers/common/sql/hooks/sql.py", line 210, in get_uri
    conn = self.get_connection(getattr(self, self.conn_name_attr))
           ^^^^^^^^^^^^^^^^^^^^^^^^^^^^^^^^^^^^^^^^^^^^^^^^^^^^^^^
  File "/home/airflow/.local/lib/python3.11/site-packages/airflow/hooks/base.py", line 83, in get_connection
    conn = Connection.get_connection_from_secrets(conn_id)
           ^^^^^^^^^^^^^^^^^^^^^^^^^^^^^^^^^^^^^^^^^^^^^^^
  File "/home/airflow/.local/lib/python3.11/site-packages/airflow/models/connection.py", line 519, in get_connection_from_secrets
    raise AirflowNotFoundException(f"The conn_id `{conn_id}` isn't defined")
airflow.exceptions.AirflowNotFoundException: The conn_id `mysql` isn't defined
[2024-07-13T17:47:26.319+0000] {taskinstance.py:1206} INFO - Marking task as UP_FOR_RETRY. dag_id=pet_adoption_dag, task_id=load_to_mysql, run_id=scheduled__2024-07-11T00:00:00+00:00, execution_date=20240711T000000, start_date=20240713T174725, end_date=20240713T174726
[2024-07-13T17:47:26.352+0000] {standard_task_runner.py:110} ERROR - Failed to execute job 42 for task load_to_mysql (The conn_id `mysql` isn't defined; 308)
[2024-07-13T17:47:26.405+0000] {local_task_job_runner.py:240} INFO - Task exited with return code 1
[2024-07-13T17:47:26.450+0000] {taskinstance.py:3503} INFO - 0 downstream tasks scheduled from follow-on schedule check
[2024-07-13T17:47:26.454+0000] {local_task_job_runner.py:222} INFO - ::endgroup::
