[2024-07-15T15:48:53.123+0000] {processor.py:161} INFO - Started process (PID=22599) to work on /home/airflow/.local/lib/python3.11/site-packages/airflow/example_dags/example_branch_day_of_week_operator.py
[2024-07-15T15:48:53.136+0000] {processor.py:830} INFO - Processing file /home/airflow/.local/lib/python3.11/site-packages/airflow/example_dags/example_branch_day_of_week_operator.py for tasks to queue
[2024-07-15T15:48:53.153+0000] {logging_mixin.py:188} INFO - [2024-07-15T15:48:53.152+0000] {dagbag.py:545} INFO - Filling up the DagBag from /home/airflow/.local/lib/python3.11/site-packages/airflow/example_dags/example_branch_day_of_week_operator.py
[2024-07-15T15:48:53.231+0000] {processor.py:840} INFO - DAG(s) 'example_weekday_branch_operator' retrieved from /home/airflow/.local/lib/python3.11/site-packages/airflow/example_dags/example_branch_day_of_week_operator.py
[2024-07-15T15:48:53.364+0000] {logging_mixin.py:188} INFO - [2024-07-15T15:48:53.363+0000] {dag.py:3096} INFO - Sync 1 DAGs
[2024-07-15T15:48:53.505+0000] {logging_mixin.py:188} INFO - [2024-07-15T15:48:53.497+0000] {dag.py:3954} INFO - Setting next_dagrun for example_weekday_branch_operator to 2024-07-14 00:00:00+00:00, run_after=2024-07-15 00:00:00+00:00
[2024-07-15T15:48:53.620+0000] {processor.py:183} INFO - Processing /home/airflow/.local/lib/python3.11/site-packages/airflow/example_dags/example_branch_day_of_week_operator.py took 0.527 seconds
[2024-07-15T15:49:10.543+0000] {processor.py:161} INFO - Started process (PID=22653) to work on /home/airflow/.local/lib/python3.11/site-packages/airflow/example_dags/example_branch_day_of_week_operator.py
[2024-07-15T15:49:10.545+0000] {processor.py:830} INFO - Processing file /home/airflow/.local/lib/python3.11/site-packages/airflow/example_dags/example_branch_day_of_week_operator.py for tasks to queue
[2024-07-15T15:49:10.551+0000] {logging_mixin.py:188} INFO - [2024-07-15T15:49:10.550+0000] {dagbag.py:545} INFO - Filling up the DagBag from /home/airflow/.local/lib/python3.11/site-packages/airflow/example_dags/example_branch_day_of_week_operator.py
[2024-07-15T15:49:10.575+0000] {processor.py:840} INFO - DAG(s) 'example_weekday_branch_operator' retrieved from /home/airflow/.local/lib/python3.11/site-packages/airflow/example_dags/example_branch_day_of_week_operator.py
[2024-07-15T15:49:10.623+0000] {logging_mixin.py:188} INFO - [2024-07-15T15:49:10.623+0000] {dag.py:3096} INFO - Sync 1 DAGs
[2024-07-15T15:49:10.684+0000] {logging_mixin.py:188} INFO - [2024-07-15T15:49:10.683+0000] {dag.py:3954} INFO - Setting next_dagrun for example_weekday_branch_operator to 2024-07-14 00:00:00+00:00, run_after=2024-07-15 00:00:00+00:00
[2024-07-15T15:49:10.729+0000] {processor.py:183} INFO - Processing /home/airflow/.local/lib/python3.11/site-packages/airflow/example_dags/example_branch_day_of_week_operator.py took 0.206 seconds
[2024-07-15T15:49:17.295+0000] {processor.py:161} INFO - Started process (PID=22705) to work on /home/airflow/.local/lib/python3.11/site-packages/airflow/example_dags/example_branch_day_of_week_operator.py
[2024-07-15T15:49:17.297+0000] {processor.py:830} INFO - Processing file /home/airflow/.local/lib/python3.11/site-packages/airflow/example_dags/example_branch_day_of_week_operator.py for tasks to queue
[2024-07-15T15:49:17.301+0000] {logging_mixin.py:188} INFO - [2024-07-15T15:49:17.300+0000] {dagbag.py:545} INFO - Filling up the DagBag from /home/airflow/.local/lib/python3.11/site-packages/airflow/example_dags/example_branch_day_of_week_operator.py
[2024-07-15T15:49:17.322+0000] {processor.py:840} INFO - DAG(s) 'example_weekday_branch_operator' retrieved from /home/airflow/.local/lib/python3.11/site-packages/airflow/example_dags/example_branch_day_of_week_operator.py
[2024-07-15T15:49:17.387+0000] {logging_mixin.py:188} INFO - [2024-07-15T15:49:17.387+0000] {dag.py:3096} INFO - Sync 1 DAGs
[2024-07-15T15:49:17.436+0000] {logging_mixin.py:188} INFO - [2024-07-15T15:49:17.435+0000] {dag.py:3954} INFO - Setting next_dagrun for example_weekday_branch_operator to 2024-07-14 00:00:00+00:00, run_after=2024-07-15 00:00:00+00:00
[2024-07-15T15:49:17.476+0000] {processor.py:183} INFO - Processing /home/airflow/.local/lib/python3.11/site-packages/airflow/example_dags/example_branch_day_of_week_operator.py took 0.200 seconds
[2024-07-15T15:49:25.771+0000] {processor.py:161} INFO - Started process (PID=22764) to work on /home/airflow/.local/lib/python3.11/site-packages/airflow/example_dags/example_branch_day_of_week_operator.py
[2024-07-15T15:49:25.773+0000] {processor.py:830} INFO - Processing file /home/airflow/.local/lib/python3.11/site-packages/airflow/example_dags/example_branch_day_of_week_operator.py for tasks to queue
[2024-07-15T15:49:25.778+0000] {logging_mixin.py:188} INFO - [2024-07-15T15:49:25.777+0000] {dagbag.py:545} INFO - Filling up the DagBag from /home/airflow/.local/lib/python3.11/site-packages/airflow/example_dags/example_branch_day_of_week_operator.py
[2024-07-15T15:49:25.802+0000] {processor.py:840} INFO - DAG(s) 'example_weekday_branch_operator' retrieved from /home/airflow/.local/lib/python3.11/site-packages/airflow/example_dags/example_branch_day_of_week_operator.py
[2024-07-15T15:49:25.859+0000] {logging_mixin.py:188} INFO - [2024-07-15T15:49:25.859+0000] {dag.py:3096} INFO - Sync 1 DAGs
[2024-07-15T15:49:25.918+0000] {logging_mixin.py:188} INFO - [2024-07-15T15:49:25.917+0000] {dag.py:3954} INFO - Setting next_dagrun for example_weekday_branch_operator to 2024-07-14 00:00:00+00:00, run_after=2024-07-15 00:00:00+00:00
[2024-07-15T15:49:25.963+0000] {processor.py:183} INFO - Processing /home/airflow/.local/lib/python3.11/site-packages/airflow/example_dags/example_branch_day_of_week_operator.py took 0.208 seconds
[2024-07-15T15:49:33.187+0000] {processor.py:161} INFO - Started process (PID=22816) to work on /home/airflow/.local/lib/python3.11/site-packages/airflow/example_dags/example_branch_day_of_week_operator.py
[2024-07-15T15:49:33.189+0000] {processor.py:830} INFO - Processing file /home/airflow/.local/lib/python3.11/site-packages/airflow/example_dags/example_branch_day_of_week_operator.py for tasks to queue
[2024-07-15T15:49:33.193+0000] {logging_mixin.py:188} INFO - [2024-07-15T15:49:33.193+0000] {dagbag.py:545} INFO - Filling up the DagBag from /home/airflow/.local/lib/python3.11/site-packages/airflow/example_dags/example_branch_day_of_week_operator.py
[2024-07-15T15:49:33.210+0000] {processor.py:840} INFO - DAG(s) 'example_weekday_branch_operator' retrieved from /home/airflow/.local/lib/python3.11/site-packages/airflow/example_dags/example_branch_day_of_week_operator.py
[2024-07-15T15:49:33.254+0000] {logging_mixin.py:188} INFO - [2024-07-15T15:49:33.253+0000] {dag.py:3096} INFO - Sync 1 DAGs
[2024-07-15T15:49:33.300+0000] {logging_mixin.py:188} INFO - [2024-07-15T15:49:33.299+0000] {dag.py:3954} INFO - Setting next_dagrun for example_weekday_branch_operator to 2024-07-14 00:00:00+00:00, run_after=2024-07-15 00:00:00+00:00
[2024-07-15T15:49:33.336+0000] {processor.py:183} INFO - Processing /home/airflow/.local/lib/python3.11/site-packages/airflow/example_dags/example_branch_day_of_week_operator.py took 0.161 seconds
[2024-07-15T15:49:41.009+0000] {processor.py:161} INFO - Started process (PID=22869) to work on /home/airflow/.local/lib/python3.11/site-packages/airflow/example_dags/example_branch_day_of_week_operator.py
[2024-07-15T15:49:41.011+0000] {processor.py:830} INFO - Processing file /home/airflow/.local/lib/python3.11/site-packages/airflow/example_dags/example_branch_day_of_week_operator.py for tasks to queue
[2024-07-15T15:49:41.014+0000] {logging_mixin.py:188} INFO - [2024-07-15T15:49:41.014+0000] {dagbag.py:545} INFO - Filling up the DagBag from /home/airflow/.local/lib/python3.11/site-packages/airflow/example_dags/example_branch_day_of_week_operator.py
[2024-07-15T15:49:41.030+0000] {processor.py:840} INFO - DAG(s) 'example_weekday_branch_operator' retrieved from /home/airflow/.local/lib/python3.11/site-packages/airflow/example_dags/example_branch_day_of_week_operator.py
[2024-07-15T15:49:41.064+0000] {logging_mixin.py:188} INFO - [2024-07-15T15:49:41.064+0000] {dag.py:3096} INFO - Sync 1 DAGs
[2024-07-15T15:49:41.111+0000] {logging_mixin.py:188} INFO - [2024-07-15T15:49:41.111+0000] {dag.py:3954} INFO - Setting next_dagrun for example_weekday_branch_operator to 2024-07-14 00:00:00+00:00, run_after=2024-07-15 00:00:00+00:00
[2024-07-15T15:49:41.145+0000] {processor.py:183} INFO - Processing /home/airflow/.local/lib/python3.11/site-packages/airflow/example_dags/example_branch_day_of_week_operator.py took 0.148 seconds
[2024-07-15T15:49:47.660+0000] {processor.py:161} INFO - Started process (PID=22921) to work on /home/airflow/.local/lib/python3.11/site-packages/airflow/example_dags/example_branch_day_of_week_operator.py
[2024-07-15T15:49:47.662+0000] {processor.py:830} INFO - Processing file /home/airflow/.local/lib/python3.11/site-packages/airflow/example_dags/example_branch_day_of_week_operator.py for tasks to queue
[2024-07-15T15:49:47.665+0000] {logging_mixin.py:188} INFO - [2024-07-15T15:49:47.664+0000] {dagbag.py:545} INFO - Filling up the DagBag from /home/airflow/.local/lib/python3.11/site-packages/airflow/example_dags/example_branch_day_of_week_operator.py
[2024-07-15T15:49:47.680+0000] {processor.py:840} INFO - DAG(s) 'example_weekday_branch_operator' retrieved from /home/airflow/.local/lib/python3.11/site-packages/airflow/example_dags/example_branch_day_of_week_operator.py
[2024-07-15T15:49:47.716+0000] {logging_mixin.py:188} INFO - [2024-07-15T15:49:47.716+0000] {dag.py:3096} INFO - Sync 1 DAGs
[2024-07-15T15:49:47.753+0000] {logging_mixin.py:188} INFO - [2024-07-15T15:49:47.753+0000] {dag.py:3954} INFO - Setting next_dagrun for example_weekday_branch_operator to 2024-07-14 00:00:00+00:00, run_after=2024-07-15 00:00:00+00:00
[2024-07-15T15:49:47.785+0000] {processor.py:183} INFO - Processing /home/airflow/.local/lib/python3.11/site-packages/airflow/example_dags/example_branch_day_of_week_operator.py took 0.136 seconds
[2024-07-15T15:49:53.787+0000] {processor.py:161} INFO - Started process (PID=22981) to work on /home/airflow/.local/lib/python3.11/site-packages/airflow/example_dags/example_branch_day_of_week_operator.py
[2024-07-15T15:49:53.788+0000] {processor.py:830} INFO - Processing file /home/airflow/.local/lib/python3.11/site-packages/airflow/example_dags/example_branch_day_of_week_operator.py for tasks to queue
[2024-07-15T15:49:53.791+0000] {logging_mixin.py:188} INFO - [2024-07-15T15:49:53.790+0000] {dagbag.py:545} INFO - Filling up the DagBag from /home/airflow/.local/lib/python3.11/site-packages/airflow/example_dags/example_branch_day_of_week_operator.py
[2024-07-15T15:49:53.801+0000] {processor.py:840} INFO - DAG(s) 'example_weekday_branch_operator' retrieved from /home/airflow/.local/lib/python3.11/site-packages/airflow/example_dags/example_branch_day_of_week_operator.py
[2024-07-15T15:49:53.831+0000] {logging_mixin.py:188} INFO - [2024-07-15T15:49:53.831+0000] {dag.py:3096} INFO - Sync 1 DAGs
[2024-07-15T15:49:53.861+0000] {logging_mixin.py:188} INFO - [2024-07-15T15:49:53.861+0000] {dag.py:3954} INFO - Setting next_dagrun for example_weekday_branch_operator to 2024-07-14 00:00:00+00:00, run_after=2024-07-15 00:00:00+00:00
[2024-07-15T15:49:53.885+0000] {processor.py:183} INFO - Processing /home/airflow/.local/lib/python3.11/site-packages/airflow/example_dags/example_branch_day_of_week_operator.py took 0.108 seconds
[2024-07-15T15:50:01.185+0000] {processor.py:161} INFO - Started process (PID=23033) to work on /home/airflow/.local/lib/python3.11/site-packages/airflow/example_dags/example_branch_day_of_week_operator.py
[2024-07-15T15:50:01.187+0000] {processor.py:830} INFO - Processing file /home/airflow/.local/lib/python3.11/site-packages/airflow/example_dags/example_branch_day_of_week_operator.py for tasks to queue
[2024-07-15T15:50:01.192+0000] {logging_mixin.py:188} INFO - [2024-07-15T15:50:01.191+0000] {dagbag.py:545} INFO - Filling up the DagBag from /home/airflow/.local/lib/python3.11/site-packages/airflow/example_dags/example_branch_day_of_week_operator.py
[2024-07-15T15:50:01.214+0000] {processor.py:840} INFO - DAG(s) 'example_weekday_branch_operator' retrieved from /home/airflow/.local/lib/python3.11/site-packages/airflow/example_dags/example_branch_day_of_week_operator.py
[2024-07-15T15:50:01.256+0000] {logging_mixin.py:188} INFO - [2024-07-15T15:50:01.255+0000] {dag.py:3096} INFO - Sync 1 DAGs
[2024-07-15T15:50:01.303+0000] {logging_mixin.py:188} INFO - [2024-07-15T15:50:01.301+0000] {dag.py:3954} INFO - Setting next_dagrun for example_weekday_branch_operator to 2024-07-14 00:00:00+00:00, run_after=2024-07-15 00:00:00+00:00
[2024-07-15T15:50:01.348+0000] {processor.py:183} INFO - Processing /home/airflow/.local/lib/python3.11/site-packages/airflow/example_dags/example_branch_day_of_week_operator.py took 0.181 seconds
[2024-07-15T15:50:07.166+0000] {processor.py:161} INFO - Started process (PID=23086) to work on /home/airflow/.local/lib/python3.11/site-packages/airflow/example_dags/example_branch_day_of_week_operator.py
[2024-07-15T15:50:07.170+0000] {processor.py:830} INFO - Processing file /home/airflow/.local/lib/python3.11/site-packages/airflow/example_dags/example_branch_day_of_week_operator.py for tasks to queue
[2024-07-15T15:50:07.175+0000] {logging_mixin.py:188} INFO - [2024-07-15T15:50:07.174+0000] {dagbag.py:545} INFO - Filling up the DagBag from /home/airflow/.local/lib/python3.11/site-packages/airflow/example_dags/example_branch_day_of_week_operator.py
[2024-07-15T15:50:07.189+0000] {processor.py:840} INFO - DAG(s) 'example_weekday_branch_operator' retrieved from /home/airflow/.local/lib/python3.11/site-packages/airflow/example_dags/example_branch_day_of_week_operator.py
[2024-07-15T15:50:07.232+0000] {logging_mixin.py:188} INFO - [2024-07-15T15:50:07.231+0000] {dag.py:3096} INFO - Sync 1 DAGs
[2024-07-15T15:50:07.271+0000] {logging_mixin.py:188} INFO - [2024-07-15T15:50:07.271+0000] {dag.py:3954} INFO - Setting next_dagrun for example_weekday_branch_operator to 2024-07-14 00:00:00+00:00, run_after=2024-07-15 00:00:00+00:00
[2024-07-15T15:50:07.294+0000] {processor.py:183} INFO - Processing /home/airflow/.local/lib/python3.11/site-packages/airflow/example_dags/example_branch_day_of_week_operator.py took 0.155 seconds
[2024-07-15T15:50:12.722+0000] {processor.py:161} INFO - Started process (PID=23138) to work on /home/airflow/.local/lib/python3.11/site-packages/airflow/example_dags/example_branch_day_of_week_operator.py
[2024-07-15T15:50:12.724+0000] {processor.py:830} INFO - Processing file /home/airflow/.local/lib/python3.11/site-packages/airflow/example_dags/example_branch_day_of_week_operator.py for tasks to queue
[2024-07-15T15:50:12.727+0000] {logging_mixin.py:188} INFO - [2024-07-15T15:50:12.726+0000] {dagbag.py:545} INFO - Filling up the DagBag from /home/airflow/.local/lib/python3.11/site-packages/airflow/example_dags/example_branch_day_of_week_operator.py
[2024-07-15T15:50:12.763+0000] {processor.py:840} INFO - DAG(s) 'example_weekday_branch_operator' retrieved from /home/airflow/.local/lib/python3.11/site-packages/airflow/example_dags/example_branch_day_of_week_operator.py
[2024-07-15T15:50:12.795+0000] {logging_mixin.py:188} INFO - [2024-07-15T15:50:12.794+0000] {dag.py:3096} INFO - Sync 1 DAGs
[2024-07-15T15:50:12.862+0000] {logging_mixin.py:188} INFO - [2024-07-15T15:50:12.862+0000] {dag.py:3954} INFO - Setting next_dagrun for example_weekday_branch_operator to 2024-07-14 00:00:00+00:00, run_after=2024-07-15 00:00:00+00:00
[2024-07-15T15:50:12.922+0000] {processor.py:183} INFO - Processing /home/airflow/.local/lib/python3.11/site-packages/airflow/example_dags/example_branch_day_of_week_operator.py took 0.209 seconds
[2024-07-15T15:50:19.147+0000] {processor.py:161} INFO - Started process (PID=23191) to work on /home/airflow/.local/lib/python3.11/site-packages/airflow/example_dags/example_branch_day_of_week_operator.py
[2024-07-15T15:50:19.148+0000] {processor.py:830} INFO - Processing file /home/airflow/.local/lib/python3.11/site-packages/airflow/example_dags/example_branch_day_of_week_operator.py for tasks to queue
[2024-07-15T15:50:19.151+0000] {logging_mixin.py:188} INFO - [2024-07-15T15:50:19.150+0000] {dagbag.py:545} INFO - Filling up the DagBag from /home/airflow/.local/lib/python3.11/site-packages/airflow/example_dags/example_branch_day_of_week_operator.py
[2024-07-15T15:50:19.160+0000] {processor.py:840} INFO - DAG(s) 'example_weekday_branch_operator' retrieved from /home/airflow/.local/lib/python3.11/site-packages/airflow/example_dags/example_branch_day_of_week_operator.py
[2024-07-15T15:50:19.211+0000] {logging_mixin.py:188} INFO - [2024-07-15T15:50:19.210+0000] {dag.py:3096} INFO - Sync 1 DAGs
[2024-07-15T15:50:19.241+0000] {logging_mixin.py:188} INFO - [2024-07-15T15:50:19.241+0000] {dag.py:3954} INFO - Setting next_dagrun for example_weekday_branch_operator to 2024-07-14 00:00:00+00:00, run_after=2024-07-15 00:00:00+00:00
[2024-07-15T15:50:19.264+0000] {processor.py:183} INFO - Processing /home/airflow/.local/lib/python3.11/site-packages/airflow/example_dags/example_branch_day_of_week_operator.py took 0.124 seconds
[2024-07-15T15:50:23.930+0000] {processor.py:161} INFO - Started process (PID=23251) to work on /home/airflow/.local/lib/python3.11/site-packages/airflow/example_dags/example_branch_day_of_week_operator.py
[2024-07-15T15:50:23.932+0000] {processor.py:830} INFO - Processing file /home/airflow/.local/lib/python3.11/site-packages/airflow/example_dags/example_branch_day_of_week_operator.py for tasks to queue
[2024-07-15T15:50:23.935+0000] {logging_mixin.py:188} INFO - [2024-07-15T15:50:23.934+0000] {dagbag.py:545} INFO - Filling up the DagBag from /home/airflow/.local/lib/python3.11/site-packages/airflow/example_dags/example_branch_day_of_week_operator.py
[2024-07-15T15:50:23.945+0000] {processor.py:840} INFO - DAG(s) 'example_weekday_branch_operator' retrieved from /home/airflow/.local/lib/python3.11/site-packages/airflow/example_dags/example_branch_day_of_week_operator.py
[2024-07-15T15:50:23.975+0000] {logging_mixin.py:188} INFO - [2024-07-15T15:50:23.975+0000] {dag.py:3096} INFO - Sync 1 DAGs
[2024-07-15T15:50:24.007+0000] {logging_mixin.py:188} INFO - [2024-07-15T15:50:24.007+0000] {dag.py:3954} INFO - Setting next_dagrun for example_weekday_branch_operator to 2024-07-14 00:00:00+00:00, run_after=2024-07-15 00:00:00+00:00
[2024-07-15T15:50:24.032+0000] {processor.py:183} INFO - Processing /home/airflow/.local/lib/python3.11/site-packages/airflow/example_dags/example_branch_day_of_week_operator.py took 0.110 seconds
[2024-07-15T15:50:29.713+0000] {processor.py:161} INFO - Started process (PID=23303) to work on /home/airflow/.local/lib/python3.11/site-packages/airflow/example_dags/example_branch_day_of_week_operator.py
[2024-07-15T15:50:29.714+0000] {processor.py:830} INFO - Processing file /home/airflow/.local/lib/python3.11/site-packages/airflow/example_dags/example_branch_day_of_week_operator.py for tasks to queue
[2024-07-15T15:50:29.716+0000] {logging_mixin.py:188} INFO - [2024-07-15T15:50:29.716+0000] {dagbag.py:545} INFO - Filling up the DagBag from /home/airflow/.local/lib/python3.11/site-packages/airflow/example_dags/example_branch_day_of_week_operator.py
[2024-07-15T15:50:29.726+0000] {processor.py:840} INFO - DAG(s) 'example_weekday_branch_operator' retrieved from /home/airflow/.local/lib/python3.11/site-packages/airflow/example_dags/example_branch_day_of_week_operator.py
[2024-07-15T15:50:29.771+0000] {logging_mixin.py:188} INFO - [2024-07-15T15:50:29.770+0000] {dag.py:3096} INFO - Sync 1 DAGs
[2024-07-15T15:50:29.803+0000] {logging_mixin.py:188} INFO - [2024-07-15T15:50:29.803+0000] {dag.py:3954} INFO - Setting next_dagrun for example_weekday_branch_operator to 2024-07-14 00:00:00+00:00, run_after=2024-07-15 00:00:00+00:00
[2024-07-15T15:50:29.825+0000] {processor.py:183} INFO - Processing /home/airflow/.local/lib/python3.11/site-packages/airflow/example_dags/example_branch_day_of_week_operator.py took 0.120 seconds
[2024-07-15T15:50:35.390+0000] {processor.py:161} INFO - Started process (PID=23357) to work on /home/airflow/.local/lib/python3.11/site-packages/airflow/example_dags/example_branch_day_of_week_operator.py
[2024-07-15T15:50:35.392+0000] {processor.py:830} INFO - Processing file /home/airflow/.local/lib/python3.11/site-packages/airflow/example_dags/example_branch_day_of_week_operator.py for tasks to queue
[2024-07-15T15:50:35.394+0000] {logging_mixin.py:188} INFO - [2024-07-15T15:50:35.394+0000] {dagbag.py:545} INFO - Filling up the DagBag from /home/airflow/.local/lib/python3.11/site-packages/airflow/example_dags/example_branch_day_of_week_operator.py
[2024-07-15T15:50:35.407+0000] {processor.py:840} INFO - DAG(s) 'example_weekday_branch_operator' retrieved from /home/airflow/.local/lib/python3.11/site-packages/airflow/example_dags/example_branch_day_of_week_operator.py
[2024-07-15T15:50:35.435+0000] {logging_mixin.py:188} INFO - [2024-07-15T15:50:35.435+0000] {dag.py:3096} INFO - Sync 1 DAGs
[2024-07-15T15:50:35.462+0000] {logging_mixin.py:188} INFO - [2024-07-15T15:50:35.462+0000] {dag.py:3954} INFO - Setting next_dagrun for example_weekday_branch_operator to 2024-07-14 00:00:00+00:00, run_after=2024-07-15 00:00:00+00:00
[2024-07-15T15:50:35.485+0000] {processor.py:183} INFO - Processing /home/airflow/.local/lib/python3.11/site-packages/airflow/example_dags/example_branch_day_of_week_operator.py took 0.103 seconds
[2024-07-15T15:50:40.649+0000] {processor.py:161} INFO - Started process (PID=23409) to work on /home/airflow/.local/lib/python3.11/site-packages/airflow/example_dags/example_branch_day_of_week_operator.py
[2024-07-15T15:50:40.650+0000] {processor.py:830} INFO - Processing file /home/airflow/.local/lib/python3.11/site-packages/airflow/example_dags/example_branch_day_of_week_operator.py for tasks to queue
[2024-07-15T15:50:40.652+0000] {logging_mixin.py:188} INFO - [2024-07-15T15:50:40.652+0000] {dagbag.py:545} INFO - Filling up the DagBag from /home/airflow/.local/lib/python3.11/site-packages/airflow/example_dags/example_branch_day_of_week_operator.py
[2024-07-15T15:50:40.662+0000] {processor.py:840} INFO - DAG(s) 'example_weekday_branch_operator' retrieved from /home/airflow/.local/lib/python3.11/site-packages/airflow/example_dags/example_branch_day_of_week_operator.py
[2024-07-15T15:50:40.687+0000] {logging_mixin.py:188} INFO - [2024-07-15T15:50:40.687+0000] {dag.py:3096} INFO - Sync 1 DAGs
[2024-07-15T15:50:40.712+0000] {logging_mixin.py:188} INFO - [2024-07-15T15:50:40.712+0000] {dag.py:3954} INFO - Setting next_dagrun for example_weekday_branch_operator to 2024-07-14 00:00:00+00:00, run_after=2024-07-15 00:00:00+00:00
[2024-07-15T15:50:40.733+0000] {processor.py:183} INFO - Processing /home/airflow/.local/lib/python3.11/site-packages/airflow/example_dags/example_branch_day_of_week_operator.py took 0.092 seconds
[2024-07-15T15:50:46.597+0000] {processor.py:161} INFO - Started process (PID=23462) to work on /home/airflow/.local/lib/python3.11/site-packages/airflow/example_dags/example_branch_day_of_week_operator.py
[2024-07-15T15:50:46.598+0000] {processor.py:830} INFO - Processing file /home/airflow/.local/lib/python3.11/site-packages/airflow/example_dags/example_branch_day_of_week_operator.py for tasks to queue
[2024-07-15T15:50:46.601+0000] {logging_mixin.py:188} INFO - [2024-07-15T15:50:46.600+0000] {dagbag.py:545} INFO - Filling up the DagBag from /home/airflow/.local/lib/python3.11/site-packages/airflow/example_dags/example_branch_day_of_week_operator.py
[2024-07-15T15:50:46.617+0000] {processor.py:840} INFO - DAG(s) 'example_weekday_branch_operator' retrieved from /home/airflow/.local/lib/python3.11/site-packages/airflow/example_dags/example_branch_day_of_week_operator.py
[2024-07-15T15:50:46.666+0000] {logging_mixin.py:188} INFO - [2024-07-15T15:50:46.666+0000] {dag.py:3096} INFO - Sync 1 DAGs
[2024-07-15T15:50:46.724+0000] {logging_mixin.py:188} INFO - [2024-07-15T15:50:46.724+0000] {dag.py:3954} INFO - Setting next_dagrun for example_weekday_branch_operator to 2024-07-14 00:00:00+00:00, run_after=2024-07-15 00:00:00+00:00
[2024-07-15T15:50:46.748+0000] {processor.py:183} INFO - Processing /home/airflow/.local/lib/python3.11/site-packages/airflow/example_dags/example_branch_day_of_week_operator.py took 0.160 seconds
[2024-07-15T15:50:51.427+0000] {processor.py:161} INFO - Started process (PID=23520) to work on /home/airflow/.local/lib/python3.11/site-packages/airflow/example_dags/example_branch_day_of_week_operator.py
[2024-07-15T15:50:51.428+0000] {processor.py:830} INFO - Processing file /home/airflow/.local/lib/python3.11/site-packages/airflow/example_dags/example_branch_day_of_week_operator.py for tasks to queue
[2024-07-15T15:50:51.430+0000] {logging_mixin.py:188} INFO - [2024-07-15T15:50:51.430+0000] {dagbag.py:545} INFO - Filling up the DagBag from /home/airflow/.local/lib/python3.11/site-packages/airflow/example_dags/example_branch_day_of_week_operator.py
[2024-07-15T15:50:51.439+0000] {processor.py:840} INFO - DAG(s) 'example_weekday_branch_operator' retrieved from /home/airflow/.local/lib/python3.11/site-packages/airflow/example_dags/example_branch_day_of_week_operator.py
[2024-07-15T15:50:51.464+0000] {logging_mixin.py:188} INFO - [2024-07-15T15:50:51.464+0000] {dag.py:3096} INFO - Sync 1 DAGs
[2024-07-15T15:50:51.490+0000] {logging_mixin.py:188} INFO - [2024-07-15T15:50:51.489+0000] {dag.py:3954} INFO - Setting next_dagrun for example_weekday_branch_operator to 2024-07-14 00:00:00+00:00, run_after=2024-07-15 00:00:00+00:00
[2024-07-15T15:50:51.513+0000] {processor.py:183} INFO - Processing /home/airflow/.local/lib/python3.11/site-packages/airflow/example_dags/example_branch_day_of_week_operator.py took 0.093 seconds
[2024-07-15T15:50:56.947+0000] {processor.py:161} INFO - Started process (PID=23574) to work on /home/airflow/.local/lib/python3.11/site-packages/airflow/example_dags/example_branch_day_of_week_operator.py
[2024-07-15T15:50:56.948+0000] {processor.py:830} INFO - Processing file /home/airflow/.local/lib/python3.11/site-packages/airflow/example_dags/example_branch_day_of_week_operator.py for tasks to queue
[2024-07-15T15:50:56.950+0000] {logging_mixin.py:188} INFO - [2024-07-15T15:50:56.950+0000] {dagbag.py:545} INFO - Filling up the DagBag from /home/airflow/.local/lib/python3.11/site-packages/airflow/example_dags/example_branch_day_of_week_operator.py
[2024-07-15T15:50:56.959+0000] {processor.py:840} INFO - DAG(s) 'example_weekday_branch_operator' retrieved from /home/airflow/.local/lib/python3.11/site-packages/airflow/example_dags/example_branch_day_of_week_operator.py
[2024-07-15T15:50:56.985+0000] {logging_mixin.py:188} INFO - [2024-07-15T15:50:56.985+0000] {dag.py:3096} INFO - Sync 1 DAGs
[2024-07-15T15:50:57.011+0000] {logging_mixin.py:188} INFO - [2024-07-15T15:50:57.011+0000] {dag.py:3954} INFO - Setting next_dagrun for example_weekday_branch_operator to 2024-07-14 00:00:00+00:00, run_after=2024-07-15 00:00:00+00:00
[2024-07-15T15:50:57.056+0000] {processor.py:183} INFO - Processing /home/airflow/.local/lib/python3.11/site-packages/airflow/example_dags/example_branch_day_of_week_operator.py took 0.117 seconds
[2024-07-15T15:51:02.092+0000] {processor.py:161} INFO - Started process (PID=23626) to work on /home/airflow/.local/lib/python3.11/site-packages/airflow/example_dags/example_branch_day_of_week_operator.py
[2024-07-15T15:51:02.093+0000] {processor.py:830} INFO - Processing file /home/airflow/.local/lib/python3.11/site-packages/airflow/example_dags/example_branch_day_of_week_operator.py for tasks to queue
[2024-07-15T15:51:02.095+0000] {logging_mixin.py:188} INFO - [2024-07-15T15:51:02.095+0000] {dagbag.py:545} INFO - Filling up the DagBag from /home/airflow/.local/lib/python3.11/site-packages/airflow/example_dags/example_branch_day_of_week_operator.py
[2024-07-15T15:51:02.104+0000] {processor.py:840} INFO - DAG(s) 'example_weekday_branch_operator' retrieved from /home/airflow/.local/lib/python3.11/site-packages/airflow/example_dags/example_branch_day_of_week_operator.py
[2024-07-15T15:51:02.128+0000] {logging_mixin.py:188} INFO - [2024-07-15T15:51:02.128+0000] {dag.py:3096} INFO - Sync 1 DAGs
[2024-07-15T15:51:02.153+0000] {logging_mixin.py:188} INFO - [2024-07-15T15:51:02.153+0000] {dag.py:3954} INFO - Setting next_dagrun for example_weekday_branch_operator to 2024-07-14 00:00:00+00:00, run_after=2024-07-15 00:00:00+00:00
[2024-07-15T15:51:02.173+0000] {processor.py:183} INFO - Processing /home/airflow/.local/lib/python3.11/site-packages/airflow/example_dags/example_branch_day_of_week_operator.py took 0.089 seconds
[2024-07-15T15:51:07.259+0000] {processor.py:161} INFO - Started process (PID=23679) to work on /home/airflow/.local/lib/python3.11/site-packages/airflow/example_dags/example_branch_day_of_week_operator.py
[2024-07-15T15:51:07.261+0000] {processor.py:830} INFO - Processing file /home/airflow/.local/lib/python3.11/site-packages/airflow/example_dags/example_branch_day_of_week_operator.py for tasks to queue
[2024-07-15T15:51:07.264+0000] {logging_mixin.py:188} INFO - [2024-07-15T15:51:07.264+0000] {dagbag.py:545} INFO - Filling up the DagBag from /home/airflow/.local/lib/python3.11/site-packages/airflow/example_dags/example_branch_day_of_week_operator.py
[2024-07-15T15:51:07.281+0000] {processor.py:840} INFO - DAG(s) 'example_weekday_branch_operator' retrieved from /home/airflow/.local/lib/python3.11/site-packages/airflow/example_dags/example_branch_day_of_week_operator.py
[2024-07-15T15:51:07.309+0000] {logging_mixin.py:188} INFO - [2024-07-15T15:51:07.309+0000] {dag.py:3096} INFO - Sync 1 DAGs
[2024-07-15T15:51:07.349+0000] {logging_mixin.py:188} INFO - [2024-07-15T15:51:07.349+0000] {dag.py:3954} INFO - Setting next_dagrun for example_weekday_branch_operator to 2024-07-14 00:00:00+00:00, run_after=2024-07-15 00:00:00+00:00
[2024-07-15T15:51:07.375+0000] {processor.py:183} INFO - Processing /home/airflow/.local/lib/python3.11/site-packages/airflow/example_dags/example_branch_day_of_week_operator.py took 0.132 seconds
[2024-07-15T15:51:12.453+0000] {processor.py:161} INFO - Started process (PID=23731) to work on /home/airflow/.local/lib/python3.11/site-packages/airflow/example_dags/example_branch_day_of_week_operator.py
[2024-07-15T15:51:12.455+0000] {processor.py:830} INFO - Processing file /home/airflow/.local/lib/python3.11/site-packages/airflow/example_dags/example_branch_day_of_week_operator.py for tasks to queue
[2024-07-15T15:51:12.468+0000] {logging_mixin.py:188} INFO - [2024-07-15T15:51:12.468+0000] {dagbag.py:545} INFO - Filling up the DagBag from /home/airflow/.local/lib/python3.11/site-packages/airflow/example_dags/example_branch_day_of_week_operator.py
[2024-07-15T15:51:12.495+0000] {processor.py:840} INFO - DAG(s) 'example_weekday_branch_operator' retrieved from /home/airflow/.local/lib/python3.11/site-packages/airflow/example_dags/example_branch_day_of_week_operator.py
[2024-07-15T15:51:12.538+0000] {logging_mixin.py:188} INFO - [2024-07-15T15:51:12.538+0000] {dag.py:3096} INFO - Sync 1 DAGs
[2024-07-15T15:51:12.584+0000] {logging_mixin.py:188} INFO - [2024-07-15T15:51:12.583+0000] {dag.py:3954} INFO - Setting next_dagrun for example_weekday_branch_operator to 2024-07-14 00:00:00+00:00, run_after=2024-07-15 00:00:00+00:00
[2024-07-15T15:51:12.607+0000] {processor.py:183} INFO - Processing /home/airflow/.local/lib/python3.11/site-packages/airflow/example_dags/example_branch_day_of_week_operator.py took 0.163 seconds
[2024-07-15T15:51:16.912+0000] {processor.py:161} INFO - Started process (PID=23784) to work on /home/airflow/.local/lib/python3.11/site-packages/airflow/example_dags/example_branch_day_of_week_operator.py
[2024-07-15T15:51:16.913+0000] {processor.py:830} INFO - Processing file /home/airflow/.local/lib/python3.11/site-packages/airflow/example_dags/example_branch_day_of_week_operator.py for tasks to queue
[2024-07-15T15:51:16.916+0000] {logging_mixin.py:188} INFO - [2024-07-15T15:51:16.915+0000] {dagbag.py:545} INFO - Filling up the DagBag from /home/airflow/.local/lib/python3.11/site-packages/airflow/example_dags/example_branch_day_of_week_operator.py
[2024-07-15T15:51:16.925+0000] {processor.py:840} INFO - DAG(s) 'example_weekday_branch_operator' retrieved from /home/airflow/.local/lib/python3.11/site-packages/airflow/example_dags/example_branch_day_of_week_operator.py
[2024-07-15T15:51:16.978+0000] {logging_mixin.py:188} INFO - [2024-07-15T15:51:16.978+0000] {dag.py:3096} INFO - Sync 1 DAGs
[2024-07-15T15:51:17.004+0000] {logging_mixin.py:188} INFO - [2024-07-15T15:51:17.003+0000] {dag.py:3954} INFO - Setting next_dagrun for example_weekday_branch_operator to 2024-07-14 00:00:00+00:00, run_after=2024-07-15 00:00:00+00:00
[2024-07-15T15:51:17.047+0000] {processor.py:183} INFO - Processing /home/airflow/.local/lib/python3.11/site-packages/airflow/example_dags/example_branch_day_of_week_operator.py took 0.142 seconds
[2024-07-15T15:51:22.428+0000] {processor.py:161} INFO - Started process (PID=23842) to work on /home/airflow/.local/lib/python3.11/site-packages/airflow/example_dags/example_branch_day_of_week_operator.py
[2024-07-15T15:51:22.429+0000] {processor.py:830} INFO - Processing file /home/airflow/.local/lib/python3.11/site-packages/airflow/example_dags/example_branch_day_of_week_operator.py for tasks to queue
[2024-07-15T15:51:22.431+0000] {logging_mixin.py:188} INFO - [2024-07-15T15:51:22.431+0000] {dagbag.py:545} INFO - Filling up the DagBag from /home/airflow/.local/lib/python3.11/site-packages/airflow/example_dags/example_branch_day_of_week_operator.py
[2024-07-15T15:51:22.440+0000] {processor.py:840} INFO - DAG(s) 'example_weekday_branch_operator' retrieved from /home/airflow/.local/lib/python3.11/site-packages/airflow/example_dags/example_branch_day_of_week_operator.py
[2024-07-15T15:51:22.466+0000] {logging_mixin.py:188} INFO - [2024-07-15T15:51:22.466+0000] {dag.py:3096} INFO - Sync 1 DAGs
[2024-07-15T15:51:22.493+0000] {logging_mixin.py:188} INFO - [2024-07-15T15:51:22.493+0000] {dag.py:3954} INFO - Setting next_dagrun for example_weekday_branch_operator to 2024-07-14 00:00:00+00:00, run_after=2024-07-15 00:00:00+00:00
[2024-07-15T15:51:22.514+0000] {processor.py:183} INFO - Processing /home/airflow/.local/lib/python3.11/site-packages/airflow/example_dags/example_branch_day_of_week_operator.py took 0.094 seconds
[2024-07-15T15:52:54.946+0000] {processor.py:161} INFO - Started process (PID=24809) to work on /home/airflow/.local/lib/python3.11/site-packages/airflow/example_dags/example_branch_day_of_week_operator.py
[2024-07-15T15:52:54.948+0000] {processor.py:830} INFO - Processing file /home/airflow/.local/lib/python3.11/site-packages/airflow/example_dags/example_branch_day_of_week_operator.py for tasks to queue
[2024-07-15T15:52:54.951+0000] {logging_mixin.py:188} INFO - [2024-07-15T15:52:54.951+0000] {dagbag.py:545} INFO - Filling up the DagBag from /home/airflow/.local/lib/python3.11/site-packages/airflow/example_dags/example_branch_day_of_week_operator.py
[2024-07-15T15:52:54.965+0000] {processor.py:840} INFO - DAG(s) 'example_weekday_branch_operator' retrieved from /home/airflow/.local/lib/python3.11/site-packages/airflow/example_dags/example_branch_day_of_week_operator.py
[2024-07-15T15:52:55.004+0000] {logging_mixin.py:188} INFO - [2024-07-15T15:52:55.003+0000] {dag.py:3096} INFO - Sync 1 DAGs
[2024-07-15T15:52:55.066+0000] {logging_mixin.py:188} INFO - [2024-07-15T15:52:55.065+0000] {dag.py:3954} INFO - Setting next_dagrun for example_weekday_branch_operator to 2024-07-14 00:00:00+00:00, run_after=2024-07-15 00:00:00+00:00
[2024-07-15T15:52:55.112+0000] {processor.py:183} INFO - Processing /home/airflow/.local/lib/python3.11/site-packages/airflow/example_dags/example_branch_day_of_week_operator.py took 0.177 seconds
[2024-07-15T15:53:04.293+0000] {processor.py:161} INFO - Started process (PID=24862) to work on /home/airflow/.local/lib/python3.11/site-packages/airflow/example_dags/example_branch_day_of_week_operator.py
[2024-07-15T15:53:04.294+0000] {processor.py:830} INFO - Processing file /home/airflow/.local/lib/python3.11/site-packages/airflow/example_dags/example_branch_day_of_week_operator.py for tasks to queue
[2024-07-15T15:53:04.298+0000] {logging_mixin.py:188} INFO - [2024-07-15T15:53:04.298+0000] {dagbag.py:545} INFO - Filling up the DagBag from /home/airflow/.local/lib/python3.11/site-packages/airflow/example_dags/example_branch_day_of_week_operator.py
[2024-07-15T15:53:04.311+0000] {processor.py:840} INFO - DAG(s) 'example_weekday_branch_operator' retrieved from /home/airflow/.local/lib/python3.11/site-packages/airflow/example_dags/example_branch_day_of_week_operator.py
[2024-07-15T15:53:04.343+0000] {logging_mixin.py:188} INFO - [2024-07-15T15:53:04.343+0000] {dag.py:3096} INFO - Sync 1 DAGs
[2024-07-15T15:53:04.378+0000] {logging_mixin.py:188} INFO - [2024-07-15T15:53:04.377+0000] {dag.py:3954} INFO - Setting next_dagrun for example_weekday_branch_operator to 2024-07-14 00:00:00+00:00, run_after=2024-07-15 00:00:00+00:00
[2024-07-15T15:53:04.403+0000] {processor.py:183} INFO - Processing /home/airflow/.local/lib/python3.11/site-packages/airflow/example_dags/example_branch_day_of_week_operator.py took 0.122 seconds
[2024-07-15T15:53:09.307+0000] {processor.py:161} INFO - Started process (PID=24914) to work on /home/airflow/.local/lib/python3.11/site-packages/airflow/example_dags/example_branch_day_of_week_operator.py
[2024-07-15T15:53:09.309+0000] {processor.py:830} INFO - Processing file /home/airflow/.local/lib/python3.11/site-packages/airflow/example_dags/example_branch_day_of_week_operator.py for tasks to queue
[2024-07-15T15:53:09.311+0000] {logging_mixin.py:188} INFO - [2024-07-15T15:53:09.311+0000] {dagbag.py:545} INFO - Filling up the DagBag from /home/airflow/.local/lib/python3.11/site-packages/airflow/example_dags/example_branch_day_of_week_operator.py
[2024-07-15T15:53:09.322+0000] {processor.py:840} INFO - DAG(s) 'example_weekday_branch_operator' retrieved from /home/airflow/.local/lib/python3.11/site-packages/airflow/example_dags/example_branch_day_of_week_operator.py
[2024-07-15T15:53:09.354+0000] {logging_mixin.py:188} INFO - [2024-07-15T15:53:09.354+0000] {dag.py:3096} INFO - Sync 1 DAGs
[2024-07-15T15:53:09.386+0000] {logging_mixin.py:188} INFO - [2024-07-15T15:53:09.386+0000] {dag.py:3954} INFO - Setting next_dagrun for example_weekday_branch_operator to 2024-07-14 00:00:00+00:00, run_after=2024-07-15 00:00:00+00:00
[2024-07-15T15:53:09.410+0000] {processor.py:183} INFO - Processing /home/airflow/.local/lib/python3.11/site-packages/airflow/example_dags/example_branch_day_of_week_operator.py took 0.114 seconds
[2024-07-15T15:53:14.635+0000] {processor.py:161} INFO - Started process (PID=24968) to work on /home/airflow/.local/lib/python3.11/site-packages/airflow/example_dags/example_branch_day_of_week_operator.py
[2024-07-15T15:53:14.637+0000] {processor.py:830} INFO - Processing file /home/airflow/.local/lib/python3.11/site-packages/airflow/example_dags/example_branch_day_of_week_operator.py for tasks to queue
[2024-07-15T15:53:14.642+0000] {logging_mixin.py:188} INFO - [2024-07-15T15:53:14.641+0000] {dagbag.py:545} INFO - Filling up the DagBag from /home/airflow/.local/lib/python3.11/site-packages/airflow/example_dags/example_branch_day_of_week_operator.py
[2024-07-15T15:53:14.657+0000] {processor.py:840} INFO - DAG(s) 'example_weekday_branch_operator' retrieved from /home/airflow/.local/lib/python3.11/site-packages/airflow/example_dags/example_branch_day_of_week_operator.py
[2024-07-15T15:53:14.692+0000] {logging_mixin.py:188} INFO - [2024-07-15T15:53:14.691+0000] {dag.py:3096} INFO - Sync 1 DAGs
[2024-07-15T15:53:14.721+0000] {logging_mixin.py:188} INFO - [2024-07-15T15:53:14.721+0000] {dag.py:3954} INFO - Setting next_dagrun for example_weekday_branch_operator to 2024-07-14 00:00:00+00:00, run_after=2024-07-15 00:00:00+00:00
[2024-07-15T15:53:14.746+0000] {processor.py:183} INFO - Processing /home/airflow/.local/lib/python3.11/site-packages/airflow/example_dags/example_branch_day_of_week_operator.py took 0.119 seconds
[2024-07-15T15:53:19.919+0000] {processor.py:161} INFO - Started process (PID=25020) to work on /home/airflow/.local/lib/python3.11/site-packages/airflow/example_dags/example_branch_day_of_week_operator.py
[2024-07-15T15:53:19.920+0000] {processor.py:830} INFO - Processing file /home/airflow/.local/lib/python3.11/site-packages/airflow/example_dags/example_branch_day_of_week_operator.py for tasks to queue
[2024-07-15T15:53:19.924+0000] {logging_mixin.py:188} INFO - [2024-07-15T15:53:19.924+0000] {dagbag.py:545} INFO - Filling up the DagBag from /home/airflow/.local/lib/python3.11/site-packages/airflow/example_dags/example_branch_day_of_week_operator.py
[2024-07-15T15:53:19.934+0000] {processor.py:840} INFO - DAG(s) 'example_weekday_branch_operator' retrieved from /home/airflow/.local/lib/python3.11/site-packages/airflow/example_dags/example_branch_day_of_week_operator.py
[2024-07-15T15:53:19.964+0000] {logging_mixin.py:188} INFO - [2024-07-15T15:53:19.964+0000] {dag.py:3096} INFO - Sync 1 DAGs
[2024-07-15T15:53:19.993+0000] {logging_mixin.py:188} INFO - [2024-07-15T15:53:19.993+0000] {dag.py:3954} INFO - Setting next_dagrun for example_weekday_branch_operator to 2024-07-14 00:00:00+00:00, run_after=2024-07-15 00:00:00+00:00
[2024-07-15T15:53:20.016+0000] {processor.py:183} INFO - Processing /home/airflow/.local/lib/python3.11/site-packages/airflow/example_dags/example_branch_day_of_week_operator.py took 0.105 seconds
[2024-07-15T15:53:24.709+0000] {processor.py:161} INFO - Started process (PID=25080) to work on /home/airflow/.local/lib/python3.11/site-packages/airflow/example_dags/example_branch_day_of_week_operator.py
[2024-07-15T15:53:24.711+0000] {processor.py:830} INFO - Processing file /home/airflow/.local/lib/python3.11/site-packages/airflow/example_dags/example_branch_day_of_week_operator.py for tasks to queue
[2024-07-15T15:53:24.713+0000] {logging_mixin.py:188} INFO - [2024-07-15T15:53:24.713+0000] {dagbag.py:545} INFO - Filling up the DagBag from /home/airflow/.local/lib/python3.11/site-packages/airflow/example_dags/example_branch_day_of_week_operator.py
[2024-07-15T15:53:24.725+0000] {processor.py:840} INFO - DAG(s) 'example_weekday_branch_operator' retrieved from /home/airflow/.local/lib/python3.11/site-packages/airflow/example_dags/example_branch_day_of_week_operator.py
[2024-07-15T15:53:24.752+0000] {logging_mixin.py:188} INFO - [2024-07-15T15:53:24.751+0000] {dag.py:3096} INFO - Sync 1 DAGs
[2024-07-15T15:53:24.779+0000] {logging_mixin.py:188} INFO - [2024-07-15T15:53:24.779+0000] {dag.py:3954} INFO - Setting next_dagrun for example_weekday_branch_operator to 2024-07-14 00:00:00+00:00, run_after=2024-07-15 00:00:00+00:00
[2024-07-15T15:53:24.803+0000] {processor.py:183} INFO - Processing /home/airflow/.local/lib/python3.11/site-packages/airflow/example_dags/example_branch_day_of_week_operator.py took 0.102 seconds
[2024-07-15T15:53:29.784+0000] {processor.py:161} INFO - Started process (PID=25132) to work on /home/airflow/.local/lib/python3.11/site-packages/airflow/example_dags/example_branch_day_of_week_operator.py
[2024-07-15T15:53:29.786+0000] {processor.py:830} INFO - Processing file /home/airflow/.local/lib/python3.11/site-packages/airflow/example_dags/example_branch_day_of_week_operator.py for tasks to queue
[2024-07-15T15:53:29.789+0000] {logging_mixin.py:188} INFO - [2024-07-15T15:53:29.788+0000] {dagbag.py:545} INFO - Filling up the DagBag from /home/airflow/.local/lib/python3.11/site-packages/airflow/example_dags/example_branch_day_of_week_operator.py
[2024-07-15T15:53:29.801+0000] {processor.py:840} INFO - DAG(s) 'example_weekday_branch_operator' retrieved from /home/airflow/.local/lib/python3.11/site-packages/airflow/example_dags/example_branch_day_of_week_operator.py
[2024-07-15T15:53:29.839+0000] {logging_mixin.py:188} INFO - [2024-07-15T15:53:29.839+0000] {dag.py:3096} INFO - Sync 1 DAGs
[2024-07-15T15:53:29.881+0000] {logging_mixin.py:188} INFO - [2024-07-15T15:53:29.881+0000] {dag.py:3954} INFO - Setting next_dagrun for example_weekday_branch_operator to 2024-07-14 00:00:00+00:00, run_after=2024-07-15 00:00:00+00:00
[2024-07-15T15:53:29.907+0000] {processor.py:183} INFO - Processing /home/airflow/.local/lib/python3.11/site-packages/airflow/example_dags/example_branch_day_of_week_operator.py took 0.132 seconds
[2024-07-15T15:53:35.502+0000] {processor.py:161} INFO - Started process (PID=25186) to work on /home/airflow/.local/lib/python3.11/site-packages/airflow/example_dags/example_branch_day_of_week_operator.py
[2024-07-15T15:53:35.504+0000] {processor.py:830} INFO - Processing file /home/airflow/.local/lib/python3.11/site-packages/airflow/example_dags/example_branch_day_of_week_operator.py for tasks to queue
[2024-07-15T15:53:35.506+0000] {logging_mixin.py:188} INFO - [2024-07-15T15:53:35.506+0000] {dagbag.py:545} INFO - Filling up the DagBag from /home/airflow/.local/lib/python3.11/site-packages/airflow/example_dags/example_branch_day_of_week_operator.py
[2024-07-15T15:53:35.519+0000] {processor.py:840} INFO - DAG(s) 'example_weekday_branch_operator' retrieved from /home/airflow/.local/lib/python3.11/site-packages/airflow/example_dags/example_branch_day_of_week_operator.py
[2024-07-15T15:53:35.564+0000] {logging_mixin.py:188} INFO - [2024-07-15T15:53:35.564+0000] {dag.py:3096} INFO - Sync 1 DAGs
[2024-07-15T15:53:35.602+0000] {logging_mixin.py:188} INFO - [2024-07-15T15:53:35.601+0000] {dag.py:3954} INFO - Setting next_dagrun for example_weekday_branch_operator to 2024-07-14 00:00:00+00:00, run_after=2024-07-15 00:00:00+00:00
[2024-07-15T15:53:35.631+0000] {processor.py:183} INFO - Processing /home/airflow/.local/lib/python3.11/site-packages/airflow/example_dags/example_branch_day_of_week_operator.py took 0.140 seconds
[2024-07-15T15:53:40.612+0000] {processor.py:161} INFO - Started process (PID=25238) to work on /home/airflow/.local/lib/python3.11/site-packages/airflow/example_dags/example_branch_day_of_week_operator.py
[2024-07-15T15:53:40.614+0000] {processor.py:830} INFO - Processing file /home/airflow/.local/lib/python3.11/site-packages/airflow/example_dags/example_branch_day_of_week_operator.py for tasks to queue
[2024-07-15T15:53:40.617+0000] {logging_mixin.py:188} INFO - [2024-07-15T15:53:40.616+0000] {dagbag.py:545} INFO - Filling up the DagBag from /home/airflow/.local/lib/python3.11/site-packages/airflow/example_dags/example_branch_day_of_week_operator.py
[2024-07-15T15:53:40.628+0000] {processor.py:840} INFO - DAG(s) 'example_weekday_branch_operator' retrieved from /home/airflow/.local/lib/python3.11/site-packages/airflow/example_dags/example_branch_day_of_week_operator.py
[2024-07-15T15:53:40.658+0000] {logging_mixin.py:188} INFO - [2024-07-15T15:53:40.658+0000] {dag.py:3096} INFO - Sync 1 DAGs
[2024-07-15T15:53:40.687+0000] {logging_mixin.py:188} INFO - [2024-07-15T15:53:40.687+0000] {dag.py:3954} INFO - Setting next_dagrun for example_weekday_branch_operator to 2024-07-14 00:00:00+00:00, run_after=2024-07-15 00:00:00+00:00
[2024-07-15T15:53:40.711+0000] {processor.py:183} INFO - Processing /home/airflow/.local/lib/python3.11/site-packages/airflow/example_dags/example_branch_day_of_week_operator.py took 0.109 seconds
[2024-07-15T15:53:45.588+0000] {processor.py:161} INFO - Started process (PID=25292) to work on /home/airflow/.local/lib/python3.11/site-packages/airflow/example_dags/example_branch_day_of_week_operator.py
[2024-07-15T15:53:45.590+0000] {processor.py:830} INFO - Processing file /home/airflow/.local/lib/python3.11/site-packages/airflow/example_dags/example_branch_day_of_week_operator.py for tasks to queue
[2024-07-15T15:53:45.592+0000] {logging_mixin.py:188} INFO - [2024-07-15T15:53:45.592+0000] {dagbag.py:545} INFO - Filling up the DagBag from /home/airflow/.local/lib/python3.11/site-packages/airflow/example_dags/example_branch_day_of_week_operator.py
[2024-07-15T15:53:45.602+0000] {processor.py:840} INFO - DAG(s) 'example_weekday_branch_operator' retrieved from /home/airflow/.local/lib/python3.11/site-packages/airflow/example_dags/example_branch_day_of_week_operator.py
[2024-07-15T15:53:45.627+0000] {logging_mixin.py:188} INFO - [2024-07-15T15:53:45.627+0000] {dag.py:3096} INFO - Sync 1 DAGs
[2024-07-15T15:53:45.652+0000] {logging_mixin.py:188} INFO - [2024-07-15T15:53:45.652+0000] {dag.py:3954} INFO - Setting next_dagrun for example_weekday_branch_operator to 2024-07-14 00:00:00+00:00, run_after=2024-07-15 00:00:00+00:00
[2024-07-15T15:53:45.673+0000] {processor.py:183} INFO - Processing /home/airflow/.local/lib/python3.11/site-packages/airflow/example_dags/example_branch_day_of_week_operator.py took 0.093 seconds
[2024-07-15T15:53:51.934+0000] {processor.py:161} INFO - Started process (PID=25350) to work on /home/airflow/.local/lib/python3.11/site-packages/airflow/example_dags/example_branch_day_of_week_operator.py
[2024-07-15T15:53:51.936+0000] {processor.py:830} INFO - Processing file /home/airflow/.local/lib/python3.11/site-packages/airflow/example_dags/example_branch_day_of_week_operator.py for tasks to queue
[2024-07-15T15:53:51.939+0000] {logging_mixin.py:188} INFO - [2024-07-15T15:53:51.938+0000] {dagbag.py:545} INFO - Filling up the DagBag from /home/airflow/.local/lib/python3.11/site-packages/airflow/example_dags/example_branch_day_of_week_operator.py
[2024-07-15T15:53:51.953+0000] {processor.py:840} INFO - DAG(s) 'example_weekday_branch_operator' retrieved from /home/airflow/.local/lib/python3.11/site-packages/airflow/example_dags/example_branch_day_of_week_operator.py
[2024-07-15T15:53:51.985+0000] {logging_mixin.py:188} INFO - [2024-07-15T15:53:51.984+0000] {dag.py:3096} INFO - Sync 1 DAGs
[2024-07-15T15:53:52.018+0000] {logging_mixin.py:188} INFO - [2024-07-15T15:53:52.018+0000] {dag.py:3954} INFO - Setting next_dagrun for example_weekday_branch_operator to 2024-07-14 00:00:00+00:00, run_after=2024-07-15 00:00:00+00:00
[2024-07-15T15:53:52.045+0000] {processor.py:183} INFO - Processing /home/airflow/.local/lib/python3.11/site-packages/airflow/example_dags/example_branch_day_of_week_operator.py took 0.121 seconds
[2024-07-15T15:53:57.647+0000] {processor.py:161} INFO - Started process (PID=25403) to work on /home/airflow/.local/lib/python3.11/site-packages/airflow/example_dags/example_branch_day_of_week_operator.py
[2024-07-15T15:53:57.648+0000] {processor.py:830} INFO - Processing file /home/airflow/.local/lib/python3.11/site-packages/airflow/example_dags/example_branch_day_of_week_operator.py for tasks to queue
[2024-07-15T15:53:57.651+0000] {logging_mixin.py:188} INFO - [2024-07-15T15:53:57.650+0000] {dagbag.py:545} INFO - Filling up the DagBag from /home/airflow/.local/lib/python3.11/site-packages/airflow/example_dags/example_branch_day_of_week_operator.py
[2024-07-15T15:53:57.663+0000] {processor.py:840} INFO - DAG(s) 'example_weekday_branch_operator' retrieved from /home/airflow/.local/lib/python3.11/site-packages/airflow/example_dags/example_branch_day_of_week_operator.py
[2024-07-15T15:53:57.692+0000] {logging_mixin.py:188} INFO - [2024-07-15T15:53:57.692+0000] {dag.py:3096} INFO - Sync 1 DAGs
[2024-07-15T15:53:57.720+0000] {logging_mixin.py:188} INFO - [2024-07-15T15:53:57.720+0000] {dag.py:3954} INFO - Setting next_dagrun for example_weekday_branch_operator to 2024-07-14 00:00:00+00:00, run_after=2024-07-15 00:00:00+00:00
[2024-07-15T15:53:57.746+0000] {processor.py:183} INFO - Processing /home/airflow/.local/lib/python3.11/site-packages/airflow/example_dags/example_branch_day_of_week_operator.py took 0.107 seconds
[2024-07-15T15:54:02.647+0000] {processor.py:161} INFO - Started process (PID=25455) to work on /home/airflow/.local/lib/python3.11/site-packages/airflow/example_dags/example_branch_day_of_week_operator.py
[2024-07-15T15:54:02.648+0000] {processor.py:830} INFO - Processing file /home/airflow/.local/lib/python3.11/site-packages/airflow/example_dags/example_branch_day_of_week_operator.py for tasks to queue
[2024-07-15T15:54:02.651+0000] {logging_mixin.py:188} INFO - [2024-07-15T15:54:02.650+0000] {dagbag.py:545} INFO - Filling up the DagBag from /home/airflow/.local/lib/python3.11/site-packages/airflow/example_dags/example_branch_day_of_week_operator.py
[2024-07-15T15:54:02.662+0000] {processor.py:840} INFO - DAG(s) 'example_weekday_branch_operator' retrieved from /home/airflow/.local/lib/python3.11/site-packages/airflow/example_dags/example_branch_day_of_week_operator.py
[2024-07-15T15:54:02.689+0000] {logging_mixin.py:188} INFO - [2024-07-15T15:54:02.689+0000] {dag.py:3096} INFO - Sync 1 DAGs
[2024-07-15T15:54:02.717+0000] {logging_mixin.py:188} INFO - [2024-07-15T15:54:02.717+0000] {dag.py:3954} INFO - Setting next_dagrun for example_weekday_branch_operator to 2024-07-14 00:00:00+00:00, run_after=2024-07-15 00:00:00+00:00
[2024-07-15T15:54:02.743+0000] {processor.py:183} INFO - Processing /home/airflow/.local/lib/python3.11/site-packages/airflow/example_dags/example_branch_day_of_week_operator.py took 0.104 seconds
[2024-07-15T15:54:09.003+0000] {processor.py:161} INFO - Started process (PID=25509) to work on /home/airflow/.local/lib/python3.11/site-packages/airflow/example_dags/example_branch_day_of_week_operator.py
[2024-07-15T15:54:09.005+0000] {processor.py:830} INFO - Processing file /home/airflow/.local/lib/python3.11/site-packages/airflow/example_dags/example_branch_day_of_week_operator.py for tasks to queue
[2024-07-15T15:54:09.008+0000] {logging_mixin.py:188} INFO - [2024-07-15T15:54:09.007+0000] {dagbag.py:545} INFO - Filling up the DagBag from /home/airflow/.local/lib/python3.11/site-packages/airflow/example_dags/example_branch_day_of_week_operator.py
[2024-07-15T15:54:09.018+0000] {processor.py:840} INFO - DAG(s) 'example_weekday_branch_operator' retrieved from /home/airflow/.local/lib/python3.11/site-packages/airflow/example_dags/example_branch_day_of_week_operator.py
[2024-07-15T15:54:09.048+0000] {logging_mixin.py:188} INFO - [2024-07-15T15:54:09.047+0000] {dag.py:3096} INFO - Sync 1 DAGs
[2024-07-15T15:54:09.080+0000] {logging_mixin.py:188} INFO - [2024-07-15T15:54:09.080+0000] {dag.py:3954} INFO - Setting next_dagrun for example_weekday_branch_operator to 2024-07-14 00:00:00+00:00, run_after=2024-07-15 00:00:00+00:00
[2024-07-15T15:54:09.106+0000] {processor.py:183} INFO - Processing /home/airflow/.local/lib/python3.11/site-packages/airflow/example_dags/example_branch_day_of_week_operator.py took 0.111 seconds
[2024-07-15T15:54:15.175+0000] {processor.py:161} INFO - Started process (PID=25561) to work on /home/airflow/.local/lib/python3.11/site-packages/airflow/example_dags/example_branch_day_of_week_operator.py
[2024-07-15T15:54:15.177+0000] {processor.py:830} INFO - Processing file /home/airflow/.local/lib/python3.11/site-packages/airflow/example_dags/example_branch_day_of_week_operator.py for tasks to queue
[2024-07-15T15:54:15.180+0000] {logging_mixin.py:188} INFO - [2024-07-15T15:54:15.179+0000] {dagbag.py:545} INFO - Filling up the DagBag from /home/airflow/.local/lib/python3.11/site-packages/airflow/example_dags/example_branch_day_of_week_operator.py
[2024-07-15T15:54:15.192+0000] {processor.py:840} INFO - DAG(s) 'example_weekday_branch_operator' retrieved from /home/airflow/.local/lib/python3.11/site-packages/airflow/example_dags/example_branch_day_of_week_operator.py
[2024-07-15T15:54:15.224+0000] {logging_mixin.py:188} INFO - [2024-07-15T15:54:15.223+0000] {dag.py:3096} INFO - Sync 1 DAGs
[2024-07-15T15:54:15.259+0000] {logging_mixin.py:188} INFO - [2024-07-15T15:54:15.259+0000] {dag.py:3954} INFO - Setting next_dagrun for example_weekday_branch_operator to 2024-07-14 00:00:00+00:00, run_after=2024-07-15 00:00:00+00:00
[2024-07-15T15:54:15.283+0000] {processor.py:183} INFO - Processing /home/airflow/.local/lib/python3.11/site-packages/airflow/example_dags/example_branch_day_of_week_operator.py took 0.118 seconds
[2024-07-15T15:54:20.115+0000] {processor.py:161} INFO - Started process (PID=25614) to work on /home/airflow/.local/lib/python3.11/site-packages/airflow/example_dags/example_branch_day_of_week_operator.py
[2024-07-15T15:54:20.116+0000] {processor.py:830} INFO - Processing file /home/airflow/.local/lib/python3.11/site-packages/airflow/example_dags/example_branch_day_of_week_operator.py for tasks to queue
[2024-07-15T15:54:20.119+0000] {logging_mixin.py:188} INFO - [2024-07-15T15:54:20.119+0000] {dagbag.py:545} INFO - Filling up the DagBag from /home/airflow/.local/lib/python3.11/site-packages/airflow/example_dags/example_branch_day_of_week_operator.py
[2024-07-15T15:54:20.131+0000] {processor.py:840} INFO - DAG(s) 'example_weekday_branch_operator' retrieved from /home/airflow/.local/lib/python3.11/site-packages/airflow/example_dags/example_branch_day_of_week_operator.py
[2024-07-15T15:54:20.161+0000] {logging_mixin.py:188} INFO - [2024-07-15T15:54:20.161+0000] {dag.py:3096} INFO - Sync 1 DAGs
[2024-07-15T15:54:20.192+0000] {logging_mixin.py:188} INFO - [2024-07-15T15:54:20.192+0000] {dag.py:3954} INFO - Setting next_dagrun for example_weekday_branch_operator to 2024-07-14 00:00:00+00:00, run_after=2024-07-15 00:00:00+00:00
[2024-07-15T15:54:20.218+0000] {processor.py:183} INFO - Processing /home/airflow/.local/lib/python3.11/site-packages/airflow/example_dags/example_branch_day_of_week_operator.py took 0.114 seconds
[2024-07-15T15:54:26.486+0000] {processor.py:161} INFO - Started process (PID=25672) to work on /home/airflow/.local/lib/python3.11/site-packages/airflow/example_dags/example_branch_day_of_week_operator.py
[2024-07-15T15:54:26.488+0000] {processor.py:830} INFO - Processing file /home/airflow/.local/lib/python3.11/site-packages/airflow/example_dags/example_branch_day_of_week_operator.py for tasks to queue
[2024-07-15T15:54:26.493+0000] {logging_mixin.py:188} INFO - [2024-07-15T15:54:26.492+0000] {dagbag.py:545} INFO - Filling up the DagBag from /home/airflow/.local/lib/python3.11/site-packages/airflow/example_dags/example_branch_day_of_week_operator.py
[2024-07-15T15:54:26.522+0000] {processor.py:840} INFO - DAG(s) 'example_weekday_branch_operator' retrieved from /home/airflow/.local/lib/python3.11/site-packages/airflow/example_dags/example_branch_day_of_week_operator.py
[2024-07-15T15:54:26.563+0000] {logging_mixin.py:188} INFO - [2024-07-15T15:54:26.562+0000] {dag.py:3096} INFO - Sync 1 DAGs
[2024-07-15T15:54:26.618+0000] {logging_mixin.py:188} INFO - [2024-07-15T15:54:26.618+0000] {dag.py:3954} INFO - Setting next_dagrun for example_weekday_branch_operator to 2024-07-14 00:00:00+00:00, run_after=2024-07-15 00:00:00+00:00
[2024-07-15T15:54:26.655+0000] {processor.py:183} INFO - Processing /home/airflow/.local/lib/python3.11/site-packages/airflow/example_dags/example_branch_day_of_week_operator.py took 0.185 seconds
[2024-07-15T15:54:37.127+0000] {processor.py:161} INFO - Started process (PID=25725) to work on /home/airflow/.local/lib/python3.11/site-packages/airflow/example_dags/example_branch_day_of_week_operator.py
[2024-07-15T15:54:37.130+0000] {processor.py:830} INFO - Processing file /home/airflow/.local/lib/python3.11/site-packages/airflow/example_dags/example_branch_day_of_week_operator.py for tasks to queue
[2024-07-15T15:54:37.135+0000] {logging_mixin.py:188} INFO - [2024-07-15T15:54:37.134+0000] {dagbag.py:545} INFO - Filling up the DagBag from /home/airflow/.local/lib/python3.11/site-packages/airflow/example_dags/example_branch_day_of_week_operator.py
[2024-07-15T15:54:37.157+0000] {processor.py:840} INFO - DAG(s) 'example_weekday_branch_operator' retrieved from /home/airflow/.local/lib/python3.11/site-packages/airflow/example_dags/example_branch_day_of_week_operator.py
[2024-07-15T15:54:37.252+0000] {logging_mixin.py:188} INFO - [2024-07-15T15:54:37.251+0000] {dag.py:3096} INFO - Sync 1 DAGs
[2024-07-15T15:54:37.659+0000] {logging_mixin.py:188} INFO - [2024-07-15T15:54:37.658+0000] {dag.py:3954} INFO - Setting next_dagrun for example_weekday_branch_operator to 2024-07-14 00:00:00+00:00, run_after=2024-07-15 00:00:00+00:00
[2024-07-15T15:54:37.699+0000] {processor.py:183} INFO - Processing /home/airflow/.local/lib/python3.11/site-packages/airflow/example_dags/example_branch_day_of_week_operator.py took 0.585 seconds
[2024-07-15T15:54:46.526+0000] {processor.py:161} INFO - Started process (PID=25777) to work on /home/airflow/.local/lib/python3.11/site-packages/airflow/example_dags/example_branch_day_of_week_operator.py
[2024-07-15T15:54:46.528+0000] {processor.py:830} INFO - Processing file /home/airflow/.local/lib/python3.11/site-packages/airflow/example_dags/example_branch_day_of_week_operator.py for tasks to queue
[2024-07-15T15:54:46.533+0000] {logging_mixin.py:188} INFO - [2024-07-15T15:54:46.532+0000] {dagbag.py:545} INFO - Filling up the DagBag from /home/airflow/.local/lib/python3.11/site-packages/airflow/example_dags/example_branch_day_of_week_operator.py
[2024-07-15T15:54:46.551+0000] {processor.py:840} INFO - DAG(s) 'example_weekday_branch_operator' retrieved from /home/airflow/.local/lib/python3.11/site-packages/airflow/example_dags/example_branch_day_of_week_operator.py
[2024-07-15T15:54:46.596+0000] {logging_mixin.py:188} INFO - [2024-07-15T15:54:46.595+0000] {dag.py:3096} INFO - Sync 1 DAGs
[2024-07-15T15:54:46.640+0000] {logging_mixin.py:188} INFO - [2024-07-15T15:54:46.640+0000] {dag.py:3954} INFO - Setting next_dagrun for example_weekday_branch_operator to 2024-07-14 00:00:00+00:00, run_after=2024-07-15 00:00:00+00:00
[2024-07-15T15:54:46.668+0000] {processor.py:183} INFO - Processing /home/airflow/.local/lib/python3.11/site-packages/airflow/example_dags/example_branch_day_of_week_operator.py took 0.164 seconds
[2024-07-15T15:54:56.614+0000] {processor.py:161} INFO - Started process (PID=25837) to work on /home/airflow/.local/lib/python3.11/site-packages/airflow/example_dags/example_branch_day_of_week_operator.py
[2024-07-15T15:54:56.617+0000] {processor.py:830} INFO - Processing file /home/airflow/.local/lib/python3.11/site-packages/airflow/example_dags/example_branch_day_of_week_operator.py for tasks to queue
[2024-07-15T15:54:56.622+0000] {logging_mixin.py:188} INFO - [2024-07-15T15:54:56.621+0000] {dagbag.py:545} INFO - Filling up the DagBag from /home/airflow/.local/lib/python3.11/site-packages/airflow/example_dags/example_branch_day_of_week_operator.py
[2024-07-15T15:54:56.645+0000] {processor.py:840} INFO - DAG(s) 'example_weekday_branch_operator' retrieved from /home/airflow/.local/lib/python3.11/site-packages/airflow/example_dags/example_branch_day_of_week_operator.py
[2024-07-15T15:54:56.688+0000] {logging_mixin.py:188} INFO - [2024-07-15T15:54:56.688+0000] {dag.py:3096} INFO - Sync 1 DAGs
[2024-07-15T15:54:56.745+0000] {logging_mixin.py:188} INFO - [2024-07-15T15:54:56.745+0000] {dag.py:3954} INFO - Setting next_dagrun for example_weekday_branch_operator to 2024-07-14 00:00:00+00:00, run_after=2024-07-15 00:00:00+00:00
[2024-07-15T15:54:56.787+0000] {processor.py:183} INFO - Processing /home/airflow/.local/lib/python3.11/site-packages/airflow/example_dags/example_branch_day_of_week_operator.py took 0.194 seconds
[2024-07-15T15:55:08.392+0000] {processor.py:161} INFO - Started process (PID=25889) to work on /home/airflow/.local/lib/python3.11/site-packages/airflow/example_dags/example_branch_day_of_week_operator.py
[2024-07-15T15:55:08.395+0000] {processor.py:830} INFO - Processing file /home/airflow/.local/lib/python3.11/site-packages/airflow/example_dags/example_branch_day_of_week_operator.py for tasks to queue
[2024-07-15T15:55:08.400+0000] {logging_mixin.py:188} INFO - [2024-07-15T15:55:08.399+0000] {dagbag.py:545} INFO - Filling up the DagBag from /home/airflow/.local/lib/python3.11/site-packages/airflow/example_dags/example_branch_day_of_week_operator.py
[2024-07-15T15:55:08.420+0000] {processor.py:840} INFO - DAG(s) 'example_weekday_branch_operator' retrieved from /home/airflow/.local/lib/python3.11/site-packages/airflow/example_dags/example_branch_day_of_week_operator.py
[2024-07-15T15:55:08.463+0000] {logging_mixin.py:188} INFO - [2024-07-15T15:55:08.463+0000] {dag.py:3096} INFO - Sync 1 DAGs
[2024-07-15T15:55:08.889+0000] {logging_mixin.py:188} INFO - [2024-07-15T15:55:08.889+0000] {dag.py:3954} INFO - Setting next_dagrun for example_weekday_branch_operator to 2024-07-14 00:00:00+00:00, run_after=2024-07-15 00:00:00+00:00
[2024-07-15T15:55:08.942+0000] {processor.py:183} INFO - Processing /home/airflow/.local/lib/python3.11/site-packages/airflow/example_dags/example_branch_day_of_week_operator.py took 0.567 seconds
[2024-07-15T15:55:20.516+0000] {processor.py:161} INFO - Started process (PID=25942) to work on /home/airflow/.local/lib/python3.11/site-packages/airflow/example_dags/example_branch_day_of_week_operator.py
[2024-07-15T15:55:20.520+0000] {processor.py:830} INFO - Processing file /home/airflow/.local/lib/python3.11/site-packages/airflow/example_dags/example_branch_day_of_week_operator.py for tasks to queue
[2024-07-15T15:55:20.529+0000] {logging_mixin.py:188} INFO - [2024-07-15T15:55:20.528+0000] {dagbag.py:545} INFO - Filling up the DagBag from /home/airflow/.local/lib/python3.11/site-packages/airflow/example_dags/example_branch_day_of_week_operator.py
[2024-07-15T15:55:20.569+0000] {processor.py:840} INFO - DAG(s) 'example_weekday_branch_operator' retrieved from /home/airflow/.local/lib/python3.11/site-packages/airflow/example_dags/example_branch_day_of_week_operator.py
[2024-07-15T15:55:20.691+0000] {logging_mixin.py:188} INFO - [2024-07-15T15:55:20.690+0000] {dag.py:3096} INFO - Sync 1 DAGs
[2024-07-15T15:55:20.759+0000] {logging_mixin.py:188} INFO - [2024-07-15T15:55:20.759+0000] {dag.py:3954} INFO - Setting next_dagrun for example_weekday_branch_operator to 2024-07-14 00:00:00+00:00, run_after=2024-07-15 00:00:00+00:00
[2024-07-15T15:55:20.802+0000] {processor.py:183} INFO - Processing /home/airflow/.local/lib/python3.11/site-packages/airflow/example_dags/example_branch_day_of_week_operator.py took 0.302 seconds
[2024-07-15T15:55:30.953+0000] {processor.py:161} INFO - Started process (PID=26000) to work on /home/airflow/.local/lib/python3.11/site-packages/airflow/example_dags/example_branch_day_of_week_operator.py
[2024-07-15T15:55:30.955+0000] {processor.py:830} INFO - Processing file /home/airflow/.local/lib/python3.11/site-packages/airflow/example_dags/example_branch_day_of_week_operator.py for tasks to queue
[2024-07-15T15:55:30.958+0000] {logging_mixin.py:188} INFO - [2024-07-15T15:55:30.957+0000] {dagbag.py:545} INFO - Filling up the DagBag from /home/airflow/.local/lib/python3.11/site-packages/airflow/example_dags/example_branch_day_of_week_operator.py
[2024-07-15T15:55:30.978+0000] {processor.py:840} INFO - DAG(s) 'example_weekday_branch_operator' retrieved from /home/airflow/.local/lib/python3.11/site-packages/airflow/example_dags/example_branch_day_of_week_operator.py
[2024-07-15T15:55:31.213+0000] {logging_mixin.py:188} INFO - [2024-07-15T15:55:31.213+0000] {dag.py:3096} INFO - Sync 1 DAGs
[2024-07-15T15:55:31.249+0000] {logging_mixin.py:188} INFO - [2024-07-15T15:55:31.249+0000] {dag.py:3954} INFO - Setting next_dagrun for example_weekday_branch_operator to 2024-07-14 00:00:00+00:00, run_after=2024-07-15 00:00:00+00:00
[2024-07-15T15:55:31.276+0000] {processor.py:183} INFO - Processing /home/airflow/.local/lib/python3.11/site-packages/airflow/example_dags/example_branch_day_of_week_operator.py took 0.337 seconds
[2024-07-15T15:55:38.486+0000] {processor.py:161} INFO - Started process (PID=26053) to work on /home/airflow/.local/lib/python3.11/site-packages/airflow/example_dags/example_branch_day_of_week_operator.py
[2024-07-15T15:55:38.488+0000] {processor.py:830} INFO - Processing file /home/airflow/.local/lib/python3.11/site-packages/airflow/example_dags/example_branch_day_of_week_operator.py for tasks to queue
[2024-07-15T15:55:38.491+0000] {logging_mixin.py:188} INFO - [2024-07-15T15:55:38.490+0000] {dagbag.py:545} INFO - Filling up the DagBag from /home/airflow/.local/lib/python3.11/site-packages/airflow/example_dags/example_branch_day_of_week_operator.py
[2024-07-15T15:55:38.504+0000] {processor.py:840} INFO - DAG(s) 'example_weekday_branch_operator' retrieved from /home/airflow/.local/lib/python3.11/site-packages/airflow/example_dags/example_branch_day_of_week_operator.py
[2024-07-15T15:55:38.540+0000] {logging_mixin.py:188} INFO - [2024-07-15T15:55:38.540+0000] {dag.py:3096} INFO - Sync 1 DAGs
[2024-07-15T15:55:38.573+0000] {logging_mixin.py:188} INFO - [2024-07-15T15:55:38.572+0000] {dag.py:3954} INFO - Setting next_dagrun for example_weekday_branch_operator to 2024-07-14 00:00:00+00:00, run_after=2024-07-15 00:00:00+00:00
[2024-07-15T15:55:38.603+0000] {processor.py:183} INFO - Processing /home/airflow/.local/lib/python3.11/site-packages/airflow/example_dags/example_branch_day_of_week_operator.py took 0.128 seconds
[2024-07-15T15:55:44.489+0000] {processor.py:161} INFO - Started process (PID=26105) to work on /home/airflow/.local/lib/python3.11/site-packages/airflow/example_dags/example_branch_day_of_week_operator.py
[2024-07-15T15:55:44.491+0000] {processor.py:830} INFO - Processing file /home/airflow/.local/lib/python3.11/site-packages/airflow/example_dags/example_branch_day_of_week_operator.py for tasks to queue
[2024-07-15T15:55:44.494+0000] {logging_mixin.py:188} INFO - [2024-07-15T15:55:44.493+0000] {dagbag.py:545} INFO - Filling up the DagBag from /home/airflow/.local/lib/python3.11/site-packages/airflow/example_dags/example_branch_day_of_week_operator.py
[2024-07-15T15:55:44.509+0000] {processor.py:840} INFO - DAG(s) 'example_weekday_branch_operator' retrieved from /home/airflow/.local/lib/python3.11/site-packages/airflow/example_dags/example_branch_day_of_week_operator.py
[2024-07-15T15:55:44.542+0000] {logging_mixin.py:188} INFO - [2024-07-15T15:55:44.542+0000] {dag.py:3096} INFO - Sync 1 DAGs
[2024-07-15T15:55:44.577+0000] {logging_mixin.py:188} INFO - [2024-07-15T15:55:44.577+0000] {dag.py:3954} INFO - Setting next_dagrun for example_weekday_branch_operator to 2024-07-14 00:00:00+00:00, run_after=2024-07-15 00:00:00+00:00
[2024-07-15T15:55:44.606+0000] {processor.py:183} INFO - Processing /home/airflow/.local/lib/python3.11/site-packages/airflow/example_dags/example_branch_day_of_week_operator.py took 0.129 seconds
[2024-07-15T15:55:50.987+0000] {processor.py:161} INFO - Started process (PID=26158) to work on /home/airflow/.local/lib/python3.11/site-packages/airflow/example_dags/example_branch_day_of_week_operator.py
[2024-07-15T15:55:50.988+0000] {processor.py:830} INFO - Processing file /home/airflow/.local/lib/python3.11/site-packages/airflow/example_dags/example_branch_day_of_week_operator.py for tasks to queue
[2024-07-15T15:55:50.991+0000] {logging_mixin.py:188} INFO - [2024-07-15T15:55:50.991+0000] {dagbag.py:545} INFO - Filling up the DagBag from /home/airflow/.local/lib/python3.11/site-packages/airflow/example_dags/example_branch_day_of_week_operator.py
[2024-07-15T15:55:51.008+0000] {processor.py:840} INFO - DAG(s) 'example_weekday_branch_operator' retrieved from /home/airflow/.local/lib/python3.11/site-packages/airflow/example_dags/example_branch_day_of_week_operator.py
[2024-07-15T15:55:51.078+0000] {logging_mixin.py:188} INFO - [2024-07-15T15:55:51.077+0000] {dag.py:3096} INFO - Sync 1 DAGs
[2024-07-15T15:55:51.112+0000] {logging_mixin.py:188} INFO - [2024-07-15T15:55:51.112+0000] {dag.py:3954} INFO - Setting next_dagrun for example_weekday_branch_operator to 2024-07-14 00:00:00+00:00, run_after=2024-07-15 00:00:00+00:00
[2024-07-15T15:55:51.141+0000] {processor.py:183} INFO - Processing /home/airflow/.local/lib/python3.11/site-packages/airflow/example_dags/example_branch_day_of_week_operator.py took 0.167 seconds
[2024-07-15T15:55:57.971+0000] {processor.py:161} INFO - Started process (PID=26215) to work on /home/airflow/.local/lib/python3.11/site-packages/airflow/example_dags/example_branch_day_of_week_operator.py
[2024-07-15T15:55:57.973+0000] {processor.py:830} INFO - Processing file /home/airflow/.local/lib/python3.11/site-packages/airflow/example_dags/example_branch_day_of_week_operator.py for tasks to queue
[2024-07-15T15:55:57.978+0000] {logging_mixin.py:188} INFO - [2024-07-15T15:55:57.977+0000] {dagbag.py:545} INFO - Filling up the DagBag from /home/airflow/.local/lib/python3.11/site-packages/airflow/example_dags/example_branch_day_of_week_operator.py
[2024-07-15T15:55:57.998+0000] {processor.py:840} INFO - DAG(s) 'example_weekday_branch_operator' retrieved from /home/airflow/.local/lib/python3.11/site-packages/airflow/example_dags/example_branch_day_of_week_operator.py
[2024-07-15T15:55:58.055+0000] {logging_mixin.py:188} INFO - [2024-07-15T15:55:58.054+0000] {dag.py:3096} INFO - Sync 1 DAGs
[2024-07-15T15:55:58.106+0000] {logging_mixin.py:188} INFO - [2024-07-15T15:55:58.106+0000] {dag.py:3954} INFO - Setting next_dagrun for example_weekday_branch_operator to 2024-07-14 00:00:00+00:00, run_after=2024-07-15 00:00:00+00:00
[2024-07-15T15:55:58.139+0000] {processor.py:183} INFO - Processing /home/airflow/.local/lib/python3.11/site-packages/airflow/example_dags/example_branch_day_of_week_operator.py took 0.185 seconds
[2024-07-15T15:56:05.476+0000] {processor.py:161} INFO - Started process (PID=26268) to work on /home/airflow/.local/lib/python3.11/site-packages/airflow/example_dags/example_branch_day_of_week_operator.py
[2024-07-15T15:56:05.478+0000] {processor.py:830} INFO - Processing file /home/airflow/.local/lib/python3.11/site-packages/airflow/example_dags/example_branch_day_of_week_operator.py for tasks to queue
[2024-07-15T15:56:05.482+0000] {logging_mixin.py:188} INFO - [2024-07-15T15:56:05.481+0000] {dagbag.py:545} INFO - Filling up the DagBag from /home/airflow/.local/lib/python3.11/site-packages/airflow/example_dags/example_branch_day_of_week_operator.py
[2024-07-15T15:56:05.494+0000] {processor.py:840} INFO - DAG(s) 'example_weekday_branch_operator' retrieved from /home/airflow/.local/lib/python3.11/site-packages/airflow/example_dags/example_branch_day_of_week_operator.py
[2024-07-15T15:56:05.528+0000] {logging_mixin.py:188} INFO - [2024-07-15T15:56:05.527+0000] {dag.py:3096} INFO - Sync 1 DAGs
[2024-07-15T15:56:05.566+0000] {logging_mixin.py:188} INFO - [2024-07-15T15:56:05.565+0000] {dag.py:3954} INFO - Setting next_dagrun for example_weekday_branch_operator to 2024-07-14 00:00:00+00:00, run_after=2024-07-15 00:00:00+00:00
[2024-07-15T15:56:05.597+0000] {processor.py:183} INFO - Processing /home/airflow/.local/lib/python3.11/site-packages/airflow/example_dags/example_branch_day_of_week_operator.py took 0.133 seconds
[2024-07-15T15:56:11.232+0000] {processor.py:161} INFO - Started process (PID=26320) to work on /home/airflow/.local/lib/python3.11/site-packages/airflow/example_dags/example_branch_day_of_week_operator.py
[2024-07-15T15:56:11.234+0000] {processor.py:830} INFO - Processing file /home/airflow/.local/lib/python3.11/site-packages/airflow/example_dags/example_branch_day_of_week_operator.py for tasks to queue
[2024-07-15T15:56:11.236+0000] {logging_mixin.py:188} INFO - [2024-07-15T15:56:11.236+0000] {dagbag.py:545} INFO - Filling up the DagBag from /home/airflow/.local/lib/python3.11/site-packages/airflow/example_dags/example_branch_day_of_week_operator.py
[2024-07-15T15:56:11.246+0000] {processor.py:840} INFO - DAG(s) 'example_weekday_branch_operator' retrieved from /home/airflow/.local/lib/python3.11/site-packages/airflow/example_dags/example_branch_day_of_week_operator.py
[2024-07-15T15:56:11.274+0000] {logging_mixin.py:188} INFO - [2024-07-15T15:56:11.274+0000] {dag.py:3096} INFO - Sync 1 DAGs
[2024-07-15T15:56:11.302+0000] {logging_mixin.py:188} INFO - [2024-07-15T15:56:11.302+0000] {dag.py:3954} INFO - Setting next_dagrun for example_weekday_branch_operator to 2024-07-14 00:00:00+00:00, run_after=2024-07-15 00:00:00+00:00
[2024-07-15T15:56:11.325+0000] {processor.py:183} INFO - Processing /home/airflow/.local/lib/python3.11/site-packages/airflow/example_dags/example_branch_day_of_week_operator.py took 0.105 seconds
[2024-07-15T15:56:18.144+0000] {processor.py:161} INFO - Started process (PID=26373) to work on /home/airflow/.local/lib/python3.11/site-packages/airflow/example_dags/example_branch_day_of_week_operator.py
[2024-07-15T15:56:18.146+0000] {processor.py:830} INFO - Processing file /home/airflow/.local/lib/python3.11/site-packages/airflow/example_dags/example_branch_day_of_week_operator.py for tasks to queue
[2024-07-15T15:56:18.149+0000] {logging_mixin.py:188} INFO - [2024-07-15T15:56:18.148+0000] {dagbag.py:545} INFO - Filling up the DagBag from /home/airflow/.local/lib/python3.11/site-packages/airflow/example_dags/example_branch_day_of_week_operator.py
[2024-07-15T15:56:18.161+0000] {processor.py:840} INFO - DAG(s) 'example_weekday_branch_operator' retrieved from /home/airflow/.local/lib/python3.11/site-packages/airflow/example_dags/example_branch_day_of_week_operator.py
[2024-07-15T15:56:18.198+0000] {logging_mixin.py:188} INFO - [2024-07-15T15:56:18.197+0000] {dag.py:3096} INFO - Sync 1 DAGs
[2024-07-15T15:56:18.240+0000] {logging_mixin.py:188} INFO - [2024-07-15T15:56:18.240+0000] {dag.py:3954} INFO - Setting next_dagrun for example_weekday_branch_operator to 2024-07-14 00:00:00+00:00, run_after=2024-07-15 00:00:00+00:00
[2024-07-15T15:56:18.281+0000] {processor.py:183} INFO - Processing /home/airflow/.local/lib/python3.11/site-packages/airflow/example_dags/example_branch_day_of_week_operator.py took 0.147 seconds
[2024-07-15T15:56:24.768+0000] {processor.py:161} INFO - Started process (PID=26431) to work on /home/airflow/.local/lib/python3.11/site-packages/airflow/example_dags/example_branch_day_of_week_operator.py
[2024-07-15T15:56:24.773+0000] {processor.py:830} INFO - Processing file /home/airflow/.local/lib/python3.11/site-packages/airflow/example_dags/example_branch_day_of_week_operator.py for tasks to queue
[2024-07-15T15:56:24.781+0000] {logging_mixin.py:188} INFO - [2024-07-15T15:56:24.777+0000] {dagbag.py:545} INFO - Filling up the DagBag from /home/airflow/.local/lib/python3.11/site-packages/airflow/example_dags/example_branch_day_of_week_operator.py
[2024-07-15T15:56:24.811+0000] {processor.py:840} INFO - DAG(s) 'example_weekday_branch_operator' retrieved from /home/airflow/.local/lib/python3.11/site-packages/airflow/example_dags/example_branch_day_of_week_operator.py
[2024-07-15T15:56:24.882+0000] {logging_mixin.py:188} INFO - [2024-07-15T15:56:24.882+0000] {dag.py:3096} INFO - Sync 1 DAGs
[2024-07-15T15:56:24.962+0000] {logging_mixin.py:188} INFO - [2024-07-15T15:56:24.961+0000] {dag.py:3954} INFO - Setting next_dagrun for example_weekday_branch_operator to 2024-07-14 00:00:00+00:00, run_after=2024-07-15 00:00:00+00:00
[2024-07-15T15:56:25.045+0000] {processor.py:183} INFO - Processing /home/airflow/.local/lib/python3.11/site-packages/airflow/example_dags/example_branch_day_of_week_operator.py took 0.298 seconds
[2024-07-15T15:56:32.352+0000] {processor.py:161} INFO - Started process (PID=26484) to work on /home/airflow/.local/lib/python3.11/site-packages/airflow/example_dags/example_branch_day_of_week_operator.py
[2024-07-15T15:56:32.354+0000] {processor.py:830} INFO - Processing file /home/airflow/.local/lib/python3.11/site-packages/airflow/example_dags/example_branch_day_of_week_operator.py for tasks to queue
[2024-07-15T15:56:32.358+0000] {logging_mixin.py:188} INFO - [2024-07-15T15:56:32.358+0000] {dagbag.py:545} INFO - Filling up the DagBag from /home/airflow/.local/lib/python3.11/site-packages/airflow/example_dags/example_branch_day_of_week_operator.py
[2024-07-15T15:56:32.379+0000] {processor.py:840} INFO - DAG(s) 'example_weekday_branch_operator' retrieved from /home/airflow/.local/lib/python3.11/site-packages/airflow/example_dags/example_branch_day_of_week_operator.py
[2024-07-15T15:56:32.436+0000] {logging_mixin.py:188} INFO - [2024-07-15T15:56:32.435+0000] {dag.py:3096} INFO - Sync 1 DAGs
[2024-07-15T15:56:32.482+0000] {logging_mixin.py:188} INFO - [2024-07-15T15:56:32.482+0000] {dag.py:3954} INFO - Setting next_dagrun for example_weekday_branch_operator to 2024-07-14 00:00:00+00:00, run_after=2024-07-15 00:00:00+00:00
[2024-07-15T15:56:32.516+0000] {processor.py:183} INFO - Processing /home/airflow/.local/lib/python3.11/site-packages/airflow/example_dags/example_branch_day_of_week_operator.py took 0.182 seconds
[2024-07-15T15:56:40.445+0000] {processor.py:161} INFO - Started process (PID=26536) to work on /home/airflow/.local/lib/python3.11/site-packages/airflow/example_dags/example_branch_day_of_week_operator.py
[2024-07-15T15:56:40.447+0000] {processor.py:830} INFO - Processing file /home/airflow/.local/lib/python3.11/site-packages/airflow/example_dags/example_branch_day_of_week_operator.py for tasks to queue
[2024-07-15T15:56:40.449+0000] {logging_mixin.py:188} INFO - [2024-07-15T15:56:40.449+0000] {dagbag.py:545} INFO - Filling up the DagBag from /home/airflow/.local/lib/python3.11/site-packages/airflow/example_dags/example_branch_day_of_week_operator.py
[2024-07-15T15:56:40.463+0000] {processor.py:840} INFO - DAG(s) 'example_weekday_branch_operator' retrieved from /home/airflow/.local/lib/python3.11/site-packages/airflow/example_dags/example_branch_day_of_week_operator.py
[2024-07-15T15:56:40.495+0000] {logging_mixin.py:188} INFO - [2024-07-15T15:56:40.494+0000] {dag.py:3096} INFO - Sync 1 DAGs
[2024-07-15T15:56:40.525+0000] {logging_mixin.py:188} INFO - [2024-07-15T15:56:40.525+0000] {dag.py:3954} INFO - Setting next_dagrun for example_weekday_branch_operator to 2024-07-14 00:00:00+00:00, run_after=2024-07-15 00:00:00+00:00
[2024-07-15T15:56:40.548+0000] {processor.py:183} INFO - Processing /home/airflow/.local/lib/python3.11/site-packages/airflow/example_dags/example_branch_day_of_week_operator.py took 0.113 seconds
[2024-07-15T15:56:45.208+0000] {processor.py:161} INFO - Started process (PID=26590) to work on /home/airflow/.local/lib/python3.11/site-packages/airflow/example_dags/example_branch_day_of_week_operator.py
[2024-07-15T15:56:45.210+0000] {processor.py:830} INFO - Processing file /home/airflow/.local/lib/python3.11/site-packages/airflow/example_dags/example_branch_day_of_week_operator.py for tasks to queue
[2024-07-15T15:56:45.212+0000] {logging_mixin.py:188} INFO - [2024-07-15T15:56:45.212+0000] {dagbag.py:545} INFO - Filling up the DagBag from /home/airflow/.local/lib/python3.11/site-packages/airflow/example_dags/example_branch_day_of_week_operator.py
[2024-07-15T15:56:45.223+0000] {processor.py:840} INFO - DAG(s) 'example_weekday_branch_operator' retrieved from /home/airflow/.local/lib/python3.11/site-packages/airflow/example_dags/example_branch_day_of_week_operator.py
[2024-07-15T15:56:45.249+0000] {logging_mixin.py:188} INFO - [2024-07-15T15:56:45.249+0000] {dag.py:3096} INFO - Sync 1 DAGs
[2024-07-15T15:56:45.297+0000] {logging_mixin.py:188} INFO - [2024-07-15T15:56:45.297+0000] {dag.py:3954} INFO - Setting next_dagrun for example_weekday_branch_operator to 2024-07-14 00:00:00+00:00, run_after=2024-07-15 00:00:00+00:00
[2024-07-15T15:56:45.323+0000] {processor.py:183} INFO - Processing /home/airflow/.local/lib/python3.11/site-packages/airflow/example_dags/example_branch_day_of_week_operator.py took 0.123 seconds
[2024-07-15T15:56:50.068+0000] {processor.py:161} INFO - Started process (PID=26642) to work on /home/airflow/.local/lib/python3.11/site-packages/airflow/example_dags/example_branch_day_of_week_operator.py
[2024-07-15T15:56:50.070+0000] {processor.py:830} INFO - Processing file /home/airflow/.local/lib/python3.11/site-packages/airflow/example_dags/example_branch_day_of_week_operator.py for tasks to queue
[2024-07-15T15:56:50.073+0000] {logging_mixin.py:188} INFO - [2024-07-15T15:56:50.072+0000] {dagbag.py:545} INFO - Filling up the DagBag from /home/airflow/.local/lib/python3.11/site-packages/airflow/example_dags/example_branch_day_of_week_operator.py
[2024-07-15T15:56:50.087+0000] {processor.py:840} INFO - DAG(s) 'example_weekday_branch_operator' retrieved from /home/airflow/.local/lib/python3.11/site-packages/airflow/example_dags/example_branch_day_of_week_operator.py
[2024-07-15T15:56:50.121+0000] {logging_mixin.py:188} INFO - [2024-07-15T15:56:50.120+0000] {dag.py:3096} INFO - Sync 1 DAGs
[2024-07-15T15:56:50.153+0000] {logging_mixin.py:188} INFO - [2024-07-15T15:56:50.152+0000] {dag.py:3954} INFO - Setting next_dagrun for example_weekday_branch_operator to 2024-07-14 00:00:00+00:00, run_after=2024-07-15 00:00:00+00:00
[2024-07-15T15:56:50.181+0000] {processor.py:183} INFO - Processing /home/airflow/.local/lib/python3.11/site-packages/airflow/example_dags/example_branch_day_of_week_operator.py took 0.126 seconds
[2024-07-15T15:56:56.076+0000] {processor.py:161} INFO - Started process (PID=26702) to work on /home/airflow/.local/lib/python3.11/site-packages/airflow/example_dags/example_branch_day_of_week_operator.py
[2024-07-15T15:56:56.077+0000] {processor.py:830} INFO - Processing file /home/airflow/.local/lib/python3.11/site-packages/airflow/example_dags/example_branch_day_of_week_operator.py for tasks to queue
[2024-07-15T15:56:56.080+0000] {logging_mixin.py:188} INFO - [2024-07-15T15:56:56.080+0000] {dagbag.py:545} INFO - Filling up the DagBag from /home/airflow/.local/lib/python3.11/site-packages/airflow/example_dags/example_branch_day_of_week_operator.py
[2024-07-15T15:56:56.091+0000] {processor.py:840} INFO - DAG(s) 'example_weekday_branch_operator' retrieved from /home/airflow/.local/lib/python3.11/site-packages/airflow/example_dags/example_branch_day_of_week_operator.py
[2024-07-15T15:56:56.122+0000] {logging_mixin.py:188} INFO - [2024-07-15T15:56:56.122+0000] {dag.py:3096} INFO - Sync 1 DAGs
[2024-07-15T15:56:56.153+0000] {logging_mixin.py:188} INFO - [2024-07-15T15:56:56.153+0000] {dag.py:3954} INFO - Setting next_dagrun for example_weekday_branch_operator to 2024-07-14 00:00:00+00:00, run_after=2024-07-15 00:00:00+00:00
[2024-07-15T15:56:56.178+0000] {processor.py:183} INFO - Processing /home/airflow/.local/lib/python3.11/site-packages/airflow/example_dags/example_branch_day_of_week_operator.py took 0.112 seconds
