[2024-07-15T15:49:02.914+0000] {processor.py:161} INFO - Started process (PID=22624) to work on /home/airflow/.local/lib/python3.11/site-packages/airflow/example_dags/example_local_kubernetes_executor.py
[2024-07-15T15:49:02.928+0000] {processor.py:830} INFO - Processing file /home/airflow/.local/lib/python3.11/site-packages/airflow/example_dags/example_local_kubernetes_executor.py for tasks to queue
[2024-07-15T15:49:02.945+0000] {logging_mixin.py:188} INFO - [2024-07-15T15:49:02.944+0000] {dagbag.py:545} INFO - Filling up the DagBag from /home/airflow/.local/lib/python3.11/site-packages/airflow/example_dags/example_local_kubernetes_executor.py
[2024-07-15T15:49:02.982+0000] {processor.py:840} INFO - DAG(s) 'example_local_kubernetes_executor' retrieved from /home/airflow/.local/lib/python3.11/site-packages/airflow/example_dags/example_local_kubernetes_executor.py
[2024-07-15T15:49:03.183+0000] {logging_mixin.py:188} INFO - [2024-07-15T15:49:03.182+0000] {dag.py:3096} INFO - Sync 1 DAGs
[2024-07-15T15:49:03.250+0000] {logging_mixin.py:188} INFO - [2024-07-15T15:49:03.250+0000] {dag.py:3954} INFO - Setting next_dagrun for example_local_kubernetes_executor to None, run_after=None
[2024-07-15T15:49:03.318+0000] {processor.py:183} INFO - Processing /home/airflow/.local/lib/python3.11/site-packages/airflow/example_dags/example_local_kubernetes_executor.py took 0.434 seconds
[2024-07-15T15:49:13.299+0000] {processor.py:161} INFO - Started process (PID=22676) to work on /home/airflow/.local/lib/python3.11/site-packages/airflow/example_dags/example_local_kubernetes_executor.py
[2024-07-15T15:49:13.301+0000] {processor.py:830} INFO - Processing file /home/airflow/.local/lib/python3.11/site-packages/airflow/example_dags/example_local_kubernetes_executor.py for tasks to queue
[2024-07-15T15:49:13.305+0000] {logging_mixin.py:188} INFO - [2024-07-15T15:49:13.304+0000] {dagbag.py:545} INFO - Filling up the DagBag from /home/airflow/.local/lib/python3.11/site-packages/airflow/example_dags/example_local_kubernetes_executor.py
[2024-07-15T15:49:13.318+0000] {processor.py:840} INFO - DAG(s) 'example_local_kubernetes_executor' retrieved from /home/airflow/.local/lib/python3.11/site-packages/airflow/example_dags/example_local_kubernetes_executor.py
[2024-07-15T15:49:13.383+0000] {logging_mixin.py:188} INFO - [2024-07-15T15:49:13.383+0000] {dag.py:3096} INFO - Sync 1 DAGs
[2024-07-15T15:49:13.406+0000] {logging_mixin.py:188} INFO - [2024-07-15T15:49:13.405+0000] {dag.py:3954} INFO - Setting next_dagrun for example_local_kubernetes_executor to None, run_after=None
[2024-07-15T15:49:13.438+0000] {processor.py:183} INFO - Processing /home/airflow/.local/lib/python3.11/site-packages/airflow/example_dags/example_local_kubernetes_executor.py took 0.151 seconds
[2024-07-15T15:49:21.273+0000] {processor.py:161} INFO - Started process (PID=22735) to work on /home/airflow/.local/lib/python3.11/site-packages/airflow/example_dags/example_local_kubernetes_executor.py
[2024-07-15T15:49:21.275+0000] {processor.py:830} INFO - Processing file /home/airflow/.local/lib/python3.11/site-packages/airflow/example_dags/example_local_kubernetes_executor.py for tasks to queue
[2024-07-15T15:49:21.279+0000] {logging_mixin.py:188} INFO - [2024-07-15T15:49:21.278+0000] {dagbag.py:545} INFO - Filling up the DagBag from /home/airflow/.local/lib/python3.11/site-packages/airflow/example_dags/example_local_kubernetes_executor.py
[2024-07-15T15:49:21.297+0000] {processor.py:840} INFO - DAG(s) 'example_local_kubernetes_executor' retrieved from /home/airflow/.local/lib/python3.11/site-packages/airflow/example_dags/example_local_kubernetes_executor.py
[2024-07-15T15:49:21.379+0000] {logging_mixin.py:188} INFO - [2024-07-15T15:49:21.379+0000] {dag.py:3096} INFO - Sync 1 DAGs
[2024-07-15T15:49:21.410+0000] {logging_mixin.py:188} INFO - [2024-07-15T15:49:21.410+0000] {dag.py:3954} INFO - Setting next_dagrun for example_local_kubernetes_executor to None, run_after=None
[2024-07-15T15:49:21.453+0000] {processor.py:183} INFO - Processing /home/airflow/.local/lib/python3.11/site-packages/airflow/example_dags/example_local_kubernetes_executor.py took 0.201 seconds
[2024-07-15T15:49:28.461+0000] {processor.py:161} INFO - Started process (PID=22787) to work on /home/airflow/.local/lib/python3.11/site-packages/airflow/example_dags/example_local_kubernetes_executor.py
[2024-07-15T15:49:28.463+0000] {processor.py:830} INFO - Processing file /home/airflow/.local/lib/python3.11/site-packages/airflow/example_dags/example_local_kubernetes_executor.py for tasks to queue
[2024-07-15T15:49:28.467+0000] {logging_mixin.py:188} INFO - [2024-07-15T15:49:28.466+0000] {dagbag.py:545} INFO - Filling up the DagBag from /home/airflow/.local/lib/python3.11/site-packages/airflow/example_dags/example_local_kubernetes_executor.py
[2024-07-15T15:49:28.485+0000] {processor.py:840} INFO - DAG(s) 'example_local_kubernetes_executor' retrieved from /home/airflow/.local/lib/python3.11/site-packages/airflow/example_dags/example_local_kubernetes_executor.py
[2024-07-15T15:49:28.566+0000] {logging_mixin.py:188} INFO - [2024-07-15T15:49:28.565+0000] {dag.py:3096} INFO - Sync 1 DAGs
[2024-07-15T15:49:28.591+0000] {logging_mixin.py:188} INFO - [2024-07-15T15:49:28.591+0000] {dag.py:3954} INFO - Setting next_dagrun for example_local_kubernetes_executor to None, run_after=None
[2024-07-15T15:49:28.628+0000] {processor.py:183} INFO - Processing /home/airflow/.local/lib/python3.11/site-packages/airflow/example_dags/example_local_kubernetes_executor.py took 0.183 seconds
[2024-07-15T15:49:36.935+0000] {processor.py:161} INFO - Started process (PID=22840) to work on /home/airflow/.local/lib/python3.11/site-packages/airflow/example_dags/example_local_kubernetes_executor.py
[2024-07-15T15:49:36.937+0000] {processor.py:830} INFO - Processing file /home/airflow/.local/lib/python3.11/site-packages/airflow/example_dags/example_local_kubernetes_executor.py for tasks to queue
[2024-07-15T15:49:36.940+0000] {logging_mixin.py:188} INFO - [2024-07-15T15:49:36.939+0000] {dagbag.py:545} INFO - Filling up the DagBag from /home/airflow/.local/lib/python3.11/site-packages/airflow/example_dags/example_local_kubernetes_executor.py
[2024-07-15T15:49:36.951+0000] {processor.py:840} INFO - DAG(s) 'example_local_kubernetes_executor' retrieved from /home/airflow/.local/lib/python3.11/site-packages/airflow/example_dags/example_local_kubernetes_executor.py
[2024-07-15T15:49:37.007+0000] {logging_mixin.py:188} INFO - [2024-07-15T15:49:37.007+0000] {dag.py:3096} INFO - Sync 1 DAGs
[2024-07-15T15:49:37.032+0000] {logging_mixin.py:188} INFO - [2024-07-15T15:49:37.032+0000] {dag.py:3954} INFO - Setting next_dagrun for example_local_kubernetes_executor to None, run_after=None
[2024-07-15T15:49:37.058+0000] {processor.py:183} INFO - Processing /home/airflow/.local/lib/python3.11/site-packages/airflow/example_dags/example_local_kubernetes_executor.py took 0.133 seconds
[2024-07-15T15:49:43.985+0000] {processor.py:161} INFO - Started process (PID=22892) to work on /home/airflow/.local/lib/python3.11/site-packages/airflow/example_dags/example_local_kubernetes_executor.py
[2024-07-15T15:49:43.987+0000] {processor.py:830} INFO - Processing file /home/airflow/.local/lib/python3.11/site-packages/airflow/example_dags/example_local_kubernetes_executor.py for tasks to queue
[2024-07-15T15:49:43.989+0000] {logging_mixin.py:188} INFO - [2024-07-15T15:49:43.989+0000] {dagbag.py:545} INFO - Filling up the DagBag from /home/airflow/.local/lib/python3.11/site-packages/airflow/example_dags/example_local_kubernetes_executor.py
[2024-07-15T15:49:44.002+0000] {processor.py:840} INFO - DAG(s) 'example_local_kubernetes_executor' retrieved from /home/airflow/.local/lib/python3.11/site-packages/airflow/example_dags/example_local_kubernetes_executor.py
[2024-07-15T15:49:44.053+0000] {logging_mixin.py:188} INFO - [2024-07-15T15:49:44.053+0000] {dag.py:3096} INFO - Sync 1 DAGs
[2024-07-15T15:49:44.077+0000] {logging_mixin.py:188} INFO - [2024-07-15T15:49:44.076+0000] {dag.py:3954} INFO - Setting next_dagrun for example_local_kubernetes_executor to None, run_after=None
[2024-07-15T15:49:44.109+0000] {processor.py:183} INFO - Processing /home/airflow/.local/lib/python3.11/site-packages/airflow/example_dags/example_local_kubernetes_executor.py took 0.134 seconds
[2024-07-15T15:49:51.116+0000] {processor.py:161} INFO - Started process (PID=22952) to work on /home/airflow/.local/lib/python3.11/site-packages/airflow/example_dags/example_local_kubernetes_executor.py
[2024-07-15T15:49:51.118+0000] {processor.py:830} INFO - Processing file /home/airflow/.local/lib/python3.11/site-packages/airflow/example_dags/example_local_kubernetes_executor.py for tasks to queue
[2024-07-15T15:49:51.123+0000] {logging_mixin.py:188} INFO - [2024-07-15T15:49:51.122+0000] {dagbag.py:545} INFO - Filling up the DagBag from /home/airflow/.local/lib/python3.11/site-packages/airflow/example_dags/example_local_kubernetes_executor.py
[2024-07-15T15:49:51.139+0000] {processor.py:840} INFO - DAG(s) 'example_local_kubernetes_executor' retrieved from /home/airflow/.local/lib/python3.11/site-packages/airflow/example_dags/example_local_kubernetes_executor.py
[2024-07-15T15:49:51.219+0000] {logging_mixin.py:188} INFO - [2024-07-15T15:49:51.218+0000] {dag.py:3096} INFO - Sync 1 DAGs
[2024-07-15T15:49:51.245+0000] {logging_mixin.py:188} INFO - [2024-07-15T15:49:51.244+0000] {dag.py:3954} INFO - Setting next_dagrun for example_local_kubernetes_executor to None, run_after=None
[2024-07-15T15:49:51.278+0000] {processor.py:183} INFO - Processing /home/airflow/.local/lib/python3.11/site-packages/airflow/example_dags/example_local_kubernetes_executor.py took 0.174 seconds
[2024-07-15T15:49:57.798+0000] {processor.py:161} INFO - Started process (PID=23004) to work on /home/airflow/.local/lib/python3.11/site-packages/airflow/example_dags/example_local_kubernetes_executor.py
[2024-07-15T15:49:57.801+0000] {processor.py:830} INFO - Processing file /home/airflow/.local/lib/python3.11/site-packages/airflow/example_dags/example_local_kubernetes_executor.py for tasks to queue
[2024-07-15T15:49:57.806+0000] {logging_mixin.py:188} INFO - [2024-07-15T15:49:57.805+0000] {dagbag.py:545} INFO - Filling up the DagBag from /home/airflow/.local/lib/python3.11/site-packages/airflow/example_dags/example_local_kubernetes_executor.py
[2024-07-15T15:49:57.846+0000] {processor.py:840} INFO - DAG(s) 'example_local_kubernetes_executor' retrieved from /home/airflow/.local/lib/python3.11/site-packages/airflow/example_dags/example_local_kubernetes_executor.py
[2024-07-15T15:49:57.962+0000] {logging_mixin.py:188} INFO - [2024-07-15T15:49:57.962+0000] {dag.py:3096} INFO - Sync 1 DAGs
[2024-07-15T15:49:58.018+0000] {logging_mixin.py:188} INFO - [2024-07-15T15:49:58.018+0000] {dag.py:3954} INFO - Setting next_dagrun for example_local_kubernetes_executor to None, run_after=None
[2024-07-15T15:49:58.131+0000] {processor.py:183} INFO - Processing /home/airflow/.local/lib/python3.11/site-packages/airflow/example_dags/example_local_kubernetes_executor.py took 0.353 seconds
[2024-07-15T15:50:04.116+0000] {processor.py:161} INFO - Started process (PID=23057) to work on /home/airflow/.local/lib/python3.11/site-packages/airflow/example_dags/example_local_kubernetes_executor.py
[2024-07-15T15:50:04.118+0000] {processor.py:830} INFO - Processing file /home/airflow/.local/lib/python3.11/site-packages/airflow/example_dags/example_local_kubernetes_executor.py for tasks to queue
[2024-07-15T15:50:04.121+0000] {logging_mixin.py:188} INFO - [2024-07-15T15:50:04.120+0000] {dagbag.py:545} INFO - Filling up the DagBag from /home/airflow/.local/lib/python3.11/site-packages/airflow/example_dags/example_local_kubernetes_executor.py
[2024-07-15T15:50:04.133+0000] {processor.py:840} INFO - DAG(s) 'example_local_kubernetes_executor' retrieved from /home/airflow/.local/lib/python3.11/site-packages/airflow/example_dags/example_local_kubernetes_executor.py
[2024-07-15T15:50:04.200+0000] {logging_mixin.py:188} INFO - [2024-07-15T15:50:04.200+0000] {dag.py:3096} INFO - Sync 1 DAGs
[2024-07-15T15:50:04.218+0000] {logging_mixin.py:188} INFO - [2024-07-15T15:50:04.218+0000] {dag.py:3954} INFO - Setting next_dagrun for example_local_kubernetes_executor to None, run_after=None
[2024-07-15T15:50:04.239+0000] {processor.py:183} INFO - Processing /home/airflow/.local/lib/python3.11/site-packages/airflow/example_dags/example_local_kubernetes_executor.py took 0.133 seconds
[2024-07-15T15:50:09.700+0000] {processor.py:161} INFO - Started process (PID=23109) to work on /home/airflow/.local/lib/python3.11/site-packages/airflow/example_dags/example_local_kubernetes_executor.py
[2024-07-15T15:50:09.701+0000] {processor.py:830} INFO - Processing file /home/airflow/.local/lib/python3.11/site-packages/airflow/example_dags/example_local_kubernetes_executor.py for tasks to queue
[2024-07-15T15:50:09.704+0000] {logging_mixin.py:188} INFO - [2024-07-15T15:50:09.703+0000] {dagbag.py:545} INFO - Filling up the DagBag from /home/airflow/.local/lib/python3.11/site-packages/airflow/example_dags/example_local_kubernetes_executor.py
[2024-07-15T15:50:09.713+0000] {processor.py:840} INFO - DAG(s) 'example_local_kubernetes_executor' retrieved from /home/airflow/.local/lib/python3.11/site-packages/airflow/example_dags/example_local_kubernetes_executor.py
[2024-07-15T15:50:09.762+0000] {logging_mixin.py:188} INFO - [2024-07-15T15:50:09.762+0000] {dag.py:3096} INFO - Sync 1 DAGs
[2024-07-15T15:50:09.801+0000] {logging_mixin.py:188} INFO - [2024-07-15T15:50:09.801+0000] {dag.py:3954} INFO - Setting next_dagrun for example_local_kubernetes_executor to None, run_after=None
[2024-07-15T15:50:09.831+0000] {processor.py:183} INFO - Processing /home/airflow/.local/lib/python3.11/site-packages/airflow/example_dags/example_local_kubernetes_executor.py took 0.138 seconds
[2024-07-15T15:50:15.883+0000] {processor.py:161} INFO - Started process (PID=23162) to work on /home/airflow/.local/lib/python3.11/site-packages/airflow/example_dags/example_local_kubernetes_executor.py
[2024-07-15T15:50:15.885+0000] {processor.py:830} INFO - Processing file /home/airflow/.local/lib/python3.11/site-packages/airflow/example_dags/example_local_kubernetes_executor.py for tasks to queue
[2024-07-15T15:50:15.887+0000] {logging_mixin.py:188} INFO - [2024-07-15T15:50:15.887+0000] {dagbag.py:545} INFO - Filling up the DagBag from /home/airflow/.local/lib/python3.11/site-packages/airflow/example_dags/example_local_kubernetes_executor.py
[2024-07-15T15:50:15.896+0000] {processor.py:840} INFO - DAG(s) 'example_local_kubernetes_executor' retrieved from /home/airflow/.local/lib/python3.11/site-packages/airflow/example_dags/example_local_kubernetes_executor.py
[2024-07-15T15:50:15.965+0000] {logging_mixin.py:188} INFO - [2024-07-15T15:50:15.965+0000] {dag.py:3096} INFO - Sync 1 DAGs
[2024-07-15T15:50:15.981+0000] {logging_mixin.py:188} INFO - [2024-07-15T15:50:15.981+0000] {dag.py:3954} INFO - Setting next_dagrun for example_local_kubernetes_executor to None, run_after=None
[2024-07-15T15:50:16.008+0000] {processor.py:183} INFO - Processing /home/airflow/.local/lib/python3.11/site-packages/airflow/example_dags/example_local_kubernetes_executor.py took 0.132 seconds
[2024-07-15T15:50:21.563+0000] {processor.py:161} INFO - Started process (PID=23222) to work on /home/airflow/.local/lib/python3.11/site-packages/airflow/example_dags/example_local_kubernetes_executor.py
[2024-07-15T15:50:21.565+0000] {processor.py:830} INFO - Processing file /home/airflow/.local/lib/python3.11/site-packages/airflow/example_dags/example_local_kubernetes_executor.py for tasks to queue
[2024-07-15T15:50:21.567+0000] {logging_mixin.py:188} INFO - [2024-07-15T15:50:21.567+0000] {dagbag.py:545} INFO - Filling up the DagBag from /home/airflow/.local/lib/python3.11/site-packages/airflow/example_dags/example_local_kubernetes_executor.py
[2024-07-15T15:50:21.576+0000] {processor.py:840} INFO - DAG(s) 'example_local_kubernetes_executor' retrieved from /home/airflow/.local/lib/python3.11/site-packages/airflow/example_dags/example_local_kubernetes_executor.py
[2024-07-15T15:50:21.619+0000] {logging_mixin.py:188} INFO - [2024-07-15T15:50:21.618+0000] {dag.py:3096} INFO - Sync 1 DAGs
[2024-07-15T15:50:21.634+0000] {logging_mixin.py:188} INFO - [2024-07-15T15:50:21.634+0000] {dag.py:3954} INFO - Setting next_dagrun for example_local_kubernetes_executor to None, run_after=None
[2024-07-15T15:50:21.671+0000] {processor.py:183} INFO - Processing /home/airflow/.local/lib/python3.11/site-packages/airflow/example_dags/example_local_kubernetes_executor.py took 0.116 seconds
[2024-07-15T15:50:26.398+0000] {processor.py:161} INFO - Started process (PID=23274) to work on /home/airflow/.local/lib/python3.11/site-packages/airflow/example_dags/example_local_kubernetes_executor.py
[2024-07-15T15:50:26.400+0000] {processor.py:830} INFO - Processing file /home/airflow/.local/lib/python3.11/site-packages/airflow/example_dags/example_local_kubernetes_executor.py for tasks to queue
[2024-07-15T15:50:26.403+0000] {logging_mixin.py:188} INFO - [2024-07-15T15:50:26.403+0000] {dagbag.py:545} INFO - Filling up the DagBag from /home/airflow/.local/lib/python3.11/site-packages/airflow/example_dags/example_local_kubernetes_executor.py
[2024-07-15T15:50:26.415+0000] {processor.py:840} INFO - DAG(s) 'example_local_kubernetes_executor' retrieved from /home/airflow/.local/lib/python3.11/site-packages/airflow/example_dags/example_local_kubernetes_executor.py
[2024-07-15T15:50:26.457+0000] {logging_mixin.py:188} INFO - [2024-07-15T15:50:26.457+0000] {dag.py:3096} INFO - Sync 1 DAGs
[2024-07-15T15:50:26.478+0000] {logging_mixin.py:188} INFO - [2024-07-15T15:50:26.476+0000] {dag.py:3954} INFO - Setting next_dagrun for example_local_kubernetes_executor to None, run_after=None
[2024-07-15T15:50:26.521+0000] {processor.py:183} INFO - Processing /home/airflow/.local/lib/python3.11/site-packages/airflow/example_dags/example_local_kubernetes_executor.py took 0.156 seconds
[2024-07-15T15:50:32.099+0000] {processor.py:161} INFO - Started process (PID=23328) to work on /home/airflow/.local/lib/python3.11/site-packages/airflow/example_dags/example_local_kubernetes_executor.py
[2024-07-15T15:50:32.101+0000] {processor.py:830} INFO - Processing file /home/airflow/.local/lib/python3.11/site-packages/airflow/example_dags/example_local_kubernetes_executor.py for tasks to queue
[2024-07-15T15:50:32.103+0000] {logging_mixin.py:188} INFO - [2024-07-15T15:50:32.102+0000] {dagbag.py:545} INFO - Filling up the DagBag from /home/airflow/.local/lib/python3.11/site-packages/airflow/example_dags/example_local_kubernetes_executor.py
[2024-07-15T15:50:32.112+0000] {processor.py:840} INFO - DAG(s) 'example_local_kubernetes_executor' retrieved from /home/airflow/.local/lib/python3.11/site-packages/airflow/example_dags/example_local_kubernetes_executor.py
[2024-07-15T15:50:32.170+0000] {logging_mixin.py:188} INFO - [2024-07-15T15:50:32.169+0000] {dag.py:3096} INFO - Sync 1 DAGs
[2024-07-15T15:50:32.192+0000] {logging_mixin.py:188} INFO - [2024-07-15T15:50:32.192+0000] {dag.py:3954} INFO - Setting next_dagrun for example_local_kubernetes_executor to None, run_after=None
[2024-07-15T15:50:32.236+0000] {processor.py:183} INFO - Processing /home/airflow/.local/lib/python3.11/site-packages/airflow/example_dags/example_local_kubernetes_executor.py took 0.144 seconds
[2024-07-15T15:50:37.801+0000] {processor.py:161} INFO - Started process (PID=23380) to work on /home/airflow/.local/lib/python3.11/site-packages/airflow/example_dags/example_local_kubernetes_executor.py
[2024-07-15T15:50:37.802+0000] {processor.py:830} INFO - Processing file /home/airflow/.local/lib/python3.11/site-packages/airflow/example_dags/example_local_kubernetes_executor.py for tasks to queue
[2024-07-15T15:50:37.805+0000] {logging_mixin.py:188} INFO - [2024-07-15T15:50:37.804+0000] {dagbag.py:545} INFO - Filling up the DagBag from /home/airflow/.local/lib/python3.11/site-packages/airflow/example_dags/example_local_kubernetes_executor.py
[2024-07-15T15:50:37.813+0000] {processor.py:840} INFO - DAG(s) 'example_local_kubernetes_executor' retrieved from /home/airflow/.local/lib/python3.11/site-packages/airflow/example_dags/example_local_kubernetes_executor.py
[2024-07-15T15:50:37.854+0000] {logging_mixin.py:188} INFO - [2024-07-15T15:50:37.854+0000] {dag.py:3096} INFO - Sync 1 DAGs
[2024-07-15T15:50:37.869+0000] {logging_mixin.py:188} INFO - [2024-07-15T15:50:37.868+0000] {dag.py:3954} INFO - Setting next_dagrun for example_local_kubernetes_executor to None, run_after=None
[2024-07-15T15:50:37.892+0000] {processor.py:183} INFO - Processing /home/airflow/.local/lib/python3.11/site-packages/airflow/example_dags/example_local_kubernetes_executor.py took 0.098 seconds
[2024-07-15T15:50:43.008+0000] {processor.py:161} INFO - Started process (PID=23433) to work on /home/airflow/.local/lib/python3.11/site-packages/airflow/example_dags/example_local_kubernetes_executor.py
[2024-07-15T15:50:43.009+0000] {processor.py:830} INFO - Processing file /home/airflow/.local/lib/python3.11/site-packages/airflow/example_dags/example_local_kubernetes_executor.py for tasks to queue
[2024-07-15T15:50:43.011+0000] {logging_mixin.py:188} INFO - [2024-07-15T15:50:43.011+0000] {dagbag.py:545} INFO - Filling up the DagBag from /home/airflow/.local/lib/python3.11/site-packages/airflow/example_dags/example_local_kubernetes_executor.py
[2024-07-15T15:50:43.022+0000] {processor.py:840} INFO - DAG(s) 'example_local_kubernetes_executor' retrieved from /home/airflow/.local/lib/python3.11/site-packages/airflow/example_dags/example_local_kubernetes_executor.py
[2024-07-15T15:50:43.113+0000] {logging_mixin.py:188} INFO - [2024-07-15T15:50:43.113+0000] {dag.py:3096} INFO - Sync 1 DAGs
[2024-07-15T15:50:43.165+0000] {logging_mixin.py:188} INFO - [2024-07-15T15:50:43.164+0000] {dag.py:3954} INFO - Setting next_dagrun for example_local_kubernetes_executor to None, run_after=None
[2024-07-15T15:50:43.234+0000] {processor.py:183} INFO - Processing /home/airflow/.local/lib/python3.11/site-packages/airflow/example_dags/example_local_kubernetes_executor.py took 0.233 seconds
[2024-07-15T15:50:48.518+0000] {processor.py:161} INFO - Started process (PID=23485) to work on /home/airflow/.local/lib/python3.11/site-packages/airflow/example_dags/example_local_kubernetes_executor.py
[2024-07-15T15:50:48.520+0000] {processor.py:830} INFO - Processing file /home/airflow/.local/lib/python3.11/site-packages/airflow/example_dags/example_local_kubernetes_executor.py for tasks to queue
[2024-07-15T15:50:48.522+0000] {logging_mixin.py:188} INFO - [2024-07-15T15:50:48.522+0000] {dagbag.py:545} INFO - Filling up the DagBag from /home/airflow/.local/lib/python3.11/site-packages/airflow/example_dags/example_local_kubernetes_executor.py
[2024-07-15T15:50:48.531+0000] {processor.py:840} INFO - DAG(s) 'example_local_kubernetes_executor' retrieved from /home/airflow/.local/lib/python3.11/site-packages/airflow/example_dags/example_local_kubernetes_executor.py
[2024-07-15T15:50:48.573+0000] {logging_mixin.py:188} INFO - [2024-07-15T15:50:48.572+0000] {dag.py:3096} INFO - Sync 1 DAGs
[2024-07-15T15:50:48.586+0000] {logging_mixin.py:188} INFO - [2024-07-15T15:50:48.586+0000] {dag.py:3954} INFO - Setting next_dagrun for example_local_kubernetes_executor to None, run_after=None
[2024-07-15T15:50:48.623+0000] {processor.py:183} INFO - Processing /home/airflow/.local/lib/python3.11/site-packages/airflow/example_dags/example_local_kubernetes_executor.py took 0.112 seconds
[2024-07-15T15:50:54.070+0000] {processor.py:161} INFO - Started process (PID=23545) to work on /home/airflow/.local/lib/python3.11/site-packages/airflow/example_dags/example_local_kubernetes_executor.py
[2024-07-15T15:50:54.071+0000] {processor.py:830} INFO - Processing file /home/airflow/.local/lib/python3.11/site-packages/airflow/example_dags/example_local_kubernetes_executor.py for tasks to queue
[2024-07-15T15:50:54.074+0000] {logging_mixin.py:188} INFO - [2024-07-15T15:50:54.074+0000] {dagbag.py:545} INFO - Filling up the DagBag from /home/airflow/.local/lib/python3.11/site-packages/airflow/example_dags/example_local_kubernetes_executor.py
[2024-07-15T15:50:54.082+0000] {processor.py:840} INFO - DAG(s) 'example_local_kubernetes_executor' retrieved from /home/airflow/.local/lib/python3.11/site-packages/airflow/example_dags/example_local_kubernetes_executor.py
[2024-07-15T15:50:54.124+0000] {logging_mixin.py:188} INFO - [2024-07-15T15:50:54.123+0000] {dag.py:3096} INFO - Sync 1 DAGs
[2024-07-15T15:50:54.138+0000] {logging_mixin.py:188} INFO - [2024-07-15T15:50:54.137+0000] {dag.py:3954} INFO - Setting next_dagrun for example_local_kubernetes_executor to None, run_after=None
[2024-07-15T15:50:54.159+0000] {processor.py:183} INFO - Processing /home/airflow/.local/lib/python3.11/site-packages/airflow/example_dags/example_local_kubernetes_executor.py took 0.099 seconds
[2024-07-15T15:50:59.534+0000] {processor.py:161} INFO - Started process (PID=23597) to work on /home/airflow/.local/lib/python3.11/site-packages/airflow/example_dags/example_local_kubernetes_executor.py
[2024-07-15T15:50:59.536+0000] {processor.py:830} INFO - Processing file /home/airflow/.local/lib/python3.11/site-packages/airflow/example_dags/example_local_kubernetes_executor.py for tasks to queue
[2024-07-15T15:50:59.538+0000] {logging_mixin.py:188} INFO - [2024-07-15T15:50:59.538+0000] {dagbag.py:545} INFO - Filling up the DagBag from /home/airflow/.local/lib/python3.11/site-packages/airflow/example_dags/example_local_kubernetes_executor.py
[2024-07-15T15:50:59.548+0000] {processor.py:840} INFO - DAG(s) 'example_local_kubernetes_executor' retrieved from /home/airflow/.local/lib/python3.11/site-packages/airflow/example_dags/example_local_kubernetes_executor.py
[2024-07-15T15:50:59.595+0000] {logging_mixin.py:188} INFO - [2024-07-15T15:50:59.595+0000] {dag.py:3096} INFO - Sync 1 DAGs
[2024-07-15T15:50:59.611+0000] {logging_mixin.py:188} INFO - [2024-07-15T15:50:59.611+0000] {dag.py:3954} INFO - Setting next_dagrun for example_local_kubernetes_executor to None, run_after=None
[2024-07-15T15:50:59.634+0000] {processor.py:183} INFO - Processing /home/airflow/.local/lib/python3.11/site-packages/airflow/example_dags/example_local_kubernetes_executor.py took 0.108 seconds
[2024-07-15T15:51:04.546+0000] {processor.py:161} INFO - Started process (PID=23650) to work on /home/airflow/.local/lib/python3.11/site-packages/airflow/example_dags/example_local_kubernetes_executor.py
[2024-07-15T15:51:04.547+0000] {processor.py:830} INFO - Processing file /home/airflow/.local/lib/python3.11/site-packages/airflow/example_dags/example_local_kubernetes_executor.py for tasks to queue
[2024-07-15T15:51:04.550+0000] {logging_mixin.py:188} INFO - [2024-07-15T15:51:04.549+0000] {dagbag.py:545} INFO - Filling up the DagBag from /home/airflow/.local/lib/python3.11/site-packages/airflow/example_dags/example_local_kubernetes_executor.py
[2024-07-15T15:51:04.559+0000] {processor.py:840} INFO - DAG(s) 'example_local_kubernetes_executor' retrieved from /home/airflow/.local/lib/python3.11/site-packages/airflow/example_dags/example_local_kubernetes_executor.py
[2024-07-15T15:51:04.600+0000] {logging_mixin.py:188} INFO - [2024-07-15T15:51:04.600+0000] {dag.py:3096} INFO - Sync 1 DAGs
[2024-07-15T15:51:04.617+0000] {logging_mixin.py:188} INFO - [2024-07-15T15:51:04.616+0000] {dag.py:3954} INFO - Setting next_dagrun for example_local_kubernetes_executor to None, run_after=None
[2024-07-15T15:51:04.638+0000] {processor.py:183} INFO - Processing /home/airflow/.local/lib/python3.11/site-packages/airflow/example_dags/example_local_kubernetes_executor.py took 0.099 seconds
[2024-07-15T15:51:09.241+0000] {processor.py:161} INFO - Started process (PID=23702) to work on /home/airflow/.local/lib/python3.11/site-packages/airflow/example_dags/example_local_kubernetes_executor.py
[2024-07-15T15:51:09.243+0000] {processor.py:830} INFO - Processing file /home/airflow/.local/lib/python3.11/site-packages/airflow/example_dags/example_local_kubernetes_executor.py for tasks to queue
[2024-07-15T15:51:09.247+0000] {logging_mixin.py:188} INFO - [2024-07-15T15:51:09.247+0000] {dagbag.py:545} INFO - Filling up the DagBag from /home/airflow/.local/lib/python3.11/site-packages/airflow/example_dags/example_local_kubernetes_executor.py
[2024-07-15T15:51:09.263+0000] {processor.py:840} INFO - DAG(s) 'example_local_kubernetes_executor' retrieved from /home/airflow/.local/lib/python3.11/site-packages/airflow/example_dags/example_local_kubernetes_executor.py
[2024-07-15T15:51:09.333+0000] {logging_mixin.py:188} INFO - [2024-07-15T15:51:09.333+0000] {dag.py:3096} INFO - Sync 1 DAGs
[2024-07-15T15:51:09.370+0000] {logging_mixin.py:188} INFO - [2024-07-15T15:51:09.369+0000] {dag.py:3954} INFO - Setting next_dagrun for example_local_kubernetes_executor to None, run_after=None
[2024-07-15T15:51:09.409+0000] {processor.py:183} INFO - Processing /home/airflow/.local/lib/python3.11/site-packages/airflow/example_dags/example_local_kubernetes_executor.py took 0.185 seconds
[2024-07-15T15:51:14.657+0000] {processor.py:161} INFO - Started process (PID=23755) to work on /home/airflow/.local/lib/python3.11/site-packages/airflow/example_dags/example_local_kubernetes_executor.py
[2024-07-15T15:51:14.659+0000] {processor.py:830} INFO - Processing file /home/airflow/.local/lib/python3.11/site-packages/airflow/example_dags/example_local_kubernetes_executor.py for tasks to queue
[2024-07-15T15:51:14.661+0000] {logging_mixin.py:188} INFO - [2024-07-15T15:51:14.661+0000] {dagbag.py:545} INFO - Filling up the DagBag from /home/airflow/.local/lib/python3.11/site-packages/airflow/example_dags/example_local_kubernetes_executor.py
[2024-07-15T15:51:14.671+0000] {processor.py:840} INFO - DAG(s) 'example_local_kubernetes_executor' retrieved from /home/airflow/.local/lib/python3.11/site-packages/airflow/example_dags/example_local_kubernetes_executor.py
[2024-07-15T15:51:14.716+0000] {logging_mixin.py:188} INFO - [2024-07-15T15:51:14.716+0000] {dag.py:3096} INFO - Sync 1 DAGs
[2024-07-15T15:51:14.731+0000] {logging_mixin.py:188} INFO - [2024-07-15T15:51:14.730+0000] {dag.py:3954} INFO - Setting next_dagrun for example_local_kubernetes_executor to None, run_after=None
[2024-07-15T15:51:14.752+0000] {processor.py:183} INFO - Processing /home/airflow/.local/lib/python3.11/site-packages/airflow/example_dags/example_local_kubernetes_executor.py took 0.103 seconds
[2024-07-15T15:51:19.115+0000] {processor.py:161} INFO - Started process (PID=23807) to work on /home/airflow/.local/lib/python3.11/site-packages/airflow/example_dags/example_local_kubernetes_executor.py
[2024-07-15T15:51:19.117+0000] {processor.py:830} INFO - Processing file /home/airflow/.local/lib/python3.11/site-packages/airflow/example_dags/example_local_kubernetes_executor.py for tasks to queue
[2024-07-15T15:51:19.119+0000] {logging_mixin.py:188} INFO - [2024-07-15T15:51:19.119+0000] {dagbag.py:545} INFO - Filling up the DagBag from /home/airflow/.local/lib/python3.11/site-packages/airflow/example_dags/example_local_kubernetes_executor.py
[2024-07-15T15:51:19.128+0000] {processor.py:840} INFO - DAG(s) 'example_local_kubernetes_executor' retrieved from /home/airflow/.local/lib/python3.11/site-packages/airflow/example_dags/example_local_kubernetes_executor.py
[2024-07-15T15:51:19.197+0000] {logging_mixin.py:188} INFO - [2024-07-15T15:51:19.197+0000] {dag.py:3096} INFO - Sync 1 DAGs
[2024-07-15T15:51:19.218+0000] {logging_mixin.py:188} INFO - [2024-07-15T15:51:19.218+0000] {dag.py:3954} INFO - Setting next_dagrun for example_local_kubernetes_executor to None, run_after=None
[2024-07-15T15:51:19.291+0000] {processor.py:183} INFO - Processing /home/airflow/.local/lib/python3.11/site-packages/airflow/example_dags/example_local_kubernetes_executor.py took 0.183 seconds
[2024-07-15T15:52:51.025+0000] {processor.py:161} INFO - Started process (PID=24774) to work on /home/airflow/.local/lib/python3.11/site-packages/airflow/example_dags/example_local_kubernetes_executor.py
[2024-07-15T15:52:51.026+0000] {processor.py:830} INFO - Processing file /home/airflow/.local/lib/python3.11/site-packages/airflow/example_dags/example_local_kubernetes_executor.py for tasks to queue
[2024-07-15T15:52:51.030+0000] {logging_mixin.py:188} INFO - [2024-07-15T15:52:51.029+0000] {dagbag.py:545} INFO - Filling up the DagBag from /home/airflow/.local/lib/python3.11/site-packages/airflow/example_dags/example_local_kubernetes_executor.py
[2024-07-15T15:52:51.042+0000] {processor.py:840} INFO - DAG(s) 'example_local_kubernetes_executor' retrieved from /home/airflow/.local/lib/python3.11/site-packages/airflow/example_dags/example_local_kubernetes_executor.py
[2024-07-15T15:52:51.097+0000] {logging_mixin.py:188} INFO - [2024-07-15T15:52:51.096+0000] {dag.py:3096} INFO - Sync 1 DAGs
[2024-07-15T15:52:51.113+0000] {logging_mixin.py:188} INFO - [2024-07-15T15:52:51.113+0000] {dag.py:3954} INFO - Setting next_dagrun for example_local_kubernetes_executor to None, run_after=None
[2024-07-15T15:52:51.136+0000] {processor.py:183} INFO - Processing /home/airflow/.local/lib/python3.11/site-packages/airflow/example_dags/example_local_kubernetes_executor.py took 0.120 seconds
[2024-07-15T15:52:59.346+0000] {processor.py:161} INFO - Started process (PID=24833) to work on /home/airflow/.local/lib/python3.11/site-packages/airflow/example_dags/example_local_kubernetes_executor.py
[2024-07-15T15:52:59.348+0000] {processor.py:830} INFO - Processing file /home/airflow/.local/lib/python3.11/site-packages/airflow/example_dags/example_local_kubernetes_executor.py for tasks to queue
[2024-07-15T15:52:59.350+0000] {logging_mixin.py:188} INFO - [2024-07-15T15:52:59.350+0000] {dagbag.py:545} INFO - Filling up the DagBag from /home/airflow/.local/lib/python3.11/site-packages/airflow/example_dags/example_local_kubernetes_executor.py
[2024-07-15T15:52:59.362+0000] {processor.py:840} INFO - DAG(s) 'example_local_kubernetes_executor' retrieved from /home/airflow/.local/lib/python3.11/site-packages/airflow/example_dags/example_local_kubernetes_executor.py
[2024-07-15T15:52:59.447+0000] {logging_mixin.py:188} INFO - [2024-07-15T15:52:59.446+0000] {dag.py:3096} INFO - Sync 1 DAGs
[2024-07-15T15:52:59.481+0000] {logging_mixin.py:188} INFO - [2024-07-15T15:52:59.481+0000] {dag.py:3954} INFO - Setting next_dagrun for example_local_kubernetes_executor to None, run_after=None
[2024-07-15T15:52:59.525+0000] {processor.py:183} INFO - Processing /home/airflow/.local/lib/python3.11/site-packages/airflow/example_dags/example_local_kubernetes_executor.py took 0.190 seconds
[2024-07-15T15:53:06.438+0000] {processor.py:161} INFO - Started process (PID=24885) to work on /home/airflow/.local/lib/python3.11/site-packages/airflow/example_dags/example_local_kubernetes_executor.py
[2024-07-15T15:53:06.439+0000] {processor.py:830} INFO - Processing file /home/airflow/.local/lib/python3.11/site-packages/airflow/example_dags/example_local_kubernetes_executor.py for tasks to queue
[2024-07-15T15:53:06.442+0000] {logging_mixin.py:188} INFO - [2024-07-15T15:53:06.442+0000] {dagbag.py:545} INFO - Filling up the DagBag from /home/airflow/.local/lib/python3.11/site-packages/airflow/example_dags/example_local_kubernetes_executor.py
[2024-07-15T15:53:06.454+0000] {processor.py:840} INFO - DAG(s) 'example_local_kubernetes_executor' retrieved from /home/airflow/.local/lib/python3.11/site-packages/airflow/example_dags/example_local_kubernetes_executor.py
[2024-07-15T15:53:06.506+0000] {logging_mixin.py:188} INFO - [2024-07-15T15:53:06.506+0000] {dag.py:3096} INFO - Sync 1 DAGs
[2024-07-15T15:53:06.530+0000] {logging_mixin.py:188} INFO - [2024-07-15T15:53:06.529+0000] {dag.py:3954} INFO - Setting next_dagrun for example_local_kubernetes_executor to None, run_after=None
[2024-07-15T15:53:06.559+0000] {processor.py:183} INFO - Processing /home/airflow/.local/lib/python3.11/site-packages/airflow/example_dags/example_local_kubernetes_executor.py took 0.132 seconds
[2024-07-15T15:53:11.990+0000] {processor.py:161} INFO - Started process (PID=24939) to work on /home/airflow/.local/lib/python3.11/site-packages/airflow/example_dags/example_local_kubernetes_executor.py
[2024-07-15T15:53:11.991+0000] {processor.py:830} INFO - Processing file /home/airflow/.local/lib/python3.11/site-packages/airflow/example_dags/example_local_kubernetes_executor.py for tasks to queue
[2024-07-15T15:53:11.994+0000] {logging_mixin.py:188} INFO - [2024-07-15T15:53:11.994+0000] {dagbag.py:545} INFO - Filling up the DagBag from /home/airflow/.local/lib/python3.11/site-packages/airflow/example_dags/example_local_kubernetes_executor.py
[2024-07-15T15:53:12.003+0000] {processor.py:840} INFO - DAG(s) 'example_local_kubernetes_executor' retrieved from /home/airflow/.local/lib/python3.11/site-packages/airflow/example_dags/example_local_kubernetes_executor.py
[2024-07-15T15:53:12.057+0000] {logging_mixin.py:188} INFO - [2024-07-15T15:53:12.057+0000] {dag.py:3096} INFO - Sync 1 DAGs
[2024-07-15T15:53:12.079+0000] {logging_mixin.py:188} INFO - [2024-07-15T15:53:12.079+0000] {dag.py:3954} INFO - Setting next_dagrun for example_local_kubernetes_executor to None, run_after=None
[2024-07-15T15:53:12.103+0000] {processor.py:183} INFO - Processing /home/airflow/.local/lib/python3.11/site-packages/airflow/example_dags/example_local_kubernetes_executor.py took 0.121 seconds
[2024-07-15T15:53:17.240+0000] {processor.py:161} INFO - Started process (PID=24991) to work on /home/airflow/.local/lib/python3.11/site-packages/airflow/example_dags/example_local_kubernetes_executor.py
[2024-07-15T15:53:17.241+0000] {processor.py:830} INFO - Processing file /home/airflow/.local/lib/python3.11/site-packages/airflow/example_dags/example_local_kubernetes_executor.py for tasks to queue
[2024-07-15T15:53:17.244+0000] {logging_mixin.py:188} INFO - [2024-07-15T15:53:17.244+0000] {dagbag.py:545} INFO - Filling up the DagBag from /home/airflow/.local/lib/python3.11/site-packages/airflow/example_dags/example_local_kubernetes_executor.py
[2024-07-15T15:53:17.256+0000] {processor.py:840} INFO - DAG(s) 'example_local_kubernetes_executor' retrieved from /home/airflow/.local/lib/python3.11/site-packages/airflow/example_dags/example_local_kubernetes_executor.py
[2024-07-15T15:53:17.308+0000] {logging_mixin.py:188} INFO - [2024-07-15T15:53:17.308+0000] {dag.py:3096} INFO - Sync 1 DAGs
[2024-07-15T15:53:17.326+0000] {logging_mixin.py:188} INFO - [2024-07-15T15:53:17.325+0000] {dag.py:3954} INFO - Setting next_dagrun for example_local_kubernetes_executor to None, run_after=None
[2024-07-15T15:53:17.356+0000] {processor.py:183} INFO - Processing /home/airflow/.local/lib/python3.11/site-packages/airflow/example_dags/example_local_kubernetes_executor.py took 0.127 seconds
[2024-07-15T15:53:22.269+0000] {processor.py:161} INFO - Started process (PID=25051) to work on /home/airflow/.local/lib/python3.11/site-packages/airflow/example_dags/example_local_kubernetes_executor.py
[2024-07-15T15:53:22.271+0000] {processor.py:830} INFO - Processing file /home/airflow/.local/lib/python3.11/site-packages/airflow/example_dags/example_local_kubernetes_executor.py for tasks to queue
[2024-07-15T15:53:22.273+0000] {logging_mixin.py:188} INFO - [2024-07-15T15:53:22.273+0000] {dagbag.py:545} INFO - Filling up the DagBag from /home/airflow/.local/lib/python3.11/site-packages/airflow/example_dags/example_local_kubernetes_executor.py
[2024-07-15T15:53:22.283+0000] {processor.py:840} INFO - DAG(s) 'example_local_kubernetes_executor' retrieved from /home/airflow/.local/lib/python3.11/site-packages/airflow/example_dags/example_local_kubernetes_executor.py
[2024-07-15T15:53:22.327+0000] {logging_mixin.py:188} INFO - [2024-07-15T15:53:22.327+0000] {dag.py:3096} INFO - Sync 1 DAGs
[2024-07-15T15:53:22.342+0000] {logging_mixin.py:188} INFO - [2024-07-15T15:53:22.342+0000] {dag.py:3954} INFO - Setting next_dagrun for example_local_kubernetes_executor to None, run_after=None
[2024-07-15T15:53:22.364+0000] {processor.py:183} INFO - Processing /home/airflow/.local/lib/python3.11/site-packages/airflow/example_dags/example_local_kubernetes_executor.py took 0.103 seconds
[2024-07-15T15:53:26.603+0000] {processor.py:161} INFO - Started process (PID=25103) to work on /home/airflow/.local/lib/python3.11/site-packages/airflow/example_dags/example_local_kubernetes_executor.py
[2024-07-15T15:53:26.604+0000] {processor.py:830} INFO - Processing file /home/airflow/.local/lib/python3.11/site-packages/airflow/example_dags/example_local_kubernetes_executor.py for tasks to queue
[2024-07-15T15:53:26.607+0000] {logging_mixin.py:188} INFO - [2024-07-15T15:53:26.606+0000] {dagbag.py:545} INFO - Filling up the DagBag from /home/airflow/.local/lib/python3.11/site-packages/airflow/example_dags/example_local_kubernetes_executor.py
[2024-07-15T15:53:26.617+0000] {processor.py:840} INFO - DAG(s) 'example_local_kubernetes_executor' retrieved from /home/airflow/.local/lib/python3.11/site-packages/airflow/example_dags/example_local_kubernetes_executor.py
[2024-07-15T15:53:26.666+0000] {logging_mixin.py:188} INFO - [2024-07-15T15:53:26.665+0000] {dag.py:3096} INFO - Sync 1 DAGs
[2024-07-15T15:53:26.684+0000] {logging_mixin.py:188} INFO - [2024-07-15T15:53:26.683+0000] {dag.py:3954} INFO - Setting next_dagrun for example_local_kubernetes_executor to None, run_after=None
[2024-07-15T15:53:26.728+0000] {processor.py:183} INFO - Processing /home/airflow/.local/lib/python3.11/site-packages/airflow/example_dags/example_local_kubernetes_executor.py took 0.134 seconds
[2024-07-15T15:53:32.678+0000] {processor.py:161} INFO - Started process (PID=25157) to work on /home/airflow/.local/lib/python3.11/site-packages/airflow/example_dags/example_local_kubernetes_executor.py
[2024-07-15T15:53:32.680+0000] {processor.py:830} INFO - Processing file /home/airflow/.local/lib/python3.11/site-packages/airflow/example_dags/example_local_kubernetes_executor.py for tasks to queue
[2024-07-15T15:53:32.683+0000] {logging_mixin.py:188} INFO - [2024-07-15T15:53:32.682+0000] {dagbag.py:545} INFO - Filling up the DagBag from /home/airflow/.local/lib/python3.11/site-packages/airflow/example_dags/example_local_kubernetes_executor.py
[2024-07-15T15:53:32.697+0000] {processor.py:840} INFO - DAG(s) 'example_local_kubernetes_executor' retrieved from /home/airflow/.local/lib/python3.11/site-packages/airflow/example_dags/example_local_kubernetes_executor.py
[2024-07-15T15:53:32.758+0000] {logging_mixin.py:188} INFO - [2024-07-15T15:53:32.758+0000] {dag.py:3096} INFO - Sync 1 DAGs
[2024-07-15T15:53:32.780+0000] {logging_mixin.py:188} INFO - [2024-07-15T15:53:32.780+0000] {dag.py:3954} INFO - Setting next_dagrun for example_local_kubernetes_executor to None, run_after=None
[2024-07-15T15:53:32.810+0000] {processor.py:183} INFO - Processing /home/airflow/.local/lib/python3.11/site-packages/airflow/example_dags/example_local_kubernetes_executor.py took 0.142 seconds
[2024-07-15T15:53:37.895+0000] {processor.py:161} INFO - Started process (PID=25209) to work on /home/airflow/.local/lib/python3.11/site-packages/airflow/example_dags/example_local_kubernetes_executor.py
[2024-07-15T15:53:37.897+0000] {processor.py:830} INFO - Processing file /home/airflow/.local/lib/python3.11/site-packages/airflow/example_dags/example_local_kubernetes_executor.py for tasks to queue
[2024-07-15T15:53:37.900+0000] {logging_mixin.py:188} INFO - [2024-07-15T15:53:37.899+0000] {dagbag.py:545} INFO - Filling up the DagBag from /home/airflow/.local/lib/python3.11/site-packages/airflow/example_dags/example_local_kubernetes_executor.py
[2024-07-15T15:53:37.911+0000] {processor.py:840} INFO - DAG(s) 'example_local_kubernetes_executor' retrieved from /home/airflow/.local/lib/python3.11/site-packages/airflow/example_dags/example_local_kubernetes_executor.py
[2024-07-15T15:53:37.960+0000] {logging_mixin.py:188} INFO - [2024-07-15T15:53:37.960+0000] {dag.py:3096} INFO - Sync 1 DAGs
[2024-07-15T15:53:37.981+0000] {logging_mixin.py:188} INFO - [2024-07-15T15:53:37.980+0000] {dag.py:3954} INFO - Setting next_dagrun for example_local_kubernetes_executor to None, run_after=None
[2024-07-15T15:53:38.010+0000] {processor.py:183} INFO - Processing /home/airflow/.local/lib/python3.11/site-packages/airflow/example_dags/example_local_kubernetes_executor.py took 0.123 seconds
[2024-07-15T15:53:43.242+0000] {processor.py:161} INFO - Started process (PID=25263) to work on /home/airflow/.local/lib/python3.11/site-packages/airflow/example_dags/example_local_kubernetes_executor.py
[2024-07-15T15:53:43.244+0000] {processor.py:830} INFO - Processing file /home/airflow/.local/lib/python3.11/site-packages/airflow/example_dags/example_local_kubernetes_executor.py for tasks to queue
[2024-07-15T15:53:43.247+0000] {logging_mixin.py:188} INFO - [2024-07-15T15:53:43.246+0000] {dagbag.py:545} INFO - Filling up the DagBag from /home/airflow/.local/lib/python3.11/site-packages/airflow/example_dags/example_local_kubernetes_executor.py
[2024-07-15T15:53:43.259+0000] {processor.py:840} INFO - DAG(s) 'example_local_kubernetes_executor' retrieved from /home/airflow/.local/lib/python3.11/site-packages/airflow/example_dags/example_local_kubernetes_executor.py
[2024-07-15T15:53:43.314+0000] {logging_mixin.py:188} INFO - [2024-07-15T15:53:43.314+0000] {dag.py:3096} INFO - Sync 1 DAGs
[2024-07-15T15:53:43.336+0000] {logging_mixin.py:188} INFO - [2024-07-15T15:53:43.335+0000] {dag.py:3954} INFO - Setting next_dagrun for example_local_kubernetes_executor to None, run_after=None
[2024-07-15T15:53:43.359+0000] {processor.py:183} INFO - Processing /home/airflow/.local/lib/python3.11/site-packages/airflow/example_dags/example_local_kubernetes_executor.py took 0.130 seconds
[2024-07-15T15:53:47.703+0000] {processor.py:161} INFO - Started process (PID=25315) to work on /home/airflow/.local/lib/python3.11/site-packages/airflow/example_dags/example_local_kubernetes_executor.py
[2024-07-15T15:53:47.707+0000] {processor.py:830} INFO - Processing file /home/airflow/.local/lib/python3.11/site-packages/airflow/example_dags/example_local_kubernetes_executor.py for tasks to queue
[2024-07-15T15:53:47.713+0000] {logging_mixin.py:188} INFO - [2024-07-15T15:53:47.712+0000] {dagbag.py:545} INFO - Filling up the DagBag from /home/airflow/.local/lib/python3.11/site-packages/airflow/example_dags/example_local_kubernetes_executor.py
[2024-07-15T15:53:47.749+0000] {processor.py:840} INFO - DAG(s) 'example_local_kubernetes_executor' retrieved from /home/airflow/.local/lib/python3.11/site-packages/airflow/example_dags/example_local_kubernetes_executor.py
[2024-07-15T15:53:47.848+0000] {logging_mixin.py:188} INFO - [2024-07-15T15:53:47.847+0000] {dag.py:3096} INFO - Sync 1 DAGs
[2024-07-15T15:53:47.877+0000] {logging_mixin.py:188} INFO - [2024-07-15T15:53:47.876+0000] {dag.py:3954} INFO - Setting next_dagrun for example_local_kubernetes_executor to None, run_after=None
[2024-07-15T15:53:47.908+0000] {processor.py:183} INFO - Processing /home/airflow/.local/lib/python3.11/site-packages/airflow/example_dags/example_local_kubernetes_executor.py took 0.233 seconds
[2024-07-15T15:53:54.829+0000] {processor.py:161} INFO - Started process (PID=25374) to work on /home/airflow/.local/lib/python3.11/site-packages/airflow/example_dags/example_local_kubernetes_executor.py
[2024-07-15T15:53:54.831+0000] {processor.py:830} INFO - Processing file /home/airflow/.local/lib/python3.11/site-packages/airflow/example_dags/example_local_kubernetes_executor.py for tasks to queue
[2024-07-15T15:53:54.833+0000] {logging_mixin.py:188} INFO - [2024-07-15T15:53:54.833+0000] {dagbag.py:545} INFO - Filling up the DagBag from /home/airflow/.local/lib/python3.11/site-packages/airflow/example_dags/example_local_kubernetes_executor.py
[2024-07-15T15:53:54.843+0000] {processor.py:840} INFO - DAG(s) 'example_local_kubernetes_executor' retrieved from /home/airflow/.local/lib/python3.11/site-packages/airflow/example_dags/example_local_kubernetes_executor.py
[2024-07-15T15:53:54.893+0000] {logging_mixin.py:188} INFO - [2024-07-15T15:53:54.892+0000] {dag.py:3096} INFO - Sync 1 DAGs
[2024-07-15T15:53:54.912+0000] {logging_mixin.py:188} INFO - [2024-07-15T15:53:54.912+0000] {dag.py:3954} INFO - Setting next_dagrun for example_local_kubernetes_executor to None, run_after=None
[2024-07-15T15:53:54.938+0000] {processor.py:183} INFO - Processing /home/airflow/.local/lib/python3.11/site-packages/airflow/example_dags/example_local_kubernetes_executor.py took 0.117 seconds
[2024-07-15T15:53:59.705+0000] {processor.py:161} INFO - Started process (PID=25426) to work on /home/airflow/.local/lib/python3.11/site-packages/airflow/example_dags/example_local_kubernetes_executor.py
[2024-07-15T15:53:59.706+0000] {processor.py:830} INFO - Processing file /home/airflow/.local/lib/python3.11/site-packages/airflow/example_dags/example_local_kubernetes_executor.py for tasks to queue
[2024-07-15T15:53:59.709+0000] {logging_mixin.py:188} INFO - [2024-07-15T15:53:59.708+0000] {dagbag.py:545} INFO - Filling up the DagBag from /home/airflow/.local/lib/python3.11/site-packages/airflow/example_dags/example_local_kubernetes_executor.py
[2024-07-15T15:53:59.718+0000] {processor.py:840} INFO - DAG(s) 'example_local_kubernetes_executor' retrieved from /home/airflow/.local/lib/python3.11/site-packages/airflow/example_dags/example_local_kubernetes_executor.py
[2024-07-15T15:53:59.764+0000] {logging_mixin.py:188} INFO - [2024-07-15T15:53:59.763+0000] {dag.py:3096} INFO - Sync 1 DAGs
[2024-07-15T15:53:59.784+0000] {logging_mixin.py:188} INFO - [2024-07-15T15:53:59.783+0000] {dag.py:3954} INFO - Setting next_dagrun for example_local_kubernetes_executor to None, run_after=None
[2024-07-15T15:53:59.811+0000] {processor.py:183} INFO - Processing /home/airflow/.local/lib/python3.11/site-packages/airflow/example_dags/example_local_kubernetes_executor.py took 0.115 seconds
[2024-07-15T15:54:05.766+0000] {processor.py:161} INFO - Started process (PID=25480) to work on /home/airflow/.local/lib/python3.11/site-packages/airflow/example_dags/example_local_kubernetes_executor.py
[2024-07-15T15:54:05.768+0000] {processor.py:830} INFO - Processing file /home/airflow/.local/lib/python3.11/site-packages/airflow/example_dags/example_local_kubernetes_executor.py for tasks to queue
[2024-07-15T15:54:05.771+0000] {logging_mixin.py:188} INFO - [2024-07-15T15:54:05.771+0000] {dagbag.py:545} INFO - Filling up the DagBag from /home/airflow/.local/lib/python3.11/site-packages/airflow/example_dags/example_local_kubernetes_executor.py
[2024-07-15T15:54:05.782+0000] {processor.py:840} INFO - DAG(s) 'example_local_kubernetes_executor' retrieved from /home/airflow/.local/lib/python3.11/site-packages/airflow/example_dags/example_local_kubernetes_executor.py
[2024-07-15T15:54:05.842+0000] {logging_mixin.py:188} INFO - [2024-07-15T15:54:05.841+0000] {dag.py:3096} INFO - Sync 1 DAGs
[2024-07-15T15:54:05.862+0000] {logging_mixin.py:188} INFO - [2024-07-15T15:54:05.862+0000] {dag.py:3954} INFO - Setting next_dagrun for example_local_kubernetes_executor to None, run_after=None
[2024-07-15T15:54:05.893+0000] {processor.py:183} INFO - Processing /home/airflow/.local/lib/python3.11/site-packages/airflow/example_dags/example_local_kubernetes_executor.py took 0.137 seconds
[2024-07-15T15:54:10.991+0000] {processor.py:161} INFO - Started process (PID=25532) to work on /home/airflow/.local/lib/python3.11/site-packages/airflow/example_dags/example_local_kubernetes_executor.py
[2024-07-15T15:54:10.993+0000] {processor.py:830} INFO - Processing file /home/airflow/.local/lib/python3.11/site-packages/airflow/example_dags/example_local_kubernetes_executor.py for tasks to queue
[2024-07-15T15:54:10.995+0000] {logging_mixin.py:188} INFO - [2024-07-15T15:54:10.995+0000] {dagbag.py:545} INFO - Filling up the DagBag from /home/airflow/.local/lib/python3.11/site-packages/airflow/example_dags/example_local_kubernetes_executor.py
[2024-07-15T15:54:11.008+0000] {processor.py:840} INFO - DAG(s) 'example_local_kubernetes_executor' retrieved from /home/airflow/.local/lib/python3.11/site-packages/airflow/example_dags/example_local_kubernetes_executor.py
[2024-07-15T15:54:11.059+0000] {logging_mixin.py:188} INFO - [2024-07-15T15:54:11.059+0000] {dag.py:3096} INFO - Sync 1 DAGs
[2024-07-15T15:54:11.078+0000] {logging_mixin.py:188} INFO - [2024-07-15T15:54:11.077+0000] {dag.py:3954} INFO - Setting next_dagrun for example_local_kubernetes_executor to None, run_after=None
[2024-07-15T15:54:11.108+0000] {processor.py:183} INFO - Processing /home/airflow/.local/lib/python3.11/site-packages/airflow/example_dags/example_local_kubernetes_executor.py took 0.128 seconds
[2024-07-15T15:54:17.641+0000] {processor.py:161} INFO - Started process (PID=25585) to work on /home/airflow/.local/lib/python3.11/site-packages/airflow/example_dags/example_local_kubernetes_executor.py
[2024-07-15T15:54:17.642+0000] {processor.py:830} INFO - Processing file /home/airflow/.local/lib/python3.11/site-packages/airflow/example_dags/example_local_kubernetes_executor.py for tasks to queue
[2024-07-15T15:54:17.645+0000] {logging_mixin.py:188} INFO - [2024-07-15T15:54:17.645+0000] {dagbag.py:545} INFO - Filling up the DagBag from /home/airflow/.local/lib/python3.11/site-packages/airflow/example_dags/example_local_kubernetes_executor.py
[2024-07-15T15:54:17.655+0000] {processor.py:840} INFO - DAG(s) 'example_local_kubernetes_executor' retrieved from /home/airflow/.local/lib/python3.11/site-packages/airflow/example_dags/example_local_kubernetes_executor.py
[2024-07-15T15:54:17.701+0000] {logging_mixin.py:188} INFO - [2024-07-15T15:54:17.700+0000] {dag.py:3096} INFO - Sync 1 DAGs
[2024-07-15T15:54:17.718+0000] {logging_mixin.py:188} INFO - [2024-07-15T15:54:17.717+0000] {dag.py:3954} INFO - Setting next_dagrun for example_local_kubernetes_executor to None, run_after=None
[2024-07-15T15:54:17.742+0000] {processor.py:183} INFO - Processing /home/airflow/.local/lib/python3.11/site-packages/airflow/example_dags/example_local_kubernetes_executor.py took 0.109 seconds
[2024-07-15T15:54:22.788+0000] {processor.py:161} INFO - Started process (PID=25643) to work on /home/airflow/.local/lib/python3.11/site-packages/airflow/example_dags/example_local_kubernetes_executor.py
[2024-07-15T15:54:22.790+0000] {processor.py:830} INFO - Processing file /home/airflow/.local/lib/python3.11/site-packages/airflow/example_dags/example_local_kubernetes_executor.py for tasks to queue
[2024-07-15T15:54:22.792+0000] {logging_mixin.py:188} INFO - [2024-07-15T15:54:22.792+0000] {dagbag.py:545} INFO - Filling up the DagBag from /home/airflow/.local/lib/python3.11/site-packages/airflow/example_dags/example_local_kubernetes_executor.py
[2024-07-15T15:54:22.803+0000] {processor.py:840} INFO - DAG(s) 'example_local_kubernetes_executor' retrieved from /home/airflow/.local/lib/python3.11/site-packages/airflow/example_dags/example_local_kubernetes_executor.py
[2024-07-15T15:54:22.851+0000] {logging_mixin.py:188} INFO - [2024-07-15T15:54:22.851+0000] {dag.py:3096} INFO - Sync 1 DAGs
[2024-07-15T15:54:22.870+0000] {logging_mixin.py:188} INFO - [2024-07-15T15:54:22.870+0000] {dag.py:3954} INFO - Setting next_dagrun for example_local_kubernetes_executor to None, run_after=None
[2024-07-15T15:54:22.896+0000] {processor.py:183} INFO - Processing /home/airflow/.local/lib/python3.11/site-packages/airflow/example_dags/example_local_kubernetes_executor.py took 0.118 seconds
[2024-07-15T15:54:29.352+0000] {processor.py:161} INFO - Started process (PID=25696) to work on /home/airflow/.local/lib/python3.11/site-packages/airflow/example_dags/example_local_kubernetes_executor.py
[2024-07-15T15:54:29.353+0000] {processor.py:830} INFO - Processing file /home/airflow/.local/lib/python3.11/site-packages/airflow/example_dags/example_local_kubernetes_executor.py for tasks to queue
[2024-07-15T15:54:29.357+0000] {logging_mixin.py:188} INFO - [2024-07-15T15:54:29.356+0000] {dagbag.py:545} INFO - Filling up the DagBag from /home/airflow/.local/lib/python3.11/site-packages/airflow/example_dags/example_local_kubernetes_executor.py
[2024-07-15T15:54:29.375+0000] {processor.py:840} INFO - DAG(s) 'example_local_kubernetes_executor' retrieved from /home/airflow/.local/lib/python3.11/site-packages/airflow/example_dags/example_local_kubernetes_executor.py
[2024-07-15T15:54:29.442+0000] {logging_mixin.py:188} INFO - [2024-07-15T15:54:29.442+0000] {dag.py:3096} INFO - Sync 1 DAGs
[2024-07-15T15:54:29.465+0000] {logging_mixin.py:188} INFO - [2024-07-15T15:54:29.465+0000] {dag.py:3954} INFO - Setting next_dagrun for example_local_kubernetes_executor to None, run_after=None
[2024-07-15T15:54:29.506+0000] {processor.py:183} INFO - Processing /home/airflow/.local/lib/python3.11/site-packages/airflow/example_dags/example_local_kubernetes_executor.py took 0.165 seconds
[2024-07-15T15:54:42.234+0000] {processor.py:161} INFO - Started process (PID=25748) to work on /home/airflow/.local/lib/python3.11/site-packages/airflow/example_dags/example_local_kubernetes_executor.py
[2024-07-15T15:54:42.236+0000] {processor.py:830} INFO - Processing file /home/airflow/.local/lib/python3.11/site-packages/airflow/example_dags/example_local_kubernetes_executor.py for tasks to queue
[2024-07-15T15:54:42.240+0000] {logging_mixin.py:188} INFO - [2024-07-15T15:54:42.240+0000] {dagbag.py:545} INFO - Filling up the DagBag from /home/airflow/.local/lib/python3.11/site-packages/airflow/example_dags/example_local_kubernetes_executor.py
[2024-07-15T15:54:42.257+0000] {processor.py:840} INFO - DAG(s) 'example_local_kubernetes_executor' retrieved from /home/airflow/.local/lib/python3.11/site-packages/airflow/example_dags/example_local_kubernetes_executor.py
[2024-07-15T15:54:42.332+0000] {logging_mixin.py:188} INFO - [2024-07-15T15:54:42.332+0000] {dag.py:3096} INFO - Sync 1 DAGs
[2024-07-15T15:54:42.360+0000] {logging_mixin.py:188} INFO - [2024-07-15T15:54:42.359+0000] {dag.py:3954} INFO - Setting next_dagrun for example_local_kubernetes_executor to None, run_after=None
[2024-07-15T15:54:42.402+0000] {processor.py:183} INFO - Processing /home/airflow/.local/lib/python3.11/site-packages/airflow/example_dags/example_local_kubernetes_executor.py took 0.183 seconds
[2024-07-15T15:54:51.204+0000] {processor.py:161} INFO - Started process (PID=25802) to work on /home/airflow/.local/lib/python3.11/site-packages/airflow/example_dags/example_local_kubernetes_executor.py
[2024-07-15T15:54:51.207+0000] {processor.py:830} INFO - Processing file /home/airflow/.local/lib/python3.11/site-packages/airflow/example_dags/example_local_kubernetes_executor.py for tasks to queue
[2024-07-15T15:54:51.213+0000] {logging_mixin.py:188} INFO - [2024-07-15T15:54:51.212+0000] {dagbag.py:545} INFO - Filling up the DagBag from /home/airflow/.local/lib/python3.11/site-packages/airflow/example_dags/example_local_kubernetes_executor.py
[2024-07-15T15:54:51.231+0000] {processor.py:840} INFO - DAG(s) 'example_local_kubernetes_executor' retrieved from /home/airflow/.local/lib/python3.11/site-packages/airflow/example_dags/example_local_kubernetes_executor.py
[2024-07-15T15:54:51.330+0000] {logging_mixin.py:188} INFO - [2024-07-15T15:54:51.329+0000] {dag.py:3096} INFO - Sync 1 DAGs
[2024-07-15T15:54:51.660+0000] {logging_mixin.py:188} INFO - [2024-07-15T15:54:51.660+0000] {dag.py:3954} INFO - Setting next_dagrun for example_local_kubernetes_executor to None, run_after=None
[2024-07-15T15:54:51.740+0000] {processor.py:183} INFO - Processing /home/airflow/.local/lib/python3.11/site-packages/airflow/example_dags/example_local_kubernetes_executor.py took 0.552 seconds
[2024-07-15T15:54:59.613+0000] {processor.py:161} INFO - Started process (PID=25860) to work on /home/airflow/.local/lib/python3.11/site-packages/airflow/example_dags/example_local_kubernetes_executor.py
[2024-07-15T15:54:59.616+0000] {processor.py:830} INFO - Processing file /home/airflow/.local/lib/python3.11/site-packages/airflow/example_dags/example_local_kubernetes_executor.py for tasks to queue
[2024-07-15T15:54:59.621+0000] {logging_mixin.py:188} INFO - [2024-07-15T15:54:59.619+0000] {dagbag.py:545} INFO - Filling up the DagBag from /home/airflow/.local/lib/python3.11/site-packages/airflow/example_dags/example_local_kubernetes_executor.py
[2024-07-15T15:54:59.640+0000] {processor.py:840} INFO - DAG(s) 'example_local_kubernetes_executor' retrieved from /home/airflow/.local/lib/python3.11/site-packages/airflow/example_dags/example_local_kubernetes_executor.py
[2024-07-15T15:54:59.756+0000] {logging_mixin.py:188} INFO - [2024-07-15T15:54:59.755+0000] {dag.py:3096} INFO - Sync 1 DAGs
[2024-07-15T15:54:59.794+0000] {logging_mixin.py:188} INFO - [2024-07-15T15:54:59.793+0000] {dag.py:3954} INFO - Setting next_dagrun for example_local_kubernetes_executor to None, run_after=None
[2024-07-15T15:54:59.847+0000] {processor.py:183} INFO - Processing /home/airflow/.local/lib/python3.11/site-packages/airflow/example_dags/example_local_kubernetes_executor.py took 0.250 seconds
[2024-07-15T15:55:14.519+0000] {processor.py:161} INFO - Started process (PID=25913) to work on /home/airflow/.local/lib/python3.11/site-packages/airflow/example_dags/example_local_kubernetes_executor.py
[2024-07-15T15:55:14.522+0000] {processor.py:830} INFO - Processing file /home/airflow/.local/lib/python3.11/site-packages/airflow/example_dags/example_local_kubernetes_executor.py for tasks to queue
[2024-07-15T15:55:14.527+0000] {logging_mixin.py:188} INFO - [2024-07-15T15:55:14.526+0000] {dagbag.py:545} INFO - Filling up the DagBag from /home/airflow/.local/lib/python3.11/site-packages/airflow/example_dags/example_local_kubernetes_executor.py
[2024-07-15T15:55:14.551+0000] {processor.py:840} INFO - DAG(s) 'example_local_kubernetes_executor' retrieved from /home/airflow/.local/lib/python3.11/site-packages/airflow/example_dags/example_local_kubernetes_executor.py
[2024-07-15T15:55:14.769+0000] {logging_mixin.py:188} INFO - [2024-07-15T15:55:14.768+0000] {dag.py:3096} INFO - Sync 1 DAGs
[2024-07-15T15:55:14.811+0000] {logging_mixin.py:188} INFO - [2024-07-15T15:55:14.811+0000] {dag.py:3954} INFO - Setting next_dagrun for example_local_kubernetes_executor to None, run_after=None
[2024-07-15T15:55:14.908+0000] {processor.py:183} INFO - Processing /home/airflow/.local/lib/python3.11/site-packages/airflow/example_dags/example_local_kubernetes_executor.py took 0.403 seconds
[2024-07-15T15:55:24.950+0000] {processor.py:161} INFO - Started process (PID=25971) to work on /home/airflow/.local/lib/python3.11/site-packages/airflow/example_dags/example_local_kubernetes_executor.py
[2024-07-15T15:55:24.952+0000] {processor.py:830} INFO - Processing file /home/airflow/.local/lib/python3.11/site-packages/airflow/example_dags/example_local_kubernetes_executor.py for tasks to queue
[2024-07-15T15:55:24.957+0000] {logging_mixin.py:188} INFO - [2024-07-15T15:55:24.956+0000] {dagbag.py:545} INFO - Filling up the DagBag from /home/airflow/.local/lib/python3.11/site-packages/airflow/example_dags/example_local_kubernetes_executor.py
[2024-07-15T15:55:24.974+0000] {processor.py:840} INFO - DAG(s) 'example_local_kubernetes_executor' retrieved from /home/airflow/.local/lib/python3.11/site-packages/airflow/example_dags/example_local_kubernetes_executor.py
[2024-07-15T15:55:25.036+0000] {logging_mixin.py:188} INFO - [2024-07-15T15:55:25.035+0000] {dag.py:3096} INFO - Sync 1 DAGs
[2024-07-15T15:55:25.225+0000] {logging_mixin.py:188} INFO - [2024-07-15T15:55:25.225+0000] {dag.py:3954} INFO - Setting next_dagrun for example_local_kubernetes_executor to None, run_after=None
[2024-07-15T15:55:25.251+0000] {processor.py:183} INFO - Processing /home/airflow/.local/lib/python3.11/site-packages/airflow/example_dags/example_local_kubernetes_executor.py took 0.312 seconds
[2024-07-15T15:55:35.496+0000] {processor.py:161} INFO - Started process (PID=26024) to work on /home/airflow/.local/lib/python3.11/site-packages/airflow/example_dags/example_local_kubernetes_executor.py
[2024-07-15T15:55:35.498+0000] {processor.py:830} INFO - Processing file /home/airflow/.local/lib/python3.11/site-packages/airflow/example_dags/example_local_kubernetes_executor.py for tasks to queue
[2024-07-15T15:55:35.504+0000] {logging_mixin.py:188} INFO - [2024-07-15T15:55:35.503+0000] {dagbag.py:545} INFO - Filling up the DagBag from /home/airflow/.local/lib/python3.11/site-packages/airflow/example_dags/example_local_kubernetes_executor.py
[2024-07-15T15:55:35.526+0000] {processor.py:840} INFO - DAG(s) 'example_local_kubernetes_executor' retrieved from /home/airflow/.local/lib/python3.11/site-packages/airflow/example_dags/example_local_kubernetes_executor.py
[2024-07-15T15:55:35.621+0000] {logging_mixin.py:188} INFO - [2024-07-15T15:55:35.621+0000] {dag.py:3096} INFO - Sync 1 DAGs
[2024-07-15T15:55:35.658+0000] {logging_mixin.py:188} INFO - [2024-07-15T15:55:35.658+0000] {dag.py:3954} INFO - Setting next_dagrun for example_local_kubernetes_executor to None, run_after=None
[2024-07-15T15:55:35.717+0000] {processor.py:183} INFO - Processing /home/airflow/.local/lib/python3.11/site-packages/airflow/example_dags/example_local_kubernetes_executor.py took 0.241 seconds
[2024-07-15T15:55:40.629+0000] {processor.py:161} INFO - Started process (PID=26076) to work on /home/airflow/.local/lib/python3.11/site-packages/airflow/example_dags/example_local_kubernetes_executor.py
[2024-07-15T15:55:40.631+0000] {processor.py:830} INFO - Processing file /home/airflow/.local/lib/python3.11/site-packages/airflow/example_dags/example_local_kubernetes_executor.py for tasks to queue
[2024-07-15T15:55:40.634+0000] {logging_mixin.py:188} INFO - [2024-07-15T15:55:40.633+0000] {dagbag.py:545} INFO - Filling up the DagBag from /home/airflow/.local/lib/python3.11/site-packages/airflow/example_dags/example_local_kubernetes_executor.py
[2024-07-15T15:55:40.647+0000] {processor.py:840} INFO - DAG(s) 'example_local_kubernetes_executor' retrieved from /home/airflow/.local/lib/python3.11/site-packages/airflow/example_dags/example_local_kubernetes_executor.py
[2024-07-15T15:55:40.708+0000] {logging_mixin.py:188} INFO - [2024-07-15T15:55:40.708+0000] {dag.py:3096} INFO - Sync 1 DAGs
[2024-07-15T15:55:40.733+0000] {logging_mixin.py:188} INFO - [2024-07-15T15:55:40.733+0000] {dag.py:3954} INFO - Setting next_dagrun for example_local_kubernetes_executor to None, run_after=None
[2024-07-15T15:55:40.776+0000] {processor.py:183} INFO - Processing /home/airflow/.local/lib/python3.11/site-packages/airflow/example_dags/example_local_kubernetes_executor.py took 0.159 seconds
[2024-07-15T15:55:46.893+0000] {processor.py:161} INFO - Started process (PID=26129) to work on /home/airflow/.local/lib/python3.11/site-packages/airflow/example_dags/example_local_kubernetes_executor.py
[2024-07-15T15:55:46.894+0000] {processor.py:830} INFO - Processing file /home/airflow/.local/lib/python3.11/site-packages/airflow/example_dags/example_local_kubernetes_executor.py for tasks to queue
[2024-07-15T15:55:46.897+0000] {logging_mixin.py:188} INFO - [2024-07-15T15:55:46.897+0000] {dagbag.py:545} INFO - Filling up the DagBag from /home/airflow/.local/lib/python3.11/site-packages/airflow/example_dags/example_local_kubernetes_executor.py
[2024-07-15T15:55:46.909+0000] {processor.py:840} INFO - DAG(s) 'example_local_kubernetes_executor' retrieved from /home/airflow/.local/lib/python3.11/site-packages/airflow/example_dags/example_local_kubernetes_executor.py
[2024-07-15T15:55:46.968+0000] {logging_mixin.py:188} INFO - [2024-07-15T15:55:46.968+0000] {dag.py:3096} INFO - Sync 1 DAGs
[2024-07-15T15:55:46.992+0000] {logging_mixin.py:188} INFO - [2024-07-15T15:55:46.991+0000] {dag.py:3954} INFO - Setting next_dagrun for example_local_kubernetes_executor to None, run_after=None
[2024-07-15T15:55:47.021+0000] {processor.py:183} INFO - Processing /home/airflow/.local/lib/python3.11/site-packages/airflow/example_dags/example_local_kubernetes_executor.py took 0.138 seconds
[2024-07-15T15:55:53.531+0000] {processor.py:161} INFO - Started process (PID=26186) to work on /home/airflow/.local/lib/python3.11/site-packages/airflow/example_dags/example_local_kubernetes_executor.py
[2024-07-15T15:55:53.533+0000] {processor.py:830} INFO - Processing file /home/airflow/.local/lib/python3.11/site-packages/airflow/example_dags/example_local_kubernetes_executor.py for tasks to queue
[2024-07-15T15:55:53.536+0000] {logging_mixin.py:188} INFO - [2024-07-15T15:55:53.535+0000] {dagbag.py:545} INFO - Filling up the DagBag from /home/airflow/.local/lib/python3.11/site-packages/airflow/example_dags/example_local_kubernetes_executor.py
[2024-07-15T15:55:53.573+0000] {processor.py:840} INFO - DAG(s) 'example_local_kubernetes_executor' retrieved from /home/airflow/.local/lib/python3.11/site-packages/airflow/example_dags/example_local_kubernetes_executor.py
[2024-07-15T15:55:53.652+0000] {logging_mixin.py:188} INFO - [2024-07-15T15:55:53.652+0000] {dag.py:3096} INFO - Sync 1 DAGs
[2024-07-15T15:55:53.674+0000] {logging_mixin.py:188} INFO - [2024-07-15T15:55:53.674+0000] {dag.py:3954} INFO - Setting next_dagrun for example_local_kubernetes_executor to None, run_after=None
[2024-07-15T15:55:53.709+0000] {processor.py:183} INFO - Processing /home/airflow/.local/lib/python3.11/site-packages/airflow/example_dags/example_local_kubernetes_executor.py took 0.193 seconds
[2024-07-15T15:56:01.618+0000] {processor.py:161} INFO - Started process (PID=26239) to work on /home/airflow/.local/lib/python3.11/site-packages/airflow/example_dags/example_local_kubernetes_executor.py
[2024-07-15T15:56:01.619+0000] {processor.py:830} INFO - Processing file /home/airflow/.local/lib/python3.11/site-packages/airflow/example_dags/example_local_kubernetes_executor.py for tasks to queue
[2024-07-15T15:56:01.624+0000] {logging_mixin.py:188} INFO - [2024-07-15T15:56:01.623+0000] {dagbag.py:545} INFO - Filling up the DagBag from /home/airflow/.local/lib/python3.11/site-packages/airflow/example_dags/example_local_kubernetes_executor.py
[2024-07-15T15:56:01.641+0000] {processor.py:840} INFO - DAG(s) 'example_local_kubernetes_executor' retrieved from /home/airflow/.local/lib/python3.11/site-packages/airflow/example_dags/example_local_kubernetes_executor.py
[2024-07-15T15:56:01.716+0000] {logging_mixin.py:188} INFO - [2024-07-15T15:56:01.715+0000] {dag.py:3096} INFO - Sync 1 DAGs
[2024-07-15T15:56:01.739+0000] {logging_mixin.py:188} INFO - [2024-07-15T15:56:01.738+0000] {dag.py:3954} INFO - Setting next_dagrun for example_local_kubernetes_executor to None, run_after=None
[2024-07-15T15:56:01.773+0000] {processor.py:183} INFO - Processing /home/airflow/.local/lib/python3.11/site-packages/airflow/example_dags/example_local_kubernetes_executor.py took 0.175 seconds
[2024-07-15T15:56:08.140+0000] {processor.py:161} INFO - Started process (PID=26291) to work on /home/airflow/.local/lib/python3.11/site-packages/airflow/example_dags/example_local_kubernetes_executor.py
[2024-07-15T15:56:08.142+0000] {processor.py:830} INFO - Processing file /home/airflow/.local/lib/python3.11/site-packages/airflow/example_dags/example_local_kubernetes_executor.py for tasks to queue
[2024-07-15T15:56:08.145+0000] {logging_mixin.py:188} INFO - [2024-07-15T15:56:08.144+0000] {dagbag.py:545} INFO - Filling up the DagBag from /home/airflow/.local/lib/python3.11/site-packages/airflow/example_dags/example_local_kubernetes_executor.py
[2024-07-15T15:56:08.158+0000] {processor.py:840} INFO - DAG(s) 'example_local_kubernetes_executor' retrieved from /home/airflow/.local/lib/python3.11/site-packages/airflow/example_dags/example_local_kubernetes_executor.py
[2024-07-15T15:56:08.215+0000] {logging_mixin.py:188} INFO - [2024-07-15T15:56:08.215+0000] {dag.py:3096} INFO - Sync 1 DAGs
[2024-07-15T15:56:08.236+0000] {logging_mixin.py:188} INFO - [2024-07-15T15:56:08.235+0000] {dag.py:3954} INFO - Setting next_dagrun for example_local_kubernetes_executor to None, run_after=None
[2024-07-15T15:56:08.265+0000] {processor.py:183} INFO - Processing /home/airflow/.local/lib/python3.11/site-packages/airflow/example_dags/example_local_kubernetes_executor.py took 0.135 seconds
[2024-07-15T15:56:13.730+0000] {processor.py:161} INFO - Started process (PID=26344) to work on /home/airflow/.local/lib/python3.11/site-packages/airflow/example_dags/example_local_kubernetes_executor.py
[2024-07-15T15:56:13.732+0000] {processor.py:830} INFO - Processing file /home/airflow/.local/lib/python3.11/site-packages/airflow/example_dags/example_local_kubernetes_executor.py for tasks to queue
[2024-07-15T15:56:13.736+0000] {logging_mixin.py:188} INFO - [2024-07-15T15:56:13.735+0000] {dagbag.py:545} INFO - Filling up the DagBag from /home/airflow/.local/lib/python3.11/site-packages/airflow/example_dags/example_local_kubernetes_executor.py
[2024-07-15T15:56:13.752+0000] {processor.py:840} INFO - DAG(s) 'example_local_kubernetes_executor' retrieved from /home/airflow/.local/lib/python3.11/site-packages/airflow/example_dags/example_local_kubernetes_executor.py
[2024-07-15T15:56:13.823+0000] {logging_mixin.py:188} INFO - [2024-07-15T15:56:13.823+0000] {dag.py:3096} INFO - Sync 1 DAGs
[2024-07-15T15:56:13.847+0000] {logging_mixin.py:188} INFO - [2024-07-15T15:56:13.847+0000] {dag.py:3954} INFO - Setting next_dagrun for example_local_kubernetes_executor to None, run_after=None
[2024-07-15T15:56:13.874+0000] {processor.py:183} INFO - Processing /home/airflow/.local/lib/python3.11/site-packages/airflow/example_dags/example_local_kubernetes_executor.py took 0.156 seconds
[2024-07-15T15:56:20.405+0000] {processor.py:161} INFO - Started process (PID=26396) to work on /home/airflow/.local/lib/python3.11/site-packages/airflow/example_dags/example_local_kubernetes_executor.py
[2024-07-15T15:56:20.408+0000] {processor.py:830} INFO - Processing file /home/airflow/.local/lib/python3.11/site-packages/airflow/example_dags/example_local_kubernetes_executor.py for tasks to queue
[2024-07-15T15:56:20.412+0000] {logging_mixin.py:188} INFO - [2024-07-15T15:56:20.411+0000] {dagbag.py:545} INFO - Filling up the DagBag from /home/airflow/.local/lib/python3.11/site-packages/airflow/example_dags/example_local_kubernetes_executor.py
[2024-07-15T15:56:20.428+0000] {processor.py:840} INFO - DAG(s) 'example_local_kubernetes_executor' retrieved from /home/airflow/.local/lib/python3.11/site-packages/airflow/example_dags/example_local_kubernetes_executor.py
[2024-07-15T15:56:20.488+0000] {logging_mixin.py:188} INFO - [2024-07-15T15:56:20.488+0000] {dag.py:3096} INFO - Sync 1 DAGs
[2024-07-15T15:56:20.511+0000] {logging_mixin.py:188} INFO - [2024-07-15T15:56:20.511+0000] {dag.py:3954} INFO - Setting next_dagrun for example_local_kubernetes_executor to None, run_after=None
[2024-07-15T15:56:20.544+0000] {processor.py:183} INFO - Processing /home/airflow/.local/lib/python3.11/site-packages/airflow/example_dags/example_local_kubernetes_executor.py took 0.151 seconds
[2024-07-15T15:56:28.884+0000] {processor.py:161} INFO - Started process (PID=26455) to work on /home/airflow/.local/lib/python3.11/site-packages/airflow/example_dags/example_local_kubernetes_executor.py
[2024-07-15T15:56:28.886+0000] {processor.py:830} INFO - Processing file /home/airflow/.local/lib/python3.11/site-packages/airflow/example_dags/example_local_kubernetes_executor.py for tasks to queue
[2024-07-15T15:56:28.890+0000] {logging_mixin.py:188} INFO - [2024-07-15T15:56:28.889+0000] {dagbag.py:545} INFO - Filling up the DagBag from /home/airflow/.local/lib/python3.11/site-packages/airflow/example_dags/example_local_kubernetes_executor.py
[2024-07-15T15:56:28.903+0000] {processor.py:840} INFO - DAG(s) 'example_local_kubernetes_executor' retrieved from /home/airflow/.local/lib/python3.11/site-packages/airflow/example_dags/example_local_kubernetes_executor.py
[2024-07-15T15:56:28.973+0000] {logging_mixin.py:188} INFO - [2024-07-15T15:56:28.973+0000] {dag.py:3096} INFO - Sync 1 DAGs
[2024-07-15T15:56:28.996+0000] {logging_mixin.py:188} INFO - [2024-07-15T15:56:28.995+0000] {dag.py:3954} INFO - Setting next_dagrun for example_local_kubernetes_executor to None, run_after=None
[2024-07-15T15:56:29.022+0000] {processor.py:183} INFO - Processing /home/airflow/.local/lib/python3.11/site-packages/airflow/example_dags/example_local_kubernetes_executor.py took 0.149 seconds
[2024-07-15T15:56:36.429+0000] {processor.py:161} INFO - Started process (PID=26507) to work on /home/airflow/.local/lib/python3.11/site-packages/airflow/example_dags/example_local_kubernetes_executor.py
[2024-07-15T15:56:36.431+0000] {processor.py:830} INFO - Processing file /home/airflow/.local/lib/python3.11/site-packages/airflow/example_dags/example_local_kubernetes_executor.py for tasks to queue
[2024-07-15T15:56:36.434+0000] {logging_mixin.py:188} INFO - [2024-07-15T15:56:36.433+0000] {dagbag.py:545} INFO - Filling up the DagBag from /home/airflow/.local/lib/python3.11/site-packages/airflow/example_dags/example_local_kubernetes_executor.py
[2024-07-15T15:56:36.448+0000] {processor.py:840} INFO - DAG(s) 'example_local_kubernetes_executor' retrieved from /home/airflow/.local/lib/python3.11/site-packages/airflow/example_dags/example_local_kubernetes_executor.py
[2024-07-15T15:56:36.500+0000] {logging_mixin.py:188} INFO - [2024-07-15T15:56:36.500+0000] {dag.py:3096} INFO - Sync 1 DAGs
[2024-07-15T15:56:36.519+0000] {logging_mixin.py:188} INFO - [2024-07-15T15:56:36.519+0000] {dag.py:3954} INFO - Setting next_dagrun for example_local_kubernetes_executor to None, run_after=None
[2024-07-15T15:56:36.550+0000] {processor.py:183} INFO - Processing /home/airflow/.local/lib/python3.11/site-packages/airflow/example_dags/example_local_kubernetes_executor.py took 0.134 seconds
[2024-07-15T15:56:42.801+0000] {processor.py:161} INFO - Started process (PID=26561) to work on /home/airflow/.local/lib/python3.11/site-packages/airflow/example_dags/example_local_kubernetes_executor.py
[2024-07-15T15:56:42.803+0000] {processor.py:830} INFO - Processing file /home/airflow/.local/lib/python3.11/site-packages/airflow/example_dags/example_local_kubernetes_executor.py for tasks to queue
[2024-07-15T15:56:42.806+0000] {logging_mixin.py:188} INFO - [2024-07-15T15:56:42.805+0000] {dagbag.py:545} INFO - Filling up the DagBag from /home/airflow/.local/lib/python3.11/site-packages/airflow/example_dags/example_local_kubernetes_executor.py
[2024-07-15T15:56:42.818+0000] {processor.py:840} INFO - DAG(s) 'example_local_kubernetes_executor' retrieved from /home/airflow/.local/lib/python3.11/site-packages/airflow/example_dags/example_local_kubernetes_executor.py
[2024-07-15T15:56:42.875+0000] {logging_mixin.py:188} INFO - [2024-07-15T15:56:42.875+0000] {dag.py:3096} INFO - Sync 1 DAGs
[2024-07-15T15:56:42.901+0000] {logging_mixin.py:188} INFO - [2024-07-15T15:56:42.900+0000] {dag.py:3954} INFO - Setting next_dagrun for example_local_kubernetes_executor to None, run_after=None
[2024-07-15T15:56:42.929+0000] {processor.py:183} INFO - Processing /home/airflow/.local/lib/python3.11/site-packages/airflow/example_dags/example_local_kubernetes_executor.py took 0.138 seconds
[2024-07-15T15:56:47.029+0000] {processor.py:161} INFO - Started process (PID=26613) to work on /home/airflow/.local/lib/python3.11/site-packages/airflow/example_dags/example_local_kubernetes_executor.py
[2024-07-15T15:56:47.030+0000] {processor.py:830} INFO - Processing file /home/airflow/.local/lib/python3.11/site-packages/airflow/example_dags/example_local_kubernetes_executor.py for tasks to queue
[2024-07-15T15:56:47.033+0000] {logging_mixin.py:188} INFO - [2024-07-15T15:56:47.033+0000] {dagbag.py:545} INFO - Filling up the DagBag from /home/airflow/.local/lib/python3.11/site-packages/airflow/example_dags/example_local_kubernetes_executor.py
[2024-07-15T15:56:47.045+0000] {processor.py:840} INFO - DAG(s) 'example_local_kubernetes_executor' retrieved from /home/airflow/.local/lib/python3.11/site-packages/airflow/example_dags/example_local_kubernetes_executor.py
[2024-07-15T15:56:47.098+0000] {logging_mixin.py:188} INFO - [2024-07-15T15:56:47.097+0000] {dag.py:3096} INFO - Sync 1 DAGs
[2024-07-15T15:56:47.117+0000] {logging_mixin.py:188} INFO - [2024-07-15T15:56:47.116+0000] {dag.py:3954} INFO - Setting next_dagrun for example_local_kubernetes_executor to None, run_after=None
[2024-07-15T15:56:47.144+0000] {processor.py:183} INFO - Processing /home/airflow/.local/lib/python3.11/site-packages/airflow/example_dags/example_local_kubernetes_executor.py took 0.124 seconds
[2024-07-15T15:56:53.334+0000] {processor.py:161} INFO - Started process (PID=26673) to work on /home/airflow/.local/lib/python3.11/site-packages/airflow/example_dags/example_local_kubernetes_executor.py
[2024-07-15T15:56:53.335+0000] {processor.py:830} INFO - Processing file /home/airflow/.local/lib/python3.11/site-packages/airflow/example_dags/example_local_kubernetes_executor.py for tasks to queue
[2024-07-15T15:56:53.338+0000] {logging_mixin.py:188} INFO - [2024-07-15T15:56:53.338+0000] {dagbag.py:545} INFO - Filling up the DagBag from /home/airflow/.local/lib/python3.11/site-packages/airflow/example_dags/example_local_kubernetes_executor.py
[2024-07-15T15:56:53.352+0000] {processor.py:840} INFO - DAG(s) 'example_local_kubernetes_executor' retrieved from /home/airflow/.local/lib/python3.11/site-packages/airflow/example_dags/example_local_kubernetes_executor.py
[2024-07-15T15:56:53.411+0000] {logging_mixin.py:188} INFO - [2024-07-15T15:56:53.411+0000] {dag.py:3096} INFO - Sync 1 DAGs
[2024-07-15T15:56:53.431+0000] {logging_mixin.py:188} INFO - [2024-07-15T15:56:53.430+0000] {dag.py:3954} INFO - Setting next_dagrun for example_local_kubernetes_executor to None, run_after=None
[2024-07-15T15:56:53.456+0000] {processor.py:183} INFO - Processing /home/airflow/.local/lib/python3.11/site-packages/airflow/example_dags/example_local_kubernetes_executor.py took 0.135 seconds
[2024-07-15T15:56:58.121+0000] {processor.py:161} INFO - Started process (PID=26725) to work on /home/airflow/.local/lib/python3.11/site-packages/airflow/example_dags/example_local_kubernetes_executor.py
[2024-07-15T15:56:58.123+0000] {processor.py:830} INFO - Processing file /home/airflow/.local/lib/python3.11/site-packages/airflow/example_dags/example_local_kubernetes_executor.py for tasks to queue
[2024-07-15T15:56:58.125+0000] {logging_mixin.py:188} INFO - [2024-07-15T15:56:58.124+0000] {dagbag.py:545} INFO - Filling up the DagBag from /home/airflow/.local/lib/python3.11/site-packages/airflow/example_dags/example_local_kubernetes_executor.py
[2024-07-15T15:56:58.135+0000] {processor.py:840} INFO - DAG(s) 'example_local_kubernetes_executor' retrieved from /home/airflow/.local/lib/python3.11/site-packages/airflow/example_dags/example_local_kubernetes_executor.py
[2024-07-15T15:56:58.183+0000] {logging_mixin.py:188} INFO - [2024-07-15T15:56:58.182+0000] {dag.py:3096} INFO - Sync 1 DAGs
[2024-07-15T15:56:58.202+0000] {logging_mixin.py:188} INFO - [2024-07-15T15:56:58.201+0000] {dag.py:3954} INFO - Setting next_dagrun for example_local_kubernetes_executor to None, run_after=None
[2024-07-15T15:56:58.227+0000] {processor.py:183} INFO - Processing /home/airflow/.local/lib/python3.11/site-packages/airflow/example_dags/example_local_kubernetes_executor.py took 0.113 seconds
