[2024-07-15T15:48:52.498+0000] {processor.py:161} INFO - Started process (PID=22598) to work on /home/airflow/.local/lib/python3.11/site-packages/airflow/example_dags/example_trigger_controller_dag.py
[2024-07-15T15:48:52.508+0000] {processor.py:830} INFO - Processing file /home/airflow/.local/lib/python3.11/site-packages/airflow/example_dags/example_trigger_controller_dag.py for tasks to queue
[2024-07-15T15:48:52.533+0000] {logging_mixin.py:188} INFO - [2024-07-15T15:48:52.532+0000] {dagbag.py:545} INFO - Filling up the DagBag from /home/airflow/.local/lib/python3.11/site-packages/airflow/example_dags/example_trigger_controller_dag.py
[2024-07-15T15:48:52.574+0000] {processor.py:840} INFO - DAG(s) 'example_trigger_controller_dag' retrieved from /home/airflow/.local/lib/python3.11/site-packages/airflow/example_dags/example_trigger_controller_dag.py
[2024-07-15T15:48:52.717+0000] {logging_mixin.py:188} INFO - [2024-07-15T15:48:52.717+0000] {dag.py:3096} INFO - Sync 1 DAGs
[2024-07-15T15:48:52.869+0000] {logging_mixin.py:188} INFO - [2024-07-15T15:48:52.869+0000] {dag.py:3954} INFO - Setting next_dagrun for example_trigger_controller_dag to 2021-01-01 00:00:00+00:00, run_after=2021-01-01 00:00:00+00:00
[2024-07-15T15:48:52.976+0000] {processor.py:183} INFO - Processing /home/airflow/.local/lib/python3.11/site-packages/airflow/example_dags/example_trigger_controller_dag.py took 0.514 seconds
[2024-07-15T15:49:10.325+0000] {processor.py:161} INFO - Started process (PID=22652) to work on /home/airflow/.local/lib/python3.11/site-packages/airflow/example_dags/example_trigger_controller_dag.py
[2024-07-15T15:49:10.338+0000] {processor.py:830} INFO - Processing file /home/airflow/.local/lib/python3.11/site-packages/airflow/example_dags/example_trigger_controller_dag.py for tasks to queue
[2024-07-15T15:49:10.344+0000] {logging_mixin.py:188} INFO - [2024-07-15T15:49:10.343+0000] {dagbag.py:545} INFO - Filling up the DagBag from /home/airflow/.local/lib/python3.11/site-packages/airflow/example_dags/example_trigger_controller_dag.py
[2024-07-15T15:49:10.378+0000] {processor.py:840} INFO - DAG(s) 'example_trigger_controller_dag' retrieved from /home/airflow/.local/lib/python3.11/site-packages/airflow/example_dags/example_trigger_controller_dag.py
[2024-07-15T15:49:10.437+0000] {logging_mixin.py:188} INFO - [2024-07-15T15:49:10.436+0000] {dag.py:3096} INFO - Sync 1 DAGs
[2024-07-15T15:49:10.500+0000] {logging_mixin.py:188} INFO - [2024-07-15T15:49:10.500+0000] {dag.py:3954} INFO - Setting next_dagrun for example_trigger_controller_dag to 2021-01-01 00:00:00+00:00, run_after=2021-01-01 00:00:00+00:00
[2024-07-15T15:49:10.550+0000] {processor.py:183} INFO - Processing /home/airflow/.local/lib/python3.11/site-packages/airflow/example_dags/example_trigger_controller_dag.py took 0.249 seconds
[2024-07-15T15:49:17.186+0000] {processor.py:161} INFO - Started process (PID=22704) to work on /home/airflow/.local/lib/python3.11/site-packages/airflow/example_dags/example_trigger_controller_dag.py
[2024-07-15T15:49:17.188+0000] {processor.py:830} INFO - Processing file /home/airflow/.local/lib/python3.11/site-packages/airflow/example_dags/example_trigger_controller_dag.py for tasks to queue
[2024-07-15T15:49:17.193+0000] {logging_mixin.py:188} INFO - [2024-07-15T15:49:17.192+0000] {dagbag.py:545} INFO - Filling up the DagBag from /home/airflow/.local/lib/python3.11/site-packages/airflow/example_dags/example_trigger_controller_dag.py
[2024-07-15T15:49:17.207+0000] {processor.py:840} INFO - DAG(s) 'example_trigger_controller_dag' retrieved from /home/airflow/.local/lib/python3.11/site-packages/airflow/example_dags/example_trigger_controller_dag.py
[2024-07-15T15:49:17.260+0000] {logging_mixin.py:188} INFO - [2024-07-15T15:49:17.260+0000] {dag.py:3096} INFO - Sync 1 DAGs
[2024-07-15T15:49:17.330+0000] {logging_mixin.py:188} INFO - [2024-07-15T15:49:17.329+0000] {dag.py:3954} INFO - Setting next_dagrun for example_trigger_controller_dag to 2021-01-01 00:00:00+00:00, run_after=2021-01-01 00:00:00+00:00
[2024-07-15T15:49:17.377+0000] {processor.py:183} INFO - Processing /home/airflow/.local/lib/python3.11/site-packages/airflow/example_dags/example_trigger_controller_dag.py took 0.207 seconds
[2024-07-15T15:49:25.587+0000] {processor.py:161} INFO - Started process (PID=22763) to work on /home/airflow/.local/lib/python3.11/site-packages/airflow/example_dags/example_trigger_controller_dag.py
[2024-07-15T15:49:25.589+0000] {processor.py:830} INFO - Processing file /home/airflow/.local/lib/python3.11/site-packages/airflow/example_dags/example_trigger_controller_dag.py for tasks to queue
[2024-07-15T15:49:25.597+0000] {logging_mixin.py:188} INFO - [2024-07-15T15:49:25.594+0000] {dagbag.py:545} INFO - Filling up the DagBag from /home/airflow/.local/lib/python3.11/site-packages/airflow/example_dags/example_trigger_controller_dag.py
[2024-07-15T15:49:25.613+0000] {processor.py:840} INFO - DAG(s) 'example_trigger_controller_dag' retrieved from /home/airflow/.local/lib/python3.11/site-packages/airflow/example_dags/example_trigger_controller_dag.py
[2024-07-15T15:49:25.655+0000] {logging_mixin.py:188} INFO - [2024-07-15T15:49:25.654+0000] {dag.py:3096} INFO - Sync 1 DAGs
[2024-07-15T15:49:25.706+0000] {logging_mixin.py:188} INFO - [2024-07-15T15:49:25.705+0000] {dag.py:3954} INFO - Setting next_dagrun for example_trigger_controller_dag to 2021-01-01 00:00:00+00:00, run_after=2021-01-01 00:00:00+00:00
[2024-07-15T15:49:25.747+0000] {processor.py:183} INFO - Processing /home/airflow/.local/lib/python3.11/site-packages/airflow/example_dags/example_trigger_controller_dag.py took 0.173 seconds
[2024-07-15T15:49:33.186+0000] {processor.py:161} INFO - Started process (PID=22815) to work on /home/airflow/.local/lib/python3.11/site-packages/airflow/example_dags/example_trigger_controller_dag.py
[2024-07-15T15:49:33.187+0000] {processor.py:830} INFO - Processing file /home/airflow/.local/lib/python3.11/site-packages/airflow/example_dags/example_trigger_controller_dag.py for tasks to queue
[2024-07-15T15:49:33.192+0000] {logging_mixin.py:188} INFO - [2024-07-15T15:49:33.191+0000] {dagbag.py:545} INFO - Filling up the DagBag from /home/airflow/.local/lib/python3.11/site-packages/airflow/example_dags/example_trigger_controller_dag.py
[2024-07-15T15:49:33.200+0000] {processor.py:840} INFO - DAG(s) 'example_trigger_controller_dag' retrieved from /home/airflow/.local/lib/python3.11/site-packages/airflow/example_dags/example_trigger_controller_dag.py
[2024-07-15T15:49:33.238+0000] {logging_mixin.py:188} INFO - [2024-07-15T15:49:33.237+0000] {dag.py:3096} INFO - Sync 1 DAGs
[2024-07-15T15:49:33.281+0000] {logging_mixin.py:188} INFO - [2024-07-15T15:49:33.280+0000] {dag.py:3954} INFO - Setting next_dagrun for example_trigger_controller_dag to 2021-01-01 00:00:00+00:00, run_after=2021-01-01 00:00:00+00:00
[2024-07-15T15:49:33.316+0000] {processor.py:183} INFO - Processing /home/airflow/.local/lib/python3.11/site-packages/airflow/example_dags/example_trigger_controller_dag.py took 0.142 seconds
[2024-07-15T15:49:40.948+0000] {processor.py:161} INFO - Started process (PID=22868) to work on /home/airflow/.local/lib/python3.11/site-packages/airflow/example_dags/example_trigger_controller_dag.py
[2024-07-15T15:49:40.949+0000] {processor.py:830} INFO - Processing file /home/airflow/.local/lib/python3.11/site-packages/airflow/example_dags/example_trigger_controller_dag.py for tasks to queue
[2024-07-15T15:49:40.952+0000] {logging_mixin.py:188} INFO - [2024-07-15T15:49:40.952+0000] {dagbag.py:545} INFO - Filling up the DagBag from /home/airflow/.local/lib/python3.11/site-packages/airflow/example_dags/example_trigger_controller_dag.py
[2024-07-15T15:49:40.963+0000] {processor.py:840} INFO - DAG(s) 'example_trigger_controller_dag' retrieved from /home/airflow/.local/lib/python3.11/site-packages/airflow/example_dags/example_trigger_controller_dag.py
[2024-07-15T15:49:40.999+0000] {logging_mixin.py:188} INFO - [2024-07-15T15:49:40.998+0000] {dag.py:3096} INFO - Sync 1 DAGs
[2024-07-15T15:49:41.033+0000] {logging_mixin.py:188} INFO - [2024-07-15T15:49:41.033+0000] {dag.py:3954} INFO - Setting next_dagrun for example_trigger_controller_dag to 2021-01-01 00:00:00+00:00, run_after=2021-01-01 00:00:00+00:00
[2024-07-15T15:49:41.062+0000] {processor.py:183} INFO - Processing /home/airflow/.local/lib/python3.11/site-packages/airflow/example_dags/example_trigger_controller_dag.py took 0.124 seconds
[2024-07-15T15:49:47.498+0000] {processor.py:161} INFO - Started process (PID=22920) to work on /home/airflow/.local/lib/python3.11/site-packages/airflow/example_dags/example_trigger_controller_dag.py
[2024-07-15T15:49:47.501+0000] {processor.py:830} INFO - Processing file /home/airflow/.local/lib/python3.11/site-packages/airflow/example_dags/example_trigger_controller_dag.py for tasks to queue
[2024-07-15T15:49:47.507+0000] {logging_mixin.py:188} INFO - [2024-07-15T15:49:47.506+0000] {dagbag.py:545} INFO - Filling up the DagBag from /home/airflow/.local/lib/python3.11/site-packages/airflow/example_dags/example_trigger_controller_dag.py
[2024-07-15T15:49:47.523+0000] {processor.py:840} INFO - DAG(s) 'example_trigger_controller_dag' retrieved from /home/airflow/.local/lib/python3.11/site-packages/airflow/example_dags/example_trigger_controller_dag.py
[2024-07-15T15:49:47.559+0000] {logging_mixin.py:188} INFO - [2024-07-15T15:49:47.558+0000] {dag.py:3096} INFO - Sync 1 DAGs
[2024-07-15T15:49:47.597+0000] {logging_mixin.py:188} INFO - [2024-07-15T15:49:47.597+0000] {dag.py:3954} INFO - Setting next_dagrun for example_trigger_controller_dag to 2021-01-01 00:00:00+00:00, run_after=2021-01-01 00:00:00+00:00
[2024-07-15T15:49:47.630+0000] {processor.py:183} INFO - Processing /home/airflow/.local/lib/python3.11/site-packages/airflow/example_dags/example_trigger_controller_dag.py took 0.150 seconds
[2024-07-15T15:49:53.716+0000] {processor.py:161} INFO - Started process (PID=22980) to work on /home/airflow/.local/lib/python3.11/site-packages/airflow/example_dags/example_trigger_controller_dag.py
[2024-07-15T15:49:53.718+0000] {processor.py:830} INFO - Processing file /home/airflow/.local/lib/python3.11/site-packages/airflow/example_dags/example_trigger_controller_dag.py for tasks to queue
[2024-07-15T15:49:53.721+0000] {logging_mixin.py:188} INFO - [2024-07-15T15:49:53.721+0000] {dagbag.py:545} INFO - Filling up the DagBag from /home/airflow/.local/lib/python3.11/site-packages/airflow/example_dags/example_trigger_controller_dag.py
[2024-07-15T15:49:53.728+0000] {processor.py:840} INFO - DAG(s) 'example_trigger_controller_dag' retrieved from /home/airflow/.local/lib/python3.11/site-packages/airflow/example_dags/example_trigger_controller_dag.py
[2024-07-15T15:49:53.754+0000] {logging_mixin.py:188} INFO - [2024-07-15T15:49:53.754+0000] {dag.py:3096} INFO - Sync 1 DAGs
[2024-07-15T15:49:53.783+0000] {logging_mixin.py:188} INFO - [2024-07-15T15:49:53.783+0000] {dag.py:3954} INFO - Setting next_dagrun for example_trigger_controller_dag to 2021-01-01 00:00:00+00:00, run_after=2021-01-01 00:00:00+00:00
[2024-07-15T15:49:53.807+0000] {processor.py:183} INFO - Processing /home/airflow/.local/lib/python3.11/site-packages/airflow/example_dags/example_trigger_controller_dag.py took 0.099 seconds
[2024-07-15T15:50:00.774+0000] {processor.py:161} INFO - Started process (PID=23032) to work on /home/airflow/.local/lib/python3.11/site-packages/airflow/example_dags/example_trigger_controller_dag.py
[2024-07-15T15:50:00.778+0000] {processor.py:830} INFO - Processing file /home/airflow/.local/lib/python3.11/site-packages/airflow/example_dags/example_trigger_controller_dag.py for tasks to queue
[2024-07-15T15:50:00.789+0000] {logging_mixin.py:188} INFO - [2024-07-15T15:50:00.787+0000] {dagbag.py:545} INFO - Filling up the DagBag from /home/airflow/.local/lib/python3.11/site-packages/airflow/example_dags/example_trigger_controller_dag.py
[2024-07-15T15:50:00.812+0000] {processor.py:840} INFO - DAG(s) 'example_trigger_controller_dag' retrieved from /home/airflow/.local/lib/python3.11/site-packages/airflow/example_dags/example_trigger_controller_dag.py
[2024-07-15T15:50:00.881+0000] {logging_mixin.py:188} INFO - [2024-07-15T15:50:00.878+0000] {dag.py:3096} INFO - Sync 1 DAGs
[2024-07-15T15:50:00.969+0000] {logging_mixin.py:188} INFO - [2024-07-15T15:50:00.968+0000] {dag.py:3954} INFO - Setting next_dagrun for example_trigger_controller_dag to 2021-01-01 00:00:00+00:00, run_after=2021-01-01 00:00:00+00:00
[2024-07-15T15:50:01.054+0000] {processor.py:183} INFO - Processing /home/airflow/.local/lib/python3.11/site-packages/airflow/example_dags/example_trigger_controller_dag.py took 0.302 seconds
[2024-07-15T15:50:07.103+0000] {processor.py:161} INFO - Started process (PID=23085) to work on /home/airflow/.local/lib/python3.11/site-packages/airflow/example_dags/example_trigger_controller_dag.py
[2024-07-15T15:50:07.105+0000] {processor.py:830} INFO - Processing file /home/airflow/.local/lib/python3.11/site-packages/airflow/example_dags/example_trigger_controller_dag.py for tasks to queue
[2024-07-15T15:50:07.107+0000] {logging_mixin.py:188} INFO - [2024-07-15T15:50:07.107+0000] {dagbag.py:545} INFO - Filling up the DagBag from /home/airflow/.local/lib/python3.11/site-packages/airflow/example_dags/example_trigger_controller_dag.py
[2024-07-15T15:50:07.114+0000] {processor.py:840} INFO - DAG(s) 'example_trigger_controller_dag' retrieved from /home/airflow/.local/lib/python3.11/site-packages/airflow/example_dags/example_trigger_controller_dag.py
[2024-07-15T15:50:07.138+0000] {logging_mixin.py:188} INFO - [2024-07-15T15:50:07.137+0000] {dag.py:3096} INFO - Sync 1 DAGs
[2024-07-15T15:50:07.191+0000] {logging_mixin.py:188} INFO - [2024-07-15T15:50:07.190+0000] {dag.py:3954} INFO - Setting next_dagrun for example_trigger_controller_dag to 2021-01-01 00:00:00+00:00, run_after=2021-01-01 00:00:00+00:00
[2024-07-15T15:50:07.216+0000] {processor.py:183} INFO - Processing /home/airflow/.local/lib/python3.11/site-packages/airflow/example_dags/example_trigger_controller_dag.py took 0.122 seconds
[2024-07-15T15:50:12.684+0000] {processor.py:161} INFO - Started process (PID=23137) to work on /home/airflow/.local/lib/python3.11/site-packages/airflow/example_dags/example_trigger_controller_dag.py
[2024-07-15T15:50:12.686+0000] {processor.py:830} INFO - Processing file /home/airflow/.local/lib/python3.11/site-packages/airflow/example_dags/example_trigger_controller_dag.py for tasks to queue
[2024-07-15T15:50:12.689+0000] {logging_mixin.py:188} INFO - [2024-07-15T15:50:12.688+0000] {dagbag.py:545} INFO - Filling up the DagBag from /home/airflow/.local/lib/python3.11/site-packages/airflow/example_dags/example_trigger_controller_dag.py
[2024-07-15T15:50:12.694+0000] {processor.py:840} INFO - DAG(s) 'example_trigger_controller_dag' retrieved from /home/airflow/.local/lib/python3.11/site-packages/airflow/example_dags/example_trigger_controller_dag.py
[2024-07-15T15:50:12.716+0000] {logging_mixin.py:188} INFO - [2024-07-15T15:50:12.716+0000] {dag.py:3096} INFO - Sync 1 DAGs
[2024-07-15T15:50:12.779+0000] {logging_mixin.py:188} INFO - [2024-07-15T15:50:12.779+0000] {dag.py:3954} INFO - Setting next_dagrun for example_trigger_controller_dag to 2021-01-01 00:00:00+00:00, run_after=2021-01-01 00:00:00+00:00
[2024-07-15T15:50:12.801+0000] {processor.py:183} INFO - Processing /home/airflow/.local/lib/python3.11/site-packages/airflow/example_dags/example_trigger_controller_dag.py took 0.124 seconds
[2024-07-15T15:50:19.146+0000] {processor.py:161} INFO - Started process (PID=23190) to work on /home/airflow/.local/lib/python3.11/site-packages/airflow/example_dags/example_trigger_controller_dag.py
[2024-07-15T15:50:19.147+0000] {processor.py:830} INFO - Processing file /home/airflow/.local/lib/python3.11/site-packages/airflow/example_dags/example_trigger_controller_dag.py for tasks to queue
[2024-07-15T15:50:19.149+0000] {logging_mixin.py:188} INFO - [2024-07-15T15:50:19.149+0000] {dagbag.py:545} INFO - Filling up the DagBag from /home/airflow/.local/lib/python3.11/site-packages/airflow/example_dags/example_trigger_controller_dag.py
[2024-07-15T15:50:19.155+0000] {processor.py:840} INFO - DAG(s) 'example_trigger_controller_dag' retrieved from /home/airflow/.local/lib/python3.11/site-packages/airflow/example_dags/example_trigger_controller_dag.py
[2024-07-15T15:50:19.197+0000] {logging_mixin.py:188} INFO - [2024-07-15T15:50:19.196+0000] {dag.py:3096} INFO - Sync 1 DAGs
[2024-07-15T15:50:19.230+0000] {logging_mixin.py:188} INFO - [2024-07-15T15:50:19.230+0000] {dag.py:3954} INFO - Setting next_dagrun for example_trigger_controller_dag to 2021-01-01 00:00:00+00:00, run_after=2021-01-01 00:00:00+00:00
[2024-07-15T15:50:19.250+0000] {processor.py:183} INFO - Processing /home/airflow/.local/lib/python3.11/site-packages/airflow/example_dags/example_trigger_controller_dag.py took 0.112 seconds
[2024-07-15T15:50:23.857+0000] {processor.py:161} INFO - Started process (PID=23250) to work on /home/airflow/.local/lib/python3.11/site-packages/airflow/example_dags/example_trigger_controller_dag.py
[2024-07-15T15:50:23.858+0000] {processor.py:830} INFO - Processing file /home/airflow/.local/lib/python3.11/site-packages/airflow/example_dags/example_trigger_controller_dag.py for tasks to queue
[2024-07-15T15:50:23.860+0000] {logging_mixin.py:188} INFO - [2024-07-15T15:50:23.860+0000] {dagbag.py:545} INFO - Filling up the DagBag from /home/airflow/.local/lib/python3.11/site-packages/airflow/example_dags/example_trigger_controller_dag.py
[2024-07-15T15:50:23.866+0000] {processor.py:840} INFO - DAG(s) 'example_trigger_controller_dag' retrieved from /home/airflow/.local/lib/python3.11/site-packages/airflow/example_dags/example_trigger_controller_dag.py
[2024-07-15T15:50:23.889+0000] {logging_mixin.py:188} INFO - [2024-07-15T15:50:23.888+0000] {dag.py:3096} INFO - Sync 1 DAGs
[2024-07-15T15:50:23.917+0000] {logging_mixin.py:188} INFO - [2024-07-15T15:50:23.917+0000] {dag.py:3954} INFO - Setting next_dagrun for example_trigger_controller_dag to 2021-01-01 00:00:00+00:00, run_after=2021-01-01 00:00:00+00:00
[2024-07-15T15:50:23.941+0000] {processor.py:183} INFO - Processing /home/airflow/.local/lib/python3.11/site-packages/airflow/example_dags/example_trigger_controller_dag.py took 0.091 seconds
[2024-07-15T15:50:29.614+0000] {processor.py:161} INFO - Started process (PID=23302) to work on /home/airflow/.local/lib/python3.11/site-packages/airflow/example_dags/example_trigger_controller_dag.py
[2024-07-15T15:50:29.615+0000] {processor.py:830} INFO - Processing file /home/airflow/.local/lib/python3.11/site-packages/airflow/example_dags/example_trigger_controller_dag.py for tasks to queue
[2024-07-15T15:50:29.617+0000] {logging_mixin.py:188} INFO - [2024-07-15T15:50:29.617+0000] {dagbag.py:545} INFO - Filling up the DagBag from /home/airflow/.local/lib/python3.11/site-packages/airflow/example_dags/example_trigger_controller_dag.py
[2024-07-15T15:50:29.623+0000] {processor.py:840} INFO - DAG(s) 'example_trigger_controller_dag' retrieved from /home/airflow/.local/lib/python3.11/site-packages/airflow/example_dags/example_trigger_controller_dag.py
[2024-07-15T15:50:29.658+0000] {logging_mixin.py:188} INFO - [2024-07-15T15:50:29.654+0000] {dag.py:3096} INFO - Sync 1 DAGs
[2024-07-15T15:50:29.694+0000] {logging_mixin.py:188} INFO - [2024-07-15T15:50:29.694+0000] {dag.py:3954} INFO - Setting next_dagrun for example_trigger_controller_dag to 2021-01-01 00:00:00+00:00, run_after=2021-01-01 00:00:00+00:00
[2024-07-15T15:50:29.715+0000] {processor.py:183} INFO - Processing /home/airflow/.local/lib/python3.11/site-packages/airflow/example_dags/example_trigger_controller_dag.py took 0.109 seconds
[2024-07-15T15:50:35.337+0000] {processor.py:161} INFO - Started process (PID=23356) to work on /home/airflow/.local/lib/python3.11/site-packages/airflow/example_dags/example_trigger_controller_dag.py
[2024-07-15T15:50:35.338+0000] {processor.py:830} INFO - Processing file /home/airflow/.local/lib/python3.11/site-packages/airflow/example_dags/example_trigger_controller_dag.py for tasks to queue
[2024-07-15T15:50:35.341+0000] {logging_mixin.py:188} INFO - [2024-07-15T15:50:35.341+0000] {dagbag.py:545} INFO - Filling up the DagBag from /home/airflow/.local/lib/python3.11/site-packages/airflow/example_dags/example_trigger_controller_dag.py
[2024-07-15T15:50:35.348+0000] {processor.py:840} INFO - DAG(s) 'example_trigger_controller_dag' retrieved from /home/airflow/.local/lib/python3.11/site-packages/airflow/example_dags/example_trigger_controller_dag.py
[2024-07-15T15:50:35.375+0000] {logging_mixin.py:188} INFO - [2024-07-15T15:50:35.374+0000] {dag.py:3096} INFO - Sync 1 DAGs
[2024-07-15T15:50:35.402+0000] {logging_mixin.py:188} INFO - [2024-07-15T15:50:35.402+0000] {dag.py:3954} INFO - Setting next_dagrun for example_trigger_controller_dag to 2021-01-01 00:00:00+00:00, run_after=2021-01-01 00:00:00+00:00
[2024-07-15T15:50:35.427+0000] {processor.py:183} INFO - Processing /home/airflow/.local/lib/python3.11/site-packages/airflow/example_dags/example_trigger_controller_dag.py took 0.098 seconds
[2024-07-15T15:50:40.560+0000] {processor.py:161} INFO - Started process (PID=23408) to work on /home/airflow/.local/lib/python3.11/site-packages/airflow/example_dags/example_trigger_controller_dag.py
[2024-07-15T15:50:40.562+0000] {processor.py:830} INFO - Processing file /home/airflow/.local/lib/python3.11/site-packages/airflow/example_dags/example_trigger_controller_dag.py for tasks to queue
[2024-07-15T15:50:40.565+0000] {logging_mixin.py:188} INFO - [2024-07-15T15:50:40.565+0000] {dagbag.py:545} INFO - Filling up the DagBag from /home/airflow/.local/lib/python3.11/site-packages/airflow/example_dags/example_trigger_controller_dag.py
[2024-07-15T15:50:40.573+0000] {processor.py:840} INFO - DAG(s) 'example_trigger_controller_dag' retrieved from /home/airflow/.local/lib/python3.11/site-packages/airflow/example_dags/example_trigger_controller_dag.py
[2024-07-15T15:50:40.611+0000] {logging_mixin.py:188} INFO - [2024-07-15T15:50:40.610+0000] {dag.py:3096} INFO - Sync 1 DAGs
[2024-07-15T15:50:40.640+0000] {logging_mixin.py:188} INFO - [2024-07-15T15:50:40.640+0000] {dag.py:3954} INFO - Setting next_dagrun for example_trigger_controller_dag to 2021-01-01 00:00:00+00:00, run_after=2021-01-01 00:00:00+00:00
[2024-07-15T15:50:40.661+0000] {processor.py:183} INFO - Processing /home/airflow/.local/lib/python3.11/site-packages/airflow/example_dags/example_trigger_controller_dag.py took 0.111 seconds
[2024-07-15T15:50:46.391+0000] {processor.py:161} INFO - Started process (PID=23461) to work on /home/airflow/.local/lib/python3.11/site-packages/airflow/example_dags/example_trigger_controller_dag.py
[2024-07-15T15:50:46.392+0000] {processor.py:830} INFO - Processing file /home/airflow/.local/lib/python3.11/site-packages/airflow/example_dags/example_trigger_controller_dag.py for tasks to queue
[2024-07-15T15:50:46.408+0000] {logging_mixin.py:188} INFO - [2024-07-15T15:50:46.404+0000] {dagbag.py:545} INFO - Filling up the DagBag from /home/airflow/.local/lib/python3.11/site-packages/airflow/example_dags/example_trigger_controller_dag.py
[2024-07-15T15:50:46.425+0000] {processor.py:840} INFO - DAG(s) 'example_trigger_controller_dag' retrieved from /home/airflow/.local/lib/python3.11/site-packages/airflow/example_dags/example_trigger_controller_dag.py
[2024-07-15T15:50:46.456+0000] {logging_mixin.py:188} INFO - [2024-07-15T15:50:46.456+0000] {dag.py:3096} INFO - Sync 1 DAGs
[2024-07-15T15:50:46.509+0000] {logging_mixin.py:188} INFO - [2024-07-15T15:50:46.509+0000] {dag.py:3954} INFO - Setting next_dagrun for example_trigger_controller_dag to 2021-01-01 00:00:00+00:00, run_after=2021-01-01 00:00:00+00:00
[2024-07-15T15:50:46.532+0000] {processor.py:183} INFO - Processing /home/airflow/.local/lib/python3.11/site-packages/airflow/example_dags/example_trigger_controller_dag.py took 0.149 seconds
[2024-07-15T15:50:51.313+0000] {processor.py:161} INFO - Started process (PID=23519) to work on /home/airflow/.local/lib/python3.11/site-packages/airflow/example_dags/example_trigger_controller_dag.py
[2024-07-15T15:50:51.315+0000] {processor.py:830} INFO - Processing file /home/airflow/.local/lib/python3.11/site-packages/airflow/example_dags/example_trigger_controller_dag.py for tasks to queue
[2024-07-15T15:50:51.317+0000] {logging_mixin.py:188} INFO - [2024-07-15T15:50:51.316+0000] {dagbag.py:545} INFO - Filling up the DagBag from /home/airflow/.local/lib/python3.11/site-packages/airflow/example_dags/example_trigger_controller_dag.py
[2024-07-15T15:50:51.322+0000] {processor.py:840} INFO - DAG(s) 'example_trigger_controller_dag' retrieved from /home/airflow/.local/lib/python3.11/site-packages/airflow/example_dags/example_trigger_controller_dag.py
[2024-07-15T15:50:51.344+0000] {logging_mixin.py:188} INFO - [2024-07-15T15:50:51.343+0000] {dag.py:3096} INFO - Sync 1 DAGs
[2024-07-15T15:50:51.368+0000] {logging_mixin.py:188} INFO - [2024-07-15T15:50:51.368+0000] {dag.py:3954} INFO - Setting next_dagrun for example_trigger_controller_dag to 2021-01-01 00:00:00+00:00, run_after=2021-01-01 00:00:00+00:00
[2024-07-15T15:50:51.388+0000] {processor.py:183} INFO - Processing /home/airflow/.local/lib/python3.11/site-packages/airflow/example_dags/example_trigger_controller_dag.py took 0.086 seconds
[2024-07-15T15:50:56.914+0000] {processor.py:161} INFO - Started process (PID=23573) to work on /home/airflow/.local/lib/python3.11/site-packages/airflow/example_dags/example_trigger_controller_dag.py
[2024-07-15T15:50:56.915+0000] {processor.py:830} INFO - Processing file /home/airflow/.local/lib/python3.11/site-packages/airflow/example_dags/example_trigger_controller_dag.py for tasks to queue
[2024-07-15T15:50:56.918+0000] {logging_mixin.py:188} INFO - [2024-07-15T15:50:56.917+0000] {dagbag.py:545} INFO - Filling up the DagBag from /home/airflow/.local/lib/python3.11/site-packages/airflow/example_dags/example_trigger_controller_dag.py
[2024-07-15T15:50:56.924+0000] {processor.py:840} INFO - DAG(s) 'example_trigger_controller_dag' retrieved from /home/airflow/.local/lib/python3.11/site-packages/airflow/example_dags/example_trigger_controller_dag.py
[2024-07-15T15:50:56.946+0000] {logging_mixin.py:188} INFO - [2024-07-15T15:50:56.946+0000] {dag.py:3096} INFO - Sync 1 DAGs
[2024-07-15T15:50:56.971+0000] {logging_mixin.py:188} INFO - [2024-07-15T15:50:56.971+0000] {dag.py:3954} INFO - Setting next_dagrun for example_trigger_controller_dag to 2021-01-01 00:00:00+00:00, run_after=2021-01-01 00:00:00+00:00
[2024-07-15T15:50:56.993+0000] {processor.py:183} INFO - Processing /home/airflow/.local/lib/python3.11/site-packages/airflow/example_dags/example_trigger_controller_dag.py took 0.087 seconds
[2024-07-15T15:51:01.937+0000] {processor.py:161} INFO - Started process (PID=23625) to work on /home/airflow/.local/lib/python3.11/site-packages/airflow/example_dags/example_trigger_controller_dag.py
[2024-07-15T15:51:01.938+0000] {processor.py:830} INFO - Processing file /home/airflow/.local/lib/python3.11/site-packages/airflow/example_dags/example_trigger_controller_dag.py for tasks to queue
[2024-07-15T15:51:01.941+0000] {logging_mixin.py:188} INFO - [2024-07-15T15:51:01.941+0000] {dagbag.py:545} INFO - Filling up the DagBag from /home/airflow/.local/lib/python3.11/site-packages/airflow/example_dags/example_trigger_controller_dag.py
[2024-07-15T15:51:01.947+0000] {processor.py:840} INFO - DAG(s) 'example_trigger_controller_dag' retrieved from /home/airflow/.local/lib/python3.11/site-packages/airflow/example_dags/example_trigger_controller_dag.py
[2024-07-15T15:51:01.970+0000] {logging_mixin.py:188} INFO - [2024-07-15T15:51:01.970+0000] {dag.py:3096} INFO - Sync 1 DAGs
[2024-07-15T15:51:01.998+0000] {logging_mixin.py:188} INFO - [2024-07-15T15:51:01.998+0000] {dag.py:3954} INFO - Setting next_dagrun for example_trigger_controller_dag to 2021-01-01 00:00:00+00:00, run_after=2021-01-01 00:00:00+00:00
[2024-07-15T15:51:02.028+0000] {processor.py:183} INFO - Processing /home/airflow/.local/lib/python3.11/site-packages/airflow/example_dags/example_trigger_controller_dag.py took 0.098 seconds
[2024-07-15T15:51:07.034+0000] {processor.py:161} INFO - Started process (PID=23678) to work on /home/airflow/.local/lib/python3.11/site-packages/airflow/example_dags/example_trigger_controller_dag.py
[2024-07-15T15:51:07.036+0000] {processor.py:830} INFO - Processing file /home/airflow/.local/lib/python3.11/site-packages/airflow/example_dags/example_trigger_controller_dag.py for tasks to queue
[2024-07-15T15:51:07.040+0000] {logging_mixin.py:188} INFO - [2024-07-15T15:51:07.039+0000] {dagbag.py:545} INFO - Filling up the DagBag from /home/airflow/.local/lib/python3.11/site-packages/airflow/example_dags/example_trigger_controller_dag.py
[2024-07-15T15:51:07.048+0000] {processor.py:840} INFO - DAG(s) 'example_trigger_controller_dag' retrieved from /home/airflow/.local/lib/python3.11/site-packages/airflow/example_dags/example_trigger_controller_dag.py
[2024-07-15T15:51:07.112+0000] {logging_mixin.py:188} INFO - [2024-07-15T15:51:07.111+0000] {dag.py:3096} INFO - Sync 1 DAGs
[2024-07-15T15:51:07.171+0000] {logging_mixin.py:188} INFO - [2024-07-15T15:51:07.171+0000] {dag.py:3954} INFO - Setting next_dagrun for example_trigger_controller_dag to 2021-01-01 00:00:00+00:00, run_after=2021-01-01 00:00:00+00:00
[2024-07-15T15:51:07.200+0000] {processor.py:183} INFO - Processing /home/airflow/.local/lib/python3.11/site-packages/airflow/example_dags/example_trigger_controller_dag.py took 0.187 seconds
[2024-07-15T15:51:12.364+0000] {processor.py:161} INFO - Started process (PID=23730) to work on /home/airflow/.local/lib/python3.11/site-packages/airflow/example_dags/example_trigger_controller_dag.py
[2024-07-15T15:51:12.365+0000] {processor.py:830} INFO - Processing file /home/airflow/.local/lib/python3.11/site-packages/airflow/example_dags/example_trigger_controller_dag.py for tasks to queue
[2024-07-15T15:51:12.368+0000] {logging_mixin.py:188} INFO - [2024-07-15T15:51:12.368+0000] {dagbag.py:545} INFO - Filling up the DagBag from /home/airflow/.local/lib/python3.11/site-packages/airflow/example_dags/example_trigger_controller_dag.py
[2024-07-15T15:51:12.376+0000] {processor.py:840} INFO - DAG(s) 'example_trigger_controller_dag' retrieved from /home/airflow/.local/lib/python3.11/site-packages/airflow/example_dags/example_trigger_controller_dag.py
[2024-07-15T15:51:12.408+0000] {logging_mixin.py:188} INFO - [2024-07-15T15:51:12.407+0000] {dag.py:3096} INFO - Sync 1 DAGs
[2024-07-15T15:51:12.444+0000] {logging_mixin.py:188} INFO - [2024-07-15T15:51:12.444+0000] {dag.py:3954} INFO - Setting next_dagrun for example_trigger_controller_dag to 2021-01-01 00:00:00+00:00, run_after=2021-01-01 00:00:00+00:00
[2024-07-15T15:51:12.491+0000] {processor.py:183} INFO - Processing /home/airflow/.local/lib/python3.11/site-packages/airflow/example_dags/example_trigger_controller_dag.py took 0.140 seconds
[2024-07-15T15:51:16.778+0000] {processor.py:161} INFO - Started process (PID=23783) to work on /home/airflow/.local/lib/python3.11/site-packages/airflow/example_dags/example_trigger_controller_dag.py
[2024-07-15T15:51:16.779+0000] {processor.py:830} INFO - Processing file /home/airflow/.local/lib/python3.11/site-packages/airflow/example_dags/example_trigger_controller_dag.py for tasks to queue
[2024-07-15T15:51:16.782+0000] {logging_mixin.py:188} INFO - [2024-07-15T15:51:16.782+0000] {dagbag.py:545} INFO - Filling up the DagBag from /home/airflow/.local/lib/python3.11/site-packages/airflow/example_dags/example_trigger_controller_dag.py
[2024-07-15T15:51:16.789+0000] {processor.py:840} INFO - DAG(s) 'example_trigger_controller_dag' retrieved from /home/airflow/.local/lib/python3.11/site-packages/airflow/example_dags/example_trigger_controller_dag.py
[2024-07-15T15:51:16.834+0000] {logging_mixin.py:188} INFO - [2024-07-15T15:51:16.833+0000] {dag.py:3096} INFO - Sync 1 DAGs
[2024-07-15T15:51:16.868+0000] {logging_mixin.py:188} INFO - [2024-07-15T15:51:16.866+0000] {dag.py:3954} INFO - Setting next_dagrun for example_trigger_controller_dag to 2021-01-01 00:00:00+00:00, run_after=2021-01-01 00:00:00+00:00
[2024-07-15T15:51:16.908+0000] {processor.py:183} INFO - Processing /home/airflow/.local/lib/python3.11/site-packages/airflow/example_dags/example_trigger_controller_dag.py took 0.138 seconds
[2024-07-15T15:51:22.392+0000] {processor.py:161} INFO - Started process (PID=23841) to work on /home/airflow/.local/lib/python3.11/site-packages/airflow/example_dags/example_trigger_controller_dag.py
[2024-07-15T15:51:22.393+0000] {processor.py:830} INFO - Processing file /home/airflow/.local/lib/python3.11/site-packages/airflow/example_dags/example_trigger_controller_dag.py for tasks to queue
[2024-07-15T15:51:22.396+0000] {logging_mixin.py:188} INFO - [2024-07-15T15:51:22.395+0000] {dagbag.py:545} INFO - Filling up the DagBag from /home/airflow/.local/lib/python3.11/site-packages/airflow/example_dags/example_trigger_controller_dag.py
[2024-07-15T15:51:22.402+0000] {processor.py:840} INFO - DAG(s) 'example_trigger_controller_dag' retrieved from /home/airflow/.local/lib/python3.11/site-packages/airflow/example_dags/example_trigger_controller_dag.py
[2024-07-15T15:51:22.426+0000] {logging_mixin.py:188} INFO - [2024-07-15T15:51:22.426+0000] {dag.py:3096} INFO - Sync 1 DAGs
[2024-07-15T15:51:22.449+0000] {logging_mixin.py:188} INFO - [2024-07-15T15:51:22.449+0000] {dag.py:3954} INFO - Setting next_dagrun for example_trigger_controller_dag to 2021-01-01 00:00:00+00:00, run_after=2021-01-01 00:00:00+00:00
[2024-07-15T15:51:22.471+0000] {processor.py:183} INFO - Processing /home/airflow/.local/lib/python3.11/site-packages/airflow/example_dags/example_trigger_controller_dag.py took 0.087 seconds
[2024-07-15T15:52:54.843+0000] {processor.py:161} INFO - Started process (PID=24808) to work on /home/airflow/.local/lib/python3.11/site-packages/airflow/example_dags/example_trigger_controller_dag.py
[2024-07-15T15:52:54.845+0000] {processor.py:830} INFO - Processing file /home/airflow/.local/lib/python3.11/site-packages/airflow/example_dags/example_trigger_controller_dag.py for tasks to queue
[2024-07-15T15:52:54.849+0000] {logging_mixin.py:188} INFO - [2024-07-15T15:52:54.849+0000] {dagbag.py:545} INFO - Filling up the DagBag from /home/airflow/.local/lib/python3.11/site-packages/airflow/example_dags/example_trigger_controller_dag.py
[2024-07-15T15:52:54.860+0000] {processor.py:840} INFO - DAG(s) 'example_trigger_controller_dag' retrieved from /home/airflow/.local/lib/python3.11/site-packages/airflow/example_dags/example_trigger_controller_dag.py
[2024-07-15T15:52:54.895+0000] {logging_mixin.py:188} INFO - [2024-07-15T15:52:54.895+0000] {dag.py:3096} INFO - Sync 1 DAGs
[2024-07-15T15:52:54.934+0000] {logging_mixin.py:188} INFO - [2024-07-15T15:52:54.934+0000] {dag.py:3954} INFO - Setting next_dagrun for example_trigger_controller_dag to 2021-01-01 00:00:00+00:00, run_after=2021-01-01 00:00:00+00:00
[2024-07-15T15:52:54.968+0000] {processor.py:183} INFO - Processing /home/airflow/.local/lib/python3.11/site-packages/airflow/example_dags/example_trigger_controller_dag.py took 0.147 seconds
[2024-07-15T15:53:04.138+0000] {processor.py:161} INFO - Started process (PID=24861) to work on /home/airflow/.local/lib/python3.11/site-packages/airflow/example_dags/example_trigger_controller_dag.py
[2024-07-15T15:53:04.140+0000] {processor.py:830} INFO - Processing file /home/airflow/.local/lib/python3.11/site-packages/airflow/example_dags/example_trigger_controller_dag.py for tasks to queue
[2024-07-15T15:53:04.144+0000] {logging_mixin.py:188} INFO - [2024-07-15T15:53:04.143+0000] {dagbag.py:545} INFO - Filling up the DagBag from /home/airflow/.local/lib/python3.11/site-packages/airflow/example_dags/example_trigger_controller_dag.py
[2024-07-15T15:53:04.152+0000] {processor.py:840} INFO - DAG(s) 'example_trigger_controller_dag' retrieved from /home/airflow/.local/lib/python3.11/site-packages/airflow/example_dags/example_trigger_controller_dag.py
[2024-07-15T15:53:04.184+0000] {logging_mixin.py:188} INFO - [2024-07-15T15:53:04.183+0000] {dag.py:3096} INFO - Sync 1 DAGs
[2024-07-15T15:53:04.217+0000] {logging_mixin.py:188} INFO - [2024-07-15T15:53:04.217+0000] {dag.py:3954} INFO - Setting next_dagrun for example_trigger_controller_dag to 2021-01-01 00:00:00+00:00, run_after=2021-01-01 00:00:00+00:00
[2024-07-15T15:53:04.246+0000] {processor.py:183} INFO - Processing /home/airflow/.local/lib/python3.11/site-packages/airflow/example_dags/example_trigger_controller_dag.py took 0.121 seconds
[2024-07-15T15:53:09.137+0000] {processor.py:161} INFO - Started process (PID=24913) to work on /home/airflow/.local/lib/python3.11/site-packages/airflow/example_dags/example_trigger_controller_dag.py
[2024-07-15T15:53:09.139+0000] {processor.py:830} INFO - Processing file /home/airflow/.local/lib/python3.11/site-packages/airflow/example_dags/example_trigger_controller_dag.py for tasks to queue
[2024-07-15T15:53:09.143+0000] {logging_mixin.py:188} INFO - [2024-07-15T15:53:09.143+0000] {dagbag.py:545} INFO - Filling up the DagBag from /home/airflow/.local/lib/python3.11/site-packages/airflow/example_dags/example_trigger_controller_dag.py
[2024-07-15T15:53:09.152+0000] {processor.py:840} INFO - DAG(s) 'example_trigger_controller_dag' retrieved from /home/airflow/.local/lib/python3.11/site-packages/airflow/example_dags/example_trigger_controller_dag.py
[2024-07-15T15:53:09.186+0000] {logging_mixin.py:188} INFO - [2024-07-15T15:53:09.186+0000] {dag.py:3096} INFO - Sync 1 DAGs
[2024-07-15T15:53:09.216+0000] {logging_mixin.py:188} INFO - [2024-07-15T15:53:09.216+0000] {dag.py:3954} INFO - Setting next_dagrun for example_trigger_controller_dag to 2021-01-01 00:00:00+00:00, run_after=2021-01-01 00:00:00+00:00
[2024-07-15T15:53:09.243+0000] {processor.py:183} INFO - Processing /home/airflow/.local/lib/python3.11/site-packages/airflow/example_dags/example_trigger_controller_dag.py took 0.119 seconds
[2024-07-15T15:53:14.636+0000] {processor.py:161} INFO - Started process (PID=24967) to work on /home/airflow/.local/lib/python3.11/site-packages/airflow/example_dags/example_trigger_controller_dag.py
[2024-07-15T15:53:14.638+0000] {processor.py:830} INFO - Processing file /home/airflow/.local/lib/python3.11/site-packages/airflow/example_dags/example_trigger_controller_dag.py for tasks to queue
[2024-07-15T15:53:14.642+0000] {logging_mixin.py:188} INFO - [2024-07-15T15:53:14.641+0000] {dagbag.py:545} INFO - Filling up the DagBag from /home/airflow/.local/lib/python3.11/site-packages/airflow/example_dags/example_trigger_controller_dag.py
[2024-07-15T15:53:14.651+0000] {processor.py:840} INFO - DAG(s) 'example_trigger_controller_dag' retrieved from /home/airflow/.local/lib/python3.11/site-packages/airflow/example_dags/example_trigger_controller_dag.py
[2024-07-15T15:53:14.687+0000] {logging_mixin.py:188} INFO - [2024-07-15T15:53:14.686+0000] {dag.py:3096} INFO - Sync 1 DAGs
[2024-07-15T15:53:14.713+0000] {logging_mixin.py:188} INFO - [2024-07-15T15:53:14.713+0000] {dag.py:3954} INFO - Setting next_dagrun for example_trigger_controller_dag to 2021-01-01 00:00:00+00:00, run_after=2021-01-01 00:00:00+00:00
[2024-07-15T15:53:14.740+0000] {processor.py:183} INFO - Processing /home/airflow/.local/lib/python3.11/site-packages/airflow/example_dags/example_trigger_controller_dag.py took 0.115 seconds
[2024-07-15T15:53:19.771+0000] {processor.py:161} INFO - Started process (PID=25019) to work on /home/airflow/.local/lib/python3.11/site-packages/airflow/example_dags/example_trigger_controller_dag.py
[2024-07-15T15:53:19.772+0000] {processor.py:830} INFO - Processing file /home/airflow/.local/lib/python3.11/site-packages/airflow/example_dags/example_trigger_controller_dag.py for tasks to queue
[2024-07-15T15:53:19.775+0000] {logging_mixin.py:188} INFO - [2024-07-15T15:53:19.775+0000] {dagbag.py:545} INFO - Filling up the DagBag from /home/airflow/.local/lib/python3.11/site-packages/airflow/example_dags/example_trigger_controller_dag.py
[2024-07-15T15:53:19.782+0000] {processor.py:840} INFO - DAG(s) 'example_trigger_controller_dag' retrieved from /home/airflow/.local/lib/python3.11/site-packages/airflow/example_dags/example_trigger_controller_dag.py
[2024-07-15T15:53:19.815+0000] {logging_mixin.py:188} INFO - [2024-07-15T15:53:19.814+0000] {dag.py:3096} INFO - Sync 1 DAGs
[2024-07-15T15:53:19.849+0000] {logging_mixin.py:188} INFO - [2024-07-15T15:53:19.849+0000] {dag.py:3954} INFO - Setting next_dagrun for example_trigger_controller_dag to 2021-01-01 00:00:00+00:00, run_after=2021-01-01 00:00:00+00:00
[2024-07-15T15:53:19.874+0000] {processor.py:183} INFO - Processing /home/airflow/.local/lib/python3.11/site-packages/airflow/example_dags/example_trigger_controller_dag.py took 0.113 seconds
[2024-07-15T15:53:24.624+0000] {processor.py:161} INFO - Started process (PID=25079) to work on /home/airflow/.local/lib/python3.11/site-packages/airflow/example_dags/example_trigger_controller_dag.py
[2024-07-15T15:53:24.625+0000] {processor.py:830} INFO - Processing file /home/airflow/.local/lib/python3.11/site-packages/airflow/example_dags/example_trigger_controller_dag.py for tasks to queue
[2024-07-15T15:53:24.628+0000] {logging_mixin.py:188} INFO - [2024-07-15T15:53:24.628+0000] {dagbag.py:545} INFO - Filling up the DagBag from /home/airflow/.local/lib/python3.11/site-packages/airflow/example_dags/example_trigger_controller_dag.py
[2024-07-15T15:53:24.636+0000] {processor.py:840} INFO - DAG(s) 'example_trigger_controller_dag' retrieved from /home/airflow/.local/lib/python3.11/site-packages/airflow/example_dags/example_trigger_controller_dag.py
[2024-07-15T15:53:24.661+0000] {logging_mixin.py:188} INFO - [2024-07-15T15:53:24.660+0000] {dag.py:3096} INFO - Sync 1 DAGs
[2024-07-15T15:53:24.688+0000] {logging_mixin.py:188} INFO - [2024-07-15T15:53:24.688+0000] {dag.py:3954} INFO - Setting next_dagrun for example_trigger_controller_dag to 2021-01-01 00:00:00+00:00, run_after=2021-01-01 00:00:00+00:00
[2024-07-15T15:53:24.713+0000] {processor.py:183} INFO - Processing /home/airflow/.local/lib/python3.11/site-packages/airflow/example_dags/example_trigger_controller_dag.py took 0.099 seconds
[2024-07-15T15:53:29.654+0000] {processor.py:161} INFO - Started process (PID=25131) to work on /home/airflow/.local/lib/python3.11/site-packages/airflow/example_dags/example_trigger_controller_dag.py
[2024-07-15T15:53:29.656+0000] {processor.py:830} INFO - Processing file /home/airflow/.local/lib/python3.11/site-packages/airflow/example_dags/example_trigger_controller_dag.py for tasks to queue
[2024-07-15T15:53:29.659+0000] {logging_mixin.py:188} INFO - [2024-07-15T15:53:29.658+0000] {dagbag.py:545} INFO - Filling up the DagBag from /home/airflow/.local/lib/python3.11/site-packages/airflow/example_dags/example_trigger_controller_dag.py
[2024-07-15T15:53:29.666+0000] {processor.py:840} INFO - DAG(s) 'example_trigger_controller_dag' retrieved from /home/airflow/.local/lib/python3.11/site-packages/airflow/example_dags/example_trigger_controller_dag.py
[2024-07-15T15:53:29.691+0000] {logging_mixin.py:188} INFO - [2024-07-15T15:53:29.691+0000] {dag.py:3096} INFO - Sync 1 DAGs
[2024-07-15T15:53:29.719+0000] {logging_mixin.py:188} INFO - [2024-07-15T15:53:29.719+0000] {dag.py:3954} INFO - Setting next_dagrun for example_trigger_controller_dag to 2021-01-01 00:00:00+00:00, run_after=2021-01-01 00:00:00+00:00
[2024-07-15T15:53:29.744+0000] {processor.py:183} INFO - Processing /home/airflow/.local/lib/python3.11/site-packages/airflow/example_dags/example_trigger_controller_dag.py took 0.100 seconds
[2024-07-15T15:53:35.338+0000] {processor.py:161} INFO - Started process (PID=25185) to work on /home/airflow/.local/lib/python3.11/site-packages/airflow/example_dags/example_trigger_controller_dag.py
[2024-07-15T15:53:35.340+0000] {processor.py:830} INFO - Processing file /home/airflow/.local/lib/python3.11/site-packages/airflow/example_dags/example_trigger_controller_dag.py for tasks to queue
[2024-07-15T15:53:35.344+0000] {logging_mixin.py:188} INFO - [2024-07-15T15:53:35.343+0000] {dagbag.py:545} INFO - Filling up the DagBag from /home/airflow/.local/lib/python3.11/site-packages/airflow/example_dags/example_trigger_controller_dag.py
[2024-07-15T15:53:35.354+0000] {processor.py:840} INFO - DAG(s) 'example_trigger_controller_dag' retrieved from /home/airflow/.local/lib/python3.11/site-packages/airflow/example_dags/example_trigger_controller_dag.py
[2024-07-15T15:53:35.390+0000] {logging_mixin.py:188} INFO - [2024-07-15T15:53:35.390+0000] {dag.py:3096} INFO - Sync 1 DAGs
[2024-07-15T15:53:35.426+0000] {logging_mixin.py:188} INFO - [2024-07-15T15:53:35.426+0000] {dag.py:3954} INFO - Setting next_dagrun for example_trigger_controller_dag to 2021-01-01 00:00:00+00:00, run_after=2021-01-01 00:00:00+00:00
[2024-07-15T15:53:35.455+0000] {processor.py:183} INFO - Processing /home/airflow/.local/lib/python3.11/site-packages/airflow/example_dags/example_trigger_controller_dag.py took 0.128 seconds
[2024-07-15T15:53:40.529+0000] {processor.py:161} INFO - Started process (PID=25237) to work on /home/airflow/.local/lib/python3.11/site-packages/airflow/example_dags/example_trigger_controller_dag.py
[2024-07-15T15:53:40.531+0000] {processor.py:830} INFO - Processing file /home/airflow/.local/lib/python3.11/site-packages/airflow/example_dags/example_trigger_controller_dag.py for tasks to queue
[2024-07-15T15:53:40.533+0000] {logging_mixin.py:188} INFO - [2024-07-15T15:53:40.533+0000] {dagbag.py:545} INFO - Filling up the DagBag from /home/airflow/.local/lib/python3.11/site-packages/airflow/example_dags/example_trigger_controller_dag.py
[2024-07-15T15:53:40.540+0000] {processor.py:840} INFO - DAG(s) 'example_trigger_controller_dag' retrieved from /home/airflow/.local/lib/python3.11/site-packages/airflow/example_dags/example_trigger_controller_dag.py
[2024-07-15T15:53:40.565+0000] {logging_mixin.py:188} INFO - [2024-07-15T15:53:40.565+0000] {dag.py:3096} INFO - Sync 1 DAGs
[2024-07-15T15:53:40.594+0000] {logging_mixin.py:188} INFO - [2024-07-15T15:53:40.593+0000] {dag.py:3954} INFO - Setting next_dagrun for example_trigger_controller_dag to 2021-01-01 00:00:00+00:00, run_after=2021-01-01 00:00:00+00:00
[2024-07-15T15:53:40.620+0000] {processor.py:183} INFO - Processing /home/airflow/.local/lib/python3.11/site-packages/airflow/example_dags/example_trigger_controller_dag.py took 0.099 seconds
[2024-07-15T15:53:45.427+0000] {processor.py:161} INFO - Started process (PID=25291) to work on /home/airflow/.local/lib/python3.11/site-packages/airflow/example_dags/example_trigger_controller_dag.py
[2024-07-15T15:53:45.429+0000] {processor.py:830} INFO - Processing file /home/airflow/.local/lib/python3.11/site-packages/airflow/example_dags/example_trigger_controller_dag.py for tasks to queue
[2024-07-15T15:53:45.433+0000] {logging_mixin.py:188} INFO - [2024-07-15T15:53:45.432+0000] {dagbag.py:545} INFO - Filling up the DagBag from /home/airflow/.local/lib/python3.11/site-packages/airflow/example_dags/example_trigger_controller_dag.py
[2024-07-15T15:53:45.440+0000] {processor.py:840} INFO - DAG(s) 'example_trigger_controller_dag' retrieved from /home/airflow/.local/lib/python3.11/site-packages/airflow/example_dags/example_trigger_controller_dag.py
[2024-07-15T15:53:45.470+0000] {logging_mixin.py:188} INFO - [2024-07-15T15:53:45.470+0000] {dag.py:3096} INFO - Sync 1 DAGs
[2024-07-15T15:53:45.506+0000] {logging_mixin.py:188} INFO - [2024-07-15T15:53:45.506+0000] {dag.py:3954} INFO - Setting next_dagrun for example_trigger_controller_dag to 2021-01-01 00:00:00+00:00, run_after=2021-01-01 00:00:00+00:00
[2024-07-15T15:53:45.536+0000] {processor.py:183} INFO - Processing /home/airflow/.local/lib/python3.11/site-packages/airflow/example_dags/example_trigger_controller_dag.py took 0.119 seconds
[2024-07-15T15:53:51.839+0000] {processor.py:161} INFO - Started process (PID=25349) to work on /home/airflow/.local/lib/python3.11/site-packages/airflow/example_dags/example_trigger_controller_dag.py
[2024-07-15T15:53:51.841+0000] {processor.py:830} INFO - Processing file /home/airflow/.local/lib/python3.11/site-packages/airflow/example_dags/example_trigger_controller_dag.py for tasks to queue
[2024-07-15T15:53:51.844+0000] {logging_mixin.py:188} INFO - [2024-07-15T15:53:51.843+0000] {dagbag.py:545} INFO - Filling up the DagBag from /home/airflow/.local/lib/python3.11/site-packages/airflow/example_dags/example_trigger_controller_dag.py
[2024-07-15T15:53:51.852+0000] {processor.py:840} INFO - DAG(s) 'example_trigger_controller_dag' retrieved from /home/airflow/.local/lib/python3.11/site-packages/airflow/example_dags/example_trigger_controller_dag.py
[2024-07-15T15:53:51.882+0000] {logging_mixin.py:188} INFO - [2024-07-15T15:53:51.882+0000] {dag.py:3096} INFO - Sync 1 DAGs
[2024-07-15T15:53:51.914+0000] {logging_mixin.py:188} INFO - [2024-07-15T15:53:51.913+0000] {dag.py:3954} INFO - Setting next_dagrun for example_trigger_controller_dag to 2021-01-01 00:00:00+00:00, run_after=2021-01-01 00:00:00+00:00
[2024-07-15T15:53:51.942+0000] {processor.py:183} INFO - Processing /home/airflow/.local/lib/python3.11/site-packages/airflow/example_dags/example_trigger_controller_dag.py took 0.116 seconds
[2024-07-15T15:53:57.647+0000] {processor.py:161} INFO - Started process (PID=25402) to work on /home/airflow/.local/lib/python3.11/site-packages/airflow/example_dags/example_trigger_controller_dag.py
[2024-07-15T15:53:57.648+0000] {processor.py:830} INFO - Processing file /home/airflow/.local/lib/python3.11/site-packages/airflow/example_dags/example_trigger_controller_dag.py for tasks to queue
[2024-07-15T15:53:57.651+0000] {logging_mixin.py:188} INFO - [2024-07-15T15:53:57.650+0000] {dagbag.py:545} INFO - Filling up the DagBag from /home/airflow/.local/lib/python3.11/site-packages/airflow/example_dags/example_trigger_controller_dag.py
[2024-07-15T15:53:57.660+0000] {processor.py:840} INFO - DAG(s) 'example_trigger_controller_dag' retrieved from /home/airflow/.local/lib/python3.11/site-packages/airflow/example_dags/example_trigger_controller_dag.py
[2024-07-15T15:53:57.686+0000] {logging_mixin.py:188} INFO - [2024-07-15T15:53:57.686+0000] {dag.py:3096} INFO - Sync 1 DAGs
[2024-07-15T15:53:57.712+0000] {logging_mixin.py:188} INFO - [2024-07-15T15:53:57.711+0000] {dag.py:3954} INFO - Setting next_dagrun for example_trigger_controller_dag to 2021-01-01 00:00:00+00:00, run_after=2021-01-01 00:00:00+00:00
[2024-07-15T15:53:57.737+0000] {processor.py:183} INFO - Processing /home/airflow/.local/lib/python3.11/site-packages/airflow/example_dags/example_trigger_controller_dag.py took 0.098 seconds
[2024-07-15T15:54:02.522+0000] {processor.py:161} INFO - Started process (PID=25454) to work on /home/airflow/.local/lib/python3.11/site-packages/airflow/example_dags/example_trigger_controller_dag.py
[2024-07-15T15:54:02.524+0000] {processor.py:830} INFO - Processing file /home/airflow/.local/lib/python3.11/site-packages/airflow/example_dags/example_trigger_controller_dag.py for tasks to queue
[2024-07-15T15:54:02.527+0000] {logging_mixin.py:188} INFO - [2024-07-15T15:54:02.526+0000] {dagbag.py:545} INFO - Filling up the DagBag from /home/airflow/.local/lib/python3.11/site-packages/airflow/example_dags/example_trigger_controller_dag.py
[2024-07-15T15:54:02.534+0000] {processor.py:840} INFO - DAG(s) 'example_trigger_controller_dag' retrieved from /home/airflow/.local/lib/python3.11/site-packages/airflow/example_dags/example_trigger_controller_dag.py
[2024-07-15T15:54:02.559+0000] {logging_mixin.py:188} INFO - [2024-07-15T15:54:02.558+0000] {dag.py:3096} INFO - Sync 1 DAGs
[2024-07-15T15:54:02.584+0000] {logging_mixin.py:188} INFO - [2024-07-15T15:54:02.583+0000] {dag.py:3954} INFO - Setting next_dagrun for example_trigger_controller_dag to 2021-01-01 00:00:00+00:00, run_after=2021-01-01 00:00:00+00:00
[2024-07-15T15:54:02.607+0000] {processor.py:183} INFO - Processing /home/airflow/.local/lib/python3.11/site-packages/airflow/example_dags/example_trigger_controller_dag.py took 0.095 seconds
[2024-07-15T15:54:08.868+0000] {processor.py:161} INFO - Started process (PID=25508) to work on /home/airflow/.local/lib/python3.11/site-packages/airflow/example_dags/example_trigger_controller_dag.py
[2024-07-15T15:54:08.870+0000] {processor.py:830} INFO - Processing file /home/airflow/.local/lib/python3.11/site-packages/airflow/example_dags/example_trigger_controller_dag.py for tasks to queue
[2024-07-15T15:54:08.873+0000] {logging_mixin.py:188} INFO - [2024-07-15T15:54:08.872+0000] {dagbag.py:545} INFO - Filling up the DagBag from /home/airflow/.local/lib/python3.11/site-packages/airflow/example_dags/example_trigger_controller_dag.py
[2024-07-15T15:54:08.881+0000] {processor.py:840} INFO - DAG(s) 'example_trigger_controller_dag' retrieved from /home/airflow/.local/lib/python3.11/site-packages/airflow/example_dags/example_trigger_controller_dag.py
[2024-07-15T15:54:08.914+0000] {logging_mixin.py:188} INFO - [2024-07-15T15:54:08.913+0000] {dag.py:3096} INFO - Sync 1 DAGs
[2024-07-15T15:54:08.947+0000] {logging_mixin.py:188} INFO - [2024-07-15T15:54:08.946+0000] {dag.py:3954} INFO - Setting next_dagrun for example_trigger_controller_dag to 2021-01-01 00:00:00+00:00, run_after=2021-01-01 00:00:00+00:00
[2024-07-15T15:54:08.973+0000] {processor.py:183} INFO - Processing /home/airflow/.local/lib/python3.11/site-packages/airflow/example_dags/example_trigger_controller_dag.py took 0.113 seconds
[2024-07-15T15:54:15.041+0000] {processor.py:161} INFO - Started process (PID=25560) to work on /home/airflow/.local/lib/python3.11/site-packages/airflow/example_dags/example_trigger_controller_dag.py
[2024-07-15T15:54:15.043+0000] {processor.py:830} INFO - Processing file /home/airflow/.local/lib/python3.11/site-packages/airflow/example_dags/example_trigger_controller_dag.py for tasks to queue
[2024-07-15T15:54:15.046+0000] {logging_mixin.py:188} INFO - [2024-07-15T15:54:15.046+0000] {dagbag.py:545} INFO - Filling up the DagBag from /home/airflow/.local/lib/python3.11/site-packages/airflow/example_dags/example_trigger_controller_dag.py
[2024-07-15T15:54:15.054+0000] {processor.py:840} INFO - DAG(s) 'example_trigger_controller_dag' retrieved from /home/airflow/.local/lib/python3.11/site-packages/airflow/example_dags/example_trigger_controller_dag.py
[2024-07-15T15:54:15.086+0000] {logging_mixin.py:188} INFO - [2024-07-15T15:54:15.086+0000] {dag.py:3096} INFO - Sync 1 DAGs
[2024-07-15T15:54:15.119+0000] {logging_mixin.py:188} INFO - [2024-07-15T15:54:15.119+0000] {dag.py:3954} INFO - Setting next_dagrun for example_trigger_controller_dag to 2021-01-01 00:00:00+00:00, run_after=2021-01-01 00:00:00+00:00
[2024-07-15T15:54:15.151+0000] {processor.py:183} INFO - Processing /home/airflow/.local/lib/python3.11/site-packages/airflow/example_dags/example_trigger_controller_dag.py took 0.119 seconds
[2024-07-15T15:54:19.993+0000] {processor.py:161} INFO - Started process (PID=25613) to work on /home/airflow/.local/lib/python3.11/site-packages/airflow/example_dags/example_trigger_controller_dag.py
[2024-07-15T15:54:19.995+0000] {processor.py:830} INFO - Processing file /home/airflow/.local/lib/python3.11/site-packages/airflow/example_dags/example_trigger_controller_dag.py for tasks to queue
[2024-07-15T15:54:19.999+0000] {logging_mixin.py:188} INFO - [2024-07-15T15:54:19.998+0000] {dagbag.py:545} INFO - Filling up the DagBag from /home/airflow/.local/lib/python3.11/site-packages/airflow/example_dags/example_trigger_controller_dag.py
[2024-07-15T15:54:20.009+0000] {processor.py:840} INFO - DAG(s) 'example_trigger_controller_dag' retrieved from /home/airflow/.local/lib/python3.11/site-packages/airflow/example_dags/example_trigger_controller_dag.py
[2024-07-15T15:54:20.044+0000] {logging_mixin.py:188} INFO - [2024-07-15T15:54:20.043+0000] {dag.py:3096} INFO - Sync 1 DAGs
[2024-07-15T15:54:20.087+0000] {logging_mixin.py:188} INFO - [2024-07-15T15:54:20.086+0000] {dag.py:3954} INFO - Setting next_dagrun for example_trigger_controller_dag to 2021-01-01 00:00:00+00:00, run_after=2021-01-01 00:00:00+00:00
[2024-07-15T15:54:20.115+0000] {processor.py:183} INFO - Processing /home/airflow/.local/lib/python3.11/site-packages/airflow/example_dags/example_trigger_controller_dag.py took 0.133 seconds
[2024-07-15T15:54:26.333+0000] {processor.py:161} INFO - Started process (PID=25671) to work on /home/airflow/.local/lib/python3.11/site-packages/airflow/example_dags/example_trigger_controller_dag.py
[2024-07-15T15:54:26.335+0000] {processor.py:830} INFO - Processing file /home/airflow/.local/lib/python3.11/site-packages/airflow/example_dags/example_trigger_controller_dag.py for tasks to queue
[2024-07-15T15:54:26.339+0000] {logging_mixin.py:188} INFO - [2024-07-15T15:54:26.339+0000] {dagbag.py:545} INFO - Filling up the DagBag from /home/airflow/.local/lib/python3.11/site-packages/airflow/example_dags/example_trigger_controller_dag.py
[2024-07-15T15:54:26.349+0000] {processor.py:840} INFO - DAG(s) 'example_trigger_controller_dag' retrieved from /home/airflow/.local/lib/python3.11/site-packages/airflow/example_dags/example_trigger_controller_dag.py
[2024-07-15T15:54:26.385+0000] {logging_mixin.py:188} INFO - [2024-07-15T15:54:26.385+0000] {dag.py:3096} INFO - Sync 1 DAGs
[2024-07-15T15:54:26.426+0000] {logging_mixin.py:188} INFO - [2024-07-15T15:54:26.426+0000] {dag.py:3954} INFO - Setting next_dagrun for example_trigger_controller_dag to 2021-01-01 00:00:00+00:00, run_after=2021-01-01 00:00:00+00:00
[2024-07-15T15:54:26.460+0000] {processor.py:183} INFO - Processing /home/airflow/.local/lib/python3.11/site-packages/airflow/example_dags/example_trigger_controller_dag.py took 0.141 seconds
[2024-07-15T15:54:36.862+0000] {processor.py:161} INFO - Started process (PID=25724) to work on /home/airflow/.local/lib/python3.11/site-packages/airflow/example_dags/example_trigger_controller_dag.py
[2024-07-15T15:54:36.863+0000] {processor.py:830} INFO - Processing file /home/airflow/.local/lib/python3.11/site-packages/airflow/example_dags/example_trigger_controller_dag.py for tasks to queue
[2024-07-15T15:54:36.866+0000] {logging_mixin.py:188} INFO - [2024-07-15T15:54:36.866+0000] {dagbag.py:545} INFO - Filling up the DagBag from /home/airflow/.local/lib/python3.11/site-packages/airflow/example_dags/example_trigger_controller_dag.py
[2024-07-15T15:54:36.875+0000] {processor.py:840} INFO - DAG(s) 'example_trigger_controller_dag' retrieved from /home/airflow/.local/lib/python3.11/site-packages/airflow/example_dags/example_trigger_controller_dag.py
[2024-07-15T15:54:36.928+0000] {logging_mixin.py:188} INFO - [2024-07-15T15:54:36.927+0000] {dag.py:3096} INFO - Sync 1 DAGs
[2024-07-15T15:54:37.209+0000] {logging_mixin.py:188} INFO - [2024-07-15T15:54:37.208+0000] {dag.py:3954} INFO - Setting next_dagrun for example_trigger_controller_dag to 2021-01-01 00:00:00+00:00, run_after=2021-01-01 00:00:00+00:00
[2024-07-15T15:54:37.290+0000] {processor.py:183} INFO - Processing /home/airflow/.local/lib/python3.11/site-packages/airflow/example_dags/example_trigger_controller_dag.py took 0.439 seconds
[2024-07-15T15:54:46.303+0000] {processor.py:161} INFO - Started process (PID=25776) to work on /home/airflow/.local/lib/python3.11/site-packages/airflow/example_dags/example_trigger_controller_dag.py
[2024-07-15T15:54:46.305+0000] {processor.py:830} INFO - Processing file /home/airflow/.local/lib/python3.11/site-packages/airflow/example_dags/example_trigger_controller_dag.py for tasks to queue
[2024-07-15T15:54:46.309+0000] {logging_mixin.py:188} INFO - [2024-07-15T15:54:46.309+0000] {dagbag.py:545} INFO - Filling up the DagBag from /home/airflow/.local/lib/python3.11/site-packages/airflow/example_dags/example_trigger_controller_dag.py
[2024-07-15T15:54:46.318+0000] {processor.py:840} INFO - DAG(s) 'example_trigger_controller_dag' retrieved from /home/airflow/.local/lib/python3.11/site-packages/airflow/example_dags/example_trigger_controller_dag.py
[2024-07-15T15:54:46.363+0000] {logging_mixin.py:188} INFO - [2024-07-15T15:54:46.362+0000] {dag.py:3096} INFO - Sync 1 DAGs
[2024-07-15T15:54:46.412+0000] {logging_mixin.py:188} INFO - [2024-07-15T15:54:46.412+0000] {dag.py:3954} INFO - Setting next_dagrun for example_trigger_controller_dag to 2021-01-01 00:00:00+00:00, run_after=2021-01-01 00:00:00+00:00
[2024-07-15T15:54:46.448+0000] {processor.py:183} INFO - Processing /home/airflow/.local/lib/python3.11/site-packages/airflow/example_dags/example_trigger_controller_dag.py took 0.156 seconds
[2024-07-15T15:54:56.382+0000] {processor.py:161} INFO - Started process (PID=25836) to work on /home/airflow/.local/lib/python3.11/site-packages/airflow/example_dags/example_trigger_controller_dag.py
[2024-07-15T15:54:56.384+0000] {processor.py:830} INFO - Processing file /home/airflow/.local/lib/python3.11/site-packages/airflow/example_dags/example_trigger_controller_dag.py for tasks to queue
[2024-07-15T15:54:56.387+0000] {logging_mixin.py:188} INFO - [2024-07-15T15:54:56.387+0000] {dagbag.py:545} INFO - Filling up the DagBag from /home/airflow/.local/lib/python3.11/site-packages/airflow/example_dags/example_trigger_controller_dag.py
[2024-07-15T15:54:56.403+0000] {processor.py:840} INFO - DAG(s) 'example_trigger_controller_dag' retrieved from /home/airflow/.local/lib/python3.11/site-packages/airflow/example_dags/example_trigger_controller_dag.py
[2024-07-15T15:54:56.448+0000] {logging_mixin.py:188} INFO - [2024-07-15T15:54:56.447+0000] {dag.py:3096} INFO - Sync 1 DAGs
[2024-07-15T15:54:56.497+0000] {logging_mixin.py:188} INFO - [2024-07-15T15:54:56.496+0000] {dag.py:3954} INFO - Setting next_dagrun for example_trigger_controller_dag to 2021-01-01 00:00:00+00:00, run_after=2021-01-01 00:00:00+00:00
[2024-07-15T15:54:56.552+0000] {processor.py:183} INFO - Processing /home/airflow/.local/lib/python3.11/site-packages/airflow/example_dags/example_trigger_controller_dag.py took 0.185 seconds
[2024-07-15T15:55:08.229+0000] {processor.py:161} INFO - Started process (PID=25888) to work on /home/airflow/.local/lib/python3.11/site-packages/airflow/example_dags/example_trigger_controller_dag.py
[2024-07-15T15:55:08.231+0000] {processor.py:830} INFO - Processing file /home/airflow/.local/lib/python3.11/site-packages/airflow/example_dags/example_trigger_controller_dag.py for tasks to queue
[2024-07-15T15:55:08.235+0000] {logging_mixin.py:188} INFO - [2024-07-15T15:55:08.234+0000] {dagbag.py:545} INFO - Filling up the DagBag from /home/airflow/.local/lib/python3.11/site-packages/airflow/example_dags/example_trigger_controller_dag.py
[2024-07-15T15:55:08.247+0000] {processor.py:840} INFO - DAG(s) 'example_trigger_controller_dag' retrieved from /home/airflow/.local/lib/python3.11/site-packages/airflow/example_dags/example_trigger_controller_dag.py
[2024-07-15T15:55:08.282+0000] {logging_mixin.py:188} INFO - [2024-07-15T15:55:08.282+0000] {dag.py:3096} INFO - Sync 1 DAGs
[2024-07-15T15:55:08.564+0000] {logging_mixin.py:188} INFO - [2024-07-15T15:55:08.564+0000] {dag.py:3954} INFO - Setting next_dagrun for example_trigger_controller_dag to 2021-01-01 00:00:00+00:00, run_after=2021-01-01 00:00:00+00:00
[2024-07-15T15:55:08.602+0000] {processor.py:183} INFO - Processing /home/airflow/.local/lib/python3.11/site-packages/airflow/example_dags/example_trigger_controller_dag.py took 0.388 seconds
[2024-07-15T15:55:20.517+0000] {processor.py:161} INFO - Started process (PID=25941) to work on /home/airflow/.local/lib/python3.11/site-packages/airflow/example_dags/example_trigger_controller_dag.py
[2024-07-15T15:55:20.520+0000] {processor.py:830} INFO - Processing file /home/airflow/.local/lib/python3.11/site-packages/airflow/example_dags/example_trigger_controller_dag.py for tasks to queue
[2024-07-15T15:55:20.532+0000] {logging_mixin.py:188} INFO - [2024-07-15T15:55:20.530+0000] {dagbag.py:545} INFO - Filling up the DagBag from /home/airflow/.local/lib/python3.11/site-packages/airflow/example_dags/example_trigger_controller_dag.py
[2024-07-15T15:55:20.554+0000] {processor.py:840} INFO - DAG(s) 'example_trigger_controller_dag' retrieved from /home/airflow/.local/lib/python3.11/site-packages/airflow/example_dags/example_trigger_controller_dag.py
[2024-07-15T15:55:20.661+0000] {logging_mixin.py:188} INFO - [2024-07-15T15:55:20.660+0000] {dag.py:3096} INFO - Sync 1 DAGs
[2024-07-15T15:55:20.734+0000] {logging_mixin.py:188} INFO - [2024-07-15T15:55:20.733+0000] {dag.py:3954} INFO - Setting next_dagrun for example_trigger_controller_dag to 2021-01-01 00:00:00+00:00, run_after=2021-01-01 00:00:00+00:00
[2024-07-15T15:55:20.778+0000] {processor.py:183} INFO - Processing /home/airflow/.local/lib/python3.11/site-packages/airflow/example_dags/example_trigger_controller_dag.py took 0.282 seconds
[2024-07-15T15:55:30.831+0000] {processor.py:161} INFO - Started process (PID=25999) to work on /home/airflow/.local/lib/python3.11/site-packages/airflow/example_dags/example_trigger_controller_dag.py
[2024-07-15T15:55:30.833+0000] {processor.py:830} INFO - Processing file /home/airflow/.local/lib/python3.11/site-packages/airflow/example_dags/example_trigger_controller_dag.py for tasks to queue
[2024-07-15T15:55:30.839+0000] {logging_mixin.py:188} INFO - [2024-07-15T15:55:30.838+0000] {dagbag.py:545} INFO - Filling up the DagBag from /home/airflow/.local/lib/python3.11/site-packages/airflow/example_dags/example_trigger_controller_dag.py
[2024-07-15T15:55:31.060+0000] {processor.py:840} INFO - DAG(s) 'example_trigger_controller_dag' retrieved from /home/airflow/.local/lib/python3.11/site-packages/airflow/example_dags/example_trigger_controller_dag.py
[2024-07-15T15:55:31.087+0000] {logging_mixin.py:188} INFO - [2024-07-15T15:55:31.087+0000] {dag.py:3096} INFO - Sync 1 DAGs
[2024-07-15T15:55:31.125+0000] {logging_mixin.py:188} INFO - [2024-07-15T15:55:31.125+0000] {dag.py:3954} INFO - Setting next_dagrun for example_trigger_controller_dag to 2021-01-01 00:00:00+00:00, run_after=2021-01-01 00:00:00+00:00
[2024-07-15T15:55:31.156+0000] {processor.py:183} INFO - Processing /home/airflow/.local/lib/python3.11/site-packages/airflow/example_dags/example_trigger_controller_dag.py took 0.337 seconds
[2024-07-15T15:55:38.314+0000] {processor.py:161} INFO - Started process (PID=26052) to work on /home/airflow/.local/lib/python3.11/site-packages/airflow/example_dags/example_trigger_controller_dag.py
[2024-07-15T15:55:38.315+0000] {processor.py:830} INFO - Processing file /home/airflow/.local/lib/python3.11/site-packages/airflow/example_dags/example_trigger_controller_dag.py for tasks to queue
[2024-07-15T15:55:38.318+0000] {logging_mixin.py:188} INFO - [2024-07-15T15:55:38.318+0000] {dagbag.py:545} INFO - Filling up the DagBag from /home/airflow/.local/lib/python3.11/site-packages/airflow/example_dags/example_trigger_controller_dag.py
[2024-07-15T15:55:38.328+0000] {processor.py:840} INFO - DAG(s) 'example_trigger_controller_dag' retrieved from /home/airflow/.local/lib/python3.11/site-packages/airflow/example_dags/example_trigger_controller_dag.py
[2024-07-15T15:55:38.367+0000] {logging_mixin.py:188} INFO - [2024-07-15T15:55:38.366+0000] {dag.py:3096} INFO - Sync 1 DAGs
[2024-07-15T15:55:38.403+0000] {logging_mixin.py:188} INFO - [2024-07-15T15:55:38.403+0000] {dag.py:3954} INFO - Setting next_dagrun for example_trigger_controller_dag to 2021-01-01 00:00:00+00:00, run_after=2021-01-01 00:00:00+00:00
[2024-07-15T15:55:38.431+0000] {processor.py:183} INFO - Processing /home/airflow/.local/lib/python3.11/site-packages/airflow/example_dags/example_trigger_controller_dag.py took 0.129 seconds
[2024-07-15T15:55:44.374+0000] {processor.py:161} INFO - Started process (PID=26104) to work on /home/airflow/.local/lib/python3.11/site-packages/airflow/example_dags/example_trigger_controller_dag.py
[2024-07-15T15:55:44.376+0000] {processor.py:830} INFO - Processing file /home/airflow/.local/lib/python3.11/site-packages/airflow/example_dags/example_trigger_controller_dag.py for tasks to queue
[2024-07-15T15:55:44.378+0000] {logging_mixin.py:188} INFO - [2024-07-15T15:55:44.378+0000] {dagbag.py:545} INFO - Filling up the DagBag from /home/airflow/.local/lib/python3.11/site-packages/airflow/example_dags/example_trigger_controller_dag.py
[2024-07-15T15:55:44.385+0000] {processor.py:840} INFO - DAG(s) 'example_trigger_controller_dag' retrieved from /home/airflow/.local/lib/python3.11/site-packages/airflow/example_dags/example_trigger_controller_dag.py
[2024-07-15T15:55:44.413+0000] {logging_mixin.py:188} INFO - [2024-07-15T15:55:44.413+0000] {dag.py:3096} INFO - Sync 1 DAGs
[2024-07-15T15:55:44.447+0000] {logging_mixin.py:188} INFO - [2024-07-15T15:55:44.446+0000] {dag.py:3954} INFO - Setting next_dagrun for example_trigger_controller_dag to 2021-01-01 00:00:00+00:00, run_after=2021-01-01 00:00:00+00:00
[2024-07-15T15:55:44.483+0000] {processor.py:183} INFO - Processing /home/airflow/.local/lib/python3.11/site-packages/airflow/example_dags/example_trigger_controller_dag.py took 0.118 seconds
[2024-07-15T15:55:50.756+0000] {processor.py:161} INFO - Started process (PID=26157) to work on /home/airflow/.local/lib/python3.11/site-packages/airflow/example_dags/example_trigger_controller_dag.py
[2024-07-15T15:55:50.760+0000] {processor.py:830} INFO - Processing file /home/airflow/.local/lib/python3.11/site-packages/airflow/example_dags/example_trigger_controller_dag.py for tasks to queue
[2024-07-15T15:55:50.765+0000] {logging_mixin.py:188} INFO - [2024-07-15T15:55:50.764+0000] {dagbag.py:545} INFO - Filling up the DagBag from /home/airflow/.local/lib/python3.11/site-packages/airflow/example_dags/example_trigger_controller_dag.py
[2024-07-15T15:55:50.783+0000] {processor.py:840} INFO - DAG(s) 'example_trigger_controller_dag' retrieved from /home/airflow/.local/lib/python3.11/site-packages/airflow/example_dags/example_trigger_controller_dag.py
[2024-07-15T15:55:50.844+0000] {logging_mixin.py:188} INFO - [2024-07-15T15:55:50.844+0000] {dag.py:3096} INFO - Sync 1 DAGs
[2024-07-15T15:55:50.903+0000] {logging_mixin.py:188} INFO - [2024-07-15T15:55:50.902+0000] {dag.py:3954} INFO - Setting next_dagrun for example_trigger_controller_dag to 2021-01-01 00:00:00+00:00, run_after=2021-01-01 00:00:00+00:00
[2024-07-15T15:55:50.935+0000] {processor.py:183} INFO - Processing /home/airflow/.local/lib/python3.11/site-packages/airflow/example_dags/example_trigger_controller_dag.py took 0.199 seconds
[2024-07-15T15:55:57.713+0000] {processor.py:161} INFO - Started process (PID=26214) to work on /home/airflow/.local/lib/python3.11/site-packages/airflow/example_dags/example_trigger_controller_dag.py
[2024-07-15T15:55:57.715+0000] {processor.py:830} INFO - Processing file /home/airflow/.local/lib/python3.11/site-packages/airflow/example_dags/example_trigger_controller_dag.py for tasks to queue
[2024-07-15T15:55:57.719+0000] {logging_mixin.py:188} INFO - [2024-07-15T15:55:57.718+0000] {dagbag.py:545} INFO - Filling up the DagBag from /home/airflow/.local/lib/python3.11/site-packages/airflow/example_dags/example_trigger_controller_dag.py
[2024-07-15T15:55:57.731+0000] {processor.py:840} INFO - DAG(s) 'example_trigger_controller_dag' retrieved from /home/airflow/.local/lib/python3.11/site-packages/airflow/example_dags/example_trigger_controller_dag.py
[2024-07-15T15:55:57.782+0000] {logging_mixin.py:188} INFO - [2024-07-15T15:55:57.782+0000] {dag.py:3096} INFO - Sync 1 DAGs
[2024-07-15T15:55:57.856+0000] {logging_mixin.py:188} INFO - [2024-07-15T15:55:57.855+0000] {dag.py:3954} INFO - Setting next_dagrun for example_trigger_controller_dag to 2021-01-01 00:00:00+00:00, run_after=2021-01-01 00:00:00+00:00
[2024-07-15T15:55:57.894+0000] {processor.py:183} INFO - Processing /home/airflow/.local/lib/python3.11/site-packages/airflow/example_dags/example_trigger_controller_dag.py took 0.198 seconds
[2024-07-15T15:56:05.430+0000] {processor.py:161} INFO - Started process (PID=26267) to work on /home/airflow/.local/lib/python3.11/site-packages/airflow/example_dags/example_trigger_controller_dag.py
[2024-07-15T15:56:05.432+0000] {processor.py:830} INFO - Processing file /home/airflow/.local/lib/python3.11/site-packages/airflow/example_dags/example_trigger_controller_dag.py for tasks to queue
[2024-07-15T15:56:05.434+0000] {logging_mixin.py:188} INFO - [2024-07-15T15:56:05.434+0000] {dagbag.py:545} INFO - Filling up the DagBag from /home/airflow/.local/lib/python3.11/site-packages/airflow/example_dags/example_trigger_controller_dag.py
[2024-07-15T15:56:05.443+0000] {processor.py:840} INFO - DAG(s) 'example_trigger_controller_dag' retrieved from /home/airflow/.local/lib/python3.11/site-packages/airflow/example_dags/example_trigger_controller_dag.py
[2024-07-15T15:56:05.474+0000] {logging_mixin.py:188} INFO - [2024-07-15T15:56:05.473+0000] {dag.py:3096} INFO - Sync 1 DAGs
[2024-07-15T15:56:05.508+0000] {logging_mixin.py:188} INFO - [2024-07-15T15:56:05.507+0000] {dag.py:3954} INFO - Setting next_dagrun for example_trigger_controller_dag to 2021-01-01 00:00:00+00:00, run_after=2021-01-01 00:00:00+00:00
[2024-07-15T15:56:05.535+0000] {processor.py:183} INFO - Processing /home/airflow/.local/lib/python3.11/site-packages/airflow/example_dags/example_trigger_controller_dag.py took 0.114 seconds
[2024-07-15T15:56:11.076+0000] {processor.py:161} INFO - Started process (PID=26319) to work on /home/airflow/.local/lib/python3.11/site-packages/airflow/example_dags/example_trigger_controller_dag.py
[2024-07-15T15:56:11.077+0000] {processor.py:830} INFO - Processing file /home/airflow/.local/lib/python3.11/site-packages/airflow/example_dags/example_trigger_controller_dag.py for tasks to queue
[2024-07-15T15:56:11.080+0000] {logging_mixin.py:188} INFO - [2024-07-15T15:56:11.080+0000] {dagbag.py:545} INFO - Filling up the DagBag from /home/airflow/.local/lib/python3.11/site-packages/airflow/example_dags/example_trigger_controller_dag.py
[2024-07-15T15:56:11.089+0000] {processor.py:840} INFO - DAG(s) 'example_trigger_controller_dag' retrieved from /home/airflow/.local/lib/python3.11/site-packages/airflow/example_dags/example_trigger_controller_dag.py
[2024-07-15T15:56:11.122+0000] {logging_mixin.py:188} INFO - [2024-07-15T15:56:11.122+0000] {dag.py:3096} INFO - Sync 1 DAGs
[2024-07-15T15:56:11.168+0000] {logging_mixin.py:188} INFO - [2024-07-15T15:56:11.168+0000] {dag.py:3954} INFO - Setting next_dagrun for example_trigger_controller_dag to 2021-01-01 00:00:00+00:00, run_after=2021-01-01 00:00:00+00:00
[2024-07-15T15:56:11.195+0000] {processor.py:183} INFO - Processing /home/airflow/.local/lib/python3.11/site-packages/airflow/example_dags/example_trigger_controller_dag.py took 0.130 seconds
[2024-07-15T15:56:17.927+0000] {processor.py:161} INFO - Started process (PID=26372) to work on /home/airflow/.local/lib/python3.11/site-packages/airflow/example_dags/example_trigger_controller_dag.py
[2024-07-15T15:56:17.930+0000] {processor.py:830} INFO - Processing file /home/airflow/.local/lib/python3.11/site-packages/airflow/example_dags/example_trigger_controller_dag.py for tasks to queue
[2024-07-15T15:56:17.935+0000] {logging_mixin.py:188} INFO - [2024-07-15T15:56:17.934+0000] {dagbag.py:545} INFO - Filling up the DagBag from /home/airflow/.local/lib/python3.11/site-packages/airflow/example_dags/example_trigger_controller_dag.py
[2024-07-15T15:56:17.950+0000] {processor.py:840} INFO - DAG(s) 'example_trigger_controller_dag' retrieved from /home/airflow/.local/lib/python3.11/site-packages/airflow/example_dags/example_trigger_controller_dag.py
[2024-07-15T15:56:17.992+0000] {logging_mixin.py:188} INFO - [2024-07-15T15:56:17.991+0000] {dag.py:3096} INFO - Sync 1 DAGs
[2024-07-15T15:56:18.033+0000] {logging_mixin.py:188} INFO - [2024-07-15T15:56:18.033+0000] {dag.py:3954} INFO - Setting next_dagrun for example_trigger_controller_dag to 2021-01-01 00:00:00+00:00, run_after=2021-01-01 00:00:00+00:00
[2024-07-15T15:56:18.086+0000] {processor.py:183} INFO - Processing /home/airflow/.local/lib/python3.11/site-packages/airflow/example_dags/example_trigger_controller_dag.py took 0.173 seconds
[2024-07-15T15:56:24.764+0000] {processor.py:161} INFO - Started process (PID=26430) to work on /home/airflow/.local/lib/python3.11/site-packages/airflow/example_dags/example_trigger_controller_dag.py
[2024-07-15T15:56:24.768+0000] {processor.py:830} INFO - Processing file /home/airflow/.local/lib/python3.11/site-packages/airflow/example_dags/example_trigger_controller_dag.py for tasks to queue
[2024-07-15T15:56:24.777+0000] {logging_mixin.py:188} INFO - [2024-07-15T15:56:24.776+0000] {dagbag.py:545} INFO - Filling up the DagBag from /home/airflow/.local/lib/python3.11/site-packages/airflow/example_dags/example_trigger_controller_dag.py
[2024-07-15T15:56:24.800+0000] {processor.py:840} INFO - DAG(s) 'example_trigger_controller_dag' retrieved from /home/airflow/.local/lib/python3.11/site-packages/airflow/example_dags/example_trigger_controller_dag.py
[2024-07-15T15:56:24.866+0000] {logging_mixin.py:188} INFO - [2024-07-15T15:56:24.865+0000] {dag.py:3096} INFO - Sync 1 DAGs
[2024-07-15T15:56:24.948+0000] {logging_mixin.py:188} INFO - [2024-07-15T15:56:24.947+0000] {dag.py:3954} INFO - Setting next_dagrun for example_trigger_controller_dag to 2021-01-01 00:00:00+00:00, run_after=2021-01-01 00:00:00+00:00
[2024-07-15T15:56:25.015+0000] {processor.py:183} INFO - Processing /home/airflow/.local/lib/python3.11/site-packages/airflow/example_dags/example_trigger_controller_dag.py took 0.271 seconds
[2024-07-15T15:56:32.115+0000] {processor.py:161} INFO - Started process (PID=26483) to work on /home/airflow/.local/lib/python3.11/site-packages/airflow/example_dags/example_trigger_controller_dag.py
[2024-07-15T15:56:32.118+0000] {processor.py:830} INFO - Processing file /home/airflow/.local/lib/python3.11/site-packages/airflow/example_dags/example_trigger_controller_dag.py for tasks to queue
[2024-07-15T15:56:32.123+0000] {logging_mixin.py:188} INFO - [2024-07-15T15:56:32.123+0000] {dagbag.py:545} INFO - Filling up the DagBag from /home/airflow/.local/lib/python3.11/site-packages/airflow/example_dags/example_trigger_controller_dag.py
[2024-07-15T15:56:32.136+0000] {processor.py:840} INFO - DAG(s) 'example_trigger_controller_dag' retrieved from /home/airflow/.local/lib/python3.11/site-packages/airflow/example_dags/example_trigger_controller_dag.py
[2024-07-15T15:56:32.183+0000] {logging_mixin.py:188} INFO - [2024-07-15T15:56:32.183+0000] {dag.py:3096} INFO - Sync 1 DAGs
[2024-07-15T15:56:32.243+0000] {logging_mixin.py:188} INFO - [2024-07-15T15:56:32.242+0000] {dag.py:3954} INFO - Setting next_dagrun for example_trigger_controller_dag to 2021-01-01 00:00:00+00:00, run_after=2021-01-01 00:00:00+00:00
[2024-07-15T15:56:32.285+0000] {processor.py:183} INFO - Processing /home/airflow/.local/lib/python3.11/site-packages/airflow/example_dags/example_trigger_controller_dag.py took 0.189 seconds
[2024-07-15T15:56:40.346+0000] {processor.py:161} INFO - Started process (PID=26535) to work on /home/airflow/.local/lib/python3.11/site-packages/airflow/example_dags/example_trigger_controller_dag.py
[2024-07-15T15:56:40.348+0000] {processor.py:830} INFO - Processing file /home/airflow/.local/lib/python3.11/site-packages/airflow/example_dags/example_trigger_controller_dag.py for tasks to queue
[2024-07-15T15:56:40.351+0000] {logging_mixin.py:188} INFO - [2024-07-15T15:56:40.351+0000] {dagbag.py:545} INFO - Filling up the DagBag from /home/airflow/.local/lib/python3.11/site-packages/airflow/example_dags/example_trigger_controller_dag.py
[2024-07-15T15:56:40.360+0000] {processor.py:840} INFO - DAG(s) 'example_trigger_controller_dag' retrieved from /home/airflow/.local/lib/python3.11/site-packages/airflow/example_dags/example_trigger_controller_dag.py
[2024-07-15T15:56:40.395+0000] {logging_mixin.py:188} INFO - [2024-07-15T15:56:40.394+0000] {dag.py:3096} INFO - Sync 1 DAGs
[2024-07-15T15:56:40.428+0000] {logging_mixin.py:188} INFO - [2024-07-15T15:56:40.428+0000] {dag.py:3954} INFO - Setting next_dagrun for example_trigger_controller_dag to 2021-01-01 00:00:00+00:00, run_after=2021-01-01 00:00:00+00:00
[2024-07-15T15:56:40.455+0000] {processor.py:183} INFO - Processing /home/airflow/.local/lib/python3.11/site-packages/airflow/example_dags/example_trigger_controller_dag.py took 0.118 seconds
[2024-07-15T15:56:45.075+0000] {processor.py:161} INFO - Started process (PID=26589) to work on /home/airflow/.local/lib/python3.11/site-packages/airflow/example_dags/example_trigger_controller_dag.py
[2024-07-15T15:56:45.077+0000] {processor.py:830} INFO - Processing file /home/airflow/.local/lib/python3.11/site-packages/airflow/example_dags/example_trigger_controller_dag.py for tasks to queue
[2024-07-15T15:56:45.081+0000] {logging_mixin.py:188} INFO - [2024-07-15T15:56:45.080+0000] {dagbag.py:545} INFO - Filling up the DagBag from /home/airflow/.local/lib/python3.11/site-packages/airflow/example_dags/example_trigger_controller_dag.py
[2024-07-15T15:56:45.089+0000] {processor.py:840} INFO - DAG(s) 'example_trigger_controller_dag' retrieved from /home/airflow/.local/lib/python3.11/site-packages/airflow/example_dags/example_trigger_controller_dag.py
[2024-07-15T15:56:45.120+0000] {logging_mixin.py:188} INFO - [2024-07-15T15:56:45.120+0000] {dag.py:3096} INFO - Sync 1 DAGs
[2024-07-15T15:56:45.148+0000] {logging_mixin.py:188} INFO - [2024-07-15T15:56:45.148+0000] {dag.py:3954} INFO - Setting next_dagrun for example_trigger_controller_dag to 2021-01-01 00:00:00+00:00, run_after=2021-01-01 00:00:00+00:00
[2024-07-15T15:56:45.175+0000] {processor.py:183} INFO - Processing /home/airflow/.local/lib/python3.11/site-packages/airflow/example_dags/example_trigger_controller_dag.py took 0.113 seconds
[2024-07-15T15:56:50.068+0000] {processor.py:161} INFO - Started process (PID=26641) to work on /home/airflow/.local/lib/python3.11/site-packages/airflow/example_dags/example_trigger_controller_dag.py
[2024-07-15T15:56:50.070+0000] {processor.py:830} INFO - Processing file /home/airflow/.local/lib/python3.11/site-packages/airflow/example_dags/example_trigger_controller_dag.py for tasks to queue
[2024-07-15T15:56:50.073+0000] {logging_mixin.py:188} INFO - [2024-07-15T15:56:50.072+0000] {dagbag.py:545} INFO - Filling up the DagBag from /home/airflow/.local/lib/python3.11/site-packages/airflow/example_dags/example_trigger_controller_dag.py
[2024-07-15T15:56:50.081+0000] {processor.py:840} INFO - DAG(s) 'example_trigger_controller_dag' retrieved from /home/airflow/.local/lib/python3.11/site-packages/airflow/example_dags/example_trigger_controller_dag.py
[2024-07-15T15:56:50.111+0000] {logging_mixin.py:188} INFO - [2024-07-15T15:56:50.110+0000] {dag.py:3096} INFO - Sync 1 DAGs
[2024-07-15T15:56:50.139+0000] {logging_mixin.py:188} INFO - [2024-07-15T15:56:50.138+0000] {dag.py:3954} INFO - Setting next_dagrun for example_trigger_controller_dag to 2021-01-01 00:00:00+00:00, run_after=2021-01-01 00:00:00+00:00
[2024-07-15T15:56:50.167+0000] {processor.py:183} INFO - Processing /home/airflow/.local/lib/python3.11/site-packages/airflow/example_dags/example_trigger_controller_dag.py took 0.111 seconds
[2024-07-15T15:56:55.993+0000] {processor.py:161} INFO - Started process (PID=26701) to work on /home/airflow/.local/lib/python3.11/site-packages/airflow/example_dags/example_trigger_controller_dag.py
[2024-07-15T15:56:55.995+0000] {processor.py:830} INFO - Processing file /home/airflow/.local/lib/python3.11/site-packages/airflow/example_dags/example_trigger_controller_dag.py for tasks to queue
[2024-07-15T15:56:55.997+0000] {logging_mixin.py:188} INFO - [2024-07-15T15:56:55.997+0000] {dagbag.py:545} INFO - Filling up the DagBag from /home/airflow/.local/lib/python3.11/site-packages/airflow/example_dags/example_trigger_controller_dag.py
[2024-07-15T15:56:56.003+0000] {processor.py:840} INFO - DAG(s) 'example_trigger_controller_dag' retrieved from /home/airflow/.local/lib/python3.11/site-packages/airflow/example_dags/example_trigger_controller_dag.py
[2024-07-15T15:56:56.029+0000] {logging_mixin.py:188} INFO - [2024-07-15T15:56:56.029+0000] {dag.py:3096} INFO - Sync 1 DAGs
[2024-07-15T15:56:56.059+0000] {logging_mixin.py:188} INFO - [2024-07-15T15:56:56.059+0000] {dag.py:3954} INFO - Setting next_dagrun for example_trigger_controller_dag to 2021-01-01 00:00:00+00:00, run_after=2021-01-01 00:00:00+00:00
[2024-07-15T15:56:56.086+0000] {processor.py:183} INFO - Processing /home/airflow/.local/lib/python3.11/site-packages/airflow/example_dags/example_trigger_controller_dag.py took 0.101 seconds
