[2024-07-15T15:49:06.802+0000] {processor.py:161} INFO - Started process (PID=22634) to work on /home/airflow/.local/lib/python3.11/site-packages/airflow/example_dags/example_display_name.py
[2024-07-15T15:49:06.813+0000] {processor.py:830} INFO - Processing file /home/airflow/.local/lib/python3.11/site-packages/airflow/example_dags/example_display_name.py for tasks to queue
[2024-07-15T15:49:06.817+0000] {logging_mixin.py:188} INFO - [2024-07-15T15:49:06.817+0000] {dagbag.py:545} INFO - Filling up the DagBag from /home/airflow/.local/lib/python3.11/site-packages/airflow/example_dags/example_display_name.py
[2024-07-15T15:49:06.837+0000] {processor.py:840} INFO - DAG(s) 'example_display_name' retrieved from /home/airflow/.local/lib/python3.11/site-packages/airflow/example_dags/example_display_name.py
[2024-07-15T15:49:06.885+0000] {logging_mixin.py:188} INFO - [2024-07-15T15:49:06.884+0000] {dag.py:3096} INFO - Sync 1 DAGs
[2024-07-15T15:49:06.923+0000] {logging_mixin.py:188} INFO - [2024-07-15T15:49:06.923+0000] {dag.py:3954} INFO - Setting next_dagrun for example_display_name to None, run_after=None
[2024-07-15T15:49:06.979+0000] {processor.py:183} INFO - Processing /home/airflow/.local/lib/python3.11/site-packages/airflow/example_dags/example_display_name.py took 0.201 seconds
[2024-07-15T15:49:14.563+0000] {processor.py:161} INFO - Started process (PID=22686) to work on /home/airflow/.local/lib/python3.11/site-packages/airflow/example_dags/example_display_name.py
[2024-07-15T15:49:14.565+0000] {processor.py:830} INFO - Processing file /home/airflow/.local/lib/python3.11/site-packages/airflow/example_dags/example_display_name.py for tasks to queue
[2024-07-15T15:49:14.569+0000] {logging_mixin.py:188} INFO - [2024-07-15T15:49:14.568+0000] {dagbag.py:545} INFO - Filling up the DagBag from /home/airflow/.local/lib/python3.11/site-packages/airflow/example_dags/example_display_name.py
[2024-07-15T15:49:14.585+0000] {processor.py:840} INFO - DAG(s) 'example_display_name' retrieved from /home/airflow/.local/lib/python3.11/site-packages/airflow/example_dags/example_display_name.py
[2024-07-15T15:49:14.625+0000] {logging_mixin.py:188} INFO - [2024-07-15T15:49:14.624+0000] {dag.py:3096} INFO - Sync 1 DAGs
[2024-07-15T15:49:14.650+0000] {logging_mixin.py:188} INFO - [2024-07-15T15:49:14.649+0000] {dag.py:3954} INFO - Setting next_dagrun for example_display_name to None, run_after=None
[2024-07-15T15:49:14.684+0000] {processor.py:183} INFO - Processing /home/airflow/.local/lib/python3.11/site-packages/airflow/example_dags/example_display_name.py took 0.135 seconds
[2024-07-15T15:49:23.216+0000] {processor.py:161} INFO - Started process (PID=22745) to work on /home/airflow/.local/lib/python3.11/site-packages/airflow/example_dags/example_display_name.py
[2024-07-15T15:49:23.218+0000] {processor.py:830} INFO - Processing file /home/airflow/.local/lib/python3.11/site-packages/airflow/example_dags/example_display_name.py for tasks to queue
[2024-07-15T15:49:23.222+0000] {logging_mixin.py:188} INFO - [2024-07-15T15:49:23.221+0000] {dagbag.py:545} INFO - Filling up the DagBag from /home/airflow/.local/lib/python3.11/site-packages/airflow/example_dags/example_display_name.py
[2024-07-15T15:49:23.234+0000] {processor.py:840} INFO - DAG(s) 'example_display_name' retrieved from /home/airflow/.local/lib/python3.11/site-packages/airflow/example_dags/example_display_name.py
[2024-07-15T15:49:23.270+0000] {logging_mixin.py:188} INFO - [2024-07-15T15:49:23.269+0000] {dag.py:3096} INFO - Sync 1 DAGs
[2024-07-15T15:49:23.296+0000] {logging_mixin.py:188} INFO - [2024-07-15T15:49:23.296+0000] {dag.py:3954} INFO - Setting next_dagrun for example_display_name to None, run_after=None
[2024-07-15T15:49:23.326+0000] {processor.py:183} INFO - Processing /home/airflow/.local/lib/python3.11/site-packages/airflow/example_dags/example_display_name.py took 0.121 seconds
[2024-07-15T15:49:30.595+0000] {processor.py:161} INFO - Started process (PID=22797) to work on /home/airflow/.local/lib/python3.11/site-packages/airflow/example_dags/example_display_name.py
[2024-07-15T15:49:30.597+0000] {processor.py:830} INFO - Processing file /home/airflow/.local/lib/python3.11/site-packages/airflow/example_dags/example_display_name.py for tasks to queue
[2024-07-15T15:49:30.603+0000] {logging_mixin.py:188} INFO - [2024-07-15T15:49:30.602+0000] {dagbag.py:545} INFO - Filling up the DagBag from /home/airflow/.local/lib/python3.11/site-packages/airflow/example_dags/example_display_name.py
[2024-07-15T15:49:30.614+0000] {processor.py:840} INFO - DAG(s) 'example_display_name' retrieved from /home/airflow/.local/lib/python3.11/site-packages/airflow/example_dags/example_display_name.py
[2024-07-15T15:49:30.650+0000] {logging_mixin.py:188} INFO - [2024-07-15T15:49:30.650+0000] {dag.py:3096} INFO - Sync 1 DAGs
[2024-07-15T15:49:30.670+0000] {logging_mixin.py:188} INFO - [2024-07-15T15:49:30.669+0000] {dag.py:3954} INFO - Setting next_dagrun for example_display_name to None, run_after=None
[2024-07-15T15:49:30.729+0000] {processor.py:183} INFO - Processing /home/airflow/.local/lib/python3.11/site-packages/airflow/example_dags/example_display_name.py took 0.145 seconds
[2024-07-15T15:49:37.869+0000] {processor.py:161} INFO - Started process (PID=22850) to work on /home/airflow/.local/lib/python3.11/site-packages/airflow/example_dags/example_display_name.py
[2024-07-15T15:49:37.871+0000] {processor.py:830} INFO - Processing file /home/airflow/.local/lib/python3.11/site-packages/airflow/example_dags/example_display_name.py for tasks to queue
[2024-07-15T15:49:37.874+0000] {logging_mixin.py:188} INFO - [2024-07-15T15:49:37.873+0000] {dagbag.py:545} INFO - Filling up the DagBag from /home/airflow/.local/lib/python3.11/site-packages/airflow/example_dags/example_display_name.py
[2024-07-15T15:49:37.882+0000] {processor.py:840} INFO - DAG(s) 'example_display_name' retrieved from /home/airflow/.local/lib/python3.11/site-packages/airflow/example_dags/example_display_name.py
[2024-07-15T15:49:37.909+0000] {logging_mixin.py:188} INFO - [2024-07-15T15:49:37.909+0000] {dag.py:3096} INFO - Sync 1 DAGs
[2024-07-15T15:49:37.928+0000] {logging_mixin.py:188} INFO - [2024-07-15T15:49:37.927+0000] {dag.py:3954} INFO - Setting next_dagrun for example_display_name to None, run_after=None
[2024-07-15T15:49:37.956+0000] {processor.py:183} INFO - Processing /home/airflow/.local/lib/python3.11/site-packages/airflow/example_dags/example_display_name.py took 0.095 seconds
[2024-07-15T15:49:45.234+0000] {processor.py:161} INFO - Started process (PID=22902) to work on /home/airflow/.local/lib/python3.11/site-packages/airflow/example_dags/example_display_name.py
[2024-07-15T15:49:45.236+0000] {processor.py:830} INFO - Processing file /home/airflow/.local/lib/python3.11/site-packages/airflow/example_dags/example_display_name.py for tasks to queue
[2024-07-15T15:49:45.239+0000] {logging_mixin.py:188} INFO - [2024-07-15T15:49:45.239+0000] {dagbag.py:545} INFO - Filling up the DagBag from /home/airflow/.local/lib/python3.11/site-packages/airflow/example_dags/example_display_name.py
[2024-07-15T15:49:45.252+0000] {processor.py:840} INFO - DAG(s) 'example_display_name' retrieved from /home/airflow/.local/lib/python3.11/site-packages/airflow/example_dags/example_display_name.py
[2024-07-15T15:49:45.287+0000] {logging_mixin.py:188} INFO - [2024-07-15T15:49:45.287+0000] {dag.py:3096} INFO - Sync 1 DAGs
[2024-07-15T15:49:45.323+0000] {logging_mixin.py:188} INFO - [2024-07-15T15:49:45.323+0000] {dag.py:3954} INFO - Setting next_dagrun for example_display_name to None, run_after=None
[2024-07-15T15:49:45.364+0000] {processor.py:183} INFO - Processing /home/airflow/.local/lib/python3.11/site-packages/airflow/example_dags/example_display_name.py took 0.140 seconds
[2024-07-15T15:49:52.142+0000] {processor.py:161} INFO - Started process (PID=22962) to work on /home/airflow/.local/lib/python3.11/site-packages/airflow/example_dags/example_display_name.py
[2024-07-15T15:49:52.144+0000] {processor.py:830} INFO - Processing file /home/airflow/.local/lib/python3.11/site-packages/airflow/example_dags/example_display_name.py for tasks to queue
[2024-07-15T15:49:52.147+0000] {logging_mixin.py:188} INFO - [2024-07-15T15:49:52.147+0000] {dagbag.py:545} INFO - Filling up the DagBag from /home/airflow/.local/lib/python3.11/site-packages/airflow/example_dags/example_display_name.py
[2024-07-15T15:49:52.160+0000] {processor.py:840} INFO - DAG(s) 'example_display_name' retrieved from /home/airflow/.local/lib/python3.11/site-packages/airflow/example_dags/example_display_name.py
[2024-07-15T15:49:52.194+0000] {logging_mixin.py:188} INFO - [2024-07-15T15:49:52.194+0000] {dag.py:3096} INFO - Sync 1 DAGs
[2024-07-15T15:49:52.215+0000] {logging_mixin.py:188} INFO - [2024-07-15T15:49:52.214+0000] {dag.py:3954} INFO - Setting next_dagrun for example_display_name to None, run_after=None
[2024-07-15T15:49:52.249+0000] {processor.py:183} INFO - Processing /home/airflow/.local/lib/python3.11/site-packages/airflow/example_dags/example_display_name.py took 0.117 seconds
[2024-07-15T15:49:59.231+0000] {processor.py:161} INFO - Started process (PID=23014) to work on /home/airflow/.local/lib/python3.11/site-packages/airflow/example_dags/example_display_name.py
[2024-07-15T15:49:59.233+0000] {processor.py:830} INFO - Processing file /home/airflow/.local/lib/python3.11/site-packages/airflow/example_dags/example_display_name.py for tasks to queue
[2024-07-15T15:49:59.235+0000] {logging_mixin.py:188} INFO - [2024-07-15T15:49:59.235+0000] {dagbag.py:545} INFO - Filling up the DagBag from /home/airflow/.local/lib/python3.11/site-packages/airflow/example_dags/example_display_name.py
[2024-07-15T15:49:59.246+0000] {processor.py:840} INFO - DAG(s) 'example_display_name' retrieved from /home/airflow/.local/lib/python3.11/site-packages/airflow/example_dags/example_display_name.py
[2024-07-15T15:49:59.272+0000] {logging_mixin.py:188} INFO - [2024-07-15T15:49:59.272+0000] {dag.py:3096} INFO - Sync 1 DAGs
[2024-07-15T15:49:59.290+0000] {logging_mixin.py:188} INFO - [2024-07-15T15:49:59.289+0000] {dag.py:3954} INFO - Setting next_dagrun for example_display_name to None, run_after=None
[2024-07-15T15:49:59.318+0000] {processor.py:183} INFO - Processing /home/airflow/.local/lib/python3.11/site-packages/airflow/example_dags/example_display_name.py took 0.097 seconds
[2024-07-15T15:50:05.068+0000] {processor.py:161} INFO - Started process (PID=23067) to work on /home/airflow/.local/lib/python3.11/site-packages/airflow/example_dags/example_display_name.py
[2024-07-15T15:50:05.069+0000] {processor.py:830} INFO - Processing file /home/airflow/.local/lib/python3.11/site-packages/airflow/example_dags/example_display_name.py for tasks to queue
[2024-07-15T15:50:05.072+0000] {logging_mixin.py:188} INFO - [2024-07-15T15:50:05.071+0000] {dagbag.py:545} INFO - Filling up the DagBag from /home/airflow/.local/lib/python3.11/site-packages/airflow/example_dags/example_display_name.py
[2024-07-15T15:50:05.079+0000] {processor.py:840} INFO - DAG(s) 'example_display_name' retrieved from /home/airflow/.local/lib/python3.11/site-packages/airflow/example_dags/example_display_name.py
[2024-07-15T15:50:05.103+0000] {logging_mixin.py:188} INFO - [2024-07-15T15:50:05.103+0000] {dag.py:3096} INFO - Sync 1 DAGs
[2024-07-15T15:50:05.117+0000] {logging_mixin.py:188} INFO - [2024-07-15T15:50:05.116+0000] {dag.py:3954} INFO - Setting next_dagrun for example_display_name to None, run_after=None
[2024-07-15T15:50:05.142+0000] {processor.py:183} INFO - Processing /home/airflow/.local/lib/python3.11/site-packages/airflow/example_dags/example_display_name.py took 0.081 seconds
[2024-07-15T15:50:10.716+0000] {processor.py:161} INFO - Started process (PID=23119) to work on /home/airflow/.local/lib/python3.11/site-packages/airflow/example_dags/example_display_name.py
[2024-07-15T15:50:10.717+0000] {processor.py:830} INFO - Processing file /home/airflow/.local/lib/python3.11/site-packages/airflow/example_dags/example_display_name.py for tasks to queue
[2024-07-15T15:50:10.726+0000] {logging_mixin.py:188} INFO - [2024-07-15T15:50:10.721+0000] {dagbag.py:545} INFO - Filling up the DagBag from /home/airflow/.local/lib/python3.11/site-packages/airflow/example_dags/example_display_name.py
[2024-07-15T15:50:10.758+0000] {processor.py:840} INFO - DAG(s) 'example_display_name' retrieved from /home/airflow/.local/lib/python3.11/site-packages/airflow/example_dags/example_display_name.py
[2024-07-15T15:50:10.785+0000] {logging_mixin.py:188} INFO - [2024-07-15T15:50:10.785+0000] {dag.py:3096} INFO - Sync 1 DAGs
[2024-07-15T15:50:10.825+0000] {logging_mixin.py:188} INFO - [2024-07-15T15:50:10.825+0000] {dag.py:3954} INFO - Setting next_dagrun for example_display_name to None, run_after=None
[2024-07-15T15:50:10.868+0000] {processor.py:183} INFO - Processing /home/airflow/.local/lib/python3.11/site-packages/airflow/example_dags/example_display_name.py took 0.160 seconds
[2024-07-15T15:50:17.288+0000] {processor.py:161} INFO - Started process (PID=23172) to work on /home/airflow/.local/lib/python3.11/site-packages/airflow/example_dags/example_display_name.py
[2024-07-15T15:50:17.290+0000] {processor.py:830} INFO - Processing file /home/airflow/.local/lib/python3.11/site-packages/airflow/example_dags/example_display_name.py for tasks to queue
[2024-07-15T15:50:17.292+0000] {logging_mixin.py:188} INFO - [2024-07-15T15:50:17.292+0000] {dagbag.py:545} INFO - Filling up the DagBag from /home/airflow/.local/lib/python3.11/site-packages/airflow/example_dags/example_display_name.py
[2024-07-15T15:50:17.299+0000] {processor.py:840} INFO - DAG(s) 'example_display_name' retrieved from /home/airflow/.local/lib/python3.11/site-packages/airflow/example_dags/example_display_name.py
[2024-07-15T15:50:17.322+0000] {logging_mixin.py:188} INFO - [2024-07-15T15:50:17.322+0000] {dag.py:3096} INFO - Sync 1 DAGs
[2024-07-15T15:50:17.336+0000] {logging_mixin.py:188} INFO - [2024-07-15T15:50:17.336+0000] {dag.py:3954} INFO - Setting next_dagrun for example_display_name to None, run_after=None
[2024-07-15T15:50:17.376+0000] {processor.py:183} INFO - Processing /home/airflow/.local/lib/python3.11/site-packages/airflow/example_dags/example_display_name.py took 0.095 seconds
[2024-07-15T15:50:22.407+0000] {processor.py:161} INFO - Started process (PID=23232) to work on /home/airflow/.local/lib/python3.11/site-packages/airflow/example_dags/example_display_name.py
[2024-07-15T15:50:22.408+0000] {processor.py:830} INFO - Processing file /home/airflow/.local/lib/python3.11/site-packages/airflow/example_dags/example_display_name.py for tasks to queue
[2024-07-15T15:50:22.411+0000] {logging_mixin.py:188} INFO - [2024-07-15T15:50:22.411+0000] {dagbag.py:545} INFO - Filling up the DagBag from /home/airflow/.local/lib/python3.11/site-packages/airflow/example_dags/example_display_name.py
[2024-07-15T15:50:22.419+0000] {processor.py:840} INFO - DAG(s) 'example_display_name' retrieved from /home/airflow/.local/lib/python3.11/site-packages/airflow/example_dags/example_display_name.py
[2024-07-15T15:50:22.442+0000] {logging_mixin.py:188} INFO - [2024-07-15T15:50:22.441+0000] {dag.py:3096} INFO - Sync 1 DAGs
[2024-07-15T15:50:22.456+0000] {logging_mixin.py:188} INFO - [2024-07-15T15:50:22.455+0000] {dag.py:3954} INFO - Setting next_dagrun for example_display_name to None, run_after=None
[2024-07-15T15:50:22.478+0000] {processor.py:183} INFO - Processing /home/airflow/.local/lib/python3.11/site-packages/airflow/example_dags/example_display_name.py took 0.078 seconds
[2024-07-15T15:50:27.982+0000] {processor.py:161} INFO - Started process (PID=23284) to work on /home/airflow/.local/lib/python3.11/site-packages/airflow/example_dags/example_display_name.py
[2024-07-15T15:50:27.983+0000] {processor.py:830} INFO - Processing file /home/airflow/.local/lib/python3.11/site-packages/airflow/example_dags/example_display_name.py for tasks to queue
[2024-07-15T15:50:27.986+0000] {logging_mixin.py:188} INFO - [2024-07-15T15:50:27.985+0000] {dagbag.py:545} INFO - Filling up the DagBag from /home/airflow/.local/lib/python3.11/site-packages/airflow/example_dags/example_display_name.py
[2024-07-15T15:50:27.993+0000] {processor.py:840} INFO - DAG(s) 'example_display_name' retrieved from /home/airflow/.local/lib/python3.11/site-packages/airflow/example_dags/example_display_name.py
[2024-07-15T15:50:28.052+0000] {logging_mixin.py:188} INFO - [2024-07-15T15:50:28.051+0000] {dag.py:3096} INFO - Sync 1 DAGs
[2024-07-15T15:50:28.071+0000] {logging_mixin.py:188} INFO - [2024-07-15T15:50:28.070+0000] {dag.py:3954} INFO - Setting next_dagrun for example_display_name to None, run_after=None
[2024-07-15T15:50:28.121+0000] {processor.py:183} INFO - Processing /home/airflow/.local/lib/python3.11/site-packages/airflow/example_dags/example_display_name.py took 0.147 seconds
[2024-07-15T15:50:33.185+0000] {processor.py:161} INFO - Started process (PID=23338) to work on /home/airflow/.local/lib/python3.11/site-packages/airflow/example_dags/example_display_name.py
[2024-07-15T15:50:33.187+0000] {processor.py:830} INFO - Processing file /home/airflow/.local/lib/python3.11/site-packages/airflow/example_dags/example_display_name.py for tasks to queue
[2024-07-15T15:50:33.189+0000] {logging_mixin.py:188} INFO - [2024-07-15T15:50:33.189+0000] {dagbag.py:545} INFO - Filling up the DagBag from /home/airflow/.local/lib/python3.11/site-packages/airflow/example_dags/example_display_name.py
[2024-07-15T15:50:33.197+0000] {processor.py:840} INFO - DAG(s) 'example_display_name' retrieved from /home/airflow/.local/lib/python3.11/site-packages/airflow/example_dags/example_display_name.py
[2024-07-15T15:50:33.222+0000] {logging_mixin.py:188} INFO - [2024-07-15T15:50:33.222+0000] {dag.py:3096} INFO - Sync 1 DAGs
[2024-07-15T15:50:33.268+0000] {logging_mixin.py:188} INFO - [2024-07-15T15:50:33.268+0000] {dag.py:3954} INFO - Setting next_dagrun for example_display_name to None, run_after=None
[2024-07-15T15:50:33.293+0000] {processor.py:183} INFO - Processing /home/airflow/.local/lib/python3.11/site-packages/airflow/example_dags/example_display_name.py took 0.116 seconds
[2024-07-15T15:50:38.653+0000] {processor.py:161} INFO - Started process (PID=23390) to work on /home/airflow/.local/lib/python3.11/site-packages/airflow/example_dags/example_display_name.py
[2024-07-15T15:50:38.654+0000] {processor.py:830} INFO - Processing file /home/airflow/.local/lib/python3.11/site-packages/airflow/example_dags/example_display_name.py for tasks to queue
[2024-07-15T15:50:38.656+0000] {logging_mixin.py:188} INFO - [2024-07-15T15:50:38.656+0000] {dagbag.py:545} INFO - Filling up the DagBag from /home/airflow/.local/lib/python3.11/site-packages/airflow/example_dags/example_display_name.py
[2024-07-15T15:50:38.663+0000] {processor.py:840} INFO - DAG(s) 'example_display_name' retrieved from /home/airflow/.local/lib/python3.11/site-packages/airflow/example_dags/example_display_name.py
[2024-07-15T15:50:38.687+0000] {logging_mixin.py:188} INFO - [2024-07-15T15:50:38.687+0000] {dag.py:3096} INFO - Sync 1 DAGs
[2024-07-15T15:50:38.701+0000] {logging_mixin.py:188} INFO - [2024-07-15T15:50:38.701+0000] {dag.py:3954} INFO - Setting next_dagrun for example_display_name to None, run_after=None
[2024-07-15T15:50:38.747+0000] {processor.py:183} INFO - Processing /home/airflow/.local/lib/python3.11/site-packages/airflow/example_dags/example_display_name.py took 0.102 seconds
[2024-07-15T15:50:44.703+0000] {processor.py:161} INFO - Started process (PID=23443) to work on /home/airflow/.local/lib/python3.11/site-packages/airflow/example_dags/example_display_name.py
[2024-07-15T15:50:44.704+0000] {processor.py:830} INFO - Processing file /home/airflow/.local/lib/python3.11/site-packages/airflow/example_dags/example_display_name.py for tasks to queue
[2024-07-15T15:50:44.707+0000] {logging_mixin.py:188} INFO - [2024-07-15T15:50:44.706+0000] {dagbag.py:545} INFO - Filling up the DagBag from /home/airflow/.local/lib/python3.11/site-packages/airflow/example_dags/example_display_name.py
[2024-07-15T15:50:44.715+0000] {processor.py:840} INFO - DAG(s) 'example_display_name' retrieved from /home/airflow/.local/lib/python3.11/site-packages/airflow/example_dags/example_display_name.py
[2024-07-15T15:50:44.767+0000] {logging_mixin.py:188} INFO - [2024-07-15T15:50:44.767+0000] {dag.py:3096} INFO - Sync 1 DAGs
[2024-07-15T15:50:44.803+0000] {logging_mixin.py:188} INFO - [2024-07-15T15:50:44.802+0000] {dag.py:3954} INFO - Setting next_dagrun for example_display_name to None, run_after=None
[2024-07-15T15:50:44.837+0000] {processor.py:183} INFO - Processing /home/airflow/.local/lib/python3.11/site-packages/airflow/example_dags/example_display_name.py took 0.145 seconds
[2024-07-15T15:50:49.703+0000] {processor.py:161} INFO - Started process (PID=23495) to work on /home/airflow/.local/lib/python3.11/site-packages/airflow/example_dags/example_display_name.py
[2024-07-15T15:50:49.704+0000] {processor.py:830} INFO - Processing file /home/airflow/.local/lib/python3.11/site-packages/airflow/example_dags/example_display_name.py for tasks to queue
[2024-07-15T15:50:49.707+0000] {logging_mixin.py:188} INFO - [2024-07-15T15:50:49.706+0000] {dagbag.py:545} INFO - Filling up the DagBag from /home/airflow/.local/lib/python3.11/site-packages/airflow/example_dags/example_display_name.py
[2024-07-15T15:50:49.714+0000] {processor.py:840} INFO - DAG(s) 'example_display_name' retrieved from /home/airflow/.local/lib/python3.11/site-packages/airflow/example_dags/example_display_name.py
[2024-07-15T15:50:49.737+0000] {logging_mixin.py:188} INFO - [2024-07-15T15:50:49.737+0000] {dag.py:3096} INFO - Sync 1 DAGs
[2024-07-15T15:50:49.751+0000] {logging_mixin.py:188} INFO - [2024-07-15T15:50:49.751+0000] {dag.py:3954} INFO - Setting next_dagrun for example_display_name to None, run_after=None
[2024-07-15T15:50:49.795+0000] {processor.py:183} INFO - Processing /home/airflow/.local/lib/python3.11/site-packages/airflow/example_dags/example_display_name.py took 0.099 seconds
[2024-07-15T15:50:54.977+0000] {processor.py:161} INFO - Started process (PID=23555) to work on /home/airflow/.local/lib/python3.11/site-packages/airflow/example_dags/example_display_name.py
[2024-07-15T15:50:54.978+0000] {processor.py:830} INFO - Processing file /home/airflow/.local/lib/python3.11/site-packages/airflow/example_dags/example_display_name.py for tasks to queue
[2024-07-15T15:50:54.980+0000] {logging_mixin.py:188} INFO - [2024-07-15T15:50:54.980+0000] {dagbag.py:545} INFO - Filling up the DagBag from /home/airflow/.local/lib/python3.11/site-packages/airflow/example_dags/example_display_name.py
[2024-07-15T15:50:54.988+0000] {processor.py:840} INFO - DAG(s) 'example_display_name' retrieved from /home/airflow/.local/lib/python3.11/site-packages/airflow/example_dags/example_display_name.py
[2024-07-15T15:50:55.010+0000] {logging_mixin.py:188} INFO - [2024-07-15T15:50:55.009+0000] {dag.py:3096} INFO - Sync 1 DAGs
[2024-07-15T15:50:55.038+0000] {logging_mixin.py:188} INFO - [2024-07-15T15:50:55.038+0000] {dag.py:3954} INFO - Setting next_dagrun for example_display_name to None, run_after=None
[2024-07-15T15:50:55.069+0000] {processor.py:183} INFO - Processing /home/airflow/.local/lib/python3.11/site-packages/airflow/example_dags/example_display_name.py took 0.102 seconds
[2024-07-15T15:51:00.496+0000] {processor.py:161} INFO - Started process (PID=23607) to work on /home/airflow/.local/lib/python3.11/site-packages/airflow/example_dags/example_display_name.py
[2024-07-15T15:51:00.497+0000] {processor.py:830} INFO - Processing file /home/airflow/.local/lib/python3.11/site-packages/airflow/example_dags/example_display_name.py for tasks to queue
[2024-07-15T15:51:00.499+0000] {logging_mixin.py:188} INFO - [2024-07-15T15:51:00.499+0000] {dagbag.py:545} INFO - Filling up the DagBag from /home/airflow/.local/lib/python3.11/site-packages/airflow/example_dags/example_display_name.py
[2024-07-15T15:51:00.507+0000] {processor.py:840} INFO - DAG(s) 'example_display_name' retrieved from /home/airflow/.local/lib/python3.11/site-packages/airflow/example_dags/example_display_name.py
[2024-07-15T15:51:00.537+0000] {logging_mixin.py:188} INFO - [2024-07-15T15:51:00.536+0000] {dag.py:3096} INFO - Sync 1 DAGs
[2024-07-15T15:51:00.557+0000] {logging_mixin.py:188} INFO - [2024-07-15T15:51:00.557+0000] {dag.py:3954} INFO - Setting next_dagrun for example_display_name to None, run_after=None
[2024-07-15T15:51:00.582+0000] {processor.py:183} INFO - Processing /home/airflow/.local/lib/python3.11/site-packages/airflow/example_dags/example_display_name.py took 0.093 seconds
[2024-07-15T15:51:05.297+0000] {processor.py:161} INFO - Started process (PID=23660) to work on /home/airflow/.local/lib/python3.11/site-packages/airflow/example_dags/example_display_name.py
[2024-07-15T15:51:05.298+0000] {processor.py:830} INFO - Processing file /home/airflow/.local/lib/python3.11/site-packages/airflow/example_dags/example_display_name.py for tasks to queue
[2024-07-15T15:51:05.301+0000] {logging_mixin.py:188} INFO - [2024-07-15T15:51:05.300+0000] {dagbag.py:545} INFO - Filling up the DagBag from /home/airflow/.local/lib/python3.11/site-packages/airflow/example_dags/example_display_name.py
[2024-07-15T15:51:05.307+0000] {processor.py:840} INFO - DAG(s) 'example_display_name' retrieved from /home/airflow/.local/lib/python3.11/site-packages/airflow/example_dags/example_display_name.py
[2024-07-15T15:51:05.332+0000] {logging_mixin.py:188} INFO - [2024-07-15T15:51:05.332+0000] {dag.py:3096} INFO - Sync 1 DAGs
[2024-07-15T15:51:05.348+0000] {logging_mixin.py:188} INFO - [2024-07-15T15:51:05.347+0000] {dag.py:3954} INFO - Setting next_dagrun for example_display_name to None, run_after=None
[2024-07-15T15:51:05.376+0000] {processor.py:183} INFO - Processing /home/airflow/.local/lib/python3.11/site-packages/airflow/example_dags/example_display_name.py took 0.086 seconds
[2024-07-15T15:51:10.700+0000] {processor.py:161} INFO - Started process (PID=23712) to work on /home/airflow/.local/lib/python3.11/site-packages/airflow/example_dags/example_display_name.py
[2024-07-15T15:51:10.701+0000] {processor.py:830} INFO - Processing file /home/airflow/.local/lib/python3.11/site-packages/airflow/example_dags/example_display_name.py for tasks to queue
[2024-07-15T15:51:10.704+0000] {logging_mixin.py:188} INFO - [2024-07-15T15:51:10.703+0000] {dagbag.py:545} INFO - Filling up the DagBag from /home/airflow/.local/lib/python3.11/site-packages/airflow/example_dags/example_display_name.py
[2024-07-15T15:51:10.713+0000] {processor.py:840} INFO - DAG(s) 'example_display_name' retrieved from /home/airflow/.local/lib/python3.11/site-packages/airflow/example_dags/example_display_name.py
[2024-07-15T15:51:10.741+0000] {logging_mixin.py:188} INFO - [2024-07-15T15:51:10.740+0000] {dag.py:3096} INFO - Sync 1 DAGs
[2024-07-15T15:51:10.763+0000] {logging_mixin.py:188} INFO - [2024-07-15T15:51:10.763+0000] {dag.py:3954} INFO - Setting next_dagrun for example_display_name to None, run_after=None
[2024-07-15T15:51:10.794+0000] {processor.py:183} INFO - Processing /home/airflow/.local/lib/python3.11/site-packages/airflow/example_dags/example_display_name.py took 0.103 seconds
[2024-07-15T15:51:15.432+0000] {processor.py:161} INFO - Started process (PID=23765) to work on /home/airflow/.local/lib/python3.11/site-packages/airflow/example_dags/example_display_name.py
[2024-07-15T15:51:15.434+0000] {processor.py:830} INFO - Processing file /home/airflow/.local/lib/python3.11/site-packages/airflow/example_dags/example_display_name.py for tasks to queue
[2024-07-15T15:51:15.436+0000] {logging_mixin.py:188} INFO - [2024-07-15T15:51:15.436+0000] {dagbag.py:545} INFO - Filling up the DagBag from /home/airflow/.local/lib/python3.11/site-packages/airflow/example_dags/example_display_name.py
[2024-07-15T15:51:15.444+0000] {processor.py:840} INFO - DAG(s) 'example_display_name' retrieved from /home/airflow/.local/lib/python3.11/site-packages/airflow/example_dags/example_display_name.py
[2024-07-15T15:51:15.466+0000] {logging_mixin.py:188} INFO - [2024-07-15T15:51:15.466+0000] {dag.py:3096} INFO - Sync 1 DAGs
[2024-07-15T15:51:15.480+0000] {logging_mixin.py:188} INFO - [2024-07-15T15:51:15.480+0000] {dag.py:3954} INFO - Setting next_dagrun for example_display_name to None, run_after=None
[2024-07-15T15:51:15.503+0000] {processor.py:183} INFO - Processing /home/airflow/.local/lib/python3.11/site-packages/airflow/example_dags/example_display_name.py took 0.080 seconds
[2024-07-15T15:51:20.406+0000] {processor.py:161} INFO - Started process (PID=23817) to work on /home/airflow/.local/lib/python3.11/site-packages/airflow/example_dags/example_display_name.py
[2024-07-15T15:51:20.407+0000] {processor.py:830} INFO - Processing file /home/airflow/.local/lib/python3.11/site-packages/airflow/example_dags/example_display_name.py for tasks to queue
[2024-07-15T15:51:20.410+0000] {logging_mixin.py:188} INFO - [2024-07-15T15:51:20.410+0000] {dagbag.py:545} INFO - Filling up the DagBag from /home/airflow/.local/lib/python3.11/site-packages/airflow/example_dags/example_display_name.py
[2024-07-15T15:51:20.419+0000] {processor.py:840} INFO - DAG(s) 'example_display_name' retrieved from /home/airflow/.local/lib/python3.11/site-packages/airflow/example_dags/example_display_name.py
[2024-07-15T15:51:20.448+0000] {logging_mixin.py:188} INFO - [2024-07-15T15:51:20.447+0000] {dag.py:3096} INFO - Sync 1 DAGs
[2024-07-15T15:51:20.467+0000] {logging_mixin.py:188} INFO - [2024-07-15T15:51:20.466+0000] {dag.py:3954} INFO - Setting next_dagrun for example_display_name to None, run_after=None
[2024-07-15T15:51:20.497+0000] {processor.py:183} INFO - Processing /home/airflow/.local/lib/python3.11/site-packages/airflow/example_dags/example_display_name.py took 0.105 seconds
