[2024-07-15T15:48:57.566+0000] {processor.py:161} INFO - Started process (PID=22611) to work on /home/airflow/.local/lib/python3.11/site-packages/airflow/example_dags/example_task_group.py
[2024-07-15T15:48:57.573+0000] {processor.py:830} INFO - Processing file /home/airflow/.local/lib/python3.11/site-packages/airflow/example_dags/example_task_group.py for tasks to queue
[2024-07-15T15:48:57.577+0000] {logging_mixin.py:188} INFO - [2024-07-15T15:48:57.577+0000] {dagbag.py:545} INFO - Filling up the DagBag from /home/airflow/.local/lib/python3.11/site-packages/airflow/example_dags/example_task_group.py
[2024-07-15T15:48:57.607+0000] {processor.py:840} INFO - DAG(s) 'example_task_group' retrieved from /home/airflow/.local/lib/python3.11/site-packages/airflow/example_dags/example_task_group.py
[2024-07-15T15:48:57.746+0000] {logging_mixin.py:188} INFO - [2024-07-15T15:48:57.746+0000] {dag.py:3096} INFO - Sync 1 DAGs
[2024-07-15T15:48:57.914+0000] {logging_mixin.py:188} INFO - [2024-07-15T15:48:57.913+0000] {dag.py:3954} INFO - Setting next_dagrun for example_task_group to 2024-07-14 00:00:00+00:00, run_after=2024-07-15 00:00:00+00:00
[2024-07-15T15:48:57.998+0000] {processor.py:183} INFO - Processing /home/airflow/.local/lib/python3.11/site-packages/airflow/example_dags/example_task_group.py took 0.459 seconds
[2024-07-15T15:49:11.769+0000] {processor.py:161} INFO - Started process (PID=22665) to work on /home/airflow/.local/lib/python3.11/site-packages/airflow/example_dags/example_task_group.py
[2024-07-15T15:49:11.771+0000] {processor.py:830} INFO - Processing file /home/airflow/.local/lib/python3.11/site-packages/airflow/example_dags/example_task_group.py for tasks to queue
[2024-07-15T15:49:11.773+0000] {logging_mixin.py:188} INFO - [2024-07-15T15:49:11.773+0000] {dagbag.py:545} INFO - Filling up the DagBag from /home/airflow/.local/lib/python3.11/site-packages/airflow/example_dags/example_task_group.py
[2024-07-15T15:49:11.785+0000] {processor.py:840} INFO - DAG(s) 'example_task_group' retrieved from /home/airflow/.local/lib/python3.11/site-packages/airflow/example_dags/example_task_group.py
[2024-07-15T15:49:11.822+0000] {logging_mixin.py:188} INFO - [2024-07-15T15:49:11.822+0000] {dag.py:3096} INFO - Sync 1 DAGs
[2024-07-15T15:49:11.857+0000] {logging_mixin.py:188} INFO - [2024-07-15T15:49:11.856+0000] {dag.py:3954} INFO - Setting next_dagrun for example_task_group to 2024-07-14 00:00:00+00:00, run_after=2024-07-15 00:00:00+00:00
[2024-07-15T15:49:11.889+0000] {processor.py:183} INFO - Processing /home/airflow/.local/lib/python3.11/site-packages/airflow/example_dags/example_task_group.py took 0.130 seconds
[2024-07-15T15:49:19.055+0000] {processor.py:161} INFO - Started process (PID=22717) to work on /home/airflow/.local/lib/python3.11/site-packages/airflow/example_dags/example_task_group.py
[2024-07-15T15:49:19.057+0000] {processor.py:830} INFO - Processing file /home/airflow/.local/lib/python3.11/site-packages/airflow/example_dags/example_task_group.py for tasks to queue
[2024-07-15T15:49:19.061+0000] {logging_mixin.py:188} INFO - [2024-07-15T15:49:19.061+0000] {dagbag.py:545} INFO - Filling up the DagBag from /home/airflow/.local/lib/python3.11/site-packages/airflow/example_dags/example_task_group.py
[2024-07-15T15:49:19.080+0000] {processor.py:840} INFO - DAG(s) 'example_task_group' retrieved from /home/airflow/.local/lib/python3.11/site-packages/airflow/example_dags/example_task_group.py
[2024-07-15T15:49:19.140+0000] {logging_mixin.py:188} INFO - [2024-07-15T15:49:19.139+0000] {dag.py:3096} INFO - Sync 1 DAGs
[2024-07-15T15:49:19.191+0000] {logging_mixin.py:188} INFO - [2024-07-15T15:49:19.191+0000] {dag.py:3954} INFO - Setting next_dagrun for example_task_group to 2024-07-14 00:00:00+00:00, run_after=2024-07-15 00:00:00+00:00
[2024-07-15T15:49:19.236+0000] {processor.py:183} INFO - Processing /home/airflow/.local/lib/python3.11/site-packages/airflow/example_dags/example_task_group.py took 0.205 seconds
[2024-07-15T15:49:27.518+0000] {processor.py:161} INFO - Started process (PID=22776) to work on /home/airflow/.local/lib/python3.11/site-packages/airflow/example_dags/example_task_group.py
[2024-07-15T15:49:27.520+0000] {processor.py:830} INFO - Processing file /home/airflow/.local/lib/python3.11/site-packages/airflow/example_dags/example_task_group.py for tasks to queue
[2024-07-15T15:49:27.523+0000] {logging_mixin.py:188} INFO - [2024-07-15T15:49:27.523+0000] {dagbag.py:545} INFO - Filling up the DagBag from /home/airflow/.local/lib/python3.11/site-packages/airflow/example_dags/example_task_group.py
[2024-07-15T15:49:27.540+0000] {processor.py:840} INFO - DAG(s) 'example_task_group' retrieved from /home/airflow/.local/lib/python3.11/site-packages/airflow/example_dags/example_task_group.py
[2024-07-15T15:49:27.581+0000] {logging_mixin.py:188} INFO - [2024-07-15T15:49:27.580+0000] {dag.py:3096} INFO - Sync 1 DAGs
[2024-07-15T15:49:27.618+0000] {logging_mixin.py:188} INFO - [2024-07-15T15:49:27.618+0000] {dag.py:3954} INFO - Setting next_dagrun for example_task_group to 2024-07-14 00:00:00+00:00, run_after=2024-07-15 00:00:00+00:00
[2024-07-15T15:49:27.650+0000] {processor.py:183} INFO - Processing /home/airflow/.local/lib/python3.11/site-packages/airflow/example_dags/example_task_group.py took 0.145 seconds
[2024-07-15T15:49:35.249+0000] {processor.py:161} INFO - Started process (PID=22828) to work on /home/airflow/.local/lib/python3.11/site-packages/airflow/example_dags/example_task_group.py
[2024-07-15T15:49:35.251+0000] {processor.py:830} INFO - Processing file /home/airflow/.local/lib/python3.11/site-packages/airflow/example_dags/example_task_group.py for tasks to queue
[2024-07-15T15:49:35.254+0000] {logging_mixin.py:188} INFO - [2024-07-15T15:49:35.253+0000] {dagbag.py:545} INFO - Filling up the DagBag from /home/airflow/.local/lib/python3.11/site-packages/airflow/example_dags/example_task_group.py
[2024-07-15T15:49:35.266+0000] {processor.py:840} INFO - DAG(s) 'example_task_group' retrieved from /home/airflow/.local/lib/python3.11/site-packages/airflow/example_dags/example_task_group.py
[2024-07-15T15:49:35.306+0000] {logging_mixin.py:188} INFO - [2024-07-15T15:49:35.305+0000] {dag.py:3096} INFO - Sync 1 DAGs
[2024-07-15T15:49:35.340+0000] {logging_mixin.py:188} INFO - [2024-07-15T15:49:35.340+0000] {dag.py:3954} INFO - Setting next_dagrun for example_task_group to 2024-07-14 00:00:00+00:00, run_after=2024-07-15 00:00:00+00:00
[2024-07-15T15:49:35.370+0000] {processor.py:183} INFO - Processing /home/airflow/.local/lib/python3.11/site-packages/airflow/example_dags/example_task_group.py took 0.131 seconds
[2024-07-15T15:49:43.017+0000] {processor.py:161} INFO - Started process (PID=22881) to work on /home/airflow/.local/lib/python3.11/site-packages/airflow/example_dags/example_task_group.py
[2024-07-15T15:49:43.019+0000] {processor.py:830} INFO - Processing file /home/airflow/.local/lib/python3.11/site-packages/airflow/example_dags/example_task_group.py for tasks to queue
[2024-07-15T15:49:43.023+0000] {logging_mixin.py:188} INFO - [2024-07-15T15:49:43.022+0000] {dagbag.py:545} INFO - Filling up the DagBag from /home/airflow/.local/lib/python3.11/site-packages/airflow/example_dags/example_task_group.py
[2024-07-15T15:49:43.036+0000] {processor.py:840} INFO - DAG(s) 'example_task_group' retrieved from /home/airflow/.local/lib/python3.11/site-packages/airflow/example_dags/example_task_group.py
[2024-07-15T15:49:43.072+0000] {logging_mixin.py:188} INFO - [2024-07-15T15:49:43.071+0000] {dag.py:3096} INFO - Sync 1 DAGs
[2024-07-15T15:49:43.104+0000] {logging_mixin.py:188} INFO - [2024-07-15T15:49:43.104+0000] {dag.py:3954} INFO - Setting next_dagrun for example_task_group to 2024-07-14 00:00:00+00:00, run_after=2024-07-15 00:00:00+00:00
[2024-07-15T15:49:43.130+0000] {processor.py:183} INFO - Processing /home/airflow/.local/lib/python3.11/site-packages/airflow/example_dags/example_task_group.py took 0.125 seconds
[2024-07-15T15:49:49.160+0000] {processor.py:161} INFO - Started process (PID=22933) to work on /home/airflow/.local/lib/python3.11/site-packages/airflow/example_dags/example_task_group.py
[2024-07-15T15:49:49.162+0000] {processor.py:830} INFO - Processing file /home/airflow/.local/lib/python3.11/site-packages/airflow/example_dags/example_task_group.py for tasks to queue
[2024-07-15T15:49:49.166+0000] {logging_mixin.py:188} INFO - [2024-07-15T15:49:49.165+0000] {dagbag.py:545} INFO - Filling up the DagBag from /home/airflow/.local/lib/python3.11/site-packages/airflow/example_dags/example_task_group.py
[2024-07-15T15:49:49.183+0000] {processor.py:840} INFO - DAG(s) 'example_task_group' retrieved from /home/airflow/.local/lib/python3.11/site-packages/airflow/example_dags/example_task_group.py
[2024-07-15T15:49:49.219+0000] {logging_mixin.py:188} INFO - [2024-07-15T15:49:49.219+0000] {dag.py:3096} INFO - Sync 1 DAGs
[2024-07-15T15:49:49.261+0000] {logging_mixin.py:188} INFO - [2024-07-15T15:49:49.261+0000] {dag.py:3954} INFO - Setting next_dagrun for example_task_group to 2024-07-14 00:00:00+00:00, run_after=2024-07-15 00:00:00+00:00
[2024-07-15T15:49:49.294+0000] {processor.py:183} INFO - Processing /home/airflow/.local/lib/python3.11/site-packages/airflow/example_dags/example_task_group.py took 0.145 seconds
[2024-07-15T15:49:55.879+0000] {processor.py:161} INFO - Started process (PID=22993) to work on /home/airflow/.local/lib/python3.11/site-packages/airflow/example_dags/example_task_group.py
[2024-07-15T15:49:55.884+0000] {processor.py:830} INFO - Processing file /home/airflow/.local/lib/python3.11/site-packages/airflow/example_dags/example_task_group.py for tasks to queue
[2024-07-15T15:49:55.888+0000] {logging_mixin.py:188} INFO - [2024-07-15T15:49:55.887+0000] {dagbag.py:545} INFO - Filling up the DagBag from /home/airflow/.local/lib/python3.11/site-packages/airflow/example_dags/example_task_group.py
[2024-07-15T15:49:55.910+0000] {processor.py:840} INFO - DAG(s) 'example_task_group' retrieved from /home/airflow/.local/lib/python3.11/site-packages/airflow/example_dags/example_task_group.py
[2024-07-15T15:49:55.965+0000] {logging_mixin.py:188} INFO - [2024-07-15T15:49:55.964+0000] {dag.py:3096} INFO - Sync 1 DAGs
[2024-07-15T15:49:56.022+0000] {logging_mixin.py:188} INFO - [2024-07-15T15:49:56.021+0000] {dag.py:3954} INFO - Setting next_dagrun for example_task_group to 2024-07-14 00:00:00+00:00, run_after=2024-07-15 00:00:00+00:00
[2024-07-15T15:49:56.076+0000] {processor.py:183} INFO - Processing /home/airflow/.local/lib/python3.11/site-packages/airflow/example_dags/example_task_group.py took 0.219 seconds
[2024-07-15T15:50:02.700+0000] {processor.py:161} INFO - Started process (PID=23045) to work on /home/airflow/.local/lib/python3.11/site-packages/airflow/example_dags/example_task_group.py
[2024-07-15T15:50:02.702+0000] {processor.py:830} INFO - Processing file /home/airflow/.local/lib/python3.11/site-packages/airflow/example_dags/example_task_group.py for tasks to queue
[2024-07-15T15:50:02.705+0000] {logging_mixin.py:188} INFO - [2024-07-15T15:50:02.705+0000] {dagbag.py:545} INFO - Filling up the DagBag from /home/airflow/.local/lib/python3.11/site-packages/airflow/example_dags/example_task_group.py
[2024-07-15T15:50:02.717+0000] {processor.py:840} INFO - DAG(s) 'example_task_group' retrieved from /home/airflow/.local/lib/python3.11/site-packages/airflow/example_dags/example_task_group.py
[2024-07-15T15:50:02.749+0000] {logging_mixin.py:188} INFO - [2024-07-15T15:50:02.748+0000] {dag.py:3096} INFO - Sync 1 DAGs
[2024-07-15T15:50:02.777+0000] {logging_mixin.py:188} INFO - [2024-07-15T15:50:02.776+0000] {dag.py:3954} INFO - Setting next_dagrun for example_task_group to 2024-07-14 00:00:00+00:00, run_after=2024-07-15 00:00:00+00:00
[2024-07-15T15:50:02.800+0000] {processor.py:183} INFO - Processing /home/airflow/.local/lib/python3.11/site-packages/airflow/example_dags/example_task_group.py took 0.109 seconds
[2024-07-15T15:50:08.324+0000] {processor.py:161} INFO - Started process (PID=23098) to work on /home/airflow/.local/lib/python3.11/site-packages/airflow/example_dags/example_task_group.py
[2024-07-15T15:50:08.326+0000] {processor.py:830} INFO - Processing file /home/airflow/.local/lib/python3.11/site-packages/airflow/example_dags/example_task_group.py for tasks to queue
[2024-07-15T15:50:08.328+0000] {logging_mixin.py:188} INFO - [2024-07-15T15:50:08.328+0000] {dagbag.py:545} INFO - Filling up the DagBag from /home/airflow/.local/lib/python3.11/site-packages/airflow/example_dags/example_task_group.py
[2024-07-15T15:50:08.336+0000] {processor.py:840} INFO - DAG(s) 'example_task_group' retrieved from /home/airflow/.local/lib/python3.11/site-packages/airflow/example_dags/example_task_group.py
[2024-07-15T15:50:08.363+0000] {logging_mixin.py:188} INFO - [2024-07-15T15:50:08.363+0000] {dag.py:3096} INFO - Sync 1 DAGs
[2024-07-15T15:50:08.387+0000] {logging_mixin.py:188} INFO - [2024-07-15T15:50:08.386+0000] {dag.py:3954} INFO - Setting next_dagrun for example_task_group to 2024-07-14 00:00:00+00:00, run_after=2024-07-15 00:00:00+00:00
[2024-07-15T15:50:08.409+0000] {processor.py:183} INFO - Processing /home/airflow/.local/lib/python3.11/site-packages/airflow/example_dags/example_task_group.py took 0.093 seconds
[2024-07-15T15:50:14.235+0000] {processor.py:161} INFO - Started process (PID=23150) to work on /home/airflow/.local/lib/python3.11/site-packages/airflow/example_dags/example_task_group.py
[2024-07-15T15:50:14.238+0000] {processor.py:830} INFO - Processing file /home/airflow/.local/lib/python3.11/site-packages/airflow/example_dags/example_task_group.py for tasks to queue
[2024-07-15T15:50:14.243+0000] {logging_mixin.py:188} INFO - [2024-07-15T15:50:14.242+0000] {dagbag.py:545} INFO - Filling up the DagBag from /home/airflow/.local/lib/python3.11/site-packages/airflow/example_dags/example_task_group.py
[2024-07-15T15:50:14.255+0000] {processor.py:840} INFO - DAG(s) 'example_task_group' retrieved from /home/airflow/.local/lib/python3.11/site-packages/airflow/example_dags/example_task_group.py
[2024-07-15T15:50:14.320+0000] {logging_mixin.py:188} INFO - [2024-07-15T15:50:14.320+0000] {dag.py:3096} INFO - Sync 1 DAGs
[2024-07-15T15:50:14.353+0000] {logging_mixin.py:188} INFO - [2024-07-15T15:50:14.352+0000] {dag.py:3954} INFO - Setting next_dagrun for example_task_group to 2024-07-14 00:00:00+00:00, run_after=2024-07-15 00:00:00+00:00
[2024-07-15T15:50:14.406+0000] {processor.py:183} INFO - Processing /home/airflow/.local/lib/python3.11/site-packages/airflow/example_dags/example_task_group.py took 0.204 seconds
[2024-07-15T15:50:20.135+0000] {processor.py:161} INFO - Started process (PID=23203) to work on /home/airflow/.local/lib/python3.11/site-packages/airflow/example_dags/example_task_group.py
[2024-07-15T15:50:20.136+0000] {processor.py:830} INFO - Processing file /home/airflow/.local/lib/python3.11/site-packages/airflow/example_dags/example_task_group.py for tasks to queue
[2024-07-15T15:50:20.139+0000] {logging_mixin.py:188} INFO - [2024-07-15T15:50:20.138+0000] {dagbag.py:545} INFO - Filling up the DagBag from /home/airflow/.local/lib/python3.11/site-packages/airflow/example_dags/example_task_group.py
[2024-07-15T15:50:20.148+0000] {processor.py:840} INFO - DAG(s) 'example_task_group' retrieved from /home/airflow/.local/lib/python3.11/site-packages/airflow/example_dags/example_task_group.py
[2024-07-15T15:50:20.174+0000] {logging_mixin.py:188} INFO - [2024-07-15T15:50:20.174+0000] {dag.py:3096} INFO - Sync 1 DAGs
[2024-07-15T15:50:20.198+0000] {logging_mixin.py:188} INFO - [2024-07-15T15:50:20.198+0000] {dag.py:3954} INFO - Setting next_dagrun for example_task_group to 2024-07-14 00:00:00+00:00, run_after=2024-07-15 00:00:00+00:00
[2024-07-15T15:50:20.220+0000] {processor.py:183} INFO - Processing /home/airflow/.local/lib/python3.11/site-packages/airflow/example_dags/example_task_group.py took 0.093 seconds
[2024-07-15T15:50:25.154+0000] {processor.py:161} INFO - Started process (PID=23263) to work on /home/airflow/.local/lib/python3.11/site-packages/airflow/example_dags/example_task_group.py
[2024-07-15T15:50:25.156+0000] {processor.py:830} INFO - Processing file /home/airflow/.local/lib/python3.11/site-packages/airflow/example_dags/example_task_group.py for tasks to queue
[2024-07-15T15:50:25.159+0000] {logging_mixin.py:188} INFO - [2024-07-15T15:50:25.158+0000] {dagbag.py:545} INFO - Filling up the DagBag from /home/airflow/.local/lib/python3.11/site-packages/airflow/example_dags/example_task_group.py
[2024-07-15T15:50:25.231+0000] {processor.py:840} INFO - DAG(s) 'example_task_group' retrieved from /home/airflow/.local/lib/python3.11/site-packages/airflow/example_dags/example_task_group.py
[2024-07-15T15:50:25.275+0000] {logging_mixin.py:188} INFO - [2024-07-15T15:50:25.275+0000] {dag.py:3096} INFO - Sync 1 DAGs
[2024-07-15T15:50:25.329+0000] {logging_mixin.py:188} INFO - [2024-07-15T15:50:25.328+0000] {dag.py:3954} INFO - Setting next_dagrun for example_task_group to 2024-07-14 00:00:00+00:00, run_after=2024-07-15 00:00:00+00:00
[2024-07-15T15:50:25.352+0000] {processor.py:183} INFO - Processing /home/airflow/.local/lib/python3.11/site-packages/airflow/example_dags/example_task_group.py took 0.205 seconds
[2024-07-15T15:50:30.795+0000] {processor.py:161} INFO - Started process (PID=23315) to work on /home/airflow/.local/lib/python3.11/site-packages/airflow/example_dags/example_task_group.py
[2024-07-15T15:50:30.797+0000] {processor.py:830} INFO - Processing file /home/airflow/.local/lib/python3.11/site-packages/airflow/example_dags/example_task_group.py for tasks to queue
[2024-07-15T15:50:30.800+0000] {logging_mixin.py:188} INFO - [2024-07-15T15:50:30.799+0000] {dagbag.py:545} INFO - Filling up the DagBag from /home/airflow/.local/lib/python3.11/site-packages/airflow/example_dags/example_task_group.py
[2024-07-15T15:50:30.808+0000] {processor.py:840} INFO - DAG(s) 'example_task_group' retrieved from /home/airflow/.local/lib/python3.11/site-packages/airflow/example_dags/example_task_group.py
[2024-07-15T15:50:30.833+0000] {logging_mixin.py:188} INFO - [2024-07-15T15:50:30.833+0000] {dag.py:3096} INFO - Sync 1 DAGs
[2024-07-15T15:50:30.857+0000] {logging_mixin.py:188} INFO - [2024-07-15T15:50:30.857+0000] {dag.py:3954} INFO - Setting next_dagrun for example_task_group to 2024-07-14 00:00:00+00:00, run_after=2024-07-15 00:00:00+00:00
[2024-07-15T15:50:30.899+0000] {processor.py:183} INFO - Processing /home/airflow/.local/lib/python3.11/site-packages/airflow/example_dags/example_task_group.py took 0.111 seconds
[2024-07-15T15:50:36.415+0000] {processor.py:161} INFO - Started process (PID=23369) to work on /home/airflow/.local/lib/python3.11/site-packages/airflow/example_dags/example_task_group.py
[2024-07-15T15:50:36.416+0000] {processor.py:830} INFO - Processing file /home/airflow/.local/lib/python3.11/site-packages/airflow/example_dags/example_task_group.py for tasks to queue
[2024-07-15T15:50:36.419+0000] {logging_mixin.py:188} INFO - [2024-07-15T15:50:36.418+0000] {dagbag.py:545} INFO - Filling up the DagBag from /home/airflow/.local/lib/python3.11/site-packages/airflow/example_dags/example_task_group.py
[2024-07-15T15:50:36.429+0000] {processor.py:840} INFO - DAG(s) 'example_task_group' retrieved from /home/airflow/.local/lib/python3.11/site-packages/airflow/example_dags/example_task_group.py
[2024-07-15T15:50:36.459+0000] {logging_mixin.py:188} INFO - [2024-07-15T15:50:36.458+0000] {dag.py:3096} INFO - Sync 1 DAGs
[2024-07-15T15:50:36.486+0000] {logging_mixin.py:188} INFO - [2024-07-15T15:50:36.486+0000] {dag.py:3954} INFO - Setting next_dagrun for example_task_group to 2024-07-14 00:00:00+00:00, run_after=2024-07-15 00:00:00+00:00
[2024-07-15T15:50:36.509+0000] {processor.py:183} INFO - Processing /home/airflow/.local/lib/python3.11/site-packages/airflow/example_dags/example_task_group.py took 0.103 seconds
[2024-07-15T15:50:41.671+0000] {processor.py:161} INFO - Started process (PID=23421) to work on /home/airflow/.local/lib/python3.11/site-packages/airflow/example_dags/example_task_group.py
[2024-07-15T15:50:41.673+0000] {processor.py:830} INFO - Processing file /home/airflow/.local/lib/python3.11/site-packages/airflow/example_dags/example_task_group.py for tasks to queue
[2024-07-15T15:50:41.676+0000] {logging_mixin.py:188} INFO - [2024-07-15T15:50:41.675+0000] {dagbag.py:545} INFO - Filling up the DagBag from /home/airflow/.local/lib/python3.11/site-packages/airflow/example_dags/example_task_group.py
[2024-07-15T15:50:41.692+0000] {processor.py:840} INFO - DAG(s) 'example_task_group' retrieved from /home/airflow/.local/lib/python3.11/site-packages/airflow/example_dags/example_task_group.py
[2024-07-15T15:50:41.732+0000] {logging_mixin.py:188} INFO - [2024-07-15T15:50:41.732+0000] {dag.py:3096} INFO - Sync 1 DAGs
[2024-07-15T15:50:41.769+0000] {logging_mixin.py:188} INFO - [2024-07-15T15:50:41.768+0000] {dag.py:3954} INFO - Setting next_dagrun for example_task_group to 2024-07-14 00:00:00+00:00, run_after=2024-07-15 00:00:00+00:00
[2024-07-15T15:50:41.796+0000] {processor.py:183} INFO - Processing /home/airflow/.local/lib/python3.11/site-packages/airflow/example_dags/example_task_group.py took 0.138 seconds
[2024-07-15T15:50:47.797+0000] {processor.py:161} INFO - Started process (PID=23474) to work on /home/airflow/.local/lib/python3.11/site-packages/airflow/example_dags/example_task_group.py
[2024-07-15T15:50:47.798+0000] {processor.py:830} INFO - Processing file /home/airflow/.local/lib/python3.11/site-packages/airflow/example_dags/example_task_group.py for tasks to queue
[2024-07-15T15:50:47.801+0000] {logging_mixin.py:188} INFO - [2024-07-15T15:50:47.800+0000] {dagbag.py:545} INFO - Filling up the DagBag from /home/airflow/.local/lib/python3.11/site-packages/airflow/example_dags/example_task_group.py
[2024-07-15T15:50:47.809+0000] {processor.py:840} INFO - DAG(s) 'example_task_group' retrieved from /home/airflow/.local/lib/python3.11/site-packages/airflow/example_dags/example_task_group.py
[2024-07-15T15:50:47.836+0000] {logging_mixin.py:188} INFO - [2024-07-15T15:50:47.836+0000] {dag.py:3096} INFO - Sync 1 DAGs
[2024-07-15T15:50:47.860+0000] {logging_mixin.py:188} INFO - [2024-07-15T15:50:47.860+0000] {dag.py:3954} INFO - Setting next_dagrun for example_task_group to 2024-07-14 00:00:00+00:00, run_after=2024-07-15 00:00:00+00:00
[2024-07-15T15:50:47.883+0000] {processor.py:183} INFO - Processing /home/airflow/.local/lib/python3.11/site-packages/airflow/example_dags/example_task_group.py took 0.094 seconds
[2024-07-15T15:50:52.488+0000] {processor.py:161} INFO - Started process (PID=23532) to work on /home/airflow/.local/lib/python3.11/site-packages/airflow/example_dags/example_task_group.py
[2024-07-15T15:50:52.489+0000] {processor.py:830} INFO - Processing file /home/airflow/.local/lib/python3.11/site-packages/airflow/example_dags/example_task_group.py for tasks to queue
[2024-07-15T15:50:52.492+0000] {logging_mixin.py:188} INFO - [2024-07-15T15:50:52.491+0000] {dagbag.py:545} INFO - Filling up the DagBag from /home/airflow/.local/lib/python3.11/site-packages/airflow/example_dags/example_task_group.py
[2024-07-15T15:50:52.501+0000] {processor.py:840} INFO - DAG(s) 'example_task_group' retrieved from /home/airflow/.local/lib/python3.11/site-packages/airflow/example_dags/example_task_group.py
[2024-07-15T15:50:52.528+0000] {logging_mixin.py:188} INFO - [2024-07-15T15:50:52.528+0000] {dag.py:3096} INFO - Sync 1 DAGs
[2024-07-15T15:50:52.552+0000] {logging_mixin.py:188} INFO - [2024-07-15T15:50:52.552+0000] {dag.py:3954} INFO - Setting next_dagrun for example_task_group to 2024-07-14 00:00:00+00:00, run_after=2024-07-15 00:00:00+00:00
[2024-07-15T15:50:52.582+0000] {processor.py:183} INFO - Processing /home/airflow/.local/lib/python3.11/site-packages/airflow/example_dags/example_task_group.py took 0.101 seconds
[2024-07-15T15:50:58.186+0000] {processor.py:161} INFO - Started process (PID=23586) to work on /home/airflow/.local/lib/python3.11/site-packages/airflow/example_dags/example_task_group.py
[2024-07-15T15:50:58.187+0000] {processor.py:830} INFO - Processing file /home/airflow/.local/lib/python3.11/site-packages/airflow/example_dags/example_task_group.py for tasks to queue
[2024-07-15T15:50:58.190+0000] {logging_mixin.py:188} INFO - [2024-07-15T15:50:58.189+0000] {dagbag.py:545} INFO - Filling up the DagBag from /home/airflow/.local/lib/python3.11/site-packages/airflow/example_dags/example_task_group.py
[2024-07-15T15:50:58.200+0000] {processor.py:840} INFO - DAG(s) 'example_task_group' retrieved from /home/airflow/.local/lib/python3.11/site-packages/airflow/example_dags/example_task_group.py
[2024-07-15T15:50:58.224+0000] {logging_mixin.py:188} INFO - [2024-07-15T15:50:58.223+0000] {dag.py:3096} INFO - Sync 1 DAGs
[2024-07-15T15:50:58.270+0000] {logging_mixin.py:188} INFO - [2024-07-15T15:50:58.269+0000] {dag.py:3954} INFO - Setting next_dagrun for example_task_group to 2024-07-14 00:00:00+00:00, run_after=2024-07-15 00:00:00+00:00
[2024-07-15T15:50:58.302+0000] {processor.py:183} INFO - Processing /home/airflow/.local/lib/python3.11/site-packages/airflow/example_dags/example_task_group.py took 0.127 seconds
[2024-07-15T15:51:03.336+0000] {processor.py:161} INFO - Started process (PID=23638) to work on /home/airflow/.local/lib/python3.11/site-packages/airflow/example_dags/example_task_group.py
[2024-07-15T15:51:03.337+0000] {processor.py:830} INFO - Processing file /home/airflow/.local/lib/python3.11/site-packages/airflow/example_dags/example_task_group.py for tasks to queue
[2024-07-15T15:51:03.339+0000] {logging_mixin.py:188} INFO - [2024-07-15T15:51:03.339+0000] {dagbag.py:545} INFO - Filling up the DagBag from /home/airflow/.local/lib/python3.11/site-packages/airflow/example_dags/example_task_group.py
[2024-07-15T15:51:03.348+0000] {processor.py:840} INFO - DAG(s) 'example_task_group' retrieved from /home/airflow/.local/lib/python3.11/site-packages/airflow/example_dags/example_task_group.py
[2024-07-15T15:51:03.375+0000] {logging_mixin.py:188} INFO - [2024-07-15T15:51:03.375+0000] {dag.py:3096} INFO - Sync 1 DAGs
[2024-07-15T15:51:03.402+0000] {logging_mixin.py:188} INFO - [2024-07-15T15:51:03.402+0000] {dag.py:3954} INFO - Setting next_dagrun for example_task_group to 2024-07-14 00:00:00+00:00, run_after=2024-07-15 00:00:00+00:00
[2024-07-15T15:51:03.424+0000] {processor.py:183} INFO - Processing /home/airflow/.local/lib/python3.11/site-packages/airflow/example_dags/example_task_group.py took 0.096 seconds
[2024-07-15T15:51:08.382+0000] {processor.py:161} INFO - Started process (PID=23691) to work on /home/airflow/.local/lib/python3.11/site-packages/airflow/example_dags/example_task_group.py
[2024-07-15T15:51:08.384+0000] {processor.py:830} INFO - Processing file /home/airflow/.local/lib/python3.11/site-packages/airflow/example_dags/example_task_group.py for tasks to queue
[2024-07-15T15:51:08.387+0000] {logging_mixin.py:188} INFO - [2024-07-15T15:51:08.386+0000] {dagbag.py:545} INFO - Filling up the DagBag from /home/airflow/.local/lib/python3.11/site-packages/airflow/example_dags/example_task_group.py
[2024-07-15T15:51:08.401+0000] {processor.py:840} INFO - DAG(s) 'example_task_group' retrieved from /home/airflow/.local/lib/python3.11/site-packages/airflow/example_dags/example_task_group.py
[2024-07-15T15:51:08.454+0000] {logging_mixin.py:188} INFO - [2024-07-15T15:51:08.454+0000] {dag.py:3096} INFO - Sync 1 DAGs
[2024-07-15T15:51:08.492+0000] {logging_mixin.py:188} INFO - [2024-07-15T15:51:08.492+0000] {dag.py:3954} INFO - Setting next_dagrun for example_task_group to 2024-07-14 00:00:00+00:00, run_after=2024-07-15 00:00:00+00:00
[2024-07-15T15:51:08.524+0000] {processor.py:183} INFO - Processing /home/airflow/.local/lib/python3.11/site-packages/airflow/example_dags/example_task_group.py took 0.153 seconds
[2024-07-15T15:51:13.561+0000] {processor.py:161} INFO - Started process (PID=23743) to work on /home/airflow/.local/lib/python3.11/site-packages/airflow/example_dags/example_task_group.py
[2024-07-15T15:51:13.563+0000] {processor.py:830} INFO - Processing file /home/airflow/.local/lib/python3.11/site-packages/airflow/example_dags/example_task_group.py for tasks to queue
[2024-07-15T15:51:13.565+0000] {logging_mixin.py:188} INFO - [2024-07-15T15:51:13.564+0000] {dagbag.py:545} INFO - Filling up the DagBag from /home/airflow/.local/lib/python3.11/site-packages/airflow/example_dags/example_task_group.py
[2024-07-15T15:51:13.574+0000] {processor.py:840} INFO - DAG(s) 'example_task_group' retrieved from /home/airflow/.local/lib/python3.11/site-packages/airflow/example_dags/example_task_group.py
[2024-07-15T15:51:13.601+0000] {logging_mixin.py:188} INFO - [2024-07-15T15:51:13.601+0000] {dag.py:3096} INFO - Sync 1 DAGs
[2024-07-15T15:51:13.628+0000] {logging_mixin.py:188} INFO - [2024-07-15T15:51:13.628+0000] {dag.py:3954} INFO - Setting next_dagrun for example_task_group to 2024-07-14 00:00:00+00:00, run_after=2024-07-15 00:00:00+00:00
[2024-07-15T15:51:13.656+0000] {processor.py:183} INFO - Processing /home/airflow/.local/lib/python3.11/site-packages/airflow/example_dags/example_task_group.py took 0.104 seconds
[2024-07-15T15:51:17.864+0000] {processor.py:161} INFO - Started process (PID=23796) to work on /home/airflow/.local/lib/python3.11/site-packages/airflow/example_dags/example_task_group.py
[2024-07-15T15:51:17.866+0000] {processor.py:830} INFO - Processing file /home/airflow/.local/lib/python3.11/site-packages/airflow/example_dags/example_task_group.py for tasks to queue
[2024-07-15T15:51:17.868+0000] {logging_mixin.py:188} INFO - [2024-07-15T15:51:17.867+0000] {dagbag.py:545} INFO - Filling up the DagBag from /home/airflow/.local/lib/python3.11/site-packages/airflow/example_dags/example_task_group.py
[2024-07-15T15:51:17.877+0000] {processor.py:840} INFO - DAG(s) 'example_task_group' retrieved from /home/airflow/.local/lib/python3.11/site-packages/airflow/example_dags/example_task_group.py
[2024-07-15T15:51:17.903+0000] {logging_mixin.py:188} INFO - [2024-07-15T15:51:17.903+0000] {dag.py:3096} INFO - Sync 1 DAGs
[2024-07-15T15:51:17.928+0000] {logging_mixin.py:188} INFO - [2024-07-15T15:51:17.928+0000] {dag.py:3954} INFO - Setting next_dagrun for example_task_group to 2024-07-14 00:00:00+00:00, run_after=2024-07-15 00:00:00+00:00
[2024-07-15T15:51:17.953+0000] {processor.py:183} INFO - Processing /home/airflow/.local/lib/python3.11/site-packages/airflow/example_dags/example_task_group.py took 0.097 seconds
[2024-07-15T15:51:23.769+0000] {processor.py:161} INFO - Started process (PID=23854) to work on /home/airflow/.local/lib/python3.11/site-packages/airflow/example_dags/example_task_group.py
[2024-07-15T15:51:23.770+0000] {processor.py:830} INFO - Processing file /home/airflow/.local/lib/python3.11/site-packages/airflow/example_dags/example_task_group.py for tasks to queue
[2024-07-15T15:51:23.772+0000] {logging_mixin.py:188} INFO - [2024-07-15T15:51:23.772+0000] {dagbag.py:545} INFO - Filling up the DagBag from /home/airflow/.local/lib/python3.11/site-packages/airflow/example_dags/example_task_group.py
[2024-07-15T15:51:23.782+0000] {processor.py:840} INFO - DAG(s) 'example_task_group' retrieved from /home/airflow/.local/lib/python3.11/site-packages/airflow/example_dags/example_task_group.py
[2024-07-15T15:51:23.810+0000] {logging_mixin.py:188} INFO - [2024-07-15T15:51:23.810+0000] {dag.py:3096} INFO - Sync 1 DAGs
[2024-07-15T15:51:23.836+0000] {logging_mixin.py:188} INFO - [2024-07-15T15:51:23.836+0000] {dag.py:3954} INFO - Setting next_dagrun for example_task_group to 2024-07-14 00:00:00+00:00, run_after=2024-07-15 00:00:00+00:00
[2024-07-15T15:51:23.857+0000] {processor.py:183} INFO - Processing /home/airflow/.local/lib/python3.11/site-packages/airflow/example_dags/example_task_group.py took 0.099 seconds
[2024-07-15T15:52:56.459+0000] {processor.py:161} INFO - Started process (PID=24821) to work on /home/airflow/.local/lib/python3.11/site-packages/airflow/example_dags/example_task_group.py
[2024-07-15T15:52:56.461+0000] {processor.py:830} INFO - Processing file /home/airflow/.local/lib/python3.11/site-packages/airflow/example_dags/example_task_group.py for tasks to queue
[2024-07-15T15:52:56.464+0000] {logging_mixin.py:188} INFO - [2024-07-15T15:52:56.464+0000] {dagbag.py:545} INFO - Filling up the DagBag from /home/airflow/.local/lib/python3.11/site-packages/airflow/example_dags/example_task_group.py
[2024-07-15T15:52:56.485+0000] {processor.py:840} INFO - DAG(s) 'example_task_group' retrieved from /home/airflow/.local/lib/python3.11/site-packages/airflow/example_dags/example_task_group.py
[2024-07-15T15:52:56.569+0000] {logging_mixin.py:188} INFO - [2024-07-15T15:52:56.568+0000] {dag.py:3096} INFO - Sync 1 DAGs
[2024-07-15T15:52:56.671+0000] {logging_mixin.py:188} INFO - [2024-07-15T15:52:56.670+0000] {dag.py:3954} INFO - Setting next_dagrun for example_task_group to 2024-07-14 00:00:00+00:00, run_after=2024-07-15 00:00:00+00:00
[2024-07-15T15:52:56.713+0000] {processor.py:183} INFO - Processing /home/airflow/.local/lib/python3.11/site-packages/airflow/example_dags/example_task_group.py took 0.266 seconds
[2024-07-15T15:53:05.581+0000] {processor.py:161} INFO - Started process (PID=24874) to work on /home/airflow/.local/lib/python3.11/site-packages/airflow/example_dags/example_task_group.py
[2024-07-15T15:53:05.583+0000] {processor.py:830} INFO - Processing file /home/airflow/.local/lib/python3.11/site-packages/airflow/example_dags/example_task_group.py for tasks to queue
[2024-07-15T15:53:05.585+0000] {logging_mixin.py:188} INFO - [2024-07-15T15:53:05.585+0000] {dagbag.py:545} INFO - Filling up the DagBag from /home/airflow/.local/lib/python3.11/site-packages/airflow/example_dags/example_task_group.py
[2024-07-15T15:53:05.595+0000] {processor.py:840} INFO - DAG(s) 'example_task_group' retrieved from /home/airflow/.local/lib/python3.11/site-packages/airflow/example_dags/example_task_group.py
[2024-07-15T15:53:05.626+0000] {logging_mixin.py:188} INFO - [2024-07-15T15:53:05.626+0000] {dag.py:3096} INFO - Sync 1 DAGs
[2024-07-15T15:53:05.661+0000] {logging_mixin.py:188} INFO - [2024-07-15T15:53:05.661+0000] {dag.py:3954} INFO - Setting next_dagrun for example_task_group to 2024-07-14 00:00:00+00:00, run_after=2024-07-15 00:00:00+00:00
[2024-07-15T15:53:05.690+0000] {processor.py:183} INFO - Processing /home/airflow/.local/lib/python3.11/site-packages/airflow/example_dags/example_task_group.py took 0.116 seconds
[2024-07-15T15:53:10.530+0000] {processor.py:161} INFO - Started process (PID=24926) to work on /home/airflow/.local/lib/python3.11/site-packages/airflow/example_dags/example_task_group.py
[2024-07-15T15:53:10.532+0000] {processor.py:830} INFO - Processing file /home/airflow/.local/lib/python3.11/site-packages/airflow/example_dags/example_task_group.py for tasks to queue
[2024-07-15T15:53:10.534+0000] {logging_mixin.py:188} INFO - [2024-07-15T15:53:10.534+0000] {dagbag.py:545} INFO - Filling up the DagBag from /home/airflow/.local/lib/python3.11/site-packages/airflow/example_dags/example_task_group.py
[2024-07-15T15:53:10.544+0000] {processor.py:840} INFO - DAG(s) 'example_task_group' retrieved from /home/airflow/.local/lib/python3.11/site-packages/airflow/example_dags/example_task_group.py
[2024-07-15T15:53:10.577+0000] {logging_mixin.py:188} INFO - [2024-07-15T15:53:10.577+0000] {dag.py:3096} INFO - Sync 1 DAGs
[2024-07-15T15:53:10.609+0000] {logging_mixin.py:188} INFO - [2024-07-15T15:53:10.609+0000] {dag.py:3954} INFO - Setting next_dagrun for example_task_group to 2024-07-14 00:00:00+00:00, run_after=2024-07-15 00:00:00+00:00
[2024-07-15T15:53:10.633+0000] {processor.py:183} INFO - Processing /home/airflow/.local/lib/python3.11/site-packages/airflow/example_dags/example_task_group.py took 0.111 seconds
[2024-07-15T15:53:16.306+0000] {processor.py:161} INFO - Started process (PID=24980) to work on /home/airflow/.local/lib/python3.11/site-packages/airflow/example_dags/example_task_group.py
[2024-07-15T15:53:16.308+0000] {processor.py:830} INFO - Processing file /home/airflow/.local/lib/python3.11/site-packages/airflow/example_dags/example_task_group.py for tasks to queue
[2024-07-15T15:53:16.312+0000] {logging_mixin.py:188} INFO - [2024-07-15T15:53:16.312+0000] {dagbag.py:545} INFO - Filling up the DagBag from /home/airflow/.local/lib/python3.11/site-packages/airflow/example_dags/example_task_group.py
[2024-07-15T15:53:16.327+0000] {processor.py:840} INFO - DAG(s) 'example_task_group' retrieved from /home/airflow/.local/lib/python3.11/site-packages/airflow/example_dags/example_task_group.py
[2024-07-15T15:53:16.364+0000] {logging_mixin.py:188} INFO - [2024-07-15T15:53:16.364+0000] {dag.py:3096} INFO - Sync 1 DAGs
[2024-07-15T15:53:16.400+0000] {logging_mixin.py:188} INFO - [2024-07-15T15:53:16.400+0000] {dag.py:3954} INFO - Setting next_dagrun for example_task_group to 2024-07-14 00:00:00+00:00, run_after=2024-07-15 00:00:00+00:00
[2024-07-15T15:53:16.432+0000] {processor.py:183} INFO - Processing /home/airflow/.local/lib/python3.11/site-packages/airflow/example_dags/example_task_group.py took 0.137 seconds
[2024-07-15T15:53:21.008+0000] {processor.py:161} INFO - Started process (PID=25032) to work on /home/airflow/.local/lib/python3.11/site-packages/airflow/example_dags/example_task_group.py
[2024-07-15T15:53:21.009+0000] {processor.py:830} INFO - Processing file /home/airflow/.local/lib/python3.11/site-packages/airflow/example_dags/example_task_group.py for tasks to queue
[2024-07-15T15:53:21.011+0000] {logging_mixin.py:188} INFO - [2024-07-15T15:53:21.011+0000] {dagbag.py:545} INFO - Filling up the DagBag from /home/airflow/.local/lib/python3.11/site-packages/airflow/example_dags/example_task_group.py
[2024-07-15T15:53:21.022+0000] {processor.py:840} INFO - DAG(s) 'example_task_group' retrieved from /home/airflow/.local/lib/python3.11/site-packages/airflow/example_dags/example_task_group.py
[2024-07-15T15:53:21.076+0000] {logging_mixin.py:188} INFO - [2024-07-15T15:53:21.075+0000] {dag.py:3096} INFO - Sync 1 DAGs
[2024-07-15T15:53:21.128+0000] {logging_mixin.py:188} INFO - [2024-07-15T15:53:21.128+0000] {dag.py:3954} INFO - Setting next_dagrun for example_task_group to 2024-07-14 00:00:00+00:00, run_after=2024-07-15 00:00:00+00:00
[2024-07-15T15:53:21.151+0000] {processor.py:183} INFO - Processing /home/airflow/.local/lib/python3.11/site-packages/airflow/example_dags/example_task_group.py took 0.152 seconds
[2024-07-15T15:53:25.800+0000] {processor.py:161} INFO - Started process (PID=25092) to work on /home/airflow/.local/lib/python3.11/site-packages/airflow/example_dags/example_task_group.py
[2024-07-15T15:53:25.801+0000] {processor.py:830} INFO - Processing file /home/airflow/.local/lib/python3.11/site-packages/airflow/example_dags/example_task_group.py for tasks to queue
[2024-07-15T15:53:25.804+0000] {logging_mixin.py:188} INFO - [2024-07-15T15:53:25.804+0000] {dagbag.py:545} INFO - Filling up the DagBag from /home/airflow/.local/lib/python3.11/site-packages/airflow/example_dags/example_task_group.py
[2024-07-15T15:53:25.814+0000] {processor.py:840} INFO - DAG(s) 'example_task_group' retrieved from /home/airflow/.local/lib/python3.11/site-packages/airflow/example_dags/example_task_group.py
[2024-07-15T15:53:25.845+0000] {logging_mixin.py:188} INFO - [2024-07-15T15:53:25.845+0000] {dag.py:3096} INFO - Sync 1 DAGs
[2024-07-15T15:53:25.875+0000] {logging_mixin.py:188} INFO - [2024-07-15T15:53:25.875+0000] {dag.py:3954} INFO - Setting next_dagrun for example_task_group to 2024-07-14 00:00:00+00:00, run_after=2024-07-15 00:00:00+00:00
[2024-07-15T15:53:25.901+0000] {processor.py:183} INFO - Processing /home/airflow/.local/lib/python3.11/site-packages/airflow/example_dags/example_task_group.py took 0.110 seconds
[2024-07-15T15:53:30.992+0000] {processor.py:161} INFO - Started process (PID=25144) to work on /home/airflow/.local/lib/python3.11/site-packages/airflow/example_dags/example_task_group.py
[2024-07-15T15:53:30.993+0000] {processor.py:830} INFO - Processing file /home/airflow/.local/lib/python3.11/site-packages/airflow/example_dags/example_task_group.py for tasks to queue
[2024-07-15T15:53:30.997+0000] {logging_mixin.py:188} INFO - [2024-07-15T15:53:30.997+0000] {dagbag.py:545} INFO - Filling up the DagBag from /home/airflow/.local/lib/python3.11/site-packages/airflow/example_dags/example_task_group.py
[2024-07-15T15:53:31.010+0000] {processor.py:840} INFO - DAG(s) 'example_task_group' retrieved from /home/airflow/.local/lib/python3.11/site-packages/airflow/example_dags/example_task_group.py
[2024-07-15T15:53:31.055+0000] {logging_mixin.py:188} INFO - [2024-07-15T15:53:31.055+0000] {dag.py:3096} INFO - Sync 1 DAGs
[2024-07-15T15:53:31.086+0000] {logging_mixin.py:188} INFO - [2024-07-15T15:53:31.086+0000] {dag.py:3954} INFO - Setting next_dagrun for example_task_group to 2024-07-14 00:00:00+00:00, run_after=2024-07-15 00:00:00+00:00
[2024-07-15T15:53:31.113+0000] {processor.py:183} INFO - Processing /home/airflow/.local/lib/python3.11/site-packages/airflow/example_dags/example_task_group.py took 0.134 seconds
[2024-07-15T15:53:37.105+0000] {processor.py:161} INFO - Started process (PID=25198) to work on /home/airflow/.local/lib/python3.11/site-packages/airflow/example_dags/example_task_group.py
[2024-07-15T15:53:37.107+0000] {processor.py:830} INFO - Processing file /home/airflow/.local/lib/python3.11/site-packages/airflow/example_dags/example_task_group.py for tasks to queue
[2024-07-15T15:53:37.109+0000] {logging_mixin.py:188} INFO - [2024-07-15T15:53:37.109+0000] {dagbag.py:545} INFO - Filling up the DagBag from /home/airflow/.local/lib/python3.11/site-packages/airflow/example_dags/example_task_group.py
[2024-07-15T15:53:37.118+0000] {processor.py:840} INFO - DAG(s) 'example_task_group' retrieved from /home/airflow/.local/lib/python3.11/site-packages/airflow/example_dags/example_task_group.py
[2024-07-15T15:53:37.147+0000] {logging_mixin.py:188} INFO - [2024-07-15T15:53:37.147+0000] {dag.py:3096} INFO - Sync 1 DAGs
[2024-07-15T15:53:37.174+0000] {logging_mixin.py:188} INFO - [2024-07-15T15:53:37.174+0000] {dag.py:3954} INFO - Setting next_dagrun for example_task_group to 2024-07-14 00:00:00+00:00, run_after=2024-07-15 00:00:00+00:00
[2024-07-15T15:53:37.198+0000] {processor.py:183} INFO - Processing /home/airflow/.local/lib/python3.11/site-packages/airflow/example_dags/example_task_group.py took 0.100 seconds
[2024-07-15T15:53:41.858+0000] {processor.py:161} INFO - Started process (PID=25250) to work on /home/airflow/.local/lib/python3.11/site-packages/airflow/example_dags/example_task_group.py
[2024-07-15T15:53:41.859+0000] {processor.py:830} INFO - Processing file /home/airflow/.local/lib/python3.11/site-packages/airflow/example_dags/example_task_group.py for tasks to queue
[2024-07-15T15:53:41.862+0000] {logging_mixin.py:188} INFO - [2024-07-15T15:53:41.862+0000] {dagbag.py:545} INFO - Filling up the DagBag from /home/airflow/.local/lib/python3.11/site-packages/airflow/example_dags/example_task_group.py
[2024-07-15T15:53:41.875+0000] {processor.py:840} INFO - DAG(s) 'example_task_group' retrieved from /home/airflow/.local/lib/python3.11/site-packages/airflow/example_dags/example_task_group.py
[2024-07-15T15:53:41.913+0000] {logging_mixin.py:188} INFO - [2024-07-15T15:53:41.913+0000] {dag.py:3096} INFO - Sync 1 DAGs
[2024-07-15T15:53:41.950+0000] {logging_mixin.py:188} INFO - [2024-07-15T15:53:41.949+0000] {dag.py:3954} INFO - Setting next_dagrun for example_task_group to 2024-07-14 00:00:00+00:00, run_after=2024-07-15 00:00:00+00:00
[2024-07-15T15:53:41.979+0000] {processor.py:183} INFO - Processing /home/airflow/.local/lib/python3.11/site-packages/airflow/example_dags/example_task_group.py took 0.133 seconds
[2024-07-15T15:53:46.791+0000] {processor.py:161} INFO - Started process (PID=25304) to work on /home/airflow/.local/lib/python3.11/site-packages/airflow/example_dags/example_task_group.py
[2024-07-15T15:53:46.793+0000] {processor.py:830} INFO - Processing file /home/airflow/.local/lib/python3.11/site-packages/airflow/example_dags/example_task_group.py for tasks to queue
[2024-07-15T15:53:46.796+0000] {logging_mixin.py:188} INFO - [2024-07-15T15:53:46.795+0000] {dagbag.py:545} INFO - Filling up the DagBag from /home/airflow/.local/lib/python3.11/site-packages/airflow/example_dags/example_task_group.py
[2024-07-15T15:53:46.808+0000] {processor.py:840} INFO - DAG(s) 'example_task_group' retrieved from /home/airflow/.local/lib/python3.11/site-packages/airflow/example_dags/example_task_group.py
[2024-07-15T15:53:46.841+0000] {logging_mixin.py:188} INFO - [2024-07-15T15:53:46.841+0000] {dag.py:3096} INFO - Sync 1 DAGs
[2024-07-15T15:53:46.869+0000] {logging_mixin.py:188} INFO - [2024-07-15T15:53:46.868+0000] {dag.py:3954} INFO - Setting next_dagrun for example_task_group to 2024-07-14 00:00:00+00:00, run_after=2024-07-15 00:00:00+00:00
[2024-07-15T15:53:46.895+0000] {processor.py:183} INFO - Processing /home/airflow/.local/lib/python3.11/site-packages/airflow/example_dags/example_task_group.py took 0.113 seconds
[2024-07-15T15:53:53.218+0000] {processor.py:161} INFO - Started process (PID=25362) to work on /home/airflow/.local/lib/python3.11/site-packages/airflow/example_dags/example_task_group.py
[2024-07-15T15:53:53.221+0000] {processor.py:830} INFO - Processing file /home/airflow/.local/lib/python3.11/site-packages/airflow/example_dags/example_task_group.py for tasks to queue
[2024-07-15T15:53:53.225+0000] {logging_mixin.py:188} INFO - [2024-07-15T15:53:53.224+0000] {dagbag.py:545} INFO - Filling up the DagBag from /home/airflow/.local/lib/python3.11/site-packages/airflow/example_dags/example_task_group.py
[2024-07-15T15:53:53.239+0000] {processor.py:840} INFO - DAG(s) 'example_task_group' retrieved from /home/airflow/.local/lib/python3.11/site-packages/airflow/example_dags/example_task_group.py
[2024-07-15T15:53:53.273+0000] {logging_mixin.py:188} INFO - [2024-07-15T15:53:53.273+0000] {dag.py:3096} INFO - Sync 1 DAGs
[2024-07-15T15:53:53.304+0000] {logging_mixin.py:188} INFO - [2024-07-15T15:53:53.304+0000] {dag.py:3954} INFO - Setting next_dagrun for example_task_group to 2024-07-14 00:00:00+00:00, run_after=2024-07-15 00:00:00+00:00
[2024-07-15T15:53:53.329+0000] {processor.py:183} INFO - Processing /home/airflow/.local/lib/python3.11/site-packages/airflow/example_dags/example_task_group.py took 0.124 seconds
[2024-07-15T15:53:58.910+0000] {processor.py:161} INFO - Started process (PID=25415) to work on /home/airflow/.local/lib/python3.11/site-packages/airflow/example_dags/example_task_group.py
[2024-07-15T15:53:58.911+0000] {processor.py:830} INFO - Processing file /home/airflow/.local/lib/python3.11/site-packages/airflow/example_dags/example_task_group.py for tasks to queue
[2024-07-15T15:53:58.913+0000] {logging_mixin.py:188} INFO - [2024-07-15T15:53:58.913+0000] {dagbag.py:545} INFO - Filling up the DagBag from /home/airflow/.local/lib/python3.11/site-packages/airflow/example_dags/example_task_group.py
[2024-07-15T15:53:58.924+0000] {processor.py:840} INFO - DAG(s) 'example_task_group' retrieved from /home/airflow/.local/lib/python3.11/site-packages/airflow/example_dags/example_task_group.py
[2024-07-15T15:53:58.954+0000] {logging_mixin.py:188} INFO - [2024-07-15T15:53:58.954+0000] {dag.py:3096} INFO - Sync 1 DAGs
[2024-07-15T15:53:58.983+0000] {logging_mixin.py:188} INFO - [2024-07-15T15:53:58.983+0000] {dag.py:3954} INFO - Setting next_dagrun for example_task_group to 2024-07-14 00:00:00+00:00, run_after=2024-07-15 00:00:00+00:00
[2024-07-15T15:53:59.010+0000] {processor.py:183} INFO - Processing /home/airflow/.local/lib/python3.11/site-packages/airflow/example_dags/example_task_group.py took 0.109 seconds
[2024-07-15T15:54:04.117+0000] {processor.py:161} INFO - Started process (PID=25467) to work on /home/airflow/.local/lib/python3.11/site-packages/airflow/example_dags/example_task_group.py
[2024-07-15T15:54:04.118+0000] {processor.py:830} INFO - Processing file /home/airflow/.local/lib/python3.11/site-packages/airflow/example_dags/example_task_group.py for tasks to queue
[2024-07-15T15:54:04.121+0000] {logging_mixin.py:188} INFO - [2024-07-15T15:54:04.121+0000] {dagbag.py:545} INFO - Filling up the DagBag from /home/airflow/.local/lib/python3.11/site-packages/airflow/example_dags/example_task_group.py
[2024-07-15T15:54:04.132+0000] {processor.py:840} INFO - DAG(s) 'example_task_group' retrieved from /home/airflow/.local/lib/python3.11/site-packages/airflow/example_dags/example_task_group.py
[2024-07-15T15:54:04.164+0000] {logging_mixin.py:188} INFO - [2024-07-15T15:54:04.164+0000] {dag.py:3096} INFO - Sync 1 DAGs
[2024-07-15T15:54:04.193+0000] {logging_mixin.py:188} INFO - [2024-07-15T15:54:04.193+0000] {dag.py:3954} INFO - Setting next_dagrun for example_task_group to 2024-07-14 00:00:00+00:00, run_after=2024-07-15 00:00:00+00:00
[2024-07-15T15:54:04.404+0000] {processor.py:183} INFO - Processing /home/airflow/.local/lib/python3.11/site-packages/airflow/example_dags/example_task_group.py took 0.297 seconds
[2024-07-15T15:54:10.131+0000] {processor.py:161} INFO - Started process (PID=25521) to work on /home/airflow/.local/lib/python3.11/site-packages/airflow/example_dags/example_task_group.py
[2024-07-15T15:54:10.133+0000] {processor.py:830} INFO - Processing file /home/airflow/.local/lib/python3.11/site-packages/airflow/example_dags/example_task_group.py for tasks to queue
[2024-07-15T15:54:10.137+0000] {logging_mixin.py:188} INFO - [2024-07-15T15:54:10.136+0000] {dagbag.py:545} INFO - Filling up the DagBag from /home/airflow/.local/lib/python3.11/site-packages/airflow/example_dags/example_task_group.py
[2024-07-15T15:54:10.152+0000] {processor.py:840} INFO - DAG(s) 'example_task_group' retrieved from /home/airflow/.local/lib/python3.11/site-packages/airflow/example_dags/example_task_group.py
[2024-07-15T15:54:10.202+0000] {logging_mixin.py:188} INFO - [2024-07-15T15:54:10.202+0000] {dag.py:3096} INFO - Sync 1 DAGs
[2024-07-15T15:54:10.243+0000] {logging_mixin.py:188} INFO - [2024-07-15T15:54:10.243+0000] {dag.py:3954} INFO - Setting next_dagrun for example_task_group to 2024-07-14 00:00:00+00:00, run_after=2024-07-15 00:00:00+00:00
[2024-07-15T15:54:10.273+0000] {processor.py:183} INFO - Processing /home/airflow/.local/lib/python3.11/site-packages/airflow/example_dags/example_task_group.py took 0.154 seconds
[2024-07-15T15:54:16.228+0000] {processor.py:161} INFO - Started process (PID=25573) to work on /home/airflow/.local/lib/python3.11/site-packages/airflow/example_dags/example_task_group.py
[2024-07-15T15:54:16.229+0000] {processor.py:830} INFO - Processing file /home/airflow/.local/lib/python3.11/site-packages/airflow/example_dags/example_task_group.py for tasks to queue
[2024-07-15T15:54:16.232+0000] {logging_mixin.py:188} INFO - [2024-07-15T15:54:16.231+0000] {dagbag.py:545} INFO - Filling up the DagBag from /home/airflow/.local/lib/python3.11/site-packages/airflow/example_dags/example_task_group.py
[2024-07-15T15:54:16.242+0000] {processor.py:840} INFO - DAG(s) 'example_task_group' retrieved from /home/airflow/.local/lib/python3.11/site-packages/airflow/example_dags/example_task_group.py
[2024-07-15T15:54:16.275+0000] {logging_mixin.py:188} INFO - [2024-07-15T15:54:16.275+0000] {dag.py:3096} INFO - Sync 1 DAGs
[2024-07-15T15:54:16.302+0000] {logging_mixin.py:188} INFO - [2024-07-15T15:54:16.302+0000] {dag.py:3954} INFO - Setting next_dagrun for example_task_group to 2024-07-14 00:00:00+00:00, run_after=2024-07-15 00:00:00+00:00
[2024-07-15T15:54:16.325+0000] {processor.py:183} INFO - Processing /home/airflow/.local/lib/python3.11/site-packages/airflow/example_dags/example_task_group.py took 0.106 seconds
[2024-07-15T15:54:21.226+0000] {processor.py:161} INFO - Started process (PID=25626) to work on /home/airflow/.local/lib/python3.11/site-packages/airflow/example_dags/example_task_group.py
[2024-07-15T15:54:21.228+0000] {processor.py:830} INFO - Processing file /home/airflow/.local/lib/python3.11/site-packages/airflow/example_dags/example_task_group.py for tasks to queue
[2024-07-15T15:54:21.231+0000] {logging_mixin.py:188} INFO - [2024-07-15T15:54:21.230+0000] {dagbag.py:545} INFO - Filling up the DagBag from /home/airflow/.local/lib/python3.11/site-packages/airflow/example_dags/example_task_group.py
[2024-07-15T15:54:21.243+0000] {processor.py:840} INFO - DAG(s) 'example_task_group' retrieved from /home/airflow/.local/lib/python3.11/site-packages/airflow/example_dags/example_task_group.py
[2024-07-15T15:54:21.301+0000] {logging_mixin.py:188} INFO - [2024-07-15T15:54:21.301+0000] {dag.py:3096} INFO - Sync 1 DAGs
[2024-07-15T15:54:21.334+0000] {logging_mixin.py:188} INFO - [2024-07-15T15:54:21.334+0000] {dag.py:3954} INFO - Setting next_dagrun for example_task_group to 2024-07-14 00:00:00+00:00, run_after=2024-07-15 00:00:00+00:00
[2024-07-15T15:54:21.651+0000] {processor.py:183} INFO - Processing /home/airflow/.local/lib/python3.11/site-packages/airflow/example_dags/example_task_group.py took 0.436 seconds
[2024-07-15T15:54:27.959+0000] {processor.py:161} INFO - Started process (PID=25684) to work on /home/airflow/.local/lib/python3.11/site-packages/airflow/example_dags/example_task_group.py
[2024-07-15T15:54:27.961+0000] {processor.py:830} INFO - Processing file /home/airflow/.local/lib/python3.11/site-packages/airflow/example_dags/example_task_group.py for tasks to queue
[2024-07-15T15:54:27.968+0000] {logging_mixin.py:188} INFO - [2024-07-15T15:54:27.964+0000] {dagbag.py:545} INFO - Filling up the DagBag from /home/airflow/.local/lib/python3.11/site-packages/airflow/example_dags/example_task_group.py
[2024-07-15T15:54:27.982+0000] {processor.py:840} INFO - DAG(s) 'example_task_group' retrieved from /home/airflow/.local/lib/python3.11/site-packages/airflow/example_dags/example_task_group.py
[2024-07-15T15:54:28.024+0000] {logging_mixin.py:188} INFO - [2024-07-15T15:54:28.023+0000] {dag.py:3096} INFO - Sync 1 DAGs
[2024-07-15T15:54:28.072+0000] {logging_mixin.py:188} INFO - [2024-07-15T15:54:28.071+0000] {dag.py:3954} INFO - Setting next_dagrun for example_task_group to 2024-07-14 00:00:00+00:00, run_after=2024-07-15 00:00:00+00:00
[2024-07-15T15:54:28.103+0000] {processor.py:183} INFO - Processing /home/airflow/.local/lib/python3.11/site-packages/airflow/example_dags/example_task_group.py took 0.156 seconds
[2024-07-15T15:54:40.508+0000] {processor.py:161} INFO - Started process (PID=25737) to work on /home/airflow/.local/lib/python3.11/site-packages/airflow/example_dags/example_task_group.py
[2024-07-15T15:54:40.511+0000] {processor.py:830} INFO - Processing file /home/airflow/.local/lib/python3.11/site-packages/airflow/example_dags/example_task_group.py for tasks to queue
[2024-07-15T15:54:40.521+0000] {logging_mixin.py:188} INFO - [2024-07-15T15:54:40.516+0000] {dagbag.py:545} INFO - Filling up the DagBag from /home/airflow/.local/lib/python3.11/site-packages/airflow/example_dags/example_task_group.py
[2024-07-15T15:54:40.558+0000] {processor.py:840} INFO - DAG(s) 'example_task_group' retrieved from /home/airflow/.local/lib/python3.11/site-packages/airflow/example_dags/example_task_group.py
[2024-07-15T15:54:40.653+0000] {logging_mixin.py:188} INFO - [2024-07-15T15:54:40.652+0000] {dag.py:3096} INFO - Sync 1 DAGs
[2024-07-15T15:54:40.750+0000] {logging_mixin.py:188} INFO - [2024-07-15T15:54:40.749+0000] {dag.py:3954} INFO - Setting next_dagrun for example_task_group to 2024-07-14 00:00:00+00:00, run_after=2024-07-15 00:00:00+00:00
[2024-07-15T15:54:40.833+0000] {processor.py:183} INFO - Processing /home/airflow/.local/lib/python3.11/site-packages/airflow/example_dags/example_task_group.py took 0.346 seconds
[2024-07-15T15:54:48.305+0000] {processor.py:161} INFO - Started process (PID=25789) to work on /home/airflow/.local/lib/python3.11/site-packages/airflow/example_dags/example_task_group.py
[2024-07-15T15:54:48.307+0000] {processor.py:830} INFO - Processing file /home/airflow/.local/lib/python3.11/site-packages/airflow/example_dags/example_task_group.py for tasks to queue
[2024-07-15T15:54:48.310+0000] {logging_mixin.py:188} INFO - [2024-07-15T15:54:48.310+0000] {dagbag.py:545} INFO - Filling up the DagBag from /home/airflow/.local/lib/python3.11/site-packages/airflow/example_dags/example_task_group.py
[2024-07-15T15:54:48.326+0000] {processor.py:840} INFO - DAG(s) 'example_task_group' retrieved from /home/airflow/.local/lib/python3.11/site-packages/airflow/example_dags/example_task_group.py
[2024-07-15T15:54:48.372+0000] {logging_mixin.py:188} INFO - [2024-07-15T15:54:48.371+0000] {dag.py:3096} INFO - Sync 1 DAGs
[2024-07-15T15:54:48.416+0000] {logging_mixin.py:188} INFO - [2024-07-15T15:54:48.415+0000] {dag.py:3954} INFO - Setting next_dagrun for example_task_group to 2024-07-14 00:00:00+00:00, run_after=2024-07-15 00:00:00+00:00
[2024-07-15T15:54:48.655+0000] {processor.py:183} INFO - Processing /home/airflow/.local/lib/python3.11/site-packages/airflow/example_dags/example_task_group.py took 0.363 seconds
[2024-07-15T15:54:58.459+0000] {processor.py:161} INFO - Started process (PID=25849) to work on /home/airflow/.local/lib/python3.11/site-packages/airflow/example_dags/example_task_group.py
[2024-07-15T15:54:58.462+0000] {processor.py:830} INFO - Processing file /home/airflow/.local/lib/python3.11/site-packages/airflow/example_dags/example_task_group.py for tasks to queue
[2024-07-15T15:54:58.466+0000] {logging_mixin.py:188} INFO - [2024-07-15T15:54:58.465+0000] {dagbag.py:545} INFO - Filling up the DagBag from /home/airflow/.local/lib/python3.11/site-packages/airflow/example_dags/example_task_group.py
[2024-07-15T15:54:58.484+0000] {processor.py:840} INFO - DAG(s) 'example_task_group' retrieved from /home/airflow/.local/lib/python3.11/site-packages/airflow/example_dags/example_task_group.py
[2024-07-15T15:54:58.542+0000] {logging_mixin.py:188} INFO - [2024-07-15T15:54:58.542+0000] {dag.py:3096} INFO - Sync 1 DAGs
[2024-07-15T15:54:58.601+0000] {logging_mixin.py:188} INFO - [2024-07-15T15:54:58.601+0000] {dag.py:3954} INFO - Setting next_dagrun for example_task_group to 2024-07-14 00:00:00+00:00, run_after=2024-07-15 00:00:00+00:00
[2024-07-15T15:54:58.646+0000] {processor.py:183} INFO - Processing /home/airflow/.local/lib/python3.11/site-packages/airflow/example_dags/example_task_group.py took 0.201 seconds
[2024-07-15T15:55:12.206+0000] {processor.py:161} INFO - Started process (PID=25901) to work on /home/airflow/.local/lib/python3.11/site-packages/airflow/example_dags/example_task_group.py
[2024-07-15T15:55:12.208+0000] {processor.py:830} INFO - Processing file /home/airflow/.local/lib/python3.11/site-packages/airflow/example_dags/example_task_group.py for tasks to queue
[2024-07-15T15:55:12.212+0000] {logging_mixin.py:188} INFO - [2024-07-15T15:55:12.211+0000] {dagbag.py:545} INFO - Filling up the DagBag from /home/airflow/.local/lib/python3.11/site-packages/airflow/example_dags/example_task_group.py
[2024-07-15T15:55:12.227+0000] {processor.py:840} INFO - DAG(s) 'example_task_group' retrieved from /home/airflow/.local/lib/python3.11/site-packages/airflow/example_dags/example_task_group.py
[2024-07-15T15:55:12.514+0000] {logging_mixin.py:188} INFO - [2024-07-15T15:55:12.514+0000] {dag.py:3096} INFO - Sync 1 DAGs
[2024-07-15T15:55:12.551+0000] {logging_mixin.py:188} INFO - [2024-07-15T15:55:12.550+0000] {dag.py:3954} INFO - Setting next_dagrun for example_task_group to 2024-07-14 00:00:00+00:00, run_after=2024-07-15 00:00:00+00:00
[2024-07-15T15:55:12.585+0000] {processor.py:183} INFO - Processing /home/airflow/.local/lib/python3.11/site-packages/airflow/example_dags/example_task_group.py took 0.394 seconds
[2024-07-15T15:55:22.513+0000] {processor.py:161} INFO - Started process (PID=25960) to work on /home/airflow/.local/lib/python3.11/site-packages/airflow/example_dags/example_task_group.py
[2024-07-15T15:55:22.515+0000] {processor.py:830} INFO - Processing file /home/airflow/.local/lib/python3.11/site-packages/airflow/example_dags/example_task_group.py for tasks to queue
[2024-07-15T15:55:22.536+0000] {logging_mixin.py:188} INFO - [2024-07-15T15:55:22.518+0000] {dagbag.py:545} INFO - Filling up the DagBag from /home/airflow/.local/lib/python3.11/site-packages/airflow/example_dags/example_task_group.py
[2024-07-15T15:55:22.598+0000] {processor.py:840} INFO - DAG(s) 'example_task_group' retrieved from /home/airflow/.local/lib/python3.11/site-packages/airflow/example_dags/example_task_group.py
[2024-07-15T15:55:22.706+0000] {logging_mixin.py:188} INFO - [2024-07-15T15:55:22.706+0000] {dag.py:3096} INFO - Sync 1 DAGs
[2024-07-15T15:55:22.781+0000] {logging_mixin.py:188} INFO - [2024-07-15T15:55:22.780+0000] {dag.py:3954} INFO - Setting next_dagrun for example_task_group to 2024-07-14 00:00:00+00:00, run_after=2024-07-15 00:00:00+00:00
[2024-07-15T15:55:23.153+0000] {processor.py:183} INFO - Processing /home/airflow/.local/lib/python3.11/site-packages/airflow/example_dags/example_task_group.py took 0.658 seconds
[2024-07-15T15:55:33.316+0000] {processor.py:161} INFO - Started process (PID=26012) to work on /home/airflow/.local/lib/python3.11/site-packages/airflow/example_dags/example_task_group.py
[2024-07-15T15:55:33.318+0000] {processor.py:830} INFO - Processing file /home/airflow/.local/lib/python3.11/site-packages/airflow/example_dags/example_task_group.py for tasks to queue
[2024-07-15T15:55:33.321+0000] {logging_mixin.py:188} INFO - [2024-07-15T15:55:33.320+0000] {dagbag.py:545} INFO - Filling up the DagBag from /home/airflow/.local/lib/python3.11/site-packages/airflow/example_dags/example_task_group.py
[2024-07-15T15:55:33.334+0000] {processor.py:840} INFO - DAG(s) 'example_task_group' retrieved from /home/airflow/.local/lib/python3.11/site-packages/airflow/example_dags/example_task_group.py
[2024-07-15T15:55:33.369+0000] {logging_mixin.py:188} INFO - [2024-07-15T15:55:33.369+0000] {dag.py:3096} INFO - Sync 1 DAGs
[2024-07-15T15:55:33.404+0000] {logging_mixin.py:188} INFO - [2024-07-15T15:55:33.403+0000] {dag.py:3954} INFO - Setting next_dagrun for example_task_group to 2024-07-14 00:00:00+00:00, run_after=2024-07-15 00:00:00+00:00
[2024-07-15T15:55:33.435+0000] {processor.py:183} INFO - Processing /home/airflow/.local/lib/python3.11/site-packages/airflow/example_dags/example_task_group.py took 0.129 seconds
[2024-07-15T15:55:39.753+0000] {processor.py:161} INFO - Started process (PID=26065) to work on /home/airflow/.local/lib/python3.11/site-packages/airflow/example_dags/example_task_group.py
[2024-07-15T15:55:39.755+0000] {processor.py:830} INFO - Processing file /home/airflow/.local/lib/python3.11/site-packages/airflow/example_dags/example_task_group.py for tasks to queue
[2024-07-15T15:55:39.758+0000] {logging_mixin.py:188} INFO - [2024-07-15T15:55:39.758+0000] {dagbag.py:545} INFO - Filling up the DagBag from /home/airflow/.local/lib/python3.11/site-packages/airflow/example_dags/example_task_group.py
[2024-07-15T15:55:39.775+0000] {processor.py:840} INFO - DAG(s) 'example_task_group' retrieved from /home/airflow/.local/lib/python3.11/site-packages/airflow/example_dags/example_task_group.py
[2024-07-15T15:55:39.812+0000] {logging_mixin.py:188} INFO - [2024-07-15T15:55:39.811+0000] {dag.py:3096} INFO - Sync 1 DAGs
[2024-07-15T15:55:39.853+0000] {logging_mixin.py:188} INFO - [2024-07-15T15:55:39.852+0000] {dag.py:3954} INFO - Setting next_dagrun for example_task_group to 2024-07-14 00:00:00+00:00, run_after=2024-07-15 00:00:00+00:00
[2024-07-15T15:55:39.886+0000] {processor.py:183} INFO - Processing /home/airflow/.local/lib/python3.11/site-packages/airflow/example_dags/example_task_group.py took 0.148 seconds
[2024-07-15T15:55:45.605+0000] {processor.py:161} INFO - Started process (PID=26117) to work on /home/airflow/.local/lib/python3.11/site-packages/airflow/example_dags/example_task_group.py
[2024-07-15T15:55:45.606+0000] {processor.py:830} INFO - Processing file /home/airflow/.local/lib/python3.11/site-packages/airflow/example_dags/example_task_group.py for tasks to queue
[2024-07-15T15:55:45.609+0000] {logging_mixin.py:188} INFO - [2024-07-15T15:55:45.609+0000] {dagbag.py:545} INFO - Filling up the DagBag from /home/airflow/.local/lib/python3.11/site-packages/airflow/example_dags/example_task_group.py
[2024-07-15T15:55:45.622+0000] {processor.py:840} INFO - DAG(s) 'example_task_group' retrieved from /home/airflow/.local/lib/python3.11/site-packages/airflow/example_dags/example_task_group.py
[2024-07-15T15:55:45.656+0000] {logging_mixin.py:188} INFO - [2024-07-15T15:55:45.655+0000] {dag.py:3096} INFO - Sync 1 DAGs
[2024-07-15T15:55:45.689+0000] {logging_mixin.py:188} INFO - [2024-07-15T15:55:45.689+0000] {dag.py:3954} INFO - Setting next_dagrun for example_task_group to 2024-07-14 00:00:00+00:00, run_after=2024-07-15 00:00:00+00:00
[2024-07-15T15:55:45.717+0000] {processor.py:183} INFO - Processing /home/airflow/.local/lib/python3.11/site-packages/airflow/example_dags/example_task_group.py took 0.122 seconds
[2024-07-15T15:55:52.509+0000] {processor.py:161} INFO - Started process (PID=26175) to work on /home/airflow/.local/lib/python3.11/site-packages/airflow/example_dags/example_task_group.py
[2024-07-15T15:55:52.511+0000] {processor.py:830} INFO - Processing file /home/airflow/.local/lib/python3.11/site-packages/airflow/example_dags/example_task_group.py for tasks to queue
[2024-07-15T15:55:52.516+0000] {logging_mixin.py:188} INFO - [2024-07-15T15:55:52.515+0000] {dagbag.py:545} INFO - Filling up the DagBag from /home/airflow/.local/lib/python3.11/site-packages/airflow/example_dags/example_task_group.py
[2024-07-15T15:55:52.539+0000] {processor.py:840} INFO - DAG(s) 'example_task_group' retrieved from /home/airflow/.local/lib/python3.11/site-packages/airflow/example_dags/example_task_group.py
[2024-07-15T15:55:52.574+0000] {logging_mixin.py:188} INFO - [2024-07-15T15:55:52.574+0000] {dag.py:3096} INFO - Sync 1 DAGs
[2024-07-15T15:55:52.626+0000] {logging_mixin.py:188} INFO - [2024-07-15T15:55:52.625+0000] {dag.py:3954} INFO - Setting next_dagrun for example_task_group to 2024-07-14 00:00:00+00:00, run_after=2024-07-15 00:00:00+00:00
[2024-07-15T15:55:52.717+0000] {processor.py:183} INFO - Processing /home/airflow/.local/lib/python3.11/site-packages/airflow/example_dags/example_task_group.py took 0.222 seconds
[2024-07-15T15:55:59.630+0000] {processor.py:161} INFO - Started process (PID=26227) to work on /home/airflow/.local/lib/python3.11/site-packages/airflow/example_dags/example_task_group.py
[2024-07-15T15:55:59.632+0000] {processor.py:830} INFO - Processing file /home/airflow/.local/lib/python3.11/site-packages/airflow/example_dags/example_task_group.py for tasks to queue
[2024-07-15T15:55:59.636+0000] {logging_mixin.py:188} INFO - [2024-07-15T15:55:59.635+0000] {dagbag.py:545} INFO - Filling up the DagBag from /home/airflow/.local/lib/python3.11/site-packages/airflow/example_dags/example_task_group.py
[2024-07-15T15:55:59.655+0000] {processor.py:840} INFO - DAG(s) 'example_task_group' retrieved from /home/airflow/.local/lib/python3.11/site-packages/airflow/example_dags/example_task_group.py
[2024-07-15T15:55:59.707+0000] {logging_mixin.py:188} INFO - [2024-07-15T15:55:59.706+0000] {dag.py:3096} INFO - Sync 1 DAGs
[2024-07-15T15:55:59.755+0000] {logging_mixin.py:188} INFO - [2024-07-15T15:55:59.755+0000] {dag.py:3954} INFO - Setting next_dagrun for example_task_group to 2024-07-14 00:00:00+00:00, run_after=2024-07-15 00:00:00+00:00
[2024-07-15T15:55:59.797+0000] {processor.py:183} INFO - Processing /home/airflow/.local/lib/python3.11/site-packages/airflow/example_dags/example_task_group.py took 0.182 seconds
[2024-07-15T15:56:06.780+0000] {processor.py:161} INFO - Started process (PID=26280) to work on /home/airflow/.local/lib/python3.11/site-packages/airflow/example_dags/example_task_group.py
[2024-07-15T15:56:06.782+0000] {processor.py:830} INFO - Processing file /home/airflow/.local/lib/python3.11/site-packages/airflow/example_dags/example_task_group.py for tasks to queue
[2024-07-15T15:56:06.786+0000] {logging_mixin.py:188} INFO - [2024-07-15T15:56:06.785+0000] {dagbag.py:545} INFO - Filling up the DagBag from /home/airflow/.local/lib/python3.11/site-packages/airflow/example_dags/example_task_group.py
[2024-07-15T15:56:06.799+0000] {processor.py:840} INFO - DAG(s) 'example_task_group' retrieved from /home/airflow/.local/lib/python3.11/site-packages/airflow/example_dags/example_task_group.py
[2024-07-15T15:56:06.837+0000] {logging_mixin.py:188} INFO - [2024-07-15T15:56:06.837+0000] {dag.py:3096} INFO - Sync 1 DAGs
[2024-07-15T15:56:06.881+0000] {logging_mixin.py:188} INFO - [2024-07-15T15:56:06.881+0000] {dag.py:3954} INFO - Setting next_dagrun for example_task_group to 2024-07-14 00:00:00+00:00, run_after=2024-07-15 00:00:00+00:00
[2024-07-15T15:56:06.917+0000] {processor.py:183} INFO - Processing /home/airflow/.local/lib/python3.11/site-packages/airflow/example_dags/example_task_group.py took 0.148 seconds
[2024-07-15T15:56:12.317+0000] {processor.py:161} INFO - Started process (PID=26332) to work on /home/airflow/.local/lib/python3.11/site-packages/airflow/example_dags/example_task_group.py
[2024-07-15T15:56:12.319+0000] {processor.py:830} INFO - Processing file /home/airflow/.local/lib/python3.11/site-packages/airflow/example_dags/example_task_group.py for tasks to queue
[2024-07-15T15:56:12.322+0000] {logging_mixin.py:188} INFO - [2024-07-15T15:56:12.322+0000] {dagbag.py:545} INFO - Filling up the DagBag from /home/airflow/.local/lib/python3.11/site-packages/airflow/example_dags/example_task_group.py
[2024-07-15T15:56:12.334+0000] {processor.py:840} INFO - DAG(s) 'example_task_group' retrieved from /home/airflow/.local/lib/python3.11/site-packages/airflow/example_dags/example_task_group.py
[2024-07-15T15:56:12.369+0000] {logging_mixin.py:188} INFO - [2024-07-15T15:56:12.369+0000] {dag.py:3096} INFO - Sync 1 DAGs
[2024-07-15T15:56:12.403+0000] {logging_mixin.py:188} INFO - [2024-07-15T15:56:12.402+0000] {dag.py:3954} INFO - Setting next_dagrun for example_task_group to 2024-07-14 00:00:00+00:00, run_after=2024-07-15 00:00:00+00:00
[2024-07-15T15:56:12.433+0000] {processor.py:183} INFO - Processing /home/airflow/.local/lib/python3.11/site-packages/airflow/example_dags/example_task_group.py took 0.125 seconds
[2024-07-15T15:56:19.522+0000] {processor.py:161} INFO - Started process (PID=26385) to work on /home/airflow/.local/lib/python3.11/site-packages/airflow/example_dags/example_task_group.py
[2024-07-15T15:56:19.523+0000] {processor.py:830} INFO - Processing file /home/airflow/.local/lib/python3.11/site-packages/airflow/example_dags/example_task_group.py for tasks to queue
[2024-07-15T15:56:19.526+0000] {logging_mixin.py:188} INFO - [2024-07-15T15:56:19.526+0000] {dagbag.py:545} INFO - Filling up the DagBag from /home/airflow/.local/lib/python3.11/site-packages/airflow/example_dags/example_task_group.py
[2024-07-15T15:56:19.536+0000] {processor.py:840} INFO - DAG(s) 'example_task_group' retrieved from /home/airflow/.local/lib/python3.11/site-packages/airflow/example_dags/example_task_group.py
[2024-07-15T15:56:19.573+0000] {logging_mixin.py:188} INFO - [2024-07-15T15:56:19.573+0000] {dag.py:3096} INFO - Sync 1 DAGs
[2024-07-15T15:56:19.609+0000] {logging_mixin.py:188} INFO - [2024-07-15T15:56:19.609+0000] {dag.py:3954} INFO - Setting next_dagrun for example_task_group to 2024-07-14 00:00:00+00:00, run_after=2024-07-15 00:00:00+00:00
[2024-07-15T15:56:19.638+0000] {processor.py:183} INFO - Processing /home/airflow/.local/lib/python3.11/site-packages/airflow/example_dags/example_task_group.py took 0.125 seconds
[2024-07-15T15:56:27.599+0000] {processor.py:161} INFO - Started process (PID=26443) to work on /home/airflow/.local/lib/python3.11/site-packages/airflow/example_dags/example_task_group.py
[2024-07-15T15:56:27.601+0000] {processor.py:830} INFO - Processing file /home/airflow/.local/lib/python3.11/site-packages/airflow/example_dags/example_task_group.py for tasks to queue
[2024-07-15T15:56:27.604+0000] {logging_mixin.py:188} INFO - [2024-07-15T15:56:27.603+0000] {dagbag.py:545} INFO - Filling up the DagBag from /home/airflow/.local/lib/python3.11/site-packages/airflow/example_dags/example_task_group.py
[2024-07-15T15:56:27.615+0000] {processor.py:840} INFO - DAG(s) 'example_task_group' retrieved from /home/airflow/.local/lib/python3.11/site-packages/airflow/example_dags/example_task_group.py
[2024-07-15T15:56:27.652+0000] {logging_mixin.py:188} INFO - [2024-07-15T15:56:27.651+0000] {dag.py:3096} INFO - Sync 1 DAGs
[2024-07-15T15:56:27.690+0000] {logging_mixin.py:188} INFO - [2024-07-15T15:56:27.690+0000] {dag.py:3954} INFO - Setting next_dagrun for example_task_group to 2024-07-14 00:00:00+00:00, run_after=2024-07-15 00:00:00+00:00
[2024-07-15T15:56:27.715+0000] {processor.py:183} INFO - Processing /home/airflow/.local/lib/python3.11/site-packages/airflow/example_dags/example_task_group.py took 0.129 seconds
[2024-07-15T15:56:35.381+0000] {processor.py:161} INFO - Started process (PID=26496) to work on /home/airflow/.local/lib/python3.11/site-packages/airflow/example_dags/example_task_group.py
[2024-07-15T15:56:35.383+0000] {processor.py:830} INFO - Processing file /home/airflow/.local/lib/python3.11/site-packages/airflow/example_dags/example_task_group.py for tasks to queue
[2024-07-15T15:56:35.387+0000] {logging_mixin.py:188} INFO - [2024-07-15T15:56:35.387+0000] {dagbag.py:545} INFO - Filling up the DagBag from /home/airflow/.local/lib/python3.11/site-packages/airflow/example_dags/example_task_group.py
[2024-07-15T15:56:35.407+0000] {processor.py:840} INFO - DAG(s) 'example_task_group' retrieved from /home/airflow/.local/lib/python3.11/site-packages/airflow/example_dags/example_task_group.py
[2024-07-15T15:56:35.450+0000] {logging_mixin.py:188} INFO - [2024-07-15T15:56:35.449+0000] {dag.py:3096} INFO - Sync 1 DAGs
[2024-07-15T15:56:35.485+0000] {logging_mixin.py:188} INFO - [2024-07-15T15:56:35.484+0000] {dag.py:3954} INFO - Setting next_dagrun for example_task_group to 2024-07-14 00:00:00+00:00, run_after=2024-07-15 00:00:00+00:00
[2024-07-15T15:56:35.509+0000] {processor.py:183} INFO - Processing /home/airflow/.local/lib/python3.11/site-packages/airflow/example_dags/example_task_group.py took 0.143 seconds
[2024-07-15T15:56:41.571+0000] {processor.py:161} INFO - Started process (PID=26548) to work on /home/airflow/.local/lib/python3.11/site-packages/airflow/example_dags/example_task_group.py
[2024-07-15T15:56:41.572+0000] {processor.py:830} INFO - Processing file /home/airflow/.local/lib/python3.11/site-packages/airflow/example_dags/example_task_group.py for tasks to queue
[2024-07-15T15:56:41.575+0000] {logging_mixin.py:188} INFO - [2024-07-15T15:56:41.574+0000] {dagbag.py:545} INFO - Filling up the DagBag from /home/airflow/.local/lib/python3.11/site-packages/airflow/example_dags/example_task_group.py
[2024-07-15T15:56:41.584+0000] {processor.py:840} INFO - DAG(s) 'example_task_group' retrieved from /home/airflow/.local/lib/python3.11/site-packages/airflow/example_dags/example_task_group.py
[2024-07-15T15:56:41.618+0000] {logging_mixin.py:188} INFO - [2024-07-15T15:56:41.617+0000] {dag.py:3096} INFO - Sync 1 DAGs
[2024-07-15T15:56:41.655+0000] {logging_mixin.py:188} INFO - [2024-07-15T15:56:41.655+0000] {dag.py:3954} INFO - Setting next_dagrun for example_task_group to 2024-07-14 00:00:00+00:00, run_after=2024-07-15 00:00:00+00:00
[2024-07-15T15:56:41.686+0000] {processor.py:183} INFO - Processing /home/airflow/.local/lib/python3.11/site-packages/airflow/example_dags/example_task_group.py took 0.123 seconds
[2024-07-15T15:56:46.325+0000] {processor.py:161} INFO - Started process (PID=26602) to work on /home/airflow/.local/lib/python3.11/site-packages/airflow/example_dags/example_task_group.py
[2024-07-15T15:56:46.326+0000] {processor.py:830} INFO - Processing file /home/airflow/.local/lib/python3.11/site-packages/airflow/example_dags/example_task_group.py for tasks to queue
[2024-07-15T15:56:46.329+0000] {logging_mixin.py:188} INFO - [2024-07-15T15:56:46.329+0000] {dagbag.py:545} INFO - Filling up the DagBag from /home/airflow/.local/lib/python3.11/site-packages/airflow/example_dags/example_task_group.py
[2024-07-15T15:56:46.341+0000] {processor.py:840} INFO - DAG(s) 'example_task_group' retrieved from /home/airflow/.local/lib/python3.11/site-packages/airflow/example_dags/example_task_group.py
[2024-07-15T15:56:46.370+0000] {logging_mixin.py:188} INFO - [2024-07-15T15:56:46.370+0000] {dag.py:3096} INFO - Sync 1 DAGs
[2024-07-15T15:56:46.405+0000] {logging_mixin.py:188} INFO - [2024-07-15T15:56:46.405+0000] {dag.py:3954} INFO - Setting next_dagrun for example_task_group to 2024-07-14 00:00:00+00:00, run_after=2024-07-15 00:00:00+00:00
[2024-07-15T15:56:46.431+0000] {processor.py:183} INFO - Processing /home/airflow/.local/lib/python3.11/site-packages/airflow/example_dags/example_task_group.py took 0.116 seconds
[2024-07-15T15:56:51.597+0000] {processor.py:161} INFO - Started process (PID=26654) to work on /home/airflow/.local/lib/python3.11/site-packages/airflow/example_dags/example_task_group.py
[2024-07-15T15:56:51.599+0000] {processor.py:830} INFO - Processing file /home/airflow/.local/lib/python3.11/site-packages/airflow/example_dags/example_task_group.py for tasks to queue
[2024-07-15T15:56:51.602+0000] {logging_mixin.py:188} INFO - [2024-07-15T15:56:51.601+0000] {dagbag.py:545} INFO - Filling up the DagBag from /home/airflow/.local/lib/python3.11/site-packages/airflow/example_dags/example_task_group.py
[2024-07-15T15:56:51.616+0000] {processor.py:840} INFO - DAG(s) 'example_task_group' retrieved from /home/airflow/.local/lib/python3.11/site-packages/airflow/example_dags/example_task_group.py
[2024-07-15T15:56:51.648+0000] {logging_mixin.py:188} INFO - [2024-07-15T15:56:51.648+0000] {dag.py:3096} INFO - Sync 1 DAGs
[2024-07-15T15:56:51.678+0000] {logging_mixin.py:188} INFO - [2024-07-15T15:56:51.678+0000] {dag.py:3954} INFO - Setting next_dagrun for example_task_group to 2024-07-14 00:00:00+00:00, run_after=2024-07-15 00:00:00+00:00
[2024-07-15T15:56:51.707+0000] {processor.py:183} INFO - Processing /home/airflow/.local/lib/python3.11/site-packages/airflow/example_dags/example_task_group.py took 0.119 seconds
[2024-07-15T15:56:57.038+0000] {processor.py:161} INFO - Started process (PID=26714) to work on /home/airflow/.local/lib/python3.11/site-packages/airflow/example_dags/example_task_group.py
[2024-07-15T15:56:57.040+0000] {processor.py:830} INFO - Processing file /home/airflow/.local/lib/python3.11/site-packages/airflow/example_dags/example_task_group.py for tasks to queue
[2024-07-15T15:56:57.044+0000] {logging_mixin.py:188} INFO - [2024-07-15T15:56:57.043+0000] {dagbag.py:545} INFO - Filling up the DagBag from /home/airflow/.local/lib/python3.11/site-packages/airflow/example_dags/example_task_group.py
[2024-07-15T15:56:57.057+0000] {processor.py:840} INFO - DAG(s) 'example_task_group' retrieved from /home/airflow/.local/lib/python3.11/site-packages/airflow/example_dags/example_task_group.py
[2024-07-15T15:56:57.089+0000] {logging_mixin.py:188} INFO - [2024-07-15T15:56:57.089+0000] {dag.py:3096} INFO - Sync 1 DAGs
[2024-07-15T15:56:57.115+0000] {logging_mixin.py:188} INFO - [2024-07-15T15:56:57.115+0000] {dag.py:3954} INFO - Setting next_dagrun for example_task_group to 2024-07-14 00:00:00+00:00, run_after=2024-07-15 00:00:00+00:00
[2024-07-15T15:56:57.139+0000] {processor.py:183} INFO - Processing /home/airflow/.local/lib/python3.11/site-packages/airflow/example_dags/example_task_group.py took 0.112 seconds
