[2024-07-15T15:48:55.121+0000] {processor.py:161} INFO - Started process (PID=22605) to work on /home/airflow/.local/lib/python3.11/site-packages/airflow/example_dags/example_short_circuit_decorator.py
[2024-07-15T15:48:55.133+0000] {processor.py:830} INFO - Processing file /home/airflow/.local/lib/python3.11/site-packages/airflow/example_dags/example_short_circuit_decorator.py for tasks to queue
[2024-07-15T15:48:55.150+0000] {logging_mixin.py:188} INFO - [2024-07-15T15:48:55.150+0000] {dagbag.py:545} INFO - Filling up the DagBag from /home/airflow/.local/lib/python3.11/site-packages/airflow/example_dags/example_short_circuit_decorator.py
[2024-07-15T15:48:55.218+0000] {processor.py:840} INFO - DAG(s) 'example_short_circuit_decorator' retrieved from /home/airflow/.local/lib/python3.11/site-packages/airflow/example_dags/example_short_circuit_decorator.py
[2024-07-15T15:48:55.378+0000] {logging_mixin.py:188} INFO - [2024-07-15T15:48:55.377+0000] {dag.py:3096} INFO - Sync 1 DAGs
[2024-07-15T15:48:55.534+0000] {logging_mixin.py:188} INFO - [2024-07-15T15:48:55.533+0000] {dag.py:3954} INFO - Setting next_dagrun for example_short_circuit_decorator to 2024-07-14 00:00:00+00:00, run_after=2024-07-15 00:00:00+00:00
[2024-07-15T15:48:55.668+0000] {processor.py:183} INFO - Processing /home/airflow/.local/lib/python3.11/site-packages/airflow/example_dags/example_short_circuit_decorator.py took 0.584 seconds
[2024-07-15T15:49:11.226+0000] {processor.py:161} INFO - Started process (PID=22659) to work on /home/airflow/.local/lib/python3.11/site-packages/airflow/example_dags/example_short_circuit_decorator.py
[2024-07-15T15:49:11.228+0000] {processor.py:830} INFO - Processing file /home/airflow/.local/lib/python3.11/site-packages/airflow/example_dags/example_short_circuit_decorator.py for tasks to queue
[2024-07-15T15:49:11.232+0000] {logging_mixin.py:188} INFO - [2024-07-15T15:49:11.232+0000] {dagbag.py:545} INFO - Filling up the DagBag from /home/airflow/.local/lib/python3.11/site-packages/airflow/example_dags/example_short_circuit_decorator.py
[2024-07-15T15:49:11.252+0000] {processor.py:840} INFO - DAG(s) 'example_short_circuit_decorator' retrieved from /home/airflow/.local/lib/python3.11/site-packages/airflow/example_dags/example_short_circuit_decorator.py
[2024-07-15T15:49:11.288+0000] {logging_mixin.py:188} INFO - [2024-07-15T15:49:11.287+0000] {dag.py:3096} INFO - Sync 1 DAGs
[2024-07-15T15:49:11.328+0000] {logging_mixin.py:188} INFO - [2024-07-15T15:49:11.327+0000] {dag.py:3954} INFO - Setting next_dagrun for example_short_circuit_decorator to 2024-07-14 00:00:00+00:00, run_after=2024-07-15 00:00:00+00:00
[2024-07-15T15:49:11.365+0000] {processor.py:183} INFO - Processing /home/airflow/.local/lib/python3.11/site-packages/airflow/example_dags/example_short_circuit_decorator.py took 0.151 seconds
[2024-07-15T15:49:18.072+0000] {processor.py:161} INFO - Started process (PID=22711) to work on /home/airflow/.local/lib/python3.11/site-packages/airflow/example_dags/example_short_circuit_decorator.py
[2024-07-15T15:49:18.074+0000] {processor.py:830} INFO - Processing file /home/airflow/.local/lib/python3.11/site-packages/airflow/example_dags/example_short_circuit_decorator.py for tasks to queue
[2024-07-15T15:49:18.078+0000] {logging_mixin.py:188} INFO - [2024-07-15T15:49:18.078+0000] {dagbag.py:545} INFO - Filling up the DagBag from /home/airflow/.local/lib/python3.11/site-packages/airflow/example_dags/example_short_circuit_decorator.py
[2024-07-15T15:49:18.098+0000] {processor.py:840} INFO - DAG(s) 'example_short_circuit_decorator' retrieved from /home/airflow/.local/lib/python3.11/site-packages/airflow/example_dags/example_short_circuit_decorator.py
[2024-07-15T15:49:18.153+0000] {logging_mixin.py:188} INFO - [2024-07-15T15:49:18.153+0000] {dag.py:3096} INFO - Sync 1 DAGs
[2024-07-15T15:49:18.219+0000] {logging_mixin.py:188} INFO - [2024-07-15T15:49:18.218+0000] {dag.py:3954} INFO - Setting next_dagrun for example_short_circuit_decorator to 2024-07-14 00:00:00+00:00, run_after=2024-07-15 00:00:00+00:00
[2024-07-15T15:49:18.300+0000] {processor.py:183} INFO - Processing /home/airflow/.local/lib/python3.11/site-packages/airflow/example_dags/example_short_circuit_decorator.py took 0.240 seconds
[2024-07-15T15:49:26.481+0000] {processor.py:161} INFO - Started process (PID=22770) to work on /home/airflow/.local/lib/python3.11/site-packages/airflow/example_dags/example_short_circuit_decorator.py
[2024-07-15T15:49:26.483+0000] {processor.py:830} INFO - Processing file /home/airflow/.local/lib/python3.11/site-packages/airflow/example_dags/example_short_circuit_decorator.py for tasks to queue
[2024-07-15T15:49:26.487+0000] {logging_mixin.py:188} INFO - [2024-07-15T15:49:26.487+0000] {dagbag.py:545} INFO - Filling up the DagBag from /home/airflow/.local/lib/python3.11/site-packages/airflow/example_dags/example_short_circuit_decorator.py
[2024-07-15T15:49:26.511+0000] {processor.py:840} INFO - DAG(s) 'example_short_circuit_decorator' retrieved from /home/airflow/.local/lib/python3.11/site-packages/airflow/example_dags/example_short_circuit_decorator.py
[2024-07-15T15:49:26.559+0000] {logging_mixin.py:188} INFO - [2024-07-15T15:49:26.559+0000] {dag.py:3096} INFO - Sync 1 DAGs
[2024-07-15T15:49:26.604+0000] {logging_mixin.py:188} INFO - [2024-07-15T15:49:26.603+0000] {dag.py:3954} INFO - Setting next_dagrun for example_short_circuit_decorator to 2024-07-14 00:00:00+00:00, run_after=2024-07-15 00:00:00+00:00
[2024-07-15T15:49:26.644+0000] {processor.py:183} INFO - Processing /home/airflow/.local/lib/python3.11/site-packages/airflow/example_dags/example_short_circuit_decorator.py took 0.176 seconds
[2024-07-15T15:49:33.882+0000] {processor.py:161} INFO - Started process (PID=22822) to work on /home/airflow/.local/lib/python3.11/site-packages/airflow/example_dags/example_short_circuit_decorator.py
[2024-07-15T15:49:33.884+0000] {processor.py:830} INFO - Processing file /home/airflow/.local/lib/python3.11/site-packages/airflow/example_dags/example_short_circuit_decorator.py for tasks to queue
[2024-07-15T15:49:33.888+0000] {logging_mixin.py:188} INFO - [2024-07-15T15:49:33.887+0000] {dagbag.py:545} INFO - Filling up the DagBag from /home/airflow/.local/lib/python3.11/site-packages/airflow/example_dags/example_short_circuit_decorator.py
[2024-07-15T15:49:33.908+0000] {processor.py:840} INFO - DAG(s) 'example_short_circuit_decorator' retrieved from /home/airflow/.local/lib/python3.11/site-packages/airflow/example_dags/example_short_circuit_decorator.py
[2024-07-15T15:49:33.956+0000] {logging_mixin.py:188} INFO - [2024-07-15T15:49:33.956+0000] {dag.py:3096} INFO - Sync 1 DAGs
[2024-07-15T15:49:34.005+0000] {logging_mixin.py:188} INFO - [2024-07-15T15:49:34.004+0000] {dag.py:3954} INFO - Setting next_dagrun for example_short_circuit_decorator to 2024-07-14 00:00:00+00:00, run_after=2024-07-15 00:00:00+00:00
[2024-07-15T15:49:34.057+0000] {processor.py:183} INFO - Processing /home/airflow/.local/lib/python3.11/site-packages/airflow/example_dags/example_short_circuit_decorator.py took 0.188 seconds
[2024-07-15T15:49:41.832+0000] {processor.py:161} INFO - Started process (PID=22875) to work on /home/airflow/.local/lib/python3.11/site-packages/airflow/example_dags/example_short_circuit_decorator.py
[2024-07-15T15:49:41.835+0000] {processor.py:830} INFO - Processing file /home/airflow/.local/lib/python3.11/site-packages/airflow/example_dags/example_short_circuit_decorator.py for tasks to queue
[2024-07-15T15:49:41.838+0000] {logging_mixin.py:188} INFO - [2024-07-15T15:49:41.838+0000] {dagbag.py:545} INFO - Filling up the DagBag from /home/airflow/.local/lib/python3.11/site-packages/airflow/example_dags/example_short_circuit_decorator.py
[2024-07-15T15:49:41.861+0000] {processor.py:840} INFO - DAG(s) 'example_short_circuit_decorator' retrieved from /home/airflow/.local/lib/python3.11/site-packages/airflow/example_dags/example_short_circuit_decorator.py
[2024-07-15T15:49:41.915+0000] {logging_mixin.py:188} INFO - [2024-07-15T15:49:41.915+0000] {dag.py:3096} INFO - Sync 1 DAGs
[2024-07-15T15:49:41.957+0000] {logging_mixin.py:188} INFO - [2024-07-15T15:49:41.957+0000] {dag.py:3954} INFO - Setting next_dagrun for example_short_circuit_decorator to 2024-07-14 00:00:00+00:00, run_after=2024-07-15 00:00:00+00:00
[2024-07-15T15:49:42.002+0000] {processor.py:183} INFO - Processing /home/airflow/.local/lib/python3.11/site-packages/airflow/example_dags/example_short_circuit_decorator.py took 0.183 seconds
[2024-07-15T15:49:48.485+0000] {processor.py:161} INFO - Started process (PID=22927) to work on /home/airflow/.local/lib/python3.11/site-packages/airflow/example_dags/example_short_circuit_decorator.py
[2024-07-15T15:49:48.488+0000] {processor.py:830} INFO - Processing file /home/airflow/.local/lib/python3.11/site-packages/airflow/example_dags/example_short_circuit_decorator.py for tasks to queue
[2024-07-15T15:49:48.492+0000] {logging_mixin.py:188} INFO - [2024-07-15T15:49:48.491+0000] {dagbag.py:545} INFO - Filling up the DagBag from /home/airflow/.local/lib/python3.11/site-packages/airflow/example_dags/example_short_circuit_decorator.py
[2024-07-15T15:49:48.507+0000] {processor.py:840} INFO - DAG(s) 'example_short_circuit_decorator' retrieved from /home/airflow/.local/lib/python3.11/site-packages/airflow/example_dags/example_short_circuit_decorator.py
[2024-07-15T15:49:48.550+0000] {logging_mixin.py:188} INFO - [2024-07-15T15:49:48.550+0000] {dag.py:3096} INFO - Sync 1 DAGs
[2024-07-15T15:49:48.590+0000] {logging_mixin.py:188} INFO - [2024-07-15T15:49:48.589+0000] {dag.py:3954} INFO - Setting next_dagrun for example_short_circuit_decorator to 2024-07-14 00:00:00+00:00, run_after=2024-07-15 00:00:00+00:00
[2024-07-15T15:49:48.620+0000] {processor.py:183} INFO - Processing /home/airflow/.local/lib/python3.11/site-packages/airflow/example_dags/example_short_circuit_decorator.py took 0.148 seconds
[2024-07-15T15:49:54.391+0000] {processor.py:161} INFO - Started process (PID=22987) to work on /home/airflow/.local/lib/python3.11/site-packages/airflow/example_dags/example_short_circuit_decorator.py
[2024-07-15T15:49:54.404+0000] {processor.py:830} INFO - Processing file /home/airflow/.local/lib/python3.11/site-packages/airflow/example_dags/example_short_circuit_decorator.py for tasks to queue
[2024-07-15T15:49:54.413+0000] {logging_mixin.py:188} INFO - [2024-07-15T15:49:54.413+0000] {dagbag.py:545} INFO - Filling up the DagBag from /home/airflow/.local/lib/python3.11/site-packages/airflow/example_dags/example_short_circuit_decorator.py
[2024-07-15T15:49:54.466+0000] {processor.py:840} INFO - DAG(s) 'example_short_circuit_decorator' retrieved from /home/airflow/.local/lib/python3.11/site-packages/airflow/example_dags/example_short_circuit_decorator.py
[2024-07-15T15:49:54.570+0000] {logging_mixin.py:188} INFO - [2024-07-15T15:49:54.570+0000] {dag.py:3096} INFO - Sync 1 DAGs
[2024-07-15T15:49:54.653+0000] {logging_mixin.py:188} INFO - [2024-07-15T15:49:54.652+0000] {dag.py:3954} INFO - Setting next_dagrun for example_short_circuit_decorator to 2024-07-14 00:00:00+00:00, run_after=2024-07-15 00:00:00+00:00
[2024-07-15T15:49:54.718+0000] {processor.py:183} INFO - Processing /home/airflow/.local/lib/python3.11/site-packages/airflow/example_dags/example_short_circuit_decorator.py took 0.350 seconds
[2024-07-15T15:50:02.017+0000] {processor.py:161} INFO - Started process (PID=23039) to work on /home/airflow/.local/lib/python3.11/site-packages/airflow/example_dags/example_short_circuit_decorator.py
[2024-07-15T15:50:02.019+0000] {processor.py:830} INFO - Processing file /home/airflow/.local/lib/python3.11/site-packages/airflow/example_dags/example_short_circuit_decorator.py for tasks to queue
[2024-07-15T15:50:02.022+0000] {logging_mixin.py:188} INFO - [2024-07-15T15:50:02.021+0000] {dagbag.py:545} INFO - Filling up the DagBag from /home/airflow/.local/lib/python3.11/site-packages/airflow/example_dags/example_short_circuit_decorator.py
[2024-07-15T15:50:02.044+0000] {processor.py:840} INFO - DAG(s) 'example_short_circuit_decorator' retrieved from /home/airflow/.local/lib/python3.11/site-packages/airflow/example_dags/example_short_circuit_decorator.py
[2024-07-15T15:50:02.088+0000] {logging_mixin.py:188} INFO - [2024-07-15T15:50:02.086+0000] {dag.py:3096} INFO - Sync 1 DAGs
[2024-07-15T15:50:02.135+0000] {logging_mixin.py:188} INFO - [2024-07-15T15:50:02.135+0000] {dag.py:3954} INFO - Setting next_dagrun for example_short_circuit_decorator to 2024-07-14 00:00:00+00:00, run_after=2024-07-15 00:00:00+00:00
[2024-07-15T15:50:02.174+0000] {processor.py:183} INFO - Processing /home/airflow/.local/lib/python3.11/site-packages/airflow/example_dags/example_short_circuit_decorator.py took 0.167 seconds
[2024-07-15T15:50:07.752+0000] {processor.py:161} INFO - Started process (PID=23092) to work on /home/airflow/.local/lib/python3.11/site-packages/airflow/example_dags/example_short_circuit_decorator.py
[2024-07-15T15:50:07.754+0000] {processor.py:830} INFO - Processing file /home/airflow/.local/lib/python3.11/site-packages/airflow/example_dags/example_short_circuit_decorator.py for tasks to queue
[2024-07-15T15:50:07.756+0000] {logging_mixin.py:188} INFO - [2024-07-15T15:50:07.755+0000] {dagbag.py:545} INFO - Filling up the DagBag from /home/airflow/.local/lib/python3.11/site-packages/airflow/example_dags/example_short_circuit_decorator.py
[2024-07-15T15:50:07.767+0000] {processor.py:840} INFO - DAG(s) 'example_short_circuit_decorator' retrieved from /home/airflow/.local/lib/python3.11/site-packages/airflow/example_dags/example_short_circuit_decorator.py
[2024-07-15T15:50:07.796+0000] {logging_mixin.py:188} INFO - [2024-07-15T15:50:07.795+0000] {dag.py:3096} INFO - Sync 1 DAGs
[2024-07-15T15:50:07.819+0000] {logging_mixin.py:188} INFO - [2024-07-15T15:50:07.819+0000] {dag.py:3954} INFO - Setting next_dagrun for example_short_circuit_decorator to 2024-07-14 00:00:00+00:00, run_after=2024-07-15 00:00:00+00:00
[2024-07-15T15:50:07.842+0000] {processor.py:183} INFO - Processing /home/airflow/.local/lib/python3.11/site-packages/airflow/example_dags/example_short_circuit_decorator.py took 0.098 seconds
[2024-07-15T15:50:13.467+0000] {processor.py:161} INFO - Started process (PID=23144) to work on /home/airflow/.local/lib/python3.11/site-packages/airflow/example_dags/example_short_circuit_decorator.py
[2024-07-15T15:50:13.468+0000] {processor.py:830} INFO - Processing file /home/airflow/.local/lib/python3.11/site-packages/airflow/example_dags/example_short_circuit_decorator.py for tasks to queue
[2024-07-15T15:50:13.471+0000] {logging_mixin.py:188} INFO - [2024-07-15T15:50:13.470+0000] {dagbag.py:545} INFO - Filling up the DagBag from /home/airflow/.local/lib/python3.11/site-packages/airflow/example_dags/example_short_circuit_decorator.py
[2024-07-15T15:50:13.505+0000] {processor.py:840} INFO - DAG(s) 'example_short_circuit_decorator' retrieved from /home/airflow/.local/lib/python3.11/site-packages/airflow/example_dags/example_short_circuit_decorator.py
[2024-07-15T15:50:13.538+0000] {logging_mixin.py:188} INFO - [2024-07-15T15:50:13.538+0000] {dag.py:3096} INFO - Sync 1 DAGs
[2024-07-15T15:50:13.593+0000] {logging_mixin.py:188} INFO - [2024-07-15T15:50:13.593+0000] {dag.py:3954} INFO - Setting next_dagrun for example_short_circuit_decorator to 2024-07-14 00:00:00+00:00, run_after=2024-07-15 00:00:00+00:00
[2024-07-15T15:50:13.639+0000] {processor.py:183} INFO - Processing /home/airflow/.local/lib/python3.11/site-packages/airflow/example_dags/example_short_circuit_decorator.py took 0.179 seconds
[2024-07-15T15:50:19.618+0000] {processor.py:161} INFO - Started process (PID=23197) to work on /home/airflow/.local/lib/python3.11/site-packages/airflow/example_dags/example_short_circuit_decorator.py
[2024-07-15T15:50:19.619+0000] {processor.py:830} INFO - Processing file /home/airflow/.local/lib/python3.11/site-packages/airflow/example_dags/example_short_circuit_decorator.py for tasks to queue
[2024-07-15T15:50:19.622+0000] {logging_mixin.py:188} INFO - [2024-07-15T15:50:19.621+0000] {dagbag.py:545} INFO - Filling up the DagBag from /home/airflow/.local/lib/python3.11/site-packages/airflow/example_dags/example_short_circuit_decorator.py
[2024-07-15T15:50:19.633+0000] {processor.py:840} INFO - DAG(s) 'example_short_circuit_decorator' retrieved from /home/airflow/.local/lib/python3.11/site-packages/airflow/example_dags/example_short_circuit_decorator.py
[2024-07-15T15:50:19.661+0000] {logging_mixin.py:188} INFO - [2024-07-15T15:50:19.661+0000] {dag.py:3096} INFO - Sync 1 DAGs
[2024-07-15T15:50:19.685+0000] {logging_mixin.py:188} INFO - [2024-07-15T15:50:19.685+0000] {dag.py:3954} INFO - Setting next_dagrun for example_short_circuit_decorator to 2024-07-14 00:00:00+00:00, run_after=2024-07-15 00:00:00+00:00
[2024-07-15T15:50:19.731+0000] {processor.py:183} INFO - Processing /home/airflow/.local/lib/python3.11/site-packages/airflow/example_dags/example_short_circuit_decorator.py took 0.121 seconds
[2024-07-15T15:50:24.434+0000] {processor.py:161} INFO - Started process (PID=23257) to work on /home/airflow/.local/lib/python3.11/site-packages/airflow/example_dags/example_short_circuit_decorator.py
[2024-07-15T15:50:24.435+0000] {processor.py:830} INFO - Processing file /home/airflow/.local/lib/python3.11/site-packages/airflow/example_dags/example_short_circuit_decorator.py for tasks to queue
[2024-07-15T15:50:24.439+0000] {logging_mixin.py:188} INFO - [2024-07-15T15:50:24.438+0000] {dagbag.py:545} INFO - Filling up the DagBag from /home/airflow/.local/lib/python3.11/site-packages/airflow/example_dags/example_short_circuit_decorator.py
[2024-07-15T15:50:24.476+0000] {processor.py:840} INFO - DAG(s) 'example_short_circuit_decorator' retrieved from /home/airflow/.local/lib/python3.11/site-packages/airflow/example_dags/example_short_circuit_decorator.py
[2024-07-15T15:50:24.521+0000] {logging_mixin.py:188} INFO - [2024-07-15T15:50:24.520+0000] {dag.py:3096} INFO - Sync 1 DAGs
[2024-07-15T15:50:24.545+0000] {logging_mixin.py:188} INFO - [2024-07-15T15:50:24.545+0000] {dag.py:3954} INFO - Setting next_dagrun for example_short_circuit_decorator to 2024-07-14 00:00:00+00:00, run_after=2024-07-15 00:00:00+00:00
[2024-07-15T15:50:24.589+0000] {processor.py:183} INFO - Processing /home/airflow/.local/lib/python3.11/site-packages/airflow/example_dags/example_short_circuit_decorator.py took 0.166 seconds
[2024-07-15T15:50:30.144+0000] {processor.py:161} INFO - Started process (PID=23309) to work on /home/airflow/.local/lib/python3.11/site-packages/airflow/example_dags/example_short_circuit_decorator.py
[2024-07-15T15:50:30.146+0000] {processor.py:830} INFO - Processing file /home/airflow/.local/lib/python3.11/site-packages/airflow/example_dags/example_short_circuit_decorator.py for tasks to queue
[2024-07-15T15:50:30.148+0000] {logging_mixin.py:188} INFO - [2024-07-15T15:50:30.148+0000] {dagbag.py:545} INFO - Filling up the DagBag from /home/airflow/.local/lib/python3.11/site-packages/airflow/example_dags/example_short_circuit_decorator.py
[2024-07-15T15:50:30.159+0000] {processor.py:840} INFO - DAG(s) 'example_short_circuit_decorator' retrieved from /home/airflow/.local/lib/python3.11/site-packages/airflow/example_dags/example_short_circuit_decorator.py
[2024-07-15T15:50:30.186+0000] {logging_mixin.py:188} INFO - [2024-07-15T15:50:30.186+0000] {dag.py:3096} INFO - Sync 1 DAGs
[2024-07-15T15:50:30.210+0000] {logging_mixin.py:188} INFO - [2024-07-15T15:50:30.209+0000] {dag.py:3954} INFO - Setting next_dagrun for example_short_circuit_decorator to 2024-07-14 00:00:00+00:00, run_after=2024-07-15 00:00:00+00:00
[2024-07-15T15:50:30.251+0000] {processor.py:183} INFO - Processing /home/airflow/.local/lib/python3.11/site-packages/airflow/example_dags/example_short_circuit_decorator.py took 0.114 seconds
[2024-07-15T15:50:35.867+0000] {processor.py:161} INFO - Started process (PID=23363) to work on /home/airflow/.local/lib/python3.11/site-packages/airflow/example_dags/example_short_circuit_decorator.py
[2024-07-15T15:50:35.868+0000] {processor.py:830} INFO - Processing file /home/airflow/.local/lib/python3.11/site-packages/airflow/example_dags/example_short_circuit_decorator.py for tasks to queue
[2024-07-15T15:50:35.871+0000] {logging_mixin.py:188} INFO - [2024-07-15T15:50:35.870+0000] {dagbag.py:545} INFO - Filling up the DagBag from /home/airflow/.local/lib/python3.11/site-packages/airflow/example_dags/example_short_circuit_decorator.py
[2024-07-15T15:50:35.882+0000] {processor.py:840} INFO - DAG(s) 'example_short_circuit_decorator' retrieved from /home/airflow/.local/lib/python3.11/site-packages/airflow/example_dags/example_short_circuit_decorator.py
[2024-07-15T15:50:35.937+0000] {logging_mixin.py:188} INFO - [2024-07-15T15:50:35.937+0000] {dag.py:3096} INFO - Sync 1 DAGs
[2024-07-15T15:50:35.992+0000] {logging_mixin.py:188} INFO - [2024-07-15T15:50:35.992+0000] {dag.py:3954} INFO - Setting next_dagrun for example_short_circuit_decorator to 2024-07-14 00:00:00+00:00, run_after=2024-07-15 00:00:00+00:00
[2024-07-15T15:50:36.020+0000] {processor.py:183} INFO - Processing /home/airflow/.local/lib/python3.11/site-packages/airflow/example_dags/example_short_circuit_decorator.py took 0.160 seconds
[2024-07-15T15:50:41.086+0000] {processor.py:161} INFO - Started process (PID=23415) to work on /home/airflow/.local/lib/python3.11/site-packages/airflow/example_dags/example_short_circuit_decorator.py
[2024-07-15T15:50:41.087+0000] {processor.py:830} INFO - Processing file /home/airflow/.local/lib/python3.11/site-packages/airflow/example_dags/example_short_circuit_decorator.py for tasks to queue
[2024-07-15T15:50:41.090+0000] {logging_mixin.py:188} INFO - [2024-07-15T15:50:41.089+0000] {dagbag.py:545} INFO - Filling up the DagBag from /home/airflow/.local/lib/python3.11/site-packages/airflow/example_dags/example_short_circuit_decorator.py
[2024-07-15T15:50:41.101+0000] {processor.py:840} INFO - DAG(s) 'example_short_circuit_decorator' retrieved from /home/airflow/.local/lib/python3.11/site-packages/airflow/example_dags/example_short_circuit_decorator.py
[2024-07-15T15:50:41.129+0000] {logging_mixin.py:188} INFO - [2024-07-15T15:50:41.129+0000] {dag.py:3096} INFO - Sync 1 DAGs
[2024-07-15T15:50:41.154+0000] {logging_mixin.py:188} INFO - [2024-07-15T15:50:41.154+0000] {dag.py:3954} INFO - Setting next_dagrun for example_short_circuit_decorator to 2024-07-14 00:00:00+00:00, run_after=2024-07-15 00:00:00+00:00
[2024-07-15T15:50:41.178+0000] {processor.py:183} INFO - Processing /home/airflow/.local/lib/python3.11/site-packages/airflow/example_dags/example_short_circuit_decorator.py took 0.100 seconds
[2024-07-15T15:50:47.263+0000] {processor.py:161} INFO - Started process (PID=23468) to work on /home/airflow/.local/lib/python3.11/site-packages/airflow/example_dags/example_short_circuit_decorator.py
[2024-07-15T15:50:47.268+0000] {processor.py:830} INFO - Processing file /home/airflow/.local/lib/python3.11/site-packages/airflow/example_dags/example_short_circuit_decorator.py for tasks to queue
[2024-07-15T15:50:47.274+0000] {logging_mixin.py:188} INFO - [2024-07-15T15:50:47.273+0000] {dagbag.py:545} INFO - Filling up the DagBag from /home/airflow/.local/lib/python3.11/site-packages/airflow/example_dags/example_short_circuit_decorator.py
[2024-07-15T15:50:47.290+0000] {processor.py:840} INFO - DAG(s) 'example_short_circuit_decorator' retrieved from /home/airflow/.local/lib/python3.11/site-packages/airflow/example_dags/example_short_circuit_decorator.py
[2024-07-15T15:50:47.318+0000] {logging_mixin.py:188} INFO - [2024-07-15T15:50:47.318+0000] {dag.py:3096} INFO - Sync 1 DAGs
[2024-07-15T15:50:47.341+0000] {logging_mixin.py:188} INFO - [2024-07-15T15:50:47.341+0000] {dag.py:3954} INFO - Setting next_dagrun for example_short_circuit_decorator to 2024-07-14 00:00:00+00:00, run_after=2024-07-15 00:00:00+00:00
[2024-07-15T15:50:47.385+0000] {processor.py:183} INFO - Processing /home/airflow/.local/lib/python3.11/site-packages/airflow/example_dags/example_short_circuit_decorator.py took 0.142 seconds
[2024-07-15T15:50:51.933+0000] {processor.py:161} INFO - Started process (PID=23526) to work on /home/airflow/.local/lib/python3.11/site-packages/airflow/example_dags/example_short_circuit_decorator.py
[2024-07-15T15:50:51.934+0000] {processor.py:830} INFO - Processing file /home/airflow/.local/lib/python3.11/site-packages/airflow/example_dags/example_short_circuit_decorator.py for tasks to queue
[2024-07-15T15:50:51.937+0000] {logging_mixin.py:188} INFO - [2024-07-15T15:50:51.936+0000] {dagbag.py:545} INFO - Filling up the DagBag from /home/airflow/.local/lib/python3.11/site-packages/airflow/example_dags/example_short_circuit_decorator.py
[2024-07-15T15:50:51.948+0000] {processor.py:840} INFO - DAG(s) 'example_short_circuit_decorator' retrieved from /home/airflow/.local/lib/python3.11/site-packages/airflow/example_dags/example_short_circuit_decorator.py
[2024-07-15T15:50:51.977+0000] {logging_mixin.py:188} INFO - [2024-07-15T15:50:51.976+0000] {dag.py:3096} INFO - Sync 1 DAGs
[2024-07-15T15:50:52.027+0000] {logging_mixin.py:188} INFO - [2024-07-15T15:50:52.027+0000] {dag.py:3954} INFO - Setting next_dagrun for example_short_circuit_decorator to 2024-07-14 00:00:00+00:00, run_after=2024-07-15 00:00:00+00:00
[2024-07-15T15:50:52.050+0000] {processor.py:183} INFO - Processing /home/airflow/.local/lib/python3.11/site-packages/airflow/example_dags/example_short_circuit_decorator.py took 0.124 seconds
[2024-07-15T15:50:57.455+0000] {processor.py:161} INFO - Started process (PID=23580) to work on /home/airflow/.local/lib/python3.11/site-packages/airflow/example_dags/example_short_circuit_decorator.py
[2024-07-15T15:50:57.456+0000] {processor.py:830} INFO - Processing file /home/airflow/.local/lib/python3.11/site-packages/airflow/example_dags/example_short_circuit_decorator.py for tasks to queue
[2024-07-15T15:50:57.458+0000] {logging_mixin.py:188} INFO - [2024-07-15T15:50:57.458+0000] {dagbag.py:545} INFO - Filling up the DagBag from /home/airflow/.local/lib/python3.11/site-packages/airflow/example_dags/example_short_circuit_decorator.py
[2024-07-15T15:50:57.470+0000] {processor.py:840} INFO - DAG(s) 'example_short_circuit_decorator' retrieved from /home/airflow/.local/lib/python3.11/site-packages/airflow/example_dags/example_short_circuit_decorator.py
[2024-07-15T15:50:57.520+0000] {logging_mixin.py:188} INFO - [2024-07-15T15:50:57.520+0000] {dag.py:3096} INFO - Sync 1 DAGs
[2024-07-15T15:50:57.549+0000] {logging_mixin.py:188} INFO - [2024-07-15T15:50:57.549+0000] {dag.py:3954} INFO - Setting next_dagrun for example_short_circuit_decorator to 2024-07-14 00:00:00+00:00, run_after=2024-07-15 00:00:00+00:00
[2024-07-15T15:50:57.576+0000] {processor.py:183} INFO - Processing /home/airflow/.local/lib/python3.11/site-packages/airflow/example_dags/example_short_circuit_decorator.py took 0.129 seconds
[2024-07-15T15:51:02.736+0000] {processor.py:161} INFO - Started process (PID=23632) to work on /home/airflow/.local/lib/python3.11/site-packages/airflow/example_dags/example_short_circuit_decorator.py
[2024-07-15T15:51:02.737+0000] {processor.py:830} INFO - Processing file /home/airflow/.local/lib/python3.11/site-packages/airflow/example_dags/example_short_circuit_decorator.py for tasks to queue
[2024-07-15T15:51:02.740+0000] {logging_mixin.py:188} INFO - [2024-07-15T15:51:02.739+0000] {dagbag.py:545} INFO - Filling up the DagBag from /home/airflow/.local/lib/python3.11/site-packages/airflow/example_dags/example_short_circuit_decorator.py
[2024-07-15T15:51:02.751+0000] {processor.py:840} INFO - DAG(s) 'example_short_circuit_decorator' retrieved from /home/airflow/.local/lib/python3.11/site-packages/airflow/example_dags/example_short_circuit_decorator.py
[2024-07-15T15:51:02.778+0000] {logging_mixin.py:188} INFO - [2024-07-15T15:51:02.778+0000] {dag.py:3096} INFO - Sync 1 DAGs
[2024-07-15T15:51:02.802+0000] {logging_mixin.py:188} INFO - [2024-07-15T15:51:02.802+0000] {dag.py:3954} INFO - Setting next_dagrun for example_short_circuit_decorator to 2024-07-14 00:00:00+00:00, run_after=2024-07-15 00:00:00+00:00
[2024-07-15T15:51:02.825+0000] {processor.py:183} INFO - Processing /home/airflow/.local/lib/python3.11/site-packages/airflow/example_dags/example_short_circuit_decorator.py took 0.099 seconds
[2024-07-15T15:51:07.725+0000] {processor.py:161} INFO - Started process (PID=23685) to work on /home/airflow/.local/lib/python3.11/site-packages/airflow/example_dags/example_short_circuit_decorator.py
[2024-07-15T15:51:07.727+0000] {processor.py:830} INFO - Processing file /home/airflow/.local/lib/python3.11/site-packages/airflow/example_dags/example_short_circuit_decorator.py for tasks to queue
[2024-07-15T15:51:07.730+0000] {logging_mixin.py:188} INFO - [2024-07-15T15:51:07.729+0000] {dagbag.py:545} INFO - Filling up the DagBag from /home/airflow/.local/lib/python3.11/site-packages/airflow/example_dags/example_short_circuit_decorator.py
[2024-07-15T15:51:07.743+0000] {processor.py:840} INFO - DAG(s) 'example_short_circuit_decorator' retrieved from /home/airflow/.local/lib/python3.11/site-packages/airflow/example_dags/example_short_circuit_decorator.py
[2024-07-15T15:51:07.779+0000] {logging_mixin.py:188} INFO - [2024-07-15T15:51:07.778+0000] {dag.py:3096} INFO - Sync 1 DAGs
[2024-07-15T15:51:07.814+0000] {logging_mixin.py:188} INFO - [2024-07-15T15:51:07.814+0000] {dag.py:3954} INFO - Setting next_dagrun for example_short_circuit_decorator to 2024-07-14 00:00:00+00:00, run_after=2024-07-15 00:00:00+00:00
[2024-07-15T15:51:07.843+0000] {processor.py:183} INFO - Processing /home/airflow/.local/lib/python3.11/site-packages/airflow/example_dags/example_short_circuit_decorator.py took 0.127 seconds
[2024-07-15T15:51:12.988+0000] {processor.py:161} INFO - Started process (PID=23737) to work on /home/airflow/.local/lib/python3.11/site-packages/airflow/example_dags/example_short_circuit_decorator.py
[2024-07-15T15:51:12.989+0000] {processor.py:830} INFO - Processing file /home/airflow/.local/lib/python3.11/site-packages/airflow/example_dags/example_short_circuit_decorator.py for tasks to queue
[2024-07-15T15:51:12.993+0000] {logging_mixin.py:188} INFO - [2024-07-15T15:51:12.992+0000] {dagbag.py:545} INFO - Filling up the DagBag from /home/airflow/.local/lib/python3.11/site-packages/airflow/example_dags/example_short_circuit_decorator.py
[2024-07-15T15:51:13.007+0000] {processor.py:840} INFO - DAG(s) 'example_short_circuit_decorator' retrieved from /home/airflow/.local/lib/python3.11/site-packages/airflow/example_dags/example_short_circuit_decorator.py
[2024-07-15T15:51:13.043+0000] {logging_mixin.py:188} INFO - [2024-07-15T15:51:13.042+0000] {dag.py:3096} INFO - Sync 1 DAGs
[2024-07-15T15:51:13.083+0000] {logging_mixin.py:188} INFO - [2024-07-15T15:51:13.082+0000] {dag.py:3954} INFO - Setting next_dagrun for example_short_circuit_decorator to 2024-07-14 00:00:00+00:00, run_after=2024-07-15 00:00:00+00:00
[2024-07-15T15:51:13.113+0000] {processor.py:183} INFO - Processing /home/airflow/.local/lib/python3.11/site-packages/airflow/example_dags/example_short_circuit_decorator.py took 0.135 seconds
[2024-07-15T15:51:17.387+0000] {processor.py:161} INFO - Started process (PID=23790) to work on /home/airflow/.local/lib/python3.11/site-packages/airflow/example_dags/example_short_circuit_decorator.py
[2024-07-15T15:51:17.388+0000] {processor.py:830} INFO - Processing file /home/airflow/.local/lib/python3.11/site-packages/airflow/example_dags/example_short_circuit_decorator.py for tasks to queue
[2024-07-15T15:51:17.391+0000] {logging_mixin.py:188} INFO - [2024-07-15T15:51:17.390+0000] {dagbag.py:545} INFO - Filling up the DagBag from /home/airflow/.local/lib/python3.11/site-packages/airflow/example_dags/example_short_circuit_decorator.py
[2024-07-15T15:51:17.403+0000] {processor.py:840} INFO - DAG(s) 'example_short_circuit_decorator' retrieved from /home/airflow/.local/lib/python3.11/site-packages/airflow/example_dags/example_short_circuit_decorator.py
[2024-07-15T15:51:17.430+0000] {logging_mixin.py:188} INFO - [2024-07-15T15:51:17.430+0000] {dag.py:3096} INFO - Sync 1 DAGs
[2024-07-15T15:51:17.457+0000] {logging_mixin.py:188} INFO - [2024-07-15T15:51:17.456+0000] {dag.py:3954} INFO - Setting next_dagrun for example_short_circuit_decorator to 2024-07-14 00:00:00+00:00, run_after=2024-07-15 00:00:00+00:00
[2024-07-15T15:51:17.480+0000] {processor.py:183} INFO - Processing /home/airflow/.local/lib/python3.11/site-packages/airflow/example_dags/example_short_circuit_decorator.py took 0.102 seconds
[2024-07-15T15:51:23.030+0000] {processor.py:161} INFO - Started process (PID=23848) to work on /home/airflow/.local/lib/python3.11/site-packages/airflow/example_dags/example_short_circuit_decorator.py
[2024-07-15T15:51:23.031+0000] {processor.py:830} INFO - Processing file /home/airflow/.local/lib/python3.11/site-packages/airflow/example_dags/example_short_circuit_decorator.py for tasks to queue
[2024-07-15T15:51:23.034+0000] {logging_mixin.py:188} INFO - [2024-07-15T15:51:23.033+0000] {dagbag.py:545} INFO - Filling up the DagBag from /home/airflow/.local/lib/python3.11/site-packages/airflow/example_dags/example_short_circuit_decorator.py
[2024-07-15T15:51:23.073+0000] {processor.py:840} INFO - DAG(s) 'example_short_circuit_decorator' retrieved from /home/airflow/.local/lib/python3.11/site-packages/airflow/example_dags/example_short_circuit_decorator.py
[2024-07-15T15:51:23.115+0000] {logging_mixin.py:188} INFO - [2024-07-15T15:51:23.115+0000] {dag.py:3096} INFO - Sync 1 DAGs
[2024-07-15T15:51:23.143+0000] {logging_mixin.py:188} INFO - [2024-07-15T15:51:23.142+0000] {dag.py:3954} INFO - Setting next_dagrun for example_short_circuit_decorator to 2024-07-14 00:00:00+00:00, run_after=2024-07-15 00:00:00+00:00
[2024-07-15T15:51:23.192+0000] {processor.py:183} INFO - Processing /home/airflow/.local/lib/python3.11/site-packages/airflow/example_dags/example_short_circuit_decorator.py took 0.169 seconds
[2024-07-15T15:52:55.619+0000] {processor.py:161} INFO - Started process (PID=24815) to work on /home/airflow/.local/lib/python3.11/site-packages/airflow/example_dags/example_short_circuit_decorator.py
[2024-07-15T15:52:55.620+0000] {processor.py:830} INFO - Processing file /home/airflow/.local/lib/python3.11/site-packages/airflow/example_dags/example_short_circuit_decorator.py for tasks to queue
[2024-07-15T15:52:55.623+0000] {logging_mixin.py:188} INFO - [2024-07-15T15:52:55.623+0000] {dagbag.py:545} INFO - Filling up the DagBag from /home/airflow/.local/lib/python3.11/site-packages/airflow/example_dags/example_short_circuit_decorator.py
[2024-07-15T15:52:55.645+0000] {processor.py:840} INFO - DAG(s) 'example_short_circuit_decorator' retrieved from /home/airflow/.local/lib/python3.11/site-packages/airflow/example_dags/example_short_circuit_decorator.py
[2024-07-15T15:52:55.703+0000] {logging_mixin.py:188} INFO - [2024-07-15T15:52:55.702+0000] {dag.py:3096} INFO - Sync 1 DAGs
[2024-07-15T15:52:55.749+0000] {logging_mixin.py:188} INFO - [2024-07-15T15:52:55.749+0000] {dag.py:3954} INFO - Setting next_dagrun for example_short_circuit_decorator to 2024-07-14 00:00:00+00:00, run_after=2024-07-15 00:00:00+00:00
[2024-07-15T15:52:55.779+0000] {processor.py:183} INFO - Processing /home/airflow/.local/lib/python3.11/site-packages/airflow/example_dags/example_short_circuit_decorator.py took 0.171 seconds
[2024-07-15T15:53:04.838+0000] {processor.py:161} INFO - Started process (PID=24868) to work on /home/airflow/.local/lib/python3.11/site-packages/airflow/example_dags/example_short_circuit_decorator.py
[2024-07-15T15:53:04.840+0000] {processor.py:830} INFO - Processing file /home/airflow/.local/lib/python3.11/site-packages/airflow/example_dags/example_short_circuit_decorator.py for tasks to queue
[2024-07-15T15:53:04.843+0000] {logging_mixin.py:188} INFO - [2024-07-15T15:53:04.843+0000] {dagbag.py:545} INFO - Filling up the DagBag from /home/airflow/.local/lib/python3.11/site-packages/airflow/example_dags/example_short_circuit_decorator.py
[2024-07-15T15:53:04.862+0000] {processor.py:840} INFO - DAG(s) 'example_short_circuit_decorator' retrieved from /home/airflow/.local/lib/python3.11/site-packages/airflow/example_dags/example_short_circuit_decorator.py
[2024-07-15T15:53:04.896+0000] {logging_mixin.py:188} INFO - [2024-07-15T15:53:04.896+0000] {dag.py:3096} INFO - Sync 1 DAGs
[2024-07-15T15:53:04.928+0000] {logging_mixin.py:188} INFO - [2024-07-15T15:53:04.928+0000] {dag.py:3954} INFO - Setting next_dagrun for example_short_circuit_decorator to 2024-07-14 00:00:00+00:00, run_after=2024-07-15 00:00:00+00:00
[2024-07-15T15:53:04.958+0000] {processor.py:183} INFO - Processing /home/airflow/.local/lib/python3.11/site-packages/airflow/example_dags/example_short_circuit_decorator.py took 0.133 seconds
[2024-07-15T15:53:09.875+0000] {processor.py:161} INFO - Started process (PID=24920) to work on /home/airflow/.local/lib/python3.11/site-packages/airflow/example_dags/example_short_circuit_decorator.py
[2024-07-15T15:53:09.877+0000] {processor.py:830} INFO - Processing file /home/airflow/.local/lib/python3.11/site-packages/airflow/example_dags/example_short_circuit_decorator.py for tasks to queue
[2024-07-15T15:53:09.879+0000] {logging_mixin.py:188} INFO - [2024-07-15T15:53:09.879+0000] {dagbag.py:545} INFO - Filling up the DagBag from /home/airflow/.local/lib/python3.11/site-packages/airflow/example_dags/example_short_circuit_decorator.py
[2024-07-15T15:53:09.890+0000] {processor.py:840} INFO - DAG(s) 'example_short_circuit_decorator' retrieved from /home/airflow/.local/lib/python3.11/site-packages/airflow/example_dags/example_short_circuit_decorator.py
[2024-07-15T15:53:09.921+0000] {logging_mixin.py:188} INFO - [2024-07-15T15:53:09.920+0000] {dag.py:3096} INFO - Sync 1 DAGs
[2024-07-15T15:53:09.946+0000] {logging_mixin.py:188} INFO - [2024-07-15T15:53:09.946+0000] {dag.py:3954} INFO - Setting next_dagrun for example_short_circuit_decorator to 2024-07-14 00:00:00+00:00, run_after=2024-07-15 00:00:00+00:00
[2024-07-15T15:53:09.970+0000] {processor.py:183} INFO - Processing /home/airflow/.local/lib/python3.11/site-packages/airflow/example_dags/example_short_circuit_decorator.py took 0.102 seconds
[2024-07-15T15:53:15.264+0000] {processor.py:161} INFO - Started process (PID=24974) to work on /home/airflow/.local/lib/python3.11/site-packages/airflow/example_dags/example_short_circuit_decorator.py
[2024-07-15T15:53:15.266+0000] {processor.py:830} INFO - Processing file /home/airflow/.local/lib/python3.11/site-packages/airflow/example_dags/example_short_circuit_decorator.py for tasks to queue
[2024-07-15T15:53:15.269+0000] {logging_mixin.py:188} INFO - [2024-07-15T15:53:15.269+0000] {dagbag.py:545} INFO - Filling up the DagBag from /home/airflow/.local/lib/python3.11/site-packages/airflow/example_dags/example_short_circuit_decorator.py
[2024-07-15T15:53:15.286+0000] {processor.py:840} INFO - DAG(s) 'example_short_circuit_decorator' retrieved from /home/airflow/.local/lib/python3.11/site-packages/airflow/example_dags/example_short_circuit_decorator.py
[2024-07-15T15:53:15.333+0000] {logging_mixin.py:188} INFO - [2024-07-15T15:53:15.332+0000] {dag.py:3096} INFO - Sync 1 DAGs
[2024-07-15T15:53:15.370+0000] {logging_mixin.py:188} INFO - [2024-07-15T15:53:15.370+0000] {dag.py:3954} INFO - Setting next_dagrun for example_short_circuit_decorator to 2024-07-14 00:00:00+00:00, run_after=2024-07-15 00:00:00+00:00
[2024-07-15T15:53:15.399+0000] {processor.py:183} INFO - Processing /home/airflow/.local/lib/python3.11/site-packages/airflow/example_dags/example_short_circuit_decorator.py took 0.144 seconds
[2024-07-15T15:53:20.472+0000] {processor.py:161} INFO - Started process (PID=25026) to work on /home/airflow/.local/lib/python3.11/site-packages/airflow/example_dags/example_short_circuit_decorator.py
[2024-07-15T15:53:20.473+0000] {processor.py:830} INFO - Processing file /home/airflow/.local/lib/python3.11/site-packages/airflow/example_dags/example_short_circuit_decorator.py for tasks to queue
[2024-07-15T15:53:20.476+0000] {logging_mixin.py:188} INFO - [2024-07-15T15:53:20.476+0000] {dagbag.py:545} INFO - Filling up the DagBag from /home/airflow/.local/lib/python3.11/site-packages/airflow/example_dags/example_short_circuit_decorator.py
[2024-07-15T15:53:20.491+0000] {processor.py:840} INFO - DAG(s) 'example_short_circuit_decorator' retrieved from /home/airflow/.local/lib/python3.11/site-packages/airflow/example_dags/example_short_circuit_decorator.py
[2024-07-15T15:53:20.528+0000] {logging_mixin.py:188} INFO - [2024-07-15T15:53:20.527+0000] {dag.py:3096} INFO - Sync 1 DAGs
[2024-07-15T15:53:20.558+0000] {logging_mixin.py:188} INFO - [2024-07-15T15:53:20.558+0000] {dag.py:3954} INFO - Setting next_dagrun for example_short_circuit_decorator to 2024-07-14 00:00:00+00:00, run_after=2024-07-15 00:00:00+00:00
[2024-07-15T15:53:20.586+0000] {processor.py:183} INFO - Processing /home/airflow/.local/lib/python3.11/site-packages/airflow/example_dags/example_short_circuit_decorator.py took 0.126 seconds
[2024-07-15T15:53:25.151+0000] {processor.py:161} INFO - Started process (PID=25086) to work on /home/airflow/.local/lib/python3.11/site-packages/airflow/example_dags/example_short_circuit_decorator.py
[2024-07-15T15:53:25.152+0000] {processor.py:830} INFO - Processing file /home/airflow/.local/lib/python3.11/site-packages/airflow/example_dags/example_short_circuit_decorator.py for tasks to queue
[2024-07-15T15:53:25.155+0000] {logging_mixin.py:188} INFO - [2024-07-15T15:53:25.154+0000] {dagbag.py:545} INFO - Filling up the DagBag from /home/airflow/.local/lib/python3.11/site-packages/airflow/example_dags/example_short_circuit_decorator.py
[2024-07-15T15:53:25.167+0000] {processor.py:840} INFO - DAG(s) 'example_short_circuit_decorator' retrieved from /home/airflow/.local/lib/python3.11/site-packages/airflow/example_dags/example_short_circuit_decorator.py
[2024-07-15T15:53:25.196+0000] {logging_mixin.py:188} INFO - [2024-07-15T15:53:25.196+0000] {dag.py:3096} INFO - Sync 1 DAGs
[2024-07-15T15:53:25.225+0000] {logging_mixin.py:188} INFO - [2024-07-15T15:53:25.225+0000] {dag.py:3954} INFO - Setting next_dagrun for example_short_circuit_decorator to 2024-07-14 00:00:00+00:00, run_after=2024-07-15 00:00:00+00:00
[2024-07-15T15:53:25.249+0000] {processor.py:183} INFO - Processing /home/airflow/.local/lib/python3.11/site-packages/airflow/example_dags/example_short_circuit_decorator.py took 0.107 seconds
[2024-07-15T15:53:30.251+0000] {processor.py:161} INFO - Started process (PID=25138) to work on /home/airflow/.local/lib/python3.11/site-packages/airflow/example_dags/example_short_circuit_decorator.py
[2024-07-15T15:53:30.253+0000] {processor.py:830} INFO - Processing file /home/airflow/.local/lib/python3.11/site-packages/airflow/example_dags/example_short_circuit_decorator.py for tasks to queue
[2024-07-15T15:53:30.255+0000] {logging_mixin.py:188} INFO - [2024-07-15T15:53:30.255+0000] {dagbag.py:545} INFO - Filling up the DagBag from /home/airflow/.local/lib/python3.11/site-packages/airflow/example_dags/example_short_circuit_decorator.py
[2024-07-15T15:53:30.268+0000] {processor.py:840} INFO - DAG(s) 'example_short_circuit_decorator' retrieved from /home/airflow/.local/lib/python3.11/site-packages/airflow/example_dags/example_short_circuit_decorator.py
[2024-07-15T15:53:30.301+0000] {logging_mixin.py:188} INFO - [2024-07-15T15:53:30.301+0000] {dag.py:3096} INFO - Sync 1 DAGs
[2024-07-15T15:53:30.331+0000] {logging_mixin.py:188} INFO - [2024-07-15T15:53:30.330+0000] {dag.py:3954} INFO - Setting next_dagrun for example_short_circuit_decorator to 2024-07-14 00:00:00+00:00, run_after=2024-07-15 00:00:00+00:00
[2024-07-15T15:53:30.360+0000] {processor.py:183} INFO - Processing /home/airflow/.local/lib/python3.11/site-packages/airflow/example_dags/example_short_circuit_decorator.py took 0.117 seconds
[2024-07-15T15:53:36.081+0000] {processor.py:161} INFO - Started process (PID=25192) to work on /home/airflow/.local/lib/python3.11/site-packages/airflow/example_dags/example_short_circuit_decorator.py
[2024-07-15T15:53:36.083+0000] {processor.py:830} INFO - Processing file /home/airflow/.local/lib/python3.11/site-packages/airflow/example_dags/example_short_circuit_decorator.py for tasks to queue
[2024-07-15T15:53:36.087+0000] {logging_mixin.py:188} INFO - [2024-07-15T15:53:36.087+0000] {dagbag.py:545} INFO - Filling up the DagBag from /home/airflow/.local/lib/python3.11/site-packages/airflow/example_dags/example_short_circuit_decorator.py
[2024-07-15T15:53:36.108+0000] {processor.py:840} INFO - DAG(s) 'example_short_circuit_decorator' retrieved from /home/airflow/.local/lib/python3.11/site-packages/airflow/example_dags/example_short_circuit_decorator.py
[2024-07-15T15:53:36.175+0000] {logging_mixin.py:188} INFO - [2024-07-15T15:53:36.175+0000] {dag.py:3096} INFO - Sync 1 DAGs
[2024-07-15T15:53:36.242+0000] {logging_mixin.py:188} INFO - [2024-07-15T15:53:36.242+0000] {dag.py:3954} INFO - Setting next_dagrun for example_short_circuit_decorator to 2024-07-14 00:00:00+00:00, run_after=2024-07-15 00:00:00+00:00
[2024-07-15T15:53:36.287+0000] {processor.py:183} INFO - Processing /home/airflow/.local/lib/python3.11/site-packages/airflow/example_dags/example_short_circuit_decorator.py took 0.238 seconds
[2024-07-15T15:53:41.082+0000] {processor.py:161} INFO - Started process (PID=25244) to work on /home/airflow/.local/lib/python3.11/site-packages/airflow/example_dags/example_short_circuit_decorator.py
[2024-07-15T15:53:41.084+0000] {processor.py:830} INFO - Processing file /home/airflow/.local/lib/python3.11/site-packages/airflow/example_dags/example_short_circuit_decorator.py for tasks to queue
[2024-07-15T15:53:41.089+0000] {logging_mixin.py:188} INFO - [2024-07-15T15:53:41.088+0000] {dagbag.py:545} INFO - Filling up the DagBag from /home/airflow/.local/lib/python3.11/site-packages/airflow/example_dags/example_short_circuit_decorator.py
[2024-07-15T15:53:41.116+0000] {processor.py:840} INFO - DAG(s) 'example_short_circuit_decorator' retrieved from /home/airflow/.local/lib/python3.11/site-packages/airflow/example_dags/example_short_circuit_decorator.py
[2024-07-15T15:53:41.162+0000] {logging_mixin.py:188} INFO - [2024-07-15T15:53:41.162+0000] {dag.py:3096} INFO - Sync 1 DAGs
[2024-07-15T15:53:41.199+0000] {logging_mixin.py:188} INFO - [2024-07-15T15:53:41.199+0000] {dag.py:3954} INFO - Setting next_dagrun for example_short_circuit_decorator to 2024-07-14 00:00:00+00:00, run_after=2024-07-15 00:00:00+00:00
[2024-07-15T15:53:41.228+0000] {processor.py:183} INFO - Processing /home/airflow/.local/lib/python3.11/site-packages/airflow/example_dags/example_short_circuit_decorator.py took 0.160 seconds
[2024-07-15T15:53:46.172+0000] {processor.py:161} INFO - Started process (PID=25298) to work on /home/airflow/.local/lib/python3.11/site-packages/airflow/example_dags/example_short_circuit_decorator.py
[2024-07-15T15:53:46.173+0000] {processor.py:830} INFO - Processing file /home/airflow/.local/lib/python3.11/site-packages/airflow/example_dags/example_short_circuit_decorator.py for tasks to queue
[2024-07-15T15:53:46.176+0000] {logging_mixin.py:188} INFO - [2024-07-15T15:53:46.176+0000] {dagbag.py:545} INFO - Filling up the DagBag from /home/airflow/.local/lib/python3.11/site-packages/airflow/example_dags/example_short_circuit_decorator.py
[2024-07-15T15:53:46.187+0000] {processor.py:840} INFO - DAG(s) 'example_short_circuit_decorator' retrieved from /home/airflow/.local/lib/python3.11/site-packages/airflow/example_dags/example_short_circuit_decorator.py
[2024-07-15T15:53:46.214+0000] {logging_mixin.py:188} INFO - [2024-07-15T15:53:46.214+0000] {dag.py:3096} INFO - Sync 1 DAGs
[2024-07-15T15:53:46.241+0000] {logging_mixin.py:188} INFO - [2024-07-15T15:53:46.240+0000] {dag.py:3954} INFO - Setting next_dagrun for example_short_circuit_decorator to 2024-07-14 00:00:00+00:00, run_after=2024-07-15 00:00:00+00:00
[2024-07-15T15:53:46.266+0000] {processor.py:183} INFO - Processing /home/airflow/.local/lib/python3.11/site-packages/airflow/example_dags/example_short_circuit_decorator.py took 0.105 seconds
[2024-07-15T15:53:52.425+0000] {processor.py:161} INFO - Started process (PID=25356) to work on /home/airflow/.local/lib/python3.11/site-packages/airflow/example_dags/example_short_circuit_decorator.py
[2024-07-15T15:53:52.428+0000] {processor.py:830} INFO - Processing file /home/airflow/.local/lib/python3.11/site-packages/airflow/example_dags/example_short_circuit_decorator.py for tasks to queue
[2024-07-15T15:53:52.432+0000] {logging_mixin.py:188} INFO - [2024-07-15T15:53:52.431+0000] {dagbag.py:545} INFO - Filling up the DagBag from /home/airflow/.local/lib/python3.11/site-packages/airflow/example_dags/example_short_circuit_decorator.py
[2024-07-15T15:53:52.453+0000] {processor.py:840} INFO - DAG(s) 'example_short_circuit_decorator' retrieved from /home/airflow/.local/lib/python3.11/site-packages/airflow/example_dags/example_short_circuit_decorator.py
[2024-07-15T15:53:52.505+0000] {logging_mixin.py:188} INFO - [2024-07-15T15:53:52.505+0000] {dag.py:3096} INFO - Sync 1 DAGs
[2024-07-15T15:53:52.552+0000] {logging_mixin.py:188} INFO - [2024-07-15T15:53:52.551+0000] {dag.py:3954} INFO - Setting next_dagrun for example_short_circuit_decorator to 2024-07-14 00:00:00+00:00, run_after=2024-07-15 00:00:00+00:00
[2024-07-15T15:53:52.593+0000] {processor.py:183} INFO - Processing /home/airflow/.local/lib/python3.11/site-packages/airflow/example_dags/example_short_circuit_decorator.py took 0.192 seconds
[2024-07-15T15:53:58.187+0000] {processor.py:161} INFO - Started process (PID=25409) to work on /home/airflow/.local/lib/python3.11/site-packages/airflow/example_dags/example_short_circuit_decorator.py
[2024-07-15T15:53:58.188+0000] {processor.py:830} INFO - Processing file /home/airflow/.local/lib/python3.11/site-packages/airflow/example_dags/example_short_circuit_decorator.py for tasks to queue
[2024-07-15T15:53:58.191+0000] {logging_mixin.py:188} INFO - [2024-07-15T15:53:58.191+0000] {dagbag.py:545} INFO - Filling up the DagBag from /home/airflow/.local/lib/python3.11/site-packages/airflow/example_dags/example_short_circuit_decorator.py
[2024-07-15T15:53:58.205+0000] {processor.py:840} INFO - DAG(s) 'example_short_circuit_decorator' retrieved from /home/airflow/.local/lib/python3.11/site-packages/airflow/example_dags/example_short_circuit_decorator.py
[2024-07-15T15:53:58.242+0000] {logging_mixin.py:188} INFO - [2024-07-15T15:53:58.242+0000] {dag.py:3096} INFO - Sync 1 DAGs
[2024-07-15T15:53:58.275+0000] {logging_mixin.py:188} INFO - [2024-07-15T15:53:58.275+0000] {dag.py:3954} INFO - Setting next_dagrun for example_short_circuit_decorator to 2024-07-14 00:00:00+00:00, run_after=2024-07-15 00:00:00+00:00
[2024-07-15T15:53:58.302+0000] {processor.py:183} INFO - Processing /home/airflow/.local/lib/python3.11/site-packages/airflow/example_dags/example_short_circuit_decorator.py took 0.123 seconds
[2024-07-15T15:54:03.437+0000] {processor.py:161} INFO - Started process (PID=25461) to work on /home/airflow/.local/lib/python3.11/site-packages/airflow/example_dags/example_short_circuit_decorator.py
[2024-07-15T15:54:03.439+0000] {processor.py:830} INFO - Processing file /home/airflow/.local/lib/python3.11/site-packages/airflow/example_dags/example_short_circuit_decorator.py for tasks to queue
[2024-07-15T15:54:03.442+0000] {logging_mixin.py:188} INFO - [2024-07-15T15:54:03.441+0000] {dagbag.py:545} INFO - Filling up the DagBag from /home/airflow/.local/lib/python3.11/site-packages/airflow/example_dags/example_short_circuit_decorator.py
[2024-07-15T15:54:03.457+0000] {processor.py:840} INFO - DAG(s) 'example_short_circuit_decorator' retrieved from /home/airflow/.local/lib/python3.11/site-packages/airflow/example_dags/example_short_circuit_decorator.py
[2024-07-15T15:54:03.496+0000] {logging_mixin.py:188} INFO - [2024-07-15T15:54:03.496+0000] {dag.py:3096} INFO - Sync 1 DAGs
[2024-07-15T15:54:03.534+0000] {logging_mixin.py:188} INFO - [2024-07-15T15:54:03.534+0000] {dag.py:3954} INFO - Setting next_dagrun for example_short_circuit_decorator to 2024-07-14 00:00:00+00:00, run_after=2024-07-15 00:00:00+00:00
[2024-07-15T15:54:03.560+0000] {processor.py:183} INFO - Processing /home/airflow/.local/lib/python3.11/site-packages/airflow/example_dags/example_short_circuit_decorator.py took 0.134 seconds
[2024-07-15T15:54:09.582+0000] {processor.py:161} INFO - Started process (PID=25515) to work on /home/airflow/.local/lib/python3.11/site-packages/airflow/example_dags/example_short_circuit_decorator.py
[2024-07-15T15:54:09.583+0000] {processor.py:830} INFO - Processing file /home/airflow/.local/lib/python3.11/site-packages/airflow/example_dags/example_short_circuit_decorator.py for tasks to queue
[2024-07-15T15:54:09.585+0000] {logging_mixin.py:188} INFO - [2024-07-15T15:54:09.585+0000] {dagbag.py:545} INFO - Filling up the DagBag from /home/airflow/.local/lib/python3.11/site-packages/airflow/example_dags/example_short_circuit_decorator.py
[2024-07-15T15:54:09.596+0000] {processor.py:840} INFO - DAG(s) 'example_short_circuit_decorator' retrieved from /home/airflow/.local/lib/python3.11/site-packages/airflow/example_dags/example_short_circuit_decorator.py
[2024-07-15T15:54:09.627+0000] {logging_mixin.py:188} INFO - [2024-07-15T15:54:09.626+0000] {dag.py:3096} INFO - Sync 1 DAGs
[2024-07-15T15:54:09.656+0000] {logging_mixin.py:188} INFO - [2024-07-15T15:54:09.655+0000] {dag.py:3954} INFO - Setting next_dagrun for example_short_circuit_decorator to 2024-07-14 00:00:00+00:00, run_after=2024-07-15 00:00:00+00:00
[2024-07-15T15:54:09.679+0000] {processor.py:183} INFO - Processing /home/airflow/.local/lib/python3.11/site-packages/airflow/example_dags/example_short_circuit_decorator.py took 0.105 seconds
[2024-07-15T15:54:15.680+0000] {processor.py:161} INFO - Started process (PID=25567) to work on /home/airflow/.local/lib/python3.11/site-packages/airflow/example_dags/example_short_circuit_decorator.py
[2024-07-15T15:54:15.682+0000] {processor.py:830} INFO - Processing file /home/airflow/.local/lib/python3.11/site-packages/airflow/example_dags/example_short_circuit_decorator.py for tasks to queue
[2024-07-15T15:54:15.685+0000] {logging_mixin.py:188} INFO - [2024-07-15T15:54:15.684+0000] {dagbag.py:545} INFO - Filling up the DagBag from /home/airflow/.local/lib/python3.11/site-packages/airflow/example_dags/example_short_circuit_decorator.py
[2024-07-15T15:54:15.698+0000] {processor.py:840} INFO - DAG(s) 'example_short_circuit_decorator' retrieved from /home/airflow/.local/lib/python3.11/site-packages/airflow/example_dags/example_short_circuit_decorator.py
[2024-07-15T15:54:15.730+0000] {logging_mixin.py:188} INFO - [2024-07-15T15:54:15.730+0000] {dag.py:3096} INFO - Sync 1 DAGs
[2024-07-15T15:54:15.758+0000] {logging_mixin.py:188} INFO - [2024-07-15T15:54:15.758+0000] {dag.py:3954} INFO - Setting next_dagrun for example_short_circuit_decorator to 2024-07-14 00:00:00+00:00, run_after=2024-07-15 00:00:00+00:00
[2024-07-15T15:54:15.785+0000] {processor.py:183} INFO - Processing /home/airflow/.local/lib/python3.11/site-packages/airflow/example_dags/example_short_circuit_decorator.py took 0.115 seconds
[2024-07-15T15:54:20.563+0000] {processor.py:161} INFO - Started process (PID=25620) to work on /home/airflow/.local/lib/python3.11/site-packages/airflow/example_dags/example_short_circuit_decorator.py
[2024-07-15T15:54:20.564+0000] {processor.py:830} INFO - Processing file /home/airflow/.local/lib/python3.11/site-packages/airflow/example_dags/example_short_circuit_decorator.py for tasks to queue
[2024-07-15T15:54:20.567+0000] {logging_mixin.py:188} INFO - [2024-07-15T15:54:20.567+0000] {dagbag.py:545} INFO - Filling up the DagBag from /home/airflow/.local/lib/python3.11/site-packages/airflow/example_dags/example_short_circuit_decorator.py
[2024-07-15T15:54:20.581+0000] {processor.py:840} INFO - DAG(s) 'example_short_circuit_decorator' retrieved from /home/airflow/.local/lib/python3.11/site-packages/airflow/example_dags/example_short_circuit_decorator.py
[2024-07-15T15:54:20.614+0000] {logging_mixin.py:188} INFO - [2024-07-15T15:54:20.613+0000] {dag.py:3096} INFO - Sync 1 DAGs
[2024-07-15T15:54:20.640+0000] {logging_mixin.py:188} INFO - [2024-07-15T15:54:20.640+0000] {dag.py:3954} INFO - Setting next_dagrun for example_short_circuit_decorator to 2024-07-14 00:00:00+00:00, run_after=2024-07-15 00:00:00+00:00
[2024-07-15T15:54:20.666+0000] {processor.py:183} INFO - Processing /home/airflow/.local/lib/python3.11/site-packages/airflow/example_dags/example_short_circuit_decorator.py took 0.113 seconds
[2024-07-15T15:54:27.179+0000] {processor.py:161} INFO - Started process (PID=25678) to work on /home/airflow/.local/lib/python3.11/site-packages/airflow/example_dags/example_short_circuit_decorator.py
[2024-07-15T15:54:27.181+0000] {processor.py:830} INFO - Processing file /home/airflow/.local/lib/python3.11/site-packages/airflow/example_dags/example_short_circuit_decorator.py for tasks to queue
[2024-07-15T15:54:27.185+0000] {logging_mixin.py:188} INFO - [2024-07-15T15:54:27.184+0000] {dagbag.py:545} INFO - Filling up the DagBag from /home/airflow/.local/lib/python3.11/site-packages/airflow/example_dags/example_short_circuit_decorator.py
[2024-07-15T15:54:27.206+0000] {processor.py:840} INFO - DAG(s) 'example_short_circuit_decorator' retrieved from /home/airflow/.local/lib/python3.11/site-packages/airflow/example_dags/example_short_circuit_decorator.py
[2024-07-15T15:54:27.262+0000] {logging_mixin.py:188} INFO - [2024-07-15T15:54:27.262+0000] {dag.py:3096} INFO - Sync 1 DAGs
[2024-07-15T15:54:27.307+0000] {logging_mixin.py:188} INFO - [2024-07-15T15:54:27.307+0000] {dag.py:3954} INFO - Setting next_dagrun for example_short_circuit_decorator to 2024-07-14 00:00:00+00:00, run_after=2024-07-15 00:00:00+00:00
[2024-07-15T15:54:27.340+0000] {processor.py:183} INFO - Processing /home/airflow/.local/lib/python3.11/site-packages/airflow/example_dags/example_short_circuit_decorator.py took 0.170 seconds
[2024-07-15T15:54:39.148+0000] {processor.py:161} INFO - Started process (PID=25731) to work on /home/airflow/.local/lib/python3.11/site-packages/airflow/example_dags/example_short_circuit_decorator.py
[2024-07-15T15:54:39.150+0000] {processor.py:830} INFO - Processing file /home/airflow/.local/lib/python3.11/site-packages/airflow/example_dags/example_short_circuit_decorator.py for tasks to queue
[2024-07-15T15:54:39.155+0000] {logging_mixin.py:188} INFO - [2024-07-15T15:54:39.154+0000] {dagbag.py:545} INFO - Filling up the DagBag from /home/airflow/.local/lib/python3.11/site-packages/airflow/example_dags/example_short_circuit_decorator.py
[2024-07-15T15:54:39.180+0000] {processor.py:840} INFO - DAG(s) 'example_short_circuit_decorator' retrieved from /home/airflow/.local/lib/python3.11/site-packages/airflow/example_dags/example_short_circuit_decorator.py
[2024-07-15T15:54:39.247+0000] {logging_mixin.py:188} INFO - [2024-07-15T15:54:39.246+0000] {dag.py:3096} INFO - Sync 1 DAGs
[2024-07-15T15:54:39.542+0000] {logging_mixin.py:188} INFO - [2024-07-15T15:54:39.541+0000] {dag.py:3954} INFO - Setting next_dagrun for example_short_circuit_decorator to 2024-07-14 00:00:00+00:00, run_after=2024-07-15 00:00:00+00:00
[2024-07-15T15:54:39.573+0000] {processor.py:183} INFO - Processing /home/airflow/.local/lib/python3.11/site-packages/airflow/example_dags/example_short_circuit_decorator.py took 0.437 seconds
[2024-07-15T15:54:47.294+0000] {processor.py:161} INFO - Started process (PID=25783) to work on /home/airflow/.local/lib/python3.11/site-packages/airflow/example_dags/example_short_circuit_decorator.py
[2024-07-15T15:54:47.296+0000] {processor.py:830} INFO - Processing file /home/airflow/.local/lib/python3.11/site-packages/airflow/example_dags/example_short_circuit_decorator.py for tasks to queue
[2024-07-15T15:54:47.301+0000] {logging_mixin.py:188} INFO - [2024-07-15T15:54:47.300+0000] {dagbag.py:545} INFO - Filling up the DagBag from /home/airflow/.local/lib/python3.11/site-packages/airflow/example_dags/example_short_circuit_decorator.py
[2024-07-15T15:54:47.333+0000] {processor.py:840} INFO - DAG(s) 'example_short_circuit_decorator' retrieved from /home/airflow/.local/lib/python3.11/site-packages/airflow/example_dags/example_short_circuit_decorator.py
[2024-07-15T15:54:47.406+0000] {logging_mixin.py:188} INFO - [2024-07-15T15:54:47.406+0000] {dag.py:3096} INFO - Sync 1 DAGs
[2024-07-15T15:54:47.459+0000] {logging_mixin.py:188} INFO - [2024-07-15T15:54:47.459+0000] {dag.py:3954} INFO - Setting next_dagrun for example_short_circuit_decorator to 2024-07-14 00:00:00+00:00, run_after=2024-07-15 00:00:00+00:00
[2024-07-15T15:54:47.494+0000] {processor.py:183} INFO - Processing /home/airflow/.local/lib/python3.11/site-packages/airflow/example_dags/example_short_circuit_decorator.py took 0.216 seconds
[2024-07-15T15:54:57.695+0000] {processor.py:161} INFO - Started process (PID=25843) to work on /home/airflow/.local/lib/python3.11/site-packages/airflow/example_dags/example_short_circuit_decorator.py
[2024-07-15T15:54:57.697+0000] {processor.py:830} INFO - Processing file /home/airflow/.local/lib/python3.11/site-packages/airflow/example_dags/example_short_circuit_decorator.py for tasks to queue
[2024-07-15T15:54:57.700+0000] {logging_mixin.py:188} INFO - [2024-07-15T15:54:57.700+0000] {dagbag.py:545} INFO - Filling up the DagBag from /home/airflow/.local/lib/python3.11/site-packages/airflow/example_dags/example_short_circuit_decorator.py
[2024-07-15T15:54:57.723+0000] {processor.py:840} INFO - DAG(s) 'example_short_circuit_decorator' retrieved from /home/airflow/.local/lib/python3.11/site-packages/airflow/example_dags/example_short_circuit_decorator.py
[2024-07-15T15:54:57.776+0000] {logging_mixin.py:188} INFO - [2024-07-15T15:54:57.775+0000] {dag.py:3096} INFO - Sync 1 DAGs
[2024-07-15T15:54:57.820+0000] {logging_mixin.py:188} INFO - [2024-07-15T15:54:57.820+0000] {dag.py:3954} INFO - Setting next_dagrun for example_short_circuit_decorator to 2024-07-14 00:00:00+00:00, run_after=2024-07-15 00:00:00+00:00
[2024-07-15T15:54:57.866+0000] {processor.py:183} INFO - Processing /home/airflow/.local/lib/python3.11/site-packages/airflow/example_dags/example_short_circuit_decorator.py took 0.191 seconds
[2024-07-15T15:55:10.010+0000] {processor.py:161} INFO - Started process (PID=25895) to work on /home/airflow/.local/lib/python3.11/site-packages/airflow/example_dags/example_short_circuit_decorator.py
[2024-07-15T15:55:10.012+0000] {processor.py:830} INFO - Processing file /home/airflow/.local/lib/python3.11/site-packages/airflow/example_dags/example_short_circuit_decorator.py for tasks to queue
[2024-07-15T15:55:10.015+0000] {logging_mixin.py:188} INFO - [2024-07-15T15:55:10.014+0000] {dagbag.py:545} INFO - Filling up the DagBag from /home/airflow/.local/lib/python3.11/site-packages/airflow/example_dags/example_short_circuit_decorator.py
[2024-07-15T15:55:10.043+0000] {processor.py:840} INFO - DAG(s) 'example_short_circuit_decorator' retrieved from /home/airflow/.local/lib/python3.11/site-packages/airflow/example_dags/example_short_circuit_decorator.py
[2024-07-15T15:55:10.140+0000] {logging_mixin.py:188} INFO - [2024-07-15T15:55:10.140+0000] {dag.py:3096} INFO - Sync 1 DAGs
[2024-07-15T15:55:10.627+0000] {logging_mixin.py:188} INFO - [2024-07-15T15:55:10.627+0000] {dag.py:3954} INFO - Setting next_dagrun for example_short_circuit_decorator to 2024-07-14 00:00:00+00:00, run_after=2024-07-15 00:00:00+00:00
[2024-07-15T15:55:10.689+0000] {processor.py:183} INFO - Processing /home/airflow/.local/lib/python3.11/site-packages/airflow/example_dags/example_short_circuit_decorator.py took 0.691 seconds
[2024-07-15T15:55:21.348+0000] {processor.py:161} INFO - Started process (PID=25948) to work on /home/airflow/.local/lib/python3.11/site-packages/airflow/example_dags/example_short_circuit_decorator.py
[2024-07-15T15:55:21.349+0000] {processor.py:830} INFO - Processing file /home/airflow/.local/lib/python3.11/site-packages/airflow/example_dags/example_short_circuit_decorator.py for tasks to queue
[2024-07-15T15:55:21.353+0000] {logging_mixin.py:188} INFO - [2024-07-15T15:55:21.353+0000] {dagbag.py:545} INFO - Filling up the DagBag from /home/airflow/.local/lib/python3.11/site-packages/airflow/example_dags/example_short_circuit_decorator.py
[2024-07-15T15:55:21.369+0000] {processor.py:840} INFO - DAG(s) 'example_short_circuit_decorator' retrieved from /home/airflow/.local/lib/python3.11/site-packages/airflow/example_dags/example_short_circuit_decorator.py
[2024-07-15T15:55:21.415+0000] {logging_mixin.py:188} INFO - [2024-07-15T15:55:21.414+0000] {dag.py:3096} INFO - Sync 1 DAGs
[2024-07-15T15:55:21.459+0000] {logging_mixin.py:188} INFO - [2024-07-15T15:55:21.458+0000] {dag.py:3954} INFO - Setting next_dagrun for example_short_circuit_decorator to 2024-07-14 00:00:00+00:00, run_after=2024-07-15 00:00:00+00:00
[2024-07-15T15:55:21.495+0000] {processor.py:183} INFO - Processing /home/airflow/.local/lib/python3.11/site-packages/airflow/example_dags/example_short_circuit_decorator.py took 0.161 seconds
[2024-07-15T15:55:32.046+0000] {processor.py:161} INFO - Started process (PID=26006) to work on /home/airflow/.local/lib/python3.11/site-packages/airflow/example_dags/example_short_circuit_decorator.py
[2024-07-15T15:55:32.048+0000] {processor.py:830} INFO - Processing file /home/airflow/.local/lib/python3.11/site-packages/airflow/example_dags/example_short_circuit_decorator.py for tasks to queue
[2024-07-15T15:55:32.053+0000] {logging_mixin.py:188} INFO - [2024-07-15T15:55:32.052+0000] {dagbag.py:545} INFO - Filling up the DagBag from /home/airflow/.local/lib/python3.11/site-packages/airflow/example_dags/example_short_circuit_decorator.py
[2024-07-15T15:55:32.275+0000] {processor.py:840} INFO - DAG(s) 'example_short_circuit_decorator' retrieved from /home/airflow/.local/lib/python3.11/site-packages/airflow/example_dags/example_short_circuit_decorator.py
[2024-07-15T15:55:32.314+0000] {logging_mixin.py:188} INFO - [2024-07-15T15:55:32.314+0000] {dag.py:3096} INFO - Sync 1 DAGs
[2024-07-15T15:55:32.347+0000] {logging_mixin.py:188} INFO - [2024-07-15T15:55:32.347+0000] {dag.py:3954} INFO - Setting next_dagrun for example_short_circuit_decorator to 2024-07-14 00:00:00+00:00, run_after=2024-07-15 00:00:00+00:00
[2024-07-15T15:55:32.380+0000] {processor.py:183} INFO - Processing /home/airflow/.local/lib/python3.11/site-packages/airflow/example_dags/example_short_circuit_decorator.py took 0.347 seconds
[2024-07-15T15:55:39.048+0000] {processor.py:161} INFO - Started process (PID=26059) to work on /home/airflow/.local/lib/python3.11/site-packages/airflow/example_dags/example_short_circuit_decorator.py
[2024-07-15T15:55:39.050+0000] {processor.py:830} INFO - Processing file /home/airflow/.local/lib/python3.11/site-packages/airflow/example_dags/example_short_circuit_decorator.py for tasks to queue
[2024-07-15T15:55:39.055+0000] {logging_mixin.py:188} INFO - [2024-07-15T15:55:39.054+0000] {dagbag.py:545} INFO - Filling up the DagBag from /home/airflow/.local/lib/python3.11/site-packages/airflow/example_dags/example_short_circuit_decorator.py
[2024-07-15T15:55:39.072+0000] {processor.py:840} INFO - DAG(s) 'example_short_circuit_decorator' retrieved from /home/airflow/.local/lib/python3.11/site-packages/airflow/example_dags/example_short_circuit_decorator.py
[2024-07-15T15:55:39.113+0000] {logging_mixin.py:188} INFO - [2024-07-15T15:55:39.113+0000] {dag.py:3096} INFO - Sync 1 DAGs
[2024-07-15T15:55:39.153+0000] {logging_mixin.py:188} INFO - [2024-07-15T15:55:39.152+0000] {dag.py:3954} INFO - Setting next_dagrun for example_short_circuit_decorator to 2024-07-14 00:00:00+00:00, run_after=2024-07-15 00:00:00+00:00
[2024-07-15T15:55:39.184+0000] {processor.py:183} INFO - Processing /home/airflow/.local/lib/python3.11/site-packages/airflow/example_dags/example_short_circuit_decorator.py took 0.149 seconds
[2024-07-15T15:55:45.012+0000] {processor.py:161} INFO - Started process (PID=26111) to work on /home/airflow/.local/lib/python3.11/site-packages/airflow/example_dags/example_short_circuit_decorator.py
[2024-07-15T15:55:45.014+0000] {processor.py:830} INFO - Processing file /home/airflow/.local/lib/python3.11/site-packages/airflow/example_dags/example_short_circuit_decorator.py for tasks to queue
[2024-07-15T15:55:45.017+0000] {logging_mixin.py:188} INFO - [2024-07-15T15:55:45.017+0000] {dagbag.py:545} INFO - Filling up the DagBag from /home/airflow/.local/lib/python3.11/site-packages/airflow/example_dags/example_short_circuit_decorator.py
[2024-07-15T15:55:45.033+0000] {processor.py:840} INFO - DAG(s) 'example_short_circuit_decorator' retrieved from /home/airflow/.local/lib/python3.11/site-packages/airflow/example_dags/example_short_circuit_decorator.py
[2024-07-15T15:55:45.071+0000] {logging_mixin.py:188} INFO - [2024-07-15T15:55:45.071+0000] {dag.py:3096} INFO - Sync 1 DAGs
[2024-07-15T15:55:45.100+0000] {logging_mixin.py:188} INFO - [2024-07-15T15:55:45.100+0000] {dag.py:3954} INFO - Setting next_dagrun for example_short_circuit_decorator to 2024-07-14 00:00:00+00:00, run_after=2024-07-15 00:00:00+00:00
[2024-07-15T15:55:45.127+0000] {processor.py:183} INFO - Processing /home/airflow/.local/lib/python3.11/site-packages/airflow/example_dags/example_short_circuit_decorator.py took 0.125 seconds
[2024-07-15T15:55:51.603+0000] {processor.py:161} INFO - Started process (PID=26164) to work on /home/airflow/.local/lib/python3.11/site-packages/airflow/example_dags/example_short_circuit_decorator.py
[2024-07-15T15:55:51.606+0000] {processor.py:830} INFO - Processing file /home/airflow/.local/lib/python3.11/site-packages/airflow/example_dags/example_short_circuit_decorator.py for tasks to queue
[2024-07-15T15:55:51.610+0000] {logging_mixin.py:188} INFO - [2024-07-15T15:55:51.609+0000] {dagbag.py:545} INFO - Filling up the DagBag from /home/airflow/.local/lib/python3.11/site-packages/airflow/example_dags/example_short_circuit_decorator.py
[2024-07-15T15:55:51.633+0000] {processor.py:840} INFO - DAG(s) 'example_short_circuit_decorator' retrieved from /home/airflow/.local/lib/python3.11/site-packages/airflow/example_dags/example_short_circuit_decorator.py
[2024-07-15T15:55:51.679+0000] {logging_mixin.py:188} INFO - [2024-07-15T15:55:51.679+0000] {dag.py:3096} INFO - Sync 1 DAGs
[2024-07-15T15:55:51.724+0000] {logging_mixin.py:188} INFO - [2024-07-15T15:55:51.723+0000] {dag.py:3954} INFO - Setting next_dagrun for example_short_circuit_decorator to 2024-07-14 00:00:00+00:00, run_after=2024-07-15 00:00:00+00:00
[2024-07-15T15:55:51.773+0000] {processor.py:183} INFO - Processing /home/airflow/.local/lib/python3.11/site-packages/airflow/example_dags/example_short_circuit_decorator.py took 0.182 seconds
[2024-07-15T15:55:58.673+0000] {processor.py:161} INFO - Started process (PID=26221) to work on /home/airflow/.local/lib/python3.11/site-packages/airflow/example_dags/example_short_circuit_decorator.py
[2024-07-15T15:55:58.676+0000] {processor.py:830} INFO - Processing file /home/airflow/.local/lib/python3.11/site-packages/airflow/example_dags/example_short_circuit_decorator.py for tasks to queue
[2024-07-15T15:55:58.680+0000] {logging_mixin.py:188} INFO - [2024-07-15T15:55:58.679+0000] {dagbag.py:545} INFO - Filling up the DagBag from /home/airflow/.local/lib/python3.11/site-packages/airflow/example_dags/example_short_circuit_decorator.py
[2024-07-15T15:55:58.706+0000] {processor.py:840} INFO - DAG(s) 'example_short_circuit_decorator' retrieved from /home/airflow/.local/lib/python3.11/site-packages/airflow/example_dags/example_short_circuit_decorator.py
[2024-07-15T15:55:58.759+0000] {logging_mixin.py:188} INFO - [2024-07-15T15:55:58.758+0000] {dag.py:3096} INFO - Sync 1 DAGs
[2024-07-15T15:55:58.811+0000] {logging_mixin.py:188} INFO - [2024-07-15T15:55:58.811+0000] {dag.py:3954} INFO - Setting next_dagrun for example_short_circuit_decorator to 2024-07-14 00:00:00+00:00, run_after=2024-07-15 00:00:00+00:00
[2024-07-15T15:55:58.850+0000] {processor.py:183} INFO - Processing /home/airflow/.local/lib/python3.11/site-packages/airflow/example_dags/example_short_circuit_decorator.py took 0.192 seconds
[2024-07-15T15:56:06.001+0000] {processor.py:161} INFO - Started process (PID=26274) to work on /home/airflow/.local/lib/python3.11/site-packages/airflow/example_dags/example_short_circuit_decorator.py
[2024-07-15T15:56:06.003+0000] {processor.py:830} INFO - Processing file /home/airflow/.local/lib/python3.11/site-packages/airflow/example_dags/example_short_circuit_decorator.py for tasks to queue
[2024-07-15T15:56:06.007+0000] {logging_mixin.py:188} INFO - [2024-07-15T15:56:06.006+0000] {dagbag.py:545} INFO - Filling up the DagBag from /home/airflow/.local/lib/python3.11/site-packages/airflow/example_dags/example_short_circuit_decorator.py
[2024-07-15T15:56:06.025+0000] {processor.py:840} INFO - DAG(s) 'example_short_circuit_decorator' retrieved from /home/airflow/.local/lib/python3.11/site-packages/airflow/example_dags/example_short_circuit_decorator.py
[2024-07-15T15:56:06.083+0000] {logging_mixin.py:188} INFO - [2024-07-15T15:56:06.082+0000] {dag.py:3096} INFO - Sync 1 DAGs
[2024-07-15T15:56:06.134+0000] {logging_mixin.py:188} INFO - [2024-07-15T15:56:06.134+0000] {dag.py:3954} INFO - Setting next_dagrun for example_short_circuit_decorator to 2024-07-14 00:00:00+00:00, run_after=2024-07-15 00:00:00+00:00
[2024-07-15T15:56:06.171+0000] {processor.py:183} INFO - Processing /home/airflow/.local/lib/python3.11/site-packages/airflow/example_dags/example_short_circuit_decorator.py took 0.180 seconds
[2024-07-15T15:56:11.703+0000] {processor.py:161} INFO - Started process (PID=26326) to work on /home/airflow/.local/lib/python3.11/site-packages/airflow/example_dags/example_short_circuit_decorator.py
[2024-07-15T15:56:11.704+0000] {processor.py:830} INFO - Processing file /home/airflow/.local/lib/python3.11/site-packages/airflow/example_dags/example_short_circuit_decorator.py for tasks to queue
[2024-07-15T15:56:11.707+0000] {logging_mixin.py:188} INFO - [2024-07-15T15:56:11.707+0000] {dagbag.py:545} INFO - Filling up the DagBag from /home/airflow/.local/lib/python3.11/site-packages/airflow/example_dags/example_short_circuit_decorator.py
[2024-07-15T15:56:11.722+0000] {processor.py:840} INFO - DAG(s) 'example_short_circuit_decorator' retrieved from /home/airflow/.local/lib/python3.11/site-packages/airflow/example_dags/example_short_circuit_decorator.py
[2024-07-15T15:56:11.760+0000] {logging_mixin.py:188} INFO - [2024-07-15T15:56:11.760+0000] {dag.py:3096} INFO - Sync 1 DAGs
[2024-07-15T15:56:11.795+0000] {logging_mixin.py:188} INFO - [2024-07-15T15:56:11.795+0000] {dag.py:3954} INFO - Setting next_dagrun for example_short_circuit_decorator to 2024-07-14 00:00:00+00:00, run_after=2024-07-15 00:00:00+00:00
[2024-07-15T15:56:11.824+0000] {processor.py:183} INFO - Processing /home/airflow/.local/lib/python3.11/site-packages/airflow/example_dags/example_short_circuit_decorator.py took 0.131 seconds
[2024-07-15T15:56:18.817+0000] {processor.py:161} INFO - Started process (PID=26379) to work on /home/airflow/.local/lib/python3.11/site-packages/airflow/example_dags/example_short_circuit_decorator.py
[2024-07-15T15:56:18.819+0000] {processor.py:830} INFO - Processing file /home/airflow/.local/lib/python3.11/site-packages/airflow/example_dags/example_short_circuit_decorator.py for tasks to queue
[2024-07-15T15:56:18.823+0000] {logging_mixin.py:188} INFO - [2024-07-15T15:56:18.823+0000] {dagbag.py:545} INFO - Filling up the DagBag from /home/airflow/.local/lib/python3.11/site-packages/airflow/example_dags/example_short_circuit_decorator.py
[2024-07-15T15:56:18.848+0000] {processor.py:840} INFO - DAG(s) 'example_short_circuit_decorator' retrieved from /home/airflow/.local/lib/python3.11/site-packages/airflow/example_dags/example_short_circuit_decorator.py
[2024-07-15T15:56:18.895+0000] {logging_mixin.py:188} INFO - [2024-07-15T15:56:18.894+0000] {dag.py:3096} INFO - Sync 1 DAGs
[2024-07-15T15:56:18.934+0000] {logging_mixin.py:188} INFO - [2024-07-15T15:56:18.933+0000] {dag.py:3954} INFO - Setting next_dagrun for example_short_circuit_decorator to 2024-07-14 00:00:00+00:00, run_after=2024-07-15 00:00:00+00:00
[2024-07-15T15:56:18.970+0000] {processor.py:183} INFO - Processing /home/airflow/.local/lib/python3.11/site-packages/airflow/example_dags/example_short_circuit_decorator.py took 0.167 seconds
[2024-07-15T15:56:26.422+0000] {processor.py:161} INFO - Started process (PID=26437) to work on /home/airflow/.local/lib/python3.11/site-packages/airflow/example_dags/example_short_circuit_decorator.py
[2024-07-15T15:56:26.424+0000] {processor.py:830} INFO - Processing file /home/airflow/.local/lib/python3.11/site-packages/airflow/example_dags/example_short_circuit_decorator.py for tasks to queue
[2024-07-15T15:56:26.429+0000] {logging_mixin.py:188} INFO - [2024-07-15T15:56:26.429+0000] {dagbag.py:545} INFO - Filling up the DagBag from /home/airflow/.local/lib/python3.11/site-packages/airflow/example_dags/example_short_circuit_decorator.py
[2024-07-15T15:56:26.465+0000] {processor.py:840} INFO - DAG(s) 'example_short_circuit_decorator' retrieved from /home/airflow/.local/lib/python3.11/site-packages/airflow/example_dags/example_short_circuit_decorator.py
[2024-07-15T15:56:26.546+0000] {logging_mixin.py:188} INFO - [2024-07-15T15:56:26.546+0000] {dag.py:3096} INFO - Sync 1 DAGs
[2024-07-15T15:56:26.633+0000] {logging_mixin.py:188} INFO - [2024-07-15T15:56:26.632+0000] {dag.py:3954} INFO - Setting next_dagrun for example_short_circuit_decorator to 2024-07-14 00:00:00+00:00, run_after=2024-07-15 00:00:00+00:00
[2024-07-15T15:56:26.694+0000] {processor.py:183} INFO - Processing /home/airflow/.local/lib/python3.11/site-packages/airflow/example_dags/example_short_circuit_decorator.py took 0.296 seconds
[2024-07-15T15:56:33.315+0000] {processor.py:161} INFO - Started process (PID=26490) to work on /home/airflow/.local/lib/python3.11/site-packages/airflow/example_dags/example_short_circuit_decorator.py
[2024-07-15T15:56:33.317+0000] {processor.py:830} INFO - Processing file /home/airflow/.local/lib/python3.11/site-packages/airflow/example_dags/example_short_circuit_decorator.py for tasks to queue
[2024-07-15T15:56:33.321+0000] {logging_mixin.py:188} INFO - [2024-07-15T15:56:33.320+0000] {dagbag.py:545} INFO - Filling up the DagBag from /home/airflow/.local/lib/python3.11/site-packages/airflow/example_dags/example_short_circuit_decorator.py
[2024-07-15T15:56:33.344+0000] {processor.py:840} INFO - DAG(s) 'example_short_circuit_decorator' retrieved from /home/airflow/.local/lib/python3.11/site-packages/airflow/example_dags/example_short_circuit_decorator.py
[2024-07-15T15:56:33.401+0000] {logging_mixin.py:188} INFO - [2024-07-15T15:56:33.400+0000] {dag.py:3096} INFO - Sync 1 DAGs
[2024-07-15T15:56:33.458+0000] {logging_mixin.py:188} INFO - [2024-07-15T15:56:33.457+0000] {dag.py:3954} INFO - Setting next_dagrun for example_short_circuit_decorator to 2024-07-14 00:00:00+00:00, run_after=2024-07-15 00:00:00+00:00
[2024-07-15T15:56:33.509+0000] {processor.py:183} INFO - Processing /home/airflow/.local/lib/python3.11/site-packages/airflow/example_dags/example_short_circuit_decorator.py took 0.209 seconds
[2024-07-15T15:56:40.915+0000] {processor.py:161} INFO - Started process (PID=26542) to work on /home/airflow/.local/lib/python3.11/site-packages/airflow/example_dags/example_short_circuit_decorator.py
[2024-07-15T15:56:40.917+0000] {processor.py:830} INFO - Processing file /home/airflow/.local/lib/python3.11/site-packages/airflow/example_dags/example_short_circuit_decorator.py for tasks to queue
[2024-07-15T15:56:40.924+0000] {logging_mixin.py:188} INFO - [2024-07-15T15:56:40.923+0000] {dagbag.py:545} INFO - Filling up the DagBag from /home/airflow/.local/lib/python3.11/site-packages/airflow/example_dags/example_short_circuit_decorator.py
[2024-07-15T15:56:40.945+0000] {processor.py:840} INFO - DAG(s) 'example_short_circuit_decorator' retrieved from /home/airflow/.local/lib/python3.11/site-packages/airflow/example_dags/example_short_circuit_decorator.py
[2024-07-15T15:56:40.983+0000] {logging_mixin.py:188} INFO - [2024-07-15T15:56:40.983+0000] {dag.py:3096} INFO - Sync 1 DAGs
[2024-07-15T15:56:41.020+0000] {logging_mixin.py:188} INFO - [2024-07-15T15:56:41.019+0000] {dag.py:3954} INFO - Setting next_dagrun for example_short_circuit_decorator to 2024-07-14 00:00:00+00:00, run_after=2024-07-15 00:00:00+00:00
[2024-07-15T15:56:41.048+0000] {processor.py:183} INFO - Processing /home/airflow/.local/lib/python3.11/site-packages/airflow/example_dags/example_short_circuit_decorator.py took 0.146 seconds
[2024-07-15T15:56:45.731+0000] {processor.py:161} INFO - Started process (PID=26596) to work on /home/airflow/.local/lib/python3.11/site-packages/airflow/example_dags/example_short_circuit_decorator.py
[2024-07-15T15:56:45.732+0000] {processor.py:830} INFO - Processing file /home/airflow/.local/lib/python3.11/site-packages/airflow/example_dags/example_short_circuit_decorator.py for tasks to queue
[2024-07-15T15:56:45.735+0000] {logging_mixin.py:188} INFO - [2024-07-15T15:56:45.735+0000] {dagbag.py:545} INFO - Filling up the DagBag from /home/airflow/.local/lib/python3.11/site-packages/airflow/example_dags/example_short_circuit_decorator.py
[2024-07-15T15:56:45.748+0000] {processor.py:840} INFO - DAG(s) 'example_short_circuit_decorator' retrieved from /home/airflow/.local/lib/python3.11/site-packages/airflow/example_dags/example_short_circuit_decorator.py
[2024-07-15T15:56:45.779+0000] {logging_mixin.py:188} INFO - [2024-07-15T15:56:45.779+0000] {dag.py:3096} INFO - Sync 1 DAGs
[2024-07-15T15:56:45.807+0000] {logging_mixin.py:188} INFO - [2024-07-15T15:56:45.807+0000] {dag.py:3954} INFO - Setting next_dagrun for example_short_circuit_decorator to 2024-07-14 00:00:00+00:00, run_after=2024-07-15 00:00:00+00:00
[2024-07-15T15:56:45.837+0000] {processor.py:183} INFO - Processing /home/airflow/.local/lib/python3.11/site-packages/airflow/example_dags/example_short_circuit_decorator.py took 0.115 seconds
[2024-07-15T15:56:50.795+0000] {processor.py:161} INFO - Started process (PID=26648) to work on /home/airflow/.local/lib/python3.11/site-packages/airflow/example_dags/example_short_circuit_decorator.py
[2024-07-15T15:56:50.798+0000] {processor.py:830} INFO - Processing file /home/airflow/.local/lib/python3.11/site-packages/airflow/example_dags/example_short_circuit_decorator.py for tasks to queue
[2024-07-15T15:56:50.801+0000] {logging_mixin.py:188} INFO - [2024-07-15T15:56:50.800+0000] {dagbag.py:545} INFO - Filling up the DagBag from /home/airflow/.local/lib/python3.11/site-packages/airflow/example_dags/example_short_circuit_decorator.py
[2024-07-15T15:56:50.818+0000] {processor.py:840} INFO - DAG(s) 'example_short_circuit_decorator' retrieved from /home/airflow/.local/lib/python3.11/site-packages/airflow/example_dags/example_short_circuit_decorator.py
[2024-07-15T15:56:50.860+0000] {logging_mixin.py:188} INFO - [2024-07-15T15:56:50.860+0000] {dag.py:3096} INFO - Sync 1 DAGs
[2024-07-15T15:56:50.900+0000] {logging_mixin.py:188} INFO - [2024-07-15T15:56:50.900+0000] {dag.py:3954} INFO - Setting next_dagrun for example_short_circuit_decorator to 2024-07-14 00:00:00+00:00, run_after=2024-07-15 00:00:00+00:00
[2024-07-15T15:56:50.932+0000] {processor.py:183} INFO - Processing /home/airflow/.local/lib/python3.11/site-packages/airflow/example_dags/example_short_circuit_decorator.py took 0.148 seconds
[2024-07-15T15:56:56.507+0000] {processor.py:161} INFO - Started process (PID=26708) to work on /home/airflow/.local/lib/python3.11/site-packages/airflow/example_dags/example_short_circuit_decorator.py
[2024-07-15T15:56:56.509+0000] {processor.py:830} INFO - Processing file /home/airflow/.local/lib/python3.11/site-packages/airflow/example_dags/example_short_circuit_decorator.py for tasks to queue
[2024-07-15T15:56:56.511+0000] {logging_mixin.py:188} INFO - [2024-07-15T15:56:56.511+0000] {dagbag.py:545} INFO - Filling up the DagBag from /home/airflow/.local/lib/python3.11/site-packages/airflow/example_dags/example_short_circuit_decorator.py
[2024-07-15T15:56:56.525+0000] {processor.py:840} INFO - DAG(s) 'example_short_circuit_decorator' retrieved from /home/airflow/.local/lib/python3.11/site-packages/airflow/example_dags/example_short_circuit_decorator.py
[2024-07-15T15:56:56.559+0000] {logging_mixin.py:188} INFO - [2024-07-15T15:56:56.559+0000] {dag.py:3096} INFO - Sync 1 DAGs
[2024-07-15T15:56:56.588+0000] {logging_mixin.py:188} INFO - [2024-07-15T15:56:56.588+0000] {dag.py:3954} INFO - Setting next_dagrun for example_short_circuit_decorator to 2024-07-14 00:00:00+00:00, run_after=2024-07-15 00:00:00+00:00
[2024-07-15T15:56:56.614+0000] {processor.py:183} INFO - Processing /home/airflow/.local/lib/python3.11/site-packages/airflow/example_dags/example_short_circuit_decorator.py took 0.116 seconds
