[2024-07-15T15:48:55.833+0000] {processor.py:161} INFO - Started process (PID=22607) to work on /home/airflow/.local/lib/python3.11/site-packages/airflow/example_dags/example_nested_branch_dag.py
[2024-07-15T15:48:55.853+0000] {processor.py:830} INFO - Processing file /home/airflow/.local/lib/python3.11/site-packages/airflow/example_dags/example_nested_branch_dag.py for tasks to queue
[2024-07-15T15:48:55.858+0000] {logging_mixin.py:188} INFO - [2024-07-15T15:48:55.857+0000] {dagbag.py:545} INFO - Filling up the DagBag from /home/airflow/.local/lib/python3.11/site-packages/airflow/example_dags/example_nested_branch_dag.py
[2024-07-15T15:48:55.952+0000] {processor.py:840} INFO - DAG(s) 'example_nested_branch_dag' retrieved from /home/airflow/.local/lib/python3.11/site-packages/airflow/example_dags/example_nested_branch_dag.py
[2024-07-15T15:48:56.081+0000] {logging_mixin.py:188} INFO - [2024-07-15T15:48:56.080+0000] {dag.py:3096} INFO - Sync 1 DAGs
[2024-07-15T15:48:56.223+0000] {logging_mixin.py:188} INFO - [2024-07-15T15:48:56.222+0000] {dag.py:3954} INFO - Setting next_dagrun for example_nested_branch_dag to 2024-07-14 00:00:00+00:00, run_after=2024-07-15 00:00:00+00:00
[2024-07-15T15:48:56.317+0000] {processor.py:183} INFO - Processing /home/airflow/.local/lib/python3.11/site-packages/airflow/example_dags/example_nested_branch_dag.py took 0.512 seconds
[2024-07-15T15:49:11.412+0000] {processor.py:161} INFO - Started process (PID=22661) to work on /home/airflow/.local/lib/python3.11/site-packages/airflow/example_dags/example_nested_branch_dag.py
[2024-07-15T15:49:11.413+0000] {processor.py:830} INFO - Processing file /home/airflow/.local/lib/python3.11/site-packages/airflow/example_dags/example_nested_branch_dag.py for tasks to queue
[2024-07-15T15:49:11.416+0000] {logging_mixin.py:188} INFO - [2024-07-15T15:49:11.416+0000] {dagbag.py:545} INFO - Filling up the DagBag from /home/airflow/.local/lib/python3.11/site-packages/airflow/example_dags/example_nested_branch_dag.py
[2024-07-15T15:49:11.434+0000] {processor.py:840} INFO - DAG(s) 'example_nested_branch_dag' retrieved from /home/airflow/.local/lib/python3.11/site-packages/airflow/example_dags/example_nested_branch_dag.py
[2024-07-15T15:49:11.468+0000] {logging_mixin.py:188} INFO - [2024-07-15T15:49:11.467+0000] {dag.py:3096} INFO - Sync 1 DAGs
[2024-07-15T15:49:11.503+0000] {logging_mixin.py:188} INFO - [2024-07-15T15:49:11.502+0000] {dag.py:3954} INFO - Setting next_dagrun for example_nested_branch_dag to 2024-07-14 00:00:00+00:00, run_after=2024-07-15 00:00:00+00:00
[2024-07-15T15:49:11.535+0000] {processor.py:183} INFO - Processing /home/airflow/.local/lib/python3.11/site-packages/airflow/example_dags/example_nested_branch_dag.py took 0.134 seconds
[2024-07-15T15:49:18.362+0000] {processor.py:161} INFO - Started process (PID=22713) to work on /home/airflow/.local/lib/python3.11/site-packages/airflow/example_dags/example_nested_branch_dag.py
[2024-07-15T15:49:18.364+0000] {processor.py:830} INFO - Processing file /home/airflow/.local/lib/python3.11/site-packages/airflow/example_dags/example_nested_branch_dag.py for tasks to queue
[2024-07-15T15:49:18.369+0000] {logging_mixin.py:188} INFO - [2024-07-15T15:49:18.368+0000] {dagbag.py:545} INFO - Filling up the DagBag from /home/airflow/.local/lib/python3.11/site-packages/airflow/example_dags/example_nested_branch_dag.py
[2024-07-15T15:49:18.399+0000] {processor.py:840} INFO - DAG(s) 'example_nested_branch_dag' retrieved from /home/airflow/.local/lib/python3.11/site-packages/airflow/example_dags/example_nested_branch_dag.py
[2024-07-15T15:49:18.450+0000] {logging_mixin.py:188} INFO - [2024-07-15T15:49:18.449+0000] {dag.py:3096} INFO - Sync 1 DAGs
[2024-07-15T15:49:18.502+0000] {logging_mixin.py:188} INFO - [2024-07-15T15:49:18.501+0000] {dag.py:3954} INFO - Setting next_dagrun for example_nested_branch_dag to 2024-07-14 00:00:00+00:00, run_after=2024-07-15 00:00:00+00:00
[2024-07-15T15:49:18.565+0000] {processor.py:183} INFO - Processing /home/airflow/.local/lib/python3.11/site-packages/airflow/example_dags/example_nested_branch_dag.py took 0.218 seconds
[2024-07-15T15:49:26.943+0000] {processor.py:161} INFO - Started process (PID=22772) to work on /home/airflow/.local/lib/python3.11/site-packages/airflow/example_dags/example_nested_branch_dag.py
[2024-07-15T15:49:26.947+0000] {processor.py:830} INFO - Processing file /home/airflow/.local/lib/python3.11/site-packages/airflow/example_dags/example_nested_branch_dag.py for tasks to queue
[2024-07-15T15:49:26.954+0000] {logging_mixin.py:188} INFO - [2024-07-15T15:49:26.954+0000] {dagbag.py:545} INFO - Filling up the DagBag from /home/airflow/.local/lib/python3.11/site-packages/airflow/example_dags/example_nested_branch_dag.py
[2024-07-15T15:49:26.982+0000] {processor.py:840} INFO - DAG(s) 'example_nested_branch_dag' retrieved from /home/airflow/.local/lib/python3.11/site-packages/airflow/example_dags/example_nested_branch_dag.py
[2024-07-15T15:49:27.065+0000] {logging_mixin.py:188} INFO - [2024-07-15T15:49:27.064+0000] {dag.py:3096} INFO - Sync 1 DAGs
[2024-07-15T15:49:27.131+0000] {logging_mixin.py:188} INFO - [2024-07-15T15:49:27.130+0000] {dag.py:3954} INFO - Setting next_dagrun for example_nested_branch_dag to 2024-07-14 00:00:00+00:00, run_after=2024-07-15 00:00:00+00:00
[2024-07-15T15:49:27.189+0000] {processor.py:183} INFO - Processing /home/airflow/.local/lib/python3.11/site-packages/airflow/example_dags/example_nested_branch_dag.py took 0.262 seconds
[2024-07-15T15:49:34.122+0000] {processor.py:161} INFO - Started process (PID=22824) to work on /home/airflow/.local/lib/python3.11/site-packages/airflow/example_dags/example_nested_branch_dag.py
[2024-07-15T15:49:34.124+0000] {processor.py:830} INFO - Processing file /home/airflow/.local/lib/python3.11/site-packages/airflow/example_dags/example_nested_branch_dag.py for tasks to queue
[2024-07-15T15:49:34.129+0000] {logging_mixin.py:188} INFO - [2024-07-15T15:49:34.128+0000] {dagbag.py:545} INFO - Filling up the DagBag from /home/airflow/.local/lib/python3.11/site-packages/airflow/example_dags/example_nested_branch_dag.py
[2024-07-15T15:49:34.161+0000] {processor.py:840} INFO - DAG(s) 'example_nested_branch_dag' retrieved from /home/airflow/.local/lib/python3.11/site-packages/airflow/example_dags/example_nested_branch_dag.py
[2024-07-15T15:49:34.216+0000] {logging_mixin.py:188} INFO - [2024-07-15T15:49:34.215+0000] {dag.py:3096} INFO - Sync 1 DAGs
[2024-07-15T15:49:34.278+0000] {logging_mixin.py:188} INFO - [2024-07-15T15:49:34.277+0000] {dag.py:3954} INFO - Setting next_dagrun for example_nested_branch_dag to 2024-07-14 00:00:00+00:00, run_after=2024-07-15 00:00:00+00:00
[2024-07-15T15:49:34.327+0000] {processor.py:183} INFO - Processing /home/airflow/.local/lib/python3.11/site-packages/airflow/example_dags/example_nested_branch_dag.py took 0.225 seconds
[2024-07-15T15:49:42.185+0000] {processor.py:161} INFO - Started process (PID=22877) to work on /home/airflow/.local/lib/python3.11/site-packages/airflow/example_dags/example_nested_branch_dag.py
[2024-07-15T15:49:42.190+0000] {processor.py:830} INFO - Processing file /home/airflow/.local/lib/python3.11/site-packages/airflow/example_dags/example_nested_branch_dag.py for tasks to queue
[2024-07-15T15:49:42.203+0000] {logging_mixin.py:188} INFO - [2024-07-15T15:49:42.202+0000] {dagbag.py:545} INFO - Filling up the DagBag from /home/airflow/.local/lib/python3.11/site-packages/airflow/example_dags/example_nested_branch_dag.py
[2024-07-15T15:49:42.240+0000] {processor.py:840} INFO - DAG(s) 'example_nested_branch_dag' retrieved from /home/airflow/.local/lib/python3.11/site-packages/airflow/example_dags/example_nested_branch_dag.py
[2024-07-15T15:49:42.308+0000] {logging_mixin.py:188} INFO - [2024-07-15T15:49:42.307+0000] {dag.py:3096} INFO - Sync 1 DAGs
[2024-07-15T15:49:42.358+0000] {logging_mixin.py:188} INFO - [2024-07-15T15:49:42.358+0000] {dag.py:3954} INFO - Setting next_dagrun for example_nested_branch_dag to 2024-07-14 00:00:00+00:00, run_after=2024-07-15 00:00:00+00:00
[2024-07-15T15:49:42.415+0000] {processor.py:183} INFO - Processing /home/airflow/.local/lib/python3.11/site-packages/airflow/example_dags/example_nested_branch_dag.py took 0.257 seconds
[2024-07-15T15:49:48.667+0000] {processor.py:161} INFO - Started process (PID=22929) to work on /home/airflow/.local/lib/python3.11/site-packages/airflow/example_dags/example_nested_branch_dag.py
[2024-07-15T15:49:48.669+0000] {processor.py:830} INFO - Processing file /home/airflow/.local/lib/python3.11/site-packages/airflow/example_dags/example_nested_branch_dag.py for tasks to queue
[2024-07-15T15:49:48.673+0000] {logging_mixin.py:188} INFO - [2024-07-15T15:49:48.672+0000] {dagbag.py:545} INFO - Filling up the DagBag from /home/airflow/.local/lib/python3.11/site-packages/airflow/example_dags/example_nested_branch_dag.py
[2024-07-15T15:49:48.693+0000] {processor.py:840} INFO - DAG(s) 'example_nested_branch_dag' retrieved from /home/airflow/.local/lib/python3.11/site-packages/airflow/example_dags/example_nested_branch_dag.py
[2024-07-15T15:49:48.727+0000] {logging_mixin.py:188} INFO - [2024-07-15T15:49:48.727+0000] {dag.py:3096} INFO - Sync 1 DAGs
[2024-07-15T15:49:48.766+0000] {logging_mixin.py:188} INFO - [2024-07-15T15:49:48.765+0000] {dag.py:3954} INFO - Setting next_dagrun for example_nested_branch_dag to 2024-07-14 00:00:00+00:00, run_after=2024-07-15 00:00:00+00:00
[2024-07-15T15:49:48.794+0000] {processor.py:183} INFO - Processing /home/airflow/.local/lib/python3.11/site-packages/airflow/example_dags/example_nested_branch_dag.py took 0.137 seconds
[2024-07-15T15:49:54.788+0000] {processor.py:161} INFO - Started process (PID=22989) to work on /home/airflow/.local/lib/python3.11/site-packages/airflow/example_dags/example_nested_branch_dag.py
[2024-07-15T15:49:54.790+0000] {processor.py:830} INFO - Processing file /home/airflow/.local/lib/python3.11/site-packages/airflow/example_dags/example_nested_branch_dag.py for tasks to queue
[2024-07-15T15:49:54.794+0000] {logging_mixin.py:188} INFO - [2024-07-15T15:49:54.793+0000] {dagbag.py:545} INFO - Filling up the DagBag from /home/airflow/.local/lib/python3.11/site-packages/airflow/example_dags/example_nested_branch_dag.py
[2024-07-15T15:49:54.829+0000] {processor.py:840} INFO - DAG(s) 'example_nested_branch_dag' retrieved from /home/airflow/.local/lib/python3.11/site-packages/airflow/example_dags/example_nested_branch_dag.py
[2024-07-15T15:49:54.926+0000] {logging_mixin.py:188} INFO - [2024-07-15T15:49:54.926+0000] {dag.py:3096} INFO - Sync 1 DAGs
[2024-07-15T15:49:55.027+0000] {logging_mixin.py:188} INFO - [2024-07-15T15:49:55.026+0000] {dag.py:3954} INFO - Setting next_dagrun for example_nested_branch_dag to 2024-07-14 00:00:00+00:00, run_after=2024-07-15 00:00:00+00:00
[2024-07-15T15:49:55.105+0000] {processor.py:183} INFO - Processing /home/airflow/.local/lib/python3.11/site-packages/airflow/example_dags/example_nested_branch_dag.py took 0.337 seconds
[2024-07-15T15:50:02.229+0000] {processor.py:161} INFO - Started process (PID=23041) to work on /home/airflow/.local/lib/python3.11/site-packages/airflow/example_dags/example_nested_branch_dag.py
[2024-07-15T15:50:02.231+0000] {processor.py:830} INFO - Processing file /home/airflow/.local/lib/python3.11/site-packages/airflow/example_dags/example_nested_branch_dag.py for tasks to queue
[2024-07-15T15:50:02.234+0000] {logging_mixin.py:188} INFO - [2024-07-15T15:50:02.233+0000] {dagbag.py:545} INFO - Filling up the DagBag from /home/airflow/.local/lib/python3.11/site-packages/airflow/example_dags/example_nested_branch_dag.py
[2024-07-15T15:50:02.254+0000] {processor.py:840} INFO - DAG(s) 'example_nested_branch_dag' retrieved from /home/airflow/.local/lib/python3.11/site-packages/airflow/example_dags/example_nested_branch_dag.py
[2024-07-15T15:50:02.308+0000] {logging_mixin.py:188} INFO - [2024-07-15T15:50:02.308+0000] {dag.py:3096} INFO - Sync 1 DAGs
[2024-07-15T15:50:02.353+0000] {logging_mixin.py:188} INFO - [2024-07-15T15:50:02.352+0000] {dag.py:3954} INFO - Setting next_dagrun for example_nested_branch_dag to 2024-07-14 00:00:00+00:00, run_after=2024-07-15 00:00:00+00:00
[2024-07-15T15:50:02.386+0000] {processor.py:183} INFO - Processing /home/airflow/.local/lib/python3.11/site-packages/airflow/example_dags/example_nested_branch_dag.py took 0.170 seconds
[2024-07-15T15:50:07.879+0000] {processor.py:161} INFO - Started process (PID=23094) to work on /home/airflow/.local/lib/python3.11/site-packages/airflow/example_dags/example_nested_branch_dag.py
[2024-07-15T15:50:07.881+0000] {processor.py:830} INFO - Processing file /home/airflow/.local/lib/python3.11/site-packages/airflow/example_dags/example_nested_branch_dag.py for tasks to queue
[2024-07-15T15:50:07.883+0000] {logging_mixin.py:188} INFO - [2024-07-15T15:50:07.883+0000] {dagbag.py:545} INFO - Filling up the DagBag from /home/airflow/.local/lib/python3.11/site-packages/airflow/example_dags/example_nested_branch_dag.py
[2024-07-15T15:50:07.896+0000] {processor.py:840} INFO - DAG(s) 'example_nested_branch_dag' retrieved from /home/airflow/.local/lib/python3.11/site-packages/airflow/example_dags/example_nested_branch_dag.py
[2024-07-15T15:50:07.964+0000] {logging_mixin.py:188} INFO - [2024-07-15T15:50:07.963+0000] {dag.py:3096} INFO - Sync 1 DAGs
[2024-07-15T15:50:07.993+0000] {logging_mixin.py:188} INFO - [2024-07-15T15:50:07.993+0000] {dag.py:3954} INFO - Setting next_dagrun for example_nested_branch_dag to 2024-07-14 00:00:00+00:00, run_after=2024-07-15 00:00:00+00:00
[2024-07-15T15:50:08.041+0000] {processor.py:183} INFO - Processing /home/airflow/.local/lib/python3.11/site-packages/airflow/example_dags/example_nested_branch_dag.py took 0.169 seconds
[2024-07-15T15:50:13.678+0000] {processor.py:161} INFO - Started process (PID=23146) to work on /home/airflow/.local/lib/python3.11/site-packages/airflow/example_dags/example_nested_branch_dag.py
[2024-07-15T15:50:13.679+0000] {processor.py:830} INFO - Processing file /home/airflow/.local/lib/python3.11/site-packages/airflow/example_dags/example_nested_branch_dag.py for tasks to queue
[2024-07-15T15:50:13.681+0000] {logging_mixin.py:188} INFO - [2024-07-15T15:50:13.681+0000] {dagbag.py:545} INFO - Filling up the DagBag from /home/airflow/.local/lib/python3.11/site-packages/airflow/example_dags/example_nested_branch_dag.py
[2024-07-15T15:50:13.694+0000] {processor.py:840} INFO - DAG(s) 'example_nested_branch_dag' retrieved from /home/airflow/.local/lib/python3.11/site-packages/airflow/example_dags/example_nested_branch_dag.py
[2024-07-15T15:50:13.761+0000] {logging_mixin.py:188} INFO - [2024-07-15T15:50:13.761+0000] {dag.py:3096} INFO - Sync 1 DAGs
[2024-07-15T15:50:13.802+0000] {logging_mixin.py:188} INFO - [2024-07-15T15:50:13.802+0000] {dag.py:3954} INFO - Setting next_dagrun for example_nested_branch_dag to 2024-07-14 00:00:00+00:00, run_after=2024-07-15 00:00:00+00:00
[2024-07-15T15:50:13.850+0000] {processor.py:183} INFO - Processing /home/airflow/.local/lib/python3.11/site-packages/airflow/example_dags/example_nested_branch_dag.py took 0.180 seconds
[2024-07-15T15:50:19.774+0000] {processor.py:161} INFO - Started process (PID=23199) to work on /home/airflow/.local/lib/python3.11/site-packages/airflow/example_dags/example_nested_branch_dag.py
[2024-07-15T15:50:19.775+0000] {processor.py:830} INFO - Processing file /home/airflow/.local/lib/python3.11/site-packages/airflow/example_dags/example_nested_branch_dag.py for tasks to queue
[2024-07-15T15:50:19.777+0000] {logging_mixin.py:188} INFO - [2024-07-15T15:50:19.777+0000] {dagbag.py:545} INFO - Filling up the DagBag from /home/airflow/.local/lib/python3.11/site-packages/airflow/example_dags/example_nested_branch_dag.py
[2024-07-15T15:50:19.790+0000] {processor.py:840} INFO - DAG(s) 'example_nested_branch_dag' retrieved from /home/airflow/.local/lib/python3.11/site-packages/airflow/example_dags/example_nested_branch_dag.py
[2024-07-15T15:50:19.817+0000] {logging_mixin.py:188} INFO - [2024-07-15T15:50:19.816+0000] {dag.py:3096} INFO - Sync 1 DAGs
[2024-07-15T15:50:19.843+0000] {logging_mixin.py:188} INFO - [2024-07-15T15:50:19.842+0000] {dag.py:3954} INFO - Setting next_dagrun for example_nested_branch_dag to 2024-07-14 00:00:00+00:00, run_after=2024-07-15 00:00:00+00:00
[2024-07-15T15:50:19.865+0000] {processor.py:183} INFO - Processing /home/airflow/.local/lib/python3.11/site-packages/airflow/example_dags/example_nested_branch_dag.py took 0.098 seconds
[2024-07-15T15:50:24.651+0000] {processor.py:161} INFO - Started process (PID=23259) to work on /home/airflow/.local/lib/python3.11/site-packages/airflow/example_dags/example_nested_branch_dag.py
[2024-07-15T15:50:24.653+0000] {processor.py:830} INFO - Processing file /home/airflow/.local/lib/python3.11/site-packages/airflow/example_dags/example_nested_branch_dag.py for tasks to queue
[2024-07-15T15:50:24.657+0000] {logging_mixin.py:188} INFO - [2024-07-15T15:50:24.656+0000] {dagbag.py:545} INFO - Filling up the DagBag from /home/airflow/.local/lib/python3.11/site-packages/airflow/example_dags/example_nested_branch_dag.py
[2024-07-15T15:50:24.675+0000] {processor.py:840} INFO - DAG(s) 'example_nested_branch_dag' retrieved from /home/airflow/.local/lib/python3.11/site-packages/airflow/example_dags/example_nested_branch_dag.py
[2024-07-15T15:50:24.730+0000] {logging_mixin.py:188} INFO - [2024-07-15T15:50:24.730+0000] {dag.py:3096} INFO - Sync 1 DAGs
[2024-07-15T15:50:24.759+0000] {logging_mixin.py:188} INFO - [2024-07-15T15:50:24.758+0000] {dag.py:3954} INFO - Setting next_dagrun for example_nested_branch_dag to 2024-07-14 00:00:00+00:00, run_after=2024-07-15 00:00:00+00:00
[2024-07-15T15:50:24.780+0000] {processor.py:183} INFO - Processing /home/airflow/.local/lib/python3.11/site-packages/airflow/example_dags/example_nested_branch_dag.py took 0.161 seconds
[2024-07-15T15:50:30.306+0000] {processor.py:161} INFO - Started process (PID=23311) to work on /home/airflow/.local/lib/python3.11/site-packages/airflow/example_dags/example_nested_branch_dag.py
[2024-07-15T15:50:30.311+0000] {processor.py:830} INFO - Processing file /home/airflow/.local/lib/python3.11/site-packages/airflow/example_dags/example_nested_branch_dag.py for tasks to queue
[2024-07-15T15:50:30.318+0000] {logging_mixin.py:188} INFO - [2024-07-15T15:50:30.317+0000] {dagbag.py:545} INFO - Filling up the DagBag from /home/airflow/.local/lib/python3.11/site-packages/airflow/example_dags/example_nested_branch_dag.py
[2024-07-15T15:50:30.340+0000] {processor.py:840} INFO - DAG(s) 'example_nested_branch_dag' retrieved from /home/airflow/.local/lib/python3.11/site-packages/airflow/example_dags/example_nested_branch_dag.py
[2024-07-15T15:50:30.372+0000] {logging_mixin.py:188} INFO - [2024-07-15T15:50:30.371+0000] {dag.py:3096} INFO - Sync 1 DAGs
[2024-07-15T15:50:30.397+0000] {logging_mixin.py:188} INFO - [2024-07-15T15:50:30.396+0000] {dag.py:3954} INFO - Setting next_dagrun for example_nested_branch_dag to 2024-07-14 00:00:00+00:00, run_after=2024-07-15 00:00:00+00:00
[2024-07-15T15:50:30.441+0000] {processor.py:183} INFO - Processing /home/airflow/.local/lib/python3.11/site-packages/airflow/example_dags/example_nested_branch_dag.py took 0.156 seconds
[2024-07-15T15:50:36.057+0000] {processor.py:161} INFO - Started process (PID=23365) to work on /home/airflow/.local/lib/python3.11/site-packages/airflow/example_dags/example_nested_branch_dag.py
[2024-07-15T15:50:36.059+0000] {processor.py:830} INFO - Processing file /home/airflow/.local/lib/python3.11/site-packages/airflow/example_dags/example_nested_branch_dag.py for tasks to queue
[2024-07-15T15:50:36.061+0000] {logging_mixin.py:188} INFO - [2024-07-15T15:50:36.061+0000] {dagbag.py:545} INFO - Filling up the DagBag from /home/airflow/.local/lib/python3.11/site-packages/airflow/example_dags/example_nested_branch_dag.py
[2024-07-15T15:50:36.074+0000] {processor.py:840} INFO - DAG(s) 'example_nested_branch_dag' retrieved from /home/airflow/.local/lib/python3.11/site-packages/airflow/example_dags/example_nested_branch_dag.py
[2024-07-15T15:50:36.102+0000] {logging_mixin.py:188} INFO - [2024-07-15T15:50:36.102+0000] {dag.py:3096} INFO - Sync 1 DAGs
[2024-07-15T15:50:36.131+0000] {logging_mixin.py:188} INFO - [2024-07-15T15:50:36.131+0000] {dag.py:3954} INFO - Setting next_dagrun for example_nested_branch_dag to 2024-07-14 00:00:00+00:00, run_after=2024-07-15 00:00:00+00:00
[2024-07-15T15:50:36.154+0000] {processor.py:183} INFO - Processing /home/airflow/.local/lib/python3.11/site-packages/airflow/example_dags/example_nested_branch_dag.py took 0.105 seconds
[2024-07-15T15:50:41.223+0000] {processor.py:161} INFO - Started process (PID=23417) to work on /home/airflow/.local/lib/python3.11/site-packages/airflow/example_dags/example_nested_branch_dag.py
[2024-07-15T15:50:41.224+0000] {processor.py:830} INFO - Processing file /home/airflow/.local/lib/python3.11/site-packages/airflow/example_dags/example_nested_branch_dag.py for tasks to queue
[2024-07-15T15:50:41.227+0000] {logging_mixin.py:188} INFO - [2024-07-15T15:50:41.227+0000] {dagbag.py:545} INFO - Filling up the DagBag from /home/airflow/.local/lib/python3.11/site-packages/airflow/example_dags/example_nested_branch_dag.py
[2024-07-15T15:50:41.247+0000] {processor.py:840} INFO - DAG(s) 'example_nested_branch_dag' retrieved from /home/airflow/.local/lib/python3.11/site-packages/airflow/example_dags/example_nested_branch_dag.py
[2024-07-15T15:50:41.286+0000] {logging_mixin.py:188} INFO - [2024-07-15T15:50:41.286+0000] {dag.py:3096} INFO - Sync 1 DAGs
[2024-07-15T15:50:41.337+0000] {logging_mixin.py:188} INFO - [2024-07-15T15:50:41.337+0000] {dag.py:3954} INFO - Setting next_dagrun for example_nested_branch_dag to 2024-07-14 00:00:00+00:00, run_after=2024-07-15 00:00:00+00:00
[2024-07-15T15:50:41.379+0000] {processor.py:183} INFO - Processing /home/airflow/.local/lib/python3.11/site-packages/airflow/example_dags/example_nested_branch_dag.py took 0.173 seconds
[2024-07-15T15:50:47.429+0000] {processor.py:161} INFO - Started process (PID=23470) to work on /home/airflow/.local/lib/python3.11/site-packages/airflow/example_dags/example_nested_branch_dag.py
[2024-07-15T15:50:47.430+0000] {processor.py:830} INFO - Processing file /home/airflow/.local/lib/python3.11/site-packages/airflow/example_dags/example_nested_branch_dag.py for tasks to queue
[2024-07-15T15:50:47.432+0000] {logging_mixin.py:188} INFO - [2024-07-15T15:50:47.432+0000] {dagbag.py:545} INFO - Filling up the DagBag from /home/airflow/.local/lib/python3.11/site-packages/airflow/example_dags/example_nested_branch_dag.py
[2024-07-15T15:50:47.444+0000] {processor.py:840} INFO - DAG(s) 'example_nested_branch_dag' retrieved from /home/airflow/.local/lib/python3.11/site-packages/airflow/example_dags/example_nested_branch_dag.py
[2024-07-15T15:50:47.470+0000] {logging_mixin.py:188} INFO - [2024-07-15T15:50:47.470+0000] {dag.py:3096} INFO - Sync 1 DAGs
[2024-07-15T15:50:47.496+0000] {logging_mixin.py:188} INFO - [2024-07-15T15:50:47.496+0000] {dag.py:3954} INFO - Setting next_dagrun for example_nested_branch_dag to 2024-07-14 00:00:00+00:00, run_after=2024-07-15 00:00:00+00:00
[2024-07-15T15:50:47.517+0000] {processor.py:183} INFO - Processing /home/airflow/.local/lib/python3.11/site-packages/airflow/example_dags/example_nested_branch_dag.py took 0.096 seconds
[2024-07-15T15:50:52.106+0000] {processor.py:161} INFO - Started process (PID=23528) to work on /home/airflow/.local/lib/python3.11/site-packages/airflow/example_dags/example_nested_branch_dag.py
[2024-07-15T15:50:52.110+0000] {processor.py:830} INFO - Processing file /home/airflow/.local/lib/python3.11/site-packages/airflow/example_dags/example_nested_branch_dag.py for tasks to queue
[2024-07-15T15:50:52.115+0000] {logging_mixin.py:188} INFO - [2024-07-15T15:50:52.115+0000] {dagbag.py:545} INFO - Filling up the DagBag from /home/airflow/.local/lib/python3.11/site-packages/airflow/example_dags/example_nested_branch_dag.py
[2024-07-15T15:50:52.135+0000] {processor.py:840} INFO - DAG(s) 'example_nested_branch_dag' retrieved from /home/airflow/.local/lib/python3.11/site-packages/airflow/example_dags/example_nested_branch_dag.py
[2024-07-15T15:50:52.162+0000] {logging_mixin.py:188} INFO - [2024-07-15T15:50:52.162+0000] {dag.py:3096} INFO - Sync 1 DAGs
[2024-07-15T15:50:52.186+0000] {logging_mixin.py:188} INFO - [2024-07-15T15:50:52.186+0000] {dag.py:3954} INFO - Setting next_dagrun for example_nested_branch_dag to 2024-07-14 00:00:00+00:00, run_after=2024-07-15 00:00:00+00:00
[2024-07-15T15:50:52.209+0000] {processor.py:183} INFO - Processing /home/airflow/.local/lib/python3.11/site-packages/airflow/example_dags/example_nested_branch_dag.py took 0.124 seconds
[2024-07-15T15:50:57.675+0000] {processor.py:161} INFO - Started process (PID=23582) to work on /home/airflow/.local/lib/python3.11/site-packages/airflow/example_dags/example_nested_branch_dag.py
[2024-07-15T15:50:57.676+0000] {processor.py:830} INFO - Processing file /home/airflow/.local/lib/python3.11/site-packages/airflow/example_dags/example_nested_branch_dag.py for tasks to queue
[2024-07-15T15:50:57.679+0000] {logging_mixin.py:188} INFO - [2024-07-15T15:50:57.678+0000] {dagbag.py:545} INFO - Filling up the DagBag from /home/airflow/.local/lib/python3.11/site-packages/airflow/example_dags/example_nested_branch_dag.py
[2024-07-15T15:50:57.691+0000] {processor.py:840} INFO - DAG(s) 'example_nested_branch_dag' retrieved from /home/airflow/.local/lib/python3.11/site-packages/airflow/example_dags/example_nested_branch_dag.py
[2024-07-15T15:50:57.715+0000] {logging_mixin.py:188} INFO - [2024-07-15T15:50:57.715+0000] {dag.py:3096} INFO - Sync 1 DAGs
[2024-07-15T15:50:57.742+0000] {logging_mixin.py:188} INFO - [2024-07-15T15:50:57.741+0000] {dag.py:3954} INFO - Setting next_dagrun for example_nested_branch_dag to 2024-07-14 00:00:00+00:00, run_after=2024-07-15 00:00:00+00:00
[2024-07-15T15:50:57.763+0000] {processor.py:183} INFO - Processing /home/airflow/.local/lib/python3.11/site-packages/airflow/example_dags/example_nested_branch_dag.py took 0.097 seconds
[2024-07-15T15:51:02.867+0000] {processor.py:161} INFO - Started process (PID=23634) to work on /home/airflow/.local/lib/python3.11/site-packages/airflow/example_dags/example_nested_branch_dag.py
[2024-07-15T15:51:02.868+0000] {processor.py:830} INFO - Processing file /home/airflow/.local/lib/python3.11/site-packages/airflow/example_dags/example_nested_branch_dag.py for tasks to queue
[2024-07-15T15:51:02.871+0000] {logging_mixin.py:188} INFO - [2024-07-15T15:51:02.870+0000] {dagbag.py:545} INFO - Filling up the DagBag from /home/airflow/.local/lib/python3.11/site-packages/airflow/example_dags/example_nested_branch_dag.py
[2024-07-15T15:51:02.883+0000] {processor.py:840} INFO - DAG(s) 'example_nested_branch_dag' retrieved from /home/airflow/.local/lib/python3.11/site-packages/airflow/example_dags/example_nested_branch_dag.py
[2024-07-15T15:51:02.909+0000] {logging_mixin.py:188} INFO - [2024-07-15T15:51:02.909+0000] {dag.py:3096} INFO - Sync 1 DAGs
[2024-07-15T15:51:02.934+0000] {logging_mixin.py:188} INFO - [2024-07-15T15:51:02.933+0000] {dag.py:3954} INFO - Setting next_dagrun for example_nested_branch_dag to 2024-07-14 00:00:00+00:00, run_after=2024-07-15 00:00:00+00:00
[2024-07-15T15:51:02.956+0000] {processor.py:183} INFO - Processing /home/airflow/.local/lib/python3.11/site-packages/airflow/example_dags/example_nested_branch_dag.py took 0.096 seconds
[2024-07-15T15:51:07.892+0000] {processor.py:161} INFO - Started process (PID=23687) to work on /home/airflow/.local/lib/python3.11/site-packages/airflow/example_dags/example_nested_branch_dag.py
[2024-07-15T15:51:07.894+0000] {processor.py:830} INFO - Processing file /home/airflow/.local/lib/python3.11/site-packages/airflow/example_dags/example_nested_branch_dag.py for tasks to queue
[2024-07-15T15:51:07.897+0000] {logging_mixin.py:188} INFO - [2024-07-15T15:51:07.896+0000] {dagbag.py:545} INFO - Filling up the DagBag from /home/airflow/.local/lib/python3.11/site-packages/airflow/example_dags/example_nested_branch_dag.py
[2024-07-15T15:51:07.913+0000] {processor.py:840} INFO - DAG(s) 'example_nested_branch_dag' retrieved from /home/airflow/.local/lib/python3.11/site-packages/airflow/example_dags/example_nested_branch_dag.py
[2024-07-15T15:51:07.945+0000] {logging_mixin.py:188} INFO - [2024-07-15T15:51:07.945+0000] {dag.py:3096} INFO - Sync 1 DAGs
[2024-07-15T15:51:07.976+0000] {logging_mixin.py:188} INFO - [2024-07-15T15:51:07.976+0000] {dag.py:3954} INFO - Setting next_dagrun for example_nested_branch_dag to 2024-07-14 00:00:00+00:00, run_after=2024-07-15 00:00:00+00:00
[2024-07-15T15:51:08.007+0000] {processor.py:183} INFO - Processing /home/airflow/.local/lib/python3.11/site-packages/airflow/example_dags/example_nested_branch_dag.py took 0.124 seconds
[2024-07-15T15:51:13.161+0000] {processor.py:161} INFO - Started process (PID=23739) to work on /home/airflow/.local/lib/python3.11/site-packages/airflow/example_dags/example_nested_branch_dag.py
[2024-07-15T15:51:13.163+0000] {processor.py:830} INFO - Processing file /home/airflow/.local/lib/python3.11/site-packages/airflow/example_dags/example_nested_branch_dag.py for tasks to queue
[2024-07-15T15:51:13.165+0000] {logging_mixin.py:188} INFO - [2024-07-15T15:51:13.165+0000] {dagbag.py:545} INFO - Filling up the DagBag from /home/airflow/.local/lib/python3.11/site-packages/airflow/example_dags/example_nested_branch_dag.py
[2024-07-15T15:51:13.182+0000] {processor.py:840} INFO - DAG(s) 'example_nested_branch_dag' retrieved from /home/airflow/.local/lib/python3.11/site-packages/airflow/example_dags/example_nested_branch_dag.py
[2024-07-15T15:51:13.213+0000] {logging_mixin.py:188} INFO - [2024-07-15T15:51:13.213+0000] {dag.py:3096} INFO - Sync 1 DAGs
[2024-07-15T15:51:13.247+0000] {logging_mixin.py:188} INFO - [2024-07-15T15:51:13.247+0000] {dag.py:3954} INFO - Setting next_dagrun for example_nested_branch_dag to 2024-07-14 00:00:00+00:00, run_after=2024-07-15 00:00:00+00:00
[2024-07-15T15:51:13.298+0000] {processor.py:183} INFO - Processing /home/airflow/.local/lib/python3.11/site-packages/airflow/example_dags/example_nested_branch_dag.py took 0.147 seconds
[2024-07-15T15:51:17.517+0000] {processor.py:161} INFO - Started process (PID=23792) to work on /home/airflow/.local/lib/python3.11/site-packages/airflow/example_dags/example_nested_branch_dag.py
[2024-07-15T15:51:17.519+0000] {processor.py:830} INFO - Processing file /home/airflow/.local/lib/python3.11/site-packages/airflow/example_dags/example_nested_branch_dag.py for tasks to queue
[2024-07-15T15:51:17.521+0000] {logging_mixin.py:188} INFO - [2024-07-15T15:51:17.521+0000] {dagbag.py:545} INFO - Filling up the DagBag from /home/airflow/.local/lib/python3.11/site-packages/airflow/example_dags/example_nested_branch_dag.py
[2024-07-15T15:51:17.534+0000] {processor.py:840} INFO - DAG(s) 'example_nested_branch_dag' retrieved from /home/airflow/.local/lib/python3.11/site-packages/airflow/example_dags/example_nested_branch_dag.py
[2024-07-15T15:51:17.561+0000] {logging_mixin.py:188} INFO - [2024-07-15T15:51:17.561+0000] {dag.py:3096} INFO - Sync 1 DAGs
[2024-07-15T15:51:17.588+0000] {logging_mixin.py:188} INFO - [2024-07-15T15:51:17.588+0000] {dag.py:3954} INFO - Setting next_dagrun for example_nested_branch_dag to 2024-07-14 00:00:00+00:00, run_after=2024-07-15 00:00:00+00:00
[2024-07-15T15:51:17.611+0000] {processor.py:183} INFO - Processing /home/airflow/.local/lib/python3.11/site-packages/airflow/example_dags/example_nested_branch_dag.py took 0.102 seconds
[2024-07-15T15:51:23.261+0000] {processor.py:161} INFO - Started process (PID=23850) to work on /home/airflow/.local/lib/python3.11/site-packages/airflow/example_dags/example_nested_branch_dag.py
[2024-07-15T15:51:23.263+0000] {processor.py:830} INFO - Processing file /home/airflow/.local/lib/python3.11/site-packages/airflow/example_dags/example_nested_branch_dag.py for tasks to queue
[2024-07-15T15:51:23.265+0000] {logging_mixin.py:188} INFO - [2024-07-15T15:51:23.265+0000] {dagbag.py:545} INFO - Filling up the DagBag from /home/airflow/.local/lib/python3.11/site-packages/airflow/example_dags/example_nested_branch_dag.py
[2024-07-15T15:51:23.281+0000] {processor.py:840} INFO - DAG(s) 'example_nested_branch_dag' retrieved from /home/airflow/.local/lib/python3.11/site-packages/airflow/example_dags/example_nested_branch_dag.py
[2024-07-15T15:51:23.330+0000] {logging_mixin.py:188} INFO - [2024-07-15T15:51:23.330+0000] {dag.py:3096} INFO - Sync 1 DAGs
[2024-07-15T15:51:23.400+0000] {logging_mixin.py:188} INFO - [2024-07-15T15:51:23.399+0000] {dag.py:3954} INFO - Setting next_dagrun for example_nested_branch_dag to 2024-07-14 00:00:00+00:00, run_after=2024-07-15 00:00:00+00:00
[2024-07-15T15:51:23.446+0000] {processor.py:183} INFO - Processing /home/airflow/.local/lib/python3.11/site-packages/airflow/example_dags/example_nested_branch_dag.py took 0.196 seconds
[2024-07-15T15:52:55.824+0000] {processor.py:161} INFO - Started process (PID=24817) to work on /home/airflow/.local/lib/python3.11/site-packages/airflow/example_dags/example_nested_branch_dag.py
[2024-07-15T15:52:55.826+0000] {processor.py:830} INFO - Processing file /home/airflow/.local/lib/python3.11/site-packages/airflow/example_dags/example_nested_branch_dag.py for tasks to queue
[2024-07-15T15:52:55.828+0000] {logging_mixin.py:188} INFO - [2024-07-15T15:52:55.828+0000] {dagbag.py:545} INFO - Filling up the DagBag from /home/airflow/.local/lib/python3.11/site-packages/airflow/example_dags/example_nested_branch_dag.py
[2024-07-15T15:52:55.851+0000] {processor.py:840} INFO - DAG(s) 'example_nested_branch_dag' retrieved from /home/airflow/.local/lib/python3.11/site-packages/airflow/example_dags/example_nested_branch_dag.py
[2024-07-15T15:52:55.910+0000] {logging_mixin.py:188} INFO - [2024-07-15T15:52:55.909+0000] {dag.py:3096} INFO - Sync 1 DAGs
[2024-07-15T15:52:55.957+0000] {logging_mixin.py:188} INFO - [2024-07-15T15:52:55.957+0000] {dag.py:3954} INFO - Setting next_dagrun for example_nested_branch_dag to 2024-07-14 00:00:00+00:00, run_after=2024-07-15 00:00:00+00:00
[2024-07-15T15:52:55.995+0000] {processor.py:183} INFO - Processing /home/airflow/.local/lib/python3.11/site-packages/airflow/example_dags/example_nested_branch_dag.py took 0.181 seconds
[2024-07-15T15:53:05.164+0000] {processor.py:161} INFO - Started process (PID=24870) to work on /home/airflow/.local/lib/python3.11/site-packages/airflow/example_dags/example_nested_branch_dag.py
[2024-07-15T15:53:05.165+0000] {processor.py:830} INFO - Processing file /home/airflow/.local/lib/python3.11/site-packages/airflow/example_dags/example_nested_branch_dag.py for tasks to queue
[2024-07-15T15:53:05.168+0000] {logging_mixin.py:188} INFO - [2024-07-15T15:53:05.168+0000] {dagbag.py:545} INFO - Filling up the DagBag from /home/airflow/.local/lib/python3.11/site-packages/airflow/example_dags/example_nested_branch_dag.py
[2024-07-15T15:53:05.186+0000] {processor.py:840} INFO - DAG(s) 'example_nested_branch_dag' retrieved from /home/airflow/.local/lib/python3.11/site-packages/airflow/example_dags/example_nested_branch_dag.py
[2024-07-15T15:53:05.222+0000] {logging_mixin.py:188} INFO - [2024-07-15T15:53:05.222+0000] {dag.py:3096} INFO - Sync 1 DAGs
[2024-07-15T15:53:05.255+0000] {logging_mixin.py:188} INFO - [2024-07-15T15:53:05.255+0000] {dag.py:3954} INFO - Setting next_dagrun for example_nested_branch_dag to 2024-07-14 00:00:00+00:00, run_after=2024-07-15 00:00:00+00:00
[2024-07-15T15:53:05.279+0000] {processor.py:183} INFO - Processing /home/airflow/.local/lib/python3.11/site-packages/airflow/example_dags/example_nested_branch_dag.py took 0.125 seconds
[2024-07-15T15:53:10.012+0000] {processor.py:161} INFO - Started process (PID=24922) to work on /home/airflow/.local/lib/python3.11/site-packages/airflow/example_dags/example_nested_branch_dag.py
[2024-07-15T15:53:10.014+0000] {processor.py:830} INFO - Processing file /home/airflow/.local/lib/python3.11/site-packages/airflow/example_dags/example_nested_branch_dag.py for tasks to queue
[2024-07-15T15:53:10.016+0000] {logging_mixin.py:188} INFO - [2024-07-15T15:53:10.016+0000] {dagbag.py:545} INFO - Filling up the DagBag from /home/airflow/.local/lib/python3.11/site-packages/airflow/example_dags/example_nested_branch_dag.py
[2024-07-15T15:53:10.029+0000] {processor.py:840} INFO - DAG(s) 'example_nested_branch_dag' retrieved from /home/airflow/.local/lib/python3.11/site-packages/airflow/example_dags/example_nested_branch_dag.py
[2024-07-15T15:53:10.061+0000] {logging_mixin.py:188} INFO - [2024-07-15T15:53:10.061+0000] {dag.py:3096} INFO - Sync 1 DAGs
[2024-07-15T15:53:10.094+0000] {logging_mixin.py:188} INFO - [2024-07-15T15:53:10.094+0000] {dag.py:3954} INFO - Setting next_dagrun for example_nested_branch_dag to 2024-07-14 00:00:00+00:00, run_after=2024-07-15 00:00:00+00:00
[2024-07-15T15:53:10.120+0000] {processor.py:183} INFO - Processing /home/airflow/.local/lib/python3.11/site-packages/airflow/example_dags/example_nested_branch_dag.py took 0.115 seconds
[2024-07-15T15:53:15.629+0000] {processor.py:161} INFO - Started process (PID=24976) to work on /home/airflow/.local/lib/python3.11/site-packages/airflow/example_dags/example_nested_branch_dag.py
[2024-07-15T15:53:15.632+0000] {processor.py:830} INFO - Processing file /home/airflow/.local/lib/python3.11/site-packages/airflow/example_dags/example_nested_branch_dag.py for tasks to queue
[2024-07-15T15:53:15.636+0000] {logging_mixin.py:188} INFO - [2024-07-15T15:53:15.635+0000] {dagbag.py:545} INFO - Filling up the DagBag from /home/airflow/.local/lib/python3.11/site-packages/airflow/example_dags/example_nested_branch_dag.py
[2024-07-15T15:53:15.660+0000] {processor.py:840} INFO - DAG(s) 'example_nested_branch_dag' retrieved from /home/airflow/.local/lib/python3.11/site-packages/airflow/example_dags/example_nested_branch_dag.py
[2024-07-15T15:53:15.717+0000] {logging_mixin.py:188} INFO - [2024-07-15T15:53:15.717+0000] {dag.py:3096} INFO - Sync 1 DAGs
[2024-07-15T15:53:15.780+0000] {logging_mixin.py:188} INFO - [2024-07-15T15:53:15.779+0000] {dag.py:3954} INFO - Setting next_dagrun for example_nested_branch_dag to 2024-07-14 00:00:00+00:00, run_after=2024-07-15 00:00:00+00:00
[2024-07-15T15:53:15.827+0000] {processor.py:183} INFO - Processing /home/airflow/.local/lib/python3.11/site-packages/airflow/example_dags/example_nested_branch_dag.py took 0.210 seconds
[2024-07-15T15:53:20.626+0000] {processor.py:161} INFO - Started process (PID=25028) to work on /home/airflow/.local/lib/python3.11/site-packages/airflow/example_dags/example_nested_branch_dag.py
[2024-07-15T15:53:20.628+0000] {processor.py:830} INFO - Processing file /home/airflow/.local/lib/python3.11/site-packages/airflow/example_dags/example_nested_branch_dag.py for tasks to queue
[2024-07-15T15:53:20.630+0000] {logging_mixin.py:188} INFO - [2024-07-15T15:53:20.630+0000] {dagbag.py:545} INFO - Filling up the DagBag from /home/airflow/.local/lib/python3.11/site-packages/airflow/example_dags/example_nested_branch_dag.py
[2024-07-15T15:53:20.646+0000] {processor.py:840} INFO - DAG(s) 'example_nested_branch_dag' retrieved from /home/airflow/.local/lib/python3.11/site-packages/airflow/example_dags/example_nested_branch_dag.py
[2024-07-15T15:53:20.678+0000] {logging_mixin.py:188} INFO - [2024-07-15T15:53:20.678+0000] {dag.py:3096} INFO - Sync 1 DAGs
[2024-07-15T15:53:20.707+0000] {logging_mixin.py:188} INFO - [2024-07-15T15:53:20.707+0000] {dag.py:3954} INFO - Setting next_dagrun for example_nested_branch_dag to 2024-07-14 00:00:00+00:00, run_after=2024-07-15 00:00:00+00:00
[2024-07-15T15:53:20.731+0000] {processor.py:183} INFO - Processing /home/airflow/.local/lib/python3.11/site-packages/airflow/example_dags/example_nested_branch_dag.py took 0.114 seconds
[2024-07-15T15:53:25.287+0000] {processor.py:161} INFO - Started process (PID=25088) to work on /home/airflow/.local/lib/python3.11/site-packages/airflow/example_dags/example_nested_branch_dag.py
[2024-07-15T15:53:25.288+0000] {processor.py:830} INFO - Processing file /home/airflow/.local/lib/python3.11/site-packages/airflow/example_dags/example_nested_branch_dag.py for tasks to queue
[2024-07-15T15:53:25.291+0000] {logging_mixin.py:188} INFO - [2024-07-15T15:53:25.290+0000] {dagbag.py:545} INFO - Filling up the DagBag from /home/airflow/.local/lib/python3.11/site-packages/airflow/example_dags/example_nested_branch_dag.py
[2024-07-15T15:53:25.306+0000] {processor.py:840} INFO - DAG(s) 'example_nested_branch_dag' retrieved from /home/airflow/.local/lib/python3.11/site-packages/airflow/example_dags/example_nested_branch_dag.py
[2024-07-15T15:53:25.347+0000] {logging_mixin.py:188} INFO - [2024-07-15T15:53:25.346+0000] {dag.py:3096} INFO - Sync 1 DAGs
[2024-07-15T15:53:25.387+0000] {logging_mixin.py:188} INFO - [2024-07-15T15:53:25.386+0000] {dag.py:3954} INFO - Setting next_dagrun for example_nested_branch_dag to 2024-07-14 00:00:00+00:00, run_after=2024-07-15 00:00:00+00:00
[2024-07-15T15:53:25.426+0000] {processor.py:183} INFO - Processing /home/airflow/.local/lib/python3.11/site-packages/airflow/example_dags/example_nested_branch_dag.py took 0.147 seconds
