[2024-07-15T15:48:57.062+0000] {processor.py:161} INFO - Started process (PID=22610) to work on /home/airflow/.local/lib/python3.11/site-packages/airflow/example_dags/example_params_ui_tutorial.py
[2024-07-15T15:48:57.078+0000] {processor.py:830} INFO - Processing file /home/airflow/.local/lib/python3.11/site-packages/airflow/example_dags/example_params_ui_tutorial.py for tasks to queue
[2024-07-15T15:48:57.091+0000] {logging_mixin.py:188} INFO - [2024-07-15T15:48:57.091+0000] {dagbag.py:545} INFO - Filling up the DagBag from /home/airflow/.local/lib/python3.11/site-packages/airflow/example_dags/example_params_ui_tutorial.py
[2024-07-15T15:48:57.188+0000] {processor.py:840} INFO - DAG(s) 'example_params_ui_tutorial' retrieved from /home/airflow/.local/lib/python3.11/site-packages/airflow/example_dags/example_params_ui_tutorial.py
[2024-07-15T15:48:58.215+0000] {logging_mixin.py:188} INFO - [2024-07-15T15:48:58.215+0000] {dag.py:3096} INFO - Sync 1 DAGs
[2024-07-15T15:48:58.282+0000] {logging_mixin.py:188} INFO - [2024-07-15T15:48:58.282+0000] {dag.py:3954} INFO - Setting next_dagrun for example_params_ui_tutorial to None, run_after=None
[2024-07-15T15:48:58.403+0000] {processor.py:183} INFO - Processing /home/airflow/.local/lib/python3.11/site-packages/airflow/example_dags/example_params_ui_tutorial.py took 1.377 seconds
[2024-07-15T15:49:11.631+0000] {processor.py:161} INFO - Started process (PID=22664) to work on /home/airflow/.local/lib/python3.11/site-packages/airflow/example_dags/example_params_ui_tutorial.py
[2024-07-15T15:49:11.633+0000] {processor.py:830} INFO - Processing file /home/airflow/.local/lib/python3.11/site-packages/airflow/example_dags/example_params_ui_tutorial.py for tasks to queue
[2024-07-15T15:49:11.635+0000] {logging_mixin.py:188} INFO - [2024-07-15T15:49:11.635+0000] {dagbag.py:545} INFO - Filling up the DagBag from /home/airflow/.local/lib/python3.11/site-packages/airflow/example_dags/example_params_ui_tutorial.py
[2024-07-15T15:49:11.656+0000] {processor.py:840} INFO - DAG(s) 'example_params_ui_tutorial' retrieved from /home/airflow/.local/lib/python3.11/site-packages/airflow/example_dags/example_params_ui_tutorial.py
[2024-07-15T15:49:11.674+0000] {logging_mixin.py:188} INFO - [2024-07-15T15:49:11.674+0000] {dag.py:3096} INFO - Sync 1 DAGs
[2024-07-15T15:49:11.700+0000] {logging_mixin.py:188} INFO - [2024-07-15T15:49:11.700+0000] {dag.py:3954} INFO - Setting next_dagrun for example_params_ui_tutorial to None, run_after=None
[2024-07-15T15:49:11.729+0000] {processor.py:183} INFO - Processing /home/airflow/.local/lib/python3.11/site-packages/airflow/example_dags/example_params_ui_tutorial.py took 0.108 seconds
[2024-07-15T15:49:18.766+0000] {processor.py:161} INFO - Started process (PID=22716) to work on /home/airflow/.local/lib/python3.11/site-packages/airflow/example_dags/example_params_ui_tutorial.py
[2024-07-15T15:49:18.768+0000] {processor.py:830} INFO - Processing file /home/airflow/.local/lib/python3.11/site-packages/airflow/example_dags/example_params_ui_tutorial.py for tasks to queue
[2024-07-15T15:49:18.772+0000] {logging_mixin.py:188} INFO - [2024-07-15T15:49:18.772+0000] {dagbag.py:545} INFO - Filling up the DagBag from /home/airflow/.local/lib/python3.11/site-packages/airflow/example_dags/example_params_ui_tutorial.py
[2024-07-15T15:49:18.805+0000] {processor.py:840} INFO - DAG(s) 'example_params_ui_tutorial' retrieved from /home/airflow/.local/lib/python3.11/site-packages/airflow/example_dags/example_params_ui_tutorial.py
[2024-07-15T15:49:18.831+0000] {logging_mixin.py:188} INFO - [2024-07-15T15:49:18.831+0000] {dag.py:3096} INFO - Sync 1 DAGs
[2024-07-15T15:49:18.866+0000] {logging_mixin.py:188} INFO - [2024-07-15T15:49:18.865+0000] {dag.py:3954} INFO - Setting next_dagrun for example_params_ui_tutorial to None, run_after=None
[2024-07-15T15:49:18.947+0000] {processor.py:183} INFO - Processing /home/airflow/.local/lib/python3.11/site-packages/airflow/example_dags/example_params_ui_tutorial.py took 0.197 seconds
[2024-07-15T15:49:27.265+0000] {processor.py:161} INFO - Started process (PID=22775) to work on /home/airflow/.local/lib/python3.11/site-packages/airflow/example_dags/example_params_ui_tutorial.py
[2024-07-15T15:49:27.266+0000] {processor.py:830} INFO - Processing file /home/airflow/.local/lib/python3.11/site-packages/airflow/example_dags/example_params_ui_tutorial.py for tasks to queue
[2024-07-15T15:49:27.270+0000] {logging_mixin.py:188} INFO - [2024-07-15T15:49:27.270+0000] {dagbag.py:545} INFO - Filling up the DagBag from /home/airflow/.local/lib/python3.11/site-packages/airflow/example_dags/example_params_ui_tutorial.py
[2024-07-15T15:49:27.304+0000] {processor.py:840} INFO - DAG(s) 'example_params_ui_tutorial' retrieved from /home/airflow/.local/lib/python3.11/site-packages/airflow/example_dags/example_params_ui_tutorial.py
[2024-07-15T15:49:27.410+0000] {logging_mixin.py:188} INFO - [2024-07-15T15:49:27.409+0000] {dag.py:3096} INFO - Sync 1 DAGs
[2024-07-15T15:49:27.432+0000] {logging_mixin.py:188} INFO - [2024-07-15T15:49:27.432+0000] {dag.py:3954} INFO - Setting next_dagrun for example_params_ui_tutorial to None, run_after=None
[2024-07-15T15:49:27.465+0000] {processor.py:183} INFO - Processing /home/airflow/.local/lib/python3.11/site-packages/airflow/example_dags/example_params_ui_tutorial.py took 0.217 seconds
[2024-07-15T15:49:35.001+0000] {processor.py:161} INFO - Started process (PID=22827) to work on /home/airflow/.local/lib/python3.11/site-packages/airflow/example_dags/example_params_ui_tutorial.py
[2024-07-15T15:49:35.002+0000] {processor.py:830} INFO - Processing file /home/airflow/.local/lib/python3.11/site-packages/airflow/example_dags/example_params_ui_tutorial.py for tasks to queue
[2024-07-15T15:49:35.005+0000] {logging_mixin.py:188} INFO - [2024-07-15T15:49:35.005+0000] {dagbag.py:545} INFO - Filling up the DagBag from /home/airflow/.local/lib/python3.11/site-packages/airflow/example_dags/example_params_ui_tutorial.py
[2024-07-15T15:49:35.032+0000] {processor.py:840} INFO - DAG(s) 'example_params_ui_tutorial' retrieved from /home/airflow/.local/lib/python3.11/site-packages/airflow/example_dags/example_params_ui_tutorial.py
[2024-07-15T15:49:35.141+0000] {logging_mixin.py:188} INFO - [2024-07-15T15:49:35.140+0000] {dag.py:3096} INFO - Sync 1 DAGs
[2024-07-15T15:49:35.167+0000] {logging_mixin.py:188} INFO - [2024-07-15T15:49:35.167+0000] {dag.py:3954} INFO - Setting next_dagrun for example_params_ui_tutorial to None, run_after=None
[2024-07-15T15:49:35.199+0000] {processor.py:183} INFO - Processing /home/airflow/.local/lib/python3.11/site-packages/airflow/example_dags/example_params_ui_tutorial.py took 0.212 seconds
[2024-07-15T15:49:42.670+0000] {processor.py:161} INFO - Started process (PID=22880) to work on /home/airflow/.local/lib/python3.11/site-packages/airflow/example_dags/example_params_ui_tutorial.py
[2024-07-15T15:49:42.673+0000] {processor.py:830} INFO - Processing file /home/airflow/.local/lib/python3.11/site-packages/airflow/example_dags/example_params_ui_tutorial.py for tasks to queue
[2024-07-15T15:49:42.677+0000] {logging_mixin.py:188} INFO - [2024-07-15T15:49:42.676+0000] {dagbag.py:545} INFO - Filling up the DagBag from /home/airflow/.local/lib/python3.11/site-packages/airflow/example_dags/example_params_ui_tutorial.py
[2024-07-15T15:49:42.711+0000] {processor.py:840} INFO - DAG(s) 'example_params_ui_tutorial' retrieved from /home/airflow/.local/lib/python3.11/site-packages/airflow/example_dags/example_params_ui_tutorial.py
[2024-07-15T15:49:42.893+0000] {logging_mixin.py:188} INFO - [2024-07-15T15:49:42.893+0000] {dag.py:3096} INFO - Sync 1 DAGs
[2024-07-15T15:49:42.920+0000] {logging_mixin.py:188} INFO - [2024-07-15T15:49:42.919+0000] {dag.py:3954} INFO - Setting next_dagrun for example_params_ui_tutorial to None, run_after=None
[2024-07-15T15:49:42.957+0000] {processor.py:183} INFO - Processing /home/airflow/.local/lib/python3.11/site-packages/airflow/example_dags/example_params_ui_tutorial.py took 0.302 seconds
[2024-07-15T15:49:49.159+0000] {processor.py:161} INFO - Started process (PID=22932) to work on /home/airflow/.local/lib/python3.11/site-packages/airflow/example_dags/example_params_ui_tutorial.py
[2024-07-15T15:49:49.161+0000] {processor.py:830} INFO - Processing file /home/airflow/.local/lib/python3.11/site-packages/airflow/example_dags/example_params_ui_tutorial.py for tasks to queue
[2024-07-15T15:49:49.165+0000] {logging_mixin.py:188} INFO - [2024-07-15T15:49:49.164+0000] {dagbag.py:545} INFO - Filling up the DagBag from /home/airflow/.local/lib/python3.11/site-packages/airflow/example_dags/example_params_ui_tutorial.py
[2024-07-15T15:49:49.186+0000] {processor.py:840} INFO - DAG(s) 'example_params_ui_tutorial' retrieved from /home/airflow/.local/lib/python3.11/site-packages/airflow/example_dags/example_params_ui_tutorial.py
[2024-07-15T15:49:49.288+0000] {logging_mixin.py:188} INFO - [2024-07-15T15:49:49.287+0000] {dag.py:3096} INFO - Sync 1 DAGs
[2024-07-15T15:49:49.313+0000] {logging_mixin.py:188} INFO - [2024-07-15T15:49:49.313+0000] {dag.py:3954} INFO - Setting next_dagrun for example_params_ui_tutorial to None, run_after=None
[2024-07-15T15:49:49.347+0000] {processor.py:183} INFO - Processing /home/airflow/.local/lib/python3.11/site-packages/airflow/example_dags/example_params_ui_tutorial.py took 0.199 seconds
[2024-07-15T15:49:55.423+0000] {processor.py:161} INFO - Started process (PID=22992) to work on /home/airflow/.local/lib/python3.11/site-packages/airflow/example_dags/example_params_ui_tutorial.py
[2024-07-15T15:49:55.425+0000] {processor.py:830} INFO - Processing file /home/airflow/.local/lib/python3.11/site-packages/airflow/example_dags/example_params_ui_tutorial.py for tasks to queue
[2024-07-15T15:49:55.429+0000] {logging_mixin.py:188} INFO - [2024-07-15T15:49:55.428+0000] {dagbag.py:545} INFO - Filling up the DagBag from /home/airflow/.local/lib/python3.11/site-packages/airflow/example_dags/example_params_ui_tutorial.py
[2024-07-15T15:49:55.480+0000] {processor.py:840} INFO - DAG(s) 'example_params_ui_tutorial' retrieved from /home/airflow/.local/lib/python3.11/site-packages/airflow/example_dags/example_params_ui_tutorial.py
[2024-07-15T15:49:55.689+0000] {logging_mixin.py:188} INFO - [2024-07-15T15:49:55.688+0000] {dag.py:3096} INFO - Sync 1 DAGs
[2024-07-15T15:49:55.730+0000] {logging_mixin.py:188} INFO - [2024-07-15T15:49:55.730+0000] {dag.py:3954} INFO - Setting next_dagrun for example_params_ui_tutorial to None, run_after=None
[2024-07-15T15:49:55.786+0000] {processor.py:183} INFO - Processing /home/airflow/.local/lib/python3.11/site-packages/airflow/example_dags/example_params_ui_tutorial.py took 0.387 seconds
[2024-07-15T15:50:02.557+0000] {processor.py:161} INFO - Started process (PID=23044) to work on /home/airflow/.local/lib/python3.11/site-packages/airflow/example_dags/example_params_ui_tutorial.py
[2024-07-15T15:50:02.558+0000] {processor.py:830} INFO - Processing file /home/airflow/.local/lib/python3.11/site-packages/airflow/example_dags/example_params_ui_tutorial.py for tasks to queue
[2024-07-15T15:50:02.561+0000] {logging_mixin.py:188} INFO - [2024-07-15T15:50:02.560+0000] {dagbag.py:545} INFO - Filling up the DagBag from /home/airflow/.local/lib/python3.11/site-packages/airflow/example_dags/example_params_ui_tutorial.py
[2024-07-15T15:50:02.578+0000] {processor.py:840} INFO - DAG(s) 'example_params_ui_tutorial' retrieved from /home/airflow/.local/lib/python3.11/site-packages/airflow/example_dags/example_params_ui_tutorial.py
[2024-07-15T15:50:02.654+0000] {logging_mixin.py:188} INFO - [2024-07-15T15:50:02.654+0000] {dag.py:3096} INFO - Sync 1 DAGs
[2024-07-15T15:50:02.674+0000] {logging_mixin.py:188} INFO - [2024-07-15T15:50:02.674+0000] {dag.py:3954} INFO - Setting next_dagrun for example_params_ui_tutorial to None, run_after=None
[2024-07-15T15:50:02.700+0000] {processor.py:183} INFO - Processing /home/airflow/.local/lib/python3.11/site-packages/airflow/example_dags/example_params_ui_tutorial.py took 0.153 seconds
[2024-07-15T15:50:08.132+0000] {processor.py:161} INFO - Started process (PID=23097) to work on /home/airflow/.local/lib/python3.11/site-packages/airflow/example_dags/example_params_ui_tutorial.py
[2024-07-15T15:50:08.133+0000] {processor.py:830} INFO - Processing file /home/airflow/.local/lib/python3.11/site-packages/airflow/example_dags/example_params_ui_tutorial.py for tasks to queue
[2024-07-15T15:50:08.136+0000] {logging_mixin.py:188} INFO - [2024-07-15T15:50:08.135+0000] {dagbag.py:545} INFO - Filling up the DagBag from /home/airflow/.local/lib/python3.11/site-packages/airflow/example_dags/example_params_ui_tutorial.py
[2024-07-15T15:50:08.150+0000] {processor.py:840} INFO - DAG(s) 'example_params_ui_tutorial' retrieved from /home/airflow/.local/lib/python3.11/site-packages/airflow/example_dags/example_params_ui_tutorial.py
[2024-07-15T15:50:08.215+0000] {logging_mixin.py:188} INFO - [2024-07-15T15:50:08.215+0000] {dag.py:3096} INFO - Sync 1 DAGs
[2024-07-15T15:50:08.230+0000] {logging_mixin.py:188} INFO - [2024-07-15T15:50:08.230+0000] {dag.py:3954} INFO - Setting next_dagrun for example_params_ui_tutorial to None, run_after=None
[2024-07-15T15:50:08.277+0000] {processor.py:183} INFO - Processing /home/airflow/.local/lib/python3.11/site-packages/airflow/example_dags/example_params_ui_tutorial.py took 0.152 seconds
[2024-07-15T15:50:13.955+0000] {processor.py:161} INFO - Started process (PID=23149) to work on /home/airflow/.local/lib/python3.11/site-packages/airflow/example_dags/example_params_ui_tutorial.py
[2024-07-15T15:50:13.956+0000] {processor.py:830} INFO - Processing file /home/airflow/.local/lib/python3.11/site-packages/airflow/example_dags/example_params_ui_tutorial.py for tasks to queue
[2024-07-15T15:50:13.959+0000] {logging_mixin.py:188} INFO - [2024-07-15T15:50:13.959+0000] {dagbag.py:545} INFO - Filling up the DagBag from /home/airflow/.local/lib/python3.11/site-packages/airflow/example_dags/example_params_ui_tutorial.py
[2024-07-15T15:50:13.975+0000] {processor.py:840} INFO - DAG(s) 'example_params_ui_tutorial' retrieved from /home/airflow/.local/lib/python3.11/site-packages/airflow/example_dags/example_params_ui_tutorial.py
[2024-07-15T15:50:14.070+0000] {logging_mixin.py:188} INFO - [2024-07-15T15:50:14.070+0000] {dag.py:3096} INFO - Sync 1 DAGs
[2024-07-15T15:50:14.084+0000] {logging_mixin.py:188} INFO - [2024-07-15T15:50:14.084+0000] {dag.py:3954} INFO - Setting next_dagrun for example_params_ui_tutorial to None, run_after=None
[2024-07-15T15:50:14.127+0000] {processor.py:183} INFO - Processing /home/airflow/.local/lib/python3.11/site-packages/airflow/example_dags/example_params_ui_tutorial.py took 0.179 seconds
[2024-07-15T15:50:20.014+0000] {processor.py:161} INFO - Started process (PID=23202) to work on /home/airflow/.local/lib/python3.11/site-packages/airflow/example_dags/example_params_ui_tutorial.py
[2024-07-15T15:50:20.016+0000] {processor.py:830} INFO - Processing file /home/airflow/.local/lib/python3.11/site-packages/airflow/example_dags/example_params_ui_tutorial.py for tasks to queue
[2024-07-15T15:50:20.018+0000] {logging_mixin.py:188} INFO - [2024-07-15T15:50:20.018+0000] {dagbag.py:545} INFO - Filling up the DagBag from /home/airflow/.local/lib/python3.11/site-packages/airflow/example_dags/example_params_ui_tutorial.py
[2024-07-15T15:50:20.033+0000] {processor.py:840} INFO - DAG(s) 'example_params_ui_tutorial' retrieved from /home/airflow/.local/lib/python3.11/site-packages/airflow/example_dags/example_params_ui_tutorial.py
[2024-07-15T15:50:20.096+0000] {logging_mixin.py:188} INFO - [2024-07-15T15:50:20.096+0000] {dag.py:3096} INFO - Sync 1 DAGs
[2024-07-15T15:50:20.111+0000] {logging_mixin.py:188} INFO - [2024-07-15T15:50:20.111+0000] {dag.py:3954} INFO - Setting next_dagrun for example_params_ui_tutorial to None, run_after=None
[2024-07-15T15:50:20.134+0000] {processor.py:183} INFO - Processing /home/airflow/.local/lib/python3.11/site-packages/airflow/example_dags/example_params_ui_tutorial.py took 0.127 seconds
[2024-07-15T15:50:24.906+0000] {processor.py:161} INFO - Started process (PID=23262) to work on /home/airflow/.local/lib/python3.11/site-packages/airflow/example_dags/example_params_ui_tutorial.py
[2024-07-15T15:50:24.907+0000] {processor.py:830} INFO - Processing file /home/airflow/.local/lib/python3.11/site-packages/airflow/example_dags/example_params_ui_tutorial.py for tasks to queue
[2024-07-15T15:50:24.909+0000] {logging_mixin.py:188} INFO - [2024-07-15T15:50:24.909+0000] {dagbag.py:545} INFO - Filling up the DagBag from /home/airflow/.local/lib/python3.11/site-packages/airflow/example_dags/example_params_ui_tutorial.py
[2024-07-15T15:50:24.948+0000] {processor.py:840} INFO - DAG(s) 'example_params_ui_tutorial' retrieved from /home/airflow/.local/lib/python3.11/site-packages/airflow/example_dags/example_params_ui_tutorial.py
[2024-07-15T15:50:25.047+0000] {logging_mixin.py:188} INFO - [2024-07-15T15:50:25.046+0000] {dag.py:3096} INFO - Sync 1 DAGs
[2024-07-15T15:50:25.062+0000] {logging_mixin.py:188} INFO - [2024-07-15T15:50:25.062+0000] {dag.py:3954} INFO - Setting next_dagrun for example_params_ui_tutorial to None, run_after=None
[2024-07-15T15:50:25.104+0000] {processor.py:183} INFO - Processing /home/airflow/.local/lib/python3.11/site-packages/airflow/example_dags/example_params_ui_tutorial.py took 0.206 seconds
[2024-07-15T15:50:30.601+0000] {processor.py:161} INFO - Started process (PID=23314) to work on /home/airflow/.local/lib/python3.11/site-packages/airflow/example_dags/example_params_ui_tutorial.py
[2024-07-15T15:50:30.602+0000] {processor.py:830} INFO - Processing file /home/airflow/.local/lib/python3.11/site-packages/airflow/example_dags/example_params_ui_tutorial.py for tasks to queue
[2024-07-15T15:50:30.604+0000] {logging_mixin.py:188} INFO - [2024-07-15T15:50:30.604+0000] {dagbag.py:545} INFO - Filling up the DagBag from /home/airflow/.local/lib/python3.11/site-packages/airflow/example_dags/example_params_ui_tutorial.py
[2024-07-15T15:50:30.622+0000] {processor.py:840} INFO - DAG(s) 'example_params_ui_tutorial' retrieved from /home/airflow/.local/lib/python3.11/site-packages/airflow/example_dags/example_params_ui_tutorial.py
[2024-07-15T15:50:30.725+0000] {logging_mixin.py:188} INFO - [2024-07-15T15:50:30.725+0000] {dag.py:3096} INFO - Sync 1 DAGs
[2024-07-15T15:50:30.740+0000] {logging_mixin.py:188} INFO - [2024-07-15T15:50:30.739+0000] {dag.py:3954} INFO - Setting next_dagrun for example_params_ui_tutorial to None, run_after=None
[2024-07-15T15:50:30.760+0000] {processor.py:183} INFO - Processing /home/airflow/.local/lib/python3.11/site-packages/airflow/example_dags/example_params_ui_tutorial.py took 0.168 seconds
[2024-07-15T15:50:36.270+0000] {processor.py:161} INFO - Started process (PID=23368) to work on /home/airflow/.local/lib/python3.11/site-packages/airflow/example_dags/example_params_ui_tutorial.py
[2024-07-15T15:50:36.272+0000] {processor.py:830} INFO - Processing file /home/airflow/.local/lib/python3.11/site-packages/airflow/example_dags/example_params_ui_tutorial.py for tasks to queue
[2024-07-15T15:50:36.274+0000] {logging_mixin.py:188} INFO - [2024-07-15T15:50:36.274+0000] {dagbag.py:545} INFO - Filling up the DagBag from /home/airflow/.local/lib/python3.11/site-packages/airflow/example_dags/example_params_ui_tutorial.py
[2024-07-15T15:50:36.290+0000] {processor.py:840} INFO - DAG(s) 'example_params_ui_tutorial' retrieved from /home/airflow/.local/lib/python3.11/site-packages/airflow/example_dags/example_params_ui_tutorial.py
[2024-07-15T15:50:36.360+0000] {logging_mixin.py:188} INFO - [2024-07-15T15:50:36.360+0000] {dag.py:3096} INFO - Sync 1 DAGs
[2024-07-15T15:50:36.376+0000] {logging_mixin.py:188} INFO - [2024-07-15T15:50:36.375+0000] {dag.py:3954} INFO - Setting next_dagrun for example_params_ui_tutorial to None, run_after=None
[2024-07-15T15:50:36.400+0000] {processor.py:183} INFO - Processing /home/airflow/.local/lib/python3.11/site-packages/airflow/example_dags/example_params_ui_tutorial.py took 0.138 seconds
[2024-07-15T15:50:41.472+0000] {processor.py:161} INFO - Started process (PID=23420) to work on /home/airflow/.local/lib/python3.11/site-packages/airflow/example_dags/example_params_ui_tutorial.py
[2024-07-15T15:50:41.474+0000] {processor.py:830} INFO - Processing file /home/airflow/.local/lib/python3.11/site-packages/airflow/example_dags/example_params_ui_tutorial.py for tasks to queue
[2024-07-15T15:50:41.476+0000] {logging_mixin.py:188} INFO - [2024-07-15T15:50:41.476+0000] {dagbag.py:545} INFO - Filling up the DagBag from /home/airflow/.local/lib/python3.11/site-packages/airflow/example_dags/example_params_ui_tutorial.py
[2024-07-15T15:50:41.493+0000] {processor.py:840} INFO - DAG(s) 'example_params_ui_tutorial' retrieved from /home/airflow/.local/lib/python3.11/site-packages/airflow/example_dags/example_params_ui_tutorial.py
[2024-07-15T15:50:41.573+0000] {logging_mixin.py:188} INFO - [2024-07-15T15:50:41.573+0000] {dag.py:3096} INFO - Sync 1 DAGs
[2024-07-15T15:50:41.596+0000] {logging_mixin.py:188} INFO - [2024-07-15T15:50:41.596+0000] {dag.py:3954} INFO - Setting next_dagrun for example_params_ui_tutorial to None, run_after=None
[2024-07-15T15:50:41.620+0000] {processor.py:183} INFO - Processing /home/airflow/.local/lib/python3.11/site-packages/airflow/example_dags/example_params_ui_tutorial.py took 0.157 seconds
[2024-07-15T15:50:47.797+0000] {processor.py:161} INFO - Started process (PID=23473) to work on /home/airflow/.local/lib/python3.11/site-packages/airflow/example_dags/example_params_ui_tutorial.py
[2024-07-15T15:50:47.798+0000] {processor.py:830} INFO - Processing file /home/airflow/.local/lib/python3.11/site-packages/airflow/example_dags/example_params_ui_tutorial.py for tasks to queue
[2024-07-15T15:50:47.801+0000] {logging_mixin.py:188} INFO - [2024-07-15T15:50:47.800+0000] {dagbag.py:545} INFO - Filling up the DagBag from /home/airflow/.local/lib/python3.11/site-packages/airflow/example_dags/example_params_ui_tutorial.py
[2024-07-15T15:50:47.815+0000] {processor.py:840} INFO - DAG(s) 'example_params_ui_tutorial' retrieved from /home/airflow/.local/lib/python3.11/site-packages/airflow/example_dags/example_params_ui_tutorial.py
[2024-07-15T15:50:47.879+0000] {logging_mixin.py:188} INFO - [2024-07-15T15:50:47.879+0000] {dag.py:3096} INFO - Sync 1 DAGs
[2024-07-15T15:50:47.894+0000] {logging_mixin.py:188} INFO - [2024-07-15T15:50:47.894+0000] {dag.py:3954} INFO - Setting next_dagrun for example_params_ui_tutorial to None, run_after=None
[2024-07-15T15:50:47.916+0000] {processor.py:183} INFO - Processing /home/airflow/.local/lib/python3.11/site-packages/airflow/example_dags/example_params_ui_tutorial.py took 0.127 seconds
[2024-07-15T15:50:52.377+0000] {processor.py:161} INFO - Started process (PID=23531) to work on /home/airflow/.local/lib/python3.11/site-packages/airflow/example_dags/example_params_ui_tutorial.py
[2024-07-15T15:50:52.378+0000] {processor.py:830} INFO - Processing file /home/airflow/.local/lib/python3.11/site-packages/airflow/example_dags/example_params_ui_tutorial.py for tasks to queue
[2024-07-15T15:50:52.381+0000] {logging_mixin.py:188} INFO - [2024-07-15T15:50:52.381+0000] {dagbag.py:545} INFO - Filling up the DagBag from /home/airflow/.local/lib/python3.11/site-packages/airflow/example_dags/example_params_ui_tutorial.py
[2024-07-15T15:50:52.395+0000] {processor.py:840} INFO - DAG(s) 'example_params_ui_tutorial' retrieved from /home/airflow/.local/lib/python3.11/site-packages/airflow/example_dags/example_params_ui_tutorial.py
[2024-07-15T15:50:52.483+0000] {logging_mixin.py:188} INFO - [2024-07-15T15:50:52.483+0000] {dag.py:3096} INFO - Sync 1 DAGs
[2024-07-15T15:50:52.497+0000] {logging_mixin.py:188} INFO - [2024-07-15T15:50:52.497+0000] {dag.py:3954} INFO - Setting next_dagrun for example_params_ui_tutorial to None, run_after=None
[2024-07-15T15:50:52.518+0000] {processor.py:183} INFO - Processing /home/airflow/.local/lib/python3.11/site-packages/airflow/example_dags/example_params_ui_tutorial.py took 0.149 seconds
[2024-07-15T15:50:57.898+0000] {processor.py:161} INFO - Started process (PID=23585) to work on /home/airflow/.local/lib/python3.11/site-packages/airflow/example_dags/example_params_ui_tutorial.py
[2024-07-15T15:50:57.904+0000] {processor.py:830} INFO - Processing file /home/airflow/.local/lib/python3.11/site-packages/airflow/example_dags/example_params_ui_tutorial.py for tasks to queue
[2024-07-15T15:50:57.918+0000] {logging_mixin.py:188} INFO - [2024-07-15T15:50:57.917+0000] {dagbag.py:545} INFO - Filling up the DagBag from /home/airflow/.local/lib/python3.11/site-packages/airflow/example_dags/example_params_ui_tutorial.py
[2024-07-15T15:50:57.948+0000] {processor.py:840} INFO - DAG(s) 'example_params_ui_tutorial' retrieved from /home/airflow/.local/lib/python3.11/site-packages/airflow/example_dags/example_params_ui_tutorial.py
[2024-07-15T15:50:58.096+0000] {logging_mixin.py:188} INFO - [2024-07-15T15:50:58.096+0000] {dag.py:3096} INFO - Sync 1 DAGs
[2024-07-15T15:50:58.115+0000] {logging_mixin.py:188} INFO - [2024-07-15T15:50:58.114+0000] {dag.py:3954} INFO - Setting next_dagrun for example_params_ui_tutorial to None, run_after=None
[2024-07-15T15:50:58.166+0000] {processor.py:183} INFO - Processing /home/airflow/.local/lib/python3.11/site-packages/airflow/example_dags/example_params_ui_tutorial.py took 0.278 seconds
[2024-07-15T15:51:03.149+0000] {processor.py:161} INFO - Started process (PID=23637) to work on /home/airflow/.local/lib/python3.11/site-packages/airflow/example_dags/example_params_ui_tutorial.py
[2024-07-15T15:51:03.150+0000] {processor.py:830} INFO - Processing file /home/airflow/.local/lib/python3.11/site-packages/airflow/example_dags/example_params_ui_tutorial.py for tasks to queue
[2024-07-15T15:51:03.152+0000] {logging_mixin.py:188} INFO - [2024-07-15T15:51:03.152+0000] {dagbag.py:545} INFO - Filling up the DagBag from /home/airflow/.local/lib/python3.11/site-packages/airflow/example_dags/example_params_ui_tutorial.py
[2024-07-15T15:51:03.166+0000] {processor.py:840} INFO - DAG(s) 'example_params_ui_tutorial' retrieved from /home/airflow/.local/lib/python3.11/site-packages/airflow/example_dags/example_params_ui_tutorial.py
[2024-07-15T15:51:03.262+0000] {logging_mixin.py:188} INFO - [2024-07-15T15:51:03.262+0000] {dag.py:3096} INFO - Sync 1 DAGs
[2024-07-15T15:51:03.277+0000] {logging_mixin.py:188} INFO - [2024-07-15T15:51:03.276+0000] {dag.py:3954} INFO - Setting next_dagrun for example_params_ui_tutorial to None, run_after=None
[2024-07-15T15:51:03.299+0000] {processor.py:183} INFO - Processing /home/airflow/.local/lib/python3.11/site-packages/airflow/example_dags/example_params_ui_tutorial.py took 0.158 seconds
[2024-07-15T15:51:08.220+0000] {processor.py:161} INFO - Started process (PID=23690) to work on /home/airflow/.local/lib/python3.11/site-packages/airflow/example_dags/example_params_ui_tutorial.py
[2024-07-15T15:51:08.221+0000] {processor.py:830} INFO - Processing file /home/airflow/.local/lib/python3.11/site-packages/airflow/example_dags/example_params_ui_tutorial.py for tasks to queue
[2024-07-15T15:51:08.224+0000] {logging_mixin.py:188} INFO - [2024-07-15T15:51:08.223+0000] {dagbag.py:545} INFO - Filling up the DagBag from /home/airflow/.local/lib/python3.11/site-packages/airflow/example_dags/example_params_ui_tutorial.py
[2024-07-15T15:51:08.242+0000] {processor.py:840} INFO - DAG(s) 'example_params_ui_tutorial' retrieved from /home/airflow/.local/lib/python3.11/site-packages/airflow/example_dags/example_params_ui_tutorial.py
[2024-07-15T15:51:08.355+0000] {logging_mixin.py:188} INFO - [2024-07-15T15:51:08.355+0000] {dag.py:3096} INFO - Sync 1 DAGs
[2024-07-15T15:51:08.382+0000] {logging_mixin.py:188} INFO - [2024-07-15T15:51:08.382+0000] {dag.py:3954} INFO - Setting next_dagrun for example_params_ui_tutorial to None, run_after=None
[2024-07-15T15:51:08.423+0000] {processor.py:183} INFO - Processing /home/airflow/.local/lib/python3.11/site-packages/airflow/example_dags/example_params_ui_tutorial.py took 0.213 seconds
[2024-07-15T15:51:13.389+0000] {processor.py:161} INFO - Started process (PID=23742) to work on /home/airflow/.local/lib/python3.11/site-packages/airflow/example_dags/example_params_ui_tutorial.py
[2024-07-15T15:51:13.390+0000] {processor.py:830} INFO - Processing file /home/airflow/.local/lib/python3.11/site-packages/airflow/example_dags/example_params_ui_tutorial.py for tasks to queue
[2024-07-15T15:51:13.393+0000] {logging_mixin.py:188} INFO - [2024-07-15T15:51:13.392+0000] {dagbag.py:545} INFO - Filling up the DagBag from /home/airflow/.local/lib/python3.11/site-packages/airflow/example_dags/example_params_ui_tutorial.py
[2024-07-15T15:51:13.410+0000] {processor.py:840} INFO - DAG(s) 'example_params_ui_tutorial' retrieved from /home/airflow/.local/lib/python3.11/site-packages/airflow/example_dags/example_params_ui_tutorial.py
[2024-07-15T15:51:13.481+0000] {logging_mixin.py:188} INFO - [2024-07-15T15:51:13.480+0000] {dag.py:3096} INFO - Sync 1 DAGs
[2024-07-15T15:51:13.496+0000] {logging_mixin.py:188} INFO - [2024-07-15T15:51:13.496+0000] {dag.py:3954} INFO - Setting next_dagrun for example_params_ui_tutorial to None, run_after=None
[2024-07-15T15:51:13.518+0000] {processor.py:183} INFO - Processing /home/airflow/.local/lib/python3.11/site-packages/airflow/example_dags/example_params_ui_tutorial.py took 0.140 seconds
[2024-07-15T15:51:17.689+0000] {processor.py:161} INFO - Started process (PID=23795) to work on /home/airflow/.local/lib/python3.11/site-packages/airflow/example_dags/example_params_ui_tutorial.py
[2024-07-15T15:51:17.691+0000] {processor.py:830} INFO - Processing file /home/airflow/.local/lib/python3.11/site-packages/airflow/example_dags/example_params_ui_tutorial.py for tasks to queue
[2024-07-15T15:51:17.693+0000] {logging_mixin.py:188} INFO - [2024-07-15T15:51:17.693+0000] {dagbag.py:545} INFO - Filling up the DagBag from /home/airflow/.local/lib/python3.11/site-packages/airflow/example_dags/example_params_ui_tutorial.py
[2024-07-15T15:51:17.709+0000] {processor.py:840} INFO - DAG(s) 'example_params_ui_tutorial' retrieved from /home/airflow/.local/lib/python3.11/site-packages/airflow/example_dags/example_params_ui_tutorial.py
[2024-07-15T15:51:17.787+0000] {logging_mixin.py:188} INFO - [2024-07-15T15:51:17.787+0000] {dag.py:3096} INFO - Sync 1 DAGs
[2024-07-15T15:51:17.804+0000] {logging_mixin.py:188} INFO - [2024-07-15T15:51:17.803+0000] {dag.py:3954} INFO - Setting next_dagrun for example_params_ui_tutorial to None, run_after=None
[2024-07-15T15:51:17.825+0000] {processor.py:183} INFO - Processing /home/airflow/.local/lib/python3.11/site-packages/airflow/example_dags/example_params_ui_tutorial.py took 0.143 seconds
[2024-07-15T15:51:23.571+0000] {processor.py:161} INFO - Started process (PID=23853) to work on /home/airflow/.local/lib/python3.11/site-packages/airflow/example_dags/example_params_ui_tutorial.py
[2024-07-15T15:51:23.573+0000] {processor.py:830} INFO - Processing file /home/airflow/.local/lib/python3.11/site-packages/airflow/example_dags/example_params_ui_tutorial.py for tasks to queue
[2024-07-15T15:51:23.576+0000] {logging_mixin.py:188} INFO - [2024-07-15T15:51:23.575+0000] {dagbag.py:545} INFO - Filling up the DagBag from /home/airflow/.local/lib/python3.11/site-packages/airflow/example_dags/example_params_ui_tutorial.py
[2024-07-15T15:51:23.600+0000] {processor.py:840} INFO - DAG(s) 'example_params_ui_tutorial' retrieved from /home/airflow/.local/lib/python3.11/site-packages/airflow/example_dags/example_params_ui_tutorial.py
[2024-07-15T15:51:23.677+0000] {logging_mixin.py:188} INFO - [2024-07-15T15:51:23.677+0000] {dag.py:3096} INFO - Sync 1 DAGs
[2024-07-15T15:51:23.700+0000] {logging_mixin.py:188} INFO - [2024-07-15T15:51:23.699+0000] {dag.py:3954} INFO - Setting next_dagrun for example_params_ui_tutorial to None, run_after=None
[2024-07-15T15:51:23.726+0000] {processor.py:183} INFO - Processing /home/airflow/.local/lib/python3.11/site-packages/airflow/example_dags/example_params_ui_tutorial.py took 0.166 seconds
[2024-07-15T15:52:56.158+0000] {processor.py:161} INFO - Started process (PID=24820) to work on /home/airflow/.local/lib/python3.11/site-packages/airflow/example_dags/example_params_ui_tutorial.py
[2024-07-15T15:52:56.160+0000] {processor.py:830} INFO - Processing file /home/airflow/.local/lib/python3.11/site-packages/airflow/example_dags/example_params_ui_tutorial.py for tasks to queue
[2024-07-15T15:52:56.165+0000] {logging_mixin.py:188} INFO - [2024-07-15T15:52:56.164+0000] {dagbag.py:545} INFO - Filling up the DagBag from /home/airflow/.local/lib/python3.11/site-packages/airflow/example_dags/example_params_ui_tutorial.py
[2024-07-15T15:52:56.189+0000] {processor.py:840} INFO - DAG(s) 'example_params_ui_tutorial' retrieved from /home/airflow/.local/lib/python3.11/site-packages/airflow/example_dags/example_params_ui_tutorial.py
[2024-07-15T15:52:56.334+0000] {logging_mixin.py:188} INFO - [2024-07-15T15:52:56.333+0000] {dag.py:3096} INFO - Sync 1 DAGs
[2024-07-15T15:52:56.359+0000] {logging_mixin.py:188} INFO - [2024-07-15T15:52:56.358+0000] {dag.py:3954} INFO - Setting next_dagrun for example_params_ui_tutorial to None, run_after=None
[2024-07-15T15:52:56.395+0000] {processor.py:183} INFO - Processing /home/airflow/.local/lib/python3.11/site-packages/airflow/example_dags/example_params_ui_tutorial.py took 0.252 seconds
[2024-07-15T15:53:05.581+0000] {processor.py:161} INFO - Started process (PID=24873) to work on /home/airflow/.local/lib/python3.11/site-packages/airflow/example_dags/example_params_ui_tutorial.py
[2024-07-15T15:53:05.583+0000] {processor.py:830} INFO - Processing file /home/airflow/.local/lib/python3.11/site-packages/airflow/example_dags/example_params_ui_tutorial.py for tasks to queue
[2024-07-15T15:53:05.585+0000] {logging_mixin.py:188} INFO - [2024-07-15T15:53:05.585+0000] {dagbag.py:545} INFO - Filling up the DagBag from /home/airflow/.local/lib/python3.11/site-packages/airflow/example_dags/example_params_ui_tutorial.py
[2024-07-15T15:53:05.602+0000] {processor.py:840} INFO - DAG(s) 'example_params_ui_tutorial' retrieved from /home/airflow/.local/lib/python3.11/site-packages/airflow/example_dags/example_params_ui_tutorial.py
[2024-07-15T15:53:05.688+0000] {logging_mixin.py:188} INFO - [2024-07-15T15:53:05.688+0000] {dag.py:3096} INFO - Sync 1 DAGs
[2024-07-15T15:53:05.705+0000] {logging_mixin.py:188} INFO - [2024-07-15T15:53:05.704+0000] {dag.py:3954} INFO - Setting next_dagrun for example_params_ui_tutorial to None, run_after=None
[2024-07-15T15:53:05.731+0000] {processor.py:183} INFO - Processing /home/airflow/.local/lib/python3.11/site-packages/airflow/example_dags/example_params_ui_tutorial.py took 0.157 seconds
[2024-07-15T15:53:10.296+0000] {processor.py:161} INFO - Started process (PID=24925) to work on /home/airflow/.local/lib/python3.11/site-packages/airflow/example_dags/example_params_ui_tutorial.py
[2024-07-15T15:53:10.298+0000] {processor.py:830} INFO - Processing file /home/airflow/.local/lib/python3.11/site-packages/airflow/example_dags/example_params_ui_tutorial.py for tasks to queue
[2024-07-15T15:53:10.300+0000] {logging_mixin.py:188} INFO - [2024-07-15T15:53:10.300+0000] {dagbag.py:545} INFO - Filling up the DagBag from /home/airflow/.local/lib/python3.11/site-packages/airflow/example_dags/example_params_ui_tutorial.py
[2024-07-15T15:53:10.315+0000] {processor.py:840} INFO - DAG(s) 'example_params_ui_tutorial' retrieved from /home/airflow/.local/lib/python3.11/site-packages/airflow/example_dags/example_params_ui_tutorial.py
[2024-07-15T15:53:10.447+0000] {logging_mixin.py:188} INFO - [2024-07-15T15:53:10.446+0000] {dag.py:3096} INFO - Sync 1 DAGs
[2024-07-15T15:53:10.472+0000] {logging_mixin.py:188} INFO - [2024-07-15T15:53:10.472+0000] {dag.py:3954} INFO - Setting next_dagrun for example_params_ui_tutorial to None, run_after=None
[2024-07-15T15:53:10.495+0000] {processor.py:183} INFO - Processing /home/airflow/.local/lib/python3.11/site-packages/airflow/example_dags/example_params_ui_tutorial.py took 0.206 seconds
[2024-07-15T15:53:16.300+0000] {processor.py:161} INFO - Started process (PID=24979) to work on /home/airflow/.local/lib/python3.11/site-packages/airflow/example_dags/example_params_ui_tutorial.py
[2024-07-15T15:53:16.301+0000] {processor.py:830} INFO - Processing file /home/airflow/.local/lib/python3.11/site-packages/airflow/example_dags/example_params_ui_tutorial.py for tasks to queue
[2024-07-15T15:53:16.304+0000] {logging_mixin.py:188} INFO - [2024-07-15T15:53:16.304+0000] {dagbag.py:545} INFO - Filling up the DagBag from /home/airflow/.local/lib/python3.11/site-packages/airflow/example_dags/example_params_ui_tutorial.py
[2024-07-15T15:53:16.329+0000] {processor.py:840} INFO - DAG(s) 'example_params_ui_tutorial' retrieved from /home/airflow/.local/lib/python3.11/site-packages/airflow/example_dags/example_params_ui_tutorial.py
[2024-07-15T15:53:16.432+0000] {logging_mixin.py:188} INFO - [2024-07-15T15:53:16.432+0000] {dag.py:3096} INFO - Sync 1 DAGs
[2024-07-15T15:53:16.455+0000] {logging_mixin.py:188} INFO - [2024-07-15T15:53:16.455+0000] {dag.py:3954} INFO - Setting next_dagrun for example_params_ui_tutorial to None, run_after=None
[2024-07-15T15:53:16.484+0000] {processor.py:183} INFO - Processing /home/airflow/.local/lib/python3.11/site-packages/airflow/example_dags/example_params_ui_tutorial.py took 0.195 seconds
[2024-07-15T15:53:20.815+0000] {processor.py:161} INFO - Started process (PID=25031) to work on /home/airflow/.local/lib/python3.11/site-packages/airflow/example_dags/example_params_ui_tutorial.py
[2024-07-15T15:53:20.816+0000] {processor.py:830} INFO - Processing file /home/airflow/.local/lib/python3.11/site-packages/airflow/example_dags/example_params_ui_tutorial.py for tasks to queue
[2024-07-15T15:53:20.819+0000] {logging_mixin.py:188} INFO - [2024-07-15T15:53:20.818+0000] {dagbag.py:545} INFO - Filling up the DagBag from /home/airflow/.local/lib/python3.11/site-packages/airflow/example_dags/example_params_ui_tutorial.py
[2024-07-15T15:53:20.835+0000] {processor.py:840} INFO - DAG(s) 'example_params_ui_tutorial' retrieved from /home/airflow/.local/lib/python3.11/site-packages/airflow/example_dags/example_params_ui_tutorial.py
[2024-07-15T15:53:20.921+0000] {logging_mixin.py:188} INFO - [2024-07-15T15:53:20.921+0000] {dag.py:3096} INFO - Sync 1 DAGs
[2024-07-15T15:53:20.942+0000] {logging_mixin.py:188} INFO - [2024-07-15T15:53:20.942+0000] {dag.py:3954} INFO - Setting next_dagrun for example_params_ui_tutorial to None, run_after=None
[2024-07-15T15:53:20.966+0000] {processor.py:183} INFO - Processing /home/airflow/.local/lib/python3.11/site-packages/airflow/example_dags/example_params_ui_tutorial.py took 0.159 seconds
[2024-07-15T15:53:25.581+0000] {processor.py:161} INFO - Started process (PID=25091) to work on /home/airflow/.local/lib/python3.11/site-packages/airflow/example_dags/example_params_ui_tutorial.py
[2024-07-15T15:53:25.584+0000] {processor.py:830} INFO - Processing file /home/airflow/.local/lib/python3.11/site-packages/airflow/example_dags/example_params_ui_tutorial.py for tasks to queue
[2024-07-15T15:53:25.588+0000] {logging_mixin.py:188} INFO - [2024-07-15T15:53:25.587+0000] {dagbag.py:545} INFO - Filling up the DagBag from /home/airflow/.local/lib/python3.11/site-packages/airflow/example_dags/example_params_ui_tutorial.py
[2024-07-15T15:53:25.610+0000] {processor.py:840} INFO - DAG(s) 'example_params_ui_tutorial' retrieved from /home/airflow/.local/lib/python3.11/site-packages/airflow/example_dags/example_params_ui_tutorial.py
[2024-07-15T15:53:25.711+0000] {logging_mixin.py:188} INFO - [2024-07-15T15:53:25.710+0000] {dag.py:3096} INFO - Sync 1 DAGs
[2024-07-15T15:53:25.730+0000] {logging_mixin.py:188} INFO - [2024-07-15T15:53:25.730+0000] {dag.py:3954} INFO - Setting next_dagrun for example_params_ui_tutorial to None, run_after=None
[2024-07-15T15:53:25.756+0000] {processor.py:183} INFO - Processing /home/airflow/.local/lib/python3.11/site-packages/airflow/example_dags/example_params_ui_tutorial.py took 0.188 seconds
[2024-07-15T15:53:30.989+0000] {processor.py:161} INFO - Started process (PID=25143) to work on /home/airflow/.local/lib/python3.11/site-packages/airflow/example_dags/example_params_ui_tutorial.py
[2024-07-15T15:53:30.991+0000] {processor.py:830} INFO - Processing file /home/airflow/.local/lib/python3.11/site-packages/airflow/example_dags/example_params_ui_tutorial.py for tasks to queue
[2024-07-15T15:53:30.994+0000] {logging_mixin.py:188} INFO - [2024-07-15T15:53:30.994+0000] {dagbag.py:545} INFO - Filling up the DagBag from /home/airflow/.local/lib/python3.11/site-packages/airflow/example_dags/example_params_ui_tutorial.py
[2024-07-15T15:53:31.016+0000] {processor.py:840} INFO - DAG(s) 'example_params_ui_tutorial' retrieved from /home/airflow/.local/lib/python3.11/site-packages/airflow/example_dags/example_params_ui_tutorial.py
[2024-07-15T15:53:31.101+0000] {logging_mixin.py:188} INFO - [2024-07-15T15:53:31.101+0000] {dag.py:3096} INFO - Sync 1 DAGs
[2024-07-15T15:53:31.121+0000] {logging_mixin.py:188} INFO - [2024-07-15T15:53:31.121+0000] {dag.py:3954} INFO - Setting next_dagrun for example_params_ui_tutorial to None, run_after=None
[2024-07-15T15:53:31.151+0000] {processor.py:183} INFO - Processing /home/airflow/.local/lib/python3.11/site-packages/airflow/example_dags/example_params_ui_tutorial.py took 0.173 seconds
[2024-07-15T15:53:37.105+0000] {processor.py:161} INFO - Started process (PID=25197) to work on /home/airflow/.local/lib/python3.11/site-packages/airflow/example_dags/example_params_ui_tutorial.py
[2024-07-15T15:53:37.107+0000] {processor.py:830} INFO - Processing file /home/airflow/.local/lib/python3.11/site-packages/airflow/example_dags/example_params_ui_tutorial.py for tasks to queue
[2024-07-15T15:53:37.109+0000] {logging_mixin.py:188} INFO - [2024-07-15T15:53:37.109+0000] {dagbag.py:545} INFO - Filling up the DagBag from /home/airflow/.local/lib/python3.11/site-packages/airflow/example_dags/example_params_ui_tutorial.py
[2024-07-15T15:53:37.125+0000] {processor.py:840} INFO - DAG(s) 'example_params_ui_tutorial' retrieved from /home/airflow/.local/lib/python3.11/site-packages/airflow/example_dags/example_params_ui_tutorial.py
[2024-07-15T15:53:37.197+0000] {logging_mixin.py:188} INFO - [2024-07-15T15:53:37.197+0000] {dag.py:3096} INFO - Sync 1 DAGs
[2024-07-15T15:53:37.213+0000] {logging_mixin.py:188} INFO - [2024-07-15T15:53:37.213+0000] {dag.py:3954} INFO - Setting next_dagrun for example_params_ui_tutorial to None, run_after=None
[2024-07-15T15:53:37.235+0000] {processor.py:183} INFO - Processing /home/airflow/.local/lib/python3.11/site-packages/airflow/example_dags/example_params_ui_tutorial.py took 0.137 seconds
[2024-07-15T15:53:41.627+0000] {processor.py:161} INFO - Started process (PID=25249) to work on /home/airflow/.local/lib/python3.11/site-packages/airflow/example_dags/example_params_ui_tutorial.py
[2024-07-15T15:53:41.629+0000] {processor.py:830} INFO - Processing file /home/airflow/.local/lib/python3.11/site-packages/airflow/example_dags/example_params_ui_tutorial.py for tasks to queue
[2024-07-15T15:53:41.632+0000] {logging_mixin.py:188} INFO - [2024-07-15T15:53:41.631+0000] {dagbag.py:545} INFO - Filling up the DagBag from /home/airflow/.local/lib/python3.11/site-packages/airflow/example_dags/example_params_ui_tutorial.py
[2024-07-15T15:53:41.657+0000] {processor.py:840} INFO - DAG(s) 'example_params_ui_tutorial' retrieved from /home/airflow/.local/lib/python3.11/site-packages/airflow/example_dags/example_params_ui_tutorial.py
[2024-07-15T15:53:41.764+0000] {logging_mixin.py:188} INFO - [2024-07-15T15:53:41.764+0000] {dag.py:3096} INFO - Sync 1 DAGs
[2024-07-15T15:53:41.785+0000] {logging_mixin.py:188} INFO - [2024-07-15T15:53:41.784+0000] {dag.py:3954} INFO - Setting next_dagrun for example_params_ui_tutorial to None, run_after=None
[2024-07-15T15:53:41.812+0000] {processor.py:183} INFO - Processing /home/airflow/.local/lib/python3.11/site-packages/airflow/example_dags/example_params_ui_tutorial.py took 0.199 seconds
[2024-07-15T15:53:46.598+0000] {processor.py:161} INFO - Started process (PID=25303) to work on /home/airflow/.local/lib/python3.11/site-packages/airflow/example_dags/example_params_ui_tutorial.py
[2024-07-15T15:53:46.600+0000] {processor.py:830} INFO - Processing file /home/airflow/.local/lib/python3.11/site-packages/airflow/example_dags/example_params_ui_tutorial.py for tasks to queue
[2024-07-15T15:53:46.603+0000] {logging_mixin.py:188} INFO - [2024-07-15T15:53:46.602+0000] {dagbag.py:545} INFO - Filling up the DagBag from /home/airflow/.local/lib/python3.11/site-packages/airflow/example_dags/example_params_ui_tutorial.py
[2024-07-15T15:53:46.625+0000] {processor.py:840} INFO - DAG(s) 'example_params_ui_tutorial' retrieved from /home/airflow/.local/lib/python3.11/site-packages/airflow/example_dags/example_params_ui_tutorial.py
[2024-07-15T15:53:46.706+0000] {logging_mixin.py:188} INFO - [2024-07-15T15:53:46.706+0000] {dag.py:3096} INFO - Sync 1 DAGs
[2024-07-15T15:53:46.723+0000] {logging_mixin.py:188} INFO - [2024-07-15T15:53:46.723+0000] {dag.py:3954} INFO - Setting next_dagrun for example_params_ui_tutorial to None, run_after=None
[2024-07-15T15:53:46.747+0000] {processor.py:183} INFO - Processing /home/airflow/.local/lib/python3.11/site-packages/airflow/example_dags/example_params_ui_tutorial.py took 0.157 seconds
[2024-07-15T15:53:52.941+0000] {processor.py:161} INFO - Started process (PID=25361) to work on /home/airflow/.local/lib/python3.11/site-packages/airflow/example_dags/example_params_ui_tutorial.py
[2024-07-15T15:53:52.948+0000] {processor.py:830} INFO - Processing file /home/airflow/.local/lib/python3.11/site-packages/airflow/example_dags/example_params_ui_tutorial.py for tasks to queue
[2024-07-15T15:53:52.953+0000] {logging_mixin.py:188} INFO - [2024-07-15T15:53:52.952+0000] {dagbag.py:545} INFO - Filling up the DagBag from /home/airflow/.local/lib/python3.11/site-packages/airflow/example_dags/example_params_ui_tutorial.py
[2024-07-15T15:53:52.990+0000] {processor.py:840} INFO - DAG(s) 'example_params_ui_tutorial' retrieved from /home/airflow/.local/lib/python3.11/site-packages/airflow/example_dags/example_params_ui_tutorial.py
[2024-07-15T15:53:53.106+0000] {logging_mixin.py:188} INFO - [2024-07-15T15:53:53.106+0000] {dag.py:3096} INFO - Sync 1 DAGs
[2024-07-15T15:53:53.126+0000] {logging_mixin.py:188} INFO - [2024-07-15T15:53:53.126+0000] {dag.py:3954} INFO - Setting next_dagrun for example_params_ui_tutorial to None, run_after=None
[2024-07-15T15:53:53.156+0000] {processor.py:183} INFO - Processing /home/airflow/.local/lib/python3.11/site-packages/airflow/example_dags/example_params_ui_tutorial.py took 0.238 seconds
[2024-07-15T15:53:58.910+0000] {processor.py:161} INFO - Started process (PID=25414) to work on /home/airflow/.local/lib/python3.11/site-packages/airflow/example_dags/example_params_ui_tutorial.py
[2024-07-15T15:53:58.911+0000] {processor.py:830} INFO - Processing file /home/airflow/.local/lib/python3.11/site-packages/airflow/example_dags/example_params_ui_tutorial.py for tasks to queue
[2024-07-15T15:53:58.914+0000] {logging_mixin.py:188} INFO - [2024-07-15T15:53:58.913+0000] {dagbag.py:545} INFO - Filling up the DagBag from /home/airflow/.local/lib/python3.11/site-packages/airflow/example_dags/example_params_ui_tutorial.py
[2024-07-15T15:53:58.930+0000] {processor.py:840} INFO - DAG(s) 'example_params_ui_tutorial' retrieved from /home/airflow/.local/lib/python3.11/site-packages/airflow/example_dags/example_params_ui_tutorial.py
[2024-07-15T15:53:59.010+0000] {logging_mixin.py:188} INFO - [2024-07-15T15:53:59.009+0000] {dag.py:3096} INFO - Sync 1 DAGs
[2024-07-15T15:53:59.026+0000] {logging_mixin.py:188} INFO - [2024-07-15T15:53:59.026+0000] {dag.py:3954} INFO - Setting next_dagrun for example_params_ui_tutorial to None, run_after=None
[2024-07-15T15:53:59.050+0000] {processor.py:183} INFO - Processing /home/airflow/.local/lib/python3.11/site-packages/airflow/example_dags/example_params_ui_tutorial.py took 0.151 seconds
[2024-07-15T15:54:03.906+0000] {processor.py:161} INFO - Started process (PID=25466) to work on /home/airflow/.local/lib/python3.11/site-packages/airflow/example_dags/example_params_ui_tutorial.py
[2024-07-15T15:54:03.908+0000] {processor.py:830} INFO - Processing file /home/airflow/.local/lib/python3.11/site-packages/airflow/example_dags/example_params_ui_tutorial.py for tasks to queue
[2024-07-15T15:54:03.912+0000] {logging_mixin.py:188} INFO - [2024-07-15T15:54:03.912+0000] {dagbag.py:545} INFO - Filling up the DagBag from /home/airflow/.local/lib/python3.11/site-packages/airflow/example_dags/example_params_ui_tutorial.py
[2024-07-15T15:54:03.943+0000] {processor.py:840} INFO - DAG(s) 'example_params_ui_tutorial' retrieved from /home/airflow/.local/lib/python3.11/site-packages/airflow/example_dags/example_params_ui_tutorial.py
[2024-07-15T15:54:04.032+0000] {logging_mixin.py:188} INFO - [2024-07-15T15:54:04.032+0000] {dag.py:3096} INFO - Sync 1 DAGs
[2024-07-15T15:54:04.050+0000] {logging_mixin.py:188} INFO - [2024-07-15T15:54:04.050+0000] {dag.py:3954} INFO - Setting next_dagrun for example_params_ui_tutorial to None, run_after=None
[2024-07-15T15:54:04.078+0000] {processor.py:183} INFO - Processing /home/airflow/.local/lib/python3.11/site-packages/airflow/example_dags/example_params_ui_tutorial.py took 0.185 seconds
[2024-07-15T15:54:10.024+0000] {processor.py:161} INFO - Started process (PID=25520) to work on /home/airflow/.local/lib/python3.11/site-packages/airflow/example_dags/example_params_ui_tutorial.py
[2024-07-15T15:54:10.026+0000] {processor.py:830} INFO - Processing file /home/airflow/.local/lib/python3.11/site-packages/airflow/example_dags/example_params_ui_tutorial.py for tasks to queue
[2024-07-15T15:54:10.029+0000] {logging_mixin.py:188} INFO - [2024-07-15T15:54:10.028+0000] {dagbag.py:545} INFO - Filling up the DagBag from /home/airflow/.local/lib/python3.11/site-packages/airflow/example_dags/example_params_ui_tutorial.py
[2024-07-15T15:54:10.047+0000] {processor.py:840} INFO - DAG(s) 'example_params_ui_tutorial' retrieved from /home/airflow/.local/lib/python3.11/site-packages/airflow/example_dags/example_params_ui_tutorial.py
[2024-07-15T15:54:10.130+0000] {logging_mixin.py:188} INFO - [2024-07-15T15:54:10.130+0000] {dag.py:3096} INFO - Sync 1 DAGs
[2024-07-15T15:54:10.158+0000] {logging_mixin.py:188} INFO - [2024-07-15T15:54:10.157+0000] {dag.py:3954} INFO - Setting next_dagrun for example_params_ui_tutorial to None, run_after=None
[2024-07-15T15:54:10.195+0000] {processor.py:183} INFO - Processing /home/airflow/.local/lib/python3.11/site-packages/airflow/example_dags/example_params_ui_tutorial.py took 0.182 seconds
[2024-07-15T15:54:16.021+0000] {processor.py:161} INFO - Started process (PID=25572) to work on /home/airflow/.local/lib/python3.11/site-packages/airflow/example_dags/example_params_ui_tutorial.py
[2024-07-15T15:54:16.023+0000] {processor.py:830} INFO - Processing file /home/airflow/.local/lib/python3.11/site-packages/airflow/example_dags/example_params_ui_tutorial.py for tasks to queue
[2024-07-15T15:54:16.027+0000] {logging_mixin.py:188} INFO - [2024-07-15T15:54:16.027+0000] {dagbag.py:545} INFO - Filling up the DagBag from /home/airflow/.local/lib/python3.11/site-packages/airflow/example_dags/example_params_ui_tutorial.py
[2024-07-15T15:54:16.053+0000] {processor.py:840} INFO - DAG(s) 'example_params_ui_tutorial' retrieved from /home/airflow/.local/lib/python3.11/site-packages/airflow/example_dags/example_params_ui_tutorial.py
[2024-07-15T15:54:16.146+0000] {logging_mixin.py:188} INFO - [2024-07-15T15:54:16.146+0000] {dag.py:3096} INFO - Sync 1 DAGs
[2024-07-15T15:54:16.163+0000] {logging_mixin.py:188} INFO - [2024-07-15T15:54:16.163+0000] {dag.py:3954} INFO - Setting next_dagrun for example_params_ui_tutorial to None, run_after=None
[2024-07-15T15:54:16.188+0000] {processor.py:183} INFO - Processing /home/airflow/.local/lib/python3.11/site-packages/airflow/example_dags/example_params_ui_tutorial.py took 0.180 seconds
[2024-07-15T15:54:20.987+0000] {processor.py:161} INFO - Started process (PID=25625) to work on /home/airflow/.local/lib/python3.11/site-packages/airflow/example_dags/example_params_ui_tutorial.py
[2024-07-15T15:54:20.991+0000] {processor.py:830} INFO - Processing file /home/airflow/.local/lib/python3.11/site-packages/airflow/example_dags/example_params_ui_tutorial.py for tasks to queue
[2024-07-15T15:54:20.994+0000] {logging_mixin.py:188} INFO - [2024-07-15T15:54:20.994+0000] {dagbag.py:545} INFO - Filling up the DagBag from /home/airflow/.local/lib/python3.11/site-packages/airflow/example_dags/example_params_ui_tutorial.py
[2024-07-15T15:54:21.017+0000] {processor.py:840} INFO - DAG(s) 'example_params_ui_tutorial' retrieved from /home/airflow/.local/lib/python3.11/site-packages/airflow/example_dags/example_params_ui_tutorial.py
[2024-07-15T15:54:21.118+0000] {logging_mixin.py:188} INFO - [2024-07-15T15:54:21.118+0000] {dag.py:3096} INFO - Sync 1 DAGs
[2024-07-15T15:54:21.147+0000] {logging_mixin.py:188} INFO - [2024-07-15T15:54:21.146+0000] {dag.py:3954} INFO - Setting next_dagrun for example_params_ui_tutorial to None, run_after=None
[2024-07-15T15:54:21.178+0000] {processor.py:183} INFO - Processing /home/airflow/.local/lib/python3.11/site-packages/airflow/example_dags/example_params_ui_tutorial.py took 0.202 seconds
[2024-07-15T15:54:27.742+0000] {processor.py:161} INFO - Started process (PID=25683) to work on /home/airflow/.local/lib/python3.11/site-packages/airflow/example_dags/example_params_ui_tutorial.py
[2024-07-15T15:54:27.743+0000] {processor.py:830} INFO - Processing file /home/airflow/.local/lib/python3.11/site-packages/airflow/example_dags/example_params_ui_tutorial.py for tasks to queue
[2024-07-15T15:54:27.746+0000] {logging_mixin.py:188} INFO - [2024-07-15T15:54:27.746+0000] {dagbag.py:545} INFO - Filling up the DagBag from /home/airflow/.local/lib/python3.11/site-packages/airflow/example_dags/example_params_ui_tutorial.py
[2024-07-15T15:54:27.764+0000] {processor.py:840} INFO - DAG(s) 'example_params_ui_tutorial' retrieved from /home/airflow/.local/lib/python3.11/site-packages/airflow/example_dags/example_params_ui_tutorial.py
[2024-07-15T15:54:27.857+0000] {logging_mixin.py:188} INFO - [2024-07-15T15:54:27.857+0000] {dag.py:3096} INFO - Sync 1 DAGs
[2024-07-15T15:54:27.876+0000] {logging_mixin.py:188} INFO - [2024-07-15T15:54:27.875+0000] {dag.py:3954} INFO - Setting next_dagrun for example_params_ui_tutorial to None, run_after=None
[2024-07-15T15:54:27.907+0000] {processor.py:183} INFO - Processing /home/airflow/.local/lib/python3.11/site-packages/airflow/example_dags/example_params_ui_tutorial.py took 0.176 seconds
[2024-07-15T15:54:40.196+0000] {processor.py:161} INFO - Started process (PID=25736) to work on /home/airflow/.local/lib/python3.11/site-packages/airflow/example_dags/example_params_ui_tutorial.py
[2024-07-15T15:54:40.198+0000] {processor.py:830} INFO - Processing file /home/airflow/.local/lib/python3.11/site-packages/airflow/example_dags/example_params_ui_tutorial.py for tasks to queue
[2024-07-15T15:54:40.201+0000] {logging_mixin.py:188} INFO - [2024-07-15T15:54:40.200+0000] {dagbag.py:545} INFO - Filling up the DagBag from /home/airflow/.local/lib/python3.11/site-packages/airflow/example_dags/example_params_ui_tutorial.py
[2024-07-15T15:54:40.229+0000] {processor.py:840} INFO - DAG(s) 'example_params_ui_tutorial' retrieved from /home/airflow/.local/lib/python3.11/site-packages/airflow/example_dags/example_params_ui_tutorial.py
[2024-07-15T15:54:40.353+0000] {logging_mixin.py:188} INFO - [2024-07-15T15:54:40.353+0000] {dag.py:3096} INFO - Sync 1 DAGs
[2024-07-15T15:54:40.380+0000] {logging_mixin.py:188} INFO - [2024-07-15T15:54:40.380+0000] {dag.py:3954} INFO - Setting next_dagrun for example_params_ui_tutorial to None, run_after=None
[2024-07-15T15:54:40.423+0000] {processor.py:183} INFO - Processing /home/airflow/.local/lib/python3.11/site-packages/airflow/example_dags/example_params_ui_tutorial.py took 0.243 seconds
[2024-07-15T15:54:47.989+0000] {processor.py:161} INFO - Started process (PID=25788) to work on /home/airflow/.local/lib/python3.11/site-packages/airflow/example_dags/example_params_ui_tutorial.py
[2024-07-15T15:54:47.992+0000] {processor.py:830} INFO - Processing file /home/airflow/.local/lib/python3.11/site-packages/airflow/example_dags/example_params_ui_tutorial.py for tasks to queue
[2024-07-15T15:54:47.998+0000] {logging_mixin.py:188} INFO - [2024-07-15T15:54:47.997+0000] {dagbag.py:545} INFO - Filling up the DagBag from /home/airflow/.local/lib/python3.11/site-packages/airflow/example_dags/example_params_ui_tutorial.py
[2024-07-15T15:54:48.024+0000] {processor.py:840} INFO - DAG(s) 'example_params_ui_tutorial' retrieved from /home/airflow/.local/lib/python3.11/site-packages/airflow/example_dags/example_params_ui_tutorial.py
[2024-07-15T15:54:48.164+0000] {logging_mixin.py:188} INFO - [2024-07-15T15:54:48.163+0000] {dag.py:3096} INFO - Sync 1 DAGs
[2024-07-15T15:54:48.206+0000] {logging_mixin.py:188} INFO - [2024-07-15T15:54:48.206+0000] {dag.py:3954} INFO - Setting next_dagrun for example_params_ui_tutorial to None, run_after=None
[2024-07-15T15:54:48.247+0000] {processor.py:183} INFO - Processing /home/airflow/.local/lib/python3.11/site-packages/airflow/example_dags/example_params_ui_tutorial.py took 0.272 seconds
[2024-07-15T15:54:58.180+0000] {processor.py:161} INFO - Started process (PID=25848) to work on /home/airflow/.local/lib/python3.11/site-packages/airflow/example_dags/example_params_ui_tutorial.py
[2024-07-15T15:54:58.182+0000] {processor.py:830} INFO - Processing file /home/airflow/.local/lib/python3.11/site-packages/airflow/example_dags/example_params_ui_tutorial.py for tasks to queue
[2024-07-15T15:54:58.186+0000] {logging_mixin.py:188} INFO - [2024-07-15T15:54:58.186+0000] {dagbag.py:545} INFO - Filling up the DagBag from /home/airflow/.local/lib/python3.11/site-packages/airflow/example_dags/example_params_ui_tutorial.py
[2024-07-15T15:54:58.214+0000] {processor.py:840} INFO - DAG(s) 'example_params_ui_tutorial' retrieved from /home/airflow/.local/lib/python3.11/site-packages/airflow/example_dags/example_params_ui_tutorial.py
[2024-07-15T15:54:58.337+0000] {logging_mixin.py:188} INFO - [2024-07-15T15:54:58.337+0000] {dag.py:3096} INFO - Sync 1 DAGs
[2024-07-15T15:54:58.357+0000] {logging_mixin.py:188} INFO - [2024-07-15T15:54:58.357+0000] {dag.py:3954} INFO - Setting next_dagrun for example_params_ui_tutorial to None, run_after=None
[2024-07-15T15:54:58.394+0000] {processor.py:183} INFO - Processing /home/airflow/.local/lib/python3.11/site-packages/airflow/example_dags/example_params_ui_tutorial.py took 0.226 seconds
[2024-07-15T15:55:11.710+0000] {processor.py:161} INFO - Started process (PID=25900) to work on /home/airflow/.local/lib/python3.11/site-packages/airflow/example_dags/example_params_ui_tutorial.py
[2024-07-15T15:55:11.714+0000] {processor.py:830} INFO - Processing file /home/airflow/.local/lib/python3.11/site-packages/airflow/example_dags/example_params_ui_tutorial.py for tasks to queue
[2024-07-15T15:55:11.722+0000] {logging_mixin.py:188} INFO - [2024-07-15T15:55:11.721+0000] {dagbag.py:545} INFO - Filling up the DagBag from /home/airflow/.local/lib/python3.11/site-packages/airflow/example_dags/example_params_ui_tutorial.py
[2024-07-15T15:55:11.766+0000] {processor.py:840} INFO - DAG(s) 'example_params_ui_tutorial' retrieved from /home/airflow/.local/lib/python3.11/site-packages/airflow/example_dags/example_params_ui_tutorial.py
[2024-07-15T15:55:12.171+0000] {logging_mixin.py:188} INFO - [2024-07-15T15:55:12.171+0000] {dag.py:3096} INFO - Sync 1 DAGs
[2024-07-15T15:55:12.199+0000] {logging_mixin.py:188} INFO - [2024-07-15T15:55:12.198+0000] {dag.py:3954} INFO - Setting next_dagrun for example_params_ui_tutorial to None, run_after=None
[2024-07-15T15:55:12.230+0000] {processor.py:183} INFO - Processing /home/airflow/.local/lib/python3.11/site-packages/airflow/example_dags/example_params_ui_tutorial.py took 0.543 seconds
[2024-07-15T15:55:22.012+0000] {processor.py:161} INFO - Started process (PID=25959) to work on /home/airflow/.local/lib/python3.11/site-packages/airflow/example_dags/example_params_ui_tutorial.py
[2024-07-15T15:55:22.014+0000] {processor.py:830} INFO - Processing file /home/airflow/.local/lib/python3.11/site-packages/airflow/example_dags/example_params_ui_tutorial.py for tasks to queue
[2024-07-15T15:55:22.018+0000] {logging_mixin.py:188} INFO - [2024-07-15T15:55:22.018+0000] {dagbag.py:545} INFO - Filling up the DagBag from /home/airflow/.local/lib/python3.11/site-packages/airflow/example_dags/example_params_ui_tutorial.py
[2024-07-15T15:55:22.050+0000] {processor.py:840} INFO - DAG(s) 'example_params_ui_tutorial' retrieved from /home/airflow/.local/lib/python3.11/site-packages/airflow/example_dags/example_params_ui_tutorial.py
[2024-07-15T15:55:22.177+0000] {logging_mixin.py:188} INFO - [2024-07-15T15:55:22.176+0000] {dag.py:3096} INFO - Sync 1 DAGs
[2024-07-15T15:55:22.207+0000] {logging_mixin.py:188} INFO - [2024-07-15T15:55:22.206+0000] {dag.py:3954} INFO - Setting next_dagrun for example_params_ui_tutorial to None, run_after=None
[2024-07-15T15:55:22.510+0000] {processor.py:183} INFO - Processing /home/airflow/.local/lib/python3.11/site-packages/airflow/example_dags/example_params_ui_tutorial.py took 0.512 seconds
[2024-07-15T15:55:33.089+0000] {processor.py:161} INFO - Started process (PID=26011) to work on /home/airflow/.local/lib/python3.11/site-packages/airflow/example_dags/example_params_ui_tutorial.py
[2024-07-15T15:55:33.091+0000] {processor.py:830} INFO - Processing file /home/airflow/.local/lib/python3.11/site-packages/airflow/example_dags/example_params_ui_tutorial.py for tasks to queue
[2024-07-15T15:55:33.095+0000] {logging_mixin.py:188} INFO - [2024-07-15T15:55:33.095+0000] {dagbag.py:545} INFO - Filling up the DagBag from /home/airflow/.local/lib/python3.11/site-packages/airflow/example_dags/example_params_ui_tutorial.py
[2024-07-15T15:55:33.124+0000] {processor.py:840} INFO - DAG(s) 'example_params_ui_tutorial' retrieved from /home/airflow/.local/lib/python3.11/site-packages/airflow/example_dags/example_params_ui_tutorial.py
[2024-07-15T15:55:33.238+0000] {logging_mixin.py:188} INFO - [2024-07-15T15:55:33.237+0000] {dag.py:3096} INFO - Sync 1 DAGs
[2024-07-15T15:55:33.265+0000] {logging_mixin.py:188} INFO - [2024-07-15T15:55:33.264+0000] {dag.py:3954} INFO - Setting next_dagrun for example_params_ui_tutorial to None, run_after=None
[2024-07-15T15:55:33.295+0000] {processor.py:183} INFO - Processing /home/airflow/.local/lib/python3.11/site-packages/airflow/example_dags/example_params_ui_tutorial.py took 0.221 seconds
[2024-07-15T15:55:39.580+0000] {processor.py:161} INFO - Started process (PID=26064) to work on /home/airflow/.local/lib/python3.11/site-packages/airflow/example_dags/example_params_ui_tutorial.py
[2024-07-15T15:55:39.582+0000] {processor.py:830} INFO - Processing file /home/airflow/.local/lib/python3.11/site-packages/airflow/example_dags/example_params_ui_tutorial.py for tasks to queue
[2024-07-15T15:55:39.585+0000] {logging_mixin.py:188} INFO - [2024-07-15T15:55:39.584+0000] {dagbag.py:545} INFO - Filling up the DagBag from /home/airflow/.local/lib/python3.11/site-packages/airflow/example_dags/example_params_ui_tutorial.py
[2024-07-15T15:55:39.606+0000] {processor.py:840} INFO - DAG(s) 'example_params_ui_tutorial' retrieved from /home/airflow/.local/lib/python3.11/site-packages/airflow/example_dags/example_params_ui_tutorial.py
[2024-07-15T15:55:39.704+0000] {logging_mixin.py:188} INFO - [2024-07-15T15:55:39.703+0000] {dag.py:3096} INFO - Sync 1 DAGs
[2024-07-15T15:55:39.727+0000] {logging_mixin.py:188} INFO - [2024-07-15T15:55:39.727+0000] {dag.py:3954} INFO - Setting next_dagrun for example_params_ui_tutorial to None, run_after=None
[2024-07-15T15:55:39.763+0000] {processor.py:183} INFO - Processing /home/airflow/.local/lib/python3.11/site-packages/airflow/example_dags/example_params_ui_tutorial.py took 0.197 seconds
[2024-07-15T15:55:45.403+0000] {processor.py:161} INFO - Started process (PID=26116) to work on /home/airflow/.local/lib/python3.11/site-packages/airflow/example_dags/example_params_ui_tutorial.py
[2024-07-15T15:55:45.404+0000] {processor.py:830} INFO - Processing file /home/airflow/.local/lib/python3.11/site-packages/airflow/example_dags/example_params_ui_tutorial.py for tasks to queue
[2024-07-15T15:55:45.407+0000] {logging_mixin.py:188} INFO - [2024-07-15T15:55:45.406+0000] {dagbag.py:545} INFO - Filling up the DagBag from /home/airflow/.local/lib/python3.11/site-packages/airflow/example_dags/example_params_ui_tutorial.py
[2024-07-15T15:55:45.426+0000] {processor.py:840} INFO - DAG(s) 'example_params_ui_tutorial' retrieved from /home/airflow/.local/lib/python3.11/site-packages/airflow/example_dags/example_params_ui_tutorial.py
[2024-07-15T15:55:45.510+0000] {logging_mixin.py:188} INFO - [2024-07-15T15:55:45.509+0000] {dag.py:3096} INFO - Sync 1 DAGs
[2024-07-15T15:55:45.533+0000] {logging_mixin.py:188} INFO - [2024-07-15T15:55:45.532+0000] {dag.py:3954} INFO - Setting next_dagrun for example_params_ui_tutorial to None, run_after=None
[2024-07-15T15:55:45.563+0000] {processor.py:183} INFO - Processing /home/airflow/.local/lib/python3.11/site-packages/airflow/example_dags/example_params_ui_tutorial.py took 0.170 seconds
[2024-07-15T15:55:52.282+0000] {processor.py:161} INFO - Started process (PID=26174) to work on /home/airflow/.local/lib/python3.11/site-packages/airflow/example_dags/example_params_ui_tutorial.py
[2024-07-15T15:55:52.284+0000] {processor.py:830} INFO - Processing file /home/airflow/.local/lib/python3.11/site-packages/airflow/example_dags/example_params_ui_tutorial.py for tasks to queue
[2024-07-15T15:55:52.288+0000] {logging_mixin.py:188} INFO - [2024-07-15T15:55:52.287+0000] {dagbag.py:545} INFO - Filling up the DagBag from /home/airflow/.local/lib/python3.11/site-packages/airflow/example_dags/example_params_ui_tutorial.py
[2024-07-15T15:55:52.311+0000] {processor.py:840} INFO - DAG(s) 'example_params_ui_tutorial' retrieved from /home/airflow/.local/lib/python3.11/site-packages/airflow/example_dags/example_params_ui_tutorial.py
[2024-07-15T15:55:52.431+0000] {logging_mixin.py:188} INFO - [2024-07-15T15:55:52.430+0000] {dag.py:3096} INFO - Sync 1 DAGs
[2024-07-15T15:55:52.483+0000] {logging_mixin.py:188} INFO - [2024-07-15T15:55:52.482+0000] {dag.py:3954} INFO - Setting next_dagrun for example_params_ui_tutorial to None, run_after=None
[2024-07-15T15:55:52.518+0000] {processor.py:183} INFO - Processing /home/airflow/.local/lib/python3.11/site-packages/airflow/example_dags/example_params_ui_tutorial.py took 0.247 seconds
[2024-07-15T15:55:59.409+0000] {processor.py:161} INFO - Started process (PID=26226) to work on /home/airflow/.local/lib/python3.11/site-packages/airflow/example_dags/example_params_ui_tutorial.py
[2024-07-15T15:55:59.412+0000] {processor.py:830} INFO - Processing file /home/airflow/.local/lib/python3.11/site-packages/airflow/example_dags/example_params_ui_tutorial.py for tasks to queue
[2024-07-15T15:55:59.415+0000] {logging_mixin.py:188} INFO - [2024-07-15T15:55:59.414+0000] {dagbag.py:545} INFO - Filling up the DagBag from /home/airflow/.local/lib/python3.11/site-packages/airflow/example_dags/example_params_ui_tutorial.py
[2024-07-15T15:55:59.443+0000] {processor.py:840} INFO - DAG(s) 'example_params_ui_tutorial' retrieved from /home/airflow/.local/lib/python3.11/site-packages/airflow/example_dags/example_params_ui_tutorial.py
[2024-07-15T15:55:59.572+0000] {logging_mixin.py:188} INFO - [2024-07-15T15:55:59.571+0000] {dag.py:3096} INFO - Sync 1 DAGs
[2024-07-15T15:55:59.603+0000] {logging_mixin.py:188} INFO - [2024-07-15T15:55:59.602+0000] {dag.py:3954} INFO - Setting next_dagrun for example_params_ui_tutorial to None, run_after=None
[2024-07-15T15:55:59.642+0000] {processor.py:183} INFO - Processing /home/airflow/.local/lib/python3.11/site-packages/airflow/example_dags/example_params_ui_tutorial.py took 0.245 seconds
[2024-07-15T15:56:06.576+0000] {processor.py:161} INFO - Started process (PID=26279) to work on /home/airflow/.local/lib/python3.11/site-packages/airflow/example_dags/example_params_ui_tutorial.py
[2024-07-15T15:56:06.578+0000] {processor.py:830} INFO - Processing file /home/airflow/.local/lib/python3.11/site-packages/airflow/example_dags/example_params_ui_tutorial.py for tasks to queue
[2024-07-15T15:56:06.581+0000] {logging_mixin.py:188} INFO - [2024-07-15T15:56:06.581+0000] {dagbag.py:545} INFO - Filling up the DagBag from /home/airflow/.local/lib/python3.11/site-packages/airflow/example_dags/example_params_ui_tutorial.py
[2024-07-15T15:56:06.605+0000] {processor.py:840} INFO - DAG(s) 'example_params_ui_tutorial' retrieved from /home/airflow/.local/lib/python3.11/site-packages/airflow/example_dags/example_params_ui_tutorial.py
[2024-07-15T15:56:06.696+0000] {logging_mixin.py:188} INFO - [2024-07-15T15:56:06.696+0000] {dag.py:3096} INFO - Sync 1 DAGs
[2024-07-15T15:56:06.720+0000] {logging_mixin.py:188} INFO - [2024-07-15T15:56:06.719+0000] {dag.py:3954} INFO - Setting next_dagrun for example_params_ui_tutorial to None, run_after=None
[2024-07-15T15:56:06.752+0000] {processor.py:183} INFO - Processing /home/airflow/.local/lib/python3.11/site-packages/airflow/example_dags/example_params_ui_tutorial.py took 0.188 seconds
[2024-07-15T15:56:12.163+0000] {processor.py:161} INFO - Started process (PID=26331) to work on /home/airflow/.local/lib/python3.11/site-packages/airflow/example_dags/example_params_ui_tutorial.py
[2024-07-15T15:56:12.165+0000] {processor.py:830} INFO - Processing file /home/airflow/.local/lib/python3.11/site-packages/airflow/example_dags/example_params_ui_tutorial.py for tasks to queue
[2024-07-15T15:56:12.168+0000] {logging_mixin.py:188} INFO - [2024-07-15T15:56:12.167+0000] {dagbag.py:545} INFO - Filling up the DagBag from /home/airflow/.local/lib/python3.11/site-packages/airflow/example_dags/example_params_ui_tutorial.py
[2024-07-15T15:56:12.189+0000] {processor.py:840} INFO - DAG(s) 'example_params_ui_tutorial' retrieved from /home/airflow/.local/lib/python3.11/site-packages/airflow/example_dags/example_params_ui_tutorial.py
[2024-07-15T15:56:12.269+0000] {logging_mixin.py:188} INFO - [2024-07-15T15:56:12.269+0000] {dag.py:3096} INFO - Sync 1 DAGs
[2024-07-15T15:56:12.287+0000] {logging_mixin.py:188} INFO - [2024-07-15T15:56:12.287+0000] {dag.py:3954} INFO - Setting next_dagrun for example_params_ui_tutorial to None, run_after=None
[2024-07-15T15:56:12.316+0000] {processor.py:183} INFO - Processing /home/airflow/.local/lib/python3.11/site-packages/airflow/example_dags/example_params_ui_tutorial.py took 0.163 seconds
[2024-07-15T15:56:19.374+0000] {processor.py:161} INFO - Started process (PID=26384) to work on /home/airflow/.local/lib/python3.11/site-packages/airflow/example_dags/example_params_ui_tutorial.py
[2024-07-15T15:56:19.376+0000] {processor.py:830} INFO - Processing file /home/airflow/.local/lib/python3.11/site-packages/airflow/example_dags/example_params_ui_tutorial.py for tasks to queue
[2024-07-15T15:56:19.379+0000] {logging_mixin.py:188} INFO - [2024-07-15T15:56:19.378+0000] {dagbag.py:545} INFO - Filling up the DagBag from /home/airflow/.local/lib/python3.11/site-packages/airflow/example_dags/example_params_ui_tutorial.py
[2024-07-15T15:56:19.400+0000] {processor.py:840} INFO - DAG(s) 'example_params_ui_tutorial' retrieved from /home/airflow/.local/lib/python3.11/site-packages/airflow/example_dags/example_params_ui_tutorial.py
[2024-07-15T15:56:19.480+0000] {logging_mixin.py:188} INFO - [2024-07-15T15:56:19.479+0000] {dag.py:3096} INFO - Sync 1 DAGs
[2024-07-15T15:56:19.497+0000] {logging_mixin.py:188} INFO - [2024-07-15T15:56:19.496+0000] {dag.py:3954} INFO - Setting next_dagrun for example_params_ui_tutorial to None, run_after=None
[2024-07-15T15:56:19.534+0000] {processor.py:183} INFO - Processing /home/airflow/.local/lib/python3.11/site-packages/airflow/example_dags/example_params_ui_tutorial.py took 0.170 seconds
[2024-07-15T15:56:27.594+0000] {processor.py:161} INFO - Started process (PID=26442) to work on /home/airflow/.local/lib/python3.11/site-packages/airflow/example_dags/example_params_ui_tutorial.py
[2024-07-15T15:56:27.595+0000] {processor.py:830} INFO - Processing file /home/airflow/.local/lib/python3.11/site-packages/airflow/example_dags/example_params_ui_tutorial.py for tasks to queue
[2024-07-15T15:56:27.598+0000] {logging_mixin.py:188} INFO - [2024-07-15T15:56:27.598+0000] {dagbag.py:545} INFO - Filling up the DagBag from /home/airflow/.local/lib/python3.11/site-packages/airflow/example_dags/example_params_ui_tutorial.py
[2024-07-15T15:56:27.620+0000] {processor.py:840} INFO - DAG(s) 'example_params_ui_tutorial' retrieved from /home/airflow/.local/lib/python3.11/site-packages/airflow/example_dags/example_params_ui_tutorial.py
[2024-07-15T15:56:27.711+0000] {logging_mixin.py:188} INFO - [2024-07-15T15:56:27.711+0000] {dag.py:3096} INFO - Sync 1 DAGs
[2024-07-15T15:56:27.729+0000] {logging_mixin.py:188} INFO - [2024-07-15T15:56:27.729+0000] {dag.py:3954} INFO - Setting next_dagrun for example_params_ui_tutorial to None, run_after=None
[2024-07-15T15:56:27.757+0000] {processor.py:183} INFO - Processing /home/airflow/.local/lib/python3.11/site-packages/airflow/example_dags/example_params_ui_tutorial.py took 0.172 seconds
[2024-07-15T15:56:34.593+0000] {processor.py:161} INFO - Started process (PID=26495) to work on /home/airflow/.local/lib/python3.11/site-packages/airflow/example_dags/example_params_ui_tutorial.py
[2024-07-15T15:56:34.597+0000] {processor.py:830} INFO - Processing file /home/airflow/.local/lib/python3.11/site-packages/airflow/example_dags/example_params_ui_tutorial.py for tasks to queue
[2024-07-15T15:56:34.603+0000] {logging_mixin.py:188} INFO - [2024-07-15T15:56:34.602+0000] {dagbag.py:545} INFO - Filling up the DagBag from /home/airflow/.local/lib/python3.11/site-packages/airflow/example_dags/example_params_ui_tutorial.py
[2024-07-15T15:56:34.648+0000] {processor.py:840} INFO - DAG(s) 'example_params_ui_tutorial' retrieved from /home/airflow/.local/lib/python3.11/site-packages/airflow/example_dags/example_params_ui_tutorial.py
[2024-07-15T15:56:34.893+0000] {logging_mixin.py:188} INFO - [2024-07-15T15:56:34.893+0000] {dag.py:3096} INFO - Sync 1 DAGs
[2024-07-15T15:56:34.933+0000] {logging_mixin.py:188} INFO - [2024-07-15T15:56:34.933+0000] {dag.py:3954} INFO - Setting next_dagrun for example_params_ui_tutorial to None, run_after=None
[2024-07-15T15:56:34.985+0000] {processor.py:183} INFO - Processing /home/airflow/.local/lib/python3.11/site-packages/airflow/example_dags/example_params_ui_tutorial.py took 0.412 seconds
[2024-07-15T15:56:41.304+0000] {processor.py:161} INFO - Started process (PID=26547) to work on /home/airflow/.local/lib/python3.11/site-packages/airflow/example_dags/example_params_ui_tutorial.py
[2024-07-15T15:56:41.306+0000] {processor.py:830} INFO - Processing file /home/airflow/.local/lib/python3.11/site-packages/airflow/example_dags/example_params_ui_tutorial.py for tasks to queue
[2024-07-15T15:56:41.309+0000] {logging_mixin.py:188} INFO - [2024-07-15T15:56:41.309+0000] {dagbag.py:545} INFO - Filling up the DagBag from /home/airflow/.local/lib/python3.11/site-packages/airflow/example_dags/example_params_ui_tutorial.py
[2024-07-15T15:56:41.330+0000] {processor.py:840} INFO - DAG(s) 'example_params_ui_tutorial' retrieved from /home/airflow/.local/lib/python3.11/site-packages/airflow/example_dags/example_params_ui_tutorial.py
[2024-07-15T15:56:41.413+0000] {logging_mixin.py:188} INFO - [2024-07-15T15:56:41.412+0000] {dag.py:3096} INFO - Sync 1 DAGs
[2024-07-15T15:56:41.433+0000] {logging_mixin.py:188} INFO - [2024-07-15T15:56:41.432+0000] {dag.py:3954} INFO - Setting next_dagrun for example_params_ui_tutorial to None, run_after=None
[2024-07-15T15:56:41.520+0000] {processor.py:183} INFO - Processing /home/airflow/.local/lib/python3.11/site-packages/airflow/example_dags/example_params_ui_tutorial.py took 0.226 seconds
[2024-07-15T15:56:46.152+0000] {processor.py:161} INFO - Started process (PID=26601) to work on /home/airflow/.local/lib/python3.11/site-packages/airflow/example_dags/example_params_ui_tutorial.py
[2024-07-15T15:56:46.154+0000] {processor.py:830} INFO - Processing file /home/airflow/.local/lib/python3.11/site-packages/airflow/example_dags/example_params_ui_tutorial.py for tasks to queue
[2024-07-15T15:56:46.157+0000] {logging_mixin.py:188} INFO - [2024-07-15T15:56:46.156+0000] {dagbag.py:545} INFO - Filling up the DagBag from /home/airflow/.local/lib/python3.11/site-packages/airflow/example_dags/example_params_ui_tutorial.py
[2024-07-15T15:56:46.179+0000] {processor.py:840} INFO - DAG(s) 'example_params_ui_tutorial' retrieved from /home/airflow/.local/lib/python3.11/site-packages/airflow/example_dags/example_params_ui_tutorial.py
[2024-07-15T15:56:46.275+0000] {logging_mixin.py:188} INFO - [2024-07-15T15:56:46.275+0000] {dag.py:3096} INFO - Sync 1 DAGs
[2024-07-15T15:56:46.300+0000] {logging_mixin.py:188} INFO - [2024-07-15T15:56:46.300+0000] {dag.py:3954} INFO - Setting next_dagrun for example_params_ui_tutorial to None, run_after=None
[2024-07-15T15:56:46.325+0000] {processor.py:183} INFO - Processing /home/airflow/.local/lib/python3.11/site-packages/airflow/example_dags/example_params_ui_tutorial.py took 0.184 seconds
[2024-07-15T15:56:51.598+0000] {processor.py:161} INFO - Started process (PID=26653) to work on /home/airflow/.local/lib/python3.11/site-packages/airflow/example_dags/example_params_ui_tutorial.py
[2024-07-15T15:56:51.600+0000] {processor.py:830} INFO - Processing file /home/airflow/.local/lib/python3.11/site-packages/airflow/example_dags/example_params_ui_tutorial.py for tasks to queue
[2024-07-15T15:56:51.603+0000] {logging_mixin.py:188} INFO - [2024-07-15T15:56:51.602+0000] {dagbag.py:545} INFO - Filling up the DagBag from /home/airflow/.local/lib/python3.11/site-packages/airflow/example_dags/example_params_ui_tutorial.py
[2024-07-15T15:56:51.624+0000] {processor.py:840} INFO - DAG(s) 'example_params_ui_tutorial' retrieved from /home/airflow/.local/lib/python3.11/site-packages/airflow/example_dags/example_params_ui_tutorial.py
[2024-07-15T15:56:51.707+0000] {logging_mixin.py:188} INFO - [2024-07-15T15:56:51.706+0000] {dag.py:3096} INFO - Sync 1 DAGs
[2024-07-15T15:56:51.726+0000] {logging_mixin.py:188} INFO - [2024-07-15T15:56:51.726+0000] {dag.py:3954} INFO - Setting next_dagrun for example_params_ui_tutorial to None, run_after=None
[2024-07-15T15:56:51.763+0000] {processor.py:183} INFO - Processing /home/airflow/.local/lib/python3.11/site-packages/airflow/example_dags/example_params_ui_tutorial.py took 0.177 seconds
[2024-07-15T15:56:56.856+0000] {processor.py:161} INFO - Started process (PID=26713) to work on /home/airflow/.local/lib/python3.11/site-packages/airflow/example_dags/example_params_ui_tutorial.py
[2024-07-15T15:56:56.857+0000] {processor.py:830} INFO - Processing file /home/airflow/.local/lib/python3.11/site-packages/airflow/example_dags/example_params_ui_tutorial.py for tasks to queue
[2024-07-15T15:56:56.860+0000] {logging_mixin.py:188} INFO - [2024-07-15T15:56:56.860+0000] {dagbag.py:545} INFO - Filling up the DagBag from /home/airflow/.local/lib/python3.11/site-packages/airflow/example_dags/example_params_ui_tutorial.py
[2024-07-15T15:56:56.876+0000] {processor.py:840} INFO - DAG(s) 'example_params_ui_tutorial' retrieved from /home/airflow/.local/lib/python3.11/site-packages/airflow/example_dags/example_params_ui_tutorial.py
[2024-07-15T15:56:56.948+0000] {logging_mixin.py:188} INFO - [2024-07-15T15:56:56.948+0000] {dag.py:3096} INFO - Sync 1 DAGs
[2024-07-15T15:56:56.965+0000] {logging_mixin.py:188} INFO - [2024-07-15T15:56:56.965+0000] {dag.py:3954} INFO - Setting next_dagrun for example_params_ui_tutorial to None, run_after=None
[2024-07-15T15:56:56.990+0000] {processor.py:183} INFO - Processing /home/airflow/.local/lib/python3.11/site-packages/airflow/example_dags/example_params_ui_tutorial.py took 0.143 seconds
