[2024-07-15T15:49:06.849+0000] {processor.py:161} INFO - Started process (PID=22635) to work on /home/airflow/.local/lib/python3.11/site-packages/airflow/example_dags/example_complex.py
[2024-07-15T15:49:06.852+0000] {processor.py:830} INFO - Processing file /home/airflow/.local/lib/python3.11/site-packages/airflow/example_dags/example_complex.py for tasks to queue
[2024-07-15T15:49:06.857+0000] {logging_mixin.py:188} INFO - [2024-07-15T15:49:06.856+0000] {dagbag.py:545} INFO - Filling up the DagBag from /home/airflow/.local/lib/python3.11/site-packages/airflow/example_dags/example_complex.py
[2024-07-15T15:49:06.891+0000] {processor.py:840} INFO - DAG(s) 'example_complex' retrieved from /home/airflow/.local/lib/python3.11/site-packages/airflow/example_dags/example_complex.py
[2024-07-15T15:49:06.993+0000] {logging_mixin.py:188} INFO - [2024-07-15T15:49:06.992+0000] {dag.py:3096} INFO - Sync 1 DAGs
[2024-07-15T15:49:07.030+0000] {logging_mixin.py:188} INFO - [2024-07-15T15:49:07.029+0000] {dag.py:3954} INFO - Setting next_dagrun for example_complex to None, run_after=None
[2024-07-15T15:49:07.108+0000] {processor.py:183} INFO - Processing /home/airflow/.local/lib/python3.11/site-packages/airflow/example_dags/example_complex.py took 0.291 seconds
[2024-07-15T15:49:14.751+0000] {processor.py:161} INFO - Started process (PID=22687) to work on /home/airflow/.local/lib/python3.11/site-packages/airflow/example_dags/example_complex.py
[2024-07-15T15:49:14.754+0000] {processor.py:830} INFO - Processing file /home/airflow/.local/lib/python3.11/site-packages/airflow/example_dags/example_complex.py for tasks to queue
[2024-07-15T15:49:14.759+0000] {logging_mixin.py:188} INFO - [2024-07-15T15:49:14.758+0000] {dagbag.py:545} INFO - Filling up the DagBag from /home/airflow/.local/lib/python3.11/site-packages/airflow/example_dags/example_complex.py
[2024-07-15T15:49:14.790+0000] {processor.py:840} INFO - DAG(s) 'example_complex' retrieved from /home/airflow/.local/lib/python3.11/site-packages/airflow/example_dags/example_complex.py
[2024-07-15T15:49:14.869+0000] {logging_mixin.py:188} INFO - [2024-07-15T15:49:14.868+0000] {dag.py:3096} INFO - Sync 1 DAGs
[2024-07-15T15:49:14.897+0000] {logging_mixin.py:188} INFO - [2024-07-15T15:49:14.896+0000] {dag.py:3954} INFO - Setting next_dagrun for example_complex to None, run_after=None
[2024-07-15T15:49:14.936+0000] {processor.py:183} INFO - Processing /home/airflow/.local/lib/python3.11/site-packages/airflow/example_dags/example_complex.py took 0.199 seconds
[2024-07-15T15:49:23.244+0000] {processor.py:161} INFO - Started process (PID=22746) to work on /home/airflow/.local/lib/python3.11/site-packages/airflow/example_dags/example_complex.py
[2024-07-15T15:49:23.246+0000] {processor.py:830} INFO - Processing file /home/airflow/.local/lib/python3.11/site-packages/airflow/example_dags/example_complex.py for tasks to queue
[2024-07-15T15:49:23.250+0000] {logging_mixin.py:188} INFO - [2024-07-15T15:49:23.250+0000] {dagbag.py:545} INFO - Filling up the DagBag from /home/airflow/.local/lib/python3.11/site-packages/airflow/example_dags/example_complex.py
[2024-07-15T15:49:23.274+0000] {processor.py:840} INFO - DAG(s) 'example_complex' retrieved from /home/airflow/.local/lib/python3.11/site-packages/airflow/example_dags/example_complex.py
[2024-07-15T15:49:23.338+0000] {logging_mixin.py:188} INFO - [2024-07-15T15:49:23.337+0000] {dag.py:3096} INFO - Sync 1 DAGs
[2024-07-15T15:49:23.365+0000] {logging_mixin.py:188} INFO - [2024-07-15T15:49:23.365+0000] {dag.py:3954} INFO - Setting next_dagrun for example_complex to None, run_after=None
[2024-07-15T15:49:23.404+0000] {processor.py:183} INFO - Processing /home/airflow/.local/lib/python3.11/site-packages/airflow/example_dags/example_complex.py took 0.170 seconds
[2024-07-15T15:49:30.788+0000] {processor.py:161} INFO - Started process (PID=22798) to work on /home/airflow/.local/lib/python3.11/site-packages/airflow/example_dags/example_complex.py
[2024-07-15T15:49:30.790+0000] {processor.py:830} INFO - Processing file /home/airflow/.local/lib/python3.11/site-packages/airflow/example_dags/example_complex.py for tasks to queue
[2024-07-15T15:49:30.794+0000] {logging_mixin.py:188} INFO - [2024-07-15T15:49:30.793+0000] {dagbag.py:545} INFO - Filling up the DagBag from /home/airflow/.local/lib/python3.11/site-packages/airflow/example_dags/example_complex.py
[2024-07-15T15:49:30.815+0000] {processor.py:840} INFO - DAG(s) 'example_complex' retrieved from /home/airflow/.local/lib/python3.11/site-packages/airflow/example_dags/example_complex.py
[2024-07-15T15:49:30.886+0000] {logging_mixin.py:188} INFO - [2024-07-15T15:49:30.885+0000] {dag.py:3096} INFO - Sync 1 DAGs
[2024-07-15T15:49:30.910+0000] {logging_mixin.py:188} INFO - [2024-07-15T15:49:30.909+0000] {dag.py:3954} INFO - Setting next_dagrun for example_complex to None, run_after=None
[2024-07-15T15:49:30.953+0000] {processor.py:183} INFO - Processing /home/airflow/.local/lib/python3.11/site-packages/airflow/example_dags/example_complex.py took 0.175 seconds
[2024-07-15T15:49:38.027+0000] {processor.py:161} INFO - Started process (PID=22851) to work on /home/airflow/.local/lib/python3.11/site-packages/airflow/example_dags/example_complex.py
[2024-07-15T15:49:38.029+0000] {processor.py:830} INFO - Processing file /home/airflow/.local/lib/python3.11/site-packages/airflow/example_dags/example_complex.py for tasks to queue
[2024-07-15T15:49:38.032+0000] {logging_mixin.py:188} INFO - [2024-07-15T15:49:38.031+0000] {dagbag.py:545} INFO - Filling up the DagBag from /home/airflow/.local/lib/python3.11/site-packages/airflow/example_dags/example_complex.py
[2024-07-15T15:49:38.062+0000] {processor.py:840} INFO - DAG(s) 'example_complex' retrieved from /home/airflow/.local/lib/python3.11/site-packages/airflow/example_dags/example_complex.py
[2024-07-15T15:49:38.278+0000] {logging_mixin.py:188} INFO - [2024-07-15T15:49:38.277+0000] {dag.py:3096} INFO - Sync 1 DAGs
[2024-07-15T15:49:38.371+0000] {logging_mixin.py:188} INFO - [2024-07-15T15:49:38.370+0000] {dag.py:3954} INFO - Setting next_dagrun for example_complex to None, run_after=None
[2024-07-15T15:49:38.502+0000] {processor.py:183} INFO - Processing /home/airflow/.local/lib/python3.11/site-packages/airflow/example_dags/example_complex.py took 0.490 seconds
[2024-07-15T15:49:45.424+0000] {processor.py:161} INFO - Started process (PID=22903) to work on /home/airflow/.local/lib/python3.11/site-packages/airflow/example_dags/example_complex.py
[2024-07-15T15:49:45.426+0000] {processor.py:830} INFO - Processing file /home/airflow/.local/lib/python3.11/site-packages/airflow/example_dags/example_complex.py for tasks to queue
[2024-07-15T15:49:45.430+0000] {logging_mixin.py:188} INFO - [2024-07-15T15:49:45.430+0000] {dagbag.py:545} INFO - Filling up the DagBag from /home/airflow/.local/lib/python3.11/site-packages/airflow/example_dags/example_complex.py
[2024-07-15T15:49:45.452+0000] {processor.py:840} INFO - DAG(s) 'example_complex' retrieved from /home/airflow/.local/lib/python3.11/site-packages/airflow/example_dags/example_complex.py
[2024-07-15T15:49:45.535+0000] {logging_mixin.py:188} INFO - [2024-07-15T15:49:45.534+0000] {dag.py:3096} INFO - Sync 1 DAGs
[2024-07-15T15:49:45.560+0000] {logging_mixin.py:188} INFO - [2024-07-15T15:49:45.559+0000] {dag.py:3954} INFO - Setting next_dagrun for example_complex to None, run_after=None
[2024-07-15T15:49:45.599+0000] {processor.py:183} INFO - Processing /home/airflow/.local/lib/python3.11/site-packages/airflow/example_dags/example_complex.py took 0.189 seconds
[2024-07-15T15:49:52.211+0000] {processor.py:161} INFO - Started process (PID=22963) to work on /home/airflow/.local/lib/python3.11/site-packages/airflow/example_dags/example_complex.py
[2024-07-15T15:49:52.213+0000] {processor.py:830} INFO - Processing file /home/airflow/.local/lib/python3.11/site-packages/airflow/example_dags/example_complex.py for tasks to queue
[2024-07-15T15:49:52.216+0000] {logging_mixin.py:188} INFO - [2024-07-15T15:49:52.215+0000] {dagbag.py:545} INFO - Filling up the DagBag from /home/airflow/.local/lib/python3.11/site-packages/airflow/example_dags/example_complex.py
[2024-07-15T15:49:52.236+0000] {processor.py:840} INFO - DAG(s) 'example_complex' retrieved from /home/airflow/.local/lib/python3.11/site-packages/airflow/example_dags/example_complex.py
[2024-07-15T15:49:52.297+0000] {logging_mixin.py:188} INFO - [2024-07-15T15:49:52.297+0000] {dag.py:3096} INFO - Sync 1 DAGs
[2024-07-15T15:49:52.319+0000] {logging_mixin.py:188} INFO - [2024-07-15T15:49:52.319+0000] {dag.py:3954} INFO - Setting next_dagrun for example_complex to None, run_after=None
[2024-07-15T15:49:52.364+0000] {processor.py:183} INFO - Processing /home/airflow/.local/lib/python3.11/site-packages/airflow/example_dags/example_complex.py took 0.166 seconds
[2024-07-15T15:49:59.266+0000] {processor.py:161} INFO - Started process (PID=23015) to work on /home/airflow/.local/lib/python3.11/site-packages/airflow/example_dags/example_complex.py
[2024-07-15T15:49:59.267+0000] {processor.py:830} INFO - Processing file /home/airflow/.local/lib/python3.11/site-packages/airflow/example_dags/example_complex.py for tasks to queue
[2024-07-15T15:49:59.270+0000] {logging_mixin.py:188} INFO - [2024-07-15T15:49:59.269+0000] {dagbag.py:545} INFO - Filling up the DagBag from /home/airflow/.local/lib/python3.11/site-packages/airflow/example_dags/example_complex.py
[2024-07-15T15:49:59.286+0000] {processor.py:840} INFO - DAG(s) 'example_complex' retrieved from /home/airflow/.local/lib/python3.11/site-packages/airflow/example_dags/example_complex.py
[2024-07-15T15:49:59.339+0000] {logging_mixin.py:188} INFO - [2024-07-15T15:49:59.338+0000] {dag.py:3096} INFO - Sync 1 DAGs
[2024-07-15T15:49:59.357+0000] {logging_mixin.py:188} INFO - [2024-07-15T15:49:59.356+0000] {dag.py:3954} INFO - Setting next_dagrun for example_complex to None, run_after=None
[2024-07-15T15:49:59.383+0000] {processor.py:183} INFO - Processing /home/airflow/.local/lib/python3.11/site-packages/airflow/example_dags/example_complex.py took 0.127 seconds
[2024-07-15T15:50:05.206+0000] {processor.py:161} INFO - Started process (PID=23068) to work on /home/airflow/.local/lib/python3.11/site-packages/airflow/example_dags/example_complex.py
[2024-07-15T15:50:05.208+0000] {processor.py:830} INFO - Processing file /home/airflow/.local/lib/python3.11/site-packages/airflow/example_dags/example_complex.py for tasks to queue
[2024-07-15T15:50:05.210+0000] {logging_mixin.py:188} INFO - [2024-07-15T15:50:05.210+0000] {dagbag.py:545} INFO - Filling up the DagBag from /home/airflow/.local/lib/python3.11/site-packages/airflow/example_dags/example_complex.py
[2024-07-15T15:50:05.226+0000] {processor.py:840} INFO - DAG(s) 'example_complex' retrieved from /home/airflow/.local/lib/python3.11/site-packages/airflow/example_dags/example_complex.py
[2024-07-15T15:50:05.305+0000] {logging_mixin.py:188} INFO - [2024-07-15T15:50:05.305+0000] {dag.py:3096} INFO - Sync 1 DAGs
[2024-07-15T15:50:05.337+0000] {logging_mixin.py:188} INFO - [2024-07-15T15:50:05.334+0000] {dag.py:3954} INFO - Setting next_dagrun for example_complex to None, run_after=None
[2024-07-15T15:50:05.377+0000] {processor.py:183} INFO - Processing /home/airflow/.local/lib/python3.11/site-packages/airflow/example_dags/example_complex.py took 0.184 seconds
[2024-07-15T15:50:10.787+0000] {processor.py:161} INFO - Started process (PID=23120) to work on /home/airflow/.local/lib/python3.11/site-packages/airflow/example_dags/example_complex.py
[2024-07-15T15:50:10.793+0000] {processor.py:830} INFO - Processing file /home/airflow/.local/lib/python3.11/site-packages/airflow/example_dags/example_complex.py for tasks to queue
[2024-07-15T15:50:10.807+0000] {logging_mixin.py:188} INFO - [2024-07-15T15:50:10.806+0000] {dagbag.py:545} INFO - Filling up the DagBag from /home/airflow/.local/lib/python3.11/site-packages/airflow/example_dags/example_complex.py
[2024-07-15T15:50:10.831+0000] {processor.py:840} INFO - DAG(s) 'example_complex' retrieved from /home/airflow/.local/lib/python3.11/site-packages/airflow/example_dags/example_complex.py
[2024-07-15T15:50:10.904+0000] {logging_mixin.py:188} INFO - [2024-07-15T15:50:10.904+0000] {dag.py:3096} INFO - Sync 1 DAGs
[2024-07-15T15:50:10.943+0000] {logging_mixin.py:188} INFO - [2024-07-15T15:50:10.942+0000] {dag.py:3954} INFO - Setting next_dagrun for example_complex to None, run_after=None
[2024-07-15T15:50:10.972+0000] {processor.py:183} INFO - Processing /home/airflow/.local/lib/python3.11/site-packages/airflow/example_dags/example_complex.py took 0.192 seconds
[2024-07-15T15:50:17.418+0000] {processor.py:161} INFO - Started process (PID=23173) to work on /home/airflow/.local/lib/python3.11/site-packages/airflow/example_dags/example_complex.py
[2024-07-15T15:50:17.420+0000] {processor.py:830} INFO - Processing file /home/airflow/.local/lib/python3.11/site-packages/airflow/example_dags/example_complex.py for tasks to queue
[2024-07-15T15:50:17.422+0000] {logging_mixin.py:188} INFO - [2024-07-15T15:50:17.421+0000] {dagbag.py:545} INFO - Filling up the DagBag from /home/airflow/.local/lib/python3.11/site-packages/airflow/example_dags/example_complex.py
[2024-07-15T15:50:17.435+0000] {processor.py:840} INFO - DAG(s) 'example_complex' retrieved from /home/airflow/.local/lib/python3.11/site-packages/airflow/example_dags/example_complex.py
[2024-07-15T15:50:17.472+0000] {logging_mixin.py:188} INFO - [2024-07-15T15:50:17.472+0000] {dag.py:3096} INFO - Sync 1 DAGs
[2024-07-15T15:50:17.487+0000] {logging_mixin.py:188} INFO - [2024-07-15T15:50:17.487+0000] {dag.py:3954} INFO - Setting next_dagrun for example_complex to None, run_after=None
[2024-07-15T15:50:17.531+0000] {processor.py:183} INFO - Processing /home/airflow/.local/lib/python3.11/site-packages/airflow/example_dags/example_complex.py took 0.122 seconds
[2024-07-15T15:50:22.448+0000] {processor.py:161} INFO - Started process (PID=23233) to work on /home/airflow/.local/lib/python3.11/site-packages/airflow/example_dags/example_complex.py
[2024-07-15T15:50:22.449+0000] {processor.py:830} INFO - Processing file /home/airflow/.local/lib/python3.11/site-packages/airflow/example_dags/example_complex.py for tasks to queue
[2024-07-15T15:50:22.452+0000] {logging_mixin.py:188} INFO - [2024-07-15T15:50:22.452+0000] {dagbag.py:545} INFO - Filling up the DagBag from /home/airflow/.local/lib/python3.11/site-packages/airflow/example_dags/example_complex.py
[2024-07-15T15:50:22.465+0000] {processor.py:840} INFO - DAG(s) 'example_complex' retrieved from /home/airflow/.local/lib/python3.11/site-packages/airflow/example_dags/example_complex.py
[2024-07-15T15:50:22.505+0000] {logging_mixin.py:188} INFO - [2024-07-15T15:50:22.505+0000] {dag.py:3096} INFO - Sync 1 DAGs
[2024-07-15T15:50:22.520+0000] {logging_mixin.py:188} INFO - [2024-07-15T15:50:22.519+0000] {dag.py:3954} INFO - Setting next_dagrun for example_complex to None, run_after=None
[2024-07-15T15:50:22.543+0000] {processor.py:183} INFO - Processing /home/airflow/.local/lib/python3.11/site-packages/airflow/example_dags/example_complex.py took 0.102 seconds
[2024-07-15T15:50:28.069+0000] {processor.py:161} INFO - Started process (PID=23285) to work on /home/airflow/.local/lib/python3.11/site-packages/airflow/example_dags/example_complex.py
[2024-07-15T15:50:28.071+0000] {processor.py:830} INFO - Processing file /home/airflow/.local/lib/python3.11/site-packages/airflow/example_dags/example_complex.py for tasks to queue
[2024-07-15T15:50:28.073+0000] {logging_mixin.py:188} INFO - [2024-07-15T15:50:28.073+0000] {dagbag.py:545} INFO - Filling up the DagBag from /home/airflow/.local/lib/python3.11/site-packages/airflow/example_dags/example_complex.py
[2024-07-15T15:50:28.088+0000] {processor.py:840} INFO - DAG(s) 'example_complex' retrieved from /home/airflow/.local/lib/python3.11/site-packages/airflow/example_dags/example_complex.py
[2024-07-15T15:50:28.179+0000] {logging_mixin.py:188} INFO - [2024-07-15T15:50:28.179+0000] {dag.py:3096} INFO - Sync 1 DAGs
[2024-07-15T15:50:28.201+0000] {logging_mixin.py:188} INFO - [2024-07-15T15:50:28.200+0000] {dag.py:3954} INFO - Setting next_dagrun for example_complex to None, run_after=None
[2024-07-15T15:50:28.224+0000] {processor.py:183} INFO - Processing /home/airflow/.local/lib/python3.11/site-packages/airflow/example_dags/example_complex.py took 0.163 seconds
[2024-07-15T15:50:33.265+0000] {processor.py:161} INFO - Started process (PID=23339) to work on /home/airflow/.local/lib/python3.11/site-packages/airflow/example_dags/example_complex.py
[2024-07-15T15:50:33.267+0000] {processor.py:830} INFO - Processing file /home/airflow/.local/lib/python3.11/site-packages/airflow/example_dags/example_complex.py for tasks to queue
[2024-07-15T15:50:33.270+0000] {logging_mixin.py:188} INFO - [2024-07-15T15:50:33.269+0000] {dagbag.py:545} INFO - Filling up the DagBag from /home/airflow/.local/lib/python3.11/site-packages/airflow/example_dags/example_complex.py
[2024-07-15T15:50:33.285+0000] {processor.py:840} INFO - DAG(s) 'example_complex' retrieved from /home/airflow/.local/lib/python3.11/site-packages/airflow/example_dags/example_complex.py
[2024-07-15T15:50:33.358+0000] {logging_mixin.py:188} INFO - [2024-07-15T15:50:33.358+0000] {dag.py:3096} INFO - Sync 1 DAGs
[2024-07-15T15:50:33.376+0000] {logging_mixin.py:188} INFO - [2024-07-15T15:50:33.376+0000] {dag.py:3954} INFO - Setting next_dagrun for example_complex to None, run_after=None
[2024-07-15T15:50:33.400+0000] {processor.py:183} INFO - Processing /home/airflow/.local/lib/python3.11/site-packages/airflow/example_dags/example_complex.py took 0.155 seconds
[2024-07-15T15:50:38.789+0000] {processor.py:161} INFO - Started process (PID=23391) to work on /home/airflow/.local/lib/python3.11/site-packages/airflow/example_dags/example_complex.py
[2024-07-15T15:50:38.791+0000] {processor.py:830} INFO - Processing file /home/airflow/.local/lib/python3.11/site-packages/airflow/example_dags/example_complex.py for tasks to queue
[2024-07-15T15:50:38.793+0000] {logging_mixin.py:188} INFO - [2024-07-15T15:50:38.793+0000] {dagbag.py:545} INFO - Filling up the DagBag from /home/airflow/.local/lib/python3.11/site-packages/airflow/example_dags/example_complex.py
[2024-07-15T15:50:38.811+0000] {processor.py:840} INFO - DAG(s) 'example_complex' retrieved from /home/airflow/.local/lib/python3.11/site-packages/airflow/example_dags/example_complex.py
[2024-07-15T15:50:38.852+0000] {logging_mixin.py:188} INFO - [2024-07-15T15:50:38.852+0000] {dag.py:3096} INFO - Sync 1 DAGs
[2024-07-15T15:50:38.869+0000] {logging_mixin.py:188} INFO - [2024-07-15T15:50:38.869+0000] {dag.py:3954} INFO - Setting next_dagrun for example_complex to None, run_after=None
[2024-07-15T15:50:38.891+0000] {processor.py:183} INFO - Processing /home/airflow/.local/lib/python3.11/site-packages/airflow/example_dags/example_complex.py took 0.109 seconds
[2024-07-15T15:50:44.903+0000] {processor.py:161} INFO - Started process (PID=23444) to work on /home/airflow/.local/lib/python3.11/site-packages/airflow/example_dags/example_complex.py
[2024-07-15T15:50:44.904+0000] {processor.py:830} INFO - Processing file /home/airflow/.local/lib/python3.11/site-packages/airflow/example_dags/example_complex.py for tasks to queue
[2024-07-15T15:50:44.906+0000] {logging_mixin.py:188} INFO - [2024-07-15T15:50:44.906+0000] {dagbag.py:545} INFO - Filling up the DagBag from /home/airflow/.local/lib/python3.11/site-packages/airflow/example_dags/example_complex.py
[2024-07-15T15:50:44.919+0000] {processor.py:840} INFO - DAG(s) 'example_complex' retrieved from /home/airflow/.local/lib/python3.11/site-packages/airflow/example_dags/example_complex.py
[2024-07-15T15:50:44.956+0000] {logging_mixin.py:188} INFO - [2024-07-15T15:50:44.956+0000] {dag.py:3096} INFO - Sync 1 DAGs
[2024-07-15T15:50:44.970+0000] {logging_mixin.py:188} INFO - [2024-07-15T15:50:44.969+0000] {dag.py:3954} INFO - Setting next_dagrun for example_complex to None, run_after=None
[2024-07-15T15:50:44.990+0000] {processor.py:183} INFO - Processing /home/airflow/.local/lib/python3.11/site-packages/airflow/example_dags/example_complex.py took 0.099 seconds
[2024-07-15T15:50:49.841+0000] {processor.py:161} INFO - Started process (PID=23496) to work on /home/airflow/.local/lib/python3.11/site-packages/airflow/example_dags/example_complex.py
[2024-07-15T15:50:49.842+0000] {processor.py:830} INFO - Processing file /home/airflow/.local/lib/python3.11/site-packages/airflow/example_dags/example_complex.py for tasks to queue
[2024-07-15T15:50:49.845+0000] {logging_mixin.py:188} INFO - [2024-07-15T15:50:49.844+0000] {dagbag.py:545} INFO - Filling up the DagBag from /home/airflow/.local/lib/python3.11/site-packages/airflow/example_dags/example_complex.py
[2024-07-15T15:50:49.858+0000] {processor.py:840} INFO - DAG(s) 'example_complex' retrieved from /home/airflow/.local/lib/python3.11/site-packages/airflow/example_dags/example_complex.py
[2024-07-15T15:50:49.924+0000] {logging_mixin.py:188} INFO - [2024-07-15T15:50:49.924+0000] {dag.py:3096} INFO - Sync 1 DAGs
[2024-07-15T15:50:49.940+0000] {logging_mixin.py:188} INFO - [2024-07-15T15:50:49.940+0000] {dag.py:3954} INFO - Setting next_dagrun for example_complex to None, run_after=None
[2024-07-15T15:50:49.962+0000] {processor.py:183} INFO - Processing /home/airflow/.local/lib/python3.11/site-packages/airflow/example_dags/example_complex.py took 0.129 seconds
[2024-07-15T15:50:55.114+0000] {processor.py:161} INFO - Started process (PID=23556) to work on /home/airflow/.local/lib/python3.11/site-packages/airflow/example_dags/example_complex.py
[2024-07-15T15:50:55.115+0000] {processor.py:830} INFO - Processing file /home/airflow/.local/lib/python3.11/site-packages/airflow/example_dags/example_complex.py for tasks to queue
[2024-07-15T15:50:55.118+0000] {logging_mixin.py:188} INFO - [2024-07-15T15:50:55.117+0000] {dagbag.py:545} INFO - Filling up the DagBag from /home/airflow/.local/lib/python3.11/site-packages/airflow/example_dags/example_complex.py
[2024-07-15T15:50:55.146+0000] {processor.py:840} INFO - DAG(s) 'example_complex' retrieved from /home/airflow/.local/lib/python3.11/site-packages/airflow/example_dags/example_complex.py
[2024-07-15T15:50:55.196+0000] {logging_mixin.py:188} INFO - [2024-07-15T15:50:55.196+0000] {dag.py:3096} INFO - Sync 1 DAGs
[2024-07-15T15:50:55.210+0000] {logging_mixin.py:188} INFO - [2024-07-15T15:50:55.210+0000] {dag.py:3954} INFO - Setting next_dagrun for example_complex to None, run_after=None
[2024-07-15T15:50:55.234+0000] {processor.py:183} INFO - Processing /home/airflow/.local/lib/python3.11/site-packages/airflow/example_dags/example_complex.py took 0.127 seconds
[2024-07-15T15:51:00.623+0000] {processor.py:161} INFO - Started process (PID=23608) to work on /home/airflow/.local/lib/python3.11/site-packages/airflow/example_dags/example_complex.py
[2024-07-15T15:51:00.624+0000] {processor.py:830} INFO - Processing file /home/airflow/.local/lib/python3.11/site-packages/airflow/example_dags/example_complex.py for tasks to queue
[2024-07-15T15:51:00.627+0000] {logging_mixin.py:188} INFO - [2024-07-15T15:51:00.626+0000] {dagbag.py:545} INFO - Filling up the DagBag from /home/airflow/.local/lib/python3.11/site-packages/airflow/example_dags/example_complex.py
[2024-07-15T15:51:00.644+0000] {processor.py:840} INFO - DAG(s) 'example_complex' retrieved from /home/airflow/.local/lib/python3.11/site-packages/airflow/example_dags/example_complex.py
[2024-07-15T15:51:00.689+0000] {logging_mixin.py:188} INFO - [2024-07-15T15:51:00.688+0000] {dag.py:3096} INFO - Sync 1 DAGs
[2024-07-15T15:51:00.705+0000] {logging_mixin.py:188} INFO - [2024-07-15T15:51:00.705+0000] {dag.py:3954} INFO - Setting next_dagrun for example_complex to None, run_after=None
[2024-07-15T15:51:00.732+0000] {processor.py:183} INFO - Processing /home/airflow/.local/lib/python3.11/site-packages/airflow/example_dags/example_complex.py took 0.118 seconds
[2024-07-15T15:51:05.424+0000] {processor.py:161} INFO - Started process (PID=23661) to work on /home/airflow/.local/lib/python3.11/site-packages/airflow/example_dags/example_complex.py
[2024-07-15T15:51:05.426+0000] {processor.py:830} INFO - Processing file /home/airflow/.local/lib/python3.11/site-packages/airflow/example_dags/example_complex.py for tasks to queue
[2024-07-15T15:51:05.429+0000] {logging_mixin.py:188} INFO - [2024-07-15T15:51:05.428+0000] {dagbag.py:545} INFO - Filling up the DagBag from /home/airflow/.local/lib/python3.11/site-packages/airflow/example_dags/example_complex.py
[2024-07-15T15:51:05.444+0000] {processor.py:840} INFO - DAG(s) 'example_complex' retrieved from /home/airflow/.local/lib/python3.11/site-packages/airflow/example_dags/example_complex.py
[2024-07-15T15:51:05.490+0000] {logging_mixin.py:188} INFO - [2024-07-15T15:51:05.489+0000] {dag.py:3096} INFO - Sync 1 DAGs
[2024-07-15T15:51:05.506+0000] {logging_mixin.py:188} INFO - [2024-07-15T15:51:05.506+0000] {dag.py:3954} INFO - Setting next_dagrun for example_complex to None, run_after=None
[2024-07-15T15:51:05.530+0000] {processor.py:183} INFO - Processing /home/airflow/.local/lib/python3.11/site-packages/airflow/example_dags/example_complex.py took 0.115 seconds
[2024-07-15T15:51:10.721+0000] {processor.py:161} INFO - Started process (PID=23713) to work on /home/airflow/.local/lib/python3.11/site-packages/airflow/example_dags/example_complex.py
[2024-07-15T15:51:10.722+0000] {processor.py:830} INFO - Processing file /home/airflow/.local/lib/python3.11/site-packages/airflow/example_dags/example_complex.py for tasks to queue
[2024-07-15T15:51:10.725+0000] {logging_mixin.py:188} INFO - [2024-07-15T15:51:10.724+0000] {dagbag.py:545} INFO - Filling up the DagBag from /home/airflow/.local/lib/python3.11/site-packages/airflow/example_dags/example_complex.py
[2024-07-15T15:51:10.741+0000] {processor.py:840} INFO - DAG(s) 'example_complex' retrieved from /home/airflow/.local/lib/python3.11/site-packages/airflow/example_dags/example_complex.py
[2024-07-15T15:51:10.802+0000] {logging_mixin.py:188} INFO - [2024-07-15T15:51:10.801+0000] {dag.py:3096} INFO - Sync 1 DAGs
[2024-07-15T15:51:10.823+0000] {logging_mixin.py:188} INFO - [2024-07-15T15:51:10.823+0000] {dag.py:3954} INFO - Setting next_dagrun for example_complex to None, run_after=None
[2024-07-15T15:51:10.855+0000] {processor.py:183} INFO - Processing /home/airflow/.local/lib/python3.11/site-packages/airflow/example_dags/example_complex.py took 0.144 seconds
[2024-07-15T15:51:15.459+0000] {processor.py:161} INFO - Started process (PID=23766) to work on /home/airflow/.local/lib/python3.11/site-packages/airflow/example_dags/example_complex.py
[2024-07-15T15:51:15.460+0000] {processor.py:830} INFO - Processing file /home/airflow/.local/lib/python3.11/site-packages/airflow/example_dags/example_complex.py for tasks to queue
[2024-07-15T15:51:15.463+0000] {logging_mixin.py:188} INFO - [2024-07-15T15:51:15.462+0000] {dagbag.py:545} INFO - Filling up the DagBag from /home/airflow/.local/lib/python3.11/site-packages/airflow/example_dags/example_complex.py
[2024-07-15T15:51:15.476+0000] {processor.py:840} INFO - DAG(s) 'example_complex' retrieved from /home/airflow/.local/lib/python3.11/site-packages/airflow/example_dags/example_complex.py
[2024-07-15T15:51:15.518+0000] {logging_mixin.py:188} INFO - [2024-07-15T15:51:15.518+0000] {dag.py:3096} INFO - Sync 1 DAGs
[2024-07-15T15:51:15.534+0000] {logging_mixin.py:188} INFO - [2024-07-15T15:51:15.534+0000] {dag.py:3954} INFO - Setting next_dagrun for example_complex to None, run_after=None
[2024-07-15T15:51:15.556+0000] {processor.py:183} INFO - Processing /home/airflow/.local/lib/python3.11/site-packages/airflow/example_dags/example_complex.py took 0.105 seconds
[2024-07-15T15:51:20.560+0000] {processor.py:161} INFO - Started process (PID=23818) to work on /home/airflow/.local/lib/python3.11/site-packages/airflow/example_dags/example_complex.py
[2024-07-15T15:51:20.562+0000] {processor.py:830} INFO - Processing file /home/airflow/.local/lib/python3.11/site-packages/airflow/example_dags/example_complex.py for tasks to queue
[2024-07-15T15:51:20.566+0000] {logging_mixin.py:188} INFO - [2024-07-15T15:51:20.565+0000] {dagbag.py:545} INFO - Filling up the DagBag from /home/airflow/.local/lib/python3.11/site-packages/airflow/example_dags/example_complex.py
[2024-07-15T15:51:20.593+0000] {processor.py:840} INFO - DAG(s) 'example_complex' retrieved from /home/airflow/.local/lib/python3.11/site-packages/airflow/example_dags/example_complex.py
[2024-07-15T15:51:20.662+0000] {logging_mixin.py:188} INFO - [2024-07-15T15:51:20.661+0000] {dag.py:3096} INFO - Sync 1 DAGs
[2024-07-15T15:51:20.689+0000] {logging_mixin.py:188} INFO - [2024-07-15T15:51:20.689+0000] {dag.py:3954} INFO - Setting next_dagrun for example_complex to None, run_after=None
[2024-07-15T15:51:20.723+0000] {processor.py:183} INFO - Processing /home/airflow/.local/lib/python3.11/site-packages/airflow/example_dags/example_complex.py took 0.181 seconds
[2024-07-15T15:52:52.707+0000] {processor.py:161} INFO - Started process (PID=24791) to work on /home/airflow/.local/lib/python3.11/site-packages/airflow/example_dags/example_complex.py
[2024-07-15T15:52:52.710+0000] {processor.py:830} INFO - Processing file /home/airflow/.local/lib/python3.11/site-packages/airflow/example_dags/example_complex.py for tasks to queue
[2024-07-15T15:52:52.714+0000] {logging_mixin.py:188} INFO - [2024-07-15T15:52:52.713+0000] {dagbag.py:545} INFO - Filling up the DagBag from /home/airflow/.local/lib/python3.11/site-packages/airflow/example_dags/example_complex.py
[2024-07-15T15:52:52.737+0000] {processor.py:840} INFO - DAG(s) 'example_complex' retrieved from /home/airflow/.local/lib/python3.11/site-packages/airflow/example_dags/example_complex.py
[2024-07-15T15:52:52.820+0000] {logging_mixin.py:188} INFO - [2024-07-15T15:52:52.820+0000] {dag.py:3096} INFO - Sync 1 DAGs
[2024-07-15T15:52:52.858+0000] {logging_mixin.py:188} INFO - [2024-07-15T15:52:52.858+0000] {dag.py:3954} INFO - Setting next_dagrun for example_complex to None, run_after=None
[2024-07-15T15:52:52.906+0000] {processor.py:183} INFO - Processing /home/airflow/.local/lib/python3.11/site-packages/airflow/example_dags/example_complex.py took 0.211 seconds
[2024-07-15T15:53:02.125+0000] {processor.py:161} INFO - Started process (PID=24844) to work on /home/airflow/.local/lib/python3.11/site-packages/airflow/example_dags/example_complex.py
[2024-07-15T15:53:02.127+0000] {processor.py:830} INFO - Processing file /home/airflow/.local/lib/python3.11/site-packages/airflow/example_dags/example_complex.py for tasks to queue
[2024-07-15T15:53:02.129+0000] {logging_mixin.py:188} INFO - [2024-07-15T15:53:02.129+0000] {dagbag.py:545} INFO - Filling up the DagBag from /home/airflow/.local/lib/python3.11/site-packages/airflow/example_dags/example_complex.py
[2024-07-15T15:53:02.146+0000] {processor.py:840} INFO - DAG(s) 'example_complex' retrieved from /home/airflow/.local/lib/python3.11/site-packages/airflow/example_dags/example_complex.py
[2024-07-15T15:53:02.196+0000] {logging_mixin.py:188} INFO - [2024-07-15T15:53:02.196+0000] {dag.py:3096} INFO - Sync 1 DAGs
[2024-07-15T15:53:02.216+0000] {logging_mixin.py:188} INFO - [2024-07-15T15:53:02.216+0000] {dag.py:3954} INFO - Setting next_dagrun for example_complex to None, run_after=None
[2024-07-15T15:53:02.247+0000] {processor.py:183} INFO - Processing /home/airflow/.local/lib/python3.11/site-packages/airflow/example_dags/example_complex.py took 0.131 seconds
[2024-07-15T15:53:07.788+0000] {processor.py:161} INFO - Started process (PID=24896) to work on /home/airflow/.local/lib/python3.11/site-packages/airflow/example_dags/example_complex.py
[2024-07-15T15:53:07.790+0000] {processor.py:830} INFO - Processing file /home/airflow/.local/lib/python3.11/site-packages/airflow/example_dags/example_complex.py for tasks to queue
[2024-07-15T15:53:07.792+0000] {logging_mixin.py:188} INFO - [2024-07-15T15:53:07.792+0000] {dagbag.py:545} INFO - Filling up the DagBag from /home/airflow/.local/lib/python3.11/site-packages/airflow/example_dags/example_complex.py
[2024-07-15T15:53:07.808+0000] {processor.py:840} INFO - DAG(s) 'example_complex' retrieved from /home/airflow/.local/lib/python3.11/site-packages/airflow/example_dags/example_complex.py
[2024-07-15T15:53:07.854+0000] {logging_mixin.py:188} INFO - [2024-07-15T15:53:07.854+0000] {dag.py:3096} INFO - Sync 1 DAGs
[2024-07-15T15:53:07.871+0000] {logging_mixin.py:188} INFO - [2024-07-15T15:53:07.871+0000] {dag.py:3954} INFO - Setting next_dagrun for example_complex to None, run_after=None
[2024-07-15T15:53:07.898+0000] {processor.py:183} INFO - Processing /home/airflow/.local/lib/python3.11/site-packages/airflow/example_dags/example_complex.py took 0.119 seconds
[2024-07-15T15:53:12.879+0000] {processor.py:161} INFO - Started process (PID=24950) to work on /home/airflow/.local/lib/python3.11/site-packages/airflow/example_dags/example_complex.py
[2024-07-15T15:53:12.880+0000] {processor.py:830} INFO - Processing file /home/airflow/.local/lib/python3.11/site-packages/airflow/example_dags/example_complex.py for tasks to queue
[2024-07-15T15:53:12.883+0000] {logging_mixin.py:188} INFO - [2024-07-15T15:53:12.882+0000] {dagbag.py:545} INFO - Filling up the DagBag from /home/airflow/.local/lib/python3.11/site-packages/airflow/example_dags/example_complex.py
[2024-07-15T15:53:12.898+0000] {processor.py:840} INFO - DAG(s) 'example_complex' retrieved from /home/airflow/.local/lib/python3.11/site-packages/airflow/example_dags/example_complex.py
[2024-07-15T15:53:12.953+0000] {logging_mixin.py:188} INFO - [2024-07-15T15:53:12.953+0000] {dag.py:3096} INFO - Sync 1 DAGs
[2024-07-15T15:53:12.972+0000] {logging_mixin.py:188} INFO - [2024-07-15T15:53:12.972+0000] {dag.py:3954} INFO - Setting next_dagrun for example_complex to None, run_after=None
[2024-07-15T15:53:12.997+0000] {processor.py:183} INFO - Processing /home/airflow/.local/lib/python3.11/site-packages/airflow/example_dags/example_complex.py took 0.126 seconds
[2024-07-15T15:53:18.503+0000] {processor.py:161} INFO - Started process (PID=25002) to work on /home/airflow/.local/lib/python3.11/site-packages/airflow/example_dags/example_complex.py
[2024-07-15T15:53:18.505+0000] {processor.py:830} INFO - Processing file /home/airflow/.local/lib/python3.11/site-packages/airflow/example_dags/example_complex.py for tasks to queue
[2024-07-15T15:53:18.507+0000] {logging_mixin.py:188} INFO - [2024-07-15T15:53:18.507+0000] {dagbag.py:545} INFO - Filling up the DagBag from /home/airflow/.local/lib/python3.11/site-packages/airflow/example_dags/example_complex.py
[2024-07-15T15:53:18.523+0000] {processor.py:840} INFO - DAG(s) 'example_complex' retrieved from /home/airflow/.local/lib/python3.11/site-packages/airflow/example_dags/example_complex.py
[2024-07-15T15:53:18.569+0000] {logging_mixin.py:188} INFO - [2024-07-15T15:53:18.569+0000] {dag.py:3096} INFO - Sync 1 DAGs
[2024-07-15T15:53:18.585+0000] {logging_mixin.py:188} INFO - [2024-07-15T15:53:18.585+0000] {dag.py:3954} INFO - Setting next_dagrun for example_complex to None, run_after=None
[2024-07-15T15:53:18.610+0000] {processor.py:183} INFO - Processing /home/airflow/.local/lib/python3.11/site-packages/airflow/example_dags/example_complex.py took 0.115 seconds
[2024-07-15T15:53:23.166+0000] {processor.py:161} INFO - Started process (PID=25062) to work on /home/airflow/.local/lib/python3.11/site-packages/airflow/example_dags/example_complex.py
[2024-07-15T15:53:23.167+0000] {processor.py:830} INFO - Processing file /home/airflow/.local/lib/python3.11/site-packages/airflow/example_dags/example_complex.py for tasks to queue
[2024-07-15T15:53:23.170+0000] {logging_mixin.py:188} INFO - [2024-07-15T15:53:23.170+0000] {dagbag.py:545} INFO - Filling up the DagBag from /home/airflow/.local/lib/python3.11/site-packages/airflow/example_dags/example_complex.py
[2024-07-15T15:53:23.187+0000] {processor.py:840} INFO - DAG(s) 'example_complex' retrieved from /home/airflow/.local/lib/python3.11/site-packages/airflow/example_dags/example_complex.py
[2024-07-15T15:53:23.235+0000] {logging_mixin.py:188} INFO - [2024-07-15T15:53:23.235+0000] {dag.py:3096} INFO - Sync 1 DAGs
[2024-07-15T15:53:23.252+0000] {logging_mixin.py:188} INFO - [2024-07-15T15:53:23.252+0000] {dag.py:3954} INFO - Setting next_dagrun for example_complex to None, run_after=None
[2024-07-15T15:53:23.275+0000] {processor.py:183} INFO - Processing /home/airflow/.local/lib/python3.11/site-packages/airflow/example_dags/example_complex.py took 0.118 seconds
[2024-07-15T15:53:28.085+0000] {processor.py:161} INFO - Started process (PID=25114) to work on /home/airflow/.local/lib/python3.11/site-packages/airflow/example_dags/example_complex.py
[2024-07-15T15:53:28.086+0000] {processor.py:830} INFO - Processing file /home/airflow/.local/lib/python3.11/site-packages/airflow/example_dags/example_complex.py for tasks to queue
[2024-07-15T15:53:28.090+0000] {logging_mixin.py:188} INFO - [2024-07-15T15:53:28.089+0000] {dagbag.py:545} INFO - Filling up the DagBag from /home/airflow/.local/lib/python3.11/site-packages/airflow/example_dags/example_complex.py
[2024-07-15T15:53:28.108+0000] {processor.py:840} INFO - DAG(s) 'example_complex' retrieved from /home/airflow/.local/lib/python3.11/site-packages/airflow/example_dags/example_complex.py
[2024-07-15T15:53:28.167+0000] {logging_mixin.py:188} INFO - [2024-07-15T15:53:28.166+0000] {dag.py:3096} INFO - Sync 1 DAGs
[2024-07-15T15:53:28.184+0000] {logging_mixin.py:188} INFO - [2024-07-15T15:53:28.184+0000] {dag.py:3954} INFO - Setting next_dagrun for example_complex to None, run_after=None
[2024-07-15T15:53:28.208+0000] {processor.py:183} INFO - Processing /home/airflow/.local/lib/python3.11/site-packages/airflow/example_dags/example_complex.py took 0.134 seconds
[2024-07-15T15:53:33.663+0000] {processor.py:161} INFO - Started process (PID=25168) to work on /home/airflow/.local/lib/python3.11/site-packages/airflow/example_dags/example_complex.py
[2024-07-15T15:53:33.665+0000] {processor.py:830} INFO - Processing file /home/airflow/.local/lib/python3.11/site-packages/airflow/example_dags/example_complex.py for tasks to queue
[2024-07-15T15:53:33.667+0000] {logging_mixin.py:188} INFO - [2024-07-15T15:53:33.667+0000] {dagbag.py:545} INFO - Filling up the DagBag from /home/airflow/.local/lib/python3.11/site-packages/airflow/example_dags/example_complex.py
[2024-07-15T15:53:33.683+0000] {processor.py:840} INFO - DAG(s) 'example_complex' retrieved from /home/airflow/.local/lib/python3.11/site-packages/airflow/example_dags/example_complex.py
[2024-07-15T15:53:33.728+0000] {logging_mixin.py:188} INFO - [2024-07-15T15:53:33.727+0000] {dag.py:3096} INFO - Sync 1 DAGs
[2024-07-15T15:53:33.744+0000] {logging_mixin.py:188} INFO - [2024-07-15T15:53:33.743+0000] {dag.py:3954} INFO - Setting next_dagrun for example_complex to None, run_after=None
[2024-07-15T15:53:33.768+0000] {processor.py:183} INFO - Processing /home/airflow/.local/lib/python3.11/site-packages/airflow/example_dags/example_complex.py took 0.113 seconds
[2024-07-15T15:53:39.187+0000] {processor.py:161} INFO - Started process (PID=25220) to work on /home/airflow/.local/lib/python3.11/site-packages/airflow/example_dags/example_complex.py
[2024-07-15T15:53:39.188+0000] {processor.py:830} INFO - Processing file /home/airflow/.local/lib/python3.11/site-packages/airflow/example_dags/example_complex.py for tasks to queue
[2024-07-15T15:53:39.191+0000] {logging_mixin.py:188} INFO - [2024-07-15T15:53:39.190+0000] {dagbag.py:545} INFO - Filling up the DagBag from /home/airflow/.local/lib/python3.11/site-packages/airflow/example_dags/example_complex.py
[2024-07-15T15:53:39.205+0000] {processor.py:840} INFO - DAG(s) 'example_complex' retrieved from /home/airflow/.local/lib/python3.11/site-packages/airflow/example_dags/example_complex.py
[2024-07-15T15:53:39.250+0000] {logging_mixin.py:188} INFO - [2024-07-15T15:53:39.250+0000] {dag.py:3096} INFO - Sync 1 DAGs
[2024-07-15T15:53:39.268+0000] {logging_mixin.py:188} INFO - [2024-07-15T15:53:39.268+0000] {dag.py:3954} INFO - Setting next_dagrun for example_complex to None, run_after=None
[2024-07-15T15:53:39.294+0000] {processor.py:183} INFO - Processing /home/airflow/.local/lib/python3.11/site-packages/airflow/example_dags/example_complex.py took 0.115 seconds
[2024-07-15T15:53:44.072+0000] {processor.py:161} INFO - Started process (PID=25274) to work on /home/airflow/.local/lib/python3.11/site-packages/airflow/example_dags/example_complex.py
[2024-07-15T15:53:44.073+0000] {processor.py:830} INFO - Processing file /home/airflow/.local/lib/python3.11/site-packages/airflow/example_dags/example_complex.py for tasks to queue
[2024-07-15T15:53:44.076+0000] {logging_mixin.py:188} INFO - [2024-07-15T15:53:44.075+0000] {dagbag.py:545} INFO - Filling up the DagBag from /home/airflow/.local/lib/python3.11/site-packages/airflow/example_dags/example_complex.py
[2024-07-15T15:53:44.092+0000] {processor.py:840} INFO - DAG(s) 'example_complex' retrieved from /home/airflow/.local/lib/python3.11/site-packages/airflow/example_dags/example_complex.py
[2024-07-15T15:53:44.143+0000] {logging_mixin.py:188} INFO - [2024-07-15T15:53:44.143+0000] {dag.py:3096} INFO - Sync 1 DAGs
[2024-07-15T15:53:44.165+0000] {logging_mixin.py:188} INFO - [2024-07-15T15:53:44.165+0000] {dag.py:3954} INFO - Setting next_dagrun for example_complex to None, run_after=None
[2024-07-15T15:53:44.195+0000] {processor.py:183} INFO - Processing /home/airflow/.local/lib/python3.11/site-packages/airflow/example_dags/example_complex.py took 0.133 seconds
[2024-07-15T15:53:49.305+0000] {processor.py:161} INFO - Started process (PID=25326) to work on /home/airflow/.local/lib/python3.11/site-packages/airflow/example_dags/example_complex.py
[2024-07-15T15:53:49.307+0000] {processor.py:830} INFO - Processing file /home/airflow/.local/lib/python3.11/site-packages/airflow/example_dags/example_complex.py for tasks to queue
[2024-07-15T15:53:49.317+0000] {logging_mixin.py:188} INFO - [2024-07-15T15:53:49.312+0000] {dagbag.py:545} INFO - Filling up the DagBag from /home/airflow/.local/lib/python3.11/site-packages/airflow/example_dags/example_complex.py
[2024-07-15T15:53:49.351+0000] {processor.py:840} INFO - DAG(s) 'example_complex' retrieved from /home/airflow/.local/lib/python3.11/site-packages/airflow/example_dags/example_complex.py
[2024-07-15T15:53:49.441+0000] {logging_mixin.py:188} INFO - [2024-07-15T15:53:49.440+0000] {dag.py:3096} INFO - Sync 1 DAGs
[2024-07-15T15:53:49.475+0000] {logging_mixin.py:188} INFO - [2024-07-15T15:53:49.475+0000] {dag.py:3954} INFO - Setting next_dagrun for example_complex to None, run_after=None
[2024-07-15T15:53:49.512+0000] {processor.py:183} INFO - Processing /home/airflow/.local/lib/python3.11/site-packages/airflow/example_dags/example_complex.py took 0.232 seconds
[2024-07-15T15:53:55.901+0000] {processor.py:161} INFO - Started process (PID=25385) to work on /home/airflow/.local/lib/python3.11/site-packages/airflow/example_dags/example_complex.py
[2024-07-15T15:53:55.902+0000] {processor.py:830} INFO - Processing file /home/airflow/.local/lib/python3.11/site-packages/airflow/example_dags/example_complex.py for tasks to queue
[2024-07-15T15:53:55.905+0000] {logging_mixin.py:188} INFO - [2024-07-15T15:53:55.904+0000] {dagbag.py:545} INFO - Filling up the DagBag from /home/airflow/.local/lib/python3.11/site-packages/airflow/example_dags/example_complex.py
[2024-07-15T15:53:55.918+0000] {processor.py:840} INFO - DAG(s) 'example_complex' retrieved from /home/airflow/.local/lib/python3.11/site-packages/airflow/example_dags/example_complex.py
[2024-07-15T15:53:55.957+0000] {logging_mixin.py:188} INFO - [2024-07-15T15:53:55.957+0000] {dag.py:3096} INFO - Sync 1 DAGs
[2024-07-15T15:53:55.971+0000] {logging_mixin.py:188} INFO - [2024-07-15T15:53:55.970+0000] {dag.py:3954} INFO - Setting next_dagrun for example_complex to None, run_after=None
[2024-07-15T15:53:55.994+0000] {processor.py:183} INFO - Processing /home/airflow/.local/lib/python3.11/site-packages/airflow/example_dags/example_complex.py took 0.100 seconds
[2024-07-15T15:54:00.884+0000] {processor.py:161} INFO - Started process (PID=25437) to work on /home/airflow/.local/lib/python3.11/site-packages/airflow/example_dags/example_complex.py
[2024-07-15T15:54:00.885+0000] {processor.py:830} INFO - Processing file /home/airflow/.local/lib/python3.11/site-packages/airflow/example_dags/example_complex.py for tasks to queue
[2024-07-15T15:54:00.888+0000] {logging_mixin.py:188} INFO - [2024-07-15T15:54:00.888+0000] {dagbag.py:545} INFO - Filling up the DagBag from /home/airflow/.local/lib/python3.11/site-packages/airflow/example_dags/example_complex.py
[2024-07-15T15:54:00.906+0000] {processor.py:840} INFO - DAG(s) 'example_complex' retrieved from /home/airflow/.local/lib/python3.11/site-packages/airflow/example_dags/example_complex.py
[2024-07-15T15:54:00.952+0000] {logging_mixin.py:188} INFO - [2024-07-15T15:54:00.951+0000] {dag.py:3096} INFO - Sync 1 DAGs
[2024-07-15T15:54:00.968+0000] {logging_mixin.py:188} INFO - [2024-07-15T15:54:00.967+0000] {dag.py:3954} INFO - Setting next_dagrun for example_complex to None, run_after=None
[2024-07-15T15:54:00.991+0000] {processor.py:183} INFO - Processing /home/airflow/.local/lib/python3.11/site-packages/airflow/example_dags/example_complex.py took 0.116 seconds
[2024-07-15T15:54:06.860+0000] {processor.py:161} INFO - Started process (PID=25491) to work on /home/airflow/.local/lib/python3.11/site-packages/airflow/example_dags/example_complex.py
[2024-07-15T15:54:06.862+0000] {processor.py:830} INFO - Processing file /home/airflow/.local/lib/python3.11/site-packages/airflow/example_dags/example_complex.py for tasks to queue
[2024-07-15T15:54:06.865+0000] {logging_mixin.py:188} INFO - [2024-07-15T15:54:06.865+0000] {dagbag.py:545} INFO - Filling up the DagBag from /home/airflow/.local/lib/python3.11/site-packages/airflow/example_dags/example_complex.py
[2024-07-15T15:54:06.889+0000] {processor.py:840} INFO - DAG(s) 'example_complex' retrieved from /home/airflow/.local/lib/python3.11/site-packages/airflow/example_dags/example_complex.py
[2024-07-15T15:54:06.958+0000] {logging_mixin.py:188} INFO - [2024-07-15T15:54:06.958+0000] {dag.py:3096} INFO - Sync 1 DAGs
[2024-07-15T15:54:06.990+0000] {logging_mixin.py:188} INFO - [2024-07-15T15:54:06.989+0000] {dag.py:3954} INFO - Setting next_dagrun for example_complex to None, run_after=None
[2024-07-15T15:54:07.027+0000] {processor.py:183} INFO - Processing /home/airflow/.local/lib/python3.11/site-packages/airflow/example_dags/example_complex.py took 0.180 seconds
[2024-07-15T15:54:12.487+0000] {processor.py:161} INFO - Started process (PID=25543) to work on /home/airflow/.local/lib/python3.11/site-packages/airflow/example_dags/example_complex.py
[2024-07-15T15:54:12.489+0000] {processor.py:830} INFO - Processing file /home/airflow/.local/lib/python3.11/site-packages/airflow/example_dags/example_complex.py for tasks to queue
[2024-07-15T15:54:12.492+0000] {logging_mixin.py:188} INFO - [2024-07-15T15:54:12.491+0000] {dagbag.py:545} INFO - Filling up the DagBag from /home/airflow/.local/lib/python3.11/site-packages/airflow/example_dags/example_complex.py
[2024-07-15T15:54:12.515+0000] {processor.py:840} INFO - DAG(s) 'example_complex' retrieved from /home/airflow/.local/lib/python3.11/site-packages/airflow/example_dags/example_complex.py
[2024-07-15T15:54:12.580+0000] {logging_mixin.py:188} INFO - [2024-07-15T15:54:12.579+0000] {dag.py:3096} INFO - Sync 1 DAGs
[2024-07-15T15:54:12.602+0000] {logging_mixin.py:188} INFO - [2024-07-15T15:54:12.602+0000] {dag.py:3954} INFO - Setting next_dagrun for example_complex to None, run_after=None
[2024-07-15T15:54:12.636+0000] {processor.py:183} INFO - Processing /home/airflow/.local/lib/python3.11/site-packages/airflow/example_dags/example_complex.py took 0.160 seconds
[2024-07-15T15:54:18.567+0000] {processor.py:161} INFO - Started process (PID=25596) to work on /home/airflow/.local/lib/python3.11/site-packages/airflow/example_dags/example_complex.py
[2024-07-15T15:54:18.569+0000] {processor.py:830} INFO - Processing file /home/airflow/.local/lib/python3.11/site-packages/airflow/example_dags/example_complex.py for tasks to queue
[2024-07-15T15:54:18.571+0000] {logging_mixin.py:188} INFO - [2024-07-15T15:54:18.571+0000] {dagbag.py:545} INFO - Filling up the DagBag from /home/airflow/.local/lib/python3.11/site-packages/airflow/example_dags/example_complex.py
[2024-07-15T15:54:18.587+0000] {processor.py:840} INFO - DAG(s) 'example_complex' retrieved from /home/airflow/.local/lib/python3.11/site-packages/airflow/example_dags/example_complex.py
[2024-07-15T15:54:18.635+0000] {logging_mixin.py:188} INFO - [2024-07-15T15:54:18.635+0000] {dag.py:3096} INFO - Sync 1 DAGs
[2024-07-15T15:54:18.652+0000] {logging_mixin.py:188} INFO - [2024-07-15T15:54:18.651+0000] {dag.py:3954} INFO - Setting next_dagrun for example_complex to None, run_after=None
[2024-07-15T15:54:18.678+0000] {processor.py:183} INFO - Processing /home/airflow/.local/lib/python3.11/site-packages/airflow/example_dags/example_complex.py took 0.119 seconds
[2024-07-15T15:54:24.517+0000] {processor.py:161} INFO - Started process (PID=25654) to work on /home/airflow/.local/lib/python3.11/site-packages/airflow/example_dags/example_complex.py
[2024-07-15T15:54:24.519+0000] {processor.py:830} INFO - Processing file /home/airflow/.local/lib/python3.11/site-packages/airflow/example_dags/example_complex.py for tasks to queue
[2024-07-15T15:54:24.522+0000] {logging_mixin.py:188} INFO - [2024-07-15T15:54:24.522+0000] {dagbag.py:545} INFO - Filling up the DagBag from /home/airflow/.local/lib/python3.11/site-packages/airflow/example_dags/example_complex.py
[2024-07-15T15:54:24.544+0000] {processor.py:840} INFO - DAG(s) 'example_complex' retrieved from /home/airflow/.local/lib/python3.11/site-packages/airflow/example_dags/example_complex.py
[2024-07-15T15:54:24.603+0000] {logging_mixin.py:188} INFO - [2024-07-15T15:54:24.603+0000] {dag.py:3096} INFO - Sync 1 DAGs
[2024-07-15T15:54:24.624+0000] {logging_mixin.py:188} INFO - [2024-07-15T15:54:24.623+0000] {dag.py:3954} INFO - Setting next_dagrun for example_complex to None, run_after=None
[2024-07-15T15:54:24.653+0000] {processor.py:183} INFO - Processing /home/airflow/.local/lib/python3.11/site-packages/airflow/example_dags/example_complex.py took 0.145 seconds
[2024-07-15T15:54:30.398+0000] {processor.py:161} INFO - Started process (PID=25707) to work on /home/airflow/.local/lib/python3.11/site-packages/airflow/example_dags/example_complex.py
[2024-07-15T15:54:30.400+0000] {processor.py:830} INFO - Processing file /home/airflow/.local/lib/python3.11/site-packages/airflow/example_dags/example_complex.py for tasks to queue
[2024-07-15T15:54:30.403+0000] {logging_mixin.py:188} INFO - [2024-07-15T15:54:30.402+0000] {dagbag.py:545} INFO - Filling up the DagBag from /home/airflow/.local/lib/python3.11/site-packages/airflow/example_dags/example_complex.py
[2024-07-15T15:54:30.423+0000] {processor.py:840} INFO - DAG(s) 'example_complex' retrieved from /home/airflow/.local/lib/python3.11/site-packages/airflow/example_dags/example_complex.py
[2024-07-15T15:54:30.472+0000] {logging_mixin.py:188} INFO - [2024-07-15T15:54:30.472+0000] {dag.py:3096} INFO - Sync 1 DAGs
[2024-07-15T15:54:30.505+0000] {logging_mixin.py:188} INFO - [2024-07-15T15:54:30.505+0000] {dag.py:3954} INFO - Setting next_dagrun for example_complex to None, run_after=None
[2024-07-15T15:54:30.577+0000] {processor.py:183} INFO - Processing /home/airflow/.local/lib/python3.11/site-packages/airflow/example_dags/example_complex.py took 0.188 seconds
[2024-07-15T15:54:44.227+0000] {processor.py:161} INFO - Started process (PID=25759) to work on /home/airflow/.local/lib/python3.11/site-packages/airflow/example_dags/example_complex.py
[2024-07-15T15:54:44.229+0000] {processor.py:830} INFO - Processing file /home/airflow/.local/lib/python3.11/site-packages/airflow/example_dags/example_complex.py for tasks to queue
[2024-07-15T15:54:44.232+0000] {logging_mixin.py:188} INFO - [2024-07-15T15:54:44.231+0000] {dagbag.py:545} INFO - Filling up the DagBag from /home/airflow/.local/lib/python3.11/site-packages/airflow/example_dags/example_complex.py
[2024-07-15T15:54:44.264+0000] {processor.py:840} INFO - DAG(s) 'example_complex' retrieved from /home/airflow/.local/lib/python3.11/site-packages/airflow/example_dags/example_complex.py
[2024-07-15T15:54:44.327+0000] {logging_mixin.py:188} INFO - [2024-07-15T15:54:44.326+0000] {dag.py:3096} INFO - Sync 1 DAGs
[2024-07-15T15:54:44.349+0000] {logging_mixin.py:188} INFO - [2024-07-15T15:54:44.349+0000] {dag.py:3954} INFO - Setting next_dagrun for example_complex to None, run_after=None
[2024-07-15T15:54:44.383+0000] {processor.py:183} INFO - Processing /home/airflow/.local/lib/python3.11/site-packages/airflow/example_dags/example_complex.py took 0.169 seconds
[2024-07-15T15:54:54.000+0000] {processor.py:161} INFO - Started process (PID=25819) to work on /home/airflow/.local/lib/python3.11/site-packages/airflow/example_dags/example_complex.py
[2024-07-15T15:54:54.003+0000] {processor.py:830} INFO - Processing file /home/airflow/.local/lib/python3.11/site-packages/airflow/example_dags/example_complex.py for tasks to queue
[2024-07-15T15:54:54.007+0000] {logging_mixin.py:188} INFO - [2024-07-15T15:54:54.006+0000] {dagbag.py:545} INFO - Filling up the DagBag from /home/airflow/.local/lib/python3.11/site-packages/airflow/example_dags/example_complex.py
[2024-07-15T15:54:54.038+0000] {processor.py:840} INFO - DAG(s) 'example_complex' retrieved from /home/airflow/.local/lib/python3.11/site-packages/airflow/example_dags/example_complex.py
[2024-07-15T15:54:54.126+0000] {logging_mixin.py:188} INFO - [2024-07-15T15:54:54.125+0000] {dag.py:3096} INFO - Sync 1 DAGs
[2024-07-15T15:54:54.153+0000] {logging_mixin.py:188} INFO - [2024-07-15T15:54:54.153+0000] {dag.py:3954} INFO - Setting next_dagrun for example_complex to None, run_after=None
[2024-07-15T15:54:54.192+0000] {processor.py:183} INFO - Processing /home/airflow/.local/lib/python3.11/site-packages/airflow/example_dags/example_complex.py took 0.210 seconds
[2024-07-15T15:55:03.544+0000] {processor.py:161} INFO - Started process (PID=25871) to work on /home/airflow/.local/lib/python3.11/site-packages/airflow/example_dags/example_complex.py
[2024-07-15T15:55:03.546+0000] {processor.py:830} INFO - Processing file /home/airflow/.local/lib/python3.11/site-packages/airflow/example_dags/example_complex.py for tasks to queue
[2024-07-15T15:55:03.551+0000] {logging_mixin.py:188} INFO - [2024-07-15T15:55:03.550+0000] {dagbag.py:545} INFO - Filling up the DagBag from /home/airflow/.local/lib/python3.11/site-packages/airflow/example_dags/example_complex.py
[2024-07-15T15:55:03.589+0000] {processor.py:840} INFO - DAG(s) 'example_complex' retrieved from /home/airflow/.local/lib/python3.11/site-packages/airflow/example_dags/example_complex.py
[2024-07-15T15:55:03.692+0000] {logging_mixin.py:188} INFO - [2024-07-15T15:55:03.692+0000] {dag.py:3096} INFO - Sync 1 DAGs
[2024-07-15T15:55:03.747+0000] {logging_mixin.py:188} INFO - [2024-07-15T15:55:03.747+0000] {dag.py:3954} INFO - Setting next_dagrun for example_complex to None, run_after=None
[2024-07-15T15:55:04.299+0000] {processor.py:183} INFO - Processing /home/airflow/.local/lib/python3.11/site-packages/airflow/example_dags/example_complex.py took 0.775 seconds
[2024-07-15T15:55:17.427+0000] {processor.py:161} INFO - Started process (PID=25924) to work on /home/airflow/.local/lib/python3.11/site-packages/airflow/example_dags/example_complex.py
[2024-07-15T15:55:17.430+0000] {processor.py:830} INFO - Processing file /home/airflow/.local/lib/python3.11/site-packages/airflow/example_dags/example_complex.py for tasks to queue
[2024-07-15T15:55:17.436+0000] {logging_mixin.py:188} INFO - [2024-07-15T15:55:17.435+0000] {dagbag.py:545} INFO - Filling up the DagBag from /home/airflow/.local/lib/python3.11/site-packages/airflow/example_dags/example_complex.py
[2024-07-15T15:55:17.486+0000] {processor.py:840} INFO - DAG(s) 'example_complex' retrieved from /home/airflow/.local/lib/python3.11/site-packages/airflow/example_dags/example_complex.py
[2024-07-15T15:55:17.647+0000] {logging_mixin.py:188} INFO - [2024-07-15T15:55:17.647+0000] {dag.py:3096} INFO - Sync 1 DAGs
[2024-07-15T15:55:17.735+0000] {logging_mixin.py:188} INFO - [2024-07-15T15:55:17.734+0000] {dag.py:3954} INFO - Setting next_dagrun for example_complex to None, run_after=None
[2024-07-15T15:55:17.864+0000] {processor.py:183} INFO - Processing /home/airflow/.local/lib/python3.11/site-packages/airflow/example_dags/example_complex.py took 0.457 seconds
[2024-07-15T15:55:27.213+0000] {processor.py:161} INFO - Started process (PID=25982) to work on /home/airflow/.local/lib/python3.11/site-packages/airflow/example_dags/example_complex.py
[2024-07-15T15:55:27.215+0000] {processor.py:830} INFO - Processing file /home/airflow/.local/lib/python3.11/site-packages/airflow/example_dags/example_complex.py for tasks to queue
[2024-07-15T15:55:27.218+0000] {logging_mixin.py:188} INFO - [2024-07-15T15:55:27.218+0000] {dagbag.py:545} INFO - Filling up the DagBag from /home/airflow/.local/lib/python3.11/site-packages/airflow/example_dags/example_complex.py
[2024-07-15T15:55:27.238+0000] {processor.py:840} INFO - DAG(s) 'example_complex' retrieved from /home/airflow/.local/lib/python3.11/site-packages/airflow/example_dags/example_complex.py
[2024-07-15T15:55:27.479+0000] {logging_mixin.py:188} INFO - [2024-07-15T15:55:27.479+0000] {dag.py:3096} INFO - Sync 1 DAGs
[2024-07-15T15:55:27.495+0000] {logging_mixin.py:188} INFO - [2024-07-15T15:55:27.494+0000] {dag.py:3954} INFO - Setting next_dagrun for example_complex to None, run_after=None
[2024-07-15T15:55:27.520+0000] {processor.py:183} INFO - Processing /home/airflow/.local/lib/python3.11/site-packages/airflow/example_dags/example_complex.py took 0.316 seconds
[2024-07-15T15:55:36.673+0000] {processor.py:161} INFO - Started process (PID=26035) to work on /home/airflow/.local/lib/python3.11/site-packages/airflow/example_dags/example_complex.py
[2024-07-15T15:55:36.674+0000] {processor.py:830} INFO - Processing file /home/airflow/.local/lib/python3.11/site-packages/airflow/example_dags/example_complex.py for tasks to queue
[2024-07-15T15:55:36.677+0000] {logging_mixin.py:188} INFO - [2024-07-15T15:55:36.677+0000] {dagbag.py:545} INFO - Filling up the DagBag from /home/airflow/.local/lib/python3.11/site-packages/airflow/example_dags/example_complex.py
[2024-07-15T15:55:36.695+0000] {processor.py:840} INFO - DAG(s) 'example_complex' retrieved from /home/airflow/.local/lib/python3.11/site-packages/airflow/example_dags/example_complex.py
[2024-07-15T15:55:36.764+0000] {logging_mixin.py:188} INFO - [2024-07-15T15:55:36.764+0000] {dag.py:3096} INFO - Sync 1 DAGs
[2024-07-15T15:55:36.789+0000] {logging_mixin.py:188} INFO - [2024-07-15T15:55:36.788+0000] {dag.py:3954} INFO - Setting next_dagrun for example_complex to None, run_after=None
[2024-07-15T15:55:36.824+0000] {processor.py:183} INFO - Processing /home/airflow/.local/lib/python3.11/site-packages/airflow/example_dags/example_complex.py took 0.162 seconds
[2024-07-15T15:55:42.255+0000] {processor.py:161} INFO - Started process (PID=26087) to work on /home/airflow/.local/lib/python3.11/site-packages/airflow/example_dags/example_complex.py
[2024-07-15T15:55:42.257+0000] {processor.py:830} INFO - Processing file /home/airflow/.local/lib/python3.11/site-packages/airflow/example_dags/example_complex.py for tasks to queue
[2024-07-15T15:55:42.261+0000] {logging_mixin.py:188} INFO - [2024-07-15T15:55:42.260+0000] {dagbag.py:545} INFO - Filling up the DagBag from /home/airflow/.local/lib/python3.11/site-packages/airflow/example_dags/example_complex.py
[2024-07-15T15:55:42.289+0000] {processor.py:840} INFO - DAG(s) 'example_complex' retrieved from /home/airflow/.local/lib/python3.11/site-packages/airflow/example_dags/example_complex.py
[2024-07-15T15:55:42.395+0000] {logging_mixin.py:188} INFO - [2024-07-15T15:55:42.394+0000] {dag.py:3096} INFO - Sync 1 DAGs
[2024-07-15T15:55:42.431+0000] {logging_mixin.py:188} INFO - [2024-07-15T15:55:42.431+0000] {dag.py:3954} INFO - Setting next_dagrun for example_complex to None, run_after=None
[2024-07-15T15:55:42.480+0000] {processor.py:183} INFO - Processing /home/airflow/.local/lib/python3.11/site-packages/airflow/example_dags/example_complex.py took 0.238 seconds
[2024-07-15T15:55:48.254+0000] {processor.py:161} INFO - Started process (PID=26140) to work on /home/airflow/.local/lib/python3.11/site-packages/airflow/example_dags/example_complex.py
[2024-07-15T15:55:48.256+0000] {processor.py:830} INFO - Processing file /home/airflow/.local/lib/python3.11/site-packages/airflow/example_dags/example_complex.py for tasks to queue
[2024-07-15T15:55:48.259+0000] {logging_mixin.py:188} INFO - [2024-07-15T15:55:48.258+0000] {dagbag.py:545} INFO - Filling up the DagBag from /home/airflow/.local/lib/python3.11/site-packages/airflow/example_dags/example_complex.py
[2024-07-15T15:55:48.284+0000] {processor.py:840} INFO - DAG(s) 'example_complex' retrieved from /home/airflow/.local/lib/python3.11/site-packages/airflow/example_dags/example_complex.py
[2024-07-15T15:55:48.339+0000] {logging_mixin.py:188} INFO - [2024-07-15T15:55:48.339+0000] {dag.py:3096} INFO - Sync 1 DAGs
[2024-07-15T15:55:48.359+0000] {logging_mixin.py:188} INFO - [2024-07-15T15:55:48.359+0000] {dag.py:3954} INFO - Setting next_dagrun for example_complex to None, run_after=None
[2024-07-15T15:55:48.391+0000] {processor.py:183} INFO - Processing /home/airflow/.local/lib/python3.11/site-packages/airflow/example_dags/example_complex.py took 0.152 seconds
[2024-07-15T15:55:55.119+0000] {processor.py:161} INFO - Started process (PID=26197) to work on /home/airflow/.local/lib/python3.11/site-packages/airflow/example_dags/example_complex.py
[2024-07-15T15:55:55.121+0000] {processor.py:830} INFO - Processing file /home/airflow/.local/lib/python3.11/site-packages/airflow/example_dags/example_complex.py for tasks to queue
[2024-07-15T15:55:55.125+0000] {logging_mixin.py:188} INFO - [2024-07-15T15:55:55.124+0000] {dagbag.py:545} INFO - Filling up the DagBag from /home/airflow/.local/lib/python3.11/site-packages/airflow/example_dags/example_complex.py
[2024-07-15T15:55:55.148+0000] {processor.py:840} INFO - DAG(s) 'example_complex' retrieved from /home/airflow/.local/lib/python3.11/site-packages/airflow/example_dags/example_complex.py
[2024-07-15T15:55:55.240+0000] {logging_mixin.py:188} INFO - [2024-07-15T15:55:55.240+0000] {dag.py:3096} INFO - Sync 1 DAGs
[2024-07-15T15:55:55.287+0000] {logging_mixin.py:188} INFO - [2024-07-15T15:55:55.286+0000] {dag.py:3954} INFO - Setting next_dagrun for example_complex to None, run_after=None
[2024-07-15T15:55:55.367+0000] {processor.py:183} INFO - Processing /home/airflow/.local/lib/python3.11/site-packages/airflow/example_dags/example_complex.py took 0.261 seconds
[2024-07-15T15:56:03.179+0000] {processor.py:161} INFO - Started process (PID=26250) to work on /home/airflow/.local/lib/python3.11/site-packages/airflow/example_dags/example_complex.py
[2024-07-15T15:56:03.181+0000] {processor.py:830} INFO - Processing file /home/airflow/.local/lib/python3.11/site-packages/airflow/example_dags/example_complex.py for tasks to queue
[2024-07-15T15:56:03.185+0000] {logging_mixin.py:188} INFO - [2024-07-15T15:56:03.184+0000] {dagbag.py:545} INFO - Filling up the DagBag from /home/airflow/.local/lib/python3.11/site-packages/airflow/example_dags/example_complex.py
[2024-07-15T15:56:03.210+0000] {processor.py:840} INFO - DAG(s) 'example_complex' retrieved from /home/airflow/.local/lib/python3.11/site-packages/airflow/example_dags/example_complex.py
[2024-07-15T15:56:03.278+0000] {logging_mixin.py:188} INFO - [2024-07-15T15:56:03.277+0000] {dag.py:3096} INFO - Sync 1 DAGs
[2024-07-15T15:56:03.309+0000] {logging_mixin.py:188} INFO - [2024-07-15T15:56:03.308+0000] {dag.py:3954} INFO - Setting next_dagrun for example_complex to None, run_after=None
[2024-07-15T15:56:03.365+0000] {processor.py:183} INFO - Processing /home/airflow/.local/lib/python3.11/site-packages/airflow/example_dags/example_complex.py took 0.200 seconds
[2024-07-15T15:56:09.327+0000] {processor.py:161} INFO - Started process (PID=26302) to work on /home/airflow/.local/lib/python3.11/site-packages/airflow/example_dags/example_complex.py
[2024-07-15T15:56:09.329+0000] {processor.py:830} INFO - Processing file /home/airflow/.local/lib/python3.11/site-packages/airflow/example_dags/example_complex.py for tasks to queue
[2024-07-15T15:56:09.332+0000] {logging_mixin.py:188} INFO - [2024-07-15T15:56:09.331+0000] {dagbag.py:545} INFO - Filling up the DagBag from /home/airflow/.local/lib/python3.11/site-packages/airflow/example_dags/example_complex.py
[2024-07-15T15:56:09.349+0000] {processor.py:840} INFO - DAG(s) 'example_complex' retrieved from /home/airflow/.local/lib/python3.11/site-packages/airflow/example_dags/example_complex.py
[2024-07-15T15:56:09.430+0000] {logging_mixin.py:188} INFO - [2024-07-15T15:56:09.430+0000] {dag.py:3096} INFO - Sync 1 DAGs
[2024-07-15T15:56:09.455+0000] {logging_mixin.py:188} INFO - [2024-07-15T15:56:09.455+0000] {dag.py:3954} INFO - Setting next_dagrun for example_complex to None, run_after=None
[2024-07-15T15:56:09.482+0000] {processor.py:183} INFO - Processing /home/airflow/.local/lib/python3.11/site-packages/airflow/example_dags/example_complex.py took 0.166 seconds
[2024-07-15T15:56:15.320+0000] {processor.py:161} INFO - Started process (PID=26355) to work on /home/airflow/.local/lib/python3.11/site-packages/airflow/example_dags/example_complex.py
[2024-07-15T15:56:15.321+0000] {processor.py:830} INFO - Processing file /home/airflow/.local/lib/python3.11/site-packages/airflow/example_dags/example_complex.py for tasks to queue
[2024-07-15T15:56:15.325+0000] {logging_mixin.py:188} INFO - [2024-07-15T15:56:15.324+0000] {dagbag.py:545} INFO - Filling up the DagBag from /home/airflow/.local/lib/python3.11/site-packages/airflow/example_dags/example_complex.py
[2024-07-15T15:56:15.358+0000] {processor.py:840} INFO - DAG(s) 'example_complex' retrieved from /home/airflow/.local/lib/python3.11/site-packages/airflow/example_dags/example_complex.py
[2024-07-15T15:56:15.434+0000] {logging_mixin.py:188} INFO - [2024-07-15T15:56:15.434+0000] {dag.py:3096} INFO - Sync 1 DAGs
[2024-07-15T15:56:15.464+0000] {logging_mixin.py:188} INFO - [2024-07-15T15:56:15.463+0000] {dag.py:3954} INFO - Setting next_dagrun for example_complex to None, run_after=None
[2024-07-15T15:56:15.505+0000] {processor.py:183} INFO - Processing /home/airflow/.local/lib/python3.11/site-packages/airflow/example_dags/example_complex.py took 0.198 seconds
[2024-07-15T15:56:21.876+0000] {processor.py:161} INFO - Started process (PID=26407) to work on /home/airflow/.local/lib/python3.11/site-packages/airflow/example_dags/example_complex.py
[2024-07-15T15:56:21.877+0000] {processor.py:830} INFO - Processing file /home/airflow/.local/lib/python3.11/site-packages/airflow/example_dags/example_complex.py for tasks to queue
[2024-07-15T15:56:21.880+0000] {logging_mixin.py:188} INFO - [2024-07-15T15:56:21.880+0000] {dagbag.py:545} INFO - Filling up the DagBag from /home/airflow/.local/lib/python3.11/site-packages/airflow/example_dags/example_complex.py
[2024-07-15T15:56:21.897+0000] {processor.py:840} INFO - DAG(s) 'example_complex' retrieved from /home/airflow/.local/lib/python3.11/site-packages/airflow/example_dags/example_complex.py
[2024-07-15T15:56:21.947+0000] {logging_mixin.py:188} INFO - [2024-07-15T15:56:21.947+0000] {dag.py:3096} INFO - Sync 1 DAGs
[2024-07-15T15:56:21.979+0000] {logging_mixin.py:188} INFO - [2024-07-15T15:56:21.978+0000] {dag.py:3954} INFO - Setting next_dagrun for example_complex to None, run_after=None
[2024-07-15T15:56:22.017+0000] {processor.py:183} INFO - Processing /home/airflow/.local/lib/python3.11/site-packages/airflow/example_dags/example_complex.py took 0.151 seconds
[2024-07-15T15:56:30.295+0000] {processor.py:161} INFO - Started process (PID=26466) to work on /home/airflow/.local/lib/python3.11/site-packages/airflow/example_dags/example_complex.py
[2024-07-15T15:56:30.297+0000] {processor.py:830} INFO - Processing file /home/airflow/.local/lib/python3.11/site-packages/airflow/example_dags/example_complex.py for tasks to queue
[2024-07-15T15:56:30.300+0000] {logging_mixin.py:188} INFO - [2024-07-15T15:56:30.300+0000] {dagbag.py:545} INFO - Filling up the DagBag from /home/airflow/.local/lib/python3.11/site-packages/airflow/example_dags/example_complex.py
[2024-07-15T15:56:30.316+0000] {processor.py:840} INFO - DAG(s) 'example_complex' retrieved from /home/airflow/.local/lib/python3.11/site-packages/airflow/example_dags/example_complex.py
[2024-07-15T15:56:30.368+0000] {logging_mixin.py:188} INFO - [2024-07-15T15:56:30.368+0000] {dag.py:3096} INFO - Sync 1 DAGs
[2024-07-15T15:56:30.385+0000] {logging_mixin.py:188} INFO - [2024-07-15T15:56:30.385+0000] {dag.py:3954} INFO - Setting next_dagrun for example_complex to None, run_after=None
[2024-07-15T15:56:30.412+0000] {processor.py:183} INFO - Processing /home/airflow/.local/lib/python3.11/site-packages/airflow/example_dags/example_complex.py took 0.125 seconds
[2024-07-15T15:56:38.192+0000] {processor.py:161} INFO - Started process (PID=26518) to work on /home/airflow/.local/lib/python3.11/site-packages/airflow/example_dags/example_complex.py
[2024-07-15T15:56:38.194+0000] {processor.py:830} INFO - Processing file /home/airflow/.local/lib/python3.11/site-packages/airflow/example_dags/example_complex.py for tasks to queue
[2024-07-15T15:56:38.201+0000] {logging_mixin.py:188} INFO - [2024-07-15T15:56:38.200+0000] {dagbag.py:545} INFO - Filling up the DagBag from /home/airflow/.local/lib/python3.11/site-packages/airflow/example_dags/example_complex.py
[2024-07-15T15:56:38.235+0000] {processor.py:840} INFO - DAG(s) 'example_complex' retrieved from /home/airflow/.local/lib/python3.11/site-packages/airflow/example_dags/example_complex.py
[2024-07-15T15:56:38.462+0000] {logging_mixin.py:188} INFO - [2024-07-15T15:56:38.462+0000] {dag.py:3096} INFO - Sync 1 DAGs
[2024-07-15T15:56:38.516+0000] {logging_mixin.py:188} INFO - [2024-07-15T15:56:38.515+0000] {dag.py:3954} INFO - Setting next_dagrun for example_complex to None, run_after=None
[2024-07-15T15:56:38.564+0000] {processor.py:183} INFO - Processing /home/airflow/.local/lib/python3.11/site-packages/airflow/example_dags/example_complex.py took 0.387 seconds
[2024-07-15T15:56:43.660+0000] {processor.py:161} INFO - Started process (PID=26572) to work on /home/airflow/.local/lib/python3.11/site-packages/airflow/example_dags/example_complex.py
[2024-07-15T15:56:43.662+0000] {processor.py:830} INFO - Processing file /home/airflow/.local/lib/python3.11/site-packages/airflow/example_dags/example_complex.py for tasks to queue
[2024-07-15T15:56:43.664+0000] {logging_mixin.py:188} INFO - [2024-07-15T15:56:43.664+0000] {dagbag.py:545} INFO - Filling up the DagBag from /home/airflow/.local/lib/python3.11/site-packages/airflow/example_dags/example_complex.py
[2024-07-15T15:56:43.680+0000] {processor.py:840} INFO - DAG(s) 'example_complex' retrieved from /home/airflow/.local/lib/python3.11/site-packages/airflow/example_dags/example_complex.py
[2024-07-15T15:56:43.724+0000] {logging_mixin.py:188} INFO - [2024-07-15T15:56:43.724+0000] {dag.py:3096} INFO - Sync 1 DAGs
[2024-07-15T15:56:43.741+0000] {logging_mixin.py:188} INFO - [2024-07-15T15:56:43.740+0000] {dag.py:3954} INFO - Setting next_dagrun for example_complex to None, run_after=None
[2024-07-15T15:56:43.765+0000] {processor.py:183} INFO - Processing /home/airflow/.local/lib/python3.11/site-packages/airflow/example_dags/example_complex.py took 0.113 seconds
[2024-07-15T15:56:48.310+0000] {processor.py:161} INFO - Started process (PID=26624) to work on /home/airflow/.local/lib/python3.11/site-packages/airflow/example_dags/example_complex.py
[2024-07-15T15:56:48.312+0000] {processor.py:830} INFO - Processing file /home/airflow/.local/lib/python3.11/site-packages/airflow/example_dags/example_complex.py for tasks to queue
[2024-07-15T15:56:48.314+0000] {logging_mixin.py:188} INFO - [2024-07-15T15:56:48.314+0000] {dagbag.py:545} INFO - Filling up the DagBag from /home/airflow/.local/lib/python3.11/site-packages/airflow/example_dags/example_complex.py
[2024-07-15T15:56:48.332+0000] {processor.py:840} INFO - DAG(s) 'example_complex' retrieved from /home/airflow/.local/lib/python3.11/site-packages/airflow/example_dags/example_complex.py
[2024-07-15T15:56:48.379+0000] {logging_mixin.py:188} INFO - [2024-07-15T15:56:48.379+0000] {dag.py:3096} INFO - Sync 1 DAGs
[2024-07-15T15:56:48.397+0000] {logging_mixin.py:188} INFO - [2024-07-15T15:56:48.396+0000] {dag.py:3954} INFO - Setting next_dagrun for example_complex to None, run_after=None
[2024-07-15T15:56:48.424+0000] {processor.py:183} INFO - Processing /home/airflow/.local/lib/python3.11/site-packages/airflow/example_dags/example_complex.py took 0.122 seconds
[2024-07-15T15:56:54.567+0000] {processor.py:161} INFO - Started process (PID=26684) to work on /home/airflow/.local/lib/python3.11/site-packages/airflow/example_dags/example_complex.py
[2024-07-15T15:56:54.568+0000] {processor.py:830} INFO - Processing file /home/airflow/.local/lib/python3.11/site-packages/airflow/example_dags/example_complex.py for tasks to queue
[2024-07-15T15:56:54.571+0000] {logging_mixin.py:188} INFO - [2024-07-15T15:56:54.570+0000] {dagbag.py:545} INFO - Filling up the DagBag from /home/airflow/.local/lib/python3.11/site-packages/airflow/example_dags/example_complex.py
[2024-07-15T15:56:54.586+0000] {processor.py:840} INFO - DAG(s) 'example_complex' retrieved from /home/airflow/.local/lib/python3.11/site-packages/airflow/example_dags/example_complex.py
[2024-07-15T15:56:54.630+0000] {logging_mixin.py:188} INFO - [2024-07-15T15:56:54.629+0000] {dag.py:3096} INFO - Sync 1 DAGs
[2024-07-15T15:56:54.648+0000] {logging_mixin.py:188} INFO - [2024-07-15T15:56:54.647+0000] {dag.py:3954} INFO - Setting next_dagrun for example_complex to None, run_after=None
[2024-07-15T15:56:54.671+0000] {processor.py:183} INFO - Processing /home/airflow/.local/lib/python3.11/site-packages/airflow/example_dags/example_complex.py took 0.114 seconds
[2024-07-15T15:56:59.230+0000] {processor.py:161} INFO - Started process (PID=26736) to work on /home/airflow/.local/lib/python3.11/site-packages/airflow/example_dags/example_complex.py
[2024-07-15T15:56:59.232+0000] {processor.py:830} INFO - Processing file /home/airflow/.local/lib/python3.11/site-packages/airflow/example_dags/example_complex.py for tasks to queue
[2024-07-15T15:56:59.234+0000] {logging_mixin.py:188} INFO - [2024-07-15T15:56:59.234+0000] {dagbag.py:545} INFO - Filling up the DagBag from /home/airflow/.local/lib/python3.11/site-packages/airflow/example_dags/example_complex.py
[2024-07-15T15:56:59.249+0000] {processor.py:840} INFO - DAG(s) 'example_complex' retrieved from /home/airflow/.local/lib/python3.11/site-packages/airflow/example_dags/example_complex.py
[2024-07-15T15:56:59.291+0000] {logging_mixin.py:188} INFO - [2024-07-15T15:56:59.291+0000] {dag.py:3096} INFO - Sync 1 DAGs
[2024-07-15T15:56:59.307+0000] {logging_mixin.py:188} INFO - [2024-07-15T15:56:59.307+0000] {dag.py:3954} INFO - Setting next_dagrun for example_complex to None, run_after=None
[2024-07-15T15:56:59.332+0000] {processor.py:183} INFO - Processing /home/airflow/.local/lib/python3.11/site-packages/airflow/example_dags/example_complex.py took 0.110 seconds
