[2024-07-15T15:48:58.733+0000] {processor.py:161} INFO - Started process (PID=22614) to work on /home/airflow/.local/lib/python3.11/site-packages/airflow/example_dags/example_branch_operator_decorator.py
[2024-07-15T15:48:58.744+0000] {processor.py:830} INFO - Processing file /home/airflow/.local/lib/python3.11/site-packages/airflow/example_dags/example_branch_operator_decorator.py for tasks to queue
[2024-07-15T15:48:58.749+0000] {logging_mixin.py:188} INFO - [2024-07-15T15:48:58.748+0000] {dagbag.py:545} INFO - Filling up the DagBag from /home/airflow/.local/lib/python3.11/site-packages/airflow/example_dags/example_branch_operator_decorator.py
[2024-07-15T15:48:58.907+0000] {processor.py:840} INFO - DAG(s) 'example_branch_python_operator_decorator' retrieved from /home/airflow/.local/lib/python3.11/site-packages/airflow/example_dags/example_branch_operator_decorator.py
[2024-07-15T15:48:59.115+0000] {logging_mixin.py:188} INFO - [2024-07-15T15:48:59.114+0000] {dag.py:3096} INFO - Sync 1 DAGs
[2024-07-15T15:48:59.282+0000] {logging_mixin.py:188} INFO - [2024-07-15T15:48:59.282+0000] {dag.py:3954} INFO - Setting next_dagrun for example_branch_python_operator_decorator to 2024-07-14 00:00:00+00:00, run_after=2024-07-15 00:00:00+00:00
[2024-07-15T15:48:59.397+0000] {processor.py:183} INFO - Processing /home/airflow/.local/lib/python3.11/site-packages/airflow/example_dags/example_branch_operator_decorator.py took 0.703 seconds
[2024-07-15T15:49:12.046+0000] {processor.py:161} INFO - Started process (PID=22668) to work on /home/airflow/.local/lib/python3.11/site-packages/airflow/example_dags/example_branch_operator_decorator.py
[2024-07-15T15:49:12.047+0000] {processor.py:830} INFO - Processing file /home/airflow/.local/lib/python3.11/site-packages/airflow/example_dags/example_branch_operator_decorator.py for tasks to queue
[2024-07-15T15:49:12.051+0000] {logging_mixin.py:188} INFO - [2024-07-15T15:49:12.051+0000] {dagbag.py:545} INFO - Filling up the DagBag from /home/airflow/.local/lib/python3.11/site-packages/airflow/example_dags/example_branch_operator_decorator.py
[2024-07-15T15:49:12.096+0000] {processor.py:840} INFO - DAG(s) 'example_branch_python_operator_decorator' retrieved from /home/airflow/.local/lib/python3.11/site-packages/airflow/example_dags/example_branch_operator_decorator.py
[2024-07-15T15:49:12.153+0000] {logging_mixin.py:188} INFO - [2024-07-15T15:49:12.153+0000] {dag.py:3096} INFO - Sync 1 DAGs
[2024-07-15T15:49:12.191+0000] {logging_mixin.py:188} INFO - [2024-07-15T15:49:12.191+0000] {dag.py:3954} INFO - Setting next_dagrun for example_branch_python_operator_decorator to 2024-07-14 00:00:00+00:00, run_after=2024-07-15 00:00:00+00:00
[2024-07-15T15:49:12.222+0000] {processor.py:183} INFO - Processing /home/airflow/.local/lib/python3.11/site-packages/airflow/example_dags/example_branch_operator_decorator.py took 0.189 seconds
[2024-07-15T15:49:19.386+0000] {processor.py:161} INFO - Started process (PID=22720) to work on /home/airflow/.local/lib/python3.11/site-packages/airflow/example_dags/example_branch_operator_decorator.py
[2024-07-15T15:49:19.390+0000] {processor.py:830} INFO - Processing file /home/airflow/.local/lib/python3.11/site-packages/airflow/example_dags/example_branch_operator_decorator.py for tasks to queue
[2024-07-15T15:49:19.394+0000] {logging_mixin.py:188} INFO - [2024-07-15T15:49:19.393+0000] {dagbag.py:545} INFO - Filling up the DagBag from /home/airflow/.local/lib/python3.11/site-packages/airflow/example_dags/example_branch_operator_decorator.py
[2024-07-15T15:49:19.446+0000] {processor.py:840} INFO - DAG(s) 'example_branch_python_operator_decorator' retrieved from /home/airflow/.local/lib/python3.11/site-packages/airflow/example_dags/example_branch_operator_decorator.py
[2024-07-15T15:49:19.519+0000] {logging_mixin.py:188} INFO - [2024-07-15T15:49:19.519+0000] {dag.py:3096} INFO - Sync 1 DAGs
[2024-07-15T15:49:19.566+0000] {logging_mixin.py:188} INFO - [2024-07-15T15:49:19.566+0000] {dag.py:3954} INFO - Setting next_dagrun for example_branch_python_operator_decorator to 2024-07-14 00:00:00+00:00, run_after=2024-07-15 00:00:00+00:00
[2024-07-15T15:49:19.605+0000] {processor.py:183} INFO - Processing /home/airflow/.local/lib/python3.11/site-packages/airflow/example_dags/example_branch_operator_decorator.py took 0.235 seconds
[2024-07-15T15:49:27.784+0000] {processor.py:161} INFO - Started process (PID=22779) to work on /home/airflow/.local/lib/python3.11/site-packages/airflow/example_dags/example_branch_operator_decorator.py
[2024-07-15T15:49:27.786+0000] {processor.py:830} INFO - Processing file /home/airflow/.local/lib/python3.11/site-packages/airflow/example_dags/example_branch_operator_decorator.py for tasks to queue
[2024-07-15T15:49:27.791+0000] {logging_mixin.py:188} INFO - [2024-07-15T15:49:27.790+0000] {dagbag.py:545} INFO - Filling up the DagBag from /home/airflow/.local/lib/python3.11/site-packages/airflow/example_dags/example_branch_operator_decorator.py
[2024-07-15T15:49:27.853+0000] {processor.py:840} INFO - DAG(s) 'example_branch_python_operator_decorator' retrieved from /home/airflow/.local/lib/python3.11/site-packages/airflow/example_dags/example_branch_operator_decorator.py
[2024-07-15T15:49:27.929+0000] {logging_mixin.py:188} INFO - [2024-07-15T15:49:27.928+0000] {dag.py:3096} INFO - Sync 1 DAGs
[2024-07-15T15:49:27.982+0000] {logging_mixin.py:188} INFO - [2024-07-15T15:49:27.981+0000] {dag.py:3954} INFO - Setting next_dagrun for example_branch_python_operator_decorator to 2024-07-14 00:00:00+00:00, run_after=2024-07-15 00:00:00+00:00
[2024-07-15T15:49:28.019+0000] {processor.py:183} INFO - Processing /home/airflow/.local/lib/python3.11/site-packages/airflow/example_dags/example_branch_operator_decorator.py took 0.247 seconds
[2024-07-15T15:49:35.494+0000] {processor.py:161} INFO - Started process (PID=22831) to work on /home/airflow/.local/lib/python3.11/site-packages/airflow/example_dags/example_branch_operator_decorator.py
[2024-07-15T15:49:35.496+0000] {processor.py:830} INFO - Processing file /home/airflow/.local/lib/python3.11/site-packages/airflow/example_dags/example_branch_operator_decorator.py for tasks to queue
[2024-07-15T15:49:35.499+0000] {logging_mixin.py:188} INFO - [2024-07-15T15:49:35.499+0000] {dagbag.py:545} INFO - Filling up the DagBag from /home/airflow/.local/lib/python3.11/site-packages/airflow/example_dags/example_branch_operator_decorator.py
[2024-07-15T15:49:35.540+0000] {processor.py:840} INFO - DAG(s) 'example_branch_python_operator_decorator' retrieved from /home/airflow/.local/lib/python3.11/site-packages/airflow/example_dags/example_branch_operator_decorator.py
[2024-07-15T15:49:35.597+0000] {logging_mixin.py:188} INFO - [2024-07-15T15:49:35.596+0000] {dag.py:3096} INFO - Sync 1 DAGs
[2024-07-15T15:49:35.636+0000] {logging_mixin.py:188} INFO - [2024-07-15T15:49:35.636+0000] {dag.py:3954} INFO - Setting next_dagrun for example_branch_python_operator_decorator to 2024-07-14 00:00:00+00:00, run_after=2024-07-15 00:00:00+00:00
[2024-07-15T15:49:35.671+0000] {processor.py:183} INFO - Processing /home/airflow/.local/lib/python3.11/site-packages/airflow/example_dags/example_branch_operator_decorator.py took 0.188 seconds
[2024-07-15T15:49:43.346+0000] {processor.py:161} INFO - Started process (PID=22884) to work on /home/airflow/.local/lib/python3.11/site-packages/airflow/example_dags/example_branch_operator_decorator.py
[2024-07-15T15:49:43.348+0000] {processor.py:830} INFO - Processing file /home/airflow/.local/lib/python3.11/site-packages/airflow/example_dags/example_branch_operator_decorator.py for tasks to queue
[2024-07-15T15:49:43.351+0000] {logging_mixin.py:188} INFO - [2024-07-15T15:49:43.350+0000] {dagbag.py:545} INFO - Filling up the DagBag from /home/airflow/.local/lib/python3.11/site-packages/airflow/example_dags/example_branch_operator_decorator.py
[2024-07-15T15:49:43.382+0000] {processor.py:840} INFO - DAG(s) 'example_branch_python_operator_decorator' retrieved from /home/airflow/.local/lib/python3.11/site-packages/airflow/example_dags/example_branch_operator_decorator.py
[2024-07-15T15:49:43.429+0000] {logging_mixin.py:188} INFO - [2024-07-15T15:49:43.428+0000] {dag.py:3096} INFO - Sync 1 DAGs
[2024-07-15T15:49:43.461+0000] {logging_mixin.py:188} INFO - [2024-07-15T15:49:43.460+0000] {dag.py:3954} INFO - Setting next_dagrun for example_branch_python_operator_decorator to 2024-07-14 00:00:00+00:00, run_after=2024-07-15 00:00:00+00:00
[2024-07-15T15:49:43.484+0000] {processor.py:183} INFO - Processing /home/airflow/.local/lib/python3.11/site-packages/airflow/example_dags/example_branch_operator_decorator.py took 0.149 seconds
[2024-07-15T15:49:49.557+0000] {processor.py:161} INFO - Started process (PID=22936) to work on /home/airflow/.local/lib/python3.11/site-packages/airflow/example_dags/example_branch_operator_decorator.py
[2024-07-15T15:49:49.559+0000] {processor.py:830} INFO - Processing file /home/airflow/.local/lib/python3.11/site-packages/airflow/example_dags/example_branch_operator_decorator.py for tasks to queue
[2024-07-15T15:49:49.563+0000] {logging_mixin.py:188} INFO - [2024-07-15T15:49:49.563+0000] {dagbag.py:545} INFO - Filling up the DagBag from /home/airflow/.local/lib/python3.11/site-packages/airflow/example_dags/example_branch_operator_decorator.py
[2024-07-15T15:49:49.622+0000] {processor.py:840} INFO - DAG(s) 'example_branch_python_operator_decorator' retrieved from /home/airflow/.local/lib/python3.11/site-packages/airflow/example_dags/example_branch_operator_decorator.py
[2024-07-15T15:49:49.690+0000] {logging_mixin.py:188} INFO - [2024-07-15T15:49:49.689+0000] {dag.py:3096} INFO - Sync 1 DAGs
[2024-07-15T15:49:49.736+0000] {logging_mixin.py:188} INFO - [2024-07-15T15:49:49.735+0000] {dag.py:3954} INFO - Setting next_dagrun for example_branch_python_operator_decorator to 2024-07-14 00:00:00+00:00, run_after=2024-07-15 00:00:00+00:00
[2024-07-15T15:49:49.769+0000] {processor.py:183} INFO - Processing /home/airflow/.local/lib/python3.11/site-packages/airflow/example_dags/example_branch_operator_decorator.py took 0.226 seconds
[2024-07-15T15:49:56.190+0000] {processor.py:161} INFO - Started process (PID=22996) to work on /home/airflow/.local/lib/python3.11/site-packages/airflow/example_dags/example_branch_operator_decorator.py
[2024-07-15T15:49:56.192+0000] {processor.py:830} INFO - Processing file /home/airflow/.local/lib/python3.11/site-packages/airflow/example_dags/example_branch_operator_decorator.py for tasks to queue
[2024-07-15T15:49:56.196+0000] {logging_mixin.py:188} INFO - [2024-07-15T15:49:56.195+0000] {dagbag.py:545} INFO - Filling up the DagBag from /home/airflow/.local/lib/python3.11/site-packages/airflow/example_dags/example_branch_operator_decorator.py
[2024-07-15T15:49:56.237+0000] {processor.py:840} INFO - DAG(s) 'example_branch_python_operator_decorator' retrieved from /home/airflow/.local/lib/python3.11/site-packages/airflow/example_dags/example_branch_operator_decorator.py
[2024-07-15T15:49:56.288+0000] {logging_mixin.py:188} INFO - [2024-07-15T15:49:56.288+0000] {dag.py:3096} INFO - Sync 1 DAGs
[2024-07-15T15:49:56.320+0000] {logging_mixin.py:188} INFO - [2024-07-15T15:49:56.319+0000] {dag.py:3954} INFO - Setting next_dagrun for example_branch_python_operator_decorator to 2024-07-14 00:00:00+00:00, run_after=2024-07-15 00:00:00+00:00
[2024-07-15T15:49:56.347+0000] {processor.py:183} INFO - Processing /home/airflow/.local/lib/python3.11/site-packages/airflow/example_dags/example_branch_operator_decorator.py took 0.171 seconds
[2024-07-15T15:50:02.878+0000] {processor.py:161} INFO - Started process (PID=23048) to work on /home/airflow/.local/lib/python3.11/site-packages/airflow/example_dags/example_branch_operator_decorator.py
[2024-07-15T15:50:02.880+0000] {processor.py:830} INFO - Processing file /home/airflow/.local/lib/python3.11/site-packages/airflow/example_dags/example_branch_operator_decorator.py for tasks to queue
[2024-07-15T15:50:02.883+0000] {logging_mixin.py:188} INFO - [2024-07-15T15:50:02.883+0000] {dagbag.py:545} INFO - Filling up the DagBag from /home/airflow/.local/lib/python3.11/site-packages/airflow/example_dags/example_branch_operator_decorator.py
[2024-07-15T15:50:02.925+0000] {processor.py:840} INFO - DAG(s) 'example_branch_python_operator_decorator' retrieved from /home/airflow/.local/lib/python3.11/site-packages/airflow/example_dags/example_branch_operator_decorator.py
[2024-07-15T15:50:02.977+0000] {logging_mixin.py:188} INFO - [2024-07-15T15:50:02.976+0000] {dag.py:3096} INFO - Sync 1 DAGs
[2024-07-15T15:50:03.020+0000] {logging_mixin.py:188} INFO - [2024-07-15T15:50:03.020+0000] {dag.py:3954} INFO - Setting next_dagrun for example_branch_python_operator_decorator to 2024-07-14 00:00:00+00:00, run_after=2024-07-15 00:00:00+00:00
[2024-07-15T15:50:03.058+0000] {processor.py:183} INFO - Processing /home/airflow/.local/lib/python3.11/site-packages/airflow/example_dags/example_branch_operator_decorator.py took 0.189 seconds
[2024-07-15T15:50:08.674+0000] {processor.py:161} INFO - Started process (PID=23101) to work on /home/airflow/.local/lib/python3.11/site-packages/airflow/example_dags/example_branch_operator_decorator.py
[2024-07-15T15:50:08.675+0000] {processor.py:830} INFO - Processing file /home/airflow/.local/lib/python3.11/site-packages/airflow/example_dags/example_branch_operator_decorator.py for tasks to queue
[2024-07-15T15:50:08.677+0000] {logging_mixin.py:188} INFO - [2024-07-15T15:50:08.677+0000] {dagbag.py:545} INFO - Filling up the DagBag from /home/airflow/.local/lib/python3.11/site-packages/airflow/example_dags/example_branch_operator_decorator.py
[2024-07-15T15:50:08.702+0000] {processor.py:840} INFO - DAG(s) 'example_branch_python_operator_decorator' retrieved from /home/airflow/.local/lib/python3.11/site-packages/airflow/example_dags/example_branch_operator_decorator.py
[2024-07-15T15:50:08.736+0000] {logging_mixin.py:188} INFO - [2024-07-15T15:50:08.736+0000] {dag.py:3096} INFO - Sync 1 DAGs
[2024-07-15T15:50:08.761+0000] {logging_mixin.py:188} INFO - [2024-07-15T15:50:08.760+0000] {dag.py:3954} INFO - Setting next_dagrun for example_branch_python_operator_decorator to 2024-07-14 00:00:00+00:00, run_after=2024-07-15 00:00:00+00:00
[2024-07-15T15:50:08.782+0000] {processor.py:183} INFO - Processing /home/airflow/.local/lib/python3.11/site-packages/airflow/example_dags/example_branch_operator_decorator.py took 0.116 seconds
[2024-07-15T15:50:14.625+0000] {processor.py:161} INFO - Started process (PID=23153) to work on /home/airflow/.local/lib/python3.11/site-packages/airflow/example_dags/example_branch_operator_decorator.py
[2024-07-15T15:50:14.626+0000] {processor.py:830} INFO - Processing file /home/airflow/.local/lib/python3.11/site-packages/airflow/example_dags/example_branch_operator_decorator.py for tasks to queue
[2024-07-15T15:50:14.629+0000] {logging_mixin.py:188} INFO - [2024-07-15T15:50:14.628+0000] {dagbag.py:545} INFO - Filling up the DagBag from /home/airflow/.local/lib/python3.11/site-packages/airflow/example_dags/example_branch_operator_decorator.py
[2024-07-15T15:50:14.652+0000] {processor.py:840} INFO - DAG(s) 'example_branch_python_operator_decorator' retrieved from /home/airflow/.local/lib/python3.11/site-packages/airflow/example_dags/example_branch_operator_decorator.py
[2024-07-15T15:50:14.706+0000] {logging_mixin.py:188} INFO - [2024-07-15T15:50:14.705+0000] {dag.py:3096} INFO - Sync 1 DAGs
[2024-07-15T15:50:14.736+0000] {logging_mixin.py:188} INFO - [2024-07-15T15:50:14.736+0000] {dag.py:3954} INFO - Setting next_dagrun for example_branch_python_operator_decorator to 2024-07-14 00:00:00+00:00, run_after=2024-07-15 00:00:00+00:00
[2024-07-15T15:50:14.758+0000] {processor.py:183} INFO - Processing /home/airflow/.local/lib/python3.11/site-packages/airflow/example_dags/example_branch_operator_decorator.py took 0.141 seconds
[2024-07-15T15:50:20.349+0000] {processor.py:161} INFO - Started process (PID=23206) to work on /home/airflow/.local/lib/python3.11/site-packages/airflow/example_dags/example_branch_operator_decorator.py
[2024-07-15T15:50:20.350+0000] {processor.py:830} INFO - Processing file /home/airflow/.local/lib/python3.11/site-packages/airflow/example_dags/example_branch_operator_decorator.py for tasks to queue
[2024-07-15T15:50:20.353+0000] {logging_mixin.py:188} INFO - [2024-07-15T15:50:20.352+0000] {dagbag.py:545} INFO - Filling up the DagBag from /home/airflow/.local/lib/python3.11/site-packages/airflow/example_dags/example_branch_operator_decorator.py
[2024-07-15T15:50:20.378+0000] {processor.py:840} INFO - DAG(s) 'example_branch_python_operator_decorator' retrieved from /home/airflow/.local/lib/python3.11/site-packages/airflow/example_dags/example_branch_operator_decorator.py
[2024-07-15T15:50:20.414+0000] {logging_mixin.py:188} INFO - [2024-07-15T15:50:20.414+0000] {dag.py:3096} INFO - Sync 1 DAGs
[2024-07-15T15:50:20.439+0000] {logging_mixin.py:188} INFO - [2024-07-15T15:50:20.439+0000] {dag.py:3954} INFO - Setting next_dagrun for example_branch_python_operator_decorator to 2024-07-14 00:00:00+00:00, run_after=2024-07-15 00:00:00+00:00
[2024-07-15T15:50:20.460+0000] {processor.py:183} INFO - Processing /home/airflow/.local/lib/python3.11/site-packages/airflow/example_dags/example_branch_operator_decorator.py took 0.119 seconds
[2024-07-15T15:50:25.559+0000] {processor.py:161} INFO - Started process (PID=23266) to work on /home/airflow/.local/lib/python3.11/site-packages/airflow/example_dags/example_branch_operator_decorator.py
[2024-07-15T15:50:25.560+0000] {processor.py:830} INFO - Processing file /home/airflow/.local/lib/python3.11/site-packages/airflow/example_dags/example_branch_operator_decorator.py for tasks to queue
[2024-07-15T15:50:25.562+0000] {logging_mixin.py:188} INFO - [2024-07-15T15:50:25.562+0000] {dagbag.py:545} INFO - Filling up the DagBag from /home/airflow/.local/lib/python3.11/site-packages/airflow/example_dags/example_branch_operator_decorator.py
[2024-07-15T15:50:25.587+0000] {processor.py:840} INFO - DAG(s) 'example_branch_python_operator_decorator' retrieved from /home/airflow/.local/lib/python3.11/site-packages/airflow/example_dags/example_branch_operator_decorator.py
[2024-07-15T15:50:25.671+0000] {logging_mixin.py:188} INFO - [2024-07-15T15:50:25.671+0000] {dag.py:3096} INFO - Sync 1 DAGs
[2024-07-15T15:50:25.696+0000] {logging_mixin.py:188} INFO - [2024-07-15T15:50:25.696+0000] {dag.py:3954} INFO - Setting next_dagrun for example_branch_python_operator_decorator to 2024-07-14 00:00:00+00:00, run_after=2024-07-15 00:00:00+00:00
[2024-07-15T15:50:25.718+0000] {processor.py:183} INFO - Processing /home/airflow/.local/lib/python3.11/site-packages/airflow/example_dags/example_branch_operator_decorator.py took 0.166 seconds
[2024-07-15T15:50:31.004+0000] {processor.py:161} INFO - Started process (PID=23318) to work on /home/airflow/.local/lib/python3.11/site-packages/airflow/example_dags/example_branch_operator_decorator.py
[2024-07-15T15:50:31.006+0000] {processor.py:830} INFO - Processing file /home/airflow/.local/lib/python3.11/site-packages/airflow/example_dags/example_branch_operator_decorator.py for tasks to queue
[2024-07-15T15:50:31.008+0000] {logging_mixin.py:188} INFO - [2024-07-15T15:50:31.008+0000] {dagbag.py:545} INFO - Filling up the DagBag from /home/airflow/.local/lib/python3.11/site-packages/airflow/example_dags/example_branch_operator_decorator.py
[2024-07-15T15:50:31.033+0000] {processor.py:840} INFO - DAG(s) 'example_branch_python_operator_decorator' retrieved from /home/airflow/.local/lib/python3.11/site-packages/airflow/example_dags/example_branch_operator_decorator.py
[2024-07-15T15:50:31.068+0000] {logging_mixin.py:188} INFO - [2024-07-15T15:50:31.068+0000] {dag.py:3096} INFO - Sync 1 DAGs
[2024-07-15T15:50:31.122+0000] {logging_mixin.py:188} INFO - [2024-07-15T15:50:31.122+0000] {dag.py:3954} INFO - Setting next_dagrun for example_branch_python_operator_decorator to 2024-07-14 00:00:00+00:00, run_after=2024-07-15 00:00:00+00:00
[2024-07-15T15:50:31.165+0000] {processor.py:183} INFO - Processing /home/airflow/.local/lib/python3.11/site-packages/airflow/example_dags/example_branch_operator_decorator.py took 0.169 seconds
[2024-07-15T15:50:36.575+0000] {processor.py:161} INFO - Started process (PID=23372) to work on /home/airflow/.local/lib/python3.11/site-packages/airflow/example_dags/example_branch_operator_decorator.py
[2024-07-15T15:50:36.576+0000] {processor.py:830} INFO - Processing file /home/airflow/.local/lib/python3.11/site-packages/airflow/example_dags/example_branch_operator_decorator.py for tasks to queue
[2024-07-15T15:50:36.579+0000] {logging_mixin.py:188} INFO - [2024-07-15T15:50:36.578+0000] {dagbag.py:545} INFO - Filling up the DagBag from /home/airflow/.local/lib/python3.11/site-packages/airflow/example_dags/example_branch_operator_decorator.py
[2024-07-15T15:50:36.611+0000] {processor.py:840} INFO - DAG(s) 'example_branch_python_operator_decorator' retrieved from /home/airflow/.local/lib/python3.11/site-packages/airflow/example_dags/example_branch_operator_decorator.py
[2024-07-15T15:50:36.666+0000] {logging_mixin.py:188} INFO - [2024-07-15T15:50:36.665+0000] {dag.py:3096} INFO - Sync 1 DAGs
[2024-07-15T15:50:36.709+0000] {logging_mixin.py:188} INFO - [2024-07-15T15:50:36.708+0000] {dag.py:3954} INFO - Setting next_dagrun for example_branch_python_operator_decorator to 2024-07-14 00:00:00+00:00, run_after=2024-07-15 00:00:00+00:00
[2024-07-15T15:50:36.761+0000] {processor.py:183} INFO - Processing /home/airflow/.local/lib/python3.11/site-packages/airflow/example_dags/example_branch_operator_decorator.py took 0.194 seconds
[2024-07-15T15:50:41.880+0000] {processor.py:161} INFO - Started process (PID=23424) to work on /home/airflow/.local/lib/python3.11/site-packages/airflow/example_dags/example_branch_operator_decorator.py
[2024-07-15T15:50:41.882+0000] {processor.py:830} INFO - Processing file /home/airflow/.local/lib/python3.11/site-packages/airflow/example_dags/example_branch_operator_decorator.py for tasks to queue
[2024-07-15T15:50:41.885+0000] {logging_mixin.py:188} INFO - [2024-07-15T15:50:41.884+0000] {dagbag.py:545} INFO - Filling up the DagBag from /home/airflow/.local/lib/python3.11/site-packages/airflow/example_dags/example_branch_operator_decorator.py
[2024-07-15T15:50:41.924+0000] {processor.py:840} INFO - DAG(s) 'example_branch_python_operator_decorator' retrieved from /home/airflow/.local/lib/python3.11/site-packages/airflow/example_dags/example_branch_operator_decorator.py
[2024-07-15T15:50:41.988+0000] {logging_mixin.py:188} INFO - [2024-07-15T15:50:41.987+0000] {dag.py:3096} INFO - Sync 1 DAGs
[2024-07-15T15:50:42.027+0000] {logging_mixin.py:188} INFO - [2024-07-15T15:50:42.026+0000] {dag.py:3954} INFO - Setting next_dagrun for example_branch_python_operator_decorator to 2024-07-14 00:00:00+00:00, run_after=2024-07-15 00:00:00+00:00
[2024-07-15T15:50:42.059+0000] {processor.py:183} INFO - Processing /home/airflow/.local/lib/python3.11/site-packages/airflow/example_dags/example_branch_operator_decorator.py took 0.192 seconds
[2024-07-15T15:50:48.067+0000] {processor.py:161} INFO - Started process (PID=23477) to work on /home/airflow/.local/lib/python3.11/site-packages/airflow/example_dags/example_branch_operator_decorator.py
[2024-07-15T15:50:48.068+0000] {processor.py:830} INFO - Processing file /home/airflow/.local/lib/python3.11/site-packages/airflow/example_dags/example_branch_operator_decorator.py for tasks to queue
[2024-07-15T15:50:48.071+0000] {logging_mixin.py:188} INFO - [2024-07-15T15:50:48.070+0000] {dagbag.py:545} INFO - Filling up the DagBag from /home/airflow/.local/lib/python3.11/site-packages/airflow/example_dags/example_branch_operator_decorator.py
[2024-07-15T15:50:48.098+0000] {processor.py:840} INFO - DAG(s) 'example_branch_python_operator_decorator' retrieved from /home/airflow/.local/lib/python3.11/site-packages/airflow/example_dags/example_branch_operator_decorator.py
[2024-07-15T15:50:48.132+0000] {logging_mixin.py:188} INFO - [2024-07-15T15:50:48.132+0000] {dag.py:3096} INFO - Sync 1 DAGs
[2024-07-15T15:50:48.159+0000] {logging_mixin.py:188} INFO - [2024-07-15T15:50:48.158+0000] {dag.py:3954} INFO - Setting next_dagrun for example_branch_python_operator_decorator to 2024-07-14 00:00:00+00:00, run_after=2024-07-15 00:00:00+00:00
[2024-07-15T15:50:48.181+0000] {processor.py:183} INFO - Processing /home/airflow/.local/lib/python3.11/site-packages/airflow/example_dags/example_branch_operator_decorator.py took 0.122 seconds
[2024-07-15T15:50:52.795+0000] {processor.py:161} INFO - Started process (PID=23535) to work on /home/airflow/.local/lib/python3.11/site-packages/airflow/example_dags/example_branch_operator_decorator.py
[2024-07-15T15:50:52.802+0000] {processor.py:830} INFO - Processing file /home/airflow/.local/lib/python3.11/site-packages/airflow/example_dags/example_branch_operator_decorator.py for tasks to queue
[2024-07-15T15:50:52.818+0000] {logging_mixin.py:188} INFO - [2024-07-15T15:50:52.817+0000] {dagbag.py:545} INFO - Filling up the DagBag from /home/airflow/.local/lib/python3.11/site-packages/airflow/example_dags/example_branch_operator_decorator.py
[2024-07-15T15:50:52.889+0000] {processor.py:840} INFO - DAG(s) 'example_branch_python_operator_decorator' retrieved from /home/airflow/.local/lib/python3.11/site-packages/airflow/example_dags/example_branch_operator_decorator.py
[2024-07-15T15:50:52.929+0000] {logging_mixin.py:188} INFO - [2024-07-15T15:50:52.929+0000] {dag.py:3096} INFO - Sync 1 DAGs
[2024-07-15T15:50:52.954+0000] {logging_mixin.py:188} INFO - [2024-07-15T15:50:52.954+0000] {dag.py:3954} INFO - Setting next_dagrun for example_branch_python_operator_decorator to 2024-07-14 00:00:00+00:00, run_after=2024-07-15 00:00:00+00:00
[2024-07-15T15:50:52.976+0000] {processor.py:183} INFO - Processing /home/airflow/.local/lib/python3.11/site-packages/airflow/example_dags/example_branch_operator_decorator.py took 0.192 seconds
[2024-07-15T15:50:58.388+0000] {processor.py:161} INFO - Started process (PID=23589) to work on /home/airflow/.local/lib/python3.11/site-packages/airflow/example_dags/example_branch_operator_decorator.py
[2024-07-15T15:50:58.389+0000] {processor.py:830} INFO - Processing file /home/airflow/.local/lib/python3.11/site-packages/airflow/example_dags/example_branch_operator_decorator.py for tasks to queue
[2024-07-15T15:50:58.391+0000] {logging_mixin.py:188} INFO - [2024-07-15T15:50:58.391+0000] {dagbag.py:545} INFO - Filling up the DagBag from /home/airflow/.local/lib/python3.11/site-packages/airflow/example_dags/example_branch_operator_decorator.py
[2024-07-15T15:50:58.418+0000] {processor.py:840} INFO - DAG(s) 'example_branch_python_operator_decorator' retrieved from /home/airflow/.local/lib/python3.11/site-packages/airflow/example_dags/example_branch_operator_decorator.py
[2024-07-15T15:50:58.481+0000] {logging_mixin.py:188} INFO - [2024-07-15T15:50:58.481+0000] {dag.py:3096} INFO - Sync 1 DAGs
[2024-07-15T15:50:58.536+0000] {logging_mixin.py:188} INFO - [2024-07-15T15:50:58.535+0000] {dag.py:3954} INFO - Setting next_dagrun for example_branch_python_operator_decorator to 2024-07-14 00:00:00+00:00, run_after=2024-07-15 00:00:00+00:00
[2024-07-15T15:50:58.566+0000] {processor.py:183} INFO - Processing /home/airflow/.local/lib/python3.11/site-packages/airflow/example_dags/example_branch_operator_decorator.py took 0.186 seconds
[2024-07-15T15:51:03.561+0000] {processor.py:161} INFO - Started process (PID=23641) to work on /home/airflow/.local/lib/python3.11/site-packages/airflow/example_dags/example_branch_operator_decorator.py
[2024-07-15T15:51:03.563+0000] {processor.py:830} INFO - Processing file /home/airflow/.local/lib/python3.11/site-packages/airflow/example_dags/example_branch_operator_decorator.py for tasks to queue
[2024-07-15T15:51:03.565+0000] {logging_mixin.py:188} INFO - [2024-07-15T15:51:03.565+0000] {dagbag.py:545} INFO - Filling up the DagBag from /home/airflow/.local/lib/python3.11/site-packages/airflow/example_dags/example_branch_operator_decorator.py
[2024-07-15T15:51:03.590+0000] {processor.py:840} INFO - DAG(s) 'example_branch_python_operator_decorator' retrieved from /home/airflow/.local/lib/python3.11/site-packages/airflow/example_dags/example_branch_operator_decorator.py
[2024-07-15T15:51:03.625+0000] {logging_mixin.py:188} INFO - [2024-07-15T15:51:03.625+0000] {dag.py:3096} INFO - Sync 1 DAGs
[2024-07-15T15:51:03.651+0000] {logging_mixin.py:188} INFO - [2024-07-15T15:51:03.651+0000] {dag.py:3954} INFO - Setting next_dagrun for example_branch_python_operator_decorator to 2024-07-14 00:00:00+00:00, run_after=2024-07-15 00:00:00+00:00
[2024-07-15T15:51:03.674+0000] {processor.py:183} INFO - Processing /home/airflow/.local/lib/python3.11/site-packages/airflow/example_dags/example_branch_operator_decorator.py took 0.120 seconds
[2024-07-15T15:51:08.656+0000] {processor.py:161} INFO - Started process (PID=23694) to work on /home/airflow/.local/lib/python3.11/site-packages/airflow/example_dags/example_branch_operator_decorator.py
[2024-07-15T15:51:08.658+0000] {processor.py:830} INFO - Processing file /home/airflow/.local/lib/python3.11/site-packages/airflow/example_dags/example_branch_operator_decorator.py for tasks to queue
[2024-07-15T15:51:08.660+0000] {logging_mixin.py:188} INFO - [2024-07-15T15:51:08.660+0000] {dagbag.py:545} INFO - Filling up the DagBag from /home/airflow/.local/lib/python3.11/site-packages/airflow/example_dags/example_branch_operator_decorator.py
[2024-07-15T15:51:08.693+0000] {processor.py:840} INFO - DAG(s) 'example_branch_python_operator_decorator' retrieved from /home/airflow/.local/lib/python3.11/site-packages/airflow/example_dags/example_branch_operator_decorator.py
[2024-07-15T15:51:08.747+0000] {logging_mixin.py:188} INFO - [2024-07-15T15:51:08.746+0000] {dag.py:3096} INFO - Sync 1 DAGs
[2024-07-15T15:51:08.803+0000] {logging_mixin.py:188} INFO - [2024-07-15T15:51:08.803+0000] {dag.py:3954} INFO - Setting next_dagrun for example_branch_python_operator_decorator to 2024-07-14 00:00:00+00:00, run_after=2024-07-15 00:00:00+00:00
[2024-07-15T15:51:08.842+0000] {processor.py:183} INFO - Processing /home/airflow/.local/lib/python3.11/site-packages/airflow/example_dags/example_branch_operator_decorator.py took 0.196 seconds
[2024-07-15T15:51:13.710+0000] {processor.py:161} INFO - Started process (PID=23746) to work on /home/airflow/.local/lib/python3.11/site-packages/airflow/example_dags/example_branch_operator_decorator.py
[2024-07-15T15:51:13.712+0000] {processor.py:830} INFO - Processing file /home/airflow/.local/lib/python3.11/site-packages/airflow/example_dags/example_branch_operator_decorator.py for tasks to queue
[2024-07-15T15:51:13.714+0000] {logging_mixin.py:188} INFO - [2024-07-15T15:51:13.714+0000] {dagbag.py:545} INFO - Filling up the DagBag from /home/airflow/.local/lib/python3.11/site-packages/airflow/example_dags/example_branch_operator_decorator.py
[2024-07-15T15:51:13.739+0000] {processor.py:840} INFO - DAG(s) 'example_branch_python_operator_decorator' retrieved from /home/airflow/.local/lib/python3.11/site-packages/airflow/example_dags/example_branch_operator_decorator.py
[2024-07-15T15:51:13.776+0000] {logging_mixin.py:188} INFO - [2024-07-15T15:51:13.775+0000] {dag.py:3096} INFO - Sync 1 DAGs
[2024-07-15T15:51:13.802+0000] {logging_mixin.py:188} INFO - [2024-07-15T15:51:13.802+0000] {dag.py:3954} INFO - Setting next_dagrun for example_branch_python_operator_decorator to 2024-07-14 00:00:00+00:00, run_after=2024-07-15 00:00:00+00:00
[2024-07-15T15:51:13.834+0000] {processor.py:183} INFO - Processing /home/airflow/.local/lib/python3.11/site-packages/airflow/example_dags/example_branch_operator_decorator.py took 0.131 seconds
[2024-07-15T15:51:18.064+0000] {processor.py:161} INFO - Started process (PID=23799) to work on /home/airflow/.local/lib/python3.11/site-packages/airflow/example_dags/example_branch_operator_decorator.py
[2024-07-15T15:51:18.065+0000] {processor.py:830} INFO - Processing file /home/airflow/.local/lib/python3.11/site-packages/airflow/example_dags/example_branch_operator_decorator.py for tasks to queue
[2024-07-15T15:51:18.068+0000] {logging_mixin.py:188} INFO - [2024-07-15T15:51:18.068+0000] {dagbag.py:545} INFO - Filling up the DagBag from /home/airflow/.local/lib/python3.11/site-packages/airflow/example_dags/example_branch_operator_decorator.py
[2024-07-15T15:51:18.093+0000] {processor.py:840} INFO - DAG(s) 'example_branch_python_operator_decorator' retrieved from /home/airflow/.local/lib/python3.11/site-packages/airflow/example_dags/example_branch_operator_decorator.py
[2024-07-15T15:51:18.129+0000] {logging_mixin.py:188} INFO - [2024-07-15T15:51:18.129+0000] {dag.py:3096} INFO - Sync 1 DAGs
[2024-07-15T15:51:18.159+0000] {logging_mixin.py:188} INFO - [2024-07-15T15:51:18.159+0000] {dag.py:3954} INFO - Setting next_dagrun for example_branch_python_operator_decorator to 2024-07-14 00:00:00+00:00, run_after=2024-07-15 00:00:00+00:00
[2024-07-15T15:51:18.182+0000] {processor.py:183} INFO - Processing /home/airflow/.local/lib/python3.11/site-packages/airflow/example_dags/example_branch_operator_decorator.py took 0.129 seconds
[2024-07-15T15:52:57.046+0000] {processor.py:161} INFO - Started process (PID=24824) to work on /home/airflow/.local/lib/python3.11/site-packages/airflow/example_dags/example_branch_operator_decorator.py
[2024-07-15T15:52:57.048+0000] {processor.py:830} INFO - Processing file /home/airflow/.local/lib/python3.11/site-packages/airflow/example_dags/example_branch_operator_decorator.py for tasks to queue
[2024-07-15T15:52:57.051+0000] {logging_mixin.py:188} INFO - [2024-07-15T15:52:57.050+0000] {dagbag.py:545} INFO - Filling up the DagBag from /home/airflow/.local/lib/python3.11/site-packages/airflow/example_dags/example_branch_operator_decorator.py
[2024-07-15T15:52:57.092+0000] {processor.py:840} INFO - DAG(s) 'example_branch_python_operator_decorator' retrieved from /home/airflow/.local/lib/python3.11/site-packages/airflow/example_dags/example_branch_operator_decorator.py
[2024-07-15T15:52:57.148+0000] {logging_mixin.py:188} INFO - [2024-07-15T15:52:57.147+0000] {dag.py:3096} INFO - Sync 1 DAGs
[2024-07-15T15:52:57.183+0000] {logging_mixin.py:188} INFO - [2024-07-15T15:52:57.183+0000] {dag.py:3954} INFO - Setting next_dagrun for example_branch_python_operator_decorator to 2024-07-14 00:00:00+00:00, run_after=2024-07-15 00:00:00+00:00
[2024-07-15T15:52:57.211+0000] {processor.py:183} INFO - Processing /home/airflow/.local/lib/python3.11/site-packages/airflow/example_dags/example_branch_operator_decorator.py took 0.177 seconds
[2024-07-15T15:53:05.882+0000] {processor.py:161} INFO - Started process (PID=24877) to work on /home/airflow/.local/lib/python3.11/site-packages/airflow/example_dags/example_branch_operator_decorator.py
[2024-07-15T15:53:05.884+0000] {processor.py:830} INFO - Processing file /home/airflow/.local/lib/python3.11/site-packages/airflow/example_dags/example_branch_operator_decorator.py for tasks to queue
[2024-07-15T15:53:05.888+0000] {logging_mixin.py:188} INFO - [2024-07-15T15:53:05.887+0000] {dagbag.py:545} INFO - Filling up the DagBag from /home/airflow/.local/lib/python3.11/site-packages/airflow/example_dags/example_branch_operator_decorator.py
[2024-07-15T15:53:05.923+0000] {processor.py:840} INFO - DAG(s) 'example_branch_python_operator_decorator' retrieved from /home/airflow/.local/lib/python3.11/site-packages/airflow/example_dags/example_branch_operator_decorator.py
[2024-07-15T15:53:05.964+0000] {logging_mixin.py:188} INFO - [2024-07-15T15:53:05.964+0000] {dag.py:3096} INFO - Sync 1 DAGs
[2024-07-15T15:53:05.995+0000] {logging_mixin.py:188} INFO - [2024-07-15T15:53:05.995+0000] {dag.py:3954} INFO - Setting next_dagrun for example_branch_python_operator_decorator to 2024-07-14 00:00:00+00:00, run_after=2024-07-15 00:00:00+00:00
[2024-07-15T15:53:06.020+0000] {processor.py:183} INFO - Processing /home/airflow/.local/lib/python3.11/site-packages/airflow/example_dags/example_branch_operator_decorator.py took 0.148 seconds
[2024-07-15T15:53:10.732+0000] {processor.py:161} INFO - Started process (PID=24929) to work on /home/airflow/.local/lib/python3.11/site-packages/airflow/example_dags/example_branch_operator_decorator.py
[2024-07-15T15:53:10.733+0000] {processor.py:830} INFO - Processing file /home/airflow/.local/lib/python3.11/site-packages/airflow/example_dags/example_branch_operator_decorator.py for tasks to queue
[2024-07-15T15:53:10.736+0000] {logging_mixin.py:188} INFO - [2024-07-15T15:53:10.735+0000] {dagbag.py:545} INFO - Filling up the DagBag from /home/airflow/.local/lib/python3.11/site-packages/airflow/example_dags/example_branch_operator_decorator.py
[2024-07-15T15:53:10.780+0000] {processor.py:840} INFO - DAG(s) 'example_branch_python_operator_decorator' retrieved from /home/airflow/.local/lib/python3.11/site-packages/airflow/example_dags/example_branch_operator_decorator.py
[2024-07-15T15:53:10.847+0000] {logging_mixin.py:188} INFO - [2024-07-15T15:53:10.847+0000] {dag.py:3096} INFO - Sync 1 DAGs
[2024-07-15T15:53:10.881+0000] {logging_mixin.py:188} INFO - [2024-07-15T15:53:10.880+0000] {dag.py:3954} INFO - Setting next_dagrun for example_branch_python_operator_decorator to 2024-07-14 00:00:00+00:00, run_after=2024-07-15 00:00:00+00:00
[2024-07-15T15:53:10.906+0000] {processor.py:183} INFO - Processing /home/airflow/.local/lib/python3.11/site-packages/airflow/example_dags/example_branch_operator_decorator.py took 0.184 seconds
[2024-07-15T15:53:16.655+0000] {processor.py:161} INFO - Started process (PID=24983) to work on /home/airflow/.local/lib/python3.11/site-packages/airflow/example_dags/example_branch_operator_decorator.py
[2024-07-15T15:53:16.657+0000] {processor.py:830} INFO - Processing file /home/airflow/.local/lib/python3.11/site-packages/airflow/example_dags/example_branch_operator_decorator.py for tasks to queue
[2024-07-15T15:53:16.661+0000] {logging_mixin.py:188} INFO - [2024-07-15T15:53:16.660+0000] {dagbag.py:545} INFO - Filling up the DagBag from /home/airflow/.local/lib/python3.11/site-packages/airflow/example_dags/example_branch_operator_decorator.py
[2024-07-15T15:53:16.702+0000] {processor.py:840} INFO - DAG(s) 'example_branch_python_operator_decorator' retrieved from /home/airflow/.local/lib/python3.11/site-packages/airflow/example_dags/example_branch_operator_decorator.py
[2024-07-15T15:53:16.754+0000] {logging_mixin.py:188} INFO - [2024-07-15T15:53:16.753+0000] {dag.py:3096} INFO - Sync 1 DAGs
[2024-07-15T15:53:16.799+0000] {logging_mixin.py:188} INFO - [2024-07-15T15:53:16.798+0000] {dag.py:3954} INFO - Setting next_dagrun for example_branch_python_operator_decorator to 2024-07-14 00:00:00+00:00, run_after=2024-07-15 00:00:00+00:00
[2024-07-15T15:53:16.836+0000] {processor.py:183} INFO - Processing /home/airflow/.local/lib/python3.11/site-packages/airflow/example_dags/example_branch_operator_decorator.py took 0.194 seconds
[2024-07-15T15:53:21.210+0000] {processor.py:161} INFO - Started process (PID=25035) to work on /home/airflow/.local/lib/python3.11/site-packages/airflow/example_dags/example_branch_operator_decorator.py
[2024-07-15T15:53:21.212+0000] {processor.py:830} INFO - Processing file /home/airflow/.local/lib/python3.11/site-packages/airflow/example_dags/example_branch_operator_decorator.py for tasks to queue
[2024-07-15T15:53:21.214+0000] {logging_mixin.py:188} INFO - [2024-07-15T15:53:21.214+0000] {dagbag.py:545} INFO - Filling up the DagBag from /home/airflow/.local/lib/python3.11/site-packages/airflow/example_dags/example_branch_operator_decorator.py
[2024-07-15T15:53:21.243+0000] {processor.py:840} INFO - DAG(s) 'example_branch_python_operator_decorator' retrieved from /home/airflow/.local/lib/python3.11/site-packages/airflow/example_dags/example_branch_operator_decorator.py
[2024-07-15T15:53:21.284+0000] {logging_mixin.py:188} INFO - [2024-07-15T15:53:21.284+0000] {dag.py:3096} INFO - Sync 1 DAGs
[2024-07-15T15:53:21.313+0000] {logging_mixin.py:188} INFO - [2024-07-15T15:53:21.312+0000] {dag.py:3954} INFO - Setting next_dagrun for example_branch_python_operator_decorator to 2024-07-14 00:00:00+00:00, run_after=2024-07-15 00:00:00+00:00
[2024-07-15T15:53:21.337+0000] {processor.py:183} INFO - Processing /home/airflow/.local/lib/python3.11/site-packages/airflow/example_dags/example_branch_operator_decorator.py took 0.134 seconds
[2024-07-15T15:53:25.987+0000] {processor.py:161} INFO - Started process (PID=25095) to work on /home/airflow/.local/lib/python3.11/site-packages/airflow/example_dags/example_branch_operator_decorator.py
[2024-07-15T15:53:25.989+0000] {processor.py:830} INFO - Processing file /home/airflow/.local/lib/python3.11/site-packages/airflow/example_dags/example_branch_operator_decorator.py for tasks to queue
[2024-07-15T15:53:25.992+0000] {logging_mixin.py:188} INFO - [2024-07-15T15:53:25.992+0000] {dagbag.py:545} INFO - Filling up the DagBag from /home/airflow/.local/lib/python3.11/site-packages/airflow/example_dags/example_branch_operator_decorator.py
[2024-07-15T15:53:26.027+0000] {processor.py:840} INFO - DAG(s) 'example_branch_python_operator_decorator' retrieved from /home/airflow/.local/lib/python3.11/site-packages/airflow/example_dags/example_branch_operator_decorator.py
[2024-07-15T15:53:26.074+0000] {logging_mixin.py:188} INFO - [2024-07-15T15:53:26.073+0000] {dag.py:3096} INFO - Sync 1 DAGs
[2024-07-15T15:53:26.109+0000] {logging_mixin.py:188} INFO - [2024-07-15T15:53:26.109+0000] {dag.py:3954} INFO - Setting next_dagrun for example_branch_python_operator_decorator to 2024-07-14 00:00:00+00:00, run_after=2024-07-15 00:00:00+00:00
[2024-07-15T15:53:26.147+0000] {processor.py:183} INFO - Processing /home/airflow/.local/lib/python3.11/site-packages/airflow/example_dags/example_branch_operator_decorator.py took 0.169 seconds
[2024-07-15T15:53:31.357+0000] {processor.py:161} INFO - Started process (PID=25147) to work on /home/airflow/.local/lib/python3.11/site-packages/airflow/example_dags/example_branch_operator_decorator.py
[2024-07-15T15:53:31.359+0000] {processor.py:830} INFO - Processing file /home/airflow/.local/lib/python3.11/site-packages/airflow/example_dags/example_branch_operator_decorator.py for tasks to queue
[2024-07-15T15:53:31.364+0000] {logging_mixin.py:188} INFO - [2024-07-15T15:53:31.364+0000] {dagbag.py:545} INFO - Filling up the DagBag from /home/airflow/.local/lib/python3.11/site-packages/airflow/example_dags/example_branch_operator_decorator.py
[2024-07-15T15:53:31.420+0000] {processor.py:840} INFO - DAG(s) 'example_branch_python_operator_decorator' retrieved from /home/airflow/.local/lib/python3.11/site-packages/airflow/example_dags/example_branch_operator_decorator.py
[2024-07-15T15:53:31.480+0000] {logging_mixin.py:188} INFO - [2024-07-15T15:53:31.479+0000] {dag.py:3096} INFO - Sync 1 DAGs
[2024-07-15T15:53:31.524+0000] {logging_mixin.py:188} INFO - [2024-07-15T15:53:31.524+0000] {dag.py:3954} INFO - Setting next_dagrun for example_branch_python_operator_decorator to 2024-07-14 00:00:00+00:00, run_after=2024-07-15 00:00:00+00:00
[2024-07-15T15:53:31.565+0000] {processor.py:183} INFO - Processing /home/airflow/.local/lib/python3.11/site-packages/airflow/example_dags/example_branch_operator_decorator.py took 0.228 seconds
[2024-07-15T15:53:37.378+0000] {processor.py:161} INFO - Started process (PID=25201) to work on /home/airflow/.local/lib/python3.11/site-packages/airflow/example_dags/example_branch_operator_decorator.py
[2024-07-15T15:53:37.379+0000] {processor.py:830} INFO - Processing file /home/airflow/.local/lib/python3.11/site-packages/airflow/example_dags/example_branch_operator_decorator.py for tasks to queue
[2024-07-15T15:53:37.382+0000] {logging_mixin.py:188} INFO - [2024-07-15T15:53:37.382+0000] {dagbag.py:545} INFO - Filling up the DagBag from /home/airflow/.local/lib/python3.11/site-packages/airflow/example_dags/example_branch_operator_decorator.py
[2024-07-15T15:53:37.412+0000] {processor.py:840} INFO - DAG(s) 'example_branch_python_operator_decorator' retrieved from /home/airflow/.local/lib/python3.11/site-packages/airflow/example_dags/example_branch_operator_decorator.py
[2024-07-15T15:53:37.448+0000] {logging_mixin.py:188} INFO - [2024-07-15T15:53:37.448+0000] {dag.py:3096} INFO - Sync 1 DAGs
[2024-07-15T15:53:37.481+0000] {logging_mixin.py:188} INFO - [2024-07-15T15:53:37.480+0000] {dag.py:3954} INFO - Setting next_dagrun for example_branch_python_operator_decorator to 2024-07-14 00:00:00+00:00, run_after=2024-07-15 00:00:00+00:00
[2024-07-15T15:53:37.505+0000] {processor.py:183} INFO - Processing /home/airflow/.local/lib/python3.11/site-packages/airflow/example_dags/example_branch_operator_decorator.py took 0.136 seconds
[2024-07-15T15:53:42.059+0000] {processor.py:161} INFO - Started process (PID=25253) to work on /home/airflow/.local/lib/python3.11/site-packages/airflow/example_dags/example_branch_operator_decorator.py
[2024-07-15T15:53:42.061+0000] {processor.py:830} INFO - Processing file /home/airflow/.local/lib/python3.11/site-packages/airflow/example_dags/example_branch_operator_decorator.py for tasks to queue
[2024-07-15T15:53:42.063+0000] {logging_mixin.py:188} INFO - [2024-07-15T15:53:42.063+0000] {dagbag.py:545} INFO - Filling up the DagBag from /home/airflow/.local/lib/python3.11/site-packages/airflow/example_dags/example_branch_operator_decorator.py
[2024-07-15T15:53:42.100+0000] {processor.py:840} INFO - DAG(s) 'example_branch_python_operator_decorator' retrieved from /home/airflow/.local/lib/python3.11/site-packages/airflow/example_dags/example_branch_operator_decorator.py
[2024-07-15T15:53:42.152+0000] {logging_mixin.py:188} INFO - [2024-07-15T15:53:42.151+0000] {dag.py:3096} INFO - Sync 1 DAGs
[2024-07-15T15:53:42.191+0000] {logging_mixin.py:188} INFO - [2024-07-15T15:53:42.190+0000] {dag.py:3954} INFO - Setting next_dagrun for example_branch_python_operator_decorator to 2024-07-14 00:00:00+00:00, run_after=2024-07-15 00:00:00+00:00
[2024-07-15T15:53:42.215+0000] {processor.py:183} INFO - Processing /home/airflow/.local/lib/python3.11/site-packages/airflow/example_dags/example_branch_operator_decorator.py took 0.169 seconds
[2024-07-15T15:53:46.995+0000] {processor.py:161} INFO - Started process (PID=25307) to work on /home/airflow/.local/lib/python3.11/site-packages/airflow/example_dags/example_branch_operator_decorator.py
[2024-07-15T15:53:46.996+0000] {processor.py:830} INFO - Processing file /home/airflow/.local/lib/python3.11/site-packages/airflow/example_dags/example_branch_operator_decorator.py for tasks to queue
[2024-07-15T15:53:46.999+0000] {logging_mixin.py:188} INFO - [2024-07-15T15:53:46.998+0000] {dagbag.py:545} INFO - Filling up the DagBag from /home/airflow/.local/lib/python3.11/site-packages/airflow/example_dags/example_branch_operator_decorator.py
[2024-07-15T15:53:47.027+0000] {processor.py:840} INFO - DAG(s) 'example_branch_python_operator_decorator' retrieved from /home/airflow/.local/lib/python3.11/site-packages/airflow/example_dags/example_branch_operator_decorator.py
[2024-07-15T15:53:47.084+0000] {logging_mixin.py:188} INFO - [2024-07-15T15:53:47.083+0000] {dag.py:3096} INFO - Sync 1 DAGs
[2024-07-15T15:53:47.123+0000] {logging_mixin.py:188} INFO - [2024-07-15T15:53:47.122+0000] {dag.py:3954} INFO - Setting next_dagrun for example_branch_python_operator_decorator to 2024-07-14 00:00:00+00:00, run_after=2024-07-15 00:00:00+00:00
[2024-07-15T15:53:47.153+0000] {processor.py:183} INFO - Processing /home/airflow/.local/lib/python3.11/site-packages/airflow/example_dags/example_branch_operator_decorator.py took 0.166 seconds
[2024-07-15T15:53:53.622+0000] {processor.py:161} INFO - Started process (PID=25365) to work on /home/airflow/.local/lib/python3.11/site-packages/airflow/example_dags/example_branch_operator_decorator.py
[2024-07-15T15:53:53.623+0000] {processor.py:830} INFO - Processing file /home/airflow/.local/lib/python3.11/site-packages/airflow/example_dags/example_branch_operator_decorator.py for tasks to queue
[2024-07-15T15:53:53.627+0000] {logging_mixin.py:188} INFO - [2024-07-15T15:53:53.626+0000] {dagbag.py:545} INFO - Filling up the DagBag from /home/airflow/.local/lib/python3.11/site-packages/airflow/example_dags/example_branch_operator_decorator.py
[2024-07-15T15:53:53.659+0000] {processor.py:840} INFO - DAG(s) 'example_branch_python_operator_decorator' retrieved from /home/airflow/.local/lib/python3.11/site-packages/airflow/example_dags/example_branch_operator_decorator.py
[2024-07-15T15:53:53.704+0000] {logging_mixin.py:188} INFO - [2024-07-15T15:53:53.704+0000] {dag.py:3096} INFO - Sync 1 DAGs
[2024-07-15T15:53:53.735+0000] {logging_mixin.py:188} INFO - [2024-07-15T15:53:53.735+0000] {dag.py:3954} INFO - Setting next_dagrun for example_branch_python_operator_decorator to 2024-07-14 00:00:00+00:00, run_after=2024-07-15 00:00:00+00:00
[2024-07-15T15:53:53.760+0000] {processor.py:183} INFO - Processing /home/airflow/.local/lib/python3.11/site-packages/airflow/example_dags/example_branch_operator_decorator.py took 0.148 seconds
[2024-07-15T15:53:59.196+0000] {processor.py:161} INFO - Started process (PID=25418) to work on /home/airflow/.local/lib/python3.11/site-packages/airflow/example_dags/example_branch_operator_decorator.py
[2024-07-15T15:53:59.198+0000] {processor.py:830} INFO - Processing file /home/airflow/.local/lib/python3.11/site-packages/airflow/example_dags/example_branch_operator_decorator.py for tasks to queue
[2024-07-15T15:53:59.201+0000] {logging_mixin.py:188} INFO - [2024-07-15T15:53:59.201+0000] {dagbag.py:545} INFO - Filling up the DagBag from /home/airflow/.local/lib/python3.11/site-packages/airflow/example_dags/example_branch_operator_decorator.py
[2024-07-15T15:53:59.249+0000] {processor.py:840} INFO - DAG(s) 'example_branch_python_operator_decorator' retrieved from /home/airflow/.local/lib/python3.11/site-packages/airflow/example_dags/example_branch_operator_decorator.py
[2024-07-15T15:53:59.301+0000] {logging_mixin.py:188} INFO - [2024-07-15T15:53:59.300+0000] {dag.py:3096} INFO - Sync 1 DAGs
[2024-07-15T15:53:59.342+0000] {logging_mixin.py:188} INFO - [2024-07-15T15:53:59.342+0000] {dag.py:3954} INFO - Setting next_dagrun for example_branch_python_operator_decorator to 2024-07-14 00:00:00+00:00, run_after=2024-07-15 00:00:00+00:00
[2024-07-15T15:53:59.372+0000] {processor.py:183} INFO - Processing /home/airflow/.local/lib/python3.11/site-packages/airflow/example_dags/example_branch_operator_decorator.py took 0.189 seconds
[2024-07-15T15:54:04.605+0000] {processor.py:161} INFO - Started process (PID=25470) to work on /home/airflow/.local/lib/python3.11/site-packages/airflow/example_dags/example_branch_operator_decorator.py
[2024-07-15T15:54:04.607+0000] {processor.py:830} INFO - Processing file /home/airflow/.local/lib/python3.11/site-packages/airflow/example_dags/example_branch_operator_decorator.py for tasks to queue
[2024-07-15T15:54:04.610+0000] {logging_mixin.py:188} INFO - [2024-07-15T15:54:04.609+0000] {dagbag.py:545} INFO - Filling up the DagBag from /home/airflow/.local/lib/python3.11/site-packages/airflow/example_dags/example_branch_operator_decorator.py
[2024-07-15T15:54:04.642+0000] {processor.py:840} INFO - DAG(s) 'example_branch_python_operator_decorator' retrieved from /home/airflow/.local/lib/python3.11/site-packages/airflow/example_dags/example_branch_operator_decorator.py
[2024-07-15T15:54:04.686+0000] {logging_mixin.py:188} INFO - [2024-07-15T15:54:04.685+0000] {dag.py:3096} INFO - Sync 1 DAGs
[2024-07-15T15:54:04.717+0000] {logging_mixin.py:188} INFO - [2024-07-15T15:54:04.717+0000] {dag.py:3954} INFO - Setting next_dagrun for example_branch_python_operator_decorator to 2024-07-14 00:00:00+00:00, run_after=2024-07-15 00:00:00+00:00
[2024-07-15T15:54:04.743+0000] {processor.py:183} INFO - Processing /home/airflow/.local/lib/python3.11/site-packages/airflow/example_dags/example_branch_operator_decorator.py took 0.152 seconds
[2024-07-15T15:54:10.420+0000] {processor.py:161} INFO - Started process (PID=25524) to work on /home/airflow/.local/lib/python3.11/site-packages/airflow/example_dags/example_branch_operator_decorator.py
[2024-07-15T15:54:10.421+0000] {processor.py:830} INFO - Processing file /home/airflow/.local/lib/python3.11/site-packages/airflow/example_dags/example_branch_operator_decorator.py for tasks to queue
[2024-07-15T15:54:10.424+0000] {logging_mixin.py:188} INFO - [2024-07-15T15:54:10.424+0000] {dagbag.py:545} INFO - Filling up the DagBag from /home/airflow/.local/lib/python3.11/site-packages/airflow/example_dags/example_branch_operator_decorator.py
[2024-07-15T15:54:10.464+0000] {processor.py:840} INFO - DAG(s) 'example_branch_python_operator_decorator' retrieved from /home/airflow/.local/lib/python3.11/site-packages/airflow/example_dags/example_branch_operator_decorator.py
[2024-07-15T15:54:10.522+0000] {logging_mixin.py:188} INFO - [2024-07-15T15:54:10.522+0000] {dag.py:3096} INFO - Sync 1 DAGs
[2024-07-15T15:54:10.575+0000] {logging_mixin.py:188} INFO - [2024-07-15T15:54:10.574+0000] {dag.py:3954} INFO - Setting next_dagrun for example_branch_python_operator_decorator to 2024-07-14 00:00:00+00:00, run_after=2024-07-15 00:00:00+00:00
[2024-07-15T15:54:10.607+0000] {processor.py:183} INFO - Processing /home/airflow/.local/lib/python3.11/site-packages/airflow/example_dags/example_branch_operator_decorator.py took 0.197 seconds
[2024-07-15T15:54:16.383+0000] {processor.py:161} INFO - Started process (PID=25576) to work on /home/airflow/.local/lib/python3.11/site-packages/airflow/example_dags/example_branch_operator_decorator.py
[2024-07-15T15:54:16.385+0000] {processor.py:830} INFO - Processing file /home/airflow/.local/lib/python3.11/site-packages/airflow/example_dags/example_branch_operator_decorator.py for tasks to queue
[2024-07-15T15:54:16.387+0000] {logging_mixin.py:188} INFO - [2024-07-15T15:54:16.387+0000] {dagbag.py:545} INFO - Filling up the DagBag from /home/airflow/.local/lib/python3.11/site-packages/airflow/example_dags/example_branch_operator_decorator.py
[2024-07-15T15:54:16.422+0000] {processor.py:840} INFO - DAG(s) 'example_branch_python_operator_decorator' retrieved from /home/airflow/.local/lib/python3.11/site-packages/airflow/example_dags/example_branch_operator_decorator.py
[2024-07-15T15:54:16.468+0000] {logging_mixin.py:188} INFO - [2024-07-15T15:54:16.467+0000] {dag.py:3096} INFO - Sync 1 DAGs
[2024-07-15T15:54:16.499+0000] {logging_mixin.py:188} INFO - [2024-07-15T15:54:16.498+0000] {dag.py:3954} INFO - Setting next_dagrun for example_branch_python_operator_decorator to 2024-07-14 00:00:00+00:00, run_after=2024-07-15 00:00:00+00:00
[2024-07-15T15:54:16.522+0000] {processor.py:183} INFO - Processing /home/airflow/.local/lib/python3.11/site-packages/airflow/example_dags/example_branch_operator_decorator.py took 0.147 seconds
[2024-07-15T15:54:22.101+0000] {processor.py:161} INFO - Started process (PID=25635) to work on /home/airflow/.local/lib/python3.11/site-packages/airflow/example_dags/example_branch_operator_decorator.py
[2024-07-15T15:54:22.103+0000] {processor.py:830} INFO - Processing file /home/airflow/.local/lib/python3.11/site-packages/airflow/example_dags/example_branch_operator_decorator.py for tasks to queue
[2024-07-15T15:54:22.108+0000] {logging_mixin.py:188} INFO - [2024-07-15T15:54:22.107+0000] {dagbag.py:545} INFO - Filling up the DagBag from /home/airflow/.local/lib/python3.11/site-packages/airflow/example_dags/example_branch_operator_decorator.py
[2024-07-15T15:54:22.163+0000] {processor.py:840} INFO - DAG(s) 'example_branch_python_operator_decorator' retrieved from /home/airflow/.local/lib/python3.11/site-packages/airflow/example_dags/example_branch_operator_decorator.py
[2024-07-15T15:54:22.210+0000] {logging_mixin.py:188} INFO - [2024-07-15T15:54:22.210+0000] {dag.py:3096} INFO - Sync 1 DAGs
[2024-07-15T15:54:22.403+0000] {logging_mixin.py:188} INFO - [2024-07-15T15:54:22.402+0000] {dag.py:3954} INFO - Setting next_dagrun for example_branch_python_operator_decorator to 2024-07-14 00:00:00+00:00, run_after=2024-07-15 00:00:00+00:00
[2024-07-15T15:54:22.429+0000] {processor.py:183} INFO - Processing /home/airflow/.local/lib/python3.11/site-packages/airflow/example_dags/example_branch_operator_decorator.py took 0.346 seconds
[2024-07-15T15:54:41.298+0000] {processor.py:161} INFO - Started process (PID=25740) to work on /home/airflow/.local/lib/python3.11/site-packages/airflow/example_dags/example_branch_operator_decorator.py
[2024-07-15T15:54:41.300+0000] {processor.py:830} INFO - Processing file /home/airflow/.local/lib/python3.11/site-packages/airflow/example_dags/example_branch_operator_decorator.py for tasks to queue
[2024-07-15T15:54:41.307+0000] {logging_mixin.py:188} INFO - [2024-07-15T15:54:41.305+0000] {dagbag.py:545} INFO - Filling up the DagBag from /home/airflow/.local/lib/python3.11/site-packages/airflow/example_dags/example_branch_operator_decorator.py
[2024-07-15T15:54:41.379+0000] {processor.py:840} INFO - DAG(s) 'example_branch_python_operator_decorator' retrieved from /home/airflow/.local/lib/python3.11/site-packages/airflow/example_dags/example_branch_operator_decorator.py
[2024-07-15T15:54:41.465+0000] {logging_mixin.py:188} INFO - [2024-07-15T15:54:41.464+0000] {dag.py:3096} INFO - Sync 1 DAGs
[2024-07-15T15:54:41.509+0000] {logging_mixin.py:188} INFO - [2024-07-15T15:54:41.509+0000] {dag.py:3954} INFO - Setting next_dagrun for example_branch_python_operator_decorator to 2024-07-14 00:00:00+00:00, run_after=2024-07-15 00:00:00+00:00
[2024-07-15T15:54:41.538+0000] {processor.py:183} INFO - Processing /home/airflow/.local/lib/python3.11/site-packages/airflow/example_dags/example_branch_operator_decorator.py took 0.261 seconds
[2024-07-15T15:54:48.843+0000] {processor.py:161} INFO - Started process (PID=25792) to work on /home/airflow/.local/lib/python3.11/site-packages/airflow/example_dags/example_branch_operator_decorator.py
[2024-07-15T15:54:48.846+0000] {processor.py:830} INFO - Processing file /home/airflow/.local/lib/python3.11/site-packages/airflow/example_dags/example_branch_operator_decorator.py for tasks to queue
[2024-07-15T15:54:48.851+0000] {logging_mixin.py:188} INFO - [2024-07-15T15:54:48.850+0000] {dagbag.py:545} INFO - Filling up the DagBag from /home/airflow/.local/lib/python3.11/site-packages/airflow/example_dags/example_branch_operator_decorator.py
[2024-07-15T15:54:48.910+0000] {processor.py:840} INFO - DAG(s) 'example_branch_python_operator_decorator' retrieved from /home/airflow/.local/lib/python3.11/site-packages/airflow/example_dags/example_branch_operator_decorator.py
[2024-07-15T15:54:49.001+0000] {logging_mixin.py:188} INFO - [2024-07-15T15:54:49.001+0000] {dag.py:3096} INFO - Sync 1 DAGs
[2024-07-15T15:54:49.406+0000] {logging_mixin.py:188} INFO - [2024-07-15T15:54:49.405+0000] {dag.py:3954} INFO - Setting next_dagrun for example_branch_python_operator_decorator to 2024-07-14 00:00:00+00:00, run_after=2024-07-15 00:00:00+00:00
[2024-07-15T15:54:49.482+0000] {processor.py:183} INFO - Processing /home/airflow/.local/lib/python3.11/site-packages/airflow/example_dags/example_branch_operator_decorator.py took 0.654 seconds
[2024-07-15T15:54:58.808+0000] {processor.py:161} INFO - Started process (PID=25852) to work on /home/airflow/.local/lib/python3.11/site-packages/airflow/example_dags/example_branch_operator_decorator.py
[2024-07-15T15:54:58.811+0000] {processor.py:830} INFO - Processing file /home/airflow/.local/lib/python3.11/site-packages/airflow/example_dags/example_branch_operator_decorator.py for tasks to queue
[2024-07-15T15:54:58.815+0000] {logging_mixin.py:188} INFO - [2024-07-15T15:54:58.815+0000] {dagbag.py:545} INFO - Filling up the DagBag from /home/airflow/.local/lib/python3.11/site-packages/airflow/example_dags/example_branch_operator_decorator.py
[2024-07-15T15:54:58.864+0000] {processor.py:840} INFO - DAG(s) 'example_branch_python_operator_decorator' retrieved from /home/airflow/.local/lib/python3.11/site-packages/airflow/example_dags/example_branch_operator_decorator.py
[2024-07-15T15:54:58.950+0000] {logging_mixin.py:188} INFO - [2024-07-15T15:54:58.949+0000] {dag.py:3096} INFO - Sync 1 DAGs
[2024-07-15T15:54:59.008+0000] {logging_mixin.py:188} INFO - [2024-07-15T15:54:59.007+0000] {dag.py:3954} INFO - Setting next_dagrun for example_branch_python_operator_decorator to 2024-07-14 00:00:00+00:00, run_after=2024-07-15 00:00:00+00:00
[2024-07-15T15:54:59.065+0000] {processor.py:183} INFO - Processing /home/airflow/.local/lib/python3.11/site-packages/airflow/example_dags/example_branch_operator_decorator.py took 0.272 seconds
[2024-07-15T15:55:12.731+0000] {processor.py:161} INFO - Started process (PID=25904) to work on /home/airflow/.local/lib/python3.11/site-packages/airflow/example_dags/example_branch_operator_decorator.py
[2024-07-15T15:55:12.733+0000] {processor.py:830} INFO - Processing file /home/airflow/.local/lib/python3.11/site-packages/airflow/example_dags/example_branch_operator_decorator.py for tasks to queue
[2024-07-15T15:55:12.738+0000] {logging_mixin.py:188} INFO - [2024-07-15T15:55:12.737+0000] {dagbag.py:545} INFO - Filling up the DagBag from /home/airflow/.local/lib/python3.11/site-packages/airflow/example_dags/example_branch_operator_decorator.py
[2024-07-15T15:55:12.791+0000] {processor.py:840} INFO - DAG(s) 'example_branch_python_operator_decorator' retrieved from /home/airflow/.local/lib/python3.11/site-packages/airflow/example_dags/example_branch_operator_decorator.py
[2024-07-15T15:55:12.870+0000] {logging_mixin.py:188} INFO - [2024-07-15T15:55:12.869+0000] {dag.py:3096} INFO - Sync 1 DAGs
[2024-07-15T15:55:12.912+0000] {logging_mixin.py:188} INFO - [2024-07-15T15:55:12.912+0000] {dag.py:3954} INFO - Setting next_dagrun for example_branch_python_operator_decorator to 2024-07-14 00:00:00+00:00, run_after=2024-07-15 00:00:00+00:00
[2024-07-15T15:55:12.947+0000] {processor.py:183} INFO - Processing /home/airflow/.local/lib/python3.11/site-packages/airflow/example_dags/example_branch_operator_decorator.py took 0.234 seconds
[2024-07-15T15:55:23.380+0000] {processor.py:161} INFO - Started process (PID=25963) to work on /home/airflow/.local/lib/python3.11/site-packages/airflow/example_dags/example_branch_operator_decorator.py
[2024-07-15T15:55:23.385+0000] {processor.py:830} INFO - Processing file /home/airflow/.local/lib/python3.11/site-packages/airflow/example_dags/example_branch_operator_decorator.py for tasks to queue
[2024-07-15T15:55:23.389+0000] {logging_mixin.py:188} INFO - [2024-07-15T15:55:23.389+0000] {dagbag.py:545} INFO - Filling up the DagBag from /home/airflow/.local/lib/python3.11/site-packages/airflow/example_dags/example_branch_operator_decorator.py
[2024-07-15T15:55:23.472+0000] {processor.py:840} INFO - DAG(s) 'example_branch_python_operator_decorator' retrieved from /home/airflow/.local/lib/python3.11/site-packages/airflow/example_dags/example_branch_operator_decorator.py
[2024-07-15T15:55:23.579+0000] {logging_mixin.py:188} INFO - [2024-07-15T15:55:23.578+0000] {dag.py:3096} INFO - Sync 1 DAGs
[2024-07-15T15:55:23.941+0000] {logging_mixin.py:188} INFO - [2024-07-15T15:55:23.941+0000] {dag.py:3954} INFO - Setting next_dagrun for example_branch_python_operator_decorator to 2024-07-14 00:00:00+00:00, run_after=2024-07-15 00:00:00+00:00
[2024-07-15T15:55:23.981+0000] {processor.py:183} INFO - Processing /home/airflow/.local/lib/python3.11/site-packages/airflow/example_dags/example_branch_operator_decorator.py took 0.620 seconds
[2024-07-15T15:55:33.502+0000] {processor.py:161} INFO - Started process (PID=26015) to work on /home/airflow/.local/lib/python3.11/site-packages/airflow/example_dags/example_branch_operator_decorator.py
[2024-07-15T15:55:33.504+0000] {processor.py:830} INFO - Processing file /home/airflow/.local/lib/python3.11/site-packages/airflow/example_dags/example_branch_operator_decorator.py for tasks to queue
[2024-07-15T15:55:33.506+0000] {logging_mixin.py:188} INFO - [2024-07-15T15:55:33.506+0000] {dagbag.py:545} INFO - Filling up the DagBag from /home/airflow/.local/lib/python3.11/site-packages/airflow/example_dags/example_branch_operator_decorator.py
[2024-07-15T15:55:33.544+0000] {processor.py:840} INFO - DAG(s) 'example_branch_python_operator_decorator' retrieved from /home/airflow/.local/lib/python3.11/site-packages/airflow/example_dags/example_branch_operator_decorator.py
[2024-07-15T15:55:33.592+0000] {logging_mixin.py:188} INFO - [2024-07-15T15:55:33.591+0000] {dag.py:3096} INFO - Sync 1 DAGs
[2024-07-15T15:55:33.632+0000] {logging_mixin.py:188} INFO - [2024-07-15T15:55:33.631+0000] {dag.py:3954} INFO - Setting next_dagrun for example_branch_python_operator_decorator to 2024-07-14 00:00:00+00:00, run_after=2024-07-15 00:00:00+00:00
[2024-07-15T15:55:33.659+0000] {processor.py:183} INFO - Processing /home/airflow/.local/lib/python3.11/site-packages/airflow/example_dags/example_branch_operator_decorator.py took 0.166 seconds
[2024-07-15T15:55:39.988+0000] {processor.py:161} INFO - Started process (PID=26068) to work on /home/airflow/.local/lib/python3.11/site-packages/airflow/example_dags/example_branch_operator_decorator.py
[2024-07-15T15:55:39.989+0000] {processor.py:830} INFO - Processing file /home/airflow/.local/lib/python3.11/site-packages/airflow/example_dags/example_branch_operator_decorator.py for tasks to queue
[2024-07-15T15:55:39.993+0000] {logging_mixin.py:188} INFO - [2024-07-15T15:55:39.993+0000] {dagbag.py:545} INFO - Filling up the DagBag from /home/airflow/.local/lib/python3.11/site-packages/airflow/example_dags/example_branch_operator_decorator.py
[2024-07-15T15:55:40.036+0000] {processor.py:840} INFO - DAG(s) 'example_branch_python_operator_decorator' retrieved from /home/airflow/.local/lib/python3.11/site-packages/airflow/example_dags/example_branch_operator_decorator.py
[2024-07-15T15:55:40.121+0000] {logging_mixin.py:188} INFO - [2024-07-15T15:55:40.120+0000] {dag.py:3096} INFO - Sync 1 DAGs
[2024-07-15T15:55:40.172+0000] {logging_mixin.py:188} INFO - [2024-07-15T15:55:40.172+0000] {dag.py:3954} INFO - Setting next_dagrun for example_branch_python_operator_decorator to 2024-07-14 00:00:00+00:00, run_after=2024-07-15 00:00:00+00:00
[2024-07-15T15:55:40.214+0000] {processor.py:183} INFO - Processing /home/airflow/.local/lib/python3.11/site-packages/airflow/example_dags/example_branch_operator_decorator.py took 0.235 seconds
[2024-07-15T15:55:45.789+0000] {processor.py:161} INFO - Started process (PID=26120) to work on /home/airflow/.local/lib/python3.11/site-packages/airflow/example_dags/example_branch_operator_decorator.py
[2024-07-15T15:55:45.791+0000] {processor.py:830} INFO - Processing file /home/airflow/.local/lib/python3.11/site-packages/airflow/example_dags/example_branch_operator_decorator.py for tasks to queue
[2024-07-15T15:55:45.794+0000] {logging_mixin.py:188} INFO - [2024-07-15T15:55:45.793+0000] {dagbag.py:545} INFO - Filling up the DagBag from /home/airflow/.local/lib/python3.11/site-packages/airflow/example_dags/example_branch_operator_decorator.py
[2024-07-15T15:55:45.833+0000] {processor.py:840} INFO - DAG(s) 'example_branch_python_operator_decorator' retrieved from /home/airflow/.local/lib/python3.11/site-packages/airflow/example_dags/example_branch_operator_decorator.py
[2024-07-15T15:55:45.879+0000] {logging_mixin.py:188} INFO - [2024-07-15T15:55:45.879+0000] {dag.py:3096} INFO - Sync 1 DAGs
[2024-07-15T15:55:45.914+0000] {logging_mixin.py:188} INFO - [2024-07-15T15:55:45.913+0000] {dag.py:3954} INFO - Setting next_dagrun for example_branch_python_operator_decorator to 2024-07-14 00:00:00+00:00, run_after=2024-07-15 00:00:00+00:00
[2024-07-15T15:55:45.940+0000] {processor.py:183} INFO - Processing /home/airflow/.local/lib/python3.11/site-packages/airflow/example_dags/example_branch_operator_decorator.py took 0.160 seconds
[2024-07-15T15:55:52.859+0000] {processor.py:161} INFO - Started process (PID=26178) to work on /home/airflow/.local/lib/python3.11/site-packages/airflow/example_dags/example_branch_operator_decorator.py
[2024-07-15T15:55:52.861+0000] {processor.py:830} INFO - Processing file /home/airflow/.local/lib/python3.11/site-packages/airflow/example_dags/example_branch_operator_decorator.py for tasks to queue
[2024-07-15T15:55:52.865+0000] {logging_mixin.py:188} INFO - [2024-07-15T15:55:52.864+0000] {dagbag.py:545} INFO - Filling up the DagBag from /home/airflow/.local/lib/python3.11/site-packages/airflow/example_dags/example_branch_operator_decorator.py
[2024-07-15T15:55:52.910+0000] {processor.py:840} INFO - DAG(s) 'example_branch_python_operator_decorator' retrieved from /home/airflow/.local/lib/python3.11/site-packages/airflow/example_dags/example_branch_operator_decorator.py
[2024-07-15T15:55:52.973+0000] {logging_mixin.py:188} INFO - [2024-07-15T15:55:52.972+0000] {dag.py:3096} INFO - Sync 1 DAGs
[2024-07-15T15:55:53.036+0000] {logging_mixin.py:188} INFO - [2024-07-15T15:55:53.035+0000] {dag.py:3954} INFO - Setting next_dagrun for example_branch_python_operator_decorator to 2024-07-14 00:00:00+00:00, run_after=2024-07-15 00:00:00+00:00
[2024-07-15T15:55:53.091+0000] {processor.py:183} INFO - Processing /home/airflow/.local/lib/python3.11/site-packages/airflow/example_dags/example_branch_operator_decorator.py took 0.247 seconds
[2024-07-15T15:55:59.933+0000] {processor.py:161} INFO - Started process (PID=26230) to work on /home/airflow/.local/lib/python3.11/site-packages/airflow/example_dags/example_branch_operator_decorator.py
[2024-07-15T15:55:59.935+0000] {processor.py:830} INFO - Processing file /home/airflow/.local/lib/python3.11/site-packages/airflow/example_dags/example_branch_operator_decorator.py for tasks to queue
[2024-07-15T15:55:59.939+0000] {logging_mixin.py:188} INFO - [2024-07-15T15:55:59.939+0000] {dagbag.py:545} INFO - Filling up the DagBag from /home/airflow/.local/lib/python3.11/site-packages/airflow/example_dags/example_branch_operator_decorator.py
[2024-07-15T15:55:59.990+0000] {processor.py:840} INFO - DAG(s) 'example_branch_python_operator_decorator' retrieved from /home/airflow/.local/lib/python3.11/site-packages/airflow/example_dags/example_branch_operator_decorator.py
[2024-07-15T15:56:00.099+0000] {logging_mixin.py:188} INFO - [2024-07-15T15:56:00.098+0000] {dag.py:3096} INFO - Sync 1 DAGs
[2024-07-15T15:56:00.176+0000] {logging_mixin.py:188} INFO - [2024-07-15T15:56:00.175+0000] {dag.py:3954} INFO - Setting next_dagrun for example_branch_python_operator_decorator to 2024-07-14 00:00:00+00:00, run_after=2024-07-15 00:00:00+00:00
[2024-07-15T15:56:00.227+0000] {processor.py:183} INFO - Processing /home/airflow/.local/lib/python3.11/site-packages/airflow/example_dags/example_branch_operator_decorator.py took 0.307 seconds
[2024-07-15T15:56:06.993+0000] {processor.py:161} INFO - Started process (PID=26283) to work on /home/airflow/.local/lib/python3.11/site-packages/airflow/example_dags/example_branch_operator_decorator.py
[2024-07-15T15:56:06.994+0000] {processor.py:830} INFO - Processing file /home/airflow/.local/lib/python3.11/site-packages/airflow/example_dags/example_branch_operator_decorator.py for tasks to queue
[2024-07-15T15:56:06.997+0000] {logging_mixin.py:188} INFO - [2024-07-15T15:56:06.996+0000] {dagbag.py:545} INFO - Filling up the DagBag from /home/airflow/.local/lib/python3.11/site-packages/airflow/example_dags/example_branch_operator_decorator.py
[2024-07-15T15:56:07.032+0000] {processor.py:840} INFO - DAG(s) 'example_branch_python_operator_decorator' retrieved from /home/airflow/.local/lib/python3.11/site-packages/airflow/example_dags/example_branch_operator_decorator.py
[2024-07-15T15:56:07.082+0000] {logging_mixin.py:188} INFO - [2024-07-15T15:56:07.081+0000] {dag.py:3096} INFO - Sync 1 DAGs
[2024-07-15T15:56:07.126+0000] {logging_mixin.py:188} INFO - [2024-07-15T15:56:07.125+0000] {dag.py:3954} INFO - Setting next_dagrun for example_branch_python_operator_decorator to 2024-07-14 00:00:00+00:00, run_after=2024-07-15 00:00:00+00:00
[2024-07-15T15:56:07.157+0000] {processor.py:183} INFO - Processing /home/airflow/.local/lib/python3.11/site-packages/airflow/example_dags/example_branch_operator_decorator.py took 0.176 seconds
[2024-07-15T15:56:12.522+0000] {processor.py:161} INFO - Started process (PID=26335) to work on /home/airflow/.local/lib/python3.11/site-packages/airflow/example_dags/example_branch_operator_decorator.py
[2024-07-15T15:56:12.524+0000] {processor.py:830} INFO - Processing file /home/airflow/.local/lib/python3.11/site-packages/airflow/example_dags/example_branch_operator_decorator.py for tasks to queue
[2024-07-15T15:56:12.527+0000] {logging_mixin.py:188} INFO - [2024-07-15T15:56:12.526+0000] {dagbag.py:545} INFO - Filling up the DagBag from /home/airflow/.local/lib/python3.11/site-packages/airflow/example_dags/example_branch_operator_decorator.py
[2024-07-15T15:56:12.564+0000] {processor.py:840} INFO - DAG(s) 'example_branch_python_operator_decorator' retrieved from /home/airflow/.local/lib/python3.11/site-packages/airflow/example_dags/example_branch_operator_decorator.py
[2024-07-15T15:56:12.610+0000] {logging_mixin.py:188} INFO - [2024-07-15T15:56:12.609+0000] {dag.py:3096} INFO - Sync 1 DAGs
[2024-07-15T15:56:12.642+0000] {logging_mixin.py:188} INFO - [2024-07-15T15:56:12.642+0000] {dag.py:3954} INFO - Setting next_dagrun for example_branch_python_operator_decorator to 2024-07-14 00:00:00+00:00, run_after=2024-07-15 00:00:00+00:00
[2024-07-15T15:56:12.674+0000] {processor.py:183} INFO - Processing /home/airflow/.local/lib/python3.11/site-packages/airflow/example_dags/example_branch_operator_decorator.py took 0.161 seconds
[2024-07-15T15:56:19.747+0000] {processor.py:161} INFO - Started process (PID=26388) to work on /home/airflow/.local/lib/python3.11/site-packages/airflow/example_dags/example_branch_operator_decorator.py
[2024-07-15T15:56:19.748+0000] {processor.py:830} INFO - Processing file /home/airflow/.local/lib/python3.11/site-packages/airflow/example_dags/example_branch_operator_decorator.py for tasks to queue
[2024-07-15T15:56:19.751+0000] {logging_mixin.py:188} INFO - [2024-07-15T15:56:19.751+0000] {dagbag.py:545} INFO - Filling up the DagBag from /home/airflow/.local/lib/python3.11/site-packages/airflow/example_dags/example_branch_operator_decorator.py
[2024-07-15T15:56:19.794+0000] {processor.py:840} INFO - DAG(s) 'example_branch_python_operator_decorator' retrieved from /home/airflow/.local/lib/python3.11/site-packages/airflow/example_dags/example_branch_operator_decorator.py
[2024-07-15T15:56:19.851+0000] {logging_mixin.py:188} INFO - [2024-07-15T15:56:19.851+0000] {dag.py:3096} INFO - Sync 1 DAGs
[2024-07-15T15:56:19.887+0000] {logging_mixin.py:188} INFO - [2024-07-15T15:56:19.887+0000] {dag.py:3954} INFO - Setting next_dagrun for example_branch_python_operator_decorator to 2024-07-14 00:00:00+00:00, run_after=2024-07-15 00:00:00+00:00
[2024-07-15T15:56:19.914+0000] {processor.py:183} INFO - Processing /home/airflow/.local/lib/python3.11/site-packages/airflow/example_dags/example_branch_operator_decorator.py took 0.178 seconds
[2024-07-15T15:56:27.927+0000] {processor.py:161} INFO - Started process (PID=26446) to work on /home/airflow/.local/lib/python3.11/site-packages/airflow/example_dags/example_branch_operator_decorator.py
[2024-07-15T15:56:27.928+0000] {processor.py:830} INFO - Processing file /home/airflow/.local/lib/python3.11/site-packages/airflow/example_dags/example_branch_operator_decorator.py for tasks to queue
[2024-07-15T15:56:27.931+0000] {logging_mixin.py:188} INFO - [2024-07-15T15:56:27.931+0000] {dagbag.py:545} INFO - Filling up the DagBag from /home/airflow/.local/lib/python3.11/site-packages/airflow/example_dags/example_branch_operator_decorator.py
[2024-07-15T15:56:27.966+0000] {processor.py:840} INFO - DAG(s) 'example_branch_python_operator_decorator' retrieved from /home/airflow/.local/lib/python3.11/site-packages/airflow/example_dags/example_branch_operator_decorator.py
[2024-07-15T15:56:28.016+0000] {logging_mixin.py:188} INFO - [2024-07-15T15:56:28.015+0000] {dag.py:3096} INFO - Sync 1 DAGs
[2024-07-15T15:56:28.055+0000] {logging_mixin.py:188} INFO - [2024-07-15T15:56:28.055+0000] {dag.py:3954} INFO - Setting next_dagrun for example_branch_python_operator_decorator to 2024-07-14 00:00:00+00:00, run_after=2024-07-15 00:00:00+00:00
[2024-07-15T15:56:28.084+0000] {processor.py:183} INFO - Processing /home/airflow/.local/lib/python3.11/site-packages/airflow/example_dags/example_branch_operator_decorator.py took 0.167 seconds
[2024-07-15T15:56:35.768+0000] {processor.py:161} INFO - Started process (PID=26499) to work on /home/airflow/.local/lib/python3.11/site-packages/airflow/example_dags/example_branch_operator_decorator.py
[2024-07-15T15:56:35.770+0000] {processor.py:830} INFO - Processing file /home/airflow/.local/lib/python3.11/site-packages/airflow/example_dags/example_branch_operator_decorator.py for tasks to queue
[2024-07-15T15:56:35.773+0000] {logging_mixin.py:188} INFO - [2024-07-15T15:56:35.772+0000] {dagbag.py:545} INFO - Filling up the DagBag from /home/airflow/.local/lib/python3.11/site-packages/airflow/example_dags/example_branch_operator_decorator.py
[2024-07-15T15:56:35.813+0000] {processor.py:840} INFO - DAG(s) 'example_branch_python_operator_decorator' retrieved from /home/airflow/.local/lib/python3.11/site-packages/airflow/example_dags/example_branch_operator_decorator.py
[2024-07-15T15:56:35.859+0000] {logging_mixin.py:188} INFO - [2024-07-15T15:56:35.858+0000] {dag.py:3096} INFO - Sync 1 DAGs
[2024-07-15T15:56:35.893+0000] {logging_mixin.py:188} INFO - [2024-07-15T15:56:35.893+0000] {dag.py:3954} INFO - Setting next_dagrun for example_branch_python_operator_decorator to 2024-07-14 00:00:00+00:00, run_after=2024-07-15 00:00:00+00:00
[2024-07-15T15:56:35.923+0000] {processor.py:183} INFO - Processing /home/airflow/.local/lib/python3.11/site-packages/airflow/example_dags/example_branch_operator_decorator.py took 0.166 seconds
[2024-07-15T15:56:41.900+0000] {processor.py:161} INFO - Started process (PID=26551) to work on /home/airflow/.local/lib/python3.11/site-packages/airflow/example_dags/example_branch_operator_decorator.py
[2024-07-15T15:56:41.902+0000] {processor.py:830} INFO - Processing file /home/airflow/.local/lib/python3.11/site-packages/airflow/example_dags/example_branch_operator_decorator.py for tasks to queue
[2024-07-15T15:56:41.905+0000] {logging_mixin.py:188} INFO - [2024-07-15T15:56:41.904+0000] {dagbag.py:545} INFO - Filling up the DagBag from /home/airflow/.local/lib/python3.11/site-packages/airflow/example_dags/example_branch_operator_decorator.py
[2024-07-15T15:56:41.936+0000] {processor.py:840} INFO - DAG(s) 'example_branch_python_operator_decorator' retrieved from /home/airflow/.local/lib/python3.11/site-packages/airflow/example_dags/example_branch_operator_decorator.py
[2024-07-15T15:56:41.985+0000] {logging_mixin.py:188} INFO - [2024-07-15T15:56:41.984+0000] {dag.py:3096} INFO - Sync 1 DAGs
[2024-07-15T15:56:42.020+0000] {logging_mixin.py:188} INFO - [2024-07-15T15:56:42.019+0000] {dag.py:3954} INFO - Setting next_dagrun for example_branch_python_operator_decorator to 2024-07-14 00:00:00+00:00, run_after=2024-07-15 00:00:00+00:00
[2024-07-15T15:56:42.049+0000] {processor.py:183} INFO - Processing /home/airflow/.local/lib/python3.11/site-packages/airflow/example_dags/example_branch_operator_decorator.py took 0.158 seconds
[2024-07-15T15:56:46.521+0000] {processor.py:161} INFO - Started process (PID=26605) to work on /home/airflow/.local/lib/python3.11/site-packages/airflow/example_dags/example_branch_operator_decorator.py
[2024-07-15T15:56:46.522+0000] {processor.py:830} INFO - Processing file /home/airflow/.local/lib/python3.11/site-packages/airflow/example_dags/example_branch_operator_decorator.py for tasks to queue
[2024-07-15T15:56:46.525+0000] {logging_mixin.py:188} INFO - [2024-07-15T15:56:46.524+0000] {dagbag.py:545} INFO - Filling up the DagBag from /home/airflow/.local/lib/python3.11/site-packages/airflow/example_dags/example_branch_operator_decorator.py
[2024-07-15T15:56:46.558+0000] {processor.py:840} INFO - DAG(s) 'example_branch_python_operator_decorator' retrieved from /home/airflow/.local/lib/python3.11/site-packages/airflow/example_dags/example_branch_operator_decorator.py
[2024-07-15T15:56:46.600+0000] {logging_mixin.py:188} INFO - [2024-07-15T15:56:46.600+0000] {dag.py:3096} INFO - Sync 1 DAGs
[2024-07-15T15:56:46.628+0000] {logging_mixin.py:188} INFO - [2024-07-15T15:56:46.628+0000] {dag.py:3954} INFO - Setting next_dagrun for example_branch_python_operator_decorator to 2024-07-14 00:00:00+00:00, run_after=2024-07-15 00:00:00+00:00
[2024-07-15T15:56:46.652+0000] {processor.py:183} INFO - Processing /home/airflow/.local/lib/python3.11/site-packages/airflow/example_dags/example_branch_operator_decorator.py took 0.140 seconds
[2024-07-15T15:56:51.927+0000] {processor.py:161} INFO - Started process (PID=26657) to work on /home/airflow/.local/lib/python3.11/site-packages/airflow/example_dags/example_branch_operator_decorator.py
[2024-07-15T15:56:51.929+0000] {processor.py:830} INFO - Processing file /home/airflow/.local/lib/python3.11/site-packages/airflow/example_dags/example_branch_operator_decorator.py for tasks to queue
[2024-07-15T15:56:51.932+0000] {logging_mixin.py:188} INFO - [2024-07-15T15:56:51.932+0000] {dagbag.py:545} INFO - Filling up the DagBag from /home/airflow/.local/lib/python3.11/site-packages/airflow/example_dags/example_branch_operator_decorator.py
[2024-07-15T15:56:51.968+0000] {processor.py:840} INFO - DAG(s) 'example_branch_python_operator_decorator' retrieved from /home/airflow/.local/lib/python3.11/site-packages/airflow/example_dags/example_branch_operator_decorator.py
[2024-07-15T15:56:52.024+0000] {logging_mixin.py:188} INFO - [2024-07-15T15:56:52.024+0000] {dag.py:3096} INFO - Sync 1 DAGs
[2024-07-15T15:56:52.096+0000] {logging_mixin.py:188} INFO - [2024-07-15T15:56:52.095+0000] {dag.py:3954} INFO - Setting next_dagrun for example_branch_python_operator_decorator to 2024-07-14 00:00:00+00:00, run_after=2024-07-15 00:00:00+00:00
[2024-07-15T15:56:52.132+0000] {processor.py:183} INFO - Processing /home/airflow/.local/lib/python3.11/site-packages/airflow/example_dags/example_branch_operator_decorator.py took 0.214 seconds
[2024-07-15T15:56:57.204+0000] {processor.py:161} INFO - Started process (PID=26717) to work on /home/airflow/.local/lib/python3.11/site-packages/airflow/example_dags/example_branch_operator_decorator.py
[2024-07-15T15:56:57.206+0000] {processor.py:830} INFO - Processing file /home/airflow/.local/lib/python3.11/site-packages/airflow/example_dags/example_branch_operator_decorator.py for tasks to queue
[2024-07-15T15:56:57.208+0000] {logging_mixin.py:188} INFO - [2024-07-15T15:56:57.208+0000] {dagbag.py:545} INFO - Filling up the DagBag from /home/airflow/.local/lib/python3.11/site-packages/airflow/example_dags/example_branch_operator_decorator.py
[2024-07-15T15:56:57.238+0000] {processor.py:840} INFO - DAG(s) 'example_branch_python_operator_decorator' retrieved from /home/airflow/.local/lib/python3.11/site-packages/airflow/example_dags/example_branch_operator_decorator.py
[2024-07-15T15:56:57.280+0000] {logging_mixin.py:188} INFO - [2024-07-15T15:56:57.279+0000] {dag.py:3096} INFO - Sync 1 DAGs
[2024-07-15T15:56:57.308+0000] {logging_mixin.py:188} INFO - [2024-07-15T15:56:57.308+0000] {dag.py:3954} INFO - Setting next_dagrun for example_branch_python_operator_decorator to 2024-07-14 00:00:00+00:00, run_after=2024-07-15 00:00:00+00:00
[2024-07-15T15:56:57.337+0000] {processor.py:183} INFO - Processing /home/airflow/.local/lib/python3.11/site-packages/airflow/example_dags/example_branch_operator_decorator.py took 0.141 seconds
