[2024-07-15T15:48:58.123+0000] {processor.py:161} INFO - Started process (PID=22612) to work on /home/airflow/.local/lib/python3.11/site-packages/airflow/example_dags/example_dynamic_task_mapping.py
[2024-07-15T15:48:58.125+0000] {processor.py:830} INFO - Processing file /home/airflow/.local/lib/python3.11/site-packages/airflow/example_dags/example_dynamic_task_mapping.py for tasks to queue
[2024-07-15T15:48:58.139+0000] {logging_mixin.py:188} INFO - [2024-07-15T15:48:58.138+0000] {dagbag.py:545} INFO - Filling up the DagBag from /home/airflow/.local/lib/python3.11/site-packages/airflow/example_dags/example_dynamic_task_mapping.py
[2024-07-15T15:48:58.186+0000] {processor.py:840} INFO - DAG(s) 'example_dynamic_task_mapping' retrieved from /home/airflow/.local/lib/python3.11/site-packages/airflow/example_dags/example_dynamic_task_mapping.py
[2024-07-15T15:48:58.298+0000] {logging_mixin.py:188} INFO - [2024-07-15T15:48:58.298+0000] {dag.py:3096} INFO - Sync 1 DAGs
[2024-07-15T15:48:58.442+0000] {logging_mixin.py:188} INFO - [2024-07-15T15:48:58.441+0000] {dag.py:3954} INFO - Setting next_dagrun for example_dynamic_task_mapping to 2022-03-04 00:00:00+00:00, run_after=2022-03-05 00:00:00+00:00
[2024-07-15T15:48:58.551+0000] {processor.py:183} INFO - Processing /home/airflow/.local/lib/python3.11/site-packages/airflow/example_dags/example_dynamic_task_mapping.py took 0.468 seconds
[2024-07-15T15:49:11.852+0000] {processor.py:161} INFO - Started process (PID=22666) to work on /home/airflow/.local/lib/python3.11/site-packages/airflow/example_dags/example_dynamic_task_mapping.py
[2024-07-15T15:49:11.854+0000] {processor.py:830} INFO - Processing file /home/airflow/.local/lib/python3.11/site-packages/airflow/example_dags/example_dynamic_task_mapping.py for tasks to queue
[2024-07-15T15:49:11.857+0000] {logging_mixin.py:188} INFO - [2024-07-15T15:49:11.857+0000] {dagbag.py:545} INFO - Filling up the DagBag from /home/airflow/.local/lib/python3.11/site-packages/airflow/example_dags/example_dynamic_task_mapping.py
[2024-07-15T15:49:11.871+0000] {processor.py:840} INFO - DAG(s) 'example_dynamic_task_mapping' retrieved from /home/airflow/.local/lib/python3.11/site-packages/airflow/example_dags/example_dynamic_task_mapping.py
[2024-07-15T15:49:11.909+0000] {logging_mixin.py:188} INFO - [2024-07-15T15:49:11.909+0000] {dag.py:3096} INFO - Sync 1 DAGs
[2024-07-15T15:49:11.955+0000] {logging_mixin.py:188} INFO - [2024-07-15T15:49:11.954+0000] {dag.py:3954} INFO - Setting next_dagrun for example_dynamic_task_mapping to 2022-03-04 00:00:00+00:00, run_after=2022-03-05 00:00:00+00:00
[2024-07-15T15:49:11.989+0000] {processor.py:183} INFO - Processing /home/airflow/.local/lib/python3.11/site-packages/airflow/example_dags/example_dynamic_task_mapping.py took 0.147 seconds
[2024-07-15T15:49:19.182+0000] {processor.py:161} INFO - Started process (PID=22718) to work on /home/airflow/.local/lib/python3.11/site-packages/airflow/example_dags/example_dynamic_task_mapping.py
[2024-07-15T15:49:19.185+0000] {processor.py:830} INFO - Processing file /home/airflow/.local/lib/python3.11/site-packages/airflow/example_dags/example_dynamic_task_mapping.py for tasks to queue
[2024-07-15T15:49:19.188+0000] {logging_mixin.py:188} INFO - [2024-07-15T15:49:19.187+0000] {dagbag.py:545} INFO - Filling up the DagBag from /home/airflow/.local/lib/python3.11/site-packages/airflow/example_dags/example_dynamic_task_mapping.py
[2024-07-15T15:49:19.204+0000] {processor.py:840} INFO - DAG(s) 'example_dynamic_task_mapping' retrieved from /home/airflow/.local/lib/python3.11/site-packages/airflow/example_dags/example_dynamic_task_mapping.py
[2024-07-15T15:49:19.243+0000] {logging_mixin.py:188} INFO - [2024-07-15T15:49:19.243+0000] {dag.py:3096} INFO - Sync 1 DAGs
[2024-07-15T15:49:19.288+0000] {logging_mixin.py:188} INFO - [2024-07-15T15:49:19.287+0000] {dag.py:3954} INFO - Setting next_dagrun for example_dynamic_task_mapping to 2022-03-04 00:00:00+00:00, run_after=2022-03-05 00:00:00+00:00
[2024-07-15T15:49:19.324+0000] {processor.py:183} INFO - Processing /home/airflow/.local/lib/python3.11/site-packages/airflow/example_dags/example_dynamic_task_mapping.py took 0.155 seconds
[2024-07-15T15:49:27.599+0000] {processor.py:161} INFO - Started process (PID=22777) to work on /home/airflow/.local/lib/python3.11/site-packages/airflow/example_dags/example_dynamic_task_mapping.py
[2024-07-15T15:49:27.600+0000] {processor.py:830} INFO - Processing file /home/airflow/.local/lib/python3.11/site-packages/airflow/example_dags/example_dynamic_task_mapping.py for tasks to queue
[2024-07-15T15:49:27.603+0000] {logging_mixin.py:188} INFO - [2024-07-15T15:49:27.603+0000] {dagbag.py:545} INFO - Filling up the DagBag from /home/airflow/.local/lib/python3.11/site-packages/airflow/example_dags/example_dynamic_task_mapping.py
[2024-07-15T15:49:27.616+0000] {processor.py:840} INFO - DAG(s) 'example_dynamic_task_mapping' retrieved from /home/airflow/.local/lib/python3.11/site-packages/airflow/example_dags/example_dynamic_task_mapping.py
[2024-07-15T15:49:27.651+0000] {logging_mixin.py:188} INFO - [2024-07-15T15:49:27.650+0000] {dag.py:3096} INFO - Sync 1 DAGs
[2024-07-15T15:49:27.696+0000] {logging_mixin.py:188} INFO - [2024-07-15T15:49:27.695+0000] {dag.py:3954} INFO - Setting next_dagrun for example_dynamic_task_mapping to 2022-03-04 00:00:00+00:00, run_after=2022-03-05 00:00:00+00:00
[2024-07-15T15:49:27.728+0000] {processor.py:183} INFO - Processing /home/airflow/.local/lib/python3.11/site-packages/airflow/example_dags/example_dynamic_task_mapping.py took 0.140 seconds
[2024-07-15T15:49:35.326+0000] {processor.py:161} INFO - Started process (PID=22829) to work on /home/airflow/.local/lib/python3.11/site-packages/airflow/example_dags/example_dynamic_task_mapping.py
[2024-07-15T15:49:35.328+0000] {processor.py:830} INFO - Processing file /home/airflow/.local/lib/python3.11/site-packages/airflow/example_dags/example_dynamic_task_mapping.py for tasks to queue
[2024-07-15T15:49:35.331+0000] {logging_mixin.py:188} INFO - [2024-07-15T15:49:35.330+0000] {dagbag.py:545} INFO - Filling up the DagBag from /home/airflow/.local/lib/python3.11/site-packages/airflow/example_dags/example_dynamic_task_mapping.py
[2024-07-15T15:49:35.344+0000] {processor.py:840} INFO - DAG(s) 'example_dynamic_task_mapping' retrieved from /home/airflow/.local/lib/python3.11/site-packages/airflow/example_dags/example_dynamic_task_mapping.py
[2024-07-15T15:49:35.379+0000] {logging_mixin.py:188} INFO - [2024-07-15T15:49:35.378+0000] {dag.py:3096} INFO - Sync 1 DAGs
[2024-07-15T15:49:35.414+0000] {logging_mixin.py:188} INFO - [2024-07-15T15:49:35.413+0000] {dag.py:3954} INFO - Setting next_dagrun for example_dynamic_task_mapping to 2022-03-04 00:00:00+00:00, run_after=2022-03-05 00:00:00+00:00
[2024-07-15T15:49:35.443+0000] {processor.py:183} INFO - Processing /home/airflow/.local/lib/python3.11/site-packages/airflow/example_dags/example_dynamic_task_mapping.py took 0.128 seconds
[2024-07-15T15:49:43.184+0000] {processor.py:161} INFO - Started process (PID=22882) to work on /home/airflow/.local/lib/python3.11/site-packages/airflow/example_dags/example_dynamic_task_mapping.py
[2024-07-15T15:49:43.186+0000] {processor.py:830} INFO - Processing file /home/airflow/.local/lib/python3.11/site-packages/airflow/example_dags/example_dynamic_task_mapping.py for tasks to queue
[2024-07-15T15:49:43.189+0000] {logging_mixin.py:188} INFO - [2024-07-15T15:49:43.188+0000] {dagbag.py:545} INFO - Filling up the DagBag from /home/airflow/.local/lib/python3.11/site-packages/airflow/example_dags/example_dynamic_task_mapping.py
[2024-07-15T15:49:43.200+0000] {processor.py:840} INFO - DAG(s) 'example_dynamic_task_mapping' retrieved from /home/airflow/.local/lib/python3.11/site-packages/airflow/example_dags/example_dynamic_task_mapping.py
[2024-07-15T15:49:43.234+0000] {logging_mixin.py:188} INFO - [2024-07-15T15:49:43.234+0000] {dag.py:3096} INFO - Sync 1 DAGs
[2024-07-15T15:49:43.268+0000] {logging_mixin.py:188} INFO - [2024-07-15T15:49:43.268+0000] {dag.py:3954} INFO - Setting next_dagrun for example_dynamic_task_mapping to 2022-03-04 00:00:00+00:00, run_after=2022-03-05 00:00:00+00:00
[2024-07-15T15:49:43.296+0000] {processor.py:183} INFO - Processing /home/airflow/.local/lib/python3.11/site-packages/airflow/example_dags/example_dynamic_task_mapping.py took 0.122 seconds
[2024-07-15T15:49:49.346+0000] {processor.py:161} INFO - Started process (PID=22934) to work on /home/airflow/.local/lib/python3.11/site-packages/airflow/example_dags/example_dynamic_task_mapping.py
[2024-07-15T15:49:49.348+0000] {processor.py:830} INFO - Processing file /home/airflow/.local/lib/python3.11/site-packages/airflow/example_dags/example_dynamic_task_mapping.py for tasks to queue
[2024-07-15T15:49:49.352+0000] {logging_mixin.py:188} INFO - [2024-07-15T15:49:49.351+0000] {dagbag.py:545} INFO - Filling up the DagBag from /home/airflow/.local/lib/python3.11/site-packages/airflow/example_dags/example_dynamic_task_mapping.py
[2024-07-15T15:49:49.367+0000] {processor.py:840} INFO - DAG(s) 'example_dynamic_task_mapping' retrieved from /home/airflow/.local/lib/python3.11/site-packages/airflow/example_dags/example_dynamic_task_mapping.py
[2024-07-15T15:49:49.407+0000] {logging_mixin.py:188} INFO - [2024-07-15T15:49:49.407+0000] {dag.py:3096} INFO - Sync 1 DAGs
[2024-07-15T15:49:49.455+0000] {logging_mixin.py:188} INFO - [2024-07-15T15:49:49.454+0000] {dag.py:3954} INFO - Setting next_dagrun for example_dynamic_task_mapping to 2022-03-04 00:00:00+00:00, run_after=2022-03-05 00:00:00+00:00
[2024-07-15T15:49:49.492+0000] {processor.py:183} INFO - Processing /home/airflow/.local/lib/python3.11/site-packages/airflow/example_dags/example_dynamic_task_mapping.py took 0.157 seconds
[2024-07-15T15:49:55.928+0000] {processor.py:161} INFO - Started process (PID=22994) to work on /home/airflow/.local/lib/python3.11/site-packages/airflow/example_dags/example_dynamic_task_mapping.py
[2024-07-15T15:49:55.930+0000] {processor.py:830} INFO - Processing file /home/airflow/.local/lib/python3.11/site-packages/airflow/example_dags/example_dynamic_task_mapping.py for tasks to queue
[2024-07-15T15:49:55.938+0000] {logging_mixin.py:188} INFO - [2024-07-15T15:49:55.937+0000] {dagbag.py:545} INFO - Filling up the DagBag from /home/airflow/.local/lib/python3.11/site-packages/airflow/example_dags/example_dynamic_task_mapping.py
[2024-07-15T15:49:55.956+0000] {processor.py:840} INFO - DAG(s) 'example_dynamic_task_mapping' retrieved from /home/airflow/.local/lib/python3.11/site-packages/airflow/example_dags/example_dynamic_task_mapping.py
[2024-07-15T15:49:56.005+0000] {logging_mixin.py:188} INFO - [2024-07-15T15:49:56.005+0000] {dag.py:3096} INFO - Sync 1 DAGs
[2024-07-15T15:49:56.075+0000] {logging_mixin.py:188} INFO - [2024-07-15T15:49:56.074+0000] {dag.py:3954} INFO - Setting next_dagrun for example_dynamic_task_mapping to 2022-03-04 00:00:00+00:00, run_after=2022-03-05 00:00:00+00:00
[2024-07-15T15:49:56.117+0000] {processor.py:183} INFO - Processing /home/airflow/.local/lib/python3.11/site-packages/airflow/example_dags/example_dynamic_task_mapping.py took 0.203 seconds
[2024-07-15T15:50:02.744+0000] {processor.py:161} INFO - Started process (PID=23046) to work on /home/airflow/.local/lib/python3.11/site-packages/airflow/example_dags/example_dynamic_task_mapping.py
[2024-07-15T15:50:02.746+0000] {processor.py:830} INFO - Processing file /home/airflow/.local/lib/python3.11/site-packages/airflow/example_dags/example_dynamic_task_mapping.py for tasks to queue
[2024-07-15T15:50:02.749+0000] {logging_mixin.py:188} INFO - [2024-07-15T15:50:02.748+0000] {dagbag.py:545} INFO - Filling up the DagBag from /home/airflow/.local/lib/python3.11/site-packages/airflow/example_dags/example_dynamic_task_mapping.py
[2024-07-15T15:50:02.758+0000] {processor.py:840} INFO - DAG(s) 'example_dynamic_task_mapping' retrieved from /home/airflow/.local/lib/python3.11/site-packages/airflow/example_dags/example_dynamic_task_mapping.py
[2024-07-15T15:50:02.784+0000] {logging_mixin.py:188} INFO - [2024-07-15T15:50:02.784+0000] {dag.py:3096} INFO - Sync 1 DAGs
[2024-07-15T15:50:02.812+0000] {logging_mixin.py:188} INFO - [2024-07-15T15:50:02.811+0000] {dag.py:3954} INFO - Setting next_dagrun for example_dynamic_task_mapping to 2022-03-04 00:00:00+00:00, run_after=2022-03-05 00:00:00+00:00
[2024-07-15T15:50:02.836+0000] {processor.py:183} INFO - Processing /home/airflow/.local/lib/python3.11/site-packages/airflow/example_dags/example_dynamic_task_mapping.py took 0.101 seconds
[2024-07-15T15:50:08.483+0000] {processor.py:161} INFO - Started process (PID=23099) to work on /home/airflow/.local/lib/python3.11/site-packages/airflow/example_dags/example_dynamic_task_mapping.py
[2024-07-15T15:50:08.484+0000] {processor.py:830} INFO - Processing file /home/airflow/.local/lib/python3.11/site-packages/airflow/example_dags/example_dynamic_task_mapping.py for tasks to queue
[2024-07-15T15:50:08.487+0000] {logging_mixin.py:188} INFO - [2024-07-15T15:50:08.486+0000] {dagbag.py:545} INFO - Filling up the DagBag from /home/airflow/.local/lib/python3.11/site-packages/airflow/example_dags/example_dynamic_task_mapping.py
[2024-07-15T15:50:08.495+0000] {processor.py:840} INFO - DAG(s) 'example_dynamic_task_mapping' retrieved from /home/airflow/.local/lib/python3.11/site-packages/airflow/example_dags/example_dynamic_task_mapping.py
[2024-07-15T15:50:08.547+0000] {logging_mixin.py:188} INFO - [2024-07-15T15:50:08.547+0000] {dag.py:3096} INFO - Sync 1 DAGs
[2024-07-15T15:50:08.580+0000] {logging_mixin.py:188} INFO - [2024-07-15T15:50:08.580+0000] {dag.py:3954} INFO - Setting next_dagrun for example_dynamic_task_mapping to 2022-03-04 00:00:00+00:00, run_after=2022-03-05 00:00:00+00:00
[2024-07-15T15:50:08.601+0000] {processor.py:183} INFO - Processing /home/airflow/.local/lib/python3.11/site-packages/airflow/example_dags/example_dynamic_task_mapping.py took 0.129 seconds
[2024-07-15T15:50:14.478+0000] {processor.py:161} INFO - Started process (PID=23151) to work on /home/airflow/.local/lib/python3.11/site-packages/airflow/example_dags/example_dynamic_task_mapping.py
[2024-07-15T15:50:14.481+0000] {processor.py:830} INFO - Processing file /home/airflow/.local/lib/python3.11/site-packages/airflow/example_dags/example_dynamic_task_mapping.py for tasks to queue
[2024-07-15T15:50:14.485+0000] {logging_mixin.py:188} INFO - [2024-07-15T15:50:14.484+0000] {dagbag.py:545} INFO - Filling up the DagBag from /home/airflow/.local/lib/python3.11/site-packages/airflow/example_dags/example_dynamic_task_mapping.py
[2024-07-15T15:50:14.493+0000] {processor.py:840} INFO - DAG(s) 'example_dynamic_task_mapping' retrieved from /home/airflow/.local/lib/python3.11/site-packages/airflow/example_dags/example_dynamic_task_mapping.py
[2024-07-15T15:50:14.514+0000] {logging_mixin.py:188} INFO - [2024-07-15T15:50:14.514+0000] {dag.py:3096} INFO - Sync 1 DAGs
[2024-07-15T15:50:14.537+0000] {logging_mixin.py:188} INFO - [2024-07-15T15:50:14.537+0000] {dag.py:3954} INFO - Setting next_dagrun for example_dynamic_task_mapping to 2022-03-04 00:00:00+00:00, run_after=2022-03-05 00:00:00+00:00
[2024-07-15T15:50:14.576+0000] {processor.py:183} INFO - Processing /home/airflow/.local/lib/python3.11/site-packages/airflow/example_dags/example_dynamic_task_mapping.py took 0.107 seconds
[2024-07-15T15:50:20.174+0000] {processor.py:161} INFO - Started process (PID=23204) to work on /home/airflow/.local/lib/python3.11/site-packages/airflow/example_dags/example_dynamic_task_mapping.py
[2024-07-15T15:50:20.175+0000] {processor.py:830} INFO - Processing file /home/airflow/.local/lib/python3.11/site-packages/airflow/example_dags/example_dynamic_task_mapping.py for tasks to queue
[2024-07-15T15:50:20.177+0000] {logging_mixin.py:188} INFO - [2024-07-15T15:50:20.177+0000] {dagbag.py:545} INFO - Filling up the DagBag from /home/airflow/.local/lib/python3.11/site-packages/airflow/example_dags/example_dynamic_task_mapping.py
[2024-07-15T15:50:20.186+0000] {processor.py:840} INFO - DAG(s) 'example_dynamic_task_mapping' retrieved from /home/airflow/.local/lib/python3.11/site-packages/airflow/example_dags/example_dynamic_task_mapping.py
[2024-07-15T15:50:20.209+0000] {logging_mixin.py:188} INFO - [2024-07-15T15:50:20.209+0000] {dag.py:3096} INFO - Sync 1 DAGs
[2024-07-15T15:50:20.254+0000] {logging_mixin.py:188} INFO - [2024-07-15T15:50:20.254+0000] {dag.py:3954} INFO - Setting next_dagrun for example_dynamic_task_mapping to 2022-03-04 00:00:00+00:00, run_after=2022-03-05 00:00:00+00:00
[2024-07-15T15:50:20.281+0000] {processor.py:183} INFO - Processing /home/airflow/.local/lib/python3.11/site-packages/airflow/example_dags/example_dynamic_task_mapping.py took 0.115 seconds
[2024-07-15T15:50:25.397+0000] {processor.py:161} INFO - Started process (PID=23264) to work on /home/airflow/.local/lib/python3.11/site-packages/airflow/example_dags/example_dynamic_task_mapping.py
[2024-07-15T15:50:25.399+0000] {processor.py:830} INFO - Processing file /home/airflow/.local/lib/python3.11/site-packages/airflow/example_dags/example_dynamic_task_mapping.py for tasks to queue
[2024-07-15T15:50:25.402+0000] {logging_mixin.py:188} INFO - [2024-07-15T15:50:25.401+0000] {dagbag.py:545} INFO - Filling up the DagBag from /home/airflow/.local/lib/python3.11/site-packages/airflow/example_dags/example_dynamic_task_mapping.py
[2024-07-15T15:50:25.413+0000] {processor.py:840} INFO - DAG(s) 'example_dynamic_task_mapping' retrieved from /home/airflow/.local/lib/python3.11/site-packages/airflow/example_dags/example_dynamic_task_mapping.py
[2024-07-15T15:50:25.443+0000] {logging_mixin.py:188} INFO - [2024-07-15T15:50:25.442+0000] {dag.py:3096} INFO - Sync 1 DAGs
[2024-07-15T15:50:25.469+0000] {logging_mixin.py:188} INFO - [2024-07-15T15:50:25.469+0000] {dag.py:3954} INFO - Setting next_dagrun for example_dynamic_task_mapping to 2022-03-04 00:00:00+00:00, run_after=2022-03-05 00:00:00+00:00
[2024-07-15T15:50:25.506+0000] {processor.py:183} INFO - Processing /home/airflow/.local/lib/python3.11/site-packages/airflow/example_dags/example_dynamic_task_mapping.py took 0.117 seconds
[2024-07-15T15:50:30.815+0000] {processor.py:161} INFO - Started process (PID=23316) to work on /home/airflow/.local/lib/python3.11/site-packages/airflow/example_dags/example_dynamic_task_mapping.py
[2024-07-15T15:50:30.816+0000] {processor.py:830} INFO - Processing file /home/airflow/.local/lib/python3.11/site-packages/airflow/example_dags/example_dynamic_task_mapping.py for tasks to queue
[2024-07-15T15:50:30.818+0000] {logging_mixin.py:188} INFO - [2024-07-15T15:50:30.818+0000] {dagbag.py:545} INFO - Filling up the DagBag from /home/airflow/.local/lib/python3.11/site-packages/airflow/example_dags/example_dynamic_task_mapping.py
[2024-07-15T15:50:30.826+0000] {processor.py:840} INFO - DAG(s) 'example_dynamic_task_mapping' retrieved from /home/airflow/.local/lib/python3.11/site-packages/airflow/example_dags/example_dynamic_task_mapping.py
[2024-07-15T15:50:30.852+0000] {logging_mixin.py:188} INFO - [2024-07-15T15:50:30.852+0000] {dag.py:3096} INFO - Sync 1 DAGs
[2024-07-15T15:50:30.900+0000] {logging_mixin.py:188} INFO - [2024-07-15T15:50:30.900+0000] {dag.py:3954} INFO - Setting next_dagrun for example_dynamic_task_mapping to 2022-03-04 00:00:00+00:00, run_after=2022-03-05 00:00:00+00:00
[2024-07-15T15:50:30.933+0000] {processor.py:183} INFO - Processing /home/airflow/.local/lib/python3.11/site-packages/airflow/example_dags/example_dynamic_task_mapping.py took 0.126 seconds
[2024-07-15T15:50:36.441+0000] {processor.py:161} INFO - Started process (PID=23370) to work on /home/airflow/.local/lib/python3.11/site-packages/airflow/example_dags/example_dynamic_task_mapping.py
[2024-07-15T15:50:36.443+0000] {processor.py:830} INFO - Processing file /home/airflow/.local/lib/python3.11/site-packages/airflow/example_dags/example_dynamic_task_mapping.py for tasks to queue
[2024-07-15T15:50:36.446+0000] {logging_mixin.py:188} INFO - [2024-07-15T15:50:36.445+0000] {dagbag.py:545} INFO - Filling up the DagBag from /home/airflow/.local/lib/python3.11/site-packages/airflow/example_dags/example_dynamic_task_mapping.py
[2024-07-15T15:50:36.455+0000] {processor.py:840} INFO - DAG(s) 'example_dynamic_task_mapping' retrieved from /home/airflow/.local/lib/python3.11/site-packages/airflow/example_dags/example_dynamic_task_mapping.py
[2024-07-15T15:50:36.482+0000] {logging_mixin.py:188} INFO - [2024-07-15T15:50:36.481+0000] {dag.py:3096} INFO - Sync 1 DAGs
[2024-07-15T15:50:36.508+0000] {logging_mixin.py:188} INFO - [2024-07-15T15:50:36.508+0000] {dag.py:3954} INFO - Setting next_dagrun for example_dynamic_task_mapping to 2022-03-04 00:00:00+00:00, run_after=2022-03-05 00:00:00+00:00
[2024-07-15T15:50:36.531+0000] {processor.py:183} INFO - Processing /home/airflow/.local/lib/python3.11/site-packages/airflow/example_dags/example_dynamic_task_mapping.py took 0.100 seconds
[2024-07-15T15:50:41.704+0000] {processor.py:161} INFO - Started process (PID=23422) to work on /home/airflow/.local/lib/python3.11/site-packages/airflow/example_dags/example_dynamic_task_mapping.py
[2024-07-15T15:50:41.706+0000] {processor.py:830} INFO - Processing file /home/airflow/.local/lib/python3.11/site-packages/airflow/example_dags/example_dynamic_task_mapping.py for tasks to queue
[2024-07-15T15:50:41.709+0000] {logging_mixin.py:188} INFO - [2024-07-15T15:50:41.708+0000] {dagbag.py:545} INFO - Filling up the DagBag from /home/airflow/.local/lib/python3.11/site-packages/airflow/example_dags/example_dynamic_task_mapping.py
[2024-07-15T15:50:41.721+0000] {processor.py:840} INFO - DAG(s) 'example_dynamic_task_mapping' retrieved from /home/airflow/.local/lib/python3.11/site-packages/airflow/example_dags/example_dynamic_task_mapping.py
[2024-07-15T15:50:41.756+0000] {logging_mixin.py:188} INFO - [2024-07-15T15:50:41.756+0000] {dag.py:3096} INFO - Sync 1 DAGs
[2024-07-15T15:50:41.796+0000] {logging_mixin.py:188} INFO - [2024-07-15T15:50:41.796+0000] {dag.py:3954} INFO - Setting next_dagrun for example_dynamic_task_mapping to 2022-03-04 00:00:00+00:00, run_after=2022-03-05 00:00:00+00:00
[2024-07-15T15:50:41.826+0000] {processor.py:183} INFO - Processing /home/airflow/.local/lib/python3.11/site-packages/airflow/example_dags/example_dynamic_task_mapping.py took 0.134 seconds
[2024-07-15T15:50:47.921+0000] {processor.py:161} INFO - Started process (PID=23475) to work on /home/airflow/.local/lib/python3.11/site-packages/airflow/example_dags/example_dynamic_task_mapping.py
[2024-07-15T15:50:47.923+0000] {processor.py:830} INFO - Processing file /home/airflow/.local/lib/python3.11/site-packages/airflow/example_dags/example_dynamic_task_mapping.py for tasks to queue
[2024-07-15T15:50:47.925+0000] {logging_mixin.py:188} INFO - [2024-07-15T15:50:47.925+0000] {dagbag.py:545} INFO - Filling up the DagBag from /home/airflow/.local/lib/python3.11/site-packages/airflow/example_dags/example_dynamic_task_mapping.py
[2024-07-15T15:50:47.934+0000] {processor.py:840} INFO - DAG(s) 'example_dynamic_task_mapping' retrieved from /home/airflow/.local/lib/python3.11/site-packages/airflow/example_dags/example_dynamic_task_mapping.py
[2024-07-15T15:50:47.957+0000] {logging_mixin.py:188} INFO - [2024-07-15T15:50:47.957+0000] {dag.py:3096} INFO - Sync 1 DAGs
[2024-07-15T15:50:48.005+0000] {logging_mixin.py:188} INFO - [2024-07-15T15:50:48.005+0000] {dag.py:3954} INFO - Setting next_dagrun for example_dynamic_task_mapping to 2022-03-04 00:00:00+00:00, run_after=2022-03-05 00:00:00+00:00
[2024-07-15T15:50:48.028+0000] {processor.py:183} INFO - Processing /home/airflow/.local/lib/python3.11/site-packages/airflow/example_dags/example_dynamic_task_mapping.py took 0.114 seconds
[2024-07-15T15:50:52.554+0000] {processor.py:161} INFO - Started process (PID=23533) to work on /home/airflow/.local/lib/python3.11/site-packages/airflow/example_dags/example_dynamic_task_mapping.py
[2024-07-15T15:50:52.555+0000] {processor.py:830} INFO - Processing file /home/airflow/.local/lib/python3.11/site-packages/airflow/example_dags/example_dynamic_task_mapping.py for tasks to queue
[2024-07-15T15:50:52.558+0000] {logging_mixin.py:188} INFO - [2024-07-15T15:50:52.557+0000] {dagbag.py:545} INFO - Filling up the DagBag from /home/airflow/.local/lib/python3.11/site-packages/airflow/example_dags/example_dynamic_task_mapping.py
[2024-07-15T15:50:52.566+0000] {processor.py:840} INFO - DAG(s) 'example_dynamic_task_mapping' retrieved from /home/airflow/.local/lib/python3.11/site-packages/airflow/example_dags/example_dynamic_task_mapping.py
[2024-07-15T15:50:52.612+0000] {logging_mixin.py:188} INFO - [2024-07-15T15:50:52.611+0000] {dag.py:3096} INFO - Sync 1 DAGs
[2024-07-15T15:50:52.648+0000] {logging_mixin.py:188} INFO - [2024-07-15T15:50:52.648+0000] {dag.py:3954} INFO - Setting next_dagrun for example_dynamic_task_mapping to 2022-03-04 00:00:00+00:00, run_after=2022-03-05 00:00:00+00:00
[2024-07-15T15:50:52.705+0000] {processor.py:183} INFO - Processing /home/airflow/.local/lib/python3.11/site-packages/airflow/example_dags/example_dynamic_task_mapping.py took 0.159 seconds
[2024-07-15T15:50:58.205+0000] {processor.py:161} INFO - Started process (PID=23587) to work on /home/airflow/.local/lib/python3.11/site-packages/airflow/example_dags/example_dynamic_task_mapping.py
[2024-07-15T15:50:58.206+0000] {processor.py:830} INFO - Processing file /home/airflow/.local/lib/python3.11/site-packages/airflow/example_dags/example_dynamic_task_mapping.py for tasks to queue
[2024-07-15T15:50:58.209+0000] {logging_mixin.py:188} INFO - [2024-07-15T15:50:58.208+0000] {dagbag.py:545} INFO - Filling up the DagBag from /home/airflow/.local/lib/python3.11/site-packages/airflow/example_dags/example_dynamic_task_mapping.py
[2024-07-15T15:50:58.216+0000] {processor.py:840} INFO - DAG(s) 'example_dynamic_task_mapping' retrieved from /home/airflow/.local/lib/python3.11/site-packages/airflow/example_dags/example_dynamic_task_mapping.py
[2024-07-15T15:50:58.243+0000] {logging_mixin.py:188} INFO - [2024-07-15T15:50:58.242+0000] {dag.py:3096} INFO - Sync 1 DAGs
[2024-07-15T15:50:58.298+0000] {logging_mixin.py:188} INFO - [2024-07-15T15:50:58.298+0000] {dag.py:3954} INFO - Setting next_dagrun for example_dynamic_task_mapping to 2022-03-04 00:00:00+00:00, run_after=2022-03-05 00:00:00+00:00
[2024-07-15T15:50:58.322+0000] {processor.py:183} INFO - Processing /home/airflow/.local/lib/python3.11/site-packages/airflow/example_dags/example_dynamic_task_mapping.py took 0.124 seconds
[2024-07-15T15:51:03.388+0000] {processor.py:161} INFO - Started process (PID=23639) to work on /home/airflow/.local/lib/python3.11/site-packages/airflow/example_dags/example_dynamic_task_mapping.py
[2024-07-15T15:51:03.389+0000] {processor.py:830} INFO - Processing file /home/airflow/.local/lib/python3.11/site-packages/airflow/example_dags/example_dynamic_task_mapping.py for tasks to queue
[2024-07-15T15:51:03.392+0000] {logging_mixin.py:188} INFO - [2024-07-15T15:51:03.391+0000] {dagbag.py:545} INFO - Filling up the DagBag from /home/airflow/.local/lib/python3.11/site-packages/airflow/example_dags/example_dynamic_task_mapping.py
[2024-07-15T15:51:03.400+0000] {processor.py:840} INFO - DAG(s) 'example_dynamic_task_mapping' retrieved from /home/airflow/.local/lib/python3.11/site-packages/airflow/example_dags/example_dynamic_task_mapping.py
[2024-07-15T15:51:03.424+0000] {logging_mixin.py:188} INFO - [2024-07-15T15:51:03.424+0000] {dag.py:3096} INFO - Sync 1 DAGs
[2024-07-15T15:51:03.475+0000] {logging_mixin.py:188} INFO - [2024-07-15T15:51:03.474+0000] {dag.py:3954} INFO - Setting next_dagrun for example_dynamic_task_mapping to 2022-03-04 00:00:00+00:00, run_after=2022-03-05 00:00:00+00:00
[2024-07-15T15:51:03.499+0000] {processor.py:183} INFO - Processing /home/airflow/.local/lib/python3.11/site-packages/airflow/example_dags/example_dynamic_task_mapping.py took 0.120 seconds
[2024-07-15T15:51:08.475+0000] {processor.py:161} INFO - Started process (PID=23692) to work on /home/airflow/.local/lib/python3.11/site-packages/airflow/example_dags/example_dynamic_task_mapping.py
[2024-07-15T15:51:08.477+0000] {processor.py:830} INFO - Processing file /home/airflow/.local/lib/python3.11/site-packages/airflow/example_dags/example_dynamic_task_mapping.py for tasks to queue
[2024-07-15T15:51:08.481+0000] {logging_mixin.py:188} INFO - [2024-07-15T15:51:08.481+0000] {dagbag.py:545} INFO - Filling up the DagBag from /home/airflow/.local/lib/python3.11/site-packages/airflow/example_dags/example_dynamic_task_mapping.py
[2024-07-15T15:51:08.493+0000] {processor.py:840} INFO - DAG(s) 'example_dynamic_task_mapping' retrieved from /home/airflow/.local/lib/python3.11/site-packages/airflow/example_dags/example_dynamic_task_mapping.py
[2024-07-15T15:51:08.529+0000] {logging_mixin.py:188} INFO - [2024-07-15T15:51:08.529+0000] {dag.py:3096} INFO - Sync 1 DAGs
[2024-07-15T15:51:08.578+0000] {logging_mixin.py:188} INFO - [2024-07-15T15:51:08.577+0000] {dag.py:3954} INFO - Setting next_dagrun for example_dynamic_task_mapping to 2022-03-04 00:00:00+00:00, run_after=2022-03-05 00:00:00+00:00
[2024-07-15T15:51:08.611+0000] {processor.py:183} INFO - Processing /home/airflow/.local/lib/python3.11/site-packages/airflow/example_dags/example_dynamic_task_mapping.py took 0.146 seconds
[2024-07-15T15:51:13.578+0000] {processor.py:161} INFO - Started process (PID=23744) to work on /home/airflow/.local/lib/python3.11/site-packages/airflow/example_dags/example_dynamic_task_mapping.py
[2024-07-15T15:51:13.579+0000] {processor.py:830} INFO - Processing file /home/airflow/.local/lib/python3.11/site-packages/airflow/example_dags/example_dynamic_task_mapping.py for tasks to queue
[2024-07-15T15:51:13.582+0000] {logging_mixin.py:188} INFO - [2024-07-15T15:51:13.581+0000] {dagbag.py:545} INFO - Filling up the DagBag from /home/airflow/.local/lib/python3.11/site-packages/airflow/example_dags/example_dynamic_task_mapping.py
[2024-07-15T15:51:13.591+0000] {processor.py:840} INFO - DAG(s) 'example_dynamic_task_mapping' retrieved from /home/airflow/.local/lib/python3.11/site-packages/airflow/example_dags/example_dynamic_task_mapping.py
[2024-07-15T15:51:13.616+0000] {logging_mixin.py:188} INFO - [2024-07-15T15:51:13.616+0000] {dag.py:3096} INFO - Sync 1 DAGs
[2024-07-15T15:51:13.648+0000] {logging_mixin.py:188} INFO - [2024-07-15T15:51:13.647+0000] {dag.py:3954} INFO - Setting next_dagrun for example_dynamic_task_mapping to 2022-03-04 00:00:00+00:00, run_after=2022-03-05 00:00:00+00:00
[2024-07-15T15:51:13.671+0000] {processor.py:183} INFO - Processing /home/airflow/.local/lib/python3.11/site-packages/airflow/example_dags/example_dynamic_task_mapping.py took 0.101 seconds
[2024-07-15T15:51:17.882+0000] {processor.py:161} INFO - Started process (PID=23797) to work on /home/airflow/.local/lib/python3.11/site-packages/airflow/example_dags/example_dynamic_task_mapping.py
[2024-07-15T15:51:17.884+0000] {processor.py:830} INFO - Processing file /home/airflow/.local/lib/python3.11/site-packages/airflow/example_dags/example_dynamic_task_mapping.py for tasks to queue
[2024-07-15T15:51:17.886+0000] {logging_mixin.py:188} INFO - [2024-07-15T15:51:17.886+0000] {dagbag.py:545} INFO - Filling up the DagBag from /home/airflow/.local/lib/python3.11/site-packages/airflow/example_dags/example_dynamic_task_mapping.py
[2024-07-15T15:51:17.895+0000] {processor.py:840} INFO - DAG(s) 'example_dynamic_task_mapping' retrieved from /home/airflow/.local/lib/python3.11/site-packages/airflow/example_dags/example_dynamic_task_mapping.py
[2024-07-15T15:51:17.919+0000] {logging_mixin.py:188} INFO - [2024-07-15T15:51:17.919+0000] {dag.py:3096} INFO - Sync 1 DAGs
[2024-07-15T15:51:17.945+0000] {logging_mixin.py:188} INFO - [2024-07-15T15:51:17.945+0000] {dag.py:3954} INFO - Setting next_dagrun for example_dynamic_task_mapping to 2022-03-04 00:00:00+00:00, run_after=2022-03-05 00:00:00+00:00
[2024-07-15T15:51:17.992+0000] {processor.py:183} INFO - Processing /home/airflow/.local/lib/python3.11/site-packages/airflow/example_dags/example_dynamic_task_mapping.py took 0.118 seconds
[2024-07-15T15:52:56.784+0000] {processor.py:161} INFO - Started process (PID=24822) to work on /home/airflow/.local/lib/python3.11/site-packages/airflow/example_dags/example_dynamic_task_mapping.py
[2024-07-15T15:52:56.786+0000] {processor.py:830} INFO - Processing file /home/airflow/.local/lib/python3.11/site-packages/airflow/example_dags/example_dynamic_task_mapping.py for tasks to queue
[2024-07-15T15:52:56.790+0000] {logging_mixin.py:188} INFO - [2024-07-15T15:52:56.790+0000] {dagbag.py:545} INFO - Filling up the DagBag from /home/airflow/.local/lib/python3.11/site-packages/airflow/example_dags/example_dynamic_task_mapping.py
[2024-07-15T15:52:56.806+0000] {processor.py:840} INFO - DAG(s) 'example_dynamic_task_mapping' retrieved from /home/airflow/.local/lib/python3.11/site-packages/airflow/example_dags/example_dynamic_task_mapping.py
[2024-07-15T15:52:56.882+0000] {logging_mixin.py:188} INFO - [2024-07-15T15:52:56.882+0000] {dag.py:3096} INFO - Sync 1 DAGs
[2024-07-15T15:52:56.945+0000] {logging_mixin.py:188} INFO - [2024-07-15T15:52:56.945+0000] {dag.py:3954} INFO - Setting next_dagrun for example_dynamic_task_mapping to 2022-03-04 00:00:00+00:00, run_after=2022-03-05 00:00:00+00:00
[2024-07-15T15:52:56.988+0000] {processor.py:183} INFO - Processing /home/airflow/.local/lib/python3.11/site-packages/airflow/example_dags/example_dynamic_task_mapping.py took 0.217 seconds
[2024-07-15T15:53:05.731+0000] {processor.py:161} INFO - Started process (PID=24875) to work on /home/airflow/.local/lib/python3.11/site-packages/airflow/example_dags/example_dynamic_task_mapping.py
[2024-07-15T15:53:05.732+0000] {processor.py:830} INFO - Processing file /home/airflow/.local/lib/python3.11/site-packages/airflow/example_dags/example_dynamic_task_mapping.py for tasks to queue
[2024-07-15T15:53:05.735+0000] {logging_mixin.py:188} INFO - [2024-07-15T15:53:05.735+0000] {dagbag.py:545} INFO - Filling up the DagBag from /home/airflow/.local/lib/python3.11/site-packages/airflow/example_dags/example_dynamic_task_mapping.py
[2024-07-15T15:53:05.746+0000] {processor.py:840} INFO - DAG(s) 'example_dynamic_task_mapping' retrieved from /home/airflow/.local/lib/python3.11/site-packages/airflow/example_dags/example_dynamic_task_mapping.py
[2024-07-15T15:53:05.782+0000] {logging_mixin.py:188} INFO - [2024-07-15T15:53:05.782+0000] {dag.py:3096} INFO - Sync 1 DAGs
[2024-07-15T15:53:05.812+0000] {logging_mixin.py:188} INFO - [2024-07-15T15:53:05.812+0000] {dag.py:3954} INFO - Setting next_dagrun for example_dynamic_task_mapping to 2022-03-04 00:00:00+00:00, run_after=2022-03-05 00:00:00+00:00
[2024-07-15T15:53:05.836+0000] {processor.py:183} INFO - Processing /home/airflow/.local/lib/python3.11/site-packages/airflow/example_dags/example_dynamic_task_mapping.py took 0.114 seconds
[2024-07-15T15:53:10.589+0000] {processor.py:161} INFO - Started process (PID=24927) to work on /home/airflow/.local/lib/python3.11/site-packages/airflow/example_dags/example_dynamic_task_mapping.py
[2024-07-15T15:53:10.590+0000] {processor.py:830} INFO - Processing file /home/airflow/.local/lib/python3.11/site-packages/airflow/example_dags/example_dynamic_task_mapping.py for tasks to queue
[2024-07-15T15:53:10.593+0000] {logging_mixin.py:188} INFO - [2024-07-15T15:53:10.592+0000] {dagbag.py:545} INFO - Filling up the DagBag from /home/airflow/.local/lib/python3.11/site-packages/airflow/example_dags/example_dynamic_task_mapping.py
[2024-07-15T15:53:10.603+0000] {processor.py:840} INFO - DAG(s) 'example_dynamic_task_mapping' retrieved from /home/airflow/.local/lib/python3.11/site-packages/airflow/example_dags/example_dynamic_task_mapping.py
[2024-07-15T15:53:10.629+0000] {logging_mixin.py:188} INFO - [2024-07-15T15:53:10.629+0000] {dag.py:3096} INFO - Sync 1 DAGs
[2024-07-15T15:53:10.659+0000] {logging_mixin.py:188} INFO - [2024-07-15T15:53:10.659+0000] {dag.py:3954} INFO - Setting next_dagrun for example_dynamic_task_mapping to 2022-03-04 00:00:00+00:00, run_after=2022-03-05 00:00:00+00:00
[2024-07-15T15:53:10.684+0000] {processor.py:183} INFO - Processing /home/airflow/.local/lib/python3.11/site-packages/airflow/example_dags/example_dynamic_task_mapping.py took 0.103 seconds
[2024-07-15T15:53:16.477+0000] {processor.py:161} INFO - Started process (PID=24981) to work on /home/airflow/.local/lib/python3.11/site-packages/airflow/example_dags/example_dynamic_task_mapping.py
[2024-07-15T15:53:16.478+0000] {processor.py:830} INFO - Processing file /home/airflow/.local/lib/python3.11/site-packages/airflow/example_dags/example_dynamic_task_mapping.py for tasks to queue
[2024-07-15T15:53:16.481+0000] {logging_mixin.py:188} INFO - [2024-07-15T15:53:16.481+0000] {dagbag.py:545} INFO - Filling up the DagBag from /home/airflow/.local/lib/python3.11/site-packages/airflow/example_dags/example_dynamic_task_mapping.py
[2024-07-15T15:53:16.496+0000] {processor.py:840} INFO - DAG(s) 'example_dynamic_task_mapping' retrieved from /home/airflow/.local/lib/python3.11/site-packages/airflow/example_dags/example_dynamic_task_mapping.py
[2024-07-15T15:53:16.531+0000] {logging_mixin.py:188} INFO - [2024-07-15T15:53:16.530+0000] {dag.py:3096} INFO - Sync 1 DAGs
[2024-07-15T15:53:16.568+0000] {logging_mixin.py:188} INFO - [2024-07-15T15:53:16.568+0000] {dag.py:3954} INFO - Setting next_dagrun for example_dynamic_task_mapping to 2022-03-04 00:00:00+00:00, run_after=2022-03-05 00:00:00+00:00
[2024-07-15T15:53:16.600+0000] {processor.py:183} INFO - Processing /home/airflow/.local/lib/python3.11/site-packages/airflow/example_dags/example_dynamic_task_mapping.py took 0.133 seconds
[2024-07-15T15:53:21.057+0000] {processor.py:161} INFO - Started process (PID=25033) to work on /home/airflow/.local/lib/python3.11/site-packages/airflow/example_dags/example_dynamic_task_mapping.py
[2024-07-15T15:53:21.059+0000] {processor.py:830} INFO - Processing file /home/airflow/.local/lib/python3.11/site-packages/airflow/example_dags/example_dynamic_task_mapping.py for tasks to queue
[2024-07-15T15:53:21.063+0000] {logging_mixin.py:188} INFO - [2024-07-15T15:53:21.062+0000] {dagbag.py:545} INFO - Filling up the DagBag from /home/airflow/.local/lib/python3.11/site-packages/airflow/example_dags/example_dynamic_task_mapping.py
[2024-07-15T15:53:21.074+0000] {processor.py:840} INFO - DAG(s) 'example_dynamic_task_mapping' retrieved from /home/airflow/.local/lib/python3.11/site-packages/airflow/example_dags/example_dynamic_task_mapping.py
[2024-07-15T15:53:21.126+0000] {logging_mixin.py:188} INFO - [2024-07-15T15:53:21.125+0000] {dag.py:3096} INFO - Sync 1 DAGs
[2024-07-15T15:53:21.152+0000] {logging_mixin.py:188} INFO - [2024-07-15T15:53:21.152+0000] {dag.py:3954} INFO - Setting next_dagrun for example_dynamic_task_mapping to 2022-03-04 00:00:00+00:00, run_after=2022-03-05 00:00:00+00:00
[2024-07-15T15:53:21.173+0000] {processor.py:183} INFO - Processing /home/airflow/.local/lib/python3.11/site-packages/airflow/example_dags/example_dynamic_task_mapping.py took 0.148 seconds
[2024-07-15T15:53:25.833+0000] {processor.py:161} INFO - Started process (PID=25093) to work on /home/airflow/.local/lib/python3.11/site-packages/airflow/example_dags/example_dynamic_task_mapping.py
[2024-07-15T15:53:25.834+0000] {processor.py:830} INFO - Processing file /home/airflow/.local/lib/python3.11/site-packages/airflow/example_dags/example_dynamic_task_mapping.py for tasks to queue
[2024-07-15T15:53:25.837+0000] {logging_mixin.py:188} INFO - [2024-07-15T15:53:25.837+0000] {dagbag.py:545} INFO - Filling up the DagBag from /home/airflow/.local/lib/python3.11/site-packages/airflow/example_dags/example_dynamic_task_mapping.py
[2024-07-15T15:53:25.846+0000] {processor.py:840} INFO - DAG(s) 'example_dynamic_task_mapping' retrieved from /home/airflow/.local/lib/python3.11/site-packages/airflow/example_dags/example_dynamic_task_mapping.py
[2024-07-15T15:53:25.873+0000] {logging_mixin.py:188} INFO - [2024-07-15T15:53:25.873+0000] {dag.py:3096} INFO - Sync 1 DAGs
[2024-07-15T15:53:25.904+0000] {logging_mixin.py:188} INFO - [2024-07-15T15:53:25.903+0000] {dag.py:3954} INFO - Setting next_dagrun for example_dynamic_task_mapping to 2022-03-04 00:00:00+00:00, run_after=2022-03-05 00:00:00+00:00
[2024-07-15T15:53:25.936+0000] {processor.py:183} INFO - Processing /home/airflow/.local/lib/python3.11/site-packages/airflow/example_dags/example_dynamic_task_mapping.py took 0.111 seconds
[2024-07-15T15:53:31.165+0000] {processor.py:161} INFO - Started process (PID=25145) to work on /home/airflow/.local/lib/python3.11/site-packages/airflow/example_dags/example_dynamic_task_mapping.py
[2024-07-15T15:53:31.166+0000] {processor.py:830} INFO - Processing file /home/airflow/.local/lib/python3.11/site-packages/airflow/example_dags/example_dynamic_task_mapping.py for tasks to queue
[2024-07-15T15:53:31.169+0000] {logging_mixin.py:188} INFO - [2024-07-15T15:53:31.169+0000] {dagbag.py:545} INFO - Filling up the DagBag from /home/airflow/.local/lib/python3.11/site-packages/airflow/example_dags/example_dynamic_task_mapping.py
[2024-07-15T15:53:31.181+0000] {processor.py:840} INFO - DAG(s) 'example_dynamic_task_mapping' retrieved from /home/airflow/.local/lib/python3.11/site-packages/airflow/example_dags/example_dynamic_task_mapping.py
[2024-07-15T15:53:31.211+0000] {logging_mixin.py:188} INFO - [2024-07-15T15:53:31.210+0000] {dag.py:3096} INFO - Sync 1 DAGs
[2024-07-15T15:53:31.241+0000] {logging_mixin.py:188} INFO - [2024-07-15T15:53:31.241+0000] {dag.py:3954} INFO - Setting next_dagrun for example_dynamic_task_mapping to 2022-03-04 00:00:00+00:00, run_after=2022-03-05 00:00:00+00:00
[2024-07-15T15:53:31.274+0000] {processor.py:183} INFO - Processing /home/airflow/.local/lib/python3.11/site-packages/airflow/example_dags/example_dynamic_task_mapping.py took 0.122 seconds
[2024-07-15T15:53:37.237+0000] {processor.py:161} INFO - Started process (PID=25199) to work on /home/airflow/.local/lib/python3.11/site-packages/airflow/example_dags/example_dynamic_task_mapping.py
[2024-07-15T15:53:37.238+0000] {processor.py:830} INFO - Processing file /home/airflow/.local/lib/python3.11/site-packages/airflow/example_dags/example_dynamic_task_mapping.py for tasks to queue
[2024-07-15T15:53:37.241+0000] {logging_mixin.py:188} INFO - [2024-07-15T15:53:37.241+0000] {dagbag.py:545} INFO - Filling up the DagBag from /home/airflow/.local/lib/python3.11/site-packages/airflow/example_dags/example_dynamic_task_mapping.py
[2024-07-15T15:53:37.250+0000] {processor.py:840} INFO - DAG(s) 'example_dynamic_task_mapping' retrieved from /home/airflow/.local/lib/python3.11/site-packages/airflow/example_dags/example_dynamic_task_mapping.py
[2024-07-15T15:53:37.275+0000] {logging_mixin.py:188} INFO - [2024-07-15T15:53:37.275+0000] {dag.py:3096} INFO - Sync 1 DAGs
[2024-07-15T15:53:37.305+0000] {logging_mixin.py:188} INFO - [2024-07-15T15:53:37.304+0000] {dag.py:3954} INFO - Setting next_dagrun for example_dynamic_task_mapping to 2022-03-04 00:00:00+00:00, run_after=2022-03-05 00:00:00+00:00
[2024-07-15T15:53:37.330+0000] {processor.py:183} INFO - Processing /home/airflow/.local/lib/python3.11/site-packages/airflow/example_dags/example_dynamic_task_mapping.py took 0.101 seconds
[2024-07-15T15:53:41.891+0000] {processor.py:161} INFO - Started process (PID=25251) to work on /home/airflow/.local/lib/python3.11/site-packages/airflow/example_dags/example_dynamic_task_mapping.py
[2024-07-15T15:53:41.893+0000] {processor.py:830} INFO - Processing file /home/airflow/.local/lib/python3.11/site-packages/airflow/example_dags/example_dynamic_task_mapping.py for tasks to queue
[2024-07-15T15:53:41.896+0000] {logging_mixin.py:188} INFO - [2024-07-15T15:53:41.896+0000] {dagbag.py:545} INFO - Filling up the DagBag from /home/airflow/.local/lib/python3.11/site-packages/airflow/example_dags/example_dynamic_task_mapping.py
[2024-07-15T15:53:41.909+0000] {processor.py:840} INFO - DAG(s) 'example_dynamic_task_mapping' retrieved from /home/airflow/.local/lib/python3.11/site-packages/airflow/example_dags/example_dynamic_task_mapping.py
[2024-07-15T15:53:41.941+0000] {logging_mixin.py:188} INFO - [2024-07-15T15:53:41.941+0000] {dag.py:3096} INFO - Sync 1 DAGs
[2024-07-15T15:53:41.976+0000] {logging_mixin.py:188} INFO - [2024-07-15T15:53:41.976+0000] {dag.py:3954} INFO - Setting next_dagrun for example_dynamic_task_mapping to 2022-03-04 00:00:00+00:00, run_after=2022-03-05 00:00:00+00:00
[2024-07-15T15:53:42.004+0000] {processor.py:183} INFO - Processing /home/airflow/.local/lib/python3.11/site-packages/airflow/example_dags/example_dynamic_task_mapping.py took 0.126 seconds
[2024-07-15T15:53:46.849+0000] {processor.py:161} INFO - Started process (PID=25305) to work on /home/airflow/.local/lib/python3.11/site-packages/airflow/example_dags/example_dynamic_task_mapping.py
[2024-07-15T15:53:46.850+0000] {processor.py:830} INFO - Processing file /home/airflow/.local/lib/python3.11/site-packages/airflow/example_dags/example_dynamic_task_mapping.py for tasks to queue
[2024-07-15T15:53:46.853+0000] {logging_mixin.py:188} INFO - [2024-07-15T15:53:46.853+0000] {dagbag.py:545} INFO - Filling up the DagBag from /home/airflow/.local/lib/python3.11/site-packages/airflow/example_dags/example_dynamic_task_mapping.py
[2024-07-15T15:53:46.862+0000] {processor.py:840} INFO - DAG(s) 'example_dynamic_task_mapping' retrieved from /home/airflow/.local/lib/python3.11/site-packages/airflow/example_dags/example_dynamic_task_mapping.py
[2024-07-15T15:53:46.889+0000] {logging_mixin.py:188} INFO - [2024-07-15T15:53:46.889+0000] {dag.py:3096} INFO - Sync 1 DAGs
[2024-07-15T15:53:46.924+0000] {logging_mixin.py:188} INFO - [2024-07-15T15:53:46.923+0000] {dag.py:3954} INFO - Setting next_dagrun for example_dynamic_task_mapping to 2022-03-04 00:00:00+00:00, run_after=2022-03-05 00:00:00+00:00
[2024-07-15T15:53:46.951+0000] {processor.py:183} INFO - Processing /home/airflow/.local/lib/python3.11/site-packages/airflow/example_dags/example_dynamic_task_mapping.py took 0.111 seconds
[2024-07-15T15:53:53.382+0000] {processor.py:161} INFO - Started process (PID=25363) to work on /home/airflow/.local/lib/python3.11/site-packages/airflow/example_dags/example_dynamic_task_mapping.py
[2024-07-15T15:53:53.384+0000] {processor.py:830} INFO - Processing file /home/airflow/.local/lib/python3.11/site-packages/airflow/example_dags/example_dynamic_task_mapping.py for tasks to queue
[2024-07-15T15:53:53.387+0000] {logging_mixin.py:188} INFO - [2024-07-15T15:53:53.387+0000] {dagbag.py:545} INFO - Filling up the DagBag from /home/airflow/.local/lib/python3.11/site-packages/airflow/example_dags/example_dynamic_task_mapping.py
[2024-07-15T15:53:53.403+0000] {processor.py:840} INFO - DAG(s) 'example_dynamic_task_mapping' retrieved from /home/airflow/.local/lib/python3.11/site-packages/airflow/example_dags/example_dynamic_task_mapping.py
[2024-07-15T15:53:53.458+0000] {logging_mixin.py:188} INFO - [2024-07-15T15:53:53.457+0000] {dag.py:3096} INFO - Sync 1 DAGs
[2024-07-15T15:53:53.525+0000] {logging_mixin.py:188} INFO - [2024-07-15T15:53:53.525+0000] {dag.py:3954} INFO - Setting next_dagrun for example_dynamic_task_mapping to 2022-03-04 00:00:00+00:00, run_after=2022-03-05 00:00:00+00:00
[2024-07-15T15:53:53.561+0000] {processor.py:183} INFO - Processing /home/airflow/.local/lib/python3.11/site-packages/airflow/example_dags/example_dynamic_task_mapping.py took 0.190 seconds
[2024-07-15T15:53:59.053+0000] {processor.py:161} INFO - Started process (PID=25416) to work on /home/airflow/.local/lib/python3.11/site-packages/airflow/example_dags/example_dynamic_task_mapping.py
[2024-07-15T15:53:59.054+0000] {processor.py:830} INFO - Processing file /home/airflow/.local/lib/python3.11/site-packages/airflow/example_dags/example_dynamic_task_mapping.py for tasks to queue
[2024-07-15T15:53:59.058+0000] {logging_mixin.py:188} INFO - [2024-07-15T15:53:59.057+0000] {dagbag.py:545} INFO - Filling up the DagBag from /home/airflow/.local/lib/python3.11/site-packages/airflow/example_dags/example_dynamic_task_mapping.py
[2024-07-15T15:53:59.068+0000] {processor.py:840} INFO - DAG(s) 'example_dynamic_task_mapping' retrieved from /home/airflow/.local/lib/python3.11/site-packages/airflow/example_dags/example_dynamic_task_mapping.py
[2024-07-15T15:53:59.093+0000] {logging_mixin.py:188} INFO - [2024-07-15T15:53:59.092+0000] {dag.py:3096} INFO - Sync 1 DAGs
[2024-07-15T15:53:59.122+0000] {logging_mixin.py:188} INFO - [2024-07-15T15:53:59.122+0000] {dag.py:3954} INFO - Setting next_dagrun for example_dynamic_task_mapping to 2022-03-04 00:00:00+00:00, run_after=2022-03-05 00:00:00+00:00
[2024-07-15T15:53:59.147+0000] {processor.py:183} INFO - Processing /home/airflow/.local/lib/python3.11/site-packages/airflow/example_dags/example_dynamic_task_mapping.py took 0.103 seconds
[2024-07-15T15:54:04.328+0000] {processor.py:161} INFO - Started process (PID=25468) to work on /home/airflow/.local/lib/python3.11/site-packages/airflow/example_dags/example_dynamic_task_mapping.py
[2024-07-15T15:54:04.330+0000] {processor.py:830} INFO - Processing file /home/airflow/.local/lib/python3.11/site-packages/airflow/example_dags/example_dynamic_task_mapping.py for tasks to queue
[2024-07-15T15:54:04.333+0000] {logging_mixin.py:188} INFO - [2024-07-15T15:54:04.332+0000] {dagbag.py:545} INFO - Filling up the DagBag from /home/airflow/.local/lib/python3.11/site-packages/airflow/example_dags/example_dynamic_task_mapping.py
[2024-07-15T15:54:04.345+0000] {processor.py:840} INFO - DAG(s) 'example_dynamic_task_mapping' retrieved from /home/airflow/.local/lib/python3.11/site-packages/airflow/example_dags/example_dynamic_task_mapping.py
[2024-07-15T15:54:04.377+0000] {logging_mixin.py:188} INFO - [2024-07-15T15:54:04.377+0000] {dag.py:3096} INFO - Sync 1 DAGs
[2024-07-15T15:54:04.412+0000] {logging_mixin.py:188} INFO - [2024-07-15T15:54:04.411+0000] {dag.py:3954} INFO - Setting next_dagrun for example_dynamic_task_mapping to 2022-03-04 00:00:00+00:00, run_after=2022-03-05 00:00:00+00:00
[2024-07-15T15:54:04.609+0000] {processor.py:183} INFO - Processing /home/airflow/.local/lib/python3.11/site-packages/airflow/example_dags/example_dynamic_task_mapping.py took 0.293 seconds
[2024-07-15T15:54:10.249+0000] {processor.py:161} INFO - Started process (PID=25522) to work on /home/airflow/.local/lib/python3.11/site-packages/airflow/example_dags/example_dynamic_task_mapping.py
[2024-07-15T15:54:10.250+0000] {processor.py:830} INFO - Processing file /home/airflow/.local/lib/python3.11/site-packages/airflow/example_dags/example_dynamic_task_mapping.py for tasks to queue
[2024-07-15T15:54:10.253+0000] {logging_mixin.py:188} INFO - [2024-07-15T15:54:10.253+0000] {dagbag.py:545} INFO - Filling up the DagBag from /home/airflow/.local/lib/python3.11/site-packages/airflow/example_dags/example_dynamic_task_mapping.py
[2024-07-15T15:54:10.266+0000] {processor.py:840} INFO - DAG(s) 'example_dynamic_task_mapping' retrieved from /home/airflow/.local/lib/python3.11/site-packages/airflow/example_dags/example_dynamic_task_mapping.py
[2024-07-15T15:54:10.300+0000] {logging_mixin.py:188} INFO - [2024-07-15T15:54:10.300+0000] {dag.py:3096} INFO - Sync 1 DAGs
[2024-07-15T15:54:10.341+0000] {logging_mixin.py:188} INFO - [2024-07-15T15:54:10.341+0000] {dag.py:3954} INFO - Setting next_dagrun for example_dynamic_task_mapping to 2022-03-04 00:00:00+00:00, run_after=2022-03-05 00:00:00+00:00
[2024-07-15T15:54:10.368+0000] {processor.py:183} INFO - Processing /home/airflow/.local/lib/python3.11/site-packages/airflow/example_dags/example_dynamic_task_mapping.py took 0.130 seconds
[2024-07-15T15:54:16.248+0000] {processor.py:161} INFO - Started process (PID=25574) to work on /home/airflow/.local/lib/python3.11/site-packages/airflow/example_dags/example_dynamic_task_mapping.py
[2024-07-15T15:54:16.250+0000] {processor.py:830} INFO - Processing file /home/airflow/.local/lib/python3.11/site-packages/airflow/example_dags/example_dynamic_task_mapping.py for tasks to queue
[2024-07-15T15:54:16.253+0000] {logging_mixin.py:188} INFO - [2024-07-15T15:54:16.253+0000] {dagbag.py:545} INFO - Filling up the DagBag from /home/airflow/.local/lib/python3.11/site-packages/airflow/example_dags/example_dynamic_task_mapping.py
[2024-07-15T15:54:16.263+0000] {processor.py:840} INFO - DAG(s) 'example_dynamic_task_mapping' retrieved from /home/airflow/.local/lib/python3.11/site-packages/airflow/example_dags/example_dynamic_task_mapping.py
[2024-07-15T15:54:16.291+0000] {logging_mixin.py:188} INFO - [2024-07-15T15:54:16.291+0000] {dag.py:3096} INFO - Sync 1 DAGs
[2024-07-15T15:54:16.317+0000] {logging_mixin.py:188} INFO - [2024-07-15T15:54:16.317+0000] {dag.py:3954} INFO - Setting next_dagrun for example_dynamic_task_mapping to 2022-03-04 00:00:00+00:00, run_after=2022-03-05 00:00:00+00:00
[2024-07-15T15:54:16.340+0000] {processor.py:183} INFO - Processing /home/airflow/.local/lib/python3.11/site-packages/airflow/example_dags/example_dynamic_task_mapping.py took 0.101 seconds
[2024-07-15T15:54:21.516+0000] {processor.py:161} INFO - Started process (PID=25627) to work on /home/airflow/.local/lib/python3.11/site-packages/airflow/example_dags/example_dynamic_task_mapping.py
[2024-07-15T15:54:21.518+0000] {processor.py:830} INFO - Processing file /home/airflow/.local/lib/python3.11/site-packages/airflow/example_dags/example_dynamic_task_mapping.py for tasks to queue
[2024-07-15T15:54:21.525+0000] {logging_mixin.py:188} INFO - [2024-07-15T15:54:21.524+0000] {dagbag.py:545} INFO - Filling up the DagBag from /home/airflow/.local/lib/python3.11/site-packages/airflow/example_dags/example_dynamic_task_mapping.py
[2024-07-15T15:54:21.537+0000] {processor.py:840} INFO - DAG(s) 'example_dynamic_task_mapping' retrieved from /home/airflow/.local/lib/python3.11/site-packages/airflow/example_dags/example_dynamic_task_mapping.py
[2024-07-15T15:54:21.578+0000] {logging_mixin.py:188} INFO - [2024-07-15T15:54:21.577+0000] {dag.py:3096} INFO - Sync 1 DAGs
[2024-07-15T15:54:21.643+0000] {logging_mixin.py:188} INFO - [2024-07-15T15:54:21.641+0000] {dag.py:3954} INFO - Setting next_dagrun for example_dynamic_task_mapping to 2022-03-04 00:00:00+00:00, run_after=2022-03-05 00:00:00+00:00
[2024-07-15T15:54:22.075+0000] {processor.py:183} INFO - Processing /home/airflow/.local/lib/python3.11/site-packages/airflow/example_dags/example_dynamic_task_mapping.py took 0.574 seconds
[2024-07-15T15:54:28.044+0000] {processor.py:161} INFO - Started process (PID=25685) to work on /home/airflow/.local/lib/python3.11/site-packages/airflow/example_dags/example_dynamic_task_mapping.py
[2024-07-15T15:54:28.046+0000] {processor.py:830} INFO - Processing file /home/airflow/.local/lib/python3.11/site-packages/airflow/example_dags/example_dynamic_task_mapping.py for tasks to queue
[2024-07-15T15:54:28.053+0000] {logging_mixin.py:188} INFO - [2024-07-15T15:54:28.052+0000] {dagbag.py:545} INFO - Filling up the DagBag from /home/airflow/.local/lib/python3.11/site-packages/airflow/example_dags/example_dynamic_task_mapping.py
[2024-07-15T15:54:28.071+0000] {processor.py:840} INFO - DAG(s) 'example_dynamic_task_mapping' retrieved from /home/airflow/.local/lib/python3.11/site-packages/airflow/example_dags/example_dynamic_task_mapping.py
[2024-07-15T15:54:28.108+0000] {logging_mixin.py:188} INFO - [2024-07-15T15:54:28.108+0000] {dag.py:3096} INFO - Sync 1 DAGs
[2024-07-15T15:54:28.143+0000] {logging_mixin.py:188} INFO - [2024-07-15T15:54:28.143+0000] {dag.py:3954} INFO - Setting next_dagrun for example_dynamic_task_mapping to 2022-03-04 00:00:00+00:00, run_after=2022-03-05 00:00:00+00:00
[2024-07-15T15:54:28.167+0000] {processor.py:183} INFO - Processing /home/airflow/.local/lib/python3.11/site-packages/airflow/example_dags/example_dynamic_task_mapping.py took 0.136 seconds
[2024-07-15T15:54:40.960+0000] {processor.py:161} INFO - Started process (PID=25738) to work on /home/airflow/.local/lib/python3.11/site-packages/airflow/example_dags/example_dynamic_task_mapping.py
[2024-07-15T15:54:40.965+0000] {processor.py:830} INFO - Processing file /home/airflow/.local/lib/python3.11/site-packages/airflow/example_dags/example_dynamic_task_mapping.py for tasks to queue
[2024-07-15T15:54:40.975+0000] {logging_mixin.py:188} INFO - [2024-07-15T15:54:40.974+0000] {dagbag.py:545} INFO - Filling up the DagBag from /home/airflow/.local/lib/python3.11/site-packages/airflow/example_dags/example_dynamic_task_mapping.py
[2024-07-15T15:54:41.003+0000] {processor.py:840} INFO - DAG(s) 'example_dynamic_task_mapping' retrieved from /home/airflow/.local/lib/python3.11/site-packages/airflow/example_dags/example_dynamic_task_mapping.py
[2024-07-15T15:54:41.077+0000] {logging_mixin.py:188} INFO - [2024-07-15T15:54:41.076+0000] {dag.py:3096} INFO - Sync 1 DAGs
[2024-07-15T15:54:41.144+0000] {logging_mixin.py:188} INFO - [2024-07-15T15:54:41.143+0000] {dag.py:3954} INFO - Setting next_dagrun for example_dynamic_task_mapping to 2022-03-04 00:00:00+00:00, run_after=2022-03-05 00:00:00+00:00
[2024-07-15T15:54:41.204+0000] {processor.py:183} INFO - Processing /home/airflow/.local/lib/python3.11/site-packages/airflow/example_dags/example_dynamic_task_mapping.py took 0.270 seconds
[2024-07-15T15:54:48.410+0000] {processor.py:161} INFO - Started process (PID=25790) to work on /home/airflow/.local/lib/python3.11/site-packages/airflow/example_dags/example_dynamic_task_mapping.py
[2024-07-15T15:54:48.414+0000] {processor.py:830} INFO - Processing file /home/airflow/.local/lib/python3.11/site-packages/airflow/example_dags/example_dynamic_task_mapping.py for tasks to queue
[2024-07-15T15:54:48.418+0000] {logging_mixin.py:188} INFO - [2024-07-15T15:54:48.418+0000] {dagbag.py:545} INFO - Filling up the DagBag from /home/airflow/.local/lib/python3.11/site-packages/airflow/example_dags/example_dynamic_task_mapping.py
[2024-07-15T15:54:48.432+0000] {processor.py:840} INFO - DAG(s) 'example_dynamic_task_mapping' retrieved from /home/airflow/.local/lib/python3.11/site-packages/airflow/example_dags/example_dynamic_task_mapping.py
[2024-07-15T15:54:48.472+0000] {logging_mixin.py:188} INFO - [2024-07-15T15:54:48.472+0000] {dag.py:3096} INFO - Sync 1 DAGs
[2024-07-15T15:54:48.514+0000] {logging_mixin.py:188} INFO - [2024-07-15T15:54:48.514+0000] {dag.py:3954} INFO - Setting next_dagrun for example_dynamic_task_mapping to 2022-03-04 00:00:00+00:00, run_after=2022-03-05 00:00:00+00:00
[2024-07-15T15:54:48.777+0000] {processor.py:183} INFO - Processing /home/airflow/.local/lib/python3.11/site-packages/airflow/example_dags/example_dynamic_task_mapping.py took 0.380 seconds
[2024-07-15T15:54:58.541+0000] {processor.py:161} INFO - Started process (PID=25850) to work on /home/airflow/.local/lib/python3.11/site-packages/airflow/example_dags/example_dynamic_task_mapping.py
[2024-07-15T15:54:58.545+0000] {processor.py:830} INFO - Processing file /home/airflow/.local/lib/python3.11/site-packages/airflow/example_dags/example_dynamic_task_mapping.py for tasks to queue
[2024-07-15T15:54:58.551+0000] {logging_mixin.py:188} INFO - [2024-07-15T15:54:58.550+0000] {dagbag.py:545} INFO - Filling up the DagBag from /home/airflow/.local/lib/python3.11/site-packages/airflow/example_dags/example_dynamic_task_mapping.py
[2024-07-15T15:54:58.579+0000] {processor.py:840} INFO - DAG(s) 'example_dynamic_task_mapping' retrieved from /home/airflow/.local/lib/python3.11/site-packages/airflow/example_dags/example_dynamic_task_mapping.py
[2024-07-15T15:54:58.629+0000] {logging_mixin.py:188} INFO - [2024-07-15T15:54:58.628+0000] {dag.py:3096} INFO - Sync 1 DAGs
[2024-07-15T15:54:58.684+0000] {logging_mixin.py:188} INFO - [2024-07-15T15:54:58.683+0000] {dag.py:3954} INFO - Setting next_dagrun for example_dynamic_task_mapping to 2022-03-04 00:00:00+00:00, run_after=2022-03-05 00:00:00+00:00
[2024-07-15T15:54:58.730+0000] {processor.py:183} INFO - Processing /home/airflow/.local/lib/python3.11/site-packages/airflow/example_dags/example_dynamic_task_mapping.py took 0.210 seconds
[2024-07-15T15:55:12.293+0000] {processor.py:161} INFO - Started process (PID=25902) to work on /home/airflow/.local/lib/python3.11/site-packages/airflow/example_dags/example_dynamic_task_mapping.py
[2024-07-15T15:55:12.295+0000] {processor.py:830} INFO - Processing file /home/airflow/.local/lib/python3.11/site-packages/airflow/example_dags/example_dynamic_task_mapping.py for tasks to queue
[2024-07-15T15:55:12.298+0000] {logging_mixin.py:188} INFO - [2024-07-15T15:55:12.298+0000] {dagbag.py:545} INFO - Filling up the DagBag from /home/airflow/.local/lib/python3.11/site-packages/airflow/example_dags/example_dynamic_task_mapping.py
[2024-07-15T15:55:12.313+0000] {processor.py:840} INFO - DAG(s) 'example_dynamic_task_mapping' retrieved from /home/airflow/.local/lib/python3.11/site-packages/airflow/example_dags/example_dynamic_task_mapping.py
[2024-07-15T15:55:12.594+0000] {logging_mixin.py:188} INFO - [2024-07-15T15:55:12.593+0000] {dag.py:3096} INFO - Sync 1 DAGs
[2024-07-15T15:55:12.630+0000] {logging_mixin.py:188} INFO - [2024-07-15T15:55:12.630+0000] {dag.py:3954} INFO - Setting next_dagrun for example_dynamic_task_mapping to 2022-03-04 00:00:00+00:00, run_after=2022-03-05 00:00:00+00:00
[2024-07-15T15:55:12.663+0000] {processor.py:183} INFO - Processing /home/airflow/.local/lib/python3.11/site-packages/airflow/example_dags/example_dynamic_task_mapping.py took 0.384 seconds
[2024-07-15T15:55:22.712+0000] {processor.py:161} INFO - Started process (PID=25961) to work on /home/airflow/.local/lib/python3.11/site-packages/airflow/example_dags/example_dynamic_task_mapping.py
[2024-07-15T15:55:22.718+0000] {processor.py:830} INFO - Processing file /home/airflow/.local/lib/python3.11/site-packages/airflow/example_dags/example_dynamic_task_mapping.py for tasks to queue
[2024-07-15T15:55:22.726+0000] {logging_mixin.py:188} INFO - [2024-07-15T15:55:22.725+0000] {dagbag.py:545} INFO - Filling up the DagBag from /home/airflow/.local/lib/python3.11/site-packages/airflow/example_dags/example_dynamic_task_mapping.py
[2024-07-15T15:55:22.749+0000] {processor.py:840} INFO - DAG(s) 'example_dynamic_task_mapping' retrieved from /home/airflow/.local/lib/python3.11/site-packages/airflow/example_dags/example_dynamic_task_mapping.py
[2024-07-15T15:55:22.816+0000] {logging_mixin.py:188} INFO - [2024-07-15T15:55:22.816+0000] {dag.py:3096} INFO - Sync 1 DAGs
[2024-07-15T15:55:22.891+0000] {logging_mixin.py:188} INFO - [2024-07-15T15:55:22.890+0000] {dag.py:3954} INFO - Setting next_dagrun for example_dynamic_task_mapping to 2022-03-04 00:00:00+00:00, run_after=2022-03-05 00:00:00+00:00
[2024-07-15T15:55:23.267+0000] {processor.py:183} INFO - Processing /home/airflow/.local/lib/python3.11/site-packages/airflow/example_dags/example_dynamic_task_mapping.py took 0.577 seconds
[2024-07-15T15:55:33.344+0000] {processor.py:161} INFO - Started process (PID=26013) to work on /home/airflow/.local/lib/python3.11/site-packages/airflow/example_dags/example_dynamic_task_mapping.py
[2024-07-15T15:55:33.346+0000] {processor.py:830} INFO - Processing file /home/airflow/.local/lib/python3.11/site-packages/airflow/example_dags/example_dynamic_task_mapping.py for tasks to queue
[2024-07-15T15:55:33.350+0000] {logging_mixin.py:188} INFO - [2024-07-15T15:55:33.349+0000] {dagbag.py:545} INFO - Filling up the DagBag from /home/airflow/.local/lib/python3.11/site-packages/airflow/example_dags/example_dynamic_task_mapping.py
[2024-07-15T15:55:33.361+0000] {processor.py:840} INFO - DAG(s) 'example_dynamic_task_mapping' retrieved from /home/airflow/.local/lib/python3.11/site-packages/airflow/example_dags/example_dynamic_task_mapping.py
[2024-07-15T15:55:33.391+0000] {logging_mixin.py:188} INFO - [2024-07-15T15:55:33.390+0000] {dag.py:3096} INFO - Sync 1 DAGs
[2024-07-15T15:55:33.429+0000] {logging_mixin.py:188} INFO - [2024-07-15T15:55:33.429+0000] {dag.py:3954} INFO - Setting next_dagrun for example_dynamic_task_mapping to 2022-03-04 00:00:00+00:00, run_after=2022-03-05 00:00:00+00:00
[2024-07-15T15:55:33.457+0000] {processor.py:183} INFO - Processing /home/airflow/.local/lib/python3.11/site-packages/airflow/example_dags/example_dynamic_task_mapping.py took 0.123 seconds
[2024-07-15T15:55:39.816+0000] {processor.py:161} INFO - Started process (PID=26066) to work on /home/airflow/.local/lib/python3.11/site-packages/airflow/example_dags/example_dynamic_task_mapping.py
[2024-07-15T15:55:39.818+0000] {processor.py:830} INFO - Processing file /home/airflow/.local/lib/python3.11/site-packages/airflow/example_dags/example_dynamic_task_mapping.py for tasks to queue
[2024-07-15T15:55:39.822+0000] {logging_mixin.py:188} INFO - [2024-07-15T15:55:39.821+0000] {dagbag.py:545} INFO - Filling up the DagBag from /home/airflow/.local/lib/python3.11/site-packages/airflow/example_dags/example_dynamic_task_mapping.py
[2024-07-15T15:55:39.835+0000] {processor.py:840} INFO - DAG(s) 'example_dynamic_task_mapping' retrieved from /home/airflow/.local/lib/python3.11/site-packages/airflow/example_dags/example_dynamic_task_mapping.py
[2024-07-15T15:55:39.874+0000] {logging_mixin.py:188} INFO - [2024-07-15T15:55:39.874+0000] {dag.py:3096} INFO - Sync 1 DAGs
[2024-07-15T15:55:39.915+0000] {logging_mixin.py:188} INFO - [2024-07-15T15:55:39.914+0000] {dag.py:3954} INFO - Setting next_dagrun for example_dynamic_task_mapping to 2022-03-04 00:00:00+00:00, run_after=2022-03-05 00:00:00+00:00
[2024-07-15T15:55:39.942+0000] {processor.py:183} INFO - Processing /home/airflow/.local/lib/python3.11/site-packages/airflow/example_dags/example_dynamic_task_mapping.py took 0.137 seconds
[2024-07-15T15:55:45.637+0000] {processor.py:161} INFO - Started process (PID=26118) to work on /home/airflow/.local/lib/python3.11/site-packages/airflow/example_dags/example_dynamic_task_mapping.py
[2024-07-15T15:55:45.639+0000] {processor.py:830} INFO - Processing file /home/airflow/.local/lib/python3.11/site-packages/airflow/example_dags/example_dynamic_task_mapping.py for tasks to queue
[2024-07-15T15:55:45.641+0000] {logging_mixin.py:188} INFO - [2024-07-15T15:55:45.641+0000] {dagbag.py:545} INFO - Filling up the DagBag from /home/airflow/.local/lib/python3.11/site-packages/airflow/example_dags/example_dynamic_task_mapping.py
[2024-07-15T15:55:45.654+0000] {processor.py:840} INFO - DAG(s) 'example_dynamic_task_mapping' retrieved from /home/airflow/.local/lib/python3.11/site-packages/airflow/example_dags/example_dynamic_task_mapping.py
[2024-07-15T15:55:45.684+0000] {logging_mixin.py:188} INFO - [2024-07-15T15:55:45.683+0000] {dag.py:3096} INFO - Sync 1 DAGs
[2024-07-15T15:55:45.716+0000] {logging_mixin.py:188} INFO - [2024-07-15T15:55:45.716+0000] {dag.py:3954} INFO - Setting next_dagrun for example_dynamic_task_mapping to 2022-03-04 00:00:00+00:00, run_after=2022-03-05 00:00:00+00:00
[2024-07-15T15:55:45.744+0000] {processor.py:183} INFO - Processing /home/airflow/.local/lib/python3.11/site-packages/airflow/example_dags/example_dynamic_task_mapping.py took 0.116 seconds
[2024-07-15T15:55:52.573+0000] {processor.py:161} INFO - Started process (PID=26176) to work on /home/airflow/.local/lib/python3.11/site-packages/airflow/example_dags/example_dynamic_task_mapping.py
[2024-07-15T15:55:52.574+0000] {processor.py:830} INFO - Processing file /home/airflow/.local/lib/python3.11/site-packages/airflow/example_dags/example_dynamic_task_mapping.py for tasks to queue
[2024-07-15T15:55:52.578+0000] {logging_mixin.py:188} INFO - [2024-07-15T15:55:52.577+0000] {dagbag.py:545} INFO - Filling up the DagBag from /home/airflow/.local/lib/python3.11/site-packages/airflow/example_dags/example_dynamic_task_mapping.py
[2024-07-15T15:55:52.591+0000] {processor.py:840} INFO - DAG(s) 'example_dynamic_task_mapping' retrieved from /home/airflow/.local/lib/python3.11/site-packages/airflow/example_dags/example_dynamic_task_mapping.py
[2024-07-15T15:55:52.645+0000] {logging_mixin.py:188} INFO - [2024-07-15T15:55:52.644+0000] {dag.py:3096} INFO - Sync 1 DAGs
[2024-07-15T15:55:52.735+0000] {logging_mixin.py:188} INFO - [2024-07-15T15:55:52.734+0000] {dag.py:3954} INFO - Setting next_dagrun for example_dynamic_task_mapping to 2022-03-04 00:00:00+00:00, run_after=2022-03-05 00:00:00+00:00
[2024-07-15T15:55:52.784+0000] {processor.py:183} INFO - Processing /home/airflow/.local/lib/python3.11/site-packages/airflow/example_dags/example_dynamic_task_mapping.py took 0.223 seconds
[2024-07-15T15:55:59.702+0000] {processor.py:161} INFO - Started process (PID=26228) to work on /home/airflow/.local/lib/python3.11/site-packages/airflow/example_dags/example_dynamic_task_mapping.py
[2024-07-15T15:55:59.704+0000] {processor.py:830} INFO - Processing file /home/airflow/.local/lib/python3.11/site-packages/airflow/example_dags/example_dynamic_task_mapping.py for tasks to queue
[2024-07-15T15:55:59.707+0000] {logging_mixin.py:188} INFO - [2024-07-15T15:55:59.706+0000] {dagbag.py:545} INFO - Filling up the DagBag from /home/airflow/.local/lib/python3.11/site-packages/airflow/example_dags/example_dynamic_task_mapping.py
[2024-07-15T15:55:59.723+0000] {processor.py:840} INFO - DAG(s) 'example_dynamic_task_mapping' retrieved from /home/airflow/.local/lib/python3.11/site-packages/airflow/example_dags/example_dynamic_task_mapping.py
[2024-07-15T15:55:59.769+0000] {logging_mixin.py:188} INFO - [2024-07-15T15:55:59.768+0000] {dag.py:3096} INFO - Sync 1 DAGs
[2024-07-15T15:55:59.820+0000] {logging_mixin.py:188} INFO - [2024-07-15T15:55:59.820+0000] {dag.py:3954} INFO - Setting next_dagrun for example_dynamic_task_mapping to 2022-03-04 00:00:00+00:00, run_after=2022-03-05 00:00:00+00:00
[2024-07-15T15:55:59.864+0000] {processor.py:183} INFO - Processing /home/airflow/.local/lib/python3.11/site-packages/airflow/example_dags/example_dynamic_task_mapping.py took 0.176 seconds
[2024-07-15T15:56:06.809+0000] {processor.py:161} INFO - Started process (PID=26281) to work on /home/airflow/.local/lib/python3.11/site-packages/airflow/example_dags/example_dynamic_task_mapping.py
[2024-07-15T15:56:06.810+0000] {processor.py:830} INFO - Processing file /home/airflow/.local/lib/python3.11/site-packages/airflow/example_dags/example_dynamic_task_mapping.py for tasks to queue
[2024-07-15T15:56:06.814+0000] {logging_mixin.py:188} INFO - [2024-07-15T15:56:06.813+0000] {dagbag.py:545} INFO - Filling up the DagBag from /home/airflow/.local/lib/python3.11/site-packages/airflow/example_dags/example_dynamic_task_mapping.py
[2024-07-15T15:56:06.827+0000] {processor.py:840} INFO - DAG(s) 'example_dynamic_task_mapping' retrieved from /home/airflow/.local/lib/python3.11/site-packages/airflow/example_dags/example_dynamic_task_mapping.py
[2024-07-15T15:56:06.863+0000] {logging_mixin.py:188} INFO - [2024-07-15T15:56:06.862+0000] {dag.py:3096} INFO - Sync 1 DAGs
[2024-07-15T15:56:06.904+0000] {logging_mixin.py:188} INFO - [2024-07-15T15:56:06.904+0000] {dag.py:3954} INFO - Setting next_dagrun for example_dynamic_task_mapping to 2022-03-04 00:00:00+00:00, run_after=2022-03-05 00:00:00+00:00
[2024-07-15T15:56:06.939+0000] {processor.py:183} INFO - Processing /home/airflow/.local/lib/python3.11/site-packages/airflow/example_dags/example_dynamic_task_mapping.py took 0.142 seconds
[2024-07-15T15:56:12.365+0000] {processor.py:161} INFO - Started process (PID=26333) to work on /home/airflow/.local/lib/python3.11/site-packages/airflow/example_dags/example_dynamic_task_mapping.py
[2024-07-15T15:56:12.367+0000] {processor.py:830} INFO - Processing file /home/airflow/.local/lib/python3.11/site-packages/airflow/example_dags/example_dynamic_task_mapping.py for tasks to queue
[2024-07-15T15:56:12.370+0000] {logging_mixin.py:188} INFO - [2024-07-15T15:56:12.369+0000] {dagbag.py:545} INFO - Filling up the DagBag from /home/airflow/.local/lib/python3.11/site-packages/airflow/example_dags/example_dynamic_task_mapping.py
[2024-07-15T15:56:12.381+0000] {processor.py:840} INFO - DAG(s) 'example_dynamic_task_mapping' retrieved from /home/airflow/.local/lib/python3.11/site-packages/airflow/example_dags/example_dynamic_task_mapping.py
[2024-07-15T15:56:12.414+0000] {logging_mixin.py:188} INFO - [2024-07-15T15:56:12.414+0000] {dag.py:3096} INFO - Sync 1 DAGs
[2024-07-15T15:56:12.450+0000] {logging_mixin.py:188} INFO - [2024-07-15T15:56:12.450+0000] {dag.py:3954} INFO - Setting next_dagrun for example_dynamic_task_mapping to 2022-03-04 00:00:00+00:00, run_after=2022-03-05 00:00:00+00:00
[2024-07-15T15:56:12.476+0000] {processor.py:183} INFO - Processing /home/airflow/.local/lib/python3.11/site-packages/airflow/example_dags/example_dynamic_task_mapping.py took 0.121 seconds
[2024-07-15T15:56:19.580+0000] {processor.py:161} INFO - Started process (PID=26386) to work on /home/airflow/.local/lib/python3.11/site-packages/airflow/example_dags/example_dynamic_task_mapping.py
[2024-07-15T15:56:19.582+0000] {processor.py:830} INFO - Processing file /home/airflow/.local/lib/python3.11/site-packages/airflow/example_dags/example_dynamic_task_mapping.py for tasks to queue
[2024-07-15T15:56:19.585+0000] {logging_mixin.py:188} INFO - [2024-07-15T15:56:19.585+0000] {dagbag.py:545} INFO - Filling up the DagBag from /home/airflow/.local/lib/python3.11/site-packages/airflow/example_dags/example_dynamic_task_mapping.py
[2024-07-15T15:56:19.598+0000] {processor.py:840} INFO - DAG(s) 'example_dynamic_task_mapping' retrieved from /home/airflow/.local/lib/python3.11/site-packages/airflow/example_dags/example_dynamic_task_mapping.py
[2024-07-15T15:56:19.631+0000] {logging_mixin.py:188} INFO - [2024-07-15T15:56:19.630+0000] {dag.py:3096} INFO - Sync 1 DAGs
[2024-07-15T15:56:19.669+0000] {logging_mixin.py:188} INFO - [2024-07-15T15:56:19.669+0000] {dag.py:3954} INFO - Setting next_dagrun for example_dynamic_task_mapping to 2022-03-04 00:00:00+00:00, run_after=2022-03-05 00:00:00+00:00
[2024-07-15T15:56:19.697+0000] {processor.py:183} INFO - Processing /home/airflow/.local/lib/python3.11/site-packages/airflow/example_dags/example_dynamic_task_mapping.py took 0.127 seconds
[2024-07-15T15:56:27.757+0000] {processor.py:161} INFO - Started process (PID=26444) to work on /home/airflow/.local/lib/python3.11/site-packages/airflow/example_dags/example_dynamic_task_mapping.py
[2024-07-15T15:56:27.759+0000] {processor.py:830} INFO - Processing file /home/airflow/.local/lib/python3.11/site-packages/airflow/example_dags/example_dynamic_task_mapping.py for tasks to queue
[2024-07-15T15:56:27.762+0000] {logging_mixin.py:188} INFO - [2024-07-15T15:56:27.762+0000] {dagbag.py:545} INFO - Filling up the DagBag from /home/airflow/.local/lib/python3.11/site-packages/airflow/example_dags/example_dynamic_task_mapping.py
[2024-07-15T15:56:27.773+0000] {processor.py:840} INFO - DAG(s) 'example_dynamic_task_mapping' retrieved from /home/airflow/.local/lib/python3.11/site-packages/airflow/example_dags/example_dynamic_task_mapping.py
[2024-07-15T15:56:27.805+0000] {logging_mixin.py:188} INFO - [2024-07-15T15:56:27.804+0000] {dag.py:3096} INFO - Sync 1 DAGs
[2024-07-15T15:56:27.838+0000] {logging_mixin.py:188} INFO - [2024-07-15T15:56:27.837+0000] {dag.py:3954} INFO - Setting next_dagrun for example_dynamic_task_mapping to 2022-03-04 00:00:00+00:00, run_after=2022-03-05 00:00:00+00:00
[2024-07-15T15:56:27.875+0000] {processor.py:183} INFO - Processing /home/airflow/.local/lib/python3.11/site-packages/airflow/example_dags/example_dynamic_task_mapping.py took 0.129 seconds
[2024-07-15T15:56:35.578+0000] {processor.py:161} INFO - Started process (PID=26497) to work on /home/airflow/.local/lib/python3.11/site-packages/airflow/example_dags/example_dynamic_task_mapping.py
[2024-07-15T15:56:35.580+0000] {processor.py:830} INFO - Processing file /home/airflow/.local/lib/python3.11/site-packages/airflow/example_dags/example_dynamic_task_mapping.py for tasks to queue
[2024-07-15T15:56:35.585+0000] {logging_mixin.py:188} INFO - [2024-07-15T15:56:35.585+0000] {dagbag.py:545} INFO - Filling up the DagBag from /home/airflow/.local/lib/python3.11/site-packages/airflow/example_dags/example_dynamic_task_mapping.py
[2024-07-15T15:56:35.602+0000] {processor.py:840} INFO - DAG(s) 'example_dynamic_task_mapping' retrieved from /home/airflow/.local/lib/python3.11/site-packages/airflow/example_dags/example_dynamic_task_mapping.py
[2024-07-15T15:56:35.643+0000] {logging_mixin.py:188} INFO - [2024-07-15T15:56:35.643+0000] {dag.py:3096} INFO - Sync 1 DAGs
[2024-07-15T15:56:35.686+0000] {logging_mixin.py:188} INFO - [2024-07-15T15:56:35.685+0000] {dag.py:3954} INFO - Setting next_dagrun for example_dynamic_task_mapping to 2022-03-04 00:00:00+00:00, run_after=2022-03-05 00:00:00+00:00
[2024-07-15T15:56:35.715+0000] {processor.py:183} INFO - Processing /home/airflow/.local/lib/python3.11/site-packages/airflow/example_dags/example_dynamic_task_mapping.py took 0.153 seconds
[2024-07-15T15:56:41.573+0000] {processor.py:161} INFO - Started process (PID=26549) to work on /home/airflow/.local/lib/python3.11/site-packages/airflow/example_dags/example_dynamic_task_mapping.py
[2024-07-15T15:56:41.574+0000] {processor.py:830} INFO - Processing file /home/airflow/.local/lib/python3.11/site-packages/airflow/example_dags/example_dynamic_task_mapping.py for tasks to queue
[2024-07-15T15:56:41.577+0000] {logging_mixin.py:188} INFO - [2024-07-15T15:56:41.576+0000] {dagbag.py:545} INFO - Filling up the DagBag from /home/airflow/.local/lib/python3.11/site-packages/airflow/example_dags/example_dynamic_task_mapping.py
[2024-07-15T15:56:41.586+0000] {processor.py:840} INFO - DAG(s) 'example_dynamic_task_mapping' retrieved from /home/airflow/.local/lib/python3.11/site-packages/airflow/example_dags/example_dynamic_task_mapping.py
[2024-07-15T15:56:41.615+0000] {logging_mixin.py:188} INFO - [2024-07-15T15:56:41.615+0000] {dag.py:3096} INFO - Sync 1 DAGs
[2024-07-15T15:56:41.650+0000] {logging_mixin.py:188} INFO - [2024-07-15T15:56:41.650+0000] {dag.py:3954} INFO - Setting next_dagrun for example_dynamic_task_mapping to 2022-03-04 00:00:00+00:00, run_after=2022-03-05 00:00:00+00:00
[2024-07-15T15:56:41.683+0000] {processor.py:183} INFO - Processing /home/airflow/.local/lib/python3.11/site-packages/airflow/example_dags/example_dynamic_task_mapping.py took 0.117 seconds
[2024-07-15T15:56:46.368+0000] {processor.py:161} INFO - Started process (PID=26603) to work on /home/airflow/.local/lib/python3.11/site-packages/airflow/example_dags/example_dynamic_task_mapping.py
[2024-07-15T15:56:46.370+0000] {processor.py:830} INFO - Processing file /home/airflow/.local/lib/python3.11/site-packages/airflow/example_dags/example_dynamic_task_mapping.py for tasks to queue
[2024-07-15T15:56:46.373+0000] {logging_mixin.py:188} INFO - [2024-07-15T15:56:46.373+0000] {dagbag.py:545} INFO - Filling up the DagBag from /home/airflow/.local/lib/python3.11/site-packages/airflow/example_dags/example_dynamic_task_mapping.py
[2024-07-15T15:56:46.386+0000] {processor.py:840} INFO - DAG(s) 'example_dynamic_task_mapping' retrieved from /home/airflow/.local/lib/python3.11/site-packages/airflow/example_dags/example_dynamic_task_mapping.py
[2024-07-15T15:56:46.417+0000] {logging_mixin.py:188} INFO - [2024-07-15T15:56:46.416+0000] {dag.py:3096} INFO - Sync 1 DAGs
[2024-07-15T15:56:46.447+0000] {logging_mixin.py:188} INFO - [2024-07-15T15:56:46.447+0000] {dag.py:3954} INFO - Setting next_dagrun for example_dynamic_task_mapping to 2022-03-04 00:00:00+00:00, run_after=2022-03-05 00:00:00+00:00
[2024-07-15T15:56:46.474+0000] {processor.py:183} INFO - Processing /home/airflow/.local/lib/python3.11/site-packages/airflow/example_dags/example_dynamic_task_mapping.py took 0.115 seconds
[2024-07-15T15:56:51.757+0000] {processor.py:161} INFO - Started process (PID=26655) to work on /home/airflow/.local/lib/python3.11/site-packages/airflow/example_dags/example_dynamic_task_mapping.py
[2024-07-15T15:56:51.759+0000] {processor.py:830} INFO - Processing file /home/airflow/.local/lib/python3.11/site-packages/airflow/example_dags/example_dynamic_task_mapping.py for tasks to queue
[2024-07-15T15:56:51.763+0000] {logging_mixin.py:188} INFO - [2024-07-15T15:56:51.762+0000] {dagbag.py:545} INFO - Filling up the DagBag from /home/airflow/.local/lib/python3.11/site-packages/airflow/example_dags/example_dynamic_task_mapping.py
[2024-07-15T15:56:51.779+0000] {processor.py:840} INFO - DAG(s) 'example_dynamic_task_mapping' retrieved from /home/airflow/.local/lib/python3.11/site-packages/airflow/example_dags/example_dynamic_task_mapping.py
[2024-07-15T15:56:51.815+0000] {logging_mixin.py:188} INFO - [2024-07-15T15:56:51.815+0000] {dag.py:3096} INFO - Sync 1 DAGs
[2024-07-15T15:56:51.857+0000] {logging_mixin.py:188} INFO - [2024-07-15T15:56:51.857+0000] {dag.py:3954} INFO - Setting next_dagrun for example_dynamic_task_mapping to 2022-03-04 00:00:00+00:00, run_after=2022-03-05 00:00:00+00:00
[2024-07-15T15:56:51.884+0000] {processor.py:183} INFO - Processing /home/airflow/.local/lib/python3.11/site-packages/airflow/example_dags/example_dynamic_task_mapping.py took 0.140 seconds
[2024-07-15T15:56:57.066+0000] {processor.py:161} INFO - Started process (PID=26715) to work on /home/airflow/.local/lib/python3.11/site-packages/airflow/example_dags/example_dynamic_task_mapping.py
[2024-07-15T15:56:57.068+0000] {processor.py:830} INFO - Processing file /home/airflow/.local/lib/python3.11/site-packages/airflow/example_dags/example_dynamic_task_mapping.py for tasks to queue
[2024-07-15T15:56:57.071+0000] {logging_mixin.py:188} INFO - [2024-07-15T15:56:57.070+0000] {dagbag.py:545} INFO - Filling up the DagBag from /home/airflow/.local/lib/python3.11/site-packages/airflow/example_dags/example_dynamic_task_mapping.py
[2024-07-15T15:56:57.081+0000] {processor.py:840} INFO - DAG(s) 'example_dynamic_task_mapping' retrieved from /home/airflow/.local/lib/python3.11/site-packages/airflow/example_dags/example_dynamic_task_mapping.py
[2024-07-15T15:56:57.108+0000] {logging_mixin.py:188} INFO - [2024-07-15T15:56:57.108+0000] {dag.py:3096} INFO - Sync 1 DAGs
[2024-07-15T15:56:57.135+0000] {logging_mixin.py:188} INFO - [2024-07-15T15:56:57.134+0000] {dag.py:3954} INFO - Setting next_dagrun for example_dynamic_task_mapping to 2022-03-04 00:00:00+00:00, run_after=2022-03-05 00:00:00+00:00
[2024-07-15T15:56:57.160+0000] {processor.py:183} INFO - Processing /home/airflow/.local/lib/python3.11/site-packages/airflow/example_dags/example_dynamic_task_mapping.py took 0.104 seconds
