[2024-07-15T15:49:07.231+0000] {processor.py:161} INFO - Started process (PID=22637) to work on /home/airflow/.local/lib/python3.11/site-packages/airflow/example_dags/example_python_decorator.py
[2024-07-15T15:49:07.234+0000] {processor.py:830} INFO - Processing file /home/airflow/.local/lib/python3.11/site-packages/airflow/example_dags/example_python_decorator.py for tasks to queue
[2024-07-15T15:49:07.238+0000] {logging_mixin.py:188} INFO - [2024-07-15T15:49:07.238+0000] {dagbag.py:545} INFO - Filling up the DagBag from /home/airflow/.local/lib/python3.11/site-packages/airflow/example_dags/example_python_decorator.py
[2024-07-15T15:49:07.325+0000] {processor.py:840} INFO - DAG(s) 'example_python_decorator' retrieved from /home/airflow/.local/lib/python3.11/site-packages/airflow/example_dags/example_python_decorator.py
[2024-07-15T15:49:07.507+0000] {logging_mixin.py:188} INFO - [2024-07-15T15:49:07.507+0000] {dag.py:3096} INFO - Sync 1 DAGs
[2024-07-15T15:49:07.576+0000] {logging_mixin.py:188} INFO - [2024-07-15T15:49:07.575+0000] {dag.py:3954} INFO - Setting next_dagrun for example_python_decorator to None, run_after=None
[2024-07-15T15:49:07.659+0000] {processor.py:183} INFO - Processing /home/airflow/.local/lib/python3.11/site-packages/airflow/example_dags/example_python_decorator.py took 0.456 seconds
[2024-07-15T15:49:15.012+0000] {processor.py:161} INFO - Started process (PID=22689) to work on /home/airflow/.local/lib/python3.11/site-packages/airflow/example_dags/example_python_decorator.py
[2024-07-15T15:49:15.014+0000] {processor.py:830} INFO - Processing file /home/airflow/.local/lib/python3.11/site-packages/airflow/example_dags/example_python_decorator.py for tasks to queue
[2024-07-15T15:49:15.018+0000] {logging_mixin.py:188} INFO - [2024-07-15T15:49:15.018+0000] {dagbag.py:545} INFO - Filling up the DagBag from /home/airflow/.local/lib/python3.11/site-packages/airflow/example_dags/example_python_decorator.py
[2024-07-15T15:49:15.049+0000] {processor.py:840} INFO - DAG(s) 'example_python_decorator' retrieved from /home/airflow/.local/lib/python3.11/site-packages/airflow/example_dags/example_python_decorator.py
[2024-07-15T15:49:15.091+0000] {logging_mixin.py:188} INFO - [2024-07-15T15:49:15.090+0000] {dag.py:3096} INFO - Sync 1 DAGs
[2024-07-15T15:49:15.115+0000] {logging_mixin.py:188} INFO - [2024-07-15T15:49:15.114+0000] {dag.py:3954} INFO - Setting next_dagrun for example_python_decorator to None, run_after=None
[2024-07-15T15:49:15.144+0000] {processor.py:183} INFO - Processing /home/airflow/.local/lib/python3.11/site-packages/airflow/example_dags/example_python_decorator.py took 0.146 seconds
[2024-07-15T15:49:23.457+0000] {processor.py:161} INFO - Started process (PID=22748) to work on /home/airflow/.local/lib/python3.11/site-packages/airflow/example_dags/example_python_decorator.py
[2024-07-15T15:49:23.459+0000] {processor.py:830} INFO - Processing file /home/airflow/.local/lib/python3.11/site-packages/airflow/example_dags/example_python_decorator.py for tasks to queue
[2024-07-15T15:49:23.462+0000] {logging_mixin.py:188} INFO - [2024-07-15T15:49:23.461+0000] {dagbag.py:545} INFO - Filling up the DagBag from /home/airflow/.local/lib/python3.11/site-packages/airflow/example_dags/example_python_decorator.py
[2024-07-15T15:49:23.490+0000] {processor.py:840} INFO - DAG(s) 'example_python_decorator' retrieved from /home/airflow/.local/lib/python3.11/site-packages/airflow/example_dags/example_python_decorator.py
[2024-07-15T15:49:23.549+0000] {logging_mixin.py:188} INFO - [2024-07-15T15:49:23.549+0000] {dag.py:3096} INFO - Sync 1 DAGs
[2024-07-15T15:49:23.585+0000] {logging_mixin.py:188} INFO - [2024-07-15T15:49:23.584+0000] {dag.py:3954} INFO - Setting next_dagrun for example_python_decorator to None, run_after=None
[2024-07-15T15:49:23.635+0000] {processor.py:183} INFO - Processing /home/airflow/.local/lib/python3.11/site-packages/airflow/example_dags/example_python_decorator.py took 0.188 seconds
[2024-07-15T15:49:31.008+0000] {processor.py:161} INFO - Started process (PID=22800) to work on /home/airflow/.local/lib/python3.11/site-packages/airflow/example_dags/example_python_decorator.py
[2024-07-15T15:49:31.010+0000] {processor.py:830} INFO - Processing file /home/airflow/.local/lib/python3.11/site-packages/airflow/example_dags/example_python_decorator.py for tasks to queue
[2024-07-15T15:49:31.013+0000] {logging_mixin.py:188} INFO - [2024-07-15T15:49:31.013+0000] {dagbag.py:545} INFO - Filling up the DagBag from /home/airflow/.local/lib/python3.11/site-packages/airflow/example_dags/example_python_decorator.py
[2024-07-15T15:49:31.041+0000] {processor.py:840} INFO - DAG(s) 'example_python_decorator' retrieved from /home/airflow/.local/lib/python3.11/site-packages/airflow/example_dags/example_python_decorator.py
[2024-07-15T15:49:31.099+0000] {logging_mixin.py:188} INFO - [2024-07-15T15:49:31.099+0000] {dag.py:3096} INFO - Sync 1 DAGs
[2024-07-15T15:49:31.124+0000] {logging_mixin.py:188} INFO - [2024-07-15T15:49:31.124+0000] {dag.py:3954} INFO - Setting next_dagrun for example_python_decorator to None, run_after=None
[2024-07-15T15:49:31.171+0000] {processor.py:183} INFO - Processing /home/airflow/.local/lib/python3.11/site-packages/airflow/example_dags/example_python_decorator.py took 0.174 seconds
[2024-07-15T15:49:38.648+0000] {processor.py:161} INFO - Started process (PID=22853) to work on /home/airflow/.local/lib/python3.11/site-packages/airflow/example_dags/example_python_decorator.py
[2024-07-15T15:49:38.650+0000] {processor.py:830} INFO - Processing file /home/airflow/.local/lib/python3.11/site-packages/airflow/example_dags/example_python_decorator.py for tasks to queue
[2024-07-15T15:49:38.656+0000] {logging_mixin.py:188} INFO - [2024-07-15T15:49:38.655+0000] {dagbag.py:545} INFO - Filling up the DagBag from /home/airflow/.local/lib/python3.11/site-packages/airflow/example_dags/example_python_decorator.py
[2024-07-15T15:49:38.698+0000] {processor.py:840} INFO - DAG(s) 'example_python_decorator' retrieved from /home/airflow/.local/lib/python3.11/site-packages/airflow/example_dags/example_python_decorator.py
[2024-07-15T15:49:38.756+0000] {logging_mixin.py:188} INFO - [2024-07-15T15:49:38.754+0000] {dag.py:3096} INFO - Sync 1 DAGs
[2024-07-15T15:49:38.793+0000] {logging_mixin.py:188} INFO - [2024-07-15T15:49:38.792+0000] {dag.py:3954} INFO - Setting next_dagrun for example_python_decorator to None, run_after=None
[2024-07-15T15:49:38.852+0000] {processor.py:183} INFO - Processing /home/airflow/.local/lib/python3.11/site-packages/airflow/example_dags/example_python_decorator.py took 0.219 seconds
[2024-07-15T15:49:45.663+0000] {processor.py:161} INFO - Started process (PID=22905) to work on /home/airflow/.local/lib/python3.11/site-packages/airflow/example_dags/example_python_decorator.py
[2024-07-15T15:49:45.665+0000] {processor.py:830} INFO - Processing file /home/airflow/.local/lib/python3.11/site-packages/airflow/example_dags/example_python_decorator.py for tasks to queue
[2024-07-15T15:49:45.668+0000] {logging_mixin.py:188} INFO - [2024-07-15T15:49:45.667+0000] {dagbag.py:545} INFO - Filling up the DagBag from /home/airflow/.local/lib/python3.11/site-packages/airflow/example_dags/example_python_decorator.py
[2024-07-15T15:49:45.698+0000] {processor.py:840} INFO - DAG(s) 'example_python_decorator' retrieved from /home/airflow/.local/lib/python3.11/site-packages/airflow/example_dags/example_python_decorator.py
[2024-07-15T15:49:45.744+0000] {logging_mixin.py:188} INFO - [2024-07-15T15:49:45.743+0000] {dag.py:3096} INFO - Sync 1 DAGs
[2024-07-15T15:49:45.767+0000] {logging_mixin.py:188} INFO - [2024-07-15T15:49:45.767+0000] {dag.py:3954} INFO - Setting next_dagrun for example_python_decorator to None, run_after=None
[2024-07-15T15:49:45.810+0000] {processor.py:183} INFO - Processing /home/airflow/.local/lib/python3.11/site-packages/airflow/example_dags/example_python_decorator.py took 0.160 seconds
[2024-07-15T15:49:52.421+0000] {processor.py:161} INFO - Started process (PID=22965) to work on /home/airflow/.local/lib/python3.11/site-packages/airflow/example_dags/example_python_decorator.py
[2024-07-15T15:49:52.423+0000] {processor.py:830} INFO - Processing file /home/airflow/.local/lib/python3.11/site-packages/airflow/example_dags/example_python_decorator.py for tasks to queue
[2024-07-15T15:49:52.426+0000] {logging_mixin.py:188} INFO - [2024-07-15T15:49:52.425+0000] {dagbag.py:545} INFO - Filling up the DagBag from /home/airflow/.local/lib/python3.11/site-packages/airflow/example_dags/example_python_decorator.py
[2024-07-15T15:49:52.449+0000] {processor.py:840} INFO - DAG(s) 'example_python_decorator' retrieved from /home/airflow/.local/lib/python3.11/site-packages/airflow/example_dags/example_python_decorator.py
[2024-07-15T15:49:52.491+0000] {logging_mixin.py:188} INFO - [2024-07-15T15:49:52.491+0000] {dag.py:3096} INFO - Sync 1 DAGs
[2024-07-15T15:49:52.510+0000] {logging_mixin.py:188} INFO - [2024-07-15T15:49:52.509+0000] {dag.py:3954} INFO - Setting next_dagrun for example_python_decorator to None, run_after=None
[2024-07-15T15:49:52.535+0000] {processor.py:183} INFO - Processing /home/airflow/.local/lib/python3.11/site-packages/airflow/example_dags/example_python_decorator.py took 0.128 seconds
[2024-07-15T15:49:59.423+0000] {processor.py:161} INFO - Started process (PID=23017) to work on /home/airflow/.local/lib/python3.11/site-packages/airflow/example_dags/example_python_decorator.py
[2024-07-15T15:49:59.424+0000] {processor.py:830} INFO - Processing file /home/airflow/.local/lib/python3.11/site-packages/airflow/example_dags/example_python_decorator.py for tasks to queue
[2024-07-15T15:49:59.427+0000] {logging_mixin.py:188} INFO - [2024-07-15T15:49:59.427+0000] {dagbag.py:545} INFO - Filling up the DagBag from /home/airflow/.local/lib/python3.11/site-packages/airflow/example_dags/example_python_decorator.py
[2024-07-15T15:49:59.446+0000] {processor.py:840} INFO - DAG(s) 'example_python_decorator' retrieved from /home/airflow/.local/lib/python3.11/site-packages/airflow/example_dags/example_python_decorator.py
[2024-07-15T15:49:59.484+0000] {logging_mixin.py:188} INFO - [2024-07-15T15:49:59.484+0000] {dag.py:3096} INFO - Sync 1 DAGs
[2024-07-15T15:49:59.503+0000] {logging_mixin.py:188} INFO - [2024-07-15T15:49:59.503+0000] {dag.py:3954} INFO - Setting next_dagrun for example_python_decorator to None, run_after=None
[2024-07-15T15:49:59.530+0000] {processor.py:183} INFO - Processing /home/airflow/.local/lib/python3.11/site-packages/airflow/example_dags/example_python_decorator.py took 0.116 seconds
[2024-07-15T15:50:05.419+0000] {processor.py:161} INFO - Started process (PID=23070) to work on /home/airflow/.local/lib/python3.11/site-packages/airflow/example_dags/example_python_decorator.py
[2024-07-15T15:50:05.420+0000] {processor.py:830} INFO - Processing file /home/airflow/.local/lib/python3.11/site-packages/airflow/example_dags/example_python_decorator.py for tasks to queue
[2024-07-15T15:50:05.422+0000] {logging_mixin.py:188} INFO - [2024-07-15T15:50:05.422+0000] {dagbag.py:545} INFO - Filling up the DagBag from /home/airflow/.local/lib/python3.11/site-packages/airflow/example_dags/example_python_decorator.py
[2024-07-15T15:50:05.438+0000] {processor.py:840} INFO - DAG(s) 'example_python_decorator' retrieved from /home/airflow/.local/lib/python3.11/site-packages/airflow/example_dags/example_python_decorator.py
[2024-07-15T15:50:05.463+0000] {logging_mixin.py:188} INFO - [2024-07-15T15:50:05.462+0000] {dag.py:3096} INFO - Sync 1 DAGs
[2024-07-15T15:50:05.476+0000] {logging_mixin.py:188} INFO - [2024-07-15T15:50:05.476+0000] {dag.py:3954} INFO - Setting next_dagrun for example_python_decorator to None, run_after=None
[2024-07-15T15:50:05.508+0000] {processor.py:183} INFO - Processing /home/airflow/.local/lib/python3.11/site-packages/airflow/example_dags/example_python_decorator.py took 0.095 seconds
[2024-07-15T15:50:11.036+0000] {processor.py:161} INFO - Started process (PID=23122) to work on /home/airflow/.local/lib/python3.11/site-packages/airflow/example_dags/example_python_decorator.py
[2024-07-15T15:50:11.038+0000] {processor.py:830} INFO - Processing file /home/airflow/.local/lib/python3.11/site-packages/airflow/example_dags/example_python_decorator.py for tasks to queue
[2024-07-15T15:50:11.040+0000] {logging_mixin.py:188} INFO - [2024-07-15T15:50:11.040+0000] {dagbag.py:545} INFO - Filling up the DagBag from /home/airflow/.local/lib/python3.11/site-packages/airflow/example_dags/example_python_decorator.py
[2024-07-15T15:50:11.085+0000] {processor.py:840} INFO - DAG(s) 'example_python_decorator' retrieved from /home/airflow/.local/lib/python3.11/site-packages/airflow/example_dags/example_python_decorator.py
[2024-07-15T15:50:11.119+0000] {logging_mixin.py:188} INFO - [2024-07-15T15:50:11.119+0000] {dag.py:3096} INFO - Sync 1 DAGs
[2024-07-15T15:50:11.133+0000] {logging_mixin.py:188} INFO - [2024-07-15T15:50:11.133+0000] {dag.py:3954} INFO - Setting next_dagrun for example_python_decorator to None, run_after=None
[2024-07-15T15:50:11.180+0000] {processor.py:183} INFO - Processing /home/airflow/.local/lib/python3.11/site-packages/airflow/example_dags/example_python_decorator.py took 0.157 seconds
[2024-07-15T15:50:17.600+0000] {processor.py:161} INFO - Started process (PID=23175) to work on /home/airflow/.local/lib/python3.11/site-packages/airflow/example_dags/example_python_decorator.py
[2024-07-15T15:50:17.601+0000] {processor.py:830} INFO - Processing file /home/airflow/.local/lib/python3.11/site-packages/airflow/example_dags/example_python_decorator.py for tasks to queue
[2024-07-15T15:50:17.605+0000] {logging_mixin.py:188} INFO - [2024-07-15T15:50:17.604+0000] {dagbag.py:545} INFO - Filling up the DagBag from /home/airflow/.local/lib/python3.11/site-packages/airflow/example_dags/example_python_decorator.py
[2024-07-15T15:50:17.623+0000] {processor.py:840} INFO - DAG(s) 'example_python_decorator' retrieved from /home/airflow/.local/lib/python3.11/site-packages/airflow/example_dags/example_python_decorator.py
[2024-07-15T15:50:17.650+0000] {logging_mixin.py:188} INFO - [2024-07-15T15:50:17.650+0000] {dag.py:3096} INFO - Sync 1 DAGs
[2024-07-15T15:50:17.665+0000] {logging_mixin.py:188} INFO - [2024-07-15T15:50:17.664+0000] {dag.py:3954} INFO - Setting next_dagrun for example_python_decorator to None, run_after=None
[2024-07-15T15:50:17.688+0000] {processor.py:183} INFO - Processing /home/airflow/.local/lib/python3.11/site-packages/airflow/example_dags/example_python_decorator.py took 0.100 seconds
[2024-07-15T15:50:22.582+0000] {processor.py:161} INFO - Started process (PID=23235) to work on /home/airflow/.local/lib/python3.11/site-packages/airflow/example_dags/example_python_decorator.py
[2024-07-15T15:50:22.583+0000] {processor.py:830} INFO - Processing file /home/airflow/.local/lib/python3.11/site-packages/airflow/example_dags/example_python_decorator.py for tasks to queue
[2024-07-15T15:50:22.586+0000] {logging_mixin.py:188} INFO - [2024-07-15T15:50:22.586+0000] {dagbag.py:545} INFO - Filling up the DagBag from /home/airflow/.local/lib/python3.11/site-packages/airflow/example_dags/example_python_decorator.py
[2024-07-15T15:50:22.603+0000] {processor.py:840} INFO - DAG(s) 'example_python_decorator' retrieved from /home/airflow/.local/lib/python3.11/site-packages/airflow/example_dags/example_python_decorator.py
[2024-07-15T15:50:22.630+0000] {logging_mixin.py:188} INFO - [2024-07-15T15:50:22.630+0000] {dag.py:3096} INFO - Sync 1 DAGs
[2024-07-15T15:50:22.644+0000] {logging_mixin.py:188} INFO - [2024-07-15T15:50:22.644+0000] {dag.py:3954} INFO - Setting next_dagrun for example_python_decorator to None, run_after=None
[2024-07-15T15:50:22.666+0000] {processor.py:183} INFO - Processing /home/airflow/.local/lib/python3.11/site-packages/airflow/example_dags/example_python_decorator.py took 0.092 seconds
[2024-07-15T15:50:28.290+0000] {processor.py:161} INFO - Started process (PID=23287) to work on /home/airflow/.local/lib/python3.11/site-packages/airflow/example_dags/example_python_decorator.py
[2024-07-15T15:50:28.291+0000] {processor.py:830} INFO - Processing file /home/airflow/.local/lib/python3.11/site-packages/airflow/example_dags/example_python_decorator.py for tasks to queue
[2024-07-15T15:50:28.294+0000] {logging_mixin.py:188} INFO - [2024-07-15T15:50:28.294+0000] {dagbag.py:545} INFO - Filling up the DagBag from /home/airflow/.local/lib/python3.11/site-packages/airflow/example_dags/example_python_decorator.py
[2024-07-15T15:50:28.338+0000] {processor.py:840} INFO - DAG(s) 'example_python_decorator' retrieved from /home/airflow/.local/lib/python3.11/site-packages/airflow/example_dags/example_python_decorator.py
[2024-07-15T15:50:28.381+0000] {logging_mixin.py:188} INFO - [2024-07-15T15:50:28.379+0000] {dag.py:3096} INFO - Sync 1 DAGs
[2024-07-15T15:50:28.419+0000] {logging_mixin.py:188} INFO - [2024-07-15T15:50:28.419+0000] {dag.py:3954} INFO - Setting next_dagrun for example_python_decorator to None, run_after=None
[2024-07-15T15:50:28.441+0000] {processor.py:183} INFO - Processing /home/airflow/.local/lib/python3.11/site-packages/airflow/example_dags/example_python_decorator.py took 0.165 seconds
[2024-07-15T15:50:33.437+0000] {processor.py:161} INFO - Started process (PID=23341) to work on /home/airflow/.local/lib/python3.11/site-packages/airflow/example_dags/example_python_decorator.py
[2024-07-15T15:50:33.438+0000] {processor.py:830} INFO - Processing file /home/airflow/.local/lib/python3.11/site-packages/airflow/example_dags/example_python_decorator.py for tasks to queue
[2024-07-15T15:50:33.440+0000] {logging_mixin.py:188} INFO - [2024-07-15T15:50:33.440+0000] {dagbag.py:545} INFO - Filling up the DagBag from /home/airflow/.local/lib/python3.11/site-packages/airflow/example_dags/example_python_decorator.py
[2024-07-15T15:50:33.488+0000] {processor.py:840} INFO - DAG(s) 'example_python_decorator' retrieved from /home/airflow/.local/lib/python3.11/site-packages/airflow/example_dags/example_python_decorator.py
[2024-07-15T15:50:33.518+0000] {logging_mixin.py:188} INFO - [2024-07-15T15:50:33.518+0000] {dag.py:3096} INFO - Sync 1 DAGs
[2024-07-15T15:50:33.533+0000] {logging_mixin.py:188} INFO - [2024-07-15T15:50:33.533+0000] {dag.py:3954} INFO - Setting next_dagrun for example_python_decorator to None, run_after=None
[2024-07-15T15:50:33.557+0000] {processor.py:183} INFO - Processing /home/airflow/.local/lib/python3.11/site-packages/airflow/example_dags/example_python_decorator.py took 0.128 seconds
[2024-07-15T15:50:38.964+0000] {processor.py:161} INFO - Started process (PID=23393) to work on /home/airflow/.local/lib/python3.11/site-packages/airflow/example_dags/example_python_decorator.py
[2024-07-15T15:50:38.966+0000] {processor.py:830} INFO - Processing file /home/airflow/.local/lib/python3.11/site-packages/airflow/example_dags/example_python_decorator.py for tasks to queue
[2024-07-15T15:50:38.971+0000] {logging_mixin.py:188} INFO - [2024-07-15T15:50:38.970+0000] {dagbag.py:545} INFO - Filling up the DagBag from /home/airflow/.local/lib/python3.11/site-packages/airflow/example_dags/example_python_decorator.py
[2024-07-15T15:50:38.992+0000] {processor.py:840} INFO - DAG(s) 'example_python_decorator' retrieved from /home/airflow/.local/lib/python3.11/site-packages/airflow/example_dags/example_python_decorator.py
[2024-07-15T15:50:39.048+0000] {logging_mixin.py:188} INFO - [2024-07-15T15:50:39.048+0000] {dag.py:3096} INFO - Sync 1 DAGs
[2024-07-15T15:50:39.074+0000] {logging_mixin.py:188} INFO - [2024-07-15T15:50:39.074+0000] {dag.py:3954} INFO - Setting next_dagrun for example_python_decorator to None, run_after=None
[2024-07-15T15:50:39.095+0000] {processor.py:183} INFO - Processing /home/airflow/.local/lib/python3.11/site-packages/airflow/example_dags/example_python_decorator.py took 0.143 seconds
[2024-07-15T15:50:45.034+0000] {processor.py:161} INFO - Started process (PID=23446) to work on /home/airflow/.local/lib/python3.11/site-packages/airflow/example_dags/example_python_decorator.py
[2024-07-15T15:50:45.035+0000] {processor.py:830} INFO - Processing file /home/airflow/.local/lib/python3.11/site-packages/airflow/example_dags/example_python_decorator.py for tasks to queue
[2024-07-15T15:50:45.037+0000] {logging_mixin.py:188} INFO - [2024-07-15T15:50:45.037+0000] {dagbag.py:545} INFO - Filling up the DagBag from /home/airflow/.local/lib/python3.11/site-packages/airflow/example_dags/example_python_decorator.py
[2024-07-15T15:50:45.053+0000] {processor.py:840} INFO - DAG(s) 'example_python_decorator' retrieved from /home/airflow/.local/lib/python3.11/site-packages/airflow/example_dags/example_python_decorator.py
[2024-07-15T15:50:45.079+0000] {logging_mixin.py:188} INFO - [2024-07-15T15:50:45.079+0000] {dag.py:3096} INFO - Sync 1 DAGs
[2024-07-15T15:50:45.093+0000] {logging_mixin.py:188} INFO - [2024-07-15T15:50:45.093+0000] {dag.py:3954} INFO - Setting next_dagrun for example_python_decorator to None, run_after=None
[2024-07-15T15:50:45.115+0000] {processor.py:183} INFO - Processing /home/airflow/.local/lib/python3.11/site-packages/airflow/example_dags/example_python_decorator.py took 0.088 seconds
[2024-07-15T15:50:50.006+0000] {processor.py:161} INFO - Started process (PID=23498) to work on /home/airflow/.local/lib/python3.11/site-packages/airflow/example_dags/example_python_decorator.py
[2024-07-15T15:50:50.007+0000] {processor.py:830} INFO - Processing file /home/airflow/.local/lib/python3.11/site-packages/airflow/example_dags/example_python_decorator.py for tasks to queue
[2024-07-15T15:50:50.009+0000] {logging_mixin.py:188} INFO - [2024-07-15T15:50:50.009+0000] {dagbag.py:545} INFO - Filling up the DagBag from /home/airflow/.local/lib/python3.11/site-packages/airflow/example_dags/example_python_decorator.py
[2024-07-15T15:50:50.024+0000] {processor.py:840} INFO - DAG(s) 'example_python_decorator' retrieved from /home/airflow/.local/lib/python3.11/site-packages/airflow/example_dags/example_python_decorator.py
[2024-07-15T15:50:50.051+0000] {logging_mixin.py:188} INFO - [2024-07-15T15:50:50.051+0000] {dag.py:3096} INFO - Sync 1 DAGs
[2024-07-15T15:50:50.065+0000] {logging_mixin.py:188} INFO - [2024-07-15T15:50:50.065+0000] {dag.py:3954} INFO - Setting next_dagrun for example_python_decorator to None, run_after=None
[2024-07-15T15:50:50.087+0000] {processor.py:183} INFO - Processing /home/airflow/.local/lib/python3.11/site-packages/airflow/example_dags/example_python_decorator.py took 0.088 seconds
[2024-07-15T15:50:55.269+0000] {processor.py:161} INFO - Started process (PID=23558) to work on /home/airflow/.local/lib/python3.11/site-packages/airflow/example_dags/example_python_decorator.py
[2024-07-15T15:50:55.270+0000] {processor.py:830} INFO - Processing file /home/airflow/.local/lib/python3.11/site-packages/airflow/example_dags/example_python_decorator.py for tasks to queue
[2024-07-15T15:50:55.272+0000] {logging_mixin.py:188} INFO - [2024-07-15T15:50:55.272+0000] {dagbag.py:545} INFO - Filling up the DagBag from /home/airflow/.local/lib/python3.11/site-packages/airflow/example_dags/example_python_decorator.py
[2024-07-15T15:50:55.288+0000] {processor.py:840} INFO - DAG(s) 'example_python_decorator' retrieved from /home/airflow/.local/lib/python3.11/site-packages/airflow/example_dags/example_python_decorator.py
[2024-07-15T15:50:55.315+0000] {logging_mixin.py:188} INFO - [2024-07-15T15:50:55.315+0000] {dag.py:3096} INFO - Sync 1 DAGs
[2024-07-15T15:50:55.329+0000] {logging_mixin.py:188} INFO - [2024-07-15T15:50:55.329+0000] {dag.py:3954} INFO - Setting next_dagrun for example_python_decorator to None, run_after=None
[2024-07-15T15:50:55.352+0000] {processor.py:183} INFO - Processing /home/airflow/.local/lib/python3.11/site-packages/airflow/example_dags/example_python_decorator.py took 0.090 seconds
[2024-07-15T15:51:00.775+0000] {processor.py:161} INFO - Started process (PID=23610) to work on /home/airflow/.local/lib/python3.11/site-packages/airflow/example_dags/example_python_decorator.py
[2024-07-15T15:51:00.777+0000] {processor.py:830} INFO - Processing file /home/airflow/.local/lib/python3.11/site-packages/airflow/example_dags/example_python_decorator.py for tasks to queue
[2024-07-15T15:51:00.779+0000] {logging_mixin.py:188} INFO - [2024-07-15T15:51:00.779+0000] {dagbag.py:545} INFO - Filling up the DagBag from /home/airflow/.local/lib/python3.11/site-packages/airflow/example_dags/example_python_decorator.py
[2024-07-15T15:51:00.799+0000] {processor.py:840} INFO - DAG(s) 'example_python_decorator' retrieved from /home/airflow/.local/lib/python3.11/site-packages/airflow/example_dags/example_python_decorator.py
[2024-07-15T15:51:00.836+0000] {logging_mixin.py:188} INFO - [2024-07-15T15:51:00.836+0000] {dag.py:3096} INFO - Sync 1 DAGs
[2024-07-15T15:51:00.854+0000] {logging_mixin.py:188} INFO - [2024-07-15T15:51:00.854+0000] {dag.py:3954} INFO - Setting next_dagrun for example_python_decorator to None, run_after=None
[2024-07-15T15:51:00.879+0000] {processor.py:183} INFO - Processing /home/airflow/.local/lib/python3.11/site-packages/airflow/example_dags/example_python_decorator.py took 0.113 seconds
[2024-07-15T15:51:05.600+0000] {processor.py:161} INFO - Started process (PID=23663) to work on /home/airflow/.local/lib/python3.11/site-packages/airflow/example_dags/example_python_decorator.py
[2024-07-15T15:51:05.601+0000] {processor.py:830} INFO - Processing file /home/airflow/.local/lib/python3.11/site-packages/airflow/example_dags/example_python_decorator.py for tasks to queue
[2024-07-15T15:51:05.603+0000] {logging_mixin.py:188} INFO - [2024-07-15T15:51:05.603+0000] {dagbag.py:545} INFO - Filling up the DagBag from /home/airflow/.local/lib/python3.11/site-packages/airflow/example_dags/example_python_decorator.py
[2024-07-15T15:51:05.620+0000] {processor.py:840} INFO - DAG(s) 'example_python_decorator' retrieved from /home/airflow/.local/lib/python3.11/site-packages/airflow/example_dags/example_python_decorator.py
[2024-07-15T15:51:05.646+0000] {logging_mixin.py:188} INFO - [2024-07-15T15:51:05.645+0000] {dag.py:3096} INFO - Sync 1 DAGs
[2024-07-15T15:51:05.661+0000] {logging_mixin.py:188} INFO - [2024-07-15T15:51:05.660+0000] {dag.py:3954} INFO - Setting next_dagrun for example_python_decorator to None, run_after=None
[2024-07-15T15:51:05.684+0000] {processor.py:183} INFO - Processing /home/airflow/.local/lib/python3.11/site-packages/airflow/example_dags/example_python_decorator.py took 0.092 seconds
[2024-07-15T15:51:10.924+0000] {processor.py:161} INFO - Started process (PID=23715) to work on /home/airflow/.local/lib/python3.11/site-packages/airflow/example_dags/example_python_decorator.py
[2024-07-15T15:51:10.926+0000] {processor.py:830} INFO - Processing file /home/airflow/.local/lib/python3.11/site-packages/airflow/example_dags/example_python_decorator.py for tasks to queue
[2024-07-15T15:51:10.930+0000] {logging_mixin.py:188} INFO - [2024-07-15T15:51:10.929+0000] {dagbag.py:545} INFO - Filling up the DagBag from /home/airflow/.local/lib/python3.11/site-packages/airflow/example_dags/example_python_decorator.py
[2024-07-15T15:51:10.960+0000] {processor.py:840} INFO - DAG(s) 'example_python_decorator' retrieved from /home/airflow/.local/lib/python3.11/site-packages/airflow/example_dags/example_python_decorator.py
[2024-07-15T15:51:11.002+0000] {logging_mixin.py:188} INFO - [2024-07-15T15:51:11.002+0000] {dag.py:3096} INFO - Sync 1 DAGs
[2024-07-15T15:51:11.030+0000] {logging_mixin.py:188} INFO - [2024-07-15T15:51:11.029+0000] {dag.py:3954} INFO - Setting next_dagrun for example_python_decorator to None, run_after=None
[2024-07-15T15:51:11.064+0000] {processor.py:183} INFO - Processing /home/airflow/.local/lib/python3.11/site-packages/airflow/example_dags/example_python_decorator.py took 0.165 seconds
[2024-07-15T15:51:15.592+0000] {processor.py:161} INFO - Started process (PID=23768) to work on /home/airflow/.local/lib/python3.11/site-packages/airflow/example_dags/example_python_decorator.py
[2024-07-15T15:51:15.594+0000] {processor.py:830} INFO - Processing file /home/airflow/.local/lib/python3.11/site-packages/airflow/example_dags/example_python_decorator.py for tasks to queue
[2024-07-15T15:51:15.596+0000] {logging_mixin.py:188} INFO - [2024-07-15T15:51:15.596+0000] {dagbag.py:545} INFO - Filling up the DagBag from /home/airflow/.local/lib/python3.11/site-packages/airflow/example_dags/example_python_decorator.py
[2024-07-15T15:51:15.612+0000] {processor.py:840} INFO - DAG(s) 'example_python_decorator' retrieved from /home/airflow/.local/lib/python3.11/site-packages/airflow/example_dags/example_python_decorator.py
[2024-07-15T15:51:15.639+0000] {logging_mixin.py:188} INFO - [2024-07-15T15:51:15.638+0000] {dag.py:3096} INFO - Sync 1 DAGs
[2024-07-15T15:51:15.653+0000] {logging_mixin.py:188} INFO - [2024-07-15T15:51:15.653+0000] {dag.py:3954} INFO - Setting next_dagrun for example_python_decorator to None, run_after=None
[2024-07-15T15:51:15.674+0000] {processor.py:183} INFO - Processing /home/airflow/.local/lib/python3.11/site-packages/airflow/example_dags/example_python_decorator.py took 0.090 seconds
[2024-07-15T15:51:20.767+0000] {processor.py:161} INFO - Started process (PID=23820) to work on /home/airflow/.local/lib/python3.11/site-packages/airflow/example_dags/example_python_decorator.py
[2024-07-15T15:51:20.768+0000] {processor.py:830} INFO - Processing file /home/airflow/.local/lib/python3.11/site-packages/airflow/example_dags/example_python_decorator.py for tasks to queue
[2024-07-15T15:51:20.770+0000] {logging_mixin.py:188} INFO - [2024-07-15T15:51:20.770+0000] {dagbag.py:545} INFO - Filling up the DagBag from /home/airflow/.local/lib/python3.11/site-packages/airflow/example_dags/example_python_decorator.py
[2024-07-15T15:51:20.785+0000] {processor.py:840} INFO - DAG(s) 'example_python_decorator' retrieved from /home/airflow/.local/lib/python3.11/site-packages/airflow/example_dags/example_python_decorator.py
[2024-07-15T15:51:20.812+0000] {logging_mixin.py:188} INFO - [2024-07-15T15:51:20.812+0000] {dag.py:3096} INFO - Sync 1 DAGs
[2024-07-15T15:51:20.830+0000] {logging_mixin.py:188} INFO - [2024-07-15T15:51:20.830+0000] {dag.py:3954} INFO - Setting next_dagrun for example_python_decorator to None, run_after=None
[2024-07-15T15:51:20.855+0000] {processor.py:183} INFO - Processing /home/airflow/.local/lib/python3.11/site-packages/airflow/example_dags/example_python_decorator.py took 0.095 seconds
[2024-07-15T15:52:52.985+0000] {processor.py:161} INFO - Started process (PID=24793) to work on /home/airflow/.local/lib/python3.11/site-packages/airflow/example_dags/example_python_decorator.py
[2024-07-15T15:52:52.987+0000] {processor.py:830} INFO - Processing file /home/airflow/.local/lib/python3.11/site-packages/airflow/example_dags/example_python_decorator.py for tasks to queue
[2024-07-15T15:52:52.992+0000] {logging_mixin.py:188} INFO - [2024-07-15T15:52:52.991+0000] {dagbag.py:545} INFO - Filling up the DagBag from /home/airflow/.local/lib/python3.11/site-packages/airflow/example_dags/example_python_decorator.py
[2024-07-15T15:52:53.040+0000] {processor.py:840} INFO - DAG(s) 'example_python_decorator' retrieved from /home/airflow/.local/lib/python3.11/site-packages/airflow/example_dags/example_python_decorator.py
[2024-07-15T15:52:53.126+0000] {logging_mixin.py:188} INFO - [2024-07-15T15:52:53.125+0000] {dag.py:3096} INFO - Sync 1 DAGs
[2024-07-15T15:52:53.161+0000] {logging_mixin.py:188} INFO - [2024-07-15T15:52:53.160+0000] {dag.py:3954} INFO - Setting next_dagrun for example_python_decorator to None, run_after=None
[2024-07-15T15:52:53.205+0000] {processor.py:183} INFO - Processing /home/airflow/.local/lib/python3.11/site-packages/airflow/example_dags/example_python_decorator.py took 0.242 seconds
[2024-07-15T15:53:02.291+0000] {processor.py:161} INFO - Started process (PID=24846) to work on /home/airflow/.local/lib/python3.11/site-packages/airflow/example_dags/example_python_decorator.py
[2024-07-15T15:53:02.293+0000] {processor.py:830} INFO - Processing file /home/airflow/.local/lib/python3.11/site-packages/airflow/example_dags/example_python_decorator.py for tasks to queue
[2024-07-15T15:53:02.296+0000] {logging_mixin.py:188} INFO - [2024-07-15T15:53:02.295+0000] {dagbag.py:545} INFO - Filling up the DagBag from /home/airflow/.local/lib/python3.11/site-packages/airflow/example_dags/example_python_decorator.py
[2024-07-15T15:53:02.317+0000] {processor.py:840} INFO - DAG(s) 'example_python_decorator' retrieved from /home/airflow/.local/lib/python3.11/site-packages/airflow/example_dags/example_python_decorator.py
[2024-07-15T15:53:02.351+0000] {logging_mixin.py:188} INFO - [2024-07-15T15:53:02.351+0000] {dag.py:3096} INFO - Sync 1 DAGs
[2024-07-15T15:53:02.378+0000] {logging_mixin.py:188} INFO - [2024-07-15T15:53:02.378+0000] {dag.py:3954} INFO - Setting next_dagrun for example_python_decorator to None, run_after=None
[2024-07-15T15:53:02.405+0000] {processor.py:183} INFO - Processing /home/airflow/.local/lib/python3.11/site-packages/airflow/example_dags/example_python_decorator.py took 0.123 seconds
[2024-07-15T15:53:07.943+0000] {processor.py:161} INFO - Started process (PID=24898) to work on /home/airflow/.local/lib/python3.11/site-packages/airflow/example_dags/example_python_decorator.py
[2024-07-15T15:53:07.944+0000] {processor.py:830} INFO - Processing file /home/airflow/.local/lib/python3.11/site-packages/airflow/example_dags/example_python_decorator.py for tasks to queue
[2024-07-15T15:53:07.947+0000] {logging_mixin.py:188} INFO - [2024-07-15T15:53:07.947+0000] {dagbag.py:545} INFO - Filling up the DagBag from /home/airflow/.local/lib/python3.11/site-packages/airflow/example_dags/example_python_decorator.py
[2024-07-15T15:53:07.970+0000] {processor.py:840} INFO - DAG(s) 'example_python_decorator' retrieved from /home/airflow/.local/lib/python3.11/site-packages/airflow/example_dags/example_python_decorator.py
[2024-07-15T15:53:08.000+0000] {logging_mixin.py:188} INFO - [2024-07-15T15:53:08.000+0000] {dag.py:3096} INFO - Sync 1 DAGs
[2024-07-15T15:53:08.016+0000] {logging_mixin.py:188} INFO - [2024-07-15T15:53:08.016+0000] {dag.py:3954} INFO - Setting next_dagrun for example_python_decorator to None, run_after=None
[2024-07-15T15:53:08.042+0000] {processor.py:183} INFO - Processing /home/airflow/.local/lib/python3.11/site-packages/airflow/example_dags/example_python_decorator.py took 0.110 seconds
[2024-07-15T15:53:13.048+0000] {processor.py:161} INFO - Started process (PID=24952) to work on /home/airflow/.local/lib/python3.11/site-packages/airflow/example_dags/example_python_decorator.py
[2024-07-15T15:53:13.049+0000] {processor.py:830} INFO - Processing file /home/airflow/.local/lib/python3.11/site-packages/airflow/example_dags/example_python_decorator.py for tasks to queue
[2024-07-15T15:53:13.052+0000] {logging_mixin.py:188} INFO - [2024-07-15T15:53:13.052+0000] {dagbag.py:545} INFO - Filling up the DagBag from /home/airflow/.local/lib/python3.11/site-packages/airflow/example_dags/example_python_decorator.py
[2024-07-15T15:53:13.071+0000] {processor.py:840} INFO - DAG(s) 'example_python_decorator' retrieved from /home/airflow/.local/lib/python3.11/site-packages/airflow/example_dags/example_python_decorator.py
[2024-07-15T15:53:13.099+0000] {logging_mixin.py:188} INFO - [2024-07-15T15:53:13.098+0000] {dag.py:3096} INFO - Sync 1 DAGs
[2024-07-15T15:53:13.113+0000] {logging_mixin.py:188} INFO - [2024-07-15T15:53:13.113+0000] {dag.py:3954} INFO - Setting next_dagrun for example_python_decorator to None, run_after=None
[2024-07-15T15:53:13.142+0000] {processor.py:183} INFO - Processing /home/airflow/.local/lib/python3.11/site-packages/airflow/example_dags/example_python_decorator.py took 0.104 seconds
[2024-07-15T15:53:18.651+0000] {processor.py:161} INFO - Started process (PID=25004) to work on /home/airflow/.local/lib/python3.11/site-packages/airflow/example_dags/example_python_decorator.py
[2024-07-15T15:53:18.653+0000] {processor.py:830} INFO - Processing file /home/airflow/.local/lib/python3.11/site-packages/airflow/example_dags/example_python_decorator.py for tasks to queue
[2024-07-15T15:53:18.656+0000] {logging_mixin.py:188} INFO - [2024-07-15T15:53:18.655+0000] {dagbag.py:545} INFO - Filling up the DagBag from /home/airflow/.local/lib/python3.11/site-packages/airflow/example_dags/example_python_decorator.py
[2024-07-15T15:53:18.673+0000] {processor.py:840} INFO - DAG(s) 'example_python_decorator' retrieved from /home/airflow/.local/lib/python3.11/site-packages/airflow/example_dags/example_python_decorator.py
[2024-07-15T15:53:18.700+0000] {logging_mixin.py:188} INFO - [2024-07-15T15:53:18.699+0000] {dag.py:3096} INFO - Sync 1 DAGs
[2024-07-15T15:53:18.716+0000] {logging_mixin.py:188} INFO - [2024-07-15T15:53:18.716+0000] {dag.py:3954} INFO - Setting next_dagrun for example_python_decorator to None, run_after=None
[2024-07-15T15:53:18.740+0000] {processor.py:183} INFO - Processing /home/airflow/.local/lib/python3.11/site-packages/airflow/example_dags/example_python_decorator.py took 0.098 seconds
[2024-07-15T15:53:23.319+0000] {processor.py:161} INFO - Started process (PID=25064) to work on /home/airflow/.local/lib/python3.11/site-packages/airflow/example_dags/example_python_decorator.py
[2024-07-15T15:53:23.321+0000] {processor.py:830} INFO - Processing file /home/airflow/.local/lib/python3.11/site-packages/airflow/example_dags/example_python_decorator.py for tasks to queue
[2024-07-15T15:53:23.323+0000] {logging_mixin.py:188} INFO - [2024-07-15T15:53:23.323+0000] {dagbag.py:545} INFO - Filling up the DagBag from /home/airflow/.local/lib/python3.11/site-packages/airflow/example_dags/example_python_decorator.py
[2024-07-15T15:53:23.342+0000] {processor.py:840} INFO - DAG(s) 'example_python_decorator' retrieved from /home/airflow/.local/lib/python3.11/site-packages/airflow/example_dags/example_python_decorator.py
[2024-07-15T15:53:23.373+0000] {logging_mixin.py:188} INFO - [2024-07-15T15:53:23.373+0000] {dag.py:3096} INFO - Sync 1 DAGs
[2024-07-15T15:53:23.388+0000] {logging_mixin.py:188} INFO - [2024-07-15T15:53:23.388+0000] {dag.py:3954} INFO - Setting next_dagrun for example_python_decorator to None, run_after=None
[2024-07-15T15:53:23.419+0000] {processor.py:183} INFO - Processing /home/airflow/.local/lib/python3.11/site-packages/airflow/example_dags/example_python_decorator.py took 0.109 seconds
[2024-07-15T15:53:28.254+0000] {processor.py:161} INFO - Started process (PID=25116) to work on /home/airflow/.local/lib/python3.11/site-packages/airflow/example_dags/example_python_decorator.py
[2024-07-15T15:53:28.255+0000] {processor.py:830} INFO - Processing file /home/airflow/.local/lib/python3.11/site-packages/airflow/example_dags/example_python_decorator.py for tasks to queue
[2024-07-15T15:53:28.258+0000] {logging_mixin.py:188} INFO - [2024-07-15T15:53:28.257+0000] {dagbag.py:545} INFO - Filling up the DagBag from /home/airflow/.local/lib/python3.11/site-packages/airflow/example_dags/example_python_decorator.py
[2024-07-15T15:53:28.275+0000] {processor.py:840} INFO - DAG(s) 'example_python_decorator' retrieved from /home/airflow/.local/lib/python3.11/site-packages/airflow/example_dags/example_python_decorator.py
[2024-07-15T15:53:28.305+0000] {logging_mixin.py:188} INFO - [2024-07-15T15:53:28.304+0000] {dag.py:3096} INFO - Sync 1 DAGs
[2024-07-15T15:53:28.321+0000] {logging_mixin.py:188} INFO - [2024-07-15T15:53:28.321+0000] {dag.py:3954} INFO - Setting next_dagrun for example_python_decorator to None, run_after=None
[2024-07-15T15:53:28.345+0000] {processor.py:183} INFO - Processing /home/airflow/.local/lib/python3.11/site-packages/airflow/example_dags/example_python_decorator.py took 0.101 seconds
[2024-07-15T15:53:33.812+0000] {processor.py:161} INFO - Started process (PID=25170) to work on /home/airflow/.local/lib/python3.11/site-packages/airflow/example_dags/example_python_decorator.py
[2024-07-15T15:53:33.813+0000] {processor.py:830} INFO - Processing file /home/airflow/.local/lib/python3.11/site-packages/airflow/example_dags/example_python_decorator.py for tasks to queue
[2024-07-15T15:53:33.816+0000] {logging_mixin.py:188} INFO - [2024-07-15T15:53:33.816+0000] {dagbag.py:545} INFO - Filling up the DagBag from /home/airflow/.local/lib/python3.11/site-packages/airflow/example_dags/example_python_decorator.py
[2024-07-15T15:53:33.836+0000] {processor.py:840} INFO - DAG(s) 'example_python_decorator' retrieved from /home/airflow/.local/lib/python3.11/site-packages/airflow/example_dags/example_python_decorator.py
[2024-07-15T15:53:33.884+0000] {logging_mixin.py:188} INFO - [2024-07-15T15:53:33.884+0000] {dag.py:3096} INFO - Sync 1 DAGs
[2024-07-15T15:53:33.907+0000] {logging_mixin.py:188} INFO - [2024-07-15T15:53:33.906+0000] {dag.py:3954} INFO - Setting next_dagrun for example_python_decorator to None, run_after=None
[2024-07-15T15:53:33.931+0000] {processor.py:183} INFO - Processing /home/airflow/.local/lib/python3.11/site-packages/airflow/example_dags/example_python_decorator.py took 0.128 seconds
[2024-07-15T15:53:39.329+0000] {processor.py:161} INFO - Started process (PID=25222) to work on /home/airflow/.local/lib/python3.11/site-packages/airflow/example_dags/example_python_decorator.py
[2024-07-15T15:53:39.331+0000] {processor.py:830} INFO - Processing file /home/airflow/.local/lib/python3.11/site-packages/airflow/example_dags/example_python_decorator.py for tasks to queue
[2024-07-15T15:53:39.333+0000] {logging_mixin.py:188} INFO - [2024-07-15T15:53:39.333+0000] {dagbag.py:545} INFO - Filling up the DagBag from /home/airflow/.local/lib/python3.11/site-packages/airflow/example_dags/example_python_decorator.py
[2024-07-15T15:53:39.351+0000] {processor.py:840} INFO - DAG(s) 'example_python_decorator' retrieved from /home/airflow/.local/lib/python3.11/site-packages/airflow/example_dags/example_python_decorator.py
[2024-07-15T15:53:39.381+0000] {logging_mixin.py:188} INFO - [2024-07-15T15:53:39.381+0000] {dag.py:3096} INFO - Sync 1 DAGs
[2024-07-15T15:53:39.397+0000] {logging_mixin.py:188} INFO - [2024-07-15T15:53:39.397+0000] {dag.py:3954} INFO - Setting next_dagrun for example_python_decorator to None, run_after=None
[2024-07-15T15:53:39.423+0000] {processor.py:183} INFO - Processing /home/airflow/.local/lib/python3.11/site-packages/airflow/example_dags/example_python_decorator.py took 0.102 seconds
[2024-07-15T15:53:44.234+0000] {processor.py:161} INFO - Started process (PID=25276) to work on /home/airflow/.local/lib/python3.11/site-packages/airflow/example_dags/example_python_decorator.py
[2024-07-15T15:53:44.235+0000] {processor.py:830} INFO - Processing file /home/airflow/.local/lib/python3.11/site-packages/airflow/example_dags/example_python_decorator.py for tasks to queue
[2024-07-15T15:53:44.238+0000] {logging_mixin.py:188} INFO - [2024-07-15T15:53:44.237+0000] {dagbag.py:545} INFO - Filling up the DagBag from /home/airflow/.local/lib/python3.11/site-packages/airflow/example_dags/example_python_decorator.py
[2024-07-15T15:53:44.256+0000] {processor.py:840} INFO - DAG(s) 'example_python_decorator' retrieved from /home/airflow/.local/lib/python3.11/site-packages/airflow/example_dags/example_python_decorator.py
[2024-07-15T15:53:44.287+0000] {logging_mixin.py:188} INFO - [2024-07-15T15:53:44.287+0000] {dag.py:3096} INFO - Sync 1 DAGs
[2024-07-15T15:53:44.306+0000] {logging_mixin.py:188} INFO - [2024-07-15T15:53:44.306+0000] {dag.py:3954} INFO - Setting next_dagrun for example_python_decorator to None, run_after=None
[2024-07-15T15:53:44.330+0000] {processor.py:183} INFO - Processing /home/airflow/.local/lib/python3.11/site-packages/airflow/example_dags/example_python_decorator.py took 0.105 seconds
[2024-07-15T15:53:49.593+0000] {processor.py:161} INFO - Started process (PID=25328) to work on /home/airflow/.local/lib/python3.11/site-packages/airflow/example_dags/example_python_decorator.py
[2024-07-15T15:53:49.595+0000] {processor.py:830} INFO - Processing file /home/airflow/.local/lib/python3.11/site-packages/airflow/example_dags/example_python_decorator.py for tasks to queue
[2024-07-15T15:53:49.601+0000] {logging_mixin.py:188} INFO - [2024-07-15T15:53:49.600+0000] {dagbag.py:545} INFO - Filling up the DagBag from /home/airflow/.local/lib/python3.11/site-packages/airflow/example_dags/example_python_decorator.py
[2024-07-15T15:53:49.637+0000] {processor.py:840} INFO - DAG(s) 'example_python_decorator' retrieved from /home/airflow/.local/lib/python3.11/site-packages/airflow/example_dags/example_python_decorator.py
[2024-07-15T15:53:49.682+0000] {logging_mixin.py:188} INFO - [2024-07-15T15:53:49.681+0000] {dag.py:3096} INFO - Sync 1 DAGs
[2024-07-15T15:53:49.733+0000] {logging_mixin.py:188} INFO - [2024-07-15T15:53:49.732+0000] {dag.py:3954} INFO - Setting next_dagrun for example_python_decorator to None, run_after=None
[2024-07-15T15:53:49.789+0000] {processor.py:183} INFO - Processing /home/airflow/.local/lib/python3.11/site-packages/airflow/example_dags/example_python_decorator.py took 0.215 seconds
[2024-07-15T15:53:56.041+0000] {processor.py:161} INFO - Started process (PID=25387) to work on /home/airflow/.local/lib/python3.11/site-packages/airflow/example_dags/example_python_decorator.py
[2024-07-15T15:53:56.043+0000] {processor.py:830} INFO - Processing file /home/airflow/.local/lib/python3.11/site-packages/airflow/example_dags/example_python_decorator.py for tasks to queue
[2024-07-15T15:53:56.045+0000] {logging_mixin.py:188} INFO - [2024-07-15T15:53:56.045+0000] {dagbag.py:545} INFO - Filling up the DagBag from /home/airflow/.local/lib/python3.11/site-packages/airflow/example_dags/example_python_decorator.py
[2024-07-15T15:53:56.063+0000] {processor.py:840} INFO - DAG(s) 'example_python_decorator' retrieved from /home/airflow/.local/lib/python3.11/site-packages/airflow/example_dags/example_python_decorator.py
[2024-07-15T15:53:56.093+0000] {logging_mixin.py:188} INFO - [2024-07-15T15:53:56.093+0000] {dag.py:3096} INFO - Sync 1 DAGs
[2024-07-15T15:53:56.107+0000] {logging_mixin.py:188} INFO - [2024-07-15T15:53:56.107+0000] {dag.py:3954} INFO - Setting next_dagrun for example_python_decorator to None, run_after=None
[2024-07-15T15:53:56.131+0000] {processor.py:183} INFO - Processing /home/airflow/.local/lib/python3.11/site-packages/airflow/example_dags/example_python_decorator.py took 0.100 seconds
[2024-07-15T15:54:01.052+0000] {processor.py:161} INFO - Started process (PID=25439) to work on /home/airflow/.local/lib/python3.11/site-packages/airflow/example_dags/example_python_decorator.py
[2024-07-15T15:54:01.053+0000] {processor.py:830} INFO - Processing file /home/airflow/.local/lib/python3.11/site-packages/airflow/example_dags/example_python_decorator.py for tasks to queue
[2024-07-15T15:54:01.055+0000] {logging_mixin.py:188} INFO - [2024-07-15T15:54:01.055+0000] {dagbag.py:545} INFO - Filling up the DagBag from /home/airflow/.local/lib/python3.11/site-packages/airflow/example_dags/example_python_decorator.py
[2024-07-15T15:54:01.071+0000] {processor.py:840} INFO - DAG(s) 'example_python_decorator' retrieved from /home/airflow/.local/lib/python3.11/site-packages/airflow/example_dags/example_python_decorator.py
[2024-07-15T15:54:01.096+0000] {logging_mixin.py:188} INFO - [2024-07-15T15:54:01.096+0000] {dag.py:3096} INFO - Sync 1 DAGs
[2024-07-15T15:54:01.111+0000] {logging_mixin.py:188} INFO - [2024-07-15T15:54:01.111+0000] {dag.py:3954} INFO - Setting next_dagrun for example_python_decorator to None, run_after=None
[2024-07-15T15:54:01.133+0000] {processor.py:183} INFO - Processing /home/airflow/.local/lib/python3.11/site-packages/airflow/example_dags/example_python_decorator.py took 0.089 seconds
[2024-07-15T15:54:07.079+0000] {processor.py:161} INFO - Started process (PID=25493) to work on /home/airflow/.local/lib/python3.11/site-packages/airflow/example_dags/example_python_decorator.py
[2024-07-15T15:54:07.081+0000] {processor.py:830} INFO - Processing file /home/airflow/.local/lib/python3.11/site-packages/airflow/example_dags/example_python_decorator.py for tasks to queue
[2024-07-15T15:54:07.085+0000] {logging_mixin.py:188} INFO - [2024-07-15T15:54:07.084+0000] {dagbag.py:545} INFO - Filling up the DagBag from /home/airflow/.local/lib/python3.11/site-packages/airflow/example_dags/example_python_decorator.py
[2024-07-15T15:54:07.110+0000] {processor.py:840} INFO - DAG(s) 'example_python_decorator' retrieved from /home/airflow/.local/lib/python3.11/site-packages/airflow/example_dags/example_python_decorator.py
[2024-07-15T15:54:07.147+0000] {logging_mixin.py:188} INFO - [2024-07-15T15:54:07.147+0000] {dag.py:3096} INFO - Sync 1 DAGs
[2024-07-15T15:54:07.167+0000] {logging_mixin.py:188} INFO - [2024-07-15T15:54:07.167+0000] {dag.py:3954} INFO - Setting next_dagrun for example_python_decorator to None, run_after=None
[2024-07-15T15:54:07.196+0000] {processor.py:183} INFO - Processing /home/airflow/.local/lib/python3.11/site-packages/airflow/example_dags/example_python_decorator.py took 0.127 seconds
[2024-07-15T15:54:12.692+0000] {processor.py:161} INFO - Started process (PID=25545) to work on /home/airflow/.local/lib/python3.11/site-packages/airflow/example_dags/example_python_decorator.py
[2024-07-15T15:54:12.694+0000] {processor.py:830} INFO - Processing file /home/airflow/.local/lib/python3.11/site-packages/airflow/example_dags/example_python_decorator.py for tasks to queue
[2024-07-15T15:54:12.698+0000] {logging_mixin.py:188} INFO - [2024-07-15T15:54:12.698+0000] {dagbag.py:545} INFO - Filling up the DagBag from /home/airflow/.local/lib/python3.11/site-packages/airflow/example_dags/example_python_decorator.py
[2024-07-15T15:54:12.730+0000] {processor.py:840} INFO - DAG(s) 'example_python_decorator' retrieved from /home/airflow/.local/lib/python3.11/site-packages/airflow/example_dags/example_python_decorator.py
[2024-07-15T15:54:12.800+0000] {logging_mixin.py:188} INFO - [2024-07-15T15:54:12.799+0000] {dag.py:3096} INFO - Sync 1 DAGs
[2024-07-15T15:54:12.831+0000] {logging_mixin.py:188} INFO - [2024-07-15T15:54:12.830+0000] {dag.py:3954} INFO - Setting next_dagrun for example_python_decorator to None, run_after=None
[2024-07-15T15:54:12.866+0000] {processor.py:183} INFO - Processing /home/airflow/.local/lib/python3.11/site-packages/airflow/example_dags/example_python_decorator.py took 0.187 seconds
[2024-07-15T15:54:18.718+0000] {processor.py:161} INFO - Started process (PID=25598) to work on /home/airflow/.local/lib/python3.11/site-packages/airflow/example_dags/example_python_decorator.py
[2024-07-15T15:54:18.719+0000] {processor.py:830} INFO - Processing file /home/airflow/.local/lib/python3.11/site-packages/airflow/example_dags/example_python_decorator.py for tasks to queue
[2024-07-15T15:54:18.722+0000] {logging_mixin.py:188} INFO - [2024-07-15T15:54:18.721+0000] {dagbag.py:545} INFO - Filling up the DagBag from /home/airflow/.local/lib/python3.11/site-packages/airflow/example_dags/example_python_decorator.py
[2024-07-15T15:54:18.742+0000] {processor.py:840} INFO - DAG(s) 'example_python_decorator' retrieved from /home/airflow/.local/lib/python3.11/site-packages/airflow/example_dags/example_python_decorator.py
[2024-07-15T15:54:18.774+0000] {logging_mixin.py:188} INFO - [2024-07-15T15:54:18.774+0000] {dag.py:3096} INFO - Sync 1 DAGs
[2024-07-15T15:54:18.792+0000] {logging_mixin.py:188} INFO - [2024-07-15T15:54:18.792+0000] {dag.py:3954} INFO - Setting next_dagrun for example_python_decorator to None, run_after=None
[2024-07-15T15:54:18.817+0000] {processor.py:183} INFO - Processing /home/airflow/.local/lib/python3.11/site-packages/airflow/example_dags/example_python_decorator.py took 0.107 seconds
[2024-07-15T15:54:24.703+0000] {processor.py:161} INFO - Started process (PID=25656) to work on /home/airflow/.local/lib/python3.11/site-packages/airflow/example_dags/example_python_decorator.py
[2024-07-15T15:54:24.704+0000] {processor.py:830} INFO - Processing file /home/airflow/.local/lib/python3.11/site-packages/airflow/example_dags/example_python_decorator.py for tasks to queue
[2024-07-15T15:54:24.707+0000] {logging_mixin.py:188} INFO - [2024-07-15T15:54:24.707+0000] {dagbag.py:545} INFO - Filling up the DagBag from /home/airflow/.local/lib/python3.11/site-packages/airflow/example_dags/example_python_decorator.py
[2024-07-15T15:54:24.732+0000] {processor.py:840} INFO - DAG(s) 'example_python_decorator' retrieved from /home/airflow/.local/lib/python3.11/site-packages/airflow/example_dags/example_python_decorator.py
[2024-07-15T15:54:24.772+0000] {logging_mixin.py:188} INFO - [2024-07-15T15:54:24.772+0000] {dag.py:3096} INFO - Sync 1 DAGs
[2024-07-15T15:54:24.795+0000] {logging_mixin.py:188} INFO - [2024-07-15T15:54:24.794+0000] {dag.py:3954} INFO - Setting next_dagrun for example_python_decorator to None, run_after=None
[2024-07-15T15:54:24.824+0000] {processor.py:183} INFO - Processing /home/airflow/.local/lib/python3.11/site-packages/airflow/example_dags/example_python_decorator.py took 0.131 seconds
[2024-07-15T15:54:30.697+0000] {processor.py:161} INFO - Started process (PID=25709) to work on /home/airflow/.local/lib/python3.11/site-packages/airflow/example_dags/example_python_decorator.py
[2024-07-15T15:54:30.702+0000] {processor.py:830} INFO - Processing file /home/airflow/.local/lib/python3.11/site-packages/airflow/example_dags/example_python_decorator.py for tasks to queue
[2024-07-15T15:54:30.710+0000] {logging_mixin.py:188} INFO - [2024-07-15T15:54:30.709+0000] {dagbag.py:545} INFO - Filling up the DagBag from /home/airflow/.local/lib/python3.11/site-packages/airflow/example_dags/example_python_decorator.py
[2024-07-15T15:54:30.785+0000] {processor.py:840} INFO - DAG(s) 'example_python_decorator' retrieved from /home/airflow/.local/lib/python3.11/site-packages/airflow/example_dags/example_python_decorator.py
[2024-07-15T15:54:30.886+0000] {logging_mixin.py:188} INFO - [2024-07-15T15:54:30.886+0000] {dag.py:3096} INFO - Sync 1 DAGs
[2024-07-15T15:54:30.946+0000] {logging_mixin.py:188} INFO - [2024-07-15T15:54:30.945+0000] {dag.py:3954} INFO - Setting next_dagrun for example_python_decorator to None, run_after=None
[2024-07-15T15:54:31.018+0000] {processor.py:183} INFO - Processing /home/airflow/.local/lib/python3.11/site-packages/airflow/example_dags/example_python_decorator.py took 0.339 seconds
[2024-07-15T15:54:44.437+0000] {processor.py:161} INFO - Started process (PID=25761) to work on /home/airflow/.local/lib/python3.11/site-packages/airflow/example_dags/example_python_decorator.py
[2024-07-15T15:54:44.439+0000] {processor.py:830} INFO - Processing file /home/airflow/.local/lib/python3.11/site-packages/airflow/example_dags/example_python_decorator.py for tasks to queue
[2024-07-15T15:54:44.442+0000] {logging_mixin.py:188} INFO - [2024-07-15T15:54:44.442+0000] {dagbag.py:545} INFO - Filling up the DagBag from /home/airflow/.local/lib/python3.11/site-packages/airflow/example_dags/example_python_decorator.py
[2024-07-15T15:54:44.472+0000] {processor.py:840} INFO - DAG(s) 'example_python_decorator' retrieved from /home/airflow/.local/lib/python3.11/site-packages/airflow/example_dags/example_python_decorator.py
[2024-07-15T15:54:44.525+0000] {logging_mixin.py:188} INFO - [2024-07-15T15:54:44.524+0000] {dag.py:3096} INFO - Sync 1 DAGs
[2024-07-15T15:54:44.558+0000] {logging_mixin.py:188} INFO - [2024-07-15T15:54:44.557+0000] {dag.py:3954} INFO - Setting next_dagrun for example_python_decorator to None, run_after=None
[2024-07-15T15:54:44.592+0000] {processor.py:183} INFO - Processing /home/airflow/.local/lib/python3.11/site-packages/airflow/example_dags/example_python_decorator.py took 0.166 seconds
[2024-07-15T15:54:54.366+0000] {processor.py:161} INFO - Started process (PID=25821) to work on /home/airflow/.local/lib/python3.11/site-packages/airflow/example_dags/example_python_decorator.py
[2024-07-15T15:54:54.369+0000] {processor.py:830} INFO - Processing file /home/airflow/.local/lib/python3.11/site-packages/airflow/example_dags/example_python_decorator.py for tasks to queue
[2024-07-15T15:54:54.373+0000] {logging_mixin.py:188} INFO - [2024-07-15T15:54:54.372+0000] {dagbag.py:545} INFO - Filling up the DagBag from /home/airflow/.local/lib/python3.11/site-packages/airflow/example_dags/example_python_decorator.py
[2024-07-15T15:54:54.403+0000] {processor.py:840} INFO - DAG(s) 'example_python_decorator' retrieved from /home/airflow/.local/lib/python3.11/site-packages/airflow/example_dags/example_python_decorator.py
[2024-07-15T15:54:54.459+0000] {logging_mixin.py:188} INFO - [2024-07-15T15:54:54.458+0000] {dag.py:3096} INFO - Sync 1 DAGs
[2024-07-15T15:54:54.488+0000] {logging_mixin.py:188} INFO - [2024-07-15T15:54:54.488+0000] {dag.py:3954} INFO - Setting next_dagrun for example_python_decorator to None, run_after=None
[2024-07-15T15:54:54.522+0000] {processor.py:183} INFO - Processing /home/airflow/.local/lib/python3.11/site-packages/airflow/example_dags/example_python_decorator.py took 0.172 seconds
[2024-07-15T15:55:04.414+0000] {processor.py:161} INFO - Started process (PID=25873) to work on /home/airflow/.local/lib/python3.11/site-packages/airflow/example_dags/example_python_decorator.py
[2024-07-15T15:55:04.417+0000] {processor.py:830} INFO - Processing file /home/airflow/.local/lib/python3.11/site-packages/airflow/example_dags/example_python_decorator.py for tasks to queue
[2024-07-15T15:55:04.421+0000] {logging_mixin.py:188} INFO - [2024-07-15T15:55:04.421+0000] {dagbag.py:545} INFO - Filling up the DagBag from /home/airflow/.local/lib/python3.11/site-packages/airflow/example_dags/example_python_decorator.py
[2024-07-15T15:55:04.461+0000] {processor.py:840} INFO - DAG(s) 'example_python_decorator' retrieved from /home/airflow/.local/lib/python3.11/site-packages/airflow/example_dags/example_python_decorator.py
[2024-07-15T15:55:04.522+0000] {logging_mixin.py:188} INFO - [2024-07-15T15:55:04.521+0000] {dag.py:3096} INFO - Sync 1 DAGs
[2024-07-15T15:55:04.556+0000] {logging_mixin.py:188} INFO - [2024-07-15T15:55:04.555+0000] {dag.py:3954} INFO - Setting next_dagrun for example_python_decorator to None, run_after=None
[2024-07-15T15:55:04.914+0000] {processor.py:183} INFO - Processing /home/airflow/.local/lib/python3.11/site-packages/airflow/example_dags/example_python_decorator.py took 0.515 seconds
[2024-07-15T15:55:18.033+0000] {processor.py:161} INFO - Started process (PID=25926) to work on /home/airflow/.local/lib/python3.11/site-packages/airflow/example_dags/example_python_decorator.py
[2024-07-15T15:55:18.054+0000] {processor.py:830} INFO - Processing file /home/airflow/.local/lib/python3.11/site-packages/airflow/example_dags/example_python_decorator.py for tasks to queue
[2024-07-15T15:55:18.085+0000] {logging_mixin.py:188} INFO - [2024-07-15T15:55:18.084+0000] {dagbag.py:545} INFO - Filling up the DagBag from /home/airflow/.local/lib/python3.11/site-packages/airflow/example_dags/example_python_decorator.py
[2024-07-15T15:55:18.160+0000] {processor.py:840} INFO - DAG(s) 'example_python_decorator' retrieved from /home/airflow/.local/lib/python3.11/site-packages/airflow/example_dags/example_python_decorator.py
[2024-07-15T15:55:18.232+0000] {logging_mixin.py:188} INFO - [2024-07-15T15:55:18.232+0000] {dag.py:3096} INFO - Sync 1 DAGs
[2024-07-15T15:55:18.264+0000] {logging_mixin.py:188} INFO - [2024-07-15T15:55:18.264+0000] {dag.py:3954} INFO - Setting next_dagrun for example_python_decorator to None, run_after=None
[2024-07-15T15:55:18.303+0000] {processor.py:183} INFO - Processing /home/airflow/.local/lib/python3.11/site-packages/airflow/example_dags/example_python_decorator.py took 0.296 seconds
[2024-07-15T15:55:27.567+0000] {processor.py:161} INFO - Started process (PID=25984) to work on /home/airflow/.local/lib/python3.11/site-packages/airflow/example_dags/example_python_decorator.py
[2024-07-15T15:55:27.569+0000] {processor.py:830} INFO - Processing file /home/airflow/.local/lib/python3.11/site-packages/airflow/example_dags/example_python_decorator.py for tasks to queue
[2024-07-15T15:55:27.572+0000] {logging_mixin.py:188} INFO - [2024-07-15T15:55:27.571+0000] {dagbag.py:545} INFO - Filling up the DagBag from /home/airflow/.local/lib/python3.11/site-packages/airflow/example_dags/example_python_decorator.py
[2024-07-15T15:55:27.595+0000] {processor.py:840} INFO - DAG(s) 'example_python_decorator' retrieved from /home/airflow/.local/lib/python3.11/site-packages/airflow/example_dags/example_python_decorator.py
[2024-07-15T15:55:27.812+0000] {logging_mixin.py:188} INFO - [2024-07-15T15:55:27.812+0000] {dag.py:3096} INFO - Sync 1 DAGs
[2024-07-15T15:55:27.836+0000] {logging_mixin.py:188} INFO - [2024-07-15T15:55:27.835+0000] {dag.py:3954} INFO - Setting next_dagrun for example_python_decorator to None, run_after=None
[2024-07-15T15:55:27.863+0000] {processor.py:183} INFO - Processing /home/airflow/.local/lib/python3.11/site-packages/airflow/example_dags/example_python_decorator.py took 0.307 seconds
[2024-07-15T15:55:36.875+0000] {processor.py:161} INFO - Started process (PID=26037) to work on /home/airflow/.local/lib/python3.11/site-packages/airflow/example_dags/example_python_decorator.py
[2024-07-15T15:55:36.876+0000] {processor.py:830} INFO - Processing file /home/airflow/.local/lib/python3.11/site-packages/airflow/example_dags/example_python_decorator.py for tasks to queue
[2024-07-15T15:55:36.879+0000] {logging_mixin.py:188} INFO - [2024-07-15T15:55:36.879+0000] {dagbag.py:545} INFO - Filling up the DagBag from /home/airflow/.local/lib/python3.11/site-packages/airflow/example_dags/example_python_decorator.py
[2024-07-15T15:55:36.900+0000] {processor.py:840} INFO - DAG(s) 'example_python_decorator' retrieved from /home/airflow/.local/lib/python3.11/site-packages/airflow/example_dags/example_python_decorator.py
[2024-07-15T15:55:36.935+0000] {logging_mixin.py:188} INFO - [2024-07-15T15:55:36.934+0000] {dag.py:3096} INFO - Sync 1 DAGs
[2024-07-15T15:55:36.964+0000] {logging_mixin.py:188} INFO - [2024-07-15T15:55:36.963+0000] {dag.py:3954} INFO - Setting next_dagrun for example_python_decorator to None, run_after=None
[2024-07-15T15:55:36.997+0000] {processor.py:183} INFO - Processing /home/airflow/.local/lib/python3.11/site-packages/airflow/example_dags/example_python_decorator.py took 0.133 seconds
[2024-07-15T15:55:42.552+0000] {processor.py:161} INFO - Started process (PID=26089) to work on /home/airflow/.local/lib/python3.11/site-packages/airflow/example_dags/example_python_decorator.py
[2024-07-15T15:55:42.556+0000] {processor.py:830} INFO - Processing file /home/airflow/.local/lib/python3.11/site-packages/airflow/example_dags/example_python_decorator.py for tasks to queue
[2024-07-15T15:55:42.562+0000] {logging_mixin.py:188} INFO - [2024-07-15T15:55:42.561+0000] {dagbag.py:545} INFO - Filling up the DagBag from /home/airflow/.local/lib/python3.11/site-packages/airflow/example_dags/example_python_decorator.py
[2024-07-15T15:55:42.602+0000] {processor.py:840} INFO - DAG(s) 'example_python_decorator' retrieved from /home/airflow/.local/lib/python3.11/site-packages/airflow/example_dags/example_python_decorator.py
[2024-07-15T15:55:42.665+0000] {logging_mixin.py:188} INFO - [2024-07-15T15:55:42.664+0000] {dag.py:3096} INFO - Sync 1 DAGs
[2024-07-15T15:55:42.696+0000] {logging_mixin.py:188} INFO - [2024-07-15T15:55:42.695+0000] {dag.py:3954} INFO - Setting next_dagrun for example_python_decorator to None, run_after=None
[2024-07-15T15:55:42.734+0000] {processor.py:183} INFO - Processing /home/airflow/.local/lib/python3.11/site-packages/airflow/example_dags/example_python_decorator.py took 0.199 seconds
[2024-07-15T15:55:48.456+0000] {processor.py:161} INFO - Started process (PID=26142) to work on /home/airflow/.local/lib/python3.11/site-packages/airflow/example_dags/example_python_decorator.py
[2024-07-15T15:55:48.458+0000] {processor.py:830} INFO - Processing file /home/airflow/.local/lib/python3.11/site-packages/airflow/example_dags/example_python_decorator.py for tasks to queue
[2024-07-15T15:55:48.462+0000] {logging_mixin.py:188} INFO - [2024-07-15T15:55:48.461+0000] {dagbag.py:545} INFO - Filling up the DagBag from /home/airflow/.local/lib/python3.11/site-packages/airflow/example_dags/example_python_decorator.py
[2024-07-15T15:55:48.498+0000] {processor.py:840} INFO - DAG(s) 'example_python_decorator' retrieved from /home/airflow/.local/lib/python3.11/site-packages/airflow/example_dags/example_python_decorator.py
[2024-07-15T15:55:48.547+0000] {logging_mixin.py:188} INFO - [2024-07-15T15:55:48.547+0000] {dag.py:3096} INFO - Sync 1 DAGs
[2024-07-15T15:55:48.571+0000] {logging_mixin.py:188} INFO - [2024-07-15T15:55:48.571+0000] {dag.py:3954} INFO - Setting next_dagrun for example_python_decorator to None, run_after=None
[2024-07-15T15:55:48.605+0000] {processor.py:183} INFO - Processing /home/airflow/.local/lib/python3.11/site-packages/airflow/example_dags/example_python_decorator.py took 0.161 seconds
[2024-07-15T15:55:55.503+0000] {processor.py:161} INFO - Started process (PID=26199) to work on /home/airflow/.local/lib/python3.11/site-packages/airflow/example_dags/example_python_decorator.py
[2024-07-15T15:55:55.506+0000] {processor.py:830} INFO - Processing file /home/airflow/.local/lib/python3.11/site-packages/airflow/example_dags/example_python_decorator.py for tasks to queue
[2024-07-15T15:55:55.513+0000] {logging_mixin.py:188} INFO - [2024-07-15T15:55:55.513+0000] {dagbag.py:545} INFO - Filling up the DagBag from /home/airflow/.local/lib/python3.11/site-packages/airflow/example_dags/example_python_decorator.py
[2024-07-15T15:55:55.552+0000] {processor.py:840} INFO - DAG(s) 'example_python_decorator' retrieved from /home/airflow/.local/lib/python3.11/site-packages/airflow/example_dags/example_python_decorator.py
[2024-07-15T15:55:55.602+0000] {logging_mixin.py:188} INFO - [2024-07-15T15:55:55.601+0000] {dag.py:3096} INFO - Sync 1 DAGs
[2024-07-15T15:55:55.646+0000] {logging_mixin.py:188} INFO - [2024-07-15T15:55:55.645+0000] {dag.py:3954} INFO - Setting next_dagrun for example_python_decorator to None, run_after=None
[2024-07-15T15:55:55.689+0000] {processor.py:183} INFO - Processing /home/airflow/.local/lib/python3.11/site-packages/airflow/example_dags/example_python_decorator.py took 0.207 seconds
[2024-07-15T15:56:03.458+0000] {processor.py:161} INFO - Started process (PID=26252) to work on /home/airflow/.local/lib/python3.11/site-packages/airflow/example_dags/example_python_decorator.py
[2024-07-15T15:56:03.460+0000] {processor.py:830} INFO - Processing file /home/airflow/.local/lib/python3.11/site-packages/airflow/example_dags/example_python_decorator.py for tasks to queue
[2024-07-15T15:56:03.466+0000] {logging_mixin.py:188} INFO - [2024-07-15T15:56:03.465+0000] {dagbag.py:545} INFO - Filling up the DagBag from /home/airflow/.local/lib/python3.11/site-packages/airflow/example_dags/example_python_decorator.py
[2024-07-15T15:56:03.513+0000] {processor.py:840} INFO - DAG(s) 'example_python_decorator' retrieved from /home/airflow/.local/lib/python3.11/site-packages/airflow/example_dags/example_python_decorator.py
[2024-07-15T15:56:03.563+0000] {logging_mixin.py:188} INFO - [2024-07-15T15:56:03.563+0000] {dag.py:3096} INFO - Sync 1 DAGs
[2024-07-15T15:56:03.596+0000] {logging_mixin.py:188} INFO - [2024-07-15T15:56:03.595+0000] {dag.py:3954} INFO - Setting next_dagrun for example_python_decorator to None, run_after=None
[2024-07-15T15:56:03.635+0000] {processor.py:183} INFO - Processing /home/airflow/.local/lib/python3.11/site-packages/airflow/example_dags/example_python_decorator.py took 0.198 seconds
[2024-07-15T15:56:09.530+0000] {processor.py:161} INFO - Started process (PID=26304) to work on /home/airflow/.local/lib/python3.11/site-packages/airflow/example_dags/example_python_decorator.py
[2024-07-15T15:56:09.531+0000] {processor.py:830} INFO - Processing file /home/airflow/.local/lib/python3.11/site-packages/airflow/example_dags/example_python_decorator.py for tasks to queue
[2024-07-15T15:56:09.535+0000] {logging_mixin.py:188} INFO - [2024-07-15T15:56:09.534+0000] {dagbag.py:545} INFO - Filling up the DagBag from /home/airflow/.local/lib/python3.11/site-packages/airflow/example_dags/example_python_decorator.py
[2024-07-15T15:56:09.561+0000] {processor.py:840} INFO - DAG(s) 'example_python_decorator' retrieved from /home/airflow/.local/lib/python3.11/site-packages/airflow/example_dags/example_python_decorator.py
[2024-07-15T15:56:09.606+0000] {logging_mixin.py:188} INFO - [2024-07-15T15:56:09.605+0000] {dag.py:3096} INFO - Sync 1 DAGs
[2024-07-15T15:56:09.628+0000] {logging_mixin.py:188} INFO - [2024-07-15T15:56:09.628+0000] {dag.py:3954} INFO - Setting next_dagrun for example_python_decorator to None, run_after=None
[2024-07-15T15:56:09.660+0000] {processor.py:183} INFO - Processing /home/airflow/.local/lib/python3.11/site-packages/airflow/example_dags/example_python_decorator.py took 0.139 seconds
[2024-07-15T15:56:15.562+0000] {processor.py:161} INFO - Started process (PID=26357) to work on /home/airflow/.local/lib/python3.11/site-packages/airflow/example_dags/example_python_decorator.py
[2024-07-15T15:56:15.564+0000] {processor.py:830} INFO - Processing file /home/airflow/.local/lib/python3.11/site-packages/airflow/example_dags/example_python_decorator.py for tasks to queue
[2024-07-15T15:56:15.568+0000] {logging_mixin.py:188} INFO - [2024-07-15T15:56:15.568+0000] {dagbag.py:545} INFO - Filling up the DagBag from /home/airflow/.local/lib/python3.11/site-packages/airflow/example_dags/example_python_decorator.py
[2024-07-15T15:56:15.598+0000] {processor.py:840} INFO - DAG(s) 'example_python_decorator' retrieved from /home/airflow/.local/lib/python3.11/site-packages/airflow/example_dags/example_python_decorator.py
[2024-07-15T15:56:15.637+0000] {logging_mixin.py:188} INFO - [2024-07-15T15:56:15.636+0000] {dag.py:3096} INFO - Sync 1 DAGs
[2024-07-15T15:56:15.657+0000] {logging_mixin.py:188} INFO - [2024-07-15T15:56:15.656+0000] {dag.py:3954} INFO - Setting next_dagrun for example_python_decorator to None, run_after=None
[2024-07-15T15:56:15.684+0000] {processor.py:183} INFO - Processing /home/airflow/.local/lib/python3.11/site-packages/airflow/example_dags/example_python_decorator.py took 0.137 seconds
[2024-07-15T15:56:22.076+0000] {processor.py:161} INFO - Started process (PID=26415) to work on /home/airflow/.local/lib/python3.11/site-packages/airflow/example_dags/example_python_decorator.py
[2024-07-15T15:56:22.077+0000] {processor.py:830} INFO - Processing file /home/airflow/.local/lib/python3.11/site-packages/airflow/example_dags/example_python_decorator.py for tasks to queue
[2024-07-15T15:56:22.080+0000] {logging_mixin.py:188} INFO - [2024-07-15T15:56:22.080+0000] {dagbag.py:545} INFO - Filling up the DagBag from /home/airflow/.local/lib/python3.11/site-packages/airflow/example_dags/example_python_decorator.py
[2024-07-15T15:56:22.111+0000] {processor.py:840} INFO - DAG(s) 'example_python_decorator' retrieved from /home/airflow/.local/lib/python3.11/site-packages/airflow/example_dags/example_python_decorator.py
[2024-07-15T15:56:22.158+0000] {logging_mixin.py:188} INFO - [2024-07-15T15:56:22.158+0000] {dag.py:3096} INFO - Sync 1 DAGs
[2024-07-15T15:56:22.179+0000] {logging_mixin.py:188} INFO - [2024-07-15T15:56:22.178+0000] {dag.py:3954} INFO - Setting next_dagrun for example_python_decorator to None, run_after=None
[2024-07-15T15:56:22.206+0000] {processor.py:183} INFO - Processing /home/airflow/.local/lib/python3.11/site-packages/airflow/example_dags/example_python_decorator.py took 0.141 seconds
[2024-07-15T15:56:30.469+0000] {processor.py:161} INFO - Started process (PID=26468) to work on /home/airflow/.local/lib/python3.11/site-packages/airflow/example_dags/example_python_decorator.py
[2024-07-15T15:56:30.470+0000] {processor.py:830} INFO - Processing file /home/airflow/.local/lib/python3.11/site-packages/airflow/example_dags/example_python_decorator.py for tasks to queue
[2024-07-15T15:56:30.473+0000] {logging_mixin.py:188} INFO - [2024-07-15T15:56:30.473+0000] {dagbag.py:545} INFO - Filling up the DagBag from /home/airflow/.local/lib/python3.11/site-packages/airflow/example_dags/example_python_decorator.py
[2024-07-15T15:56:30.495+0000] {processor.py:840} INFO - DAG(s) 'example_python_decorator' retrieved from /home/airflow/.local/lib/python3.11/site-packages/airflow/example_dags/example_python_decorator.py
[2024-07-15T15:56:30.530+0000] {logging_mixin.py:188} INFO - [2024-07-15T15:56:30.529+0000] {dag.py:3096} INFO - Sync 1 DAGs
[2024-07-15T15:56:30.548+0000] {logging_mixin.py:188} INFO - [2024-07-15T15:56:30.548+0000] {dag.py:3954} INFO - Setting next_dagrun for example_python_decorator to None, run_after=None
[2024-07-15T15:56:30.574+0000] {processor.py:183} INFO - Processing /home/airflow/.local/lib/python3.11/site-packages/airflow/example_dags/example_python_decorator.py took 0.117 seconds
[2024-07-15T15:56:38.625+0000] {processor.py:161} INFO - Started process (PID=26520) to work on /home/airflow/.local/lib/python3.11/site-packages/airflow/example_dags/example_python_decorator.py
[2024-07-15T15:56:38.627+0000] {processor.py:830} INFO - Processing file /home/airflow/.local/lib/python3.11/site-packages/airflow/example_dags/example_python_decorator.py for tasks to queue
[2024-07-15T15:56:38.631+0000] {logging_mixin.py:188} INFO - [2024-07-15T15:56:38.630+0000] {dagbag.py:545} INFO - Filling up the DagBag from /home/airflow/.local/lib/python3.11/site-packages/airflow/example_dags/example_python_decorator.py
[2024-07-15T15:56:38.657+0000] {processor.py:840} INFO - DAG(s) 'example_python_decorator' retrieved from /home/airflow/.local/lib/python3.11/site-packages/airflow/example_dags/example_python_decorator.py
[2024-07-15T15:56:38.720+0000] {logging_mixin.py:188} INFO - [2024-07-15T15:56:38.719+0000] {dag.py:3096} INFO - Sync 1 DAGs
[2024-07-15T15:56:38.756+0000] {logging_mixin.py:188} INFO - [2024-07-15T15:56:38.756+0000] {dag.py:3954} INFO - Setting next_dagrun for example_python_decorator to None, run_after=None
[2024-07-15T15:56:38.810+0000] {processor.py:183} INFO - Processing /home/airflow/.local/lib/python3.11/site-packages/airflow/example_dags/example_python_decorator.py took 0.200 seconds
[2024-07-15T15:56:43.804+0000] {processor.py:161} INFO - Started process (PID=26574) to work on /home/airflow/.local/lib/python3.11/site-packages/airflow/example_dags/example_python_decorator.py
[2024-07-15T15:56:43.805+0000] {processor.py:830} INFO - Processing file /home/airflow/.local/lib/python3.11/site-packages/airflow/example_dags/example_python_decorator.py for tasks to queue
[2024-07-15T15:56:43.808+0000] {logging_mixin.py:188} INFO - [2024-07-15T15:56:43.807+0000] {dagbag.py:545} INFO - Filling up the DagBag from /home/airflow/.local/lib/python3.11/site-packages/airflow/example_dags/example_python_decorator.py
[2024-07-15T15:56:43.826+0000] {processor.py:840} INFO - DAG(s) 'example_python_decorator' retrieved from /home/airflow/.local/lib/python3.11/site-packages/airflow/example_dags/example_python_decorator.py
[2024-07-15T15:56:43.867+0000] {logging_mixin.py:188} INFO - [2024-07-15T15:56:43.866+0000] {dag.py:3096} INFO - Sync 1 DAGs
[2024-07-15T15:56:43.898+0000] {logging_mixin.py:188} INFO - [2024-07-15T15:56:43.898+0000] {dag.py:3954} INFO - Setting next_dagrun for example_python_decorator to None, run_after=None
[2024-07-15T15:56:43.929+0000] {processor.py:183} INFO - Processing /home/airflow/.local/lib/python3.11/site-packages/airflow/example_dags/example_python_decorator.py took 0.134 seconds
[2024-07-15T15:56:48.494+0000] {processor.py:161} INFO - Started process (PID=26626) to work on /home/airflow/.local/lib/python3.11/site-packages/airflow/example_dags/example_python_decorator.py
[2024-07-15T15:56:48.496+0000] {processor.py:830} INFO - Processing file /home/airflow/.local/lib/python3.11/site-packages/airflow/example_dags/example_python_decorator.py for tasks to queue
[2024-07-15T15:56:48.499+0000] {logging_mixin.py:188} INFO - [2024-07-15T15:56:48.498+0000] {dagbag.py:545} INFO - Filling up the DagBag from /home/airflow/.local/lib/python3.11/site-packages/airflow/example_dags/example_python_decorator.py
[2024-07-15T15:56:48.531+0000] {processor.py:840} INFO - DAG(s) 'example_python_decorator' retrieved from /home/airflow/.local/lib/python3.11/site-packages/airflow/example_dags/example_python_decorator.py
[2024-07-15T15:56:48.565+0000] {logging_mixin.py:188} INFO - [2024-07-15T15:56:48.564+0000] {dag.py:3096} INFO - Sync 1 DAGs
[2024-07-15T15:56:48.587+0000] {logging_mixin.py:188} INFO - [2024-07-15T15:56:48.586+0000] {dag.py:3954} INFO - Setting next_dagrun for example_python_decorator to None, run_after=None
[2024-07-15T15:56:48.611+0000] {processor.py:183} INFO - Processing /home/airflow/.local/lib/python3.11/site-packages/airflow/example_dags/example_python_decorator.py took 0.131 seconds
[2024-07-15T15:56:54.721+0000] {processor.py:161} INFO - Started process (PID=26686) to work on /home/airflow/.local/lib/python3.11/site-packages/airflow/example_dags/example_python_decorator.py
[2024-07-15T15:56:54.722+0000] {processor.py:830} INFO - Processing file /home/airflow/.local/lib/python3.11/site-packages/airflow/example_dags/example_python_decorator.py for tasks to queue
[2024-07-15T15:56:54.724+0000] {logging_mixin.py:188} INFO - [2024-07-15T15:56:54.724+0000] {dagbag.py:545} INFO - Filling up the DagBag from /home/airflow/.local/lib/python3.11/site-packages/airflow/example_dags/example_python_decorator.py
[2024-07-15T15:56:54.743+0000] {processor.py:840} INFO - DAG(s) 'example_python_decorator' retrieved from /home/airflow/.local/lib/python3.11/site-packages/airflow/example_dags/example_python_decorator.py
[2024-07-15T15:56:54.774+0000] {logging_mixin.py:188} INFO - [2024-07-15T15:56:54.773+0000] {dag.py:3096} INFO - Sync 1 DAGs
[2024-07-15T15:56:54.791+0000] {logging_mixin.py:188} INFO - [2024-07-15T15:56:54.791+0000] {dag.py:3954} INFO - Setting next_dagrun for example_python_decorator to None, run_after=None
[2024-07-15T15:56:54.815+0000] {processor.py:183} INFO - Processing /home/airflow/.local/lib/python3.11/site-packages/airflow/example_dags/example_python_decorator.py took 0.106 seconds
[2024-07-15T15:56:59.377+0000] {processor.py:161} INFO - Started process (PID=26738) to work on /home/airflow/.local/lib/python3.11/site-packages/airflow/example_dags/example_python_decorator.py
[2024-07-15T15:56:59.378+0000] {processor.py:830} INFO - Processing file /home/airflow/.local/lib/python3.11/site-packages/airflow/example_dags/example_python_decorator.py for tasks to queue
[2024-07-15T15:56:59.381+0000] {logging_mixin.py:188} INFO - [2024-07-15T15:56:59.380+0000] {dagbag.py:545} INFO - Filling up the DagBag from /home/airflow/.local/lib/python3.11/site-packages/airflow/example_dags/example_python_decorator.py
[2024-07-15T15:56:59.399+0000] {processor.py:840} INFO - DAG(s) 'example_python_decorator' retrieved from /home/airflow/.local/lib/python3.11/site-packages/airflow/example_dags/example_python_decorator.py
[2024-07-15T15:56:59.429+0000] {logging_mixin.py:188} INFO - [2024-07-15T15:56:59.429+0000] {dag.py:3096} INFO - Sync 1 DAGs
[2024-07-15T15:56:59.446+0000] {logging_mixin.py:188} INFO - [2024-07-15T15:56:59.446+0000] {dag.py:3954} INFO - Setting next_dagrun for example_python_decorator to None, run_after=None
[2024-07-15T15:56:59.473+0000] {processor.py:183} INFO - Processing /home/airflow/.local/lib/python3.11/site-packages/airflow/example_dags/example_python_decorator.py took 0.104 seconds
