[2024-07-15T15:49:07.908+0000] {processor.py:161} INFO - Started process (PID=22640) to work on /home/airflow/.local/lib/python3.11/site-packages/airflow/example_dags/example_dag_decorator.py
[2024-07-15T15:49:07.918+0000] {processor.py:830} INFO - Processing file /home/airflow/.local/lib/python3.11/site-packages/airflow/example_dags/example_dag_decorator.py for tasks to queue
[2024-07-15T15:49:07.923+0000] {logging_mixin.py:188} INFO - [2024-07-15T15:49:07.922+0000] {dagbag.py:545} INFO - Filling up the DagBag from /home/airflow/.local/lib/python3.11/site-packages/airflow/example_dags/example_dag_decorator.py
[2024-07-15T15:49:08.403+0000] {processor.py:840} INFO - DAG(s) 'example_dag_decorator' retrieved from /home/airflow/.local/lib/python3.11/site-packages/airflow/example_dags/example_dag_decorator.py
[2024-07-15T15:49:08.693+0000] {logging_mixin.py:188} INFO - [2024-07-15T15:49:08.693+0000] {dag.py:3096} INFO - Sync 1 DAGs
[2024-07-15T15:49:08.740+0000] {logging_mixin.py:188} INFO - [2024-07-15T15:49:08.740+0000] {dag.py:3954} INFO - Setting next_dagrun for example_dag_decorator to None, run_after=None
[2024-07-15T15:49:08.808+0000] {processor.py:183} INFO - Processing /home/airflow/.local/lib/python3.11/site-packages/airflow/example_dags/example_dag_decorator.py took 0.924 seconds
[2024-07-15T15:49:15.401+0000] {processor.py:161} INFO - Started process (PID=22692) to work on /home/airflow/.local/lib/python3.11/site-packages/airflow/example_dags/example_dag_decorator.py
[2024-07-15T15:49:15.403+0000] {processor.py:830} INFO - Processing file /home/airflow/.local/lib/python3.11/site-packages/airflow/example_dags/example_dag_decorator.py for tasks to queue
[2024-07-15T15:49:15.406+0000] {logging_mixin.py:188} INFO - [2024-07-15T15:49:15.405+0000] {dagbag.py:545} INFO - Filling up the DagBag from /home/airflow/.local/lib/python3.11/site-packages/airflow/example_dags/example_dag_decorator.py
[2024-07-15T15:49:15.566+0000] {processor.py:840} INFO - DAG(s) 'example_dag_decorator' retrieved from /home/airflow/.local/lib/python3.11/site-packages/airflow/example_dags/example_dag_decorator.py
[2024-07-15T15:49:15.584+0000] {logging_mixin.py:188} INFO - [2024-07-15T15:49:15.584+0000] {dag.py:3096} INFO - Sync 1 DAGs
[2024-07-15T15:49:15.605+0000] {logging_mixin.py:188} INFO - [2024-07-15T15:49:15.604+0000] {dag.py:3954} INFO - Setting next_dagrun for example_dag_decorator to None, run_after=None
[2024-07-15T15:49:15.632+0000] {processor.py:183} INFO - Processing /home/airflow/.local/lib/python3.11/site-packages/airflow/example_dags/example_dag_decorator.py took 0.247 seconds
[2024-07-15T15:49:23.818+0000] {processor.py:161} INFO - Started process (PID=22751) to work on /home/airflow/.local/lib/python3.11/site-packages/airflow/example_dags/example_dag_decorator.py
[2024-07-15T15:49:23.820+0000] {processor.py:830} INFO - Processing file /home/airflow/.local/lib/python3.11/site-packages/airflow/example_dags/example_dag_decorator.py for tasks to queue
[2024-07-15T15:49:23.825+0000] {logging_mixin.py:188} INFO - [2024-07-15T15:49:23.824+0000] {dagbag.py:545} INFO - Filling up the DagBag from /home/airflow/.local/lib/python3.11/site-packages/airflow/example_dags/example_dag_decorator.py
[2024-07-15T15:49:24.125+0000] {processor.py:840} INFO - DAG(s) 'example_dag_decorator' retrieved from /home/airflow/.local/lib/python3.11/site-packages/airflow/example_dags/example_dag_decorator.py
[2024-07-15T15:49:24.149+0000] {logging_mixin.py:188} INFO - [2024-07-15T15:49:24.148+0000] {dag.py:3096} INFO - Sync 1 DAGs
[2024-07-15T15:49:24.187+0000] {logging_mixin.py:188} INFO - [2024-07-15T15:49:24.186+0000] {dag.py:3954} INFO - Setting next_dagrun for example_dag_decorator to None, run_after=None
[2024-07-15T15:49:24.225+0000] {processor.py:183} INFO - Processing /home/airflow/.local/lib/python3.11/site-packages/airflow/example_dags/example_dag_decorator.py took 0.423 seconds
[2024-07-15T15:49:31.259+0000] {processor.py:161} INFO - Started process (PID=22803) to work on /home/airflow/.local/lib/python3.11/site-packages/airflow/example_dags/example_dag_decorator.py
[2024-07-15T15:49:31.261+0000] {processor.py:830} INFO - Processing file /home/airflow/.local/lib/python3.11/site-packages/airflow/example_dags/example_dag_decorator.py for tasks to queue
[2024-07-15T15:49:31.264+0000] {logging_mixin.py:188} INFO - [2024-07-15T15:49:31.264+0000] {dagbag.py:545} INFO - Filling up the DagBag from /home/airflow/.local/lib/python3.11/site-packages/airflow/example_dags/example_dag_decorator.py
[2024-07-15T15:49:31.493+0000] {processor.py:840} INFO - DAG(s) 'example_dag_decorator' retrieved from /home/airflow/.local/lib/python3.11/site-packages/airflow/example_dags/example_dag_decorator.py
[2024-07-15T15:49:31.526+0000] {logging_mixin.py:188} INFO - [2024-07-15T15:49:31.526+0000] {dag.py:3096} INFO - Sync 1 DAGs
[2024-07-15T15:49:31.576+0000] {logging_mixin.py:188} INFO - [2024-07-15T15:49:31.575+0000] {dag.py:3954} INFO - Setting next_dagrun for example_dag_decorator to None, run_after=None
[2024-07-15T15:49:31.619+0000] {processor.py:183} INFO - Processing /home/airflow/.local/lib/python3.11/site-packages/airflow/example_dags/example_dag_decorator.py took 0.374 seconds
[2024-07-15T15:49:39.311+0000] {processor.py:161} INFO - Started process (PID=22856) to work on /home/airflow/.local/lib/python3.11/site-packages/airflow/example_dags/example_dag_decorator.py
[2024-07-15T15:49:39.312+0000] {processor.py:830} INFO - Processing file /home/airflow/.local/lib/python3.11/site-packages/airflow/example_dags/example_dag_decorator.py for tasks to queue
[2024-07-15T15:49:39.316+0000] {logging_mixin.py:188} INFO - [2024-07-15T15:49:39.316+0000] {dagbag.py:545} INFO - Filling up the DagBag from /home/airflow/.local/lib/python3.11/site-packages/airflow/example_dags/example_dag_decorator.py
[2024-07-15T15:49:39.501+0000] {processor.py:840} INFO - DAG(s) 'example_dag_decorator' retrieved from /home/airflow/.local/lib/python3.11/site-packages/airflow/example_dags/example_dag_decorator.py
[2024-07-15T15:49:39.683+0000] {logging_mixin.py:188} INFO - [2024-07-15T15:49:39.683+0000] {dag.py:3096} INFO - Sync 1 DAGs
[2024-07-15T15:49:39.702+0000] {logging_mixin.py:188} INFO - [2024-07-15T15:49:39.701+0000] {dag.py:3954} INFO - Setting next_dagrun for example_dag_decorator to None, run_after=None
[2024-07-15T15:49:39.737+0000] {processor.py:183} INFO - Processing /home/airflow/.local/lib/python3.11/site-packages/airflow/example_dags/example_dag_decorator.py took 0.441 seconds
[2024-07-15T15:49:45.895+0000] {processor.py:161} INFO - Started process (PID=22908) to work on /home/airflow/.local/lib/python3.11/site-packages/airflow/example_dags/example_dag_decorator.py
[2024-07-15T15:49:45.897+0000] {processor.py:830} INFO - Processing file /home/airflow/.local/lib/python3.11/site-packages/airflow/example_dags/example_dag_decorator.py for tasks to queue
[2024-07-15T15:49:45.901+0000] {logging_mixin.py:188} INFO - [2024-07-15T15:49:45.900+0000] {dagbag.py:545} INFO - Filling up the DagBag from /home/airflow/.local/lib/python3.11/site-packages/airflow/example_dags/example_dag_decorator.py
[2024-07-15T15:49:46.190+0000] {processor.py:840} INFO - DAG(s) 'example_dag_decorator' retrieved from /home/airflow/.local/lib/python3.11/site-packages/airflow/example_dags/example_dag_decorator.py
[2024-07-15T15:49:46.216+0000] {logging_mixin.py:188} INFO - [2024-07-15T15:49:46.216+0000] {dag.py:3096} INFO - Sync 1 DAGs
[2024-07-15T15:49:46.240+0000] {logging_mixin.py:188} INFO - [2024-07-15T15:49:46.240+0000] {dag.py:3954} INFO - Setting next_dagrun for example_dag_decorator to None, run_after=None
[2024-07-15T15:49:46.274+0000] {processor.py:183} INFO - Processing /home/airflow/.local/lib/python3.11/site-packages/airflow/example_dags/example_dag_decorator.py took 0.396 seconds
[2024-07-15T15:49:52.625+0000] {processor.py:161} INFO - Started process (PID=22968) to work on /home/airflow/.local/lib/python3.11/site-packages/airflow/example_dags/example_dag_decorator.py
[2024-07-15T15:49:52.627+0000] {processor.py:830} INFO - Processing file /home/airflow/.local/lib/python3.11/site-packages/airflow/example_dags/example_dag_decorator.py for tasks to queue
[2024-07-15T15:49:52.630+0000] {logging_mixin.py:188} INFO - [2024-07-15T15:49:52.629+0000] {dagbag.py:545} INFO - Filling up the DagBag from /home/airflow/.local/lib/python3.11/site-packages/airflow/example_dags/example_dag_decorator.py
[2024-07-15T15:49:52.791+0000] {processor.py:840} INFO - DAG(s) 'example_dag_decorator' retrieved from /home/airflow/.local/lib/python3.11/site-packages/airflow/example_dags/example_dag_decorator.py
[2024-07-15T15:49:52.814+0000] {logging_mixin.py:188} INFO - [2024-07-15T15:49:52.814+0000] {dag.py:3096} INFO - Sync 1 DAGs
[2024-07-15T15:49:52.848+0000] {logging_mixin.py:188} INFO - [2024-07-15T15:49:52.847+0000] {dag.py:3954} INFO - Setting next_dagrun for example_dag_decorator to None, run_after=None
[2024-07-15T15:49:52.892+0000] {processor.py:183} INFO - Processing /home/airflow/.local/lib/python3.11/site-packages/airflow/example_dags/example_dag_decorator.py took 0.279 seconds
[2024-07-15T15:49:59.657+0000] {processor.py:161} INFO - Started process (PID=23020) to work on /home/airflow/.local/lib/python3.11/site-packages/airflow/example_dags/example_dag_decorator.py
[2024-07-15T15:49:59.659+0000] {processor.py:830} INFO - Processing file /home/airflow/.local/lib/python3.11/site-packages/airflow/example_dags/example_dag_decorator.py for tasks to queue
[2024-07-15T15:49:59.662+0000] {logging_mixin.py:188} INFO - [2024-07-15T15:49:59.662+0000] {dagbag.py:545} INFO - Filling up the DagBag from /home/airflow/.local/lib/python3.11/site-packages/airflow/example_dags/example_dag_decorator.py
[2024-07-15T15:49:59.847+0000] {processor.py:840} INFO - DAG(s) 'example_dag_decorator' retrieved from /home/airflow/.local/lib/python3.11/site-packages/airflow/example_dags/example_dag_decorator.py
[2024-07-15T15:49:59.864+0000] {logging_mixin.py:188} INFO - [2024-07-15T15:49:59.864+0000] {dag.py:3096} INFO - Sync 1 DAGs
[2024-07-15T15:49:59.886+0000] {logging_mixin.py:188} INFO - [2024-07-15T15:49:59.886+0000] {dag.py:3954} INFO - Setting next_dagrun for example_dag_decorator to None, run_after=None
[2024-07-15T15:49:59.912+0000] {processor.py:183} INFO - Processing /home/airflow/.local/lib/python3.11/site-packages/airflow/example_dags/example_dag_decorator.py took 0.265 seconds
[2024-07-15T15:50:05.718+0000] {processor.py:161} INFO - Started process (PID=23073) to work on /home/airflow/.local/lib/python3.11/site-packages/airflow/example_dags/example_dag_decorator.py
[2024-07-15T15:50:05.720+0000] {processor.py:830} INFO - Processing file /home/airflow/.local/lib/python3.11/site-packages/airflow/example_dags/example_dag_decorator.py for tasks to queue
[2024-07-15T15:50:05.722+0000] {logging_mixin.py:188} INFO - [2024-07-15T15:50:05.722+0000] {dagbag.py:545} INFO - Filling up the DagBag from /home/airflow/.local/lib/python3.11/site-packages/airflow/example_dags/example_dag_decorator.py
[2024-07-15T15:50:05.920+0000] {processor.py:840} INFO - DAG(s) 'example_dag_decorator' retrieved from /home/airflow/.local/lib/python3.11/site-packages/airflow/example_dags/example_dag_decorator.py
[2024-07-15T15:50:05.934+0000] {logging_mixin.py:188} INFO - [2024-07-15T15:50:05.934+0000] {dag.py:3096} INFO - Sync 1 DAGs
[2024-07-15T15:50:05.950+0000] {logging_mixin.py:188} INFO - [2024-07-15T15:50:05.949+0000] {dag.py:3954} INFO - Setting next_dagrun for example_dag_decorator to None, run_after=None
[2024-07-15T15:50:05.971+0000] {processor.py:183} INFO - Processing /home/airflow/.local/lib/python3.11/site-packages/airflow/example_dags/example_dag_decorator.py took 0.260 seconds
[2024-07-15T15:50:11.291+0000] {processor.py:161} INFO - Started process (PID=23125) to work on /home/airflow/.local/lib/python3.11/site-packages/airflow/example_dags/example_dag_decorator.py
[2024-07-15T15:50:11.293+0000] {processor.py:830} INFO - Processing file /home/airflow/.local/lib/python3.11/site-packages/airflow/example_dags/example_dag_decorator.py for tasks to queue
[2024-07-15T15:50:11.295+0000] {logging_mixin.py:188} INFO - [2024-07-15T15:50:11.294+0000] {dagbag.py:545} INFO - Filling up the DagBag from /home/airflow/.local/lib/python3.11/site-packages/airflow/example_dags/example_dag_decorator.py
[2024-07-15T15:50:11.478+0000] {processor.py:840} INFO - DAG(s) 'example_dag_decorator' retrieved from /home/airflow/.local/lib/python3.11/site-packages/airflow/example_dags/example_dag_decorator.py
[2024-07-15T15:50:11.631+0000] {logging_mixin.py:188} INFO - [2024-07-15T15:50:11.631+0000] {dag.py:3096} INFO - Sync 1 DAGs
[2024-07-15T15:50:11.644+0000] {logging_mixin.py:188} INFO - [2024-07-15T15:50:11.643+0000] {dag.py:3954} INFO - Setting next_dagrun for example_dag_decorator to None, run_after=None
[2024-07-15T15:50:11.687+0000] {processor.py:183} INFO - Processing /home/airflow/.local/lib/python3.11/site-packages/airflow/example_dags/example_dag_decorator.py took 0.402 seconds
[2024-07-15T15:50:17.768+0000] {processor.py:161} INFO - Started process (PID=23178) to work on /home/airflow/.local/lib/python3.11/site-packages/airflow/example_dags/example_dag_decorator.py
[2024-07-15T15:50:17.769+0000] {processor.py:830} INFO - Processing file /home/airflow/.local/lib/python3.11/site-packages/airflow/example_dags/example_dag_decorator.py for tasks to queue
[2024-07-15T15:50:17.771+0000] {logging_mixin.py:188} INFO - [2024-07-15T15:50:17.771+0000] {dagbag.py:545} INFO - Filling up the DagBag from /home/airflow/.local/lib/python3.11/site-packages/airflow/example_dags/example_dag_decorator.py
[2024-07-15T15:50:17.914+0000] {processor.py:840} INFO - DAG(s) 'example_dag_decorator' retrieved from /home/airflow/.local/lib/python3.11/site-packages/airflow/example_dags/example_dag_decorator.py
[2024-07-15T15:50:17.928+0000] {logging_mixin.py:188} INFO - [2024-07-15T15:50:17.928+0000] {dag.py:3096} INFO - Sync 1 DAGs
[2024-07-15T15:50:17.942+0000] {logging_mixin.py:188} INFO - [2024-07-15T15:50:17.942+0000] {dag.py:3954} INFO - Setting next_dagrun for example_dag_decorator to None, run_after=None
[2024-07-15T15:50:17.987+0000] {processor.py:183} INFO - Processing /home/airflow/.local/lib/python3.11/site-packages/airflow/example_dags/example_dag_decorator.py took 0.227 seconds
[2024-07-15T15:50:22.768+0000] {processor.py:161} INFO - Started process (PID=23238) to work on /home/airflow/.local/lib/python3.11/site-packages/airflow/example_dags/example_dag_decorator.py
[2024-07-15T15:50:22.770+0000] {processor.py:830} INFO - Processing file /home/airflow/.local/lib/python3.11/site-packages/airflow/example_dags/example_dag_decorator.py for tasks to queue
[2024-07-15T15:50:22.772+0000] {logging_mixin.py:188} INFO - [2024-07-15T15:50:22.772+0000] {dagbag.py:545} INFO - Filling up the DagBag from /home/airflow/.local/lib/python3.11/site-packages/airflow/example_dags/example_dag_decorator.py
[2024-07-15T15:50:22.912+0000] {processor.py:840} INFO - DAG(s) 'example_dag_decorator' retrieved from /home/airflow/.local/lib/python3.11/site-packages/airflow/example_dags/example_dag_decorator.py
[2024-07-15T15:50:22.932+0000] {logging_mixin.py:188} INFO - [2024-07-15T15:50:22.931+0000] {dag.py:3096} INFO - Sync 1 DAGs
[2024-07-15T15:50:22.952+0000] {logging_mixin.py:188} INFO - [2024-07-15T15:50:22.952+0000] {dag.py:3954} INFO - Setting next_dagrun for example_dag_decorator to None, run_after=None
[2024-07-15T15:50:23.004+0000] {processor.py:183} INFO - Processing /home/airflow/.local/lib/python3.11/site-packages/airflow/example_dags/example_dag_decorator.py took 0.244 seconds
[2024-07-15T15:50:28.547+0000] {processor.py:161} INFO - Started process (PID=23290) to work on /home/airflow/.local/lib/python3.11/site-packages/airflow/example_dags/example_dag_decorator.py
[2024-07-15T15:50:28.548+0000] {processor.py:830} INFO - Processing file /home/airflow/.local/lib/python3.11/site-packages/airflow/example_dags/example_dag_decorator.py for tasks to queue
[2024-07-15T15:50:28.550+0000] {logging_mixin.py:188} INFO - [2024-07-15T15:50:28.550+0000] {dagbag.py:545} INFO - Filling up the DagBag from /home/airflow/.local/lib/python3.11/site-packages/airflow/example_dags/example_dag_decorator.py
[2024-07-15T15:50:28.735+0000] {processor.py:840} INFO - DAG(s) 'example_dag_decorator' retrieved from /home/airflow/.local/lib/python3.11/site-packages/airflow/example_dags/example_dag_decorator.py
[2024-07-15T15:50:28.749+0000] {logging_mixin.py:188} INFO - [2024-07-15T15:50:28.748+0000] {dag.py:3096} INFO - Sync 1 DAGs
[2024-07-15T15:50:28.784+0000] {logging_mixin.py:188} INFO - [2024-07-15T15:50:28.783+0000] {dag.py:3954} INFO - Setting next_dagrun for example_dag_decorator to None, run_after=None
[2024-07-15T15:50:28.817+0000] {processor.py:183} INFO - Processing /home/airflow/.local/lib/python3.11/site-packages/airflow/example_dags/example_dag_decorator.py took 0.278 seconds
[2024-07-15T15:50:33.650+0000] {processor.py:161} INFO - Started process (PID=23344) to work on /home/airflow/.local/lib/python3.11/site-packages/airflow/example_dags/example_dag_decorator.py
[2024-07-15T15:50:33.651+0000] {processor.py:830} INFO - Processing file /home/airflow/.local/lib/python3.11/site-packages/airflow/example_dags/example_dag_decorator.py for tasks to queue
[2024-07-15T15:50:33.654+0000] {logging_mixin.py:188} INFO - [2024-07-15T15:50:33.653+0000] {dagbag.py:545} INFO - Filling up the DagBag from /home/airflow/.local/lib/python3.11/site-packages/airflow/example_dags/example_dag_decorator.py
[2024-07-15T15:50:33.909+0000] {processor.py:840} INFO - DAG(s) 'example_dag_decorator' retrieved from /home/airflow/.local/lib/python3.11/site-packages/airflow/example_dags/example_dag_decorator.py
[2024-07-15T15:50:33.924+0000] {logging_mixin.py:188} INFO - [2024-07-15T15:50:33.924+0000] {dag.py:3096} INFO - Sync 1 DAGs
[2024-07-15T15:50:33.964+0000] {logging_mixin.py:188} INFO - [2024-07-15T15:50:33.964+0000] {dag.py:3954} INFO - Setting next_dagrun for example_dag_decorator to None, run_after=None
[2024-07-15T15:50:33.993+0000] {processor.py:183} INFO - Processing /home/airflow/.local/lib/python3.11/site-packages/airflow/example_dags/example_dag_decorator.py took 0.352 seconds
[2024-07-15T15:50:39.329+0000] {processor.py:161} INFO - Started process (PID=23396) to work on /home/airflow/.local/lib/python3.11/site-packages/airflow/example_dags/example_dag_decorator.py
[2024-07-15T15:50:39.330+0000] {processor.py:830} INFO - Processing file /home/airflow/.local/lib/python3.11/site-packages/airflow/example_dags/example_dag_decorator.py for tasks to queue
[2024-07-15T15:50:39.332+0000] {logging_mixin.py:188} INFO - [2024-07-15T15:50:39.332+0000] {dagbag.py:545} INFO - Filling up the DagBag from /home/airflow/.local/lib/python3.11/site-packages/airflow/example_dags/example_dag_decorator.py
[2024-07-15T15:50:39.512+0000] {processor.py:840} INFO - DAG(s) 'example_dag_decorator' retrieved from /home/airflow/.local/lib/python3.11/site-packages/airflow/example_dags/example_dag_decorator.py
[2024-07-15T15:50:39.527+0000] {logging_mixin.py:188} INFO - [2024-07-15T15:50:39.527+0000] {dag.py:3096} INFO - Sync 1 DAGs
[2024-07-15T15:50:39.549+0000] {logging_mixin.py:188} INFO - [2024-07-15T15:50:39.548+0000] {dag.py:3954} INFO - Setting next_dagrun for example_dag_decorator to None, run_after=None
[2024-07-15T15:50:39.599+0000] {processor.py:183} INFO - Processing /home/airflow/.local/lib/python3.11/site-packages/airflow/example_dags/example_dag_decorator.py took 0.277 seconds
[2024-07-15T15:50:45.315+0000] {processor.py:161} INFO - Started process (PID=23449) to work on /home/airflow/.local/lib/python3.11/site-packages/airflow/example_dags/example_dag_decorator.py
[2024-07-15T15:50:45.316+0000] {processor.py:830} INFO - Processing file /home/airflow/.local/lib/python3.11/site-packages/airflow/example_dags/example_dag_decorator.py for tasks to queue
[2024-07-15T15:50:45.319+0000] {logging_mixin.py:188} INFO - [2024-07-15T15:50:45.318+0000] {dagbag.py:545} INFO - Filling up the DagBag from /home/airflow/.local/lib/python3.11/site-packages/airflow/example_dags/example_dag_decorator.py
[2024-07-15T15:50:45.461+0000] {processor.py:840} INFO - DAG(s) 'example_dag_decorator' retrieved from /home/airflow/.local/lib/python3.11/site-packages/airflow/example_dags/example_dag_decorator.py
[2024-07-15T15:50:45.587+0000] {logging_mixin.py:188} INFO - [2024-07-15T15:50:45.586+0000] {dag.py:3096} INFO - Sync 1 DAGs
[2024-07-15T15:50:45.598+0000] {logging_mixin.py:188} INFO - [2024-07-15T15:50:45.598+0000] {dag.py:3954} INFO - Setting next_dagrun for example_dag_decorator to None, run_after=None
[2024-07-15T15:50:45.643+0000] {processor.py:183} INFO - Processing /home/airflow/.local/lib/python3.11/site-packages/airflow/example_dags/example_dag_decorator.py took 0.337 seconds
[2024-07-15T15:50:50.295+0000] {processor.py:161} INFO - Started process (PID=23501) to work on /home/airflow/.local/lib/python3.11/site-packages/airflow/example_dags/example_dag_decorator.py
[2024-07-15T15:50:50.296+0000] {processor.py:830} INFO - Processing file /home/airflow/.local/lib/python3.11/site-packages/airflow/example_dags/example_dag_decorator.py for tasks to queue
[2024-07-15T15:50:50.299+0000] {logging_mixin.py:188} INFO - [2024-07-15T15:50:50.299+0000] {dagbag.py:545} INFO - Filling up the DagBag from /home/airflow/.local/lib/python3.11/site-packages/airflow/example_dags/example_dag_decorator.py
[2024-07-15T15:50:50.422+0000] {processor.py:840} INFO - DAG(s) 'example_dag_decorator' retrieved from /home/airflow/.local/lib/python3.11/site-packages/airflow/example_dags/example_dag_decorator.py
[2024-07-15T15:50:50.458+0000] {logging_mixin.py:188} INFO - [2024-07-15T15:50:50.458+0000] {dag.py:3096} INFO - Sync 1 DAGs
[2024-07-15T15:50:50.474+0000] {logging_mixin.py:188} INFO - [2024-07-15T15:50:50.474+0000] {dag.py:3954} INFO - Setting next_dagrun for example_dag_decorator to None, run_after=None
[2024-07-15T15:50:50.496+0000] {processor.py:183} INFO - Processing /home/airflow/.local/lib/python3.11/site-packages/airflow/example_dags/example_dag_decorator.py took 0.210 seconds
[2024-07-15T15:50:55.537+0000] {processor.py:161} INFO - Started process (PID=23561) to work on /home/airflow/.local/lib/python3.11/site-packages/airflow/example_dags/example_dag_decorator.py
[2024-07-15T15:50:55.538+0000] {processor.py:830} INFO - Processing file /home/airflow/.local/lib/python3.11/site-packages/airflow/example_dags/example_dag_decorator.py for tasks to queue
[2024-07-15T15:50:55.541+0000] {logging_mixin.py:188} INFO - [2024-07-15T15:50:55.540+0000] {dagbag.py:545} INFO - Filling up the DagBag from /home/airflow/.local/lib/python3.11/site-packages/airflow/example_dags/example_dag_decorator.py
[2024-07-15T15:50:55.708+0000] {processor.py:840} INFO - DAG(s) 'example_dag_decorator' retrieved from /home/airflow/.local/lib/python3.11/site-packages/airflow/example_dags/example_dag_decorator.py
[2024-07-15T15:50:55.722+0000] {logging_mixin.py:188} INFO - [2024-07-15T15:50:55.722+0000] {dag.py:3096} INFO - Sync 1 DAGs
[2024-07-15T15:50:55.762+0000] {logging_mixin.py:188} INFO - [2024-07-15T15:50:55.762+0000] {dag.py:3954} INFO - Setting next_dagrun for example_dag_decorator to None, run_after=None
[2024-07-15T15:50:55.803+0000] {processor.py:183} INFO - Processing /home/airflow/.local/lib/python3.11/site-packages/airflow/example_dags/example_dag_decorator.py took 0.273 seconds
[2024-07-15T15:51:00.942+0000] {processor.py:161} INFO - Started process (PID=23613) to work on /home/airflow/.local/lib/python3.11/site-packages/airflow/example_dags/example_dag_decorator.py
[2024-07-15T15:51:00.944+0000] {processor.py:830} INFO - Processing file /home/airflow/.local/lib/python3.11/site-packages/airflow/example_dags/example_dag_decorator.py for tasks to queue
[2024-07-15T15:51:00.948+0000] {logging_mixin.py:188} INFO - [2024-07-15T15:51:00.947+0000] {dagbag.py:545} INFO - Filling up the DagBag from /home/airflow/.local/lib/python3.11/site-packages/airflow/example_dags/example_dag_decorator.py
[2024-07-15T15:51:01.088+0000] {processor.py:840} INFO - DAG(s) 'example_dag_decorator' retrieved from /home/airflow/.local/lib/python3.11/site-packages/airflow/example_dags/example_dag_decorator.py
[2024-07-15T15:51:01.104+0000] {logging_mixin.py:188} INFO - [2024-07-15T15:51:01.104+0000] {dag.py:3096} INFO - Sync 1 DAGs
[2024-07-15T15:51:01.125+0000] {logging_mixin.py:188} INFO - [2024-07-15T15:51:01.125+0000] {dag.py:3954} INFO - Setting next_dagrun for example_dag_decorator to None, run_after=None
[2024-07-15T15:51:01.149+0000] {processor.py:183} INFO - Processing /home/airflow/.local/lib/python3.11/site-packages/airflow/example_dags/example_dag_decorator.py took 0.217 seconds
[2024-07-15T15:51:05.866+0000] {processor.py:161} INFO - Started process (PID=23666) to work on /home/airflow/.local/lib/python3.11/site-packages/airflow/example_dags/example_dag_decorator.py
[2024-07-15T15:51:05.868+0000] {processor.py:830} INFO - Processing file /home/airflow/.local/lib/python3.11/site-packages/airflow/example_dags/example_dag_decorator.py for tasks to queue
[2024-07-15T15:51:05.870+0000] {logging_mixin.py:188} INFO - [2024-07-15T15:51:05.870+0000] {dagbag.py:545} INFO - Filling up the DagBag from /home/airflow/.local/lib/python3.11/site-packages/airflow/example_dags/example_dag_decorator.py
[2024-07-15T15:51:06.007+0000] {processor.py:840} INFO - DAG(s) 'example_dag_decorator' retrieved from /home/airflow/.local/lib/python3.11/site-packages/airflow/example_dags/example_dag_decorator.py
[2024-07-15T15:51:06.037+0000] {logging_mixin.py:188} INFO - [2024-07-15T15:51:06.037+0000] {dag.py:3096} INFO - Sync 1 DAGs
[2024-07-15T15:51:06.075+0000] {logging_mixin.py:188} INFO - [2024-07-15T15:51:06.074+0000] {dag.py:3954} INFO - Setting next_dagrun for example_dag_decorator to None, run_after=None
[2024-07-15T15:51:06.105+0000] {processor.py:183} INFO - Processing /home/airflow/.local/lib/python3.11/site-packages/airflow/example_dags/example_dag_decorator.py took 0.247 seconds
[2024-07-15T15:51:11.246+0000] {processor.py:161} INFO - Started process (PID=23718) to work on /home/airflow/.local/lib/python3.11/site-packages/airflow/example_dags/example_dag_decorator.py
[2024-07-15T15:51:11.248+0000] {processor.py:830} INFO - Processing file /home/airflow/.local/lib/python3.11/site-packages/airflow/example_dags/example_dag_decorator.py for tasks to queue
[2024-07-15T15:51:11.252+0000] {logging_mixin.py:188} INFO - [2024-07-15T15:51:11.251+0000] {dagbag.py:545} INFO - Filling up the DagBag from /home/airflow/.local/lib/python3.11/site-packages/airflow/example_dags/example_dag_decorator.py
[2024-07-15T15:51:11.484+0000] {processor.py:840} INFO - DAG(s) 'example_dag_decorator' retrieved from /home/airflow/.local/lib/python3.11/site-packages/airflow/example_dags/example_dag_decorator.py
[2024-07-15T15:51:11.504+0000] {logging_mixin.py:188} INFO - [2024-07-15T15:51:11.503+0000] {dag.py:3096} INFO - Sync 1 DAGs
[2024-07-15T15:51:11.529+0000] {logging_mixin.py:188} INFO - [2024-07-15T15:51:11.529+0000] {dag.py:3954} INFO - Setting next_dagrun for example_dag_decorator to None, run_after=None
[2024-07-15T15:51:11.560+0000] {processor.py:183} INFO - Processing /home/airflow/.local/lib/python3.11/site-packages/airflow/example_dags/example_dag_decorator.py took 0.330 seconds
[2024-07-15T15:51:15.773+0000] {processor.py:161} INFO - Started process (PID=23771) to work on /home/airflow/.local/lib/python3.11/site-packages/airflow/example_dags/example_dag_decorator.py
[2024-07-15T15:51:15.775+0000] {processor.py:830} INFO - Processing file /home/airflow/.local/lib/python3.11/site-packages/airflow/example_dags/example_dag_decorator.py for tasks to queue
[2024-07-15T15:51:15.778+0000] {logging_mixin.py:188} INFO - [2024-07-15T15:51:15.777+0000] {dagbag.py:545} INFO - Filling up the DagBag from /home/airflow/.local/lib/python3.11/site-packages/airflow/example_dags/example_dag_decorator.py
[2024-07-15T15:51:15.907+0000] {processor.py:840} INFO - DAG(s) 'example_dag_decorator' retrieved from /home/airflow/.local/lib/python3.11/site-packages/airflow/example_dags/example_dag_decorator.py
[2024-07-15T15:51:16.034+0000] {logging_mixin.py:188} INFO - [2024-07-15T15:51:16.033+0000] {dag.py:3096} INFO - Sync 1 DAGs
[2024-07-15T15:51:16.050+0000] {logging_mixin.py:188} INFO - [2024-07-15T15:51:16.049+0000] {dag.py:3954} INFO - Setting next_dagrun for example_dag_decorator to None, run_after=None
[2024-07-15T15:51:16.078+0000] {processor.py:183} INFO - Processing /home/airflow/.local/lib/python3.11/site-packages/airflow/example_dags/example_dag_decorator.py took 0.313 seconds
[2024-07-15T15:51:21.131+0000] {processor.py:161} INFO - Started process (PID=23823) to work on /home/airflow/.local/lib/python3.11/site-packages/airflow/example_dags/example_dag_decorator.py
[2024-07-15T15:51:21.132+0000] {processor.py:830} INFO - Processing file /home/airflow/.local/lib/python3.11/site-packages/airflow/example_dags/example_dag_decorator.py for tasks to queue
[2024-07-15T15:51:21.134+0000] {logging_mixin.py:188} INFO - [2024-07-15T15:51:21.134+0000] {dagbag.py:545} INFO - Filling up the DagBag from /home/airflow/.local/lib/python3.11/site-packages/airflow/example_dags/example_dag_decorator.py
[2024-07-15T15:51:21.282+0000] {processor.py:840} INFO - DAG(s) 'example_dag_decorator' retrieved from /home/airflow/.local/lib/python3.11/site-packages/airflow/example_dags/example_dag_decorator.py
[2024-07-15T15:51:21.296+0000] {logging_mixin.py:188} INFO - [2024-07-15T15:51:21.296+0000] {dag.py:3096} INFO - Sync 1 DAGs
[2024-07-15T15:51:21.310+0000] {logging_mixin.py:188} INFO - [2024-07-15T15:51:21.310+0000] {dag.py:3954} INFO - Setting next_dagrun for example_dag_decorator to None, run_after=None
[2024-07-15T15:51:21.333+0000] {processor.py:183} INFO - Processing /home/airflow/.local/lib/python3.11/site-packages/airflow/example_dags/example_dag_decorator.py took 0.209 seconds
[2024-07-15T15:52:53.388+0000] {processor.py:161} INFO - Started process (PID=24796) to work on /home/airflow/.local/lib/python3.11/site-packages/airflow/example_dags/example_dag_decorator.py
[2024-07-15T15:52:53.393+0000] {processor.py:830} INFO - Processing file /home/airflow/.local/lib/python3.11/site-packages/airflow/example_dags/example_dag_decorator.py for tasks to queue
[2024-07-15T15:52:53.398+0000] {logging_mixin.py:188} INFO - [2024-07-15T15:52:53.397+0000] {dagbag.py:545} INFO - Filling up the DagBag from /home/airflow/.local/lib/python3.11/site-packages/airflow/example_dags/example_dag_decorator.py
[2024-07-15T15:52:53.621+0000] {processor.py:840} INFO - DAG(s) 'example_dag_decorator' retrieved from /home/airflow/.local/lib/python3.11/site-packages/airflow/example_dags/example_dag_decorator.py
[2024-07-15T15:52:53.811+0000] {logging_mixin.py:188} INFO - [2024-07-15T15:52:53.811+0000] {dag.py:3096} INFO - Sync 1 DAGs
[2024-07-15T15:52:54.046+0000] {logging_mixin.py:188} INFO - [2024-07-15T15:52:54.046+0000] {dag.py:3954} INFO - Setting next_dagrun for example_dag_decorator to None, run_after=None
[2024-07-15T15:52:54.080+0000] {processor.py:183} INFO - Processing /home/airflow/.local/lib/python3.11/site-packages/airflow/example_dags/example_dag_decorator.py took 0.709 seconds
[2024-07-15T15:53:02.485+0000] {processor.py:161} INFO - Started process (PID=24849) to work on /home/airflow/.local/lib/python3.11/site-packages/airflow/example_dags/example_dag_decorator.py
[2024-07-15T15:53:02.487+0000] {processor.py:830} INFO - Processing file /home/airflow/.local/lib/python3.11/site-packages/airflow/example_dags/example_dag_decorator.py for tasks to queue
[2024-07-15T15:53:02.490+0000] {logging_mixin.py:188} INFO - [2024-07-15T15:53:02.489+0000] {dagbag.py:545} INFO - Filling up the DagBag from /home/airflow/.local/lib/python3.11/site-packages/airflow/example_dags/example_dag_decorator.py
[2024-07-15T15:53:02.658+0000] {processor.py:840} INFO - DAG(s) 'example_dag_decorator' retrieved from /home/airflow/.local/lib/python3.11/site-packages/airflow/example_dags/example_dag_decorator.py
[2024-07-15T15:53:02.675+0000] {logging_mixin.py:188} INFO - [2024-07-15T15:53:02.675+0000] {dag.py:3096} INFO - Sync 1 DAGs
[2024-07-15T15:53:02.696+0000] {logging_mixin.py:188} INFO - [2024-07-15T15:53:02.696+0000] {dag.py:3954} INFO - Setting next_dagrun for example_dag_decorator to None, run_after=None
[2024-07-15T15:53:02.723+0000] {processor.py:183} INFO - Processing /home/airflow/.local/lib/python3.11/site-packages/airflow/example_dags/example_dag_decorator.py took 0.248 seconds
[2024-07-15T15:53:08.103+0000] {processor.py:161} INFO - Started process (PID=24901) to work on /home/airflow/.local/lib/python3.11/site-packages/airflow/example_dags/example_dag_decorator.py
[2024-07-15T15:53:08.105+0000] {processor.py:830} INFO - Processing file /home/airflow/.local/lib/python3.11/site-packages/airflow/example_dags/example_dag_decorator.py for tasks to queue
[2024-07-15T15:53:08.108+0000] {logging_mixin.py:188} INFO - [2024-07-15T15:53:08.107+0000] {dagbag.py:545} INFO - Filling up the DagBag from /home/airflow/.local/lib/python3.11/site-packages/airflow/example_dags/example_dag_decorator.py
[2024-07-15T15:53:08.269+0000] {processor.py:840} INFO - DAG(s) 'example_dag_decorator' retrieved from /home/airflow/.local/lib/python3.11/site-packages/airflow/example_dags/example_dag_decorator.py
[2024-07-15T15:53:08.284+0000] {logging_mixin.py:188} INFO - [2024-07-15T15:53:08.284+0000] {dag.py:3096} INFO - Sync 1 DAGs
[2024-07-15T15:53:08.301+0000] {logging_mixin.py:188} INFO - [2024-07-15T15:53:08.301+0000] {dag.py:3954} INFO - Setting next_dagrun for example_dag_decorator to None, run_after=None
[2024-07-15T15:53:08.325+0000] {processor.py:183} INFO - Processing /home/airflow/.local/lib/python3.11/site-packages/airflow/example_dags/example_dag_decorator.py took 0.230 seconds
[2024-07-15T15:53:13.316+0000] {processor.py:161} INFO - Started process (PID=24955) to work on /home/airflow/.local/lib/python3.11/site-packages/airflow/example_dags/example_dag_decorator.py
[2024-07-15T15:53:13.318+0000] {processor.py:830} INFO - Processing file /home/airflow/.local/lib/python3.11/site-packages/airflow/example_dags/example_dag_decorator.py for tasks to queue
[2024-07-15T15:53:13.320+0000] {logging_mixin.py:188} INFO - [2024-07-15T15:53:13.320+0000] {dagbag.py:545} INFO - Filling up the DagBag from /home/airflow/.local/lib/python3.11/site-packages/airflow/example_dags/example_dag_decorator.py
[2024-07-15T15:53:13.474+0000] {processor.py:840} INFO - DAG(s) 'example_dag_decorator' retrieved from /home/airflow/.local/lib/python3.11/site-packages/airflow/example_dags/example_dag_decorator.py
[2024-07-15T15:53:13.487+0000] {logging_mixin.py:188} INFO - [2024-07-15T15:53:13.487+0000] {dag.py:3096} INFO - Sync 1 DAGs
[2024-07-15T15:53:13.646+0000] {logging_mixin.py:188} INFO - [2024-07-15T15:53:13.646+0000] {dag.py:3954} INFO - Setting next_dagrun for example_dag_decorator to None, run_after=None
[2024-07-15T15:53:13.674+0000] {processor.py:183} INFO - Processing /home/airflow/.local/lib/python3.11/site-packages/airflow/example_dags/example_dag_decorator.py took 0.365 seconds
[2024-07-15T15:53:18.804+0000] {processor.py:161} INFO - Started process (PID=25007) to work on /home/airflow/.local/lib/python3.11/site-packages/airflow/example_dags/example_dag_decorator.py
[2024-07-15T15:53:18.805+0000] {processor.py:830} INFO - Processing file /home/airflow/.local/lib/python3.11/site-packages/airflow/example_dags/example_dag_decorator.py for tasks to queue
[2024-07-15T15:53:18.808+0000] {logging_mixin.py:188} INFO - [2024-07-15T15:53:18.808+0000] {dagbag.py:545} INFO - Filling up the DagBag from /home/airflow/.local/lib/python3.11/site-packages/airflow/example_dags/example_dag_decorator.py
[2024-07-15T15:53:18.967+0000] {processor.py:840} INFO - DAG(s) 'example_dag_decorator' retrieved from /home/airflow/.local/lib/python3.11/site-packages/airflow/example_dags/example_dag_decorator.py
[2024-07-15T15:53:18.980+0000] {logging_mixin.py:188} INFO - [2024-07-15T15:53:18.980+0000] {dag.py:3096} INFO - Sync 1 DAGs
[2024-07-15T15:53:18.995+0000] {logging_mixin.py:188} INFO - [2024-07-15T15:53:18.995+0000] {dag.py:3954} INFO - Setting next_dagrun for example_dag_decorator to None, run_after=None
[2024-07-15T15:53:19.017+0000] {processor.py:183} INFO - Processing /home/airflow/.local/lib/python3.11/site-packages/airflow/example_dags/example_dag_decorator.py took 0.222 seconds
[2024-07-15T15:53:23.520+0000] {processor.py:161} INFO - Started process (PID=25067) to work on /home/airflow/.local/lib/python3.11/site-packages/airflow/example_dags/example_dag_decorator.py
[2024-07-15T15:53:23.521+0000] {processor.py:830} INFO - Processing file /home/airflow/.local/lib/python3.11/site-packages/airflow/example_dags/example_dag_decorator.py for tasks to queue
[2024-07-15T15:53:23.524+0000] {logging_mixin.py:188} INFO - [2024-07-15T15:53:23.524+0000] {dagbag.py:545} INFO - Filling up the DagBag from /home/airflow/.local/lib/python3.11/site-packages/airflow/example_dags/example_dag_decorator.py
[2024-07-15T15:53:23.711+0000] {processor.py:840} INFO - DAG(s) 'example_dag_decorator' retrieved from /home/airflow/.local/lib/python3.11/site-packages/airflow/example_dags/example_dag_decorator.py
[2024-07-15T15:53:23.987+0000] {logging_mixin.py:188} INFO - [2024-07-15T15:53:23.986+0000] {dag.py:3096} INFO - Sync 1 DAGs
[2024-07-15T15:53:23.998+0000] {logging_mixin.py:188} INFO - [2024-07-15T15:53:23.998+0000] {dag.py:3954} INFO - Setting next_dagrun for example_dag_decorator to None, run_after=None
[2024-07-15T15:53:24.023+0000] {processor.py:183} INFO - Processing /home/airflow/.local/lib/python3.11/site-packages/airflow/example_dags/example_dag_decorator.py took 0.513 seconds
