[2024-07-15T15:49:08.811+0000] {processor.py:161} INFO - Started process (PID=22643) to work on /home/airflow/.local/lib/python3.11/site-packages/airflow/example_dags/example_setup_teardown_taskflow.py
[2024-07-15T15:49:08.813+0000] {processor.py:830} INFO - Processing file /home/airflow/.local/lib/python3.11/site-packages/airflow/example_dags/example_setup_teardown_taskflow.py for tasks to queue
[2024-07-15T15:49:08.819+0000] {logging_mixin.py:188} INFO - [2024-07-15T15:49:08.818+0000] {dagbag.py:545} INFO - Filling up the DagBag from /home/airflow/.local/lib/python3.11/site-packages/airflow/example_dags/example_setup_teardown_taskflow.py
[2024-07-15T15:49:08.858+0000] {processor.py:840} INFO - DAG(s) 'example_setup_teardown_taskflow' retrieved from /home/airflow/.local/lib/python3.11/site-packages/airflow/example_dags/example_setup_teardown_taskflow.py
[2024-07-15T15:49:08.962+0000] {logging_mixin.py:188} INFO - [2024-07-15T15:49:08.961+0000] {dag.py:3096} INFO - Sync 1 DAGs
[2024-07-15T15:49:09.039+0000] {logging_mixin.py:188} INFO - [2024-07-15T15:49:09.039+0000] {dag.py:3954} INFO - Setting next_dagrun for example_setup_teardown_taskflow to 2024-07-14 00:00:00+00:00, run_after=2024-07-15 00:00:00+00:00
[2024-07-15T15:49:09.108+0000] {processor.py:183} INFO - Processing /home/airflow/.local/lib/python3.11/site-packages/airflow/example_dags/example_setup_teardown_taskflow.py took 0.316 seconds
[2024-07-15T15:49:15.885+0000] {processor.py:161} INFO - Started process (PID=22695) to work on /home/airflow/.local/lib/python3.11/site-packages/airflow/example_dags/example_setup_teardown_taskflow.py
[2024-07-15T15:49:15.887+0000] {processor.py:830} INFO - Processing file /home/airflow/.local/lib/python3.11/site-packages/airflow/example_dags/example_setup_teardown_taskflow.py for tasks to queue
[2024-07-15T15:49:15.891+0000] {logging_mixin.py:188} INFO - [2024-07-15T15:49:15.890+0000] {dagbag.py:545} INFO - Filling up the DagBag from /home/airflow/.local/lib/python3.11/site-packages/airflow/example_dags/example_setup_teardown_taskflow.py
[2024-07-15T15:49:15.913+0000] {processor.py:840} INFO - DAG(s) 'example_setup_teardown_taskflow' retrieved from /home/airflow/.local/lib/python3.11/site-packages/airflow/example_dags/example_setup_teardown_taskflow.py
[2024-07-15T15:49:15.958+0000] {logging_mixin.py:188} INFO - [2024-07-15T15:49:15.958+0000] {dag.py:3096} INFO - Sync 1 DAGs
[2024-07-15T15:49:16.003+0000] {logging_mixin.py:188} INFO - [2024-07-15T15:49:16.002+0000] {dag.py:3954} INFO - Setting next_dagrun for example_setup_teardown_taskflow to 2024-07-14 00:00:00+00:00, run_after=2024-07-15 00:00:00+00:00
[2024-07-15T15:49:16.037+0000] {processor.py:183} INFO - Processing /home/airflow/.local/lib/python3.11/site-packages/airflow/example_dags/example_setup_teardown_taskflow.py took 0.166 seconds
[2024-07-15T15:49:24.339+0000] {processor.py:161} INFO - Started process (PID=22754) to work on /home/airflow/.local/lib/python3.11/site-packages/airflow/example_dags/example_setup_teardown_taskflow.py
[2024-07-15T15:49:24.342+0000] {processor.py:830} INFO - Processing file /home/airflow/.local/lib/python3.11/site-packages/airflow/example_dags/example_setup_teardown_taskflow.py for tasks to queue
[2024-07-15T15:49:24.347+0000] {logging_mixin.py:188} INFO - [2024-07-15T15:49:24.346+0000] {dagbag.py:545} INFO - Filling up the DagBag from /home/airflow/.local/lib/python3.11/site-packages/airflow/example_dags/example_setup_teardown_taskflow.py
[2024-07-15T15:49:24.380+0000] {processor.py:840} INFO - DAG(s) 'example_setup_teardown_taskflow' retrieved from /home/airflow/.local/lib/python3.11/site-packages/airflow/example_dags/example_setup_teardown_taskflow.py
[2024-07-15T15:49:24.444+0000] {logging_mixin.py:188} INFO - [2024-07-15T15:49:24.443+0000] {dag.py:3096} INFO - Sync 1 DAGs
[2024-07-15T15:49:24.499+0000] {logging_mixin.py:188} INFO - [2024-07-15T15:49:24.498+0000] {dag.py:3954} INFO - Setting next_dagrun for example_setup_teardown_taskflow to 2024-07-14 00:00:00+00:00, run_after=2024-07-15 00:00:00+00:00
[2024-07-15T15:49:24.543+0000] {processor.py:183} INFO - Processing /home/airflow/.local/lib/python3.11/site-packages/airflow/example_dags/example_setup_teardown_taskflow.py took 0.231 seconds
[2024-07-15T15:49:31.685+0000] {processor.py:161} INFO - Started process (PID=22806) to work on /home/airflow/.local/lib/python3.11/site-packages/airflow/example_dags/example_setup_teardown_taskflow.py
[2024-07-15T15:49:31.687+0000] {processor.py:830} INFO - Processing file /home/airflow/.local/lib/python3.11/site-packages/airflow/example_dags/example_setup_teardown_taskflow.py for tasks to queue
[2024-07-15T15:49:31.690+0000] {logging_mixin.py:188} INFO - [2024-07-15T15:49:31.689+0000] {dagbag.py:545} INFO - Filling up the DagBag from /home/airflow/.local/lib/python3.11/site-packages/airflow/example_dags/example_setup_teardown_taskflow.py
[2024-07-15T15:49:31.709+0000] {processor.py:840} INFO - DAG(s) 'example_setup_teardown_taskflow' retrieved from /home/airflow/.local/lib/python3.11/site-packages/airflow/example_dags/example_setup_teardown_taskflow.py
[2024-07-15T15:49:31.753+0000] {logging_mixin.py:188} INFO - [2024-07-15T15:49:31.753+0000] {dag.py:3096} INFO - Sync 1 DAGs
[2024-07-15T15:49:31.810+0000] {logging_mixin.py:188} INFO - [2024-07-15T15:49:31.809+0000] {dag.py:3954} INFO - Setting next_dagrun for example_setup_teardown_taskflow to 2024-07-14 00:00:00+00:00, run_after=2024-07-15 00:00:00+00:00
[2024-07-15T15:49:31.852+0000] {processor.py:183} INFO - Processing /home/airflow/.local/lib/python3.11/site-packages/airflow/example_dags/example_setup_teardown_taskflow.py took 0.179 seconds
[2024-07-15T15:49:40.011+0000] {processor.py:161} INFO - Started process (PID=22859) to work on /home/airflow/.local/lib/python3.11/site-packages/airflow/example_dags/example_setup_teardown_taskflow.py
[2024-07-15T15:49:40.012+0000] {processor.py:830} INFO - Processing file /home/airflow/.local/lib/python3.11/site-packages/airflow/example_dags/example_setup_teardown_taskflow.py for tasks to queue
[2024-07-15T15:49:40.015+0000] {logging_mixin.py:188} INFO - [2024-07-15T15:49:40.014+0000] {dagbag.py:545} INFO - Filling up the DagBag from /home/airflow/.local/lib/python3.11/site-packages/airflow/example_dags/example_setup_teardown_taskflow.py
[2024-07-15T15:49:40.030+0000] {processor.py:840} INFO - DAG(s) 'example_setup_teardown_taskflow' retrieved from /home/airflow/.local/lib/python3.11/site-packages/airflow/example_dags/example_setup_teardown_taskflow.py
[2024-07-15T15:49:40.062+0000] {logging_mixin.py:188} INFO - [2024-07-15T15:49:40.062+0000] {dag.py:3096} INFO - Sync 1 DAGs
[2024-07-15T15:49:40.091+0000] {logging_mixin.py:188} INFO - [2024-07-15T15:49:40.091+0000] {dag.py:3954} INFO - Setting next_dagrun for example_setup_teardown_taskflow to 2024-07-14 00:00:00+00:00, run_after=2024-07-15 00:00:00+00:00
[2024-07-15T15:49:40.117+0000] {processor.py:183} INFO - Processing /home/airflow/.local/lib/python3.11/site-packages/airflow/example_dags/example_setup_teardown_taskflow.py took 0.116 seconds
[2024-07-15T15:49:46.559+0000] {processor.py:161} INFO - Started process (PID=22911) to work on /home/airflow/.local/lib/python3.11/site-packages/airflow/example_dags/example_setup_teardown_taskflow.py
[2024-07-15T15:49:46.561+0000] {processor.py:830} INFO - Processing file /home/airflow/.local/lib/python3.11/site-packages/airflow/example_dags/example_setup_teardown_taskflow.py for tasks to queue
[2024-07-15T15:49:46.565+0000] {logging_mixin.py:188} INFO - [2024-07-15T15:49:46.564+0000] {dagbag.py:545} INFO - Filling up the DagBag from /home/airflow/.local/lib/python3.11/site-packages/airflow/example_dags/example_setup_teardown_taskflow.py
[2024-07-15T15:49:46.588+0000] {processor.py:840} INFO - DAG(s) 'example_setup_teardown_taskflow' retrieved from /home/airflow/.local/lib/python3.11/site-packages/airflow/example_dags/example_setup_teardown_taskflow.py
[2024-07-15T15:49:46.630+0000] {logging_mixin.py:188} INFO - [2024-07-15T15:49:46.630+0000] {dag.py:3096} INFO - Sync 1 DAGs
[2024-07-15T15:49:46.669+0000] {logging_mixin.py:188} INFO - [2024-07-15T15:49:46.669+0000] {dag.py:3954} INFO - Setting next_dagrun for example_setup_teardown_taskflow to 2024-07-14 00:00:00+00:00, run_after=2024-07-15 00:00:00+00:00
[2024-07-15T15:49:46.704+0000] {processor.py:183} INFO - Processing /home/airflow/.local/lib/python3.11/site-packages/airflow/example_dags/example_setup_teardown_taskflow.py took 0.156 seconds
[2024-07-15T15:49:52.955+0000] {processor.py:161} INFO - Started process (PID=22971) to work on /home/airflow/.local/lib/python3.11/site-packages/airflow/example_dags/example_setup_teardown_taskflow.py
[2024-07-15T15:49:52.957+0000] {processor.py:830} INFO - Processing file /home/airflow/.local/lib/python3.11/site-packages/airflow/example_dags/example_setup_teardown_taskflow.py for tasks to queue
[2024-07-15T15:49:52.961+0000] {logging_mixin.py:188} INFO - [2024-07-15T15:49:52.961+0000] {dagbag.py:545} INFO - Filling up the DagBag from /home/airflow/.local/lib/python3.11/site-packages/airflow/example_dags/example_setup_teardown_taskflow.py
[2024-07-15T15:49:52.982+0000] {processor.py:840} INFO - DAG(s) 'example_setup_teardown_taskflow' retrieved from /home/airflow/.local/lib/python3.11/site-packages/airflow/example_dags/example_setup_teardown_taskflow.py
[2024-07-15T15:49:53.028+0000] {logging_mixin.py:188} INFO - [2024-07-15T15:49:53.027+0000] {dag.py:3096} INFO - Sync 1 DAGs
[2024-07-15T15:49:53.069+0000] {logging_mixin.py:188} INFO - [2024-07-15T15:49:53.069+0000] {dag.py:3954} INFO - Setting next_dagrun for example_setup_teardown_taskflow to 2024-07-14 00:00:00+00:00, run_after=2024-07-15 00:00:00+00:00
[2024-07-15T15:49:53.100+0000] {processor.py:183} INFO - Processing /home/airflow/.local/lib/python3.11/site-packages/airflow/example_dags/example_setup_teardown_taskflow.py took 0.159 seconds
[2024-07-15T15:49:59.957+0000] {processor.py:161} INFO - Started process (PID=23023) to work on /home/airflow/.local/lib/python3.11/site-packages/airflow/example_dags/example_setup_teardown_taskflow.py
[2024-07-15T15:49:59.958+0000] {processor.py:830} INFO - Processing file /home/airflow/.local/lib/python3.11/site-packages/airflow/example_dags/example_setup_teardown_taskflow.py for tasks to queue
[2024-07-15T15:49:59.961+0000] {logging_mixin.py:188} INFO - [2024-07-15T15:49:59.961+0000] {dagbag.py:545} INFO - Filling up the DagBag from /home/airflow/.local/lib/python3.11/site-packages/airflow/example_dags/example_setup_teardown_taskflow.py
[2024-07-15T15:49:59.975+0000] {processor.py:840} INFO - DAG(s) 'example_setup_teardown_taskflow' retrieved from /home/airflow/.local/lib/python3.11/site-packages/airflow/example_dags/example_setup_teardown_taskflow.py
[2024-07-15T15:50:00.014+0000] {logging_mixin.py:188} INFO - [2024-07-15T15:50:00.014+0000] {dag.py:3096} INFO - Sync 1 DAGs
[2024-07-15T15:50:00.056+0000] {logging_mixin.py:188} INFO - [2024-07-15T15:50:00.056+0000] {dag.py:3954} INFO - Setting next_dagrun for example_setup_teardown_taskflow to 2024-07-14 00:00:00+00:00, run_after=2024-07-15 00:00:00+00:00
[2024-07-15T15:50:00.084+0000] {processor.py:183} INFO - Processing /home/airflow/.local/lib/python3.11/site-packages/airflow/example_dags/example_setup_teardown_taskflow.py took 0.136 seconds
[2024-07-15T15:50:06.160+0000] {processor.py:161} INFO - Started process (PID=23076) to work on /home/airflow/.local/lib/python3.11/site-packages/airflow/example_dags/example_setup_teardown_taskflow.py
[2024-07-15T15:50:06.161+0000] {processor.py:830} INFO - Processing file /home/airflow/.local/lib/python3.11/site-packages/airflow/example_dags/example_setup_teardown_taskflow.py for tasks to queue
[2024-07-15T15:50:06.163+0000] {logging_mixin.py:188} INFO - [2024-07-15T15:50:06.163+0000] {dagbag.py:545} INFO - Filling up the DagBag from /home/airflow/.local/lib/python3.11/site-packages/airflow/example_dags/example_setup_teardown_taskflow.py
[2024-07-15T15:50:06.174+0000] {processor.py:840} INFO - DAG(s) 'example_setup_teardown_taskflow' retrieved from /home/airflow/.local/lib/python3.11/site-packages/airflow/example_dags/example_setup_teardown_taskflow.py
[2024-07-15T15:50:06.200+0000] {logging_mixin.py:188} INFO - [2024-07-15T15:50:06.200+0000] {dag.py:3096} INFO - Sync 1 DAGs
[2024-07-15T15:50:06.226+0000] {logging_mixin.py:188} INFO - [2024-07-15T15:50:06.226+0000] {dag.py:3954} INFO - Setting next_dagrun for example_setup_teardown_taskflow to 2024-07-14 00:00:00+00:00, run_after=2024-07-15 00:00:00+00:00
[2024-07-15T15:50:06.249+0000] {processor.py:183} INFO - Processing /home/airflow/.local/lib/python3.11/site-packages/airflow/example_dags/example_setup_teardown_taskflow.py took 0.097 seconds
[2024-07-15T15:50:11.727+0000] {processor.py:161} INFO - Started process (PID=23128) to work on /home/airflow/.local/lib/python3.11/site-packages/airflow/example_dags/example_setup_teardown_taskflow.py
[2024-07-15T15:50:11.728+0000] {processor.py:830} INFO - Processing file /home/airflow/.local/lib/python3.11/site-packages/airflow/example_dags/example_setup_teardown_taskflow.py for tasks to queue
[2024-07-15T15:50:11.731+0000] {logging_mixin.py:188} INFO - [2024-07-15T15:50:11.730+0000] {dagbag.py:545} INFO - Filling up the DagBag from /home/airflow/.local/lib/python3.11/site-packages/airflow/example_dags/example_setup_teardown_taskflow.py
[2024-07-15T15:50:11.742+0000] {processor.py:840} INFO - DAG(s) 'example_setup_teardown_taskflow' retrieved from /home/airflow/.local/lib/python3.11/site-packages/airflow/example_dags/example_setup_teardown_taskflow.py
[2024-07-15T15:50:11.768+0000] {logging_mixin.py:188} INFO - [2024-07-15T15:50:11.768+0000] {dag.py:3096} INFO - Sync 1 DAGs
[2024-07-15T15:50:11.791+0000] {logging_mixin.py:188} INFO - [2024-07-15T15:50:11.791+0000] {dag.py:3954} INFO - Setting next_dagrun for example_setup_teardown_taskflow to 2024-07-14 00:00:00+00:00, run_after=2024-07-15 00:00:00+00:00
[2024-07-15T15:50:11.812+0000] {processor.py:183} INFO - Processing /home/airflow/.local/lib/python3.11/site-packages/airflow/example_dags/example_setup_teardown_taskflow.py took 0.092 seconds
[2024-07-15T15:50:18.047+0000] {processor.py:161} INFO - Started process (PID=23181) to work on /home/airflow/.local/lib/python3.11/site-packages/airflow/example_dags/example_setup_teardown_taskflow.py
[2024-07-15T15:50:18.048+0000] {processor.py:830} INFO - Processing file /home/airflow/.local/lib/python3.11/site-packages/airflow/example_dags/example_setup_teardown_taskflow.py for tasks to queue
[2024-07-15T15:50:18.051+0000] {logging_mixin.py:188} INFO - [2024-07-15T15:50:18.050+0000] {dagbag.py:545} INFO - Filling up the DagBag from /home/airflow/.local/lib/python3.11/site-packages/airflow/example_dags/example_setup_teardown_taskflow.py
[2024-07-15T15:50:18.063+0000] {processor.py:840} INFO - DAG(s) 'example_setup_teardown_taskflow' retrieved from /home/airflow/.local/lib/python3.11/site-packages/airflow/example_dags/example_setup_teardown_taskflow.py
[2024-07-15T15:50:18.114+0000] {logging_mixin.py:188} INFO - [2024-07-15T15:50:18.114+0000] {dag.py:3096} INFO - Sync 1 DAGs
[2024-07-15T15:50:18.139+0000] {logging_mixin.py:188} INFO - [2024-07-15T15:50:18.139+0000] {dag.py:3954} INFO - Setting next_dagrun for example_setup_teardown_taskflow to 2024-07-14 00:00:00+00:00, run_after=2024-07-15 00:00:00+00:00
[2024-07-15T15:50:18.162+0000] {processor.py:183} INFO - Processing /home/airflow/.local/lib/python3.11/site-packages/airflow/example_dags/example_setup_teardown_taskflow.py took 0.122 seconds
[2024-07-15T15:50:23.045+0000] {processor.py:161} INFO - Started process (PID=23241) to work on /home/airflow/.local/lib/python3.11/site-packages/airflow/example_dags/example_setup_teardown_taskflow.py
[2024-07-15T15:50:23.046+0000] {processor.py:830} INFO - Processing file /home/airflow/.local/lib/python3.11/site-packages/airflow/example_dags/example_setup_teardown_taskflow.py for tasks to queue
[2024-07-15T15:50:23.049+0000] {logging_mixin.py:188} INFO - [2024-07-15T15:50:23.048+0000] {dagbag.py:545} INFO - Filling up the DagBag from /home/airflow/.local/lib/python3.11/site-packages/airflow/example_dags/example_setup_teardown_taskflow.py
[2024-07-15T15:50:23.060+0000] {processor.py:840} INFO - DAG(s) 'example_setup_teardown_taskflow' retrieved from /home/airflow/.local/lib/python3.11/site-packages/airflow/example_dags/example_setup_teardown_taskflow.py
[2024-07-15T15:50:23.086+0000] {logging_mixin.py:188} INFO - [2024-07-15T15:50:23.086+0000] {dag.py:3096} INFO - Sync 1 DAGs
[2024-07-15T15:50:23.128+0000] {logging_mixin.py:188} INFO - [2024-07-15T15:50:23.127+0000] {dag.py:3954} INFO - Setting next_dagrun for example_setup_teardown_taskflow to 2024-07-14 00:00:00+00:00, run_after=2024-07-15 00:00:00+00:00
[2024-07-15T15:50:23.174+0000] {processor.py:183} INFO - Processing /home/airflow/.local/lib/python3.11/site-packages/airflow/example_dags/example_setup_teardown_taskflow.py took 0.137 seconds
[2024-07-15T15:50:28.883+0000] {processor.py:161} INFO - Started process (PID=23293) to work on /home/airflow/.local/lib/python3.11/site-packages/airflow/example_dags/example_setup_teardown_taskflow.py
[2024-07-15T15:50:28.884+0000] {processor.py:830} INFO - Processing file /home/airflow/.local/lib/python3.11/site-packages/airflow/example_dags/example_setup_teardown_taskflow.py for tasks to queue
[2024-07-15T15:50:28.887+0000] {logging_mixin.py:188} INFO - [2024-07-15T15:50:28.886+0000] {dagbag.py:545} INFO - Filling up the DagBag from /home/airflow/.local/lib/python3.11/site-packages/airflow/example_dags/example_setup_teardown_taskflow.py
[2024-07-15T15:50:28.899+0000] {processor.py:840} INFO - DAG(s) 'example_setup_teardown_taskflow' retrieved from /home/airflow/.local/lib/python3.11/site-packages/airflow/example_dags/example_setup_teardown_taskflow.py
[2024-07-15T15:50:28.923+0000] {logging_mixin.py:188} INFO - [2024-07-15T15:50:28.923+0000] {dag.py:3096} INFO - Sync 1 DAGs
[2024-07-15T15:50:28.982+0000] {logging_mixin.py:188} INFO - [2024-07-15T15:50:28.982+0000] {dag.py:3954} INFO - Setting next_dagrun for example_setup_teardown_taskflow to 2024-07-14 00:00:00+00:00, run_after=2024-07-15 00:00:00+00:00
[2024-07-15T15:50:29.027+0000] {processor.py:183} INFO - Processing /home/airflow/.local/lib/python3.11/site-packages/airflow/example_dags/example_setup_teardown_taskflow.py took 0.156 seconds
[2024-07-15T15:50:34.033+0000] {processor.py:161} INFO - Started process (PID=23347) to work on /home/airflow/.local/lib/python3.11/site-packages/airflow/example_dags/example_setup_teardown_taskflow.py
[2024-07-15T15:50:34.034+0000] {processor.py:830} INFO - Processing file /home/airflow/.local/lib/python3.11/site-packages/airflow/example_dags/example_setup_teardown_taskflow.py for tasks to queue
[2024-07-15T15:50:34.036+0000] {logging_mixin.py:188} INFO - [2024-07-15T15:50:34.036+0000] {dagbag.py:545} INFO - Filling up the DagBag from /home/airflow/.local/lib/python3.11/site-packages/airflow/example_dags/example_setup_teardown_taskflow.py
[2024-07-15T15:50:34.049+0000] {processor.py:840} INFO - DAG(s) 'example_setup_teardown_taskflow' retrieved from /home/airflow/.local/lib/python3.11/site-packages/airflow/example_dags/example_setup_teardown_taskflow.py
[2024-07-15T15:50:34.076+0000] {logging_mixin.py:188} INFO - [2024-07-15T15:50:34.075+0000] {dag.py:3096} INFO - Sync 1 DAGs
[2024-07-15T15:50:34.102+0000] {logging_mixin.py:188} INFO - [2024-07-15T15:50:34.102+0000] {dag.py:3954} INFO - Setting next_dagrun for example_setup_teardown_taskflow to 2024-07-14 00:00:00+00:00, run_after=2024-07-15 00:00:00+00:00
[2024-07-15T15:50:34.126+0000] {processor.py:183} INFO - Processing /home/airflow/.local/lib/python3.11/site-packages/airflow/example_dags/example_setup_teardown_taskflow.py took 0.101 seconds
[2024-07-15T15:50:39.675+0000] {processor.py:161} INFO - Started process (PID=23399) to work on /home/airflow/.local/lib/python3.11/site-packages/airflow/example_dags/example_setup_teardown_taskflow.py
[2024-07-15T15:50:39.677+0000] {processor.py:830} INFO - Processing file /home/airflow/.local/lib/python3.11/site-packages/airflow/example_dags/example_setup_teardown_taskflow.py for tasks to queue
[2024-07-15T15:50:39.680+0000] {logging_mixin.py:188} INFO - [2024-07-15T15:50:39.679+0000] {dagbag.py:545} INFO - Filling up the DagBag from /home/airflow/.local/lib/python3.11/site-packages/airflow/example_dags/example_setup_teardown_taskflow.py
[2024-07-15T15:50:39.718+0000] {processor.py:840} INFO - DAG(s) 'example_setup_teardown_taskflow' retrieved from /home/airflow/.local/lib/python3.11/site-packages/airflow/example_dags/example_setup_teardown_taskflow.py
[2024-07-15T15:50:39.758+0000] {logging_mixin.py:188} INFO - [2024-07-15T15:50:39.757+0000] {dag.py:3096} INFO - Sync 1 DAGs
[2024-07-15T15:50:39.795+0000] {logging_mixin.py:188} INFO - [2024-07-15T15:50:39.792+0000] {dag.py:3954} INFO - Setting next_dagrun for example_setup_teardown_taskflow to 2024-07-14 00:00:00+00:00, run_after=2024-07-15 00:00:00+00:00
[2024-07-15T15:50:39.841+0000] {processor.py:183} INFO - Processing /home/airflow/.local/lib/python3.11/site-packages/airflow/example_dags/example_setup_teardown_taskflow.py took 0.179 seconds
[2024-07-15T15:50:45.695+0000] {processor.py:161} INFO - Started process (PID=23452) to work on /home/airflow/.local/lib/python3.11/site-packages/airflow/example_dags/example_setup_teardown_taskflow.py
[2024-07-15T15:50:45.702+0000] {processor.py:830} INFO - Processing file /home/airflow/.local/lib/python3.11/site-packages/airflow/example_dags/example_setup_teardown_taskflow.py for tasks to queue
[2024-07-15T15:50:45.708+0000] {logging_mixin.py:188} INFO - [2024-07-15T15:50:45.707+0000] {dagbag.py:545} INFO - Filling up the DagBag from /home/airflow/.local/lib/python3.11/site-packages/airflow/example_dags/example_setup_teardown_taskflow.py
[2024-07-15T15:50:45.724+0000] {processor.py:840} INFO - DAG(s) 'example_setup_teardown_taskflow' retrieved from /home/airflow/.local/lib/python3.11/site-packages/airflow/example_dags/example_setup_teardown_taskflow.py
[2024-07-15T15:50:45.753+0000] {logging_mixin.py:188} INFO - [2024-07-15T15:50:45.753+0000] {dag.py:3096} INFO - Sync 1 DAGs
[2024-07-15T15:50:45.800+0000] {logging_mixin.py:188} INFO - [2024-07-15T15:50:45.800+0000] {dag.py:3954} INFO - Setting next_dagrun for example_setup_teardown_taskflow to 2024-07-14 00:00:00+00:00, run_after=2024-07-15 00:00:00+00:00
[2024-07-15T15:50:45.823+0000] {processor.py:183} INFO - Processing /home/airflow/.local/lib/python3.11/site-packages/airflow/example_dags/example_setup_teardown_taskflow.py took 0.146 seconds
[2024-07-15T15:50:50.535+0000] {processor.py:161} INFO - Started process (PID=23504) to work on /home/airflow/.local/lib/python3.11/site-packages/airflow/example_dags/example_setup_teardown_taskflow.py
[2024-07-15T15:50:50.536+0000] {processor.py:830} INFO - Processing file /home/airflow/.local/lib/python3.11/site-packages/airflow/example_dags/example_setup_teardown_taskflow.py for tasks to queue
[2024-07-15T15:50:50.539+0000] {logging_mixin.py:188} INFO - [2024-07-15T15:50:50.538+0000] {dagbag.py:545} INFO - Filling up the DagBag from /home/airflow/.local/lib/python3.11/site-packages/airflow/example_dags/example_setup_teardown_taskflow.py
[2024-07-15T15:50:50.570+0000] {processor.py:840} INFO - DAG(s) 'example_setup_teardown_taskflow' retrieved from /home/airflow/.local/lib/python3.11/site-packages/airflow/example_dags/example_setup_teardown_taskflow.py
[2024-07-15T15:50:50.600+0000] {logging_mixin.py:188} INFO - [2024-07-15T15:50:50.600+0000] {dag.py:3096} INFO - Sync 1 DAGs
[2024-07-15T15:50:50.624+0000] {logging_mixin.py:188} INFO - [2024-07-15T15:50:50.624+0000] {dag.py:3954} INFO - Setting next_dagrun for example_setup_teardown_taskflow to 2024-07-14 00:00:00+00:00, run_after=2024-07-15 00:00:00+00:00
[2024-07-15T15:50:50.648+0000] {processor.py:183} INFO - Processing /home/airflow/.local/lib/python3.11/site-packages/airflow/example_dags/example_setup_teardown_taskflow.py took 0.121 seconds
[2024-07-15T15:50:56.011+0000] {processor.py:161} INFO - Started process (PID=23564) to work on /home/airflow/.local/lib/python3.11/site-packages/airflow/example_dags/example_setup_teardown_taskflow.py
[2024-07-15T15:50:56.012+0000] {processor.py:830} INFO - Processing file /home/airflow/.local/lib/python3.11/site-packages/airflow/example_dags/example_setup_teardown_taskflow.py for tasks to queue
[2024-07-15T15:50:56.015+0000] {logging_mixin.py:188} INFO - [2024-07-15T15:50:56.014+0000] {dagbag.py:545} INFO - Filling up the DagBag from /home/airflow/.local/lib/python3.11/site-packages/airflow/example_dags/example_setup_teardown_taskflow.py
[2024-07-15T15:50:56.028+0000] {processor.py:840} INFO - DAG(s) 'example_setup_teardown_taskflow' retrieved from /home/airflow/.local/lib/python3.11/site-packages/airflow/example_dags/example_setup_teardown_taskflow.py
[2024-07-15T15:50:56.054+0000] {logging_mixin.py:188} INFO - [2024-07-15T15:50:56.054+0000] {dag.py:3096} INFO - Sync 1 DAGs
[2024-07-15T15:50:56.078+0000] {logging_mixin.py:188} INFO - [2024-07-15T15:50:56.078+0000] {dag.py:3954} INFO - Setting next_dagrun for example_setup_teardown_taskflow to 2024-07-14 00:00:00+00:00, run_after=2024-07-15 00:00:00+00:00
[2024-07-15T15:50:56.101+0000] {processor.py:183} INFO - Processing /home/airflow/.local/lib/python3.11/site-packages/airflow/example_dags/example_setup_teardown_taskflow.py took 0.097 seconds
[2024-07-15T15:51:01.329+0000] {processor.py:161} INFO - Started process (PID=23616) to work on /home/airflow/.local/lib/python3.11/site-packages/airflow/example_dags/example_setup_teardown_taskflow.py
[2024-07-15T15:51:01.330+0000] {processor.py:830} INFO - Processing file /home/airflow/.local/lib/python3.11/site-packages/airflow/example_dags/example_setup_teardown_taskflow.py for tasks to queue
[2024-07-15T15:51:01.333+0000] {logging_mixin.py:188} INFO - [2024-07-15T15:51:01.332+0000] {dagbag.py:545} INFO - Filling up the DagBag from /home/airflow/.local/lib/python3.11/site-packages/airflow/example_dags/example_setup_teardown_taskflow.py
[2024-07-15T15:51:01.346+0000] {processor.py:840} INFO - DAG(s) 'example_setup_teardown_taskflow' retrieved from /home/airflow/.local/lib/python3.11/site-packages/airflow/example_dags/example_setup_teardown_taskflow.py
[2024-07-15T15:51:01.383+0000] {logging_mixin.py:188} INFO - [2024-07-15T15:51:01.383+0000] {dag.py:3096} INFO - Sync 1 DAGs
[2024-07-15T15:51:01.412+0000] {logging_mixin.py:188} INFO - [2024-07-15T15:51:01.411+0000] {dag.py:3954} INFO - Setting next_dagrun for example_setup_teardown_taskflow to 2024-07-14 00:00:00+00:00, run_after=2024-07-15 00:00:00+00:00
[2024-07-15T15:51:01.439+0000] {processor.py:183} INFO - Processing /home/airflow/.local/lib/python3.11/site-packages/airflow/example_dags/example_setup_teardown_taskflow.py took 0.117 seconds
[2024-07-15T15:51:06.171+0000] {processor.py:161} INFO - Started process (PID=23669) to work on /home/airflow/.local/lib/python3.11/site-packages/airflow/example_dags/example_setup_teardown_taskflow.py
[2024-07-15T15:51:06.173+0000] {processor.py:830} INFO - Processing file /home/airflow/.local/lib/python3.11/site-packages/airflow/example_dags/example_setup_teardown_taskflow.py for tasks to queue
[2024-07-15T15:51:06.177+0000] {logging_mixin.py:188} INFO - [2024-07-15T15:51:06.177+0000] {dagbag.py:545} INFO - Filling up the DagBag from /home/airflow/.local/lib/python3.11/site-packages/airflow/example_dags/example_setup_teardown_taskflow.py
[2024-07-15T15:51:06.197+0000] {processor.py:840} INFO - DAG(s) 'example_setup_teardown_taskflow' retrieved from /home/airflow/.local/lib/python3.11/site-packages/airflow/example_dags/example_setup_teardown_taskflow.py
[2024-07-15T15:51:06.227+0000] {logging_mixin.py:188} INFO - [2024-07-15T15:51:06.227+0000] {dag.py:3096} INFO - Sync 1 DAGs
[2024-07-15T15:51:06.274+0000] {logging_mixin.py:188} INFO - [2024-07-15T15:51:06.274+0000] {dag.py:3954} INFO - Setting next_dagrun for example_setup_teardown_taskflow to 2024-07-14 00:00:00+00:00, run_after=2024-07-15 00:00:00+00:00
[2024-07-15T15:51:06.306+0000] {processor.py:183} INFO - Processing /home/airflow/.local/lib/python3.11/site-packages/airflow/example_dags/example_setup_teardown_taskflow.py took 0.169 seconds
[2024-07-15T15:51:11.612+0000] {processor.py:161} INFO - Started process (PID=23721) to work on /home/airflow/.local/lib/python3.11/site-packages/airflow/example_dags/example_setup_teardown_taskflow.py
[2024-07-15T15:51:11.613+0000] {processor.py:830} INFO - Processing file /home/airflow/.local/lib/python3.11/site-packages/airflow/example_dags/example_setup_teardown_taskflow.py for tasks to queue
[2024-07-15T15:51:11.616+0000] {logging_mixin.py:188} INFO - [2024-07-15T15:51:11.616+0000] {dagbag.py:545} INFO - Filling up the DagBag from /home/airflow/.local/lib/python3.11/site-packages/airflow/example_dags/example_setup_teardown_taskflow.py
[2024-07-15T15:51:11.632+0000] {processor.py:840} INFO - DAG(s) 'example_setup_teardown_taskflow' retrieved from /home/airflow/.local/lib/python3.11/site-packages/airflow/example_dags/example_setup_teardown_taskflow.py
[2024-07-15T15:51:11.674+0000] {logging_mixin.py:188} INFO - [2024-07-15T15:51:11.673+0000] {dag.py:3096} INFO - Sync 1 DAGs
[2024-07-15T15:51:11.718+0000] {logging_mixin.py:188} INFO - [2024-07-15T15:51:11.718+0000] {dag.py:3954} INFO - Setting next_dagrun for example_setup_teardown_taskflow to 2024-07-14 00:00:00+00:00, run_after=2024-07-15 00:00:00+00:00
[2024-07-15T15:51:11.749+0000] {processor.py:183} INFO - Processing /home/airflow/.local/lib/python3.11/site-packages/airflow/example_dags/example_setup_teardown_taskflow.py took 0.149 seconds
[2024-07-15T15:51:16.093+0000] {processor.py:161} INFO - Started process (PID=23774) to work on /home/airflow/.local/lib/python3.11/site-packages/airflow/example_dags/example_setup_teardown_taskflow.py
[2024-07-15T15:51:16.094+0000] {processor.py:830} INFO - Processing file /home/airflow/.local/lib/python3.11/site-packages/airflow/example_dags/example_setup_teardown_taskflow.py for tasks to queue
[2024-07-15T15:51:16.097+0000] {logging_mixin.py:188} INFO - [2024-07-15T15:51:16.097+0000] {dagbag.py:545} INFO - Filling up the DagBag from /home/airflow/.local/lib/python3.11/site-packages/airflow/example_dags/example_setup_teardown_taskflow.py
[2024-07-15T15:51:16.114+0000] {processor.py:840} INFO - DAG(s) 'example_setup_teardown_taskflow' retrieved from /home/airflow/.local/lib/python3.11/site-packages/airflow/example_dags/example_setup_teardown_taskflow.py
[2024-07-15T15:51:16.147+0000] {logging_mixin.py:188} INFO - [2024-07-15T15:51:16.147+0000] {dag.py:3096} INFO - Sync 1 DAGs
[2024-07-15T15:51:16.178+0000] {logging_mixin.py:188} INFO - [2024-07-15T15:51:16.178+0000] {dag.py:3954} INFO - Setting next_dagrun for example_setup_teardown_taskflow to 2024-07-14 00:00:00+00:00, run_after=2024-07-15 00:00:00+00:00
[2024-07-15T15:51:16.199+0000] {processor.py:183} INFO - Processing /home/airflow/.local/lib/python3.11/site-packages/airflow/example_dags/example_setup_teardown_taskflow.py took 0.116 seconds
[2024-07-15T15:51:21.530+0000] {processor.py:161} INFO - Started process (PID=23832) to work on /home/airflow/.local/lib/python3.11/site-packages/airflow/example_dags/example_setup_teardown_taskflow.py
[2024-07-15T15:51:21.531+0000] {processor.py:830} INFO - Processing file /home/airflow/.local/lib/python3.11/site-packages/airflow/example_dags/example_setup_teardown_taskflow.py for tasks to queue
[2024-07-15T15:51:21.534+0000] {logging_mixin.py:188} INFO - [2024-07-15T15:51:21.533+0000] {dagbag.py:545} INFO - Filling up the DagBag from /home/airflow/.local/lib/python3.11/site-packages/airflow/example_dags/example_setup_teardown_taskflow.py
[2024-07-15T15:51:21.545+0000] {processor.py:840} INFO - DAG(s) 'example_setup_teardown_taskflow' retrieved from /home/airflow/.local/lib/python3.11/site-packages/airflow/example_dags/example_setup_teardown_taskflow.py
[2024-07-15T15:51:21.572+0000] {logging_mixin.py:188} INFO - [2024-07-15T15:51:21.572+0000] {dag.py:3096} INFO - Sync 1 DAGs
[2024-07-15T15:51:21.595+0000] {logging_mixin.py:188} INFO - [2024-07-15T15:51:21.595+0000] {dag.py:3954} INFO - Setting next_dagrun for example_setup_teardown_taskflow to 2024-07-14 00:00:00+00:00, run_after=2024-07-15 00:00:00+00:00
[2024-07-15T15:51:21.617+0000] {processor.py:183} INFO - Processing /home/airflow/.local/lib/python3.11/site-packages/airflow/example_dags/example_setup_teardown_taskflow.py took 0.094 seconds
