[2024-07-15T15:49:07.768+0000] {processor.py:161} INFO - Started process (PID=22639) to work on /home/airflow/.local/lib/python3.11/site-packages/airflow/example_dags/example_trigger_target_dag.py
[2024-07-15T15:49:07.770+0000] {processor.py:830} INFO - Processing file /home/airflow/.local/lib/python3.11/site-packages/airflow/example_dags/example_trigger_target_dag.py for tasks to queue
[2024-07-15T15:49:07.779+0000] {logging_mixin.py:188} INFO - [2024-07-15T15:49:07.777+0000] {dagbag.py:545} INFO - Filling up the DagBag from /home/airflow/.local/lib/python3.11/site-packages/airflow/example_dags/example_trigger_target_dag.py
[2024-07-15T15:49:07.806+0000] {processor.py:840} INFO - DAG(s) 'example_trigger_target_dag' retrieved from /home/airflow/.local/lib/python3.11/site-packages/airflow/example_dags/example_trigger_target_dag.py
[2024-07-15T15:49:07.878+0000] {logging_mixin.py:188} INFO - [2024-07-15T15:49:07.877+0000] {dag.py:3096} INFO - Sync 1 DAGs
[2024-07-15T15:49:07.928+0000] {logging_mixin.py:188} INFO - [2024-07-15T15:49:07.927+0000] {dag.py:3954} INFO - Setting next_dagrun for example_trigger_target_dag to None, run_after=None
[2024-07-15T15:49:08.014+0000] {processor.py:183} INFO - Processing /home/airflow/.local/lib/python3.11/site-packages/airflow/example_dags/example_trigger_target_dag.py took 0.271 seconds
[2024-07-15T15:49:15.210+0000] {processor.py:161} INFO - Started process (PID=22691) to work on /home/airflow/.local/lib/python3.11/site-packages/airflow/example_dags/example_trigger_target_dag.py
[2024-07-15T15:49:15.212+0000] {processor.py:830} INFO - Processing file /home/airflow/.local/lib/python3.11/site-packages/airflow/example_dags/example_trigger_target_dag.py for tasks to queue
[2024-07-15T15:49:15.217+0000] {logging_mixin.py:188} INFO - [2024-07-15T15:49:15.216+0000] {dagbag.py:545} INFO - Filling up the DagBag from /home/airflow/.local/lib/python3.11/site-packages/airflow/example_dags/example_trigger_target_dag.py
[2024-07-15T15:49:15.231+0000] {processor.py:840} INFO - DAG(s) 'example_trigger_target_dag' retrieved from /home/airflow/.local/lib/python3.11/site-packages/airflow/example_dags/example_trigger_target_dag.py
[2024-07-15T15:49:15.269+0000] {logging_mixin.py:188} INFO - [2024-07-15T15:49:15.269+0000] {dag.py:3096} INFO - Sync 1 DAGs
[2024-07-15T15:49:15.297+0000] {logging_mixin.py:188} INFO - [2024-07-15T15:49:15.296+0000] {dag.py:3954} INFO - Setting next_dagrun for example_trigger_target_dag to None, run_after=None
[2024-07-15T15:49:15.338+0000] {processor.py:183} INFO - Processing /home/airflow/.local/lib/python3.11/site-packages/airflow/example_dags/example_trigger_target_dag.py took 0.142 seconds
[2024-07-15T15:49:23.708+0000] {processor.py:161} INFO - Started process (PID=22750) to work on /home/airflow/.local/lib/python3.11/site-packages/airflow/example_dags/example_trigger_target_dag.py
[2024-07-15T15:49:23.710+0000] {processor.py:830} INFO - Processing file /home/airflow/.local/lib/python3.11/site-packages/airflow/example_dags/example_trigger_target_dag.py for tasks to queue
[2024-07-15T15:49:23.715+0000] {logging_mixin.py:188} INFO - [2024-07-15T15:49:23.714+0000] {dagbag.py:545} INFO - Filling up the DagBag from /home/airflow/.local/lib/python3.11/site-packages/airflow/example_dags/example_trigger_target_dag.py
[2024-07-15T15:49:23.731+0000] {processor.py:840} INFO - DAG(s) 'example_trigger_target_dag' retrieved from /home/airflow/.local/lib/python3.11/site-packages/airflow/example_dags/example_trigger_target_dag.py
[2024-07-15T15:49:23.778+0000] {logging_mixin.py:188} INFO - [2024-07-15T15:49:23.777+0000] {dag.py:3096} INFO - Sync 1 DAGs
[2024-07-15T15:49:23.811+0000] {logging_mixin.py:188} INFO - [2024-07-15T15:49:23.810+0000] {dag.py:3954} INFO - Setting next_dagrun for example_trigger_target_dag to None, run_after=None
[2024-07-15T15:49:23.849+0000] {processor.py:183} INFO - Processing /home/airflow/.local/lib/python3.11/site-packages/airflow/example_dags/example_trigger_target_dag.py took 0.157 seconds
[2024-07-15T15:49:31.230+0000] {processor.py:161} INFO - Started process (PID=22802) to work on /home/airflow/.local/lib/python3.11/site-packages/airflow/example_dags/example_trigger_target_dag.py
[2024-07-15T15:49:31.232+0000] {processor.py:830} INFO - Processing file /home/airflow/.local/lib/python3.11/site-packages/airflow/example_dags/example_trigger_target_dag.py for tasks to queue
[2024-07-15T15:49:31.236+0000] {logging_mixin.py:188} INFO - [2024-07-15T15:49:31.235+0000] {dagbag.py:545} INFO - Filling up the DagBag from /home/airflow/.local/lib/python3.11/site-packages/airflow/example_dags/example_trigger_target_dag.py
[2024-07-15T15:49:31.250+0000] {processor.py:840} INFO - DAG(s) 'example_trigger_target_dag' retrieved from /home/airflow/.local/lib/python3.11/site-packages/airflow/example_dags/example_trigger_target_dag.py
[2024-07-15T15:49:31.286+0000] {logging_mixin.py:188} INFO - [2024-07-15T15:49:31.286+0000] {dag.py:3096} INFO - Sync 1 DAGs
[2024-07-15T15:49:31.311+0000] {logging_mixin.py:188} INFO - [2024-07-15T15:49:31.311+0000] {dag.py:3954} INFO - Setting next_dagrun for example_trigger_target_dag to None, run_after=None
[2024-07-15T15:49:31.340+0000] {processor.py:183} INFO - Processing /home/airflow/.local/lib/python3.11/site-packages/airflow/example_dags/example_trigger_target_dag.py took 0.124 seconds
[2024-07-15T15:49:39.100+0000] {processor.py:161} INFO - Started process (PID=22855) to work on /home/airflow/.local/lib/python3.11/site-packages/airflow/example_dags/example_trigger_target_dag.py
[2024-07-15T15:49:39.102+0000] {processor.py:830} INFO - Processing file /home/airflow/.local/lib/python3.11/site-packages/airflow/example_dags/example_trigger_target_dag.py for tasks to queue
[2024-07-15T15:49:39.108+0000] {logging_mixin.py:188} INFO - [2024-07-15T15:49:39.107+0000] {dagbag.py:545} INFO - Filling up the DagBag from /home/airflow/.local/lib/python3.11/site-packages/airflow/example_dags/example_trigger_target_dag.py
[2024-07-15T15:49:39.123+0000] {processor.py:840} INFO - DAG(s) 'example_trigger_target_dag' retrieved from /home/airflow/.local/lib/python3.11/site-packages/airflow/example_dags/example_trigger_target_dag.py
[2024-07-15T15:49:39.167+0000] {logging_mixin.py:188} INFO - [2024-07-15T15:49:39.166+0000] {dag.py:3096} INFO - Sync 1 DAGs
[2024-07-15T15:49:39.200+0000] {logging_mixin.py:188} INFO - [2024-07-15T15:49:39.200+0000] {dag.py:3954} INFO - Setting next_dagrun for example_trigger_target_dag to None, run_after=None
[2024-07-15T15:49:39.241+0000] {processor.py:183} INFO - Processing /home/airflow/.local/lib/python3.11/site-packages/airflow/example_dags/example_trigger_target_dag.py took 0.161 seconds
[2024-07-15T15:49:45.877+0000] {processor.py:161} INFO - Started process (PID=22907) to work on /home/airflow/.local/lib/python3.11/site-packages/airflow/example_dags/example_trigger_target_dag.py
[2024-07-15T15:49:45.879+0000] {processor.py:830} INFO - Processing file /home/airflow/.local/lib/python3.11/site-packages/airflow/example_dags/example_trigger_target_dag.py for tasks to queue
[2024-07-15T15:49:45.883+0000] {logging_mixin.py:188} INFO - [2024-07-15T15:49:45.882+0000] {dagbag.py:545} INFO - Filling up the DagBag from /home/airflow/.local/lib/python3.11/site-packages/airflow/example_dags/example_trigger_target_dag.py
[2024-07-15T15:49:45.897+0000] {processor.py:840} INFO - DAG(s) 'example_trigger_target_dag' retrieved from /home/airflow/.local/lib/python3.11/site-packages/airflow/example_dags/example_trigger_target_dag.py
[2024-07-15T15:49:45.941+0000] {logging_mixin.py:188} INFO - [2024-07-15T15:49:45.940+0000] {dag.py:3096} INFO - Sync 1 DAGs
[2024-07-15T15:49:45.974+0000] {logging_mixin.py:188} INFO - [2024-07-15T15:49:45.973+0000] {dag.py:3954} INFO - Setting next_dagrun for example_trigger_target_dag to None, run_after=None
[2024-07-15T15:49:46.020+0000] {processor.py:183} INFO - Processing /home/airflow/.local/lib/python3.11/site-packages/airflow/example_dags/example_trigger_target_dag.py took 0.157 seconds
[2024-07-15T15:49:52.583+0000] {processor.py:161} INFO - Started process (PID=22967) to work on /home/airflow/.local/lib/python3.11/site-packages/airflow/example_dags/example_trigger_target_dag.py
[2024-07-15T15:49:52.584+0000] {processor.py:830} INFO - Processing file /home/airflow/.local/lib/python3.11/site-packages/airflow/example_dags/example_trigger_target_dag.py for tasks to queue
[2024-07-15T15:49:52.588+0000] {logging_mixin.py:188} INFO - [2024-07-15T15:49:52.588+0000] {dagbag.py:545} INFO - Filling up the DagBag from /home/airflow/.local/lib/python3.11/site-packages/airflow/example_dags/example_trigger_target_dag.py
[2024-07-15T15:49:52.598+0000] {processor.py:840} INFO - DAG(s) 'example_trigger_target_dag' retrieved from /home/airflow/.local/lib/python3.11/site-packages/airflow/example_dags/example_trigger_target_dag.py
[2024-07-15T15:49:52.628+0000] {logging_mixin.py:188} INFO - [2024-07-15T15:49:52.628+0000] {dag.py:3096} INFO - Sync 1 DAGs
[2024-07-15T15:49:52.651+0000] {logging_mixin.py:188} INFO - [2024-07-15T15:49:52.651+0000] {dag.py:3954} INFO - Setting next_dagrun for example_trigger_target_dag to None, run_after=None
[2024-07-15T15:49:52.681+0000] {processor.py:183} INFO - Processing /home/airflow/.local/lib/python3.11/site-packages/airflow/example_dags/example_trigger_target_dag.py took 0.108 seconds
[2024-07-15T15:49:59.576+0000] {processor.py:161} INFO - Started process (PID=23019) to work on /home/airflow/.local/lib/python3.11/site-packages/airflow/example_dags/example_trigger_target_dag.py
[2024-07-15T15:49:59.578+0000] {processor.py:830} INFO - Processing file /home/airflow/.local/lib/python3.11/site-packages/airflow/example_dags/example_trigger_target_dag.py for tasks to queue
[2024-07-15T15:49:59.581+0000] {logging_mixin.py:188} INFO - [2024-07-15T15:49:59.580+0000] {dagbag.py:545} INFO - Filling up the DagBag from /home/airflow/.local/lib/python3.11/site-packages/airflow/example_dags/example_trigger_target_dag.py
[2024-07-15T15:49:59.590+0000] {processor.py:840} INFO - DAG(s) 'example_trigger_target_dag' retrieved from /home/airflow/.local/lib/python3.11/site-packages/airflow/example_dags/example_trigger_target_dag.py
[2024-07-15T15:49:59.625+0000] {logging_mixin.py:188} INFO - [2024-07-15T15:49:59.624+0000] {dag.py:3096} INFO - Sync 1 DAGs
[2024-07-15T15:49:59.643+0000] {logging_mixin.py:188} INFO - [2024-07-15T15:49:59.643+0000] {dag.py:3954} INFO - Setting next_dagrun for example_trigger_target_dag to None, run_after=None
[2024-07-15T15:49:59.670+0000] {processor.py:183} INFO - Processing /home/airflow/.local/lib/python3.11/site-packages/airflow/example_dags/example_trigger_target_dag.py took 0.106 seconds
[2024-07-15T15:50:05.553+0000] {processor.py:161} INFO - Started process (PID=23072) to work on /home/airflow/.local/lib/python3.11/site-packages/airflow/example_dags/example_trigger_target_dag.py
[2024-07-15T15:50:05.554+0000] {processor.py:830} INFO - Processing file /home/airflow/.local/lib/python3.11/site-packages/airflow/example_dags/example_trigger_target_dag.py for tasks to queue
[2024-07-15T15:50:05.556+0000] {logging_mixin.py:188} INFO - [2024-07-15T15:50:05.556+0000] {dagbag.py:545} INFO - Filling up the DagBag from /home/airflow/.local/lib/python3.11/site-packages/airflow/example_dags/example_trigger_target_dag.py
[2024-07-15T15:50:05.564+0000] {processor.py:840} INFO - DAG(s) 'example_trigger_target_dag' retrieved from /home/airflow/.local/lib/python3.11/site-packages/airflow/example_dags/example_trigger_target_dag.py
[2024-07-15T15:50:05.611+0000] {logging_mixin.py:188} INFO - [2024-07-15T15:50:05.611+0000] {dag.py:3096} INFO - Sync 1 DAGs
[2024-07-15T15:50:05.626+0000] {logging_mixin.py:188} INFO - [2024-07-15T15:50:05.626+0000] {dag.py:3954} INFO - Setting next_dagrun for example_trigger_target_dag to None, run_after=None
[2024-07-15T15:50:05.650+0000] {processor.py:183} INFO - Processing /home/airflow/.local/lib/python3.11/site-packages/airflow/example_dags/example_trigger_target_dag.py took 0.104 seconds
[2024-07-15T15:50:11.240+0000] {processor.py:161} INFO - Started process (PID=23124) to work on /home/airflow/.local/lib/python3.11/site-packages/airflow/example_dags/example_trigger_target_dag.py
[2024-07-15T15:50:11.242+0000] {processor.py:830} INFO - Processing file /home/airflow/.local/lib/python3.11/site-packages/airflow/example_dags/example_trigger_target_dag.py for tasks to queue
[2024-07-15T15:50:11.247+0000] {logging_mixin.py:188} INFO - [2024-07-15T15:50:11.246+0000] {dagbag.py:545} INFO - Filling up the DagBag from /home/airflow/.local/lib/python3.11/site-packages/airflow/example_dags/example_trigger_target_dag.py
[2024-07-15T15:50:11.258+0000] {processor.py:840} INFO - DAG(s) 'example_trigger_target_dag' retrieved from /home/airflow/.local/lib/python3.11/site-packages/airflow/example_dags/example_trigger_target_dag.py
[2024-07-15T15:50:11.283+0000] {logging_mixin.py:188} INFO - [2024-07-15T15:50:11.282+0000] {dag.py:3096} INFO - Sync 1 DAGs
[2024-07-15T15:50:11.301+0000] {logging_mixin.py:188} INFO - [2024-07-15T15:50:11.301+0000] {dag.py:3954} INFO - Setting next_dagrun for example_trigger_target_dag to None, run_after=None
[2024-07-15T15:50:11.351+0000] {processor.py:183} INFO - Processing /home/airflow/.local/lib/python3.11/site-packages/airflow/example_dags/example_trigger_target_dag.py took 0.138 seconds
[2024-07-15T15:50:17.764+0000] {processor.py:161} INFO - Started process (PID=23177) to work on /home/airflow/.local/lib/python3.11/site-packages/airflow/example_dags/example_trigger_target_dag.py
[2024-07-15T15:50:17.765+0000] {processor.py:830} INFO - Processing file /home/airflow/.local/lib/python3.11/site-packages/airflow/example_dags/example_trigger_target_dag.py for tasks to queue
[2024-07-15T15:50:17.768+0000] {logging_mixin.py:188} INFO - [2024-07-15T15:50:17.767+0000] {dagbag.py:545} INFO - Filling up the DagBag from /home/airflow/.local/lib/python3.11/site-packages/airflow/example_dags/example_trigger_target_dag.py
[2024-07-15T15:50:17.775+0000] {processor.py:840} INFO - DAG(s) 'example_trigger_target_dag' retrieved from /home/airflow/.local/lib/python3.11/site-packages/airflow/example_dags/example_trigger_target_dag.py
[2024-07-15T15:50:17.797+0000] {logging_mixin.py:188} INFO - [2024-07-15T15:50:17.797+0000] {dag.py:3096} INFO - Sync 1 DAGs
[2024-07-15T15:50:17.811+0000] {logging_mixin.py:188} INFO - [2024-07-15T15:50:17.811+0000] {dag.py:3954} INFO - Setting next_dagrun for example_trigger_target_dag to None, run_after=None
[2024-07-15T15:50:17.853+0000] {processor.py:183} INFO - Processing /home/airflow/.local/lib/python3.11/site-packages/airflow/example_dags/example_trigger_target_dag.py took 0.095 seconds
[2024-07-15T15:50:22.704+0000] {processor.py:161} INFO - Started process (PID=23237) to work on /home/airflow/.local/lib/python3.11/site-packages/airflow/example_dags/example_trigger_target_dag.py
[2024-07-15T15:50:22.706+0000] {processor.py:830} INFO - Processing file /home/airflow/.local/lib/python3.11/site-packages/airflow/example_dags/example_trigger_target_dag.py for tasks to queue
[2024-07-15T15:50:22.708+0000] {logging_mixin.py:188} INFO - [2024-07-15T15:50:22.708+0000] {dagbag.py:545} INFO - Filling up the DagBag from /home/airflow/.local/lib/python3.11/site-packages/airflow/example_dags/example_trigger_target_dag.py
[2024-07-15T15:50:22.720+0000] {processor.py:840} INFO - DAG(s) 'example_trigger_target_dag' retrieved from /home/airflow/.local/lib/python3.11/site-packages/airflow/example_dags/example_trigger_target_dag.py
[2024-07-15T15:50:22.762+0000] {logging_mixin.py:188} INFO - [2024-07-15T15:50:22.762+0000] {dag.py:3096} INFO - Sync 1 DAGs
[2024-07-15T15:50:22.776+0000] {logging_mixin.py:188} INFO - [2024-07-15T15:50:22.776+0000] {dag.py:3954} INFO - Setting next_dagrun for example_trigger_target_dag to None, run_after=None
[2024-07-15T15:50:22.798+0000] {processor.py:183} INFO - Processing /home/airflow/.local/lib/python3.11/site-packages/airflow/example_dags/example_trigger_target_dag.py took 0.101 seconds
[2024-07-15T15:50:28.506+0000] {processor.py:161} INFO - Started process (PID=23289) to work on /home/airflow/.local/lib/python3.11/site-packages/airflow/example_dags/example_trigger_target_dag.py
[2024-07-15T15:50:28.508+0000] {processor.py:830} INFO - Processing file /home/airflow/.local/lib/python3.11/site-packages/airflow/example_dags/example_trigger_target_dag.py for tasks to queue
[2024-07-15T15:50:28.512+0000] {logging_mixin.py:188} INFO - [2024-07-15T15:50:28.512+0000] {dagbag.py:545} INFO - Filling up the DagBag from /home/airflow/.local/lib/python3.11/site-packages/airflow/example_dags/example_trigger_target_dag.py
[2024-07-15T15:50:28.523+0000] {processor.py:840} INFO - DAG(s) 'example_trigger_target_dag' retrieved from /home/airflow/.local/lib/python3.11/site-packages/airflow/example_dags/example_trigger_target_dag.py
[2024-07-15T15:50:28.547+0000] {logging_mixin.py:188} INFO - [2024-07-15T15:50:28.547+0000] {dag.py:3096} INFO - Sync 1 DAGs
[2024-07-15T15:50:28.561+0000] {logging_mixin.py:188} INFO - [2024-07-15T15:50:28.561+0000] {dag.py:3954} INFO - Setting next_dagrun for example_trigger_target_dag to None, run_after=None
[2024-07-15T15:50:28.603+0000] {processor.py:183} INFO - Processing /home/airflow/.local/lib/python3.11/site-packages/airflow/example_dags/example_trigger_target_dag.py took 0.122 seconds
[2024-07-15T15:50:33.619+0000] {processor.py:161} INFO - Started process (PID=23343) to work on /home/airflow/.local/lib/python3.11/site-packages/airflow/example_dags/example_trigger_target_dag.py
[2024-07-15T15:50:33.621+0000] {processor.py:830} INFO - Processing file /home/airflow/.local/lib/python3.11/site-packages/airflow/example_dags/example_trigger_target_dag.py for tasks to queue
[2024-07-15T15:50:33.625+0000] {logging_mixin.py:188} INFO - [2024-07-15T15:50:33.624+0000] {dagbag.py:545} INFO - Filling up the DagBag from /home/airflow/.local/lib/python3.11/site-packages/airflow/example_dags/example_trigger_target_dag.py
[2024-07-15T15:50:33.635+0000] {processor.py:840} INFO - DAG(s) 'example_trigger_target_dag' retrieved from /home/airflow/.local/lib/python3.11/site-packages/airflow/example_dags/example_trigger_target_dag.py
[2024-07-15T15:50:33.662+0000] {logging_mixin.py:188} INFO - [2024-07-15T15:50:33.661+0000] {dag.py:3096} INFO - Sync 1 DAGs
[2024-07-15T15:50:33.700+0000] {logging_mixin.py:188} INFO - [2024-07-15T15:50:33.700+0000] {dag.py:3954} INFO - Setting next_dagrun for example_trigger_target_dag to None, run_after=None
[2024-07-15T15:50:33.729+0000] {processor.py:183} INFO - Processing /home/airflow/.local/lib/python3.11/site-packages/airflow/example_dags/example_trigger_target_dag.py took 0.128 seconds
[2024-07-15T15:50:39.212+0000] {processor.py:161} INFO - Started process (PID=23395) to work on /home/airflow/.local/lib/python3.11/site-packages/airflow/example_dags/example_trigger_target_dag.py
[2024-07-15T15:50:39.214+0000] {processor.py:830} INFO - Processing file /home/airflow/.local/lib/python3.11/site-packages/airflow/example_dags/example_trigger_target_dag.py for tasks to queue
[2024-07-15T15:50:39.218+0000] {logging_mixin.py:188} INFO - [2024-07-15T15:50:39.217+0000] {dagbag.py:545} INFO - Filling up the DagBag from /home/airflow/.local/lib/python3.11/site-packages/airflow/example_dags/example_trigger_target_dag.py
[2024-07-15T15:50:39.226+0000] {processor.py:840} INFO - DAG(s) 'example_trigger_target_dag' retrieved from /home/airflow/.local/lib/python3.11/site-packages/airflow/example_dags/example_trigger_target_dag.py
[2024-07-15T15:50:39.249+0000] {logging_mixin.py:188} INFO - [2024-07-15T15:50:39.249+0000] {dag.py:3096} INFO - Sync 1 DAGs
[2024-07-15T15:50:39.264+0000] {logging_mixin.py:188} INFO - [2024-07-15T15:50:39.264+0000] {dag.py:3954} INFO - Setting next_dagrun for example_trigger_target_dag to None, run_after=None
[2024-07-15T15:50:39.286+0000] {processor.py:183} INFO - Processing /home/airflow/.local/lib/python3.11/site-packages/airflow/example_dags/example_trigger_target_dag.py took 0.090 seconds
[2024-07-15T15:50:45.315+0000] {processor.py:161} INFO - Started process (PID=23448) to work on /home/airflow/.local/lib/python3.11/site-packages/airflow/example_dags/example_trigger_target_dag.py
[2024-07-15T15:50:45.316+0000] {processor.py:830} INFO - Processing file /home/airflow/.local/lib/python3.11/site-packages/airflow/example_dags/example_trigger_target_dag.py for tasks to queue
[2024-07-15T15:50:45.319+0000] {logging_mixin.py:188} INFO - [2024-07-15T15:50:45.318+0000] {dagbag.py:545} INFO - Filling up the DagBag from /home/airflow/.local/lib/python3.11/site-packages/airflow/example_dags/example_trigger_target_dag.py
[2024-07-15T15:50:45.326+0000] {processor.py:840} INFO - DAG(s) 'example_trigger_target_dag' retrieved from /home/airflow/.local/lib/python3.11/site-packages/airflow/example_dags/example_trigger_target_dag.py
[2024-07-15T15:50:45.372+0000] {logging_mixin.py:188} INFO - [2024-07-15T15:50:45.372+0000] {dag.py:3096} INFO - Sync 1 DAGs
[2024-07-15T15:50:45.387+0000] {logging_mixin.py:188} INFO - [2024-07-15T15:50:45.387+0000] {dag.py:3954} INFO - Setting next_dagrun for example_trigger_target_dag to None, run_after=None
[2024-07-15T15:50:45.409+0000] {processor.py:183} INFO - Processing /home/airflow/.local/lib/python3.11/site-packages/airflow/example_dags/example_trigger_target_dag.py took 0.103 seconds
[2024-07-15T15:50:50.154+0000] {processor.py:161} INFO - Started process (PID=23500) to work on /home/airflow/.local/lib/python3.11/site-packages/airflow/example_dags/example_trigger_target_dag.py
[2024-07-15T15:50:50.156+0000] {processor.py:830} INFO - Processing file /home/airflow/.local/lib/python3.11/site-packages/airflow/example_dags/example_trigger_target_dag.py for tasks to queue
[2024-07-15T15:50:50.158+0000] {logging_mixin.py:188} INFO - [2024-07-15T15:50:50.158+0000] {dagbag.py:545} INFO - Filling up the DagBag from /home/airflow/.local/lib/python3.11/site-packages/airflow/example_dags/example_trigger_target_dag.py
[2024-07-15T15:50:50.165+0000] {processor.py:840} INFO - DAG(s) 'example_trigger_target_dag' retrieved from /home/airflow/.local/lib/python3.11/site-packages/airflow/example_dags/example_trigger_target_dag.py
[2024-07-15T15:50:50.190+0000] {logging_mixin.py:188} INFO - [2024-07-15T15:50:50.190+0000] {dag.py:3096} INFO - Sync 1 DAGs
[2024-07-15T15:50:50.205+0000] {logging_mixin.py:188} INFO - [2024-07-15T15:50:50.204+0000] {dag.py:3954} INFO - Setting next_dagrun for example_trigger_target_dag to None, run_after=None
[2024-07-15T15:50:50.226+0000] {processor.py:183} INFO - Processing /home/airflow/.local/lib/python3.11/site-packages/airflow/example_dags/example_trigger_target_dag.py took 0.079 seconds
[2024-07-15T15:50:55.414+0000] {processor.py:161} INFO - Started process (PID=23560) to work on /home/airflow/.local/lib/python3.11/site-packages/airflow/example_dags/example_trigger_target_dag.py
[2024-07-15T15:50:55.417+0000] {processor.py:830} INFO - Processing file /home/airflow/.local/lib/python3.11/site-packages/airflow/example_dags/example_trigger_target_dag.py for tasks to queue
[2024-07-15T15:50:55.421+0000] {logging_mixin.py:188} INFO - [2024-07-15T15:50:55.420+0000] {dagbag.py:545} INFO - Filling up the DagBag from /home/airflow/.local/lib/python3.11/site-packages/airflow/example_dags/example_trigger_target_dag.py
[2024-07-15T15:50:55.433+0000] {processor.py:840} INFO - DAG(s) 'example_trigger_target_dag' retrieved from /home/airflow/.local/lib/python3.11/site-packages/airflow/example_dags/example_trigger_target_dag.py
[2024-07-15T15:50:55.456+0000] {logging_mixin.py:188} INFO - [2024-07-15T15:50:55.456+0000] {dag.py:3096} INFO - Sync 1 DAGs
[2024-07-15T15:50:55.470+0000] {logging_mixin.py:188} INFO - [2024-07-15T15:50:55.470+0000] {dag.py:3954} INFO - Setting next_dagrun for example_trigger_target_dag to None, run_after=None
[2024-07-15T15:50:55.493+0000] {processor.py:183} INFO - Processing /home/airflow/.local/lib/python3.11/site-packages/airflow/example_dags/example_trigger_target_dag.py took 0.106 seconds
[2024-07-15T15:51:00.924+0000] {processor.py:161} INFO - Started process (PID=23612) to work on /home/airflow/.local/lib/python3.11/site-packages/airflow/example_dags/example_trigger_target_dag.py
[2024-07-15T15:51:00.925+0000] {processor.py:830} INFO - Processing file /home/airflow/.local/lib/python3.11/site-packages/airflow/example_dags/example_trigger_target_dag.py for tasks to queue
[2024-07-15T15:51:00.928+0000] {logging_mixin.py:188} INFO - [2024-07-15T15:51:00.928+0000] {dagbag.py:545} INFO - Filling up the DagBag from /home/airflow/.local/lib/python3.11/site-packages/airflow/example_dags/example_trigger_target_dag.py
[2024-07-15T15:51:00.937+0000] {processor.py:840} INFO - DAG(s) 'example_trigger_target_dag' retrieved from /home/airflow/.local/lib/python3.11/site-packages/airflow/example_dags/example_trigger_target_dag.py
[2024-07-15T15:51:00.965+0000] {logging_mixin.py:188} INFO - [2024-07-15T15:51:00.965+0000] {dag.py:3096} INFO - Sync 1 DAGs
[2024-07-15T15:51:00.982+0000] {logging_mixin.py:188} INFO - [2024-07-15T15:51:00.981+0000] {dag.py:3954} INFO - Setting next_dagrun for example_trigger_target_dag to None, run_after=None
[2024-07-15T15:51:01.006+0000] {processor.py:183} INFO - Processing /home/airflow/.local/lib/python3.11/site-packages/airflow/example_dags/example_trigger_target_dag.py took 0.091 seconds
[2024-07-15T15:51:05.728+0000] {processor.py:161} INFO - Started process (PID=23665) to work on /home/airflow/.local/lib/python3.11/site-packages/airflow/example_dags/example_trigger_target_dag.py
[2024-07-15T15:51:05.730+0000] {processor.py:830} INFO - Processing file /home/airflow/.local/lib/python3.11/site-packages/airflow/example_dags/example_trigger_target_dag.py for tasks to queue
[2024-07-15T15:51:05.733+0000] {logging_mixin.py:188} INFO - [2024-07-15T15:51:05.733+0000] {dagbag.py:545} INFO - Filling up the DagBag from /home/airflow/.local/lib/python3.11/site-packages/airflow/example_dags/example_trigger_target_dag.py
[2024-07-15T15:51:05.741+0000] {processor.py:840} INFO - DAG(s) 'example_trigger_target_dag' retrieved from /home/airflow/.local/lib/python3.11/site-packages/airflow/example_dags/example_trigger_target_dag.py
[2024-07-15T15:51:05.766+0000] {logging_mixin.py:188} INFO - [2024-07-15T15:51:05.766+0000] {dag.py:3096} INFO - Sync 1 DAGs
[2024-07-15T15:51:05.783+0000] {logging_mixin.py:188} INFO - [2024-07-15T15:51:05.783+0000] {dag.py:3954} INFO - Setting next_dagrun for example_trigger_target_dag to None, run_after=None
[2024-07-15T15:51:05.805+0000] {processor.py:183} INFO - Processing /home/airflow/.local/lib/python3.11/site-packages/airflow/example_dags/example_trigger_target_dag.py took 0.085 seconds
[2024-07-15T15:51:11.119+0000] {processor.py:161} INFO - Started process (PID=23717) to work on /home/airflow/.local/lib/python3.11/site-packages/airflow/example_dags/example_trigger_target_dag.py
[2024-07-15T15:51:11.122+0000] {processor.py:830} INFO - Processing file /home/airflow/.local/lib/python3.11/site-packages/airflow/example_dags/example_trigger_target_dag.py for tasks to queue
[2024-07-15T15:51:11.126+0000] {logging_mixin.py:188} INFO - [2024-07-15T15:51:11.125+0000] {dagbag.py:545} INFO - Filling up the DagBag from /home/airflow/.local/lib/python3.11/site-packages/airflow/example_dags/example_trigger_target_dag.py
[2024-07-15T15:51:11.138+0000] {processor.py:840} INFO - DAG(s) 'example_trigger_target_dag' retrieved from /home/airflow/.local/lib/python3.11/site-packages/airflow/example_dags/example_trigger_target_dag.py
[2024-07-15T15:51:11.205+0000] {logging_mixin.py:188} INFO - [2024-07-15T15:51:11.205+0000] {dag.py:3096} INFO - Sync 1 DAGs
[2024-07-15T15:51:11.238+0000] {logging_mixin.py:188} INFO - [2024-07-15T15:51:11.237+0000] {dag.py:3954} INFO - Setting next_dagrun for example_trigger_target_dag to None, run_after=None
[2024-07-15T15:51:11.273+0000] {processor.py:183} INFO - Processing /home/airflow/.local/lib/python3.11/site-packages/airflow/example_dags/example_trigger_target_dag.py took 0.166 seconds
[2024-07-15T15:51:15.712+0000] {processor.py:161} INFO - Started process (PID=23770) to work on /home/airflow/.local/lib/python3.11/site-packages/airflow/example_dags/example_trigger_target_dag.py
[2024-07-15T15:51:15.713+0000] {processor.py:830} INFO - Processing file /home/airflow/.local/lib/python3.11/site-packages/airflow/example_dags/example_trigger_target_dag.py for tasks to queue
[2024-07-15T15:51:15.715+0000] {logging_mixin.py:188} INFO - [2024-07-15T15:51:15.715+0000] {dagbag.py:545} INFO - Filling up the DagBag from /home/airflow/.local/lib/python3.11/site-packages/airflow/example_dags/example_trigger_target_dag.py
[2024-07-15T15:51:15.723+0000] {processor.py:840} INFO - DAG(s) 'example_trigger_target_dag' retrieved from /home/airflow/.local/lib/python3.11/site-packages/airflow/example_dags/example_trigger_target_dag.py
[2024-07-15T15:51:15.748+0000] {logging_mixin.py:188} INFO - [2024-07-15T15:51:15.748+0000] {dag.py:3096} INFO - Sync 1 DAGs
[2024-07-15T15:51:15.764+0000] {logging_mixin.py:188} INFO - [2024-07-15T15:51:15.764+0000] {dag.py:3954} INFO - Setting next_dagrun for example_trigger_target_dag to None, run_after=None
[2024-07-15T15:51:15.788+0000] {processor.py:183} INFO - Processing /home/airflow/.local/lib/python3.11/site-packages/airflow/example_dags/example_trigger_target_dag.py took 0.085 seconds
[2024-07-15T15:51:20.947+0000] {processor.py:161} INFO - Started process (PID=23822) to work on /home/airflow/.local/lib/python3.11/site-packages/airflow/example_dags/example_trigger_target_dag.py
[2024-07-15T15:51:20.948+0000] {processor.py:830} INFO - Processing file /home/airflow/.local/lib/python3.11/site-packages/airflow/example_dags/example_trigger_target_dag.py for tasks to queue
[2024-07-15T15:51:20.951+0000] {logging_mixin.py:188} INFO - [2024-07-15T15:51:20.951+0000] {dagbag.py:545} INFO - Filling up the DagBag from /home/airflow/.local/lib/python3.11/site-packages/airflow/example_dags/example_trigger_target_dag.py
[2024-07-15T15:51:20.958+0000] {processor.py:840} INFO - DAG(s) 'example_trigger_target_dag' retrieved from /home/airflow/.local/lib/python3.11/site-packages/airflow/example_dags/example_trigger_target_dag.py
[2024-07-15T15:51:20.981+0000] {logging_mixin.py:188} INFO - [2024-07-15T15:51:20.981+0000] {dag.py:3096} INFO - Sync 1 DAGs
[2024-07-15T15:51:21.021+0000] {logging_mixin.py:188} INFO - [2024-07-15T15:51:21.021+0000] {dag.py:3954} INFO - Setting next_dagrun for example_trigger_target_dag to None, run_after=None
[2024-07-15T15:51:21.070+0000] {processor.py:183} INFO - Processing /home/airflow/.local/lib/python3.11/site-packages/airflow/example_dags/example_trigger_target_dag.py took 0.132 seconds
