[2024-07-15T15:49:08.910+0000] {processor.py:161} INFO - Started process (PID=22644) to work on /home/airflow/.local/lib/python3.11/site-packages/airflow/example_dags/example_sensor_decorator.py
[2024-07-15T15:49:08.912+0000] {processor.py:830} INFO - Processing file /home/airflow/.local/lib/python3.11/site-packages/airflow/example_dags/example_sensor_decorator.py for tasks to queue
[2024-07-15T15:49:08.927+0000] {logging_mixin.py:188} INFO - [2024-07-15T15:49:08.927+0000] {dagbag.py:545} INFO - Filling up the DagBag from /home/airflow/.local/lib/python3.11/site-packages/airflow/example_dags/example_sensor_decorator.py
[2024-07-15T15:49:08.958+0000] {processor.py:840} INFO - DAG(s) 'example_sensor_decorator' retrieved from /home/airflow/.local/lib/python3.11/site-packages/airflow/example_dags/example_sensor_decorator.py
[2024-07-15T15:49:09.036+0000] {logging_mixin.py:188} INFO - [2024-07-15T15:49:09.036+0000] {dag.py:3096} INFO - Sync 1 DAGs
[2024-07-15T15:49:09.072+0000] {logging_mixin.py:188} INFO - [2024-07-15T15:49:09.072+0000] {dag.py:3954} INFO - Setting next_dagrun for example_sensor_decorator to None, run_after=None
[2024-07-15T15:49:09.123+0000] {processor.py:183} INFO - Processing /home/airflow/.local/lib/python3.11/site-packages/airflow/example_dags/example_sensor_decorator.py took 0.246 seconds
[2024-07-15T15:49:16.102+0000] {processor.py:161} INFO - Started process (PID=22696) to work on /home/airflow/.local/lib/python3.11/site-packages/airflow/example_dags/example_sensor_decorator.py
[2024-07-15T15:49:16.104+0000] {processor.py:830} INFO - Processing file /home/airflow/.local/lib/python3.11/site-packages/airflow/example_dags/example_sensor_decorator.py for tasks to queue
[2024-07-15T15:49:16.108+0000] {logging_mixin.py:188} INFO - [2024-07-15T15:49:16.107+0000] {dagbag.py:545} INFO - Filling up the DagBag from /home/airflow/.local/lib/python3.11/site-packages/airflow/example_dags/example_sensor_decorator.py
[2024-07-15T15:49:16.121+0000] {processor.py:840} INFO - DAG(s) 'example_sensor_decorator' retrieved from /home/airflow/.local/lib/python3.11/site-packages/airflow/example_dags/example_sensor_decorator.py
[2024-07-15T15:49:16.162+0000] {logging_mixin.py:188} INFO - [2024-07-15T15:49:16.162+0000] {dag.py:3096} INFO - Sync 1 DAGs
[2024-07-15T15:49:16.192+0000] {logging_mixin.py:188} INFO - [2024-07-15T15:49:16.191+0000] {dag.py:3954} INFO - Setting next_dagrun for example_sensor_decorator to None, run_after=None
[2024-07-15T15:49:16.231+0000] {processor.py:183} INFO - Processing /home/airflow/.local/lib/python3.11/site-packages/airflow/example_dags/example_sensor_decorator.py took 0.141 seconds
[2024-07-15T15:49:24.480+0000] {processor.py:161} INFO - Started process (PID=22755) to work on /home/airflow/.local/lib/python3.11/site-packages/airflow/example_dags/example_sensor_decorator.py
[2024-07-15T15:49:24.483+0000] {processor.py:830} INFO - Processing file /home/airflow/.local/lib/python3.11/site-packages/airflow/example_dags/example_sensor_decorator.py for tasks to queue
[2024-07-15T15:49:24.486+0000] {logging_mixin.py:188} INFO - [2024-07-15T15:49:24.485+0000] {dagbag.py:545} INFO - Filling up the DagBag from /home/airflow/.local/lib/python3.11/site-packages/airflow/example_dags/example_sensor_decorator.py
[2024-07-15T15:49:24.506+0000] {processor.py:840} INFO - DAG(s) 'example_sensor_decorator' retrieved from /home/airflow/.local/lib/python3.11/site-packages/airflow/example_dags/example_sensor_decorator.py
[2024-07-15T15:49:24.554+0000] {logging_mixin.py:188} INFO - [2024-07-15T15:49:24.553+0000] {dag.py:3096} INFO - Sync 1 DAGs
[2024-07-15T15:49:24.596+0000] {logging_mixin.py:188} INFO - [2024-07-15T15:49:24.595+0000] {dag.py:3954} INFO - Setting next_dagrun for example_sensor_decorator to None, run_after=None
[2024-07-15T15:49:24.640+0000] {processor.py:183} INFO - Processing /home/airflow/.local/lib/python3.11/site-packages/airflow/example_dags/example_sensor_decorator.py took 0.175 seconds
[2024-07-15T15:49:31.869+0000] {processor.py:161} INFO - Started process (PID=22807) to work on /home/airflow/.local/lib/python3.11/site-packages/airflow/example_dags/example_sensor_decorator.py
[2024-07-15T15:49:31.871+0000] {processor.py:830} INFO - Processing file /home/airflow/.local/lib/python3.11/site-packages/airflow/example_dags/example_sensor_decorator.py for tasks to queue
[2024-07-15T15:49:31.875+0000] {logging_mixin.py:188} INFO - [2024-07-15T15:49:31.874+0000] {dagbag.py:545} INFO - Filling up the DagBag from /home/airflow/.local/lib/python3.11/site-packages/airflow/example_dags/example_sensor_decorator.py
[2024-07-15T15:49:31.891+0000] {processor.py:840} INFO - DAG(s) 'example_sensor_decorator' retrieved from /home/airflow/.local/lib/python3.11/site-packages/airflow/example_dags/example_sensor_decorator.py
[2024-07-15T15:49:31.942+0000] {logging_mixin.py:188} INFO - [2024-07-15T15:49:31.942+0000] {dag.py:3096} INFO - Sync 1 DAGs
[2024-07-15T15:49:31.985+0000] {logging_mixin.py:188} INFO - [2024-07-15T15:49:31.984+0000] {dag.py:3954} INFO - Setting next_dagrun for example_sensor_decorator to None, run_after=None
[2024-07-15T15:49:32.035+0000] {processor.py:183} INFO - Processing /home/airflow/.local/lib/python3.11/site-packages/airflow/example_dags/example_sensor_decorator.py took 0.186 seconds
[2024-07-15T15:49:40.164+0000] {processor.py:161} INFO - Started process (PID=22860) to work on /home/airflow/.local/lib/python3.11/site-packages/airflow/example_dags/example_sensor_decorator.py
[2024-07-15T15:49:40.165+0000] {processor.py:830} INFO - Processing file /home/airflow/.local/lib/python3.11/site-packages/airflow/example_dags/example_sensor_decorator.py for tasks to queue
[2024-07-15T15:49:40.168+0000] {logging_mixin.py:188} INFO - [2024-07-15T15:49:40.167+0000] {dagbag.py:545} INFO - Filling up the DagBag from /home/airflow/.local/lib/python3.11/site-packages/airflow/example_dags/example_sensor_decorator.py
[2024-07-15T15:49:40.177+0000] {processor.py:840} INFO - DAG(s) 'example_sensor_decorator' retrieved from /home/airflow/.local/lib/python3.11/site-packages/airflow/example_dags/example_sensor_decorator.py
[2024-07-15T15:49:40.204+0000] {logging_mixin.py:188} INFO - [2024-07-15T15:49:40.204+0000] {dag.py:3096} INFO - Sync 1 DAGs
[2024-07-15T15:49:40.223+0000] {logging_mixin.py:188} INFO - [2024-07-15T15:49:40.223+0000] {dag.py:3954} INFO - Setting next_dagrun for example_sensor_decorator to None, run_after=None
[2024-07-15T15:49:40.252+0000] {processor.py:183} INFO - Processing /home/airflow/.local/lib/python3.11/site-packages/airflow/example_dags/example_sensor_decorator.py took 0.098 seconds
[2024-07-15T15:49:46.563+0000] {processor.py:161} INFO - Started process (PID=22912) to work on /home/airflow/.local/lib/python3.11/site-packages/airflow/example_dags/example_sensor_decorator.py
[2024-07-15T15:49:46.564+0000] {processor.py:830} INFO - Processing file /home/airflow/.local/lib/python3.11/site-packages/airflow/example_dags/example_sensor_decorator.py for tasks to queue
[2024-07-15T15:49:46.567+0000] {logging_mixin.py:188} INFO - [2024-07-15T15:49:46.567+0000] {dagbag.py:545} INFO - Filling up the DagBag from /home/airflow/.local/lib/python3.11/site-packages/airflow/example_dags/example_sensor_decorator.py
[2024-07-15T15:49:46.580+0000] {processor.py:840} INFO - DAG(s) 'example_sensor_decorator' retrieved from /home/airflow/.local/lib/python3.11/site-packages/airflow/example_dags/example_sensor_decorator.py
[2024-07-15T15:49:46.618+0000] {logging_mixin.py:188} INFO - [2024-07-15T15:49:46.617+0000] {dag.py:3096} INFO - Sync 1 DAGs
[2024-07-15T15:49:46.643+0000] {logging_mixin.py:188} INFO - [2024-07-15T15:49:46.642+0000] {dag.py:3954} INFO - Setting next_dagrun for example_sensor_decorator to None, run_after=None
[2024-07-15T15:49:46.675+0000] {processor.py:183} INFO - Processing /home/airflow/.local/lib/python3.11/site-packages/airflow/example_dags/example_sensor_decorator.py took 0.126 seconds
[2024-07-15T15:49:53.103+0000] {processor.py:161} INFO - Started process (PID=22972) to work on /home/airflow/.local/lib/python3.11/site-packages/airflow/example_dags/example_sensor_decorator.py
[2024-07-15T15:49:53.105+0000] {processor.py:830} INFO - Processing file /home/airflow/.local/lib/python3.11/site-packages/airflow/example_dags/example_sensor_decorator.py for tasks to queue
[2024-07-15T15:49:53.108+0000] {logging_mixin.py:188} INFO - [2024-07-15T15:49:53.108+0000] {dagbag.py:545} INFO - Filling up the DagBag from /home/airflow/.local/lib/python3.11/site-packages/airflow/example_dags/example_sensor_decorator.py
[2024-07-15T15:49:53.120+0000] {processor.py:840} INFO - DAG(s) 'example_sensor_decorator' retrieved from /home/airflow/.local/lib/python3.11/site-packages/airflow/example_dags/example_sensor_decorator.py
[2024-07-15T15:49:53.148+0000] {logging_mixin.py:188} INFO - [2024-07-15T15:49:53.148+0000] {dag.py:3096} INFO - Sync 1 DAGs
[2024-07-15T15:49:53.168+0000] {logging_mixin.py:188} INFO - [2024-07-15T15:49:53.168+0000] {dag.py:3954} INFO - Setting next_dagrun for example_sensor_decorator to None, run_after=None
[2024-07-15T15:49:53.199+0000] {processor.py:183} INFO - Processing /home/airflow/.local/lib/python3.11/site-packages/airflow/example_dags/example_sensor_decorator.py took 0.106 seconds
[2024-07-15T15:50:00.047+0000] {processor.py:161} INFO - Started process (PID=23024) to work on /home/airflow/.local/lib/python3.11/site-packages/airflow/example_dags/example_sensor_decorator.py
[2024-07-15T15:50:00.049+0000] {processor.py:830} INFO - Processing file /home/airflow/.local/lib/python3.11/site-packages/airflow/example_dags/example_sensor_decorator.py for tasks to queue
[2024-07-15T15:50:00.052+0000] {logging_mixin.py:188} INFO - [2024-07-15T15:50:00.052+0000] {dagbag.py:545} INFO - Filling up the DagBag from /home/airflow/.local/lib/python3.11/site-packages/airflow/example_dags/example_sensor_decorator.py
[2024-07-15T15:50:00.062+0000] {processor.py:840} INFO - DAG(s) 'example_sensor_decorator' retrieved from /home/airflow/.local/lib/python3.11/site-packages/airflow/example_dags/example_sensor_decorator.py
[2024-07-15T15:50:00.094+0000] {logging_mixin.py:188} INFO - [2024-07-15T15:50:00.093+0000] {dag.py:3096} INFO - Sync 1 DAGs
[2024-07-15T15:50:00.113+0000] {logging_mixin.py:188} INFO - [2024-07-15T15:50:00.113+0000] {dag.py:3954} INFO - Setting next_dagrun for example_sensor_decorator to None, run_after=None
[2024-07-15T15:50:00.140+0000] {processor.py:183} INFO - Processing /home/airflow/.local/lib/python3.11/site-packages/airflow/example_dags/example_sensor_decorator.py took 0.104 seconds
[2024-07-15T15:50:06.292+0000] {processor.py:161} INFO - Started process (PID=23077) to work on /home/airflow/.local/lib/python3.11/site-packages/airflow/example_dags/example_sensor_decorator.py
[2024-07-15T15:50:06.294+0000] {processor.py:830} INFO - Processing file /home/airflow/.local/lib/python3.11/site-packages/airflow/example_dags/example_sensor_decorator.py for tasks to queue
[2024-07-15T15:50:06.296+0000] {logging_mixin.py:188} INFO - [2024-07-15T15:50:06.296+0000] {dagbag.py:545} INFO - Filling up the DagBag from /home/airflow/.local/lib/python3.11/site-packages/airflow/example_dags/example_sensor_decorator.py
[2024-07-15T15:50:06.304+0000] {processor.py:840} INFO - DAG(s) 'example_sensor_decorator' retrieved from /home/airflow/.local/lib/python3.11/site-packages/airflow/example_dags/example_sensor_decorator.py
[2024-07-15T15:50:06.347+0000] {logging_mixin.py:188} INFO - [2024-07-15T15:50:06.347+0000] {dag.py:3096} INFO - Sync 1 DAGs
[2024-07-15T15:50:06.365+0000] {logging_mixin.py:188} INFO - [2024-07-15T15:50:06.365+0000] {dag.py:3954} INFO - Setting next_dagrun for example_sensor_decorator to None, run_after=None
[2024-07-15T15:50:06.387+0000] {processor.py:183} INFO - Processing /home/airflow/.local/lib/python3.11/site-packages/airflow/example_dags/example_sensor_decorator.py took 0.102 seconds
[2024-07-15T15:50:11.854+0000] {processor.py:161} INFO - Started process (PID=23129) to work on /home/airflow/.local/lib/python3.11/site-packages/airflow/example_dags/example_sensor_decorator.py
[2024-07-15T15:50:11.856+0000] {processor.py:830} INFO - Processing file /home/airflow/.local/lib/python3.11/site-packages/airflow/example_dags/example_sensor_decorator.py for tasks to queue
[2024-07-15T15:50:11.858+0000] {logging_mixin.py:188} INFO - [2024-07-15T15:50:11.858+0000] {dagbag.py:545} INFO - Filling up the DagBag from /home/airflow/.local/lib/python3.11/site-packages/airflow/example_dags/example_sensor_decorator.py
[2024-07-15T15:50:11.866+0000] {processor.py:840} INFO - DAG(s) 'example_sensor_decorator' retrieved from /home/airflow/.local/lib/python3.11/site-packages/airflow/example_dags/example_sensor_decorator.py
[2024-07-15T15:50:11.890+0000] {logging_mixin.py:188} INFO - [2024-07-15T15:50:11.890+0000] {dag.py:3096} INFO - Sync 1 DAGs
[2024-07-15T15:50:11.926+0000] {logging_mixin.py:188} INFO - [2024-07-15T15:50:11.926+0000] {dag.py:3954} INFO - Setting next_dagrun for example_sensor_decorator to None, run_after=None
[2024-07-15T15:50:11.952+0000] {processor.py:183} INFO - Processing /home/airflow/.local/lib/python3.11/site-packages/airflow/example_dags/example_sensor_decorator.py took 0.104 seconds
[2024-07-15T15:50:18.198+0000] {processor.py:161} INFO - Started process (PID=23182) to work on /home/airflow/.local/lib/python3.11/site-packages/airflow/example_dags/example_sensor_decorator.py
[2024-07-15T15:50:18.200+0000] {processor.py:830} INFO - Processing file /home/airflow/.local/lib/python3.11/site-packages/airflow/example_dags/example_sensor_decorator.py for tasks to queue
[2024-07-15T15:50:18.203+0000] {logging_mixin.py:188} INFO - [2024-07-15T15:50:18.202+0000] {dagbag.py:545} INFO - Filling up the DagBag from /home/airflow/.local/lib/python3.11/site-packages/airflow/example_dags/example_sensor_decorator.py
[2024-07-15T15:50:18.211+0000] {processor.py:840} INFO - DAG(s) 'example_sensor_decorator' retrieved from /home/airflow/.local/lib/python3.11/site-packages/airflow/example_dags/example_sensor_decorator.py
[2024-07-15T15:50:18.234+0000] {logging_mixin.py:188} INFO - [2024-07-15T15:50:18.234+0000] {dag.py:3096} INFO - Sync 1 DAGs
[2024-07-15T15:50:18.272+0000] {logging_mixin.py:188} INFO - [2024-07-15T15:50:18.271+0000] {dag.py:3954} INFO - Setting next_dagrun for example_sensor_decorator to None, run_after=None
[2024-07-15T15:50:18.300+0000] {processor.py:183} INFO - Processing /home/airflow/.local/lib/python3.11/site-packages/airflow/example_dags/example_sensor_decorator.py took 0.120 seconds
[2024-07-15T15:50:23.176+0000] {processor.py:161} INFO - Started process (PID=23242) to work on /home/airflow/.local/lib/python3.11/site-packages/airflow/example_dags/example_sensor_decorator.py
[2024-07-15T15:50:23.177+0000] {processor.py:830} INFO - Processing file /home/airflow/.local/lib/python3.11/site-packages/airflow/example_dags/example_sensor_decorator.py for tasks to queue
[2024-07-15T15:50:23.180+0000] {logging_mixin.py:188} INFO - [2024-07-15T15:50:23.180+0000] {dagbag.py:545} INFO - Filling up the DagBag from /home/airflow/.local/lib/python3.11/site-packages/airflow/example_dags/example_sensor_decorator.py
[2024-07-15T15:50:23.189+0000] {processor.py:840} INFO - DAG(s) 'example_sensor_decorator' retrieved from /home/airflow/.local/lib/python3.11/site-packages/airflow/example_dags/example_sensor_decorator.py
[2024-07-15T15:50:23.212+0000] {logging_mixin.py:188} INFO - [2024-07-15T15:50:23.211+0000] {dag.py:3096} INFO - Sync 1 DAGs
[2024-07-15T15:50:23.226+0000] {logging_mixin.py:188} INFO - [2024-07-15T15:50:23.226+0000] {dag.py:3954} INFO - Setting next_dagrun for example_sensor_decorator to None, run_after=None
[2024-07-15T15:50:23.247+0000] {processor.py:183} INFO - Processing /home/airflow/.local/lib/python3.11/site-packages/airflow/example_dags/example_sensor_decorator.py took 0.082 seconds
[2024-07-15T15:50:29.035+0000] {processor.py:161} INFO - Started process (PID=23294) to work on /home/airflow/.local/lib/python3.11/site-packages/airflow/example_dags/example_sensor_decorator.py
[2024-07-15T15:50:29.037+0000] {processor.py:830} INFO - Processing file /home/airflow/.local/lib/python3.11/site-packages/airflow/example_dags/example_sensor_decorator.py for tasks to queue
[2024-07-15T15:50:29.040+0000] {logging_mixin.py:188} INFO - [2024-07-15T15:50:29.040+0000] {dagbag.py:545} INFO - Filling up the DagBag from /home/airflow/.local/lib/python3.11/site-packages/airflow/example_dags/example_sensor_decorator.py
[2024-07-15T15:50:29.051+0000] {processor.py:840} INFO - DAG(s) 'example_sensor_decorator' retrieved from /home/airflow/.local/lib/python3.11/site-packages/airflow/example_dags/example_sensor_decorator.py
[2024-07-15T15:50:29.073+0000] {logging_mixin.py:188} INFO - [2024-07-15T15:50:29.073+0000] {dag.py:3096} INFO - Sync 1 DAGs
[2024-07-15T15:50:29.087+0000] {logging_mixin.py:188} INFO - [2024-07-15T15:50:29.087+0000] {dag.py:3954} INFO - Setting next_dagrun for example_sensor_decorator to None, run_after=None
[2024-07-15T15:50:29.108+0000] {processor.py:183} INFO - Processing /home/airflow/.local/lib/python3.11/site-packages/airflow/example_dags/example_sensor_decorator.py took 0.100 seconds
[2024-07-15T15:50:34.171+0000] {processor.py:161} INFO - Started process (PID=23348) to work on /home/airflow/.local/lib/python3.11/site-packages/airflow/example_dags/example_sensor_decorator.py
[2024-07-15T15:50:34.173+0000] {processor.py:830} INFO - Processing file /home/airflow/.local/lib/python3.11/site-packages/airflow/example_dags/example_sensor_decorator.py for tasks to queue
[2024-07-15T15:50:34.177+0000] {logging_mixin.py:188} INFO - [2024-07-15T15:50:34.176+0000] {dagbag.py:545} INFO - Filling up the DagBag from /home/airflow/.local/lib/python3.11/site-packages/airflow/example_dags/example_sensor_decorator.py
[2024-07-15T15:50:34.187+0000] {processor.py:840} INFO - DAG(s) 'example_sensor_decorator' retrieved from /home/airflow/.local/lib/python3.11/site-packages/airflow/example_dags/example_sensor_decorator.py
[2024-07-15T15:50:34.210+0000] {logging_mixin.py:188} INFO - [2024-07-15T15:50:34.210+0000] {dag.py:3096} INFO - Sync 1 DAGs
[2024-07-15T15:50:34.225+0000] {logging_mixin.py:188} INFO - [2024-07-15T15:50:34.225+0000] {dag.py:3954} INFO - Setting next_dagrun for example_sensor_decorator to None, run_after=None
[2024-07-15T15:50:34.248+0000] {processor.py:183} INFO - Processing /home/airflow/.local/lib/python3.11/site-packages/airflow/example_dags/example_sensor_decorator.py took 0.104 seconds
[2024-07-15T15:50:39.736+0000] {processor.py:161} INFO - Started process (PID=23400) to work on /home/airflow/.local/lib/python3.11/site-packages/airflow/example_dags/example_sensor_decorator.py
[2024-07-15T15:50:39.738+0000] {processor.py:830} INFO - Processing file /home/airflow/.local/lib/python3.11/site-packages/airflow/example_dags/example_sensor_decorator.py for tasks to queue
[2024-07-15T15:50:39.740+0000] {logging_mixin.py:188} INFO - [2024-07-15T15:50:39.740+0000] {dagbag.py:545} INFO - Filling up the DagBag from /home/airflow/.local/lib/python3.11/site-packages/airflow/example_dags/example_sensor_decorator.py
[2024-07-15T15:50:39.751+0000] {processor.py:840} INFO - DAG(s) 'example_sensor_decorator' retrieved from /home/airflow/.local/lib/python3.11/site-packages/airflow/example_dags/example_sensor_decorator.py
[2024-07-15T15:50:39.780+0000] {logging_mixin.py:188} INFO - [2024-07-15T15:50:39.779+0000] {dag.py:3096} INFO - Sync 1 DAGs
[2024-07-15T15:50:39.820+0000] {logging_mixin.py:188} INFO - [2024-07-15T15:50:39.819+0000] {dag.py:3954} INFO - Setting next_dagrun for example_sensor_decorator to None, run_after=None
[2024-07-15T15:50:39.846+0000] {processor.py:183} INFO - Processing /home/airflow/.local/lib/python3.11/site-packages/airflow/example_dags/example_sensor_decorator.py took 0.123 seconds
[2024-07-15T15:50:45.740+0000] {processor.py:161} INFO - Started process (PID=23453) to work on /home/airflow/.local/lib/python3.11/site-packages/airflow/example_dags/example_sensor_decorator.py
[2024-07-15T15:50:45.741+0000] {processor.py:830} INFO - Processing file /home/airflow/.local/lib/python3.11/site-packages/airflow/example_dags/example_sensor_decorator.py for tasks to queue
[2024-07-15T15:50:45.744+0000] {logging_mixin.py:188} INFO - [2024-07-15T15:50:45.743+0000] {dagbag.py:545} INFO - Filling up the DagBag from /home/airflow/.local/lib/python3.11/site-packages/airflow/example_dags/example_sensor_decorator.py
[2024-07-15T15:50:45.752+0000] {processor.py:840} INFO - DAG(s) 'example_sensor_decorator' retrieved from /home/airflow/.local/lib/python3.11/site-packages/airflow/example_dags/example_sensor_decorator.py
[2024-07-15T15:50:45.798+0000] {logging_mixin.py:188} INFO - [2024-07-15T15:50:45.798+0000] {dag.py:3096} INFO - Sync 1 DAGs
[2024-07-15T15:50:45.814+0000] {logging_mixin.py:188} INFO - [2024-07-15T15:50:45.814+0000] {dag.py:3954} INFO - Setting next_dagrun for example_sensor_decorator to None, run_after=None
[2024-07-15T15:50:45.838+0000] {processor.py:183} INFO - Processing /home/airflow/.local/lib/python3.11/site-packages/airflow/example_dags/example_sensor_decorator.py took 0.105 seconds
[2024-07-15T15:50:50.597+0000] {processor.py:161} INFO - Started process (PID=23505) to work on /home/airflow/.local/lib/python3.11/site-packages/airflow/example_dags/example_sensor_decorator.py
[2024-07-15T15:50:50.599+0000] {processor.py:830} INFO - Processing file /home/airflow/.local/lib/python3.11/site-packages/airflow/example_dags/example_sensor_decorator.py for tasks to queue
[2024-07-15T15:50:50.601+0000] {logging_mixin.py:188} INFO - [2024-07-15T15:50:50.601+0000] {dagbag.py:545} INFO - Filling up the DagBag from /home/airflow/.local/lib/python3.11/site-packages/airflow/example_dags/example_sensor_decorator.py
[2024-07-15T15:50:50.609+0000] {processor.py:840} INFO - DAG(s) 'example_sensor_decorator' retrieved from /home/airflow/.local/lib/python3.11/site-packages/airflow/example_dags/example_sensor_decorator.py
[2024-07-15T15:50:50.633+0000] {logging_mixin.py:188} INFO - [2024-07-15T15:50:50.633+0000] {dag.py:3096} INFO - Sync 1 DAGs
[2024-07-15T15:50:50.648+0000] {logging_mixin.py:188} INFO - [2024-07-15T15:50:50.648+0000] {dag.py:3954} INFO - Setting next_dagrun for example_sensor_decorator to None, run_after=None
[2024-07-15T15:50:50.670+0000] {processor.py:183} INFO - Processing /home/airflow/.local/lib/python3.11/site-packages/airflow/example_dags/example_sensor_decorator.py took 0.080 seconds
[2024-07-15T15:50:56.145+0000] {processor.py:161} INFO - Started process (PID=23565) to work on /home/airflow/.local/lib/python3.11/site-packages/airflow/example_dags/example_sensor_decorator.py
[2024-07-15T15:50:56.146+0000] {processor.py:830} INFO - Processing file /home/airflow/.local/lib/python3.11/site-packages/airflow/example_dags/example_sensor_decorator.py for tasks to queue
[2024-07-15T15:50:56.151+0000] {logging_mixin.py:188} INFO - [2024-07-15T15:50:56.148+0000] {dagbag.py:545} INFO - Filling up the DagBag from /home/airflow/.local/lib/python3.11/site-packages/airflow/example_dags/example_sensor_decorator.py
[2024-07-15T15:50:56.178+0000] {processor.py:840} INFO - DAG(s) 'example_sensor_decorator' retrieved from /home/airflow/.local/lib/python3.11/site-packages/airflow/example_dags/example_sensor_decorator.py
[2024-07-15T15:50:56.205+0000] {logging_mixin.py:188} INFO - [2024-07-15T15:50:56.205+0000] {dag.py:3096} INFO - Sync 1 DAGs
[2024-07-15T15:50:56.242+0000] {logging_mixin.py:188} INFO - [2024-07-15T15:50:56.241+0000] {dag.py:3954} INFO - Setting next_dagrun for example_sensor_decorator to None, run_after=None
[2024-07-15T15:50:56.264+0000] {processor.py:183} INFO - Processing /home/airflow/.local/lib/python3.11/site-packages/airflow/example_dags/example_sensor_decorator.py took 0.127 seconds
[2024-07-15T15:51:01.329+0000] {processor.py:161} INFO - Started process (PID=23617) to work on /home/airflow/.local/lib/python3.11/site-packages/airflow/example_dags/example_sensor_decorator.py
[2024-07-15T15:51:01.330+0000] {processor.py:830} INFO - Processing file /home/airflow/.local/lib/python3.11/site-packages/airflow/example_dags/example_sensor_decorator.py for tasks to queue
[2024-07-15T15:51:01.333+0000] {logging_mixin.py:188} INFO - [2024-07-15T15:51:01.332+0000] {dagbag.py:545} INFO - Filling up the DagBag from /home/airflow/.local/lib/python3.11/site-packages/airflow/example_dags/example_sensor_decorator.py
[2024-07-15T15:51:01.341+0000] {processor.py:840} INFO - DAG(s) 'example_sensor_decorator' retrieved from /home/airflow/.local/lib/python3.11/site-packages/airflow/example_dags/example_sensor_decorator.py
[2024-07-15T15:51:01.373+0000] {logging_mixin.py:188} INFO - [2024-07-15T15:51:01.373+0000] {dag.py:3096} INFO - Sync 1 DAGs
[2024-07-15T15:51:01.392+0000] {logging_mixin.py:188} INFO - [2024-07-15T15:51:01.392+0000] {dag.py:3954} INFO - Setting next_dagrun for example_sensor_decorator to None, run_after=None
[2024-07-15T15:51:01.420+0000] {processor.py:183} INFO - Processing /home/airflow/.local/lib/python3.11/site-packages/airflow/example_dags/example_sensor_decorator.py took 0.098 seconds
[2024-07-15T15:51:06.219+0000] {processor.py:161} INFO - Started process (PID=23670) to work on /home/airflow/.local/lib/python3.11/site-packages/airflow/example_dags/example_sensor_decorator.py
[2024-07-15T15:51:06.221+0000] {processor.py:830} INFO - Processing file /home/airflow/.local/lib/python3.11/site-packages/airflow/example_dags/example_sensor_decorator.py for tasks to queue
[2024-07-15T15:51:06.223+0000] {logging_mixin.py:188} INFO - [2024-07-15T15:51:06.223+0000] {dagbag.py:545} INFO - Filling up the DagBag from /home/airflow/.local/lib/python3.11/site-packages/airflow/example_dags/example_sensor_decorator.py
[2024-07-15T15:51:06.233+0000] {processor.py:840} INFO - DAG(s) 'example_sensor_decorator' retrieved from /home/airflow/.local/lib/python3.11/site-packages/airflow/example_dags/example_sensor_decorator.py
[2024-07-15T15:51:06.284+0000] {logging_mixin.py:188} INFO - [2024-07-15T15:51:06.283+0000] {dag.py:3096} INFO - Sync 1 DAGs
[2024-07-15T15:51:06.303+0000] {logging_mixin.py:188} INFO - [2024-07-15T15:51:06.303+0000] {dag.py:3954} INFO - Setting next_dagrun for example_sensor_decorator to None, run_after=None
[2024-07-15T15:51:06.326+0000] {processor.py:183} INFO - Processing /home/airflow/.local/lib/python3.11/site-packages/airflow/example_dags/example_sensor_decorator.py took 0.116 seconds
[2024-07-15T15:51:11.712+0000] {processor.py:161} INFO - Started process (PID=23722) to work on /home/airflow/.local/lib/python3.11/site-packages/airflow/example_dags/example_sensor_decorator.py
[2024-07-15T15:51:11.713+0000] {processor.py:830} INFO - Processing file /home/airflow/.local/lib/python3.11/site-packages/airflow/example_dags/example_sensor_decorator.py for tasks to queue
[2024-07-15T15:51:11.716+0000] {logging_mixin.py:188} INFO - [2024-07-15T15:51:11.715+0000] {dagbag.py:545} INFO - Filling up the DagBag from /home/airflow/.local/lib/python3.11/site-packages/airflow/example_dags/example_sensor_decorator.py
[2024-07-15T15:51:11.726+0000] {processor.py:840} INFO - DAG(s) 'example_sensor_decorator' retrieved from /home/airflow/.local/lib/python3.11/site-packages/airflow/example_dags/example_sensor_decorator.py
[2024-07-15T15:51:11.762+0000] {logging_mixin.py:188} INFO - [2024-07-15T15:51:11.762+0000] {dag.py:3096} INFO - Sync 1 DAGs
[2024-07-15T15:51:11.790+0000] {logging_mixin.py:188} INFO - [2024-07-15T15:51:11.790+0000] {dag.py:3954} INFO - Setting next_dagrun for example_sensor_decorator to None, run_after=None
[2024-07-15T15:51:11.815+0000] {processor.py:183} INFO - Processing /home/airflow/.local/lib/python3.11/site-packages/airflow/example_dags/example_sensor_decorator.py took 0.115 seconds
[2024-07-15T15:51:16.126+0000] {processor.py:161} INFO - Started process (PID=23775) to work on /home/airflow/.local/lib/python3.11/site-packages/airflow/example_dags/example_sensor_decorator.py
[2024-07-15T15:51:16.127+0000] {processor.py:830} INFO - Processing file /home/airflow/.local/lib/python3.11/site-packages/airflow/example_dags/example_sensor_decorator.py for tasks to queue
[2024-07-15T15:51:16.130+0000] {logging_mixin.py:188} INFO - [2024-07-15T15:51:16.130+0000] {dagbag.py:545} INFO - Filling up the DagBag from /home/airflow/.local/lib/python3.11/site-packages/airflow/example_dags/example_sensor_decorator.py
[2024-07-15T15:51:16.141+0000] {processor.py:840} INFO - DAG(s) 'example_sensor_decorator' retrieved from /home/airflow/.local/lib/python3.11/site-packages/airflow/example_dags/example_sensor_decorator.py
[2024-07-15T15:51:16.169+0000] {logging_mixin.py:188} INFO - [2024-07-15T15:51:16.168+0000] {dag.py:3096} INFO - Sync 1 DAGs
[2024-07-15T15:51:16.186+0000] {logging_mixin.py:188} INFO - [2024-07-15T15:51:16.186+0000] {dag.py:3954} INFO - Setting next_dagrun for example_sensor_decorator to None, run_after=None
[2024-07-15T15:51:16.214+0000] {processor.py:183} INFO - Processing /home/airflow/.local/lib/python3.11/site-packages/airflow/example_dags/example_sensor_decorator.py took 0.098 seconds
[2024-07-15T15:51:21.659+0000] {processor.py:161} INFO - Started process (PID=23833) to work on /home/airflow/.local/lib/python3.11/site-packages/airflow/example_dags/example_sensor_decorator.py
[2024-07-15T15:51:21.660+0000] {processor.py:830} INFO - Processing file /home/airflow/.local/lib/python3.11/site-packages/airflow/example_dags/example_sensor_decorator.py for tasks to queue
[2024-07-15T15:51:21.663+0000] {logging_mixin.py:188} INFO - [2024-07-15T15:51:21.662+0000] {dagbag.py:545} INFO - Filling up the DagBag from /home/airflow/.local/lib/python3.11/site-packages/airflow/example_dags/example_sensor_decorator.py
[2024-07-15T15:51:21.670+0000] {processor.py:840} INFO - DAG(s) 'example_sensor_decorator' retrieved from /home/airflow/.local/lib/python3.11/site-packages/airflow/example_dags/example_sensor_decorator.py
[2024-07-15T15:51:21.693+0000] {logging_mixin.py:188} INFO - [2024-07-15T15:51:21.693+0000] {dag.py:3096} INFO - Sync 1 DAGs
[2024-07-15T15:51:21.711+0000] {logging_mixin.py:188} INFO - [2024-07-15T15:51:21.711+0000] {dag.py:3954} INFO - Setting next_dagrun for example_sensor_decorator to None, run_after=None
[2024-07-15T15:51:21.735+0000] {processor.py:183} INFO - Processing /home/airflow/.local/lib/python3.11/site-packages/airflow/example_dags/example_sensor_decorator.py took 0.083 seconds
[2024-07-15T15:52:54.090+0000] {processor.py:161} INFO - Started process (PID=24800) to work on /home/airflow/.local/lib/python3.11/site-packages/airflow/example_dags/example_sensor_decorator.py
[2024-07-15T15:52:54.092+0000] {processor.py:830} INFO - Processing file /home/airflow/.local/lib/python3.11/site-packages/airflow/example_dags/example_sensor_decorator.py for tasks to queue
[2024-07-15T15:52:54.095+0000] {logging_mixin.py:188} INFO - [2024-07-15T15:52:54.094+0000] {dagbag.py:545} INFO - Filling up the DagBag from /home/airflow/.local/lib/python3.11/site-packages/airflow/example_dags/example_sensor_decorator.py
[2024-07-15T15:52:54.106+0000] {processor.py:840} INFO - DAG(s) 'example_sensor_decorator' retrieved from /home/airflow/.local/lib/python3.11/site-packages/airflow/example_dags/example_sensor_decorator.py
[2024-07-15T15:52:54.139+0000] {logging_mixin.py:188} INFO - [2024-07-15T15:52:54.139+0000] {dag.py:3096} INFO - Sync 1 DAGs
[2024-07-15T15:52:54.161+0000] {logging_mixin.py:188} INFO - [2024-07-15T15:52:54.161+0000] {dag.py:3954} INFO - Setting next_dagrun for example_sensor_decorator to None, run_after=None
[2024-07-15T15:52:54.191+0000] {processor.py:183} INFO - Processing /home/airflow/.local/lib/python3.11/site-packages/airflow/example_dags/example_sensor_decorator.py took 0.113 seconds
[2024-07-15T15:53:03.008+0000] {processor.py:161} INFO - Started process (PID=24853) to work on /home/airflow/.local/lib/python3.11/site-packages/airflow/example_dags/example_sensor_decorator.py
[2024-07-15T15:53:03.010+0000] {processor.py:830} INFO - Processing file /home/airflow/.local/lib/python3.11/site-packages/airflow/example_dags/example_sensor_decorator.py for tasks to queue
[2024-07-15T15:53:03.015+0000] {logging_mixin.py:188} INFO - [2024-07-15T15:53:03.014+0000] {dagbag.py:545} INFO - Filling up the DagBag from /home/airflow/.local/lib/python3.11/site-packages/airflow/example_dags/example_sensor_decorator.py
[2024-07-15T15:53:03.039+0000] {processor.py:840} INFO - DAG(s) 'example_sensor_decorator' retrieved from /home/airflow/.local/lib/python3.11/site-packages/airflow/example_dags/example_sensor_decorator.py
[2024-07-15T15:53:03.102+0000] {logging_mixin.py:188} INFO - [2024-07-15T15:53:03.101+0000] {dag.py:3096} INFO - Sync 1 DAGs
[2024-07-15T15:53:03.155+0000] {logging_mixin.py:188} INFO - [2024-07-15T15:53:03.154+0000] {dag.py:3954} INFO - Setting next_dagrun for example_sensor_decorator to None, run_after=None
[2024-07-15T15:53:03.206+0000] {processor.py:183} INFO - Processing /home/airflow/.local/lib/python3.11/site-packages/airflow/example_dags/example_sensor_decorator.py took 0.215 seconds
[2024-07-15T15:53:08.520+0000] {processor.py:161} INFO - Started process (PID=24905) to work on /home/airflow/.local/lib/python3.11/site-packages/airflow/example_dags/example_sensor_decorator.py
[2024-07-15T15:53:08.521+0000] {processor.py:830} INFO - Processing file /home/airflow/.local/lib/python3.11/site-packages/airflow/example_dags/example_sensor_decorator.py for tasks to queue
[2024-07-15T15:53:08.524+0000] {logging_mixin.py:188} INFO - [2024-07-15T15:53:08.524+0000] {dagbag.py:545} INFO - Filling up the DagBag from /home/airflow/.local/lib/python3.11/site-packages/airflow/example_dags/example_sensor_decorator.py
[2024-07-15T15:53:08.535+0000] {processor.py:840} INFO - DAG(s) 'example_sensor_decorator' retrieved from /home/airflow/.local/lib/python3.11/site-packages/airflow/example_dags/example_sensor_decorator.py
[2024-07-15T15:53:08.563+0000] {logging_mixin.py:188} INFO - [2024-07-15T15:53:08.563+0000] {dag.py:3096} INFO - Sync 1 DAGs
[2024-07-15T15:53:08.582+0000] {logging_mixin.py:188} INFO - [2024-07-15T15:53:08.582+0000] {dag.py:3954} INFO - Setting next_dagrun for example_sensor_decorator to None, run_after=None
[2024-07-15T15:53:08.610+0000] {processor.py:183} INFO - Processing /home/airflow/.local/lib/python3.11/site-packages/airflow/example_dags/example_sensor_decorator.py took 0.100 seconds
[2024-07-15T15:53:13.731+0000] {processor.py:161} INFO - Started process (PID=24959) to work on /home/airflow/.local/lib/python3.11/site-packages/airflow/example_dags/example_sensor_decorator.py
[2024-07-15T15:53:13.733+0000] {processor.py:830} INFO - Processing file /home/airflow/.local/lib/python3.11/site-packages/airflow/example_dags/example_sensor_decorator.py for tasks to queue
[2024-07-15T15:53:13.735+0000] {logging_mixin.py:188} INFO - [2024-07-15T15:53:13.735+0000] {dagbag.py:545} INFO - Filling up the DagBag from /home/airflow/.local/lib/python3.11/site-packages/airflow/example_dags/example_sensor_decorator.py
[2024-07-15T15:53:13.746+0000] {processor.py:840} INFO - DAG(s) 'example_sensor_decorator' retrieved from /home/airflow/.local/lib/python3.11/site-packages/airflow/example_dags/example_sensor_decorator.py
[2024-07-15T15:53:13.779+0000] {logging_mixin.py:188} INFO - [2024-07-15T15:53:13.778+0000] {dag.py:3096} INFO - Sync 1 DAGs
[2024-07-15T15:53:13.802+0000] {logging_mixin.py:188} INFO - [2024-07-15T15:53:13.802+0000] {dag.py:3954} INFO - Setting next_dagrun for example_sensor_decorator to None, run_after=None
[2024-07-15T15:53:13.832+0000] {processor.py:183} INFO - Processing /home/airflow/.local/lib/python3.11/site-packages/airflow/example_dags/example_sensor_decorator.py took 0.114 seconds
[2024-07-15T15:53:19.189+0000] {processor.py:161} INFO - Started process (PID=25011) to work on /home/airflow/.local/lib/python3.11/site-packages/airflow/example_dags/example_sensor_decorator.py
[2024-07-15T15:53:19.190+0000] {processor.py:830} INFO - Processing file /home/airflow/.local/lib/python3.11/site-packages/airflow/example_dags/example_sensor_decorator.py for tasks to queue
[2024-07-15T15:53:19.193+0000] {logging_mixin.py:188} INFO - [2024-07-15T15:53:19.192+0000] {dagbag.py:545} INFO - Filling up the DagBag from /home/airflow/.local/lib/python3.11/site-packages/airflow/example_dags/example_sensor_decorator.py
[2024-07-15T15:53:19.201+0000] {processor.py:840} INFO - DAG(s) 'example_sensor_decorator' retrieved from /home/airflow/.local/lib/python3.11/site-packages/airflow/example_dags/example_sensor_decorator.py
[2024-07-15T15:53:19.226+0000] {logging_mixin.py:188} INFO - [2024-07-15T15:53:19.226+0000] {dag.py:3096} INFO - Sync 1 DAGs
[2024-07-15T15:53:19.244+0000] {logging_mixin.py:188} INFO - [2024-07-15T15:53:19.244+0000] {dag.py:3954} INFO - Setting next_dagrun for example_sensor_decorator to None, run_after=None
[2024-07-15T15:53:19.269+0000] {processor.py:183} INFO - Processing /home/airflow/.local/lib/python3.11/site-packages/airflow/example_dags/example_sensor_decorator.py took 0.088 seconds
[2024-07-15T15:53:24.033+0000] {processor.py:161} INFO - Started process (PID=25071) to work on /home/airflow/.local/lib/python3.11/site-packages/airflow/example_dags/example_sensor_decorator.py
[2024-07-15T15:53:24.035+0000] {processor.py:830} INFO - Processing file /home/airflow/.local/lib/python3.11/site-packages/airflow/example_dags/example_sensor_decorator.py for tasks to queue
[2024-07-15T15:53:24.040+0000] {logging_mixin.py:188} INFO - [2024-07-15T15:53:24.039+0000] {dagbag.py:545} INFO - Filling up the DagBag from /home/airflow/.local/lib/python3.11/site-packages/airflow/example_dags/example_sensor_decorator.py
[2024-07-15T15:53:24.048+0000] {processor.py:840} INFO - DAG(s) 'example_sensor_decorator' retrieved from /home/airflow/.local/lib/python3.11/site-packages/airflow/example_dags/example_sensor_decorator.py
[2024-07-15T15:53:24.074+0000] {logging_mixin.py:188} INFO - [2024-07-15T15:53:24.074+0000] {dag.py:3096} INFO - Sync 1 DAGs
[2024-07-15T15:53:24.089+0000] {logging_mixin.py:188} INFO - [2024-07-15T15:53:24.089+0000] {dag.py:3954} INFO - Setting next_dagrun for example_sensor_decorator to None, run_after=None
[2024-07-15T15:53:24.114+0000] {processor.py:183} INFO - Processing /home/airflow/.local/lib/python3.11/site-packages/airflow/example_dags/example_sensor_decorator.py took 0.091 seconds
[2024-07-15T15:53:28.937+0000] {processor.py:161} INFO - Started process (PID=25123) to work on /home/airflow/.local/lib/python3.11/site-packages/airflow/example_dags/example_sensor_decorator.py
[2024-07-15T15:53:28.938+0000] {processor.py:830} INFO - Processing file /home/airflow/.local/lib/python3.11/site-packages/airflow/example_dags/example_sensor_decorator.py for tasks to queue
[2024-07-15T15:53:28.941+0000] {logging_mixin.py:188} INFO - [2024-07-15T15:53:28.940+0000] {dagbag.py:545} INFO - Filling up the DagBag from /home/airflow/.local/lib/python3.11/site-packages/airflow/example_dags/example_sensor_decorator.py
[2024-07-15T15:53:28.951+0000] {processor.py:840} INFO - DAG(s) 'example_sensor_decorator' retrieved from /home/airflow/.local/lib/python3.11/site-packages/airflow/example_dags/example_sensor_decorator.py
[2024-07-15T15:53:28.979+0000] {logging_mixin.py:188} INFO - [2024-07-15T15:53:28.979+0000] {dag.py:3096} INFO - Sync 1 DAGs
[2024-07-15T15:53:28.997+0000] {logging_mixin.py:188} INFO - [2024-07-15T15:53:28.996+0000] {dag.py:3954} INFO - Setting next_dagrun for example_sensor_decorator to None, run_after=None
[2024-07-15T15:53:29.048+0000] {processor.py:183} INFO - Processing /home/airflow/.local/lib/python3.11/site-packages/airflow/example_dags/example_sensor_decorator.py took 0.120 seconds
[2024-07-15T15:53:34.679+0000] {processor.py:161} INFO - Started process (PID=25177) to work on /home/airflow/.local/lib/python3.11/site-packages/airflow/example_dags/example_sensor_decorator.py
[2024-07-15T15:53:34.680+0000] {processor.py:830} INFO - Processing file /home/airflow/.local/lib/python3.11/site-packages/airflow/example_dags/example_sensor_decorator.py for tasks to queue
[2024-07-15T15:53:34.682+0000] {logging_mixin.py:188} INFO - [2024-07-15T15:53:34.682+0000] {dagbag.py:545} INFO - Filling up the DagBag from /home/airflow/.local/lib/python3.11/site-packages/airflow/example_dags/example_sensor_decorator.py
[2024-07-15T15:53:34.690+0000] {processor.py:840} INFO - DAG(s) 'example_sensor_decorator' retrieved from /home/airflow/.local/lib/python3.11/site-packages/airflow/example_dags/example_sensor_decorator.py
[2024-07-15T15:53:34.713+0000] {logging_mixin.py:188} INFO - [2024-07-15T15:53:34.713+0000] {dag.py:3096} INFO - Sync 1 DAGs
[2024-07-15T15:53:34.727+0000] {logging_mixin.py:188} INFO - [2024-07-15T15:53:34.727+0000] {dag.py:3954} INFO - Setting next_dagrun for example_sensor_decorator to None, run_after=None
[2024-07-15T15:53:34.750+0000] {processor.py:183} INFO - Processing /home/airflow/.local/lib/python3.11/site-packages/airflow/example_dags/example_sensor_decorator.py took 0.079 seconds
[2024-07-15T15:53:39.850+0000] {processor.py:161} INFO - Started process (PID=25229) to work on /home/airflow/.local/lib/python3.11/site-packages/airflow/example_dags/example_sensor_decorator.py
[2024-07-15T15:53:39.852+0000] {processor.py:830} INFO - Processing file /home/airflow/.local/lib/python3.11/site-packages/airflow/example_dags/example_sensor_decorator.py for tasks to queue
[2024-07-15T15:53:39.854+0000] {logging_mixin.py:188} INFO - [2024-07-15T15:53:39.854+0000] {dagbag.py:545} INFO - Filling up the DagBag from /home/airflow/.local/lib/python3.11/site-packages/airflow/example_dags/example_sensor_decorator.py
[2024-07-15T15:53:39.863+0000] {processor.py:840} INFO - DAG(s) 'example_sensor_decorator' retrieved from /home/airflow/.local/lib/python3.11/site-packages/airflow/example_dags/example_sensor_decorator.py
[2024-07-15T15:53:39.892+0000] {logging_mixin.py:188} INFO - [2024-07-15T15:53:39.891+0000] {dag.py:3096} INFO - Sync 1 DAGs
[2024-07-15T15:53:39.911+0000] {logging_mixin.py:188} INFO - [2024-07-15T15:53:39.911+0000] {dag.py:3954} INFO - Setting next_dagrun for example_sensor_decorator to None, run_after=None
[2024-07-15T15:53:39.938+0000] {processor.py:183} INFO - Processing /home/airflow/.local/lib/python3.11/site-packages/airflow/example_dags/example_sensor_decorator.py took 0.097 seconds
[2024-07-15T15:53:44.845+0000] {processor.py:161} INFO - Started process (PID=25283) to work on /home/airflow/.local/lib/python3.11/site-packages/airflow/example_dags/example_sensor_decorator.py
[2024-07-15T15:53:44.847+0000] {processor.py:830} INFO - Processing file /home/airflow/.local/lib/python3.11/site-packages/airflow/example_dags/example_sensor_decorator.py for tasks to queue
[2024-07-15T15:53:44.850+0000] {logging_mixin.py:188} INFO - [2024-07-15T15:53:44.849+0000] {dagbag.py:545} INFO - Filling up the DagBag from /home/airflow/.local/lib/python3.11/site-packages/airflow/example_dags/example_sensor_decorator.py
[2024-07-15T15:53:44.858+0000] {processor.py:840} INFO - DAG(s) 'example_sensor_decorator' retrieved from /home/airflow/.local/lib/python3.11/site-packages/airflow/example_dags/example_sensor_decorator.py
[2024-07-15T15:53:44.883+0000] {logging_mixin.py:188} INFO - [2024-07-15T15:53:44.882+0000] {dag.py:3096} INFO - Sync 1 DAGs
[2024-07-15T15:53:44.900+0000] {logging_mixin.py:188} INFO - [2024-07-15T15:53:44.900+0000] {dag.py:3954} INFO - Setting next_dagrun for example_sensor_decorator to None, run_after=None
[2024-07-15T15:53:44.931+0000] {processor.py:183} INFO - Processing /home/airflow/.local/lib/python3.11/site-packages/airflow/example_dags/example_sensor_decorator.py took 0.093 seconds
[2024-07-15T15:53:50.738+0000] {processor.py:161} INFO - Started process (PID=25335) to work on /home/airflow/.local/lib/python3.11/site-packages/airflow/example_dags/example_sensor_decorator.py
[2024-07-15T15:53:50.740+0000] {processor.py:830} INFO - Processing file /home/airflow/.local/lib/python3.11/site-packages/airflow/example_dags/example_sensor_decorator.py for tasks to queue
[2024-07-15T15:53:50.743+0000] {logging_mixin.py:188} INFO - [2024-07-15T15:53:50.742+0000] {dagbag.py:545} INFO - Filling up the DagBag from /home/airflow/.local/lib/python3.11/site-packages/airflow/example_dags/example_sensor_decorator.py
[2024-07-15T15:53:50.755+0000] {processor.py:840} INFO - DAG(s) 'example_sensor_decorator' retrieved from /home/airflow/.local/lib/python3.11/site-packages/airflow/example_dags/example_sensor_decorator.py
[2024-07-15T15:53:50.791+0000] {logging_mixin.py:188} INFO - [2024-07-15T15:53:50.791+0000] {dag.py:3096} INFO - Sync 1 DAGs
[2024-07-15T15:53:50.812+0000] {logging_mixin.py:188} INFO - [2024-07-15T15:53:50.811+0000] {dag.py:3954} INFO - Setting next_dagrun for example_sensor_decorator to None, run_after=None
[2024-07-15T15:53:50.842+0000] {processor.py:183} INFO - Processing /home/airflow/.local/lib/python3.11/site-packages/airflow/example_dags/example_sensor_decorator.py took 0.117 seconds
[2024-07-15T15:53:56.819+0000] {processor.py:161} INFO - Started process (PID=25394) to work on /home/airflow/.local/lib/python3.11/site-packages/airflow/example_dags/example_sensor_decorator.py
[2024-07-15T15:53:56.820+0000] {processor.py:830} INFO - Processing file /home/airflow/.local/lib/python3.11/site-packages/airflow/example_dags/example_sensor_decorator.py for tasks to queue
[2024-07-15T15:53:56.823+0000] {logging_mixin.py:188} INFO - [2024-07-15T15:53:56.822+0000] {dagbag.py:545} INFO - Filling up the DagBag from /home/airflow/.local/lib/python3.11/site-packages/airflow/example_dags/example_sensor_decorator.py
[2024-07-15T15:53:56.832+0000] {processor.py:840} INFO - DAG(s) 'example_sensor_decorator' retrieved from /home/airflow/.local/lib/python3.11/site-packages/airflow/example_dags/example_sensor_decorator.py
[2024-07-15T15:53:56.857+0000] {logging_mixin.py:188} INFO - [2024-07-15T15:53:56.856+0000] {dag.py:3096} INFO - Sync 1 DAGs
[2024-07-15T15:53:56.873+0000] {logging_mixin.py:188} INFO - [2024-07-15T15:53:56.873+0000] {dag.py:3954} INFO - Setting next_dagrun for example_sensor_decorator to None, run_after=None
[2024-07-15T15:53:56.898+0000] {processor.py:183} INFO - Processing /home/airflow/.local/lib/python3.11/site-packages/airflow/example_dags/example_sensor_decorator.py took 0.088 seconds
[2024-07-15T15:54:01.848+0000] {processor.py:161} INFO - Started process (PID=25446) to work on /home/airflow/.local/lib/python3.11/site-packages/airflow/example_dags/example_sensor_decorator.py
[2024-07-15T15:54:01.850+0000] {processor.py:830} INFO - Processing file /home/airflow/.local/lib/python3.11/site-packages/airflow/example_dags/example_sensor_decorator.py for tasks to queue
[2024-07-15T15:54:01.853+0000] {logging_mixin.py:188} INFO - [2024-07-15T15:54:01.852+0000] {dagbag.py:545} INFO - Filling up the DagBag from /home/airflow/.local/lib/python3.11/site-packages/airflow/example_dags/example_sensor_decorator.py
[2024-07-15T15:54:01.860+0000] {processor.py:840} INFO - DAG(s) 'example_sensor_decorator' retrieved from /home/airflow/.local/lib/python3.11/site-packages/airflow/example_dags/example_sensor_decorator.py
[2024-07-15T15:54:01.884+0000] {logging_mixin.py:188} INFO - [2024-07-15T15:54:01.883+0000] {dag.py:3096} INFO - Sync 1 DAGs
[2024-07-15T15:54:01.899+0000] {logging_mixin.py:188} INFO - [2024-07-15T15:54:01.898+0000] {dag.py:3954} INFO - Setting next_dagrun for example_sensor_decorator to None, run_after=None
[2024-07-15T15:54:01.923+0000] {processor.py:183} INFO - Processing /home/airflow/.local/lib/python3.11/site-packages/airflow/example_dags/example_sensor_decorator.py took 0.082 seconds
[2024-07-15T15:54:08.072+0000] {processor.py:161} INFO - Started process (PID=25500) to work on /home/airflow/.local/lib/python3.11/site-packages/airflow/example_dags/example_sensor_decorator.py
[2024-07-15T15:54:08.074+0000] {processor.py:830} INFO - Processing file /home/airflow/.local/lib/python3.11/site-packages/airflow/example_dags/example_sensor_decorator.py for tasks to queue
[2024-07-15T15:54:08.077+0000] {logging_mixin.py:188} INFO - [2024-07-15T15:54:08.076+0000] {dagbag.py:545} INFO - Filling up the DagBag from /home/airflow/.local/lib/python3.11/site-packages/airflow/example_dags/example_sensor_decorator.py
[2024-07-15T15:54:08.088+0000] {processor.py:840} INFO - DAG(s) 'example_sensor_decorator' retrieved from /home/airflow/.local/lib/python3.11/site-packages/airflow/example_dags/example_sensor_decorator.py
[2024-07-15T15:54:08.119+0000] {logging_mixin.py:188} INFO - [2024-07-15T15:54:08.119+0000] {dag.py:3096} INFO - Sync 1 DAGs
[2024-07-15T15:54:08.140+0000] {logging_mixin.py:188} INFO - [2024-07-15T15:54:08.139+0000] {dag.py:3954} INFO - Setting next_dagrun for example_sensor_decorator to None, run_after=None
[2024-07-15T15:54:08.167+0000] {processor.py:183} INFO - Processing /home/airflow/.local/lib/python3.11/site-packages/airflow/example_dags/example_sensor_decorator.py took 0.105 seconds
[2024-07-15T15:54:13.605+0000] {processor.py:161} INFO - Started process (PID=25552) to work on /home/airflow/.local/lib/python3.11/site-packages/airflow/example_dags/example_sensor_decorator.py
[2024-07-15T15:54:13.607+0000] {processor.py:830} INFO - Processing file /home/airflow/.local/lib/python3.11/site-packages/airflow/example_dags/example_sensor_decorator.py for tasks to queue
[2024-07-15T15:54:13.610+0000] {logging_mixin.py:188} INFO - [2024-07-15T15:54:13.610+0000] {dagbag.py:545} INFO - Filling up the DagBag from /home/airflow/.local/lib/python3.11/site-packages/airflow/example_dags/example_sensor_decorator.py
[2024-07-15T15:54:13.623+0000] {processor.py:840} INFO - DAG(s) 'example_sensor_decorator' retrieved from /home/airflow/.local/lib/python3.11/site-packages/airflow/example_dags/example_sensor_decorator.py
[2024-07-15T15:54:13.654+0000] {logging_mixin.py:188} INFO - [2024-07-15T15:54:13.654+0000] {dag.py:3096} INFO - Sync 1 DAGs
[2024-07-15T15:54:13.671+0000] {logging_mixin.py:188} INFO - [2024-07-15T15:54:13.671+0000] {dag.py:3954} INFO - Setting next_dagrun for example_sensor_decorator to None, run_after=None
[2024-07-15T15:54:13.696+0000] {processor.py:183} INFO - Processing /home/airflow/.local/lib/python3.11/site-packages/airflow/example_dags/example_sensor_decorator.py took 0.102 seconds
[2024-07-15T15:54:19.291+0000] {processor.py:161} INFO - Started process (PID=25605) to work on /home/airflow/.local/lib/python3.11/site-packages/airflow/example_dags/example_sensor_decorator.py
[2024-07-15T15:54:19.293+0000] {processor.py:830} INFO - Processing file /home/airflow/.local/lib/python3.11/site-packages/airflow/example_dags/example_sensor_decorator.py for tasks to queue
[2024-07-15T15:54:19.295+0000] {logging_mixin.py:188} INFO - [2024-07-15T15:54:19.295+0000] {dagbag.py:545} INFO - Filling up the DagBag from /home/airflow/.local/lib/python3.11/site-packages/airflow/example_dags/example_sensor_decorator.py
[2024-07-15T15:54:19.303+0000] {processor.py:840} INFO - DAG(s) 'example_sensor_decorator' retrieved from /home/airflow/.local/lib/python3.11/site-packages/airflow/example_dags/example_sensor_decorator.py
[2024-07-15T15:54:19.329+0000] {logging_mixin.py:188} INFO - [2024-07-15T15:54:19.329+0000] {dag.py:3096} INFO - Sync 1 DAGs
[2024-07-15T15:54:19.345+0000] {logging_mixin.py:188} INFO - [2024-07-15T15:54:19.345+0000] {dag.py:3954} INFO - Setting next_dagrun for example_sensor_decorator to None, run_after=None
[2024-07-15T15:54:19.369+0000] {processor.py:183} INFO - Processing /home/airflow/.local/lib/python3.11/site-packages/airflow/example_dags/example_sensor_decorator.py took 0.086 seconds
[2024-07-15T15:54:25.505+0000] {processor.py:161} INFO - Started process (PID=25663) to work on /home/airflow/.local/lib/python3.11/site-packages/airflow/example_dags/example_sensor_decorator.py
[2024-07-15T15:54:25.512+0000] {processor.py:830} INFO - Processing file /home/airflow/.local/lib/python3.11/site-packages/airflow/example_dags/example_sensor_decorator.py for tasks to queue
[2024-07-15T15:54:25.517+0000] {logging_mixin.py:188} INFO - [2024-07-15T15:54:25.516+0000] {dagbag.py:545} INFO - Filling up the DagBag from /home/airflow/.local/lib/python3.11/site-packages/airflow/example_dags/example_sensor_decorator.py
[2024-07-15T15:54:25.533+0000] {processor.py:840} INFO - DAG(s) 'example_sensor_decorator' retrieved from /home/airflow/.local/lib/python3.11/site-packages/airflow/example_dags/example_sensor_decorator.py
[2024-07-15T15:54:25.585+0000] {logging_mixin.py:188} INFO - [2024-07-15T15:54:25.585+0000] {dag.py:3096} INFO - Sync 1 DAGs
[2024-07-15T15:54:25.633+0000] {logging_mixin.py:188} INFO - [2024-07-15T15:54:25.632+0000] {dag.py:3954} INFO - Setting next_dagrun for example_sensor_decorator to None, run_after=None
[2024-07-15T15:54:25.676+0000] {processor.py:183} INFO - Processing /home/airflow/.local/lib/python3.11/site-packages/airflow/example_dags/example_sensor_decorator.py took 0.192 seconds
[2024-07-15T15:54:34.071+0000] {processor.py:161} INFO - Started process (PID=25716) to work on /home/airflow/.local/lib/python3.11/site-packages/airflow/example_dags/example_sensor_decorator.py
[2024-07-15T15:54:34.074+0000] {processor.py:830} INFO - Processing file /home/airflow/.local/lib/python3.11/site-packages/airflow/example_dags/example_sensor_decorator.py for tasks to queue
[2024-07-15T15:54:34.079+0000] {logging_mixin.py:188} INFO - [2024-07-15T15:54:34.078+0000] {dagbag.py:545} INFO - Filling up the DagBag from /home/airflow/.local/lib/python3.11/site-packages/airflow/example_dags/example_sensor_decorator.py
[2024-07-15T15:54:34.106+0000] {processor.py:840} INFO - DAG(s) 'example_sensor_decorator' retrieved from /home/airflow/.local/lib/python3.11/site-packages/airflow/example_dags/example_sensor_decorator.py
[2024-07-15T15:54:34.191+0000] {logging_mixin.py:188} INFO - [2024-07-15T15:54:34.190+0000] {dag.py:3096} INFO - Sync 1 DAGs
[2024-07-15T15:54:34.262+0000] {logging_mixin.py:188} INFO - [2024-07-15T15:54:34.261+0000] {dag.py:3954} INFO - Setting next_dagrun for example_sensor_decorator to None, run_after=None
[2024-07-15T15:54:34.337+0000] {processor.py:183} INFO - Processing /home/airflow/.local/lib/python3.11/site-packages/airflow/example_dags/example_sensor_decorator.py took 0.314 seconds
[2024-07-15T15:54:45.454+0000] {processor.py:161} INFO - Started process (PID=25768) to work on /home/airflow/.local/lib/python3.11/site-packages/airflow/example_dags/example_sensor_decorator.py
[2024-07-15T15:54:45.456+0000] {processor.py:830} INFO - Processing file /home/airflow/.local/lib/python3.11/site-packages/airflow/example_dags/example_sensor_decorator.py for tasks to queue
[2024-07-15T15:54:45.461+0000] {logging_mixin.py:188} INFO - [2024-07-15T15:54:45.460+0000] {dagbag.py:545} INFO - Filling up the DagBag from /home/airflow/.local/lib/python3.11/site-packages/airflow/example_dags/example_sensor_decorator.py
[2024-07-15T15:54:45.477+0000] {processor.py:840} INFO - DAG(s) 'example_sensor_decorator' retrieved from /home/airflow/.local/lib/python3.11/site-packages/airflow/example_dags/example_sensor_decorator.py
[2024-07-15T15:54:45.518+0000] {logging_mixin.py:188} INFO - [2024-07-15T15:54:45.518+0000] {dag.py:3096} INFO - Sync 1 DAGs
[2024-07-15T15:54:45.547+0000] {logging_mixin.py:188} INFO - [2024-07-15T15:54:45.547+0000] {dag.py:3954} INFO - Setting next_dagrun for example_sensor_decorator to None, run_after=None
[2024-07-15T15:54:45.580+0000] {processor.py:183} INFO - Processing /home/airflow/.local/lib/python3.11/site-packages/airflow/example_dags/example_sensor_decorator.py took 0.144 seconds
[2024-07-15T15:54:55.474+0000] {processor.py:161} INFO - Started process (PID=25828) to work on /home/airflow/.local/lib/python3.11/site-packages/airflow/example_dags/example_sensor_decorator.py
[2024-07-15T15:54:55.477+0000] {processor.py:830} INFO - Processing file /home/airflow/.local/lib/python3.11/site-packages/airflow/example_dags/example_sensor_decorator.py for tasks to queue
[2024-07-15T15:54:55.481+0000] {logging_mixin.py:188} INFO - [2024-07-15T15:54:55.480+0000] {dagbag.py:545} INFO - Filling up the DagBag from /home/airflow/.local/lib/python3.11/site-packages/airflow/example_dags/example_sensor_decorator.py
[2024-07-15T15:54:55.494+0000] {processor.py:840} INFO - DAG(s) 'example_sensor_decorator' retrieved from /home/airflow/.local/lib/python3.11/site-packages/airflow/example_dags/example_sensor_decorator.py
[2024-07-15T15:54:55.533+0000] {logging_mixin.py:188} INFO - [2024-07-15T15:54:55.533+0000] {dag.py:3096} INFO - Sync 1 DAGs
[2024-07-15T15:54:55.565+0000] {logging_mixin.py:188} INFO - [2024-07-15T15:54:55.564+0000] {dag.py:3954} INFO - Setting next_dagrun for example_sensor_decorator to None, run_after=None
[2024-07-15T15:54:55.600+0000] {processor.py:183} INFO - Processing /home/airflow/.local/lib/python3.11/site-packages/airflow/example_dags/example_sensor_decorator.py took 0.138 seconds
[2024-07-15T15:55:05.924+0000] {processor.py:161} INFO - Started process (PID=25880) to work on /home/airflow/.local/lib/python3.11/site-packages/airflow/example_dags/example_sensor_decorator.py
[2024-07-15T15:55:05.925+0000] {processor.py:830} INFO - Processing file /home/airflow/.local/lib/python3.11/site-packages/airflow/example_dags/example_sensor_decorator.py for tasks to queue
[2024-07-15T15:55:05.930+0000] {logging_mixin.py:188} INFO - [2024-07-15T15:55:05.929+0000] {dagbag.py:545} INFO - Filling up the DagBag from /home/airflow/.local/lib/python3.11/site-packages/airflow/example_dags/example_sensor_decorator.py
[2024-07-15T15:55:05.943+0000] {processor.py:840} INFO - DAG(s) 'example_sensor_decorator' retrieved from /home/airflow/.local/lib/python3.11/site-packages/airflow/example_dags/example_sensor_decorator.py
[2024-07-15T15:55:05.990+0000] {logging_mixin.py:188} INFO - [2024-07-15T15:55:05.989+0000] {dag.py:3096} INFO - Sync 1 DAGs
[2024-07-15T15:55:06.027+0000] {logging_mixin.py:188} INFO - [2024-07-15T15:55:06.027+0000] {dag.py:3954} INFO - Setting next_dagrun for example_sensor_decorator to None, run_after=None
[2024-07-15T15:55:06.067+0000] {processor.py:183} INFO - Processing /home/airflow/.local/lib/python3.11/site-packages/airflow/example_dags/example_sensor_decorator.py took 0.154 seconds
[2024-07-15T15:55:19.269+0000] {processor.py:161} INFO - Started process (PID=25933) to work on /home/airflow/.local/lib/python3.11/site-packages/airflow/example_dags/example_sensor_decorator.py
[2024-07-15T15:55:19.273+0000] {processor.py:830} INFO - Processing file /home/airflow/.local/lib/python3.11/site-packages/airflow/example_dags/example_sensor_decorator.py for tasks to queue
[2024-07-15T15:55:19.278+0000] {logging_mixin.py:188} INFO - [2024-07-15T15:55:19.277+0000] {dagbag.py:545} INFO - Filling up the DagBag from /home/airflow/.local/lib/python3.11/site-packages/airflow/example_dags/example_sensor_decorator.py
[2024-07-15T15:55:19.293+0000] {processor.py:840} INFO - DAG(s) 'example_sensor_decorator' retrieved from /home/airflow/.local/lib/python3.11/site-packages/airflow/example_dags/example_sensor_decorator.py
[2024-07-15T15:55:19.337+0000] {logging_mixin.py:188} INFO - [2024-07-15T15:55:19.337+0000] {dag.py:3096} INFO - Sync 1 DAGs
[2024-07-15T15:55:19.366+0000] {logging_mixin.py:188} INFO - [2024-07-15T15:55:19.366+0000] {dag.py:3954} INFO - Setting next_dagrun for example_sensor_decorator to None, run_after=None
[2024-07-15T15:55:19.411+0000] {processor.py:183} INFO - Processing /home/airflow/.local/lib/python3.11/site-packages/airflow/example_dags/example_sensor_decorator.py took 0.157 seconds
[2024-07-15T15:55:29.303+0000] {processor.py:161} INFO - Started process (PID=25991) to work on /home/airflow/.local/lib/python3.11/site-packages/airflow/example_dags/example_sensor_decorator.py
[2024-07-15T15:55:29.305+0000] {processor.py:830} INFO - Processing file /home/airflow/.local/lib/python3.11/site-packages/airflow/example_dags/example_sensor_decorator.py for tasks to queue
[2024-07-15T15:55:29.308+0000] {logging_mixin.py:188} INFO - [2024-07-15T15:55:29.307+0000] {dagbag.py:545} INFO - Filling up the DagBag from /home/airflow/.local/lib/python3.11/site-packages/airflow/example_dags/example_sensor_decorator.py
[2024-07-15T15:55:29.322+0000] {processor.py:840} INFO - DAG(s) 'example_sensor_decorator' retrieved from /home/airflow/.local/lib/python3.11/site-packages/airflow/example_dags/example_sensor_decorator.py
[2024-07-15T15:55:29.529+0000] {logging_mixin.py:188} INFO - [2024-07-15T15:55:29.529+0000] {dag.py:3096} INFO - Sync 1 DAGs
[2024-07-15T15:55:29.543+0000] {logging_mixin.py:188} INFO - [2024-07-15T15:55:29.543+0000] {dag.py:3954} INFO - Setting next_dagrun for example_sensor_decorator to None, run_after=None
[2024-07-15T15:55:29.566+0000] {processor.py:183} INFO - Processing /home/airflow/.local/lib/python3.11/site-packages/airflow/example_dags/example_sensor_decorator.py took 0.274 seconds
[2024-07-15T15:55:37.527+0000] {processor.py:161} INFO - Started process (PID=26044) to work on /home/airflow/.local/lib/python3.11/site-packages/airflow/example_dags/example_sensor_decorator.py
[2024-07-15T15:55:37.529+0000] {processor.py:830} INFO - Processing file /home/airflow/.local/lib/python3.11/site-packages/airflow/example_dags/example_sensor_decorator.py for tasks to queue
[2024-07-15T15:55:37.533+0000] {logging_mixin.py:188} INFO - [2024-07-15T15:55:37.533+0000] {dagbag.py:545} INFO - Filling up the DagBag from /home/airflow/.local/lib/python3.11/site-packages/airflow/example_dags/example_sensor_decorator.py
[2024-07-15T15:55:37.546+0000] {processor.py:840} INFO - DAG(s) 'example_sensor_decorator' retrieved from /home/airflow/.local/lib/python3.11/site-packages/airflow/example_dags/example_sensor_decorator.py
[2024-07-15T15:55:37.576+0000] {logging_mixin.py:188} INFO - [2024-07-15T15:55:37.576+0000] {dag.py:3096} INFO - Sync 1 DAGs
[2024-07-15T15:55:37.596+0000] {logging_mixin.py:188} INFO - [2024-07-15T15:55:37.596+0000] {dag.py:3954} INFO - Setting next_dagrun for example_sensor_decorator to None, run_after=None
[2024-07-15T15:55:37.632+0000] {processor.py:183} INFO - Processing /home/airflow/.local/lib/python3.11/site-packages/airflow/example_dags/example_sensor_decorator.py took 0.117 seconds
[2024-07-15T15:55:43.527+0000] {processor.py:161} INFO - Started process (PID=26096) to work on /home/airflow/.local/lib/python3.11/site-packages/airflow/example_dags/example_sensor_decorator.py
[2024-07-15T15:55:43.529+0000] {processor.py:830} INFO - Processing file /home/airflow/.local/lib/python3.11/site-packages/airflow/example_dags/example_sensor_decorator.py for tasks to queue
[2024-07-15T15:55:43.533+0000] {logging_mixin.py:188} INFO - [2024-07-15T15:55:43.533+0000] {dagbag.py:545} INFO - Filling up the DagBag from /home/airflow/.local/lib/python3.11/site-packages/airflow/example_dags/example_sensor_decorator.py
[2024-07-15T15:55:43.568+0000] {processor.py:840} INFO - DAG(s) 'example_sensor_decorator' retrieved from /home/airflow/.local/lib/python3.11/site-packages/airflow/example_dags/example_sensor_decorator.py
[2024-07-15T15:55:43.674+0000] {logging_mixin.py:188} INFO - [2024-07-15T15:55:43.673+0000] {dag.py:3096} INFO - Sync 1 DAGs
[2024-07-15T15:55:43.745+0000] {logging_mixin.py:188} INFO - [2024-07-15T15:55:43.744+0000] {dag.py:3954} INFO - Setting next_dagrun for example_sensor_decorator to None, run_after=None
[2024-07-15T15:55:43.827+0000] {processor.py:183} INFO - Processing /home/airflow/.local/lib/python3.11/site-packages/airflow/example_dags/example_sensor_decorator.py took 0.314 seconds
[2024-07-15T15:55:49.903+0000] {processor.py:161} INFO - Started process (PID=26149) to work on /home/airflow/.local/lib/python3.11/site-packages/airflow/example_dags/example_sensor_decorator.py
[2024-07-15T15:55:49.905+0000] {processor.py:830} INFO - Processing file /home/airflow/.local/lib/python3.11/site-packages/airflow/example_dags/example_sensor_decorator.py for tasks to queue
[2024-07-15T15:55:49.910+0000] {logging_mixin.py:188} INFO - [2024-07-15T15:55:49.909+0000] {dagbag.py:545} INFO - Filling up the DagBag from /home/airflow/.local/lib/python3.11/site-packages/airflow/example_dags/example_sensor_decorator.py
[2024-07-15T15:55:49.921+0000] {processor.py:840} INFO - DAG(s) 'example_sensor_decorator' retrieved from /home/airflow/.local/lib/python3.11/site-packages/airflow/example_dags/example_sensor_decorator.py
[2024-07-15T15:55:49.954+0000] {logging_mixin.py:188} INFO - [2024-07-15T15:55:49.954+0000] {dag.py:3096} INFO - Sync 1 DAGs
[2024-07-15T15:55:49.976+0000] {logging_mixin.py:188} INFO - [2024-07-15T15:55:49.976+0000] {dag.py:3954} INFO - Setting next_dagrun for example_sensor_decorator to None, run_after=None
[2024-07-15T15:55:50.006+0000] {processor.py:183} INFO - Processing /home/airflow/.local/lib/python3.11/site-packages/airflow/example_dags/example_sensor_decorator.py took 0.115 seconds
[2024-07-15T15:55:56.652+0000] {processor.py:161} INFO - Started process (PID=26206) to work on /home/airflow/.local/lib/python3.11/site-packages/airflow/example_dags/example_sensor_decorator.py
[2024-07-15T15:55:56.671+0000] {processor.py:830} INFO - Processing file /home/airflow/.local/lib/python3.11/site-packages/airflow/example_dags/example_sensor_decorator.py for tasks to queue
[2024-07-15T15:55:56.686+0000] {logging_mixin.py:188} INFO - [2024-07-15T15:55:56.685+0000] {dagbag.py:545} INFO - Filling up the DagBag from /home/airflow/.local/lib/python3.11/site-packages/airflow/example_dags/example_sensor_decorator.py
[2024-07-15T15:55:56.735+0000] {processor.py:840} INFO - DAG(s) 'example_sensor_decorator' retrieved from /home/airflow/.local/lib/python3.11/site-packages/airflow/example_dags/example_sensor_decorator.py
[2024-07-15T15:55:56.872+0000] {logging_mixin.py:188} INFO - [2024-07-15T15:55:56.871+0000] {dag.py:3096} INFO - Sync 1 DAGs
[2024-07-15T15:55:56.946+0000] {logging_mixin.py:188} INFO - [2024-07-15T15:55:56.945+0000] {dag.py:3954} INFO - Setting next_dagrun for example_sensor_decorator to None, run_after=None
[2024-07-15T15:55:56.994+0000] {processor.py:183} INFO - Processing /home/airflow/.local/lib/python3.11/site-packages/airflow/example_dags/example_sensor_decorator.py took 0.382 seconds
[2024-07-15T15:56:04.604+0000] {processor.py:161} INFO - Started process (PID=26259) to work on /home/airflow/.local/lib/python3.11/site-packages/airflow/example_dags/example_sensor_decorator.py
[2024-07-15T15:56:04.605+0000] {processor.py:830} INFO - Processing file /home/airflow/.local/lib/python3.11/site-packages/airflow/example_dags/example_sensor_decorator.py for tasks to queue
[2024-07-15T15:56:04.608+0000] {logging_mixin.py:188} INFO - [2024-07-15T15:56:04.608+0000] {dagbag.py:545} INFO - Filling up the DagBag from /home/airflow/.local/lib/python3.11/site-packages/airflow/example_dags/example_sensor_decorator.py
[2024-07-15T15:56:04.619+0000] {processor.py:840} INFO - DAG(s) 'example_sensor_decorator' retrieved from /home/airflow/.local/lib/python3.11/site-packages/airflow/example_dags/example_sensor_decorator.py
[2024-07-15T15:56:04.645+0000] {logging_mixin.py:188} INFO - [2024-07-15T15:56:04.645+0000] {dag.py:3096} INFO - Sync 1 DAGs
[2024-07-15T15:56:04.664+0000] {logging_mixin.py:188} INFO - [2024-07-15T15:56:04.663+0000] {dag.py:3954} INFO - Setting next_dagrun for example_sensor_decorator to None, run_after=None
[2024-07-15T15:56:04.744+0000] {processor.py:183} INFO - Processing /home/airflow/.local/lib/python3.11/site-packages/airflow/example_dags/example_sensor_decorator.py took 0.149 seconds
[2024-07-15T15:56:10.303+0000] {processor.py:161} INFO - Started process (PID=26311) to work on /home/airflow/.local/lib/python3.11/site-packages/airflow/example_dags/example_sensor_decorator.py
[2024-07-15T15:56:10.305+0000] {processor.py:830} INFO - Processing file /home/airflow/.local/lib/python3.11/site-packages/airflow/example_dags/example_sensor_decorator.py for tasks to queue
[2024-07-15T15:56:10.308+0000] {logging_mixin.py:188} INFO - [2024-07-15T15:56:10.307+0000] {dagbag.py:545} INFO - Filling up the DagBag from /home/airflow/.local/lib/python3.11/site-packages/airflow/example_dags/example_sensor_decorator.py
[2024-07-15T15:56:10.319+0000] {processor.py:840} INFO - DAG(s) 'example_sensor_decorator' retrieved from /home/airflow/.local/lib/python3.11/site-packages/airflow/example_dags/example_sensor_decorator.py
[2024-07-15T15:56:10.355+0000] {logging_mixin.py:188} INFO - [2024-07-15T15:56:10.354+0000] {dag.py:3096} INFO - Sync 1 DAGs
[2024-07-15T15:56:10.377+0000] {logging_mixin.py:188} INFO - [2024-07-15T15:56:10.377+0000] {dag.py:3954} INFO - Setting next_dagrun for example_sensor_decorator to None, run_after=None
[2024-07-15T15:56:10.412+0000] {processor.py:183} INFO - Processing /home/airflow/.local/lib/python3.11/site-packages/airflow/example_dags/example_sensor_decorator.py took 0.122 seconds
[2024-07-15T15:56:16.894+0000] {processor.py:161} INFO - Started process (PID=26364) to work on /home/airflow/.local/lib/python3.11/site-packages/airflow/example_dags/example_sensor_decorator.py
[2024-07-15T15:56:16.896+0000] {processor.py:830} INFO - Processing file /home/airflow/.local/lib/python3.11/site-packages/airflow/example_dags/example_sensor_decorator.py for tasks to queue
[2024-07-15T15:56:16.900+0000] {logging_mixin.py:188} INFO - [2024-07-15T15:56:16.899+0000] {dagbag.py:545} INFO - Filling up the DagBag from /home/airflow/.local/lib/python3.11/site-packages/airflow/example_dags/example_sensor_decorator.py
[2024-07-15T15:56:16.916+0000] {processor.py:840} INFO - DAG(s) 'example_sensor_decorator' retrieved from /home/airflow/.local/lib/python3.11/site-packages/airflow/example_dags/example_sensor_decorator.py
[2024-07-15T15:56:16.956+0000] {logging_mixin.py:188} INFO - [2024-07-15T15:56:16.955+0000] {dag.py:3096} INFO - Sync 1 DAGs
[2024-07-15T15:56:16.977+0000] {logging_mixin.py:188} INFO - [2024-07-15T15:56:16.977+0000] {dag.py:3954} INFO - Setting next_dagrun for example_sensor_decorator to None, run_after=None
[2024-07-15T15:56:17.015+0000] {processor.py:183} INFO - Processing /home/airflow/.local/lib/python3.11/site-packages/airflow/example_dags/example_sensor_decorator.py took 0.135 seconds
[2024-07-15T15:56:23.436+0000] {processor.py:161} INFO - Started process (PID=26422) to work on /home/airflow/.local/lib/python3.11/site-packages/airflow/example_dags/example_sensor_decorator.py
[2024-07-15T15:56:23.438+0000] {processor.py:830} INFO - Processing file /home/airflow/.local/lib/python3.11/site-packages/airflow/example_dags/example_sensor_decorator.py for tasks to queue
[2024-07-15T15:56:23.441+0000] {logging_mixin.py:188} INFO - [2024-07-15T15:56:23.440+0000] {dagbag.py:545} INFO - Filling up the DagBag from /home/airflow/.local/lib/python3.11/site-packages/airflow/example_dags/example_sensor_decorator.py
[2024-07-15T15:56:23.454+0000] {processor.py:840} INFO - DAG(s) 'example_sensor_decorator' retrieved from /home/airflow/.local/lib/python3.11/site-packages/airflow/example_dags/example_sensor_decorator.py
[2024-07-15T15:56:23.492+0000] {logging_mixin.py:188} INFO - [2024-07-15T15:56:23.492+0000] {dag.py:3096} INFO - Sync 1 DAGs
[2024-07-15T15:56:23.515+0000] {logging_mixin.py:188} INFO - [2024-07-15T15:56:23.514+0000] {dag.py:3954} INFO - Setting next_dagrun for example_sensor_decorator to None, run_after=None
[2024-07-15T15:56:23.545+0000] {processor.py:183} INFO - Processing /home/airflow/.local/lib/python3.11/site-packages/airflow/example_dags/example_sensor_decorator.py took 0.123 seconds
[2024-07-15T15:56:31.241+0000] {processor.py:161} INFO - Started process (PID=26475) to work on /home/airflow/.local/lib/python3.11/site-packages/airflow/example_dags/example_sensor_decorator.py
[2024-07-15T15:56:31.242+0000] {processor.py:830} INFO - Processing file /home/airflow/.local/lib/python3.11/site-packages/airflow/example_dags/example_sensor_decorator.py for tasks to queue
[2024-07-15T15:56:31.245+0000] {logging_mixin.py:188} INFO - [2024-07-15T15:56:31.244+0000] {dagbag.py:545} INFO - Filling up the DagBag from /home/airflow/.local/lib/python3.11/site-packages/airflow/example_dags/example_sensor_decorator.py
[2024-07-15T15:56:31.257+0000] {processor.py:840} INFO - DAG(s) 'example_sensor_decorator' retrieved from /home/airflow/.local/lib/python3.11/site-packages/airflow/example_dags/example_sensor_decorator.py
[2024-07-15T15:56:31.296+0000] {logging_mixin.py:188} INFO - [2024-07-15T15:56:31.295+0000] {dag.py:3096} INFO - Sync 1 DAGs
[2024-07-15T15:56:31.326+0000] {logging_mixin.py:188} INFO - [2024-07-15T15:56:31.326+0000] {dag.py:3954} INFO - Setting next_dagrun for example_sensor_decorator to None, run_after=None
[2024-07-15T15:56:31.369+0000] {processor.py:183} INFO - Processing /home/airflow/.local/lib/python3.11/site-packages/airflow/example_dags/example_sensor_decorator.py took 0.138 seconds
[2024-07-15T15:56:39.621+0000] {processor.py:161} INFO - Started process (PID=26527) to work on /home/airflow/.local/lib/python3.11/site-packages/airflow/example_dags/example_sensor_decorator.py
[2024-07-15T15:56:39.623+0000] {processor.py:830} INFO - Processing file /home/airflow/.local/lib/python3.11/site-packages/airflow/example_dags/example_sensor_decorator.py for tasks to queue
[2024-07-15T15:56:39.626+0000] {logging_mixin.py:188} INFO - [2024-07-15T15:56:39.626+0000] {dagbag.py:545} INFO - Filling up the DagBag from /home/airflow/.local/lib/python3.11/site-packages/airflow/example_dags/example_sensor_decorator.py
[2024-07-15T15:56:39.637+0000] {processor.py:840} INFO - DAG(s) 'example_sensor_decorator' retrieved from /home/airflow/.local/lib/python3.11/site-packages/airflow/example_dags/example_sensor_decorator.py
[2024-07-15T15:56:39.669+0000] {logging_mixin.py:188} INFO - [2024-07-15T15:56:39.668+0000] {dag.py:3096} INFO - Sync 1 DAGs
[2024-07-15T15:56:39.688+0000] {logging_mixin.py:188} INFO - [2024-07-15T15:56:39.688+0000] {dag.py:3954} INFO - Setting next_dagrun for example_sensor_decorator to None, run_after=None
[2024-07-15T15:56:39.714+0000] {processor.py:183} INFO - Processing /home/airflow/.local/lib/python3.11/site-packages/airflow/example_dags/example_sensor_decorator.py took 0.104 seconds
[2024-07-15T15:56:44.483+0000] {processor.py:161} INFO - Started process (PID=26581) to work on /home/airflow/.local/lib/python3.11/site-packages/airflow/example_dags/example_sensor_decorator.py
[2024-07-15T15:56:44.484+0000] {processor.py:830} INFO - Processing file /home/airflow/.local/lib/python3.11/site-packages/airflow/example_dags/example_sensor_decorator.py for tasks to queue
[2024-07-15T15:56:44.487+0000] {logging_mixin.py:188} INFO - [2024-07-15T15:56:44.486+0000] {dagbag.py:545} INFO - Filling up the DagBag from /home/airflow/.local/lib/python3.11/site-packages/airflow/example_dags/example_sensor_decorator.py
[2024-07-15T15:56:44.496+0000] {processor.py:840} INFO - DAG(s) 'example_sensor_decorator' retrieved from /home/airflow/.local/lib/python3.11/site-packages/airflow/example_dags/example_sensor_decorator.py
[2024-07-15T15:56:44.522+0000] {logging_mixin.py:188} INFO - [2024-07-15T15:56:44.522+0000] {dag.py:3096} INFO - Sync 1 DAGs
[2024-07-15T15:56:44.539+0000] {logging_mixin.py:188} INFO - [2024-07-15T15:56:44.538+0000] {dag.py:3954} INFO - Setting next_dagrun for example_sensor_decorator to None, run_after=None
[2024-07-15T15:56:44.564+0000] {processor.py:183} INFO - Processing /home/airflow/.local/lib/python3.11/site-packages/airflow/example_dags/example_sensor_decorator.py took 0.089 seconds
[2024-07-15T15:56:49.169+0000] {processor.py:161} INFO - Started process (PID=26633) to work on /home/airflow/.local/lib/python3.11/site-packages/airflow/example_dags/example_sensor_decorator.py
[2024-07-15T15:56:49.171+0000] {processor.py:830} INFO - Processing file /home/airflow/.local/lib/python3.11/site-packages/airflow/example_dags/example_sensor_decorator.py for tasks to queue
[2024-07-15T15:56:49.174+0000] {logging_mixin.py:188} INFO - [2024-07-15T15:56:49.173+0000] {dagbag.py:545} INFO - Filling up the DagBag from /home/airflow/.local/lib/python3.11/site-packages/airflow/example_dags/example_sensor_decorator.py
[2024-07-15T15:56:49.184+0000] {processor.py:840} INFO - DAG(s) 'example_sensor_decorator' retrieved from /home/airflow/.local/lib/python3.11/site-packages/airflow/example_dags/example_sensor_decorator.py
[2024-07-15T15:56:49.212+0000] {logging_mixin.py:188} INFO - [2024-07-15T15:56:49.212+0000] {dag.py:3096} INFO - Sync 1 DAGs
[2024-07-15T15:56:49.231+0000] {logging_mixin.py:188} INFO - [2024-07-15T15:56:49.230+0000] {dag.py:3954} INFO - Setting next_dagrun for example_sensor_decorator to None, run_after=None
[2024-07-15T15:56:49.258+0000] {processor.py:183} INFO - Processing /home/airflow/.local/lib/python3.11/site-packages/airflow/example_dags/example_sensor_decorator.py took 0.100 seconds
[2024-07-15T15:56:55.409+0000] {processor.py:161} INFO - Started process (PID=26693) to work on /home/airflow/.local/lib/python3.11/site-packages/airflow/example_dags/example_sensor_decorator.py
[2024-07-15T15:56:55.410+0000] {processor.py:830} INFO - Processing file /home/airflow/.local/lib/python3.11/site-packages/airflow/example_dags/example_sensor_decorator.py for tasks to queue
[2024-07-15T15:56:55.414+0000] {logging_mixin.py:188} INFO - [2024-07-15T15:56:55.413+0000] {dagbag.py:545} INFO - Filling up the DagBag from /home/airflow/.local/lib/python3.11/site-packages/airflow/example_dags/example_sensor_decorator.py
[2024-07-15T15:56:55.423+0000] {processor.py:840} INFO - DAG(s) 'example_sensor_decorator' retrieved from /home/airflow/.local/lib/python3.11/site-packages/airflow/example_dags/example_sensor_decorator.py
[2024-07-15T15:56:55.451+0000] {logging_mixin.py:188} INFO - [2024-07-15T15:56:55.450+0000] {dag.py:3096} INFO - Sync 1 DAGs
[2024-07-15T15:56:55.468+0000] {logging_mixin.py:188} INFO - [2024-07-15T15:56:55.468+0000] {dag.py:3954} INFO - Setting next_dagrun for example_sensor_decorator to None, run_after=None
[2024-07-15T15:56:55.490+0000] {processor.py:183} INFO - Processing /home/airflow/.local/lib/python3.11/site-packages/airflow/example_dags/example_sensor_decorator.py took 0.091 seconds
