[2024-07-15T15:49:06.029+0000] {processor.py:161} INFO - Started process (PID=22632) to work on /home/airflow/.local/lib/python3.11/site-packages/airflow/example_dags/example_kubernetes_executor.py
[2024-07-15T15:49:06.031+0000] {processor.py:830} INFO - Processing file /home/airflow/.local/lib/python3.11/site-packages/airflow/example_dags/example_kubernetes_executor.py for tasks to queue
[2024-07-15T15:49:06.044+0000] {logging_mixin.py:188} INFO - [2024-07-15T15:49:06.035+0000] {dagbag.py:545} INFO - Filling up the DagBag from /home/airflow/.local/lib/python3.11/site-packages/airflow/example_dags/example_kubernetes_executor.py
[2024-07-15T15:49:06.156+0000] {processor.py:840} INFO - DAG(s) 'example_kubernetes_executor' retrieved from /home/airflow/.local/lib/python3.11/site-packages/airflow/example_dags/example_kubernetes_executor.py
[2024-07-15T15:49:06.447+0000] {logging_mixin.py:188} INFO - [2024-07-15T15:49:06.447+0000] {dag.py:3096} INFO - Sync 1 DAGs
[2024-07-15T15:49:06.535+0000] {logging_mixin.py:188} INFO - [2024-07-15T15:49:06.534+0000] {dag.py:3954} INFO - Setting next_dagrun for example_kubernetes_executor to None, run_after=None
[2024-07-15T15:49:06.635+0000] {processor.py:183} INFO - Processing /home/airflow/.local/lib/python3.11/site-packages/airflow/example_dags/example_kubernetes_executor.py took 0.649 seconds
[2024-07-15T15:49:14.320+0000] {processor.py:161} INFO - Started process (PID=22684) to work on /home/airflow/.local/lib/python3.11/site-packages/airflow/example_dags/example_kubernetes_executor.py
[2024-07-15T15:49:14.322+0000] {processor.py:830} INFO - Processing file /home/airflow/.local/lib/python3.11/site-packages/airflow/example_dags/example_kubernetes_executor.py for tasks to queue
[2024-07-15T15:49:14.326+0000] {logging_mixin.py:188} INFO - [2024-07-15T15:49:14.326+0000] {dagbag.py:545} INFO - Filling up the DagBag from /home/airflow/.local/lib/python3.11/site-packages/airflow/example_dags/example_kubernetes_executor.py
[2024-07-15T15:49:14.351+0000] {processor.py:840} INFO - DAG(s) 'example_kubernetes_executor' retrieved from /home/airflow/.local/lib/python3.11/site-packages/airflow/example_dags/example_kubernetes_executor.py
[2024-07-15T15:49:14.428+0000] {logging_mixin.py:188} INFO - [2024-07-15T15:49:14.428+0000] {dag.py:3096} INFO - Sync 1 DAGs
[2024-07-15T15:49:14.457+0000] {logging_mixin.py:188} INFO - [2024-07-15T15:49:14.457+0000] {dag.py:3954} INFO - Setting next_dagrun for example_kubernetes_executor to None, run_after=None
[2024-07-15T15:49:14.492+0000] {processor.py:183} INFO - Processing /home/airflow/.local/lib/python3.11/site-packages/airflow/example_dags/example_kubernetes_executor.py took 0.184 seconds
[2024-07-15T15:49:22.912+0000] {processor.py:161} INFO - Started process (PID=22743) to work on /home/airflow/.local/lib/python3.11/site-packages/airflow/example_dags/example_kubernetes_executor.py
[2024-07-15T15:49:22.915+0000] {processor.py:830} INFO - Processing file /home/airflow/.local/lib/python3.11/site-packages/airflow/example_dags/example_kubernetes_executor.py for tasks to queue
[2024-07-15T15:49:22.921+0000] {logging_mixin.py:188} INFO - [2024-07-15T15:49:22.919+0000] {dagbag.py:545} INFO - Filling up the DagBag from /home/airflow/.local/lib/python3.11/site-packages/airflow/example_dags/example_kubernetes_executor.py
[2024-07-15T15:49:22.984+0000] {processor.py:840} INFO - DAG(s) 'example_kubernetes_executor' retrieved from /home/airflow/.local/lib/python3.11/site-packages/airflow/example_dags/example_kubernetes_executor.py
[2024-07-15T15:49:23.090+0000] {logging_mixin.py:188} INFO - [2024-07-15T15:49:23.089+0000] {dag.py:3096} INFO - Sync 1 DAGs
[2024-07-15T15:49:23.118+0000] {logging_mixin.py:188} INFO - [2024-07-15T15:49:23.118+0000] {dag.py:3954} INFO - Setting next_dagrun for example_kubernetes_executor to None, run_after=None
[2024-07-15T15:49:23.159+0000] {processor.py:183} INFO - Processing /home/airflow/.local/lib/python3.11/site-packages/airflow/example_dags/example_kubernetes_executor.py took 0.266 seconds
[2024-07-15T15:49:30.116+0000] {processor.py:161} INFO - Started process (PID=22795) to work on /home/airflow/.local/lib/python3.11/site-packages/airflow/example_dags/example_kubernetes_executor.py
[2024-07-15T15:49:30.118+0000] {processor.py:830} INFO - Processing file /home/airflow/.local/lib/python3.11/site-packages/airflow/example_dags/example_kubernetes_executor.py for tasks to queue
[2024-07-15T15:49:30.125+0000] {logging_mixin.py:188} INFO - [2024-07-15T15:49:30.123+0000] {dagbag.py:545} INFO - Filling up the DagBag from /home/airflow/.local/lib/python3.11/site-packages/airflow/example_dags/example_kubernetes_executor.py
[2024-07-15T15:49:30.226+0000] {processor.py:840} INFO - DAG(s) 'example_kubernetes_executor' retrieved from /home/airflow/.local/lib/python3.11/site-packages/airflow/example_dags/example_kubernetes_executor.py
[2024-07-15T15:49:30.438+0000] {logging_mixin.py:188} INFO - [2024-07-15T15:49:30.438+0000] {dag.py:3096} INFO - Sync 1 DAGs
[2024-07-15T15:49:30.489+0000] {logging_mixin.py:188} INFO - [2024-07-15T15:49:30.489+0000] {dag.py:3954} INFO - Setting next_dagrun for example_kubernetes_executor to None, run_after=None
[2024-07-15T15:49:30.535+0000] {processor.py:183} INFO - Processing /home/airflow/.local/lib/python3.11/site-packages/airflow/example_dags/example_kubernetes_executor.py took 0.468 seconds
[2024-07-15T15:49:37.675+0000] {processor.py:161} INFO - Started process (PID=22848) to work on /home/airflow/.local/lib/python3.11/site-packages/airflow/example_dags/example_kubernetes_executor.py
[2024-07-15T15:49:37.677+0000] {processor.py:830} INFO - Processing file /home/airflow/.local/lib/python3.11/site-packages/airflow/example_dags/example_kubernetes_executor.py for tasks to queue
[2024-07-15T15:49:37.680+0000] {logging_mixin.py:188} INFO - [2024-07-15T15:49:37.679+0000] {dagbag.py:545} INFO - Filling up the DagBag from /home/airflow/.local/lib/python3.11/site-packages/airflow/example_dags/example_kubernetes_executor.py
[2024-07-15T15:49:37.704+0000] {processor.py:840} INFO - DAG(s) 'example_kubernetes_executor' retrieved from /home/airflow/.local/lib/python3.11/site-packages/airflow/example_dags/example_kubernetes_executor.py
[2024-07-15T15:49:37.768+0000] {logging_mixin.py:188} INFO - [2024-07-15T15:49:37.767+0000] {dag.py:3096} INFO - Sync 1 DAGs
[2024-07-15T15:49:37.786+0000] {logging_mixin.py:188} INFO - [2024-07-15T15:49:37.786+0000] {dag.py:3954} INFO - Setting next_dagrun for example_kubernetes_executor to None, run_after=None
[2024-07-15T15:49:37.815+0000] {processor.py:183} INFO - Processing /home/airflow/.local/lib/python3.11/site-packages/airflow/example_dags/example_kubernetes_executor.py took 0.149 seconds
[2024-07-15T15:49:44.951+0000] {processor.py:161} INFO - Started process (PID=22900) to work on /home/airflow/.local/lib/python3.11/site-packages/airflow/example_dags/example_kubernetes_executor.py
[2024-07-15T15:49:44.953+0000] {processor.py:830} INFO - Processing file /home/airflow/.local/lib/python3.11/site-packages/airflow/example_dags/example_kubernetes_executor.py for tasks to queue
[2024-07-15T15:49:44.956+0000] {logging_mixin.py:188} INFO - [2024-07-15T15:49:44.955+0000] {dagbag.py:545} INFO - Filling up the DagBag from /home/airflow/.local/lib/python3.11/site-packages/airflow/example_dags/example_kubernetes_executor.py
[2024-07-15T15:49:44.987+0000] {processor.py:840} INFO - DAG(s) 'example_kubernetes_executor' retrieved from /home/airflow/.local/lib/python3.11/site-packages/airflow/example_dags/example_kubernetes_executor.py
[2024-07-15T15:49:45.107+0000] {logging_mixin.py:188} INFO - [2024-07-15T15:49:45.106+0000] {dag.py:3096} INFO - Sync 1 DAGs
[2024-07-15T15:49:45.136+0000] {logging_mixin.py:188} INFO - [2024-07-15T15:49:45.135+0000] {dag.py:3954} INFO - Setting next_dagrun for example_kubernetes_executor to None, run_after=None
[2024-07-15T15:49:45.173+0000] {processor.py:183} INFO - Processing /home/airflow/.local/lib/python3.11/site-packages/airflow/example_dags/example_kubernetes_executor.py took 0.237 seconds
[2024-07-15T15:49:51.894+0000] {processor.py:161} INFO - Started process (PID=22960) to work on /home/airflow/.local/lib/python3.11/site-packages/airflow/example_dags/example_kubernetes_executor.py
[2024-07-15T15:49:51.896+0000] {processor.py:830} INFO - Processing file /home/airflow/.local/lib/python3.11/site-packages/airflow/example_dags/example_kubernetes_executor.py for tasks to queue
[2024-07-15T15:49:51.899+0000] {logging_mixin.py:188} INFO - [2024-07-15T15:49:51.899+0000] {dagbag.py:545} INFO - Filling up the DagBag from /home/airflow/.local/lib/python3.11/site-packages/airflow/example_dags/example_kubernetes_executor.py
[2024-07-15T15:49:51.921+0000] {processor.py:840} INFO - DAG(s) 'example_kubernetes_executor' retrieved from /home/airflow/.local/lib/python3.11/site-packages/airflow/example_dags/example_kubernetes_executor.py
[2024-07-15T15:49:52.041+0000] {logging_mixin.py:188} INFO - [2024-07-15T15:49:52.040+0000] {dag.py:3096} INFO - Sync 1 DAGs
[2024-07-15T15:49:52.059+0000] {logging_mixin.py:188} INFO - [2024-07-15T15:49:52.059+0000] {dag.py:3954} INFO - Setting next_dagrun for example_kubernetes_executor to None, run_after=None
[2024-07-15T15:49:52.091+0000] {processor.py:183} INFO - Processing /home/airflow/.local/lib/python3.11/site-packages/airflow/example_dags/example_kubernetes_executor.py took 0.207 seconds
[2024-07-15T15:49:59.070+0000] {processor.py:161} INFO - Started process (PID=23012) to work on /home/airflow/.local/lib/python3.11/site-packages/airflow/example_dags/example_kubernetes_executor.py
[2024-07-15T15:49:59.072+0000] {processor.py:830} INFO - Processing file /home/airflow/.local/lib/python3.11/site-packages/airflow/example_dags/example_kubernetes_executor.py for tasks to queue
[2024-07-15T15:49:59.075+0000] {logging_mixin.py:188} INFO - [2024-07-15T15:49:59.074+0000] {dagbag.py:545} INFO - Filling up the DagBag from /home/airflow/.local/lib/python3.11/site-packages/airflow/example_dags/example_kubernetes_executor.py
[2024-07-15T15:49:59.093+0000] {processor.py:840} INFO - DAG(s) 'example_kubernetes_executor' retrieved from /home/airflow/.local/lib/python3.11/site-packages/airflow/example_dags/example_kubernetes_executor.py
[2024-07-15T15:49:59.147+0000] {logging_mixin.py:188} INFO - [2024-07-15T15:49:59.147+0000] {dag.py:3096} INFO - Sync 1 DAGs
[2024-07-15T15:49:59.164+0000] {logging_mixin.py:188} INFO - [2024-07-15T15:49:59.164+0000] {dag.py:3954} INFO - Setting next_dagrun for example_kubernetes_executor to None, run_after=None
[2024-07-15T15:49:59.190+0000] {processor.py:183} INFO - Processing /home/airflow/.local/lib/python3.11/site-packages/airflow/example_dags/example_kubernetes_executor.py took 0.129 seconds
[2024-07-15T15:50:04.898+0000] {processor.py:161} INFO - Started process (PID=23065) to work on /home/airflow/.local/lib/python3.11/site-packages/airflow/example_dags/example_kubernetes_executor.py
[2024-07-15T15:50:04.900+0000] {processor.py:830} INFO - Processing file /home/airflow/.local/lib/python3.11/site-packages/airflow/example_dags/example_kubernetes_executor.py for tasks to queue
[2024-07-15T15:50:04.902+0000] {logging_mixin.py:188} INFO - [2024-07-15T15:50:04.902+0000] {dagbag.py:545} INFO - Filling up the DagBag from /home/airflow/.local/lib/python3.11/site-packages/airflow/example_dags/example_kubernetes_executor.py
[2024-07-15T15:50:04.917+0000] {processor.py:840} INFO - DAG(s) 'example_kubernetes_executor' retrieved from /home/airflow/.local/lib/python3.11/site-packages/airflow/example_dags/example_kubernetes_executor.py
[2024-07-15T15:50:04.963+0000] {logging_mixin.py:188} INFO - [2024-07-15T15:50:04.963+0000] {dag.py:3096} INFO - Sync 1 DAGs
[2024-07-15T15:50:04.977+0000] {logging_mixin.py:188} INFO - [2024-07-15T15:50:04.977+0000] {dag.py:3954} INFO - Setting next_dagrun for example_kubernetes_executor to None, run_after=None
[2024-07-15T15:50:05.024+0000] {processor.py:183} INFO - Processing /home/airflow/.local/lib/python3.11/site-packages/airflow/example_dags/example_kubernetes_executor.py took 0.133 seconds
[2024-07-15T15:50:10.482+0000] {processor.py:161} INFO - Started process (PID=23117) to work on /home/airflow/.local/lib/python3.11/site-packages/airflow/example_dags/example_kubernetes_executor.py
[2024-07-15T15:50:10.483+0000] {processor.py:830} INFO - Processing file /home/airflow/.local/lib/python3.11/site-packages/airflow/example_dags/example_kubernetes_executor.py for tasks to queue
[2024-07-15T15:50:10.486+0000] {logging_mixin.py:188} INFO - [2024-07-15T15:50:10.486+0000] {dagbag.py:545} INFO - Filling up the DagBag from /home/airflow/.local/lib/python3.11/site-packages/airflow/example_dags/example_kubernetes_executor.py
[2024-07-15T15:50:10.507+0000] {processor.py:840} INFO - DAG(s) 'example_kubernetes_executor' retrieved from /home/airflow/.local/lib/python3.11/site-packages/airflow/example_dags/example_kubernetes_executor.py
[2024-07-15T15:50:10.613+0000] {logging_mixin.py:188} INFO - [2024-07-15T15:50:10.613+0000] {dag.py:3096} INFO - Sync 1 DAGs
[2024-07-15T15:50:10.629+0000] {logging_mixin.py:188} INFO - [2024-07-15T15:50:10.628+0000] {dag.py:3954} INFO - Setting next_dagrun for example_kubernetes_executor to None, run_after=None
[2024-07-15T15:50:10.651+0000] {processor.py:183} INFO - Processing /home/airflow/.local/lib/python3.11/site-packages/airflow/example_dags/example_kubernetes_executor.py took 0.177 seconds
[2024-07-15T15:50:17.106+0000] {processor.py:161} INFO - Started process (PID=23170) to work on /home/airflow/.local/lib/python3.11/site-packages/airflow/example_dags/example_kubernetes_executor.py
[2024-07-15T15:50:17.108+0000] {processor.py:830} INFO - Processing file /home/airflow/.local/lib/python3.11/site-packages/airflow/example_dags/example_kubernetes_executor.py for tasks to queue
[2024-07-15T15:50:17.110+0000] {logging_mixin.py:188} INFO - [2024-07-15T15:50:17.110+0000] {dagbag.py:545} INFO - Filling up the DagBag from /home/airflow/.local/lib/python3.11/site-packages/airflow/example_dags/example_kubernetes_executor.py
[2024-07-15T15:50:17.125+0000] {processor.py:840} INFO - DAG(s) 'example_kubernetes_executor' retrieved from /home/airflow/.local/lib/python3.11/site-packages/airflow/example_dags/example_kubernetes_executor.py
[2024-07-15T15:50:17.171+0000] {logging_mixin.py:188} INFO - [2024-07-15T15:50:17.171+0000] {dag.py:3096} INFO - Sync 1 DAGs
[2024-07-15T15:50:17.185+0000] {logging_mixin.py:188} INFO - [2024-07-15T15:50:17.184+0000] {dag.py:3954} INFO - Setting next_dagrun for example_kubernetes_executor to None, run_after=None
[2024-07-15T15:50:17.215+0000] {processor.py:183} INFO - Processing /home/airflow/.local/lib/python3.11/site-packages/airflow/example_dags/example_kubernetes_executor.py took 0.116 seconds
[2024-07-15T15:50:22.242+0000] {processor.py:161} INFO - Started process (PID=23230) to work on /home/airflow/.local/lib/python3.11/site-packages/airflow/example_dags/example_kubernetes_executor.py
[2024-07-15T15:50:22.244+0000] {processor.py:830} INFO - Processing file /home/airflow/.local/lib/python3.11/site-packages/airflow/example_dags/example_kubernetes_executor.py for tasks to queue
[2024-07-15T15:50:22.246+0000] {logging_mixin.py:188} INFO - [2024-07-15T15:50:22.246+0000] {dagbag.py:545} INFO - Filling up the DagBag from /home/airflow/.local/lib/python3.11/site-packages/airflow/example_dags/example_kubernetes_executor.py
[2024-07-15T15:50:22.262+0000] {processor.py:840} INFO - DAG(s) 'example_kubernetes_executor' retrieved from /home/airflow/.local/lib/python3.11/site-packages/airflow/example_dags/example_kubernetes_executor.py
[2024-07-15T15:50:22.305+0000] {logging_mixin.py:188} INFO - [2024-07-15T15:50:22.305+0000] {dag.py:3096} INFO - Sync 1 DAGs
[2024-07-15T15:50:22.341+0000] {logging_mixin.py:188} INFO - [2024-07-15T15:50:22.340+0000] {dag.py:3954} INFO - Setting next_dagrun for example_kubernetes_executor to None, run_after=None
[2024-07-15T15:50:22.369+0000] {processor.py:183} INFO - Processing /home/airflow/.local/lib/python3.11/site-packages/airflow/example_dags/example_kubernetes_executor.py took 0.134 seconds
[2024-07-15T15:50:27.804+0000] {processor.py:161} INFO - Started process (PID=23282) to work on /home/airflow/.local/lib/python3.11/site-packages/airflow/example_dags/example_kubernetes_executor.py
[2024-07-15T15:50:27.806+0000] {processor.py:830} INFO - Processing file /home/airflow/.local/lib/python3.11/site-packages/airflow/example_dags/example_kubernetes_executor.py for tasks to queue
[2024-07-15T15:50:27.809+0000] {logging_mixin.py:188} INFO - [2024-07-15T15:50:27.809+0000] {dagbag.py:545} INFO - Filling up the DagBag from /home/airflow/.local/lib/python3.11/site-packages/airflow/example_dags/example_kubernetes_executor.py
[2024-07-15T15:50:27.830+0000] {processor.py:840} INFO - DAG(s) 'example_kubernetes_executor' retrieved from /home/airflow/.local/lib/python3.11/site-packages/airflow/example_dags/example_kubernetes_executor.py
[2024-07-15T15:50:27.877+0000] {logging_mixin.py:188} INFO - [2024-07-15T15:50:27.877+0000] {dag.py:3096} INFO - Sync 1 DAGs
[2024-07-15T15:50:27.916+0000] {logging_mixin.py:188} INFO - [2024-07-15T15:50:27.916+0000] {dag.py:3954} INFO - Setting next_dagrun for example_kubernetes_executor to None, run_after=None
[2024-07-15T15:50:27.944+0000] {processor.py:183} INFO - Processing /home/airflow/.local/lib/python3.11/site-packages/airflow/example_dags/example_kubernetes_executor.py took 0.151 seconds
[2024-07-15T15:50:32.965+0000] {processor.py:161} INFO - Started process (PID=23336) to work on /home/airflow/.local/lib/python3.11/site-packages/airflow/example_dags/example_kubernetes_executor.py
[2024-07-15T15:50:32.967+0000] {processor.py:830} INFO - Processing file /home/airflow/.local/lib/python3.11/site-packages/airflow/example_dags/example_kubernetes_executor.py for tasks to queue
[2024-07-15T15:50:32.971+0000] {logging_mixin.py:188} INFO - [2024-07-15T15:50:32.970+0000] {dagbag.py:545} INFO - Filling up the DagBag from /home/airflow/.local/lib/python3.11/site-packages/airflow/example_dags/example_kubernetes_executor.py
[2024-07-15T15:50:32.993+0000] {processor.py:840} INFO - DAG(s) 'example_kubernetes_executor' retrieved from /home/airflow/.local/lib/python3.11/site-packages/airflow/example_dags/example_kubernetes_executor.py
[2024-07-15T15:50:33.078+0000] {logging_mixin.py:188} INFO - [2024-07-15T15:50:33.077+0000] {dag.py:3096} INFO - Sync 1 DAGs
[2024-07-15T15:50:33.120+0000] {logging_mixin.py:188} INFO - [2024-07-15T15:50:33.120+0000] {dag.py:3954} INFO - Setting next_dagrun for example_kubernetes_executor to None, run_after=None
[2024-07-15T15:50:33.148+0000] {processor.py:183} INFO - Processing /home/airflow/.local/lib/python3.11/site-packages/airflow/example_dags/example_kubernetes_executor.py took 0.216 seconds
[2024-07-15T15:50:38.511+0000] {processor.py:161} INFO - Started process (PID=23388) to work on /home/airflow/.local/lib/python3.11/site-packages/airflow/example_dags/example_kubernetes_executor.py
[2024-07-15T15:50:38.513+0000] {processor.py:830} INFO - Processing file /home/airflow/.local/lib/python3.11/site-packages/airflow/example_dags/example_kubernetes_executor.py for tasks to queue
[2024-07-15T15:50:38.515+0000] {logging_mixin.py:188} INFO - [2024-07-15T15:50:38.514+0000] {dagbag.py:545} INFO - Filling up the DagBag from /home/airflow/.local/lib/python3.11/site-packages/airflow/example_dags/example_kubernetes_executor.py
[2024-07-15T15:50:38.530+0000] {processor.py:840} INFO - DAG(s) 'example_kubernetes_executor' retrieved from /home/airflow/.local/lib/python3.11/site-packages/airflow/example_dags/example_kubernetes_executor.py
[2024-07-15T15:50:38.575+0000] {logging_mixin.py:188} INFO - [2024-07-15T15:50:38.575+0000] {dag.py:3096} INFO - Sync 1 DAGs
[2024-07-15T15:50:38.589+0000] {logging_mixin.py:188} INFO - [2024-07-15T15:50:38.588+0000] {dag.py:3954} INFO - Setting next_dagrun for example_kubernetes_executor to None, run_after=None
[2024-07-15T15:50:38.611+0000] {processor.py:183} INFO - Processing /home/airflow/.local/lib/python3.11/site-packages/airflow/example_dags/example_kubernetes_executor.py took 0.108 seconds
[2024-07-15T15:50:44.409+0000] {processor.py:161} INFO - Started process (PID=23441) to work on /home/airflow/.local/lib/python3.11/site-packages/airflow/example_dags/example_kubernetes_executor.py
[2024-07-15T15:50:44.415+0000] {processor.py:830} INFO - Processing file /home/airflow/.local/lib/python3.11/site-packages/airflow/example_dags/example_kubernetes_executor.py for tasks to queue
[2024-07-15T15:50:44.431+0000] {logging_mixin.py:188} INFO - [2024-07-15T15:50:44.430+0000] {dagbag.py:545} INFO - Filling up the DagBag from /home/airflow/.local/lib/python3.11/site-packages/airflow/example_dags/example_kubernetes_executor.py
[2024-07-15T15:50:44.458+0000] {processor.py:840} INFO - DAG(s) 'example_kubernetes_executor' retrieved from /home/airflow/.local/lib/python3.11/site-packages/airflow/example_dags/example_kubernetes_executor.py
[2024-07-15T15:50:44.566+0000] {logging_mixin.py:188} INFO - [2024-07-15T15:50:44.566+0000] {dag.py:3096} INFO - Sync 1 DAGs
[2024-07-15T15:50:44.588+0000] {logging_mixin.py:188} INFO - [2024-07-15T15:50:44.588+0000] {dag.py:3954} INFO - Setting next_dagrun for example_kubernetes_executor to None, run_after=None
[2024-07-15T15:50:44.627+0000] {processor.py:183} INFO - Processing /home/airflow/.local/lib/python3.11/site-packages/airflow/example_dags/example_kubernetes_executor.py took 0.225 seconds
[2024-07-15T15:50:49.528+0000] {processor.py:161} INFO - Started process (PID=23493) to work on /home/airflow/.local/lib/python3.11/site-packages/airflow/example_dags/example_kubernetes_executor.py
[2024-07-15T15:50:49.530+0000] {processor.py:830} INFO - Processing file /home/airflow/.local/lib/python3.11/site-packages/airflow/example_dags/example_kubernetes_executor.py for tasks to queue
[2024-07-15T15:50:49.532+0000] {logging_mixin.py:188} INFO - [2024-07-15T15:50:49.532+0000] {dagbag.py:545} INFO - Filling up the DagBag from /home/airflow/.local/lib/python3.11/site-packages/airflow/example_dags/example_kubernetes_executor.py
[2024-07-15T15:50:49.549+0000] {processor.py:840} INFO - DAG(s) 'example_kubernetes_executor' retrieved from /home/airflow/.local/lib/python3.11/site-packages/airflow/example_dags/example_kubernetes_executor.py
[2024-07-15T15:50:49.600+0000] {logging_mixin.py:188} INFO - [2024-07-15T15:50:49.600+0000] {dag.py:3096} INFO - Sync 1 DAGs
[2024-07-15T15:50:49.613+0000] {logging_mixin.py:188} INFO - [2024-07-15T15:50:49.613+0000] {dag.py:3954} INFO - Setting next_dagrun for example_kubernetes_executor to None, run_after=None
[2024-07-15T15:50:49.656+0000] {processor.py:183} INFO - Processing /home/airflow/.local/lib/python3.11/site-packages/airflow/example_dags/example_kubernetes_executor.py took 0.135 seconds
[2024-07-15T15:50:54.736+0000] {processor.py:161} INFO - Started process (PID=23553) to work on /home/airflow/.local/lib/python3.11/site-packages/airflow/example_dags/example_kubernetes_executor.py
[2024-07-15T15:50:54.737+0000] {processor.py:830} INFO - Processing file /home/airflow/.local/lib/python3.11/site-packages/airflow/example_dags/example_kubernetes_executor.py for tasks to queue
[2024-07-15T15:50:54.755+0000] {logging_mixin.py:188} INFO - [2024-07-15T15:50:54.753+0000] {dagbag.py:545} INFO - Filling up the DagBag from /home/airflow/.local/lib/python3.11/site-packages/airflow/example_dags/example_kubernetes_executor.py
[2024-07-15T15:50:54.787+0000] {processor.py:840} INFO - DAG(s) 'example_kubernetes_executor' retrieved from /home/airflow/.local/lib/python3.11/site-packages/airflow/example_dags/example_kubernetes_executor.py
[2024-07-15T15:50:54.836+0000] {logging_mixin.py:188} INFO - [2024-07-15T15:50:54.836+0000] {dag.py:3096} INFO - Sync 1 DAGs
[2024-07-15T15:50:54.850+0000] {logging_mixin.py:188} INFO - [2024-07-15T15:50:54.849+0000] {dag.py:3954} INFO - Setting next_dagrun for example_kubernetes_executor to None, run_after=None
[2024-07-15T15:50:54.908+0000] {processor.py:183} INFO - Processing /home/airflow/.local/lib/python3.11/site-packages/airflow/example_dags/example_kubernetes_executor.py took 0.180 seconds
[2024-07-15T15:51:00.331+0000] {processor.py:161} INFO - Started process (PID=23605) to work on /home/airflow/.local/lib/python3.11/site-packages/airflow/example_dags/example_kubernetes_executor.py
[2024-07-15T15:51:00.333+0000] {processor.py:830} INFO - Processing file /home/airflow/.local/lib/python3.11/site-packages/airflow/example_dags/example_kubernetes_executor.py for tasks to queue
[2024-07-15T15:51:00.337+0000] {logging_mixin.py:188} INFO - [2024-07-15T15:51:00.336+0000] {dagbag.py:545} INFO - Filling up the DagBag from /home/airflow/.local/lib/python3.11/site-packages/airflow/example_dags/example_kubernetes_executor.py
[2024-07-15T15:51:00.360+0000] {processor.py:840} INFO - DAG(s) 'example_kubernetes_executor' retrieved from /home/airflow/.local/lib/python3.11/site-packages/airflow/example_dags/example_kubernetes_executor.py
[2024-07-15T15:51:00.418+0000] {logging_mixin.py:188} INFO - [2024-07-15T15:51:00.418+0000] {dag.py:3096} INFO - Sync 1 DAGs
[2024-07-15T15:51:00.433+0000] {logging_mixin.py:188} INFO - [2024-07-15T15:51:00.432+0000] {dag.py:3954} INFO - Setting next_dagrun for example_kubernetes_executor to None, run_after=None
[2024-07-15T15:51:00.453+0000] {processor.py:183} INFO - Processing /home/airflow/.local/lib/python3.11/site-packages/airflow/example_dags/example_kubernetes_executor.py took 0.131 seconds
[2024-07-15T15:51:05.153+0000] {processor.py:161} INFO - Started process (PID=23658) to work on /home/airflow/.local/lib/python3.11/site-packages/airflow/example_dags/example_kubernetes_executor.py
[2024-07-15T15:51:05.155+0000] {processor.py:830} INFO - Processing file /home/airflow/.local/lib/python3.11/site-packages/airflow/example_dags/example_kubernetes_executor.py for tasks to queue
[2024-07-15T15:51:05.157+0000] {logging_mixin.py:188} INFO - [2024-07-15T15:51:05.157+0000] {dagbag.py:545} INFO - Filling up the DagBag from /home/airflow/.local/lib/python3.11/site-packages/airflow/example_dags/example_kubernetes_executor.py
[2024-07-15T15:51:05.172+0000] {processor.py:840} INFO - DAG(s) 'example_kubernetes_executor' retrieved from /home/airflow/.local/lib/python3.11/site-packages/airflow/example_dags/example_kubernetes_executor.py
[2024-07-15T15:51:05.220+0000] {logging_mixin.py:188} INFO - [2024-07-15T15:51:05.220+0000] {dag.py:3096} INFO - Sync 1 DAGs
[2024-07-15T15:51:05.235+0000] {logging_mixin.py:188} INFO - [2024-07-15T15:51:05.235+0000] {dag.py:3954} INFO - Setting next_dagrun for example_kubernetes_executor to None, run_after=None
[2024-07-15T15:51:05.257+0000] {processor.py:183} INFO - Processing /home/airflow/.local/lib/python3.11/site-packages/airflow/example_dags/example_kubernetes_executor.py took 0.111 seconds
[2024-07-15T15:51:10.456+0000] {processor.py:161} INFO - Started process (PID=23710) to work on /home/airflow/.local/lib/python3.11/site-packages/airflow/example_dags/example_kubernetes_executor.py
[2024-07-15T15:51:10.457+0000] {processor.py:830} INFO - Processing file /home/airflow/.local/lib/python3.11/site-packages/airflow/example_dags/example_kubernetes_executor.py for tasks to queue
[2024-07-15T15:51:10.461+0000] {logging_mixin.py:188} INFO - [2024-07-15T15:51:10.460+0000] {dagbag.py:545} INFO - Filling up the DagBag from /home/airflow/.local/lib/python3.11/site-packages/airflow/example_dags/example_kubernetes_executor.py
[2024-07-15T15:51:10.490+0000] {processor.py:840} INFO - DAG(s) 'example_kubernetes_executor' retrieved from /home/airflow/.local/lib/python3.11/site-packages/airflow/example_dags/example_kubernetes_executor.py
[2024-07-15T15:51:10.550+0000] {logging_mixin.py:188} INFO - [2024-07-15T15:51:10.549+0000] {dag.py:3096} INFO - Sync 1 DAGs
[2024-07-15T15:51:10.573+0000] {logging_mixin.py:188} INFO - [2024-07-15T15:51:10.572+0000] {dag.py:3954} INFO - Setting next_dagrun for example_kubernetes_executor to None, run_after=None
[2024-07-15T15:51:10.614+0000] {processor.py:183} INFO - Processing /home/airflow/.local/lib/python3.11/site-packages/airflow/example_dags/example_kubernetes_executor.py took 0.173 seconds
[2024-07-15T15:51:15.259+0000] {processor.py:161} INFO - Started process (PID=23763) to work on /home/airflow/.local/lib/python3.11/site-packages/airflow/example_dags/example_kubernetes_executor.py
[2024-07-15T15:51:15.261+0000] {processor.py:830} INFO - Processing file /home/airflow/.local/lib/python3.11/site-packages/airflow/example_dags/example_kubernetes_executor.py for tasks to queue
[2024-07-15T15:51:15.264+0000] {logging_mixin.py:188} INFO - [2024-07-15T15:51:15.264+0000] {dagbag.py:545} INFO - Filling up the DagBag from /home/airflow/.local/lib/python3.11/site-packages/airflow/example_dags/example_kubernetes_executor.py
[2024-07-15T15:51:15.282+0000] {processor.py:840} INFO - DAG(s) 'example_kubernetes_executor' retrieved from /home/airflow/.local/lib/python3.11/site-packages/airflow/example_dags/example_kubernetes_executor.py
[2024-07-15T15:51:15.330+0000] {logging_mixin.py:188} INFO - [2024-07-15T15:51:15.329+0000] {dag.py:3096} INFO - Sync 1 DAGs
[2024-07-15T15:51:15.348+0000] {logging_mixin.py:188} INFO - [2024-07-15T15:51:15.347+0000] {dag.py:3954} INFO - Setting next_dagrun for example_kubernetes_executor to None, run_after=None
[2024-07-15T15:51:15.370+0000] {processor.py:183} INFO - Processing /home/airflow/.local/lib/python3.11/site-packages/airflow/example_dags/example_kubernetes_executor.py took 0.142 seconds
[2024-07-15T15:51:20.174+0000] {processor.py:161} INFO - Started process (PID=23815) to work on /home/airflow/.local/lib/python3.11/site-packages/airflow/example_dags/example_kubernetes_executor.py
[2024-07-15T15:51:20.175+0000] {processor.py:830} INFO - Processing file /home/airflow/.local/lib/python3.11/site-packages/airflow/example_dags/example_kubernetes_executor.py for tasks to queue
[2024-07-15T15:51:20.178+0000] {logging_mixin.py:188} INFO - [2024-07-15T15:51:20.177+0000] {dagbag.py:545} INFO - Filling up the DagBag from /home/airflow/.local/lib/python3.11/site-packages/airflow/example_dags/example_kubernetes_executor.py
[2024-07-15T15:51:20.194+0000] {processor.py:840} INFO - DAG(s) 'example_kubernetes_executor' retrieved from /home/airflow/.local/lib/python3.11/site-packages/airflow/example_dags/example_kubernetes_executor.py
[2024-07-15T15:51:20.247+0000] {logging_mixin.py:188} INFO - [2024-07-15T15:51:20.247+0000] {dag.py:3096} INFO - Sync 1 DAGs
[2024-07-15T15:51:20.297+0000] {logging_mixin.py:188} INFO - [2024-07-15T15:51:20.296+0000] {dag.py:3954} INFO - Setting next_dagrun for example_kubernetes_executor to None, run_after=None
[2024-07-15T15:51:20.354+0000] {processor.py:183} INFO - Processing /home/airflow/.local/lib/python3.11/site-packages/airflow/example_dags/example_kubernetes_executor.py took 0.190 seconds
