[2024-07-15T15:49:09.584+0000] {processor.py:161} INFO - Started process (PID=22646) to work on /home/airflow/.local/lib/python3.11/site-packages/airflow/example_dags/example_branch_operator.py
[2024-07-15T15:49:09.591+0000] {processor.py:830} INFO - Processing file /home/airflow/.local/lib/python3.11/site-packages/airflow/example_dags/example_branch_operator.py for tasks to queue
[2024-07-15T15:49:09.598+0000] {logging_mixin.py:188} INFO - [2024-07-15T15:49:09.597+0000] {dagbag.py:545} INFO - Filling up the DagBag from /home/airflow/.local/lib/python3.11/site-packages/airflow/example_dags/example_branch_operator.py
[2024-07-15T15:49:09.657+0000] {processor.py:840} INFO - DAG(s) 'example_branch_operator' retrieved from /home/airflow/.local/lib/python3.11/site-packages/airflow/example_dags/example_branch_operator.py
[2024-07-15T15:49:09.733+0000] {logging_mixin.py:188} INFO - [2024-07-15T15:49:09.733+0000] {dag.py:3096} INFO - Sync 1 DAGs
[2024-07-15T15:49:09.784+0000] {logging_mixin.py:188} INFO - [2024-07-15T15:49:09.784+0000] {dag.py:3954} INFO - Setting next_dagrun for example_branch_operator to 2024-07-14 00:00:00+00:00, run_after=2024-07-15 00:00:00+00:00
[2024-07-15T15:49:09.825+0000] {processor.py:183} INFO - Processing /home/airflow/.local/lib/python3.11/site-packages/airflow/example_dags/example_branch_operator.py took 0.265 seconds
[2024-07-15T15:49:16.297+0000] {processor.py:161} INFO - Started process (PID=22698) to work on /home/airflow/.local/lib/python3.11/site-packages/airflow/example_dags/example_branch_operator.py
[2024-07-15T15:49:16.299+0000] {processor.py:830} INFO - Processing file /home/airflow/.local/lib/python3.11/site-packages/airflow/example_dags/example_branch_operator.py for tasks to queue
[2024-07-15T15:49:16.302+0000] {logging_mixin.py:188} INFO - [2024-07-15T15:49:16.301+0000] {dagbag.py:545} INFO - Filling up the DagBag from /home/airflow/.local/lib/python3.11/site-packages/airflow/example_dags/example_branch_operator.py
[2024-07-15T15:49:16.339+0000] {processor.py:840} INFO - DAG(s) 'example_branch_operator' retrieved from /home/airflow/.local/lib/python3.11/site-packages/airflow/example_dags/example_branch_operator.py
[2024-07-15T15:49:16.399+0000] {logging_mixin.py:188} INFO - [2024-07-15T15:49:16.399+0000] {dag.py:3096} INFO - Sync 1 DAGs
[2024-07-15T15:49:16.437+0000] {logging_mixin.py:188} INFO - [2024-07-15T15:49:16.437+0000] {dag.py:3954} INFO - Setting next_dagrun for example_branch_operator to 2024-07-14 00:00:00+00:00, run_after=2024-07-15 00:00:00+00:00
[2024-07-15T15:49:16.468+0000] {processor.py:183} INFO - Processing /home/airflow/.local/lib/python3.11/site-packages/airflow/example_dags/example_branch_operator.py took 0.182 seconds
[2024-07-15T15:49:24.720+0000] {processor.py:161} INFO - Started process (PID=22757) to work on /home/airflow/.local/lib/python3.11/site-packages/airflow/example_dags/example_branch_operator.py
[2024-07-15T15:49:24.722+0000] {processor.py:830} INFO - Processing file /home/airflow/.local/lib/python3.11/site-packages/airflow/example_dags/example_branch_operator.py for tasks to queue
[2024-07-15T15:49:24.727+0000] {logging_mixin.py:188} INFO - [2024-07-15T15:49:24.726+0000] {dagbag.py:545} INFO - Filling up the DagBag from /home/airflow/.local/lib/python3.11/site-packages/airflow/example_dags/example_branch_operator.py
[2024-07-15T15:49:24.782+0000] {processor.py:840} INFO - DAG(s) 'example_branch_operator' retrieved from /home/airflow/.local/lib/python3.11/site-packages/airflow/example_dags/example_branch_operator.py
[2024-07-15T15:49:24.890+0000] {logging_mixin.py:188} INFO - [2024-07-15T15:49:24.889+0000] {dag.py:3096} INFO - Sync 1 DAGs
[2024-07-15T15:49:24.949+0000] {logging_mixin.py:188} INFO - [2024-07-15T15:49:24.949+0000] {dag.py:3954} INFO - Setting next_dagrun for example_branch_operator to 2024-07-14 00:00:00+00:00, run_after=2024-07-15 00:00:00+00:00
[2024-07-15T15:49:24.992+0000] {processor.py:183} INFO - Processing /home/airflow/.local/lib/python3.11/site-packages/airflow/example_dags/example_branch_operator.py took 0.289 seconds
[2024-07-15T15:49:32.113+0000] {processor.py:161} INFO - Started process (PID=22809) to work on /home/airflow/.local/lib/python3.11/site-packages/airflow/example_dags/example_branch_operator.py
[2024-07-15T15:49:32.115+0000] {processor.py:830} INFO - Processing file /home/airflow/.local/lib/python3.11/site-packages/airflow/example_dags/example_branch_operator.py for tasks to queue
[2024-07-15T15:49:32.120+0000] {logging_mixin.py:188} INFO - [2024-07-15T15:49:32.119+0000] {dagbag.py:545} INFO - Filling up the DagBag from /home/airflow/.local/lib/python3.11/site-packages/airflow/example_dags/example_branch_operator.py
[2024-07-15T15:49:32.170+0000] {processor.py:840} INFO - DAG(s) 'example_branch_operator' retrieved from /home/airflow/.local/lib/python3.11/site-packages/airflow/example_dags/example_branch_operator.py
[2024-07-15T15:49:32.247+0000] {logging_mixin.py:188} INFO - [2024-07-15T15:49:32.247+0000] {dag.py:3096} INFO - Sync 1 DAGs
[2024-07-15T15:49:32.310+0000] {logging_mixin.py:188} INFO - [2024-07-15T15:49:32.309+0000] {dag.py:3954} INFO - Setting next_dagrun for example_branch_operator to 2024-07-14 00:00:00+00:00, run_after=2024-07-15 00:00:00+00:00
[2024-07-15T15:49:32.356+0000] {processor.py:183} INFO - Processing /home/airflow/.local/lib/python3.11/site-packages/airflow/example_dags/example_branch_operator.py took 0.258 seconds
[2024-07-15T15:49:40.300+0000] {processor.py:161} INFO - Started process (PID=22862) to work on /home/airflow/.local/lib/python3.11/site-packages/airflow/example_dags/example_branch_operator.py
[2024-07-15T15:49:40.301+0000] {processor.py:830} INFO - Processing file /home/airflow/.local/lib/python3.11/site-packages/airflow/example_dags/example_branch_operator.py for tasks to queue
[2024-07-15T15:49:40.304+0000] {logging_mixin.py:188} INFO - [2024-07-15T15:49:40.304+0000] {dagbag.py:545} INFO - Filling up the DagBag from /home/airflow/.local/lib/python3.11/site-packages/airflow/example_dags/example_branch_operator.py
[2024-07-15T15:49:40.331+0000] {processor.py:840} INFO - DAG(s) 'example_branch_operator' retrieved from /home/airflow/.local/lib/python3.11/site-packages/airflow/example_dags/example_branch_operator.py
[2024-07-15T15:49:40.372+0000] {logging_mixin.py:188} INFO - [2024-07-15T15:49:40.372+0000] {dag.py:3096} INFO - Sync 1 DAGs
[2024-07-15T15:49:40.401+0000] {logging_mixin.py:188} INFO - [2024-07-15T15:49:40.401+0000] {dag.py:3954} INFO - Setting next_dagrun for example_branch_operator to 2024-07-14 00:00:00+00:00, run_after=2024-07-15 00:00:00+00:00
[2024-07-15T15:49:40.426+0000] {processor.py:183} INFO - Processing /home/airflow/.local/lib/python3.11/site-packages/airflow/example_dags/example_branch_operator.py took 0.135 seconds
[2024-07-15T15:49:46.760+0000] {processor.py:161} INFO - Started process (PID=22914) to work on /home/airflow/.local/lib/python3.11/site-packages/airflow/example_dags/example_branch_operator.py
[2024-07-15T15:49:46.762+0000] {processor.py:830} INFO - Processing file /home/airflow/.local/lib/python3.11/site-packages/airflow/example_dags/example_branch_operator.py for tasks to queue
[2024-07-15T15:49:46.766+0000] {logging_mixin.py:188} INFO - [2024-07-15T15:49:46.765+0000] {dagbag.py:545} INFO - Filling up the DagBag from /home/airflow/.local/lib/python3.11/site-packages/airflow/example_dags/example_branch_operator.py
[2024-07-15T15:49:46.801+0000] {processor.py:840} INFO - DAG(s) 'example_branch_operator' retrieved from /home/airflow/.local/lib/python3.11/site-packages/airflow/example_dags/example_branch_operator.py
[2024-07-15T15:49:46.864+0000] {logging_mixin.py:188} INFO - [2024-07-15T15:49:46.864+0000] {dag.py:3096} INFO - Sync 1 DAGs
[2024-07-15T15:49:46.919+0000] {logging_mixin.py:188} INFO - [2024-07-15T15:49:46.918+0000] {dag.py:3954} INFO - Setting next_dagrun for example_branch_operator to 2024-07-14 00:00:00+00:00, run_after=2024-07-15 00:00:00+00:00
[2024-07-15T15:49:46.975+0000] {processor.py:183} INFO - Processing /home/airflow/.local/lib/python3.11/site-packages/airflow/example_dags/example_branch_operator.py took 0.229 seconds
[2024-07-15T15:49:53.247+0000] {processor.py:161} INFO - Started process (PID=22974) to work on /home/airflow/.local/lib/python3.11/site-packages/airflow/example_dags/example_branch_operator.py
[2024-07-15T15:49:53.249+0000] {processor.py:830} INFO - Processing file /home/airflow/.local/lib/python3.11/site-packages/airflow/example_dags/example_branch_operator.py for tasks to queue
[2024-07-15T15:49:53.252+0000] {logging_mixin.py:188} INFO - [2024-07-15T15:49:53.252+0000] {dagbag.py:545} INFO - Filling up the DagBag from /home/airflow/.local/lib/python3.11/site-packages/airflow/example_dags/example_branch_operator.py
[2024-07-15T15:49:53.287+0000] {processor.py:840} INFO - DAG(s) 'example_branch_operator' retrieved from /home/airflow/.local/lib/python3.11/site-packages/airflow/example_dags/example_branch_operator.py
[2024-07-15T15:49:53.334+0000] {logging_mixin.py:188} INFO - [2024-07-15T15:49:53.333+0000] {dag.py:3096} INFO - Sync 1 DAGs
[2024-07-15T15:49:53.372+0000] {logging_mixin.py:188} INFO - [2024-07-15T15:49:53.372+0000] {dag.py:3954} INFO - Setting next_dagrun for example_branch_operator to 2024-07-14 00:00:00+00:00, run_after=2024-07-15 00:00:00+00:00
[2024-07-15T15:49:53.398+0000] {processor.py:183} INFO - Processing /home/airflow/.local/lib/python3.11/site-packages/airflow/example_dags/example_branch_operator.py took 0.162 seconds
[2024-07-15T15:50:00.182+0000] {processor.py:161} INFO - Started process (PID=23026) to work on /home/airflow/.local/lib/python3.11/site-packages/airflow/example_dags/example_branch_operator.py
[2024-07-15T15:50:00.184+0000] {processor.py:830} INFO - Processing file /home/airflow/.local/lib/python3.11/site-packages/airflow/example_dags/example_branch_operator.py for tasks to queue
[2024-07-15T15:50:00.187+0000] {logging_mixin.py:188} INFO - [2024-07-15T15:50:00.186+0000] {dagbag.py:545} INFO - Filling up the DagBag from /home/airflow/.local/lib/python3.11/site-packages/airflow/example_dags/example_branch_operator.py
[2024-07-15T15:50:00.212+0000] {processor.py:840} INFO - DAG(s) 'example_branch_operator' retrieved from /home/airflow/.local/lib/python3.11/site-packages/airflow/example_dags/example_branch_operator.py
[2024-07-15T15:50:00.258+0000] {logging_mixin.py:188} INFO - [2024-07-15T15:50:00.258+0000] {dag.py:3096} INFO - Sync 1 DAGs
[2024-07-15T15:50:00.297+0000] {logging_mixin.py:188} INFO - [2024-07-15T15:50:00.296+0000] {dag.py:3954} INFO - Setting next_dagrun for example_branch_operator to 2024-07-14 00:00:00+00:00, run_after=2024-07-15 00:00:00+00:00
[2024-07-15T15:50:00.323+0000] {processor.py:183} INFO - Processing /home/airflow/.local/lib/python3.11/site-packages/airflow/example_dags/example_branch_operator.py took 0.150 seconds
[2024-07-15T15:50:06.434+0000] {processor.py:161} INFO - Started process (PID=23079) to work on /home/airflow/.local/lib/python3.11/site-packages/airflow/example_dags/example_branch_operator.py
[2024-07-15T15:50:06.435+0000] {processor.py:830} INFO - Processing file /home/airflow/.local/lib/python3.11/site-packages/airflow/example_dags/example_branch_operator.py for tasks to queue
[2024-07-15T15:50:06.438+0000] {logging_mixin.py:188} INFO - [2024-07-15T15:50:06.437+0000] {dagbag.py:545} INFO - Filling up the DagBag from /home/airflow/.local/lib/python3.11/site-packages/airflow/example_dags/example_branch_operator.py
[2024-07-15T15:50:06.458+0000] {processor.py:840} INFO - DAG(s) 'example_branch_operator' retrieved from /home/airflow/.local/lib/python3.11/site-packages/airflow/example_dags/example_branch_operator.py
[2024-07-15T15:50:06.492+0000] {logging_mixin.py:188} INFO - [2024-07-15T15:50:06.492+0000] {dag.py:3096} INFO - Sync 1 DAGs
[2024-07-15T15:50:06.516+0000] {logging_mixin.py:188} INFO - [2024-07-15T15:50:06.516+0000] {dag.py:3954} INFO - Setting next_dagrun for example_branch_operator to 2024-07-14 00:00:00+00:00, run_after=2024-07-15 00:00:00+00:00
[2024-07-15T15:50:06.540+0000] {processor.py:183} INFO - Processing /home/airflow/.local/lib/python3.11/site-packages/airflow/example_dags/example_branch_operator.py took 0.114 seconds
[2024-07-15T15:50:11.998+0000] {processor.py:161} INFO - Started process (PID=23131) to work on /home/airflow/.local/lib/python3.11/site-packages/airflow/example_dags/example_branch_operator.py
[2024-07-15T15:50:11.999+0000] {processor.py:830} INFO - Processing file /home/airflow/.local/lib/python3.11/site-packages/airflow/example_dags/example_branch_operator.py for tasks to queue
[2024-07-15T15:50:12.002+0000] {logging_mixin.py:188} INFO - [2024-07-15T15:50:12.002+0000] {dagbag.py:545} INFO - Filling up the DagBag from /home/airflow/.local/lib/python3.11/site-packages/airflow/example_dags/example_branch_operator.py
[2024-07-15T15:50:12.023+0000] {processor.py:840} INFO - DAG(s) 'example_branch_operator' retrieved from /home/airflow/.local/lib/python3.11/site-packages/airflow/example_dags/example_branch_operator.py
[2024-07-15T15:50:12.088+0000] {logging_mixin.py:188} INFO - [2024-07-15T15:50:12.088+0000] {dag.py:3096} INFO - Sync 1 DAGs
[2024-07-15T15:50:12.117+0000] {logging_mixin.py:188} INFO - [2024-07-15T15:50:12.117+0000] {dag.py:3954} INFO - Setting next_dagrun for example_branch_operator to 2024-07-14 00:00:00+00:00, run_after=2024-07-15 00:00:00+00:00
[2024-07-15T15:50:12.140+0000] {processor.py:183} INFO - Processing /home/airflow/.local/lib/python3.11/site-packages/airflow/example_dags/example_branch_operator.py took 0.151 seconds
[2024-07-15T15:50:18.369+0000] {processor.py:161} INFO - Started process (PID=23184) to work on /home/airflow/.local/lib/python3.11/site-packages/airflow/example_dags/example_branch_operator.py
[2024-07-15T15:50:18.370+0000] {processor.py:830} INFO - Processing file /home/airflow/.local/lib/python3.11/site-packages/airflow/example_dags/example_branch_operator.py for tasks to queue
[2024-07-15T15:50:18.373+0000] {logging_mixin.py:188} INFO - [2024-07-15T15:50:18.373+0000] {dagbag.py:545} INFO - Filling up the DagBag from /home/airflow/.local/lib/python3.11/site-packages/airflow/example_dags/example_branch_operator.py
[2024-07-15T15:50:18.393+0000] {processor.py:840} INFO - DAG(s) 'example_branch_operator' retrieved from /home/airflow/.local/lib/python3.11/site-packages/airflow/example_dags/example_branch_operator.py
[2024-07-15T15:50:18.456+0000] {logging_mixin.py:188} INFO - [2024-07-15T15:50:18.456+0000] {dag.py:3096} INFO - Sync 1 DAGs
[2024-07-15T15:50:18.488+0000] {logging_mixin.py:188} INFO - [2024-07-15T15:50:18.488+0000] {dag.py:3954} INFO - Setting next_dagrun for example_branch_operator to 2024-07-14 00:00:00+00:00, run_after=2024-07-15 00:00:00+00:00
[2024-07-15T15:50:18.517+0000] {processor.py:183} INFO - Processing /home/airflow/.local/lib/python3.11/site-packages/airflow/example_dags/example_branch_operator.py took 0.158 seconds
[2024-07-15T15:50:23.287+0000] {processor.py:161} INFO - Started process (PID=23244) to work on /home/airflow/.local/lib/python3.11/site-packages/airflow/example_dags/example_branch_operator.py
[2024-07-15T15:50:23.289+0000] {processor.py:830} INFO - Processing file /home/airflow/.local/lib/python3.11/site-packages/airflow/example_dags/example_branch_operator.py for tasks to queue
[2024-07-15T15:50:23.291+0000] {logging_mixin.py:188} INFO - [2024-07-15T15:50:23.291+0000] {dagbag.py:545} INFO - Filling up the DagBag from /home/airflow/.local/lib/python3.11/site-packages/airflow/example_dags/example_branch_operator.py
[2024-07-15T15:50:23.312+0000] {processor.py:840} INFO - DAG(s) 'example_branch_operator' retrieved from /home/airflow/.local/lib/python3.11/site-packages/airflow/example_dags/example_branch_operator.py
[2024-07-15T15:50:23.346+0000] {logging_mixin.py:188} INFO - [2024-07-15T15:50:23.345+0000] {dag.py:3096} INFO - Sync 1 DAGs
[2024-07-15T15:50:23.408+0000] {logging_mixin.py:188} INFO - [2024-07-15T15:50:23.408+0000] {dag.py:3954} INFO - Setting next_dagrun for example_branch_operator to 2024-07-14 00:00:00+00:00, run_after=2024-07-15 00:00:00+00:00
[2024-07-15T15:50:23.462+0000] {processor.py:183} INFO - Processing /home/airflow/.local/lib/python3.11/site-packages/airflow/example_dags/example_branch_operator.py took 0.182 seconds
[2024-07-15T15:50:29.175+0000] {processor.py:161} INFO - Started process (PID=23296) to work on /home/airflow/.local/lib/python3.11/site-packages/airflow/example_dags/example_branch_operator.py
[2024-07-15T15:50:29.177+0000] {processor.py:830} INFO - Processing file /home/airflow/.local/lib/python3.11/site-packages/airflow/example_dags/example_branch_operator.py for tasks to queue
[2024-07-15T15:50:29.180+0000] {logging_mixin.py:188} INFO - [2024-07-15T15:50:29.179+0000] {dagbag.py:545} INFO - Filling up the DagBag from /home/airflow/.local/lib/python3.11/site-packages/airflow/example_dags/example_branch_operator.py
[2024-07-15T15:50:29.222+0000] {processor.py:840} INFO - DAG(s) 'example_branch_operator' retrieved from /home/airflow/.local/lib/python3.11/site-packages/airflow/example_dags/example_branch_operator.py
[2024-07-15T15:50:29.271+0000] {logging_mixin.py:188} INFO - [2024-07-15T15:50:29.271+0000] {dag.py:3096} INFO - Sync 1 DAGs
[2024-07-15T15:50:29.297+0000] {logging_mixin.py:188} INFO - [2024-07-15T15:50:29.296+0000] {dag.py:3954} INFO - Setting next_dagrun for example_branch_operator to 2024-07-14 00:00:00+00:00, run_after=2024-07-15 00:00:00+00:00
[2024-07-15T15:50:29.319+0000] {processor.py:183} INFO - Processing /home/airflow/.local/lib/python3.11/site-packages/airflow/example_dags/example_branch_operator.py took 0.153 seconds
[2024-07-15T15:50:34.646+0000] {processor.py:161} INFO - Started process (PID=23350) to work on /home/airflow/.local/lib/python3.11/site-packages/airflow/example_dags/example_branch_operator.py
[2024-07-15T15:50:34.648+0000] {processor.py:830} INFO - Processing file /home/airflow/.local/lib/python3.11/site-packages/airflow/example_dags/example_branch_operator.py for tasks to queue
[2024-07-15T15:50:34.650+0000] {logging_mixin.py:188} INFO - [2024-07-15T15:50:34.650+0000] {dagbag.py:545} INFO - Filling up the DagBag from /home/airflow/.local/lib/python3.11/site-packages/airflow/example_dags/example_branch_operator.py
[2024-07-15T15:50:34.691+0000] {processor.py:840} INFO - DAG(s) 'example_branch_operator' retrieved from /home/airflow/.local/lib/python3.11/site-packages/airflow/example_dags/example_branch_operator.py
[2024-07-15T15:50:34.732+0000] {logging_mixin.py:188} INFO - [2024-07-15T15:50:34.732+0000] {dag.py:3096} INFO - Sync 1 DAGs
[2024-07-15T15:50:34.756+0000] {logging_mixin.py:188} INFO - [2024-07-15T15:50:34.756+0000] {dag.py:3954} INFO - Setting next_dagrun for example_branch_operator to 2024-07-14 00:00:00+00:00, run_after=2024-07-15 00:00:00+00:00
[2024-07-15T15:50:34.779+0000] {processor.py:183} INFO - Processing /home/airflow/.local/lib/python3.11/site-packages/airflow/example_dags/example_branch_operator.py took 0.141 seconds
[2024-07-15T15:50:40.022+0000] {processor.py:161} INFO - Started process (PID=23402) to work on /home/airflow/.local/lib/python3.11/site-packages/airflow/example_dags/example_branch_operator.py
[2024-07-15T15:50:40.028+0000] {processor.py:830} INFO - Processing file /home/airflow/.local/lib/python3.11/site-packages/airflow/example_dags/example_branch_operator.py for tasks to queue
[2024-07-15T15:50:40.047+0000] {logging_mixin.py:188} INFO - [2024-07-15T15:50:40.044+0000] {dagbag.py:545} INFO - Filling up the DagBag from /home/airflow/.local/lib/python3.11/site-packages/airflow/example_dags/example_branch_operator.py
[2024-07-15T15:50:40.085+0000] {processor.py:840} INFO - DAG(s) 'example_branch_operator' retrieved from /home/airflow/.local/lib/python3.11/site-packages/airflow/example_dags/example_branch_operator.py
[2024-07-15T15:50:40.151+0000] {logging_mixin.py:188} INFO - [2024-07-15T15:50:40.151+0000] {dag.py:3096} INFO - Sync 1 DAGs
[2024-07-15T15:50:40.203+0000] {logging_mixin.py:188} INFO - [2024-07-15T15:50:40.203+0000] {dag.py:3954} INFO - Setting next_dagrun for example_branch_operator to 2024-07-14 00:00:00+00:00, run_after=2024-07-15 00:00:00+00:00
[2024-07-15T15:50:40.240+0000] {processor.py:183} INFO - Processing /home/airflow/.local/lib/python3.11/site-packages/airflow/example_dags/example_branch_operator.py took 0.232 seconds
[2024-07-15T15:50:45.905+0000] {processor.py:161} INFO - Started process (PID=23455) to work on /home/airflow/.local/lib/python3.11/site-packages/airflow/example_dags/example_branch_operator.py
[2024-07-15T15:50:45.906+0000] {processor.py:830} INFO - Processing file /home/airflow/.local/lib/python3.11/site-packages/airflow/example_dags/example_branch_operator.py for tasks to queue
[2024-07-15T15:50:45.908+0000] {logging_mixin.py:188} INFO - [2024-07-15T15:50:45.908+0000] {dagbag.py:545} INFO - Filling up the DagBag from /home/airflow/.local/lib/python3.11/site-packages/airflow/example_dags/example_branch_operator.py
[2024-07-15T15:50:45.929+0000] {processor.py:840} INFO - DAG(s) 'example_branch_operator' retrieved from /home/airflow/.local/lib/python3.11/site-packages/airflow/example_dags/example_branch_operator.py
[2024-07-15T15:50:45.965+0000] {logging_mixin.py:188} INFO - [2024-07-15T15:50:45.964+0000] {dag.py:3096} INFO - Sync 1 DAGs
[2024-07-15T15:50:45.991+0000] {logging_mixin.py:188} INFO - [2024-07-15T15:50:45.991+0000] {dag.py:3954} INFO - Setting next_dagrun for example_branch_operator to 2024-07-14 00:00:00+00:00, run_after=2024-07-15 00:00:00+00:00
[2024-07-15T15:50:46.036+0000] {processor.py:183} INFO - Processing /home/airflow/.local/lib/python3.11/site-packages/airflow/example_dags/example_branch_operator.py took 0.139 seconds
[2024-07-15T15:50:50.738+0000] {processor.py:161} INFO - Started process (PID=23507) to work on /home/airflow/.local/lib/python3.11/site-packages/airflow/example_dags/example_branch_operator.py
[2024-07-15T15:50:50.740+0000] {processor.py:830} INFO - Processing file /home/airflow/.local/lib/python3.11/site-packages/airflow/example_dags/example_branch_operator.py for tasks to queue
[2024-07-15T15:50:50.749+0000] {logging_mixin.py:188} INFO - [2024-07-15T15:50:50.746+0000] {dagbag.py:545} INFO - Filling up the DagBag from /home/airflow/.local/lib/python3.11/site-packages/airflow/example_dags/example_branch_operator.py
[2024-07-15T15:50:50.788+0000] {processor.py:840} INFO - DAG(s) 'example_branch_operator' retrieved from /home/airflow/.local/lib/python3.11/site-packages/airflow/example_dags/example_branch_operator.py
[2024-07-15T15:50:50.823+0000] {logging_mixin.py:188} INFO - [2024-07-15T15:50:50.823+0000] {dag.py:3096} INFO - Sync 1 DAGs
[2024-07-15T15:50:50.849+0000] {logging_mixin.py:188} INFO - [2024-07-15T15:50:50.849+0000] {dag.py:3954} INFO - Setting next_dagrun for example_branch_operator to 2024-07-14 00:00:00+00:00, run_after=2024-07-15 00:00:00+00:00
[2024-07-15T15:50:50.870+0000] {processor.py:183} INFO - Processing /home/airflow/.local/lib/python3.11/site-packages/airflow/example_dags/example_branch_operator.py took 0.140 seconds
[2024-07-15T15:50:56.313+0000] {processor.py:161} INFO - Started process (PID=23567) to work on /home/airflow/.local/lib/python3.11/site-packages/airflow/example_dags/example_branch_operator.py
[2024-07-15T15:50:56.314+0000] {processor.py:830} INFO - Processing file /home/airflow/.local/lib/python3.11/site-packages/airflow/example_dags/example_branch_operator.py for tasks to queue
[2024-07-15T15:50:56.316+0000] {logging_mixin.py:188} INFO - [2024-07-15T15:50:56.316+0000] {dagbag.py:545} INFO - Filling up the DagBag from /home/airflow/.local/lib/python3.11/site-packages/airflow/example_dags/example_branch_operator.py
[2024-07-15T15:50:56.336+0000] {processor.py:840} INFO - DAG(s) 'example_branch_operator' retrieved from /home/airflow/.local/lib/python3.11/site-packages/airflow/example_dags/example_branch_operator.py
[2024-07-15T15:50:56.371+0000] {logging_mixin.py:188} INFO - [2024-07-15T15:50:56.371+0000] {dag.py:3096} INFO - Sync 1 DAGs
[2024-07-15T15:50:56.396+0000] {logging_mixin.py:188} INFO - [2024-07-15T15:50:56.396+0000] {dag.py:3954} INFO - Setting next_dagrun for example_branch_operator to 2024-07-14 00:00:00+00:00, run_after=2024-07-15 00:00:00+00:00
[2024-07-15T15:50:56.420+0000] {processor.py:183} INFO - Processing /home/airflow/.local/lib/python3.11/site-packages/airflow/example_dags/example_branch_operator.py took 0.115 seconds
[2024-07-15T15:51:01.488+0000] {processor.py:161} INFO - Started process (PID=23619) to work on /home/airflow/.local/lib/python3.11/site-packages/airflow/example_dags/example_branch_operator.py
[2024-07-15T15:51:01.490+0000] {processor.py:830} INFO - Processing file /home/airflow/.local/lib/python3.11/site-packages/airflow/example_dags/example_branch_operator.py for tasks to queue
[2024-07-15T15:51:01.493+0000] {logging_mixin.py:188} INFO - [2024-07-15T15:51:01.492+0000] {dagbag.py:545} INFO - Filling up the DagBag from /home/airflow/.local/lib/python3.11/site-packages/airflow/example_dags/example_branch_operator.py
[2024-07-15T15:51:01.517+0000] {processor.py:840} INFO - DAG(s) 'example_branch_operator' retrieved from /home/airflow/.local/lib/python3.11/site-packages/airflow/example_dags/example_branch_operator.py
[2024-07-15T15:51:01.586+0000] {logging_mixin.py:188} INFO - [2024-07-15T15:51:01.586+0000] {dag.py:3096} INFO - Sync 1 DAGs
[2024-07-15T15:51:01.620+0000] {logging_mixin.py:188} INFO - [2024-07-15T15:51:01.619+0000] {dag.py:3954} INFO - Setting next_dagrun for example_branch_operator to 2024-07-14 00:00:00+00:00, run_after=2024-07-15 00:00:00+00:00
[2024-07-15T15:51:01.643+0000] {processor.py:183} INFO - Processing /home/airflow/.local/lib/python3.11/site-packages/airflow/example_dags/example_branch_operator.py took 0.167 seconds
[2024-07-15T15:51:06.389+0000] {processor.py:161} INFO - Started process (PID=23672) to work on /home/airflow/.local/lib/python3.11/site-packages/airflow/example_dags/example_branch_operator.py
[2024-07-15T15:51:06.392+0000] {processor.py:830} INFO - Processing file /home/airflow/.local/lib/python3.11/site-packages/airflow/example_dags/example_branch_operator.py for tasks to queue
[2024-07-15T15:51:06.399+0000] {logging_mixin.py:188} INFO - [2024-07-15T15:51:06.397+0000] {dagbag.py:545} INFO - Filling up the DagBag from /home/airflow/.local/lib/python3.11/site-packages/airflow/example_dags/example_branch_operator.py
[2024-07-15T15:51:06.433+0000] {processor.py:840} INFO - DAG(s) 'example_branch_operator' retrieved from /home/airflow/.local/lib/python3.11/site-packages/airflow/example_dags/example_branch_operator.py
[2024-07-15T15:51:06.496+0000] {logging_mixin.py:188} INFO - [2024-07-15T15:51:06.495+0000] {dag.py:3096} INFO - Sync 1 DAGs
[2024-07-15T15:51:06.533+0000] {logging_mixin.py:188} INFO - [2024-07-15T15:51:06.533+0000] {dag.py:3954} INFO - Setting next_dagrun for example_branch_operator to 2024-07-14 00:00:00+00:00, run_after=2024-07-15 00:00:00+00:00
[2024-07-15T15:51:06.586+0000] {processor.py:183} INFO - Processing /home/airflow/.local/lib/python3.11/site-packages/airflow/example_dags/example_branch_operator.py took 0.226 seconds
[2024-07-15T15:51:11.856+0000] {processor.py:161} INFO - Started process (PID=23724) to work on /home/airflow/.local/lib/python3.11/site-packages/airflow/example_dags/example_branch_operator.py
[2024-07-15T15:51:11.858+0000] {processor.py:830} INFO - Processing file /home/airflow/.local/lib/python3.11/site-packages/airflow/example_dags/example_branch_operator.py for tasks to queue
[2024-07-15T15:51:11.862+0000] {logging_mixin.py:188} INFO - [2024-07-15T15:51:11.861+0000] {dagbag.py:545} INFO - Filling up the DagBag from /home/airflow/.local/lib/python3.11/site-packages/airflow/example_dags/example_branch_operator.py
[2024-07-15T15:51:11.895+0000] {processor.py:840} INFO - DAG(s) 'example_branch_operator' retrieved from /home/airflow/.local/lib/python3.11/site-packages/airflow/example_dags/example_branch_operator.py
[2024-07-15T15:51:11.937+0000] {logging_mixin.py:188} INFO - [2024-07-15T15:51:11.937+0000] {dag.py:3096} INFO - Sync 1 DAGs
[2024-07-15T15:51:11.974+0000] {logging_mixin.py:188} INFO - [2024-07-15T15:51:11.974+0000] {dag.py:3954} INFO - Setting next_dagrun for example_branch_operator to 2024-07-14 00:00:00+00:00, run_after=2024-07-15 00:00:00+00:00
[2024-07-15T15:51:12.003+0000] {processor.py:183} INFO - Processing /home/airflow/.local/lib/python3.11/site-packages/airflow/example_dags/example_branch_operator.py took 0.155 seconds
[2024-07-15T15:51:16.358+0000] {processor.py:161} INFO - Started process (PID=23777) to work on /home/airflow/.local/lib/python3.11/site-packages/airflow/example_dags/example_branch_operator.py
[2024-07-15T15:51:16.360+0000] {processor.py:830} INFO - Processing file /home/airflow/.local/lib/python3.11/site-packages/airflow/example_dags/example_branch_operator.py for tasks to queue
[2024-07-15T15:51:16.362+0000] {logging_mixin.py:188} INFO - [2024-07-15T15:51:16.362+0000] {dagbag.py:545} INFO - Filling up the DagBag from /home/airflow/.local/lib/python3.11/site-packages/airflow/example_dags/example_branch_operator.py
[2024-07-15T15:51:16.383+0000] {processor.py:840} INFO - DAG(s) 'example_branch_operator' retrieved from /home/airflow/.local/lib/python3.11/site-packages/airflow/example_dags/example_branch_operator.py
[2024-07-15T15:51:16.421+0000] {logging_mixin.py:188} INFO - [2024-07-15T15:51:16.420+0000] {dag.py:3096} INFO - Sync 1 DAGs
[2024-07-15T15:51:16.448+0000] {logging_mixin.py:188} INFO - [2024-07-15T15:51:16.447+0000] {dag.py:3954} INFO - Setting next_dagrun for example_branch_operator to 2024-07-14 00:00:00+00:00, run_after=2024-07-15 00:00:00+00:00
[2024-07-15T15:51:16.471+0000] {processor.py:183} INFO - Processing /home/airflow/.local/lib/python3.11/site-packages/airflow/example_dags/example_branch_operator.py took 0.120 seconds
[2024-07-15T15:51:21.779+0000] {processor.py:161} INFO - Started process (PID=23835) to work on /home/airflow/.local/lib/python3.11/site-packages/airflow/example_dags/example_branch_operator.py
[2024-07-15T15:51:21.781+0000] {processor.py:830} INFO - Processing file /home/airflow/.local/lib/python3.11/site-packages/airflow/example_dags/example_branch_operator.py for tasks to queue
[2024-07-15T15:51:21.783+0000] {logging_mixin.py:188} INFO - [2024-07-15T15:51:21.783+0000] {dagbag.py:545} INFO - Filling up the DagBag from /home/airflow/.local/lib/python3.11/site-packages/airflow/example_dags/example_branch_operator.py
[2024-07-15T15:51:21.803+0000] {processor.py:840} INFO - DAG(s) 'example_branch_operator' retrieved from /home/airflow/.local/lib/python3.11/site-packages/airflow/example_dags/example_branch_operator.py
[2024-07-15T15:51:21.840+0000] {logging_mixin.py:188} INFO - [2024-07-15T15:51:21.840+0000] {dag.py:3096} INFO - Sync 1 DAGs
[2024-07-15T15:51:21.867+0000] {logging_mixin.py:188} INFO - [2024-07-15T15:51:21.867+0000] {dag.py:3954} INFO - Setting next_dagrun for example_branch_operator to 2024-07-14 00:00:00+00:00, run_after=2024-07-15 00:00:00+00:00
[2024-07-15T15:51:21.892+0000] {processor.py:183} INFO - Processing /home/airflow/.local/lib/python3.11/site-packages/airflow/example_dags/example_branch_operator.py took 0.120 seconds
[2024-07-15T15:52:54.250+0000] {processor.py:161} INFO - Started process (PID=24802) to work on /home/airflow/.local/lib/python3.11/site-packages/airflow/example_dags/example_branch_operator.py
[2024-07-15T15:52:54.252+0000] {processor.py:830} INFO - Processing file /home/airflow/.local/lib/python3.11/site-packages/airflow/example_dags/example_branch_operator.py for tasks to queue
[2024-07-15T15:52:54.255+0000] {logging_mixin.py:188} INFO - [2024-07-15T15:52:54.254+0000] {dagbag.py:545} INFO - Filling up the DagBag from /home/airflow/.local/lib/python3.11/site-packages/airflow/example_dags/example_branch_operator.py
[2024-07-15T15:52:54.287+0000] {processor.py:840} INFO - DAG(s) 'example_branch_operator' retrieved from /home/airflow/.local/lib/python3.11/site-packages/airflow/example_dags/example_branch_operator.py
[2024-07-15T15:52:54.340+0000] {logging_mixin.py:188} INFO - [2024-07-15T15:52:54.340+0000] {dag.py:3096} INFO - Sync 1 DAGs
[2024-07-15T15:52:54.393+0000] {logging_mixin.py:188} INFO - [2024-07-15T15:52:54.393+0000] {dag.py:3954} INFO - Setting next_dagrun for example_branch_operator to 2024-07-14 00:00:00+00:00, run_after=2024-07-15 00:00:00+00:00
[2024-07-15T15:52:54.425+0000] {processor.py:183} INFO - Processing /home/airflow/.local/lib/python3.11/site-packages/airflow/example_dags/example_branch_operator.py took 0.186 seconds
[2024-07-15T15:53:03.296+0000] {processor.py:161} INFO - Started process (PID=24855) to work on /home/airflow/.local/lib/python3.11/site-packages/airflow/example_dags/example_branch_operator.py
[2024-07-15T15:53:03.298+0000] {processor.py:830} INFO - Processing file /home/airflow/.local/lib/python3.11/site-packages/airflow/example_dags/example_branch_operator.py for tasks to queue
[2024-07-15T15:53:03.304+0000] {logging_mixin.py:188} INFO - [2024-07-15T15:53:03.303+0000] {dagbag.py:545} INFO - Filling up the DagBag from /home/airflow/.local/lib/python3.11/site-packages/airflow/example_dags/example_branch_operator.py
[2024-07-15T15:53:03.384+0000] {processor.py:840} INFO - DAG(s) 'example_branch_operator' retrieved from /home/airflow/.local/lib/python3.11/site-packages/airflow/example_dags/example_branch_operator.py
[2024-07-15T15:53:03.474+0000] {logging_mixin.py:188} INFO - [2024-07-15T15:53:03.473+0000] {dag.py:3096} INFO - Sync 1 DAGs
[2024-07-15T15:53:03.526+0000] {logging_mixin.py:188} INFO - [2024-07-15T15:53:03.526+0000] {dag.py:3954} INFO - Setting next_dagrun for example_branch_operator to 2024-07-14 00:00:00+00:00, run_after=2024-07-15 00:00:00+00:00
[2024-07-15T15:53:03.566+0000] {processor.py:183} INFO - Processing /home/airflow/.local/lib/python3.11/site-packages/airflow/example_dags/example_branch_operator.py took 0.288 seconds
[2024-07-15T15:53:08.679+0000] {processor.py:161} INFO - Started process (PID=24907) to work on /home/airflow/.local/lib/python3.11/site-packages/airflow/example_dags/example_branch_operator.py
[2024-07-15T15:53:08.680+0000] {processor.py:830} INFO - Processing file /home/airflow/.local/lib/python3.11/site-packages/airflow/example_dags/example_branch_operator.py for tasks to queue
[2024-07-15T15:53:08.684+0000] {logging_mixin.py:188} INFO - [2024-07-15T15:53:08.683+0000] {dagbag.py:545} INFO - Filling up the DagBag from /home/airflow/.local/lib/python3.11/site-packages/airflow/example_dags/example_branch_operator.py
[2024-07-15T15:53:08.710+0000] {processor.py:840} INFO - DAG(s) 'example_branch_operator' retrieved from /home/airflow/.local/lib/python3.11/site-packages/airflow/example_dags/example_branch_operator.py
[2024-07-15T15:53:08.752+0000] {logging_mixin.py:188} INFO - [2024-07-15T15:53:08.752+0000] {dag.py:3096} INFO - Sync 1 DAGs
[2024-07-15T15:53:08.780+0000] {logging_mixin.py:188} INFO - [2024-07-15T15:53:08.780+0000] {dag.py:3954} INFO - Setting next_dagrun for example_branch_operator to 2024-07-14 00:00:00+00:00, run_after=2024-07-15 00:00:00+00:00
[2024-07-15T15:53:08.805+0000] {processor.py:183} INFO - Processing /home/airflow/.local/lib/python3.11/site-packages/airflow/example_dags/example_branch_operator.py took 0.136 seconds
[2024-07-15T15:53:13.883+0000] {processor.py:161} INFO - Started process (PID=24961) to work on /home/airflow/.local/lib/python3.11/site-packages/airflow/example_dags/example_branch_operator.py
[2024-07-15T15:53:13.885+0000] {processor.py:830} INFO - Processing file /home/airflow/.local/lib/python3.11/site-packages/airflow/example_dags/example_branch_operator.py for tasks to queue
[2024-07-15T15:53:13.888+0000] {logging_mixin.py:188} INFO - [2024-07-15T15:53:13.888+0000] {dagbag.py:545} INFO - Filling up the DagBag from /home/airflow/.local/lib/python3.11/site-packages/airflow/example_dags/example_branch_operator.py
[2024-07-15T15:53:13.917+0000] {processor.py:840} INFO - DAG(s) 'example_branch_operator' retrieved from /home/airflow/.local/lib/python3.11/site-packages/airflow/example_dags/example_branch_operator.py
[2024-07-15T15:53:13.972+0000] {logging_mixin.py:188} INFO - [2024-07-15T15:53:13.971+0000] {dag.py:3096} INFO - Sync 1 DAGs
[2024-07-15T15:53:14.014+0000] {logging_mixin.py:188} INFO - [2024-07-15T15:53:14.014+0000] {dag.py:3954} INFO - Setting next_dagrun for example_branch_operator to 2024-07-14 00:00:00+00:00, run_after=2024-07-15 00:00:00+00:00
[2024-07-15T15:53:14.043+0000] {processor.py:183} INFO - Processing /home/airflow/.local/lib/python3.11/site-packages/airflow/example_dags/example_branch_operator.py took 0.170 seconds
[2024-07-15T15:53:19.317+0000] {processor.py:161} INFO - Started process (PID=25013) to work on /home/airflow/.local/lib/python3.11/site-packages/airflow/example_dags/example_branch_operator.py
[2024-07-15T15:53:19.318+0000] {processor.py:830} INFO - Processing file /home/airflow/.local/lib/python3.11/site-packages/airflow/example_dags/example_branch_operator.py for tasks to queue
[2024-07-15T15:53:19.321+0000] {logging_mixin.py:188} INFO - [2024-07-15T15:53:19.321+0000] {dagbag.py:545} INFO - Filling up the DagBag from /home/airflow/.local/lib/python3.11/site-packages/airflow/example_dags/example_branch_operator.py
[2024-07-15T15:53:19.346+0000] {processor.py:840} INFO - DAG(s) 'example_branch_operator' retrieved from /home/airflow/.local/lib/python3.11/site-packages/airflow/example_dags/example_branch_operator.py
[2024-07-15T15:53:19.387+0000] {logging_mixin.py:188} INFO - [2024-07-15T15:53:19.386+0000] {dag.py:3096} INFO - Sync 1 DAGs
[2024-07-15T15:53:19.414+0000] {logging_mixin.py:188} INFO - [2024-07-15T15:53:19.413+0000] {dag.py:3954} INFO - Setting next_dagrun for example_branch_operator to 2024-07-14 00:00:00+00:00, run_after=2024-07-15 00:00:00+00:00
[2024-07-15T15:53:19.437+0000] {processor.py:183} INFO - Processing /home/airflow/.local/lib/python3.11/site-packages/airflow/example_dags/example_branch_operator.py took 0.128 seconds
[2024-07-15T15:53:24.155+0000] {processor.py:161} INFO - Started process (PID=25073) to work on /home/airflow/.local/lib/python3.11/site-packages/airflow/example_dags/example_branch_operator.py
[2024-07-15T15:53:24.156+0000] {processor.py:830} INFO - Processing file /home/airflow/.local/lib/python3.11/site-packages/airflow/example_dags/example_branch_operator.py for tasks to queue
[2024-07-15T15:53:24.159+0000] {logging_mixin.py:188} INFO - [2024-07-15T15:53:24.158+0000] {dagbag.py:545} INFO - Filling up the DagBag from /home/airflow/.local/lib/python3.11/site-packages/airflow/example_dags/example_branch_operator.py
[2024-07-15T15:53:24.186+0000] {processor.py:840} INFO - DAG(s) 'example_branch_operator' retrieved from /home/airflow/.local/lib/python3.11/site-packages/airflow/example_dags/example_branch_operator.py
[2024-07-15T15:53:24.252+0000] {logging_mixin.py:188} INFO - [2024-07-15T15:53:24.248+0000] {dag.py:3096} INFO - Sync 1 DAGs
[2024-07-15T15:53:24.291+0000] {logging_mixin.py:188} INFO - [2024-07-15T15:53:24.291+0000] {dag.py:3954} INFO - Setting next_dagrun for example_branch_operator to 2024-07-14 00:00:00+00:00, run_after=2024-07-15 00:00:00+00:00
[2024-07-15T15:53:24.315+0000] {processor.py:183} INFO - Processing /home/airflow/.local/lib/python3.11/site-packages/airflow/example_dags/example_branch_operator.py took 0.170 seconds
[2024-07-15T15:53:29.105+0000] {processor.py:161} INFO - Started process (PID=25125) to work on /home/airflow/.local/lib/python3.11/site-packages/airflow/example_dags/example_branch_operator.py
[2024-07-15T15:53:29.106+0000] {processor.py:830} INFO - Processing file /home/airflow/.local/lib/python3.11/site-packages/airflow/example_dags/example_branch_operator.py for tasks to queue
[2024-07-15T15:53:29.109+0000] {logging_mixin.py:188} INFO - [2024-07-15T15:53:29.109+0000] {dagbag.py:545} INFO - Filling up the DagBag from /home/airflow/.local/lib/python3.11/site-packages/airflow/example_dags/example_branch_operator.py
[2024-07-15T15:53:29.137+0000] {processor.py:840} INFO - DAG(s) 'example_branch_operator' retrieved from /home/airflow/.local/lib/python3.11/site-packages/airflow/example_dags/example_branch_operator.py
[2024-07-15T15:53:29.178+0000] {logging_mixin.py:188} INFO - [2024-07-15T15:53:29.177+0000] {dag.py:3096} INFO - Sync 1 DAGs
[2024-07-15T15:53:29.209+0000] {logging_mixin.py:188} INFO - [2024-07-15T15:53:29.209+0000] {dag.py:3954} INFO - Setting next_dagrun for example_branch_operator to 2024-07-14 00:00:00+00:00, run_after=2024-07-15 00:00:00+00:00
[2024-07-15T15:53:29.239+0000] {processor.py:183} INFO - Processing /home/airflow/.local/lib/python3.11/site-packages/airflow/example_dags/example_branch_operator.py took 0.147 seconds
[2024-07-15T15:53:34.796+0000] {processor.py:161} INFO - Started process (PID=25179) to work on /home/airflow/.local/lib/python3.11/site-packages/airflow/example_dags/example_branch_operator.py
[2024-07-15T15:53:34.797+0000] {processor.py:830} INFO - Processing file /home/airflow/.local/lib/python3.11/site-packages/airflow/example_dags/example_branch_operator.py for tasks to queue
[2024-07-15T15:53:34.799+0000] {logging_mixin.py:188} INFO - [2024-07-15T15:53:34.799+0000] {dagbag.py:545} INFO - Filling up the DagBag from /home/airflow/.local/lib/python3.11/site-packages/airflow/example_dags/example_branch_operator.py
[2024-07-15T15:53:34.822+0000] {processor.py:840} INFO - DAG(s) 'example_branch_operator' retrieved from /home/airflow/.local/lib/python3.11/site-packages/airflow/example_dags/example_branch_operator.py
[2024-07-15T15:53:34.885+0000] {logging_mixin.py:188} INFO - [2024-07-15T15:53:34.885+0000] {dag.py:3096} INFO - Sync 1 DAGs
[2024-07-15T15:53:34.911+0000] {logging_mixin.py:188} INFO - [2024-07-15T15:53:34.911+0000] {dag.py:3954} INFO - Setting next_dagrun for example_branch_operator to 2024-07-14 00:00:00+00:00, run_after=2024-07-15 00:00:00+00:00
[2024-07-15T15:53:34.935+0000] {processor.py:183} INFO - Processing /home/airflow/.local/lib/python3.11/site-packages/airflow/example_dags/example_branch_operator.py took 0.147 seconds
[2024-07-15T15:53:40.094+0000] {processor.py:161} INFO - Started process (PID=25231) to work on /home/airflow/.local/lib/python3.11/site-packages/airflow/example_dags/example_branch_operator.py
[2024-07-15T15:53:40.095+0000] {processor.py:830} INFO - Processing file /home/airflow/.local/lib/python3.11/site-packages/airflow/example_dags/example_branch_operator.py for tasks to queue
[2024-07-15T15:53:40.097+0000] {logging_mixin.py:188} INFO - [2024-07-15T15:53:40.097+0000] {dagbag.py:545} INFO - Filling up the DagBag from /home/airflow/.local/lib/python3.11/site-packages/airflow/example_dags/example_branch_operator.py
[2024-07-15T15:53:40.118+0000] {processor.py:840} INFO - DAG(s) 'example_branch_operator' retrieved from /home/airflow/.local/lib/python3.11/site-packages/airflow/example_dags/example_branch_operator.py
[2024-07-15T15:53:40.156+0000] {logging_mixin.py:188} INFO - [2024-07-15T15:53:40.156+0000] {dag.py:3096} INFO - Sync 1 DAGs
[2024-07-15T15:53:40.188+0000] {logging_mixin.py:188} INFO - [2024-07-15T15:53:40.187+0000] {dag.py:3954} INFO - Setting next_dagrun for example_branch_operator to 2024-07-14 00:00:00+00:00, run_after=2024-07-15 00:00:00+00:00
[2024-07-15T15:53:40.213+0000] {processor.py:183} INFO - Processing /home/airflow/.local/lib/python3.11/site-packages/airflow/example_dags/example_branch_operator.py took 0.127 seconds
[2024-07-15T15:53:44.976+0000] {processor.py:161} INFO - Started process (PID=25285) to work on /home/airflow/.local/lib/python3.11/site-packages/airflow/example_dags/example_branch_operator.py
[2024-07-15T15:53:44.977+0000] {processor.py:830} INFO - Processing file /home/airflow/.local/lib/python3.11/site-packages/airflow/example_dags/example_branch_operator.py for tasks to queue
[2024-07-15T15:53:44.980+0000] {logging_mixin.py:188} INFO - [2024-07-15T15:53:44.980+0000] {dagbag.py:545} INFO - Filling up the DagBag from /home/airflow/.local/lib/python3.11/site-packages/airflow/example_dags/example_branch_operator.py
[2024-07-15T15:53:45.003+0000] {processor.py:840} INFO - DAG(s) 'example_branch_operator' retrieved from /home/airflow/.local/lib/python3.11/site-packages/airflow/example_dags/example_branch_operator.py
[2024-07-15T15:53:45.044+0000] {logging_mixin.py:188} INFO - [2024-07-15T15:53:45.043+0000] {dag.py:3096} INFO - Sync 1 DAGs
[2024-07-15T15:53:45.072+0000] {logging_mixin.py:188} INFO - [2024-07-15T15:53:45.072+0000] {dag.py:3954} INFO - Setting next_dagrun for example_branch_operator to 2024-07-14 00:00:00+00:00, run_after=2024-07-15 00:00:00+00:00
[2024-07-15T15:53:45.096+0000] {processor.py:183} INFO - Processing /home/airflow/.local/lib/python3.11/site-packages/airflow/example_dags/example_branch_operator.py took 0.128 seconds
[2024-07-15T15:53:50.930+0000] {processor.py:161} INFO - Started process (PID=25337) to work on /home/airflow/.local/lib/python3.11/site-packages/airflow/example_dags/example_branch_operator.py
[2024-07-15T15:53:50.932+0000] {processor.py:830} INFO - Processing file /home/airflow/.local/lib/python3.11/site-packages/airflow/example_dags/example_branch_operator.py for tasks to queue
[2024-07-15T15:53:50.936+0000] {logging_mixin.py:188} INFO - [2024-07-15T15:53:50.935+0000] {dagbag.py:545} INFO - Filling up the DagBag from /home/airflow/.local/lib/python3.11/site-packages/airflow/example_dags/example_branch_operator.py
[2024-07-15T15:53:50.973+0000] {processor.py:840} INFO - DAG(s) 'example_branch_operator' retrieved from /home/airflow/.local/lib/python3.11/site-packages/airflow/example_dags/example_branch_operator.py
[2024-07-15T15:53:51.021+0000] {logging_mixin.py:188} INFO - [2024-07-15T15:53:51.021+0000] {dag.py:3096} INFO - Sync 1 DAGs
[2024-07-15T15:53:51.057+0000] {logging_mixin.py:188} INFO - [2024-07-15T15:53:51.056+0000] {dag.py:3954} INFO - Setting next_dagrun for example_branch_operator to 2024-07-14 00:00:00+00:00, run_after=2024-07-15 00:00:00+00:00
[2024-07-15T15:53:51.129+0000] {processor.py:183} INFO - Processing /home/airflow/.local/lib/python3.11/site-packages/airflow/example_dags/example_branch_operator.py took 0.212 seconds
[2024-07-15T15:53:56.939+0000] {processor.py:161} INFO - Started process (PID=25396) to work on /home/airflow/.local/lib/python3.11/site-packages/airflow/example_dags/example_branch_operator.py
[2024-07-15T15:53:56.940+0000] {processor.py:830} INFO - Processing file /home/airflow/.local/lib/python3.11/site-packages/airflow/example_dags/example_branch_operator.py for tasks to queue
[2024-07-15T15:53:56.943+0000] {logging_mixin.py:188} INFO - [2024-07-15T15:53:56.942+0000] {dagbag.py:545} INFO - Filling up the DagBag from /home/airflow/.local/lib/python3.11/site-packages/airflow/example_dags/example_branch_operator.py
[2024-07-15T15:53:56.973+0000] {processor.py:840} INFO - DAG(s) 'example_branch_operator' retrieved from /home/airflow/.local/lib/python3.11/site-packages/airflow/example_dags/example_branch_operator.py
[2024-07-15T15:53:57.021+0000] {logging_mixin.py:188} INFO - [2024-07-15T15:53:57.020+0000] {dag.py:3096} INFO - Sync 1 DAGs
[2024-07-15T15:53:57.059+0000] {logging_mixin.py:188} INFO - [2024-07-15T15:53:57.059+0000] {dag.py:3954} INFO - Setting next_dagrun for example_branch_operator to 2024-07-14 00:00:00+00:00, run_after=2024-07-15 00:00:00+00:00
[2024-07-15T15:53:57.088+0000] {processor.py:183} INFO - Processing /home/airflow/.local/lib/python3.11/site-packages/airflow/example_dags/example_branch_operator.py took 0.157 seconds
[2024-07-15T15:54:01.974+0000] {processor.py:161} INFO - Started process (PID=25448) to work on /home/airflow/.local/lib/python3.11/site-packages/airflow/example_dags/example_branch_operator.py
[2024-07-15T15:54:01.976+0000] {processor.py:830} INFO - Processing file /home/airflow/.local/lib/python3.11/site-packages/airflow/example_dags/example_branch_operator.py for tasks to queue
[2024-07-15T15:54:01.978+0000] {logging_mixin.py:188} INFO - [2024-07-15T15:54:01.978+0000] {dagbag.py:545} INFO - Filling up the DagBag from /home/airflow/.local/lib/python3.11/site-packages/airflow/example_dags/example_branch_operator.py
[2024-07-15T15:54:02.009+0000] {processor.py:840} INFO - DAG(s) 'example_branch_operator' retrieved from /home/airflow/.local/lib/python3.11/site-packages/airflow/example_dags/example_branch_operator.py
[2024-07-15T15:54:02.093+0000] {logging_mixin.py:188} INFO - [2024-07-15T15:54:02.092+0000] {dag.py:3096} INFO - Sync 1 DAGs
[2024-07-15T15:54:02.137+0000] {logging_mixin.py:188} INFO - [2024-07-15T15:54:02.136+0000] {dag.py:3954} INFO - Setting next_dagrun for example_branch_operator to 2024-07-14 00:00:00+00:00, run_after=2024-07-15 00:00:00+00:00
[2024-07-15T15:54:02.174+0000] {processor.py:183} INFO - Processing /home/airflow/.local/lib/python3.11/site-packages/airflow/example_dags/example_branch_operator.py took 0.209 seconds
[2024-07-15T15:54:08.218+0000] {processor.py:161} INFO - Started process (PID=25502) to work on /home/airflow/.local/lib/python3.11/site-packages/airflow/example_dags/example_branch_operator.py
[2024-07-15T15:54:08.221+0000] {processor.py:830} INFO - Processing file /home/airflow/.local/lib/python3.11/site-packages/airflow/example_dags/example_branch_operator.py for tasks to queue
[2024-07-15T15:54:08.224+0000] {logging_mixin.py:188} INFO - [2024-07-15T15:54:08.224+0000] {dagbag.py:545} INFO - Filling up the DagBag from /home/airflow/.local/lib/python3.11/site-packages/airflow/example_dags/example_branch_operator.py
[2024-07-15T15:54:08.260+0000] {processor.py:840} INFO - DAG(s) 'example_branch_operator' retrieved from /home/airflow/.local/lib/python3.11/site-packages/airflow/example_dags/example_branch_operator.py
[2024-07-15T15:54:08.318+0000] {logging_mixin.py:188} INFO - [2024-07-15T15:54:08.317+0000] {dag.py:3096} INFO - Sync 1 DAGs
[2024-07-15T15:54:08.400+0000] {logging_mixin.py:188} INFO - [2024-07-15T15:54:08.398+0000] {dag.py:3954} INFO - Setting next_dagrun for example_branch_operator to 2024-07-14 00:00:00+00:00, run_after=2024-07-15 00:00:00+00:00
[2024-07-15T15:54:08.438+0000] {processor.py:183} INFO - Processing /home/airflow/.local/lib/python3.11/site-packages/airflow/example_dags/example_branch_operator.py took 0.233 seconds
[2024-07-15T15:54:13.873+0000] {processor.py:161} INFO - Started process (PID=25554) to work on /home/airflow/.local/lib/python3.11/site-packages/airflow/example_dags/example_branch_operator.py
[2024-07-15T15:54:13.875+0000] {processor.py:830} INFO - Processing file /home/airflow/.local/lib/python3.11/site-packages/airflow/example_dags/example_branch_operator.py for tasks to queue
[2024-07-15T15:54:13.878+0000] {logging_mixin.py:188} INFO - [2024-07-15T15:54:13.877+0000] {dagbag.py:545} INFO - Filling up the DagBag from /home/airflow/.local/lib/python3.11/site-packages/airflow/example_dags/example_branch_operator.py
[2024-07-15T15:54:13.901+0000] {processor.py:840} INFO - DAG(s) 'example_branch_operator' retrieved from /home/airflow/.local/lib/python3.11/site-packages/airflow/example_dags/example_branch_operator.py
[2024-07-15T15:54:13.942+0000] {logging_mixin.py:188} INFO - [2024-07-15T15:54:13.942+0000] {dag.py:3096} INFO - Sync 1 DAGs
[2024-07-15T15:54:14.121+0000] {logging_mixin.py:188} INFO - [2024-07-15T15:54:14.121+0000] {dag.py:3954} INFO - Setting next_dagrun for example_branch_operator to 2024-07-14 00:00:00+00:00, run_after=2024-07-15 00:00:00+00:00
[2024-07-15T15:54:14.143+0000] {processor.py:183} INFO - Processing /home/airflow/.local/lib/python3.11/site-packages/airflow/example_dags/example_branch_operator.py took 0.278 seconds
[2024-07-15T15:54:19.532+0000] {processor.py:161} INFO - Started process (PID=25607) to work on /home/airflow/.local/lib/python3.11/site-packages/airflow/example_dags/example_branch_operator.py
[2024-07-15T15:54:19.533+0000] {processor.py:830} INFO - Processing file /home/airflow/.local/lib/python3.11/site-packages/airflow/example_dags/example_branch_operator.py for tasks to queue
[2024-07-15T15:54:19.536+0000] {logging_mixin.py:188} INFO - [2024-07-15T15:54:19.536+0000] {dagbag.py:545} INFO - Filling up the DagBag from /home/airflow/.local/lib/python3.11/site-packages/airflow/example_dags/example_branch_operator.py
[2024-07-15T15:54:19.567+0000] {processor.py:840} INFO - DAG(s) 'example_branch_operator' retrieved from /home/airflow/.local/lib/python3.11/site-packages/airflow/example_dags/example_branch_operator.py
[2024-07-15T15:54:19.611+0000] {logging_mixin.py:188} INFO - [2024-07-15T15:54:19.610+0000] {dag.py:3096} INFO - Sync 1 DAGs
[2024-07-15T15:54:19.648+0000] {logging_mixin.py:188} INFO - [2024-07-15T15:54:19.648+0000] {dag.py:3954} INFO - Setting next_dagrun for example_branch_operator to 2024-07-14 00:00:00+00:00, run_after=2024-07-15 00:00:00+00:00
[2024-07-15T15:54:19.695+0000] {processor.py:183} INFO - Processing /home/airflow/.local/lib/python3.11/site-packages/airflow/example_dags/example_branch_operator.py took 0.172 seconds
[2024-07-15T15:54:25.740+0000] {processor.py:161} INFO - Started process (PID=25665) to work on /home/airflow/.local/lib/python3.11/site-packages/airflow/example_dags/example_branch_operator.py
[2024-07-15T15:54:25.742+0000] {processor.py:830} INFO - Processing file /home/airflow/.local/lib/python3.11/site-packages/airflow/example_dags/example_branch_operator.py for tasks to queue
[2024-07-15T15:54:25.746+0000] {logging_mixin.py:188} INFO - [2024-07-15T15:54:25.745+0000] {dagbag.py:545} INFO - Filling up the DagBag from /home/airflow/.local/lib/python3.11/site-packages/airflow/example_dags/example_branch_operator.py
[2024-07-15T15:54:25.781+0000] {processor.py:840} INFO - DAG(s) 'example_branch_operator' retrieved from /home/airflow/.local/lib/python3.11/site-packages/airflow/example_dags/example_branch_operator.py
[2024-07-15T15:54:25.843+0000] {logging_mixin.py:188} INFO - [2024-07-15T15:54:25.842+0000] {dag.py:3096} INFO - Sync 1 DAGs
[2024-07-15T15:54:25.883+0000] {logging_mixin.py:188} INFO - [2024-07-15T15:54:25.883+0000] {dag.py:3954} INFO - Setting next_dagrun for example_branch_operator to 2024-07-14 00:00:00+00:00, run_after=2024-07-15 00:00:00+00:00
[2024-07-15T15:54:25.913+0000] {processor.py:183} INFO - Processing /home/airflow/.local/lib/python3.11/site-packages/airflow/example_dags/example_branch_operator.py took 0.185 seconds
[2024-07-15T15:54:35.148+0000] {processor.py:161} INFO - Started process (PID=25718) to work on /home/airflow/.local/lib/python3.11/site-packages/airflow/example_dags/example_branch_operator.py
[2024-07-15T15:54:35.149+0000] {processor.py:830} INFO - Processing file /home/airflow/.local/lib/python3.11/site-packages/airflow/example_dags/example_branch_operator.py for tasks to queue
[2024-07-15T15:54:35.153+0000] {logging_mixin.py:188} INFO - [2024-07-15T15:54:35.152+0000] {dagbag.py:545} INFO - Filling up the DagBag from /home/airflow/.local/lib/python3.11/site-packages/airflow/example_dags/example_branch_operator.py
[2024-07-15T15:54:35.199+0000] {processor.py:840} INFO - DAG(s) 'example_branch_operator' retrieved from /home/airflow/.local/lib/python3.11/site-packages/airflow/example_dags/example_branch_operator.py
[2024-07-15T15:54:35.308+0000] {logging_mixin.py:188} INFO - [2024-07-15T15:54:35.307+0000] {dag.py:3096} INFO - Sync 1 DAGs
[2024-07-15T15:54:35.742+0000] {logging_mixin.py:188} INFO - [2024-07-15T15:54:35.741+0000] {dag.py:3954} INFO - Setting next_dagrun for example_branch_operator to 2024-07-14 00:00:00+00:00, run_after=2024-07-15 00:00:00+00:00
[2024-07-15T15:54:35.787+0000] {processor.py:183} INFO - Processing /home/airflow/.local/lib/python3.11/site-packages/airflow/example_dags/example_branch_operator.py took 0.654 seconds
[2024-07-15T15:54:45.639+0000] {processor.py:161} INFO - Started process (PID=25770) to work on /home/airflow/.local/lib/python3.11/site-packages/airflow/example_dags/example_branch_operator.py
[2024-07-15T15:54:45.641+0000] {processor.py:830} INFO - Processing file /home/airflow/.local/lib/python3.11/site-packages/airflow/example_dags/example_branch_operator.py for tasks to queue
[2024-07-15T15:54:45.645+0000] {logging_mixin.py:188} INFO - [2024-07-15T15:54:45.644+0000] {dagbag.py:545} INFO - Filling up the DagBag from /home/airflow/.local/lib/python3.11/site-packages/airflow/example_dags/example_branch_operator.py
[2024-07-15T15:54:45.687+0000] {processor.py:840} INFO - DAG(s) 'example_branch_operator' retrieved from /home/airflow/.local/lib/python3.11/site-packages/airflow/example_dags/example_branch_operator.py
[2024-07-15T15:54:45.758+0000] {logging_mixin.py:188} INFO - [2024-07-15T15:54:45.757+0000] {dag.py:3096} INFO - Sync 1 DAGs
[2024-07-15T15:54:45.806+0000] {logging_mixin.py:188} INFO - [2024-07-15T15:54:45.805+0000] {dag.py:3954} INFO - Setting next_dagrun for example_branch_operator to 2024-07-14 00:00:00+00:00, run_after=2024-07-15 00:00:00+00:00
[2024-07-15T15:54:45.844+0000] {processor.py:183} INFO - Processing /home/airflow/.local/lib/python3.11/site-packages/airflow/example_dags/example_branch_operator.py took 0.217 seconds
[2024-07-15T15:54:55.663+0000] {processor.py:161} INFO - Started process (PID=25830) to work on /home/airflow/.local/lib/python3.11/site-packages/airflow/example_dags/example_branch_operator.py
[2024-07-15T15:54:55.665+0000] {processor.py:830} INFO - Processing file /home/airflow/.local/lib/python3.11/site-packages/airflow/example_dags/example_branch_operator.py for tasks to queue
[2024-07-15T15:54:55.669+0000] {logging_mixin.py:188} INFO - [2024-07-15T15:54:55.669+0000] {dagbag.py:545} INFO - Filling up the DagBag from /home/airflow/.local/lib/python3.11/site-packages/airflow/example_dags/example_branch_operator.py
[2024-07-15T15:54:55.713+0000] {processor.py:840} INFO - DAG(s) 'example_branch_operator' retrieved from /home/airflow/.local/lib/python3.11/site-packages/airflow/example_dags/example_branch_operator.py
[2024-07-15T15:54:55.777+0000] {logging_mixin.py:188} INFO - [2024-07-15T15:54:55.776+0000] {dag.py:3096} INFO - Sync 1 DAGs
[2024-07-15T15:54:55.827+0000] {logging_mixin.py:188} INFO - [2024-07-15T15:54:55.826+0000] {dag.py:3954} INFO - Setting next_dagrun for example_branch_operator to 2024-07-14 00:00:00+00:00, run_after=2024-07-15 00:00:00+00:00
[2024-07-15T15:54:55.860+0000] {processor.py:183} INFO - Processing /home/airflow/.local/lib/python3.11/site-packages/airflow/example_dags/example_branch_operator.py took 0.211 seconds
[2024-07-15T15:55:06.289+0000] {processor.py:161} INFO - Started process (PID=25882) to work on /home/airflow/.local/lib/python3.11/site-packages/airflow/example_dags/example_branch_operator.py
[2024-07-15T15:55:06.291+0000] {processor.py:830} INFO - Processing file /home/airflow/.local/lib/python3.11/site-packages/airflow/example_dags/example_branch_operator.py for tasks to queue
[2024-07-15T15:55:06.296+0000] {logging_mixin.py:188} INFO - [2024-07-15T15:55:06.295+0000] {dagbag.py:545} INFO - Filling up the DagBag from /home/airflow/.local/lib/python3.11/site-packages/airflow/example_dags/example_branch_operator.py
[2024-07-15T15:55:06.349+0000] {processor.py:840} INFO - DAG(s) 'example_branch_operator' retrieved from /home/airflow/.local/lib/python3.11/site-packages/airflow/example_dags/example_branch_operator.py
[2024-07-15T15:55:06.455+0000] {logging_mixin.py:188} INFO - [2024-07-15T15:55:06.454+0000] {dag.py:3096} INFO - Sync 1 DAGs
[2024-07-15T15:55:06.870+0000] {logging_mixin.py:188} INFO - [2024-07-15T15:55:06.869+0000] {dag.py:3954} INFO - Setting next_dagrun for example_branch_operator to 2024-07-14 00:00:00+00:00, run_after=2024-07-15 00:00:00+00:00
[2024-07-15T15:55:06.909+0000] {processor.py:183} INFO - Processing /home/airflow/.local/lib/python3.11/site-packages/airflow/example_dags/example_branch_operator.py took 0.637 seconds
[2024-07-15T15:55:19.483+0000] {processor.py:161} INFO - Started process (PID=25935) to work on /home/airflow/.local/lib/python3.11/site-packages/airflow/example_dags/example_branch_operator.py
[2024-07-15T15:55:19.485+0000] {processor.py:830} INFO - Processing file /home/airflow/.local/lib/python3.11/site-packages/airflow/example_dags/example_branch_operator.py for tasks to queue
[2024-07-15T15:55:19.490+0000] {logging_mixin.py:188} INFO - [2024-07-15T15:55:19.489+0000] {dagbag.py:545} INFO - Filling up the DagBag from /home/airflow/.local/lib/python3.11/site-packages/airflow/example_dags/example_branch_operator.py
[2024-07-15T15:55:19.554+0000] {processor.py:840} INFO - DAG(s) 'example_branch_operator' retrieved from /home/airflow/.local/lib/python3.11/site-packages/airflow/example_dags/example_branch_operator.py
[2024-07-15T15:55:19.617+0000] {logging_mixin.py:188} INFO - [2024-07-15T15:55:19.616+0000] {dag.py:3096} INFO - Sync 1 DAGs
[2024-07-15T15:55:19.662+0000] {logging_mixin.py:188} INFO - [2024-07-15T15:55:19.662+0000] {dag.py:3954} INFO - Setting next_dagrun for example_branch_operator to 2024-07-14 00:00:00+00:00, run_after=2024-07-15 00:00:00+00:00
[2024-07-15T15:55:19.697+0000] {processor.py:183} INFO - Processing /home/airflow/.local/lib/python3.11/site-packages/airflow/example_dags/example_branch_operator.py took 0.231 seconds
[2024-07-15T15:55:29.618+0000] {processor.py:161} INFO - Started process (PID=25993) to work on /home/airflow/.local/lib/python3.11/site-packages/airflow/example_dags/example_branch_operator.py
[2024-07-15T15:55:29.620+0000] {processor.py:830} INFO - Processing file /home/airflow/.local/lib/python3.11/site-packages/airflow/example_dags/example_branch_operator.py for tasks to queue
[2024-07-15T15:55:29.623+0000] {logging_mixin.py:188} INFO - [2024-07-15T15:55:29.623+0000] {dagbag.py:545} INFO - Filling up the DagBag from /home/airflow/.local/lib/python3.11/site-packages/airflow/example_dags/example_branch_operator.py
[2024-07-15T15:55:29.835+0000] {processor.py:840} INFO - DAG(s) 'example_branch_operator' retrieved from /home/airflow/.local/lib/python3.11/site-packages/airflow/example_dags/example_branch_operator.py
[2024-07-15T15:55:29.873+0000] {logging_mixin.py:188} INFO - [2024-07-15T15:55:29.872+0000] {dag.py:3096} INFO - Sync 1 DAGs
[2024-07-15T15:55:29.900+0000] {logging_mixin.py:188} INFO - [2024-07-15T15:55:29.899+0000] {dag.py:3954} INFO - Setting next_dagrun for example_branch_operator to 2024-07-14 00:00:00+00:00, run_after=2024-07-15 00:00:00+00:00
[2024-07-15T15:55:29.924+0000] {processor.py:183} INFO - Processing /home/airflow/.local/lib/python3.11/site-packages/airflow/example_dags/example_branch_operator.py took 0.317 seconds
[2024-07-15T15:55:37.685+0000] {processor.py:161} INFO - Started process (PID=26046) to work on /home/airflow/.local/lib/python3.11/site-packages/airflow/example_dags/example_branch_operator.py
[2024-07-15T15:55:37.687+0000] {processor.py:830} INFO - Processing file /home/airflow/.local/lib/python3.11/site-packages/airflow/example_dags/example_branch_operator.py for tasks to queue
[2024-07-15T15:55:37.690+0000] {logging_mixin.py:188} INFO - [2024-07-15T15:55:37.690+0000] {dagbag.py:545} INFO - Filling up the DagBag from /home/airflow/.local/lib/python3.11/site-packages/airflow/example_dags/example_branch_operator.py
[2024-07-15T15:55:37.726+0000] {processor.py:840} INFO - DAG(s) 'example_branch_operator' retrieved from /home/airflow/.local/lib/python3.11/site-packages/airflow/example_dags/example_branch_operator.py
[2024-07-15T15:55:37.798+0000] {logging_mixin.py:188} INFO - [2024-07-15T15:55:37.798+0000] {dag.py:3096} INFO - Sync 1 DAGs
[2024-07-15T15:55:37.857+0000] {logging_mixin.py:188} INFO - [2024-07-15T15:55:37.856+0000] {dag.py:3954} INFO - Setting next_dagrun for example_branch_operator to 2024-07-14 00:00:00+00:00, run_after=2024-07-15 00:00:00+00:00
[2024-07-15T15:55:37.900+0000] {processor.py:183} INFO - Processing /home/airflow/.local/lib/python3.11/site-packages/airflow/example_dags/example_branch_operator.py took 0.226 seconds
[2024-07-15T15:55:43.882+0000] {processor.py:161} INFO - Started process (PID=26098) to work on /home/airflow/.local/lib/python3.11/site-packages/airflow/example_dags/example_branch_operator.py
[2024-07-15T15:55:43.884+0000] {processor.py:830} INFO - Processing file /home/airflow/.local/lib/python3.11/site-packages/airflow/example_dags/example_branch_operator.py for tasks to queue
[2024-07-15T15:55:43.887+0000] {logging_mixin.py:188} INFO - [2024-07-15T15:55:43.887+0000] {dagbag.py:545} INFO - Filling up the DagBag from /home/airflow/.local/lib/python3.11/site-packages/airflow/example_dags/example_branch_operator.py
[2024-07-15T15:55:43.914+0000] {processor.py:840} INFO - DAG(s) 'example_branch_operator' retrieved from /home/airflow/.local/lib/python3.11/site-packages/airflow/example_dags/example_branch_operator.py
[2024-07-15T15:55:43.964+0000] {logging_mixin.py:188} INFO - [2024-07-15T15:55:43.963+0000] {dag.py:3096} INFO - Sync 1 DAGs
[2024-07-15T15:55:44.001+0000] {logging_mixin.py:188} INFO - [2024-07-15T15:55:44.000+0000] {dag.py:3954} INFO - Setting next_dagrun for example_branch_operator to 2024-07-14 00:00:00+00:00, run_after=2024-07-15 00:00:00+00:00
[2024-07-15T15:55:44.035+0000] {processor.py:183} INFO - Processing /home/airflow/.local/lib/python3.11/site-packages/airflow/example_dags/example_branch_operator.py took 0.163 seconds
[2024-07-15T15:55:50.113+0000] {processor.py:161} INFO - Started process (PID=26151) to work on /home/airflow/.local/lib/python3.11/site-packages/airflow/example_dags/example_branch_operator.py
[2024-07-15T15:55:50.115+0000] {processor.py:830} INFO - Processing file /home/airflow/.local/lib/python3.11/site-packages/airflow/example_dags/example_branch_operator.py for tasks to queue
[2024-07-15T15:55:50.119+0000] {logging_mixin.py:188} INFO - [2024-07-15T15:55:50.118+0000] {dagbag.py:545} INFO - Filling up the DagBag from /home/airflow/.local/lib/python3.11/site-packages/airflow/example_dags/example_branch_operator.py
[2024-07-15T15:55:50.152+0000] {processor.py:840} INFO - DAG(s) 'example_branch_operator' retrieved from /home/airflow/.local/lib/python3.11/site-packages/airflow/example_dags/example_branch_operator.py
[2024-07-15T15:55:50.224+0000] {logging_mixin.py:188} INFO - [2024-07-15T15:55:50.224+0000] {dag.py:3096} INFO - Sync 1 DAGs
[2024-07-15T15:55:50.270+0000] {logging_mixin.py:188} INFO - [2024-07-15T15:55:50.270+0000] {dag.py:3954} INFO - Setting next_dagrun for example_branch_operator to 2024-07-14 00:00:00+00:00, run_after=2024-07-15 00:00:00+00:00
[2024-07-15T15:55:50.316+0000] {processor.py:183} INFO - Processing /home/airflow/.local/lib/python3.11/site-packages/airflow/example_dags/example_branch_operator.py took 0.217 seconds
[2024-07-15T15:55:57.088+0000] {processor.py:161} INFO - Started process (PID=26208) to work on /home/airflow/.local/lib/python3.11/site-packages/airflow/example_dags/example_branch_operator.py
[2024-07-15T15:55:57.090+0000] {processor.py:830} INFO - Processing file /home/airflow/.local/lib/python3.11/site-packages/airflow/example_dags/example_branch_operator.py for tasks to queue
[2024-07-15T15:55:57.094+0000] {logging_mixin.py:188} INFO - [2024-07-15T15:55:57.094+0000] {dagbag.py:545} INFO - Filling up the DagBag from /home/airflow/.local/lib/python3.11/site-packages/airflow/example_dags/example_branch_operator.py
[2024-07-15T15:55:57.134+0000] {processor.py:840} INFO - DAG(s) 'example_branch_operator' retrieved from /home/airflow/.local/lib/python3.11/site-packages/airflow/example_dags/example_branch_operator.py
[2024-07-15T15:55:57.202+0000] {logging_mixin.py:188} INFO - [2024-07-15T15:55:57.201+0000] {dag.py:3096} INFO - Sync 1 DAGs
[2024-07-15T15:55:57.240+0000] {logging_mixin.py:188} INFO - [2024-07-15T15:55:57.240+0000] {dag.py:3954} INFO - Setting next_dagrun for example_branch_operator to 2024-07-14 00:00:00+00:00, run_after=2024-07-15 00:00:00+00:00
[2024-07-15T15:55:57.282+0000] {processor.py:183} INFO - Processing /home/airflow/.local/lib/python3.11/site-packages/airflow/example_dags/example_branch_operator.py took 0.206 seconds
[2024-07-15T15:56:04.797+0000] {processor.py:161} INFO - Started process (PID=26261) to work on /home/airflow/.local/lib/python3.11/site-packages/airflow/example_dags/example_branch_operator.py
[2024-07-15T15:56:04.799+0000] {processor.py:830} INFO - Processing file /home/airflow/.local/lib/python3.11/site-packages/airflow/example_dags/example_branch_operator.py for tasks to queue
[2024-07-15T15:56:04.801+0000] {logging_mixin.py:188} INFO - [2024-07-15T15:56:04.801+0000] {dagbag.py:545} INFO - Filling up the DagBag from /home/airflow/.local/lib/python3.11/site-packages/airflow/example_dags/example_branch_operator.py
[2024-07-15T15:56:04.824+0000] {processor.py:840} INFO - DAG(s) 'example_branch_operator' retrieved from /home/airflow/.local/lib/python3.11/site-packages/airflow/example_dags/example_branch_operator.py
[2024-07-15T15:56:04.864+0000] {logging_mixin.py:188} INFO - [2024-07-15T15:56:04.863+0000] {dag.py:3096} INFO - Sync 1 DAGs
[2024-07-15T15:56:04.894+0000] {logging_mixin.py:188} INFO - [2024-07-15T15:56:04.893+0000] {dag.py:3954} INFO - Setting next_dagrun for example_branch_operator to 2024-07-14 00:00:00+00:00, run_after=2024-07-15 00:00:00+00:00
[2024-07-15T15:56:04.920+0000] {processor.py:183} INFO - Processing /home/airflow/.local/lib/python3.11/site-packages/airflow/example_dags/example_branch_operator.py took 0.130 seconds
[2024-07-15T15:56:10.464+0000] {processor.py:161} INFO - Started process (PID=26313) to work on /home/airflow/.local/lib/python3.11/site-packages/airflow/example_dags/example_branch_operator.py
[2024-07-15T15:56:10.466+0000] {processor.py:830} INFO - Processing file /home/airflow/.local/lib/python3.11/site-packages/airflow/example_dags/example_branch_operator.py for tasks to queue
[2024-07-15T15:56:10.470+0000] {logging_mixin.py:188} INFO - [2024-07-15T15:56:10.469+0000] {dagbag.py:545} INFO - Filling up the DagBag from /home/airflow/.local/lib/python3.11/site-packages/airflow/example_dags/example_branch_operator.py
[2024-07-15T15:56:10.503+0000] {processor.py:840} INFO - DAG(s) 'example_branch_operator' retrieved from /home/airflow/.local/lib/python3.11/site-packages/airflow/example_dags/example_branch_operator.py
[2024-07-15T15:56:10.559+0000] {logging_mixin.py:188} INFO - [2024-07-15T15:56:10.558+0000] {dag.py:3096} INFO - Sync 1 DAGs
[2024-07-15T15:56:10.598+0000] {logging_mixin.py:188} INFO - [2024-07-15T15:56:10.598+0000] {dag.py:3954} INFO - Setting next_dagrun for example_branch_operator to 2024-07-14 00:00:00+00:00, run_after=2024-07-15 00:00:00+00:00
[2024-07-15T15:56:10.625+0000] {processor.py:183} INFO - Processing /home/airflow/.local/lib/python3.11/site-packages/airflow/example_dags/example_branch_operator.py took 0.171 seconds
[2024-07-15T15:56:17.084+0000] {processor.py:161} INFO - Started process (PID=26366) to work on /home/airflow/.local/lib/python3.11/site-packages/airflow/example_dags/example_branch_operator.py
[2024-07-15T15:56:17.086+0000] {processor.py:830} INFO - Processing file /home/airflow/.local/lib/python3.11/site-packages/airflow/example_dags/example_branch_operator.py for tasks to queue
[2024-07-15T15:56:17.090+0000] {logging_mixin.py:188} INFO - [2024-07-15T15:56:17.089+0000] {dagbag.py:545} INFO - Filling up the DagBag from /home/airflow/.local/lib/python3.11/site-packages/airflow/example_dags/example_branch_operator.py
[2024-07-15T15:56:17.201+0000] {processor.py:840} INFO - DAG(s) 'example_branch_operator' retrieved from /home/airflow/.local/lib/python3.11/site-packages/airflow/example_dags/example_branch_operator.py
[2024-07-15T15:56:17.269+0000] {logging_mixin.py:188} INFO - [2024-07-15T15:56:17.269+0000] {dag.py:3096} INFO - Sync 1 DAGs
[2024-07-15T15:56:17.311+0000] {logging_mixin.py:188} INFO - [2024-07-15T15:56:17.310+0000] {dag.py:3954} INFO - Setting next_dagrun for example_branch_operator to 2024-07-14 00:00:00+00:00, run_after=2024-07-15 00:00:00+00:00
[2024-07-15T15:56:17.338+0000] {processor.py:183} INFO - Processing /home/airflow/.local/lib/python3.11/site-packages/airflow/example_dags/example_branch_operator.py took 0.267 seconds
[2024-07-15T15:56:23.599+0000] {processor.py:161} INFO - Started process (PID=26424) to work on /home/airflow/.local/lib/python3.11/site-packages/airflow/example_dags/example_branch_operator.py
[2024-07-15T15:56:23.601+0000] {processor.py:830} INFO - Processing file /home/airflow/.local/lib/python3.11/site-packages/airflow/example_dags/example_branch_operator.py for tasks to queue
[2024-07-15T15:56:23.604+0000] {logging_mixin.py:188} INFO - [2024-07-15T15:56:23.603+0000] {dagbag.py:545} INFO - Filling up the DagBag from /home/airflow/.local/lib/python3.11/site-packages/airflow/example_dags/example_branch_operator.py
[2024-07-15T15:56:23.628+0000] {processor.py:840} INFO - DAG(s) 'example_branch_operator' retrieved from /home/airflow/.local/lib/python3.11/site-packages/airflow/example_dags/example_branch_operator.py
[2024-07-15T15:56:23.671+0000] {logging_mixin.py:188} INFO - [2024-07-15T15:56:23.670+0000] {dag.py:3096} INFO - Sync 1 DAGs
[2024-07-15T15:56:23.702+0000] {logging_mixin.py:188} INFO - [2024-07-15T15:56:23.702+0000] {dag.py:3954} INFO - Setting next_dagrun for example_branch_operator to 2024-07-14 00:00:00+00:00, run_after=2024-07-15 00:00:00+00:00
[2024-07-15T15:56:23.736+0000] {processor.py:183} INFO - Processing /home/airflow/.local/lib/python3.11/site-packages/airflow/example_dags/example_branch_operator.py took 0.146 seconds
[2024-07-15T15:56:31.462+0000] {processor.py:161} INFO - Started process (PID=26477) to work on /home/airflow/.local/lib/python3.11/site-packages/airflow/example_dags/example_branch_operator.py
[2024-07-15T15:56:31.464+0000] {processor.py:830} INFO - Processing file /home/airflow/.local/lib/python3.11/site-packages/airflow/example_dags/example_branch_operator.py for tasks to queue
[2024-07-15T15:56:31.469+0000] {logging_mixin.py:188} INFO - [2024-07-15T15:56:31.469+0000] {dagbag.py:545} INFO - Filling up the DagBag from /home/airflow/.local/lib/python3.11/site-packages/airflow/example_dags/example_branch_operator.py
[2024-07-15T15:56:31.503+0000] {processor.py:840} INFO - DAG(s) 'example_branch_operator' retrieved from /home/airflow/.local/lib/python3.11/site-packages/airflow/example_dags/example_branch_operator.py
[2024-07-15T15:56:31.566+0000] {logging_mixin.py:188} INFO - [2024-07-15T15:56:31.565+0000] {dag.py:3096} INFO - Sync 1 DAGs
[2024-07-15T15:56:31.603+0000] {logging_mixin.py:188} INFO - [2024-07-15T15:56:31.603+0000] {dag.py:3954} INFO - Setting next_dagrun for example_branch_operator to 2024-07-14 00:00:00+00:00, run_after=2024-07-15 00:00:00+00:00
[2024-07-15T15:56:31.638+0000] {processor.py:183} INFO - Processing /home/airflow/.local/lib/python3.11/site-packages/airflow/example_dags/example_branch_operator.py took 0.191 seconds
[2024-07-15T15:56:39.756+0000] {processor.py:161} INFO - Started process (PID=26529) to work on /home/airflow/.local/lib/python3.11/site-packages/airflow/example_dags/example_branch_operator.py
[2024-07-15T15:56:39.758+0000] {processor.py:830} INFO - Processing file /home/airflow/.local/lib/python3.11/site-packages/airflow/example_dags/example_branch_operator.py for tasks to queue
[2024-07-15T15:56:39.761+0000] {logging_mixin.py:188} INFO - [2024-07-15T15:56:39.760+0000] {dagbag.py:545} INFO - Filling up the DagBag from /home/airflow/.local/lib/python3.11/site-packages/airflow/example_dags/example_branch_operator.py
[2024-07-15T15:56:39.787+0000] {processor.py:840} INFO - DAG(s) 'example_branch_operator' retrieved from /home/airflow/.local/lib/python3.11/site-packages/airflow/example_dags/example_branch_operator.py
[2024-07-15T15:56:39.832+0000] {logging_mixin.py:188} INFO - [2024-07-15T15:56:39.831+0000] {dag.py:3096} INFO - Sync 1 DAGs
[2024-07-15T15:56:39.869+0000] {logging_mixin.py:188} INFO - [2024-07-15T15:56:39.868+0000] {dag.py:3954} INFO - Setting next_dagrun for example_branch_operator to 2024-07-14 00:00:00+00:00, run_after=2024-07-15 00:00:00+00:00
[2024-07-15T15:56:39.911+0000] {processor.py:183} INFO - Processing /home/airflow/.local/lib/python3.11/site-packages/airflow/example_dags/example_branch_operator.py took 0.163 seconds
[2024-07-15T15:56:44.610+0000] {processor.py:161} INFO - Started process (PID=26583) to work on /home/airflow/.local/lib/python3.11/site-packages/airflow/example_dags/example_branch_operator.py
[2024-07-15T15:56:44.611+0000] {processor.py:830} INFO - Processing file /home/airflow/.local/lib/python3.11/site-packages/airflow/example_dags/example_branch_operator.py for tasks to queue
[2024-07-15T15:56:44.614+0000] {logging_mixin.py:188} INFO - [2024-07-15T15:56:44.614+0000] {dagbag.py:545} INFO - Filling up the DagBag from /home/airflow/.local/lib/python3.11/site-packages/airflow/example_dags/example_branch_operator.py
[2024-07-15T15:56:44.642+0000] {processor.py:840} INFO - DAG(s) 'example_branch_operator' retrieved from /home/airflow/.local/lib/python3.11/site-packages/airflow/example_dags/example_branch_operator.py
[2024-07-15T15:56:44.681+0000] {logging_mixin.py:188} INFO - [2024-07-15T15:56:44.681+0000] {dag.py:3096} INFO - Sync 1 DAGs
[2024-07-15T15:56:44.710+0000] {logging_mixin.py:188} INFO - [2024-07-15T15:56:44.710+0000] {dag.py:3954} INFO - Setting next_dagrun for example_branch_operator to 2024-07-14 00:00:00+00:00, run_after=2024-07-15 00:00:00+00:00
[2024-07-15T15:56:44.735+0000] {processor.py:183} INFO - Processing /home/airflow/.local/lib/python3.11/site-packages/airflow/example_dags/example_branch_operator.py took 0.134 seconds
[2024-07-15T15:56:49.314+0000] {processor.py:161} INFO - Started process (PID=26635) to work on /home/airflow/.local/lib/python3.11/site-packages/airflow/example_dags/example_branch_operator.py
[2024-07-15T15:56:49.315+0000] {processor.py:830} INFO - Processing file /home/airflow/.local/lib/python3.11/site-packages/airflow/example_dags/example_branch_operator.py for tasks to queue
[2024-07-15T15:56:49.319+0000] {logging_mixin.py:188} INFO - [2024-07-15T15:56:49.318+0000] {dagbag.py:545} INFO - Filling up the DagBag from /home/airflow/.local/lib/python3.11/site-packages/airflow/example_dags/example_branch_operator.py
[2024-07-15T15:56:49.351+0000] {processor.py:840} INFO - DAG(s) 'example_branch_operator' retrieved from /home/airflow/.local/lib/python3.11/site-packages/airflow/example_dags/example_branch_operator.py
[2024-07-15T15:56:49.402+0000] {logging_mixin.py:188} INFO - [2024-07-15T15:56:49.401+0000] {dag.py:3096} INFO - Sync 1 DAGs
[2024-07-15T15:56:49.450+0000] {logging_mixin.py:188} INFO - [2024-07-15T15:56:49.449+0000] {dag.py:3954} INFO - Setting next_dagrun for example_branch_operator to 2024-07-14 00:00:00+00:00, run_after=2024-07-15 00:00:00+00:00
[2024-07-15T15:56:49.479+0000] {processor.py:183} INFO - Processing /home/airflow/.local/lib/python3.11/site-packages/airflow/example_dags/example_branch_operator.py took 0.178 seconds
[2024-07-15T15:56:55.531+0000] {processor.py:161} INFO - Started process (PID=26695) to work on /home/airflow/.local/lib/python3.11/site-packages/airflow/example_dags/example_branch_operator.py
[2024-07-15T15:56:55.533+0000] {processor.py:830} INFO - Processing file /home/airflow/.local/lib/python3.11/site-packages/airflow/example_dags/example_branch_operator.py for tasks to queue
[2024-07-15T15:56:55.536+0000] {logging_mixin.py:188} INFO - [2024-07-15T15:56:55.536+0000] {dagbag.py:545} INFO - Filling up the DagBag from /home/airflow/.local/lib/python3.11/site-packages/airflow/example_dags/example_branch_operator.py
[2024-07-15T15:56:55.569+0000] {processor.py:840} INFO - DAG(s) 'example_branch_operator' retrieved from /home/airflow/.local/lib/python3.11/site-packages/airflow/example_dags/example_branch_operator.py
[2024-07-15T15:56:55.615+0000] {logging_mixin.py:188} INFO - [2024-07-15T15:56:55.614+0000] {dag.py:3096} INFO - Sync 1 DAGs
[2024-07-15T15:56:55.647+0000] {logging_mixin.py:188} INFO - [2024-07-15T15:56:55.647+0000] {dag.py:3954} INFO - Setting next_dagrun for example_branch_operator to 2024-07-14 00:00:00+00:00, run_after=2024-07-15 00:00:00+00:00
[2024-07-15T15:56:55.670+0000] {processor.py:183} INFO - Processing /home/airflow/.local/lib/python3.11/site-packages/airflow/example_dags/example_branch_operator.py took 0.150 seconds
