[2024-07-15T15:49:09.590+0000] {processor.py:161} INFO - Started process (PID=22647) to work on /home/airflow/.local/lib/python3.11/site-packages/airflow/example_dags/example_short_circuit_operator.py
[2024-07-15T15:49:09.602+0000] {processor.py:830} INFO - Processing file /home/airflow/.local/lib/python3.11/site-packages/airflow/example_dags/example_short_circuit_operator.py for tasks to queue
[2024-07-15T15:49:09.607+0000] {logging_mixin.py:188} INFO - [2024-07-15T15:49:09.606+0000] {dagbag.py:545} INFO - Filling up the DagBag from /home/airflow/.local/lib/python3.11/site-packages/airflow/example_dags/example_short_circuit_operator.py
[2024-07-15T15:49:09.626+0000] {processor.py:840} INFO - DAG(s) 'example_short_circuit_operator' retrieved from /home/airflow/.local/lib/python3.11/site-packages/airflow/example_dags/example_short_circuit_operator.py
[2024-07-15T15:49:09.695+0000] {logging_mixin.py:188} INFO - [2024-07-15T15:49:09.694+0000] {dag.py:3096} INFO - Sync 1 DAGs
[2024-07-15T15:49:09.743+0000] {logging_mixin.py:188} INFO - [2024-07-15T15:49:09.743+0000] {dag.py:3954} INFO - Setting next_dagrun for example_short_circuit_operator to 2024-07-14 00:00:00+00:00, run_after=2024-07-15 00:00:00+00:00
[2024-07-15T15:49:09.785+0000] {processor.py:183} INFO - Processing /home/airflow/.local/lib/python3.11/site-packages/airflow/example_dags/example_short_circuit_operator.py took 0.216 seconds
[2024-07-15T15:49:16.536+0000] {processor.py:161} INFO - Started process (PID=22699) to work on /home/airflow/.local/lib/python3.11/site-packages/airflow/example_dags/example_short_circuit_operator.py
[2024-07-15T15:49:16.538+0000] {processor.py:830} INFO - Processing file /home/airflow/.local/lib/python3.11/site-packages/airflow/example_dags/example_short_circuit_operator.py for tasks to queue
[2024-07-15T15:49:16.541+0000] {logging_mixin.py:188} INFO - [2024-07-15T15:49:16.540+0000] {dagbag.py:545} INFO - Filling up the DagBag from /home/airflow/.local/lib/python3.11/site-packages/airflow/example_dags/example_short_circuit_operator.py
[2024-07-15T15:49:16.559+0000] {processor.py:840} INFO - DAG(s) 'example_short_circuit_operator' retrieved from /home/airflow/.local/lib/python3.11/site-packages/airflow/example_dags/example_short_circuit_operator.py
[2024-07-15T15:49:16.609+0000] {logging_mixin.py:188} INFO - [2024-07-15T15:49:16.609+0000] {dag.py:3096} INFO - Sync 1 DAGs
[2024-07-15T15:49:16.656+0000] {logging_mixin.py:188} INFO - [2024-07-15T15:49:16.655+0000] {dag.py:3954} INFO - Setting next_dagrun for example_short_circuit_operator to 2024-07-14 00:00:00+00:00, run_after=2024-07-15 00:00:00+00:00
[2024-07-15T15:49:16.693+0000] {processor.py:183} INFO - Processing /home/airflow/.local/lib/python3.11/site-packages/airflow/example_dags/example_short_circuit_operator.py took 0.167 seconds
[2024-07-15T15:49:24.878+0000] {processor.py:161} INFO - Started process (PID=22758) to work on /home/airflow/.local/lib/python3.11/site-packages/airflow/example_dags/example_short_circuit_operator.py
[2024-07-15T15:49:24.880+0000] {processor.py:830} INFO - Processing file /home/airflow/.local/lib/python3.11/site-packages/airflow/example_dags/example_short_circuit_operator.py for tasks to queue
[2024-07-15T15:49:24.884+0000] {logging_mixin.py:188} INFO - [2024-07-15T15:49:24.884+0000] {dagbag.py:545} INFO - Filling up the DagBag from /home/airflow/.local/lib/python3.11/site-packages/airflow/example_dags/example_short_circuit_operator.py
[2024-07-15T15:49:24.912+0000] {processor.py:840} INFO - DAG(s) 'example_short_circuit_operator' retrieved from /home/airflow/.local/lib/python3.11/site-packages/airflow/example_dags/example_short_circuit_operator.py
[2024-07-15T15:49:24.975+0000] {logging_mixin.py:188} INFO - [2024-07-15T15:49:24.974+0000] {dag.py:3096} INFO - Sync 1 DAGs
[2024-07-15T15:49:25.039+0000] {logging_mixin.py:188} INFO - [2024-07-15T15:49:25.039+0000] {dag.py:3954} INFO - Setting next_dagrun for example_short_circuit_operator to 2024-07-14 00:00:00+00:00, run_after=2024-07-15 00:00:00+00:00
[2024-07-15T15:49:25.091+0000] {processor.py:183} INFO - Processing /home/airflow/.local/lib/python3.11/site-packages/airflow/example_dags/example_short_circuit_operator.py took 0.232 seconds
[2024-07-15T15:49:32.157+0000] {processor.py:161} INFO - Started process (PID=22810) to work on /home/airflow/.local/lib/python3.11/site-packages/airflow/example_dags/example_short_circuit_operator.py
[2024-07-15T15:49:32.160+0000] {processor.py:830} INFO - Processing file /home/airflow/.local/lib/python3.11/site-packages/airflow/example_dags/example_short_circuit_operator.py for tasks to queue
[2024-07-15T15:49:32.165+0000] {logging_mixin.py:188} INFO - [2024-07-15T15:49:32.164+0000] {dagbag.py:545} INFO - Filling up the DagBag from /home/airflow/.local/lib/python3.11/site-packages/airflow/example_dags/example_short_circuit_operator.py
[2024-07-15T15:49:32.188+0000] {processor.py:840} INFO - DAG(s) 'example_short_circuit_operator' retrieved from /home/airflow/.local/lib/python3.11/site-packages/airflow/example_dags/example_short_circuit_operator.py
[2024-07-15T15:49:32.251+0000] {logging_mixin.py:188} INFO - [2024-07-15T15:49:32.251+0000] {dag.py:3096} INFO - Sync 1 DAGs
[2024-07-15T15:49:32.312+0000] {logging_mixin.py:188} INFO - [2024-07-15T15:49:32.312+0000] {dag.py:3954} INFO - Setting next_dagrun for example_short_circuit_operator to 2024-07-14 00:00:00+00:00, run_after=2024-07-15 00:00:00+00:00
[2024-07-15T15:49:32.357+0000] {processor.py:183} INFO - Processing /home/airflow/.local/lib/python3.11/site-packages/airflow/example_dags/example_short_circuit_operator.py took 0.214 seconds
[2024-07-15T15:49:40.482+0000] {processor.py:161} INFO - Started process (PID=22863) to work on /home/airflow/.local/lib/python3.11/site-packages/airflow/example_dags/example_short_circuit_operator.py
[2024-07-15T15:49:40.484+0000] {processor.py:830} INFO - Processing file /home/airflow/.local/lib/python3.11/site-packages/airflow/example_dags/example_short_circuit_operator.py for tasks to queue
[2024-07-15T15:49:40.488+0000] {logging_mixin.py:188} INFO - [2024-07-15T15:49:40.487+0000] {dagbag.py:545} INFO - Filling up the DagBag from /home/airflow/.local/lib/python3.11/site-packages/airflow/example_dags/example_short_circuit_operator.py
[2024-07-15T15:49:40.503+0000] {processor.py:840} INFO - DAG(s) 'example_short_circuit_operator' retrieved from /home/airflow/.local/lib/python3.11/site-packages/airflow/example_dags/example_short_circuit_operator.py
[2024-07-15T15:49:40.539+0000] {logging_mixin.py:188} INFO - [2024-07-15T15:49:40.539+0000] {dag.py:3096} INFO - Sync 1 DAGs
[2024-07-15T15:49:40.569+0000] {logging_mixin.py:188} INFO - [2024-07-15T15:49:40.569+0000] {dag.py:3954} INFO - Setting next_dagrun for example_short_circuit_operator to 2024-07-14 00:00:00+00:00, run_after=2024-07-15 00:00:00+00:00
[2024-07-15T15:49:40.594+0000] {processor.py:183} INFO - Processing /home/airflow/.local/lib/python3.11/site-packages/airflow/example_dags/example_short_circuit_operator.py took 0.124 seconds
[2024-07-15T15:49:46.893+0000] {processor.py:161} INFO - Started process (PID=22915) to work on /home/airflow/.local/lib/python3.11/site-packages/airflow/example_dags/example_short_circuit_operator.py
[2024-07-15T15:49:46.895+0000] {processor.py:830} INFO - Processing file /home/airflow/.local/lib/python3.11/site-packages/airflow/example_dags/example_short_circuit_operator.py for tasks to queue
[2024-07-15T15:49:46.899+0000] {logging_mixin.py:188} INFO - [2024-07-15T15:49:46.899+0000] {dagbag.py:545} INFO - Filling up the DagBag from /home/airflow/.local/lib/python3.11/site-packages/airflow/example_dags/example_short_circuit_operator.py
[2024-07-15T15:49:46.925+0000] {processor.py:840} INFO - DAG(s) 'example_short_circuit_operator' retrieved from /home/airflow/.local/lib/python3.11/site-packages/airflow/example_dags/example_short_circuit_operator.py
[2024-07-15T15:49:46.999+0000] {logging_mixin.py:188} INFO - [2024-07-15T15:49:46.999+0000] {dag.py:3096} INFO - Sync 1 DAGs
[2024-07-15T15:49:47.056+0000] {logging_mixin.py:188} INFO - [2024-07-15T15:49:47.056+0000] {dag.py:3954} INFO - Setting next_dagrun for example_short_circuit_operator to 2024-07-14 00:00:00+00:00, run_after=2024-07-15 00:00:00+00:00
[2024-07-15T15:49:47.105+0000] {processor.py:183} INFO - Processing /home/airflow/.local/lib/python3.11/site-packages/airflow/example_dags/example_short_circuit_operator.py took 0.225 seconds
[2024-07-15T15:49:53.298+0000] {processor.py:161} INFO - Started process (PID=22975) to work on /home/airflow/.local/lib/python3.11/site-packages/airflow/example_dags/example_short_circuit_operator.py
[2024-07-15T15:49:53.299+0000] {processor.py:830} INFO - Processing file /home/airflow/.local/lib/python3.11/site-packages/airflow/example_dags/example_short_circuit_operator.py for tasks to queue
[2024-07-15T15:49:53.303+0000] {logging_mixin.py:188} INFO - [2024-07-15T15:49:53.302+0000] {dagbag.py:545} INFO - Filling up the DagBag from /home/airflow/.local/lib/python3.11/site-packages/airflow/example_dags/example_short_circuit_operator.py
[2024-07-15T15:49:53.315+0000] {processor.py:840} INFO - DAG(s) 'example_short_circuit_operator' retrieved from /home/airflow/.local/lib/python3.11/site-packages/airflow/example_dags/example_short_circuit_operator.py
[2024-07-15T15:49:53.358+0000] {logging_mixin.py:188} INFO - [2024-07-15T15:49:53.357+0000] {dag.py:3096} INFO - Sync 1 DAGs
[2024-07-15T15:49:53.390+0000] {logging_mixin.py:188} INFO - [2024-07-15T15:49:53.390+0000] {dag.py:3954} INFO - Setting next_dagrun for example_short_circuit_operator to 2024-07-14 00:00:00+00:00, run_after=2024-07-15 00:00:00+00:00
[2024-07-15T15:49:53.414+0000] {processor.py:183} INFO - Processing /home/airflow/.local/lib/python3.11/site-packages/airflow/example_dags/example_short_circuit_operator.py took 0.127 seconds
[2024-07-15T15:50:00.257+0000] {processor.py:161} INFO - Started process (PID=23027) to work on /home/airflow/.local/lib/python3.11/site-packages/airflow/example_dags/example_short_circuit_operator.py
[2024-07-15T15:50:00.259+0000] {processor.py:830} INFO - Processing file /home/airflow/.local/lib/python3.11/site-packages/airflow/example_dags/example_short_circuit_operator.py for tasks to queue
[2024-07-15T15:50:00.262+0000] {logging_mixin.py:188} INFO - [2024-07-15T15:50:00.261+0000] {dagbag.py:545} INFO - Filling up the DagBag from /home/airflow/.local/lib/python3.11/site-packages/airflow/example_dags/example_short_circuit_operator.py
[2024-07-15T15:50:00.273+0000] {processor.py:840} INFO - DAG(s) 'example_short_circuit_operator' retrieved from /home/airflow/.local/lib/python3.11/site-packages/airflow/example_dags/example_short_circuit_operator.py
[2024-07-15T15:50:00.311+0000] {logging_mixin.py:188} INFO - [2024-07-15T15:50:00.310+0000] {dag.py:3096} INFO - Sync 1 DAGs
[2024-07-15T15:50:00.344+0000] {logging_mixin.py:188} INFO - [2024-07-15T15:50:00.344+0000] {dag.py:3954} INFO - Setting next_dagrun for example_short_circuit_operator to 2024-07-14 00:00:00+00:00, run_after=2024-07-15 00:00:00+00:00
[2024-07-15T15:50:00.373+0000] {processor.py:183} INFO - Processing /home/airflow/.local/lib/python3.11/site-packages/airflow/example_dags/example_short_circuit_operator.py took 0.125 seconds
[2024-07-15T15:50:06.610+0000] {processor.py:161} INFO - Started process (PID=23080) to work on /home/airflow/.local/lib/python3.11/site-packages/airflow/example_dags/example_short_circuit_operator.py
[2024-07-15T15:50:06.612+0000] {processor.py:830} INFO - Processing file /home/airflow/.local/lib/python3.11/site-packages/airflow/example_dags/example_short_circuit_operator.py for tasks to queue
[2024-07-15T15:50:06.614+0000] {logging_mixin.py:188} INFO - [2024-07-15T15:50:06.614+0000] {dagbag.py:545} INFO - Filling up the DagBag from /home/airflow/.local/lib/python3.11/site-packages/airflow/example_dags/example_short_circuit_operator.py
[2024-07-15T15:50:06.623+0000] {processor.py:840} INFO - DAG(s) 'example_short_circuit_operator' retrieved from /home/airflow/.local/lib/python3.11/site-packages/airflow/example_dags/example_short_circuit_operator.py
[2024-07-15T15:50:06.654+0000] {logging_mixin.py:188} INFO - [2024-07-15T15:50:06.654+0000] {dag.py:3096} INFO - Sync 1 DAGs
[2024-07-15T15:50:06.704+0000] {logging_mixin.py:188} INFO - [2024-07-15T15:50:06.704+0000] {dag.py:3954} INFO - Setting next_dagrun for example_short_circuit_operator to 2024-07-14 00:00:00+00:00, run_after=2024-07-15 00:00:00+00:00
[2024-07-15T15:50:06.749+0000] {processor.py:183} INFO - Processing /home/airflow/.local/lib/python3.11/site-packages/airflow/example_dags/example_short_circuit_operator.py took 0.147 seconds
[2024-07-15T15:50:12.212+0000] {processor.py:161} INFO - Started process (PID=23132) to work on /home/airflow/.local/lib/python3.11/site-packages/airflow/example_dags/example_short_circuit_operator.py
[2024-07-15T15:50:12.214+0000] {processor.py:830} INFO - Processing file /home/airflow/.local/lib/python3.11/site-packages/airflow/example_dags/example_short_circuit_operator.py for tasks to queue
[2024-07-15T15:50:12.216+0000] {logging_mixin.py:188} INFO - [2024-07-15T15:50:12.216+0000] {dagbag.py:545} INFO - Filling up the DagBag from /home/airflow/.local/lib/python3.11/site-packages/airflow/example_dags/example_short_circuit_operator.py
[2024-07-15T15:50:12.226+0000] {processor.py:840} INFO - DAG(s) 'example_short_circuit_operator' retrieved from /home/airflow/.local/lib/python3.11/site-packages/airflow/example_dags/example_short_circuit_operator.py
[2024-07-15T15:50:12.254+0000] {logging_mixin.py:188} INFO - [2024-07-15T15:50:12.253+0000] {dag.py:3096} INFO - Sync 1 DAGs
[2024-07-15T15:50:12.308+0000] {logging_mixin.py:188} INFO - [2024-07-15T15:50:12.308+0000] {dag.py:3954} INFO - Setting next_dagrun for example_short_circuit_operator to 2024-07-14 00:00:00+00:00, run_after=2024-07-15 00:00:00+00:00
[2024-07-15T15:50:12.331+0000] {processor.py:183} INFO - Processing /home/airflow/.local/lib/python3.11/site-packages/airflow/example_dags/example_short_circuit_operator.py took 0.126 seconds
[2024-07-15T15:50:18.395+0000] {processor.py:161} INFO - Started process (PID=23185) to work on /home/airflow/.local/lib/python3.11/site-packages/airflow/example_dags/example_short_circuit_operator.py
[2024-07-15T15:50:18.396+0000] {processor.py:830} INFO - Processing file /home/airflow/.local/lib/python3.11/site-packages/airflow/example_dags/example_short_circuit_operator.py for tasks to queue
[2024-07-15T15:50:18.398+0000] {logging_mixin.py:188} INFO - [2024-07-15T15:50:18.398+0000] {dagbag.py:545} INFO - Filling up the DagBag from /home/airflow/.local/lib/python3.11/site-packages/airflow/example_dags/example_short_circuit_operator.py
[2024-07-15T15:50:18.407+0000] {processor.py:840} INFO - DAG(s) 'example_short_circuit_operator' retrieved from /home/airflow/.local/lib/python3.11/site-packages/airflow/example_dags/example_short_circuit_operator.py
[2024-07-15T15:50:18.466+0000] {logging_mixin.py:188} INFO - [2024-07-15T15:50:18.465+0000] {dag.py:3096} INFO - Sync 1 DAGs
[2024-07-15T15:50:18.497+0000] {logging_mixin.py:188} INFO - [2024-07-15T15:50:18.497+0000] {dag.py:3954} INFO - Setting next_dagrun for example_short_circuit_operator to 2024-07-14 00:00:00+00:00, run_after=2024-07-15 00:00:00+00:00
[2024-07-15T15:50:18.526+0000] {processor.py:183} INFO - Processing /home/airflow/.local/lib/python3.11/site-packages/airflow/example_dags/example_short_circuit_operator.py took 0.139 seconds
[2024-07-15T15:50:23.325+0000] {processor.py:161} INFO - Started process (PID=23245) to work on /home/airflow/.local/lib/python3.11/site-packages/airflow/example_dags/example_short_circuit_operator.py
[2024-07-15T15:50:23.326+0000] {processor.py:830} INFO - Processing file /home/airflow/.local/lib/python3.11/site-packages/airflow/example_dags/example_short_circuit_operator.py for tasks to queue
[2024-07-15T15:50:23.328+0000] {logging_mixin.py:188} INFO - [2024-07-15T15:50:23.328+0000] {dagbag.py:545} INFO - Filling up the DagBag from /home/airflow/.local/lib/python3.11/site-packages/airflow/example_dags/example_short_circuit_operator.py
[2024-07-15T15:50:23.337+0000] {processor.py:840} INFO - DAG(s) 'example_short_circuit_operator' retrieved from /home/airflow/.local/lib/python3.11/site-packages/airflow/example_dags/example_short_circuit_operator.py
[2024-07-15T15:50:23.398+0000] {logging_mixin.py:188} INFO - [2024-07-15T15:50:23.398+0000] {dag.py:3096} INFO - Sync 1 DAGs
[2024-07-15T15:50:23.450+0000] {logging_mixin.py:188} INFO - [2024-07-15T15:50:23.449+0000] {dag.py:3954} INFO - Setting next_dagrun for example_short_circuit_operator to 2024-07-14 00:00:00+00:00, run_after=2024-07-15 00:00:00+00:00
[2024-07-15T15:50:23.488+0000] {processor.py:183} INFO - Processing /home/airflow/.local/lib/python3.11/site-packages/airflow/example_dags/example_short_circuit_operator.py took 0.171 seconds
[2024-07-15T15:50:29.244+0000] {processor.py:161} INFO - Started process (PID=23297) to work on /home/airflow/.local/lib/python3.11/site-packages/airflow/example_dags/example_short_circuit_operator.py
[2024-07-15T15:50:29.246+0000] {processor.py:830} INFO - Processing file /home/airflow/.local/lib/python3.11/site-packages/airflow/example_dags/example_short_circuit_operator.py for tasks to queue
[2024-07-15T15:50:29.249+0000] {logging_mixin.py:188} INFO - [2024-07-15T15:50:29.249+0000] {dagbag.py:545} INFO - Filling up the DagBag from /home/airflow/.local/lib/python3.11/site-packages/airflow/example_dags/example_short_circuit_operator.py
[2024-07-15T15:50:29.261+0000] {processor.py:840} INFO - DAG(s) 'example_short_circuit_operator' retrieved from /home/airflow/.local/lib/python3.11/site-packages/airflow/example_dags/example_short_circuit_operator.py
[2024-07-15T15:50:29.292+0000] {logging_mixin.py:188} INFO - [2024-07-15T15:50:29.291+0000] {dag.py:3096} INFO - Sync 1 DAGs
[2024-07-15T15:50:29.315+0000] {logging_mixin.py:188} INFO - [2024-07-15T15:50:29.315+0000] {dag.py:3954} INFO - Setting next_dagrun for example_short_circuit_operator to 2024-07-14 00:00:00+00:00, run_after=2024-07-15 00:00:00+00:00
[2024-07-15T15:50:29.338+0000] {processor.py:183} INFO - Processing /home/airflow/.local/lib/python3.11/site-packages/airflow/example_dags/example_short_circuit_operator.py took 0.104 seconds
[2024-07-15T15:50:34.850+0000] {processor.py:161} INFO - Started process (PID=23351) to work on /home/airflow/.local/lib/python3.11/site-packages/airflow/example_dags/example_short_circuit_operator.py
[2024-07-15T15:50:34.852+0000] {processor.py:830} INFO - Processing file /home/airflow/.local/lib/python3.11/site-packages/airflow/example_dags/example_short_circuit_operator.py for tasks to queue
[2024-07-15T15:50:34.854+0000] {logging_mixin.py:188} INFO - [2024-07-15T15:50:34.854+0000] {dagbag.py:545} INFO - Filling up the DagBag from /home/airflow/.local/lib/python3.11/site-packages/airflow/example_dags/example_short_circuit_operator.py
[2024-07-15T15:50:34.889+0000] {processor.py:840} INFO - DAG(s) 'example_short_circuit_operator' retrieved from /home/airflow/.local/lib/python3.11/site-packages/airflow/example_dags/example_short_circuit_operator.py
[2024-07-15T15:50:34.923+0000] {logging_mixin.py:188} INFO - [2024-07-15T15:50:34.923+0000] {dag.py:3096} INFO - Sync 1 DAGs
[2024-07-15T15:50:34.948+0000] {logging_mixin.py:188} INFO - [2024-07-15T15:50:34.948+0000] {dag.py:3954} INFO - Setting next_dagrun for example_short_circuit_operator to 2024-07-14 00:00:00+00:00, run_after=2024-07-15 00:00:00+00:00
[2024-07-15T15:50:34.971+0000] {processor.py:183} INFO - Processing /home/airflow/.local/lib/python3.11/site-packages/airflow/example_dags/example_short_circuit_operator.py took 0.128 seconds
[2024-07-15T15:50:40.021+0000] {processor.py:161} INFO - Started process (PID=23403) to work on /home/airflow/.local/lib/python3.11/site-packages/airflow/example_dags/example_short_circuit_operator.py
[2024-07-15T15:50:40.031+0000] {processor.py:830} INFO - Processing file /home/airflow/.local/lib/python3.11/site-packages/airflow/example_dags/example_short_circuit_operator.py for tasks to queue
[2024-07-15T15:50:40.047+0000] {logging_mixin.py:188} INFO - [2024-07-15T15:50:40.044+0000] {dagbag.py:545} INFO - Filling up the DagBag from /home/airflow/.local/lib/python3.11/site-packages/airflow/example_dags/example_short_circuit_operator.py
[2024-07-15T15:50:40.065+0000] {processor.py:840} INFO - DAG(s) 'example_short_circuit_operator' retrieved from /home/airflow/.local/lib/python3.11/site-packages/airflow/example_dags/example_short_circuit_operator.py
[2024-07-15T15:50:40.115+0000] {logging_mixin.py:188} INFO - [2024-07-15T15:50:40.114+0000] {dag.py:3096} INFO - Sync 1 DAGs
[2024-07-15T15:50:40.154+0000] {logging_mixin.py:188} INFO - [2024-07-15T15:50:40.154+0000] {dag.py:3954} INFO - Setting next_dagrun for example_short_circuit_operator to 2024-07-14 00:00:00+00:00, run_after=2024-07-15 00:00:00+00:00
[2024-07-15T15:50:40.194+0000] {processor.py:183} INFO - Processing /home/airflow/.local/lib/python3.11/site-packages/airflow/example_dags/example_short_circuit_operator.py took 0.185 seconds
[2024-07-15T15:50:45.999+0000] {processor.py:161} INFO - Started process (PID=23456) to work on /home/airflow/.local/lib/python3.11/site-packages/airflow/example_dags/example_short_circuit_operator.py
[2024-07-15T15:50:46.000+0000] {processor.py:830} INFO - Processing file /home/airflow/.local/lib/python3.11/site-packages/airflow/example_dags/example_short_circuit_operator.py for tasks to queue
[2024-07-15T15:50:46.013+0000] {logging_mixin.py:188} INFO - [2024-07-15T15:50:46.009+0000] {dagbag.py:545} INFO - Filling up the DagBag from /home/airflow/.local/lib/python3.11/site-packages/airflow/example_dags/example_short_circuit_operator.py
[2024-07-15T15:50:46.036+0000] {processor.py:840} INFO - DAG(s) 'example_short_circuit_operator' retrieved from /home/airflow/.local/lib/python3.11/site-packages/airflow/example_dags/example_short_circuit_operator.py
[2024-07-15T15:50:46.093+0000] {logging_mixin.py:188} INFO - [2024-07-15T15:50:46.092+0000] {dag.py:3096} INFO - Sync 1 DAGs
[2024-07-15T15:50:46.124+0000] {logging_mixin.py:188} INFO - [2024-07-15T15:50:46.123+0000] {dag.py:3954} INFO - Setting next_dagrun for example_short_circuit_operator to 2024-07-14 00:00:00+00:00, run_after=2024-07-15 00:00:00+00:00
[2024-07-15T15:50:46.152+0000] {processor.py:183} INFO - Processing /home/airflow/.local/lib/python3.11/site-packages/airflow/example_dags/example_short_circuit_operator.py took 0.161 seconds
[2024-07-15T15:50:50.846+0000] {processor.py:161} INFO - Started process (PID=23508) to work on /home/airflow/.local/lib/python3.11/site-packages/airflow/example_dags/example_short_circuit_operator.py
[2024-07-15T15:50:50.848+0000] {processor.py:830} INFO - Processing file /home/airflow/.local/lib/python3.11/site-packages/airflow/example_dags/example_short_circuit_operator.py for tasks to queue
[2024-07-15T15:50:50.850+0000] {logging_mixin.py:188} INFO - [2024-07-15T15:50:50.850+0000] {dagbag.py:545} INFO - Filling up the DagBag from /home/airflow/.local/lib/python3.11/site-packages/airflow/example_dags/example_short_circuit_operator.py
[2024-07-15T15:50:50.860+0000] {processor.py:840} INFO - DAG(s) 'example_short_circuit_operator' retrieved from /home/airflow/.local/lib/python3.11/site-packages/airflow/example_dags/example_short_circuit_operator.py
[2024-07-15T15:50:50.889+0000] {logging_mixin.py:188} INFO - [2024-07-15T15:50:50.888+0000] {dag.py:3096} INFO - Sync 1 DAGs
[2024-07-15T15:50:50.915+0000] {logging_mixin.py:188} INFO - [2024-07-15T15:50:50.914+0000] {dag.py:3954} INFO - Setting next_dagrun for example_short_circuit_operator to 2024-07-14 00:00:00+00:00, run_after=2024-07-15 00:00:00+00:00
[2024-07-15T15:50:50.936+0000] {processor.py:183} INFO - Processing /home/airflow/.local/lib/python3.11/site-packages/airflow/example_dags/example_short_circuit_operator.py took 0.097 seconds
[2024-07-15T15:50:56.487+0000] {processor.py:161} INFO - Started process (PID=23568) to work on /home/airflow/.local/lib/python3.11/site-packages/airflow/example_dags/example_short_circuit_operator.py
[2024-07-15T15:50:56.489+0000] {processor.py:830} INFO - Processing file /home/airflow/.local/lib/python3.11/site-packages/airflow/example_dags/example_short_circuit_operator.py for tasks to queue
[2024-07-15T15:50:56.492+0000] {logging_mixin.py:188} INFO - [2024-07-15T15:50:56.491+0000] {dagbag.py:545} INFO - Filling up the DagBag from /home/airflow/.local/lib/python3.11/site-packages/airflow/example_dags/example_short_circuit_operator.py
[2024-07-15T15:50:56.504+0000] {processor.py:840} INFO - DAG(s) 'example_short_circuit_operator' retrieved from /home/airflow/.local/lib/python3.11/site-packages/airflow/example_dags/example_short_circuit_operator.py
[2024-07-15T15:50:56.532+0000] {logging_mixin.py:188} INFO - [2024-07-15T15:50:56.532+0000] {dag.py:3096} INFO - Sync 1 DAGs
[2024-07-15T15:50:56.556+0000] {logging_mixin.py:188} INFO - [2024-07-15T15:50:56.556+0000] {dag.py:3954} INFO - Setting next_dagrun for example_short_circuit_operator to 2024-07-14 00:00:00+00:00, run_after=2024-07-15 00:00:00+00:00
[2024-07-15T15:50:56.600+0000] {processor.py:183} INFO - Processing /home/airflow/.local/lib/python3.11/site-packages/airflow/example_dags/example_short_circuit_operator.py took 0.123 seconds
[2024-07-15T15:51:01.615+0000] {processor.py:161} INFO - Started process (PID=23620) to work on /home/airflow/.local/lib/python3.11/site-packages/airflow/example_dags/example_short_circuit_operator.py
[2024-07-15T15:51:01.616+0000] {processor.py:830} INFO - Processing file /home/airflow/.local/lib/python3.11/site-packages/airflow/example_dags/example_short_circuit_operator.py for tasks to queue
[2024-07-15T15:51:01.619+0000] {logging_mixin.py:188} INFO - [2024-07-15T15:51:01.619+0000] {dagbag.py:545} INFO - Filling up the DagBag from /home/airflow/.local/lib/python3.11/site-packages/airflow/example_dags/example_short_circuit_operator.py
[2024-07-15T15:51:01.629+0000] {processor.py:840} INFO - DAG(s) 'example_short_circuit_operator' retrieved from /home/airflow/.local/lib/python3.11/site-packages/airflow/example_dags/example_short_circuit_operator.py
[2024-07-15T15:51:01.661+0000] {logging_mixin.py:188} INFO - [2024-07-15T15:51:01.661+0000] {dag.py:3096} INFO - Sync 1 DAGs
[2024-07-15T15:51:01.690+0000] {logging_mixin.py:188} INFO - [2024-07-15T15:51:01.690+0000] {dag.py:3954} INFO - Setting next_dagrun for example_short_circuit_operator to 2024-07-14 00:00:00+00:00, run_after=2024-07-15 00:00:00+00:00
[2024-07-15T15:51:01.713+0000] {processor.py:183} INFO - Processing /home/airflow/.local/lib/python3.11/site-packages/airflow/example_dags/example_short_circuit_operator.py took 0.107 seconds
[2024-07-15T15:51:06.526+0000] {processor.py:161} INFO - Started process (PID=23673) to work on /home/airflow/.local/lib/python3.11/site-packages/airflow/example_dags/example_short_circuit_operator.py
[2024-07-15T15:51:06.527+0000] {processor.py:830} INFO - Processing file /home/airflow/.local/lib/python3.11/site-packages/airflow/example_dags/example_short_circuit_operator.py for tasks to queue
[2024-07-15T15:51:06.530+0000] {logging_mixin.py:188} INFO - [2024-07-15T15:51:06.530+0000] {dagbag.py:545} INFO - Filling up the DagBag from /home/airflow/.local/lib/python3.11/site-packages/airflow/example_dags/example_short_circuit_operator.py
[2024-07-15T15:51:06.551+0000] {processor.py:840} INFO - DAG(s) 'example_short_circuit_operator' retrieved from /home/airflow/.local/lib/python3.11/site-packages/airflow/example_dags/example_short_circuit_operator.py
[2024-07-15T15:51:06.602+0000] {logging_mixin.py:188} INFO - [2024-07-15T15:51:06.602+0000] {dag.py:3096} INFO - Sync 1 DAGs
[2024-07-15T15:51:06.627+0000] {logging_mixin.py:188} INFO - [2024-07-15T15:51:06.627+0000] {dag.py:3954} INFO - Setting next_dagrun for example_short_circuit_operator to 2024-07-14 00:00:00+00:00, run_after=2024-07-15 00:00:00+00:00
[2024-07-15T15:51:06.678+0000] {processor.py:183} INFO - Processing /home/airflow/.local/lib/python3.11/site-packages/airflow/example_dags/example_short_circuit_operator.py took 0.160 seconds
[2024-07-15T15:51:11.928+0000] {processor.py:161} INFO - Started process (PID=23725) to work on /home/airflow/.local/lib/python3.11/site-packages/airflow/example_dags/example_short_circuit_operator.py
[2024-07-15T15:51:11.929+0000] {processor.py:830} INFO - Processing file /home/airflow/.local/lib/python3.11/site-packages/airflow/example_dags/example_short_circuit_operator.py for tasks to queue
[2024-07-15T15:51:11.932+0000] {logging_mixin.py:188} INFO - [2024-07-15T15:51:11.932+0000] {dagbag.py:545} INFO - Filling up the DagBag from /home/airflow/.local/lib/python3.11/site-packages/airflow/example_dags/example_short_circuit_operator.py
[2024-07-15T15:51:11.944+0000] {processor.py:840} INFO - DAG(s) 'example_short_circuit_operator' retrieved from /home/airflow/.local/lib/python3.11/site-packages/airflow/example_dags/example_short_circuit_operator.py
[2024-07-15T15:51:11.984+0000] {logging_mixin.py:188} INFO - [2024-07-15T15:51:11.983+0000] {dag.py:3096} INFO - Sync 1 DAGs
[2024-07-15T15:51:12.019+0000] {logging_mixin.py:188} INFO - [2024-07-15T15:51:12.019+0000] {dag.py:3954} INFO - Setting next_dagrun for example_short_circuit_operator to 2024-07-14 00:00:00+00:00, run_after=2024-07-15 00:00:00+00:00
[2024-07-15T15:51:12.047+0000] {processor.py:183} INFO - Processing /home/airflow/.local/lib/python3.11/site-packages/airflow/example_dags/example_short_circuit_operator.py took 0.128 seconds
[2024-07-15T15:51:16.359+0000] {processor.py:161} INFO - Started process (PID=23778) to work on /home/airflow/.local/lib/python3.11/site-packages/airflow/example_dags/example_short_circuit_operator.py
[2024-07-15T15:51:16.360+0000] {processor.py:830} INFO - Processing file /home/airflow/.local/lib/python3.11/site-packages/airflow/example_dags/example_short_circuit_operator.py for tasks to queue
[2024-07-15T15:51:16.363+0000] {logging_mixin.py:188} INFO - [2024-07-15T15:51:16.363+0000] {dagbag.py:545} INFO - Filling up the DagBag from /home/airflow/.local/lib/python3.11/site-packages/airflow/example_dags/example_short_circuit_operator.py
[2024-07-15T15:51:16.372+0000] {processor.py:840} INFO - DAG(s) 'example_short_circuit_operator' retrieved from /home/airflow/.local/lib/python3.11/site-packages/airflow/example_dags/example_short_circuit_operator.py
[2024-07-15T15:51:16.403+0000] {logging_mixin.py:188} INFO - [2024-07-15T15:51:16.402+0000] {dag.py:3096} INFO - Sync 1 DAGs
[2024-07-15T15:51:16.430+0000] {logging_mixin.py:188} INFO - [2024-07-15T15:51:16.430+0000] {dag.py:3954} INFO - Setting next_dagrun for example_short_circuit_operator to 2024-07-14 00:00:00+00:00, run_after=2024-07-15 00:00:00+00:00
[2024-07-15T15:51:16.453+0000] {processor.py:183} INFO - Processing /home/airflow/.local/lib/python3.11/site-packages/airflow/example_dags/example_short_circuit_operator.py took 0.102 seconds
[2024-07-15T15:51:21.939+0000] {processor.py:161} INFO - Started process (PID=23836) to work on /home/airflow/.local/lib/python3.11/site-packages/airflow/example_dags/example_short_circuit_operator.py
[2024-07-15T15:51:21.940+0000] {processor.py:830} INFO - Processing file /home/airflow/.local/lib/python3.11/site-packages/airflow/example_dags/example_short_circuit_operator.py for tasks to queue
[2024-07-15T15:51:21.942+0000] {logging_mixin.py:188} INFO - [2024-07-15T15:51:21.942+0000] {dagbag.py:545} INFO - Filling up the DagBag from /home/airflow/.local/lib/python3.11/site-packages/airflow/example_dags/example_short_circuit_operator.py
[2024-07-15T15:51:21.952+0000] {processor.py:840} INFO - DAG(s) 'example_short_circuit_operator' retrieved from /home/airflow/.local/lib/python3.11/site-packages/airflow/example_dags/example_short_circuit_operator.py
[2024-07-15T15:51:21.981+0000] {logging_mixin.py:188} INFO - [2024-07-15T15:51:21.981+0000] {dag.py:3096} INFO - Sync 1 DAGs
[2024-07-15T15:51:22.010+0000] {logging_mixin.py:188} INFO - [2024-07-15T15:51:22.009+0000] {dag.py:3954} INFO - Setting next_dagrun for example_short_circuit_operator to 2024-07-14 00:00:00+00:00, run_after=2024-07-15 00:00:00+00:00
[2024-07-15T15:51:22.035+0000] {processor.py:183} INFO - Processing /home/airflow/.local/lib/python3.11/site-packages/airflow/example_dags/example_short_circuit_operator.py took 0.105 seconds
