[2024-07-15T15:49:06.183+0000] {processor.py:161} INFO - Started process (PID=22633) to work on /home/airflow/.local/lib/python3.11/site-packages/airflow/example_dags/example_bash_operator.py
[2024-07-15T15:49:06.195+0000] {processor.py:830} INFO - Processing file /home/airflow/.local/lib/python3.11/site-packages/airflow/example_dags/example_bash_operator.py for tasks to queue
[2024-07-15T15:49:06.200+0000] {logging_mixin.py:188} INFO - [2024-07-15T15:49:06.199+0000] {dagbag.py:545} INFO - Filling up the DagBag from /home/airflow/.local/lib/python3.11/site-packages/airflow/example_dags/example_bash_operator.py
[2024-07-15T15:49:06.305+0000] {processor.py:840} INFO - DAG(s) 'example_bash_operator' retrieved from /home/airflow/.local/lib/python3.11/site-packages/airflow/example_dags/example_bash_operator.py
[2024-07-15T15:49:06.439+0000] {logging_mixin.py:188} INFO - [2024-07-15T15:49:06.439+0000] {dag.py:3096} INFO - Sync 1 DAGs
[2024-07-15T15:49:06.593+0000] {logging_mixin.py:188} INFO - [2024-07-15T15:49:06.592+0000] {dag.py:3954} INFO - Setting next_dagrun for example_bash_operator to 2024-07-14 00:00:00+00:00, run_after=2024-07-15 00:00:00+00:00
[2024-07-15T15:49:06.680+0000] {processor.py:183} INFO - Processing /home/airflow/.local/lib/python3.11/site-packages/airflow/example_dags/example_bash_operator.py took 0.521 seconds
[2024-07-15T15:49:14.558+0000] {processor.py:161} INFO - Started process (PID=22685) to work on /home/airflow/.local/lib/python3.11/site-packages/airflow/example_dags/example_bash_operator.py
[2024-07-15T15:49:14.561+0000] {processor.py:830} INFO - Processing file /home/airflow/.local/lib/python3.11/site-packages/airflow/example_dags/example_bash_operator.py for tasks to queue
[2024-07-15T15:49:14.566+0000] {logging_mixin.py:188} INFO - [2024-07-15T15:49:14.565+0000] {dagbag.py:545} INFO - Filling up the DagBag from /home/airflow/.local/lib/python3.11/site-packages/airflow/example_dags/example_bash_operator.py
[2024-07-15T15:49:14.594+0000] {processor.py:840} INFO - DAG(s) 'example_bash_operator' retrieved from /home/airflow/.local/lib/python3.11/site-packages/airflow/example_dags/example_bash_operator.py
[2024-07-15T15:49:14.651+0000] {logging_mixin.py:188} INFO - [2024-07-15T15:49:14.651+0000] {dag.py:3096} INFO - Sync 1 DAGs
[2024-07-15T15:49:14.696+0000] {logging_mixin.py:188} INFO - [2024-07-15T15:49:14.695+0000] {dag.py:3954} INFO - Setting next_dagrun for example_bash_operator to 2024-07-14 00:00:00+00:00, run_after=2024-07-15 00:00:00+00:00
[2024-07-15T15:49:14.738+0000] {processor.py:183} INFO - Processing /home/airflow/.local/lib/python3.11/site-packages/airflow/example_dags/example_bash_operator.py took 0.193 seconds
[2024-07-15T15:49:22.950+0000] {processor.py:161} INFO - Started process (PID=22744) to work on /home/airflow/.local/lib/python3.11/site-packages/airflow/example_dags/example_bash_operator.py
[2024-07-15T15:49:22.962+0000] {processor.py:830} INFO - Processing file /home/airflow/.local/lib/python3.11/site-packages/airflow/example_dags/example_bash_operator.py for tasks to queue
[2024-07-15T15:49:22.968+0000] {logging_mixin.py:188} INFO - [2024-07-15T15:49:22.967+0000] {dagbag.py:545} INFO - Filling up the DagBag from /home/airflow/.local/lib/python3.11/site-packages/airflow/example_dags/example_bash_operator.py
[2024-07-15T15:49:23.013+0000] {processor.py:840} INFO - DAG(s) 'example_bash_operator' retrieved from /home/airflow/.local/lib/python3.11/site-packages/airflow/example_dags/example_bash_operator.py
[2024-07-15T15:49:23.089+0000] {logging_mixin.py:188} INFO - [2024-07-15T15:49:23.089+0000] {dag.py:3096} INFO - Sync 1 DAGs
[2024-07-15T15:49:23.143+0000] {logging_mixin.py:188} INFO - [2024-07-15T15:49:23.143+0000] {dag.py:3954} INFO - Setting next_dagrun for example_bash_operator to 2024-07-14 00:00:00+00:00, run_after=2024-07-15 00:00:00+00:00
[2024-07-15T15:49:23.183+0000] {processor.py:183} INFO - Processing /home/airflow/.local/lib/python3.11/site-packages/airflow/example_dags/example_bash_operator.py took 0.254 seconds
[2024-07-15T15:49:30.592+0000] {processor.py:161} INFO - Started process (PID=22796) to work on /home/airflow/.local/lib/python3.11/site-packages/airflow/example_dags/example_bash_operator.py
[2024-07-15T15:49:30.593+0000] {processor.py:830} INFO - Processing file /home/airflow/.local/lib/python3.11/site-packages/airflow/example_dags/example_bash_operator.py for tasks to queue
[2024-07-15T15:49:30.599+0000] {logging_mixin.py:188} INFO - [2024-07-15T15:49:30.598+0000] {dagbag.py:545} INFO - Filling up the DagBag from /home/airflow/.local/lib/python3.11/site-packages/airflow/example_dags/example_bash_operator.py
[2024-07-15T15:49:30.624+0000] {processor.py:840} INFO - DAG(s) 'example_bash_operator' retrieved from /home/airflow/.local/lib/python3.11/site-packages/airflow/example_dags/example_bash_operator.py
[2024-07-15T15:49:30.677+0000] {logging_mixin.py:188} INFO - [2024-07-15T15:49:30.676+0000] {dag.py:3096} INFO - Sync 1 DAGs
[2024-07-15T15:49:30.753+0000] {logging_mixin.py:188} INFO - [2024-07-15T15:49:30.752+0000] {dag.py:3954} INFO - Setting next_dagrun for example_bash_operator to 2024-07-14 00:00:00+00:00, run_after=2024-07-15 00:00:00+00:00
[2024-07-15T15:49:30.790+0000] {processor.py:183} INFO - Processing /home/airflow/.local/lib/python3.11/site-packages/airflow/example_dags/example_bash_operator.py took 0.208 seconds
[2024-07-15T15:49:37.703+0000] {processor.py:161} INFO - Started process (PID=22849) to work on /home/airflow/.local/lib/python3.11/site-packages/airflow/example_dags/example_bash_operator.py
[2024-07-15T15:49:37.705+0000] {processor.py:830} INFO - Processing file /home/airflow/.local/lib/python3.11/site-packages/airflow/example_dags/example_bash_operator.py for tasks to queue
[2024-07-15T15:49:37.708+0000] {logging_mixin.py:188} INFO - [2024-07-15T15:49:37.707+0000] {dagbag.py:545} INFO - Filling up the DagBag from /home/airflow/.local/lib/python3.11/site-packages/airflow/example_dags/example_bash_operator.py
[2024-07-15T15:49:37.725+0000] {processor.py:840} INFO - DAG(s) 'example_bash_operator' retrieved from /home/airflow/.local/lib/python3.11/site-packages/airflow/example_dags/example_bash_operator.py
[2024-07-15T15:49:37.764+0000] {logging_mixin.py:188} INFO - [2024-07-15T15:49:37.763+0000] {dag.py:3096} INFO - Sync 1 DAGs
[2024-07-15T15:49:37.797+0000] {logging_mixin.py:188} INFO - [2024-07-15T15:49:37.797+0000] {dag.py:3954} INFO - Setting next_dagrun for example_bash_operator to 2024-07-14 00:00:00+00:00, run_after=2024-07-15 00:00:00+00:00
[2024-07-15T15:49:37.825+0000] {processor.py:183} INFO - Processing /home/airflow/.local/lib/python3.11/site-packages/airflow/example_dags/example_bash_operator.py took 0.134 seconds
[2024-07-15T15:49:45.233+0000] {processor.py:161} INFO - Started process (PID=22901) to work on /home/airflow/.local/lib/python3.11/site-packages/airflow/example_dags/example_bash_operator.py
[2024-07-15T15:49:45.235+0000] {processor.py:830} INFO - Processing file /home/airflow/.local/lib/python3.11/site-packages/airflow/example_dags/example_bash_operator.py for tasks to queue
[2024-07-15T15:49:45.238+0000] {logging_mixin.py:188} INFO - [2024-07-15T15:49:45.237+0000] {dagbag.py:545} INFO - Filling up the DagBag from /home/airflow/.local/lib/python3.11/site-packages/airflow/example_dags/example_bash_operator.py
[2024-07-15T15:49:45.261+0000] {processor.py:840} INFO - DAG(s) 'example_bash_operator' retrieved from /home/airflow/.local/lib/python3.11/site-packages/airflow/example_dags/example_bash_operator.py
[2024-07-15T15:49:45.332+0000] {logging_mixin.py:188} INFO - [2024-07-15T15:49:45.331+0000] {dag.py:3096} INFO - Sync 1 DAGs
[2024-07-15T15:49:45.384+0000] {logging_mixin.py:188} INFO - [2024-07-15T15:49:45.384+0000] {dag.py:3954} INFO - Setting next_dagrun for example_bash_operator to 2024-07-14 00:00:00+00:00, run_after=2024-07-15 00:00:00+00:00
[2024-07-15T15:49:45.424+0000] {processor.py:183} INFO - Processing /home/airflow/.local/lib/python3.11/site-packages/airflow/example_dags/example_bash_operator.py took 0.202 seconds
[2024-07-15T15:49:51.948+0000] {processor.py:161} INFO - Started process (PID=22961) to work on /home/airflow/.local/lib/python3.11/site-packages/airflow/example_dags/example_bash_operator.py
[2024-07-15T15:49:51.978+0000] {processor.py:830} INFO - Processing file /home/airflow/.local/lib/python3.11/site-packages/airflow/example_dags/example_bash_operator.py for tasks to queue
[2024-07-15T15:49:51.990+0000] {logging_mixin.py:188} INFO - [2024-07-15T15:49:51.989+0000] {dagbag.py:545} INFO - Filling up the DagBag from /home/airflow/.local/lib/python3.11/site-packages/airflow/example_dags/example_bash_operator.py
[2024-07-15T15:49:52.031+0000] {processor.py:840} INFO - DAG(s) 'example_bash_operator' retrieved from /home/airflow/.local/lib/python3.11/site-packages/airflow/example_dags/example_bash_operator.py
[2024-07-15T15:49:52.077+0000] {logging_mixin.py:188} INFO - [2024-07-15T15:49:52.077+0000] {dag.py:3096} INFO - Sync 1 DAGs
[2024-07-15T15:49:52.123+0000] {logging_mixin.py:188} INFO - [2024-07-15T15:49:52.122+0000] {dag.py:3954} INFO - Setting next_dagrun for example_bash_operator to 2024-07-14 00:00:00+00:00, run_after=2024-07-15 00:00:00+00:00
[2024-07-15T15:49:52.154+0000] {processor.py:183} INFO - Processing /home/airflow/.local/lib/python3.11/site-packages/airflow/example_dags/example_bash_operator.py took 0.220 seconds
[2024-07-15T15:49:59.092+0000] {processor.py:161} INFO - Started process (PID=23013) to work on /home/airflow/.local/lib/python3.11/site-packages/airflow/example_dags/example_bash_operator.py
[2024-07-15T15:49:59.093+0000] {processor.py:830} INFO - Processing file /home/airflow/.local/lib/python3.11/site-packages/airflow/example_dags/example_bash_operator.py for tasks to queue
[2024-07-15T15:49:59.096+0000] {logging_mixin.py:188} INFO - [2024-07-15T15:49:59.095+0000] {dagbag.py:545} INFO - Filling up the DagBag from /home/airflow/.local/lib/python3.11/site-packages/airflow/example_dags/example_bash_operator.py
[2024-07-15T15:49:59.118+0000] {processor.py:840} INFO - DAG(s) 'example_bash_operator' retrieved from /home/airflow/.local/lib/python3.11/site-packages/airflow/example_dags/example_bash_operator.py
[2024-07-15T15:49:59.159+0000] {logging_mixin.py:188} INFO - [2024-07-15T15:49:59.159+0000] {dag.py:3096} INFO - Sync 1 DAGs
[2024-07-15T15:49:59.191+0000] {logging_mixin.py:188} INFO - [2024-07-15T15:49:59.191+0000] {dag.py:3954} INFO - Setting next_dagrun for example_bash_operator to 2024-07-14 00:00:00+00:00, run_after=2024-07-15 00:00:00+00:00
[2024-07-15T15:49:59.219+0000] {processor.py:183} INFO - Processing /home/airflow/.local/lib/python3.11/site-packages/airflow/example_dags/example_bash_operator.py took 0.138 seconds
[2024-07-15T15:50:05.068+0000] {processor.py:161} INFO - Started process (PID=23066) to work on /home/airflow/.local/lib/python3.11/site-packages/airflow/example_dags/example_bash_operator.py
[2024-07-15T15:50:05.069+0000] {processor.py:830} INFO - Processing file /home/airflow/.local/lib/python3.11/site-packages/airflow/example_dags/example_bash_operator.py for tasks to queue
[2024-07-15T15:50:05.072+0000] {logging_mixin.py:188} INFO - [2024-07-15T15:50:05.071+0000] {dagbag.py:545} INFO - Filling up the DagBag from /home/airflow/.local/lib/python3.11/site-packages/airflow/example_dags/example_bash_operator.py
[2024-07-15T15:50:05.085+0000] {processor.py:840} INFO - DAG(s) 'example_bash_operator' retrieved from /home/airflow/.local/lib/python3.11/site-packages/airflow/example_dags/example_bash_operator.py
[2024-07-15T15:50:05.118+0000] {logging_mixin.py:188} INFO - [2024-07-15T15:50:05.118+0000] {dag.py:3096} INFO - Sync 1 DAGs
[2024-07-15T15:50:05.144+0000] {logging_mixin.py:188} INFO - [2024-07-15T15:50:05.144+0000] {dag.py:3954} INFO - Setting next_dagrun for example_bash_operator to 2024-07-14 00:00:00+00:00, run_after=2024-07-15 00:00:00+00:00
[2024-07-15T15:50:05.184+0000] {processor.py:183} INFO - Processing /home/airflow/.local/lib/python3.11/site-packages/airflow/example_dags/example_bash_operator.py took 0.123 seconds
[2024-07-15T15:50:10.549+0000] {processor.py:161} INFO - Started process (PID=23118) to work on /home/airflow/.local/lib/python3.11/site-packages/airflow/example_dags/example_bash_operator.py
[2024-07-15T15:50:10.550+0000] {processor.py:830} INFO - Processing file /home/airflow/.local/lib/python3.11/site-packages/airflow/example_dags/example_bash_operator.py for tasks to queue
[2024-07-15T15:50:10.553+0000] {logging_mixin.py:188} INFO - [2024-07-15T15:50:10.552+0000] {dagbag.py:545} INFO - Filling up the DagBag from /home/airflow/.local/lib/python3.11/site-packages/airflow/example_dags/example_bash_operator.py
[2024-07-15T15:50:10.592+0000] {processor.py:840} INFO - DAG(s) 'example_bash_operator' retrieved from /home/airflow/.local/lib/python3.11/site-packages/airflow/example_dags/example_bash_operator.py
[2024-07-15T15:50:10.634+0000] {logging_mixin.py:188} INFO - [2024-07-15T15:50:10.633+0000] {dag.py:3096} INFO - Sync 1 DAGs
[2024-07-15T15:50:10.690+0000] {logging_mixin.py:188} INFO - [2024-07-15T15:50:10.689+0000] {dag.py:3954} INFO - Setting next_dagrun for example_bash_operator to 2024-07-14 00:00:00+00:00, run_after=2024-07-15 00:00:00+00:00
[2024-07-15T15:50:10.716+0000] {processor.py:183} INFO - Processing /home/airflow/.local/lib/python3.11/site-packages/airflow/example_dags/example_bash_operator.py took 0.182 seconds
[2024-07-15T15:50:17.288+0000] {processor.py:161} INFO - Started process (PID=23171) to work on /home/airflow/.local/lib/python3.11/site-packages/airflow/example_dags/example_bash_operator.py
[2024-07-15T15:50:17.290+0000] {processor.py:830} INFO - Processing file /home/airflow/.local/lib/python3.11/site-packages/airflow/example_dags/example_bash_operator.py for tasks to queue
[2024-07-15T15:50:17.292+0000] {logging_mixin.py:188} INFO - [2024-07-15T15:50:17.292+0000] {dagbag.py:545} INFO - Filling up the DagBag from /home/airflow/.local/lib/python3.11/site-packages/airflow/example_dags/example_bash_operator.py
[2024-07-15T15:50:17.306+0000] {processor.py:840} INFO - DAG(s) 'example_bash_operator' retrieved from /home/airflow/.local/lib/python3.11/site-packages/airflow/example_dags/example_bash_operator.py
[2024-07-15T15:50:17.339+0000] {logging_mixin.py:188} INFO - [2024-07-15T15:50:17.339+0000] {dag.py:3096} INFO - Sync 1 DAGs
[2024-07-15T15:50:17.387+0000] {logging_mixin.py:188} INFO - [2024-07-15T15:50:17.387+0000] {dag.py:3954} INFO - Setting next_dagrun for example_bash_operator to 2024-07-14 00:00:00+00:00, run_after=2024-07-15 00:00:00+00:00
[2024-07-15T15:50:17.410+0000] {processor.py:183} INFO - Processing /home/airflow/.local/lib/python3.11/site-packages/airflow/example_dags/example_bash_operator.py took 0.129 seconds
[2024-07-15T15:50:22.277+0000] {processor.py:161} INFO - Started process (PID=23231) to work on /home/airflow/.local/lib/python3.11/site-packages/airflow/example_dags/example_bash_operator.py
[2024-07-15T15:50:22.279+0000] {processor.py:830} INFO - Processing file /home/airflow/.local/lib/python3.11/site-packages/airflow/example_dags/example_bash_operator.py for tasks to queue
[2024-07-15T15:50:22.282+0000] {logging_mixin.py:188} INFO - [2024-07-15T15:50:22.281+0000] {dagbag.py:545} INFO - Filling up the DagBag from /home/airflow/.local/lib/python3.11/site-packages/airflow/example_dags/example_bash_operator.py
[2024-07-15T15:50:22.296+0000] {processor.py:840} INFO - DAG(s) 'example_bash_operator' retrieved from /home/airflow/.local/lib/python3.11/site-packages/airflow/example_dags/example_bash_operator.py
[2024-07-15T15:50:22.358+0000] {logging_mixin.py:188} INFO - [2024-07-15T15:50:22.358+0000] {dag.py:3096} INFO - Sync 1 DAGs
[2024-07-15T15:50:22.385+0000] {logging_mixin.py:188} INFO - [2024-07-15T15:50:22.385+0000] {dag.py:3954} INFO - Setting next_dagrun for example_bash_operator to 2024-07-14 00:00:00+00:00, run_after=2024-07-15 00:00:00+00:00
[2024-07-15T15:50:22.407+0000] {processor.py:183} INFO - Processing /home/airflow/.local/lib/python3.11/site-packages/airflow/example_dags/example_bash_operator.py took 0.140 seconds
[2024-07-15T15:50:27.859+0000] {processor.py:161} INFO - Started process (PID=23283) to work on /home/airflow/.local/lib/python3.11/site-packages/airflow/example_dags/example_bash_operator.py
[2024-07-15T15:50:27.860+0000] {processor.py:830} INFO - Processing file /home/airflow/.local/lib/python3.11/site-packages/airflow/example_dags/example_bash_operator.py for tasks to queue
[2024-07-15T15:50:27.863+0000] {logging_mixin.py:188} INFO - [2024-07-15T15:50:27.862+0000] {dagbag.py:545} INFO - Filling up the DagBag from /home/airflow/.local/lib/python3.11/site-packages/airflow/example_dags/example_bash_operator.py
[2024-07-15T15:50:27.877+0000] {processor.py:840} INFO - DAG(s) 'example_bash_operator' retrieved from /home/airflow/.local/lib/python3.11/site-packages/airflow/example_dags/example_bash_operator.py
[2024-07-15T15:50:27.941+0000] {logging_mixin.py:188} INFO - [2024-07-15T15:50:27.941+0000] {dag.py:3096} INFO - Sync 1 DAGs
[2024-07-15T15:50:27.971+0000] {logging_mixin.py:188} INFO - [2024-07-15T15:50:27.971+0000] {dag.py:3954} INFO - Setting next_dagrun for example_bash_operator to 2024-07-14 00:00:00+00:00, run_after=2024-07-15 00:00:00+00:00
[2024-07-15T15:50:27.995+0000] {processor.py:183} INFO - Processing /home/airflow/.local/lib/python3.11/site-packages/airflow/example_dags/example_bash_operator.py took 0.144 seconds
[2024-07-15T15:50:33.063+0000] {processor.py:161} INFO - Started process (PID=23337) to work on /home/airflow/.local/lib/python3.11/site-packages/airflow/example_dags/example_bash_operator.py
[2024-07-15T15:50:33.065+0000] {processor.py:830} INFO - Processing file /home/airflow/.local/lib/python3.11/site-packages/airflow/example_dags/example_bash_operator.py for tasks to queue
[2024-07-15T15:50:33.067+0000] {logging_mixin.py:188} INFO - [2024-07-15T15:50:33.067+0000] {dagbag.py:545} INFO - Filling up the DagBag from /home/airflow/.local/lib/python3.11/site-packages/airflow/example_dags/example_bash_operator.py
[2024-07-15T15:50:33.100+0000] {processor.py:840} INFO - DAG(s) 'example_bash_operator' retrieved from /home/airflow/.local/lib/python3.11/site-packages/airflow/example_dags/example_bash_operator.py
[2024-07-15T15:50:33.149+0000] {logging_mixin.py:188} INFO - [2024-07-15T15:50:33.149+0000] {dag.py:3096} INFO - Sync 1 DAGs
[2024-07-15T15:50:33.177+0000] {logging_mixin.py:188} INFO - [2024-07-15T15:50:33.177+0000] {dag.py:3954} INFO - Setting next_dagrun for example_bash_operator to 2024-07-14 00:00:00+00:00, run_after=2024-07-15 00:00:00+00:00
[2024-07-15T15:50:33.199+0000] {processor.py:183} INFO - Processing /home/airflow/.local/lib/python3.11/site-packages/airflow/example_dags/example_bash_operator.py took 0.163 seconds
[2024-07-15T15:50:38.653+0000] {processor.py:161} INFO - Started process (PID=23389) to work on /home/airflow/.local/lib/python3.11/site-packages/airflow/example_dags/example_bash_operator.py
[2024-07-15T15:50:38.654+0000] {processor.py:830} INFO - Processing file /home/airflow/.local/lib/python3.11/site-packages/airflow/example_dags/example_bash_operator.py for tasks to queue
[2024-07-15T15:50:38.656+0000] {logging_mixin.py:188} INFO - [2024-07-15T15:50:38.656+0000] {dagbag.py:545} INFO - Filling up the DagBag from /home/airflow/.local/lib/python3.11/site-packages/airflow/example_dags/example_bash_operator.py
[2024-07-15T15:50:38.670+0000] {processor.py:840} INFO - DAG(s) 'example_bash_operator' retrieved from /home/airflow/.local/lib/python3.11/site-packages/airflow/example_dags/example_bash_operator.py
[2024-07-15T15:50:38.703+0000] {logging_mixin.py:188} INFO - [2024-07-15T15:50:38.702+0000] {dag.py:3096} INFO - Sync 1 DAGs
[2024-07-15T15:50:38.754+0000] {logging_mixin.py:188} INFO - [2024-07-15T15:50:38.754+0000] {dag.py:3954} INFO - Setting next_dagrun for example_bash_operator to 2024-07-14 00:00:00+00:00, run_after=2024-07-15 00:00:00+00:00
[2024-07-15T15:50:38.778+0000] {processor.py:183} INFO - Processing /home/airflow/.local/lib/python3.11/site-packages/airflow/example_dags/example_bash_operator.py took 0.133 seconds
[2024-07-15T15:50:44.606+0000] {processor.py:161} INFO - Started process (PID=23442) to work on /home/airflow/.local/lib/python3.11/site-packages/airflow/example_dags/example_bash_operator.py
[2024-07-15T15:50:44.608+0000] {processor.py:830} INFO - Processing file /home/airflow/.local/lib/python3.11/site-packages/airflow/example_dags/example_bash_operator.py for tasks to queue
[2024-07-15T15:50:44.616+0000] {logging_mixin.py:188} INFO - [2024-07-15T15:50:44.613+0000] {dagbag.py:545} INFO - Filling up the DagBag from /home/airflow/.local/lib/python3.11/site-packages/airflow/example_dags/example_bash_operator.py
[2024-07-15T15:50:44.671+0000] {processor.py:840} INFO - DAG(s) 'example_bash_operator' retrieved from /home/airflow/.local/lib/python3.11/site-packages/airflow/example_dags/example_bash_operator.py
[2024-07-15T15:50:44.717+0000] {logging_mixin.py:188} INFO - [2024-07-15T15:50:44.717+0000] {dag.py:3096} INFO - Sync 1 DAGs
[2024-07-15T15:50:44.774+0000] {logging_mixin.py:188} INFO - [2024-07-15T15:50:44.774+0000] {dag.py:3954} INFO - Setting next_dagrun for example_bash_operator to 2024-07-14 00:00:00+00:00, run_after=2024-07-15 00:00:00+00:00
[2024-07-15T15:50:44.822+0000] {processor.py:183} INFO - Processing /home/airflow/.local/lib/python3.11/site-packages/airflow/example_dags/example_bash_operator.py took 0.224 seconds
[2024-07-15T15:50:49.702+0000] {processor.py:161} INFO - Started process (PID=23494) to work on /home/airflow/.local/lib/python3.11/site-packages/airflow/example_dags/example_bash_operator.py
[2024-07-15T15:50:49.703+0000] {processor.py:830} INFO - Processing file /home/airflow/.local/lib/python3.11/site-packages/airflow/example_dags/example_bash_operator.py for tasks to queue
[2024-07-15T15:50:49.705+0000] {logging_mixin.py:188} INFO - [2024-07-15T15:50:49.705+0000] {dagbag.py:545} INFO - Filling up the DagBag from /home/airflow/.local/lib/python3.11/site-packages/airflow/example_dags/example_bash_operator.py
[2024-07-15T15:50:49.719+0000] {processor.py:840} INFO - DAG(s) 'example_bash_operator' retrieved from /home/airflow/.local/lib/python3.11/site-packages/airflow/example_dags/example_bash_operator.py
[2024-07-15T15:50:49.752+0000] {logging_mixin.py:188} INFO - [2024-07-15T15:50:49.751+0000] {dag.py:3096} INFO - Sync 1 DAGs
[2024-07-15T15:50:49.802+0000] {logging_mixin.py:188} INFO - [2024-07-15T15:50:49.801+0000] {dag.py:3954} INFO - Setting next_dagrun for example_bash_operator to 2024-07-14 00:00:00+00:00, run_after=2024-07-15 00:00:00+00:00
[2024-07-15T15:50:49.828+0000] {processor.py:183} INFO - Processing /home/airflow/.local/lib/python3.11/site-packages/airflow/example_dags/example_bash_operator.py took 0.134 seconds
[2024-07-15T15:50:54.774+0000] {processor.py:161} INFO - Started process (PID=23554) to work on /home/airflow/.local/lib/python3.11/site-packages/airflow/example_dags/example_bash_operator.py
[2024-07-15T15:50:54.777+0000] {processor.py:830} INFO - Processing file /home/airflow/.local/lib/python3.11/site-packages/airflow/example_dags/example_bash_operator.py for tasks to queue
[2024-07-15T15:50:54.780+0000] {logging_mixin.py:188} INFO - [2024-07-15T15:50:54.780+0000] {dagbag.py:545} INFO - Filling up the DagBag from /home/airflow/.local/lib/python3.11/site-packages/airflow/example_dags/example_bash_operator.py
[2024-07-15T15:50:54.797+0000] {processor.py:840} INFO - DAG(s) 'example_bash_operator' retrieved from /home/airflow/.local/lib/python3.11/site-packages/airflow/example_dags/example_bash_operator.py
[2024-07-15T15:50:54.834+0000] {logging_mixin.py:188} INFO - [2024-07-15T15:50:54.834+0000] {dag.py:3096} INFO - Sync 1 DAGs
[2024-07-15T15:50:54.895+0000] {logging_mixin.py:188} INFO - [2024-07-15T15:50:54.895+0000] {dag.py:3954} INFO - Setting next_dagrun for example_bash_operator to 2024-07-14 00:00:00+00:00, run_after=2024-07-15 00:00:00+00:00
[2024-07-15T15:50:54.920+0000] {processor.py:183} INFO - Processing /home/airflow/.local/lib/python3.11/site-packages/airflow/example_dags/example_bash_operator.py took 0.167 seconds
[2024-07-15T15:51:00.496+0000] {processor.py:161} INFO - Started process (PID=23606) to work on /home/airflow/.local/lib/python3.11/site-packages/airflow/example_dags/example_bash_operator.py
[2024-07-15T15:51:00.497+0000] {processor.py:830} INFO - Processing file /home/airflow/.local/lib/python3.11/site-packages/airflow/example_dags/example_bash_operator.py for tasks to queue
[2024-07-15T15:51:00.499+0000] {logging_mixin.py:188} INFO - [2024-07-15T15:51:00.499+0000] {dagbag.py:545} INFO - Filling up the DagBag from /home/airflow/.local/lib/python3.11/site-packages/airflow/example_dags/example_bash_operator.py
[2024-07-15T15:51:00.515+0000] {processor.py:840} INFO - DAG(s) 'example_bash_operator' retrieved from /home/airflow/.local/lib/python3.11/site-packages/airflow/example_dags/example_bash_operator.py
[2024-07-15T15:51:00.560+0000] {logging_mixin.py:188} INFO - [2024-07-15T15:51:00.560+0000] {dag.py:3096} INFO - Sync 1 DAGs
[2024-07-15T15:51:00.591+0000] {logging_mixin.py:188} INFO - [2024-07-15T15:51:00.591+0000] {dag.py:3954} INFO - Setting next_dagrun for example_bash_operator to 2024-07-14 00:00:00+00:00, run_after=2024-07-15 00:00:00+00:00
[2024-07-15T15:51:00.616+0000] {processor.py:183} INFO - Processing /home/airflow/.local/lib/python3.11/site-packages/airflow/example_dags/example_bash_operator.py took 0.129 seconds
[2024-07-15T15:51:05.297+0000] {processor.py:161} INFO - Started process (PID=23659) to work on /home/airflow/.local/lib/python3.11/site-packages/airflow/example_dags/example_bash_operator.py
[2024-07-15T15:51:05.298+0000] {processor.py:830} INFO - Processing file /home/airflow/.local/lib/python3.11/site-packages/airflow/example_dags/example_bash_operator.py for tasks to queue
[2024-07-15T15:51:05.301+0000] {logging_mixin.py:188} INFO - [2024-07-15T15:51:05.300+0000] {dagbag.py:545} INFO - Filling up the DagBag from /home/airflow/.local/lib/python3.11/site-packages/airflow/example_dags/example_bash_operator.py
[2024-07-15T15:51:05.314+0000] {processor.py:840} INFO - DAG(s) 'example_bash_operator' retrieved from /home/airflow/.local/lib/python3.11/site-packages/airflow/example_dags/example_bash_operator.py
[2024-07-15T15:51:05.348+0000] {logging_mixin.py:188} INFO - [2024-07-15T15:51:05.348+0000] {dag.py:3096} INFO - Sync 1 DAGs
[2024-07-15T15:51:05.383+0000] {logging_mixin.py:188} INFO - [2024-07-15T15:51:05.383+0000] {dag.py:3954} INFO - Setting next_dagrun for example_bash_operator to 2024-07-14 00:00:00+00:00, run_after=2024-07-15 00:00:00+00:00
[2024-07-15T15:51:05.411+0000] {processor.py:183} INFO - Processing /home/airflow/.local/lib/python3.11/site-packages/airflow/example_dags/example_bash_operator.py took 0.121 seconds
[2024-07-15T15:51:10.492+0000] {processor.py:161} INFO - Started process (PID=23711) to work on /home/airflow/.local/lib/python3.11/site-packages/airflow/example_dags/example_bash_operator.py
[2024-07-15T15:51:10.494+0000] {processor.py:830} INFO - Processing file /home/airflow/.local/lib/python3.11/site-packages/airflow/example_dags/example_bash_operator.py for tasks to queue
[2024-07-15T15:51:10.497+0000] {logging_mixin.py:188} INFO - [2024-07-15T15:51:10.497+0000] {dagbag.py:545} INFO - Filling up the DagBag from /home/airflow/.local/lib/python3.11/site-packages/airflow/example_dags/example_bash_operator.py
[2024-07-15T15:51:10.518+0000] {processor.py:840} INFO - DAG(s) 'example_bash_operator' retrieved from /home/airflow/.local/lib/python3.11/site-packages/airflow/example_dags/example_bash_operator.py
[2024-07-15T15:51:10.567+0000] {logging_mixin.py:188} INFO - [2024-07-15T15:51:10.566+0000] {dag.py:3096} INFO - Sync 1 DAGs
[2024-07-15T15:51:10.610+0000] {logging_mixin.py:188} INFO - [2024-07-15T15:51:10.609+0000] {dag.py:3954} INFO - Setting next_dagrun for example_bash_operator to 2024-07-14 00:00:00+00:00, run_after=2024-07-15 00:00:00+00:00
[2024-07-15T15:51:10.671+0000] {processor.py:183} INFO - Processing /home/airflow/.local/lib/python3.11/site-packages/airflow/example_dags/example_bash_operator.py took 0.189 seconds
[2024-07-15T15:51:15.288+0000] {processor.py:161} INFO - Started process (PID=23764) to work on /home/airflow/.local/lib/python3.11/site-packages/airflow/example_dags/example_bash_operator.py
[2024-07-15T15:51:15.290+0000] {processor.py:830} INFO - Processing file /home/airflow/.local/lib/python3.11/site-packages/airflow/example_dags/example_bash_operator.py for tasks to queue
[2024-07-15T15:51:15.292+0000] {logging_mixin.py:188} INFO - [2024-07-15T15:51:15.292+0000] {dagbag.py:545} INFO - Filling up the DagBag from /home/airflow/.local/lib/python3.11/site-packages/airflow/example_dags/example_bash_operator.py
[2024-07-15T15:51:15.306+0000] {processor.py:840} INFO - DAG(s) 'example_bash_operator' retrieved from /home/airflow/.local/lib/python3.11/site-packages/airflow/example_dags/example_bash_operator.py
[2024-07-15T15:51:15.346+0000] {logging_mixin.py:188} INFO - [2024-07-15T15:51:15.346+0000] {dag.py:3096} INFO - Sync 1 DAGs
[2024-07-15T15:51:15.372+0000] {logging_mixin.py:188} INFO - [2024-07-15T15:51:15.372+0000] {dag.py:3954} INFO - Setting next_dagrun for example_bash_operator to 2024-07-14 00:00:00+00:00, run_after=2024-07-15 00:00:00+00:00
[2024-07-15T15:51:15.413+0000] {processor.py:183} INFO - Processing /home/airflow/.local/lib/python3.11/site-packages/airflow/example_dags/example_bash_operator.py took 0.132 seconds
[2024-07-15T15:51:20.402+0000] {processor.py:161} INFO - Started process (PID=23816) to work on /home/airflow/.local/lib/python3.11/site-packages/airflow/example_dags/example_bash_operator.py
[2024-07-15T15:51:20.403+0000] {processor.py:830} INFO - Processing file /home/airflow/.local/lib/python3.11/site-packages/airflow/example_dags/example_bash_operator.py for tasks to queue
[2024-07-15T15:51:20.407+0000] {logging_mixin.py:188} INFO - [2024-07-15T15:51:20.406+0000] {dagbag.py:545} INFO - Filling up the DagBag from /home/airflow/.local/lib/python3.11/site-packages/airflow/example_dags/example_bash_operator.py
[2024-07-15T15:51:20.425+0000] {processor.py:840} INFO - DAG(s) 'example_bash_operator' retrieved from /home/airflow/.local/lib/python3.11/site-packages/airflow/example_dags/example_bash_operator.py
[2024-07-15T15:51:20.469+0000] {logging_mixin.py:188} INFO - [2024-07-15T15:51:20.468+0000] {dag.py:3096} INFO - Sync 1 DAGs
[2024-07-15T15:51:20.514+0000] {logging_mixin.py:188} INFO - [2024-07-15T15:51:20.514+0000] {dag.py:3954} INFO - Setting next_dagrun for example_bash_operator to 2024-07-14 00:00:00+00:00, run_after=2024-07-15 00:00:00+00:00
[2024-07-15T15:51:20.549+0000] {processor.py:183} INFO - Processing /home/airflow/.local/lib/python3.11/site-packages/airflow/example_dags/example_bash_operator.py took 0.158 seconds
[2024-07-15T15:52:52.475+0000] {processor.py:161} INFO - Started process (PID=24789) to work on /home/airflow/.local/lib/python3.11/site-packages/airflow/example_dags/example_bash_operator.py
[2024-07-15T15:52:52.480+0000] {processor.py:830} INFO - Processing file /home/airflow/.local/lib/python3.11/site-packages/airflow/example_dags/example_bash_operator.py for tasks to queue
[2024-07-15T15:52:52.486+0000] {logging_mixin.py:188} INFO - [2024-07-15T15:52:52.485+0000] {dagbag.py:545} INFO - Filling up the DagBag from /home/airflow/.local/lib/python3.11/site-packages/airflow/example_dags/example_bash_operator.py
[2024-07-15T15:52:52.510+0000] {processor.py:840} INFO - DAG(s) 'example_bash_operator' retrieved from /home/airflow/.local/lib/python3.11/site-packages/airflow/example_dags/example_bash_operator.py
[2024-07-15T15:52:52.564+0000] {logging_mixin.py:188} INFO - [2024-07-15T15:52:52.564+0000] {dag.py:3096} INFO - Sync 1 DAGs
[2024-07-15T15:52:52.614+0000] {logging_mixin.py:188} INFO - [2024-07-15T15:52:52.613+0000] {dag.py:3954} INFO - Setting next_dagrun for example_bash_operator to 2024-07-14 00:00:00+00:00, run_after=2024-07-15 00:00:00+00:00
[2024-07-15T15:52:52.648+0000] {processor.py:183} INFO - Processing /home/airflow/.local/lib/python3.11/site-packages/airflow/example_dags/example_bash_operator.py took 0.199 seconds
[2024-07-15T15:53:01.864+0000] {processor.py:161} INFO - Started process (PID=24842) to work on /home/airflow/.local/lib/python3.11/site-packages/airflow/example_dags/example_bash_operator.py
[2024-07-15T15:53:01.866+0000] {processor.py:830} INFO - Processing file /home/airflow/.local/lib/python3.11/site-packages/airflow/example_dags/example_bash_operator.py for tasks to queue
[2024-07-15T15:53:01.871+0000] {logging_mixin.py:188} INFO - [2024-07-15T15:53:01.870+0000] {dagbag.py:545} INFO - Filling up the DagBag from /home/airflow/.local/lib/python3.11/site-packages/airflow/example_dags/example_bash_operator.py
[2024-07-15T15:53:01.929+0000] {processor.py:840} INFO - DAG(s) 'example_bash_operator' retrieved from /home/airflow/.local/lib/python3.11/site-packages/airflow/example_dags/example_bash_operator.py
[2024-07-15T15:53:02.015+0000] {logging_mixin.py:188} INFO - [2024-07-15T15:53:02.014+0000] {dag.py:3096} INFO - Sync 1 DAGs
[2024-07-15T15:53:02.054+0000] {logging_mixin.py:188} INFO - [2024-07-15T15:53:02.054+0000] {dag.py:3954} INFO - Setting next_dagrun for example_bash_operator to 2024-07-14 00:00:00+00:00, run_after=2024-07-15 00:00:00+00:00
[2024-07-15T15:53:02.081+0000] {processor.py:183} INFO - Processing /home/airflow/.local/lib/python3.11/site-packages/airflow/example_dags/example_bash_operator.py took 0.249 seconds
[2024-07-15T15:53:07.625+0000] {processor.py:161} INFO - Started process (PID=24894) to work on /home/airflow/.local/lib/python3.11/site-packages/airflow/example_dags/example_bash_operator.py
[2024-07-15T15:53:07.626+0000] {processor.py:830} INFO - Processing file /home/airflow/.local/lib/python3.11/site-packages/airflow/example_dags/example_bash_operator.py for tasks to queue
[2024-07-15T15:53:07.628+0000] {logging_mixin.py:188} INFO - [2024-07-15T15:53:07.628+0000] {dagbag.py:545} INFO - Filling up the DagBag from /home/airflow/.local/lib/python3.11/site-packages/airflow/example_dags/example_bash_operator.py
[2024-07-15T15:53:07.643+0000] {processor.py:840} INFO - DAG(s) 'example_bash_operator' retrieved from /home/airflow/.local/lib/python3.11/site-packages/airflow/example_dags/example_bash_operator.py
[2024-07-15T15:53:07.689+0000] {logging_mixin.py:188} INFO - [2024-07-15T15:53:07.688+0000] {dag.py:3096} INFO - Sync 1 DAGs
[2024-07-15T15:53:07.718+0000] {logging_mixin.py:188} INFO - [2024-07-15T15:53:07.718+0000] {dag.py:3954} INFO - Setting next_dagrun for example_bash_operator to 2024-07-14 00:00:00+00:00, run_after=2024-07-15 00:00:00+00:00
[2024-07-15T15:53:07.743+0000] {processor.py:183} INFO - Processing /home/airflow/.local/lib/python3.11/site-packages/airflow/example_dags/example_bash_operator.py took 0.126 seconds
[2024-07-15T15:53:12.755+0000] {processor.py:161} INFO - Started process (PID=24948) to work on /home/airflow/.local/lib/python3.11/site-packages/airflow/example_dags/example_bash_operator.py
[2024-07-15T15:53:12.757+0000] {processor.py:830} INFO - Processing file /home/airflow/.local/lib/python3.11/site-packages/airflow/example_dags/example_bash_operator.py for tasks to queue
[2024-07-15T15:53:12.759+0000] {logging_mixin.py:188} INFO - [2024-07-15T15:53:12.759+0000] {dagbag.py:545} INFO - Filling up the DagBag from /home/airflow/.local/lib/python3.11/site-packages/airflow/example_dags/example_bash_operator.py
[2024-07-15T15:53:12.773+0000] {processor.py:840} INFO - DAG(s) 'example_bash_operator' retrieved from /home/airflow/.local/lib/python3.11/site-packages/airflow/example_dags/example_bash_operator.py
[2024-07-15T15:53:12.809+0000] {logging_mixin.py:188} INFO - [2024-07-15T15:53:12.809+0000] {dag.py:3096} INFO - Sync 1 DAGs
[2024-07-15T15:53:12.845+0000] {logging_mixin.py:188} INFO - [2024-07-15T15:53:12.845+0000] {dag.py:3954} INFO - Setting next_dagrun for example_bash_operator to 2024-07-14 00:00:00+00:00, run_after=2024-07-15 00:00:00+00:00
[2024-07-15T15:53:12.867+0000] {processor.py:183} INFO - Processing /home/airflow/.local/lib/python3.11/site-packages/airflow/example_dags/example_bash_operator.py took 0.120 seconds
[2024-07-15T15:53:18.336+0000] {processor.py:161} INFO - Started process (PID=25000) to work on /home/airflow/.local/lib/python3.11/site-packages/airflow/example_dags/example_bash_operator.py
[2024-07-15T15:53:18.337+0000] {processor.py:830} INFO - Processing file /home/airflow/.local/lib/python3.11/site-packages/airflow/example_dags/example_bash_operator.py for tasks to queue
[2024-07-15T15:53:18.340+0000] {logging_mixin.py:188} INFO - [2024-07-15T15:53:18.340+0000] {dagbag.py:545} INFO - Filling up the DagBag from /home/airflow/.local/lib/python3.11/site-packages/airflow/example_dags/example_bash_operator.py
[2024-07-15T15:53:18.361+0000] {processor.py:840} INFO - DAG(s) 'example_bash_operator' retrieved from /home/airflow/.local/lib/python3.11/site-packages/airflow/example_dags/example_bash_operator.py
[2024-07-15T15:53:18.406+0000] {logging_mixin.py:188} INFO - [2024-07-15T15:53:18.405+0000] {dag.py:3096} INFO - Sync 1 DAGs
[2024-07-15T15:53:18.441+0000] {logging_mixin.py:188} INFO - [2024-07-15T15:53:18.441+0000] {dag.py:3954} INFO - Setting next_dagrun for example_bash_operator to 2024-07-14 00:00:00+00:00, run_after=2024-07-15 00:00:00+00:00
[2024-07-15T15:53:18.463+0000] {processor.py:183} INFO - Processing /home/airflow/.local/lib/python3.11/site-packages/airflow/example_dags/example_bash_operator.py took 0.139 seconds
[2024-07-15T15:53:23.013+0000] {processor.py:161} INFO - Started process (PID=25060) to work on /home/airflow/.local/lib/python3.11/site-packages/airflow/example_dags/example_bash_operator.py
[2024-07-15T15:53:23.015+0000] {processor.py:830} INFO - Processing file /home/airflow/.local/lib/python3.11/site-packages/airflow/example_dags/example_bash_operator.py for tasks to queue
[2024-07-15T15:53:23.017+0000] {logging_mixin.py:188} INFO - [2024-07-15T15:53:23.017+0000] {dagbag.py:545} INFO - Filling up the DagBag from /home/airflow/.local/lib/python3.11/site-packages/airflow/example_dags/example_bash_operator.py
[2024-07-15T15:53:23.033+0000] {processor.py:840} INFO - DAG(s) 'example_bash_operator' retrieved from /home/airflow/.local/lib/python3.11/site-packages/airflow/example_dags/example_bash_operator.py
[2024-07-15T15:53:23.070+0000] {logging_mixin.py:188} INFO - [2024-07-15T15:53:23.070+0000] {dag.py:3096} INFO - Sync 1 DAGs
[2024-07-15T15:53:23.100+0000] {logging_mixin.py:188} INFO - [2024-07-15T15:53:23.099+0000] {dag.py:3954} INFO - Setting next_dagrun for example_bash_operator to 2024-07-14 00:00:00+00:00, run_after=2024-07-15 00:00:00+00:00
[2024-07-15T15:53:23.124+0000] {processor.py:183} INFO - Processing /home/airflow/.local/lib/python3.11/site-packages/airflow/example_dags/example_bash_operator.py took 0.120 seconds
[2024-07-15T15:53:27.939+0000] {processor.py:161} INFO - Started process (PID=25112) to work on /home/airflow/.local/lib/python3.11/site-packages/airflow/example_dags/example_bash_operator.py
[2024-07-15T15:53:27.941+0000] {processor.py:830} INFO - Processing file /home/airflow/.local/lib/python3.11/site-packages/airflow/example_dags/example_bash_operator.py for tasks to queue
[2024-07-15T15:53:27.943+0000] {logging_mixin.py:188} INFO - [2024-07-15T15:53:27.943+0000] {dagbag.py:545} INFO - Filling up the DagBag from /home/airflow/.local/lib/python3.11/site-packages/airflow/example_dags/example_bash_operator.py
[2024-07-15T15:53:27.967+0000] {processor.py:840} INFO - DAG(s) 'example_bash_operator' retrieved from /home/airflow/.local/lib/python3.11/site-packages/airflow/example_dags/example_bash_operator.py
[2024-07-15T15:53:28.015+0000] {logging_mixin.py:188} INFO - [2024-07-15T15:53:28.014+0000] {dag.py:3096} INFO - Sync 1 DAGs
[2024-07-15T15:53:28.049+0000] {logging_mixin.py:188} INFO - [2024-07-15T15:53:28.049+0000] {dag.py:3954} INFO - Setting next_dagrun for example_bash_operator to 2024-07-14 00:00:00+00:00, run_after=2024-07-15 00:00:00+00:00
[2024-07-15T15:53:28.078+0000] {processor.py:183} INFO - Processing /home/airflow/.local/lib/python3.11/site-packages/airflow/example_dags/example_bash_operator.py took 0.148 seconds
[2024-07-15T15:53:33.496+0000] {processor.py:161} INFO - Started process (PID=25166) to work on /home/airflow/.local/lib/python3.11/site-packages/airflow/example_dags/example_bash_operator.py
[2024-07-15T15:53:33.497+0000] {processor.py:830} INFO - Processing file /home/airflow/.local/lib/python3.11/site-packages/airflow/example_dags/example_bash_operator.py for tasks to queue
[2024-07-15T15:53:33.500+0000] {logging_mixin.py:188} INFO - [2024-07-15T15:53:33.499+0000] {dagbag.py:545} INFO - Filling up the DagBag from /home/airflow/.local/lib/python3.11/site-packages/airflow/example_dags/example_bash_operator.py
[2024-07-15T15:53:33.516+0000] {processor.py:840} INFO - DAG(s) 'example_bash_operator' retrieved from /home/airflow/.local/lib/python3.11/site-packages/airflow/example_dags/example_bash_operator.py
[2024-07-15T15:53:33.566+0000] {logging_mixin.py:188} INFO - [2024-07-15T15:53:33.566+0000] {dag.py:3096} INFO - Sync 1 DAGs
[2024-07-15T15:53:33.598+0000] {logging_mixin.py:188} INFO - [2024-07-15T15:53:33.598+0000] {dag.py:3954} INFO - Setting next_dagrun for example_bash_operator to 2024-07-14 00:00:00+00:00, run_after=2024-07-15 00:00:00+00:00
[2024-07-15T15:53:33.622+0000] {processor.py:183} INFO - Processing /home/airflow/.local/lib/python3.11/site-packages/airflow/example_dags/example_bash_operator.py took 0.134 seconds
[2024-07-15T15:53:38.918+0000] {processor.py:161} INFO - Started process (PID=25218) to work on /home/airflow/.local/lib/python3.11/site-packages/airflow/example_dags/example_bash_operator.py
[2024-07-15T15:53:38.920+0000] {processor.py:830} INFO - Processing file /home/airflow/.local/lib/python3.11/site-packages/airflow/example_dags/example_bash_operator.py for tasks to queue
[2024-07-15T15:53:38.923+0000] {logging_mixin.py:188} INFO - [2024-07-15T15:53:38.922+0000] {dagbag.py:545} INFO - Filling up the DagBag from /home/airflow/.local/lib/python3.11/site-packages/airflow/example_dags/example_bash_operator.py
[2024-07-15T15:53:38.939+0000] {processor.py:840} INFO - DAG(s) 'example_bash_operator' retrieved from /home/airflow/.local/lib/python3.11/site-packages/airflow/example_dags/example_bash_operator.py
[2024-07-15T15:53:38.976+0000] {logging_mixin.py:188} INFO - [2024-07-15T15:53:38.976+0000] {dag.py:3096} INFO - Sync 1 DAGs
[2024-07-15T15:53:39.004+0000] {logging_mixin.py:188} INFO - [2024-07-15T15:53:39.004+0000] {dag.py:3954} INFO - Setting next_dagrun for example_bash_operator to 2024-07-14 00:00:00+00:00, run_after=2024-07-15 00:00:00+00:00
[2024-07-15T15:53:39.027+0000] {processor.py:183} INFO - Processing /home/airflow/.local/lib/python3.11/site-packages/airflow/example_dags/example_bash_operator.py took 0.118 seconds
[2024-07-15T15:53:43.854+0000] {processor.py:161} INFO - Started process (PID=25272) to work on /home/airflow/.local/lib/python3.11/site-packages/airflow/example_dags/example_bash_operator.py
[2024-07-15T15:53:43.855+0000] {processor.py:830} INFO - Processing file /home/airflow/.local/lib/python3.11/site-packages/airflow/example_dags/example_bash_operator.py for tasks to queue
[2024-07-15T15:53:43.858+0000] {logging_mixin.py:188} INFO - [2024-07-15T15:53:43.858+0000] {dagbag.py:545} INFO - Filling up the DagBag from /home/airflow/.local/lib/python3.11/site-packages/airflow/example_dags/example_bash_operator.py
[2024-07-15T15:53:43.881+0000] {processor.py:840} INFO - DAG(s) 'example_bash_operator' retrieved from /home/airflow/.local/lib/python3.11/site-packages/airflow/example_dags/example_bash_operator.py
[2024-07-15T15:53:43.974+0000] {logging_mixin.py:188} INFO - [2024-07-15T15:53:43.973+0000] {dag.py:3096} INFO - Sync 1 DAGs
[2024-07-15T15:53:44.006+0000] {logging_mixin.py:188} INFO - [2024-07-15T15:53:44.006+0000] {dag.py:3954} INFO - Setting next_dagrun for example_bash_operator to 2024-07-14 00:00:00+00:00, run_after=2024-07-15 00:00:00+00:00
[2024-07-15T15:53:44.029+0000] {processor.py:183} INFO - Processing /home/airflow/.local/lib/python3.11/site-packages/airflow/example_dags/example_bash_operator.py took 0.183 seconds
[2024-07-15T15:53:49.000+0000] {processor.py:161} INFO - Started process (PID=25324) to work on /home/airflow/.local/lib/python3.11/site-packages/airflow/example_dags/example_bash_operator.py
[2024-07-15T15:53:49.002+0000] {processor.py:830} INFO - Processing file /home/airflow/.local/lib/python3.11/site-packages/airflow/example_dags/example_bash_operator.py for tasks to queue
[2024-07-15T15:53:49.006+0000] {logging_mixin.py:188} INFO - [2024-07-15T15:53:49.006+0000] {dagbag.py:545} INFO - Filling up the DagBag from /home/airflow/.local/lib/python3.11/site-packages/airflow/example_dags/example_bash_operator.py
[2024-07-15T15:53:49.039+0000] {processor.py:840} INFO - DAG(s) 'example_bash_operator' retrieved from /home/airflow/.local/lib/python3.11/site-packages/airflow/example_dags/example_bash_operator.py
[2024-07-15T15:53:49.128+0000] {logging_mixin.py:188} INFO - [2024-07-15T15:53:49.127+0000] {dag.py:3096} INFO - Sync 1 DAGs
[2024-07-15T15:53:49.182+0000] {logging_mixin.py:188} INFO - [2024-07-15T15:53:49.182+0000] {dag.py:3954} INFO - Setting next_dagrun for example_bash_operator to 2024-07-14 00:00:00+00:00, run_after=2024-07-15 00:00:00+00:00
[2024-07-15T15:53:49.218+0000] {processor.py:183} INFO - Processing /home/airflow/.local/lib/python3.11/site-packages/airflow/example_dags/example_bash_operator.py took 0.239 seconds
[2024-07-15T15:53:55.715+0000] {processor.py:161} INFO - Started process (PID=25383) to work on /home/airflow/.local/lib/python3.11/site-packages/airflow/example_dags/example_bash_operator.py
[2024-07-15T15:53:55.717+0000] {processor.py:830} INFO - Processing file /home/airflow/.local/lib/python3.11/site-packages/airflow/example_dags/example_bash_operator.py for tasks to queue
[2024-07-15T15:53:55.720+0000] {logging_mixin.py:188} INFO - [2024-07-15T15:53:55.719+0000] {dagbag.py:545} INFO - Filling up the DagBag from /home/airflow/.local/lib/python3.11/site-packages/airflow/example_dags/example_bash_operator.py
[2024-07-15T15:53:55.736+0000] {processor.py:840} INFO - DAG(s) 'example_bash_operator' retrieved from /home/airflow/.local/lib/python3.11/site-packages/airflow/example_dags/example_bash_operator.py
[2024-07-15T15:53:55.775+0000] {logging_mixin.py:188} INFO - [2024-07-15T15:53:55.774+0000] {dag.py:3096} INFO - Sync 1 DAGs
[2024-07-15T15:53:55.804+0000] {logging_mixin.py:188} INFO - [2024-07-15T15:53:55.804+0000] {dag.py:3954} INFO - Setting next_dagrun for example_bash_operator to 2024-07-14 00:00:00+00:00, run_after=2024-07-15 00:00:00+00:00
[2024-07-15T15:53:55.852+0000] {processor.py:183} INFO - Processing /home/airflow/.local/lib/python3.11/site-packages/airflow/example_dags/example_bash_operator.py took 0.147 seconds
[2024-07-15T15:54:00.759+0000] {processor.py:161} INFO - Started process (PID=25435) to work on /home/airflow/.local/lib/python3.11/site-packages/airflow/example_dags/example_bash_operator.py
[2024-07-15T15:54:00.760+0000] {processor.py:830} INFO - Processing file /home/airflow/.local/lib/python3.11/site-packages/airflow/example_dags/example_bash_operator.py for tasks to queue
[2024-07-15T15:54:00.763+0000] {logging_mixin.py:188} INFO - [2024-07-15T15:54:00.762+0000] {dagbag.py:545} INFO - Filling up the DagBag from /home/airflow/.local/lib/python3.11/site-packages/airflow/example_dags/example_bash_operator.py
[2024-07-15T15:54:00.777+0000] {processor.py:840} INFO - DAG(s) 'example_bash_operator' retrieved from /home/airflow/.local/lib/python3.11/site-packages/airflow/example_dags/example_bash_operator.py
[2024-07-15T15:54:00.817+0000] {logging_mixin.py:188} INFO - [2024-07-15T15:54:00.817+0000] {dag.py:3096} INFO - Sync 1 DAGs
[2024-07-15T15:54:00.845+0000] {logging_mixin.py:188} INFO - [2024-07-15T15:54:00.844+0000] {dag.py:3954} INFO - Setting next_dagrun for example_bash_operator to 2024-07-14 00:00:00+00:00, run_after=2024-07-15 00:00:00+00:00
[2024-07-15T15:54:00.870+0000] {processor.py:183} INFO - Processing /home/airflow/.local/lib/python3.11/site-packages/airflow/example_dags/example_bash_operator.py took 0.119 seconds
[2024-07-15T15:54:06.535+0000] {processor.py:161} INFO - Started process (PID=25489) to work on /home/airflow/.local/lib/python3.11/site-packages/airflow/example_dags/example_bash_operator.py
[2024-07-15T15:54:06.537+0000] {processor.py:830} INFO - Processing file /home/airflow/.local/lib/python3.11/site-packages/airflow/example_dags/example_bash_operator.py for tasks to queue
[2024-07-15T15:54:06.541+0000] {logging_mixin.py:188} INFO - [2024-07-15T15:54:06.540+0000] {dagbag.py:545} INFO - Filling up the DagBag from /home/airflow/.local/lib/python3.11/site-packages/airflow/example_dags/example_bash_operator.py
[2024-07-15T15:54:06.561+0000] {processor.py:840} INFO - DAG(s) 'example_bash_operator' retrieved from /home/airflow/.local/lib/python3.11/site-packages/airflow/example_dags/example_bash_operator.py
[2024-07-15T15:54:06.644+0000] {logging_mixin.py:188} INFO - [2024-07-15T15:54:06.643+0000] {dag.py:3096} INFO - Sync 1 DAGs
[2024-07-15T15:54:06.700+0000] {logging_mixin.py:188} INFO - [2024-07-15T15:54:06.699+0000] {dag.py:3954} INFO - Setting next_dagrun for example_bash_operator to 2024-07-14 00:00:00+00:00, run_after=2024-07-15 00:00:00+00:00
[2024-07-15T15:54:06.738+0000] {processor.py:183} INFO - Processing /home/airflow/.local/lib/python3.11/site-packages/airflow/example_dags/example_bash_operator.py took 0.217 seconds
[2024-07-15T15:54:12.183+0000] {processor.py:161} INFO - Started process (PID=25541) to work on /home/airflow/.local/lib/python3.11/site-packages/airflow/example_dags/example_bash_operator.py
[2024-07-15T15:54:12.186+0000] {processor.py:830} INFO - Processing file /home/airflow/.local/lib/python3.11/site-packages/airflow/example_dags/example_bash_operator.py for tasks to queue
[2024-07-15T15:54:12.190+0000] {logging_mixin.py:188} INFO - [2024-07-15T15:54:12.189+0000] {dagbag.py:545} INFO - Filling up the DagBag from /home/airflow/.local/lib/python3.11/site-packages/airflow/example_dags/example_bash_operator.py
[2024-07-15T15:54:12.210+0000] {processor.py:840} INFO - DAG(s) 'example_bash_operator' retrieved from /home/airflow/.local/lib/python3.11/site-packages/airflow/example_dags/example_bash_operator.py
[2024-07-15T15:54:12.262+0000] {logging_mixin.py:188} INFO - [2024-07-15T15:54:12.262+0000] {dag.py:3096} INFO - Sync 1 DAGs
[2024-07-15T15:54:12.304+0000] {logging_mixin.py:188} INFO - [2024-07-15T15:54:12.304+0000] {dag.py:3954} INFO - Setting next_dagrun for example_bash_operator to 2024-07-14 00:00:00+00:00, run_after=2024-07-15 00:00:00+00:00
[2024-07-15T15:54:12.342+0000] {processor.py:183} INFO - Processing /home/airflow/.local/lib/python3.11/site-packages/airflow/example_dags/example_bash_operator.py took 0.170 seconds
[2024-07-15T15:54:18.406+0000] {processor.py:161} INFO - Started process (PID=25594) to work on /home/airflow/.local/lib/python3.11/site-packages/airflow/example_dags/example_bash_operator.py
[2024-07-15T15:54:18.408+0000] {processor.py:830} INFO - Processing file /home/airflow/.local/lib/python3.11/site-packages/airflow/example_dags/example_bash_operator.py for tasks to queue
[2024-07-15T15:54:18.411+0000] {logging_mixin.py:188} INFO - [2024-07-15T15:54:18.410+0000] {dagbag.py:545} INFO - Filling up the DagBag from /home/airflow/.local/lib/python3.11/site-packages/airflow/example_dags/example_bash_operator.py
[2024-07-15T15:54:18.429+0000] {processor.py:840} INFO - DAG(s) 'example_bash_operator' retrieved from /home/airflow/.local/lib/python3.11/site-packages/airflow/example_dags/example_bash_operator.py
[2024-07-15T15:54:18.468+0000] {logging_mixin.py:188} INFO - [2024-07-15T15:54:18.468+0000] {dag.py:3096} INFO - Sync 1 DAGs
[2024-07-15T15:54:18.499+0000] {logging_mixin.py:188} INFO - [2024-07-15T15:54:18.499+0000] {dag.py:3954} INFO - Setting next_dagrun for example_bash_operator to 2024-07-14 00:00:00+00:00, run_after=2024-07-15 00:00:00+00:00
[2024-07-15T15:54:18.523+0000] {processor.py:183} INFO - Processing /home/airflow/.local/lib/python3.11/site-packages/airflow/example_dags/example_bash_operator.py took 0.127 seconds
[2024-07-15T15:54:24.305+0000] {processor.py:161} INFO - Started process (PID=25652) to work on /home/airflow/.local/lib/python3.11/site-packages/airflow/example_dags/example_bash_operator.py
[2024-07-15T15:54:24.309+0000] {processor.py:830} INFO - Processing file /home/airflow/.local/lib/python3.11/site-packages/airflow/example_dags/example_bash_operator.py for tasks to queue
[2024-07-15T15:54:24.314+0000] {logging_mixin.py:188} INFO - [2024-07-15T15:54:24.313+0000] {dagbag.py:545} INFO - Filling up the DagBag from /home/airflow/.local/lib/python3.11/site-packages/airflow/example_dags/example_bash_operator.py
[2024-07-15T15:54:24.336+0000] {processor.py:840} INFO - DAG(s) 'example_bash_operator' retrieved from /home/airflow/.local/lib/python3.11/site-packages/airflow/example_dags/example_bash_operator.py
[2024-07-15T15:54:24.389+0000] {logging_mixin.py:188} INFO - [2024-07-15T15:54:24.389+0000] {dag.py:3096} INFO - Sync 1 DAGs
[2024-07-15T15:54:24.433+0000] {logging_mixin.py:188} INFO - [2024-07-15T15:54:24.432+0000] {dag.py:3954} INFO - Setting next_dagrun for example_bash_operator to 2024-07-14 00:00:00+00:00, run_after=2024-07-15 00:00:00+00:00
[2024-07-15T15:54:24.465+0000] {processor.py:183} INFO - Processing /home/airflow/.local/lib/python3.11/site-packages/airflow/example_dags/example_bash_operator.py took 0.176 seconds
[2024-07-15T15:54:30.044+0000] {processor.py:161} INFO - Started process (PID=25705) to work on /home/airflow/.local/lib/python3.11/site-packages/airflow/example_dags/example_bash_operator.py
[2024-07-15T15:54:30.045+0000] {processor.py:830} INFO - Processing file /home/airflow/.local/lib/python3.11/site-packages/airflow/example_dags/example_bash_operator.py for tasks to queue
[2024-07-15T15:54:30.048+0000] {logging_mixin.py:188} INFO - [2024-07-15T15:54:30.048+0000] {dagbag.py:545} INFO - Filling up the DagBag from /home/airflow/.local/lib/python3.11/site-packages/airflow/example_dags/example_bash_operator.py
[2024-07-15T15:54:30.065+0000] {processor.py:840} INFO - DAG(s) 'example_bash_operator' retrieved from /home/airflow/.local/lib/python3.11/site-packages/airflow/example_dags/example_bash_operator.py
[2024-07-15T15:54:30.114+0000] {logging_mixin.py:188} INFO - [2024-07-15T15:54:30.114+0000] {dag.py:3096} INFO - Sync 1 DAGs
[2024-07-15T15:54:30.173+0000] {logging_mixin.py:188} INFO - [2024-07-15T15:54:30.172+0000] {dag.py:3954} INFO - Setting next_dagrun for example_bash_operator to 2024-07-14 00:00:00+00:00, run_after=2024-07-15 00:00:00+00:00
[2024-07-15T15:54:30.207+0000] {processor.py:183} INFO - Processing /home/airflow/.local/lib/python3.11/site-packages/airflow/example_dags/example_bash_operator.py took 0.172 seconds
[2024-07-15T15:54:43.932+0000] {processor.py:161} INFO - Started process (PID=25757) to work on /home/airflow/.local/lib/python3.11/site-packages/airflow/example_dags/example_bash_operator.py
[2024-07-15T15:54:43.934+0000] {processor.py:830} INFO - Processing file /home/airflow/.local/lib/python3.11/site-packages/airflow/example_dags/example_bash_operator.py for tasks to queue
[2024-07-15T15:54:43.939+0000] {logging_mixin.py:188} INFO - [2024-07-15T15:54:43.938+0000] {dagbag.py:545} INFO - Filling up the DagBag from /home/airflow/.local/lib/python3.11/site-packages/airflow/example_dags/example_bash_operator.py
[2024-07-15T15:54:43.978+0000] {processor.py:840} INFO - DAG(s) 'example_bash_operator' retrieved from /home/airflow/.local/lib/python3.11/site-packages/airflow/example_dags/example_bash_operator.py
[2024-07-15T15:54:44.061+0000] {logging_mixin.py:188} INFO - [2024-07-15T15:54:44.060+0000] {dag.py:3096} INFO - Sync 1 DAGs
[2024-07-15T15:54:44.112+0000] {logging_mixin.py:188} INFO - [2024-07-15T15:54:44.112+0000] {dag.py:3954} INFO - Setting next_dagrun for example_bash_operator to 2024-07-14 00:00:00+00:00, run_after=2024-07-15 00:00:00+00:00
[2024-07-15T15:54:44.156+0000] {processor.py:183} INFO - Processing /home/airflow/.local/lib/python3.11/site-packages/airflow/example_dags/example_bash_operator.py took 0.237 seconds
[2024-07-15T15:54:53.481+0000] {processor.py:161} INFO - Started process (PID=25817) to work on /home/airflow/.local/lib/python3.11/site-packages/airflow/example_dags/example_bash_operator.py
[2024-07-15T15:54:53.483+0000] {processor.py:830} INFO - Processing file /home/airflow/.local/lib/python3.11/site-packages/airflow/example_dags/example_bash_operator.py for tasks to queue
[2024-07-15T15:54:53.487+0000] {logging_mixin.py:188} INFO - [2024-07-15T15:54:53.486+0000] {dagbag.py:545} INFO - Filling up the DagBag from /home/airflow/.local/lib/python3.11/site-packages/airflow/example_dags/example_bash_operator.py
[2024-07-15T15:54:53.514+0000] {processor.py:840} INFO - DAG(s) 'example_bash_operator' retrieved from /home/airflow/.local/lib/python3.11/site-packages/airflow/example_dags/example_bash_operator.py
[2024-07-15T15:54:53.591+0000] {logging_mixin.py:188} INFO - [2024-07-15T15:54:53.591+0000] {dag.py:3096} INFO - Sync 1 DAGs
[2024-07-15T15:54:53.886+0000] {logging_mixin.py:188} INFO - [2024-07-15T15:54:53.885+0000] {dag.py:3954} INFO - Setting next_dagrun for example_bash_operator to 2024-07-14 00:00:00+00:00, run_after=2024-07-15 00:00:00+00:00
[2024-07-15T15:54:53.918+0000] {processor.py:183} INFO - Processing /home/airflow/.local/lib/python3.11/site-packages/airflow/example_dags/example_bash_operator.py took 0.451 seconds
[2024-07-15T15:55:02.384+0000] {processor.py:161} INFO - Started process (PID=25869) to work on /home/airflow/.local/lib/python3.11/site-packages/airflow/example_dags/example_bash_operator.py
[2024-07-15T15:55:02.399+0000] {processor.py:830} INFO - Processing file /home/airflow/.local/lib/python3.11/site-packages/airflow/example_dags/example_bash_operator.py for tasks to queue
[2024-07-15T15:55:02.412+0000] {logging_mixin.py:188} INFO - [2024-07-15T15:55:02.405+0000] {dagbag.py:545} INFO - Filling up the DagBag from /home/airflow/.local/lib/python3.11/site-packages/airflow/example_dags/example_bash_operator.py
[2024-07-15T15:55:02.525+0000] {processor.py:840} INFO - DAG(s) 'example_bash_operator' retrieved from /home/airflow/.local/lib/python3.11/site-packages/airflow/example_dags/example_bash_operator.py
[2024-07-15T15:55:02.735+0000] {logging_mixin.py:188} INFO - [2024-07-15T15:55:02.734+0000] {dag.py:3096} INFO - Sync 1 DAGs
[2024-07-15T15:55:02.890+0000] {logging_mixin.py:188} INFO - [2024-07-15T15:55:02.890+0000] {dag.py:3954} INFO - Setting next_dagrun for example_bash_operator to 2024-07-14 00:00:00+00:00, run_after=2024-07-15 00:00:00+00:00
[2024-07-15T15:55:03.562+0000] {processor.py:183} INFO - Processing /home/airflow/.local/lib/python3.11/site-packages/airflow/example_dags/example_bash_operator.py took 1.238 seconds
[2024-07-15T15:55:16.287+0000] {processor.py:161} INFO - Started process (PID=25922) to work on /home/airflow/.local/lib/python3.11/site-packages/airflow/example_dags/example_bash_operator.py
[2024-07-15T15:55:16.295+0000] {processor.py:830} INFO - Processing file /home/airflow/.local/lib/python3.11/site-packages/airflow/example_dags/example_bash_operator.py for tasks to queue
[2024-07-15T15:55:16.303+0000] {logging_mixin.py:188} INFO - [2024-07-15T15:55:16.302+0000] {dagbag.py:545} INFO - Filling up the DagBag from /home/airflow/.local/lib/python3.11/site-packages/airflow/example_dags/example_bash_operator.py
[2024-07-15T15:55:16.364+0000] {processor.py:840} INFO - DAG(s) 'example_bash_operator' retrieved from /home/airflow/.local/lib/python3.11/site-packages/airflow/example_dags/example_bash_operator.py
[2024-07-15T15:55:16.523+0000] {logging_mixin.py:188} INFO - [2024-07-15T15:55:16.513+0000] {dag.py:3096} INFO - Sync 1 DAGs
[2024-07-15T15:55:16.670+0000] {logging_mixin.py:188} INFO - [2024-07-15T15:55:16.670+0000] {dag.py:3954} INFO - Setting next_dagrun for example_bash_operator to 2024-07-14 00:00:00+00:00, run_after=2024-07-15 00:00:00+00:00
[2024-07-15T15:55:16.766+0000] {processor.py:183} INFO - Processing /home/airflow/.local/lib/python3.11/site-packages/airflow/example_dags/example_bash_operator.py took 0.512 seconds
[2024-07-15T15:55:26.808+0000] {processor.py:161} INFO - Started process (PID=25980) to work on /home/airflow/.local/lib/python3.11/site-packages/airflow/example_dags/example_bash_operator.py
[2024-07-15T15:55:26.810+0000] {processor.py:830} INFO - Processing file /home/airflow/.local/lib/python3.11/site-packages/airflow/example_dags/example_bash_operator.py for tasks to queue
[2024-07-15T15:55:26.813+0000] {logging_mixin.py:188} INFO - [2024-07-15T15:55:26.813+0000] {dagbag.py:545} INFO - Filling up the DagBag from /home/airflow/.local/lib/python3.11/site-packages/airflow/example_dags/example_bash_operator.py
[2024-07-15T15:55:26.839+0000] {processor.py:840} INFO - DAG(s) 'example_bash_operator' retrieved from /home/airflow/.local/lib/python3.11/site-packages/airflow/example_dags/example_bash_operator.py
[2024-07-15T15:55:26.899+0000] {logging_mixin.py:188} INFO - [2024-07-15T15:55:26.899+0000] {dag.py:3096} INFO - Sync 1 DAGs
[2024-07-15T15:55:27.135+0000] {logging_mixin.py:188} INFO - [2024-07-15T15:55:27.134+0000] {dag.py:3954} INFO - Setting next_dagrun for example_bash_operator to 2024-07-14 00:00:00+00:00, run_after=2024-07-15 00:00:00+00:00
[2024-07-15T15:55:27.160+0000] {processor.py:183} INFO - Processing /home/airflow/.local/lib/python3.11/site-packages/airflow/example_dags/example_bash_operator.py took 0.365 seconds
[2024-07-15T15:55:36.481+0000] {processor.py:161} INFO - Started process (PID=26033) to work on /home/airflow/.local/lib/python3.11/site-packages/airflow/example_dags/example_bash_operator.py
[2024-07-15T15:55:36.483+0000] {processor.py:830} INFO - Processing file /home/airflow/.local/lib/python3.11/site-packages/airflow/example_dags/example_bash_operator.py for tasks to queue
[2024-07-15T15:55:36.486+0000] {logging_mixin.py:188} INFO - [2024-07-15T15:55:36.485+0000] {dagbag.py:545} INFO - Filling up the DagBag from /home/airflow/.local/lib/python3.11/site-packages/airflow/example_dags/example_bash_operator.py
[2024-07-15T15:55:36.511+0000] {processor.py:840} INFO - DAG(s) 'example_bash_operator' retrieved from /home/airflow/.local/lib/python3.11/site-packages/airflow/example_dags/example_bash_operator.py
[2024-07-15T15:55:36.558+0000] {logging_mixin.py:188} INFO - [2024-07-15T15:55:36.558+0000] {dag.py:3096} INFO - Sync 1 DAGs
[2024-07-15T15:55:36.598+0000] {logging_mixin.py:188} INFO - [2024-07-15T15:55:36.597+0000] {dag.py:3954} INFO - Setting next_dagrun for example_bash_operator to 2024-07-14 00:00:00+00:00, run_after=2024-07-15 00:00:00+00:00
[2024-07-15T15:55:36.626+0000] {processor.py:183} INFO - Processing /home/airflow/.local/lib/python3.11/site-packages/airflow/example_dags/example_bash_operator.py took 0.156 seconds
[2024-07-15T15:55:42.022+0000] {processor.py:161} INFO - Started process (PID=26085) to work on /home/airflow/.local/lib/python3.11/site-packages/airflow/example_dags/example_bash_operator.py
[2024-07-15T15:55:42.023+0000] {processor.py:830} INFO - Processing file /home/airflow/.local/lib/python3.11/site-packages/airflow/example_dags/example_bash_operator.py for tasks to queue
[2024-07-15T15:55:42.026+0000] {logging_mixin.py:188} INFO - [2024-07-15T15:55:42.026+0000] {dagbag.py:545} INFO - Filling up the DagBag from /home/airflow/.local/lib/python3.11/site-packages/airflow/example_dags/example_bash_operator.py
[2024-07-15T15:55:42.048+0000] {processor.py:840} INFO - DAG(s) 'example_bash_operator' retrieved from /home/airflow/.local/lib/python3.11/site-packages/airflow/example_dags/example_bash_operator.py
[2024-07-15T15:55:42.110+0000] {logging_mixin.py:188} INFO - [2024-07-15T15:55:42.110+0000] {dag.py:3096} INFO - Sync 1 DAGs
[2024-07-15T15:55:42.161+0000] {logging_mixin.py:188} INFO - [2024-07-15T15:55:42.160+0000] {dag.py:3954} INFO - Setting next_dagrun for example_bash_operator to 2024-07-14 00:00:00+00:00, run_after=2024-07-15 00:00:00+00:00
[2024-07-15T15:55:42.197+0000] {processor.py:183} INFO - Processing /home/airflow/.local/lib/python3.11/site-packages/airflow/example_dags/example_bash_operator.py took 0.186 seconds
[2024-07-15T15:55:47.949+0000] {processor.py:161} INFO - Started process (PID=26138) to work on /home/airflow/.local/lib/python3.11/site-packages/airflow/example_dags/example_bash_operator.py
[2024-07-15T15:55:47.951+0000] {processor.py:830} INFO - Processing file /home/airflow/.local/lib/python3.11/site-packages/airflow/example_dags/example_bash_operator.py for tasks to queue
[2024-07-15T15:55:47.954+0000] {logging_mixin.py:188} INFO - [2024-07-15T15:55:47.954+0000] {dagbag.py:545} INFO - Filling up the DagBag from /home/airflow/.local/lib/python3.11/site-packages/airflow/example_dags/example_bash_operator.py
[2024-07-15T15:55:47.977+0000] {processor.py:840} INFO - DAG(s) 'example_bash_operator' retrieved from /home/airflow/.local/lib/python3.11/site-packages/airflow/example_dags/example_bash_operator.py
[2024-07-15T15:55:48.063+0000] {logging_mixin.py:188} INFO - [2024-07-15T15:55:48.062+0000] {dag.py:3096} INFO - Sync 1 DAGs
[2024-07-15T15:55:48.129+0000] {logging_mixin.py:188} INFO - [2024-07-15T15:55:48.128+0000] {dag.py:3954} INFO - Setting next_dagrun for example_bash_operator to 2024-07-14 00:00:00+00:00, run_after=2024-07-15 00:00:00+00:00
[2024-07-15T15:55:48.167+0000] {processor.py:183} INFO - Processing /home/airflow/.local/lib/python3.11/site-packages/airflow/example_dags/example_bash_operator.py took 0.229 seconds
[2024-07-15T15:55:54.880+0000] {processor.py:161} INFO - Started process (PID=26195) to work on /home/airflow/.local/lib/python3.11/site-packages/airflow/example_dags/example_bash_operator.py
[2024-07-15T15:55:54.882+0000] {processor.py:830} INFO - Processing file /home/airflow/.local/lib/python3.11/site-packages/airflow/example_dags/example_bash_operator.py for tasks to queue
[2024-07-15T15:55:54.887+0000] {logging_mixin.py:188} INFO - [2024-07-15T15:55:54.886+0000] {dagbag.py:545} INFO - Filling up the DagBag from /home/airflow/.local/lib/python3.11/site-packages/airflow/example_dags/example_bash_operator.py
[2024-07-15T15:55:54.915+0000] {processor.py:840} INFO - DAG(s) 'example_bash_operator' retrieved from /home/airflow/.local/lib/python3.11/site-packages/airflow/example_dags/example_bash_operator.py
[2024-07-15T15:55:54.970+0000] {logging_mixin.py:188} INFO - [2024-07-15T15:55:54.970+0000] {dag.py:3096} INFO - Sync 1 DAGs
[2024-07-15T15:55:55.020+0000] {logging_mixin.py:188} INFO - [2024-07-15T15:55:55.020+0000] {dag.py:3954} INFO - Setting next_dagrun for example_bash_operator to 2024-07-14 00:00:00+00:00, run_after=2024-07-15 00:00:00+00:00
[2024-07-15T15:55:55.059+0000] {processor.py:183} INFO - Processing /home/airflow/.local/lib/python3.11/site-packages/airflow/example_dags/example_bash_operator.py took 0.209 seconds
[2024-07-15T15:56:02.890+0000] {processor.py:161} INFO - Started process (PID=26248) to work on /home/airflow/.local/lib/python3.11/site-packages/airflow/example_dags/example_bash_operator.py
[2024-07-15T15:56:02.892+0000] {processor.py:830} INFO - Processing file /home/airflow/.local/lib/python3.11/site-packages/airflow/example_dags/example_bash_operator.py for tasks to queue
[2024-07-15T15:56:02.896+0000] {logging_mixin.py:188} INFO - [2024-07-15T15:56:02.895+0000] {dagbag.py:545} INFO - Filling up the DagBag from /home/airflow/.local/lib/python3.11/site-packages/airflow/example_dags/example_bash_operator.py
[2024-07-15T15:56:02.945+0000] {processor.py:840} INFO - DAG(s) 'example_bash_operator' retrieved from /home/airflow/.local/lib/python3.11/site-packages/airflow/example_dags/example_bash_operator.py
[2024-07-15T15:56:03.027+0000] {logging_mixin.py:188} INFO - [2024-07-15T15:56:03.027+0000] {dag.py:3096} INFO - Sync 1 DAGs
[2024-07-15T15:56:03.080+0000] {logging_mixin.py:188} INFO - [2024-07-15T15:56:03.079+0000] {dag.py:3954} INFO - Setting next_dagrun for example_bash_operator to 2024-07-14 00:00:00+00:00, run_after=2024-07-15 00:00:00+00:00
[2024-07-15T15:56:03.118+0000] {processor.py:183} INFO - Processing /home/airflow/.local/lib/python3.11/site-packages/airflow/example_dags/example_bash_operator.py took 0.246 seconds
[2024-07-15T15:56:09.134+0000] {processor.py:161} INFO - Started process (PID=26300) to work on /home/airflow/.local/lib/python3.11/site-packages/airflow/example_dags/example_bash_operator.py
[2024-07-15T15:56:09.136+0000] {processor.py:830} INFO - Processing file /home/airflow/.local/lib/python3.11/site-packages/airflow/example_dags/example_bash_operator.py for tasks to queue
[2024-07-15T15:56:09.140+0000] {logging_mixin.py:188} INFO - [2024-07-15T15:56:09.140+0000] {dagbag.py:545} INFO - Filling up the DagBag from /home/airflow/.local/lib/python3.11/site-packages/airflow/example_dags/example_bash_operator.py
[2024-07-15T15:56:09.163+0000] {processor.py:840} INFO - DAG(s) 'example_bash_operator' retrieved from /home/airflow/.local/lib/python3.11/site-packages/airflow/example_dags/example_bash_operator.py
[2024-07-15T15:56:09.209+0000] {logging_mixin.py:188} INFO - [2024-07-15T15:56:09.209+0000] {dag.py:3096} INFO - Sync 1 DAGs
[2024-07-15T15:56:09.246+0000] {logging_mixin.py:188} INFO - [2024-07-15T15:56:09.246+0000] {dag.py:3954} INFO - Setting next_dagrun for example_bash_operator to 2024-07-14 00:00:00+00:00, run_after=2024-07-15 00:00:00+00:00
[2024-07-15T15:56:09.276+0000] {processor.py:183} INFO - Processing /home/airflow/.local/lib/python3.11/site-packages/airflow/example_dags/example_bash_operator.py took 0.157 seconds
[2024-07-15T15:56:15.082+0000] {processor.py:161} INFO - Started process (PID=26353) to work on /home/airflow/.local/lib/python3.11/site-packages/airflow/example_dags/example_bash_operator.py
[2024-07-15T15:56:15.084+0000] {processor.py:830} INFO - Processing file /home/airflow/.local/lib/python3.11/site-packages/airflow/example_dags/example_bash_operator.py for tasks to queue
[2024-07-15T15:56:15.087+0000] {logging_mixin.py:188} INFO - [2024-07-15T15:56:15.087+0000] {dagbag.py:545} INFO - Filling up the DagBag from /home/airflow/.local/lib/python3.11/site-packages/airflow/example_dags/example_bash_operator.py
[2024-07-15T15:56:15.112+0000] {processor.py:840} INFO - DAG(s) 'example_bash_operator' retrieved from /home/airflow/.local/lib/python3.11/site-packages/airflow/example_dags/example_bash_operator.py
[2024-07-15T15:56:15.169+0000] {logging_mixin.py:188} INFO - [2024-07-15T15:56:15.169+0000] {dag.py:3096} INFO - Sync 1 DAGs
[2024-07-15T15:56:15.208+0000] {logging_mixin.py:188} INFO - [2024-07-15T15:56:15.208+0000] {dag.py:3954} INFO - Setting next_dagrun for example_bash_operator to 2024-07-14 00:00:00+00:00, run_after=2024-07-15 00:00:00+00:00
[2024-07-15T15:56:15.253+0000] {processor.py:183} INFO - Processing /home/airflow/.local/lib/python3.11/site-packages/airflow/example_dags/example_bash_operator.py took 0.182 seconds
[2024-07-15T15:56:21.696+0000] {processor.py:161} INFO - Started process (PID=26405) to work on /home/airflow/.local/lib/python3.11/site-packages/airflow/example_dags/example_bash_operator.py
[2024-07-15T15:56:21.698+0000] {processor.py:830} INFO - Processing file /home/airflow/.local/lib/python3.11/site-packages/airflow/example_dags/example_bash_operator.py for tasks to queue
[2024-07-15T15:56:21.701+0000] {logging_mixin.py:188} INFO - [2024-07-15T15:56:21.701+0000] {dagbag.py:545} INFO - Filling up the DagBag from /home/airflow/.local/lib/python3.11/site-packages/airflow/example_dags/example_bash_operator.py
[2024-07-15T15:56:21.720+0000] {processor.py:840} INFO - DAG(s) 'example_bash_operator' retrieved from /home/airflow/.local/lib/python3.11/site-packages/airflow/example_dags/example_bash_operator.py
[2024-07-15T15:56:21.760+0000] {logging_mixin.py:188} INFO - [2024-07-15T15:56:21.760+0000] {dag.py:3096} INFO - Sync 1 DAGs
[2024-07-15T15:56:21.793+0000] {logging_mixin.py:188} INFO - [2024-07-15T15:56:21.792+0000] {dag.py:3954} INFO - Setting next_dagrun for example_bash_operator to 2024-07-14 00:00:00+00:00, run_after=2024-07-15 00:00:00+00:00
[2024-07-15T15:56:21.818+0000] {processor.py:183} INFO - Processing /home/airflow/.local/lib/python3.11/site-packages/airflow/example_dags/example_bash_operator.py took 0.132 seconds
[2024-07-15T15:56:30.106+0000] {processor.py:161} INFO - Started process (PID=26464) to work on /home/airflow/.local/lib/python3.11/site-packages/airflow/example_dags/example_bash_operator.py
[2024-07-15T15:56:30.107+0000] {processor.py:830} INFO - Processing file /home/airflow/.local/lib/python3.11/site-packages/airflow/example_dags/example_bash_operator.py for tasks to queue
[2024-07-15T15:56:30.110+0000] {logging_mixin.py:188} INFO - [2024-07-15T15:56:30.110+0000] {dagbag.py:545} INFO - Filling up the DagBag from /home/airflow/.local/lib/python3.11/site-packages/airflow/example_dags/example_bash_operator.py
[2024-07-15T15:56:30.130+0000] {processor.py:840} INFO - DAG(s) 'example_bash_operator' retrieved from /home/airflow/.local/lib/python3.11/site-packages/airflow/example_dags/example_bash_operator.py
[2024-07-15T15:56:30.184+0000] {logging_mixin.py:188} INFO - [2024-07-15T15:56:30.184+0000] {dag.py:3096} INFO - Sync 1 DAGs
[2024-07-15T15:56:30.219+0000] {logging_mixin.py:188} INFO - [2024-07-15T15:56:30.218+0000] {dag.py:3954} INFO - Setting next_dagrun for example_bash_operator to 2024-07-14 00:00:00+00:00, run_after=2024-07-15 00:00:00+00:00
[2024-07-15T15:56:30.244+0000] {processor.py:183} INFO - Processing /home/airflow/.local/lib/python3.11/site-packages/airflow/example_dags/example_bash_operator.py took 0.149 seconds
[2024-07-15T15:56:37.939+0000] {processor.py:161} INFO - Started process (PID=26516) to work on /home/airflow/.local/lib/python3.11/site-packages/airflow/example_dags/example_bash_operator.py
[2024-07-15T15:56:37.941+0000] {processor.py:830} INFO - Processing file /home/airflow/.local/lib/python3.11/site-packages/airflow/example_dags/example_bash_operator.py for tasks to queue
[2024-07-15T15:56:37.944+0000] {logging_mixin.py:188} INFO - [2024-07-15T15:56:37.944+0000] {dagbag.py:545} INFO - Filling up the DagBag from /home/airflow/.local/lib/python3.11/site-packages/airflow/example_dags/example_bash_operator.py
[2024-07-15T15:56:37.963+0000] {processor.py:840} INFO - DAG(s) 'example_bash_operator' retrieved from /home/airflow/.local/lib/python3.11/site-packages/airflow/example_dags/example_bash_operator.py
[2024-07-15T15:56:38.018+0000] {logging_mixin.py:188} INFO - [2024-07-15T15:56:38.018+0000] {dag.py:3096} INFO - Sync 1 DAGs
[2024-07-15T15:56:38.075+0000] {logging_mixin.py:188} INFO - [2024-07-15T15:56:38.075+0000] {dag.py:3954} INFO - Setting next_dagrun for example_bash_operator to 2024-07-14 00:00:00+00:00, run_after=2024-07-15 00:00:00+00:00
[2024-07-15T15:56:38.115+0000] {processor.py:183} INFO - Processing /home/airflow/.local/lib/python3.11/site-packages/airflow/example_dags/example_bash_operator.py took 0.188 seconds
[2024-07-15T15:56:43.494+0000] {processor.py:161} INFO - Started process (PID=26570) to work on /home/airflow/.local/lib/python3.11/site-packages/airflow/example_dags/example_bash_operator.py
[2024-07-15T15:56:43.495+0000] {processor.py:830} INFO - Processing file /home/airflow/.local/lib/python3.11/site-packages/airflow/example_dags/example_bash_operator.py for tasks to queue
[2024-07-15T15:56:43.498+0000] {logging_mixin.py:188} INFO - [2024-07-15T15:56:43.498+0000] {dagbag.py:545} INFO - Filling up the DagBag from /home/airflow/.local/lib/python3.11/site-packages/airflow/example_dags/example_bash_operator.py
[2024-07-15T15:56:43.516+0000] {processor.py:840} INFO - DAG(s) 'example_bash_operator' retrieved from /home/airflow/.local/lib/python3.11/site-packages/airflow/example_dags/example_bash_operator.py
[2024-07-15T15:56:43.559+0000] {logging_mixin.py:188} INFO - [2024-07-15T15:56:43.559+0000] {dag.py:3096} INFO - Sync 1 DAGs
[2024-07-15T15:56:43.591+0000] {logging_mixin.py:188} INFO - [2024-07-15T15:56:43.591+0000] {dag.py:3954} INFO - Setting next_dagrun for example_bash_operator to 2024-07-14 00:00:00+00:00, run_after=2024-07-15 00:00:00+00:00
[2024-07-15T15:56:43.616+0000] {processor.py:183} INFO - Processing /home/airflow/.local/lib/python3.11/site-packages/airflow/example_dags/example_bash_operator.py took 0.131 seconds
[2024-07-15T15:56:48.151+0000] {processor.py:161} INFO - Started process (PID=26622) to work on /home/airflow/.local/lib/python3.11/site-packages/airflow/example_dags/example_bash_operator.py
[2024-07-15T15:56:48.153+0000] {processor.py:830} INFO - Processing file /home/airflow/.local/lib/python3.11/site-packages/airflow/example_dags/example_bash_operator.py for tasks to queue
[2024-07-15T15:56:48.155+0000] {logging_mixin.py:188} INFO - [2024-07-15T15:56:48.155+0000] {dagbag.py:545} INFO - Filling up the DagBag from /home/airflow/.local/lib/python3.11/site-packages/airflow/example_dags/example_bash_operator.py
[2024-07-15T15:56:48.171+0000] {processor.py:840} INFO - DAG(s) 'example_bash_operator' retrieved from /home/airflow/.local/lib/python3.11/site-packages/airflow/example_dags/example_bash_operator.py
[2024-07-15T15:56:48.208+0000] {logging_mixin.py:188} INFO - [2024-07-15T15:56:48.208+0000] {dag.py:3096} INFO - Sync 1 DAGs
[2024-07-15T15:56:48.236+0000] {logging_mixin.py:188} INFO - [2024-07-15T15:56:48.236+0000] {dag.py:3954} INFO - Setting next_dagrun for example_bash_operator to 2024-07-14 00:00:00+00:00, run_after=2024-07-15 00:00:00+00:00
[2024-07-15T15:56:48.260+0000] {processor.py:183} INFO - Processing /home/airflow/.local/lib/python3.11/site-packages/airflow/example_dags/example_bash_operator.py took 0.119 seconds
[2024-07-15T15:56:54.395+0000] {processor.py:161} INFO - Started process (PID=26682) to work on /home/airflow/.local/lib/python3.11/site-packages/airflow/example_dags/example_bash_operator.py
[2024-07-15T15:56:54.397+0000] {processor.py:830} INFO - Processing file /home/airflow/.local/lib/python3.11/site-packages/airflow/example_dags/example_bash_operator.py for tasks to queue
[2024-07-15T15:56:54.400+0000] {logging_mixin.py:188} INFO - [2024-07-15T15:56:54.399+0000] {dagbag.py:545} INFO - Filling up the DagBag from /home/airflow/.local/lib/python3.11/site-packages/airflow/example_dags/example_bash_operator.py
[2024-07-15T15:56:54.417+0000] {processor.py:840} INFO - DAG(s) 'example_bash_operator' retrieved from /home/airflow/.local/lib/python3.11/site-packages/airflow/example_dags/example_bash_operator.py
[2024-07-15T15:56:54.456+0000] {logging_mixin.py:188} INFO - [2024-07-15T15:56:54.456+0000] {dag.py:3096} INFO - Sync 1 DAGs
[2024-07-15T15:56:54.486+0000] {logging_mixin.py:188} INFO - [2024-07-15T15:56:54.486+0000] {dag.py:3954} INFO - Setting next_dagrun for example_bash_operator to 2024-07-14 00:00:00+00:00, run_after=2024-07-15 00:00:00+00:00
[2024-07-15T15:56:54.512+0000] {processor.py:183} INFO - Processing /home/airflow/.local/lib/python3.11/site-packages/airflow/example_dags/example_bash_operator.py took 0.126 seconds
[2024-07-15T15:56:59.102+0000] {processor.py:161} INFO - Started process (PID=26734) to work on /home/airflow/.local/lib/python3.11/site-packages/airflow/example_dags/example_bash_operator.py
[2024-07-15T15:56:59.104+0000] {processor.py:830} INFO - Processing file /home/airflow/.local/lib/python3.11/site-packages/airflow/example_dags/example_bash_operator.py for tasks to queue
[2024-07-15T15:56:59.107+0000] {logging_mixin.py:188} INFO - [2024-07-15T15:56:59.106+0000] {dagbag.py:545} INFO - Filling up the DagBag from /home/airflow/.local/lib/python3.11/site-packages/airflow/example_dags/example_bash_operator.py
[2024-07-15T15:56:59.122+0000] {processor.py:840} INFO - DAG(s) 'example_bash_operator' retrieved from /home/airflow/.local/lib/python3.11/site-packages/airflow/example_dags/example_bash_operator.py
[2024-07-15T15:56:59.164+0000] {logging_mixin.py:188} INFO - [2024-07-15T15:56:59.163+0000] {dag.py:3096} INFO - Sync 1 DAGs
[2024-07-15T15:56:59.195+0000] {logging_mixin.py:188} INFO - [2024-07-15T15:56:59.194+0000] {dag.py:3954} INFO - Setting next_dagrun for example_bash_operator to 2024-07-14 00:00:00+00:00, run_after=2024-07-15 00:00:00+00:00
[2024-07-15T15:56:59.219+0000] {processor.py:183} INFO - Processing /home/airflow/.local/lib/python3.11/site-packages/airflow/example_dags/example_bash_operator.py took 0.124 seconds
