[2024-07-15T15:48:54.366+0000] {processor.py:161} INFO - Started process (PID=22602) to work on /home/airflow/.local/lib/python3.11/site-packages/airflow/example_dags/tutorial_taskflow_api_virtualenv.py
[2024-07-15T15:48:54.389+0000] {processor.py:830} INFO - Processing file /home/airflow/.local/lib/python3.11/site-packages/airflow/example_dags/tutorial_taskflow_api_virtualenv.py for tasks to queue
[2024-07-15T15:48:54.395+0000] {logging_mixin.py:188} INFO - [2024-07-15T15:48:54.394+0000] {dagbag.py:545} INFO - Filling up the DagBag from /home/airflow/.local/lib/python3.11/site-packages/airflow/example_dags/tutorial_taskflow_api_virtualenv.py
[2024-07-15T15:48:54.491+0000] {processor.py:840} INFO - DAG(s) 'tutorial_taskflow_api_virtualenv' retrieved from /home/airflow/.local/lib/python3.11/site-packages/airflow/example_dags/tutorial_taskflow_api_virtualenv.py
[2024-07-15T15:48:54.591+0000] {logging_mixin.py:188} INFO - [2024-07-15T15:48:54.591+0000] {dag.py:3096} INFO - Sync 1 DAGs
[2024-07-15T15:48:54.684+0000] {logging_mixin.py:188} INFO - [2024-07-15T15:48:54.684+0000] {dag.py:3954} INFO - Setting next_dagrun for tutorial_taskflow_api_virtualenv to None, run_after=None
[2024-07-15T15:48:54.816+0000] {processor.py:183} INFO - Processing /home/airflow/.local/lib/python3.11/site-packages/airflow/example_dags/tutorial_taskflow_api_virtualenv.py took 0.486 seconds
[2024-07-15T15:49:10.851+0000] {processor.py:161} INFO - Started process (PID=22656) to work on /home/airflow/.local/lib/python3.11/site-packages/airflow/example_dags/tutorial_taskflow_api_virtualenv.py
[2024-07-15T15:49:10.853+0000] {processor.py:830} INFO - Processing file /home/airflow/.local/lib/python3.11/site-packages/airflow/example_dags/tutorial_taskflow_api_virtualenv.py for tasks to queue
[2024-07-15T15:49:10.857+0000] {logging_mixin.py:188} INFO - [2024-07-15T15:49:10.856+0000] {dagbag.py:545} INFO - Filling up the DagBag from /home/airflow/.local/lib/python3.11/site-packages/airflow/example_dags/tutorial_taskflow_api_virtualenv.py
[2024-07-15T15:49:10.879+0000] {processor.py:840} INFO - DAG(s) 'tutorial_taskflow_api_virtualenv' retrieved from /home/airflow/.local/lib/python3.11/site-packages/airflow/example_dags/tutorial_taskflow_api_virtualenv.py
[2024-07-15T15:49:10.921+0000] {logging_mixin.py:188} INFO - [2024-07-15T15:49:10.921+0000] {dag.py:3096} INFO - Sync 1 DAGs
[2024-07-15T15:49:10.949+0000] {logging_mixin.py:188} INFO - [2024-07-15T15:49:10.949+0000] {dag.py:3954} INFO - Setting next_dagrun for tutorial_taskflow_api_virtualenv to None, run_after=None
[2024-07-15T15:49:10.986+0000] {processor.py:183} INFO - Processing /home/airflow/.local/lib/python3.11/site-packages/airflow/example_dags/tutorial_taskflow_api_virtualenv.py took 0.148 seconds
[2024-07-15T15:49:17.685+0000] {processor.py:161} INFO - Started process (PID=22708) to work on /home/airflow/.local/lib/python3.11/site-packages/airflow/example_dags/tutorial_taskflow_api_virtualenv.py
[2024-07-15T15:49:17.687+0000] {processor.py:830} INFO - Processing file /home/airflow/.local/lib/python3.11/site-packages/airflow/example_dags/tutorial_taskflow_api_virtualenv.py for tasks to queue
[2024-07-15T15:49:17.695+0000] {logging_mixin.py:188} INFO - [2024-07-15T15:49:17.694+0000] {dagbag.py:545} INFO - Filling up the DagBag from /home/airflow/.local/lib/python3.11/site-packages/airflow/example_dags/tutorial_taskflow_api_virtualenv.py
[2024-07-15T15:49:17.723+0000] {processor.py:840} INFO - DAG(s) 'tutorial_taskflow_api_virtualenv' retrieved from /home/airflow/.local/lib/python3.11/site-packages/airflow/example_dags/tutorial_taskflow_api_virtualenv.py
[2024-07-15T15:49:17.781+0000] {logging_mixin.py:188} INFO - [2024-07-15T15:49:17.780+0000] {dag.py:3096} INFO - Sync 1 DAGs
[2024-07-15T15:49:17.809+0000] {logging_mixin.py:188} INFO - [2024-07-15T15:49:17.809+0000] {dag.py:3954} INFO - Setting next_dagrun for tutorial_taskflow_api_virtualenv to None, run_after=None
[2024-07-15T15:49:17.844+0000] {processor.py:183} INFO - Processing /home/airflow/.local/lib/python3.11/site-packages/airflow/example_dags/tutorial_taskflow_api_virtualenv.py took 0.178 seconds
[2024-07-15T15:49:26.082+0000] {processor.py:161} INFO - Started process (PID=22767) to work on /home/airflow/.local/lib/python3.11/site-packages/airflow/example_dags/tutorial_taskflow_api_virtualenv.py
[2024-07-15T15:49:26.084+0000] {processor.py:830} INFO - Processing file /home/airflow/.local/lib/python3.11/site-packages/airflow/example_dags/tutorial_taskflow_api_virtualenv.py for tasks to queue
[2024-07-15T15:49:26.088+0000] {logging_mixin.py:188} INFO - [2024-07-15T15:49:26.088+0000] {dagbag.py:545} INFO - Filling up the DagBag from /home/airflow/.local/lib/python3.11/site-packages/airflow/example_dags/tutorial_taskflow_api_virtualenv.py
[2024-07-15T15:49:26.112+0000] {processor.py:840} INFO - DAG(s) 'tutorial_taskflow_api_virtualenv' retrieved from /home/airflow/.local/lib/python3.11/site-packages/airflow/example_dags/tutorial_taskflow_api_virtualenv.py
[2024-07-15T15:49:26.156+0000] {logging_mixin.py:188} INFO - [2024-07-15T15:49:26.156+0000] {dag.py:3096} INFO - Sync 1 DAGs
[2024-07-15T15:49:26.189+0000] {logging_mixin.py:188} INFO - [2024-07-15T15:49:26.189+0000] {dag.py:3954} INFO - Setting next_dagrun for tutorial_taskflow_api_virtualenv to None, run_after=None
[2024-07-15T15:49:26.227+0000] {processor.py:183} INFO - Processing /home/airflow/.local/lib/python3.11/site-packages/airflow/example_dags/tutorial_taskflow_api_virtualenv.py took 0.158 seconds
[2024-07-15T15:49:33.540+0000] {processor.py:161} INFO - Started process (PID=22819) to work on /home/airflow/.local/lib/python3.11/site-packages/airflow/example_dags/tutorial_taskflow_api_virtualenv.py
[2024-07-15T15:49:33.543+0000] {processor.py:830} INFO - Processing file /home/airflow/.local/lib/python3.11/site-packages/airflow/example_dags/tutorial_taskflow_api_virtualenv.py for tasks to queue
[2024-07-15T15:49:33.547+0000] {logging_mixin.py:188} INFO - [2024-07-15T15:49:33.546+0000] {dagbag.py:545} INFO - Filling up the DagBag from /home/airflow/.local/lib/python3.11/site-packages/airflow/example_dags/tutorial_taskflow_api_virtualenv.py
[2024-07-15T15:49:33.579+0000] {processor.py:840} INFO - DAG(s) 'tutorial_taskflow_api_virtualenv' retrieved from /home/airflow/.local/lib/python3.11/site-packages/airflow/example_dags/tutorial_taskflow_api_virtualenv.py
[2024-07-15T15:49:33.643+0000] {logging_mixin.py:188} INFO - [2024-07-15T15:49:33.642+0000] {dag.py:3096} INFO - Sync 1 DAGs
[2024-07-15T15:49:33.688+0000] {logging_mixin.py:188} INFO - [2024-07-15T15:49:33.687+0000] {dag.py:3954} INFO - Setting next_dagrun for tutorial_taskflow_api_virtualenv to None, run_after=None
[2024-07-15T15:49:33.718+0000] {processor.py:183} INFO - Processing /home/airflow/.local/lib/python3.11/site-packages/airflow/example_dags/tutorial_taskflow_api_virtualenv.py took 0.190 seconds
[2024-07-15T15:49:41.387+0000] {processor.py:161} INFO - Started process (PID=22872) to work on /home/airflow/.local/lib/python3.11/site-packages/airflow/example_dags/tutorial_taskflow_api_virtualenv.py
[2024-07-15T15:49:41.389+0000] {processor.py:830} INFO - Processing file /home/airflow/.local/lib/python3.11/site-packages/airflow/example_dags/tutorial_taskflow_api_virtualenv.py for tasks to queue
[2024-07-15T15:49:41.394+0000] {logging_mixin.py:188} INFO - [2024-07-15T15:49:41.393+0000] {dagbag.py:545} INFO - Filling up the DagBag from /home/airflow/.local/lib/python3.11/site-packages/airflow/example_dags/tutorial_taskflow_api_virtualenv.py
[2024-07-15T15:49:41.430+0000] {processor.py:840} INFO - DAG(s) 'tutorial_taskflow_api_virtualenv' retrieved from /home/airflow/.local/lib/python3.11/site-packages/airflow/example_dags/tutorial_taskflow_api_virtualenv.py
[2024-07-15T15:49:41.509+0000] {logging_mixin.py:188} INFO - [2024-07-15T15:49:41.507+0000] {dag.py:3096} INFO - Sync 1 DAGs
[2024-07-15T15:49:41.552+0000] {logging_mixin.py:188} INFO - [2024-07-15T15:49:41.551+0000] {dag.py:3954} INFO - Setting next_dagrun for tutorial_taskflow_api_virtualenv to None, run_after=None
[2024-07-15T15:49:41.608+0000] {processor.py:183} INFO - Processing /home/airflow/.local/lib/python3.11/site-packages/airflow/example_dags/tutorial_taskflow_api_virtualenv.py took 0.237 seconds
[2024-07-15T15:49:48.050+0000] {processor.py:161} INFO - Started process (PID=22924) to work on /home/airflow/.local/lib/python3.11/site-packages/airflow/example_dags/tutorial_taskflow_api_virtualenv.py
[2024-07-15T15:49:48.053+0000] {processor.py:830} INFO - Processing file /home/airflow/.local/lib/python3.11/site-packages/airflow/example_dags/tutorial_taskflow_api_virtualenv.py for tasks to queue
[2024-07-15T15:49:48.056+0000] {logging_mixin.py:188} INFO - [2024-07-15T15:49:48.056+0000] {dagbag.py:545} INFO - Filling up the DagBag from /home/airflow/.local/lib/python3.11/site-packages/airflow/example_dags/tutorial_taskflow_api_virtualenv.py
[2024-07-15T15:49:48.083+0000] {processor.py:840} INFO - DAG(s) 'tutorial_taskflow_api_virtualenv' retrieved from /home/airflow/.local/lib/python3.11/site-packages/airflow/example_dags/tutorial_taskflow_api_virtualenv.py
[2024-07-15T15:49:48.127+0000] {logging_mixin.py:188} INFO - [2024-07-15T15:49:48.126+0000] {dag.py:3096} INFO - Sync 1 DAGs
[2024-07-15T15:49:48.156+0000] {logging_mixin.py:188} INFO - [2024-07-15T15:49:48.156+0000] {dag.py:3954} INFO - Setting next_dagrun for tutorial_taskflow_api_virtualenv to None, run_after=None
[2024-07-15T15:49:48.191+0000] {processor.py:183} INFO - Processing /home/airflow/.local/lib/python3.11/site-packages/airflow/example_dags/tutorial_taskflow_api_virtualenv.py took 0.154 seconds
[2024-07-15T15:49:53.969+0000] {processor.py:161} INFO - Started process (PID=22984) to work on /home/airflow/.local/lib/python3.11/site-packages/airflow/example_dags/tutorial_taskflow_api_virtualenv.py
[2024-07-15T15:49:53.971+0000] {processor.py:830} INFO - Processing file /home/airflow/.local/lib/python3.11/site-packages/airflow/example_dags/tutorial_taskflow_api_virtualenv.py for tasks to queue
[2024-07-15T15:49:53.973+0000] {logging_mixin.py:188} INFO - [2024-07-15T15:49:53.973+0000] {dagbag.py:545} INFO - Filling up the DagBag from /home/airflow/.local/lib/python3.11/site-packages/airflow/example_dags/tutorial_taskflow_api_virtualenv.py
[2024-07-15T15:49:53.987+0000] {processor.py:840} INFO - DAG(s) 'tutorial_taskflow_api_virtualenv' retrieved from /home/airflow/.local/lib/python3.11/site-packages/airflow/example_dags/tutorial_taskflow_api_virtualenv.py
[2024-07-15T15:49:54.012+0000] {logging_mixin.py:188} INFO - [2024-07-15T15:49:54.011+0000] {dag.py:3096} INFO - Sync 1 DAGs
[2024-07-15T15:49:54.028+0000] {logging_mixin.py:188} INFO - [2024-07-15T15:49:54.028+0000] {dag.py:3954} INFO - Setting next_dagrun for tutorial_taskflow_api_virtualenv to None, run_after=None
[2024-07-15T15:49:54.061+0000] {processor.py:183} INFO - Processing /home/airflow/.local/lib/python3.11/site-packages/airflow/example_dags/tutorial_taskflow_api_virtualenv.py took 0.100 seconds
[2024-07-15T15:50:01.728+0000] {processor.py:161} INFO - Started process (PID=23036) to work on /home/airflow/.local/lib/python3.11/site-packages/airflow/example_dags/tutorial_taskflow_api_virtualenv.py
[2024-07-15T15:50:01.734+0000] {processor.py:830} INFO - Processing file /home/airflow/.local/lib/python3.11/site-packages/airflow/example_dags/tutorial_taskflow_api_virtualenv.py for tasks to queue
[2024-07-15T15:50:01.745+0000] {logging_mixin.py:188} INFO - [2024-07-15T15:50:01.744+0000] {dagbag.py:545} INFO - Filling up the DagBag from /home/airflow/.local/lib/python3.11/site-packages/airflow/example_dags/tutorial_taskflow_api_virtualenv.py
[2024-07-15T15:50:01.780+0000] {processor.py:840} INFO - DAG(s) 'tutorial_taskflow_api_virtualenv' retrieved from /home/airflow/.local/lib/python3.11/site-packages/airflow/example_dags/tutorial_taskflow_api_virtualenv.py
[2024-07-15T15:50:01.828+0000] {logging_mixin.py:188} INFO - [2024-07-15T15:50:01.828+0000] {dag.py:3096} INFO - Sync 1 DAGs
[2024-07-15T15:50:01.862+0000] {logging_mixin.py:188} INFO - [2024-07-15T15:50:01.862+0000] {dag.py:3954} INFO - Setting next_dagrun for tutorial_taskflow_api_virtualenv to None, run_after=None
[2024-07-15T15:50:01.910+0000] {processor.py:183} INFO - Processing /home/airflow/.local/lib/python3.11/site-packages/airflow/example_dags/tutorial_taskflow_api_virtualenv.py took 0.201 seconds
[2024-07-15T15:50:07.417+0000] {processor.py:161} INFO - Started process (PID=23089) to work on /home/airflow/.local/lib/python3.11/site-packages/airflow/example_dags/tutorial_taskflow_api_virtualenv.py
[2024-07-15T15:50:07.419+0000] {processor.py:830} INFO - Processing file /home/airflow/.local/lib/python3.11/site-packages/airflow/example_dags/tutorial_taskflow_api_virtualenv.py for tasks to queue
[2024-07-15T15:50:07.423+0000] {logging_mixin.py:188} INFO - [2024-07-15T15:50:07.422+0000] {dagbag.py:545} INFO - Filling up the DagBag from /home/airflow/.local/lib/python3.11/site-packages/airflow/example_dags/tutorial_taskflow_api_virtualenv.py
[2024-07-15T15:50:07.439+0000] {processor.py:840} INFO - DAG(s) 'tutorial_taskflow_api_virtualenv' retrieved from /home/airflow/.local/lib/python3.11/site-packages/airflow/example_dags/tutorial_taskflow_api_virtualenv.py
[2024-07-15T15:50:07.496+0000] {logging_mixin.py:188} INFO - [2024-07-15T15:50:07.496+0000] {dag.py:3096} INFO - Sync 1 DAGs
[2024-07-15T15:50:07.513+0000] {logging_mixin.py:188} INFO - [2024-07-15T15:50:07.512+0000] {dag.py:3954} INFO - Setting next_dagrun for tutorial_taskflow_api_virtualenv to None, run_after=None
[2024-07-15T15:50:07.539+0000] {processor.py:183} INFO - Processing /home/airflow/.local/lib/python3.11/site-packages/airflow/example_dags/tutorial_taskflow_api_virtualenv.py took 0.133 seconds
[2024-07-15T15:50:13.133+0000] {processor.py:161} INFO - Started process (PID=23141) to work on /home/airflow/.local/lib/python3.11/site-packages/airflow/example_dags/tutorial_taskflow_api_virtualenv.py
[2024-07-15T15:50:13.135+0000] {processor.py:830} INFO - Processing file /home/airflow/.local/lib/python3.11/site-packages/airflow/example_dags/tutorial_taskflow_api_virtualenv.py for tasks to queue
[2024-07-15T15:50:13.137+0000] {logging_mixin.py:188} INFO - [2024-07-15T15:50:13.137+0000] {dagbag.py:545} INFO - Filling up the DagBag from /home/airflow/.local/lib/python3.11/site-packages/airflow/example_dags/tutorial_taskflow_api_virtualenv.py
[2024-07-15T15:50:13.151+0000] {processor.py:840} INFO - DAG(s) 'tutorial_taskflow_api_virtualenv' retrieved from /home/airflow/.local/lib/python3.11/site-packages/airflow/example_dags/tutorial_taskflow_api_virtualenv.py
[2024-07-15T15:50:13.175+0000] {logging_mixin.py:188} INFO - [2024-07-15T15:50:13.175+0000] {dag.py:3096} INFO - Sync 1 DAGs
[2024-07-15T15:50:13.233+0000] {logging_mixin.py:188} INFO - [2024-07-15T15:50:13.232+0000] {dag.py:3954} INFO - Setting next_dagrun for tutorial_taskflow_api_virtualenv to None, run_after=None
[2024-07-15T15:50:13.297+0000] {processor.py:183} INFO - Processing /home/airflow/.local/lib/python3.11/site-packages/airflow/example_dags/tutorial_taskflow_api_virtualenv.py took 0.176 seconds
[2024-07-15T15:50:19.418+0000] {processor.py:161} INFO - Started process (PID=23194) to work on /home/airflow/.local/lib/python3.11/site-packages/airflow/example_dags/tutorial_taskflow_api_virtualenv.py
[2024-07-15T15:50:19.419+0000] {processor.py:830} INFO - Processing file /home/airflow/.local/lib/python3.11/site-packages/airflow/example_dags/tutorial_taskflow_api_virtualenv.py for tasks to queue
[2024-07-15T15:50:19.422+0000] {logging_mixin.py:188} INFO - [2024-07-15T15:50:19.421+0000] {dagbag.py:545} INFO - Filling up the DagBag from /home/airflow/.local/lib/python3.11/site-packages/airflow/example_dags/tutorial_taskflow_api_virtualenv.py
[2024-07-15T15:50:19.435+0000] {processor.py:840} INFO - DAG(s) 'tutorial_taskflow_api_virtualenv' retrieved from /home/airflow/.local/lib/python3.11/site-packages/airflow/example_dags/tutorial_taskflow_api_virtualenv.py
[2024-07-15T15:50:19.457+0000] {logging_mixin.py:188} INFO - [2024-07-15T15:50:19.457+0000] {dag.py:3096} INFO - Sync 1 DAGs
[2024-07-15T15:50:19.471+0000] {logging_mixin.py:188} INFO - [2024-07-15T15:50:19.471+0000] {dag.py:3954} INFO - Setting next_dagrun for tutorial_taskflow_api_virtualenv to None, run_after=None
[2024-07-15T15:50:19.518+0000] {processor.py:183} INFO - Processing /home/airflow/.local/lib/python3.11/site-packages/airflow/example_dags/tutorial_taskflow_api_virtualenv.py took 0.113 seconds
[2024-07-15T15:50:24.115+0000] {processor.py:161} INFO - Started process (PID=23254) to work on /home/airflow/.local/lib/python3.11/site-packages/airflow/example_dags/tutorial_taskflow_api_virtualenv.py
[2024-07-15T15:50:24.116+0000] {processor.py:830} INFO - Processing file /home/airflow/.local/lib/python3.11/site-packages/airflow/example_dags/tutorial_taskflow_api_virtualenv.py for tasks to queue
[2024-07-15T15:50:24.119+0000] {logging_mixin.py:188} INFO - [2024-07-15T15:50:24.119+0000] {dagbag.py:545} INFO - Filling up the DagBag from /home/airflow/.local/lib/python3.11/site-packages/airflow/example_dags/tutorial_taskflow_api_virtualenv.py
[2024-07-15T15:50:24.137+0000] {processor.py:840} INFO - DAG(s) 'tutorial_taskflow_api_virtualenv' retrieved from /home/airflow/.local/lib/python3.11/site-packages/airflow/example_dags/tutorial_taskflow_api_virtualenv.py
[2024-07-15T15:50:24.164+0000] {logging_mixin.py:188} INFO - [2024-07-15T15:50:24.164+0000] {dag.py:3096} INFO - Sync 1 DAGs
[2024-07-15T15:50:24.181+0000] {logging_mixin.py:188} INFO - [2024-07-15T15:50:24.181+0000] {dag.py:3954} INFO - Setting next_dagrun for tutorial_taskflow_api_virtualenv to None, run_after=None
[2024-07-15T15:50:24.208+0000] {processor.py:183} INFO - Processing /home/airflow/.local/lib/python3.11/site-packages/airflow/example_dags/tutorial_taskflow_api_virtualenv.py took 0.100 seconds
[2024-07-15T15:50:29.912+0000] {processor.py:161} INFO - Started process (PID=23306) to work on /home/airflow/.local/lib/python3.11/site-packages/airflow/example_dags/tutorial_taskflow_api_virtualenv.py
[2024-07-15T15:50:29.914+0000] {processor.py:830} INFO - Processing file /home/airflow/.local/lib/python3.11/site-packages/airflow/example_dags/tutorial_taskflow_api_virtualenv.py for tasks to queue
[2024-07-15T15:50:29.916+0000] {logging_mixin.py:188} INFO - [2024-07-15T15:50:29.916+0000] {dagbag.py:545} INFO - Filling up the DagBag from /home/airflow/.local/lib/python3.11/site-packages/airflow/example_dags/tutorial_taskflow_api_virtualenv.py
[2024-07-15T15:50:29.928+0000] {processor.py:840} INFO - DAG(s) 'tutorial_taskflow_api_virtualenv' retrieved from /home/airflow/.local/lib/python3.11/site-packages/airflow/example_dags/tutorial_taskflow_api_virtualenv.py
[2024-07-15T15:50:29.951+0000] {logging_mixin.py:188} INFO - [2024-07-15T15:50:29.950+0000] {dag.py:3096} INFO - Sync 1 DAGs
[2024-07-15T15:50:29.964+0000] {logging_mixin.py:188} INFO - [2024-07-15T15:50:29.964+0000] {dag.py:3954} INFO - Setting next_dagrun for tutorial_taskflow_api_virtualenv to None, run_after=None
[2024-07-15T15:50:30.003+0000] {processor.py:183} INFO - Processing /home/airflow/.local/lib/python3.11/site-packages/airflow/example_dags/tutorial_taskflow_api_virtualenv.py took 0.099 seconds
[2024-07-15T15:50:35.593+0000] {processor.py:161} INFO - Started process (PID=23360) to work on /home/airflow/.local/lib/python3.11/site-packages/airflow/example_dags/tutorial_taskflow_api_virtualenv.py
[2024-07-15T15:50:35.594+0000] {processor.py:830} INFO - Processing file /home/airflow/.local/lib/python3.11/site-packages/airflow/example_dags/tutorial_taskflow_api_virtualenv.py for tasks to queue
[2024-07-15T15:50:35.597+0000] {logging_mixin.py:188} INFO - [2024-07-15T15:50:35.597+0000] {dagbag.py:545} INFO - Filling up the DagBag from /home/airflow/.local/lib/python3.11/site-packages/airflow/example_dags/tutorial_taskflow_api_virtualenv.py
[2024-07-15T15:50:35.630+0000] {processor.py:840} INFO - DAG(s) 'tutorial_taskflow_api_virtualenv' retrieved from /home/airflow/.local/lib/python3.11/site-packages/airflow/example_dags/tutorial_taskflow_api_virtualenv.py
[2024-07-15T15:50:35.670+0000] {logging_mixin.py:188} INFO - [2024-07-15T15:50:35.670+0000] {dag.py:3096} INFO - Sync 1 DAGs
[2024-07-15T15:50:35.686+0000] {logging_mixin.py:188} INFO - [2024-07-15T15:50:35.685+0000] {dag.py:3954} INFO - Setting next_dagrun for tutorial_taskflow_api_virtualenv to None, run_after=None
[2024-07-15T15:50:35.709+0000] {processor.py:183} INFO - Processing /home/airflow/.local/lib/python3.11/site-packages/airflow/example_dags/tutorial_taskflow_api_virtualenv.py took 0.125 seconds
[2024-07-15T15:50:40.844+0000] {processor.py:161} INFO - Started process (PID=23412) to work on /home/airflow/.local/lib/python3.11/site-packages/airflow/example_dags/tutorial_taskflow_api_virtualenv.py
[2024-07-15T15:50:40.846+0000] {processor.py:830} INFO - Processing file /home/airflow/.local/lib/python3.11/site-packages/airflow/example_dags/tutorial_taskflow_api_virtualenv.py for tasks to queue
[2024-07-15T15:50:40.848+0000] {logging_mixin.py:188} INFO - [2024-07-15T15:50:40.847+0000] {dagbag.py:545} INFO - Filling up the DagBag from /home/airflow/.local/lib/python3.11/site-packages/airflow/example_dags/tutorial_taskflow_api_virtualenv.py
[2024-07-15T15:50:40.860+0000] {processor.py:840} INFO - DAG(s) 'tutorial_taskflow_api_virtualenv' retrieved from /home/airflow/.local/lib/python3.11/site-packages/airflow/example_dags/tutorial_taskflow_api_virtualenv.py
[2024-07-15T15:50:40.884+0000] {logging_mixin.py:188} INFO - [2024-07-15T15:50:40.884+0000] {dag.py:3096} INFO - Sync 1 DAGs
[2024-07-15T15:50:40.899+0000] {logging_mixin.py:188} INFO - [2024-07-15T15:50:40.899+0000] {dag.py:3954} INFO - Setting next_dagrun for tutorial_taskflow_api_virtualenv to None, run_after=None
[2024-07-15T15:50:40.951+0000] {processor.py:183} INFO - Processing /home/airflow/.local/lib/python3.11/site-packages/airflow/example_dags/tutorial_taskflow_api_virtualenv.py took 0.114 seconds
[2024-07-15T15:50:46.946+0000] {processor.py:161} INFO - Started process (PID=23465) to work on /home/airflow/.local/lib/python3.11/site-packages/airflow/example_dags/tutorial_taskflow_api_virtualenv.py
[2024-07-15T15:50:46.948+0000] {processor.py:830} INFO - Processing file /home/airflow/.local/lib/python3.11/site-packages/airflow/example_dags/tutorial_taskflow_api_virtualenv.py for tasks to queue
[2024-07-15T15:50:46.950+0000] {logging_mixin.py:188} INFO - [2024-07-15T15:50:46.950+0000] {dagbag.py:545} INFO - Filling up the DagBag from /home/airflow/.local/lib/python3.11/site-packages/airflow/example_dags/tutorial_taskflow_api_virtualenv.py
[2024-07-15T15:50:46.965+0000] {processor.py:840} INFO - DAG(s) 'tutorial_taskflow_api_virtualenv' retrieved from /home/airflow/.local/lib/python3.11/site-packages/airflow/example_dags/tutorial_taskflow_api_virtualenv.py
[2024-07-15T15:50:46.989+0000] {logging_mixin.py:188} INFO - [2024-07-15T15:50:46.988+0000] {dag.py:3096} INFO - Sync 1 DAGs
[2024-07-15T15:50:47.003+0000] {logging_mixin.py:188} INFO - [2024-07-15T15:50:47.003+0000] {dag.py:3954} INFO - Setting next_dagrun for tutorial_taskflow_api_virtualenv to None, run_after=None
[2024-07-15T15:50:47.047+0000] {processor.py:183} INFO - Processing /home/airflow/.local/lib/python3.11/site-packages/airflow/example_dags/tutorial_taskflow_api_virtualenv.py took 0.108 seconds
[2024-07-15T15:50:51.676+0000] {processor.py:161} INFO - Started process (PID=23523) to work on /home/airflow/.local/lib/python3.11/site-packages/airflow/example_dags/tutorial_taskflow_api_virtualenv.py
[2024-07-15T15:50:51.678+0000] {processor.py:830} INFO - Processing file /home/airflow/.local/lib/python3.11/site-packages/airflow/example_dags/tutorial_taskflow_api_virtualenv.py for tasks to queue
[2024-07-15T15:50:51.680+0000] {logging_mixin.py:188} INFO - [2024-07-15T15:50:51.680+0000] {dagbag.py:545} INFO - Filling up the DagBag from /home/airflow/.local/lib/python3.11/site-packages/airflow/example_dags/tutorial_taskflow_api_virtualenv.py
[2024-07-15T15:50:51.692+0000] {processor.py:840} INFO - DAG(s) 'tutorial_taskflow_api_virtualenv' retrieved from /home/airflow/.local/lib/python3.11/site-packages/airflow/example_dags/tutorial_taskflow_api_virtualenv.py
[2024-07-15T15:50:51.717+0000] {logging_mixin.py:188} INFO - [2024-07-15T15:50:51.717+0000] {dag.py:3096} INFO - Sync 1 DAGs
[2024-07-15T15:50:51.731+0000] {logging_mixin.py:188} INFO - [2024-07-15T15:50:51.730+0000] {dag.py:3954} INFO - Setting next_dagrun for tutorial_taskflow_api_virtualenv to None, run_after=None
[2024-07-15T15:50:51.753+0000] {processor.py:183} INFO - Processing /home/airflow/.local/lib/python3.11/site-packages/airflow/example_dags/tutorial_taskflow_api_virtualenv.py took 0.084 seconds
[2024-07-15T15:50:57.164+0000] {processor.py:161} INFO - Started process (PID=23577) to work on /home/airflow/.local/lib/python3.11/site-packages/airflow/example_dags/tutorial_taskflow_api_virtualenv.py
[2024-07-15T15:50:57.165+0000] {processor.py:830} INFO - Processing file /home/airflow/.local/lib/python3.11/site-packages/airflow/example_dags/tutorial_taskflow_api_virtualenv.py for tasks to queue
[2024-07-15T15:50:57.168+0000] {logging_mixin.py:188} INFO - [2024-07-15T15:50:57.167+0000] {dagbag.py:545} INFO - Filling up the DagBag from /home/airflow/.local/lib/python3.11/site-packages/airflow/example_dags/tutorial_taskflow_api_virtualenv.py
[2024-07-15T15:50:57.180+0000] {processor.py:840} INFO - DAG(s) 'tutorial_taskflow_api_virtualenv' retrieved from /home/airflow/.local/lib/python3.11/site-packages/airflow/example_dags/tutorial_taskflow_api_virtualenv.py
[2024-07-15T15:50:57.230+0000] {logging_mixin.py:188} INFO - [2024-07-15T15:50:57.230+0000] {dag.py:3096} INFO - Sync 1 DAGs
[2024-07-15T15:50:57.244+0000] {logging_mixin.py:188} INFO - [2024-07-15T15:50:57.244+0000] {dag.py:3954} INFO - Setting next_dagrun for tutorial_taskflow_api_virtualenv to None, run_after=None
[2024-07-15T15:50:57.293+0000] {processor.py:183} INFO - Processing /home/airflow/.local/lib/python3.11/site-packages/airflow/example_dags/tutorial_taskflow_api_virtualenv.py took 0.137 seconds
[2024-07-15T15:51:02.333+0000] {processor.py:161} INFO - Started process (PID=23629) to work on /home/airflow/.local/lib/python3.11/site-packages/airflow/example_dags/tutorial_taskflow_api_virtualenv.py
[2024-07-15T15:51:02.334+0000] {processor.py:830} INFO - Processing file /home/airflow/.local/lib/python3.11/site-packages/airflow/example_dags/tutorial_taskflow_api_virtualenv.py for tasks to queue
[2024-07-15T15:51:02.336+0000] {logging_mixin.py:188} INFO - [2024-07-15T15:51:02.336+0000] {dagbag.py:545} INFO - Filling up the DagBag from /home/airflow/.local/lib/python3.11/site-packages/airflow/example_dags/tutorial_taskflow_api_virtualenv.py
[2024-07-15T15:51:02.348+0000] {processor.py:840} INFO - DAG(s) 'tutorial_taskflow_api_virtualenv' retrieved from /home/airflow/.local/lib/python3.11/site-packages/airflow/example_dags/tutorial_taskflow_api_virtualenv.py
[2024-07-15T15:51:02.371+0000] {logging_mixin.py:188} INFO - [2024-07-15T15:51:02.371+0000] {dag.py:3096} INFO - Sync 1 DAGs
[2024-07-15T15:51:02.385+0000] {logging_mixin.py:188} INFO - [2024-07-15T15:51:02.385+0000] {dag.py:3954} INFO - Setting next_dagrun for tutorial_taskflow_api_virtualenv to None, run_after=None
[2024-07-15T15:51:02.407+0000] {processor.py:183} INFO - Processing /home/airflow/.local/lib/python3.11/site-packages/airflow/example_dags/tutorial_taskflow_api_virtualenv.py took 0.082 seconds
[2024-07-15T15:51:07.560+0000] {processor.py:161} INFO - Started process (PID=23682) to work on /home/airflow/.local/lib/python3.11/site-packages/airflow/example_dags/tutorial_taskflow_api_virtualenv.py
[2024-07-15T15:51:07.563+0000] {processor.py:830} INFO - Processing file /home/airflow/.local/lib/python3.11/site-packages/airflow/example_dags/tutorial_taskflow_api_virtualenv.py for tasks to queue
[2024-07-15T15:51:07.565+0000] {logging_mixin.py:188} INFO - [2024-07-15T15:51:07.565+0000] {dagbag.py:545} INFO - Filling up the DagBag from /home/airflow/.local/lib/python3.11/site-packages/airflow/example_dags/tutorial_taskflow_api_virtualenv.py
[2024-07-15T15:51:07.580+0000] {processor.py:840} INFO - DAG(s) 'tutorial_taskflow_api_virtualenv' retrieved from /home/airflow/.local/lib/python3.11/site-packages/airflow/example_dags/tutorial_taskflow_api_virtualenv.py
[2024-07-15T15:51:07.611+0000] {logging_mixin.py:188} INFO - [2024-07-15T15:51:07.610+0000] {dag.py:3096} INFO - Sync 1 DAGs
[2024-07-15T15:51:07.631+0000] {logging_mixin.py:188} INFO - [2024-07-15T15:51:07.630+0000] {dag.py:3954} INFO - Setting next_dagrun for tutorial_taskflow_api_virtualenv to None, run_after=None
[2024-07-15T15:51:07.659+0000] {processor.py:183} INFO - Processing /home/airflow/.local/lib/python3.11/site-packages/airflow/example_dags/tutorial_taskflow_api_virtualenv.py took 0.109 seconds
[2024-07-15T15:51:12.685+0000] {processor.py:161} INFO - Started process (PID=23734) to work on /home/airflow/.local/lib/python3.11/site-packages/airflow/example_dags/tutorial_taskflow_api_virtualenv.py
[2024-07-15T15:51:12.686+0000] {processor.py:830} INFO - Processing file /home/airflow/.local/lib/python3.11/site-packages/airflow/example_dags/tutorial_taskflow_api_virtualenv.py for tasks to queue
[2024-07-15T15:51:12.689+0000] {logging_mixin.py:188} INFO - [2024-07-15T15:51:12.689+0000] {dagbag.py:545} INFO - Filling up the DagBag from /home/airflow/.local/lib/python3.11/site-packages/airflow/example_dags/tutorial_taskflow_api_virtualenv.py
[2024-07-15T15:51:12.707+0000] {processor.py:840} INFO - DAG(s) 'tutorial_taskflow_api_virtualenv' retrieved from /home/airflow/.local/lib/python3.11/site-packages/airflow/example_dags/tutorial_taskflow_api_virtualenv.py
[2024-07-15T15:51:12.736+0000] {logging_mixin.py:188} INFO - [2024-07-15T15:51:12.736+0000] {dag.py:3096} INFO - Sync 1 DAGs
[2024-07-15T15:51:12.753+0000] {logging_mixin.py:188} INFO - [2024-07-15T15:51:12.752+0000] {dag.py:3954} INFO - Setting next_dagrun for tutorial_taskflow_api_virtualenv to None, run_after=None
[2024-07-15T15:51:12.781+0000] {processor.py:183} INFO - Processing /home/airflow/.local/lib/python3.11/site-packages/airflow/example_dags/tutorial_taskflow_api_virtualenv.py took 0.107 seconds
[2024-07-15T15:51:17.114+0000] {processor.py:161} INFO - Started process (PID=23787) to work on /home/airflow/.local/lib/python3.11/site-packages/airflow/example_dags/tutorial_taskflow_api_virtualenv.py
[2024-07-15T15:51:17.116+0000] {processor.py:830} INFO - Processing file /home/airflow/.local/lib/python3.11/site-packages/airflow/example_dags/tutorial_taskflow_api_virtualenv.py for tasks to queue
[2024-07-15T15:51:17.118+0000] {logging_mixin.py:188} INFO - [2024-07-15T15:51:17.118+0000] {dagbag.py:545} INFO - Filling up the DagBag from /home/airflow/.local/lib/python3.11/site-packages/airflow/example_dags/tutorial_taskflow_api_virtualenv.py
[2024-07-15T15:51:17.130+0000] {processor.py:840} INFO - DAG(s) 'tutorial_taskflow_api_virtualenv' retrieved from /home/airflow/.local/lib/python3.11/site-packages/airflow/example_dags/tutorial_taskflow_api_virtualenv.py
[2024-07-15T15:51:17.155+0000] {logging_mixin.py:188} INFO - [2024-07-15T15:51:17.155+0000] {dag.py:3096} INFO - Sync 1 DAGs
[2024-07-15T15:51:17.169+0000] {logging_mixin.py:188} INFO - [2024-07-15T15:51:17.169+0000] {dag.py:3954} INFO - Setting next_dagrun for tutorial_taskflow_api_virtualenv to None, run_after=None
[2024-07-15T15:51:17.191+0000] {processor.py:183} INFO - Processing /home/airflow/.local/lib/python3.11/site-packages/airflow/example_dags/tutorial_taskflow_api_virtualenv.py took 0.085 seconds
[2024-07-15T15:51:22.714+0000] {processor.py:161} INFO - Started process (PID=23845) to work on /home/airflow/.local/lib/python3.11/site-packages/airflow/example_dags/tutorial_taskflow_api_virtualenv.py
[2024-07-15T15:51:22.716+0000] {processor.py:830} INFO - Processing file /home/airflow/.local/lib/python3.11/site-packages/airflow/example_dags/tutorial_taskflow_api_virtualenv.py for tasks to queue
[2024-07-15T15:51:22.718+0000] {logging_mixin.py:188} INFO - [2024-07-15T15:51:22.718+0000] {dagbag.py:545} INFO - Filling up the DagBag from /home/airflow/.local/lib/python3.11/site-packages/airflow/example_dags/tutorial_taskflow_api_virtualenv.py
[2024-07-15T15:51:22.731+0000] {processor.py:840} INFO - DAG(s) 'tutorial_taskflow_api_virtualenv' retrieved from /home/airflow/.local/lib/python3.11/site-packages/airflow/example_dags/tutorial_taskflow_api_virtualenv.py
[2024-07-15T15:51:22.774+0000] {logging_mixin.py:188} INFO - [2024-07-15T15:51:22.774+0000] {dag.py:3096} INFO - Sync 1 DAGs
[2024-07-15T15:51:22.812+0000] {logging_mixin.py:188} INFO - [2024-07-15T15:51:22.812+0000] {dag.py:3954} INFO - Setting next_dagrun for tutorial_taskflow_api_virtualenv to None, run_after=None
[2024-07-15T15:51:22.838+0000] {processor.py:183} INFO - Processing /home/airflow/.local/lib/python3.11/site-packages/airflow/example_dags/tutorial_taskflow_api_virtualenv.py took 0.134 seconds
[2024-07-15T15:52:55.240+0000] {processor.py:161} INFO - Started process (PID=24812) to work on /home/airflow/.local/lib/python3.11/site-packages/airflow/example_dags/tutorial_taskflow_api_virtualenv.py
[2024-07-15T15:52:55.244+0000] {processor.py:830} INFO - Processing file /home/airflow/.local/lib/python3.11/site-packages/airflow/example_dags/tutorial_taskflow_api_virtualenv.py for tasks to queue
[2024-07-15T15:52:55.248+0000] {logging_mixin.py:188} INFO - [2024-07-15T15:52:55.247+0000] {dagbag.py:545} INFO - Filling up the DagBag from /home/airflow/.local/lib/python3.11/site-packages/airflow/example_dags/tutorial_taskflow_api_virtualenv.py
[2024-07-15T15:52:55.270+0000] {processor.py:840} INFO - DAG(s) 'tutorial_taskflow_api_virtualenv' retrieved from /home/airflow/.local/lib/python3.11/site-packages/airflow/example_dags/tutorial_taskflow_api_virtualenv.py
[2024-07-15T15:52:55.335+0000] {logging_mixin.py:188} INFO - [2024-07-15T15:52:55.335+0000] {dag.py:3096} INFO - Sync 1 DAGs
[2024-07-15T15:52:55.361+0000] {logging_mixin.py:188} INFO - [2024-07-15T15:52:55.361+0000] {dag.py:3954} INFO - Setting next_dagrun for tutorial_taskflow_api_virtualenv to None, run_after=None
[2024-07-15T15:52:55.395+0000] {processor.py:183} INFO - Processing /home/airflow/.local/lib/python3.11/site-packages/airflow/example_dags/tutorial_taskflow_api_virtualenv.py took 0.170 seconds
[2024-07-15T15:53:04.482+0000] {processor.py:161} INFO - Started process (PID=24865) to work on /home/airflow/.local/lib/python3.11/site-packages/airflow/example_dags/tutorial_taskflow_api_virtualenv.py
[2024-07-15T15:53:04.483+0000] {processor.py:830} INFO - Processing file /home/airflow/.local/lib/python3.11/site-packages/airflow/example_dags/tutorial_taskflow_api_virtualenv.py for tasks to queue
[2024-07-15T15:53:04.487+0000] {logging_mixin.py:188} INFO - [2024-07-15T15:53:04.486+0000] {dagbag.py:545} INFO - Filling up the DagBag from /home/airflow/.local/lib/python3.11/site-packages/airflow/example_dags/tutorial_taskflow_api_virtualenv.py
[2024-07-15T15:53:04.504+0000] {processor.py:840} INFO - DAG(s) 'tutorial_taskflow_api_virtualenv' retrieved from /home/airflow/.local/lib/python3.11/site-packages/airflow/example_dags/tutorial_taskflow_api_virtualenv.py
[2024-07-15T15:53:04.541+0000] {logging_mixin.py:188} INFO - [2024-07-15T15:53:04.541+0000] {dag.py:3096} INFO - Sync 1 DAGs
[2024-07-15T15:53:04.568+0000] {logging_mixin.py:188} INFO - [2024-07-15T15:53:04.567+0000] {dag.py:3954} INFO - Setting next_dagrun for tutorial_taskflow_api_virtualenv to None, run_after=None
[2024-07-15T15:53:04.609+0000] {processor.py:183} INFO - Processing /home/airflow/.local/lib/python3.11/site-packages/airflow/example_dags/tutorial_taskflow_api_virtualenv.py took 0.137 seconds
[2024-07-15T15:53:09.598+0000] {processor.py:161} INFO - Started process (PID=24917) to work on /home/airflow/.local/lib/python3.11/site-packages/airflow/example_dags/tutorial_taskflow_api_virtualenv.py
[2024-07-15T15:53:09.600+0000] {processor.py:830} INFO - Processing file /home/airflow/.local/lib/python3.11/site-packages/airflow/example_dags/tutorial_taskflow_api_virtualenv.py for tasks to queue
[2024-07-15T15:53:09.602+0000] {logging_mixin.py:188} INFO - [2024-07-15T15:53:09.602+0000] {dagbag.py:545} INFO - Filling up the DagBag from /home/airflow/.local/lib/python3.11/site-packages/airflow/example_dags/tutorial_taskflow_api_virtualenv.py
[2024-07-15T15:53:09.615+0000] {processor.py:840} INFO - DAG(s) 'tutorial_taskflow_api_virtualenv' retrieved from /home/airflow/.local/lib/python3.11/site-packages/airflow/example_dags/tutorial_taskflow_api_virtualenv.py
[2024-07-15T15:53:09.640+0000] {logging_mixin.py:188} INFO - [2024-07-15T15:53:09.640+0000] {dag.py:3096} INFO - Sync 1 DAGs
[2024-07-15T15:53:09.656+0000] {logging_mixin.py:188} INFO - [2024-07-15T15:53:09.655+0000] {dag.py:3954} INFO - Setting next_dagrun for tutorial_taskflow_api_virtualenv to None, run_after=None
[2024-07-15T15:53:09.681+0000] {processor.py:183} INFO - Processing /home/airflow/.local/lib/python3.11/site-packages/airflow/example_dags/tutorial_taskflow_api_virtualenv.py took 0.092 seconds
[2024-07-15T15:53:14.946+0000] {processor.py:161} INFO - Started process (PID=24971) to work on /home/airflow/.local/lib/python3.11/site-packages/airflow/example_dags/tutorial_taskflow_api_virtualenv.py
[2024-07-15T15:53:14.948+0000] {processor.py:830} INFO - Processing file /home/airflow/.local/lib/python3.11/site-packages/airflow/example_dags/tutorial_taskflow_api_virtualenv.py for tasks to queue
[2024-07-15T15:53:14.951+0000] {logging_mixin.py:188} INFO - [2024-07-15T15:53:14.950+0000] {dagbag.py:545} INFO - Filling up the DagBag from /home/airflow/.local/lib/python3.11/site-packages/airflow/example_dags/tutorial_taskflow_api_virtualenv.py
[2024-07-15T15:53:14.965+0000] {processor.py:840} INFO - DAG(s) 'tutorial_taskflow_api_virtualenv' retrieved from /home/airflow/.local/lib/python3.11/site-packages/airflow/example_dags/tutorial_taskflow_api_virtualenv.py
[2024-07-15T15:53:14.991+0000] {logging_mixin.py:188} INFO - [2024-07-15T15:53:14.990+0000] {dag.py:3096} INFO - Sync 1 DAGs
[2024-07-15T15:53:15.014+0000] {logging_mixin.py:188} INFO - [2024-07-15T15:53:15.014+0000] {dag.py:3954} INFO - Setting next_dagrun for tutorial_taskflow_api_virtualenv to None, run_after=None
[2024-07-15T15:53:15.049+0000] {processor.py:183} INFO - Processing /home/airflow/.local/lib/python3.11/site-packages/airflow/example_dags/tutorial_taskflow_api_virtualenv.py took 0.114 seconds
[2024-07-15T15:53:20.193+0000] {processor.py:161} INFO - Started process (PID=25023) to work on /home/airflow/.local/lib/python3.11/site-packages/airflow/example_dags/tutorial_taskflow_api_virtualenv.py
[2024-07-15T15:53:20.195+0000] {processor.py:830} INFO - Processing file /home/airflow/.local/lib/python3.11/site-packages/airflow/example_dags/tutorial_taskflow_api_virtualenv.py for tasks to queue
[2024-07-15T15:53:20.197+0000] {logging_mixin.py:188} INFO - [2024-07-15T15:53:20.197+0000] {dagbag.py:545} INFO - Filling up the DagBag from /home/airflow/.local/lib/python3.11/site-packages/airflow/example_dags/tutorial_taskflow_api_virtualenv.py
[2024-07-15T15:53:20.210+0000] {processor.py:840} INFO - DAG(s) 'tutorial_taskflow_api_virtualenv' retrieved from /home/airflow/.local/lib/python3.11/site-packages/airflow/example_dags/tutorial_taskflow_api_virtualenv.py
[2024-07-15T15:53:20.235+0000] {logging_mixin.py:188} INFO - [2024-07-15T15:53:20.235+0000] {dag.py:3096} INFO - Sync 1 DAGs
[2024-07-15T15:53:20.250+0000] {logging_mixin.py:188} INFO - [2024-07-15T15:53:20.250+0000] {dag.py:3954} INFO - Setting next_dagrun for tutorial_taskflow_api_virtualenv to None, run_after=None
[2024-07-15T15:53:20.274+0000] {processor.py:183} INFO - Processing /home/airflow/.local/lib/python3.11/site-packages/airflow/example_dags/tutorial_taskflow_api_virtualenv.py took 0.088 seconds
[2024-07-15T15:53:24.871+0000] {processor.py:161} INFO - Started process (PID=25083) to work on /home/airflow/.local/lib/python3.11/site-packages/airflow/example_dags/tutorial_taskflow_api_virtualenv.py
[2024-07-15T15:53:24.872+0000] {processor.py:830} INFO - Processing file /home/airflow/.local/lib/python3.11/site-packages/airflow/example_dags/tutorial_taskflow_api_virtualenv.py for tasks to queue
[2024-07-15T15:53:24.875+0000] {logging_mixin.py:188} INFO - [2024-07-15T15:53:24.875+0000] {dagbag.py:545} INFO - Filling up the DagBag from /home/airflow/.local/lib/python3.11/site-packages/airflow/example_dags/tutorial_taskflow_api_virtualenv.py
[2024-07-15T15:53:24.890+0000] {processor.py:840} INFO - DAG(s) 'tutorial_taskflow_api_virtualenv' retrieved from /home/airflow/.local/lib/python3.11/site-packages/airflow/example_dags/tutorial_taskflow_api_virtualenv.py
[2024-07-15T15:53:24.918+0000] {logging_mixin.py:188} INFO - [2024-07-15T15:53:24.918+0000] {dag.py:3096} INFO - Sync 1 DAGs
[2024-07-15T15:53:24.938+0000] {logging_mixin.py:188} INFO - [2024-07-15T15:53:24.937+0000] {dag.py:3954} INFO - Setting next_dagrun for tutorial_taskflow_api_virtualenv to None, run_after=None
[2024-07-15T15:53:24.968+0000] {processor.py:183} INFO - Processing /home/airflow/.local/lib/python3.11/site-packages/airflow/example_dags/tutorial_taskflow_api_virtualenv.py took 0.107 seconds
[2024-07-15T15:53:29.967+0000] {processor.py:161} INFO - Started process (PID=25135) to work on /home/airflow/.local/lib/python3.11/site-packages/airflow/example_dags/tutorial_taskflow_api_virtualenv.py
[2024-07-15T15:53:29.968+0000] {processor.py:830} INFO - Processing file /home/airflow/.local/lib/python3.11/site-packages/airflow/example_dags/tutorial_taskflow_api_virtualenv.py for tasks to queue
[2024-07-15T15:53:29.971+0000] {logging_mixin.py:188} INFO - [2024-07-15T15:53:29.971+0000] {dagbag.py:545} INFO - Filling up the DagBag from /home/airflow/.local/lib/python3.11/site-packages/airflow/example_dags/tutorial_taskflow_api_virtualenv.py
[2024-07-15T15:53:29.987+0000] {processor.py:840} INFO - DAG(s) 'tutorial_taskflow_api_virtualenv' retrieved from /home/airflow/.local/lib/python3.11/site-packages/airflow/example_dags/tutorial_taskflow_api_virtualenv.py
[2024-07-15T15:53:30.016+0000] {logging_mixin.py:188} INFO - [2024-07-15T15:53:30.016+0000] {dag.py:3096} INFO - Sync 1 DAGs
[2024-07-15T15:53:30.036+0000] {logging_mixin.py:188} INFO - [2024-07-15T15:53:30.036+0000] {dag.py:3954} INFO - Setting next_dagrun for tutorial_taskflow_api_virtualenv to None, run_after=None
[2024-07-15T15:53:30.062+0000] {processor.py:183} INFO - Processing /home/airflow/.local/lib/python3.11/site-packages/airflow/example_dags/tutorial_taskflow_api_virtualenv.py took 0.105 seconds
[2024-07-15T15:53:35.696+0000] {processor.py:161} INFO - Started process (PID=25189) to work on /home/airflow/.local/lib/python3.11/site-packages/airflow/example_dags/tutorial_taskflow_api_virtualenv.py
[2024-07-15T15:53:35.698+0000] {processor.py:830} INFO - Processing file /home/airflow/.local/lib/python3.11/site-packages/airflow/example_dags/tutorial_taskflow_api_virtualenv.py for tasks to queue
[2024-07-15T15:53:35.702+0000] {logging_mixin.py:188} INFO - [2024-07-15T15:53:35.701+0000] {dagbag.py:545} INFO - Filling up the DagBag from /home/airflow/.local/lib/python3.11/site-packages/airflow/example_dags/tutorial_taskflow_api_virtualenv.py
[2024-07-15T15:53:35.721+0000] {processor.py:840} INFO - DAG(s) 'tutorial_taskflow_api_virtualenv' retrieved from /home/airflow/.local/lib/python3.11/site-packages/airflow/example_dags/tutorial_taskflow_api_virtualenv.py
[2024-07-15T15:53:35.754+0000] {logging_mixin.py:188} INFO - [2024-07-15T15:53:35.754+0000] {dag.py:3096} INFO - Sync 1 DAGs
[2024-07-15T15:53:35.772+0000] {logging_mixin.py:188} INFO - [2024-07-15T15:53:35.772+0000] {dag.py:3954} INFO - Setting next_dagrun for tutorial_taskflow_api_virtualenv to None, run_after=None
[2024-07-15T15:53:35.802+0000] {processor.py:183} INFO - Processing /home/airflow/.local/lib/python3.11/site-packages/airflow/example_dags/tutorial_taskflow_api_virtualenv.py took 0.116 seconds
[2024-07-15T15:53:40.791+0000] {processor.py:161} INFO - Started process (PID=25241) to work on /home/airflow/.local/lib/python3.11/site-packages/airflow/example_dags/tutorial_taskflow_api_virtualenv.py
[2024-07-15T15:53:40.792+0000] {processor.py:830} INFO - Processing file /home/airflow/.local/lib/python3.11/site-packages/airflow/example_dags/tutorial_taskflow_api_virtualenv.py for tasks to queue
[2024-07-15T15:53:40.795+0000] {logging_mixin.py:188} INFO - [2024-07-15T15:53:40.795+0000] {dagbag.py:545} INFO - Filling up the DagBag from /home/airflow/.local/lib/python3.11/site-packages/airflow/example_dags/tutorial_taskflow_api_virtualenv.py
[2024-07-15T15:53:40.811+0000] {processor.py:840} INFO - DAG(s) 'tutorial_taskflow_api_virtualenv' retrieved from /home/airflow/.local/lib/python3.11/site-packages/airflow/example_dags/tutorial_taskflow_api_virtualenv.py
[2024-07-15T15:53:40.841+0000] {logging_mixin.py:188} INFO - [2024-07-15T15:53:40.841+0000] {dag.py:3096} INFO - Sync 1 DAGs
[2024-07-15T15:53:40.863+0000] {logging_mixin.py:188} INFO - [2024-07-15T15:53:40.863+0000] {dag.py:3954} INFO - Setting next_dagrun for tutorial_taskflow_api_virtualenv to None, run_after=None
[2024-07-15T15:53:40.901+0000] {processor.py:183} INFO - Processing /home/airflow/.local/lib/python3.11/site-packages/airflow/example_dags/tutorial_taskflow_api_virtualenv.py took 0.119 seconds
[2024-07-15T15:53:45.851+0000] {processor.py:161} INFO - Started process (PID=25295) to work on /home/airflow/.local/lib/python3.11/site-packages/airflow/example_dags/tutorial_taskflow_api_virtualenv.py
[2024-07-15T15:53:45.852+0000] {processor.py:830} INFO - Processing file /home/airflow/.local/lib/python3.11/site-packages/airflow/example_dags/tutorial_taskflow_api_virtualenv.py for tasks to queue
[2024-07-15T15:53:45.855+0000] {logging_mixin.py:188} INFO - [2024-07-15T15:53:45.854+0000] {dagbag.py:545} INFO - Filling up the DagBag from /home/airflow/.local/lib/python3.11/site-packages/airflow/example_dags/tutorial_taskflow_api_virtualenv.py
[2024-07-15T15:53:45.867+0000] {processor.py:840} INFO - DAG(s) 'tutorial_taskflow_api_virtualenv' retrieved from /home/airflow/.local/lib/python3.11/site-packages/airflow/example_dags/tutorial_taskflow_api_virtualenv.py
[2024-07-15T15:53:45.891+0000] {logging_mixin.py:188} INFO - [2024-07-15T15:53:45.891+0000] {dag.py:3096} INFO - Sync 1 DAGs
[2024-07-15T15:53:45.906+0000] {logging_mixin.py:188} INFO - [2024-07-15T15:53:45.906+0000] {dag.py:3954} INFO - Setting next_dagrun for tutorial_taskflow_api_virtualenv to None, run_after=None
[2024-07-15T15:53:45.930+0000] {processor.py:183} INFO - Processing /home/airflow/.local/lib/python3.11/site-packages/airflow/example_dags/tutorial_taskflow_api_virtualenv.py took 0.086 seconds
[2024-07-15T15:53:52.125+0000] {processor.py:161} INFO - Started process (PID=25353) to work on /home/airflow/.local/lib/python3.11/site-packages/airflow/example_dags/tutorial_taskflow_api_virtualenv.py
[2024-07-15T15:53:52.127+0000] {processor.py:830} INFO - Processing file /home/airflow/.local/lib/python3.11/site-packages/airflow/example_dags/tutorial_taskflow_api_virtualenv.py for tasks to queue
[2024-07-15T15:53:52.130+0000] {logging_mixin.py:188} INFO - [2024-07-15T15:53:52.129+0000] {dagbag.py:545} INFO - Filling up the DagBag from /home/airflow/.local/lib/python3.11/site-packages/airflow/example_dags/tutorial_taskflow_api_virtualenv.py
[2024-07-15T15:53:52.149+0000] {processor.py:840} INFO - DAG(s) 'tutorial_taskflow_api_virtualenv' retrieved from /home/airflow/.local/lib/python3.11/site-packages/airflow/example_dags/tutorial_taskflow_api_virtualenv.py
[2024-07-15T15:53:52.180+0000] {logging_mixin.py:188} INFO - [2024-07-15T15:53:52.180+0000] {dag.py:3096} INFO - Sync 1 DAGs
[2024-07-15T15:53:52.199+0000] {logging_mixin.py:188} INFO - [2024-07-15T15:53:52.199+0000] {dag.py:3954} INFO - Setting next_dagrun for tutorial_taskflow_api_virtualenv to None, run_after=None
[2024-07-15T15:53:52.226+0000] {processor.py:183} INFO - Processing /home/airflow/.local/lib/python3.11/site-packages/airflow/example_dags/tutorial_taskflow_api_virtualenv.py took 0.110 seconds
[2024-07-15T15:53:57.902+0000] {processor.py:161} INFO - Started process (PID=25406) to work on /home/airflow/.local/lib/python3.11/site-packages/airflow/example_dags/tutorial_taskflow_api_virtualenv.py
[2024-07-15T15:53:57.904+0000] {processor.py:830} INFO - Processing file /home/airflow/.local/lib/python3.11/site-packages/airflow/example_dags/tutorial_taskflow_api_virtualenv.py for tasks to queue
[2024-07-15T15:53:57.906+0000] {logging_mixin.py:188} INFO - [2024-07-15T15:53:57.906+0000] {dagbag.py:545} INFO - Filling up the DagBag from /home/airflow/.local/lib/python3.11/site-packages/airflow/example_dags/tutorial_taskflow_api_virtualenv.py
[2024-07-15T15:53:57.920+0000] {processor.py:840} INFO - DAG(s) 'tutorial_taskflow_api_virtualenv' retrieved from /home/airflow/.local/lib/python3.11/site-packages/airflow/example_dags/tutorial_taskflow_api_virtualenv.py
[2024-07-15T15:53:57.950+0000] {logging_mixin.py:188} INFO - [2024-07-15T15:53:57.949+0000] {dag.py:3096} INFO - Sync 1 DAGs
[2024-07-15T15:53:57.966+0000] {logging_mixin.py:188} INFO - [2024-07-15T15:53:57.966+0000] {dag.py:3954} INFO - Setting next_dagrun for tutorial_taskflow_api_virtualenv to None, run_after=None
[2024-07-15T15:53:57.992+0000] {processor.py:183} INFO - Processing /home/airflow/.local/lib/python3.11/site-packages/airflow/example_dags/tutorial_taskflow_api_virtualenv.py took 0.097 seconds
[2024-07-15T15:54:03.112+0000] {processor.py:161} INFO - Started process (PID=25458) to work on /home/airflow/.local/lib/python3.11/site-packages/airflow/example_dags/tutorial_taskflow_api_virtualenv.py
[2024-07-15T15:54:03.114+0000] {processor.py:830} INFO - Processing file /home/airflow/.local/lib/python3.11/site-packages/airflow/example_dags/tutorial_taskflow_api_virtualenv.py for tasks to queue
[2024-07-15T15:54:03.120+0000] {logging_mixin.py:188} INFO - [2024-07-15T15:54:03.119+0000] {dagbag.py:545} INFO - Filling up the DagBag from /home/airflow/.local/lib/python3.11/site-packages/airflow/example_dags/tutorial_taskflow_api_virtualenv.py
[2024-07-15T15:54:03.136+0000] {processor.py:840} INFO - DAG(s) 'tutorial_taskflow_api_virtualenv' retrieved from /home/airflow/.local/lib/python3.11/site-packages/airflow/example_dags/tutorial_taskflow_api_virtualenv.py
[2024-07-15T15:54:03.169+0000] {logging_mixin.py:188} INFO - [2024-07-15T15:54:03.169+0000] {dag.py:3096} INFO - Sync 1 DAGs
[2024-07-15T15:54:03.197+0000] {logging_mixin.py:188} INFO - [2024-07-15T15:54:03.196+0000] {dag.py:3954} INFO - Setting next_dagrun for tutorial_taskflow_api_virtualenv to None, run_after=None
[2024-07-15T15:54:03.224+0000] {processor.py:183} INFO - Processing /home/airflow/.local/lib/python3.11/site-packages/airflow/example_dags/tutorial_taskflow_api_virtualenv.py took 0.131 seconds
[2024-07-15T15:54:09.309+0000] {processor.py:161} INFO - Started process (PID=25512) to work on /home/airflow/.local/lib/python3.11/site-packages/airflow/example_dags/tutorial_taskflow_api_virtualenv.py
[2024-07-15T15:54:09.310+0000] {processor.py:830} INFO - Processing file /home/airflow/.local/lib/python3.11/site-packages/airflow/example_dags/tutorial_taskflow_api_virtualenv.py for tasks to queue
[2024-07-15T15:54:09.313+0000] {logging_mixin.py:188} INFO - [2024-07-15T15:54:09.312+0000] {dagbag.py:545} INFO - Filling up the DagBag from /home/airflow/.local/lib/python3.11/site-packages/airflow/example_dags/tutorial_taskflow_api_virtualenv.py
[2024-07-15T15:54:09.327+0000] {processor.py:840} INFO - DAG(s) 'tutorial_taskflow_api_virtualenv' retrieved from /home/airflow/.local/lib/python3.11/site-packages/airflow/example_dags/tutorial_taskflow_api_virtualenv.py
[2024-07-15T15:54:09.355+0000] {logging_mixin.py:188} INFO - [2024-07-15T15:54:09.355+0000] {dag.py:3096} INFO - Sync 1 DAGs
[2024-07-15T15:54:09.370+0000] {logging_mixin.py:188} INFO - [2024-07-15T15:54:09.370+0000] {dag.py:3954} INFO - Setting next_dagrun for tutorial_taskflow_api_virtualenv to None, run_after=None
[2024-07-15T15:54:09.392+0000] {processor.py:183} INFO - Processing /home/airflow/.local/lib/python3.11/site-packages/airflow/example_dags/tutorial_taskflow_api_virtualenv.py took 0.092 seconds
[2024-07-15T15:54:15.353+0000] {processor.py:161} INFO - Started process (PID=25564) to work on /home/airflow/.local/lib/python3.11/site-packages/airflow/example_dags/tutorial_taskflow_api_virtualenv.py
[2024-07-15T15:54:15.354+0000] {processor.py:830} INFO - Processing file /home/airflow/.local/lib/python3.11/site-packages/airflow/example_dags/tutorial_taskflow_api_virtualenv.py for tasks to queue
[2024-07-15T15:54:15.357+0000] {logging_mixin.py:188} INFO - [2024-07-15T15:54:15.356+0000] {dagbag.py:545} INFO - Filling up the DagBag from /home/airflow/.local/lib/python3.11/site-packages/airflow/example_dags/tutorial_taskflow_api_virtualenv.py
[2024-07-15T15:54:15.405+0000] {processor.py:840} INFO - DAG(s) 'tutorial_taskflow_api_virtualenv' retrieved from /home/airflow/.local/lib/python3.11/site-packages/airflow/example_dags/tutorial_taskflow_api_virtualenv.py
[2024-07-15T15:54:15.465+0000] {logging_mixin.py:188} INFO - [2024-07-15T15:54:15.465+0000] {dag.py:3096} INFO - Sync 1 DAGs
[2024-07-15T15:54:15.488+0000] {logging_mixin.py:188} INFO - [2024-07-15T15:54:15.487+0000] {dag.py:3954} INFO - Setting next_dagrun for tutorial_taskflow_api_virtualenv to None, run_after=None
[2024-07-15T15:54:15.515+0000] {processor.py:183} INFO - Processing /home/airflow/.local/lib/python3.11/site-packages/airflow/example_dags/tutorial_taskflow_api_virtualenv.py took 0.175 seconds
[2024-07-15T15:54:20.291+0000] {processor.py:161} INFO - Started process (PID=25617) to work on /home/airflow/.local/lib/python3.11/site-packages/airflow/example_dags/tutorial_taskflow_api_virtualenv.py
[2024-07-15T15:54:20.292+0000] {processor.py:830} INFO - Processing file /home/airflow/.local/lib/python3.11/site-packages/airflow/example_dags/tutorial_taskflow_api_virtualenv.py for tasks to queue
[2024-07-15T15:54:20.295+0000] {logging_mixin.py:188} INFO - [2024-07-15T15:54:20.294+0000] {dagbag.py:545} INFO - Filling up the DagBag from /home/airflow/.local/lib/python3.11/site-packages/airflow/example_dags/tutorial_taskflow_api_virtualenv.py
[2024-07-15T15:54:20.311+0000] {processor.py:840} INFO - DAG(s) 'tutorial_taskflow_api_virtualenv' retrieved from /home/airflow/.local/lib/python3.11/site-packages/airflow/example_dags/tutorial_taskflow_api_virtualenv.py
[2024-07-15T15:54:20.341+0000] {logging_mixin.py:188} INFO - [2024-07-15T15:54:20.340+0000] {dag.py:3096} INFO - Sync 1 DAGs
[2024-07-15T15:54:20.363+0000] {logging_mixin.py:188} INFO - [2024-07-15T15:54:20.363+0000] {dag.py:3954} INFO - Setting next_dagrun for tutorial_taskflow_api_virtualenv to None, run_after=None
[2024-07-15T15:54:20.395+0000] {processor.py:183} INFO - Processing /home/airflow/.local/lib/python3.11/site-packages/airflow/example_dags/tutorial_taskflow_api_virtualenv.py took 0.113 seconds
[2024-07-15T15:54:26.914+0000] {processor.py:161} INFO - Started process (PID=25675) to work on /home/airflow/.local/lib/python3.11/site-packages/airflow/example_dags/tutorial_taskflow_api_virtualenv.py
[2024-07-15T15:54:26.916+0000] {processor.py:830} INFO - Processing file /home/airflow/.local/lib/python3.11/site-packages/airflow/example_dags/tutorial_taskflow_api_virtualenv.py for tasks to queue
[2024-07-15T15:54:26.920+0000] {logging_mixin.py:188} INFO - [2024-07-15T15:54:26.919+0000] {dagbag.py:545} INFO - Filling up the DagBag from /home/airflow/.local/lib/python3.11/site-packages/airflow/example_dags/tutorial_taskflow_api_virtualenv.py
[2024-07-15T15:54:26.947+0000] {processor.py:840} INFO - DAG(s) 'tutorial_taskflow_api_virtualenv' retrieved from /home/airflow/.local/lib/python3.11/site-packages/airflow/example_dags/tutorial_taskflow_api_virtualenv.py
[2024-07-15T15:54:26.998+0000] {logging_mixin.py:188} INFO - [2024-07-15T15:54:26.998+0000] {dag.py:3096} INFO - Sync 1 DAGs
[2024-07-15T15:54:27.039+0000] {logging_mixin.py:188} INFO - [2024-07-15T15:54:27.039+0000] {dag.py:3954} INFO - Setting next_dagrun for tutorial_taskflow_api_virtualenv to None, run_after=None
[2024-07-15T15:54:27.095+0000] {processor.py:183} INFO - Processing /home/airflow/.local/lib/python3.11/site-packages/airflow/example_dags/tutorial_taskflow_api_virtualenv.py took 0.193 seconds
[2024-07-15T15:54:37.937+0000] {processor.py:161} INFO - Started process (PID=25728) to work on /home/airflow/.local/lib/python3.11/site-packages/airflow/example_dags/tutorial_taskflow_api_virtualenv.py
[2024-07-15T15:54:37.939+0000] {processor.py:830} INFO - Processing file /home/airflow/.local/lib/python3.11/site-packages/airflow/example_dags/tutorial_taskflow_api_virtualenv.py for tasks to queue
[2024-07-15T15:54:37.945+0000] {logging_mixin.py:188} INFO - [2024-07-15T15:54:37.944+0000] {dagbag.py:545} INFO - Filling up the DagBag from /home/airflow/.local/lib/python3.11/site-packages/airflow/example_dags/tutorial_taskflow_api_virtualenv.py
[2024-07-15T15:54:37.972+0000] {processor.py:840} INFO - DAG(s) 'tutorial_taskflow_api_virtualenv' retrieved from /home/airflow/.local/lib/python3.11/site-packages/airflow/example_dags/tutorial_taskflow_api_virtualenv.py
[2024-07-15T15:54:38.031+0000] {logging_mixin.py:188} INFO - [2024-07-15T15:54:38.030+0000] {dag.py:3096} INFO - Sync 1 DAGs
[2024-07-15T15:54:38.066+0000] {logging_mixin.py:188} INFO - [2024-07-15T15:54:38.066+0000] {dag.py:3954} INFO - Setting next_dagrun for tutorial_taskflow_api_virtualenv to None, run_after=None
[2024-07-15T15:54:38.535+0000] {processor.py:183} INFO - Processing /home/airflow/.local/lib/python3.11/site-packages/airflow/example_dags/tutorial_taskflow_api_virtualenv.py took 0.622 seconds
[2024-07-15T15:54:46.881+0000] {processor.py:161} INFO - Started process (PID=25780) to work on /home/airflow/.local/lib/python3.11/site-packages/airflow/example_dags/tutorial_taskflow_api_virtualenv.py
[2024-07-15T15:54:46.883+0000] {processor.py:830} INFO - Processing file /home/airflow/.local/lib/python3.11/site-packages/airflow/example_dags/tutorial_taskflow_api_virtualenv.py for tasks to queue
[2024-07-15T15:54:46.887+0000] {logging_mixin.py:188} INFO - [2024-07-15T15:54:46.886+0000] {dagbag.py:545} INFO - Filling up the DagBag from /home/airflow/.local/lib/python3.11/site-packages/airflow/example_dags/tutorial_taskflow_api_virtualenv.py
[2024-07-15T15:54:46.905+0000] {processor.py:840} INFO - DAG(s) 'tutorial_taskflow_api_virtualenv' retrieved from /home/airflow/.local/lib/python3.11/site-packages/airflow/example_dags/tutorial_taskflow_api_virtualenv.py
[2024-07-15T15:54:46.936+0000] {logging_mixin.py:188} INFO - [2024-07-15T15:54:46.936+0000] {dag.py:3096} INFO - Sync 1 DAGs
[2024-07-15T15:54:46.954+0000] {logging_mixin.py:188} INFO - [2024-07-15T15:54:46.954+0000] {dag.py:3954} INFO - Setting next_dagrun for tutorial_taskflow_api_virtualenv to None, run_after=None
[2024-07-15T15:54:46.987+0000] {processor.py:183} INFO - Processing /home/airflow/.local/lib/python3.11/site-packages/airflow/example_dags/tutorial_taskflow_api_virtualenv.py took 0.116 seconds
[2024-07-15T15:54:57.123+0000] {processor.py:161} INFO - Started process (PID=25840) to work on /home/airflow/.local/lib/python3.11/site-packages/airflow/example_dags/tutorial_taskflow_api_virtualenv.py
[2024-07-15T15:54:57.126+0000] {processor.py:830} INFO - Processing file /home/airflow/.local/lib/python3.11/site-packages/airflow/example_dags/tutorial_taskflow_api_virtualenv.py for tasks to queue
[2024-07-15T15:54:57.130+0000] {logging_mixin.py:188} INFO - [2024-07-15T15:54:57.129+0000] {dagbag.py:545} INFO - Filling up the DagBag from /home/airflow/.local/lib/python3.11/site-packages/airflow/example_dags/tutorial_taskflow_api_virtualenv.py
[2024-07-15T15:54:57.149+0000] {processor.py:840} INFO - DAG(s) 'tutorial_taskflow_api_virtualenv' retrieved from /home/airflow/.local/lib/python3.11/site-packages/airflow/example_dags/tutorial_taskflow_api_virtualenv.py
[2024-07-15T15:54:57.194+0000] {logging_mixin.py:188} INFO - [2024-07-15T15:54:57.193+0000] {dag.py:3096} INFO - Sync 1 DAGs
[2024-07-15T15:54:57.222+0000] {logging_mixin.py:188} INFO - [2024-07-15T15:54:57.221+0000] {dag.py:3954} INFO - Setting next_dagrun for tutorial_taskflow_api_virtualenv to None, run_after=None
[2024-07-15T15:54:57.266+0000] {processor.py:183} INFO - Processing /home/airflow/.local/lib/python3.11/site-packages/airflow/example_dags/tutorial_taskflow_api_virtualenv.py took 0.159 seconds
[2024-07-15T15:55:09.230+0000] {processor.py:161} INFO - Started process (PID=25892) to work on /home/airflow/.local/lib/python3.11/site-packages/airflow/example_dags/tutorial_taskflow_api_virtualenv.py
[2024-07-15T15:55:09.233+0000] {processor.py:830} INFO - Processing file /home/airflow/.local/lib/python3.11/site-packages/airflow/example_dags/tutorial_taskflow_api_virtualenv.py for tasks to queue
[2024-07-15T15:55:09.237+0000] {logging_mixin.py:188} INFO - [2024-07-15T15:55:09.237+0000] {dagbag.py:545} INFO - Filling up the DagBag from /home/airflow/.local/lib/python3.11/site-packages/airflow/example_dags/tutorial_taskflow_api_virtualenv.py
[2024-07-15T15:55:09.258+0000] {processor.py:840} INFO - DAG(s) 'tutorial_taskflow_api_virtualenv' retrieved from /home/airflow/.local/lib/python3.11/site-packages/airflow/example_dags/tutorial_taskflow_api_virtualenv.py
[2024-07-15T15:55:09.297+0000] {logging_mixin.py:188} INFO - [2024-07-15T15:55:09.297+0000] {dag.py:3096} INFO - Sync 1 DAGs
[2024-07-15T15:55:09.667+0000] {logging_mixin.py:188} INFO - [2024-07-15T15:55:09.667+0000] {dag.py:3954} INFO - Setting next_dagrun for tutorial_taskflow_api_virtualenv to None, run_after=None
[2024-07-15T15:55:09.703+0000] {processor.py:183} INFO - Processing /home/airflow/.local/lib/python3.11/site-packages/airflow/example_dags/tutorial_taskflow_api_virtualenv.py took 0.484 seconds
[2024-07-15T15:55:21.111+0000] {processor.py:161} INFO - Started process (PID=25945) to work on /home/airflow/.local/lib/python3.11/site-packages/airflow/example_dags/tutorial_taskflow_api_virtualenv.py
[2024-07-15T15:55:21.113+0000] {processor.py:830} INFO - Processing file /home/airflow/.local/lib/python3.11/site-packages/airflow/example_dags/tutorial_taskflow_api_virtualenv.py for tasks to queue
[2024-07-15T15:55:21.116+0000] {logging_mixin.py:188} INFO - [2024-07-15T15:55:21.115+0000] {dagbag.py:545} INFO - Filling up the DagBag from /home/airflow/.local/lib/python3.11/site-packages/airflow/example_dags/tutorial_taskflow_api_virtualenv.py
[2024-07-15T15:55:21.142+0000] {processor.py:840} INFO - DAG(s) 'tutorial_taskflow_api_virtualenv' retrieved from /home/airflow/.local/lib/python3.11/site-packages/airflow/example_dags/tutorial_taskflow_api_virtualenv.py
[2024-07-15T15:55:21.175+0000] {logging_mixin.py:188} INFO - [2024-07-15T15:55:21.175+0000] {dag.py:3096} INFO - Sync 1 DAGs
[2024-07-15T15:55:21.201+0000] {logging_mixin.py:188} INFO - [2024-07-15T15:55:21.201+0000] {dag.py:3954} INFO - Setting next_dagrun for tutorial_taskflow_api_virtualenv to None, run_after=None
[2024-07-15T15:55:21.232+0000] {processor.py:183} INFO - Processing /home/airflow/.local/lib/python3.11/site-packages/airflow/example_dags/tutorial_taskflow_api_virtualenv.py took 0.133 seconds
[2024-07-15T15:55:31.581+0000] {processor.py:161} INFO - Started process (PID=26003) to work on /home/airflow/.local/lib/python3.11/site-packages/airflow/example_dags/tutorial_taskflow_api_virtualenv.py
[2024-07-15T15:55:31.583+0000] {processor.py:830} INFO - Processing file /home/airflow/.local/lib/python3.11/site-packages/airflow/example_dags/tutorial_taskflow_api_virtualenv.py for tasks to queue
[2024-07-15T15:55:31.586+0000] {logging_mixin.py:188} INFO - [2024-07-15T15:55:31.586+0000] {dagbag.py:545} INFO - Filling up the DagBag from /home/airflow/.local/lib/python3.11/site-packages/airflow/example_dags/tutorial_taskflow_api_virtualenv.py
[2024-07-15T15:55:31.799+0000] {processor.py:840} INFO - DAG(s) 'tutorial_taskflow_api_virtualenv' retrieved from /home/airflow/.local/lib/python3.11/site-packages/airflow/example_dags/tutorial_taskflow_api_virtualenv.py
[2024-07-15T15:55:31.825+0000] {logging_mixin.py:188} INFO - [2024-07-15T15:55:31.825+0000] {dag.py:3096} INFO - Sync 1 DAGs
[2024-07-15T15:55:31.840+0000] {logging_mixin.py:188} INFO - [2024-07-15T15:55:31.840+0000] {dag.py:3954} INFO - Setting next_dagrun for tutorial_taskflow_api_virtualenv to None, run_after=None
[2024-07-15T15:55:31.866+0000] {processor.py:183} INFO - Processing /home/airflow/.local/lib/python3.11/site-packages/airflow/example_dags/tutorial_taskflow_api_virtualenv.py took 0.299 seconds
[2024-07-15T15:55:38.817+0000] {processor.py:161} INFO - Started process (PID=26056) to work on /home/airflow/.local/lib/python3.11/site-packages/airflow/example_dags/tutorial_taskflow_api_virtualenv.py
[2024-07-15T15:55:38.819+0000] {processor.py:830} INFO - Processing file /home/airflow/.local/lib/python3.11/site-packages/airflow/example_dags/tutorial_taskflow_api_virtualenv.py for tasks to queue
[2024-07-15T15:55:38.823+0000] {logging_mixin.py:188} INFO - [2024-07-15T15:55:38.822+0000] {dagbag.py:545} INFO - Filling up the DagBag from /home/airflow/.local/lib/python3.11/site-packages/airflow/example_dags/tutorial_taskflow_api_virtualenv.py
[2024-07-15T15:55:38.846+0000] {processor.py:840} INFO - DAG(s) 'tutorial_taskflow_api_virtualenv' retrieved from /home/airflow/.local/lib/python3.11/site-packages/airflow/example_dags/tutorial_taskflow_api_virtualenv.py
[2024-07-15T15:55:38.885+0000] {logging_mixin.py:188} INFO - [2024-07-15T15:55:38.885+0000] {dag.py:3096} INFO - Sync 1 DAGs
[2024-07-15T15:55:38.916+0000] {logging_mixin.py:188} INFO - [2024-07-15T15:55:38.915+0000] {dag.py:3954} INFO - Setting next_dagrun for tutorial_taskflow_api_virtualenv to None, run_after=None
[2024-07-15T15:55:38.958+0000] {processor.py:183} INFO - Processing /home/airflow/.local/lib/python3.11/site-packages/airflow/example_dags/tutorial_taskflow_api_virtualenv.py took 0.154 seconds
[2024-07-15T15:55:44.684+0000] {processor.py:161} INFO - Started process (PID=26108) to work on /home/airflow/.local/lib/python3.11/site-packages/airflow/example_dags/tutorial_taskflow_api_virtualenv.py
[2024-07-15T15:55:44.686+0000] {processor.py:830} INFO - Processing file /home/airflow/.local/lib/python3.11/site-packages/airflow/example_dags/tutorial_taskflow_api_virtualenv.py for tasks to queue
[2024-07-15T15:55:44.690+0000] {logging_mixin.py:188} INFO - [2024-07-15T15:55:44.690+0000] {dagbag.py:545} INFO - Filling up the DagBag from /home/airflow/.local/lib/python3.11/site-packages/airflow/example_dags/tutorial_taskflow_api_virtualenv.py
[2024-07-15T15:55:44.713+0000] {processor.py:840} INFO - DAG(s) 'tutorial_taskflow_api_virtualenv' retrieved from /home/airflow/.local/lib/python3.11/site-packages/airflow/example_dags/tutorial_taskflow_api_virtualenv.py
[2024-07-15T15:55:44.751+0000] {logging_mixin.py:188} INFO - [2024-07-15T15:55:44.751+0000] {dag.py:3096} INFO - Sync 1 DAGs
[2024-07-15T15:55:44.776+0000] {logging_mixin.py:188} INFO - [2024-07-15T15:55:44.775+0000] {dag.py:3954} INFO - Setting next_dagrun for tutorial_taskflow_api_virtualenv to None, run_after=None
[2024-07-15T15:55:44.811+0000] {processor.py:183} INFO - Processing /home/airflow/.local/lib/python3.11/site-packages/airflow/example_dags/tutorial_taskflow_api_virtualenv.py took 0.139 seconds
[2024-07-15T15:55:51.382+0000] {processor.py:161} INFO - Started process (PID=26161) to work on /home/airflow/.local/lib/python3.11/site-packages/airflow/example_dags/tutorial_taskflow_api_virtualenv.py
[2024-07-15T15:55:51.384+0000] {processor.py:830} INFO - Processing file /home/airflow/.local/lib/python3.11/site-packages/airflow/example_dags/tutorial_taskflow_api_virtualenv.py for tasks to queue
[2024-07-15T15:55:51.387+0000] {logging_mixin.py:188} INFO - [2024-07-15T15:55:51.386+0000] {dagbag.py:545} INFO - Filling up the DagBag from /home/airflow/.local/lib/python3.11/site-packages/airflow/example_dags/tutorial_taskflow_api_virtualenv.py
[2024-07-15T15:55:51.405+0000] {processor.py:840} INFO - DAG(s) 'tutorial_taskflow_api_virtualenv' retrieved from /home/airflow/.local/lib/python3.11/site-packages/airflow/example_dags/tutorial_taskflow_api_virtualenv.py
[2024-07-15T15:55:51.438+0000] {logging_mixin.py:188} INFO - [2024-07-15T15:55:51.438+0000] {dag.py:3096} INFO - Sync 1 DAGs
[2024-07-15T15:55:51.461+0000] {logging_mixin.py:188} INFO - [2024-07-15T15:55:51.461+0000] {dag.py:3954} INFO - Setting next_dagrun for tutorial_taskflow_api_virtualenv to None, run_after=None
[2024-07-15T15:55:51.500+0000] {processor.py:183} INFO - Processing /home/airflow/.local/lib/python3.11/site-packages/airflow/example_dags/tutorial_taskflow_api_virtualenv.py took 0.131 seconds
[2024-07-15T15:55:58.399+0000] {processor.py:161} INFO - Started process (PID=26218) to work on /home/airflow/.local/lib/python3.11/site-packages/airflow/example_dags/tutorial_taskflow_api_virtualenv.py
[2024-07-15T15:55:58.401+0000] {processor.py:830} INFO - Processing file /home/airflow/.local/lib/python3.11/site-packages/airflow/example_dags/tutorial_taskflow_api_virtualenv.py for tasks to queue
[2024-07-15T15:55:58.406+0000] {logging_mixin.py:188} INFO - [2024-07-15T15:55:58.405+0000] {dagbag.py:545} INFO - Filling up the DagBag from /home/airflow/.local/lib/python3.11/site-packages/airflow/example_dags/tutorial_taskflow_api_virtualenv.py
[2024-07-15T15:55:58.435+0000] {processor.py:840} INFO - DAG(s) 'tutorial_taskflow_api_virtualenv' retrieved from /home/airflow/.local/lib/python3.11/site-packages/airflow/example_dags/tutorial_taskflow_api_virtualenv.py
[2024-07-15T15:55:58.479+0000] {logging_mixin.py:188} INFO - [2024-07-15T15:55:58.479+0000] {dag.py:3096} INFO - Sync 1 DAGs
[2024-07-15T15:55:58.509+0000] {logging_mixin.py:188} INFO - [2024-07-15T15:55:58.508+0000] {dag.py:3954} INFO - Setting next_dagrun for tutorial_taskflow_api_virtualenv to None, run_after=None
[2024-07-15T15:55:58.549+0000] {processor.py:183} INFO - Processing /home/airflow/.local/lib/python3.11/site-packages/airflow/example_dags/tutorial_taskflow_api_virtualenv.py took 0.165 seconds
[2024-07-15T15:56:05.758+0000] {processor.py:161} INFO - Started process (PID=26271) to work on /home/airflow/.local/lib/python3.11/site-packages/airflow/example_dags/tutorial_taskflow_api_virtualenv.py
[2024-07-15T15:56:05.760+0000] {processor.py:830} INFO - Processing file /home/airflow/.local/lib/python3.11/site-packages/airflow/example_dags/tutorial_taskflow_api_virtualenv.py for tasks to queue
[2024-07-15T15:56:05.763+0000] {logging_mixin.py:188} INFO - [2024-07-15T15:56:05.762+0000] {dagbag.py:545} INFO - Filling up the DagBag from /home/airflow/.local/lib/python3.11/site-packages/airflow/example_dags/tutorial_taskflow_api_virtualenv.py
[2024-07-15T15:56:05.781+0000] {processor.py:840} INFO - DAG(s) 'tutorial_taskflow_api_virtualenv' retrieved from /home/airflow/.local/lib/python3.11/site-packages/airflow/example_dags/tutorial_taskflow_api_virtualenv.py
[2024-07-15T15:56:05.815+0000] {logging_mixin.py:188} INFO - [2024-07-15T15:56:05.815+0000] {dag.py:3096} INFO - Sync 1 DAGs
[2024-07-15T15:56:05.839+0000] {logging_mixin.py:188} INFO - [2024-07-15T15:56:05.838+0000] {dag.py:3954} INFO - Setting next_dagrun for tutorial_taskflow_api_virtualenv to None, run_after=None
[2024-07-15T15:56:05.870+0000] {processor.py:183} INFO - Processing /home/airflow/.local/lib/python3.11/site-packages/airflow/example_dags/tutorial_taskflow_api_virtualenv.py took 0.125 seconds
[2024-07-15T15:56:11.511+0000] {processor.py:161} INFO - Started process (PID=26323) to work on /home/airflow/.local/lib/python3.11/site-packages/airflow/example_dags/tutorial_taskflow_api_virtualenv.py
[2024-07-15T15:56:11.512+0000] {processor.py:830} INFO - Processing file /home/airflow/.local/lib/python3.11/site-packages/airflow/example_dags/tutorial_taskflow_api_virtualenv.py for tasks to queue
[2024-07-15T15:56:11.515+0000] {logging_mixin.py:188} INFO - [2024-07-15T15:56:11.515+0000] {dagbag.py:545} INFO - Filling up the DagBag from /home/airflow/.local/lib/python3.11/site-packages/airflow/example_dags/tutorial_taskflow_api_virtualenv.py
[2024-07-15T15:56:11.531+0000] {processor.py:840} INFO - DAG(s) 'tutorial_taskflow_api_virtualenv' retrieved from /home/airflow/.local/lib/python3.11/site-packages/airflow/example_dags/tutorial_taskflow_api_virtualenv.py
[2024-07-15T15:56:11.560+0000] {logging_mixin.py:188} INFO - [2024-07-15T15:56:11.560+0000] {dag.py:3096} INFO - Sync 1 DAGs
[2024-07-15T15:56:11.578+0000] {logging_mixin.py:188} INFO - [2024-07-15T15:56:11.578+0000] {dag.py:3954} INFO - Setting next_dagrun for tutorial_taskflow_api_virtualenv to None, run_after=None
[2024-07-15T15:56:11.605+0000] {processor.py:183} INFO - Processing /home/airflow/.local/lib/python3.11/site-packages/airflow/example_dags/tutorial_taskflow_api_virtualenv.py took 0.105 seconds
[2024-07-15T15:56:18.576+0000] {processor.py:161} INFO - Started process (PID=26376) to work on /home/airflow/.local/lib/python3.11/site-packages/airflow/example_dags/tutorial_taskflow_api_virtualenv.py
[2024-07-15T15:56:18.577+0000] {processor.py:830} INFO - Processing file /home/airflow/.local/lib/python3.11/site-packages/airflow/example_dags/tutorial_taskflow_api_virtualenv.py for tasks to queue
[2024-07-15T15:56:18.582+0000] {logging_mixin.py:188} INFO - [2024-07-15T15:56:18.581+0000] {dagbag.py:545} INFO - Filling up the DagBag from /home/airflow/.local/lib/python3.11/site-packages/airflow/example_dags/tutorial_taskflow_api_virtualenv.py
[2024-07-15T15:56:18.603+0000] {processor.py:840} INFO - DAG(s) 'tutorial_taskflow_api_virtualenv' retrieved from /home/airflow/.local/lib/python3.11/site-packages/airflow/example_dags/tutorial_taskflow_api_virtualenv.py
[2024-07-15T15:56:18.644+0000] {logging_mixin.py:188} INFO - [2024-07-15T15:56:18.643+0000] {dag.py:3096} INFO - Sync 1 DAGs
[2024-07-15T15:56:18.670+0000] {logging_mixin.py:188} INFO - [2024-07-15T15:56:18.669+0000] {dag.py:3954} INFO - Setting next_dagrun for tutorial_taskflow_api_virtualenv to None, run_after=None
[2024-07-15T15:56:18.709+0000] {processor.py:183} INFO - Processing /home/airflow/.local/lib/python3.11/site-packages/airflow/example_dags/tutorial_taskflow_api_virtualenv.py took 0.145 seconds
[2024-07-15T15:56:25.454+0000] {processor.py:161} INFO - Started process (PID=26434) to work on /home/airflow/.local/lib/python3.11/site-packages/airflow/example_dags/tutorial_taskflow_api_virtualenv.py
[2024-07-15T15:56:25.457+0000] {processor.py:830} INFO - Processing file /home/airflow/.local/lib/python3.11/site-packages/airflow/example_dags/tutorial_taskflow_api_virtualenv.py for tasks to queue
[2024-07-15T15:56:25.461+0000] {logging_mixin.py:188} INFO - [2024-07-15T15:56:25.460+0000] {dagbag.py:545} INFO - Filling up the DagBag from /home/airflow/.local/lib/python3.11/site-packages/airflow/example_dags/tutorial_taskflow_api_virtualenv.py
[2024-07-15T15:56:25.493+0000] {processor.py:840} INFO - DAG(s) 'tutorial_taskflow_api_virtualenv' retrieved from /home/airflow/.local/lib/python3.11/site-packages/airflow/example_dags/tutorial_taskflow_api_virtualenv.py
[2024-07-15T15:56:25.569+0000] {logging_mixin.py:188} INFO - [2024-07-15T15:56:25.568+0000] {dag.py:3096} INFO - Sync 1 DAGs
[2024-07-15T15:56:25.630+0000] {logging_mixin.py:188} INFO - [2024-07-15T15:56:25.630+0000] {dag.py:3954} INFO - Setting next_dagrun for tutorial_taskflow_api_virtualenv to None, run_after=None
[2024-07-15T15:56:25.752+0000] {processor.py:183} INFO - Processing /home/airflow/.local/lib/python3.11/site-packages/airflow/example_dags/tutorial_taskflow_api_virtualenv.py took 0.314 seconds
[2024-07-15T15:56:32.803+0000] {processor.py:161} INFO - Started process (PID=26487) to work on /home/airflow/.local/lib/python3.11/site-packages/airflow/example_dags/tutorial_taskflow_api_virtualenv.py
[2024-07-15T15:56:32.805+0000] {processor.py:830} INFO - Processing file /home/airflow/.local/lib/python3.11/site-packages/airflow/example_dags/tutorial_taskflow_api_virtualenv.py for tasks to queue
[2024-07-15T15:56:32.810+0000] {logging_mixin.py:188} INFO - [2024-07-15T15:56:32.809+0000] {dagbag.py:545} INFO - Filling up the DagBag from /home/airflow/.local/lib/python3.11/site-packages/airflow/example_dags/tutorial_taskflow_api_virtualenv.py
[2024-07-15T15:56:32.850+0000] {processor.py:840} INFO - DAG(s) 'tutorial_taskflow_api_virtualenv' retrieved from /home/airflow/.local/lib/python3.11/site-packages/airflow/example_dags/tutorial_taskflow_api_virtualenv.py
[2024-07-15T15:56:32.920+0000] {logging_mixin.py:188} INFO - [2024-07-15T15:56:32.919+0000] {dag.py:3096} INFO - Sync 1 DAGs
[2024-07-15T15:56:32.968+0000] {logging_mixin.py:188} INFO - [2024-07-15T15:56:32.968+0000] {dag.py:3954} INFO - Setting next_dagrun for tutorial_taskflow_api_virtualenv to None, run_after=None
[2024-07-15T15:56:33.021+0000] {processor.py:183} INFO - Processing /home/airflow/.local/lib/python3.11/site-packages/airflow/example_dags/tutorial_taskflow_api_virtualenv.py took 0.235 seconds
[2024-07-15T15:56:40.628+0000] {processor.py:161} INFO - Started process (PID=26539) to work on /home/airflow/.local/lib/python3.11/site-packages/airflow/example_dags/tutorial_taskflow_api_virtualenv.py
[2024-07-15T15:56:40.630+0000] {processor.py:830} INFO - Processing file /home/airflow/.local/lib/python3.11/site-packages/airflow/example_dags/tutorial_taskflow_api_virtualenv.py for tasks to queue
[2024-07-15T15:56:40.633+0000] {logging_mixin.py:188} INFO - [2024-07-15T15:56:40.632+0000] {dagbag.py:545} INFO - Filling up the DagBag from /home/airflow/.local/lib/python3.11/site-packages/airflow/example_dags/tutorial_taskflow_api_virtualenv.py
[2024-07-15T15:56:40.648+0000] {processor.py:840} INFO - DAG(s) 'tutorial_taskflow_api_virtualenv' retrieved from /home/airflow/.local/lib/python3.11/site-packages/airflow/example_dags/tutorial_taskflow_api_virtualenv.py
[2024-07-15T15:56:40.679+0000] {logging_mixin.py:188} INFO - [2024-07-15T15:56:40.678+0000] {dag.py:3096} INFO - Sync 1 DAGs
[2024-07-15T15:56:40.696+0000] {logging_mixin.py:188} INFO - [2024-07-15T15:56:40.696+0000] {dag.py:3954} INFO - Setting next_dagrun for tutorial_taskflow_api_virtualenv to None, run_after=None
[2024-07-15T15:56:40.723+0000] {processor.py:183} INFO - Processing /home/airflow/.local/lib/python3.11/site-packages/airflow/example_dags/tutorial_taskflow_api_virtualenv.py took 0.105 seconds
[2024-07-15T15:56:45.562+0000] {processor.py:161} INFO - Started process (PID=26593) to work on /home/airflow/.local/lib/python3.11/site-packages/airflow/example_dags/tutorial_taskflow_api_virtualenv.py
[2024-07-15T15:56:45.563+0000] {processor.py:830} INFO - Processing file /home/airflow/.local/lib/python3.11/site-packages/airflow/example_dags/tutorial_taskflow_api_virtualenv.py for tasks to queue
[2024-07-15T15:56:45.566+0000] {logging_mixin.py:188} INFO - [2024-07-15T15:56:45.566+0000] {dagbag.py:545} INFO - Filling up the DagBag from /home/airflow/.local/lib/python3.11/site-packages/airflow/example_dags/tutorial_taskflow_api_virtualenv.py
[2024-07-15T15:56:45.580+0000] {processor.py:840} INFO - DAG(s) 'tutorial_taskflow_api_virtualenv' retrieved from /home/airflow/.local/lib/python3.11/site-packages/airflow/example_dags/tutorial_taskflow_api_virtualenv.py
[2024-07-15T15:56:45.609+0000] {logging_mixin.py:188} INFO - [2024-07-15T15:56:45.609+0000] {dag.py:3096} INFO - Sync 1 DAGs
[2024-07-15T15:56:45.626+0000] {logging_mixin.py:188} INFO - [2024-07-15T15:56:45.626+0000] {dag.py:3954} INFO - Setting next_dagrun for tutorial_taskflow_api_virtualenv to None, run_after=None
[2024-07-15T15:56:45.655+0000] {processor.py:183} INFO - Processing /home/airflow/.local/lib/python3.11/site-packages/airflow/example_dags/tutorial_taskflow_api_virtualenv.py took 0.100 seconds
[2024-07-15T15:56:50.388+0000] {processor.py:161} INFO - Started process (PID=26645) to work on /home/airflow/.local/lib/python3.11/site-packages/airflow/example_dags/tutorial_taskflow_api_virtualenv.py
[2024-07-15T15:56:50.390+0000] {processor.py:830} INFO - Processing file /home/airflow/.local/lib/python3.11/site-packages/airflow/example_dags/tutorial_taskflow_api_virtualenv.py for tasks to queue
[2024-07-15T15:56:50.394+0000] {logging_mixin.py:188} INFO - [2024-07-15T15:56:50.394+0000] {dagbag.py:545} INFO - Filling up the DagBag from /home/airflow/.local/lib/python3.11/site-packages/airflow/example_dags/tutorial_taskflow_api_virtualenv.py
[2024-07-15T15:56:50.419+0000] {processor.py:840} INFO - DAG(s) 'tutorial_taskflow_api_virtualenv' retrieved from /home/airflow/.local/lib/python3.11/site-packages/airflow/example_dags/tutorial_taskflow_api_virtualenv.py
[2024-07-15T15:56:50.454+0000] {logging_mixin.py:188} INFO - [2024-07-15T15:56:50.454+0000] {dag.py:3096} INFO - Sync 1 DAGs
[2024-07-15T15:56:50.482+0000] {logging_mixin.py:188} INFO - [2024-07-15T15:56:50.482+0000] {dag.py:3954} INFO - Setting next_dagrun for tutorial_taskflow_api_virtualenv to None, run_after=None
[2024-07-15T15:56:50.523+0000] {processor.py:183} INFO - Processing /home/airflow/.local/lib/python3.11/site-packages/airflow/example_dags/tutorial_taskflow_api_virtualenv.py took 0.146 seconds
[2024-07-15T15:56:56.264+0000] {processor.py:161} INFO - Started process (PID=26705) to work on /home/airflow/.local/lib/python3.11/site-packages/airflow/example_dags/tutorial_taskflow_api_virtualenv.py
[2024-07-15T15:56:56.266+0000] {processor.py:830} INFO - Processing file /home/airflow/.local/lib/python3.11/site-packages/airflow/example_dags/tutorial_taskflow_api_virtualenv.py for tasks to queue
[2024-07-15T15:56:56.269+0000] {logging_mixin.py:188} INFO - [2024-07-15T15:56:56.268+0000] {dagbag.py:545} INFO - Filling up the DagBag from /home/airflow/.local/lib/python3.11/site-packages/airflow/example_dags/tutorial_taskflow_api_virtualenv.py
[2024-07-15T15:56:56.284+0000] {processor.py:840} INFO - DAG(s) 'tutorial_taskflow_api_virtualenv' retrieved from /home/airflow/.local/lib/python3.11/site-packages/airflow/example_dags/tutorial_taskflow_api_virtualenv.py
[2024-07-15T15:56:56.311+0000] {logging_mixin.py:188} INFO - [2024-07-15T15:56:56.311+0000] {dag.py:3096} INFO - Sync 1 DAGs
[2024-07-15T15:56:56.327+0000] {logging_mixin.py:188} INFO - [2024-07-15T15:56:56.326+0000] {dag.py:3954} INFO - Setting next_dagrun for tutorial_taskflow_api_virtualenv to None, run_after=None
[2024-07-15T15:56:56.350+0000] {processor.py:183} INFO - Processing /home/airflow/.local/lib/python3.11/site-packages/airflow/example_dags/tutorial_taskflow_api_virtualenv.py took 0.096 seconds
