[2024-07-15T15:49:05.579+0000] {processor.py:161} INFO - Started process (PID=22631) to work on /home/airflow/.local/lib/python3.11/site-packages/airflow/example_dags/tutorial_dag.py
[2024-07-15T15:49:05.591+0000] {processor.py:830} INFO - Processing file /home/airflow/.local/lib/python3.11/site-packages/airflow/example_dags/tutorial_dag.py for tasks to queue
[2024-07-15T15:49:05.596+0000] {logging_mixin.py:188} INFO - [2024-07-15T15:49:05.595+0000] {dagbag.py:545} INFO - Filling up the DagBag from /home/airflow/.local/lib/python3.11/site-packages/airflow/example_dags/tutorial_dag.py
[2024-07-15T15:49:05.625+0000] {processor.py:840} INFO - DAG(s) 'tutorial_dag' retrieved from /home/airflow/.local/lib/python3.11/site-packages/airflow/example_dags/tutorial_dag.py
[2024-07-15T15:49:05.692+0000] {logging_mixin.py:188} INFO - [2024-07-15T15:49:05.692+0000] {dag.py:3096} INFO - Sync 1 DAGs
[2024-07-15T15:49:05.773+0000] {logging_mixin.py:188} INFO - [2024-07-15T15:49:05.773+0000] {dag.py:3954} INFO - Setting next_dagrun for tutorial_dag to None, run_after=None
[2024-07-15T15:49:05.871+0000] {processor.py:183} INFO - Processing /home/airflow/.local/lib/python3.11/site-packages/airflow/example_dags/tutorial_dag.py took 0.315 seconds
[2024-07-15T15:49:14.125+0000] {processor.py:161} INFO - Started process (PID=22683) to work on /home/airflow/.local/lib/python3.11/site-packages/airflow/example_dags/tutorial_dag.py
[2024-07-15T15:49:14.126+0000] {processor.py:830} INFO - Processing file /home/airflow/.local/lib/python3.11/site-packages/airflow/example_dags/tutorial_dag.py for tasks to queue
[2024-07-15T15:49:14.130+0000] {logging_mixin.py:188} INFO - [2024-07-15T15:49:14.129+0000] {dagbag.py:545} INFO - Filling up the DagBag from /home/airflow/.local/lib/python3.11/site-packages/airflow/example_dags/tutorial_dag.py
[2024-07-15T15:49:14.141+0000] {processor.py:840} INFO - DAG(s) 'tutorial_dag' retrieved from /home/airflow/.local/lib/python3.11/site-packages/airflow/example_dags/tutorial_dag.py
[2024-07-15T15:49:14.181+0000] {logging_mixin.py:188} INFO - [2024-07-15T15:49:14.181+0000] {dag.py:3096} INFO - Sync 1 DAGs
[2024-07-15T15:49:14.210+0000] {logging_mixin.py:188} INFO - [2024-07-15T15:49:14.210+0000] {dag.py:3954} INFO - Setting next_dagrun for tutorial_dag to None, run_after=None
[2024-07-15T15:49:14.248+0000] {processor.py:183} INFO - Processing /home/airflow/.local/lib/python3.11/site-packages/airflow/example_dags/tutorial_dag.py took 0.138 seconds
[2024-07-15T15:49:22.529+0000] {processor.py:161} INFO - Started process (PID=22742) to work on /home/airflow/.local/lib/python3.11/site-packages/airflow/example_dags/tutorial_dag.py
[2024-07-15T15:49:22.531+0000] {processor.py:830} INFO - Processing file /home/airflow/.local/lib/python3.11/site-packages/airflow/example_dags/tutorial_dag.py for tasks to queue
[2024-07-15T15:49:22.535+0000] {logging_mixin.py:188} INFO - [2024-07-15T15:49:22.535+0000] {dagbag.py:545} INFO - Filling up the DagBag from /home/airflow/.local/lib/python3.11/site-packages/airflow/example_dags/tutorial_dag.py
[2024-07-15T15:49:22.549+0000] {processor.py:840} INFO - DAG(s) 'tutorial_dag' retrieved from /home/airflow/.local/lib/python3.11/site-packages/airflow/example_dags/tutorial_dag.py
[2024-07-15T15:49:22.607+0000] {logging_mixin.py:188} INFO - [2024-07-15T15:49:22.606+0000] {dag.py:3096} INFO - Sync 1 DAGs
[2024-07-15T15:49:22.653+0000] {logging_mixin.py:188} INFO - [2024-07-15T15:49:22.653+0000] {dag.py:3954} INFO - Setting next_dagrun for tutorial_dag to None, run_after=None
[2024-07-15T15:49:22.755+0000] {processor.py:183} INFO - Processing /home/airflow/.local/lib/python3.11/site-packages/airflow/example_dags/tutorial_dag.py took 0.249 seconds
[2024-07-15T15:49:29.864+0000] {processor.py:161} INFO - Started process (PID=22794) to work on /home/airflow/.local/lib/python3.11/site-packages/airflow/example_dags/tutorial_dag.py
[2024-07-15T15:49:29.866+0000] {processor.py:830} INFO - Processing file /home/airflow/.local/lib/python3.11/site-packages/airflow/example_dags/tutorial_dag.py for tasks to queue
[2024-07-15T15:49:29.870+0000] {logging_mixin.py:188} INFO - [2024-07-15T15:49:29.870+0000] {dagbag.py:545} INFO - Filling up the DagBag from /home/airflow/.local/lib/python3.11/site-packages/airflow/example_dags/tutorial_dag.py
[2024-07-15T15:49:29.880+0000] {processor.py:840} INFO - DAG(s) 'tutorial_dag' retrieved from /home/airflow/.local/lib/python3.11/site-packages/airflow/example_dags/tutorial_dag.py
[2024-07-15T15:49:29.916+0000] {logging_mixin.py:188} INFO - [2024-07-15T15:49:29.916+0000] {dag.py:3096} INFO - Sync 1 DAGs
[2024-07-15T15:49:29.940+0000] {logging_mixin.py:188} INFO - [2024-07-15T15:49:29.940+0000] {dag.py:3954} INFO - Setting next_dagrun for tutorial_dag to None, run_after=None
[2024-07-15T15:49:29.981+0000] {processor.py:183} INFO - Processing /home/airflow/.local/lib/python3.11/site-packages/airflow/example_dags/tutorial_dag.py took 0.129 seconds
[2024-07-15T15:49:37.562+0000] {processor.py:161} INFO - Started process (PID=22847) to work on /home/airflow/.local/lib/python3.11/site-packages/airflow/example_dags/tutorial_dag.py
[2024-07-15T15:49:37.564+0000] {processor.py:830} INFO - Processing file /home/airflow/.local/lib/python3.11/site-packages/airflow/example_dags/tutorial_dag.py for tasks to queue
[2024-07-15T15:49:37.567+0000] {logging_mixin.py:188} INFO - [2024-07-15T15:49:37.566+0000] {dagbag.py:545} INFO - Filling up the DagBag from /home/airflow/.local/lib/python3.11/site-packages/airflow/example_dags/tutorial_dag.py
[2024-07-15T15:49:37.574+0000] {processor.py:840} INFO - DAG(s) 'tutorial_dag' retrieved from /home/airflow/.local/lib/python3.11/site-packages/airflow/example_dags/tutorial_dag.py
[2024-07-15T15:49:37.603+0000] {logging_mixin.py:188} INFO - [2024-07-15T15:49:37.602+0000] {dag.py:3096} INFO - Sync 1 DAGs
[2024-07-15T15:49:37.621+0000] {logging_mixin.py:188} INFO - [2024-07-15T15:49:37.621+0000] {dag.py:3954} INFO - Setting next_dagrun for tutorial_dag to None, run_after=None
[2024-07-15T15:49:37.653+0000] {processor.py:183} INFO - Processing /home/airflow/.local/lib/python3.11/site-packages/airflow/example_dags/tutorial_dag.py took 0.101 seconds
[2024-07-15T15:49:44.770+0000] {processor.py:161} INFO - Started process (PID=22899) to work on /home/airflow/.local/lib/python3.11/site-packages/airflow/example_dags/tutorial_dag.py
[2024-07-15T15:49:44.771+0000] {processor.py:830} INFO - Processing file /home/airflow/.local/lib/python3.11/site-packages/airflow/example_dags/tutorial_dag.py for tasks to queue
[2024-07-15T15:49:44.775+0000] {logging_mixin.py:188} INFO - [2024-07-15T15:49:44.774+0000] {dagbag.py:545} INFO - Filling up the DagBag from /home/airflow/.local/lib/python3.11/site-packages/airflow/example_dags/tutorial_dag.py
[2024-07-15T15:49:44.783+0000] {processor.py:840} INFO - DAG(s) 'tutorial_dag' retrieved from /home/airflow/.local/lib/python3.11/site-packages/airflow/example_dags/tutorial_dag.py
[2024-07-15T15:49:44.815+0000] {logging_mixin.py:188} INFO - [2024-07-15T15:49:44.815+0000] {dag.py:3096} INFO - Sync 1 DAGs
[2024-07-15T15:49:44.838+0000] {logging_mixin.py:188} INFO - [2024-07-15T15:49:44.838+0000] {dag.py:3954} INFO - Setting next_dagrun for tutorial_dag to None, run_after=None
[2024-07-15T15:49:44.877+0000] {processor.py:183} INFO - Processing /home/airflow/.local/lib/python3.11/site-packages/airflow/example_dags/tutorial_dag.py took 0.118 seconds
[2024-07-15T15:49:51.805+0000] {processor.py:161} INFO - Started process (PID=22959) to work on /home/airflow/.local/lib/python3.11/site-packages/airflow/example_dags/tutorial_dag.py
[2024-07-15T15:49:51.806+0000] {processor.py:830} INFO - Processing file /home/airflow/.local/lib/python3.11/site-packages/airflow/example_dags/tutorial_dag.py for tasks to queue
[2024-07-15T15:49:51.809+0000] {logging_mixin.py:188} INFO - [2024-07-15T15:49:51.809+0000] {dagbag.py:545} INFO - Filling up the DagBag from /home/airflow/.local/lib/python3.11/site-packages/airflow/example_dags/tutorial_dag.py
[2024-07-15T15:49:51.816+0000] {processor.py:840} INFO - DAG(s) 'tutorial_dag' retrieved from /home/airflow/.local/lib/python3.11/site-packages/airflow/example_dags/tutorial_dag.py
[2024-07-15T15:49:51.847+0000] {logging_mixin.py:188} INFO - [2024-07-15T15:49:51.847+0000] {dag.py:3096} INFO - Sync 1 DAGs
[2024-07-15T15:49:51.866+0000] {logging_mixin.py:188} INFO - [2024-07-15T15:49:51.865+0000] {dag.py:3954} INFO - Setting next_dagrun for tutorial_dag to None, run_after=None
[2024-07-15T15:49:51.896+0000] {processor.py:183} INFO - Processing /home/airflow/.local/lib/python3.11/site-packages/airflow/example_dags/tutorial_dag.py took 0.100 seconds
[2024-07-15T15:49:58.956+0000] {processor.py:161} INFO - Started process (PID=23011) to work on /home/airflow/.local/lib/python3.11/site-packages/airflow/example_dags/tutorial_dag.py
[2024-07-15T15:49:58.957+0000] {processor.py:830} INFO - Processing file /home/airflow/.local/lib/python3.11/site-packages/airflow/example_dags/tutorial_dag.py for tasks to queue
[2024-07-15T15:49:58.960+0000] {logging_mixin.py:188} INFO - [2024-07-15T15:49:58.959+0000] {dagbag.py:545} INFO - Filling up the DagBag from /home/airflow/.local/lib/python3.11/site-packages/airflow/example_dags/tutorial_dag.py
[2024-07-15T15:49:58.967+0000] {processor.py:840} INFO - DAG(s) 'tutorial_dag' retrieved from /home/airflow/.local/lib/python3.11/site-packages/airflow/example_dags/tutorial_dag.py
[2024-07-15T15:49:58.998+0000] {logging_mixin.py:188} INFO - [2024-07-15T15:49:58.998+0000] {dag.py:3096} INFO - Sync 1 DAGs
[2024-07-15T15:49:59.016+0000] {logging_mixin.py:188} INFO - [2024-07-15T15:49:59.016+0000] {dag.py:3954} INFO - Setting next_dagrun for tutorial_dag to None, run_after=None
[2024-07-15T15:49:59.044+0000] {processor.py:183} INFO - Processing /home/airflow/.local/lib/python3.11/site-packages/airflow/example_dags/tutorial_dag.py took 0.101 seconds
[2024-07-15T15:50:04.731+0000] {processor.py:161} INFO - Started process (PID=23064) to work on /home/airflow/.local/lib/python3.11/site-packages/airflow/example_dags/tutorial_dag.py
[2024-07-15T15:50:04.733+0000] {processor.py:830} INFO - Processing file /home/airflow/.local/lib/python3.11/site-packages/airflow/example_dags/tutorial_dag.py for tasks to queue
[2024-07-15T15:50:04.736+0000] {logging_mixin.py:188} INFO - [2024-07-15T15:50:04.735+0000] {dagbag.py:545} INFO - Filling up the DagBag from /home/airflow/.local/lib/python3.11/site-packages/airflow/example_dags/tutorial_dag.py
[2024-07-15T15:50:04.744+0000] {processor.py:840} INFO - DAG(s) 'tutorial_dag' retrieved from /home/airflow/.local/lib/python3.11/site-packages/airflow/example_dags/tutorial_dag.py
[2024-07-15T15:50:04.769+0000] {logging_mixin.py:188} INFO - [2024-07-15T15:50:04.769+0000] {dag.py:3096} INFO - Sync 1 DAGs
[2024-07-15T15:50:04.806+0000] {logging_mixin.py:188} INFO - [2024-07-15T15:50:04.806+0000] {dag.py:3954} INFO - Setting next_dagrun for tutorial_dag to None, run_after=None
[2024-07-15T15:50:04.830+0000] {processor.py:183} INFO - Processing /home/airflow/.local/lib/python3.11/site-packages/airflow/example_dags/tutorial_dag.py took 0.111 seconds
[2024-07-15T15:50:10.369+0000] {processor.py:161} INFO - Started process (PID=23116) to work on /home/airflow/.local/lib/python3.11/site-packages/airflow/example_dags/tutorial_dag.py
[2024-07-15T15:50:10.371+0000] {processor.py:830} INFO - Processing file /home/airflow/.local/lib/python3.11/site-packages/airflow/example_dags/tutorial_dag.py for tasks to queue
[2024-07-15T15:50:10.373+0000] {logging_mixin.py:188} INFO - [2024-07-15T15:50:10.373+0000] {dagbag.py:545} INFO - Filling up the DagBag from /home/airflow/.local/lib/python3.11/site-packages/airflow/example_dags/tutorial_dag.py
[2024-07-15T15:50:10.379+0000] {processor.py:840} INFO - DAG(s) 'tutorial_dag' retrieved from /home/airflow/.local/lib/python3.11/site-packages/airflow/example_dags/tutorial_dag.py
[2024-07-15T15:50:10.404+0000] {logging_mixin.py:188} INFO - [2024-07-15T15:50:10.404+0000] {dag.py:3096} INFO - Sync 1 DAGs
[2024-07-15T15:50:10.419+0000] {logging_mixin.py:188} INFO - [2024-07-15T15:50:10.418+0000] {dag.py:3954} INFO - Setting next_dagrun for tutorial_dag to None, run_after=None
[2024-07-15T15:50:10.442+0000] {processor.py:183} INFO - Processing /home/airflow/.local/lib/python3.11/site-packages/airflow/example_dags/tutorial_dag.py took 0.081 seconds
[2024-07-15T15:50:16.960+0000] {processor.py:161} INFO - Started process (PID=23169) to work on /home/airflow/.local/lib/python3.11/site-packages/airflow/example_dags/tutorial_dag.py
[2024-07-15T15:50:16.963+0000] {processor.py:830} INFO - Processing file /home/airflow/.local/lib/python3.11/site-packages/airflow/example_dags/tutorial_dag.py for tasks to queue
[2024-07-15T15:50:16.967+0000] {logging_mixin.py:188} INFO - [2024-07-15T15:50:16.967+0000] {dagbag.py:545} INFO - Filling up the DagBag from /home/airflow/.local/lib/python3.11/site-packages/airflow/example_dags/tutorial_dag.py
[2024-07-15T15:50:16.977+0000] {processor.py:840} INFO - DAG(s) 'tutorial_dag' retrieved from /home/airflow/.local/lib/python3.11/site-packages/airflow/example_dags/tutorial_dag.py
[2024-07-15T15:50:17.003+0000] {logging_mixin.py:188} INFO - [2024-07-15T15:50:17.003+0000] {dag.py:3096} INFO - Sync 1 DAGs
[2024-07-15T15:50:17.017+0000] {logging_mixin.py:188} INFO - [2024-07-15T15:50:17.017+0000] {dag.py:3954} INFO - Setting next_dagrun for tutorial_dag to None, run_after=None
[2024-07-15T15:50:17.039+0000] {processor.py:183} INFO - Processing /home/airflow/.local/lib/python3.11/site-packages/airflow/example_dags/tutorial_dag.py took 0.104 seconds
[2024-07-15T15:50:22.142+0000] {processor.py:161} INFO - Started process (PID=23229) to work on /home/airflow/.local/lib/python3.11/site-packages/airflow/example_dags/tutorial_dag.py
[2024-07-15T15:50:22.143+0000] {processor.py:830} INFO - Processing file /home/airflow/.local/lib/python3.11/site-packages/airflow/example_dags/tutorial_dag.py for tasks to queue
[2024-07-15T15:50:22.146+0000] {logging_mixin.py:188} INFO - [2024-07-15T15:50:22.145+0000] {dagbag.py:545} INFO - Filling up the DagBag from /home/airflow/.local/lib/python3.11/site-packages/airflow/example_dags/tutorial_dag.py
[2024-07-15T15:50:22.152+0000] {processor.py:840} INFO - DAG(s) 'tutorial_dag' retrieved from /home/airflow/.local/lib/python3.11/site-packages/airflow/example_dags/tutorial_dag.py
[2024-07-15T15:50:22.176+0000] {logging_mixin.py:188} INFO - [2024-07-15T15:50:22.176+0000] {dag.py:3096} INFO - Sync 1 DAGs
[2024-07-15T15:50:22.211+0000] {logging_mixin.py:188} INFO - [2024-07-15T15:50:22.211+0000] {dag.py:3954} INFO - Setting next_dagrun for tutorial_dag to None, run_after=None
[2024-07-15T15:50:22.238+0000] {processor.py:183} INFO - Processing /home/airflow/.local/lib/python3.11/site-packages/airflow/example_dags/tutorial_dag.py took 0.103 seconds
[2024-07-15T15:50:27.679+0000] {processor.py:161} INFO - Started process (PID=23281) to work on /home/airflow/.local/lib/python3.11/site-packages/airflow/example_dags/tutorial_dag.py
[2024-07-15T15:50:27.681+0000] {processor.py:830} INFO - Processing file /home/airflow/.local/lib/python3.11/site-packages/airflow/example_dags/tutorial_dag.py for tasks to queue
[2024-07-15T15:50:27.684+0000] {logging_mixin.py:188} INFO - [2024-07-15T15:50:27.683+0000] {dagbag.py:545} INFO - Filling up the DagBag from /home/airflow/.local/lib/python3.11/site-packages/airflow/example_dags/tutorial_dag.py
[2024-07-15T15:50:27.691+0000] {processor.py:840} INFO - DAG(s) 'tutorial_dag' retrieved from /home/airflow/.local/lib/python3.11/site-packages/airflow/example_dags/tutorial_dag.py
[2024-07-15T15:50:27.744+0000] {logging_mixin.py:188} INFO - [2024-07-15T15:50:27.743+0000] {dag.py:3096} INFO - Sync 1 DAGs
[2024-07-15T15:50:27.788+0000] {logging_mixin.py:188} INFO - [2024-07-15T15:50:27.787+0000] {dag.py:3954} INFO - Setting next_dagrun for tutorial_dag to None, run_after=None
[2024-07-15T15:50:27.819+0000] {processor.py:183} INFO - Processing /home/airflow/.local/lib/python3.11/site-packages/airflow/example_dags/tutorial_dag.py took 0.153 seconds
[2024-07-15T15:50:32.872+0000] {processor.py:161} INFO - Started process (PID=23335) to work on /home/airflow/.local/lib/python3.11/site-packages/airflow/example_dags/tutorial_dag.py
[2024-07-15T15:50:32.875+0000] {processor.py:830} INFO - Processing file /home/airflow/.local/lib/python3.11/site-packages/airflow/example_dags/tutorial_dag.py for tasks to queue
[2024-07-15T15:50:32.879+0000] {logging_mixin.py:188} INFO - [2024-07-15T15:50:32.878+0000] {dagbag.py:545} INFO - Filling up the DagBag from /home/airflow/.local/lib/python3.11/site-packages/airflow/example_dags/tutorial_dag.py
[2024-07-15T15:50:32.889+0000] {processor.py:840} INFO - DAG(s) 'tutorial_dag' retrieved from /home/airflow/.local/lib/python3.11/site-packages/airflow/example_dags/tutorial_dag.py
[2024-07-15T15:50:32.921+0000] {logging_mixin.py:188} INFO - [2024-07-15T15:50:32.921+0000] {dag.py:3096} INFO - Sync 1 DAGs
[2024-07-15T15:50:32.961+0000] {logging_mixin.py:188} INFO - [2024-07-15T15:50:32.961+0000] {dag.py:3954} INFO - Setting next_dagrun for tutorial_dag to None, run_after=None
[2024-07-15T15:50:32.993+0000] {processor.py:183} INFO - Processing /home/airflow/.local/lib/python3.11/site-packages/airflow/example_dags/tutorial_dag.py took 0.151 seconds
[2024-07-15T15:50:38.372+0000] {processor.py:161} INFO - Started process (PID=23387) to work on /home/airflow/.local/lib/python3.11/site-packages/airflow/example_dags/tutorial_dag.py
[2024-07-15T15:50:38.374+0000] {processor.py:830} INFO - Processing file /home/airflow/.local/lib/python3.11/site-packages/airflow/example_dags/tutorial_dag.py for tasks to queue
[2024-07-15T15:50:38.377+0000] {logging_mixin.py:188} INFO - [2024-07-15T15:50:38.376+0000] {dagbag.py:545} INFO - Filling up the DagBag from /home/airflow/.local/lib/python3.11/site-packages/airflow/example_dags/tutorial_dag.py
[2024-07-15T15:50:38.383+0000] {processor.py:840} INFO - DAG(s) 'tutorial_dag' retrieved from /home/airflow/.local/lib/python3.11/site-packages/airflow/example_dags/tutorial_dag.py
[2024-07-15T15:50:38.407+0000] {logging_mixin.py:188} INFO - [2024-07-15T15:50:38.406+0000] {dag.py:3096} INFO - Sync 1 DAGs
[2024-07-15T15:50:38.420+0000] {logging_mixin.py:188} INFO - [2024-07-15T15:50:38.420+0000] {dag.py:3954} INFO - Setting next_dagrun for tutorial_dag to None, run_after=None
[2024-07-15T15:50:38.465+0000] {processor.py:183} INFO - Processing /home/airflow/.local/lib/python3.11/site-packages/airflow/example_dags/tutorial_dag.py took 0.103 seconds
[2024-07-15T15:50:44.405+0000] {processor.py:161} INFO - Started process (PID=23440) to work on /home/airflow/.local/lib/python3.11/site-packages/airflow/example_dags/tutorial_dag.py
[2024-07-15T15:50:44.407+0000] {processor.py:830} INFO - Processing file /home/airflow/.local/lib/python3.11/site-packages/airflow/example_dags/tutorial_dag.py for tasks to queue
[2024-07-15T15:50:44.410+0000] {logging_mixin.py:188} INFO - [2024-07-15T15:50:44.409+0000] {dagbag.py:545} INFO - Filling up the DagBag from /home/airflow/.local/lib/python3.11/site-packages/airflow/example_dags/tutorial_dag.py
[2024-07-15T15:50:44.443+0000] {processor.py:840} INFO - DAG(s) 'tutorial_dag' retrieved from /home/airflow/.local/lib/python3.11/site-packages/airflow/example_dags/tutorial_dag.py
[2024-07-15T15:50:44.492+0000] {logging_mixin.py:188} INFO - [2024-07-15T15:50:44.491+0000] {dag.py:3096} INFO - Sync 1 DAGs
[2024-07-15T15:50:44.519+0000] {logging_mixin.py:188} INFO - [2024-07-15T15:50:44.519+0000] {dag.py:3954} INFO - Setting next_dagrun for tutorial_dag to None, run_after=None
[2024-07-15T15:50:44.560+0000] {processor.py:183} INFO - Processing /home/airflow/.local/lib/python3.11/site-packages/airflow/example_dags/tutorial_dag.py took 0.163 seconds
[2024-07-15T15:50:49.406+0000] {processor.py:161} INFO - Started process (PID=23492) to work on /home/airflow/.local/lib/python3.11/site-packages/airflow/example_dags/tutorial_dag.py
[2024-07-15T15:50:49.408+0000] {processor.py:830} INFO - Processing file /home/airflow/.local/lib/python3.11/site-packages/airflow/example_dags/tutorial_dag.py for tasks to queue
[2024-07-15T15:50:49.410+0000] {logging_mixin.py:188} INFO - [2024-07-15T15:50:49.410+0000] {dagbag.py:545} INFO - Filling up the DagBag from /home/airflow/.local/lib/python3.11/site-packages/airflow/example_dags/tutorial_dag.py
[2024-07-15T15:50:49.416+0000] {processor.py:840} INFO - DAG(s) 'tutorial_dag' retrieved from /home/airflow/.local/lib/python3.11/site-packages/airflow/example_dags/tutorial_dag.py
[2024-07-15T15:50:49.442+0000] {logging_mixin.py:188} INFO - [2024-07-15T15:50:49.441+0000] {dag.py:3096} INFO - Sync 1 DAGs
[2024-07-15T15:50:49.456+0000] {logging_mixin.py:188} INFO - [2024-07-15T15:50:49.456+0000] {dag.py:3954} INFO - Setting next_dagrun for tutorial_dag to None, run_after=None
[2024-07-15T15:50:49.479+0000] {processor.py:183} INFO - Processing /home/airflow/.local/lib/python3.11/site-packages/airflow/example_dags/tutorial_dag.py took 0.080 seconds
[2024-07-15T15:50:54.605+0000] {processor.py:161} INFO - Started process (PID=23552) to work on /home/airflow/.local/lib/python3.11/site-packages/airflow/example_dags/tutorial_dag.py
[2024-07-15T15:50:54.606+0000] {processor.py:830} INFO - Processing file /home/airflow/.local/lib/python3.11/site-packages/airflow/example_dags/tutorial_dag.py for tasks to queue
[2024-07-15T15:50:54.608+0000] {logging_mixin.py:188} INFO - [2024-07-15T15:50:54.608+0000] {dagbag.py:545} INFO - Filling up the DagBag from /home/airflow/.local/lib/python3.11/site-packages/airflow/example_dags/tutorial_dag.py
[2024-07-15T15:50:54.615+0000] {processor.py:840} INFO - DAG(s) 'tutorial_dag' retrieved from /home/airflow/.local/lib/python3.11/site-packages/airflow/example_dags/tutorial_dag.py
[2024-07-15T15:50:54.640+0000] {logging_mixin.py:188} INFO - [2024-07-15T15:50:54.640+0000] {dag.py:3096} INFO - Sync 1 DAGs
[2024-07-15T15:50:54.654+0000] {logging_mixin.py:188} INFO - [2024-07-15T15:50:54.654+0000] {dag.py:3954} INFO - Setting next_dagrun for tutorial_dag to None, run_after=None
[2024-07-15T15:50:54.703+0000] {processor.py:183} INFO - Processing /home/airflow/.local/lib/python3.11/site-packages/airflow/example_dags/tutorial_dag.py took 0.107 seconds
[2024-07-15T15:51:00.176+0000] {processor.py:161} INFO - Started process (PID=23604) to work on /home/airflow/.local/lib/python3.11/site-packages/airflow/example_dags/tutorial_dag.py
[2024-07-15T15:51:00.178+0000] {processor.py:830} INFO - Processing file /home/airflow/.local/lib/python3.11/site-packages/airflow/example_dags/tutorial_dag.py for tasks to queue
[2024-07-15T15:51:00.180+0000] {logging_mixin.py:188} INFO - [2024-07-15T15:51:00.180+0000] {dagbag.py:545} INFO - Filling up the DagBag from /home/airflow/.local/lib/python3.11/site-packages/airflow/example_dags/tutorial_dag.py
[2024-07-15T15:51:00.187+0000] {processor.py:840} INFO - DAG(s) 'tutorial_dag' retrieved from /home/airflow/.local/lib/python3.11/site-packages/airflow/example_dags/tutorial_dag.py
[2024-07-15T15:51:00.222+0000] {logging_mixin.py:188} INFO - [2024-07-15T15:51:00.221+0000] {dag.py:3096} INFO - Sync 1 DAGs
[2024-07-15T15:51:00.243+0000] {logging_mixin.py:188} INFO - [2024-07-15T15:51:00.243+0000] {dag.py:3954} INFO - Setting next_dagrun for tutorial_dag to None, run_after=None
[2024-07-15T15:51:00.277+0000] {processor.py:183} INFO - Processing /home/airflow/.local/lib/python3.11/site-packages/airflow/example_dags/tutorial_dag.py took 0.113 seconds
[2024-07-15T15:51:05.039+0000] {processor.py:161} INFO - Started process (PID=23657) to work on /home/airflow/.local/lib/python3.11/site-packages/airflow/example_dags/tutorial_dag.py
[2024-07-15T15:51:05.040+0000] {processor.py:830} INFO - Processing file /home/airflow/.local/lib/python3.11/site-packages/airflow/example_dags/tutorial_dag.py for tasks to queue
[2024-07-15T15:51:05.043+0000] {logging_mixin.py:188} INFO - [2024-07-15T15:51:05.042+0000] {dagbag.py:545} INFO - Filling up the DagBag from /home/airflow/.local/lib/python3.11/site-packages/airflow/example_dags/tutorial_dag.py
[2024-07-15T15:51:05.049+0000] {processor.py:840} INFO - DAG(s) 'tutorial_dag' retrieved from /home/airflow/.local/lib/python3.11/site-packages/airflow/example_dags/tutorial_dag.py
[2024-07-15T15:51:05.072+0000] {logging_mixin.py:188} INFO - [2024-07-15T15:51:05.071+0000] {dag.py:3096} INFO - Sync 1 DAGs
[2024-07-15T15:51:05.089+0000] {logging_mixin.py:188} INFO - [2024-07-15T15:51:05.088+0000] {dag.py:3954} INFO - Setting next_dagrun for tutorial_dag to None, run_after=None
[2024-07-15T15:51:05.112+0000] {processor.py:183} INFO - Processing /home/airflow/.local/lib/python3.11/site-packages/airflow/example_dags/tutorial_dag.py took 0.082 seconds
[2024-07-15T15:51:10.279+0000] {processor.py:161} INFO - Started process (PID=23709) to work on /home/airflow/.local/lib/python3.11/site-packages/airflow/example_dags/tutorial_dag.py
[2024-07-15T15:51:10.281+0000] {processor.py:830} INFO - Processing file /home/airflow/.local/lib/python3.11/site-packages/airflow/example_dags/tutorial_dag.py for tasks to queue
[2024-07-15T15:51:10.284+0000] {logging_mixin.py:188} INFO - [2024-07-15T15:51:10.283+0000] {dagbag.py:545} INFO - Filling up the DagBag from /home/airflow/.local/lib/python3.11/site-packages/airflow/example_dags/tutorial_dag.py
[2024-07-15T15:51:10.294+0000] {processor.py:840} INFO - DAG(s) 'tutorial_dag' retrieved from /home/airflow/.local/lib/python3.11/site-packages/airflow/example_dags/tutorial_dag.py
[2024-07-15T15:51:10.325+0000] {logging_mixin.py:188} INFO - [2024-07-15T15:51:10.325+0000] {dag.py:3096} INFO - Sync 1 DAGs
[2024-07-15T15:51:10.347+0000] {logging_mixin.py:188} INFO - [2024-07-15T15:51:10.346+0000] {dag.py:3954} INFO - Setting next_dagrun for tutorial_dag to None, run_after=None
[2024-07-15T15:51:10.378+0000] {processor.py:183} INFO - Processing /home/airflow/.local/lib/python3.11/site-packages/airflow/example_dags/tutorial_dag.py took 0.123 seconds
[2024-07-15T15:51:15.154+0000] {processor.py:161} INFO - Started process (PID=23762) to work on /home/airflow/.local/lib/python3.11/site-packages/airflow/example_dags/tutorial_dag.py
[2024-07-15T15:51:15.155+0000] {processor.py:830} INFO - Processing file /home/airflow/.local/lib/python3.11/site-packages/airflow/example_dags/tutorial_dag.py for tasks to queue
[2024-07-15T15:51:15.158+0000] {logging_mixin.py:188} INFO - [2024-07-15T15:51:15.157+0000] {dagbag.py:545} INFO - Filling up the DagBag from /home/airflow/.local/lib/python3.11/site-packages/airflow/example_dags/tutorial_dag.py
[2024-07-15T15:51:15.164+0000] {processor.py:840} INFO - DAG(s) 'tutorial_dag' retrieved from /home/airflow/.local/lib/python3.11/site-packages/airflow/example_dags/tutorial_dag.py
[2024-07-15T15:51:15.189+0000] {logging_mixin.py:188} INFO - [2024-07-15T15:51:15.189+0000] {dag.py:3096} INFO - Sync 1 DAGs
[2024-07-15T15:51:15.204+0000] {logging_mixin.py:188} INFO - [2024-07-15T15:51:15.204+0000] {dag.py:3954} INFO - Setting next_dagrun for tutorial_dag to None, run_after=None
[2024-07-15T15:51:15.227+0000] {processor.py:183} INFO - Processing /home/airflow/.local/lib/python3.11/site-packages/airflow/example_dags/tutorial_dag.py took 0.081 seconds
[2024-07-15T15:51:19.994+0000] {processor.py:161} INFO - Started process (PID=23814) to work on /home/airflow/.local/lib/python3.11/site-packages/airflow/example_dags/tutorial_dag.py
[2024-07-15T15:51:19.995+0000] {processor.py:830} INFO - Processing file /home/airflow/.local/lib/python3.11/site-packages/airflow/example_dags/tutorial_dag.py for tasks to queue
[2024-07-15T15:51:19.998+0000] {logging_mixin.py:188} INFO - [2024-07-15T15:51:19.998+0000] {dagbag.py:545} INFO - Filling up the DagBag from /home/airflow/.local/lib/python3.11/site-packages/airflow/example_dags/tutorial_dag.py
[2024-07-15T15:51:20.006+0000] {processor.py:840} INFO - DAG(s) 'tutorial_dag' retrieved from /home/airflow/.local/lib/python3.11/site-packages/airflow/example_dags/tutorial_dag.py
[2024-07-15T15:51:20.040+0000] {logging_mixin.py:188} INFO - [2024-07-15T15:51:20.040+0000] {dag.py:3096} INFO - Sync 1 DAGs
[2024-07-15T15:51:20.073+0000] {logging_mixin.py:188} INFO - [2024-07-15T15:51:20.073+0000] {dag.py:3954} INFO - Setting next_dagrun for tutorial_dag to None, run_after=None
[2024-07-15T15:51:20.114+0000] {processor.py:183} INFO - Processing /home/airflow/.local/lib/python3.11/site-packages/airflow/example_dags/tutorial_dag.py took 0.131 seconds
[2024-07-15T15:52:52.267+0000] {processor.py:161} INFO - Started process (PID=24787) to work on /home/airflow/.local/lib/python3.11/site-packages/airflow/example_dags/tutorial_dag.py
[2024-07-15T15:52:52.269+0000] {processor.py:830} INFO - Processing file /home/airflow/.local/lib/python3.11/site-packages/airflow/example_dags/tutorial_dag.py for tasks to queue
[2024-07-15T15:52:52.274+0000] {logging_mixin.py:188} INFO - [2024-07-15T15:52:52.273+0000] {dagbag.py:545} INFO - Filling up the DagBag from /home/airflow/.local/lib/python3.11/site-packages/airflow/example_dags/tutorial_dag.py
[2024-07-15T15:52:52.291+0000] {processor.py:840} INFO - DAG(s) 'tutorial_dag' retrieved from /home/airflow/.local/lib/python3.11/site-packages/airflow/example_dags/tutorial_dag.py
[2024-07-15T15:52:52.329+0000] {logging_mixin.py:188} INFO - [2024-07-15T15:52:52.328+0000] {dag.py:3096} INFO - Sync 1 DAGs
[2024-07-15T15:52:52.348+0000] {logging_mixin.py:188} INFO - [2024-07-15T15:52:52.348+0000] {dag.py:3954} INFO - Setting next_dagrun for tutorial_dag to None, run_after=None
[2024-07-15T15:52:52.377+0000] {processor.py:183} INFO - Processing /home/airflow/.local/lib/python3.11/site-packages/airflow/example_dags/tutorial_dag.py took 0.127 seconds
[2024-07-15T15:53:01.402+0000] {processor.py:161} INFO - Started process (PID=24840) to work on /home/airflow/.local/lib/python3.11/site-packages/airflow/example_dags/tutorial_dag.py
[2024-07-15T15:53:01.405+0000] {processor.py:830} INFO - Processing file /home/airflow/.local/lib/python3.11/site-packages/airflow/example_dags/tutorial_dag.py for tasks to queue
[2024-07-15T15:53:01.410+0000] {logging_mixin.py:188} INFO - [2024-07-15T15:53:01.409+0000] {dagbag.py:545} INFO - Filling up the DagBag from /home/airflow/.local/lib/python3.11/site-packages/airflow/example_dags/tutorial_dag.py
[2024-07-15T15:53:01.428+0000] {processor.py:840} INFO - DAG(s) 'tutorial_dag' retrieved from /home/airflow/.local/lib/python3.11/site-packages/airflow/example_dags/tutorial_dag.py
[2024-07-15T15:53:01.485+0000] {logging_mixin.py:188} INFO - [2024-07-15T15:53:01.485+0000] {dag.py:3096} INFO - Sync 1 DAGs
[2024-07-15T15:53:01.542+0000] {logging_mixin.py:188} INFO - [2024-07-15T15:53:01.541+0000] {dag.py:3954} INFO - Setting next_dagrun for tutorial_dag to None, run_after=None
[2024-07-15T15:53:01.600+0000] {processor.py:183} INFO - Processing /home/airflow/.local/lib/python3.11/site-packages/airflow/example_dags/tutorial_dag.py took 0.216 seconds
[2024-07-15T15:53:07.507+0000] {processor.py:161} INFO - Started process (PID=24892) to work on /home/airflow/.local/lib/python3.11/site-packages/airflow/example_dags/tutorial_dag.py
[2024-07-15T15:53:07.508+0000] {processor.py:830} INFO - Processing file /home/airflow/.local/lib/python3.11/site-packages/airflow/example_dags/tutorial_dag.py for tasks to queue
[2024-07-15T15:53:07.511+0000] {logging_mixin.py:188} INFO - [2024-07-15T15:53:07.511+0000] {dagbag.py:545} INFO - Filling up the DagBag from /home/airflow/.local/lib/python3.11/site-packages/airflow/example_dags/tutorial_dag.py
[2024-07-15T15:53:07.518+0000] {processor.py:840} INFO - DAG(s) 'tutorial_dag' retrieved from /home/airflow/.local/lib/python3.11/site-packages/airflow/example_dags/tutorial_dag.py
[2024-07-15T15:53:07.543+0000] {logging_mixin.py:188} INFO - [2024-07-15T15:53:07.543+0000] {dag.py:3096} INFO - Sync 1 DAGs
[2024-07-15T15:53:07.558+0000] {logging_mixin.py:188} INFO - [2024-07-15T15:53:07.558+0000] {dag.py:3954} INFO - Setting next_dagrun for tutorial_dag to None, run_after=None
[2024-07-15T15:53:07.583+0000] {processor.py:183} INFO - Processing /home/airflow/.local/lib/python3.11/site-packages/airflow/example_dags/tutorial_dag.py took 0.084 seconds
[2024-07-15T15:53:12.453+0000] {processor.py:161} INFO - Started process (PID=24946) to work on /home/airflow/.local/lib/python3.11/site-packages/airflow/example_dags/tutorial_dag.py
[2024-07-15T15:53:12.454+0000] {processor.py:830} INFO - Processing file /home/airflow/.local/lib/python3.11/site-packages/airflow/example_dags/tutorial_dag.py for tasks to queue
[2024-07-15T15:53:12.457+0000] {logging_mixin.py:188} INFO - [2024-07-15T15:53:12.457+0000] {dagbag.py:545} INFO - Filling up the DagBag from /home/airflow/.local/lib/python3.11/site-packages/airflow/example_dags/tutorial_dag.py
[2024-07-15T15:53:12.464+0000] {processor.py:840} INFO - DAG(s) 'tutorial_dag' retrieved from /home/airflow/.local/lib/python3.11/site-packages/airflow/example_dags/tutorial_dag.py
[2024-07-15T15:53:12.489+0000] {logging_mixin.py:188} INFO - [2024-07-15T15:53:12.489+0000] {dag.py:3096} INFO - Sync 1 DAGs
[2024-07-15T15:53:12.506+0000] {logging_mixin.py:188} INFO - [2024-07-15T15:53:12.506+0000] {dag.py:3954} INFO - Setting next_dagrun for tutorial_dag to None, run_after=None
[2024-07-15T15:53:12.530+0000] {processor.py:183} INFO - Processing /home/airflow/.local/lib/python3.11/site-packages/airflow/example_dags/tutorial_dag.py took 0.085 seconds
[2024-07-15T15:53:18.184+0000] {processor.py:161} INFO - Started process (PID=24998) to work on /home/airflow/.local/lib/python3.11/site-packages/airflow/example_dags/tutorial_dag.py
[2024-07-15T15:53:18.186+0000] {processor.py:830} INFO - Processing file /home/airflow/.local/lib/python3.11/site-packages/airflow/example_dags/tutorial_dag.py for tasks to queue
[2024-07-15T15:53:18.189+0000] {logging_mixin.py:188} INFO - [2024-07-15T15:53:18.188+0000] {dagbag.py:545} INFO - Filling up the DagBag from /home/airflow/.local/lib/python3.11/site-packages/airflow/example_dags/tutorial_dag.py
[2024-07-15T15:53:18.197+0000] {processor.py:840} INFO - DAG(s) 'tutorial_dag' retrieved from /home/airflow/.local/lib/python3.11/site-packages/airflow/example_dags/tutorial_dag.py
[2024-07-15T15:53:18.235+0000] {logging_mixin.py:188} INFO - [2024-07-15T15:53:18.235+0000] {dag.py:3096} INFO - Sync 1 DAGs
[2024-07-15T15:53:18.259+0000] {logging_mixin.py:188} INFO - [2024-07-15T15:53:18.259+0000] {dag.py:3954} INFO - Setting next_dagrun for tutorial_dag to None, run_after=None
[2024-07-15T15:53:18.289+0000] {processor.py:183} INFO - Processing /home/airflow/.local/lib/python3.11/site-packages/airflow/example_dags/tutorial_dag.py took 0.114 seconds
[2024-07-15T15:53:22.800+0000] {processor.py:161} INFO - Started process (PID=25058) to work on /home/airflow/.local/lib/python3.11/site-packages/airflow/example_dags/tutorial_dag.py
[2024-07-15T15:53:22.802+0000] {processor.py:830} INFO - Processing file /home/airflow/.local/lib/python3.11/site-packages/airflow/example_dags/tutorial_dag.py for tasks to queue
[2024-07-15T15:53:22.805+0000] {logging_mixin.py:188} INFO - [2024-07-15T15:53:22.804+0000] {dagbag.py:545} INFO - Filling up the DagBag from /home/airflow/.local/lib/python3.11/site-packages/airflow/example_dags/tutorial_dag.py
[2024-07-15T15:53:22.813+0000] {processor.py:840} INFO - DAG(s) 'tutorial_dag' retrieved from /home/airflow/.local/lib/python3.11/site-packages/airflow/example_dags/tutorial_dag.py
[2024-07-15T15:53:22.847+0000] {logging_mixin.py:188} INFO - [2024-07-15T15:53:22.847+0000] {dag.py:3096} INFO - Sync 1 DAGs
[2024-07-15T15:53:22.866+0000] {logging_mixin.py:188} INFO - [2024-07-15T15:53:22.865+0000] {dag.py:3954} INFO - Setting next_dagrun for tutorial_dag to None, run_after=None
[2024-07-15T15:53:22.905+0000] {processor.py:183} INFO - Processing /home/airflow/.local/lib/python3.11/site-packages/airflow/example_dags/tutorial_dag.py took 0.114 seconds
[2024-07-15T15:53:27.622+0000] {processor.py:161} INFO - Started process (PID=25110) to work on /home/airflow/.local/lib/python3.11/site-packages/airflow/example_dags/tutorial_dag.py
[2024-07-15T15:53:27.623+0000] {processor.py:830} INFO - Processing file /home/airflow/.local/lib/python3.11/site-packages/airflow/example_dags/tutorial_dag.py for tasks to queue
[2024-07-15T15:53:27.625+0000] {logging_mixin.py:188} INFO - [2024-07-15T15:53:27.625+0000] {dagbag.py:545} INFO - Filling up the DagBag from /home/airflow/.local/lib/python3.11/site-packages/airflow/example_dags/tutorial_dag.py
[2024-07-15T15:53:27.633+0000] {processor.py:840} INFO - DAG(s) 'tutorial_dag' retrieved from /home/airflow/.local/lib/python3.11/site-packages/airflow/example_dags/tutorial_dag.py
[2024-07-15T15:53:27.658+0000] {logging_mixin.py:188} INFO - [2024-07-15T15:53:27.658+0000] {dag.py:3096} INFO - Sync 1 DAGs
[2024-07-15T15:53:27.675+0000] {logging_mixin.py:188} INFO - [2024-07-15T15:53:27.674+0000] {dag.py:3954} INFO - Setting next_dagrun for tutorial_dag to None, run_after=None
[2024-07-15T15:53:27.696+0000] {processor.py:183} INFO - Processing /home/airflow/.local/lib/python3.11/site-packages/airflow/example_dags/tutorial_dag.py took 0.083 seconds
[2024-07-15T15:53:33.372+0000] {processor.py:161} INFO - Started process (PID=25164) to work on /home/airflow/.local/lib/python3.11/site-packages/airflow/example_dags/tutorial_dag.py
[2024-07-15T15:53:33.373+0000] {processor.py:830} INFO - Processing file /home/airflow/.local/lib/python3.11/site-packages/airflow/example_dags/tutorial_dag.py for tasks to queue
[2024-07-15T15:53:33.376+0000] {logging_mixin.py:188} INFO - [2024-07-15T15:53:33.375+0000] {dagbag.py:545} INFO - Filling up the DagBag from /home/airflow/.local/lib/python3.11/site-packages/airflow/example_dags/tutorial_dag.py
[2024-07-15T15:53:33.384+0000] {processor.py:840} INFO - DAG(s) 'tutorial_dag' retrieved from /home/airflow/.local/lib/python3.11/site-packages/airflow/example_dags/tutorial_dag.py
[2024-07-15T15:53:33.414+0000] {logging_mixin.py:188} INFO - [2024-07-15T15:53:33.414+0000] {dag.py:3096} INFO - Sync 1 DAGs
[2024-07-15T15:53:33.432+0000] {logging_mixin.py:188} INFO - [2024-07-15T15:53:33.432+0000] {dag.py:3954} INFO - Setting next_dagrun for tutorial_dag to None, run_after=None
[2024-07-15T15:53:33.457+0000] {processor.py:183} INFO - Processing /home/airflow/.local/lib/python3.11/site-packages/airflow/example_dags/tutorial_dag.py took 0.094 seconds
[2024-07-15T15:53:38.743+0000] {processor.py:161} INFO - Started process (PID=25216) to work on /home/airflow/.local/lib/python3.11/site-packages/airflow/example_dags/tutorial_dag.py
[2024-07-15T15:53:38.745+0000] {processor.py:830} INFO - Processing file /home/airflow/.local/lib/python3.11/site-packages/airflow/example_dags/tutorial_dag.py for tasks to queue
[2024-07-15T15:53:38.749+0000] {logging_mixin.py:188} INFO - [2024-07-15T15:53:38.748+0000] {dagbag.py:545} INFO - Filling up the DagBag from /home/airflow/.local/lib/python3.11/site-packages/airflow/example_dags/tutorial_dag.py
[2024-07-15T15:53:38.758+0000] {processor.py:840} INFO - DAG(s) 'tutorial_dag' retrieved from /home/airflow/.local/lib/python3.11/site-packages/airflow/example_dags/tutorial_dag.py
[2024-07-15T15:53:38.791+0000] {logging_mixin.py:188} INFO - [2024-07-15T15:53:38.790+0000] {dag.py:3096} INFO - Sync 1 DAGs
[2024-07-15T15:53:38.813+0000] {logging_mixin.py:188} INFO - [2024-07-15T15:53:38.812+0000] {dag.py:3954} INFO - Setting next_dagrun for tutorial_dag to None, run_after=None
[2024-07-15T15:53:38.860+0000] {processor.py:183} INFO - Processing /home/airflow/.local/lib/python3.11/site-packages/airflow/example_dags/tutorial_dag.py took 0.127 seconds
[2024-07-15T15:53:43.734+0000] {processor.py:161} INFO - Started process (PID=25270) to work on /home/airflow/.local/lib/python3.11/site-packages/airflow/example_dags/tutorial_dag.py
[2024-07-15T15:53:43.735+0000] {processor.py:830} INFO - Processing file /home/airflow/.local/lib/python3.11/site-packages/airflow/example_dags/tutorial_dag.py for tasks to queue
[2024-07-15T15:53:43.738+0000] {logging_mixin.py:188} INFO - [2024-07-15T15:53:43.737+0000] {dagbag.py:545} INFO - Filling up the DagBag from /home/airflow/.local/lib/python3.11/site-packages/airflow/example_dags/tutorial_dag.py
[2024-07-15T15:53:43.745+0000] {processor.py:840} INFO - DAG(s) 'tutorial_dag' retrieved from /home/airflow/.local/lib/python3.11/site-packages/airflow/example_dags/tutorial_dag.py
[2024-07-15T15:53:43.773+0000] {logging_mixin.py:188} INFO - [2024-07-15T15:53:43.773+0000] {dag.py:3096} INFO - Sync 1 DAGs
[2024-07-15T15:53:43.790+0000] {logging_mixin.py:188} INFO - [2024-07-15T15:53:43.790+0000] {dag.py:3954} INFO - Setting next_dagrun for tutorial_dag to None, run_after=None
[2024-07-15T15:53:43.814+0000] {processor.py:183} INFO - Processing /home/airflow/.local/lib/python3.11/site-packages/airflow/example_dags/tutorial_dag.py took 0.089 seconds
[2024-07-15T15:53:48.766+0000] {processor.py:161} INFO - Started process (PID=25322) to work on /home/airflow/.local/lib/python3.11/site-packages/airflow/example_dags/tutorial_dag.py
[2024-07-15T15:53:48.767+0000] {processor.py:830} INFO - Processing file /home/airflow/.local/lib/python3.11/site-packages/airflow/example_dags/tutorial_dag.py for tasks to queue
[2024-07-15T15:53:48.771+0000] {logging_mixin.py:188} INFO - [2024-07-15T15:53:48.770+0000] {dagbag.py:545} INFO - Filling up the DagBag from /home/airflow/.local/lib/python3.11/site-packages/airflow/example_dags/tutorial_dag.py
[2024-07-15T15:53:48.778+0000] {processor.py:840} INFO - DAG(s) 'tutorial_dag' retrieved from /home/airflow/.local/lib/python3.11/site-packages/airflow/example_dags/tutorial_dag.py
[2024-07-15T15:53:48.813+0000] {logging_mixin.py:188} INFO - [2024-07-15T15:53:48.812+0000] {dag.py:3096} INFO - Sync 1 DAGs
[2024-07-15T15:53:48.835+0000] {logging_mixin.py:188} INFO - [2024-07-15T15:53:48.835+0000] {dag.py:3954} INFO - Setting next_dagrun for tutorial_dag to None, run_after=None
[2024-07-15T15:53:48.872+0000] {processor.py:183} INFO - Processing /home/airflow/.local/lib/python3.11/site-packages/airflow/example_dags/tutorial_dag.py took 0.121 seconds
[2024-07-15T15:53:55.595+0000] {processor.py:161} INFO - Started process (PID=25381) to work on /home/airflow/.local/lib/python3.11/site-packages/airflow/example_dags/tutorial_dag.py
[2024-07-15T15:53:55.596+0000] {processor.py:830} INFO - Processing file /home/airflow/.local/lib/python3.11/site-packages/airflow/example_dags/tutorial_dag.py for tasks to queue
[2024-07-15T15:53:55.599+0000] {logging_mixin.py:188} INFO - [2024-07-15T15:53:55.599+0000] {dagbag.py:545} INFO - Filling up the DagBag from /home/airflow/.local/lib/python3.11/site-packages/airflow/example_dags/tutorial_dag.py
[2024-07-15T15:53:55.605+0000] {processor.py:840} INFO - DAG(s) 'tutorial_dag' retrieved from /home/airflow/.local/lib/python3.11/site-packages/airflow/example_dags/tutorial_dag.py
[2024-07-15T15:53:55.634+0000] {logging_mixin.py:188} INFO - [2024-07-15T15:53:55.634+0000] {dag.py:3096} INFO - Sync 1 DAGs
[2024-07-15T15:53:55.649+0000] {logging_mixin.py:188} INFO - [2024-07-15T15:53:55.649+0000] {dag.py:3954} INFO - Setting next_dagrun for tutorial_dag to None, run_after=None
[2024-07-15T15:53:55.672+0000] {processor.py:183} INFO - Processing /home/airflow/.local/lib/python3.11/site-packages/airflow/example_dags/tutorial_dag.py took 0.085 seconds
[2024-07-15T15:54:00.478+0000] {processor.py:161} INFO - Started process (PID=25433) to work on /home/airflow/.local/lib/python3.11/site-packages/airflow/example_dags/tutorial_dag.py
[2024-07-15T15:54:00.479+0000] {processor.py:830} INFO - Processing file /home/airflow/.local/lib/python3.11/site-packages/airflow/example_dags/tutorial_dag.py for tasks to queue
[2024-07-15T15:54:00.482+0000] {logging_mixin.py:188} INFO - [2024-07-15T15:54:00.482+0000] {dagbag.py:545} INFO - Filling up the DagBag from /home/airflow/.local/lib/python3.11/site-packages/airflow/example_dags/tutorial_dag.py
[2024-07-15T15:54:00.489+0000] {processor.py:840} INFO - DAG(s) 'tutorial_dag' retrieved from /home/airflow/.local/lib/python3.11/site-packages/airflow/example_dags/tutorial_dag.py
[2024-07-15T15:54:00.515+0000] {logging_mixin.py:188} INFO - [2024-07-15T15:54:00.515+0000] {dag.py:3096} INFO - Sync 1 DAGs
[2024-07-15T15:54:00.531+0000] {logging_mixin.py:188} INFO - [2024-07-15T15:54:00.530+0000] {dag.py:3954} INFO - Setting next_dagrun for tutorial_dag to None, run_after=None
[2024-07-15T15:54:00.554+0000] {processor.py:183} INFO - Processing /home/airflow/.local/lib/python3.11/site-packages/airflow/example_dags/tutorial_dag.py took 0.085 seconds
[2024-07-15T15:54:06.384+0000] {processor.py:161} INFO - Started process (PID=25487) to work on /home/airflow/.local/lib/python3.11/site-packages/airflow/example_dags/tutorial_dag.py
[2024-07-15T15:54:06.386+0000] {processor.py:830} INFO - Processing file /home/airflow/.local/lib/python3.11/site-packages/airflow/example_dags/tutorial_dag.py for tasks to queue
[2024-07-15T15:54:06.389+0000] {logging_mixin.py:188} INFO - [2024-07-15T15:54:06.388+0000] {dagbag.py:545} INFO - Filling up the DagBag from /home/airflow/.local/lib/python3.11/site-packages/airflow/example_dags/tutorial_dag.py
[2024-07-15T15:54:06.397+0000] {processor.py:840} INFO - DAG(s) 'tutorial_dag' retrieved from /home/airflow/.local/lib/python3.11/site-packages/airflow/example_dags/tutorial_dag.py
[2024-07-15T15:54:06.429+0000] {logging_mixin.py:188} INFO - [2024-07-15T15:54:06.429+0000] {dag.py:3096} INFO - Sync 1 DAGs
[2024-07-15T15:54:06.449+0000] {logging_mixin.py:188} INFO - [2024-07-15T15:54:06.449+0000] {dag.py:3954} INFO - Setting next_dagrun for tutorial_dag to None, run_after=None
[2024-07-15T15:54:06.477+0000] {processor.py:183} INFO - Processing /home/airflow/.local/lib/python3.11/site-packages/airflow/example_dags/tutorial_dag.py took 0.102 seconds
[2024-07-15T15:54:12.046+0000] {processor.py:161} INFO - Started process (PID=25539) to work on /home/airflow/.local/lib/python3.11/site-packages/airflow/example_dags/tutorial_dag.py
[2024-07-15T15:54:12.047+0000] {processor.py:830} INFO - Processing file /home/airflow/.local/lib/python3.11/site-packages/airflow/example_dags/tutorial_dag.py for tasks to queue
[2024-07-15T15:54:12.051+0000] {logging_mixin.py:188} INFO - [2024-07-15T15:54:12.050+0000] {dagbag.py:545} INFO - Filling up the DagBag from /home/airflow/.local/lib/python3.11/site-packages/airflow/example_dags/tutorial_dag.py
[2024-07-15T15:54:12.059+0000] {processor.py:840} INFO - DAG(s) 'tutorial_dag' retrieved from /home/airflow/.local/lib/python3.11/site-packages/airflow/example_dags/tutorial_dag.py
[2024-07-15T15:54:12.088+0000] {logging_mixin.py:188} INFO - [2024-07-15T15:54:12.088+0000] {dag.py:3096} INFO - Sync 1 DAGs
[2024-07-15T15:54:12.107+0000] {logging_mixin.py:188} INFO - [2024-07-15T15:54:12.106+0000] {dag.py:3954} INFO - Setting next_dagrun for tutorial_dag to None, run_after=None
[2024-07-15T15:54:12.134+0000] {processor.py:183} INFO - Processing /home/airflow/.local/lib/python3.11/site-packages/airflow/example_dags/tutorial_dag.py took 0.098 seconds
[2024-07-15T15:54:18.279+0000] {processor.py:161} INFO - Started process (PID=25592) to work on /home/airflow/.local/lib/python3.11/site-packages/airflow/example_dags/tutorial_dag.py
[2024-07-15T15:54:18.281+0000] {processor.py:830} INFO - Processing file /home/airflow/.local/lib/python3.11/site-packages/airflow/example_dags/tutorial_dag.py for tasks to queue
[2024-07-15T15:54:18.284+0000] {logging_mixin.py:188} INFO - [2024-07-15T15:54:18.283+0000] {dagbag.py:545} INFO - Filling up the DagBag from /home/airflow/.local/lib/python3.11/site-packages/airflow/example_dags/tutorial_dag.py
[2024-07-15T15:54:18.293+0000] {processor.py:840} INFO - DAG(s) 'tutorial_dag' retrieved from /home/airflow/.local/lib/python3.11/site-packages/airflow/example_dags/tutorial_dag.py
[2024-07-15T15:54:18.322+0000] {logging_mixin.py:188} INFO - [2024-07-15T15:54:18.321+0000] {dag.py:3096} INFO - Sync 1 DAGs
[2024-07-15T15:54:18.338+0000] {logging_mixin.py:188} INFO - [2024-07-15T15:54:18.338+0000] {dag.py:3954} INFO - Setting next_dagrun for tutorial_dag to None, run_after=None
[2024-07-15T15:54:18.363+0000] {processor.py:183} INFO - Processing /home/airflow/.local/lib/python3.11/site-packages/airflow/example_dags/tutorial_dag.py took 0.094 seconds
[2024-07-15T15:54:23.982+0000] {processor.py:161} INFO - Started process (PID=25650) to work on /home/airflow/.local/lib/python3.11/site-packages/airflow/example_dags/tutorial_dag.py
[2024-07-15T15:54:23.983+0000] {processor.py:830} INFO - Processing file /home/airflow/.local/lib/python3.11/site-packages/airflow/example_dags/tutorial_dag.py for tasks to queue
[2024-07-15T15:54:23.986+0000] {logging_mixin.py:188} INFO - [2024-07-15T15:54:23.986+0000] {dagbag.py:545} INFO - Filling up the DagBag from /home/airflow/.local/lib/python3.11/site-packages/airflow/example_dags/tutorial_dag.py
[2024-07-15T15:54:23.994+0000] {processor.py:840} INFO - DAG(s) 'tutorial_dag' retrieved from /home/airflow/.local/lib/python3.11/site-packages/airflow/example_dags/tutorial_dag.py
[2024-07-15T15:54:24.021+0000] {logging_mixin.py:188} INFO - [2024-07-15T15:54:24.020+0000] {dag.py:3096} INFO - Sync 1 DAGs
[2024-07-15T15:54:24.037+0000] {logging_mixin.py:188} INFO - [2024-07-15T15:54:24.036+0000] {dag.py:3954} INFO - Setting next_dagrun for tutorial_dag to None, run_after=None
[2024-07-15T15:54:24.235+0000] {processor.py:183} INFO - Processing /home/airflow/.local/lib/python3.11/site-packages/airflow/example_dags/tutorial_dag.py took 0.262 seconds
[2024-07-15T15:54:29.922+0000] {processor.py:161} INFO - Started process (PID=25703) to work on /home/airflow/.local/lib/python3.11/site-packages/airflow/example_dags/tutorial_dag.py
[2024-07-15T15:54:29.923+0000] {processor.py:830} INFO - Processing file /home/airflow/.local/lib/python3.11/site-packages/airflow/example_dags/tutorial_dag.py for tasks to queue
[2024-07-15T15:54:29.926+0000] {logging_mixin.py:188} INFO - [2024-07-15T15:54:29.925+0000] {dagbag.py:545} INFO - Filling up the DagBag from /home/airflow/.local/lib/python3.11/site-packages/airflow/example_dags/tutorial_dag.py
[2024-07-15T15:54:29.933+0000] {processor.py:840} INFO - DAG(s) 'tutorial_dag' retrieved from /home/airflow/.local/lib/python3.11/site-packages/airflow/example_dags/tutorial_dag.py
[2024-07-15T15:54:29.959+0000] {logging_mixin.py:188} INFO - [2024-07-15T15:54:29.959+0000] {dag.py:3096} INFO - Sync 1 DAGs
[2024-07-15T15:54:29.976+0000] {logging_mixin.py:188} INFO - [2024-07-15T15:54:29.976+0000] {dag.py:3954} INFO - Setting next_dagrun for tutorial_dag to None, run_after=None
[2024-07-15T15:54:30.001+0000] {processor.py:183} INFO - Processing /home/airflow/.local/lib/python3.11/site-packages/airflow/example_dags/tutorial_dag.py took 0.087 seconds
[2024-07-15T15:54:43.715+0000] {processor.py:161} INFO - Started process (PID=25755) to work on /home/airflow/.local/lib/python3.11/site-packages/airflow/example_dags/tutorial_dag.py
[2024-07-15T15:54:43.717+0000] {processor.py:830} INFO - Processing file /home/airflow/.local/lib/python3.11/site-packages/airflow/example_dags/tutorial_dag.py for tasks to queue
[2024-07-15T15:54:43.724+0000] {logging_mixin.py:188} INFO - [2024-07-15T15:54:43.723+0000] {dagbag.py:545} INFO - Filling up the DagBag from /home/airflow/.local/lib/python3.11/site-packages/airflow/example_dags/tutorial_dag.py
[2024-07-15T15:54:43.741+0000] {processor.py:840} INFO - DAG(s) 'tutorial_dag' retrieved from /home/airflow/.local/lib/python3.11/site-packages/airflow/example_dags/tutorial_dag.py
[2024-07-15T15:54:43.797+0000] {logging_mixin.py:188} INFO - [2024-07-15T15:54:43.796+0000] {dag.py:3096} INFO - Sync 1 DAGs
[2024-07-15T15:54:43.832+0000] {logging_mixin.py:188} INFO - [2024-07-15T15:54:43.831+0000] {dag.py:3954} INFO - Setting next_dagrun for tutorial_dag to None, run_after=None
[2024-07-15T15:54:43.869+0000] {processor.py:183} INFO - Processing /home/airflow/.local/lib/python3.11/site-packages/airflow/example_dags/tutorial_dag.py took 0.171 seconds
[2024-07-15T15:54:53.042+0000] {processor.py:161} INFO - Started process (PID=25815) to work on /home/airflow/.local/lib/python3.11/site-packages/airflow/example_dags/tutorial_dag.py
[2024-07-15T15:54:53.044+0000] {processor.py:830} INFO - Processing file /home/airflow/.local/lib/python3.11/site-packages/airflow/example_dags/tutorial_dag.py for tasks to queue
[2024-07-15T15:54:53.049+0000] {logging_mixin.py:188} INFO - [2024-07-15T15:54:53.048+0000] {dagbag.py:545} INFO - Filling up the DagBag from /home/airflow/.local/lib/python3.11/site-packages/airflow/example_dags/tutorial_dag.py
[2024-07-15T15:54:53.063+0000] {processor.py:840} INFO - DAG(s) 'tutorial_dag' retrieved from /home/airflow/.local/lib/python3.11/site-packages/airflow/example_dags/tutorial_dag.py
[2024-07-15T15:54:53.111+0000] {logging_mixin.py:188} INFO - [2024-07-15T15:54:53.110+0000] {dag.py:3096} INFO - Sync 1 DAGs
[2024-07-15T15:54:53.377+0000] {logging_mixin.py:188} INFO - [2024-07-15T15:54:53.376+0000] {dag.py:3954} INFO - Setting next_dagrun for tutorial_dag to None, run_after=None
[2024-07-15T15:54:53.408+0000] {processor.py:183} INFO - Processing /home/airflow/.local/lib/python3.11/site-packages/airflow/example_dags/tutorial_dag.py took 0.380 seconds
[2024-07-15T15:55:01.299+0000] {processor.py:161} INFO - Started process (PID=25867) to work on /home/airflow/.local/lib/python3.11/site-packages/airflow/example_dags/tutorial_dag.py
[2024-07-15T15:55:01.306+0000] {processor.py:830} INFO - Processing file /home/airflow/.local/lib/python3.11/site-packages/airflow/example_dags/tutorial_dag.py for tasks to queue
[2024-07-15T15:55:01.311+0000] {logging_mixin.py:188} INFO - [2024-07-15T15:55:01.310+0000] {dagbag.py:545} INFO - Filling up the DagBag from /home/airflow/.local/lib/python3.11/site-packages/airflow/example_dags/tutorial_dag.py
[2024-07-15T15:55:01.328+0000] {processor.py:840} INFO - DAG(s) 'tutorial_dag' retrieved from /home/airflow/.local/lib/python3.11/site-packages/airflow/example_dags/tutorial_dag.py
[2024-07-15T15:55:01.392+0000] {logging_mixin.py:188} INFO - [2024-07-15T15:55:01.391+0000] {dag.py:3096} INFO - Sync 1 DAGs
[2024-07-15T15:55:01.438+0000] {logging_mixin.py:188} INFO - [2024-07-15T15:55:01.437+0000] {dag.py:3954} INFO - Setting next_dagrun for tutorial_dag to None, run_after=None
[2024-07-15T15:55:01.561+0000] {processor.py:183} INFO - Processing /home/airflow/.local/lib/python3.11/site-packages/airflow/example_dags/tutorial_dag.py took 0.280 seconds
[2024-07-15T15:55:15.673+0000] {processor.py:161} INFO - Started process (PID=25920) to work on /home/airflow/.local/lib/python3.11/site-packages/airflow/example_dags/tutorial_dag.py
[2024-07-15T15:55:15.679+0000] {processor.py:830} INFO - Processing file /home/airflow/.local/lib/python3.11/site-packages/airflow/example_dags/tutorial_dag.py for tasks to queue
[2024-07-15T15:55:15.685+0000] {logging_mixin.py:188} INFO - [2024-07-15T15:55:15.684+0000] {dagbag.py:545} INFO - Filling up the DagBag from /home/airflow/.local/lib/python3.11/site-packages/airflow/example_dags/tutorial_dag.py
[2024-07-15T15:55:15.707+0000] {processor.py:840} INFO - DAG(s) 'tutorial_dag' retrieved from /home/airflow/.local/lib/python3.11/site-packages/airflow/example_dags/tutorial_dag.py
[2024-07-15T15:55:15.835+0000] {logging_mixin.py:188} INFO - [2024-07-15T15:55:15.835+0000] {dag.py:3096} INFO - Sync 1 DAGs
[2024-07-15T15:55:15.958+0000] {logging_mixin.py:188} INFO - [2024-07-15T15:55:15.958+0000] {dag.py:3954} INFO - Setting next_dagrun for tutorial_dag to None, run_after=None
[2024-07-15T15:55:16.069+0000] {processor.py:183} INFO - Processing /home/airflow/.local/lib/python3.11/site-packages/airflow/example_dags/tutorial_dag.py took 0.417 seconds
[2024-07-15T15:55:26.380+0000] {processor.py:161} INFO - Started process (PID=25978) to work on /home/airflow/.local/lib/python3.11/site-packages/airflow/example_dags/tutorial_dag.py
[2024-07-15T15:55:26.381+0000] {processor.py:830} INFO - Processing file /home/airflow/.local/lib/python3.11/site-packages/airflow/example_dags/tutorial_dag.py for tasks to queue
[2024-07-15T15:55:26.385+0000] {logging_mixin.py:188} INFO - [2024-07-15T15:55:26.385+0000] {dagbag.py:545} INFO - Filling up the DagBag from /home/airflow/.local/lib/python3.11/site-packages/airflow/example_dags/tutorial_dag.py
[2024-07-15T15:55:26.396+0000] {processor.py:840} INFO - DAG(s) 'tutorial_dag' retrieved from /home/airflow/.local/lib/python3.11/site-packages/airflow/example_dags/tutorial_dag.py
[2024-07-15T15:55:26.427+0000] {logging_mixin.py:188} INFO - [2024-07-15T15:55:26.427+0000] {dag.py:3096} INFO - Sync 1 DAGs
[2024-07-15T15:55:26.626+0000] {logging_mixin.py:188} INFO - [2024-07-15T15:55:26.626+0000] {dag.py:3954} INFO - Setting next_dagrun for tutorial_dag to None, run_after=None
[2024-07-15T15:55:26.653+0000] {processor.py:183} INFO - Processing /home/airflow/.local/lib/python3.11/site-packages/airflow/example_dags/tutorial_dag.py took 0.283 seconds
[2024-07-15T15:55:36.318+0000] {processor.py:161} INFO - Started process (PID=26031) to work on /home/airflow/.local/lib/python3.11/site-packages/airflow/example_dags/tutorial_dag.py
[2024-07-15T15:55:36.319+0000] {processor.py:830} INFO - Processing file /home/airflow/.local/lib/python3.11/site-packages/airflow/example_dags/tutorial_dag.py for tasks to queue
[2024-07-15T15:55:36.323+0000] {logging_mixin.py:188} INFO - [2024-07-15T15:55:36.322+0000] {dagbag.py:545} INFO - Filling up the DagBag from /home/airflow/.local/lib/python3.11/site-packages/airflow/example_dags/tutorial_dag.py
[2024-07-15T15:55:36.335+0000] {processor.py:840} INFO - DAG(s) 'tutorial_dag' retrieved from /home/airflow/.local/lib/python3.11/site-packages/airflow/example_dags/tutorial_dag.py
[2024-07-15T15:55:36.371+0000] {logging_mixin.py:188} INFO - [2024-07-15T15:55:36.371+0000] {dag.py:3096} INFO - Sync 1 DAGs
[2024-07-15T15:55:36.395+0000] {logging_mixin.py:188} INFO - [2024-07-15T15:55:36.394+0000] {dag.py:3954} INFO - Setting next_dagrun for tutorial_dag to None, run_after=None
[2024-07-15T15:55:36.427+0000] {processor.py:183} INFO - Processing /home/airflow/.local/lib/python3.11/site-packages/airflow/example_dags/tutorial_dag.py took 0.123 seconds
[2024-07-15T15:55:41.792+0000] {processor.py:161} INFO - Started process (PID=26083) to work on /home/airflow/.local/lib/python3.11/site-packages/airflow/example_dags/tutorial_dag.py
[2024-07-15T15:55:41.794+0000] {processor.py:830} INFO - Processing file /home/airflow/.local/lib/python3.11/site-packages/airflow/example_dags/tutorial_dag.py for tasks to queue
[2024-07-15T15:55:41.797+0000] {logging_mixin.py:188} INFO - [2024-07-15T15:55:41.796+0000] {dagbag.py:545} INFO - Filling up the DagBag from /home/airflow/.local/lib/python3.11/site-packages/airflow/example_dags/tutorial_dag.py
[2024-07-15T15:55:41.806+0000] {processor.py:840} INFO - DAG(s) 'tutorial_dag' retrieved from /home/airflow/.local/lib/python3.11/site-packages/airflow/example_dags/tutorial_dag.py
[2024-07-15T15:55:41.847+0000] {logging_mixin.py:188} INFO - [2024-07-15T15:55:41.847+0000] {dag.py:3096} INFO - Sync 1 DAGs
[2024-07-15T15:55:41.868+0000] {logging_mixin.py:188} INFO - [2024-07-15T15:55:41.868+0000] {dag.py:3954} INFO - Setting next_dagrun for tutorial_dag to None, run_after=None
[2024-07-15T15:55:41.902+0000] {processor.py:183} INFO - Processing /home/airflow/.local/lib/python3.11/site-packages/airflow/example_dags/tutorial_dag.py took 0.122 seconds
[2024-07-15T15:55:47.802+0000] {processor.py:161} INFO - Started process (PID=26136) to work on /home/airflow/.local/lib/python3.11/site-packages/airflow/example_dags/tutorial_dag.py
[2024-07-15T15:55:47.803+0000] {processor.py:830} INFO - Processing file /home/airflow/.local/lib/python3.11/site-packages/airflow/example_dags/tutorial_dag.py for tasks to queue
[2024-07-15T15:55:47.806+0000] {logging_mixin.py:188} INFO - [2024-07-15T15:55:47.806+0000] {dagbag.py:545} INFO - Filling up the DagBag from /home/airflow/.local/lib/python3.11/site-packages/airflow/example_dags/tutorial_dag.py
[2024-07-15T15:55:47.814+0000] {processor.py:840} INFO - DAG(s) 'tutorial_dag' retrieved from /home/airflow/.local/lib/python3.11/site-packages/airflow/example_dags/tutorial_dag.py
[2024-07-15T15:55:47.847+0000] {logging_mixin.py:188} INFO - [2024-07-15T15:55:47.846+0000] {dag.py:3096} INFO - Sync 1 DAGs
[2024-07-15T15:55:47.866+0000] {logging_mixin.py:188} INFO - [2024-07-15T15:55:47.866+0000] {dag.py:3954} INFO - Setting next_dagrun for tutorial_dag to None, run_after=None
[2024-07-15T15:55:47.899+0000] {processor.py:183} INFO - Processing /home/airflow/.local/lib/python3.11/site-packages/airflow/example_dags/tutorial_dag.py took 0.105 seconds
[2024-07-15T15:55:54.603+0000] {processor.py:161} INFO - Started process (PID=26193) to work on /home/airflow/.local/lib/python3.11/site-packages/airflow/example_dags/tutorial_dag.py
[2024-07-15T15:55:54.604+0000] {processor.py:830} INFO - Processing file /home/airflow/.local/lib/python3.11/site-packages/airflow/example_dags/tutorial_dag.py for tasks to queue
[2024-07-15T15:55:54.608+0000] {logging_mixin.py:188} INFO - [2024-07-15T15:55:54.607+0000] {dagbag.py:545} INFO - Filling up the DagBag from /home/airflow/.local/lib/python3.11/site-packages/airflow/example_dags/tutorial_dag.py
[2024-07-15T15:55:54.616+0000] {processor.py:840} INFO - DAG(s) 'tutorial_dag' retrieved from /home/airflow/.local/lib/python3.11/site-packages/airflow/example_dags/tutorial_dag.py
[2024-07-15T15:55:54.648+0000] {logging_mixin.py:188} INFO - [2024-07-15T15:55:54.648+0000] {dag.py:3096} INFO - Sync 1 DAGs
[2024-07-15T15:55:54.671+0000] {logging_mixin.py:188} INFO - [2024-07-15T15:55:54.671+0000] {dag.py:3954} INFO - Setting next_dagrun for tutorial_dag to None, run_after=None
[2024-07-15T15:55:54.708+0000] {processor.py:183} INFO - Processing /home/airflow/.local/lib/python3.11/site-packages/airflow/example_dags/tutorial_dag.py took 0.116 seconds
[2024-07-15T15:56:02.666+0000] {processor.py:161} INFO - Started process (PID=26246) to work on /home/airflow/.local/lib/python3.11/site-packages/airflow/example_dags/tutorial_dag.py
[2024-07-15T15:56:02.667+0000] {processor.py:830} INFO - Processing file /home/airflow/.local/lib/python3.11/site-packages/airflow/example_dags/tutorial_dag.py for tasks to queue
[2024-07-15T15:56:02.670+0000] {logging_mixin.py:188} INFO - [2024-07-15T15:56:02.670+0000] {dagbag.py:545} INFO - Filling up the DagBag from /home/airflow/.local/lib/python3.11/site-packages/airflow/example_dags/tutorial_dag.py
[2024-07-15T15:56:02.680+0000] {processor.py:840} INFO - DAG(s) 'tutorial_dag' retrieved from /home/airflow/.local/lib/python3.11/site-packages/airflow/example_dags/tutorial_dag.py
[2024-07-15T15:56:02.714+0000] {logging_mixin.py:188} INFO - [2024-07-15T15:56:02.714+0000] {dag.py:3096} INFO - Sync 1 DAGs
[2024-07-15T15:56:02.744+0000] {logging_mixin.py:188} INFO - [2024-07-15T15:56:02.744+0000] {dag.py:3954} INFO - Setting next_dagrun for tutorial_dag to None, run_after=None
[2024-07-15T15:56:02.801+0000] {processor.py:183} INFO - Processing /home/airflow/.local/lib/python3.11/site-packages/airflow/example_dags/tutorial_dag.py took 0.145 seconds
[2024-07-15T15:56:08.952+0000] {processor.py:161} INFO - Started process (PID=26298) to work on /home/airflow/.local/lib/python3.11/site-packages/airflow/example_dags/tutorial_dag.py
[2024-07-15T15:56:08.954+0000] {processor.py:830} INFO - Processing file /home/airflow/.local/lib/python3.11/site-packages/airflow/example_dags/tutorial_dag.py for tasks to queue
[2024-07-15T15:56:08.957+0000] {logging_mixin.py:188} INFO - [2024-07-15T15:56:08.957+0000] {dagbag.py:545} INFO - Filling up the DagBag from /home/airflow/.local/lib/python3.11/site-packages/airflow/example_dags/tutorial_dag.py
[2024-07-15T15:56:08.965+0000] {processor.py:840} INFO - DAG(s) 'tutorial_dag' retrieved from /home/airflow/.local/lib/python3.11/site-packages/airflow/example_dags/tutorial_dag.py
[2024-07-15T15:56:08.996+0000] {logging_mixin.py:188} INFO - [2024-07-15T15:56:08.995+0000] {dag.py:3096} INFO - Sync 1 DAGs
[2024-07-15T15:56:09.015+0000] {logging_mixin.py:188} INFO - [2024-07-15T15:56:09.015+0000] {dag.py:3954} INFO - Setting next_dagrun for tutorial_dag to None, run_after=None
[2024-07-15T15:56:09.049+0000] {processor.py:183} INFO - Processing /home/airflow/.local/lib/python3.11/site-packages/airflow/example_dags/tutorial_dag.py took 0.107 seconds
[2024-07-15T15:56:14.872+0000] {processor.py:161} INFO - Started process (PID=26351) to work on /home/airflow/.local/lib/python3.11/site-packages/airflow/example_dags/tutorial_dag.py
[2024-07-15T15:56:14.874+0000] {processor.py:830} INFO - Processing file /home/airflow/.local/lib/python3.11/site-packages/airflow/example_dags/tutorial_dag.py for tasks to queue
[2024-07-15T15:56:14.879+0000] {logging_mixin.py:188} INFO - [2024-07-15T15:56:14.878+0000] {dagbag.py:545} INFO - Filling up the DagBag from /home/airflow/.local/lib/python3.11/site-packages/airflow/example_dags/tutorial_dag.py
[2024-07-15T15:56:14.890+0000] {processor.py:840} INFO - DAG(s) 'tutorial_dag' retrieved from /home/airflow/.local/lib/python3.11/site-packages/airflow/example_dags/tutorial_dag.py
[2024-07-15T15:56:14.935+0000] {logging_mixin.py:188} INFO - [2024-07-15T15:56:14.934+0000] {dag.py:3096} INFO - Sync 1 DAGs
[2024-07-15T15:56:14.969+0000] {logging_mixin.py:188} INFO - [2024-07-15T15:56:14.968+0000] {dag.py:3954} INFO - Setting next_dagrun for tutorial_dag to None, run_after=None
[2024-07-15T15:56:15.030+0000] {processor.py:183} INFO - Processing /home/airflow/.local/lib/python3.11/site-packages/airflow/example_dags/tutorial_dag.py took 0.168 seconds
[2024-07-15T15:56:21.562+0000] {processor.py:161} INFO - Started process (PID=26403) to work on /home/airflow/.local/lib/python3.11/site-packages/airflow/example_dags/tutorial_dag.py
[2024-07-15T15:56:21.564+0000] {processor.py:830} INFO - Processing file /home/airflow/.local/lib/python3.11/site-packages/airflow/example_dags/tutorial_dag.py for tasks to queue
[2024-07-15T15:56:21.567+0000] {logging_mixin.py:188} INFO - [2024-07-15T15:56:21.566+0000] {dagbag.py:545} INFO - Filling up the DagBag from /home/airflow/.local/lib/python3.11/site-packages/airflow/example_dags/tutorial_dag.py
[2024-07-15T15:56:21.575+0000] {processor.py:840} INFO - DAG(s) 'tutorial_dag' retrieved from /home/airflow/.local/lib/python3.11/site-packages/airflow/example_dags/tutorial_dag.py
[2024-07-15T15:56:21.603+0000] {logging_mixin.py:188} INFO - [2024-07-15T15:56:21.603+0000] {dag.py:3096} INFO - Sync 1 DAGs
[2024-07-15T15:56:21.621+0000] {logging_mixin.py:188} INFO - [2024-07-15T15:56:21.621+0000] {dag.py:3954} INFO - Setting next_dagrun for tutorial_dag to None, run_after=None
[2024-07-15T15:56:21.649+0000] {processor.py:183} INFO - Processing /home/airflow/.local/lib/python3.11/site-packages/airflow/example_dags/tutorial_dag.py took 0.096 seconds
[2024-07-15T15:56:29.955+0000] {processor.py:161} INFO - Started process (PID=26462) to work on /home/airflow/.local/lib/python3.11/site-packages/airflow/example_dags/tutorial_dag.py
[2024-07-15T15:56:29.956+0000] {processor.py:830} INFO - Processing file /home/airflow/.local/lib/python3.11/site-packages/airflow/example_dags/tutorial_dag.py for tasks to queue
[2024-07-15T15:56:29.960+0000] {logging_mixin.py:188} INFO - [2024-07-15T15:56:29.959+0000] {dagbag.py:545} INFO - Filling up the DagBag from /home/airflow/.local/lib/python3.11/site-packages/airflow/example_dags/tutorial_dag.py
[2024-07-15T15:56:29.969+0000] {processor.py:840} INFO - DAG(s) 'tutorial_dag' retrieved from /home/airflow/.local/lib/python3.11/site-packages/airflow/example_dags/tutorial_dag.py
[2024-07-15T15:56:30.010+0000] {logging_mixin.py:188} INFO - [2024-07-15T15:56:30.009+0000] {dag.py:3096} INFO - Sync 1 DAGs
[2024-07-15T15:56:30.035+0000] {logging_mixin.py:188} INFO - [2024-07-15T15:56:30.034+0000] {dag.py:3954} INFO - Setting next_dagrun for tutorial_dag to None, run_after=None
[2024-07-15T15:56:30.060+0000] {processor.py:183} INFO - Processing /home/airflow/.local/lib/python3.11/site-packages/airflow/example_dags/tutorial_dag.py took 0.121 seconds
[2024-07-15T15:56:37.686+0000] {processor.py:161} INFO - Started process (PID=26514) to work on /home/airflow/.local/lib/python3.11/site-packages/airflow/example_dags/tutorial_dag.py
[2024-07-15T15:56:37.688+0000] {processor.py:830} INFO - Processing file /home/airflow/.local/lib/python3.11/site-packages/airflow/example_dags/tutorial_dag.py for tasks to queue
[2024-07-15T15:56:37.693+0000] {logging_mixin.py:188} INFO - [2024-07-15T15:56:37.692+0000] {dagbag.py:545} INFO - Filling up the DagBag from /home/airflow/.local/lib/python3.11/site-packages/airflow/example_dags/tutorial_dag.py
[2024-07-15T15:56:37.703+0000] {processor.py:840} INFO - DAG(s) 'tutorial_dag' retrieved from /home/airflow/.local/lib/python3.11/site-packages/airflow/example_dags/tutorial_dag.py
[2024-07-15T15:56:37.746+0000] {logging_mixin.py:188} INFO - [2024-07-15T15:56:37.746+0000] {dag.py:3096} INFO - Sync 1 DAGs
[2024-07-15T15:56:37.778+0000] {logging_mixin.py:188} INFO - [2024-07-15T15:56:37.777+0000] {dag.py:3954} INFO - Setting next_dagrun for tutorial_dag to None, run_after=None
[2024-07-15T15:56:37.817+0000] {processor.py:183} INFO - Processing /home/airflow/.local/lib/python3.11/site-packages/airflow/example_dags/tutorial_dag.py took 0.145 seconds
[2024-07-15T15:56:43.375+0000] {processor.py:161} INFO - Started process (PID=26568) to work on /home/airflow/.local/lib/python3.11/site-packages/airflow/example_dags/tutorial_dag.py
[2024-07-15T15:56:43.377+0000] {processor.py:830} INFO - Processing file /home/airflow/.local/lib/python3.11/site-packages/airflow/example_dags/tutorial_dag.py for tasks to queue
[2024-07-15T15:56:43.380+0000] {logging_mixin.py:188} INFO - [2024-07-15T15:56:43.379+0000] {dagbag.py:545} INFO - Filling up the DagBag from /home/airflow/.local/lib/python3.11/site-packages/airflow/example_dags/tutorial_dag.py
[2024-07-15T15:56:43.387+0000] {processor.py:840} INFO - DAG(s) 'tutorial_dag' retrieved from /home/airflow/.local/lib/python3.11/site-packages/airflow/example_dags/tutorial_dag.py
[2024-07-15T15:56:43.414+0000] {logging_mixin.py:188} INFO - [2024-07-15T15:56:43.413+0000] {dag.py:3096} INFO - Sync 1 DAGs
[2024-07-15T15:56:43.431+0000] {logging_mixin.py:188} INFO - [2024-07-15T15:56:43.431+0000] {dag.py:3954} INFO - Setting next_dagrun for tutorial_dag to None, run_after=None
[2024-07-15T15:56:43.454+0000] {processor.py:183} INFO - Processing /home/airflow/.local/lib/python3.11/site-packages/airflow/example_dags/tutorial_dag.py took 0.088 seconds
[2024-07-15T15:56:48.030+0000] {processor.py:161} INFO - Started process (PID=26620) to work on /home/airflow/.local/lib/python3.11/site-packages/airflow/example_dags/tutorial_dag.py
[2024-07-15T15:56:48.032+0000] {processor.py:830} INFO - Processing file /home/airflow/.local/lib/python3.11/site-packages/airflow/example_dags/tutorial_dag.py for tasks to queue
[2024-07-15T15:56:48.035+0000] {logging_mixin.py:188} INFO - [2024-07-15T15:56:48.034+0000] {dagbag.py:545} INFO - Filling up the DagBag from /home/airflow/.local/lib/python3.11/site-packages/airflow/example_dags/tutorial_dag.py
[2024-07-15T15:56:48.042+0000] {processor.py:840} INFO - DAG(s) 'tutorial_dag' retrieved from /home/airflow/.local/lib/python3.11/site-packages/airflow/example_dags/tutorial_dag.py
[2024-07-15T15:56:48.070+0000] {logging_mixin.py:188} INFO - [2024-07-15T15:56:48.070+0000] {dag.py:3096} INFO - Sync 1 DAGs
[2024-07-15T15:56:48.087+0000] {logging_mixin.py:188} INFO - [2024-07-15T15:56:48.087+0000] {dag.py:3954} INFO - Setting next_dagrun for tutorial_dag to None, run_after=None
[2024-07-15T15:56:48.110+0000] {processor.py:183} INFO - Processing /home/airflow/.local/lib/python3.11/site-packages/airflow/example_dags/tutorial_dag.py took 0.088 seconds
[2024-07-15T15:56:54.269+0000] {processor.py:161} INFO - Started process (PID=26680) to work on /home/airflow/.local/lib/python3.11/site-packages/airflow/example_dags/tutorial_dag.py
[2024-07-15T15:56:54.270+0000] {processor.py:830} INFO - Processing file /home/airflow/.local/lib/python3.11/site-packages/airflow/example_dags/tutorial_dag.py for tasks to queue
[2024-07-15T15:56:54.273+0000] {logging_mixin.py:188} INFO - [2024-07-15T15:56:54.272+0000] {dagbag.py:545} INFO - Filling up the DagBag from /home/airflow/.local/lib/python3.11/site-packages/airflow/example_dags/tutorial_dag.py
[2024-07-15T15:56:54.279+0000] {processor.py:840} INFO - DAG(s) 'tutorial_dag' retrieved from /home/airflow/.local/lib/python3.11/site-packages/airflow/example_dags/tutorial_dag.py
[2024-07-15T15:56:54.307+0000] {logging_mixin.py:188} INFO - [2024-07-15T15:56:54.306+0000] {dag.py:3096} INFO - Sync 1 DAGs
[2024-07-15T15:56:54.324+0000] {logging_mixin.py:188} INFO - [2024-07-15T15:56:54.323+0000] {dag.py:3954} INFO - Setting next_dagrun for tutorial_dag to None, run_after=None
[2024-07-15T15:56:54.351+0000] {processor.py:183} INFO - Processing /home/airflow/.local/lib/python3.11/site-packages/airflow/example_dags/tutorial_dag.py took 0.089 seconds
[2024-07-15T15:56:58.817+0000] {processor.py:161} INFO - Started process (PID=26732) to work on /home/airflow/.local/lib/python3.11/site-packages/airflow/example_dags/tutorial_dag.py
[2024-07-15T15:56:58.819+0000] {processor.py:830} INFO - Processing file /home/airflow/.local/lib/python3.11/site-packages/airflow/example_dags/tutorial_dag.py for tasks to queue
[2024-07-15T15:56:58.822+0000] {logging_mixin.py:188} INFO - [2024-07-15T15:56:58.821+0000] {dagbag.py:545} INFO - Filling up the DagBag from /home/airflow/.local/lib/python3.11/site-packages/airflow/example_dags/tutorial_dag.py
[2024-07-15T15:56:58.830+0000] {processor.py:840} INFO - DAG(s) 'tutorial_dag' retrieved from /home/airflow/.local/lib/python3.11/site-packages/airflow/example_dags/tutorial_dag.py
[2024-07-15T15:56:58.858+0000] {logging_mixin.py:188} INFO - [2024-07-15T15:56:58.858+0000] {dag.py:3096} INFO - Sync 1 DAGs
[2024-07-15T15:56:58.876+0000] {logging_mixin.py:188} INFO - [2024-07-15T15:56:58.875+0000] {dag.py:3954} INFO - Setting next_dagrun for tutorial_dag to None, run_after=None
[2024-07-15T15:56:58.901+0000] {processor.py:183} INFO - Processing /home/airflow/.local/lib/python3.11/site-packages/airflow/example_dags/tutorial_dag.py took 0.093 seconds
