[2024-07-15T15:49:09.219+0000] {processor.py:161} INFO - Started process (PID=22645) to work on /home/airflow/.local/lib/python3.11/site-packages/airflow/example_dags/tutorial_taskflow_api.py
[2024-07-15T15:49:09.227+0000] {processor.py:830} INFO - Processing file /home/airflow/.local/lib/python3.11/site-packages/airflow/example_dags/tutorial_taskflow_api.py for tasks to queue
[2024-07-15T15:49:09.231+0000] {logging_mixin.py:188} INFO - [2024-07-15T15:49:09.230+0000] {dagbag.py:545} INFO - Filling up the DagBag from /home/airflow/.local/lib/python3.11/site-packages/airflow/example_dags/tutorial_taskflow_api.py
[2024-07-15T15:49:09.274+0000] {processor.py:840} INFO - DAG(s) 'tutorial_taskflow_api' retrieved from /home/airflow/.local/lib/python3.11/site-packages/airflow/example_dags/tutorial_taskflow_api.py
[2024-07-15T15:49:09.330+0000] {logging_mixin.py:188} INFO - [2024-07-15T15:49:09.329+0000] {dag.py:3096} INFO - Sync 1 DAGs
[2024-07-15T15:49:09.388+0000] {logging_mixin.py:188} INFO - [2024-07-15T15:49:09.388+0000] {dag.py:3954} INFO - Setting next_dagrun for tutorial_taskflow_api to None, run_after=None
[2024-07-15T15:49:09.461+0000] {processor.py:183} INFO - Processing /home/airflow/.local/lib/python3.11/site-packages/airflow/example_dags/tutorial_taskflow_api.py took 0.260 seconds
[2024-07-15T15:49:16.107+0000] {processor.py:161} INFO - Started process (PID=22697) to work on /home/airflow/.local/lib/python3.11/site-packages/airflow/example_dags/tutorial_taskflow_api.py
[2024-07-15T15:49:16.109+0000] {processor.py:830} INFO - Processing file /home/airflow/.local/lib/python3.11/site-packages/airflow/example_dags/tutorial_taskflow_api.py for tasks to queue
[2024-07-15T15:49:16.114+0000] {logging_mixin.py:188} INFO - [2024-07-15T15:49:16.113+0000] {dagbag.py:545} INFO - Filling up the DagBag from /home/airflow/.local/lib/python3.11/site-packages/airflow/example_dags/tutorial_taskflow_api.py
[2024-07-15T15:49:16.131+0000] {processor.py:840} INFO - DAG(s) 'tutorial_taskflow_api' retrieved from /home/airflow/.local/lib/python3.11/site-packages/airflow/example_dags/tutorial_taskflow_api.py
[2024-07-15T15:49:16.173+0000] {logging_mixin.py:188} INFO - [2024-07-15T15:49:16.173+0000] {dag.py:3096} INFO - Sync 1 DAGs
[2024-07-15T15:49:16.201+0000] {logging_mixin.py:188} INFO - [2024-07-15T15:49:16.200+0000] {dag.py:3954} INFO - Setting next_dagrun for tutorial_taskflow_api to None, run_after=None
[2024-07-15T15:49:16.239+0000] {processor.py:183} INFO - Processing /home/airflow/.local/lib/python3.11/site-packages/airflow/example_dags/tutorial_taskflow_api.py took 0.146 seconds
[2024-07-15T15:49:24.616+0000] {processor.py:161} INFO - Started process (PID=22756) to work on /home/airflow/.local/lib/python3.11/site-packages/airflow/example_dags/tutorial_taskflow_api.py
[2024-07-15T15:49:24.619+0000] {processor.py:830} INFO - Processing file /home/airflow/.local/lib/python3.11/site-packages/airflow/example_dags/tutorial_taskflow_api.py for tasks to queue
[2024-07-15T15:49:24.624+0000] {logging_mixin.py:188} INFO - [2024-07-15T15:49:24.624+0000] {dagbag.py:545} INFO - Filling up the DagBag from /home/airflow/.local/lib/python3.11/site-packages/airflow/example_dags/tutorial_taskflow_api.py
[2024-07-15T15:49:24.642+0000] {processor.py:840} INFO - DAG(s) 'tutorial_taskflow_api' retrieved from /home/airflow/.local/lib/python3.11/site-packages/airflow/example_dags/tutorial_taskflow_api.py
[2024-07-15T15:49:24.702+0000] {logging_mixin.py:188} INFO - [2024-07-15T15:49:24.701+0000] {dag.py:3096} INFO - Sync 1 DAGs
[2024-07-15T15:49:24.736+0000] {logging_mixin.py:188} INFO - [2024-07-15T15:49:24.735+0000] {dag.py:3954} INFO - Setting next_dagrun for tutorial_taskflow_api to None, run_after=None
[2024-07-15T15:49:24.795+0000] {processor.py:183} INFO - Processing /home/airflow/.local/lib/python3.11/site-packages/airflow/example_dags/tutorial_taskflow_api.py took 0.194 seconds
[2024-07-15T15:49:31.920+0000] {processor.py:161} INFO - Started process (PID=22808) to work on /home/airflow/.local/lib/python3.11/site-packages/airflow/example_dags/tutorial_taskflow_api.py
[2024-07-15T15:49:31.923+0000] {processor.py:830} INFO - Processing file /home/airflow/.local/lib/python3.11/site-packages/airflow/example_dags/tutorial_taskflow_api.py for tasks to queue
[2024-07-15T15:49:31.928+0000] {logging_mixin.py:188} INFO - [2024-07-15T15:49:31.927+0000] {dagbag.py:545} INFO - Filling up the DagBag from /home/airflow/.local/lib/python3.11/site-packages/airflow/example_dags/tutorial_taskflow_api.py
[2024-07-15T15:49:31.945+0000] {processor.py:840} INFO - DAG(s) 'tutorial_taskflow_api' retrieved from /home/airflow/.local/lib/python3.11/site-packages/airflow/example_dags/tutorial_taskflow_api.py
[2024-07-15T15:49:32.001+0000] {logging_mixin.py:188} INFO - [2024-07-15T15:49:32.000+0000] {dag.py:3096} INFO - Sync 1 DAGs
[2024-07-15T15:49:32.037+0000] {logging_mixin.py:188} INFO - [2024-07-15T15:49:32.036+0000] {dag.py:3954} INFO - Setting next_dagrun for tutorial_taskflow_api to None, run_after=None
[2024-07-15T15:49:32.089+0000] {processor.py:183} INFO - Processing /home/airflow/.local/lib/python3.11/site-packages/airflow/example_dags/tutorial_taskflow_api.py took 0.185 seconds
[2024-07-15T15:49:40.164+0000] {processor.py:161} INFO - Started process (PID=22861) to work on /home/airflow/.local/lib/python3.11/site-packages/airflow/example_dags/tutorial_taskflow_api.py
[2024-07-15T15:49:40.165+0000] {processor.py:830} INFO - Processing file /home/airflow/.local/lib/python3.11/site-packages/airflow/example_dags/tutorial_taskflow_api.py for tasks to queue
[2024-07-15T15:49:40.168+0000] {logging_mixin.py:188} INFO - [2024-07-15T15:49:40.167+0000] {dagbag.py:545} INFO - Filling up the DagBag from /home/airflow/.local/lib/python3.11/site-packages/airflow/example_dags/tutorial_taskflow_api.py
[2024-07-15T15:49:40.179+0000] {processor.py:840} INFO - DAG(s) 'tutorial_taskflow_api' retrieved from /home/airflow/.local/lib/python3.11/site-packages/airflow/example_dags/tutorial_taskflow_api.py
[2024-07-15T15:49:40.205+0000] {logging_mixin.py:188} INFO - [2024-07-15T15:49:40.204+0000] {dag.py:3096} INFO - Sync 1 DAGs
[2024-07-15T15:49:40.223+0000] {logging_mixin.py:188} INFO - [2024-07-15T15:49:40.223+0000] {dag.py:3954} INFO - Setting next_dagrun for tutorial_taskflow_api to None, run_after=None
[2024-07-15T15:49:40.252+0000] {processor.py:183} INFO - Processing /home/airflow/.local/lib/python3.11/site-packages/airflow/example_dags/tutorial_taskflow_api.py took 0.096 seconds
[2024-07-15T15:49:46.726+0000] {processor.py:161} INFO - Started process (PID=22913) to work on /home/airflow/.local/lib/python3.11/site-packages/airflow/example_dags/tutorial_taskflow_api.py
[2024-07-15T15:49:46.728+0000] {processor.py:830} INFO - Processing file /home/airflow/.local/lib/python3.11/site-packages/airflow/example_dags/tutorial_taskflow_api.py for tasks to queue
[2024-07-15T15:49:46.731+0000] {logging_mixin.py:188} INFO - [2024-07-15T15:49:46.731+0000] {dagbag.py:545} INFO - Filling up the DagBag from /home/airflow/.local/lib/python3.11/site-packages/airflow/example_dags/tutorial_taskflow_api.py
[2024-07-15T15:49:46.744+0000] {processor.py:840} INFO - DAG(s) 'tutorial_taskflow_api' retrieved from /home/airflow/.local/lib/python3.11/site-packages/airflow/example_dags/tutorial_taskflow_api.py
[2024-07-15T15:49:46.779+0000] {logging_mixin.py:188} INFO - [2024-07-15T15:49:46.778+0000] {dag.py:3096} INFO - Sync 1 DAGs
[2024-07-15T15:49:46.801+0000] {logging_mixin.py:188} INFO - [2024-07-15T15:49:46.800+0000] {dag.py:3954} INFO - Setting next_dagrun for tutorial_taskflow_api to None, run_after=None
[2024-07-15T15:49:46.834+0000] {processor.py:183} INFO - Processing /home/airflow/.local/lib/python3.11/site-packages/airflow/example_dags/tutorial_taskflow_api.py took 0.120 seconds
[2024-07-15T15:49:53.152+0000] {processor.py:161} INFO - Started process (PID=22973) to work on /home/airflow/.local/lib/python3.11/site-packages/airflow/example_dags/tutorial_taskflow_api.py
[2024-07-15T15:49:53.154+0000] {processor.py:830} INFO - Processing file /home/airflow/.local/lib/python3.11/site-packages/airflow/example_dags/tutorial_taskflow_api.py for tasks to queue
[2024-07-15T15:49:53.157+0000] {logging_mixin.py:188} INFO - [2024-07-15T15:49:53.156+0000] {dagbag.py:545} INFO - Filling up the DagBag from /home/airflow/.local/lib/python3.11/site-packages/airflow/example_dags/tutorial_taskflow_api.py
[2024-07-15T15:49:53.168+0000] {processor.py:840} INFO - DAG(s) 'tutorial_taskflow_api' retrieved from /home/airflow/.local/lib/python3.11/site-packages/airflow/example_dags/tutorial_taskflow_api.py
[2024-07-15T15:49:53.202+0000] {logging_mixin.py:188} INFO - [2024-07-15T15:49:53.202+0000] {dag.py:3096} INFO - Sync 1 DAGs
[2024-07-15T15:49:53.223+0000] {logging_mixin.py:188} INFO - [2024-07-15T15:49:53.222+0000] {dag.py:3954} INFO - Setting next_dagrun for tutorial_taskflow_api to None, run_after=None
[2024-07-15T15:49:53.252+0000] {processor.py:183} INFO - Processing /home/airflow/.local/lib/python3.11/site-packages/airflow/example_dags/tutorial_taskflow_api.py took 0.113 seconds
[2024-07-15T15:50:00.128+0000] {processor.py:161} INFO - Started process (PID=23025) to work on /home/airflow/.local/lib/python3.11/site-packages/airflow/example_dags/tutorial_taskflow_api.py
[2024-07-15T15:50:00.129+0000] {processor.py:830} INFO - Processing file /home/airflow/.local/lib/python3.11/site-packages/airflow/example_dags/tutorial_taskflow_api.py for tasks to queue
[2024-07-15T15:50:00.132+0000] {logging_mixin.py:188} INFO - [2024-07-15T15:50:00.131+0000] {dagbag.py:545} INFO - Filling up the DagBag from /home/airflow/.local/lib/python3.11/site-packages/airflow/example_dags/tutorial_taskflow_api.py
[2024-07-15T15:50:00.144+0000] {processor.py:840} INFO - DAG(s) 'tutorial_taskflow_api' retrieved from /home/airflow/.local/lib/python3.11/site-packages/airflow/example_dags/tutorial_taskflow_api.py
[2024-07-15T15:50:00.172+0000] {logging_mixin.py:188} INFO - [2024-07-15T15:50:00.171+0000] {dag.py:3096} INFO - Sync 1 DAGs
[2024-07-15T15:50:00.189+0000] {logging_mixin.py:188} INFO - [2024-07-15T15:50:00.189+0000] {dag.py:3954} INFO - Setting next_dagrun for tutorial_taskflow_api to None, run_after=None
[2024-07-15T15:50:00.213+0000] {processor.py:183} INFO - Processing /home/airflow/.local/lib/python3.11/site-packages/airflow/example_dags/tutorial_taskflow_api.py took 0.096 seconds
[2024-07-15T15:50:06.292+0000] {processor.py:161} INFO - Started process (PID=23078) to work on /home/airflow/.local/lib/python3.11/site-packages/airflow/example_dags/tutorial_taskflow_api.py
[2024-07-15T15:50:06.294+0000] {processor.py:830} INFO - Processing file /home/airflow/.local/lib/python3.11/site-packages/airflow/example_dags/tutorial_taskflow_api.py for tasks to queue
[2024-07-15T15:50:06.296+0000] {logging_mixin.py:188} INFO - [2024-07-15T15:50:06.296+0000] {dagbag.py:545} INFO - Filling up the DagBag from /home/airflow/.local/lib/python3.11/site-packages/airflow/example_dags/tutorial_taskflow_api.py
[2024-07-15T15:50:06.304+0000] {processor.py:840} INFO - DAG(s) 'tutorial_taskflow_api' retrieved from /home/airflow/.local/lib/python3.11/site-packages/airflow/example_dags/tutorial_taskflow_api.py
[2024-07-15T15:50:06.347+0000] {logging_mixin.py:188} INFO - [2024-07-15T15:50:06.347+0000] {dag.py:3096} INFO - Sync 1 DAGs
[2024-07-15T15:50:06.365+0000] {logging_mixin.py:188} INFO - [2024-07-15T15:50:06.365+0000] {dag.py:3954} INFO - Setting next_dagrun for tutorial_taskflow_api to None, run_after=None
[2024-07-15T15:50:06.388+0000] {processor.py:183} INFO - Processing /home/airflow/.local/lib/python3.11/site-packages/airflow/example_dags/tutorial_taskflow_api.py took 0.103 seconds
[2024-07-15T15:50:11.854+0000] {processor.py:161} INFO - Started process (PID=23130) to work on /home/airflow/.local/lib/python3.11/site-packages/airflow/example_dags/tutorial_taskflow_api.py
[2024-07-15T15:50:11.856+0000] {processor.py:830} INFO - Processing file /home/airflow/.local/lib/python3.11/site-packages/airflow/example_dags/tutorial_taskflow_api.py for tasks to queue
[2024-07-15T15:50:11.858+0000] {logging_mixin.py:188} INFO - [2024-07-15T15:50:11.858+0000] {dagbag.py:545} INFO - Filling up the DagBag from /home/airflow/.local/lib/python3.11/site-packages/airflow/example_dags/tutorial_taskflow_api.py
[2024-07-15T15:50:11.866+0000] {processor.py:840} INFO - DAG(s) 'tutorial_taskflow_api' retrieved from /home/airflow/.local/lib/python3.11/site-packages/airflow/example_dags/tutorial_taskflow_api.py
[2024-07-15T15:50:11.890+0000] {logging_mixin.py:188} INFO - [2024-07-15T15:50:11.890+0000] {dag.py:3096} INFO - Sync 1 DAGs
[2024-07-15T15:50:11.927+0000] {logging_mixin.py:188} INFO - [2024-07-15T15:50:11.927+0000] {dag.py:3954} INFO - Setting next_dagrun for tutorial_taskflow_api to None, run_after=None
[2024-07-15T15:50:11.953+0000] {processor.py:183} INFO - Processing /home/airflow/.local/lib/python3.11/site-packages/airflow/example_dags/tutorial_taskflow_api.py took 0.105 seconds
[2024-07-15T15:50:18.225+0000] {processor.py:161} INFO - Started process (PID=23183) to work on /home/airflow/.local/lib/python3.11/site-packages/airflow/example_dags/tutorial_taskflow_api.py
[2024-07-15T15:50:18.226+0000] {processor.py:830} INFO - Processing file /home/airflow/.local/lib/python3.11/site-packages/airflow/example_dags/tutorial_taskflow_api.py for tasks to queue
[2024-07-15T15:50:18.228+0000] {logging_mixin.py:188} INFO - [2024-07-15T15:50:18.228+0000] {dagbag.py:545} INFO - Filling up the DagBag from /home/airflow/.local/lib/python3.11/site-packages/airflow/example_dags/tutorial_taskflow_api.py
[2024-07-15T15:50:18.237+0000] {processor.py:840} INFO - DAG(s) 'tutorial_taskflow_api' retrieved from /home/airflow/.local/lib/python3.11/site-packages/airflow/example_dags/tutorial_taskflow_api.py
[2024-07-15T15:50:18.287+0000] {logging_mixin.py:188} INFO - [2024-07-15T15:50:18.287+0000] {dag.py:3096} INFO - Sync 1 DAGs
[2024-07-15T15:50:18.306+0000] {logging_mixin.py:188} INFO - [2024-07-15T15:50:18.305+0000] {dag.py:3954} INFO - Setting next_dagrun for tutorial_taskflow_api to None, run_after=None
[2024-07-15T15:50:18.356+0000] {processor.py:183} INFO - Processing /home/airflow/.local/lib/python3.11/site-packages/airflow/example_dags/tutorial_taskflow_api.py took 0.139 seconds
[2024-07-15T15:50:23.213+0000] {processor.py:161} INFO - Started process (PID=23243) to work on /home/airflow/.local/lib/python3.11/site-packages/airflow/example_dags/tutorial_taskflow_api.py
[2024-07-15T15:50:23.214+0000] {processor.py:830} INFO - Processing file /home/airflow/.local/lib/python3.11/site-packages/airflow/example_dags/tutorial_taskflow_api.py for tasks to queue
[2024-07-15T15:50:23.217+0000] {logging_mixin.py:188} INFO - [2024-07-15T15:50:23.216+0000] {dagbag.py:545} INFO - Filling up the DagBag from /home/airflow/.local/lib/python3.11/site-packages/airflow/example_dags/tutorial_taskflow_api.py
[2024-07-15T15:50:23.225+0000] {processor.py:840} INFO - DAG(s) 'tutorial_taskflow_api' retrieved from /home/airflow/.local/lib/python3.11/site-packages/airflow/example_dags/tutorial_taskflow_api.py
[2024-07-15T15:50:23.249+0000] {logging_mixin.py:188} INFO - [2024-07-15T15:50:23.248+0000] {dag.py:3096} INFO - Sync 1 DAGs
[2024-07-15T15:50:23.265+0000] {logging_mixin.py:188} INFO - [2024-07-15T15:50:23.265+0000] {dag.py:3954} INFO - Setting next_dagrun for tutorial_taskflow_api to None, run_after=None
[2024-07-15T15:50:23.287+0000] {processor.py:183} INFO - Processing /home/airflow/.local/lib/python3.11/site-packages/airflow/example_dags/tutorial_taskflow_api.py took 0.081 seconds
[2024-07-15T15:50:29.075+0000] {processor.py:161} INFO - Started process (PID=23295) to work on /home/airflow/.local/lib/python3.11/site-packages/airflow/example_dags/tutorial_taskflow_api.py
[2024-07-15T15:50:29.077+0000] {processor.py:830} INFO - Processing file /home/airflow/.local/lib/python3.11/site-packages/airflow/example_dags/tutorial_taskflow_api.py for tasks to queue
[2024-07-15T15:50:29.079+0000] {logging_mixin.py:188} INFO - [2024-07-15T15:50:29.079+0000] {dagbag.py:545} INFO - Filling up the DagBag from /home/airflow/.local/lib/python3.11/site-packages/airflow/example_dags/tutorial_taskflow_api.py
[2024-07-15T15:50:29.087+0000] {processor.py:840} INFO - DAG(s) 'tutorial_taskflow_api' retrieved from /home/airflow/.local/lib/python3.11/site-packages/airflow/example_dags/tutorial_taskflow_api.py
[2024-07-15T15:50:29.111+0000] {logging_mixin.py:188} INFO - [2024-07-15T15:50:29.110+0000] {dag.py:3096} INFO - Sync 1 DAGs
[2024-07-15T15:50:29.151+0000] {logging_mixin.py:188} INFO - [2024-07-15T15:50:29.150+0000] {dag.py:3954} INFO - Setting next_dagrun for tutorial_taskflow_api to None, run_after=None
[2024-07-15T15:50:29.176+0000] {processor.py:183} INFO - Processing /home/airflow/.local/lib/python3.11/site-packages/airflow/example_dags/tutorial_taskflow_api.py took 0.110 seconds
[2024-07-15T15:50:34.192+0000] {processor.py:161} INFO - Started process (PID=23349) to work on /home/airflow/.local/lib/python3.11/site-packages/airflow/example_dags/tutorial_taskflow_api.py
[2024-07-15T15:50:34.193+0000] {processor.py:830} INFO - Processing file /home/airflow/.local/lib/python3.11/site-packages/airflow/example_dags/tutorial_taskflow_api.py for tasks to queue
[2024-07-15T15:50:34.196+0000] {logging_mixin.py:188} INFO - [2024-07-15T15:50:34.195+0000] {dagbag.py:545} INFO - Filling up the DagBag from /home/airflow/.local/lib/python3.11/site-packages/airflow/example_dags/tutorial_taskflow_api.py
[2024-07-15T15:50:34.204+0000] {processor.py:840} INFO - DAG(s) 'tutorial_taskflow_api' retrieved from /home/airflow/.local/lib/python3.11/site-packages/airflow/example_dags/tutorial_taskflow_api.py
[2024-07-15T15:50:34.226+0000] {logging_mixin.py:188} INFO - [2024-07-15T15:50:34.226+0000] {dag.py:3096} INFO - Sync 1 DAGs
[2024-07-15T15:50:34.241+0000] {logging_mixin.py:188} INFO - [2024-07-15T15:50:34.241+0000] {dag.py:3954} INFO - Setting next_dagrun for tutorial_taskflow_api to None, run_after=None
[2024-07-15T15:50:34.263+0000] {processor.py:183} INFO - Processing /home/airflow/.local/lib/python3.11/site-packages/airflow/example_dags/tutorial_taskflow_api.py took 0.082 seconds
[2024-07-15T15:50:39.879+0000] {processor.py:161} INFO - Started process (PID=23401) to work on /home/airflow/.local/lib/python3.11/site-packages/airflow/example_dags/tutorial_taskflow_api.py
[2024-07-15T15:50:39.880+0000] {processor.py:830} INFO - Processing file /home/airflow/.local/lib/python3.11/site-packages/airflow/example_dags/tutorial_taskflow_api.py for tasks to queue
[2024-07-15T15:50:39.882+0000] {logging_mixin.py:188} INFO - [2024-07-15T15:50:39.882+0000] {dagbag.py:545} INFO - Filling up the DagBag from /home/airflow/.local/lib/python3.11/site-packages/airflow/example_dags/tutorial_taskflow_api.py
[2024-07-15T15:50:39.890+0000] {processor.py:840} INFO - DAG(s) 'tutorial_taskflow_api' retrieved from /home/airflow/.local/lib/python3.11/site-packages/airflow/example_dags/tutorial_taskflow_api.py
[2024-07-15T15:50:39.912+0000] {logging_mixin.py:188} INFO - [2024-07-15T15:50:39.911+0000] {dag.py:3096} INFO - Sync 1 DAGs
[2024-07-15T15:50:39.927+0000] {logging_mixin.py:188} INFO - [2024-07-15T15:50:39.927+0000] {dag.py:3954} INFO - Setting next_dagrun for tutorial_taskflow_api to None, run_after=None
[2024-07-15T15:50:39.948+0000] {processor.py:183} INFO - Processing /home/airflow/.local/lib/python3.11/site-packages/airflow/example_dags/tutorial_taskflow_api.py took 0.076 seconds
[2024-07-15T15:50:45.890+0000] {processor.py:161} INFO - Started process (PID=23454) to work on /home/airflow/.local/lib/python3.11/site-packages/airflow/example_dags/tutorial_taskflow_api.py
[2024-07-15T15:50:45.891+0000] {processor.py:830} INFO - Processing file /home/airflow/.local/lib/python3.11/site-packages/airflow/example_dags/tutorial_taskflow_api.py for tasks to queue
[2024-07-15T15:50:45.893+0000] {logging_mixin.py:188} INFO - [2024-07-15T15:50:45.893+0000] {dagbag.py:545} INFO - Filling up the DagBag from /home/airflow/.local/lib/python3.11/site-packages/airflow/example_dags/tutorial_taskflow_api.py
[2024-07-15T15:50:45.901+0000] {processor.py:840} INFO - DAG(s) 'tutorial_taskflow_api' retrieved from /home/airflow/.local/lib/python3.11/site-packages/airflow/example_dags/tutorial_taskflow_api.py
[2024-07-15T15:50:45.924+0000] {logging_mixin.py:188} INFO - [2024-07-15T15:50:45.924+0000] {dag.py:3096} INFO - Sync 1 DAGs
[2024-07-15T15:50:45.939+0000] {logging_mixin.py:188} INFO - [2024-07-15T15:50:45.939+0000] {dag.py:3954} INFO - Setting next_dagrun for tutorial_taskflow_api to None, run_after=None
[2024-07-15T15:50:45.961+0000] {processor.py:183} INFO - Processing /home/airflow/.local/lib/python3.11/site-packages/airflow/example_dags/tutorial_taskflow_api.py took 0.079 seconds
[2024-07-15T15:50:50.710+0000] {processor.py:161} INFO - Started process (PID=23506) to work on /home/airflow/.local/lib/python3.11/site-packages/airflow/example_dags/tutorial_taskflow_api.py
[2024-07-15T15:50:50.712+0000] {processor.py:830} INFO - Processing file /home/airflow/.local/lib/python3.11/site-packages/airflow/example_dags/tutorial_taskflow_api.py for tasks to queue
[2024-07-15T15:50:50.715+0000] {logging_mixin.py:188} INFO - [2024-07-15T15:50:50.714+0000] {dagbag.py:545} INFO - Filling up the DagBag from /home/airflow/.local/lib/python3.11/site-packages/airflow/example_dags/tutorial_taskflow_api.py
[2024-07-15T15:50:50.723+0000] {processor.py:840} INFO - DAG(s) 'tutorial_taskflow_api' retrieved from /home/airflow/.local/lib/python3.11/site-packages/airflow/example_dags/tutorial_taskflow_api.py
[2024-07-15T15:50:50.769+0000] {logging_mixin.py:188} INFO - [2024-07-15T15:50:50.768+0000] {dag.py:3096} INFO - Sync 1 DAGs
[2024-07-15T15:50:50.788+0000] {logging_mixin.py:188} INFO - [2024-07-15T15:50:50.787+0000] {dag.py:3954} INFO - Setting next_dagrun for tutorial_taskflow_api to None, run_after=None
[2024-07-15T15:50:50.810+0000] {processor.py:183} INFO - Processing /home/airflow/.local/lib/python3.11/site-packages/airflow/example_dags/tutorial_taskflow_api.py took 0.114 seconds
[2024-07-15T15:50:56.145+0000] {processor.py:161} INFO - Started process (PID=23566) to work on /home/airflow/.local/lib/python3.11/site-packages/airflow/example_dags/tutorial_taskflow_api.py
[2024-07-15T15:50:56.146+0000] {processor.py:830} INFO - Processing file /home/airflow/.local/lib/python3.11/site-packages/airflow/example_dags/tutorial_taskflow_api.py for tasks to queue
[2024-07-15T15:50:56.150+0000] {logging_mixin.py:188} INFO - [2024-07-15T15:50:56.148+0000] {dagbag.py:545} INFO - Filling up the DagBag from /home/airflow/.local/lib/python3.11/site-packages/airflow/example_dags/tutorial_taskflow_api.py
[2024-07-15T15:50:56.178+0000] {processor.py:840} INFO - DAG(s) 'tutorial_taskflow_api' retrieved from /home/airflow/.local/lib/python3.11/site-packages/airflow/example_dags/tutorial_taskflow_api.py
[2024-07-15T15:50:56.205+0000] {logging_mixin.py:188} INFO - [2024-07-15T15:50:56.205+0000] {dag.py:3096} INFO - Sync 1 DAGs
[2024-07-15T15:50:56.242+0000] {logging_mixin.py:188} INFO - [2024-07-15T15:50:56.241+0000] {dag.py:3954} INFO - Setting next_dagrun for tutorial_taskflow_api to None, run_after=None
[2024-07-15T15:50:56.266+0000] {processor.py:183} INFO - Processing /home/airflow/.local/lib/python3.11/site-packages/airflow/example_dags/tutorial_taskflow_api.py took 0.129 seconds
[2024-07-15T15:51:01.459+0000] {processor.py:161} INFO - Started process (PID=23618) to work on /home/airflow/.local/lib/python3.11/site-packages/airflow/example_dags/tutorial_taskflow_api.py
[2024-07-15T15:51:01.460+0000] {processor.py:830} INFO - Processing file /home/airflow/.local/lib/python3.11/site-packages/airflow/example_dags/tutorial_taskflow_api.py for tasks to queue
[2024-07-15T15:51:01.462+0000] {logging_mixin.py:188} INFO - [2024-07-15T15:51:01.462+0000] {dagbag.py:545} INFO - Filling up the DagBag from /home/airflow/.local/lib/python3.11/site-packages/airflow/example_dags/tutorial_taskflow_api.py
[2024-07-15T15:51:01.473+0000] {processor.py:840} INFO - DAG(s) 'tutorial_taskflow_api' retrieved from /home/airflow/.local/lib/python3.11/site-packages/airflow/example_dags/tutorial_taskflow_api.py
[2024-07-15T15:51:01.502+0000] {logging_mixin.py:188} INFO - [2024-07-15T15:51:01.501+0000] {dag.py:3096} INFO - Sync 1 DAGs
[2024-07-15T15:51:01.520+0000] {logging_mixin.py:188} INFO - [2024-07-15T15:51:01.519+0000] {dag.py:3954} INFO - Setting next_dagrun for tutorial_taskflow_api to None, run_after=None
[2024-07-15T15:51:01.566+0000] {processor.py:183} INFO - Processing /home/airflow/.local/lib/python3.11/site-packages/airflow/example_dags/tutorial_taskflow_api.py took 0.115 seconds
[2024-07-15T15:51:06.345+0000] {processor.py:161} INFO - Started process (PID=23671) to work on /home/airflow/.local/lib/python3.11/site-packages/airflow/example_dags/tutorial_taskflow_api.py
[2024-07-15T15:51:06.347+0000] {processor.py:830} INFO - Processing file /home/airflow/.local/lib/python3.11/site-packages/airflow/example_dags/tutorial_taskflow_api.py for tasks to queue
[2024-07-15T15:51:06.349+0000] {logging_mixin.py:188} INFO - [2024-07-15T15:51:06.349+0000] {dagbag.py:545} INFO - Filling up the DagBag from /home/airflow/.local/lib/python3.11/site-packages/airflow/example_dags/tutorial_taskflow_api.py
[2024-07-15T15:51:06.357+0000] {processor.py:840} INFO - DAG(s) 'tutorial_taskflow_api' retrieved from /home/airflow/.local/lib/python3.11/site-packages/airflow/example_dags/tutorial_taskflow_api.py
[2024-07-15T15:51:06.417+0000] {logging_mixin.py:188} INFO - [2024-07-15T15:51:06.416+0000] {dag.py:3096} INFO - Sync 1 DAGs
[2024-07-15T15:51:06.436+0000] {logging_mixin.py:188} INFO - [2024-07-15T15:51:06.436+0000] {dag.py:3954} INFO - Setting next_dagrun for tutorial_taskflow_api to None, run_after=None
[2024-07-15T15:51:06.459+0000] {processor.py:183} INFO - Processing /home/airflow/.local/lib/python3.11/site-packages/airflow/example_dags/tutorial_taskflow_api.py took 0.120 seconds
[2024-07-15T15:51:11.798+0000] {processor.py:161} INFO - Started process (PID=23723) to work on /home/airflow/.local/lib/python3.11/site-packages/airflow/example_dags/tutorial_taskflow_api.py
[2024-07-15T15:51:11.800+0000] {processor.py:830} INFO - Processing file /home/airflow/.local/lib/python3.11/site-packages/airflow/example_dags/tutorial_taskflow_api.py for tasks to queue
[2024-07-15T15:51:11.803+0000] {logging_mixin.py:188} INFO - [2024-07-15T15:51:11.802+0000] {dagbag.py:545} INFO - Filling up the DagBag from /home/airflow/.local/lib/python3.11/site-packages/airflow/example_dags/tutorial_taskflow_api.py
[2024-07-15T15:51:11.813+0000] {processor.py:840} INFO - DAG(s) 'tutorial_taskflow_api' retrieved from /home/airflow/.local/lib/python3.11/site-packages/airflow/example_dags/tutorial_taskflow_api.py
[2024-07-15T15:51:11.842+0000] {logging_mixin.py:188} INFO - [2024-07-15T15:51:11.841+0000] {dag.py:3096} INFO - Sync 1 DAGs
[2024-07-15T15:51:11.858+0000] {logging_mixin.py:188} INFO - [2024-07-15T15:51:11.858+0000] {dag.py:3954} INFO - Setting next_dagrun for tutorial_taskflow_api to None, run_after=None
[2024-07-15T15:51:11.885+0000] {processor.py:183} INFO - Processing /home/airflow/.local/lib/python3.11/site-packages/airflow/example_dags/tutorial_taskflow_api.py took 0.097 seconds
[2024-07-15T15:51:16.245+0000] {processor.py:161} INFO - Started process (PID=23776) to work on /home/airflow/.local/lib/python3.11/site-packages/airflow/example_dags/tutorial_taskflow_api.py
[2024-07-15T15:51:16.246+0000] {processor.py:830} INFO - Processing file /home/airflow/.local/lib/python3.11/site-packages/airflow/example_dags/tutorial_taskflow_api.py for tasks to queue
[2024-07-15T15:51:16.249+0000] {logging_mixin.py:188} INFO - [2024-07-15T15:51:16.249+0000] {dagbag.py:545} INFO - Filling up the DagBag from /home/airflow/.local/lib/python3.11/site-packages/airflow/example_dags/tutorial_taskflow_api.py
[2024-07-15T15:51:16.257+0000] {processor.py:840} INFO - DAG(s) 'tutorial_taskflow_api' retrieved from /home/airflow/.local/lib/python3.11/site-packages/airflow/example_dags/tutorial_taskflow_api.py
[2024-07-15T15:51:16.280+0000] {logging_mixin.py:188} INFO - [2024-07-15T15:51:16.279+0000] {dag.py:3096} INFO - Sync 1 DAGs
[2024-07-15T15:51:16.294+0000] {logging_mixin.py:188} INFO - [2024-07-15T15:51:16.294+0000] {dag.py:3954} INFO - Setting next_dagrun for tutorial_taskflow_api to None, run_after=None
[2024-07-15T15:51:16.315+0000] {processor.py:183} INFO - Processing /home/airflow/.local/lib/python3.11/site-packages/airflow/example_dags/tutorial_taskflow_api.py took 0.078 seconds
[2024-07-15T15:51:21.659+0000] {processor.py:161} INFO - Started process (PID=23834) to work on /home/airflow/.local/lib/python3.11/site-packages/airflow/example_dags/tutorial_taskflow_api.py
[2024-07-15T15:51:21.660+0000] {processor.py:830} INFO - Processing file /home/airflow/.local/lib/python3.11/site-packages/airflow/example_dags/tutorial_taskflow_api.py for tasks to queue
[2024-07-15T15:51:21.663+0000] {logging_mixin.py:188} INFO - [2024-07-15T15:51:21.662+0000] {dagbag.py:545} INFO - Filling up the DagBag from /home/airflow/.local/lib/python3.11/site-packages/airflow/example_dags/tutorial_taskflow_api.py
[2024-07-15T15:51:21.671+0000] {processor.py:840} INFO - DAG(s) 'tutorial_taskflow_api' retrieved from /home/airflow/.local/lib/python3.11/site-packages/airflow/example_dags/tutorial_taskflow_api.py
[2024-07-15T15:51:21.693+0000] {logging_mixin.py:188} INFO - [2024-07-15T15:51:21.693+0000] {dag.py:3096} INFO - Sync 1 DAGs
[2024-07-15T15:51:21.711+0000] {logging_mixin.py:188} INFO - [2024-07-15T15:51:21.710+0000] {dag.py:3954} INFO - Setting next_dagrun for tutorial_taskflow_api to None, run_after=None
[2024-07-15T15:51:21.734+0000] {processor.py:183} INFO - Processing /home/airflow/.local/lib/python3.11/site-packages/airflow/example_dags/tutorial_taskflow_api.py took 0.081 seconds
[2024-07-15T15:52:54.136+0000] {processor.py:161} INFO - Started process (PID=24801) to work on /home/airflow/.local/lib/python3.11/site-packages/airflow/example_dags/tutorial_taskflow_api.py
[2024-07-15T15:52:54.138+0000] {processor.py:830} INFO - Processing file /home/airflow/.local/lib/python3.11/site-packages/airflow/example_dags/tutorial_taskflow_api.py for tasks to queue
[2024-07-15T15:52:54.141+0000] {logging_mixin.py:188} INFO - [2024-07-15T15:52:54.140+0000] {dagbag.py:545} INFO - Filling up the DagBag from /home/airflow/.local/lib/python3.11/site-packages/airflow/example_dags/tutorial_taskflow_api.py
[2024-07-15T15:52:54.153+0000] {processor.py:840} INFO - DAG(s) 'tutorial_taskflow_api' retrieved from /home/airflow/.local/lib/python3.11/site-packages/airflow/example_dags/tutorial_taskflow_api.py
[2024-07-15T15:52:54.187+0000] {logging_mixin.py:188} INFO - [2024-07-15T15:52:54.186+0000] {dag.py:3096} INFO - Sync 1 DAGs
[2024-07-15T15:52:54.207+0000] {logging_mixin.py:188} INFO - [2024-07-15T15:52:54.207+0000] {dag.py:3954} INFO - Setting next_dagrun for tutorial_taskflow_api to None, run_after=None
[2024-07-15T15:52:54.248+0000] {processor.py:183} INFO - Processing /home/airflow/.local/lib/python3.11/site-packages/airflow/example_dags/tutorial_taskflow_api.py took 0.124 seconds
[2024-07-15T15:53:03.087+0000] {processor.py:161} INFO - Started process (PID=24854) to work on /home/airflow/.local/lib/python3.11/site-packages/airflow/example_dags/tutorial_taskflow_api.py
[2024-07-15T15:53:03.095+0000] {processor.py:830} INFO - Processing file /home/airflow/.local/lib/python3.11/site-packages/airflow/example_dags/tutorial_taskflow_api.py for tasks to queue
[2024-07-15T15:53:03.099+0000] {logging_mixin.py:188} INFO - [2024-07-15T15:53:03.099+0000] {dagbag.py:545} INFO - Filling up the DagBag from /home/airflow/.local/lib/python3.11/site-packages/airflow/example_dags/tutorial_taskflow_api.py
[2024-07-15T15:53:03.122+0000] {processor.py:840} INFO - DAG(s) 'tutorial_taskflow_api' retrieved from /home/airflow/.local/lib/python3.11/site-packages/airflow/example_dags/tutorial_taskflow_api.py
[2024-07-15T15:53:03.183+0000] {logging_mixin.py:188} INFO - [2024-07-15T15:53:03.182+0000] {dag.py:3096} INFO - Sync 1 DAGs
[2024-07-15T15:53:03.232+0000] {logging_mixin.py:188} INFO - [2024-07-15T15:53:03.231+0000] {dag.py:3954} INFO - Setting next_dagrun for tutorial_taskflow_api to None, run_after=None
[2024-07-15T15:53:03.289+0000] {processor.py:183} INFO - Processing /home/airflow/.local/lib/python3.11/site-packages/airflow/example_dags/tutorial_taskflow_api.py took 0.222 seconds
[2024-07-15T15:53:08.654+0000] {processor.py:161} INFO - Started process (PID=24906) to work on /home/airflow/.local/lib/python3.11/site-packages/airflow/example_dags/tutorial_taskflow_api.py
[2024-07-15T15:53:08.656+0000] {processor.py:830} INFO - Processing file /home/airflow/.local/lib/python3.11/site-packages/airflow/example_dags/tutorial_taskflow_api.py for tasks to queue
[2024-07-15T15:53:08.659+0000] {logging_mixin.py:188} INFO - [2024-07-15T15:53:08.659+0000] {dagbag.py:545} INFO - Filling up the DagBag from /home/airflow/.local/lib/python3.11/site-packages/airflow/example_dags/tutorial_taskflow_api.py
[2024-07-15T15:53:08.670+0000] {processor.py:840} INFO - DAG(s) 'tutorial_taskflow_api' retrieved from /home/airflow/.local/lib/python3.11/site-packages/airflow/example_dags/tutorial_taskflow_api.py
[2024-07-15T15:53:08.697+0000] {logging_mixin.py:188} INFO - [2024-07-15T15:53:08.697+0000] {dag.py:3096} INFO - Sync 1 DAGs
[2024-07-15T15:53:08.714+0000] {logging_mixin.py:188} INFO - [2024-07-15T15:53:08.714+0000] {dag.py:3954} INFO - Setting next_dagrun for tutorial_taskflow_api to None, run_after=None
[2024-07-15T15:53:08.739+0000] {processor.py:183} INFO - Processing /home/airflow/.local/lib/python3.11/site-packages/airflow/example_dags/tutorial_taskflow_api.py took 0.094 seconds
[2024-07-15T15:53:13.770+0000] {processor.py:161} INFO - Started process (PID=24960) to work on /home/airflow/.local/lib/python3.11/site-packages/airflow/example_dags/tutorial_taskflow_api.py
[2024-07-15T15:53:13.771+0000] {processor.py:830} INFO - Processing file /home/airflow/.local/lib/python3.11/site-packages/airflow/example_dags/tutorial_taskflow_api.py for tasks to queue
[2024-07-15T15:53:13.774+0000] {logging_mixin.py:188} INFO - [2024-07-15T15:53:13.774+0000] {dagbag.py:545} INFO - Filling up the DagBag from /home/airflow/.local/lib/python3.11/site-packages/airflow/example_dags/tutorial_taskflow_api.py
[2024-07-15T15:53:13.789+0000] {processor.py:840} INFO - DAG(s) 'tutorial_taskflow_api' retrieved from /home/airflow/.local/lib/python3.11/site-packages/airflow/example_dags/tutorial_taskflow_api.py
[2024-07-15T15:53:13.821+0000] {logging_mixin.py:188} INFO - [2024-07-15T15:53:13.820+0000] {dag.py:3096} INFO - Sync 1 DAGs
[2024-07-15T15:53:13.851+0000] {logging_mixin.py:188} INFO - [2024-07-15T15:53:13.851+0000] {dag.py:3954} INFO - Setting next_dagrun for tutorial_taskflow_api to None, run_after=None
[2024-07-15T15:53:13.885+0000] {processor.py:183} INFO - Processing /home/airflow/.local/lib/python3.11/site-packages/airflow/example_dags/tutorial_taskflow_api.py took 0.127 seconds
[2024-07-15T15:53:19.210+0000] {processor.py:161} INFO - Started process (PID=25012) to work on /home/airflow/.local/lib/python3.11/site-packages/airflow/example_dags/tutorial_taskflow_api.py
[2024-07-15T15:53:19.211+0000] {processor.py:830} INFO - Processing file /home/airflow/.local/lib/python3.11/site-packages/airflow/example_dags/tutorial_taskflow_api.py for tasks to queue
[2024-07-15T15:53:19.213+0000] {logging_mixin.py:188} INFO - [2024-07-15T15:53:19.213+0000] {dagbag.py:545} INFO - Filling up the DagBag from /home/airflow/.local/lib/python3.11/site-packages/airflow/example_dags/tutorial_taskflow_api.py
[2024-07-15T15:53:19.223+0000] {processor.py:840} INFO - DAG(s) 'tutorial_taskflow_api' retrieved from /home/airflow/.local/lib/python3.11/site-packages/airflow/example_dags/tutorial_taskflow_api.py
[2024-07-15T15:53:19.249+0000] {logging_mixin.py:188} INFO - [2024-07-15T15:53:19.249+0000] {dag.py:3096} INFO - Sync 1 DAGs
[2024-07-15T15:53:19.267+0000] {logging_mixin.py:188} INFO - [2024-07-15T15:53:19.267+0000] {dag.py:3954} INFO - Setting next_dagrun for tutorial_taskflow_api to None, run_after=None
[2024-07-15T15:53:19.297+0000] {processor.py:183} INFO - Processing /home/airflow/.local/lib/python3.11/site-packages/airflow/example_dags/tutorial_taskflow_api.py took 0.095 seconds
[2024-07-15T15:53:24.073+0000] {processor.py:161} INFO - Started process (PID=25072) to work on /home/airflow/.local/lib/python3.11/site-packages/airflow/example_dags/tutorial_taskflow_api.py
[2024-07-15T15:53:24.074+0000] {processor.py:830} INFO - Processing file /home/airflow/.local/lib/python3.11/site-packages/airflow/example_dags/tutorial_taskflow_api.py for tasks to queue
[2024-07-15T15:53:24.077+0000] {logging_mixin.py:188} INFO - [2024-07-15T15:53:24.077+0000] {dagbag.py:545} INFO - Filling up the DagBag from /home/airflow/.local/lib/python3.11/site-packages/airflow/example_dags/tutorial_taskflow_api.py
[2024-07-15T15:53:24.086+0000] {processor.py:840} INFO - DAG(s) 'tutorial_taskflow_api' retrieved from /home/airflow/.local/lib/python3.11/site-packages/airflow/example_dags/tutorial_taskflow_api.py
[2024-07-15T15:53:24.112+0000] {logging_mixin.py:188} INFO - [2024-07-15T15:53:24.112+0000] {dag.py:3096} INFO - Sync 1 DAGs
[2024-07-15T15:53:24.128+0000] {logging_mixin.py:188} INFO - [2024-07-15T15:53:24.128+0000] {dag.py:3954} INFO - Setting next_dagrun for tutorial_taskflow_api to None, run_after=None
[2024-07-15T15:53:24.152+0000] {processor.py:183} INFO - Processing /home/airflow/.local/lib/python3.11/site-packages/airflow/example_dags/tutorial_taskflow_api.py took 0.087 seconds
[2024-07-15T15:53:28.959+0000] {processor.py:161} INFO - Started process (PID=25124) to work on /home/airflow/.local/lib/python3.11/site-packages/airflow/example_dags/tutorial_taskflow_api.py
[2024-07-15T15:53:28.961+0000] {processor.py:830} INFO - Processing file /home/airflow/.local/lib/python3.11/site-packages/airflow/example_dags/tutorial_taskflow_api.py for tasks to queue
[2024-07-15T15:53:28.964+0000] {logging_mixin.py:188} INFO - [2024-07-15T15:53:28.963+0000] {dagbag.py:545} INFO - Filling up the DagBag from /home/airflow/.local/lib/python3.11/site-packages/airflow/example_dags/tutorial_taskflow_api.py
[2024-07-15T15:53:28.974+0000] {processor.py:840} INFO - DAG(s) 'tutorial_taskflow_api' retrieved from /home/airflow/.local/lib/python3.11/site-packages/airflow/example_dags/tutorial_taskflow_api.py
[2024-07-15T15:53:29.007+0000] {logging_mixin.py:188} INFO - [2024-07-15T15:53:29.004+0000] {dag.py:3096} INFO - Sync 1 DAGs
[2024-07-15T15:53:29.049+0000] {logging_mixin.py:188} INFO - [2024-07-15T15:53:29.049+0000] {dag.py:3954} INFO - Setting next_dagrun for tutorial_taskflow_api to None, run_after=None
[2024-07-15T15:53:29.084+0000] {processor.py:183} INFO - Processing /home/airflow/.local/lib/python3.11/site-packages/airflow/example_dags/tutorial_taskflow_api.py took 0.134 seconds
[2024-07-15T15:53:34.794+0000] {processor.py:161} INFO - Started process (PID=25178) to work on /home/airflow/.local/lib/python3.11/site-packages/airflow/example_dags/tutorial_taskflow_api.py
[2024-07-15T15:53:34.795+0000] {processor.py:830} INFO - Processing file /home/airflow/.local/lib/python3.11/site-packages/airflow/example_dags/tutorial_taskflow_api.py for tasks to queue
[2024-07-15T15:53:34.797+0000] {logging_mixin.py:188} INFO - [2024-07-15T15:53:34.797+0000] {dagbag.py:545} INFO - Filling up the DagBag from /home/airflow/.local/lib/python3.11/site-packages/airflow/example_dags/tutorial_taskflow_api.py
[2024-07-15T15:53:34.807+0000] {processor.py:840} INFO - DAG(s) 'tutorial_taskflow_api' retrieved from /home/airflow/.local/lib/python3.11/site-packages/airflow/example_dags/tutorial_taskflow_api.py
[2024-07-15T15:53:34.854+0000] {logging_mixin.py:188} INFO - [2024-07-15T15:53:34.854+0000] {dag.py:3096} INFO - Sync 1 DAGs
[2024-07-15T15:53:34.874+0000] {logging_mixin.py:188} INFO - [2024-07-15T15:53:34.874+0000] {dag.py:3954} INFO - Setting next_dagrun for tutorial_taskflow_api to None, run_after=None
[2024-07-15T15:53:34.899+0000] {processor.py:183} INFO - Processing /home/airflow/.local/lib/python3.11/site-packages/airflow/example_dags/tutorial_taskflow_api.py took 0.113 seconds
[2024-07-15T15:53:39.977+0000] {processor.py:161} INFO - Started process (PID=25230) to work on /home/airflow/.local/lib/python3.11/site-packages/airflow/example_dags/tutorial_taskflow_api.py
[2024-07-15T15:53:39.978+0000] {processor.py:830} INFO - Processing file /home/airflow/.local/lib/python3.11/site-packages/airflow/example_dags/tutorial_taskflow_api.py for tasks to queue
[2024-07-15T15:53:39.981+0000] {logging_mixin.py:188} INFO - [2024-07-15T15:53:39.980+0000] {dagbag.py:545} INFO - Filling up the DagBag from /home/airflow/.local/lib/python3.11/site-packages/airflow/example_dags/tutorial_taskflow_api.py
[2024-07-15T15:53:39.989+0000] {processor.py:840} INFO - DAG(s) 'tutorial_taskflow_api' retrieved from /home/airflow/.local/lib/python3.11/site-packages/airflow/example_dags/tutorial_taskflow_api.py
[2024-07-15T15:53:40.012+0000] {logging_mixin.py:188} INFO - [2024-07-15T15:53:40.012+0000] {dag.py:3096} INFO - Sync 1 DAGs
[2024-07-15T15:53:40.026+0000] {logging_mixin.py:188} INFO - [2024-07-15T15:53:40.026+0000] {dag.py:3954} INFO - Setting next_dagrun for tutorial_taskflow_api to None, run_after=None
[2024-07-15T15:53:40.049+0000] {processor.py:183} INFO - Processing /home/airflow/.local/lib/python3.11/site-packages/airflow/example_dags/tutorial_taskflow_api.py took 0.080 seconds
[2024-07-15T15:53:44.928+0000] {processor.py:161} INFO - Started process (PID=25284) to work on /home/airflow/.local/lib/python3.11/site-packages/airflow/example_dags/tutorial_taskflow_api.py
[2024-07-15T15:53:44.929+0000] {processor.py:830} INFO - Processing file /home/airflow/.local/lib/python3.11/site-packages/airflow/example_dags/tutorial_taskflow_api.py for tasks to queue
[2024-07-15T15:53:44.932+0000] {logging_mixin.py:188} INFO - [2024-07-15T15:53:44.932+0000] {dagbag.py:545} INFO - Filling up the DagBag from /home/airflow/.local/lib/python3.11/site-packages/airflow/example_dags/tutorial_taskflow_api.py
[2024-07-15T15:53:44.942+0000] {processor.py:840} INFO - DAG(s) 'tutorial_taskflow_api' retrieved from /home/airflow/.local/lib/python3.11/site-packages/airflow/example_dags/tutorial_taskflow_api.py
[2024-07-15T15:53:44.970+0000] {logging_mixin.py:188} INFO - [2024-07-15T15:53:44.969+0000] {dag.py:3096} INFO - Sync 1 DAGs
[2024-07-15T15:53:44.987+0000] {logging_mixin.py:188} INFO - [2024-07-15T15:53:44.987+0000] {dag.py:3954} INFO - Setting next_dagrun for tutorial_taskflow_api to None, run_after=None
[2024-07-15T15:53:45.010+0000] {processor.py:183} INFO - Processing /home/airflow/.local/lib/python3.11/site-packages/airflow/example_dags/tutorial_taskflow_api.py took 0.091 seconds
[2024-07-15T15:53:50.857+0000] {processor.py:161} INFO - Started process (PID=25336) to work on /home/airflow/.local/lib/python3.11/site-packages/airflow/example_dags/tutorial_taskflow_api.py
[2024-07-15T15:53:50.859+0000] {processor.py:830} INFO - Processing file /home/airflow/.local/lib/python3.11/site-packages/airflow/example_dags/tutorial_taskflow_api.py for tasks to queue
[2024-07-15T15:53:50.868+0000] {logging_mixin.py:188} INFO - [2024-07-15T15:53:50.868+0000] {dagbag.py:545} INFO - Filling up the DagBag from /home/airflow/.local/lib/python3.11/site-packages/airflow/example_dags/tutorial_taskflow_api.py
[2024-07-15T15:53:50.885+0000] {processor.py:840} INFO - DAG(s) 'tutorial_taskflow_api' retrieved from /home/airflow/.local/lib/python3.11/site-packages/airflow/example_dags/tutorial_taskflow_api.py
[2024-07-15T15:53:50.938+0000] {logging_mixin.py:188} INFO - [2024-07-15T15:53:50.938+0000] {dag.py:3096} INFO - Sync 1 DAGs
[2024-07-15T15:53:50.963+0000] {logging_mixin.py:188} INFO - [2024-07-15T15:53:50.963+0000] {dag.py:3954} INFO - Setting next_dagrun for tutorial_taskflow_api to None, run_after=None
[2024-07-15T15:53:50.993+0000] {processor.py:183} INFO - Processing /home/airflow/.local/lib/python3.11/site-packages/airflow/example_dags/tutorial_taskflow_api.py took 0.147 seconds
[2024-07-15T15:53:56.844+0000] {processor.py:161} INFO - Started process (PID=25395) to work on /home/airflow/.local/lib/python3.11/site-packages/airflow/example_dags/tutorial_taskflow_api.py
[2024-07-15T15:53:56.845+0000] {processor.py:830} INFO - Processing file /home/airflow/.local/lib/python3.11/site-packages/airflow/example_dags/tutorial_taskflow_api.py for tasks to queue
[2024-07-15T15:53:56.848+0000] {logging_mixin.py:188} INFO - [2024-07-15T15:53:56.848+0000] {dagbag.py:545} INFO - Filling up the DagBag from /home/airflow/.local/lib/python3.11/site-packages/airflow/example_dags/tutorial_taskflow_api.py
[2024-07-15T15:53:56.858+0000] {processor.py:840} INFO - DAG(s) 'tutorial_taskflow_api' retrieved from /home/airflow/.local/lib/python3.11/site-packages/airflow/example_dags/tutorial_taskflow_api.py
[2024-07-15T15:53:56.885+0000] {logging_mixin.py:188} INFO - [2024-07-15T15:53:56.885+0000] {dag.py:3096} INFO - Sync 1 DAGs
[2024-07-15T15:53:56.902+0000] {logging_mixin.py:188} INFO - [2024-07-15T15:53:56.902+0000] {dag.py:3954} INFO - Setting next_dagrun for tutorial_taskflow_api to None, run_after=None
[2024-07-15T15:53:56.927+0000] {processor.py:183} INFO - Processing /home/airflow/.local/lib/python3.11/site-packages/airflow/example_dags/tutorial_taskflow_api.py took 0.092 seconds
[2024-07-15T15:54:01.973+0000] {processor.py:161} INFO - Started process (PID=25447) to work on /home/airflow/.local/lib/python3.11/site-packages/airflow/example_dags/tutorial_taskflow_api.py
[2024-07-15T15:54:01.975+0000] {processor.py:830} INFO - Processing file /home/airflow/.local/lib/python3.11/site-packages/airflow/example_dags/tutorial_taskflow_api.py for tasks to queue
[2024-07-15T15:54:01.978+0000] {logging_mixin.py:188} INFO - [2024-07-15T15:54:01.978+0000] {dagbag.py:545} INFO - Filling up the DagBag from /home/airflow/.local/lib/python3.11/site-packages/airflow/example_dags/tutorial_taskflow_api.py
[2024-07-15T15:54:01.988+0000] {processor.py:840} INFO - DAG(s) 'tutorial_taskflow_api' retrieved from /home/airflow/.local/lib/python3.11/site-packages/airflow/example_dags/tutorial_taskflow_api.py
[2024-07-15T15:54:02.023+0000] {logging_mixin.py:188} INFO - [2024-07-15T15:54:02.023+0000] {dag.py:3096} INFO - Sync 1 DAGs
[2024-07-15T15:54:02.055+0000] {logging_mixin.py:188} INFO - [2024-07-15T15:54:02.054+0000] {dag.py:3954} INFO - Setting next_dagrun for tutorial_taskflow_api to None, run_after=None
[2024-07-15T15:54:02.100+0000] {processor.py:183} INFO - Processing /home/airflow/.local/lib/python3.11/site-packages/airflow/example_dags/tutorial_taskflow_api.py took 0.136 seconds
[2024-07-15T15:54:08.173+0000] {processor.py:161} INFO - Started process (PID=25501) to work on /home/airflow/.local/lib/python3.11/site-packages/airflow/example_dags/tutorial_taskflow_api.py
[2024-07-15T15:54:08.175+0000] {processor.py:830} INFO - Processing file /home/airflow/.local/lib/python3.11/site-packages/airflow/example_dags/tutorial_taskflow_api.py for tasks to queue
[2024-07-15T15:54:08.178+0000] {logging_mixin.py:188} INFO - [2024-07-15T15:54:08.177+0000] {dagbag.py:545} INFO - Filling up the DagBag from /home/airflow/.local/lib/python3.11/site-packages/airflow/example_dags/tutorial_taskflow_api.py
[2024-07-15T15:54:08.188+0000] {processor.py:840} INFO - DAG(s) 'tutorial_taskflow_api' retrieved from /home/airflow/.local/lib/python3.11/site-packages/airflow/example_dags/tutorial_taskflow_api.py
[2024-07-15T15:54:08.223+0000] {logging_mixin.py:188} INFO - [2024-07-15T15:54:08.222+0000] {dag.py:3096} INFO - Sync 1 DAGs
[2024-07-15T15:54:08.250+0000] {logging_mixin.py:188} INFO - [2024-07-15T15:54:08.250+0000] {dag.py:3954} INFO - Setting next_dagrun for tutorial_taskflow_api to None, run_after=None
[2024-07-15T15:54:08.285+0000] {processor.py:183} INFO - Processing /home/airflow/.local/lib/python3.11/site-packages/airflow/example_dags/tutorial_taskflow_api.py took 0.121 seconds
[2024-07-15T15:54:13.734+0000] {processor.py:161} INFO - Started process (PID=25553) to work on /home/airflow/.local/lib/python3.11/site-packages/airflow/example_dags/tutorial_taskflow_api.py
[2024-07-15T15:54:13.735+0000] {processor.py:830} INFO - Processing file /home/airflow/.local/lib/python3.11/site-packages/airflow/example_dags/tutorial_taskflow_api.py for tasks to queue
[2024-07-15T15:54:13.738+0000] {logging_mixin.py:188} INFO - [2024-07-15T15:54:13.737+0000] {dagbag.py:545} INFO - Filling up the DagBag from /home/airflow/.local/lib/python3.11/site-packages/airflow/example_dags/tutorial_taskflow_api.py
[2024-07-15T15:54:13.749+0000] {processor.py:840} INFO - DAG(s) 'tutorial_taskflow_api' retrieved from /home/airflow/.local/lib/python3.11/site-packages/airflow/example_dags/tutorial_taskflow_api.py
[2024-07-15T15:54:13.779+0000] {logging_mixin.py:188} INFO - [2024-07-15T15:54:13.779+0000] {dag.py:3096} INFO - Sync 1 DAGs
[2024-07-15T15:54:13.800+0000] {logging_mixin.py:188} INFO - [2024-07-15T15:54:13.800+0000] {dag.py:3954} INFO - Setting next_dagrun for tutorial_taskflow_api to None, run_after=None
[2024-07-15T15:54:13.825+0000] {processor.py:183} INFO - Processing /home/airflow/.local/lib/python3.11/site-packages/airflow/example_dags/tutorial_taskflow_api.py took 0.103 seconds
[2024-07-15T15:54:19.410+0000] {processor.py:161} INFO - Started process (PID=25606) to work on /home/airflow/.local/lib/python3.11/site-packages/airflow/example_dags/tutorial_taskflow_api.py
[2024-07-15T15:54:19.412+0000] {processor.py:830} INFO - Processing file /home/airflow/.local/lib/python3.11/site-packages/airflow/example_dags/tutorial_taskflow_api.py for tasks to queue
[2024-07-15T15:54:19.414+0000] {logging_mixin.py:188} INFO - [2024-07-15T15:54:19.414+0000] {dagbag.py:545} INFO - Filling up the DagBag from /home/airflow/.local/lib/python3.11/site-packages/airflow/example_dags/tutorial_taskflow_api.py
[2024-07-15T15:54:19.422+0000] {processor.py:840} INFO - DAG(s) 'tutorial_taskflow_api' retrieved from /home/airflow/.local/lib/python3.11/site-packages/airflow/example_dags/tutorial_taskflow_api.py
[2024-07-15T15:54:19.446+0000] {logging_mixin.py:188} INFO - [2024-07-15T15:54:19.445+0000] {dag.py:3096} INFO - Sync 1 DAGs
[2024-07-15T15:54:19.459+0000] {logging_mixin.py:188} INFO - [2024-07-15T15:54:19.459+0000] {dag.py:3954} INFO - Setting next_dagrun for tutorial_taskflow_api to None, run_after=None
[2024-07-15T15:54:19.481+0000] {processor.py:183} INFO - Processing /home/airflow/.local/lib/python3.11/site-packages/airflow/example_dags/tutorial_taskflow_api.py took 0.079 seconds
[2024-07-15T15:54:25.639+0000] {processor.py:161} INFO - Started process (PID=25664) to work on /home/airflow/.local/lib/python3.11/site-packages/airflow/example_dags/tutorial_taskflow_api.py
[2024-07-15T15:54:25.642+0000] {processor.py:830} INFO - Processing file /home/airflow/.local/lib/python3.11/site-packages/airflow/example_dags/tutorial_taskflow_api.py for tasks to queue
[2024-07-15T15:54:25.645+0000] {logging_mixin.py:188} INFO - [2024-07-15T15:54:25.644+0000] {dagbag.py:545} INFO - Filling up the DagBag from /home/airflow/.local/lib/python3.11/site-packages/airflow/example_dags/tutorial_taskflow_api.py
[2024-07-15T15:54:25.660+0000] {processor.py:840} INFO - DAG(s) 'tutorial_taskflow_api' retrieved from /home/airflow/.local/lib/python3.11/site-packages/airflow/example_dags/tutorial_taskflow_api.py
[2024-07-15T15:54:25.711+0000] {logging_mixin.py:188} INFO - [2024-07-15T15:54:25.711+0000] {dag.py:3096} INFO - Sync 1 DAGs
[2024-07-15T15:54:25.737+0000] {logging_mixin.py:188} INFO - [2024-07-15T15:54:25.736+0000] {dag.py:3954} INFO - Setting next_dagrun for tutorial_taskflow_api to None, run_after=None
[2024-07-15T15:54:25.771+0000] {processor.py:183} INFO - Processing /home/airflow/.local/lib/python3.11/site-packages/airflow/example_dags/tutorial_taskflow_api.py took 0.150 seconds
[2024-07-15T15:54:34.467+0000] {processor.py:161} INFO - Started process (PID=25717) to work on /home/airflow/.local/lib/python3.11/site-packages/airflow/example_dags/tutorial_taskflow_api.py
[2024-07-15T15:54:34.470+0000] {processor.py:830} INFO - Processing file /home/airflow/.local/lib/python3.11/site-packages/airflow/example_dags/tutorial_taskflow_api.py for tasks to queue
[2024-07-15T15:54:34.475+0000] {logging_mixin.py:188} INFO - [2024-07-15T15:54:34.475+0000] {dagbag.py:545} INFO - Filling up the DagBag from /home/airflow/.local/lib/python3.11/site-packages/airflow/example_dags/tutorial_taskflow_api.py
[2024-07-15T15:54:34.504+0000] {processor.py:840} INFO - DAG(s) 'tutorial_taskflow_api' retrieved from /home/airflow/.local/lib/python3.11/site-packages/airflow/example_dags/tutorial_taskflow_api.py
[2024-07-15T15:54:34.573+0000] {logging_mixin.py:188} INFO - [2024-07-15T15:54:34.573+0000] {dag.py:3096} INFO - Sync 1 DAGs
[2024-07-15T15:54:34.615+0000] {logging_mixin.py:188} INFO - [2024-07-15T15:54:34.615+0000] {dag.py:3954} INFO - Setting next_dagrun for tutorial_taskflow_api to None, run_after=None
[2024-07-15T15:54:34.657+0000] {processor.py:183} INFO - Processing /home/airflow/.local/lib/python3.11/site-packages/airflow/example_dags/tutorial_taskflow_api.py took 0.211 seconds
[2024-07-15T15:54:45.491+0000] {processor.py:161} INFO - Started process (PID=25769) to work on /home/airflow/.local/lib/python3.11/site-packages/airflow/example_dags/tutorial_taskflow_api.py
[2024-07-15T15:54:45.493+0000] {processor.py:830} INFO - Processing file /home/airflow/.local/lib/python3.11/site-packages/airflow/example_dags/tutorial_taskflow_api.py for tasks to queue
[2024-07-15T15:54:45.497+0000] {logging_mixin.py:188} INFO - [2024-07-15T15:54:45.497+0000] {dagbag.py:545} INFO - Filling up the DagBag from /home/airflow/.local/lib/python3.11/site-packages/airflow/example_dags/tutorial_taskflow_api.py
[2024-07-15T15:54:45.513+0000] {processor.py:840} INFO - DAG(s) 'tutorial_taskflow_api' retrieved from /home/airflow/.local/lib/python3.11/site-packages/airflow/example_dags/tutorial_taskflow_api.py
[2024-07-15T15:54:45.554+0000] {logging_mixin.py:188} INFO - [2024-07-15T15:54:45.553+0000] {dag.py:3096} INFO - Sync 1 DAGs
[2024-07-15T15:54:45.578+0000] {logging_mixin.py:188} INFO - [2024-07-15T15:54:45.577+0000] {dag.py:3954} INFO - Setting next_dagrun for tutorial_taskflow_api to None, run_after=None
[2024-07-15T15:54:45.612+0000] {processor.py:183} INFO - Processing /home/airflow/.local/lib/python3.11/site-packages/airflow/example_dags/tutorial_taskflow_api.py took 0.138 seconds
[2024-07-15T15:54:55.601+0000] {processor.py:161} INFO - Started process (PID=25829) to work on /home/airflow/.local/lib/python3.11/site-packages/airflow/example_dags/tutorial_taskflow_api.py
[2024-07-15T15:54:55.603+0000] {processor.py:830} INFO - Processing file /home/airflow/.local/lib/python3.11/site-packages/airflow/example_dags/tutorial_taskflow_api.py for tasks to queue
[2024-07-15T15:54:55.607+0000] {logging_mixin.py:188} INFO - [2024-07-15T15:54:55.606+0000] {dagbag.py:545} INFO - Filling up the DagBag from /home/airflow/.local/lib/python3.11/site-packages/airflow/example_dags/tutorial_taskflow_api.py
[2024-07-15T15:54:55.620+0000] {processor.py:840} INFO - DAG(s) 'tutorial_taskflow_api' retrieved from /home/airflow/.local/lib/python3.11/site-packages/airflow/example_dags/tutorial_taskflow_api.py
[2024-07-15T15:54:55.660+0000] {logging_mixin.py:188} INFO - [2024-07-15T15:54:55.659+0000] {dag.py:3096} INFO - Sync 1 DAGs
[2024-07-15T15:54:55.691+0000] {logging_mixin.py:188} INFO - [2024-07-15T15:54:55.690+0000] {dag.py:3954} INFO - Setting next_dagrun for tutorial_taskflow_api to None, run_after=None
[2024-07-15T15:54:55.727+0000] {processor.py:183} INFO - Processing /home/airflow/.local/lib/python3.11/site-packages/airflow/example_dags/tutorial_taskflow_api.py took 0.139 seconds
[2024-07-15T15:55:06.132+0000] {processor.py:161} INFO - Started process (PID=25881) to work on /home/airflow/.local/lib/python3.11/site-packages/airflow/example_dags/tutorial_taskflow_api.py
[2024-07-15T15:55:06.135+0000] {processor.py:830} INFO - Processing file /home/airflow/.local/lib/python3.11/site-packages/airflow/example_dags/tutorial_taskflow_api.py for tasks to queue
[2024-07-15T15:55:06.141+0000] {logging_mixin.py:188} INFO - [2024-07-15T15:55:06.140+0000] {dagbag.py:545} INFO - Filling up the DagBag from /home/airflow/.local/lib/python3.11/site-packages/airflow/example_dags/tutorial_taskflow_api.py
[2024-07-15T15:55:06.160+0000] {processor.py:840} INFO - DAG(s) 'tutorial_taskflow_api' retrieved from /home/airflow/.local/lib/python3.11/site-packages/airflow/example_dags/tutorial_taskflow_api.py
[2024-07-15T15:55:06.210+0000] {logging_mixin.py:188} INFO - [2024-07-15T15:55:06.209+0000] {dag.py:3096} INFO - Sync 1 DAGs
[2024-07-15T15:55:06.244+0000] {logging_mixin.py:188} INFO - [2024-07-15T15:55:06.243+0000] {dag.py:3954} INFO - Setting next_dagrun for tutorial_taskflow_api to None, run_after=None
[2024-07-15T15:55:06.291+0000] {processor.py:183} INFO - Processing /home/airflow/.local/lib/python3.11/site-packages/airflow/example_dags/tutorial_taskflow_api.py took 0.178 seconds
[2024-07-15T15:55:19.305+0000] {processor.py:161} INFO - Started process (PID=25934) to work on /home/airflow/.local/lib/python3.11/site-packages/airflow/example_dags/tutorial_taskflow_api.py
[2024-07-15T15:55:19.307+0000] {processor.py:830} INFO - Processing file /home/airflow/.local/lib/python3.11/site-packages/airflow/example_dags/tutorial_taskflow_api.py for tasks to queue
[2024-07-15T15:55:19.311+0000] {logging_mixin.py:188} INFO - [2024-07-15T15:55:19.311+0000] {dagbag.py:545} INFO - Filling up the DagBag from /home/airflow/.local/lib/python3.11/site-packages/airflow/example_dags/tutorial_taskflow_api.py
[2024-07-15T15:55:19.332+0000] {processor.py:840} INFO - DAG(s) 'tutorial_taskflow_api' retrieved from /home/airflow/.local/lib/python3.11/site-packages/airflow/example_dags/tutorial_taskflow_api.py
[2024-07-15T15:55:19.379+0000] {logging_mixin.py:188} INFO - [2024-07-15T15:55:19.378+0000] {dag.py:3096} INFO - Sync 1 DAGs
[2024-07-15T15:55:19.417+0000] {logging_mixin.py:188} INFO - [2024-07-15T15:55:19.417+0000] {dag.py:3954} INFO - Setting next_dagrun for tutorial_taskflow_api to None, run_after=None
[2024-07-15T15:55:19.466+0000] {processor.py:183} INFO - Processing /home/airflow/.local/lib/python3.11/site-packages/airflow/example_dags/tutorial_taskflow_api.py took 0.180 seconds
[2024-07-15T15:55:29.353+0000] {processor.py:161} INFO - Started process (PID=25992) to work on /home/airflow/.local/lib/python3.11/site-packages/airflow/example_dags/tutorial_taskflow_api.py
[2024-07-15T15:55:29.355+0000] {processor.py:830} INFO - Processing file /home/airflow/.local/lib/python3.11/site-packages/airflow/example_dags/tutorial_taskflow_api.py for tasks to queue
[2024-07-15T15:55:29.358+0000] {logging_mixin.py:188} INFO - [2024-07-15T15:55:29.358+0000] {dagbag.py:545} INFO - Filling up the DagBag from /home/airflow/.local/lib/python3.11/site-packages/airflow/example_dags/tutorial_taskflow_api.py
[2024-07-15T15:55:29.368+0000] {processor.py:840} INFO - DAG(s) 'tutorial_taskflow_api' retrieved from /home/airflow/.local/lib/python3.11/site-packages/airflow/example_dags/tutorial_taskflow_api.py
[2024-07-15T15:55:29.568+0000] {logging_mixin.py:188} INFO - [2024-07-15T15:55:29.568+0000] {dag.py:3096} INFO - Sync 1 DAGs
[2024-07-15T15:55:29.584+0000] {logging_mixin.py:188} INFO - [2024-07-15T15:55:29.583+0000] {dag.py:3954} INFO - Setting next_dagrun for tutorial_taskflow_api to None, run_after=None
[2024-07-15T15:55:29.612+0000] {processor.py:183} INFO - Processing /home/airflow/.local/lib/python3.11/site-packages/airflow/example_dags/tutorial_taskflow_api.py took 0.272 seconds
[2024-07-15T15:55:37.662+0000] {processor.py:161} INFO - Started process (PID=26045) to work on /home/airflow/.local/lib/python3.11/site-packages/airflow/example_dags/tutorial_taskflow_api.py
[2024-07-15T15:55:37.663+0000] {processor.py:830} INFO - Processing file /home/airflow/.local/lib/python3.11/site-packages/airflow/example_dags/tutorial_taskflow_api.py for tasks to queue
[2024-07-15T15:55:37.666+0000] {logging_mixin.py:188} INFO - [2024-07-15T15:55:37.666+0000] {dagbag.py:545} INFO - Filling up the DagBag from /home/airflow/.local/lib/python3.11/site-packages/airflow/example_dags/tutorial_taskflow_api.py
[2024-07-15T15:55:37.677+0000] {processor.py:840} INFO - DAG(s) 'tutorial_taskflow_api' retrieved from /home/airflow/.local/lib/python3.11/site-packages/airflow/example_dags/tutorial_taskflow_api.py
[2024-07-15T15:55:37.711+0000] {logging_mixin.py:188} INFO - [2024-07-15T15:55:37.710+0000] {dag.py:3096} INFO - Sync 1 DAGs
[2024-07-15T15:55:37.738+0000] {logging_mixin.py:188} INFO - [2024-07-15T15:55:37.737+0000] {dag.py:3954} INFO - Setting next_dagrun for tutorial_taskflow_api to None, run_after=None
[2024-07-15T15:55:37.778+0000] {processor.py:183} INFO - Processing /home/airflow/.local/lib/python3.11/site-packages/airflow/example_dags/tutorial_taskflow_api.py took 0.127 seconds
[2024-07-15T15:55:43.699+0000] {processor.py:161} INFO - Started process (PID=26097) to work on /home/airflow/.local/lib/python3.11/site-packages/airflow/example_dags/tutorial_taskflow_api.py
[2024-07-15T15:55:43.732+0000] {processor.py:830} INFO - Processing file /home/airflow/.local/lib/python3.11/site-packages/airflow/example_dags/tutorial_taskflow_api.py for tasks to queue
[2024-07-15T15:55:43.736+0000] {logging_mixin.py:188} INFO - [2024-07-15T15:55:43.735+0000] {dagbag.py:545} INFO - Filling up the DagBag from /home/airflow/.local/lib/python3.11/site-packages/airflow/example_dags/tutorial_taskflow_api.py
[2024-07-15T15:55:43.796+0000] {processor.py:840} INFO - DAG(s) 'tutorial_taskflow_api' retrieved from /home/airflow/.local/lib/python3.11/site-packages/airflow/example_dags/tutorial_taskflow_api.py
[2024-07-15T15:55:43.851+0000] {logging_mixin.py:188} INFO - [2024-07-15T15:55:43.851+0000] {dag.py:3096} INFO - Sync 1 DAGs
[2024-07-15T15:55:43.874+0000] {logging_mixin.py:188} INFO - [2024-07-15T15:55:43.873+0000] {dag.py:3954} INFO - Setting next_dagrun for tutorial_taskflow_api to None, run_after=None
[2024-07-15T15:55:43.899+0000] {processor.py:183} INFO - Processing /home/airflow/.local/lib/python3.11/site-packages/airflow/example_dags/tutorial_taskflow_api.py took 0.226 seconds
[2024-07-15T15:55:50.059+0000] {processor.py:161} INFO - Started process (PID=26150) to work on /home/airflow/.local/lib/python3.11/site-packages/airflow/example_dags/tutorial_taskflow_api.py
[2024-07-15T15:55:50.061+0000] {processor.py:830} INFO - Processing file /home/airflow/.local/lib/python3.11/site-packages/airflow/example_dags/tutorial_taskflow_api.py for tasks to queue
[2024-07-15T15:55:50.066+0000] {logging_mixin.py:188} INFO - [2024-07-15T15:55:50.065+0000] {dagbag.py:545} INFO - Filling up the DagBag from /home/airflow/.local/lib/python3.11/site-packages/airflow/example_dags/tutorial_taskflow_api.py
[2024-07-15T15:55:50.077+0000] {processor.py:840} INFO - DAG(s) 'tutorial_taskflow_api' retrieved from /home/airflow/.local/lib/python3.11/site-packages/airflow/example_dags/tutorial_taskflow_api.py
[2024-07-15T15:55:50.112+0000] {logging_mixin.py:188} INFO - [2024-07-15T15:55:50.112+0000] {dag.py:3096} INFO - Sync 1 DAGs
[2024-07-15T15:55:50.132+0000] {logging_mixin.py:188} INFO - [2024-07-15T15:55:50.132+0000] {dag.py:3954} INFO - Setting next_dagrun for tutorial_taskflow_api to None, run_after=None
[2024-07-15T15:55:50.169+0000] {processor.py:183} INFO - Processing /home/airflow/.local/lib/python3.11/site-packages/airflow/example_dags/tutorial_taskflow_api.py took 0.125 seconds
[2024-07-15T15:55:57.064+0000] {processor.py:161} INFO - Started process (PID=26207) to work on /home/airflow/.local/lib/python3.11/site-packages/airflow/example_dags/tutorial_taskflow_api.py
[2024-07-15T15:55:57.066+0000] {processor.py:830} INFO - Processing file /home/airflow/.local/lib/python3.11/site-packages/airflow/example_dags/tutorial_taskflow_api.py for tasks to queue
[2024-07-15T15:55:57.070+0000] {logging_mixin.py:188} INFO - [2024-07-15T15:55:57.069+0000] {dagbag.py:545} INFO - Filling up the DagBag from /home/airflow/.local/lib/python3.11/site-packages/airflow/example_dags/tutorial_taskflow_api.py
[2024-07-15T15:55:57.083+0000] {processor.py:840} INFO - DAG(s) 'tutorial_taskflow_api' retrieved from /home/airflow/.local/lib/python3.11/site-packages/airflow/example_dags/tutorial_taskflow_api.py
[2024-07-15T15:55:57.124+0000] {logging_mixin.py:188} INFO - [2024-07-15T15:55:57.124+0000] {dag.py:3096} INFO - Sync 1 DAGs
[2024-07-15T15:55:57.154+0000] {logging_mixin.py:188} INFO - [2024-07-15T15:55:57.153+0000] {dag.py:3954} INFO - Setting next_dagrun for tutorial_taskflow_api to None, run_after=None
[2024-07-15T15:55:57.204+0000] {processor.py:183} INFO - Processing /home/airflow/.local/lib/python3.11/site-packages/airflow/example_dags/tutorial_taskflow_api.py took 0.155 seconds
[2024-07-15T15:56:04.603+0000] {processor.py:161} INFO - Started process (PID=26260) to work on /home/airflow/.local/lib/python3.11/site-packages/airflow/example_dags/tutorial_taskflow_api.py
[2024-07-15T15:56:04.605+0000] {processor.py:830} INFO - Processing file /home/airflow/.local/lib/python3.11/site-packages/airflow/example_dags/tutorial_taskflow_api.py for tasks to queue
[2024-07-15T15:56:04.607+0000] {logging_mixin.py:188} INFO - [2024-07-15T15:56:04.607+0000] {dagbag.py:545} INFO - Filling up the DagBag from /home/airflow/.local/lib/python3.11/site-packages/airflow/example_dags/tutorial_taskflow_api.py
[2024-07-15T15:56:04.616+0000] {processor.py:840} INFO - DAG(s) 'tutorial_taskflow_api' retrieved from /home/airflow/.local/lib/python3.11/site-packages/airflow/example_dags/tutorial_taskflow_api.py
[2024-07-15T15:56:04.644+0000] {logging_mixin.py:188} INFO - [2024-07-15T15:56:04.644+0000] {dag.py:3096} INFO - Sync 1 DAGs
[2024-07-15T15:56:04.662+0000] {logging_mixin.py:188} INFO - [2024-07-15T15:56:04.662+0000] {dag.py:3954} INFO - Setting next_dagrun for tutorial_taskflow_api to None, run_after=None
[2024-07-15T15:56:04.735+0000] {processor.py:183} INFO - Processing /home/airflow/.local/lib/python3.11/site-packages/airflow/example_dags/tutorial_taskflow_api.py took 0.140 seconds
[2024-07-15T15:56:10.431+0000] {processor.py:161} INFO - Started process (PID=26312) to work on /home/airflow/.local/lib/python3.11/site-packages/airflow/example_dags/tutorial_taskflow_api.py
[2024-07-15T15:56:10.432+0000] {processor.py:830} INFO - Processing file /home/airflow/.local/lib/python3.11/site-packages/airflow/example_dags/tutorial_taskflow_api.py for tasks to queue
[2024-07-15T15:56:10.435+0000] {logging_mixin.py:188} INFO - [2024-07-15T15:56:10.435+0000] {dagbag.py:545} INFO - Filling up the DagBag from /home/airflow/.local/lib/python3.11/site-packages/airflow/example_dags/tutorial_taskflow_api.py
[2024-07-15T15:56:10.446+0000] {processor.py:840} INFO - DAG(s) 'tutorial_taskflow_api' retrieved from /home/airflow/.local/lib/python3.11/site-packages/airflow/example_dags/tutorial_taskflow_api.py
[2024-07-15T15:56:10.478+0000] {logging_mixin.py:188} INFO - [2024-07-15T15:56:10.477+0000] {dag.py:3096} INFO - Sync 1 DAGs
[2024-07-15T15:56:10.500+0000] {logging_mixin.py:188} INFO - [2024-07-15T15:56:10.499+0000] {dag.py:3954} INFO - Setting next_dagrun for tutorial_taskflow_api to None, run_after=None
[2024-07-15T15:56:10.528+0000] {processor.py:183} INFO - Processing /home/airflow/.local/lib/python3.11/site-packages/airflow/example_dags/tutorial_taskflow_api.py took 0.109 seconds
[2024-07-15T15:56:16.891+0000] {processor.py:161} INFO - Started process (PID=26365) to work on /home/airflow/.local/lib/python3.11/site-packages/airflow/example_dags/tutorial_taskflow_api.py
[2024-07-15T15:56:16.893+0000] {processor.py:830} INFO - Processing file /home/airflow/.local/lib/python3.11/site-packages/airflow/example_dags/tutorial_taskflow_api.py for tasks to queue
[2024-07-15T15:56:16.898+0000] {logging_mixin.py:188} INFO - [2024-07-15T15:56:16.897+0000] {dagbag.py:545} INFO - Filling up the DagBag from /home/airflow/.local/lib/python3.11/site-packages/airflow/example_dags/tutorial_taskflow_api.py
[2024-07-15T15:56:16.909+0000] {processor.py:840} INFO - DAG(s) 'tutorial_taskflow_api' retrieved from /home/airflow/.local/lib/python3.11/site-packages/airflow/example_dags/tutorial_taskflow_api.py
[2024-07-15T15:56:16.951+0000] {logging_mixin.py:188} INFO - [2024-07-15T15:56:16.951+0000] {dag.py:3096} INFO - Sync 1 DAGs
[2024-07-15T15:56:16.978+0000] {logging_mixin.py:188} INFO - [2024-07-15T15:56:16.978+0000] {dag.py:3954} INFO - Setting next_dagrun for tutorial_taskflow_api to None, run_after=None
[2024-07-15T15:56:17.020+0000] {processor.py:183} INFO - Processing /home/airflow/.local/lib/python3.11/site-packages/airflow/example_dags/tutorial_taskflow_api.py took 0.139 seconds
[2024-07-15T15:56:23.439+0000] {processor.py:161} INFO - Started process (PID=26423) to work on /home/airflow/.local/lib/python3.11/site-packages/airflow/example_dags/tutorial_taskflow_api.py
[2024-07-15T15:56:23.440+0000] {processor.py:830} INFO - Processing file /home/airflow/.local/lib/python3.11/site-packages/airflow/example_dags/tutorial_taskflow_api.py for tasks to queue
[2024-07-15T15:56:23.443+0000] {logging_mixin.py:188} INFO - [2024-07-15T15:56:23.443+0000] {dagbag.py:545} INFO - Filling up the DagBag from /home/airflow/.local/lib/python3.11/site-packages/airflow/example_dags/tutorial_taskflow_api.py
[2024-07-15T15:56:23.458+0000] {processor.py:840} INFO - DAG(s) 'tutorial_taskflow_api' retrieved from /home/airflow/.local/lib/python3.11/site-packages/airflow/example_dags/tutorial_taskflow_api.py
[2024-07-15T15:56:23.497+0000] {logging_mixin.py:188} INFO - [2024-07-15T15:56:23.497+0000] {dag.py:3096} INFO - Sync 1 DAGs
[2024-07-15T15:56:23.520+0000] {logging_mixin.py:188} INFO - [2024-07-15T15:56:23.519+0000] {dag.py:3954} INFO - Setting next_dagrun for tutorial_taskflow_api to None, run_after=None
[2024-07-15T15:56:23.552+0000] {processor.py:183} INFO - Processing /home/airflow/.local/lib/python3.11/site-packages/airflow/example_dags/tutorial_taskflow_api.py took 0.127 seconds
[2024-07-15T15:56:31.426+0000] {processor.py:161} INFO - Started process (PID=26476) to work on /home/airflow/.local/lib/python3.11/site-packages/airflow/example_dags/tutorial_taskflow_api.py
[2024-07-15T15:56:31.428+0000] {processor.py:830} INFO - Processing file /home/airflow/.local/lib/python3.11/site-packages/airflow/example_dags/tutorial_taskflow_api.py for tasks to queue
[2024-07-15T15:56:31.431+0000] {logging_mixin.py:188} INFO - [2024-07-15T15:56:31.430+0000] {dagbag.py:545} INFO - Filling up the DagBag from /home/airflow/.local/lib/python3.11/site-packages/airflow/example_dags/tutorial_taskflow_api.py
[2024-07-15T15:56:31.448+0000] {processor.py:840} INFO - DAG(s) 'tutorial_taskflow_api' retrieved from /home/airflow/.local/lib/python3.11/site-packages/airflow/example_dags/tutorial_taskflow_api.py
[2024-07-15T15:56:31.487+0000] {logging_mixin.py:188} INFO - [2024-07-15T15:56:31.487+0000] {dag.py:3096} INFO - Sync 1 DAGs
[2024-07-15T15:56:31.511+0000] {logging_mixin.py:188} INFO - [2024-07-15T15:56:31.511+0000] {dag.py:3954} INFO - Setting next_dagrun for tutorial_taskflow_api to None, run_after=None
[2024-07-15T15:56:31.546+0000] {processor.py:183} INFO - Processing /home/airflow/.local/lib/python3.11/site-packages/airflow/example_dags/tutorial_taskflow_api.py took 0.132 seconds
[2024-07-15T15:56:39.680+0000] {processor.py:161} INFO - Started process (PID=26528) to work on /home/airflow/.local/lib/python3.11/site-packages/airflow/example_dags/tutorial_taskflow_api.py
[2024-07-15T15:56:39.681+0000] {processor.py:830} INFO - Processing file /home/airflow/.local/lib/python3.11/site-packages/airflow/example_dags/tutorial_taskflow_api.py for tasks to queue
[2024-07-15T15:56:39.684+0000] {logging_mixin.py:188} INFO - [2024-07-15T15:56:39.684+0000] {dagbag.py:545} INFO - Filling up the DagBag from /home/airflow/.local/lib/python3.11/site-packages/airflow/example_dags/tutorial_taskflow_api.py
[2024-07-15T15:56:39.695+0000] {processor.py:840} INFO - DAG(s) 'tutorial_taskflow_api' retrieved from /home/airflow/.local/lib/python3.11/site-packages/airflow/example_dags/tutorial_taskflow_api.py
[2024-07-15T15:56:39.723+0000] {logging_mixin.py:188} INFO - [2024-07-15T15:56:39.723+0000] {dag.py:3096} INFO - Sync 1 DAGs
[2024-07-15T15:56:39.741+0000] {logging_mixin.py:188} INFO - [2024-07-15T15:56:39.740+0000] {dag.py:3954} INFO - Setting next_dagrun for tutorial_taskflow_api to None, run_after=None
[2024-07-15T15:56:39.764+0000] {processor.py:183} INFO - Processing /home/airflow/.local/lib/python3.11/site-packages/airflow/example_dags/tutorial_taskflow_api.py took 0.095 seconds
[2024-07-15T15:56:44.574+0000] {processor.py:161} INFO - Started process (PID=26582) to work on /home/airflow/.local/lib/python3.11/site-packages/airflow/example_dags/tutorial_taskflow_api.py
[2024-07-15T15:56:44.575+0000] {processor.py:830} INFO - Processing file /home/airflow/.local/lib/python3.11/site-packages/airflow/example_dags/tutorial_taskflow_api.py for tasks to queue
[2024-07-15T15:56:44.578+0000] {logging_mixin.py:188} INFO - [2024-07-15T15:56:44.577+0000] {dagbag.py:545} INFO - Filling up the DagBag from /home/airflow/.local/lib/python3.11/site-packages/airflow/example_dags/tutorial_taskflow_api.py
[2024-07-15T15:56:44.587+0000] {processor.py:840} INFO - DAG(s) 'tutorial_taskflow_api' retrieved from /home/airflow/.local/lib/python3.11/site-packages/airflow/example_dags/tutorial_taskflow_api.py
[2024-07-15T15:56:44.615+0000] {logging_mixin.py:188} INFO - [2024-07-15T15:56:44.614+0000] {dag.py:3096} INFO - Sync 1 DAGs
[2024-07-15T15:56:44.633+0000] {logging_mixin.py:188} INFO - [2024-07-15T15:56:44.633+0000] {dag.py:3954} INFO - Setting next_dagrun for tutorial_taskflow_api to None, run_after=None
[2024-07-15T15:56:44.658+0000] {processor.py:183} INFO - Processing /home/airflow/.local/lib/python3.11/site-packages/airflow/example_dags/tutorial_taskflow_api.py took 0.093 seconds
[2024-07-15T15:56:49.203+0000] {processor.py:161} INFO - Started process (PID=26634) to work on /home/airflow/.local/lib/python3.11/site-packages/airflow/example_dags/tutorial_taskflow_api.py
[2024-07-15T15:56:49.204+0000] {processor.py:830} INFO - Processing file /home/airflow/.local/lib/python3.11/site-packages/airflow/example_dags/tutorial_taskflow_api.py for tasks to queue
[2024-07-15T15:56:49.207+0000] {logging_mixin.py:188} INFO - [2024-07-15T15:56:49.207+0000] {dagbag.py:545} INFO - Filling up the DagBag from /home/airflow/.local/lib/python3.11/site-packages/airflow/example_dags/tutorial_taskflow_api.py
[2024-07-15T15:56:49.217+0000] {processor.py:840} INFO - DAG(s) 'tutorial_taskflow_api' retrieved from /home/airflow/.local/lib/python3.11/site-packages/airflow/example_dags/tutorial_taskflow_api.py
[2024-07-15T15:56:49.247+0000] {logging_mixin.py:188} INFO - [2024-07-15T15:56:49.247+0000] {dag.py:3096} INFO - Sync 1 DAGs
[2024-07-15T15:56:49.265+0000] {logging_mixin.py:188} INFO - [2024-07-15T15:56:49.265+0000] {dag.py:3954} INFO - Setting next_dagrun for tutorial_taskflow_api to None, run_after=None
[2024-07-15T15:56:49.291+0000] {processor.py:183} INFO - Processing /home/airflow/.local/lib/python3.11/site-packages/airflow/example_dags/tutorial_taskflow_api.py took 0.101 seconds
[2024-07-15T15:56:55.448+0000] {processor.py:161} INFO - Started process (PID=26694) to work on /home/airflow/.local/lib/python3.11/site-packages/airflow/example_dags/tutorial_taskflow_api.py
[2024-07-15T15:56:55.449+0000] {processor.py:830} INFO - Processing file /home/airflow/.local/lib/python3.11/site-packages/airflow/example_dags/tutorial_taskflow_api.py for tasks to queue
[2024-07-15T15:56:55.452+0000] {logging_mixin.py:188} INFO - [2024-07-15T15:56:55.452+0000] {dagbag.py:545} INFO - Filling up the DagBag from /home/airflow/.local/lib/python3.11/site-packages/airflow/example_dags/tutorial_taskflow_api.py
[2024-07-15T15:56:55.462+0000] {processor.py:840} INFO - DAG(s) 'tutorial_taskflow_api' retrieved from /home/airflow/.local/lib/python3.11/site-packages/airflow/example_dags/tutorial_taskflow_api.py
[2024-07-15T15:56:55.488+0000] {logging_mixin.py:188} INFO - [2024-07-15T15:56:55.487+0000] {dag.py:3096} INFO - Sync 1 DAGs
[2024-07-15T15:56:55.505+0000] {logging_mixin.py:188} INFO - [2024-07-15T15:56:55.505+0000] {dag.py:3954} INFO - Setting next_dagrun for tutorial_taskflow_api to None, run_after=None
[2024-07-15T15:56:55.530+0000] {processor.py:183} INFO - Processing /home/airflow/.local/lib/python3.11/site-packages/airflow/example_dags/tutorial_taskflow_api.py took 0.093 seconds
