[2024-05-11T18:09:35.473+0000] {local_task_job_runner.py:120} INFO - ::group::Pre task execution logs
[2024-05-11T18:09:35.517+0000] {taskinstance.py:2076} INFO - Dependencies all met for dep_context=non-requeueable deps ti=<TaskInstance: etl_mysql_to_hive_all.dibimbing__position.extract_from_mysql manual__2024-05-11T18:09:25.933515+00:00 [queued]>
[2024-05-11T18:09:35.535+0000] {taskinstance.py:2076} INFO - Dependencies all met for dep_context=requeueable deps ti=<TaskInstance: etl_mysql_to_hive_all.dibimbing__position.extract_from_mysql manual__2024-05-11T18:09:25.933515+00:00 [queued]>
[2024-05-11T18:09:35.536+0000] {taskinstance.py:2306} INFO - Starting attempt 1 of 1
[2024-05-11T18:09:35.565+0000] {taskinstance.py:2330} INFO - Executing <Task(MySqlOperator): dibimbing__position.extract_from_mysql> on 2024-05-11 18:09:25.933515+00:00
[2024-05-11T18:09:35.576+0000] {standard_task_runner.py:63} INFO - Started process 9674 to run task
[2024-05-11T18:09:35.582+0000] {standard_task_runner.py:90} INFO - Running: ['***', 'tasks', 'run', 'etl_mysql_to_hive_all', 'dibimbing__position.extract_from_mysql', 'manual__2024-05-11T18:09:25.933515+00:00', '--job-id', '883', '--raw', '--subdir', 'DAGS_FOLDER/etl_mysql_to_hive_all.py', '--cfg-path', '/tmp/tmpk5ljz7v0']
[2024-05-11T18:09:35.590+0000] {standard_task_runner.py:91} INFO - Job 883: Subtask dibimbing__position.extract_from_mysql
[2024-05-11T18:09:35.686+0000] {task_command.py:426} INFO - Running <TaskInstance: etl_mysql_to_hive_all.dibimbing__position.extract_from_mysql manual__2024-05-11T18:09:25.933515+00:00 [running]> on host 94409fb18ddd
[2024-05-11T18:09:35.881+0000] {taskinstance.py:2648} INFO - Exporting env vars: AIRFLOW_CTX_DAG_OWNER='***' AIRFLOW_CTX_DAG_ID='etl_mysql_to_hive_all' AIRFLOW_CTX_TASK_ID='dibimbing__position.extract_from_mysql' AIRFLOW_CTX_EXECUTION_DATE='2024-05-11T18:09:25.933515+00:00' AIRFLOW_CTX_TRY_NUMBER='1' AIRFLOW_CTX_DAG_RUN_ID='manual__2024-05-11T18:09:25.933515+00:00'
[2024-05-11T18:09:35.886+0000] {taskinstance.py:430} INFO - ::endgroup::
[2024-05-11T18:09:35.887+0000] {sql.py:276} INFO - Executing: SELECT * FROM dibimbing.position
[2024-05-11T18:09:35.902+0000] {base.py:84} INFO - Using connection ID 'mysql_default' for task execution.
[2024-05-11T18:09:35.920+0000] {base.py:84} INFO - Using connection ID 'mysql_default' for task execution.
[2024-05-11T18:09:35.950+0000] {sql.py:470} INFO - Running statement: SELECT * FROM ***.position, parameters: None
[2024-05-11T18:09:35.955+0000] {sql.py:479} INFO - Rows affected: 3
[2024-05-11T18:09:35.960+0000] {taskinstance.py:441} INFO - ::group::Post task execution logs
[2024-05-11T18:09:36.014+0000] {taskinstance.py:1206} INFO - Marking task as SUCCESS. dag_id=etl_mysql_to_hive_all, task_id=***__position.extract_from_mysql, run_id=manual__2024-05-11T18:09:25.933515+00:00, execution_date=20240511T180925, start_date=20240511T180935, end_date=20240511T180936
[2024-05-11T18:09:36.076+0000] {local_task_job_runner.py:240} INFO - Task exited with return code 0
[2024-05-11T18:09:36.099+0000] {warnings.py:110} WARNING - /home/***/.local/lib/python3.11/site-packages/***/models/baseoperator.py:1296: AirflowProviderDeprecationWarning: Call to deprecated class MySqlOperator. (Please use `***.providers.common.sql.operators.sql.SQLExecuteQueryOperator`.Also, you can provide `hook_params={'schema': <database>}`.)
  result = cls.__new__(cls)

[2024-05-11T18:09:36.136+0000] {taskinstance.py:3498} INFO - 1 downstream tasks scheduled from follow-on schedule check
[2024-05-11T18:09:36.140+0000] {local_task_job_runner.py:222} INFO - ::endgroup::
