[2024-05-11T14:48:03.913+0000] {local_task_job_runner.py:120} INFO - ::group::Pre task execution logs
[2024-05-11T14:48:03.943+0000] {taskinstance.py:2076} INFO - Dependencies all met for dep_context=non-requeueable deps ti=<TaskInstance: template_reference.demo_template scheduled__2024-05-11T14:47:00+00:00 [queued]>
[2024-05-11T14:48:03.954+0000] {taskinstance.py:2076} INFO - Dependencies all met for dep_context=requeueable deps ti=<TaskInstance: template_reference.demo_template scheduled__2024-05-11T14:47:00+00:00 [queued]>
[2024-05-11T14:48:03.955+0000] {taskinstance.py:2306} INFO - Starting attempt 1 of 1
[2024-05-11T14:48:03.977+0000] {taskinstance.py:2330} INFO - Executing <Task(PythonOperator): demo_template> on 2024-05-11 14:47:00+00:00
[2024-05-11T14:48:03.986+0000] {standard_task_runner.py:63} INFO - Started process 5683 to run task
[2024-05-11T14:48:03.991+0000] {standard_task_runner.py:90} INFO - Running: ['***', 'tasks', 'run', 'template_reference', 'demo_template', 'scheduled__2024-05-11T14:47:00+00:00', '--job-id', '640', '--raw', '--subdir', 'DAGS_FOLDER/template_reference.py', '--cfg-path', '/tmp/tmp5ozf80bp']
[2024-05-11T14:48:03.995+0000] {standard_task_runner.py:91} INFO - Job 640: Subtask demo_template
[2024-05-11T14:48:04.068+0000] {task_command.py:426} INFO - Running <TaskInstance: template_reference.demo_template scheduled__2024-05-11T14:47:00+00:00 [running]> on host 94409fb18ddd
[2024-05-11T14:48:04.245+0000] {taskinstance.py:2648} INFO - Exporting env vars: AIRFLOW_CTX_DAG_OWNER='***' AIRFLOW_CTX_DAG_ID='template_reference' AIRFLOW_CTX_TASK_ID='demo_template' AIRFLOW_CTX_EXECUTION_DATE='2024-05-11T14:47:00+00:00' AIRFLOW_CTX_TRY_NUMBER='1' AIRFLOW_CTX_DAG_RUN_ID='scheduled__2024-05-11T14:47:00+00:00'
[2024-05-11T14:48:04.247+0000] {taskinstance.py:430} INFO - ::endgroup::
[2024-05-11T14:48:04.248+0000] {logging_mixin.py:188} INFO - === logical date ==>
[2024-05-11T14:48:04.249+0000] {logging_mixin.py:188} INFO - data_interval_start: 2024-05-11 14:47:00+00:00
[2024-05-11T14:48:04.250+0000] {logging_mixin.py:188} INFO - data_interval_end: 2024-05-11 14:48:00+00:00
[2024-05-11T14:48:04.250+0000] {logging_mixin.py:188} INFO - === get date and timestamp ==>
[2024-05-11T14:48:04.251+0000] {logging_mixin.py:188} INFO - ds: 2024-05-11
[2024-05-11T14:48:04.252+0000] {logging_mixin.py:188} INFO - ts: 2024-05-11T14:47:00+00:00
[2024-05-11T14:48:04.252+0000] {logging_mixin.py:188} INFO - === realtime ==>
[2024-05-11T14:48:04.253+0000] {logging_mixin.py:188} INFO - dag_run_start_date: 2024-05-11 14:48:00.871584+00:00
[2024-05-11T14:48:04.253+0000] {logging_mixin.py:188} INFO - start_task_start_date: 2024-05-11 14:48:00.889611+00:00
[2024-05-11T14:48:04.254+0000] {logging_mixin.py:188} INFO - === transform ==>
[2024-05-11T14:48:04.254+0000] {logging_mixin.py:188} INFO - data_interval_end_wib: 2024-05-10 21:48:00
[2024-05-11T14:48:04.255+0000] {logging_mixin.py:188} INFO - datetime_string: 2023-12-31 00:00:00
[2024-05-11T14:48:04.255+0000] {python.py:237} INFO - Done. Returned value was: None
[2024-05-11T14:48:04.256+0000] {taskinstance.py:441} INFO - ::group::Post task execution logs
[2024-05-11T14:48:04.271+0000] {taskinstance.py:1206} INFO - Marking task as SUCCESS. dag_id=template_reference, task_id=demo_template, run_id=scheduled__2024-05-11T14:47:00+00:00, execution_date=20240511T144700, start_date=20240511T144803, end_date=20240511T144804
[2024-05-11T14:48:04.325+0000] {local_task_job_runner.py:240} INFO - Task exited with return code 0
[2024-05-11T14:48:04.352+0000] {taskinstance.py:3498} INFO - 0 downstream tasks scheduled from follow-on schedule check
[2024-05-11T14:48:04.356+0000] {local_task_job_runner.py:222} INFO - ::endgroup::
