[2024-05-11T10:49:04.069+0000] {local_task_job_runner.py:120} INFO - ::group::Pre task execution logs
[2024-05-11T10:49:04.097+0000] {taskinstance.py:2076} INFO - Dependencies all met for dep_context=non-requeueable deps ti=<TaskInstance: template_reference.demo_template scheduled__2024-05-11T10:48:00+00:00 [queued]>
[2024-05-11T10:49:04.109+0000] {taskinstance.py:2076} INFO - Dependencies all met for dep_context=requeueable deps ti=<TaskInstance: template_reference.demo_template scheduled__2024-05-11T10:48:00+00:00 [queued]>
[2024-05-11T10:49:04.110+0000] {taskinstance.py:2306} INFO - Starting attempt 1 of 1
[2024-05-11T10:49:04.133+0000] {taskinstance.py:2330} INFO - Executing <Task(PythonOperator): demo_template> on 2024-05-11 10:48:00+00:00
[2024-05-11T10:49:04.140+0000] {standard_task_runner.py:63} INFO - Started process 3684 to run task
[2024-05-11T10:49:04.145+0000] {standard_task_runner.py:90} INFO - Running: ['***', 'tasks', 'run', 'template_reference', 'demo_template', 'scheduled__2024-05-11T10:48:00+00:00', '--job-id', '507', '--raw', '--subdir', 'DAGS_FOLDER/template_reference.py', '--cfg-path', '/tmp/tmpgpt_vtmx']
[2024-05-11T10:49:04.151+0000] {standard_task_runner.py:91} INFO - Job 507: Subtask demo_template
[2024-05-11T10:49:04.219+0000] {task_command.py:426} INFO - Running <TaskInstance: template_reference.demo_template scheduled__2024-05-11T10:48:00+00:00 [running]> on host 94409fb18ddd
[2024-05-11T10:49:04.394+0000] {taskinstance.py:2648} INFO - Exporting env vars: AIRFLOW_CTX_DAG_OWNER='***' AIRFLOW_CTX_DAG_ID='template_reference' AIRFLOW_CTX_TASK_ID='demo_template' AIRFLOW_CTX_EXECUTION_DATE='2024-05-11T10:48:00+00:00' AIRFLOW_CTX_TRY_NUMBER='1' AIRFLOW_CTX_DAG_RUN_ID='scheduled__2024-05-11T10:48:00+00:00'
[2024-05-11T10:49:04.397+0000] {taskinstance.py:430} INFO - ::endgroup::
[2024-05-11T10:49:04.399+0000] {logging_mixin.py:188} INFO - === logical date ==>
[2024-05-11T10:49:04.399+0000] {logging_mixin.py:188} INFO - data_interval_start: 2024-05-11 10:48:00+00:00
[2024-05-11T10:49:04.400+0000] {logging_mixin.py:188} INFO - data_interval_end: 2024-05-11 10:49:00+00:00
[2024-05-11T10:49:04.401+0000] {logging_mixin.py:188} INFO - === get date and timestamp ==>
[2024-05-11T10:49:04.401+0000] {logging_mixin.py:188} INFO - ds: 2024-05-11
[2024-05-11T10:49:04.402+0000] {logging_mixin.py:188} INFO - ts: 2024-05-11T10:48:00+00:00
[2024-05-11T10:49:04.403+0000] {logging_mixin.py:188} INFO - === realtime ==>
[2024-05-11T10:49:04.403+0000] {logging_mixin.py:188} INFO - dag_run_start_date: 2024-05-11 10:49:00.885945+00:00
[2024-05-11T10:49:04.404+0000] {logging_mixin.py:188} INFO - start_task_start_date: 2024-05-11 10:49:00.912710+00:00
[2024-05-11T10:49:04.404+0000] {logging_mixin.py:188} INFO - === transform ==>
[2024-05-11T10:49:04.405+0000] {logging_mixin.py:188} INFO - data_interval_end_wib: 2024-05-10 17:49:00
[2024-05-11T10:49:04.406+0000] {logging_mixin.py:188} INFO - datetime_string: 2023-12-31 00:00:00
[2024-05-11T10:49:04.406+0000] {python.py:237} INFO - Done. Returned value was: None
[2024-05-11T10:49:04.407+0000] {taskinstance.py:441} INFO - ::group::Post task execution logs
[2024-05-11T10:49:04.420+0000] {taskinstance.py:1206} INFO - Marking task as SUCCESS. dag_id=template_reference, task_id=demo_template, run_id=scheduled__2024-05-11T10:48:00+00:00, execution_date=20240511T104800, start_date=20240511T104904, end_date=20240511T104904
[2024-05-11T10:49:04.478+0000] {local_task_job_runner.py:240} INFO - Task exited with return code 0
[2024-05-11T10:49:04.504+0000] {taskinstance.py:3498} INFO - 0 downstream tasks scheduled from follow-on schedule check
[2024-05-11T10:49:04.507+0000] {local_task_job_runner.py:222} INFO - ::endgroup::
