[2024-05-10T15:22:04.062+0000] {local_task_job_runner.py:120} INFO - ::group::Pre task execution logs
[2024-05-10T15:22:04.112+0000] {taskinstance.py:2076} INFO - Dependencies all met for dep_context=non-requeueable deps ti=<TaskInstance: template_reference.demo_template scheduled__2024-05-10T15:21:00+00:00 [queued]>
[2024-05-10T15:22:04.132+0000] {taskinstance.py:2076} INFO - Dependencies all met for dep_context=requeueable deps ti=<TaskInstance: template_reference.demo_template scheduled__2024-05-10T15:21:00+00:00 [queued]>
[2024-05-10T15:22:04.133+0000] {taskinstance.py:2306} INFO - Starting attempt 1 of 1
[2024-05-10T15:22:04.163+0000] {taskinstance.py:2330} INFO - Executing <Task(PythonOperator): demo_template> on 2024-05-10 15:21:00+00:00
[2024-05-10T15:22:04.172+0000] {standard_task_runner.py:63} INFO - Started process 1810 to run task
[2024-05-10T15:22:04.176+0000] {standard_task_runner.py:90} INFO - Running: ['***', 'tasks', 'run', 'template_reference', 'demo_template', 'scheduled__2024-05-10T15:21:00+00:00', '--job-id', '121', '--raw', '--subdir', 'DAGS_FOLDER/template_reference.py', '--cfg-path', '/tmp/tmpefwrvsor']
[2024-05-10T15:22:04.181+0000] {standard_task_runner.py:91} INFO - Job 121: Subtask demo_template
[2024-05-10T15:22:04.264+0000] {task_command.py:426} INFO - Running <TaskInstance: template_reference.demo_template scheduled__2024-05-10T15:21:00+00:00 [running]> on host feac594d54b9
[2024-05-10T15:22:04.506+0000] {taskinstance.py:2648} INFO - Exporting env vars: AIRFLOW_CTX_DAG_OWNER='***' AIRFLOW_CTX_DAG_ID='template_reference' AIRFLOW_CTX_TASK_ID='demo_template' AIRFLOW_CTX_EXECUTION_DATE='2024-05-10T15:21:00+00:00' AIRFLOW_CTX_TRY_NUMBER='1' AIRFLOW_CTX_DAG_RUN_ID='scheduled__2024-05-10T15:21:00+00:00'
[2024-05-10T15:22:04.508+0000] {taskinstance.py:430} INFO - ::endgroup::
[2024-05-10T15:22:04.510+0000] {logging_mixin.py:188} INFO - === logical date ==>
[2024-05-10T15:22:04.510+0000] {logging_mixin.py:188} INFO - data_interval_start: 2024-05-10 15:21:00+00:00
[2024-05-10T15:22:04.511+0000] {logging_mixin.py:188} INFO - data_interval_end: 2024-05-10 15:22:00+00:00
[2024-05-10T15:22:04.512+0000] {logging_mixin.py:188} INFO - === get date and timestamp ==>
[2024-05-10T15:22:04.513+0000] {logging_mixin.py:188} INFO - ds: 2024-05-10
[2024-05-10T15:22:04.513+0000] {logging_mixin.py:188} INFO - ts: 2024-05-10T15:21:00+00:00
[2024-05-10T15:22:04.514+0000] {logging_mixin.py:188} INFO - === realtime ==>
[2024-05-10T15:22:04.515+0000] {logging_mixin.py:188} INFO - dag_run_start_date: 2024-05-10 15:22:00.517233+00:00
[2024-05-10T15:22:04.515+0000] {logging_mixin.py:188} INFO - start_task_start_date: 2024-05-10 15:22:00.539432+00:00
[2024-05-10T15:22:04.516+0000] {logging_mixin.py:188} INFO - === transform ==>
[2024-05-10T15:22:04.517+0000] {logging_mixin.py:188} INFO - data_interval_end_wib: 2024-05-09 22:22:00
[2024-05-10T15:22:04.517+0000] {logging_mixin.py:188} INFO - datetime_string: 2023-12-31 00:00:00
[2024-05-10T15:22:04.518+0000] {python.py:237} INFO - Done. Returned value was: None
[2024-05-10T15:22:04.519+0000] {taskinstance.py:441} INFO - ::group::Post task execution logs
[2024-05-10T15:22:04.537+0000] {taskinstance.py:1206} INFO - Marking task as SUCCESS. dag_id=template_reference, task_id=demo_template, run_id=scheduled__2024-05-10T15:21:00+00:00, execution_date=20240510T152100, start_date=20240510T152204, end_date=20240510T152204
[2024-05-10T15:22:04.592+0000] {local_task_job_runner.py:240} INFO - Task exited with return code 0
[2024-05-10T15:22:04.626+0000] {taskinstance.py:3498} INFO - 0 downstream tasks scheduled from follow-on schedule check
[2024-05-10T15:22:04.630+0000] {local_task_job_runner.py:222} INFO - ::endgroup::
