[2024-05-11T08:22:05.309+0000] {local_task_job_runner.py:120} INFO - ::group::Pre task execution logs
[2024-05-11T08:22:05.366+0000] {taskinstance.py:2076} INFO - Dependencies all met for dep_context=non-requeueable deps ti=<TaskInstance: template_reference.demo_template scheduled__2024-05-11T08:21:00+00:00 [queued]>
[2024-05-11T08:22:05.383+0000] {taskinstance.py:2076} INFO - Dependencies all met for dep_context=requeueable deps ti=<TaskInstance: template_reference.demo_template scheduled__2024-05-11T08:21:00+00:00 [queued]>
[2024-05-11T08:22:05.385+0000] {taskinstance.py:2306} INFO - Starting attempt 1 of 1
[2024-05-11T08:22:05.426+0000] {taskinstance.py:2330} INFO - Executing <Task(PythonOperator): demo_template> on 2024-05-11 08:21:00+00:00
[2024-05-11T08:22:05.440+0000] {standard_task_runner.py:63} INFO - Started process 1384 to run task
[2024-05-11T08:22:05.450+0000] {standard_task_runner.py:90} INFO - Running: ['***', 'tasks', 'run', 'template_reference', 'demo_template', 'scheduled__2024-05-11T08:21:00+00:00', '--job-id', '359', '--raw', '--subdir', 'DAGS_FOLDER/template_reference.py', '--cfg-path', '/tmp/tmporu1_fiy']
[2024-05-11T08:22:05.458+0000] {standard_task_runner.py:91} INFO - Job 359: Subtask demo_template
[2024-05-11T08:22:05.602+0000] {task_command.py:426} INFO - Running <TaskInstance: template_reference.demo_template scheduled__2024-05-11T08:21:00+00:00 [running]> on host 94409fb18ddd
[2024-05-11T08:22:05.875+0000] {taskinstance.py:2648} INFO - Exporting env vars: AIRFLOW_CTX_DAG_OWNER='***' AIRFLOW_CTX_DAG_ID='template_reference' AIRFLOW_CTX_TASK_ID='demo_template' AIRFLOW_CTX_EXECUTION_DATE='2024-05-11T08:21:00+00:00' AIRFLOW_CTX_TRY_NUMBER='1' AIRFLOW_CTX_DAG_RUN_ID='scheduled__2024-05-11T08:21:00+00:00'
[2024-05-11T08:22:05.883+0000] {taskinstance.py:430} INFO - ::endgroup::
[2024-05-11T08:22:05.885+0000] {logging_mixin.py:188} INFO - === logical date ==>
[2024-05-11T08:22:05.886+0000] {logging_mixin.py:188} INFO - data_interval_start: 2024-05-11 08:21:00+00:00
[2024-05-11T08:22:05.887+0000] {logging_mixin.py:188} INFO - data_interval_end: 2024-05-11 08:22:00+00:00
[2024-05-11T08:22:05.888+0000] {logging_mixin.py:188} INFO - === get date and timestamp ==>
[2024-05-11T08:22:05.889+0000] {logging_mixin.py:188} INFO - ds: 2024-05-11
[2024-05-11T08:22:05.890+0000] {logging_mixin.py:188} INFO - ts: 2024-05-11T08:21:00+00:00
[2024-05-11T08:22:05.891+0000] {logging_mixin.py:188} INFO - === realtime ==>
[2024-05-11T08:22:05.893+0000] {logging_mixin.py:188} INFO - dag_run_start_date: 2024-05-11 08:22:00.588535+00:00
[2024-05-11T08:22:05.894+0000] {logging_mixin.py:188} INFO - start_task_start_date: 2024-05-11 08:22:00.617622+00:00
[2024-05-11T08:22:05.895+0000] {logging_mixin.py:188} INFO - === transform ==>
[2024-05-11T08:22:05.896+0000] {logging_mixin.py:188} INFO - data_interval_end_wib: 2024-05-10 15:22:00
[2024-05-11T08:22:05.897+0000] {logging_mixin.py:188} INFO - datetime_string: 2023-12-31 00:00:00
[2024-05-11T08:22:05.898+0000] {python.py:237} INFO - Done. Returned value was: None
[2024-05-11T08:22:05.900+0000] {taskinstance.py:441} INFO - ::group::Post task execution logs
[2024-05-11T08:22:05.924+0000] {taskinstance.py:1206} INFO - Marking task as SUCCESS. dag_id=template_reference, task_id=demo_template, run_id=scheduled__2024-05-11T08:21:00+00:00, execution_date=20240511T082100, start_date=20240511T082205, end_date=20240511T082205
[2024-05-11T08:22:05.989+0000] {local_task_job_runner.py:240} INFO - Task exited with return code 0
[2024-05-11T08:22:06.035+0000] {taskinstance.py:3498} INFO - 0 downstream tasks scheduled from follow-on schedule check
[2024-05-11T08:22:06.038+0000] {local_task_job_runner.py:222} INFO - ::endgroup::
