[2024-07-06T18:46:36.020+0000] {local_task_job_runner.py:120} INFO - ::group::Pre task execution logs
[2024-07-06T18:46:36.055+0000] {taskinstance.py:2076} INFO - Dependencies all met for dep_context=non-requeueable deps ti=<TaskInstance: pet_adoption_etl.check_file_exists manual__2024-07-06T18:36:04.151440+00:00 [queued]>
[2024-07-06T18:46:36.067+0000] {taskinstance.py:2076} INFO - Dependencies all met for dep_context=requeueable deps ti=<TaskInstance: pet_adoption_etl.check_file_exists manual__2024-07-06T18:36:04.151440+00:00 [queued]>
[2024-07-06T18:46:36.068+0000] {taskinstance.py:2306} INFO - Starting attempt 4 of 5
[2024-07-06T18:46:36.089+0000] {taskinstance.py:2330} INFO - Executing <Task(PythonOperator): check_file_exists> on 2024-07-06 18:36:04.151440+00:00
[2024-07-06T18:46:36.096+0000] {standard_task_runner.py:63} INFO - Started process 236 to run task
[2024-07-06T18:46:36.101+0000] {standard_task_runner.py:90} INFO - Running: ['***', 'tasks', 'run', 'pet_adoption_etl', 'check_file_exists', 'manual__2024-07-06T18:36:04.151440+00:00', '--job-id', '55', '--raw', '--subdir', 'DAGS_FOLDER/pet_adoption_etl.py', '--cfg-path', '/tmp/tmp67ca_ilf']
[2024-07-06T18:46:36.105+0000] {standard_task_runner.py:91} INFO - Job 55: Subtask check_file_exists
[2024-07-06T18:46:36.176+0000] {task_command.py:426} INFO - Running <TaskInstance: pet_adoption_etl.check_file_exists manual__2024-07-06T18:36:04.151440+00:00 [running]> on host 6e98c06dc458
[2024-07-06T18:46:36.317+0000] {taskinstance.py:2648} INFO - Exporting env vars: AIRFLOW_CTX_DAG_OWNER='***' AIRFLOW_CTX_DAG_ID='pet_adoption_etl' AIRFLOW_CTX_TASK_ID='check_file_exists' AIRFLOW_CTX_EXECUTION_DATE='2024-07-06T18:36:04.151440+00:00' AIRFLOW_CTX_TRY_NUMBER='4' AIRFLOW_CTX_DAG_RUN_ID='manual__2024-07-06T18:36:04.151440+00:00'
[2024-07-06T18:46:36.322+0000] {taskinstance.py:430} INFO - ::endgroup::
[2024-07-06T18:46:36.327+0000] {taskinstance.py:441} INFO - ::group::Post task execution logs
[2024-07-06T18:46:36.329+0000] {taskinstance.py:2905} ERROR - Task failed with exception
Traceback (most recent call last):
  File "/home/airflow/.local/lib/python3.11/site-packages/airflow/models/taskinstance.py", line 465, in _execute_task
    result = _execute_callable(context=context, **execute_callable_kwargs)
             ^^^^^^^^^^^^^^^^^^^^^^^^^^^^^^^^^^^^^^^^^^^^^^^^^^^^^^^^^^^^^
  File "/home/airflow/.local/lib/python3.11/site-packages/airflow/models/taskinstance.py", line 432, in _execute_callable
    return execute_callable(context=context, **execute_callable_kwargs)
           ^^^^^^^^^^^^^^^^^^^^^^^^^^^^^^^^^^^^^^^^^^^^^^^^^^^^^^^^^^^^
  File "/home/airflow/.local/lib/python3.11/site-packages/airflow/models/baseoperator.py", line 401, in wrapper
    return func(self, *args, **kwargs)
           ^^^^^^^^^^^^^^^^^^^^^^^^^^^
  File "/home/airflow/.local/lib/python3.11/site-packages/airflow/operators/python.py", line 235, in execute
    return_value = self.execute_callable()
                   ^^^^^^^^^^^^^^^^^^^^^^^
  File "/home/airflow/.local/lib/python3.11/site-packages/airflow/operators/python.py", line 252, in execute_callable
    return self.python_callable(*self.op_args, **self.op_kwargs)
           ^^^^^^^^^^^^^^^^^^^^^^^^^^^^^^^^^^^^^^^^^^^^^^^^^^^^^
  File "/opt/airflow/dags/pet_adoption_etl.py", line 26, in check_file_exists
    raise FileNotFoundError("pet_adoption_data.csv not found in the data folder")
FileNotFoundError: pet_adoption_data.csv not found in the data folder
[2024-07-06T18:46:36.349+0000] {taskinstance.py:1206} INFO - Marking task as UP_FOR_RETRY. dag_id=pet_adoption_etl, task_id=check_file_exists, run_id=manual__2024-07-06T18:36:04.151440+00:00, execution_date=20240706T183604, start_date=20240706T184636, end_date=20240706T184636
[2024-07-06T18:46:36.371+0000] {standard_task_runner.py:110} ERROR - Failed to execute job 55 for task check_file_exists (pet_adoption_data.csv not found in the data folder; 236)
[2024-07-06T18:46:36.395+0000] {local_task_job_runner.py:240} INFO - Task exited with return code 1
[2024-07-06T18:46:36.427+0000] {taskinstance.py:3503} INFO - 0 downstream tasks scheduled from follow-on schedule check
[2024-07-06T18:46:36.429+0000] {local_task_job_runner.py:222} INFO - ::endgroup::
