[2024-07-10T15:03:45.663+0000] {local_task_job_runner.py:120} INFO - ::group::Pre task execution logs
[2024-07-10T15:03:45.760+0000] {taskinstance.py:2076} INFO - Dependencies all met for dep_context=non-requeueable deps ti=<TaskInstance: pet_adoption_dag.extract_csv manual__2024-07-10T15:03:37.110506+00:00 [queued]>
[2024-07-10T15:03:45.785+0000] {taskinstance.py:2076} INFO - Dependencies all met for dep_context=requeueable deps ti=<TaskInstance: pet_adoption_dag.extract_csv manual__2024-07-10T15:03:37.110506+00:00 [queued]>
[2024-07-10T15:03:45.791+0000] {taskinstance.py:2306} INFO - Starting attempt 1 of 2
[2024-07-10T15:03:45.865+0000] {taskinstance.py:2330} INFO - Executing <Task(PythonOperator): extract_csv> on 2024-07-10 15:03:37.110506+00:00
[2024-07-10T15:03:45.879+0000] {standard_task_runner.py:63} INFO - Started process 561 to run task
[2024-07-10T15:03:45.891+0000] {standard_task_runner.py:90} INFO - Running: ['***', 'tasks', 'run', 'pet_adoption_dag', 'extract_csv', 'manual__2024-07-10T15:03:37.110506+00:00', '--job-id', '7', '--raw', '--subdir', 'DAGS_FOLDER/pet_adoption_dag.py', '--cfg-path', '/tmp/tmp4nq2rg6d']
[2024-07-10T15:03:45.897+0000] {standard_task_runner.py:91} INFO - Job 7: Subtask extract_csv
[2024-07-10T15:03:46.325+0000] {task_command.py:426} INFO - Running <TaskInstance: pet_adoption_dag.extract_csv manual__2024-07-10T15:03:37.110506+00:00 [running]> on host 9227fc3503c5
[2024-07-10T15:03:46.872+0000] {taskinstance.py:2648} INFO - Exporting env vars: AIRFLOW_CTX_DAG_OWNER='***' AIRFLOW_CTX_DAG_ID='pet_adoption_dag' AIRFLOW_CTX_TASK_ID='extract_csv' AIRFLOW_CTX_EXECUTION_DATE='2024-07-10T15:03:37.110506+00:00' AIRFLOW_CTX_TRY_NUMBER='1' AIRFLOW_CTX_DAG_RUN_ID='manual__2024-07-10T15:03:37.110506+00:00'
[2024-07-10T15:03:46.876+0000] {taskinstance.py:430} INFO - ::endgroup::
[2024-07-10T15:03:46.883+0000] {taskinstance.py:441} INFO - ::group::Post task execution logs
[2024-07-10T15:03:46.884+0000] {taskinstance.py:2905} ERROR - Task failed with exception
Traceback (most recent call last):
  File "/home/airflow/.local/lib/python3.11/site-packages/airflow/models/taskinstance.py", line 465, in _execute_task
    result = _execute_callable(context=context, **execute_callable_kwargs)
             ^^^^^^^^^^^^^^^^^^^^^^^^^^^^^^^^^^^^^^^^^^^^^^^^^^^^^^^^^^^^^
  File "/home/airflow/.local/lib/python3.11/site-packages/airflow/models/taskinstance.py", line 432, in _execute_callable
    return execute_callable(context=context, **execute_callable_kwargs)
           ^^^^^^^^^^^^^^^^^^^^^^^^^^^^^^^^^^^^^^^^^^^^^^^^^^^^^^^^^^^^
  File "/home/airflow/.local/lib/python3.11/site-packages/airflow/models/baseoperator.py", line 401, in wrapper
    return func(self, *args, **kwargs)
           ^^^^^^^^^^^^^^^^^^^^^^^^^^^
  File "/home/airflow/.local/lib/python3.11/site-packages/airflow/operators/python.py", line 235, in execute
    return_value = self.execute_callable()
                   ^^^^^^^^^^^^^^^^^^^^^^^
  File "/home/airflow/.local/lib/python3.11/site-packages/airflow/operators/python.py", line 252, in execute_callable
    return self.python_callable(*self.op_args, **self.op_kwargs)
           ^^^^^^^^^^^^^^^^^^^^^^^^^^^^^^^^^^^^^^^^^^^^^^^^^^^^^
  File "/opt/airflow/dags/pet_adoption_dag.py", line 21, in read_csv_file
    df = pd.read_csv(file_path)
         ^^^^^^^^^^^^^^^^^^^^^^
  File "/home/airflow/.local/lib/python3.11/site-packages/pandas/io/parsers/readers.py", line 948, in read_csv
    return _read(filepath_or_buffer, kwds)
           ^^^^^^^^^^^^^^^^^^^^^^^^^^^^^^^
  File "/home/airflow/.local/lib/python3.11/site-packages/pandas/io/parsers/readers.py", line 611, in _read
    parser = TextFileReader(filepath_or_buffer, **kwds)
             ^^^^^^^^^^^^^^^^^^^^^^^^^^^^^^^^^^^^^^^^^^
  File "/home/airflow/.local/lib/python3.11/site-packages/pandas/io/parsers/readers.py", line 1448, in __init__
    self._engine = self._make_engine(f, self.engine)
                   ^^^^^^^^^^^^^^^^^^^^^^^^^^^^^^^^^
  File "/home/airflow/.local/lib/python3.11/site-packages/pandas/io/parsers/readers.py", line 1705, in _make_engine
    self.handles = get_handle(
                   ^^^^^^^^^^^
  File "/home/airflow/.local/lib/python3.11/site-packages/pandas/io/common.py", line 863, in get_handle
    handle = open(
             ^^^^^
FileNotFoundError: [Errno 2] No such file or directory: '/opt/data/pet_adoption_data.csv'
[2024-07-10T15:03:46.934+0000] {taskinstance.py:1206} INFO - Marking task as UP_FOR_RETRY. dag_id=pet_adoption_dag, task_id=extract_csv, run_id=manual__2024-07-10T15:03:37.110506+00:00, execution_date=20240710T150337, start_date=20240710T150345, end_date=20240710T150346
[2024-07-10T15:03:46.971+0000] {standard_task_runner.py:110} ERROR - Failed to execute job 7 for task extract_csv ([Errno 2] No such file or directory: '/opt/data/pet_adoption_data.csv'; 561)
[2024-07-10T15:03:47.028+0000] {local_task_job_runner.py:240} INFO - Task exited with return code 1
[2024-07-10T15:03:47.101+0000] {taskinstance.py:3503} INFO - 0 downstream tasks scheduled from follow-on schedule check
[2024-07-10T15:03:47.105+0000] {local_task_job_runner.py:222} INFO - ::endgroup::
