[2024-05-10T17:16:04.693+0000] {local_task_job_runner.py:120} INFO - ::group::Pre task execution logs
[2024-05-10T17:16:04.746+0000] {taskinstance.py:2076} INFO - Dependencies all met for dep_context=non-requeueable deps ti=<TaskInstance: template_reference.demo_template scheduled__2024-05-10T17:15:00+00:00 [queued]>
[2024-05-10T17:16:04.764+0000] {taskinstance.py:2076} INFO - Dependencies all met for dep_context=requeueable deps ti=<TaskInstance: template_reference.demo_template scheduled__2024-05-10T17:15:00+00:00 [queued]>
[2024-05-10T17:16:04.766+0000] {taskinstance.py:2306} INFO - Starting attempt 1 of 1
[2024-05-10T17:16:04.799+0000] {taskinstance.py:2330} INFO - Executing <Task(PythonOperator): demo_template> on 2024-05-10 17:15:00+00:00
[2024-05-10T17:16:04.810+0000] {standard_task_runner.py:63} INFO - Started process 3836 to run task
[2024-05-10T17:16:04.816+0000] {standard_task_runner.py:90} INFO - Running: ['***', 'tasks', 'run', 'template_reference', 'demo_template', 'scheduled__2024-05-10T17:15:00+00:00', '--job-id', '250', '--raw', '--subdir', 'DAGS_FOLDER/template_reference.py', '--cfg-path', '/tmp/tmpgtp95ak2']
[2024-05-10T17:16:04.823+0000] {standard_task_runner.py:91} INFO - Job 250: Subtask demo_template
[2024-05-10T17:16:04.967+0000] {task_command.py:426} INFO - Running <TaskInstance: template_reference.demo_template scheduled__2024-05-10T17:15:00+00:00 [running]> on host feac594d54b9
[2024-05-10T17:16:05.317+0000] {taskinstance.py:2648} INFO - Exporting env vars: AIRFLOW_CTX_DAG_OWNER='***' AIRFLOW_CTX_DAG_ID='template_reference' AIRFLOW_CTX_TASK_ID='demo_template' AIRFLOW_CTX_EXECUTION_DATE='2024-05-10T17:15:00+00:00' AIRFLOW_CTX_TRY_NUMBER='1' AIRFLOW_CTX_DAG_RUN_ID='scheduled__2024-05-10T17:15:00+00:00'
[2024-05-10T17:16:05.321+0000] {taskinstance.py:430} INFO - ::endgroup::
[2024-05-10T17:16:05.323+0000] {logging_mixin.py:188} INFO - === logical date ==>
[2024-05-10T17:16:05.324+0000] {logging_mixin.py:188} INFO - data_interval_start: 2024-05-10 17:15:00+00:00
[2024-05-10T17:16:05.325+0000] {logging_mixin.py:188} INFO - data_interval_end: 2024-05-10 17:16:00+00:00
[2024-05-10T17:16:05.327+0000] {logging_mixin.py:188} INFO - === get date and timestamp ==>
[2024-05-10T17:16:05.328+0000] {logging_mixin.py:188} INFO - ds: 2024-05-10
[2024-05-10T17:16:05.329+0000] {logging_mixin.py:188} INFO - ts: 2024-05-10T17:15:00+00:00
[2024-05-10T17:16:05.330+0000] {logging_mixin.py:188} INFO - === realtime ==>
[2024-05-10T17:16:05.331+0000] {logging_mixin.py:188} INFO - dag_run_start_date: 2024-05-10 17:16:00.724549+00:00
[2024-05-10T17:16:05.334+0000] {logging_mixin.py:188} INFO - start_task_start_date: 2024-05-10 17:16:00.746861+00:00
[2024-05-10T17:16:05.336+0000] {logging_mixin.py:188} INFO - === transform ==>
[2024-05-10T17:16:05.338+0000] {logging_mixin.py:188} INFO - data_interval_end_wib: 2024-05-10 00:16:00
[2024-05-10T17:16:05.339+0000] {logging_mixin.py:188} INFO - datetime_string: 2023-12-31 00:00:00
[2024-05-10T17:16:05.341+0000] {python.py:237} INFO - Done. Returned value was: None
[2024-05-10T17:16:05.342+0000] {taskinstance.py:441} INFO - ::group::Post task execution logs
[2024-05-10T17:16:05.372+0000] {taskinstance.py:1206} INFO - Marking task as SUCCESS. dag_id=template_reference, task_id=demo_template, run_id=scheduled__2024-05-10T17:15:00+00:00, execution_date=20240510T171500, start_date=20240510T171604, end_date=20240510T171605
[2024-05-10T17:16:05.436+0000] {local_task_job_runner.py:240} INFO - Task exited with return code 0
[2024-05-10T17:16:05.478+0000] {taskinstance.py:3498} INFO - 0 downstream tasks scheduled from follow-on schedule check
[2024-05-10T17:16:05.493+0000] {local_task_job_runner.py:222} INFO - ::endgroup::
