[2024-07-14T16:38:06.213+0000] {processor.py:161} INFO - Started process (PID=92) to work on /home/airflow/.local/lib/python3.11/site-packages/airflow/example_dags/plugins/decreasing_priority_weight_strategy.py
[2024-07-14T16:38:06.216+0000] {processor.py:830} INFO - Processing file /home/airflow/.local/lib/python3.11/site-packages/airflow/example_dags/plugins/decreasing_priority_weight_strategy.py for tasks to queue
[2024-07-14T16:38:06.220+0000] {logging_mixin.py:188} INFO - [2024-07-14T16:38:06.220+0000] {dagbag.py:545} INFO - Filling up the DagBag from /home/airflow/.local/lib/python3.11/site-packages/airflow/example_dags/plugins/decreasing_priority_weight_strategy.py
[2024-07-14T16:38:06.226+0000] {processor.py:842} WARNING - No viable dags retrieved from /home/airflow/.local/lib/python3.11/site-packages/airflow/example_dags/plugins/decreasing_priority_weight_strategy.py
[2024-07-14T16:38:06.256+0000] {processor.py:183} INFO - Processing /home/airflow/.local/lib/python3.11/site-packages/airflow/example_dags/plugins/decreasing_priority_weight_strategy.py took 0.063 seconds
[2024-07-14T16:38:13.226+0000] {processor.py:161} INFO - Started process (PID=146) to work on /home/airflow/.local/lib/python3.11/site-packages/airflow/example_dags/plugins/decreasing_priority_weight_strategy.py
[2024-07-14T16:38:13.228+0000] {processor.py:830} INFO - Processing file /home/airflow/.local/lib/python3.11/site-packages/airflow/example_dags/plugins/decreasing_priority_weight_strategy.py for tasks to queue
[2024-07-14T16:38:13.232+0000] {logging_mixin.py:188} INFO - [2024-07-14T16:38:13.232+0000] {dagbag.py:545} INFO - Filling up the DagBag from /home/airflow/.local/lib/python3.11/site-packages/airflow/example_dags/plugins/decreasing_priority_weight_strategy.py
[2024-07-14T16:38:13.237+0000] {processor.py:842} WARNING - No viable dags retrieved from /home/airflow/.local/lib/python3.11/site-packages/airflow/example_dags/plugins/decreasing_priority_weight_strategy.py
[2024-07-14T16:38:13.267+0000] {processor.py:183} INFO - Processing /home/airflow/.local/lib/python3.11/site-packages/airflow/example_dags/plugins/decreasing_priority_weight_strategy.py took 0.055 seconds
[2024-07-14T16:38:21.384+0000] {processor.py:161} INFO - Started process (PID=198) to work on /home/airflow/.local/lib/python3.11/site-packages/airflow/example_dags/plugins/decreasing_priority_weight_strategy.py
[2024-07-14T16:38:21.389+0000] {processor.py:830} INFO - Processing file /home/airflow/.local/lib/python3.11/site-packages/airflow/example_dags/plugins/decreasing_priority_weight_strategy.py for tasks to queue
[2024-07-14T16:38:21.394+0000] {logging_mixin.py:188} INFO - [2024-07-14T16:38:21.393+0000] {dagbag.py:545} INFO - Filling up the DagBag from /home/airflow/.local/lib/python3.11/site-packages/airflow/example_dags/plugins/decreasing_priority_weight_strategy.py
[2024-07-14T16:38:21.400+0000] {processor.py:842} WARNING - No viable dags retrieved from /home/airflow/.local/lib/python3.11/site-packages/airflow/example_dags/plugins/decreasing_priority_weight_strategy.py
[2024-07-14T16:38:21.436+0000] {processor.py:183} INFO - Processing /home/airflow/.local/lib/python3.11/site-packages/airflow/example_dags/plugins/decreasing_priority_weight_strategy.py took 0.067 seconds
[2024-07-14T16:38:27.107+0000] {processor.py:161} INFO - Started process (PID=251) to work on /home/airflow/.local/lib/python3.11/site-packages/airflow/example_dags/plugins/decreasing_priority_weight_strategy.py
[2024-07-14T16:38:27.108+0000] {processor.py:830} INFO - Processing file /home/airflow/.local/lib/python3.11/site-packages/airflow/example_dags/plugins/decreasing_priority_weight_strategy.py for tasks to queue
[2024-07-14T16:38:27.112+0000] {logging_mixin.py:188} INFO - [2024-07-14T16:38:27.111+0000] {dagbag.py:545} INFO - Filling up the DagBag from /home/airflow/.local/lib/python3.11/site-packages/airflow/example_dags/plugins/decreasing_priority_weight_strategy.py
[2024-07-14T16:38:27.116+0000] {processor.py:842} WARNING - No viable dags retrieved from /home/airflow/.local/lib/python3.11/site-packages/airflow/example_dags/plugins/decreasing_priority_weight_strategy.py
[2024-07-14T16:38:27.141+0000] {processor.py:183} INFO - Processing /home/airflow/.local/lib/python3.11/site-packages/airflow/example_dags/plugins/decreasing_priority_weight_strategy.py took 0.046 seconds
[2024-07-14T16:38:32.079+0000] {processor.py:161} INFO - Started process (PID=303) to work on /home/airflow/.local/lib/python3.11/site-packages/airflow/example_dags/plugins/decreasing_priority_weight_strategy.py
[2024-07-14T16:38:32.081+0000] {processor.py:830} INFO - Processing file /home/airflow/.local/lib/python3.11/site-packages/airflow/example_dags/plugins/decreasing_priority_weight_strategy.py for tasks to queue
[2024-07-14T16:38:32.083+0000] {logging_mixin.py:188} INFO - [2024-07-14T16:38:32.083+0000] {dagbag.py:545} INFO - Filling up the DagBag from /home/airflow/.local/lib/python3.11/site-packages/airflow/example_dags/plugins/decreasing_priority_weight_strategy.py
[2024-07-14T16:38:32.086+0000] {processor.py:842} WARNING - No viable dags retrieved from /home/airflow/.local/lib/python3.11/site-packages/airflow/example_dags/plugins/decreasing_priority_weight_strategy.py
[2024-07-14T16:38:32.106+0000] {processor.py:183} INFO - Processing /home/airflow/.local/lib/python3.11/site-packages/airflow/example_dags/plugins/decreasing_priority_weight_strategy.py took 0.036 seconds
[2024-07-14T16:38:37.599+0000] {processor.py:161} INFO - Started process (PID=363) to work on /home/airflow/.local/lib/python3.11/site-packages/airflow/example_dags/plugins/decreasing_priority_weight_strategy.py
[2024-07-14T16:38:37.601+0000] {processor.py:830} INFO - Processing file /home/airflow/.local/lib/python3.11/site-packages/airflow/example_dags/plugins/decreasing_priority_weight_strategy.py for tasks to queue
[2024-07-14T16:38:37.604+0000] {logging_mixin.py:188} INFO - [2024-07-14T16:38:37.603+0000] {dagbag.py:545} INFO - Filling up the DagBag from /home/airflow/.local/lib/python3.11/site-packages/airflow/example_dags/plugins/decreasing_priority_weight_strategy.py
[2024-07-14T16:38:37.608+0000] {processor.py:842} WARNING - No viable dags retrieved from /home/airflow/.local/lib/python3.11/site-packages/airflow/example_dags/plugins/decreasing_priority_weight_strategy.py
[2024-07-14T16:38:37.630+0000] {processor.py:183} INFO - Processing /home/airflow/.local/lib/python3.11/site-packages/airflow/example_dags/plugins/decreasing_priority_weight_strategy.py took 0.042 seconds
[2024-07-14T16:38:44.527+0000] {processor.py:161} INFO - Started process (PID=415) to work on /home/airflow/.local/lib/python3.11/site-packages/airflow/example_dags/plugins/decreasing_priority_weight_strategy.py
[2024-07-14T16:38:44.529+0000] {processor.py:830} INFO - Processing file /home/airflow/.local/lib/python3.11/site-packages/airflow/example_dags/plugins/decreasing_priority_weight_strategy.py for tasks to queue
[2024-07-14T16:38:44.531+0000] {logging_mixin.py:188} INFO - [2024-07-14T16:38:44.531+0000] {dagbag.py:545} INFO - Filling up the DagBag from /home/airflow/.local/lib/python3.11/site-packages/airflow/example_dags/plugins/decreasing_priority_weight_strategy.py
[2024-07-14T16:38:44.536+0000] {processor.py:842} WARNING - No viable dags retrieved from /home/airflow/.local/lib/python3.11/site-packages/airflow/example_dags/plugins/decreasing_priority_weight_strategy.py
[2024-07-14T16:38:44.556+0000] {processor.py:183} INFO - Processing /home/airflow/.local/lib/python3.11/site-packages/airflow/example_dags/plugins/decreasing_priority_weight_strategy.py took 0.039 seconds
[2024-07-14T16:38:50.691+0000] {processor.py:161} INFO - Started process (PID=469) to work on /home/airflow/.local/lib/python3.11/site-packages/airflow/example_dags/plugins/decreasing_priority_weight_strategy.py
[2024-07-14T16:38:50.693+0000] {processor.py:830} INFO - Processing file /home/airflow/.local/lib/python3.11/site-packages/airflow/example_dags/plugins/decreasing_priority_weight_strategy.py for tasks to queue
[2024-07-14T16:38:50.697+0000] {logging_mixin.py:188} INFO - [2024-07-14T16:38:50.696+0000] {dagbag.py:545} INFO - Filling up the DagBag from /home/airflow/.local/lib/python3.11/site-packages/airflow/example_dags/plugins/decreasing_priority_weight_strategy.py
[2024-07-14T16:38:50.700+0000] {processor.py:842} WARNING - No viable dags retrieved from /home/airflow/.local/lib/python3.11/site-packages/airflow/example_dags/plugins/decreasing_priority_weight_strategy.py
[2024-07-14T16:38:50.724+0000] {processor.py:183} INFO - Processing /home/airflow/.local/lib/python3.11/site-packages/airflow/example_dags/plugins/decreasing_priority_weight_strategy.py took 0.046 seconds
[2024-07-14T16:38:58.552+0000] {processor.py:161} INFO - Started process (PID=523) to work on /home/airflow/.local/lib/python3.11/site-packages/airflow/example_dags/plugins/decreasing_priority_weight_strategy.py
[2024-07-14T16:38:58.558+0000] {processor.py:830} INFO - Processing file /home/airflow/.local/lib/python3.11/site-packages/airflow/example_dags/plugins/decreasing_priority_weight_strategy.py for tasks to queue
[2024-07-14T16:38:58.564+0000] {logging_mixin.py:188} INFO - [2024-07-14T16:38:58.564+0000] {dagbag.py:545} INFO - Filling up the DagBag from /home/airflow/.local/lib/python3.11/site-packages/airflow/example_dags/plugins/decreasing_priority_weight_strategy.py
[2024-07-14T16:38:58.579+0000] {processor.py:842} WARNING - No viable dags retrieved from /home/airflow/.local/lib/python3.11/site-packages/airflow/example_dags/plugins/decreasing_priority_weight_strategy.py
[2024-07-14T16:38:58.612+0000] {processor.py:183} INFO - Processing /home/airflow/.local/lib/python3.11/site-packages/airflow/example_dags/plugins/decreasing_priority_weight_strategy.py took 0.079 seconds
[2024-07-14T16:39:04.423+0000] {processor.py:161} INFO - Started process (PID=577) to work on /home/airflow/.local/lib/python3.11/site-packages/airflow/example_dags/plugins/decreasing_priority_weight_strategy.py
[2024-07-14T16:39:04.425+0000] {processor.py:830} INFO - Processing file /home/airflow/.local/lib/python3.11/site-packages/airflow/example_dags/plugins/decreasing_priority_weight_strategy.py for tasks to queue
[2024-07-14T16:39:04.428+0000] {logging_mixin.py:188} INFO - [2024-07-14T16:39:04.427+0000] {dagbag.py:545} INFO - Filling up the DagBag from /home/airflow/.local/lib/python3.11/site-packages/airflow/example_dags/plugins/decreasing_priority_weight_strategy.py
[2024-07-14T16:39:04.430+0000] {processor.py:842} WARNING - No viable dags retrieved from /home/airflow/.local/lib/python3.11/site-packages/airflow/example_dags/plugins/decreasing_priority_weight_strategy.py
[2024-07-14T16:39:04.447+0000] {processor.py:183} INFO - Processing /home/airflow/.local/lib/python3.11/site-packages/airflow/example_dags/plugins/decreasing_priority_weight_strategy.py took 0.034 seconds
[2024-07-14T16:39:10.158+0000] {processor.py:161} INFO - Started process (PID=635) to work on /home/airflow/.local/lib/python3.11/site-packages/airflow/example_dags/plugins/decreasing_priority_weight_strategy.py
[2024-07-14T16:39:10.159+0000] {processor.py:830} INFO - Processing file /home/airflow/.local/lib/python3.11/site-packages/airflow/example_dags/plugins/decreasing_priority_weight_strategy.py for tasks to queue
[2024-07-14T16:39:10.163+0000] {logging_mixin.py:188} INFO - [2024-07-14T16:39:10.162+0000] {dagbag.py:545} INFO - Filling up the DagBag from /home/airflow/.local/lib/python3.11/site-packages/airflow/example_dags/plugins/decreasing_priority_weight_strategy.py
[2024-07-14T16:39:10.167+0000] {processor.py:842} WARNING - No viable dags retrieved from /home/airflow/.local/lib/python3.11/site-packages/airflow/example_dags/plugins/decreasing_priority_weight_strategy.py
[2024-07-14T16:39:10.198+0000] {processor.py:183} INFO - Processing /home/airflow/.local/lib/python3.11/site-packages/airflow/example_dags/plugins/decreasing_priority_weight_strategy.py took 0.051 seconds
[2024-07-14T16:39:15.903+0000] {processor.py:161} INFO - Started process (PID=689) to work on /home/airflow/.local/lib/python3.11/site-packages/airflow/example_dags/plugins/decreasing_priority_weight_strategy.py
[2024-07-14T16:39:15.904+0000] {processor.py:830} INFO - Processing file /home/airflow/.local/lib/python3.11/site-packages/airflow/example_dags/plugins/decreasing_priority_weight_strategy.py for tasks to queue
[2024-07-14T16:39:15.907+0000] {logging_mixin.py:188} INFO - [2024-07-14T16:39:15.906+0000] {dagbag.py:545} INFO - Filling up the DagBag from /home/airflow/.local/lib/python3.11/site-packages/airflow/example_dags/plugins/decreasing_priority_weight_strategy.py
[2024-07-14T16:39:15.910+0000] {processor.py:842} WARNING - No viable dags retrieved from /home/airflow/.local/lib/python3.11/site-packages/airflow/example_dags/plugins/decreasing_priority_weight_strategy.py
[2024-07-14T16:39:15.927+0000] {processor.py:183} INFO - Processing /home/airflow/.local/lib/python3.11/site-packages/airflow/example_dags/plugins/decreasing_priority_weight_strategy.py took 0.031 seconds
[2024-07-14T16:39:20.680+0000] {processor.py:161} INFO - Started process (PID=741) to work on /home/airflow/.local/lib/python3.11/site-packages/airflow/example_dags/plugins/decreasing_priority_weight_strategy.py
[2024-07-14T16:39:20.682+0000] {processor.py:830} INFO - Processing file /home/airflow/.local/lib/python3.11/site-packages/airflow/example_dags/plugins/decreasing_priority_weight_strategy.py for tasks to queue
[2024-07-14T16:39:20.685+0000] {logging_mixin.py:188} INFO - [2024-07-14T16:39:20.684+0000] {dagbag.py:545} INFO - Filling up the DagBag from /home/airflow/.local/lib/python3.11/site-packages/airflow/example_dags/plugins/decreasing_priority_weight_strategy.py
[2024-07-14T16:39:20.689+0000] {processor.py:842} WARNING - No viable dags retrieved from /home/airflow/.local/lib/python3.11/site-packages/airflow/example_dags/plugins/decreasing_priority_weight_strategy.py
[2024-07-14T16:39:20.706+0000] {processor.py:183} INFO - Processing /home/airflow/.local/lib/python3.11/site-packages/airflow/example_dags/plugins/decreasing_priority_weight_strategy.py took 0.034 seconds
[2024-07-14T16:39:25.392+0000] {processor.py:161} INFO - Started process (PID=795) to work on /home/airflow/.local/lib/python3.11/site-packages/airflow/example_dags/plugins/decreasing_priority_weight_strategy.py
[2024-07-14T16:39:25.393+0000] {processor.py:830} INFO - Processing file /home/airflow/.local/lib/python3.11/site-packages/airflow/example_dags/plugins/decreasing_priority_weight_strategy.py for tasks to queue
[2024-07-14T16:39:25.396+0000] {logging_mixin.py:188} INFO - [2024-07-14T16:39:25.395+0000] {dagbag.py:545} INFO - Filling up the DagBag from /home/airflow/.local/lib/python3.11/site-packages/airflow/example_dags/plugins/decreasing_priority_weight_strategy.py
[2024-07-14T16:39:25.399+0000] {processor.py:842} WARNING - No viable dags retrieved from /home/airflow/.local/lib/python3.11/site-packages/airflow/example_dags/plugins/decreasing_priority_weight_strategy.py
[2024-07-14T16:39:25.419+0000] {processor.py:183} INFO - Processing /home/airflow/.local/lib/python3.11/site-packages/airflow/example_dags/plugins/decreasing_priority_weight_strategy.py took 0.035 seconds
[2024-07-14T16:39:31.488+0000] {processor.py:161} INFO - Started process (PID=847) to work on /home/airflow/.local/lib/python3.11/site-packages/airflow/example_dags/plugins/decreasing_priority_weight_strategy.py
[2024-07-14T16:39:31.491+0000] {processor.py:830} INFO - Processing file /home/airflow/.local/lib/python3.11/site-packages/airflow/example_dags/plugins/decreasing_priority_weight_strategy.py for tasks to queue
[2024-07-14T16:39:31.501+0000] {logging_mixin.py:188} INFO - [2024-07-14T16:39:31.499+0000] {dagbag.py:545} INFO - Filling up the DagBag from /home/airflow/.local/lib/python3.11/site-packages/airflow/example_dags/plugins/decreasing_priority_weight_strategy.py
[2024-07-14T16:39:31.507+0000] {processor.py:842} WARNING - No viable dags retrieved from /home/airflow/.local/lib/python3.11/site-packages/airflow/example_dags/plugins/decreasing_priority_weight_strategy.py
[2024-07-14T16:39:31.542+0000] {processor.py:183} INFO - Processing /home/airflow/.local/lib/python3.11/site-packages/airflow/example_dags/plugins/decreasing_priority_weight_strategy.py took 0.071 seconds
[2024-07-14T16:39:38.155+0000] {processor.py:161} INFO - Started process (PID=907) to work on /home/airflow/.local/lib/python3.11/site-packages/airflow/example_dags/plugins/decreasing_priority_weight_strategy.py
[2024-07-14T16:39:38.156+0000] {processor.py:830} INFO - Processing file /home/airflow/.local/lib/python3.11/site-packages/airflow/example_dags/plugins/decreasing_priority_weight_strategy.py for tasks to queue
[2024-07-14T16:39:38.159+0000] {logging_mixin.py:188} INFO - [2024-07-14T16:39:38.159+0000] {dagbag.py:545} INFO - Filling up the DagBag from /home/airflow/.local/lib/python3.11/site-packages/airflow/example_dags/plugins/decreasing_priority_weight_strategy.py
[2024-07-14T16:39:38.162+0000] {processor.py:842} WARNING - No viable dags retrieved from /home/airflow/.local/lib/python3.11/site-packages/airflow/example_dags/plugins/decreasing_priority_weight_strategy.py
[2024-07-14T16:39:38.183+0000] {processor.py:183} INFO - Processing /home/airflow/.local/lib/python3.11/site-packages/airflow/example_dags/plugins/decreasing_priority_weight_strategy.py took 0.037 seconds
[2024-07-14T16:39:43.331+0000] {processor.py:161} INFO - Started process (PID=961) to work on /home/airflow/.local/lib/python3.11/site-packages/airflow/example_dags/plugins/decreasing_priority_weight_strategy.py
[2024-07-14T16:39:43.332+0000] {processor.py:830} INFO - Processing file /home/airflow/.local/lib/python3.11/site-packages/airflow/example_dags/plugins/decreasing_priority_weight_strategy.py for tasks to queue
[2024-07-14T16:39:43.336+0000] {logging_mixin.py:188} INFO - [2024-07-14T16:39:43.336+0000] {dagbag.py:545} INFO - Filling up the DagBag from /home/airflow/.local/lib/python3.11/site-packages/airflow/example_dags/plugins/decreasing_priority_weight_strategy.py
[2024-07-14T16:39:43.340+0000] {processor.py:842} WARNING - No viable dags retrieved from /home/airflow/.local/lib/python3.11/site-packages/airflow/example_dags/plugins/decreasing_priority_weight_strategy.py
[2024-07-14T16:39:43.363+0000] {processor.py:183} INFO - Processing /home/airflow/.local/lib/python3.11/site-packages/airflow/example_dags/plugins/decreasing_priority_weight_strategy.py took 0.043 seconds
[2024-07-14T16:39:48.263+0000] {processor.py:161} INFO - Started process (PID=1013) to work on /home/airflow/.local/lib/python3.11/site-packages/airflow/example_dags/plugins/decreasing_priority_weight_strategy.py
[2024-07-14T16:39:48.265+0000] {processor.py:830} INFO - Processing file /home/airflow/.local/lib/python3.11/site-packages/airflow/example_dags/plugins/decreasing_priority_weight_strategy.py for tasks to queue
[2024-07-14T16:39:48.267+0000] {logging_mixin.py:188} INFO - [2024-07-14T16:39:48.267+0000] {dagbag.py:545} INFO - Filling up the DagBag from /home/airflow/.local/lib/python3.11/site-packages/airflow/example_dags/plugins/decreasing_priority_weight_strategy.py
[2024-07-14T16:39:48.270+0000] {processor.py:842} WARNING - No viable dags retrieved from /home/airflow/.local/lib/python3.11/site-packages/airflow/example_dags/plugins/decreasing_priority_weight_strategy.py
[2024-07-14T16:39:48.288+0000] {processor.py:183} INFO - Processing /home/airflow/.local/lib/python3.11/site-packages/airflow/example_dags/plugins/decreasing_priority_weight_strategy.py took 0.033 seconds
[2024-07-14T16:39:53.329+0000] {processor.py:161} INFO - Started process (PID=1066) to work on /home/airflow/.local/lib/python3.11/site-packages/airflow/example_dags/plugins/decreasing_priority_weight_strategy.py
[2024-07-14T16:39:53.330+0000] {processor.py:830} INFO - Processing file /home/airflow/.local/lib/python3.11/site-packages/airflow/example_dags/plugins/decreasing_priority_weight_strategy.py for tasks to queue
[2024-07-14T16:39:53.333+0000] {logging_mixin.py:188} INFO - [2024-07-14T16:39:53.333+0000] {dagbag.py:545} INFO - Filling up the DagBag from /home/airflow/.local/lib/python3.11/site-packages/airflow/example_dags/plugins/decreasing_priority_weight_strategy.py
[2024-07-14T16:39:53.336+0000] {processor.py:842} WARNING - No viable dags retrieved from /home/airflow/.local/lib/python3.11/site-packages/airflow/example_dags/plugins/decreasing_priority_weight_strategy.py
[2024-07-14T16:39:53.357+0000] {processor.py:183} INFO - Processing /home/airflow/.local/lib/python3.11/site-packages/airflow/example_dags/plugins/decreasing_priority_weight_strategy.py took 0.036 seconds
[2024-07-14T16:39:57.960+0000] {processor.py:161} INFO - Started process (PID=1118) to work on /home/airflow/.local/lib/python3.11/site-packages/airflow/example_dags/plugins/decreasing_priority_weight_strategy.py
[2024-07-14T16:39:57.962+0000] {processor.py:830} INFO - Processing file /home/airflow/.local/lib/python3.11/site-packages/airflow/example_dags/plugins/decreasing_priority_weight_strategy.py for tasks to queue
[2024-07-14T16:39:57.964+0000] {logging_mixin.py:188} INFO - [2024-07-14T16:39:57.964+0000] {dagbag.py:545} INFO - Filling up the DagBag from /home/airflow/.local/lib/python3.11/site-packages/airflow/example_dags/plugins/decreasing_priority_weight_strategy.py
[2024-07-14T16:39:57.968+0000] {processor.py:842} WARNING - No viable dags retrieved from /home/airflow/.local/lib/python3.11/site-packages/airflow/example_dags/plugins/decreasing_priority_weight_strategy.py
[2024-07-14T16:39:57.990+0000] {processor.py:183} INFO - Processing /home/airflow/.local/lib/python3.11/site-packages/airflow/example_dags/plugins/decreasing_priority_weight_strategy.py took 0.039 seconds
[2024-07-14T16:40:03.412+0000] {processor.py:161} INFO - Started process (PID=1171) to work on /home/airflow/.local/lib/python3.11/site-packages/airflow/example_dags/plugins/decreasing_priority_weight_strategy.py
[2024-07-14T16:40:03.413+0000] {processor.py:830} INFO - Processing file /home/airflow/.local/lib/python3.11/site-packages/airflow/example_dags/plugins/decreasing_priority_weight_strategy.py for tasks to queue
[2024-07-14T16:40:03.416+0000] {logging_mixin.py:188} INFO - [2024-07-14T16:40:03.415+0000] {dagbag.py:545} INFO - Filling up the DagBag from /home/airflow/.local/lib/python3.11/site-packages/airflow/example_dags/plugins/decreasing_priority_weight_strategy.py
[2024-07-14T16:40:03.419+0000] {processor.py:842} WARNING - No viable dags retrieved from /home/airflow/.local/lib/python3.11/site-packages/airflow/example_dags/plugins/decreasing_priority_weight_strategy.py
[2024-07-14T16:40:03.437+0000] {processor.py:183} INFO - Processing /home/airflow/.local/lib/python3.11/site-packages/airflow/example_dags/plugins/decreasing_priority_weight_strategy.py took 0.033 seconds
[2024-07-14T16:40:09.764+0000] {processor.py:161} INFO - Started process (PID=1231) to work on /home/airflow/.local/lib/python3.11/site-packages/airflow/example_dags/plugins/decreasing_priority_weight_strategy.py
[2024-07-14T16:40:09.766+0000] {processor.py:830} INFO - Processing file /home/airflow/.local/lib/python3.11/site-packages/airflow/example_dags/plugins/decreasing_priority_weight_strategy.py for tasks to queue
[2024-07-14T16:40:09.771+0000] {logging_mixin.py:188} INFO - [2024-07-14T16:40:09.770+0000] {dagbag.py:545} INFO - Filling up the DagBag from /home/airflow/.local/lib/python3.11/site-packages/airflow/example_dags/plugins/decreasing_priority_weight_strategy.py
[2024-07-14T16:40:09.776+0000] {processor.py:842} WARNING - No viable dags retrieved from /home/airflow/.local/lib/python3.11/site-packages/airflow/example_dags/plugins/decreasing_priority_weight_strategy.py
[2024-07-14T16:40:09.806+0000] {processor.py:183} INFO - Processing /home/airflow/.local/lib/python3.11/site-packages/airflow/example_dags/plugins/decreasing_priority_weight_strategy.py took 0.058 seconds
[2024-07-14T16:40:17.827+0000] {processor.py:161} INFO - Started process (PID=1283) to work on /home/airflow/.local/lib/python3.11/site-packages/airflow/example_dags/plugins/decreasing_priority_weight_strategy.py
[2024-07-14T16:40:17.829+0000] {processor.py:830} INFO - Processing file /home/airflow/.local/lib/python3.11/site-packages/airflow/example_dags/plugins/decreasing_priority_weight_strategy.py for tasks to queue
[2024-07-14T16:40:17.833+0000] {logging_mixin.py:188} INFO - [2024-07-14T16:40:17.832+0000] {dagbag.py:545} INFO - Filling up the DagBag from /home/airflow/.local/lib/python3.11/site-packages/airflow/example_dags/plugins/decreasing_priority_weight_strategy.py
[2024-07-14T16:40:17.838+0000] {processor.py:842} WARNING - No viable dags retrieved from /home/airflow/.local/lib/python3.11/site-packages/airflow/example_dags/plugins/decreasing_priority_weight_strategy.py
[2024-07-14T16:40:17.864+0000] {processor.py:183} INFO - Processing /home/airflow/.local/lib/python3.11/site-packages/airflow/example_dags/plugins/decreasing_priority_weight_strategy.py took 0.052 seconds
[2024-07-14T16:40:24.410+0000] {processor.py:161} INFO - Started process (PID=1337) to work on /home/airflow/.local/lib/python3.11/site-packages/airflow/example_dags/plugins/decreasing_priority_weight_strategy.py
[2024-07-14T16:40:24.411+0000] {processor.py:830} INFO - Processing file /home/airflow/.local/lib/python3.11/site-packages/airflow/example_dags/plugins/decreasing_priority_weight_strategy.py for tasks to queue
[2024-07-14T16:40:24.414+0000] {logging_mixin.py:188} INFO - [2024-07-14T16:40:24.413+0000] {dagbag.py:545} INFO - Filling up the DagBag from /home/airflow/.local/lib/python3.11/site-packages/airflow/example_dags/plugins/decreasing_priority_weight_strategy.py
[2024-07-14T16:40:24.416+0000] {processor.py:842} WARNING - No viable dags retrieved from /home/airflow/.local/lib/python3.11/site-packages/airflow/example_dags/plugins/decreasing_priority_weight_strategy.py
[2024-07-14T16:40:24.432+0000] {processor.py:183} INFO - Processing /home/airflow/.local/lib/python3.11/site-packages/airflow/example_dags/plugins/decreasing_priority_weight_strategy.py took 0.029 seconds
[2024-07-14T16:40:29.346+0000] {processor.py:161} INFO - Started process (PID=1389) to work on /home/airflow/.local/lib/python3.11/site-packages/airflow/example_dags/plugins/decreasing_priority_weight_strategy.py
[2024-07-14T16:40:29.348+0000] {processor.py:830} INFO - Processing file /home/airflow/.local/lib/python3.11/site-packages/airflow/example_dags/plugins/decreasing_priority_weight_strategy.py for tasks to queue
[2024-07-14T16:40:29.352+0000] {logging_mixin.py:188} INFO - [2024-07-14T16:40:29.352+0000] {dagbag.py:545} INFO - Filling up the DagBag from /home/airflow/.local/lib/python3.11/site-packages/airflow/example_dags/plugins/decreasing_priority_weight_strategy.py
[2024-07-14T16:40:29.356+0000] {processor.py:842} WARNING - No viable dags retrieved from /home/airflow/.local/lib/python3.11/site-packages/airflow/example_dags/plugins/decreasing_priority_weight_strategy.py
[2024-07-14T16:40:29.377+0000] {processor.py:183} INFO - Processing /home/airflow/.local/lib/python3.11/site-packages/airflow/example_dags/plugins/decreasing_priority_weight_strategy.py took 0.041 seconds
[2024-07-14T16:40:35.599+0000] {processor.py:161} INFO - Started process (PID=1443) to work on /home/airflow/.local/lib/python3.11/site-packages/airflow/example_dags/plugins/decreasing_priority_weight_strategy.py
[2024-07-14T16:40:35.602+0000] {processor.py:830} INFO - Processing file /home/airflow/.local/lib/python3.11/site-packages/airflow/example_dags/plugins/decreasing_priority_weight_strategy.py for tasks to queue
[2024-07-14T16:40:35.613+0000] {logging_mixin.py:188} INFO - [2024-07-14T16:40:35.612+0000] {dagbag.py:545} INFO - Filling up the DagBag from /home/airflow/.local/lib/python3.11/site-packages/airflow/example_dags/plugins/decreasing_priority_weight_strategy.py
[2024-07-14T16:40:35.617+0000] {processor.py:842} WARNING - No viable dags retrieved from /home/airflow/.local/lib/python3.11/site-packages/airflow/example_dags/plugins/decreasing_priority_weight_strategy.py
[2024-07-14T16:40:35.644+0000] {processor.py:183} INFO - Processing /home/airflow/.local/lib/python3.11/site-packages/airflow/example_dags/plugins/decreasing_priority_weight_strategy.py took 0.059 seconds
[2024-07-14T16:40:40.822+0000] {processor.py:161} INFO - Started process (PID=1501) to work on /home/airflow/.local/lib/python3.11/site-packages/airflow/example_dags/plugins/decreasing_priority_weight_strategy.py
[2024-07-14T16:40:40.825+0000] {processor.py:830} INFO - Processing file /home/airflow/.local/lib/python3.11/site-packages/airflow/example_dags/plugins/decreasing_priority_weight_strategy.py for tasks to queue
[2024-07-14T16:40:40.829+0000] {logging_mixin.py:188} INFO - [2024-07-14T16:40:40.828+0000] {dagbag.py:545} INFO - Filling up the DagBag from /home/airflow/.local/lib/python3.11/site-packages/airflow/example_dags/plugins/decreasing_priority_weight_strategy.py
[2024-07-14T16:40:40.833+0000] {processor.py:842} WARNING - No viable dags retrieved from /home/airflow/.local/lib/python3.11/site-packages/airflow/example_dags/plugins/decreasing_priority_weight_strategy.py
[2024-07-14T16:40:40.855+0000] {processor.py:183} INFO - Processing /home/airflow/.local/lib/python3.11/site-packages/airflow/example_dags/plugins/decreasing_priority_weight_strategy.py took 0.045 seconds
[2024-07-14T16:40:47.576+0000] {processor.py:161} INFO - Started process (PID=1555) to work on /home/airflow/.local/lib/python3.11/site-packages/airflow/example_dags/plugins/decreasing_priority_weight_strategy.py
[2024-07-14T16:40:47.578+0000] {processor.py:830} INFO - Processing file /home/airflow/.local/lib/python3.11/site-packages/airflow/example_dags/plugins/decreasing_priority_weight_strategy.py for tasks to queue
[2024-07-14T16:40:47.581+0000] {logging_mixin.py:188} INFO - [2024-07-14T16:40:47.580+0000] {dagbag.py:545} INFO - Filling up the DagBag from /home/airflow/.local/lib/python3.11/site-packages/airflow/example_dags/plugins/decreasing_priority_weight_strategy.py
[2024-07-14T16:40:47.586+0000] {processor.py:842} WARNING - No viable dags retrieved from /home/airflow/.local/lib/python3.11/site-packages/airflow/example_dags/plugins/decreasing_priority_weight_strategy.py
[2024-07-14T16:40:47.610+0000] {processor.py:183} INFO - Processing /home/airflow/.local/lib/python3.11/site-packages/airflow/example_dags/plugins/decreasing_priority_weight_strategy.py took 0.043 seconds
[2024-07-14T16:40:55.558+0000] {processor.py:161} INFO - Started process (PID=1607) to work on /home/airflow/.local/lib/python3.11/site-packages/airflow/example_dags/plugins/decreasing_priority_weight_strategy.py
[2024-07-14T16:40:55.563+0000] {processor.py:830} INFO - Processing file /home/airflow/.local/lib/python3.11/site-packages/airflow/example_dags/plugins/decreasing_priority_weight_strategy.py for tasks to queue
[2024-07-14T16:40:55.570+0000] {logging_mixin.py:188} INFO - [2024-07-14T16:40:55.569+0000] {dagbag.py:545} INFO - Filling up the DagBag from /home/airflow/.local/lib/python3.11/site-packages/airflow/example_dags/plugins/decreasing_priority_weight_strategy.py
[2024-07-14T16:40:55.580+0000] {processor.py:842} WARNING - No viable dags retrieved from /home/airflow/.local/lib/python3.11/site-packages/airflow/example_dags/plugins/decreasing_priority_weight_strategy.py
[2024-07-14T16:40:55.623+0000] {processor.py:183} INFO - Processing /home/airflow/.local/lib/python3.11/site-packages/airflow/example_dags/plugins/decreasing_priority_weight_strategy.py took 0.082 seconds
[2024-07-14T16:41:04.767+0000] {processor.py:161} INFO - Started process (PID=1660) to work on /home/airflow/.local/lib/python3.11/site-packages/airflow/example_dags/plugins/decreasing_priority_weight_strategy.py
[2024-07-14T16:41:04.769+0000] {processor.py:830} INFO - Processing file /home/airflow/.local/lib/python3.11/site-packages/airflow/example_dags/plugins/decreasing_priority_weight_strategy.py for tasks to queue
[2024-07-14T16:41:04.772+0000] {logging_mixin.py:188} INFO - [2024-07-14T16:41:04.771+0000] {dagbag.py:545} INFO - Filling up the DagBag from /home/airflow/.local/lib/python3.11/site-packages/airflow/example_dags/plugins/decreasing_priority_weight_strategy.py
[2024-07-14T16:41:04.776+0000] {processor.py:842} WARNING - No viable dags retrieved from /home/airflow/.local/lib/python3.11/site-packages/airflow/example_dags/plugins/decreasing_priority_weight_strategy.py
[2024-07-14T16:41:04.796+0000] {processor.py:183} INFO - Processing /home/airflow/.local/lib/python3.11/site-packages/airflow/example_dags/plugins/decreasing_priority_weight_strategy.py took 0.037 seconds
[2024-07-14T16:41:11.538+0000] {processor.py:161} INFO - Started process (PID=1718) to work on /home/airflow/.local/lib/python3.11/site-packages/airflow/example_dags/plugins/decreasing_priority_weight_strategy.py
[2024-07-14T16:41:11.539+0000] {processor.py:830} INFO - Processing file /home/airflow/.local/lib/python3.11/site-packages/airflow/example_dags/plugins/decreasing_priority_weight_strategy.py for tasks to queue
[2024-07-14T16:41:11.542+0000] {logging_mixin.py:188} INFO - [2024-07-14T16:41:11.541+0000] {dagbag.py:545} INFO - Filling up the DagBag from /home/airflow/.local/lib/python3.11/site-packages/airflow/example_dags/plugins/decreasing_priority_weight_strategy.py
[2024-07-14T16:41:11.545+0000] {processor.py:842} WARNING - No viable dags retrieved from /home/airflow/.local/lib/python3.11/site-packages/airflow/example_dags/plugins/decreasing_priority_weight_strategy.py
[2024-07-14T16:41:11.563+0000] {processor.py:183} INFO - Processing /home/airflow/.local/lib/python3.11/site-packages/airflow/example_dags/plugins/decreasing_priority_weight_strategy.py took 0.033 seconds
[2024-07-14T16:41:18.510+0000] {processor.py:161} INFO - Started process (PID=1772) to work on /home/airflow/.local/lib/python3.11/site-packages/airflow/example_dags/plugins/decreasing_priority_weight_strategy.py
[2024-07-14T16:41:18.512+0000] {processor.py:830} INFO - Processing file /home/airflow/.local/lib/python3.11/site-packages/airflow/example_dags/plugins/decreasing_priority_weight_strategy.py for tasks to queue
[2024-07-14T16:41:18.516+0000] {logging_mixin.py:188} INFO - [2024-07-14T16:41:18.515+0000] {dagbag.py:545} INFO - Filling up the DagBag from /home/airflow/.local/lib/python3.11/site-packages/airflow/example_dags/plugins/decreasing_priority_weight_strategy.py
[2024-07-14T16:41:18.520+0000] {processor.py:842} WARNING - No viable dags retrieved from /home/airflow/.local/lib/python3.11/site-packages/airflow/example_dags/plugins/decreasing_priority_weight_strategy.py
[2024-07-14T16:41:18.541+0000] {processor.py:183} INFO - Processing /home/airflow/.local/lib/python3.11/site-packages/airflow/example_dags/plugins/decreasing_priority_weight_strategy.py took 0.042 seconds
[2024-07-14T16:41:26.266+0000] {processor.py:161} INFO - Started process (PID=1824) to work on /home/airflow/.local/lib/python3.11/site-packages/airflow/example_dags/plugins/decreasing_priority_weight_strategy.py
[2024-07-14T16:41:26.269+0000] {processor.py:830} INFO - Processing file /home/airflow/.local/lib/python3.11/site-packages/airflow/example_dags/plugins/decreasing_priority_weight_strategy.py for tasks to queue
[2024-07-14T16:41:26.276+0000] {logging_mixin.py:188} INFO - [2024-07-14T16:41:26.275+0000] {dagbag.py:545} INFO - Filling up the DagBag from /home/airflow/.local/lib/python3.11/site-packages/airflow/example_dags/plugins/decreasing_priority_weight_strategy.py
[2024-07-14T16:41:26.285+0000] {processor.py:842} WARNING - No viable dags retrieved from /home/airflow/.local/lib/python3.11/site-packages/airflow/example_dags/plugins/decreasing_priority_weight_strategy.py
[2024-07-14T16:41:26.326+0000] {processor.py:183} INFO - Processing /home/airflow/.local/lib/python3.11/site-packages/airflow/example_dags/plugins/decreasing_priority_weight_strategy.py took 0.079 seconds
[2024-07-14T16:41:35.568+0000] {processor.py:161} INFO - Started process (PID=1878) to work on /home/airflow/.local/lib/python3.11/site-packages/airflow/example_dags/plugins/decreasing_priority_weight_strategy.py
[2024-07-14T16:41:35.569+0000] {processor.py:830} INFO - Processing file /home/airflow/.local/lib/python3.11/site-packages/airflow/example_dags/plugins/decreasing_priority_weight_strategy.py for tasks to queue
[2024-07-14T16:41:35.573+0000] {logging_mixin.py:188} INFO - [2024-07-14T16:41:35.572+0000] {dagbag.py:545} INFO - Filling up the DagBag from /home/airflow/.local/lib/python3.11/site-packages/airflow/example_dags/plugins/decreasing_priority_weight_strategy.py
[2024-07-14T16:41:35.576+0000] {processor.py:842} WARNING - No viable dags retrieved from /home/airflow/.local/lib/python3.11/site-packages/airflow/example_dags/plugins/decreasing_priority_weight_strategy.py
[2024-07-14T16:41:35.596+0000] {processor.py:183} INFO - Processing /home/airflow/.local/lib/python3.11/site-packages/airflow/example_dags/plugins/decreasing_priority_weight_strategy.py took 0.038 seconds
[2024-07-14T16:41:42.216+0000] {processor.py:161} INFO - Started process (PID=1936) to work on /home/airflow/.local/lib/python3.11/site-packages/airflow/example_dags/plugins/decreasing_priority_weight_strategy.py
[2024-07-14T16:41:42.217+0000] {processor.py:830} INFO - Processing file /home/airflow/.local/lib/python3.11/site-packages/airflow/example_dags/plugins/decreasing_priority_weight_strategy.py for tasks to queue
[2024-07-14T16:41:42.220+0000] {logging_mixin.py:188} INFO - [2024-07-14T16:41:42.220+0000] {dagbag.py:545} INFO - Filling up the DagBag from /home/airflow/.local/lib/python3.11/site-packages/airflow/example_dags/plugins/decreasing_priority_weight_strategy.py
[2024-07-14T16:41:42.224+0000] {processor.py:842} WARNING - No viable dags retrieved from /home/airflow/.local/lib/python3.11/site-packages/airflow/example_dags/plugins/decreasing_priority_weight_strategy.py
[2024-07-14T16:41:42.249+0000] {processor.py:183} INFO - Processing /home/airflow/.local/lib/python3.11/site-packages/airflow/example_dags/plugins/decreasing_priority_weight_strategy.py took 0.045 seconds
[2024-07-14T16:41:47.949+0000] {processor.py:161} INFO - Started process (PID=1989) to work on /home/airflow/.local/lib/python3.11/site-packages/airflow/example_dags/plugins/decreasing_priority_weight_strategy.py
[2024-07-14T16:41:47.951+0000] {processor.py:830} INFO - Processing file /home/airflow/.local/lib/python3.11/site-packages/airflow/example_dags/plugins/decreasing_priority_weight_strategy.py for tasks to queue
[2024-07-14T16:41:47.953+0000] {logging_mixin.py:188} INFO - [2024-07-14T16:41:47.953+0000] {dagbag.py:545} INFO - Filling up the DagBag from /home/airflow/.local/lib/python3.11/site-packages/airflow/example_dags/plugins/decreasing_priority_weight_strategy.py
[2024-07-14T16:41:47.956+0000] {processor.py:842} WARNING - No viable dags retrieved from /home/airflow/.local/lib/python3.11/site-packages/airflow/example_dags/plugins/decreasing_priority_weight_strategy.py
[2024-07-14T16:41:47.975+0000] {processor.py:183} INFO - Processing /home/airflow/.local/lib/python3.11/site-packages/airflow/example_dags/plugins/decreasing_priority_weight_strategy.py took 0.034 seconds
[2024-07-14T16:41:54.758+0000] {processor.py:161} INFO - Started process (PID=2041) to work on /home/airflow/.local/lib/python3.11/site-packages/airflow/example_dags/plugins/decreasing_priority_weight_strategy.py
[2024-07-14T16:41:54.760+0000] {processor.py:830} INFO - Processing file /home/airflow/.local/lib/python3.11/site-packages/airflow/example_dags/plugins/decreasing_priority_weight_strategy.py for tasks to queue
[2024-07-14T16:41:54.763+0000] {logging_mixin.py:188} INFO - [2024-07-14T16:41:54.762+0000] {dagbag.py:545} INFO - Filling up the DagBag from /home/airflow/.local/lib/python3.11/site-packages/airflow/example_dags/plugins/decreasing_priority_weight_strategy.py
[2024-07-14T16:41:54.766+0000] {processor.py:842} WARNING - No viable dags retrieved from /home/airflow/.local/lib/python3.11/site-packages/airflow/example_dags/plugins/decreasing_priority_weight_strategy.py
[2024-07-14T16:41:54.796+0000] {processor.py:183} INFO - Processing /home/airflow/.local/lib/python3.11/site-packages/airflow/example_dags/plugins/decreasing_priority_weight_strategy.py took 0.048 seconds
[2024-07-14T16:42:02.157+0000] {processor.py:161} INFO - Started process (PID=2095) to work on /home/airflow/.local/lib/python3.11/site-packages/airflow/example_dags/plugins/decreasing_priority_weight_strategy.py
[2024-07-14T16:42:02.158+0000] {processor.py:830} INFO - Processing file /home/airflow/.local/lib/python3.11/site-packages/airflow/example_dags/plugins/decreasing_priority_weight_strategy.py for tasks to queue
[2024-07-14T16:42:02.162+0000] {logging_mixin.py:188} INFO - [2024-07-14T16:42:02.161+0000] {dagbag.py:545} INFO - Filling up the DagBag from /home/airflow/.local/lib/python3.11/site-packages/airflow/example_dags/plugins/decreasing_priority_weight_strategy.py
[2024-07-14T16:42:02.165+0000] {processor.py:842} WARNING - No viable dags retrieved from /home/airflow/.local/lib/python3.11/site-packages/airflow/example_dags/plugins/decreasing_priority_weight_strategy.py
[2024-07-14T16:42:02.187+0000] {processor.py:183} INFO - Processing /home/airflow/.local/lib/python3.11/site-packages/airflow/example_dags/plugins/decreasing_priority_weight_strategy.py took 0.040 seconds
[2024-07-14T16:42:09.440+0000] {processor.py:161} INFO - Started process (PID=2153) to work on /home/airflow/.local/lib/python3.11/site-packages/airflow/example_dags/plugins/decreasing_priority_weight_strategy.py
[2024-07-14T16:42:09.442+0000] {processor.py:830} INFO - Processing file /home/airflow/.local/lib/python3.11/site-packages/airflow/example_dags/plugins/decreasing_priority_weight_strategy.py for tasks to queue
[2024-07-14T16:42:09.445+0000] {logging_mixin.py:188} INFO - [2024-07-14T16:42:09.444+0000] {dagbag.py:545} INFO - Filling up the DagBag from /home/airflow/.local/lib/python3.11/site-packages/airflow/example_dags/plugins/decreasing_priority_weight_strategy.py
[2024-07-14T16:42:09.450+0000] {processor.py:842} WARNING - No viable dags retrieved from /home/airflow/.local/lib/python3.11/site-packages/airflow/example_dags/plugins/decreasing_priority_weight_strategy.py
[2024-07-14T16:42:09.502+0000] {processor.py:183} INFO - Processing /home/airflow/.local/lib/python3.11/site-packages/airflow/example_dags/plugins/decreasing_priority_weight_strategy.py took 0.073 seconds
[2024-07-14T16:42:14.689+0000] {processor.py:161} INFO - Started process (PID=2206) to work on /home/airflow/.local/lib/python3.11/site-packages/airflow/example_dags/plugins/decreasing_priority_weight_strategy.py
[2024-07-14T16:42:14.690+0000] {processor.py:830} INFO - Processing file /home/airflow/.local/lib/python3.11/site-packages/airflow/example_dags/plugins/decreasing_priority_weight_strategy.py for tasks to queue
[2024-07-14T16:42:14.693+0000] {logging_mixin.py:188} INFO - [2024-07-14T16:42:14.693+0000] {dagbag.py:545} INFO - Filling up the DagBag from /home/airflow/.local/lib/python3.11/site-packages/airflow/example_dags/plugins/decreasing_priority_weight_strategy.py
[2024-07-14T16:42:14.696+0000] {processor.py:842} WARNING - No viable dags retrieved from /home/airflow/.local/lib/python3.11/site-packages/airflow/example_dags/plugins/decreasing_priority_weight_strategy.py
[2024-07-14T16:42:14.714+0000] {processor.py:183} INFO - Processing /home/airflow/.local/lib/python3.11/site-packages/airflow/example_dags/plugins/decreasing_priority_weight_strategy.py took 0.034 seconds
[2024-07-14T16:42:19.978+0000] {processor.py:161} INFO - Started process (PID=2258) to work on /home/airflow/.local/lib/python3.11/site-packages/airflow/example_dags/plugins/decreasing_priority_weight_strategy.py
[2024-07-14T16:42:19.979+0000] {processor.py:830} INFO - Processing file /home/airflow/.local/lib/python3.11/site-packages/airflow/example_dags/plugins/decreasing_priority_weight_strategy.py for tasks to queue
[2024-07-14T16:42:19.983+0000] {logging_mixin.py:188} INFO - [2024-07-14T16:42:19.982+0000] {dagbag.py:545} INFO - Filling up the DagBag from /home/airflow/.local/lib/python3.11/site-packages/airflow/example_dags/plugins/decreasing_priority_weight_strategy.py
[2024-07-14T16:42:19.986+0000] {processor.py:842} WARNING - No viable dags retrieved from /home/airflow/.local/lib/python3.11/site-packages/airflow/example_dags/plugins/decreasing_priority_weight_strategy.py
[2024-07-14T16:42:20.005+0000] {processor.py:183} INFO - Processing /home/airflow/.local/lib/python3.11/site-packages/airflow/example_dags/plugins/decreasing_priority_weight_strategy.py took 0.037 seconds
[2024-07-14T16:42:24.561+0000] {processor.py:161} INFO - Started process (PID=2312) to work on /home/airflow/.local/lib/python3.11/site-packages/airflow/example_dags/plugins/decreasing_priority_weight_strategy.py
[2024-07-14T16:42:24.563+0000] {processor.py:830} INFO - Processing file /home/airflow/.local/lib/python3.11/site-packages/airflow/example_dags/plugins/decreasing_priority_weight_strategy.py for tasks to queue
[2024-07-14T16:42:24.566+0000] {logging_mixin.py:188} INFO - [2024-07-14T16:42:24.565+0000] {dagbag.py:545} INFO - Filling up the DagBag from /home/airflow/.local/lib/python3.11/site-packages/airflow/example_dags/plugins/decreasing_priority_weight_strategy.py
[2024-07-14T16:42:24.569+0000] {processor.py:842} WARNING - No viable dags retrieved from /home/airflow/.local/lib/python3.11/site-packages/airflow/example_dags/plugins/decreasing_priority_weight_strategy.py
[2024-07-14T16:42:24.590+0000] {processor.py:183} INFO - Processing /home/airflow/.local/lib/python3.11/site-packages/airflow/example_dags/plugins/decreasing_priority_weight_strategy.py took 0.037 seconds
[2024-07-14T16:42:30.171+0000] {processor.py:161} INFO - Started process (PID=2364) to work on /home/airflow/.local/lib/python3.11/site-packages/airflow/example_dags/plugins/decreasing_priority_weight_strategy.py
[2024-07-14T16:42:30.174+0000] {processor.py:830} INFO - Processing file /home/airflow/.local/lib/python3.11/site-packages/airflow/example_dags/plugins/decreasing_priority_weight_strategy.py for tasks to queue
[2024-07-14T16:42:30.182+0000] {logging_mixin.py:188} INFO - [2024-07-14T16:42:30.180+0000] {dagbag.py:545} INFO - Filling up the DagBag from /home/airflow/.local/lib/python3.11/site-packages/airflow/example_dags/plugins/decreasing_priority_weight_strategy.py
[2024-07-14T16:42:30.189+0000] {processor.py:842} WARNING - No viable dags retrieved from /home/airflow/.local/lib/python3.11/site-packages/airflow/example_dags/plugins/decreasing_priority_weight_strategy.py
[2024-07-14T16:42:30.221+0000] {processor.py:183} INFO - Processing /home/airflow/.local/lib/python3.11/site-packages/airflow/example_dags/plugins/decreasing_priority_weight_strategy.py took 0.073 seconds
[2024-07-14T16:42:37.379+0000] {processor.py:161} INFO - Started process (PID=2423) to work on /home/airflow/.local/lib/python3.11/site-packages/airflow/example_dags/plugins/decreasing_priority_weight_strategy.py
[2024-07-14T16:42:37.381+0000] {processor.py:830} INFO - Processing file /home/airflow/.local/lib/python3.11/site-packages/airflow/example_dags/plugins/decreasing_priority_weight_strategy.py for tasks to queue
[2024-07-14T16:42:37.385+0000] {logging_mixin.py:188} INFO - [2024-07-14T16:42:37.384+0000] {dagbag.py:545} INFO - Filling up the DagBag from /home/airflow/.local/lib/python3.11/site-packages/airflow/example_dags/plugins/decreasing_priority_weight_strategy.py
[2024-07-14T16:42:37.388+0000] {processor.py:842} WARNING - No viable dags retrieved from /home/airflow/.local/lib/python3.11/site-packages/airflow/example_dags/plugins/decreasing_priority_weight_strategy.py
[2024-07-14T16:42:37.413+0000] {processor.py:183} INFO - Processing /home/airflow/.local/lib/python3.11/site-packages/airflow/example_dags/plugins/decreasing_priority_weight_strategy.py took 0.045 seconds
[2024-07-14T16:42:48.182+0000] {processor.py:161} INFO - Started process (PID=2475) to work on /home/airflow/.local/lib/python3.11/site-packages/airflow/example_dags/plugins/decreasing_priority_weight_strategy.py
[2024-07-14T16:42:48.185+0000] {processor.py:830} INFO - Processing file /home/airflow/.local/lib/python3.11/site-packages/airflow/example_dags/plugins/decreasing_priority_weight_strategy.py for tasks to queue
[2024-07-14T16:42:48.189+0000] {logging_mixin.py:188} INFO - [2024-07-14T16:42:48.188+0000] {dagbag.py:545} INFO - Filling up the DagBag from /home/airflow/.local/lib/python3.11/site-packages/airflow/example_dags/plugins/decreasing_priority_weight_strategy.py
[2024-07-14T16:42:48.194+0000] {processor.py:842} WARNING - No viable dags retrieved from /home/airflow/.local/lib/python3.11/site-packages/airflow/example_dags/plugins/decreasing_priority_weight_strategy.py
[2024-07-14T16:42:48.224+0000] {processor.py:183} INFO - Processing /home/airflow/.local/lib/python3.11/site-packages/airflow/example_dags/plugins/decreasing_priority_weight_strategy.py took 0.054 seconds
[2024-07-14T16:42:55.687+0000] {processor.py:161} INFO - Started process (PID=2528) to work on /home/airflow/.local/lib/python3.11/site-packages/airflow/example_dags/plugins/decreasing_priority_weight_strategy.py
[2024-07-14T16:42:55.689+0000] {processor.py:830} INFO - Processing file /home/airflow/.local/lib/python3.11/site-packages/airflow/example_dags/plugins/decreasing_priority_weight_strategy.py for tasks to queue
[2024-07-14T16:42:55.692+0000] {logging_mixin.py:188} INFO - [2024-07-14T16:42:55.692+0000] {dagbag.py:545} INFO - Filling up the DagBag from /home/airflow/.local/lib/python3.11/site-packages/airflow/example_dags/plugins/decreasing_priority_weight_strategy.py
[2024-07-14T16:42:55.697+0000] {processor.py:842} WARNING - No viable dags retrieved from /home/airflow/.local/lib/python3.11/site-packages/airflow/example_dags/plugins/decreasing_priority_weight_strategy.py
[2024-07-14T16:42:55.731+0000] {processor.py:183} INFO - Processing /home/airflow/.local/lib/python3.11/site-packages/airflow/example_dags/plugins/decreasing_priority_weight_strategy.py took 0.058 seconds
[2024-07-14T16:43:02.021+0000] {processor.py:161} INFO - Started process (PID=2580) to work on /home/airflow/.local/lib/python3.11/site-packages/airflow/example_dags/plugins/decreasing_priority_weight_strategy.py
[2024-07-14T16:43:02.022+0000] {processor.py:830} INFO - Processing file /home/airflow/.local/lib/python3.11/site-packages/airflow/example_dags/plugins/decreasing_priority_weight_strategy.py for tasks to queue
[2024-07-14T16:43:02.026+0000] {logging_mixin.py:188} INFO - [2024-07-14T16:43:02.025+0000] {dagbag.py:545} INFO - Filling up the DagBag from /home/airflow/.local/lib/python3.11/site-packages/airflow/example_dags/plugins/decreasing_priority_weight_strategy.py
[2024-07-14T16:43:02.030+0000] {processor.py:842} WARNING - No viable dags retrieved from /home/airflow/.local/lib/python3.11/site-packages/airflow/example_dags/plugins/decreasing_priority_weight_strategy.py
[2024-07-14T16:43:02.052+0000] {processor.py:183} INFO - Processing /home/airflow/.local/lib/python3.11/site-packages/airflow/example_dags/plugins/decreasing_priority_weight_strategy.py took 0.041 seconds
[2024-07-14T16:43:09.117+0000] {processor.py:161} INFO - Started process (PID=2639) to work on /home/airflow/.local/lib/python3.11/site-packages/airflow/example_dags/plugins/decreasing_priority_weight_strategy.py
[2024-07-14T16:43:09.120+0000] {processor.py:830} INFO - Processing file /home/airflow/.local/lib/python3.11/site-packages/airflow/example_dags/plugins/decreasing_priority_weight_strategy.py for tasks to queue
[2024-07-14T16:43:09.125+0000] {logging_mixin.py:188} INFO - [2024-07-14T16:43:09.124+0000] {dagbag.py:545} INFO - Filling up the DagBag from /home/airflow/.local/lib/python3.11/site-packages/airflow/example_dags/plugins/decreasing_priority_weight_strategy.py
[2024-07-14T16:43:09.139+0000] {processor.py:842} WARNING - No viable dags retrieved from /home/airflow/.local/lib/python3.11/site-packages/airflow/example_dags/plugins/decreasing_priority_weight_strategy.py
[2024-07-14T16:43:09.220+0000] {processor.py:183} INFO - Processing /home/airflow/.local/lib/python3.11/site-packages/airflow/example_dags/plugins/decreasing_priority_weight_strategy.py took 0.132 seconds
[2024-07-14T16:43:17.915+0000] {processor.py:161} INFO - Started process (PID=2691) to work on /home/airflow/.local/lib/python3.11/site-packages/airflow/example_dags/plugins/decreasing_priority_weight_strategy.py
[2024-07-14T16:43:17.918+0000] {processor.py:830} INFO - Processing file /home/airflow/.local/lib/python3.11/site-packages/airflow/example_dags/plugins/decreasing_priority_weight_strategy.py for tasks to queue
[2024-07-14T16:43:17.923+0000] {logging_mixin.py:188} INFO - [2024-07-14T16:43:17.922+0000] {dagbag.py:545} INFO - Filling up the DagBag from /home/airflow/.local/lib/python3.11/site-packages/airflow/example_dags/plugins/decreasing_priority_weight_strategy.py
[2024-07-14T16:43:17.930+0000] {processor.py:842} WARNING - No viable dags retrieved from /home/airflow/.local/lib/python3.11/site-packages/airflow/example_dags/plugins/decreasing_priority_weight_strategy.py
[2024-07-14T16:43:17.960+0000] {processor.py:183} INFO - Processing /home/airflow/.local/lib/python3.11/site-packages/airflow/example_dags/plugins/decreasing_priority_weight_strategy.py took 0.065 seconds
[2024-07-14T16:43:31.751+0000] {processor.py:161} INFO - Started process (PID=2744) to work on /home/airflow/.local/lib/python3.11/site-packages/airflow/example_dags/plugins/decreasing_priority_weight_strategy.py
[2024-07-14T16:43:31.756+0000] {processor.py:830} INFO - Processing file /home/airflow/.local/lib/python3.11/site-packages/airflow/example_dags/plugins/decreasing_priority_weight_strategy.py for tasks to queue
[2024-07-14T16:43:31.763+0000] {logging_mixin.py:188} INFO - [2024-07-14T16:43:31.762+0000] {dagbag.py:545} INFO - Filling up the DagBag from /home/airflow/.local/lib/python3.11/site-packages/airflow/example_dags/plugins/decreasing_priority_weight_strategy.py
[2024-07-14T16:43:31.770+0000] {processor.py:842} WARNING - No viable dags retrieved from /home/airflow/.local/lib/python3.11/site-packages/airflow/example_dags/plugins/decreasing_priority_weight_strategy.py
[2024-07-14T16:43:31.814+0000] {processor.py:183} INFO - Processing /home/airflow/.local/lib/python3.11/site-packages/airflow/example_dags/plugins/decreasing_priority_weight_strategy.py took 0.087 seconds
[2024-07-14T16:43:40.826+0000] {processor.py:161} INFO - Started process (PID=2802) to work on /home/airflow/.local/lib/python3.11/site-packages/airflow/example_dags/plugins/decreasing_priority_weight_strategy.py
[2024-07-14T16:43:40.827+0000] {processor.py:830} INFO - Processing file /home/airflow/.local/lib/python3.11/site-packages/airflow/example_dags/plugins/decreasing_priority_weight_strategy.py for tasks to queue
[2024-07-14T16:43:40.830+0000] {logging_mixin.py:188} INFO - [2024-07-14T16:43:40.830+0000] {dagbag.py:545} INFO - Filling up the DagBag from /home/airflow/.local/lib/python3.11/site-packages/airflow/example_dags/plugins/decreasing_priority_weight_strategy.py
[2024-07-14T16:43:40.834+0000] {processor.py:842} WARNING - No viable dags retrieved from /home/airflow/.local/lib/python3.11/site-packages/airflow/example_dags/plugins/decreasing_priority_weight_strategy.py
[2024-07-14T16:43:40.855+0000] {processor.py:183} INFO - Processing /home/airflow/.local/lib/python3.11/site-packages/airflow/example_dags/plugins/decreasing_priority_weight_strategy.py took 0.039 seconds
[2024-07-14T16:43:47.409+0000] {processor.py:161} INFO - Started process (PID=2855) to work on /home/airflow/.local/lib/python3.11/site-packages/airflow/example_dags/plugins/decreasing_priority_weight_strategy.py
[2024-07-14T16:43:47.410+0000] {processor.py:830} INFO - Processing file /home/airflow/.local/lib/python3.11/site-packages/airflow/example_dags/plugins/decreasing_priority_weight_strategy.py for tasks to queue
[2024-07-14T16:43:47.413+0000] {logging_mixin.py:188} INFO - [2024-07-14T16:43:47.413+0000] {dagbag.py:545} INFO - Filling up the DagBag from /home/airflow/.local/lib/python3.11/site-packages/airflow/example_dags/plugins/decreasing_priority_weight_strategy.py
[2024-07-14T16:43:47.417+0000] {processor.py:842} WARNING - No viable dags retrieved from /home/airflow/.local/lib/python3.11/site-packages/airflow/example_dags/plugins/decreasing_priority_weight_strategy.py
[2024-07-14T16:43:47.440+0000] {processor.py:183} INFO - Processing /home/airflow/.local/lib/python3.11/site-packages/airflow/example_dags/plugins/decreasing_priority_weight_strategy.py took 0.041 seconds
[2024-07-14T16:43:55.269+0000] {processor.py:161} INFO - Started process (PID=2909) to work on /home/airflow/.local/lib/python3.11/site-packages/airflow/example_dags/plugins/decreasing_priority_weight_strategy.py
[2024-07-14T16:43:55.271+0000] {processor.py:830} INFO - Processing file /home/airflow/.local/lib/python3.11/site-packages/airflow/example_dags/plugins/decreasing_priority_weight_strategy.py for tasks to queue
[2024-07-14T16:43:55.274+0000] {logging_mixin.py:188} INFO - [2024-07-14T16:43:55.273+0000] {dagbag.py:545} INFO - Filling up the DagBag from /home/airflow/.local/lib/python3.11/site-packages/airflow/example_dags/plugins/decreasing_priority_weight_strategy.py
[2024-07-14T16:43:55.278+0000] {processor.py:842} WARNING - No viable dags retrieved from /home/airflow/.local/lib/python3.11/site-packages/airflow/example_dags/plugins/decreasing_priority_weight_strategy.py
[2024-07-14T16:43:55.301+0000] {processor.py:183} INFO - Processing /home/airflow/.local/lib/python3.11/site-packages/airflow/example_dags/plugins/decreasing_priority_weight_strategy.py took 0.042 seconds
[2024-07-14T16:44:05.050+0000] {processor.py:161} INFO - Started process (PID=2961) to work on /home/airflow/.local/lib/python3.11/site-packages/airflow/example_dags/plugins/decreasing_priority_weight_strategy.py
[2024-07-14T16:44:05.054+0000] {processor.py:830} INFO - Processing file /home/airflow/.local/lib/python3.11/site-packages/airflow/example_dags/plugins/decreasing_priority_weight_strategy.py for tasks to queue
[2024-07-14T16:44:05.071+0000] {logging_mixin.py:188} INFO - [2024-07-14T16:44:05.070+0000] {dagbag.py:545} INFO - Filling up the DagBag from /home/airflow/.local/lib/python3.11/site-packages/airflow/example_dags/plugins/decreasing_priority_weight_strategy.py
[2024-07-14T16:44:05.095+0000] {processor.py:842} WARNING - No viable dags retrieved from /home/airflow/.local/lib/python3.11/site-packages/airflow/example_dags/plugins/decreasing_priority_weight_strategy.py
[2024-07-14T16:44:05.165+0000] {processor.py:183} INFO - Processing /home/airflow/.local/lib/python3.11/site-packages/airflow/example_dags/plugins/decreasing_priority_weight_strategy.py took 0.165 seconds
[2024-07-14T16:44:11.980+0000] {processor.py:161} INFO - Started process (PID=3021) to work on /home/airflow/.local/lib/python3.11/site-packages/airflow/example_dags/plugins/decreasing_priority_weight_strategy.py
[2024-07-14T16:44:11.982+0000] {processor.py:830} INFO - Processing file /home/airflow/.local/lib/python3.11/site-packages/airflow/example_dags/plugins/decreasing_priority_weight_strategy.py for tasks to queue
[2024-07-14T16:44:11.985+0000] {logging_mixin.py:188} INFO - [2024-07-14T16:44:11.984+0000] {dagbag.py:545} INFO - Filling up the DagBag from /home/airflow/.local/lib/python3.11/site-packages/airflow/example_dags/plugins/decreasing_priority_weight_strategy.py
[2024-07-14T16:44:11.988+0000] {processor.py:842} WARNING - No viable dags retrieved from /home/airflow/.local/lib/python3.11/site-packages/airflow/example_dags/plugins/decreasing_priority_weight_strategy.py
[2024-07-14T16:44:12.010+0000] {processor.py:183} INFO - Processing /home/airflow/.local/lib/python3.11/site-packages/airflow/example_dags/plugins/decreasing_priority_weight_strategy.py took 0.041 seconds
[2024-07-14T16:44:16.696+0000] {processor.py:161} INFO - Started process (PID=3073) to work on /home/airflow/.local/lib/python3.11/site-packages/airflow/example_dags/plugins/decreasing_priority_weight_strategy.py
[2024-07-14T16:44:16.697+0000] {processor.py:830} INFO - Processing file /home/airflow/.local/lib/python3.11/site-packages/airflow/example_dags/plugins/decreasing_priority_weight_strategy.py for tasks to queue
[2024-07-14T16:44:16.700+0000] {logging_mixin.py:188} INFO - [2024-07-14T16:44:16.700+0000] {dagbag.py:545} INFO - Filling up the DagBag from /home/airflow/.local/lib/python3.11/site-packages/airflow/example_dags/plugins/decreasing_priority_weight_strategy.py
[2024-07-14T16:44:16.703+0000] {processor.py:842} WARNING - No viable dags retrieved from /home/airflow/.local/lib/python3.11/site-packages/airflow/example_dags/plugins/decreasing_priority_weight_strategy.py
[2024-07-14T16:44:16.723+0000] {processor.py:183} INFO - Processing /home/airflow/.local/lib/python3.11/site-packages/airflow/example_dags/plugins/decreasing_priority_weight_strategy.py took 0.037 seconds
[2024-07-14T16:44:23.011+0000] {processor.py:161} INFO - Started process (PID=3126) to work on /home/airflow/.local/lib/python3.11/site-packages/airflow/example_dags/plugins/decreasing_priority_weight_strategy.py
[2024-07-14T16:44:23.013+0000] {processor.py:830} INFO - Processing file /home/airflow/.local/lib/python3.11/site-packages/airflow/example_dags/plugins/decreasing_priority_weight_strategy.py for tasks to queue
[2024-07-14T16:44:23.016+0000] {logging_mixin.py:188} INFO - [2024-07-14T16:44:23.016+0000] {dagbag.py:545} INFO - Filling up the DagBag from /home/airflow/.local/lib/python3.11/site-packages/airflow/example_dags/plugins/decreasing_priority_weight_strategy.py
[2024-07-14T16:44:23.021+0000] {processor.py:842} WARNING - No viable dags retrieved from /home/airflow/.local/lib/python3.11/site-packages/airflow/example_dags/plugins/decreasing_priority_weight_strategy.py
[2024-07-14T16:44:23.047+0000] {processor.py:183} INFO - Processing /home/airflow/.local/lib/python3.11/site-packages/airflow/example_dags/plugins/decreasing_priority_weight_strategy.py took 0.050 seconds
[2024-07-14T16:44:29.846+0000] {processor.py:161} INFO - Started process (PID=3178) to work on /home/airflow/.local/lib/python3.11/site-packages/airflow/example_dags/plugins/decreasing_priority_weight_strategy.py
[2024-07-14T16:44:29.848+0000] {processor.py:830} INFO - Processing file /home/airflow/.local/lib/python3.11/site-packages/airflow/example_dags/plugins/decreasing_priority_weight_strategy.py for tasks to queue
[2024-07-14T16:44:29.852+0000] {logging_mixin.py:188} INFO - [2024-07-14T16:44:29.851+0000] {dagbag.py:545} INFO - Filling up the DagBag from /home/airflow/.local/lib/python3.11/site-packages/airflow/example_dags/plugins/decreasing_priority_weight_strategy.py
[2024-07-14T16:44:29.856+0000] {processor.py:842} WARNING - No viable dags retrieved from /home/airflow/.local/lib/python3.11/site-packages/airflow/example_dags/plugins/decreasing_priority_weight_strategy.py
[2024-07-14T16:44:29.884+0000] {processor.py:183} INFO - Processing /home/airflow/.local/lib/python3.11/site-packages/airflow/example_dags/plugins/decreasing_priority_weight_strategy.py took 0.052 seconds
[2024-07-14T16:44:35.648+0000] {processor.py:161} INFO - Started process (PID=3231) to work on /home/airflow/.local/lib/python3.11/site-packages/airflow/example_dags/plugins/decreasing_priority_weight_strategy.py
[2024-07-14T16:44:35.649+0000] {processor.py:830} INFO - Processing file /home/airflow/.local/lib/python3.11/site-packages/airflow/example_dags/plugins/decreasing_priority_weight_strategy.py for tasks to queue
[2024-07-14T16:44:35.652+0000] {logging_mixin.py:188} INFO - [2024-07-14T16:44:35.651+0000] {dagbag.py:545} INFO - Filling up the DagBag from /home/airflow/.local/lib/python3.11/site-packages/airflow/example_dags/plugins/decreasing_priority_weight_strategy.py
[2024-07-14T16:44:35.655+0000] {processor.py:842} WARNING - No viable dags retrieved from /home/airflow/.local/lib/python3.11/site-packages/airflow/example_dags/plugins/decreasing_priority_weight_strategy.py
[2024-07-14T16:44:35.676+0000] {processor.py:183} INFO - Processing /home/airflow/.local/lib/python3.11/site-packages/airflow/example_dags/plugins/decreasing_priority_weight_strategy.py took 0.037 seconds
[2024-07-14T16:44:42.701+0000] {processor.py:161} INFO - Started process (PID=3289) to work on /home/airflow/.local/lib/python3.11/site-packages/airflow/example_dags/plugins/decreasing_priority_weight_strategy.py
[2024-07-14T16:44:42.703+0000] {processor.py:830} INFO - Processing file /home/airflow/.local/lib/python3.11/site-packages/airflow/example_dags/plugins/decreasing_priority_weight_strategy.py for tasks to queue
[2024-07-14T16:44:42.707+0000] {logging_mixin.py:188} INFO - [2024-07-14T16:44:42.706+0000] {dagbag.py:545} INFO - Filling up the DagBag from /home/airflow/.local/lib/python3.11/site-packages/airflow/example_dags/plugins/decreasing_priority_weight_strategy.py
[2024-07-14T16:44:42.710+0000] {processor.py:842} WARNING - No viable dags retrieved from /home/airflow/.local/lib/python3.11/site-packages/airflow/example_dags/plugins/decreasing_priority_weight_strategy.py
[2024-07-14T16:44:42.733+0000] {processor.py:183} INFO - Processing /home/airflow/.local/lib/python3.11/site-packages/airflow/example_dags/plugins/decreasing_priority_weight_strategy.py took 0.045 seconds
[2024-07-14T16:44:50.663+0000] {processor.py:161} INFO - Started process (PID=3342) to work on /home/airflow/.local/lib/python3.11/site-packages/airflow/example_dags/plugins/decreasing_priority_weight_strategy.py
[2024-07-14T16:44:50.664+0000] {processor.py:830} INFO - Processing file /home/airflow/.local/lib/python3.11/site-packages/airflow/example_dags/plugins/decreasing_priority_weight_strategy.py for tasks to queue
[2024-07-14T16:44:50.667+0000] {logging_mixin.py:188} INFO - [2024-07-14T16:44:50.667+0000] {dagbag.py:545} INFO - Filling up the DagBag from /home/airflow/.local/lib/python3.11/site-packages/airflow/example_dags/plugins/decreasing_priority_weight_strategy.py
[2024-07-14T16:44:50.671+0000] {processor.py:842} WARNING - No viable dags retrieved from /home/airflow/.local/lib/python3.11/site-packages/airflow/example_dags/plugins/decreasing_priority_weight_strategy.py
[2024-07-14T16:44:50.691+0000] {processor.py:183} INFO - Processing /home/airflow/.local/lib/python3.11/site-packages/airflow/example_dags/plugins/decreasing_priority_weight_strategy.py took 0.037 seconds
[2024-07-14T16:44:56.590+0000] {processor.py:161} INFO - Started process (PID=3396) to work on /home/airflow/.local/lib/python3.11/site-packages/airflow/example_dags/plugins/decreasing_priority_weight_strategy.py
[2024-07-14T16:44:56.591+0000] {processor.py:830} INFO - Processing file /home/airflow/.local/lib/python3.11/site-packages/airflow/example_dags/plugins/decreasing_priority_weight_strategy.py for tasks to queue
[2024-07-14T16:44:56.596+0000] {logging_mixin.py:188} INFO - [2024-07-14T16:44:56.595+0000] {dagbag.py:545} INFO - Filling up the DagBag from /home/airflow/.local/lib/python3.11/site-packages/airflow/example_dags/plugins/decreasing_priority_weight_strategy.py
[2024-07-14T16:44:56.601+0000] {processor.py:842} WARNING - No viable dags retrieved from /home/airflow/.local/lib/python3.11/site-packages/airflow/example_dags/plugins/decreasing_priority_weight_strategy.py
[2024-07-14T16:44:56.627+0000] {processor.py:183} INFO - Processing /home/airflow/.local/lib/python3.11/site-packages/airflow/example_dags/plugins/decreasing_priority_weight_strategy.py took 0.054 seconds
[2024-07-14T16:45:02.596+0000] {processor.py:161} INFO - Started process (PID=3448) to work on /home/airflow/.local/lib/python3.11/site-packages/airflow/example_dags/plugins/decreasing_priority_weight_strategy.py
[2024-07-14T16:45:02.598+0000] {processor.py:830} INFO - Processing file /home/airflow/.local/lib/python3.11/site-packages/airflow/example_dags/plugins/decreasing_priority_weight_strategy.py for tasks to queue
[2024-07-14T16:45:02.601+0000] {logging_mixin.py:188} INFO - [2024-07-14T16:45:02.600+0000] {dagbag.py:545} INFO - Filling up the DagBag from /home/airflow/.local/lib/python3.11/site-packages/airflow/example_dags/plugins/decreasing_priority_weight_strategy.py
[2024-07-14T16:45:02.604+0000] {processor.py:842} WARNING - No viable dags retrieved from /home/airflow/.local/lib/python3.11/site-packages/airflow/example_dags/plugins/decreasing_priority_weight_strategy.py
[2024-07-14T16:45:02.626+0000] {processor.py:183} INFO - Processing /home/airflow/.local/lib/python3.11/site-packages/airflow/example_dags/plugins/decreasing_priority_weight_strategy.py took 0.041 seconds
[2024-07-14T16:45:08.293+0000] {processor.py:161} INFO - Started process (PID=3507) to work on /home/airflow/.local/lib/python3.11/site-packages/airflow/example_dags/plugins/decreasing_priority_weight_strategy.py
[2024-07-14T16:45:08.295+0000] {processor.py:830} INFO - Processing file /home/airflow/.local/lib/python3.11/site-packages/airflow/example_dags/plugins/decreasing_priority_weight_strategy.py for tasks to queue
[2024-07-14T16:45:08.298+0000] {logging_mixin.py:188} INFO - [2024-07-14T16:45:08.297+0000] {dagbag.py:545} INFO - Filling up the DagBag from /home/airflow/.local/lib/python3.11/site-packages/airflow/example_dags/plugins/decreasing_priority_weight_strategy.py
[2024-07-14T16:45:08.302+0000] {processor.py:842} WARNING - No viable dags retrieved from /home/airflow/.local/lib/python3.11/site-packages/airflow/example_dags/plugins/decreasing_priority_weight_strategy.py
[2024-07-14T16:45:08.322+0000] {processor.py:183} INFO - Processing /home/airflow/.local/lib/python3.11/site-packages/airflow/example_dags/plugins/decreasing_priority_weight_strategy.py took 0.039 seconds
[2024-07-14T16:45:13.805+0000] {processor.py:161} INFO - Started process (PID=3561) to work on /home/airflow/.local/lib/python3.11/site-packages/airflow/example_dags/plugins/decreasing_priority_weight_strategy.py
[2024-07-14T16:45:13.807+0000] {processor.py:830} INFO - Processing file /home/airflow/.local/lib/python3.11/site-packages/airflow/example_dags/plugins/decreasing_priority_weight_strategy.py for tasks to queue
[2024-07-14T16:45:13.810+0000] {logging_mixin.py:188} INFO - [2024-07-14T16:45:13.809+0000] {dagbag.py:545} INFO - Filling up the DagBag from /home/airflow/.local/lib/python3.11/site-packages/airflow/example_dags/plugins/decreasing_priority_weight_strategy.py
[2024-07-14T16:45:13.813+0000] {processor.py:842} WARNING - No viable dags retrieved from /home/airflow/.local/lib/python3.11/site-packages/airflow/example_dags/plugins/decreasing_priority_weight_strategy.py
[2024-07-14T16:45:13.835+0000] {processor.py:183} INFO - Processing /home/airflow/.local/lib/python3.11/site-packages/airflow/example_dags/plugins/decreasing_priority_weight_strategy.py took 0.040 seconds
[2024-07-14T16:45:29.427+0000] {processor.py:161} INFO - Started process (PID=3666) to work on /home/airflow/.local/lib/python3.11/site-packages/airflow/example_dags/plugins/decreasing_priority_weight_strategy.py
[2024-07-14T16:45:29.429+0000] {processor.py:830} INFO - Processing file /home/airflow/.local/lib/python3.11/site-packages/airflow/example_dags/plugins/decreasing_priority_weight_strategy.py for tasks to queue
[2024-07-14T16:45:29.433+0000] {logging_mixin.py:188} INFO - [2024-07-14T16:45:29.432+0000] {dagbag.py:545} INFO - Filling up the DagBag from /home/airflow/.local/lib/python3.11/site-packages/airflow/example_dags/plugins/decreasing_priority_weight_strategy.py
[2024-07-14T16:45:29.438+0000] {processor.py:842} WARNING - No viable dags retrieved from /home/airflow/.local/lib/python3.11/site-packages/airflow/example_dags/plugins/decreasing_priority_weight_strategy.py
[2024-07-14T16:45:29.465+0000] {processor.py:183} INFO - Processing /home/airflow/.local/lib/python3.11/site-packages/airflow/example_dags/plugins/decreasing_priority_weight_strategy.py took 0.051 seconds
[2024-07-14T16:45:36.701+0000] {processor.py:161} INFO - Started process (PID=3725) to work on /home/airflow/.local/lib/python3.11/site-packages/airflow/example_dags/plugins/decreasing_priority_weight_strategy.py
[2024-07-14T16:45:36.704+0000] {processor.py:830} INFO - Processing file /home/airflow/.local/lib/python3.11/site-packages/airflow/example_dags/plugins/decreasing_priority_weight_strategy.py for tasks to queue
[2024-07-14T16:45:36.708+0000] {logging_mixin.py:188} INFO - [2024-07-14T16:45:36.707+0000] {dagbag.py:545} INFO - Filling up the DagBag from /home/airflow/.local/lib/python3.11/site-packages/airflow/example_dags/plugins/decreasing_priority_weight_strategy.py
[2024-07-14T16:45:36.712+0000] {processor.py:842} WARNING - No viable dags retrieved from /home/airflow/.local/lib/python3.11/site-packages/airflow/example_dags/plugins/decreasing_priority_weight_strategy.py
[2024-07-14T16:45:36.734+0000] {processor.py:183} INFO - Processing /home/airflow/.local/lib/python3.11/site-packages/airflow/example_dags/plugins/decreasing_priority_weight_strategy.py took 0.046 seconds
[2024-07-14T16:45:45.714+0000] {processor.py:161} INFO - Started process (PID=3778) to work on /home/airflow/.local/lib/python3.11/site-packages/airflow/example_dags/plugins/decreasing_priority_weight_strategy.py
[2024-07-14T16:45:45.715+0000] {processor.py:830} INFO - Processing file /home/airflow/.local/lib/python3.11/site-packages/airflow/example_dags/plugins/decreasing_priority_weight_strategy.py for tasks to queue
[2024-07-14T16:45:45.719+0000] {logging_mixin.py:188} INFO - [2024-07-14T16:45:45.719+0000] {dagbag.py:545} INFO - Filling up the DagBag from /home/airflow/.local/lib/python3.11/site-packages/airflow/example_dags/plugins/decreasing_priority_weight_strategy.py
[2024-07-14T16:45:45.724+0000] {processor.py:842} WARNING - No viable dags retrieved from /home/airflow/.local/lib/python3.11/site-packages/airflow/example_dags/plugins/decreasing_priority_weight_strategy.py
[2024-07-14T16:45:45.746+0000] {processor.py:183} INFO - Processing /home/airflow/.local/lib/python3.11/site-packages/airflow/example_dags/plugins/decreasing_priority_weight_strategy.py took 0.044 seconds
[2024-07-14T16:45:53.545+0000] {processor.py:161} INFO - Started process (PID=3830) to work on /home/airflow/.local/lib/python3.11/site-packages/airflow/example_dags/plugins/decreasing_priority_weight_strategy.py
[2024-07-14T16:45:53.548+0000] {processor.py:830} INFO - Processing file /home/airflow/.local/lib/python3.11/site-packages/airflow/example_dags/plugins/decreasing_priority_weight_strategy.py for tasks to queue
[2024-07-14T16:45:53.553+0000] {logging_mixin.py:188} INFO - [2024-07-14T16:45:53.552+0000] {dagbag.py:545} INFO - Filling up the DagBag from /home/airflow/.local/lib/python3.11/site-packages/airflow/example_dags/plugins/decreasing_priority_weight_strategy.py
[2024-07-14T16:45:53.561+0000] {processor.py:842} WARNING - No viable dags retrieved from /home/airflow/.local/lib/python3.11/site-packages/airflow/example_dags/plugins/decreasing_priority_weight_strategy.py
[2024-07-14T16:45:53.620+0000] {processor.py:183} INFO - Processing /home/airflow/.local/lib/python3.11/site-packages/airflow/example_dags/plugins/decreasing_priority_weight_strategy.py took 0.092 seconds
[2024-07-14T16:46:02.227+0000] {processor.py:161} INFO - Started process (PID=3883) to work on /home/airflow/.local/lib/python3.11/site-packages/airflow/example_dags/plugins/decreasing_priority_weight_strategy.py
[2024-07-14T16:46:02.230+0000] {processor.py:830} INFO - Processing file /home/airflow/.local/lib/python3.11/site-packages/airflow/example_dags/plugins/decreasing_priority_weight_strategy.py for tasks to queue
[2024-07-14T16:46:02.235+0000] {logging_mixin.py:188} INFO - [2024-07-14T16:46:02.234+0000] {dagbag.py:545} INFO - Filling up the DagBag from /home/airflow/.local/lib/python3.11/site-packages/airflow/example_dags/plugins/decreasing_priority_weight_strategy.py
[2024-07-14T16:46:02.241+0000] {processor.py:842} WARNING - No viable dags retrieved from /home/airflow/.local/lib/python3.11/site-packages/airflow/example_dags/plugins/decreasing_priority_weight_strategy.py
[2024-07-14T16:46:02.275+0000] {processor.py:183} INFO - Processing /home/airflow/.local/lib/python3.11/site-packages/airflow/example_dags/plugins/decreasing_priority_weight_strategy.py took 0.065 seconds
[2024-07-14T16:46:08.088+0000] {processor.py:161} INFO - Started process (PID=3941) to work on /home/airflow/.local/lib/python3.11/site-packages/airflow/example_dags/plugins/decreasing_priority_weight_strategy.py
[2024-07-14T16:46:08.089+0000] {processor.py:830} INFO - Processing file /home/airflow/.local/lib/python3.11/site-packages/airflow/example_dags/plugins/decreasing_priority_weight_strategy.py for tasks to queue
[2024-07-14T16:46:08.093+0000] {logging_mixin.py:188} INFO - [2024-07-14T16:46:08.093+0000] {dagbag.py:545} INFO - Filling up the DagBag from /home/airflow/.local/lib/python3.11/site-packages/airflow/example_dags/plugins/decreasing_priority_weight_strategy.py
[2024-07-14T16:46:08.097+0000] {processor.py:842} WARNING - No viable dags retrieved from /home/airflow/.local/lib/python3.11/site-packages/airflow/example_dags/plugins/decreasing_priority_weight_strategy.py
[2024-07-14T16:46:08.121+0000] {processor.py:183} INFO - Processing /home/airflow/.local/lib/python3.11/site-packages/airflow/example_dags/plugins/decreasing_priority_weight_strategy.py took 0.043 seconds
[2024-07-14T16:46:13.617+0000] {processor.py:161} INFO - Started process (PID=3995) to work on /home/airflow/.local/lib/python3.11/site-packages/airflow/example_dags/plugins/decreasing_priority_weight_strategy.py
[2024-07-14T16:46:13.620+0000] {processor.py:830} INFO - Processing file /home/airflow/.local/lib/python3.11/site-packages/airflow/example_dags/plugins/decreasing_priority_weight_strategy.py for tasks to queue
[2024-07-14T16:46:13.623+0000] {logging_mixin.py:188} INFO - [2024-07-14T16:46:13.622+0000] {dagbag.py:545} INFO - Filling up the DagBag from /home/airflow/.local/lib/python3.11/site-packages/airflow/example_dags/plugins/decreasing_priority_weight_strategy.py
[2024-07-14T16:46:13.632+0000] {processor.py:842} WARNING - No viable dags retrieved from /home/airflow/.local/lib/python3.11/site-packages/airflow/example_dags/plugins/decreasing_priority_weight_strategy.py
[2024-07-14T16:46:13.661+0000] {processor.py:183} INFO - Processing /home/airflow/.local/lib/python3.11/site-packages/airflow/example_dags/plugins/decreasing_priority_weight_strategy.py took 0.058 seconds
[2024-07-14T16:46:19.474+0000] {processor.py:161} INFO - Started process (PID=4047) to work on /home/airflow/.local/lib/python3.11/site-packages/airflow/example_dags/plugins/decreasing_priority_weight_strategy.py
[2024-07-14T16:46:19.476+0000] {processor.py:830} INFO - Processing file /home/airflow/.local/lib/python3.11/site-packages/airflow/example_dags/plugins/decreasing_priority_weight_strategy.py for tasks to queue
[2024-07-14T16:46:19.479+0000] {logging_mixin.py:188} INFO - [2024-07-14T16:46:19.479+0000] {dagbag.py:545} INFO - Filling up the DagBag from /home/airflow/.local/lib/python3.11/site-packages/airflow/example_dags/plugins/decreasing_priority_weight_strategy.py
[2024-07-14T16:46:19.483+0000] {processor.py:842} WARNING - No viable dags retrieved from /home/airflow/.local/lib/python3.11/site-packages/airflow/example_dags/plugins/decreasing_priority_weight_strategy.py
[2024-07-14T16:46:19.506+0000] {processor.py:183} INFO - Processing /home/airflow/.local/lib/python3.11/site-packages/airflow/example_dags/plugins/decreasing_priority_weight_strategy.py took 0.042 seconds
