[2024-05-10T15:05:04.832+0000] {local_task_job_runner.py:120} INFO - ::group::Pre task execution logs
[2024-05-10T15:05:04.882+0000] {taskinstance.py:2076} INFO - Dependencies all met for dep_context=non-requeueable deps ti=<TaskInstance: template_reference.demo_template scheduled__2024-05-10T15:04:00+00:00 [queued]>
[2024-05-10T15:05:04.915+0000] {taskinstance.py:2076} INFO - Dependencies all met for dep_context=requeueable deps ti=<TaskInstance: template_reference.demo_template scheduled__2024-05-10T15:04:00+00:00 [queued]>
[2024-05-10T15:05:04.917+0000] {taskinstance.py:2306} INFO - Starting attempt 1 of 1
[2024-05-10T15:05:04.963+0000] {taskinstance.py:2330} INFO - Executing <Task(PythonOperator): demo_template> on 2024-05-10 15:04:00+00:00
[2024-05-10T15:05:04.982+0000] {standard_task_runner.py:63} INFO - Started process 1371 to run task
[2024-05-10T15:05:04.993+0000] {standard_task_runner.py:90} INFO - Running: ['***', 'tasks', 'run', 'template_reference', 'demo_template', 'scheduled__2024-05-10T15:04:00+00:00', '--job-id', '99', '--raw', '--subdir', 'DAGS_FOLDER/template_reference.py', '--cfg-path', '/tmp/tmphafmb9lh']
[2024-05-10T15:05:05.003+0000] {standard_task_runner.py:91} INFO - Job 99: Subtask demo_template
[2024-05-10T15:05:05.189+0000] {task_command.py:426} INFO - Running <TaskInstance: template_reference.demo_template scheduled__2024-05-10T15:04:00+00:00 [running]> on host feac594d54b9
[2024-05-10T15:05:05.588+0000] {taskinstance.py:2648} INFO - Exporting env vars: AIRFLOW_CTX_DAG_OWNER='***' AIRFLOW_CTX_DAG_ID='template_reference' AIRFLOW_CTX_TASK_ID='demo_template' AIRFLOW_CTX_EXECUTION_DATE='2024-05-10T15:04:00+00:00' AIRFLOW_CTX_TRY_NUMBER='1' AIRFLOW_CTX_DAG_RUN_ID='scheduled__2024-05-10T15:04:00+00:00'
[2024-05-10T15:05:05.594+0000] {taskinstance.py:430} INFO - ::endgroup::
[2024-05-10T15:05:05.596+0000] {logging_mixin.py:188} INFO - === logical date ==>
[2024-05-10T15:05:05.597+0000] {logging_mixin.py:188} INFO - data_interval_start: 2024-05-10 15:04:00+00:00
[2024-05-10T15:05:05.598+0000] {logging_mixin.py:188} INFO - data_interval_end: 2024-05-10 15:05:00+00:00
[2024-05-10T15:05:05.600+0000] {logging_mixin.py:188} INFO - === get date and timestamp ==>
[2024-05-10T15:05:05.601+0000] {logging_mixin.py:188} INFO - ds: 2024-05-10
[2024-05-10T15:05:05.602+0000] {logging_mixin.py:188} INFO - ts: 2024-05-10T15:04:00+00:00
[2024-05-10T15:05:05.603+0000] {logging_mixin.py:188} INFO - === realtime ==>
[2024-05-10T15:05:05.604+0000] {logging_mixin.py:188} INFO - dag_run_start_date: 2024-05-10 15:05:01.047971+00:00
[2024-05-10T15:05:05.605+0000] {logging_mixin.py:188} INFO - start_task_start_date: 2024-05-10 15:05:01.076050+00:00
[2024-05-10T15:05:05.606+0000] {logging_mixin.py:188} INFO - === transform ==>
[2024-05-10T15:05:05.607+0000] {logging_mixin.py:188} INFO - data_interval_end_wib: 2024-05-09 22:05:00
[2024-05-10T15:05:05.608+0000] {logging_mixin.py:188} INFO - datetime_string: 2023-12-31 00:00:00
[2024-05-10T15:05:05.609+0000] {python.py:237} INFO - Done. Returned value was: None
[2024-05-10T15:05:05.611+0000] {taskinstance.py:441} INFO - ::group::Post task execution logs
[2024-05-10T15:05:05.640+0000] {taskinstance.py:1206} INFO - Marking task as SUCCESS. dag_id=template_reference, task_id=demo_template, run_id=scheduled__2024-05-10T15:04:00+00:00, execution_date=20240510T150400, start_date=20240510T150504, end_date=20240510T150505
[2024-05-10T15:05:05.699+0000] {local_task_job_runner.py:240} INFO - Task exited with return code 0
[2024-05-10T15:05:05.762+0000] {taskinstance.py:3498} INFO - 0 downstream tasks scheduled from follow-on schedule check
[2024-05-10T15:05:05.786+0000] {local_task_job_runner.py:222} INFO - ::endgroup::
