[2024-05-11T18:07:53.074+0000] {local_task_job_runner.py:120} INFO - ::group::Pre task execution logs
[2024-05-11T18:07:53.114+0000] {taskinstance.py:2076} INFO - Dependencies all met for dep_context=non-requeueable deps ti=<TaskInstance: etl_mysql_to_hive_all.dibimbing__karyawan.get_schema manual__2024-05-11T18:07:48.996502+00:00 [queued]>
[2024-05-11T18:07:53.132+0000] {taskinstance.py:2076} INFO - Dependencies all met for dep_context=requeueable deps ti=<TaskInstance: etl_mysql_to_hive_all.dibimbing__karyawan.get_schema manual__2024-05-11T18:07:48.996502+00:00 [queued]>
[2024-05-11T18:07:53.134+0000] {taskinstance.py:2306} INFO - Starting attempt 1 of 1
[2024-05-11T18:07:53.162+0000] {taskinstance.py:2330} INFO - Executing <Task(MySqlOperator): dibimbing__karyawan.get_schema> on 2024-05-11 18:07:48.996502+00:00
[2024-05-11T18:07:53.175+0000] {standard_task_runner.py:63} INFO - Started process 9555 to run task
[2024-05-11T18:07:53.182+0000] {standard_task_runner.py:90} INFO - Running: ['***', 'tasks', 'run', 'etl_mysql_to_hive_all', 'dibimbing__karyawan.get_schema', 'manual__2024-05-11T18:07:48.996502+00:00', '--job-id', '869', '--raw', '--subdir', 'DAGS_FOLDER/etl_mysql_to_hive_all.py', '--cfg-path', '/tmp/tmp_8h9fe_6']
[2024-05-11T18:07:53.188+0000] {standard_task_runner.py:91} INFO - Job 869: Subtask dibimbing__karyawan.get_schema
[2024-05-11T18:07:53.328+0000] {task_command.py:426} INFO - Running <TaskInstance: etl_mysql_to_hive_all.dibimbing__karyawan.get_schema manual__2024-05-11T18:07:48.996502+00:00 [running]> on host 94409fb18ddd
[2024-05-11T18:07:53.551+0000] {taskinstance.py:2648} INFO - Exporting env vars: AIRFLOW_CTX_DAG_OWNER='***' AIRFLOW_CTX_DAG_ID='etl_mysql_to_hive_all' AIRFLOW_CTX_TASK_ID='dibimbing__karyawan.get_schema' AIRFLOW_CTX_EXECUTION_DATE='2024-05-11T18:07:48.996502+00:00' AIRFLOW_CTX_TRY_NUMBER='1' AIRFLOW_CTX_DAG_RUN_ID='manual__2024-05-11T18:07:48.996502+00:00'
[2024-05-11T18:07:53.556+0000] {taskinstance.py:430} INFO - ::endgroup::
[2024-05-11T18:07:53.557+0000] {sql.py:276} INFO - Executing: DESC dibimbing.karyawan
[2024-05-11T18:07:53.574+0000] {base.py:84} INFO - Using connection ID 'mysql_default' for task execution.
[2024-05-11T18:07:53.598+0000] {base.py:84} INFO - Using connection ID 'mysql_default' for task execution.
[2024-05-11T18:07:53.700+0000] {sql.py:470} INFO - Running statement: DESC ***.karyawan, parameters: None
[2024-05-11T18:07:53.773+0000] {sql.py:479} INFO - Rows affected: 2
[2024-05-11T18:07:53.777+0000] {taskinstance.py:441} INFO - ::group::Post task execution logs
[2024-05-11T18:07:53.824+0000] {taskinstance.py:1206} INFO - Marking task as SUCCESS. dag_id=etl_mysql_to_hive_all, task_id=***__karyawan.get_schema, run_id=manual__2024-05-11T18:07:48.996502+00:00, execution_date=20240511T180748, start_date=20240511T180753, end_date=20240511T180753
[2024-05-11T18:07:53.882+0000] {local_task_job_runner.py:240} INFO - Task exited with return code 0
[2024-05-11T18:07:53.900+0000] {warnings.py:110} WARNING - /home/***/.local/lib/python3.11/site-packages/***/models/baseoperator.py:1296: AirflowProviderDeprecationWarning: Call to deprecated class MySqlOperator. (Please use `***.providers.common.sql.operators.sql.SQLExecuteQueryOperator`.Also, you can provide `hook_params={'schema': <database>}`.)
  result = cls.__new__(cls)

[2024-05-11T18:07:53.932+0000] {taskinstance.py:3498} INFO - 1 downstream tasks scheduled from follow-on schedule check
[2024-05-11T18:07:53.934+0000] {local_task_job_runner.py:222} INFO - ::endgroup::
