[2024-05-11T15:28:31.975+0000] {local_task_job_runner.py:120} INFO - ::group::Pre task execution logs
[2024-05-11T15:28:32.024+0000] {taskinstance.py:2076} INFO - Dependencies all met for dep_context=non-requeueable deps ti=<TaskInstance: etl_mysql_to_hive_dibimbing_karyawan.extract_from_mysql manual__2024-05-11T15:28:27.308082+00:00 [queued]>
[2024-05-11T15:28:32.044+0000] {taskinstance.py:2076} INFO - Dependencies all met for dep_context=requeueable deps ti=<TaskInstance: etl_mysql_to_hive_dibimbing_karyawan.extract_from_mysql manual__2024-05-11T15:28:27.308082+00:00 [queued]>
[2024-05-11T15:28:32.045+0000] {taskinstance.py:2306} INFO - Starting attempt 1 of 1
[2024-05-11T15:28:32.072+0000] {taskinstance.py:2330} INFO - Executing <Task(MySqlOperator): extract_from_mysql> on 2024-05-11 15:28:27.308082+00:00
[2024-05-11T15:28:32.083+0000] {standard_task_runner.py:63} INFO - Started process 6297 to run task
[2024-05-11T15:28:32.090+0000] {standard_task_runner.py:90} INFO - Running: ['***', 'tasks', 'run', 'etl_mysql_to_hive_dibimbing_karyawan', 'extract_from_mysql', 'manual__2024-05-11T15:28:27.308082+00:00', '--job-id', '681', '--raw', '--subdir', 'DAGS_FOLDER/etl_mysql_to_hive_dibimbing_karyawan.py', '--cfg-path', '/tmp/tmpqgj_4mvj']
[2024-05-11T15:28:32.097+0000] {standard_task_runner.py:91} INFO - Job 681: Subtask extract_from_mysql
[2024-05-11T15:28:32.184+0000] {task_command.py:426} INFO - Running <TaskInstance: etl_mysql_to_hive_dibimbing_karyawan.extract_from_mysql manual__2024-05-11T15:28:27.308082+00:00 [running]> on host 94409fb18ddd
[2024-05-11T15:28:32.356+0000] {taskinstance.py:2648} INFO - Exporting env vars: AIRFLOW_CTX_DAG_OWNER='***' AIRFLOW_CTX_DAG_ID='etl_mysql_to_hive_dibimbing_karyawan' AIRFLOW_CTX_TASK_ID='extract_from_mysql' AIRFLOW_CTX_EXECUTION_DATE='2024-05-11T15:28:27.308082+00:00' AIRFLOW_CTX_TRY_NUMBER='1' AIRFLOW_CTX_DAG_RUN_ID='manual__2024-05-11T15:28:27.308082+00:00'
[2024-05-11T15:28:32.360+0000] {taskinstance.py:430} INFO - ::endgroup::
[2024-05-11T15:28:32.361+0000] {sql.py:276} INFO - Executing: SELECT * FROM dibimbing.telephone
[2024-05-11T15:28:32.376+0000] {base.py:84} INFO - Using connection ID 'mysql_default' for task execution.
[2024-05-11T15:28:32.396+0000] {base.py:84} INFO - Using connection ID 'mysql_default' for task execution.
[2024-05-11T15:28:32.471+0000] {sql.py:470} INFO - Running statement: SELECT * FROM ***.telephone, parameters: None
[2024-05-11T15:28:32.480+0000] {sql.py:479} INFO - Rows affected: 5
[2024-05-11T15:28:32.483+0000] {taskinstance.py:441} INFO - ::group::Post task execution logs
[2024-05-11T15:28:32.522+0000] {taskinstance.py:1206} INFO - Marking task as SUCCESS. dag_id=etl_mysql_to_hive_***_karyawan, task_id=extract_from_mysql, run_id=manual__2024-05-11T15:28:27.308082+00:00, execution_date=20240511T152827, start_date=20240511T152832, end_date=20240511T152832
[2024-05-11T15:28:32.584+0000] {local_task_job_runner.py:240} INFO - Task exited with return code 0
[2024-05-11T15:28:32.607+0000] {warnings.py:110} WARNING - /home/***/.local/lib/python3.11/site-packages/***/models/baseoperator.py:1296: AirflowProviderDeprecationWarning: Call to deprecated class MySqlOperator. (Please use `***.providers.common.sql.operators.sql.SQLExecuteQueryOperator`.Also, you can provide `hook_params={'schema': <database>}`.)
  result = cls.__new__(cls)

[2024-05-11T15:28:32.640+0000] {taskinstance.py:3498} INFO - 1 downstream tasks scheduled from follow-on schedule check
[2024-05-11T15:28:32.645+0000] {local_task_job_runner.py:222} INFO - ::endgroup::
