[2024-05-10T15:06:26.656+0000] {local_task_job_runner.py:120} INFO - ::group::Pre task execution logs
[2024-05-10T15:06:26.711+0000] {taskinstance.py:2076} INFO - Dependencies all met for dep_context=non-requeueable deps ti=<TaskInstance: etl_mysql_to_hive_dibimbing_karyawan.load_to_hive manual__2024-05-10T15:06:09.742170+00:00 [queued]>
[2024-05-10T15:06:26.730+0000] {taskinstance.py:2076} INFO - Dependencies all met for dep_context=requeueable deps ti=<TaskInstance: etl_mysql_to_hive_dibimbing_karyawan.load_to_hive manual__2024-05-10T15:06:09.742170+00:00 [queued]>
[2024-05-10T15:06:26.731+0000] {taskinstance.py:2306} INFO - Starting attempt 1 of 1
[2024-05-10T15:06:26.769+0000] {taskinstance.py:2330} INFO - Executing <Task(HiveOperator): load_to_hive> on 2024-05-10 15:06:09.742170+00:00
[2024-05-10T15:06:26.778+0000] {standard_task_runner.py:63} INFO - Started process 1397 to run task
[2024-05-10T15:06:26.783+0000] {standard_task_runner.py:90} INFO - Running: ['***', 'tasks', 'run', 'etl_mysql_to_hive_dibimbing_karyawan', 'load_to_hive', 'manual__2024-05-10T15:06:09.742170+00:00', '--job-id', '103', '--raw', '--subdir', 'DAGS_FOLDER/etl_mysql_to_hive_dibimbing_karyawan.py', '--cfg-path', '/tmp/tmpj26lemg3']
[2024-05-10T15:06:26.789+0000] {standard_task_runner.py:91} INFO - Job 103: Subtask load_to_hive
[2024-05-10T15:06:26.884+0000] {task_command.py:426} INFO - Running <TaskInstance: etl_mysql_to_hive_dibimbing_karyawan.load_to_hive manual__2024-05-10T15:06:09.742170+00:00 [running]> on host feac594d54b9
[2024-05-10T15:06:27.113+0000] {taskinstance.py:2648} INFO - Exporting env vars: AIRFLOW_CTX_DAG_OWNER='***' AIRFLOW_CTX_DAG_ID='etl_mysql_to_hive_dibimbing_karyawan' AIRFLOW_CTX_TASK_ID='load_to_hive' AIRFLOW_CTX_EXECUTION_DATE='2024-05-10T15:06:09.742170+00:00' AIRFLOW_CTX_TRY_NUMBER='1' AIRFLOW_CTX_DAG_RUN_ID='manual__2024-05-10T15:06:09.742170+00:00'
[2024-05-10T15:06:27.116+0000] {taskinstance.py:430} INFO - ::endgroup::
[2024-05-10T15:06:27.117+0000] {hive.py:138} INFO - Executing: 
            INSERT INTO dibimbing.karyawan (id, nama) VALUES
            [[101, 'LIES'], [102, 'SURYA'], [103, 'PRISKA'], [104, 'INDAH'], [105, 'PERMATA'], [106, 'WULANDARI'], [107, 'AGUS'], [108, 'BUDI'], [109, 'AGUNG'], [110, 'BEJO']]
        
[2024-05-10T15:06:27.133+0000] {connection.py:274} WARNING - Connection schemes (type: hive_cli) shall not contain '_' according to RFC3986.
[2024-05-10T15:06:27.136+0000] {base.py:84} INFO - Using connection ID 'hive_cli_default' for task execution.
[2024-05-10T15:06:27.138+0000] {hive.py:157} INFO - Passing HiveConf: {'airflow.ctx.dag_owner': '***', 'airflow.ctx.dag_id': 'etl_mysql_to_hive_dibimbing_karyawan', 'airflow.ctx.task_id': 'load_to_hive', 'airflow.ctx.execution_date': '2024-05-10T15:06:09.742170+00:00', 'airflow.ctx.try_number': '1', 'airflow.ctx.dag_run_id': 'manual__2024-05-10T15:06:09.742170+00:00'}
[2024-05-10T15:06:27.140+0000] {hive.py:166} INFO - High Availability not set, setting JDBC url as jdbc:hive2://host.docker.internal:10000/
[2024-05-10T15:06:27.141+0000] {hive.py:309} INFO - beeline -u "jdbc:hive2://host.docker.internal:10000/" -hiveconf ***.ctx.dag_id=etl_mysql_to_hive_dibimbing_karyawan -hiveconf ***.ctx.task_id=load_to_hive -hiveconf ***.ctx.execution_date=2024-05-10T15:06:09.742170+00:00 -hiveconf ***.ctx.try_number=1 -hiveconf ***.ctx.dag_run_id=manual__2024-05-10T15:06:09.742170+00:00 -hiveconf ***.ctx.dag_owner=*** -hiveconf ***.ctx.dag_email= -hiveconf mapred.job.name=Airflow HiveOperator task for feac594d54b9.etl_mysql_to_hive_dibimbing_karyawan.load_to_hive.2024-05-10T15:06:09.742170+00:00 -f /tmp/***_hiveop_5l96xk4v/tmp3q_tudoc
[2024-05-10T15:06:27.345+0000] {hive.py:319} INFO - /home/***/.local/lib/python3.11/site-packages/pyspark/bin/load-spark-env.sh: line 68: ps: command not found
[2024-05-10T15:06:30.266+0000] {hive.py:319} INFO - Connecting to jdbc:hive2://host.docker.internal:10000/
[2024-05-10T15:06:31.167+0000] {hive.py:319} INFO - Connected to: Apache Hive (version 2.3.2)
[2024-05-10T15:06:31.168+0000] {hive.py:319} INFO - Driver: Hive JDBC (version 2.3.9)
[2024-05-10T15:06:31.169+0000] {hive.py:319} INFO - Transaction isolation: TRANSACTION_REPEATABLE_READ
[2024-05-10T15:06:31.389+0000] {hive.py:319} INFO - 0: jdbc:hive2://host.docker.internal:10000/> No rows affected (0.192 seconds)
[2024-05-10T15:06:31.608+0000] {hive.py:319} INFO - 0: jdbc:hive2://host.docker.internal:10000/> 0: jdbc:hive2://host.docker.internal:10000/> . . . . . . . . . . . . . . . . . . . . . .> . . . . . . . . . . . . . . . . . . . . . .> . . . . . . . . . . . . . . . . . . . . . .> . . . . . . . . . . . . . . . . . . . . . .> Error: Error while compiling statement: FAILED: ParseException line 2:0 mismatched input '[' expecting ( near 'VALUES' in value row constructor (state=42000,code=40000)
[2024-05-10T15:06:31.621+0000] {hive.py:319} INFO - Closing: 0: jdbc:hive2://host.docker.internal:10000/
[2024-05-10T15:06:31.710+0000] {taskinstance.py:441} INFO - ::group::Post task execution logs
[2024-05-10T15:06:31.736+0000] {taskinstance.py:2905} ERROR - Task failed with exception
Traceback (most recent call last):
  File "/home/airflow/.local/lib/python3.11/site-packages/airflow/models/taskinstance.py", line 465, in _execute_task
    result = _execute_callable(context=context, **execute_callable_kwargs)
             ^^^^^^^^^^^^^^^^^^^^^^^^^^^^^^^^^^^^^^^^^^^^^^^^^^^^^^^^^^^^^
  File "/home/airflow/.local/lib/python3.11/site-packages/airflow/models/taskinstance.py", line 432, in _execute_callable
    return execute_callable(context=context, **execute_callable_kwargs)
           ^^^^^^^^^^^^^^^^^^^^^^^^^^^^^^^^^^^^^^^^^^^^^^^^^^^^^^^^^^^^
  File "/home/airflow/.local/lib/python3.11/site-packages/airflow/models/baseoperator.py", line 400, in wrapper
    return func(self, *args, **kwargs)
           ^^^^^^^^^^^^^^^^^^^^^^^^^^^
  File "/home/airflow/.local/lib/python3.11/site-packages/airflow/providers/apache/hive/operators/hive.py", line 158, in execute
    self.hook.run_cli(hql=self.hql, schema=self.schema, hive_conf=self.hiveconfs)
  File "/home/airflow/.local/lib/python3.11/site-packages/airflow/providers/apache/hive/hooks/hive.py", line 323, in run_cli
    raise AirflowException(stdout)
airflow.exceptions.AirflowException: /home/***/.local/lib/python3.11/site-packages/pyspark/bin/load-spark-env.sh: line 68: ps: command not found
Connecting to jdbc:hive2://host.docker.internal:10000/
Connected to: Apache Hive (version 2.3.2)
Driver: Hive JDBC (version 2.3.9)
Transaction isolation: TRANSACTION_REPEATABLE_READ
0: jdbc:hive2://host.docker.internal:10000/> No rows affected (0.192 seconds)
0: jdbc:hive2://host.docker.internal:10000/> 0: jdbc:hive2://host.docker.internal:10000/> . . . . . . . . . . . . . . . . . . . . . .> . . . . . . . . . . . . . . . . . . . . . .> . . . . . . . . . . . . . . . . . . . . . .> . . . . . . . . . . . . . . . . . . . . . .> Error: Error while compiling statement: FAILED: ParseException line 2:0 mismatched input '[' expecting ( near 'VALUES' in value row constructor (state=42000,code=40000)
Closing: 0: jdbc:hive2://host.docker.internal:10000/

[2024-05-10T15:06:31.748+0000] {taskinstance.py:1206} INFO - Marking task as FAILED. dag_id=etl_mysql_to_hive_dibimbing_karyawan, task_id=load_to_hive, run_id=manual__2024-05-10T15:06:09.742170+00:00, execution_date=20240510T150609, start_date=20240510T150626, end_date=20240510T150631
[2024-05-10T15:06:31.777+0000] {standard_task_runner.py:110} ERROR - Failed to execute job 103 for task load_to_hive (/home/***/.local/lib/python3.11/site-packages/pyspark/bin/load-spark-env.sh: line 68: ps: command not found
Connecting to jdbc:hive2://host.docker.internal:10000/
Connected to: Apache Hive (version 2.3.2)
Driver: Hive JDBC (version 2.3.9)
Transaction isolation: TRANSACTION_REPEATABLE_READ
0: jdbc:hive2://host.docker.internal:10000/> No rows affected (0.192 seconds)
0: jdbc:hive2://host.docker.internal:10000/> 0: jdbc:hive2://host.docker.internal:10000/> . . . . . . . . . . . . . . . . . . . . . .> . . . . . . . . . . . . . . . . . . . . . .> . . . . . . . . . . . . . . . . . . . . . .> . . . . . . . . . . . . . . . . . . . . . .> Error: Error while compiling statement: FAILED: ParseException line 2:0 mismatched input '[' expecting ( near 'VALUES' in value row constructor (state=42000,code=40000)
Closing: 0: jdbc:hive2://host.docker.internal:10000/
; 1397)
[2024-05-10T15:06:31.849+0000] {local_task_job_runner.py:240} INFO - Task exited with return code 1
[2024-05-10T15:06:31.904+0000] {taskinstance.py:3498} INFO - 0 downstream tasks scheduled from follow-on schedule check
[2024-05-10T15:06:31.919+0000] {local_task_job_runner.py:222} INFO - ::endgroup::
