[2024-05-09T18:48:36.662+0000] {local_task_job_runner.py:120} INFO - ::group::Pre task execution logs
[2024-05-09T18:48:36.726+0000] {taskinstance.py:2076} INFO - Dependencies all met for dep_context=non-requeueable deps ti=<TaskInstance: hive_insert.hive_insert manual__2024-05-09T18:48:31.209722+00:00 [queued]>
[2024-05-09T18:48:36.764+0000] {taskinstance.py:2076} INFO - Dependencies all met for dep_context=requeueable deps ti=<TaskInstance: hive_insert.hive_insert manual__2024-05-09T18:48:31.209722+00:00 [queued]>
[2024-05-09T18:48:36.766+0000] {taskinstance.py:2306} INFO - Starting attempt 1 of 1
[2024-05-09T18:48:36.829+0000] {taskinstance.py:2330} INFO - Executing <Task(HiveOperator): hive_insert> on 2024-05-09 18:48:31.209722+00:00
[2024-05-09T18:48:36.841+0000] {standard_task_runner.py:63} INFO - Started process 1696 to run task
[2024-05-09T18:48:36.848+0000] {standard_task_runner.py:90} INFO - Running: ['***', 'tasks', 'run', 'hive_insert', 'hive_insert', 'manual__2024-05-09T18:48:31.209722+00:00', '--job-id', '21', '--raw', '--subdir', 'DAGS_FOLDER/hive_insert.py', '--cfg-path', '/tmp/tmpiv88d44u']
[2024-05-09T18:48:36.856+0000] {standard_task_runner.py:91} INFO - Job 21: Subtask hive_insert
[2024-05-09T18:48:37.012+0000] {task_command.py:426} INFO - Running <TaskInstance: hive_insert.hive_insert manual__2024-05-09T18:48:31.209722+00:00 [running]> on host a602b01b49ab
[2024-05-09T18:48:37.253+0000] {taskinstance.py:2648} INFO - Exporting env vars: AIRFLOW_CTX_DAG_OWNER='***' AIRFLOW_CTX_DAG_ID='hive_insert' AIRFLOW_CTX_TASK_ID='hive_insert' AIRFLOW_CTX_EXECUTION_DATE='2024-05-09T18:48:31.209722+00:00' AIRFLOW_CTX_TRY_NUMBER='1' AIRFLOW_CTX_DAG_RUN_ID='manual__2024-05-09T18:48:31.209722+00:00'
[2024-05-09T18:48:37.258+0000] {taskinstance.py:430} INFO - ::endgroup::
[2024-05-09T18:48:37.259+0000] {hive.py:138} INFO - Executing: 
            INSERT INTO dibimbing.karyawan (id, nama) VALUES
            (3, 'lies'),
            (4, 'surya'),
            (5, 'priska')
        
[2024-05-09T18:48:37.276+0000] {connection.py:274} WARNING - Connection schemes (type: hive_cli) shall not contain '_' according to RFC3986.
[2024-05-09T18:48:37.280+0000] {base.py:84} INFO - Using connection ID 'hive_cli_default' for task execution.
[2024-05-09T18:48:37.282+0000] {hive.py:157} INFO - Passing HiveConf: {'airflow.ctx.dag_owner': '***', 'airflow.ctx.dag_id': 'hive_insert', 'airflow.ctx.task_id': 'hive_insert', 'airflow.ctx.execution_date': '2024-05-09T18:48:31.209722+00:00', 'airflow.ctx.try_number': '1', 'airflow.ctx.dag_run_id': 'manual__2024-05-09T18:48:31.209722+00:00'}
[2024-05-09T18:48:37.287+0000] {hive.py:166} INFO - High Availability not set, setting JDBC url as jdbc:hive2://host.docker.internal:10000/
[2024-05-09T18:48:37.288+0000] {hive.py:309} INFO - beeline -u "jdbc:hive2://host.docker.internal:10000/" -hiveconf ***.ctx.dag_id=hive_insert -hiveconf ***.ctx.task_id=hive_insert -hiveconf ***.ctx.execution_date=2024-05-09T18:48:31.209722+00:00 -hiveconf ***.ctx.try_number=1 -hiveconf ***.ctx.dag_run_id=manual__2024-05-09T18:48:31.209722+00:00 -hiveconf ***.ctx.dag_owner=*** -hiveconf ***.ctx.dag_email= -hiveconf mapred.job.name=Airflow HiveOperator task for a602b01b49ab.hive_insert.hive_insert.2024-05-09T18:48:31.209722+00:00 -f /tmp/***_hiveop_190zd42w/tmpy_8y1lrv
[2024-05-09T18:48:37.510+0000] {hive.py:319} INFO - /home/***/.local/lib/python3.11/site-packages/pyspark/bin/load-spark-env.sh: line 68: ps: command not found
[2024-05-09T18:48:41.032+0000] {hive.py:319} INFO - Connecting to jdbc:hive2://host.docker.internal:10000/
[2024-05-09T18:48:41.887+0000] {hive.py:319} INFO - Connected to: Apache Hive (version 2.3.2)
[2024-05-09T18:48:41.888+0000] {hive.py:319} INFO - Driver: Hive JDBC (version 2.3.9)
[2024-05-09T18:48:41.889+0000] {hive.py:319} INFO - Transaction isolation: TRANSACTION_REPEATABLE_READ
[2024-05-09T18:48:42.085+0000] {hive.py:319} INFO - 0: jdbc:hive2://host.docker.internal:10000/> No rows affected (0.166 seconds)
[2024-05-09T18:48:43.357+0000] {hive.py:319} INFO - 0: jdbc:hive2://host.docker.internal:10000/> 0: jdbc:hive2://host.docker.internal:10000/> . . . . . . . . . . . . . . . . . . . . . .> . . . . . . . . . . . . . . . . . . . . . .> . . . . . . . . . . . . . . . . . . . . . .> . . . . . . . . . . . . . . . . . . . . . .> . . . . . . . . . . . . . . . . . . . . . .> . . . . . . . . . . . . . . . . . . . . . .> WARNING: Hive-on-MR is deprecated in Hive 2 and may not be available in the future versions. Consider using a different execution engine (i.e. spark, tez) or using Hive 1.X releases.
[2024-05-09T18:48:45.030+0000] {hive.py:319} INFO - No rows affected (2.915 seconds)
[2024-05-09T18:48:45.059+0000] {hive.py:319} INFO - 0: jdbc:hive2://host.docker.internal:10000/> Closing: 0: jdbc:hive2://host.docker.internal:10000/
[2024-05-09T18:48:45.142+0000] {taskinstance.py:441} INFO - ::group::Post task execution logs
[2024-05-09T18:48:45.163+0000] {taskinstance.py:1206} INFO - Marking task as SUCCESS. dag_id=hive_insert, task_id=hive_insert, run_id=manual__2024-05-09T18:48:31.209722+00:00, execution_date=20240509T184831, start_date=20240509T184836, end_date=20240509T184845
[2024-05-09T18:48:45.201+0000] {local_task_job_runner.py:240} INFO - Task exited with return code 0
[2024-05-09T18:48:45.234+0000] {taskinstance.py:3498} INFO - 0 downstream tasks scheduled from follow-on schedule check
[2024-05-09T18:48:45.237+0000] {local_task_job_runner.py:222} INFO - ::endgroup::
