[2024-05-11T18:07:54.477+0000] {local_task_job_runner.py:120} INFO - ::group::Pre task execution logs
[2024-05-11T18:07:54.538+0000] {taskinstance.py:2076} INFO - Dependencies all met for dep_context=non-requeueable deps ti=<TaskInstance: etl_mysql_to_hive_all.dibimbing__position.get_schema manual__2024-05-11T18:07:48.996502+00:00 [queued]>
[2024-05-11T18:07:54.568+0000] {taskinstance.py:2076} INFO - Dependencies all met for dep_context=requeueable deps ti=<TaskInstance: etl_mysql_to_hive_all.dibimbing__position.get_schema manual__2024-05-11T18:07:48.996502+00:00 [queued]>
[2024-05-11T18:07:54.574+0000] {taskinstance.py:2306} INFO - Starting attempt 1 of 1
[2024-05-11T18:07:54.609+0000] {taskinstance.py:2330} INFO - Executing <Task(MySqlOperator): dibimbing__position.get_schema> on 2024-05-11 18:07:48.996502+00:00
[2024-05-11T18:07:54.620+0000] {standard_task_runner.py:63} INFO - Started process 9557 to run task
[2024-05-11T18:07:54.628+0000] {standard_task_runner.py:90} INFO - Running: ['***', 'tasks', 'run', 'etl_mysql_to_hive_all', 'dibimbing__position.get_schema', 'manual__2024-05-11T18:07:48.996502+00:00', '--job-id', '870', '--raw', '--subdir', 'DAGS_FOLDER/etl_mysql_to_hive_all.py', '--cfg-path', '/tmp/tmp9t0fs0w1']
[2024-05-11T18:07:54.634+0000] {standard_task_runner.py:91} INFO - Job 870: Subtask dibimbing__position.get_schema
[2024-05-11T18:07:54.736+0000] {task_command.py:426} INFO - Running <TaskInstance: etl_mysql_to_hive_all.dibimbing__position.get_schema manual__2024-05-11T18:07:48.996502+00:00 [running]> on host 94409fb18ddd
[2024-05-11T18:07:54.935+0000] {taskinstance.py:2648} INFO - Exporting env vars: AIRFLOW_CTX_DAG_OWNER='***' AIRFLOW_CTX_DAG_ID='etl_mysql_to_hive_all' AIRFLOW_CTX_TASK_ID='dibimbing__position.get_schema' AIRFLOW_CTX_EXECUTION_DATE='2024-05-11T18:07:48.996502+00:00' AIRFLOW_CTX_TRY_NUMBER='1' AIRFLOW_CTX_DAG_RUN_ID='manual__2024-05-11T18:07:48.996502+00:00'
[2024-05-11T18:07:54.940+0000] {taskinstance.py:430} INFO - ::endgroup::
[2024-05-11T18:07:54.941+0000] {sql.py:276} INFO - Executing: DESC dibimbing.position
[2024-05-11T18:07:54.960+0000] {base.py:84} INFO - Using connection ID 'mysql_default' for task execution.
[2024-05-11T18:07:54.980+0000] {base.py:84} INFO - Using connection ID 'mysql_default' for task execution.
[2024-05-11T18:07:55.012+0000] {sql.py:470} INFO - Running statement: DESC ***.position, parameters: None
[2024-05-11T18:07:55.039+0000] {sql.py:479} INFO - Rows affected: 1
[2024-05-11T18:07:55.044+0000] {taskinstance.py:441} INFO - ::group::Post task execution logs
[2024-05-11T18:07:55.088+0000] {taskinstance.py:1206} INFO - Marking task as SUCCESS. dag_id=etl_mysql_to_hive_all, task_id=***__position.get_schema, run_id=manual__2024-05-11T18:07:48.996502+00:00, execution_date=20240511T180748, start_date=20240511T180754, end_date=20240511T180755
[2024-05-11T18:07:55.125+0000] {local_task_job_runner.py:240} INFO - Task exited with return code 0
[2024-05-11T18:07:55.142+0000] {warnings.py:110} WARNING - /home/***/.local/lib/python3.11/site-packages/***/models/baseoperator.py:1296: AirflowProviderDeprecationWarning: Call to deprecated class MySqlOperator. (Please use `***.providers.common.sql.operators.sql.SQLExecuteQueryOperator`.Also, you can provide `hook_params={'schema': <database>}`.)
  result = cls.__new__(cls)

[2024-05-11T18:07:55.171+0000] {taskinstance.py:3498} INFO - 1 downstream tasks scheduled from follow-on schedule check
[2024-05-11T18:07:55.174+0000] {local_task_job_runner.py:222} INFO - ::endgroup::
