[2024-07-07T06:38:35.393+0000] {local_task_job_runner.py:120} INFO - ::group::Pre task execution logs
[2024-07-07T06:38:35.481+0000] {taskinstance.py:2076} INFO - Dependencies all met for dep_context=non-requeueable deps ti=<TaskInstance: pet_adoption_etl.extract manual__2024-07-06T18:36:04.151440+00:00 [queued]>
[2024-07-07T06:38:35.517+0000] {taskinstance.py:2076} INFO - Dependencies all met for dep_context=requeueable deps ti=<TaskInstance: pet_adoption_etl.extract manual__2024-07-06T18:36:04.151440+00:00 [queued]>
[2024-07-07T06:38:35.520+0000] {taskinstance.py:2306} INFO - Starting attempt 2 of 2
[2024-07-07T06:38:35.874+0000] {taskinstance.py:2330} INFO - Executing <Task(PythonOperator): extract> on 2024-07-06 18:36:04.151440+00:00
[2024-07-07T06:38:35.885+0000] {standard_task_runner.py:63} INFO - Started process 845 to run task
[2024-07-07T06:38:35.931+0000] {standard_task_runner.py:90} INFO - Running: ['***', 'tasks', 'run', 'pet_adoption_etl', 'extract', 'manual__2024-07-06T18:36:04.151440+00:00', '--job-id', '241', '--raw', '--subdir', 'DAGS_FOLDER/etl_pet_adoption.py', '--cfg-path', '/tmp/tmpe3y0c0v2']
[2024-07-07T06:38:35.938+0000] {standard_task_runner.py:91} INFO - Job 241: Subtask extract
[2024-07-07T06:38:36.432+0000] {task_command.py:426} INFO - Running <TaskInstance: pet_adoption_etl.extract manual__2024-07-06T18:36:04.151440+00:00 [running]> on host 8b51af410d55
[2024-07-07T06:38:37.044+0000] {taskinstance.py:2648} INFO - Exporting env vars: AIRFLOW_CTX_DAG_OWNER='***' AIRFLOW_CTX_DAG_ID='pet_adoption_etl' AIRFLOW_CTX_TASK_ID='extract' AIRFLOW_CTX_EXECUTION_DATE='2024-07-06T18:36:04.151440+00:00' AIRFLOW_CTX_TRY_NUMBER='2' AIRFLOW_CTX_DAG_RUN_ID='manual__2024-07-06T18:36:04.151440+00:00'
[2024-07-07T06:38:37.047+0000] {taskinstance.py:430} INFO - ::endgroup::
[2024-07-07T06:38:37.064+0000] {logging_mixin.py:188} INFO - Error in extract: [Errno 2] No such file or directory: 'C:\\Users\\Indah Permata\\Documents\\dbimbing_final_project\\data\\pet_adoption_data.csv'
[2024-07-07T06:38:37.073+0000] {taskinstance.py:441} INFO - ::group::Post task execution logs
[2024-07-07T06:38:37.074+0000] {taskinstance.py:2905} ERROR - Task failed with exception
Traceback (most recent call last):
  File "/home/airflow/.local/lib/python3.11/site-packages/airflow/models/taskinstance.py", line 465, in _execute_task
    result = _execute_callable(context=context, **execute_callable_kwargs)
             ^^^^^^^^^^^^^^^^^^^^^^^^^^^^^^^^^^^^^^^^^^^^^^^^^^^^^^^^^^^^^
  File "/home/airflow/.local/lib/python3.11/site-packages/airflow/models/taskinstance.py", line 432, in _execute_callable
    return execute_callable(context=context, **execute_callable_kwargs)
           ^^^^^^^^^^^^^^^^^^^^^^^^^^^^^^^^^^^^^^^^^^^^^^^^^^^^^^^^^^^^
  File "/home/airflow/.local/lib/python3.11/site-packages/airflow/models/baseoperator.py", line 401, in wrapper
    return func(self, *args, **kwargs)
           ^^^^^^^^^^^^^^^^^^^^^^^^^^^
  File "/home/airflow/.local/lib/python3.11/site-packages/airflow/operators/python.py", line 235, in execute
    return_value = self.execute_callable()
                   ^^^^^^^^^^^^^^^^^^^^^^^
  File "/home/airflow/.local/lib/python3.11/site-packages/airflow/operators/python.py", line 252, in execute_callable
    return self.python_callable(*self.op_args, **self.op_kwargs)
           ^^^^^^^^^^^^^^^^^^^^^^^^^^^^^^^^^^^^^^^^^^^^^^^^^^^^^
  File "/opt/airflow/dags/etl_pet_adoption.py", line 14, in extract
    df = pd.read_csv(FILE_PATH)
         ^^^^^^^^^^^^^^^^^^^^^^
  File "/home/airflow/.local/lib/python3.11/site-packages/pandas/io/parsers/readers.py", line 948, in read_csv
    return _read(filepath_or_buffer, kwds)
           ^^^^^^^^^^^^^^^^^^^^^^^^^^^^^^^
  File "/home/airflow/.local/lib/python3.11/site-packages/pandas/io/parsers/readers.py", line 611, in _read
    parser = TextFileReader(filepath_or_buffer, **kwds)
             ^^^^^^^^^^^^^^^^^^^^^^^^^^^^^^^^^^^^^^^^^^
  File "/home/airflow/.local/lib/python3.11/site-packages/pandas/io/parsers/readers.py", line 1448, in __init__
    self._engine = self._make_engine(f, self.engine)
                   ^^^^^^^^^^^^^^^^^^^^^^^^^^^^^^^^^
  File "/home/airflow/.local/lib/python3.11/site-packages/pandas/io/parsers/readers.py", line 1705, in _make_engine
    self.handles = get_handle(
                   ^^^^^^^^^^^
  File "/home/airflow/.local/lib/python3.11/site-packages/pandas/io/common.py", line 863, in get_handle
    handle = open(
             ^^^^^
FileNotFoundError: [Errno 2] No such file or directory: 'C:\\Users\\Indah Permata\\Documents\\dbimbing_final_project\\data\\pet_adoption_data.csv'
[2024-07-07T06:38:37.136+0000] {taskinstance.py:1206} INFO - Marking task as FAILED. dag_id=pet_adoption_etl, task_id=extract, run_id=manual__2024-07-06T18:36:04.151440+00:00, execution_date=20240706T183604, start_date=20240707T063835, end_date=20240707T063837
[2024-07-07T06:38:37.199+0000] {standard_task_runner.py:110} ERROR - Failed to execute job 241 for task extract ([Errno 2] No such file or directory: 'C:\\Users\\Indah Permata\\Documents\\dbimbing_final_project\\data\\pet_adoption_data.csv'; 845)
[2024-07-07T06:38:37.251+0000] {local_task_job_runner.py:240} INFO - Task exited with return code 1
[2024-07-07T06:38:37.290+0000] {local_task_job_runner.py:222} INFO - ::endgroup::
