[2024-05-03T18:16:15.714+0000] {processor.py:161} INFO - Started process (PID=54) to work on /home/airflow/.local/lib/python3.11/site-packages/airflow/example_dags/example_branch_operator_decorator.py
[2024-05-03T18:16:15.781+0000] {processor.py:830} INFO - Processing file /home/airflow/.local/lib/python3.11/site-packages/airflow/example_dags/example_branch_operator_decorator.py for tasks to queue
[2024-05-03T18:16:15.830+0000] {logging_mixin.py:188} INFO - [2024-05-03T18:16:15.828+0000] {dagbag.py:540} INFO - Filling up the DagBag from /home/airflow/.local/lib/python3.11/site-packages/airflow/example_dags/example_branch_operator_decorator.py
[2024-05-03T18:16:16.688+0000] {processor.py:840} INFO - DAG(s) 'example_branch_python_operator_decorator' retrieved from /home/airflow/.local/lib/python3.11/site-packages/airflow/example_dags/example_branch_operator_decorator.py
[2024-05-03T18:16:20.210+0000] {logging_mixin.py:188} INFO - [2024-05-03T18:16:20.205+0000] {override.py:1829} INFO - Created Permission View: can edit on DAG:example_branch_python_operator_decorator
[2024-05-03T18:16:20.363+0000] {logging_mixin.py:188} INFO - [2024-05-03T18:16:20.362+0000] {override.py:1829} INFO - Created Permission View: can read on DAG:example_branch_python_operator_decorator
[2024-05-03T18:16:20.423+0000] {logging_mixin.py:188} INFO - [2024-05-03T18:16:20.422+0000] {override.py:1829} INFO - Created Permission View: can delete on DAG:example_branch_python_operator_decorator
[2024-05-03T18:16:20.435+0000] {logging_mixin.py:188} INFO - [2024-05-03T18:16:20.434+0000] {dag.py:3096} INFO - Sync 1 DAGs
[2024-05-03T18:16:20.625+0000] {logging_mixin.py:188} INFO - [2024-05-03T18:16:20.624+0000] {dag.py:3118} INFO - Creating ORM DAG for example_branch_python_operator_decorator
[2024-05-03T18:16:20.990+0000] {logging_mixin.py:188} INFO - [2024-05-03T18:16:20.987+0000] {dag.py:3954} INFO - Setting next_dagrun for example_branch_python_operator_decorator to 2024-05-02 00:00:00+00:00, run_after=2024-05-03 00:00:00+00:00
[2024-05-03T18:16:21.192+0000] {processor.py:183} INFO - Processing /home/airflow/.local/lib/python3.11/site-packages/airflow/example_dags/example_branch_operator_decorator.py took 5.641 seconds
[2024-05-03T18:17:32.457+0000] {processor.py:161} INFO - Started process (PID=119) to work on /home/airflow/.local/lib/python3.11/site-packages/airflow/example_dags/example_branch_operator_decorator.py
[2024-05-03T18:17:32.462+0000] {processor.py:830} INFO - Processing file /home/airflow/.local/lib/python3.11/site-packages/airflow/example_dags/example_branch_operator_decorator.py for tasks to queue
[2024-05-03T18:17:32.479+0000] {logging_mixin.py:188} INFO - [2024-05-03T18:17:32.478+0000] {dagbag.py:540} INFO - Filling up the DagBag from /home/airflow/.local/lib/python3.11/site-packages/airflow/example_dags/example_branch_operator_decorator.py
[2024-05-03T18:17:32.651+0000] {processor.py:840} INFO - DAG(s) 'example_branch_python_operator_decorator' retrieved from /home/airflow/.local/lib/python3.11/site-packages/airflow/example_dags/example_branch_operator_decorator.py
[2024-05-03T18:17:32.990+0000] {logging_mixin.py:188} INFO - [2024-05-03T18:17:32.989+0000] {dag.py:3096} INFO - Sync 1 DAGs
[2024-05-03T18:17:33.188+0000] {logging_mixin.py:188} INFO - [2024-05-03T18:17:33.187+0000] {dag.py:3954} INFO - Setting next_dagrun for example_branch_python_operator_decorator to 2024-05-02 00:00:00+00:00, run_after=2024-05-03 00:00:00+00:00
[2024-05-03T18:17:33.387+0000] {processor.py:183} INFO - Processing /home/airflow/.local/lib/python3.11/site-packages/airflow/example_dags/example_branch_operator_decorator.py took 0.982 seconds
[2024-05-03T18:18:08.427+0000] {processor.py:161} INFO - Started process (PID=176) to work on /home/airflow/.local/lib/python3.11/site-packages/airflow/example_dags/example_branch_operator_decorator.py
[2024-05-03T18:18:08.511+0000] {processor.py:830} INFO - Processing file /home/airflow/.local/lib/python3.11/site-packages/airflow/example_dags/example_branch_operator_decorator.py for tasks to queue
[2024-05-03T18:18:08.601+0000] {logging_mixin.py:188} INFO - [2024-05-03T18:18:08.598+0000] {dagbag.py:540} INFO - Filling up the DagBag from /home/airflow/.local/lib/python3.11/site-packages/airflow/example_dags/example_branch_operator_decorator.py
[2024-05-03T18:18:08.879+0000] {processor.py:840} INFO - DAG(s) 'example_branch_python_operator_decorator' retrieved from /home/airflow/.local/lib/python3.11/site-packages/airflow/example_dags/example_branch_operator_decorator.py
[2024-05-03T18:18:09.218+0000] {logging_mixin.py:188} INFO - [2024-05-03T18:18:09.217+0000] {dag.py:3096} INFO - Sync 1 DAGs
[2024-05-03T18:18:09.519+0000] {logging_mixin.py:188} INFO - [2024-05-03T18:18:09.518+0000] {dag.py:3954} INFO - Setting next_dagrun for example_branch_python_operator_decorator to 2024-05-02 00:00:00+00:00, run_after=2024-05-03 00:00:00+00:00
[2024-05-03T18:18:09.790+0000] {processor.py:183} INFO - Processing /home/airflow/.local/lib/python3.11/site-packages/airflow/example_dags/example_branch_operator_decorator.py took 1.417 seconds
[2024-05-03T18:18:52.200+0000] {processor.py:161} INFO - Started process (PID=238) to work on /home/airflow/.local/lib/python3.11/site-packages/airflow/example_dags/example_branch_operator_decorator.py
[2024-05-03T18:18:52.203+0000] {processor.py:830} INFO - Processing file /home/airflow/.local/lib/python3.11/site-packages/airflow/example_dags/example_branch_operator_decorator.py for tasks to queue
[2024-05-03T18:18:52.213+0000] {logging_mixin.py:188} INFO - [2024-05-03T18:18:52.210+0000] {dagbag.py:540} INFO - Filling up the DagBag from /home/airflow/.local/lib/python3.11/site-packages/airflow/example_dags/example_branch_operator_decorator.py
[2024-05-03T18:18:52.395+0000] {processor.py:840} INFO - DAG(s) 'example_branch_python_operator_decorator' retrieved from /home/airflow/.local/lib/python3.11/site-packages/airflow/example_dags/example_branch_operator_decorator.py
[2024-05-03T18:18:52.707+0000] {logging_mixin.py:188} INFO - [2024-05-03T18:18:52.707+0000] {dag.py:3096} INFO - Sync 1 DAGs
[2024-05-03T18:18:52.932+0000] {logging_mixin.py:188} INFO - [2024-05-03T18:18:52.919+0000] {dag.py:3954} INFO - Setting next_dagrun for example_branch_python_operator_decorator to 2024-05-02 00:00:00+00:00, run_after=2024-05-03 00:00:00+00:00
[2024-05-03T18:18:53.129+0000] {processor.py:183} INFO - Processing /home/airflow/.local/lib/python3.11/site-packages/airflow/example_dags/example_branch_operator_decorator.py took 0.962 seconds
[2024-05-03T18:19:36.911+0000] {processor.py:161} INFO - Started process (PID=294) to work on /home/airflow/.local/lib/python3.11/site-packages/airflow/example_dags/example_branch_operator_decorator.py
[2024-05-03T18:19:36.954+0000] {processor.py:830} INFO - Processing file /home/airflow/.local/lib/python3.11/site-packages/airflow/example_dags/example_branch_operator_decorator.py for tasks to queue
[2024-05-03T18:19:37.035+0000] {logging_mixin.py:188} INFO - [2024-05-03T18:19:37.021+0000] {dagbag.py:540} INFO - Filling up the DagBag from /home/airflow/.local/lib/python3.11/site-packages/airflow/example_dags/example_branch_operator_decorator.py
[2024-05-03T18:19:37.724+0000] {processor.py:840} INFO - DAG(s) 'example_branch_python_operator_decorator' retrieved from /home/airflow/.local/lib/python3.11/site-packages/airflow/example_dags/example_branch_operator_decorator.py
[2024-05-03T18:19:38.197+0000] {logging_mixin.py:188} INFO - [2024-05-03T18:19:38.196+0000] {dag.py:3096} INFO - Sync 1 DAGs
[2024-05-03T18:19:38.480+0000] {logging_mixin.py:188} INFO - [2024-05-03T18:19:38.479+0000] {dag.py:3954} INFO - Setting next_dagrun for example_branch_python_operator_decorator to 2024-05-02 00:00:00+00:00, run_after=2024-05-03 00:00:00+00:00
[2024-05-03T18:19:38.784+0000] {processor.py:183} INFO - Processing /home/airflow/.local/lib/python3.11/site-packages/airflow/example_dags/example_branch_operator_decorator.py took 2.023 seconds
[2024-05-03T18:20:15.144+0000] {processor.py:161} INFO - Started process (PID=358) to work on /home/airflow/.local/lib/python3.11/site-packages/airflow/example_dags/example_branch_operator_decorator.py
[2024-05-03T18:20:15.150+0000] {processor.py:830} INFO - Processing file /home/airflow/.local/lib/python3.11/site-packages/airflow/example_dags/example_branch_operator_decorator.py for tasks to queue
[2024-05-03T18:20:15.167+0000] {logging_mixin.py:188} INFO - [2024-05-03T18:20:15.165+0000] {dagbag.py:540} INFO - Filling up the DagBag from /home/airflow/.local/lib/python3.11/site-packages/airflow/example_dags/example_branch_operator_decorator.py
[2024-05-03T18:20:15.386+0000] {processor.py:840} INFO - DAG(s) 'example_branch_python_operator_decorator' retrieved from /home/airflow/.local/lib/python3.11/site-packages/airflow/example_dags/example_branch_operator_decorator.py
[2024-05-03T18:20:15.830+0000] {logging_mixin.py:188} INFO - [2024-05-03T18:20:15.829+0000] {dag.py:3096} INFO - Sync 1 DAGs
[2024-05-03T18:20:16.112+0000] {logging_mixin.py:188} INFO - [2024-05-03T18:20:16.108+0000] {dag.py:3954} INFO - Setting next_dagrun for example_branch_python_operator_decorator to 2024-05-02 00:00:00+00:00, run_after=2024-05-03 00:00:00+00:00
[2024-05-03T18:20:16.288+0000] {processor.py:183} INFO - Processing /home/airflow/.local/lib/python3.11/site-packages/airflow/example_dags/example_branch_operator_decorator.py took 1.225 seconds
[2024-05-03T18:20:45.308+0000] {processor.py:161} INFO - Started process (PID=413) to work on /home/airflow/.local/lib/python3.11/site-packages/airflow/example_dags/example_branch_operator_decorator.py
[2024-05-03T18:20:45.316+0000] {processor.py:830} INFO - Processing file /home/airflow/.local/lib/python3.11/site-packages/airflow/example_dags/example_branch_operator_decorator.py for tasks to queue
[2024-05-03T18:20:45.328+0000] {logging_mixin.py:188} INFO - [2024-05-03T18:20:45.324+0000] {dagbag.py:540} INFO - Filling up the DagBag from /home/airflow/.local/lib/python3.11/site-packages/airflow/example_dags/example_branch_operator_decorator.py
[2024-05-03T18:20:45.604+0000] {processor.py:840} INFO - DAG(s) 'example_branch_python_operator_decorator' retrieved from /home/airflow/.local/lib/python3.11/site-packages/airflow/example_dags/example_branch_operator_decorator.py
[2024-05-03T18:20:45.894+0000] {logging_mixin.py:188} INFO - [2024-05-03T18:20:45.893+0000] {dag.py:3096} INFO - Sync 1 DAGs
[2024-05-03T18:20:46.114+0000] {logging_mixin.py:188} INFO - [2024-05-03T18:20:46.113+0000] {dag.py:3954} INFO - Setting next_dagrun for example_branch_python_operator_decorator to 2024-05-02 00:00:00+00:00, run_after=2024-05-03 00:00:00+00:00
[2024-05-03T18:20:46.303+0000] {processor.py:183} INFO - Processing /home/airflow/.local/lib/python3.11/site-packages/airflow/example_dags/example_branch_operator_decorator.py took 1.048 seconds
[2024-05-03T18:21:16.310+0000] {processor.py:161} INFO - Started process (PID=470) to work on /home/airflow/.local/lib/python3.11/site-packages/airflow/example_dags/example_branch_operator_decorator.py
[2024-05-03T18:21:16.341+0000] {processor.py:830} INFO - Processing file /home/airflow/.local/lib/python3.11/site-packages/airflow/example_dags/example_branch_operator_decorator.py for tasks to queue
[2024-05-03T18:21:16.355+0000] {logging_mixin.py:188} INFO - [2024-05-03T18:21:16.354+0000] {dagbag.py:540} INFO - Filling up the DagBag from /home/airflow/.local/lib/python3.11/site-packages/airflow/example_dags/example_branch_operator_decorator.py
[2024-05-03T18:21:16.552+0000] {processor.py:840} INFO - DAG(s) 'example_branch_python_operator_decorator' retrieved from /home/airflow/.local/lib/python3.11/site-packages/airflow/example_dags/example_branch_operator_decorator.py
[2024-05-03T18:21:16.845+0000] {logging_mixin.py:188} INFO - [2024-05-03T18:21:16.844+0000] {dag.py:3096} INFO - Sync 1 DAGs
[2024-05-03T18:21:17.058+0000] {logging_mixin.py:188} INFO - [2024-05-03T18:21:17.057+0000] {dag.py:3954} INFO - Setting next_dagrun for example_branch_python_operator_decorator to 2024-05-02 00:00:00+00:00, run_after=2024-05-03 00:00:00+00:00
[2024-05-03T18:21:17.297+0000] {processor.py:183} INFO - Processing /home/airflow/.local/lib/python3.11/site-packages/airflow/example_dags/example_branch_operator_decorator.py took 1.061 seconds
[2024-05-03T18:21:46.915+0000] {processor.py:161} INFO - Started process (PID=526) to work on /home/airflow/.local/lib/python3.11/site-packages/airflow/example_dags/example_branch_operator_decorator.py
[2024-05-03T18:21:46.919+0000] {processor.py:830} INFO - Processing file /home/airflow/.local/lib/python3.11/site-packages/airflow/example_dags/example_branch_operator_decorator.py for tasks to queue
[2024-05-03T18:21:46.933+0000] {logging_mixin.py:188} INFO - [2024-05-03T18:21:46.931+0000] {dagbag.py:540} INFO - Filling up the DagBag from /home/airflow/.local/lib/python3.11/site-packages/airflow/example_dags/example_branch_operator_decorator.py
[2024-05-03T18:21:47.152+0000] {processor.py:840} INFO - DAG(s) 'example_branch_python_operator_decorator' retrieved from /home/airflow/.local/lib/python3.11/site-packages/airflow/example_dags/example_branch_operator_decorator.py
[2024-05-03T18:21:47.668+0000] {logging_mixin.py:188} INFO - [2024-05-03T18:21:47.667+0000] {dag.py:3096} INFO - Sync 1 DAGs
[2024-05-03T18:21:47.816+0000] {logging_mixin.py:188} INFO - [2024-05-03T18:21:47.815+0000] {dag.py:3954} INFO - Setting next_dagrun for example_branch_python_operator_decorator to 2024-05-02 00:00:00+00:00, run_after=2024-05-03 00:00:00+00:00
[2024-05-03T18:21:47.976+0000] {processor.py:183} INFO - Processing /home/airflow/.local/lib/python3.11/site-packages/airflow/example_dags/example_branch_operator_decorator.py took 1.193 seconds
[2024-05-03T18:22:18.986+0000] {processor.py:161} INFO - Started process (PID=583) to work on /home/airflow/.local/lib/python3.11/site-packages/airflow/example_dags/example_branch_operator_decorator.py
[2024-05-03T18:22:18.994+0000] {processor.py:830} INFO - Processing file /home/airflow/.local/lib/python3.11/site-packages/airflow/example_dags/example_branch_operator_decorator.py for tasks to queue
[2024-05-03T18:22:19.002+0000] {logging_mixin.py:188} INFO - [2024-05-03T18:22:19.001+0000] {dagbag.py:540} INFO - Filling up the DagBag from /home/airflow/.local/lib/python3.11/site-packages/airflow/example_dags/example_branch_operator_decorator.py
[2024-05-03T18:22:19.173+0000] {processor.py:840} INFO - DAG(s) 'example_branch_python_operator_decorator' retrieved from /home/airflow/.local/lib/python3.11/site-packages/airflow/example_dags/example_branch_operator_decorator.py
[2024-05-03T18:22:19.536+0000] {logging_mixin.py:188} INFO - [2024-05-03T18:22:19.535+0000] {dag.py:3096} INFO - Sync 1 DAGs
[2024-05-03T18:22:19.863+0000] {logging_mixin.py:188} INFO - [2024-05-03T18:22:19.853+0000] {dag.py:3954} INFO - Setting next_dagrun for example_branch_python_operator_decorator to 2024-05-02 00:00:00+00:00, run_after=2024-05-03 00:00:00+00:00
[2024-05-03T18:22:20.048+0000] {processor.py:183} INFO - Processing /home/airflow/.local/lib/python3.11/site-packages/airflow/example_dags/example_branch_operator_decorator.py took 1.104 seconds
[2024-05-03T18:22:47.477+0000] {processor.py:161} INFO - Started process (PID=638) to work on /home/airflow/.local/lib/python3.11/site-packages/airflow/example_dags/example_branch_operator_decorator.py
[2024-05-03T18:22:47.492+0000] {processor.py:830} INFO - Processing file /home/airflow/.local/lib/python3.11/site-packages/airflow/example_dags/example_branch_operator_decorator.py for tasks to queue
[2024-05-03T18:22:47.547+0000] {logging_mixin.py:188} INFO - [2024-05-03T18:22:47.527+0000] {dagbag.py:540} INFO - Filling up the DagBag from /home/airflow/.local/lib/python3.11/site-packages/airflow/example_dags/example_branch_operator_decorator.py
[2024-05-03T18:22:47.815+0000] {processor.py:840} INFO - DAG(s) 'example_branch_python_operator_decorator' retrieved from /home/airflow/.local/lib/python3.11/site-packages/airflow/example_dags/example_branch_operator_decorator.py
[2024-05-03T18:22:48.196+0000] {logging_mixin.py:188} INFO - [2024-05-03T18:22:48.195+0000] {dag.py:3096} INFO - Sync 1 DAGs
[2024-05-03T18:22:48.367+0000] {logging_mixin.py:188} INFO - [2024-05-03T18:22:48.365+0000] {dag.py:3954} INFO - Setting next_dagrun for example_branch_python_operator_decorator to 2024-05-02 00:00:00+00:00, run_after=2024-05-03 00:00:00+00:00
[2024-05-03T18:22:48.599+0000] {processor.py:183} INFO - Processing /home/airflow/.local/lib/python3.11/site-packages/airflow/example_dags/example_branch_operator_decorator.py took 1.172 seconds
[2024-05-03T18:23:09.701+0000] {processor.py:161} INFO - Started process (PID=689) to work on /home/airflow/.local/lib/python3.11/site-packages/airflow/example_dags/example_branch_operator_decorator.py
[2024-05-03T18:23:09.704+0000] {processor.py:830} INFO - Processing file /home/airflow/.local/lib/python3.11/site-packages/airflow/example_dags/example_branch_operator_decorator.py for tasks to queue
[2024-05-03T18:23:09.709+0000] {logging_mixin.py:188} INFO - [2024-05-03T18:23:09.708+0000] {dagbag.py:540} INFO - Filling up the DagBag from /home/airflow/.local/lib/python3.11/site-packages/airflow/example_dags/example_branch_operator_decorator.py
[2024-05-03T18:23:09.790+0000] {processor.py:840} INFO - DAG(s) 'example_branch_python_operator_decorator' retrieved from /home/airflow/.local/lib/python3.11/site-packages/airflow/example_dags/example_branch_operator_decorator.py
[2024-05-03T18:23:09.881+0000] {logging_mixin.py:188} INFO - [2024-05-03T18:23:09.880+0000] {dag.py:3096} INFO - Sync 1 DAGs
[2024-05-03T18:23:09.936+0000] {logging_mixin.py:188} INFO - [2024-05-03T18:23:09.935+0000] {dag.py:3954} INFO - Setting next_dagrun for example_branch_python_operator_decorator to 2024-05-02 00:00:00+00:00, run_after=2024-05-03 00:00:00+00:00
[2024-05-03T18:23:10.088+0000] {processor.py:183} INFO - Processing /home/airflow/.local/lib/python3.11/site-packages/airflow/example_dags/example_branch_operator_decorator.py took 0.408 seconds
[2024-05-03T18:23:27.553+0000] {processor.py:161} INFO - Started process (PID=745) to work on /home/airflow/.local/lib/python3.11/site-packages/airflow/example_dags/example_branch_operator_decorator.py
[2024-05-03T18:23:27.555+0000] {processor.py:830} INFO - Processing file /home/airflow/.local/lib/python3.11/site-packages/airflow/example_dags/example_branch_operator_decorator.py for tasks to queue
[2024-05-03T18:23:27.559+0000] {logging_mixin.py:188} INFO - [2024-05-03T18:23:27.559+0000] {dagbag.py:540} INFO - Filling up the DagBag from /home/airflow/.local/lib/python3.11/site-packages/airflow/example_dags/example_branch_operator_decorator.py
[2024-05-03T18:23:27.609+0000] {processor.py:840} INFO - DAG(s) 'example_branch_python_operator_decorator' retrieved from /home/airflow/.local/lib/python3.11/site-packages/airflow/example_dags/example_branch_operator_decorator.py
[2024-05-03T18:23:27.680+0000] {logging_mixin.py:188} INFO - [2024-05-03T18:23:27.680+0000] {dag.py:3096} INFO - Sync 1 DAGs
[2024-05-03T18:23:27.719+0000] {logging_mixin.py:188} INFO - [2024-05-03T18:23:27.718+0000] {dag.py:3954} INFO - Setting next_dagrun for example_branch_python_operator_decorator to 2024-05-02 00:00:00+00:00, run_after=2024-05-03 00:00:00+00:00
[2024-05-03T18:23:28.457+0000] {processor.py:183} INFO - Processing /home/airflow/.local/lib/python3.11/site-packages/airflow/example_dags/example_branch_operator_decorator.py took 0.917 seconds
[2024-05-03T18:23:40.436+0000] {processor.py:161} INFO - Started process (PID=796) to work on /home/airflow/.local/lib/python3.11/site-packages/airflow/example_dags/example_branch_operator_decorator.py
[2024-05-03T18:23:40.455+0000] {processor.py:830} INFO - Processing file /home/airflow/.local/lib/python3.11/site-packages/airflow/example_dags/example_branch_operator_decorator.py for tasks to queue
[2024-05-03T18:23:40.460+0000] {logging_mixin.py:188} INFO - [2024-05-03T18:23:40.460+0000] {dagbag.py:540} INFO - Filling up the DagBag from /home/airflow/.local/lib/python3.11/site-packages/airflow/example_dags/example_branch_operator_decorator.py
[2024-05-03T18:23:40.518+0000] {processor.py:840} INFO - DAG(s) 'example_branch_python_operator_decorator' retrieved from /home/airflow/.local/lib/python3.11/site-packages/airflow/example_dags/example_branch_operator_decorator.py
[2024-05-03T18:23:40.589+0000] {logging_mixin.py:188} INFO - [2024-05-03T18:23:40.589+0000] {dag.py:3096} INFO - Sync 1 DAGs
[2024-05-03T18:23:40.658+0000] {logging_mixin.py:188} INFO - [2024-05-03T18:23:40.657+0000] {dag.py:3954} INFO - Setting next_dagrun for example_branch_python_operator_decorator to 2024-05-02 00:00:00+00:00, run_after=2024-05-03 00:00:00+00:00
[2024-05-03T18:23:40.796+0000] {processor.py:183} INFO - Processing /home/airflow/.local/lib/python3.11/site-packages/airflow/example_dags/example_branch_operator_decorator.py took 0.382 seconds
[2024-05-03T18:23:53.228+0000] {processor.py:161} INFO - Started process (PID=853) to work on /home/airflow/.local/lib/python3.11/site-packages/airflow/example_dags/example_branch_operator_decorator.py
[2024-05-03T18:23:53.232+0000] {processor.py:830} INFO - Processing file /home/airflow/.local/lib/python3.11/site-packages/airflow/example_dags/example_branch_operator_decorator.py for tasks to queue
[2024-05-03T18:23:53.237+0000] {logging_mixin.py:188} INFO - [2024-05-03T18:23:53.236+0000] {dagbag.py:540} INFO - Filling up the DagBag from /home/airflow/.local/lib/python3.11/site-packages/airflow/example_dags/example_branch_operator_decorator.py
[2024-05-03T18:23:53.342+0000] {processor.py:840} INFO - DAG(s) 'example_branch_python_operator_decorator' retrieved from /home/airflow/.local/lib/python3.11/site-packages/airflow/example_dags/example_branch_operator_decorator.py
[2024-05-03T18:23:53.405+0000] {logging_mixin.py:188} INFO - [2024-05-03T18:23:53.405+0000] {dag.py:3096} INFO - Sync 1 DAGs
[2024-05-03T18:23:53.452+0000] {logging_mixin.py:188} INFO - [2024-05-03T18:23:53.452+0000] {dag.py:3954} INFO - Setting next_dagrun for example_branch_python_operator_decorator to 2024-05-02 00:00:00+00:00, run_after=2024-05-03 00:00:00+00:00
[2024-05-03T18:23:53.674+0000] {processor.py:183} INFO - Processing /home/airflow/.local/lib/python3.11/site-packages/airflow/example_dags/example_branch_operator_decorator.py took 0.458 seconds
[2024-05-03T18:24:14.361+0000] {processor.py:161} INFO - Started process (PID=905) to work on /home/airflow/.local/lib/python3.11/site-packages/airflow/example_dags/example_branch_operator_decorator.py
[2024-05-03T18:24:14.366+0000] {processor.py:830} INFO - Processing file /home/airflow/.local/lib/python3.11/site-packages/airflow/example_dags/example_branch_operator_decorator.py for tasks to queue
[2024-05-03T18:24:14.380+0000] {logging_mixin.py:188} INFO - [2024-05-03T18:24:14.379+0000] {dagbag.py:540} INFO - Filling up the DagBag from /home/airflow/.local/lib/python3.11/site-packages/airflow/example_dags/example_branch_operator_decorator.py
[2024-05-03T18:24:14.574+0000] {processor.py:840} INFO - DAG(s) 'example_branch_python_operator_decorator' retrieved from /home/airflow/.local/lib/python3.11/site-packages/airflow/example_dags/example_branch_operator_decorator.py
[2024-05-03T18:24:14.739+0000] {logging_mixin.py:188} INFO - [2024-05-03T18:24:14.738+0000] {dag.py:3096} INFO - Sync 1 DAGs
[2024-05-03T18:24:14.867+0000] {logging_mixin.py:188} INFO - [2024-05-03T18:24:14.867+0000] {dag.py:3954} INFO - Setting next_dagrun for example_branch_python_operator_decorator to 2024-05-02 00:00:00+00:00, run_after=2024-05-03 00:00:00+00:00
[2024-05-03T18:24:15.098+0000] {processor.py:183} INFO - Processing /home/airflow/.local/lib/python3.11/site-packages/airflow/example_dags/example_branch_operator_decorator.py took 0.816 seconds
[2024-05-03T18:24:33.698+0000] {processor.py:161} INFO - Started process (PID=961) to work on /home/airflow/.local/lib/python3.11/site-packages/airflow/example_dags/example_branch_operator_decorator.py
[2024-05-03T18:24:33.700+0000] {processor.py:830} INFO - Processing file /home/airflow/.local/lib/python3.11/site-packages/airflow/example_dags/example_branch_operator_decorator.py for tasks to queue
[2024-05-03T18:24:33.704+0000] {logging_mixin.py:188} INFO - [2024-05-03T18:24:33.703+0000] {dagbag.py:540} INFO - Filling up the DagBag from /home/airflow/.local/lib/python3.11/site-packages/airflow/example_dags/example_branch_operator_decorator.py
[2024-05-03T18:24:33.840+0000] {processor.py:840} INFO - DAG(s) 'example_branch_python_operator_decorator' retrieved from /home/airflow/.local/lib/python3.11/site-packages/airflow/example_dags/example_branch_operator_decorator.py
[2024-05-03T18:24:34.070+0000] {logging_mixin.py:188} INFO - [2024-05-03T18:24:34.069+0000] {dag.py:3096} INFO - Sync 1 DAGs
[2024-05-03T18:24:34.204+0000] {logging_mixin.py:188} INFO - [2024-05-03T18:24:34.203+0000] {dag.py:3954} INFO - Setting next_dagrun for example_branch_python_operator_decorator to 2024-05-02 00:00:00+00:00, run_after=2024-05-03 00:00:00+00:00
[2024-05-03T18:24:34.283+0000] {processor.py:183} INFO - Processing /home/airflow/.local/lib/python3.11/site-packages/airflow/example_dags/example_branch_operator_decorator.py took 0.598 seconds
[2024-05-03T18:24:52.309+0000] {processor.py:161} INFO - Started process (PID=1019) to work on /home/airflow/.local/lib/python3.11/site-packages/airflow/example_dags/example_branch_operator_decorator.py
[2024-05-03T18:24:52.316+0000] {processor.py:830} INFO - Processing file /home/airflow/.local/lib/python3.11/site-packages/airflow/example_dags/example_branch_operator_decorator.py for tasks to queue
[2024-05-03T18:24:52.330+0000] {logging_mixin.py:188} INFO - [2024-05-03T18:24:52.329+0000] {dagbag.py:540} INFO - Filling up the DagBag from /home/airflow/.local/lib/python3.11/site-packages/airflow/example_dags/example_branch_operator_decorator.py
[2024-05-03T18:24:52.583+0000] {processor.py:840} INFO - DAG(s) 'example_branch_python_operator_decorator' retrieved from /home/airflow/.local/lib/python3.11/site-packages/airflow/example_dags/example_branch_operator_decorator.py
[2024-05-03T18:24:52.838+0000] {logging_mixin.py:188} INFO - [2024-05-03T18:24:52.837+0000] {dag.py:3096} INFO - Sync 1 DAGs
[2024-05-03T18:24:53.025+0000] {logging_mixin.py:188} INFO - [2024-05-03T18:24:53.024+0000] {dag.py:3954} INFO - Setting next_dagrun for example_branch_python_operator_decorator to 2024-05-02 00:00:00+00:00, run_after=2024-05-03 00:00:00+00:00
[2024-05-03T18:24:53.146+0000] {processor.py:183} INFO - Processing /home/airflow/.local/lib/python3.11/site-packages/airflow/example_dags/example_branch_operator_decorator.py took 0.886 seconds
[2024-05-03T18:25:33.071+0000] {processor.py:161} INFO - Started process (PID=1074) to work on /home/airflow/.local/lib/python3.11/site-packages/airflow/example_dags/example_branch_operator_decorator.py
[2024-05-03T18:25:33.088+0000] {processor.py:830} INFO - Processing file /home/airflow/.local/lib/python3.11/site-packages/airflow/example_dags/example_branch_operator_decorator.py for tasks to queue
[2024-05-03T18:25:33.116+0000] {logging_mixin.py:188} INFO - [2024-05-03T18:25:33.111+0000] {dagbag.py:540} INFO - Filling up the DagBag from /home/airflow/.local/lib/python3.11/site-packages/airflow/example_dags/example_branch_operator_decorator.py
[2024-05-03T18:25:33.685+0000] {processor.py:840} INFO - DAG(s) 'example_branch_python_operator_decorator' retrieved from /home/airflow/.local/lib/python3.11/site-packages/airflow/example_dags/example_branch_operator_decorator.py
[2024-05-03T18:25:34.264+0000] {logging_mixin.py:188} INFO - [2024-05-03T18:25:34.264+0000] {dag.py:3096} INFO - Sync 1 DAGs
[2024-05-03T18:25:34.680+0000] {logging_mixin.py:188} INFO - [2024-05-03T18:25:34.679+0000] {dag.py:3954} INFO - Setting next_dagrun for example_branch_python_operator_decorator to 2024-05-02 00:00:00+00:00, run_after=2024-05-03 00:00:00+00:00
[2024-05-03T18:25:35.032+0000] {processor.py:183} INFO - Processing /home/airflow/.local/lib/python3.11/site-packages/airflow/example_dags/example_branch_operator_decorator.py took 2.059 seconds
[2024-05-03T18:26:27.620+0000] {processor.py:161} INFO - Started process (PID=1137) to work on /home/airflow/.local/lib/python3.11/site-packages/airflow/example_dags/example_branch_operator_decorator.py
[2024-05-03T18:26:27.650+0000] {processor.py:830} INFO - Processing file /home/airflow/.local/lib/python3.11/site-packages/airflow/example_dags/example_branch_operator_decorator.py for tasks to queue
[2024-05-03T18:26:27.765+0000] {logging_mixin.py:188} INFO - [2024-05-03T18:26:27.732+0000] {dagbag.py:540} INFO - Filling up the DagBag from /home/airflow/.local/lib/python3.11/site-packages/airflow/example_dags/example_branch_operator_decorator.py
[2024-05-03T18:26:28.164+0000] {processor.py:840} INFO - DAG(s) 'example_branch_python_operator_decorator' retrieved from /home/airflow/.local/lib/python3.11/site-packages/airflow/example_dags/example_branch_operator_decorator.py
[2024-05-03T18:26:28.770+0000] {logging_mixin.py:188} INFO - [2024-05-03T18:26:28.769+0000] {dag.py:3096} INFO - Sync 1 DAGs
[2024-05-03T18:26:29.207+0000] {logging_mixin.py:188} INFO - [2024-05-03T18:26:29.203+0000] {dag.py:3954} INFO - Setting next_dagrun for example_branch_python_operator_decorator to 2024-05-02 00:00:00+00:00, run_after=2024-05-03 00:00:00+00:00
[2024-05-03T18:26:29.505+0000] {processor.py:183} INFO - Processing /home/airflow/.local/lib/python3.11/site-packages/airflow/example_dags/example_branch_operator_decorator.py took 2.019 seconds
[2024-05-03T18:27:35.909+0000] {processor.py:161} INFO - Started process (PID=1198) to work on /home/airflow/.local/lib/python3.11/site-packages/airflow/example_dags/example_branch_operator_decorator.py
[2024-05-03T18:27:35.923+0000] {processor.py:830} INFO - Processing file /home/airflow/.local/lib/python3.11/site-packages/airflow/example_dags/example_branch_operator_decorator.py for tasks to queue
[2024-05-03T18:27:35.932+0000] {logging_mixin.py:188} INFO - [2024-05-03T18:27:35.929+0000] {dagbag.py:540} INFO - Filling up the DagBag from /home/airflow/.local/lib/python3.11/site-packages/airflow/example_dags/example_branch_operator_decorator.py
[2024-05-03T18:27:36.270+0000] {processor.py:840} INFO - DAG(s) 'example_branch_python_operator_decorator' retrieved from /home/airflow/.local/lib/python3.11/site-packages/airflow/example_dags/example_branch_operator_decorator.py
[2024-05-03T18:27:36.779+0000] {logging_mixin.py:188} INFO - [2024-05-03T18:27:36.778+0000] {dag.py:3096} INFO - Sync 1 DAGs
[2024-05-03T18:27:37.124+0000] {logging_mixin.py:188} INFO - [2024-05-03T18:27:37.111+0000] {dag.py:3954} INFO - Setting next_dagrun for example_branch_python_operator_decorator to 2024-05-02 00:00:00+00:00, run_after=2024-05-03 00:00:00+00:00
[2024-05-03T18:27:37.396+0000] {processor.py:183} INFO - Processing /home/airflow/.local/lib/python3.11/site-packages/airflow/example_dags/example_branch_operator_decorator.py took 1.587 seconds
[2024-05-03T18:28:32.484+0000] {processor.py:161} INFO - Started process (PID=1259) to work on /home/airflow/.local/lib/python3.11/site-packages/airflow/example_dags/example_branch_operator_decorator.py
[2024-05-03T18:28:32.489+0000] {processor.py:830} INFO - Processing file /home/airflow/.local/lib/python3.11/site-packages/airflow/example_dags/example_branch_operator_decorator.py for tasks to queue
[2024-05-03T18:28:32.506+0000] {logging_mixin.py:188} INFO - [2024-05-03T18:28:32.505+0000] {dagbag.py:540} INFO - Filling up the DagBag from /home/airflow/.local/lib/python3.11/site-packages/airflow/example_dags/example_branch_operator_decorator.py
[2024-05-03T18:28:32.741+0000] {processor.py:840} INFO - DAG(s) 'example_branch_python_operator_decorator' retrieved from /home/airflow/.local/lib/python3.11/site-packages/airflow/example_dags/example_branch_operator_decorator.py
[2024-05-03T18:28:33.335+0000] {logging_mixin.py:188} INFO - [2024-05-03T18:28:33.334+0000] {dag.py:3096} INFO - Sync 1 DAGs
[2024-05-03T18:28:33.715+0000] {logging_mixin.py:188} INFO - [2024-05-03T18:28:33.714+0000] {dag.py:3954} INFO - Setting next_dagrun for example_branch_python_operator_decorator to 2024-05-02 00:00:00+00:00, run_after=2024-05-03 00:00:00+00:00
[2024-05-03T18:28:33.961+0000] {processor.py:183} INFO - Processing /home/airflow/.local/lib/python3.11/site-packages/airflow/example_dags/example_branch_operator_decorator.py took 1.567 seconds
[2024-05-03T18:29:27.290+0000] {processor.py:161} INFO - Started process (PID=1314) to work on /home/airflow/.local/lib/python3.11/site-packages/airflow/example_dags/example_branch_operator_decorator.py
[2024-05-03T18:29:27.463+0000] {processor.py:830} INFO - Processing file /home/airflow/.local/lib/python3.11/site-packages/airflow/example_dags/example_branch_operator_decorator.py for tasks to queue
[2024-05-03T18:29:27.483+0000] {logging_mixin.py:188} INFO - [2024-05-03T18:29:27.481+0000] {dagbag.py:540} INFO - Filling up the DagBag from /home/airflow/.local/lib/python3.11/site-packages/airflow/example_dags/example_branch_operator_decorator.py
[2024-05-03T18:29:27.880+0000] {processor.py:840} INFO - DAG(s) 'example_branch_python_operator_decorator' retrieved from /home/airflow/.local/lib/python3.11/site-packages/airflow/example_dags/example_branch_operator_decorator.py
[2024-05-03T18:29:28.468+0000] {logging_mixin.py:188} INFO - [2024-05-03T18:29:28.467+0000] {dag.py:3096} INFO - Sync 1 DAGs
[2024-05-03T18:29:28.878+0000] {logging_mixin.py:188} INFO - [2024-05-03T18:29:28.877+0000] {dag.py:3954} INFO - Setting next_dagrun for example_branch_python_operator_decorator to 2024-05-02 00:00:00+00:00, run_after=2024-05-03 00:00:00+00:00
[2024-05-03T18:29:29.311+0000] {processor.py:183} INFO - Processing /home/airflow/.local/lib/python3.11/site-packages/airflow/example_dags/example_branch_operator_decorator.py took 2.058 seconds
