[2024-05-03T18:16:32.285+0000] {processor.py:161} INFO - Started process (PID=61) to work on /home/airflow/.local/lib/python3.11/site-packages/airflow/example_dags/example_nested_branch_dag.py
[2024-05-03T18:16:32.300+0000] {processor.py:830} INFO - Processing file /home/airflow/.local/lib/python3.11/site-packages/airflow/example_dags/example_nested_branch_dag.py for tasks to queue
[2024-05-03T18:16:32.348+0000] {logging_mixin.py:188} INFO - [2024-05-03T18:16:32.332+0000] {dagbag.py:540} INFO - Filling up the DagBag from /home/airflow/.local/lib/python3.11/site-packages/airflow/example_dags/example_nested_branch_dag.py
[2024-05-03T18:16:32.581+0000] {processor.py:840} INFO - DAG(s) 'example_nested_branch_dag' retrieved from /home/airflow/.local/lib/python3.11/site-packages/airflow/example_dags/example_nested_branch_dag.py
[2024-05-03T18:16:34.911+0000] {logging_mixin.py:188} INFO - [2024-05-03T18:16:34.908+0000] {override.py:1829} INFO - Created Permission View: can edit on DAG:example_nested_branch_dag
[2024-05-03T18:16:35.034+0000] {logging_mixin.py:188} INFO - [2024-05-03T18:16:35.033+0000] {override.py:1829} INFO - Created Permission View: can read on DAG:example_nested_branch_dag
[2024-05-03T18:16:35.097+0000] {logging_mixin.py:188} INFO - [2024-05-03T18:16:35.096+0000] {override.py:1829} INFO - Created Permission View: can delete on DAG:example_nested_branch_dag
[2024-05-03T18:16:35.100+0000] {logging_mixin.py:188} INFO - [2024-05-03T18:16:35.099+0000] {dag.py:3096} INFO - Sync 1 DAGs
[2024-05-03T18:16:35.204+0000] {logging_mixin.py:188} INFO - [2024-05-03T18:16:35.203+0000] {dag.py:3118} INFO - Creating ORM DAG for example_nested_branch_dag
[2024-05-03T18:16:35.337+0000] {logging_mixin.py:188} INFO - [2024-05-03T18:16:35.336+0000] {dag.py:3954} INFO - Setting next_dagrun for example_nested_branch_dag to 2024-05-02 00:00:00+00:00, run_after=2024-05-03 00:00:00+00:00
[2024-05-03T18:16:35.617+0000] {processor.py:183} INFO - Processing /home/airflow/.local/lib/python3.11/site-packages/airflow/example_dags/example_nested_branch_dag.py took 3.350 seconds
[2024-05-03T18:17:40.730+0000] {processor.py:161} INFO - Started process (PID=126) to work on /home/airflow/.local/lib/python3.11/site-packages/airflow/example_dags/example_nested_branch_dag.py
[2024-05-03T18:17:40.762+0000] {processor.py:830} INFO - Processing file /home/airflow/.local/lib/python3.11/site-packages/airflow/example_dags/example_nested_branch_dag.py for tasks to queue
[2024-05-03T18:17:40.786+0000] {logging_mixin.py:188} INFO - [2024-05-03T18:17:40.784+0000] {dagbag.py:540} INFO - Filling up the DagBag from /home/airflow/.local/lib/python3.11/site-packages/airflow/example_dags/example_nested_branch_dag.py
[2024-05-03T18:17:40.906+0000] {processor.py:840} INFO - DAG(s) 'example_nested_branch_dag' retrieved from /home/airflow/.local/lib/python3.11/site-packages/airflow/example_dags/example_nested_branch_dag.py
[2024-05-03T18:17:41.132+0000] {logging_mixin.py:188} INFO - [2024-05-03T18:17:41.131+0000] {dag.py:3096} INFO - Sync 1 DAGs
[2024-05-03T18:17:41.409+0000] {logging_mixin.py:188} INFO - [2024-05-03T18:17:41.403+0000] {dag.py:3954} INFO - Setting next_dagrun for example_nested_branch_dag to 2024-05-02 00:00:00+00:00, run_after=2024-05-03 00:00:00+00:00
[2024-05-03T18:17:41.583+0000] {processor.py:183} INFO - Processing /home/airflow/.local/lib/python3.11/site-packages/airflow/example_dags/example_nested_branch_dag.py took 0.903 seconds
[2024-05-03T18:18:16.434+0000] {processor.py:161} INFO - Started process (PID=189) to work on /home/airflow/.local/lib/python3.11/site-packages/airflow/example_dags/example_nested_branch_dag.py
[2024-05-03T18:18:16.458+0000] {processor.py:830} INFO - Processing file /home/airflow/.local/lib/python3.11/site-packages/airflow/example_dags/example_nested_branch_dag.py for tasks to queue
[2024-05-03T18:18:16.484+0000] {logging_mixin.py:188} INFO - [2024-05-03T18:18:16.483+0000] {dagbag.py:540} INFO - Filling up the DagBag from /home/airflow/.local/lib/python3.11/site-packages/airflow/example_dags/example_nested_branch_dag.py
[2024-05-03T18:18:16.603+0000] {processor.py:840} INFO - DAG(s) 'example_nested_branch_dag' retrieved from /home/airflow/.local/lib/python3.11/site-packages/airflow/example_dags/example_nested_branch_dag.py
[2024-05-03T18:18:16.953+0000] {logging_mixin.py:188} INFO - [2024-05-03T18:18:16.953+0000] {dag.py:3096} INFO - Sync 1 DAGs
[2024-05-03T18:18:17.259+0000] {logging_mixin.py:188} INFO - [2024-05-03T18:18:17.258+0000] {dag.py:3954} INFO - Setting next_dagrun for example_nested_branch_dag to 2024-05-02 00:00:00+00:00, run_after=2024-05-03 00:00:00+00:00
[2024-05-03T18:18:18.407+0000] {processor.py:183} INFO - Processing /home/airflow/.local/lib/python3.11/site-packages/airflow/example_dags/example_nested_branch_dag.py took 2.058 seconds
[2024-05-03T18:19:01.546+0000] {processor.py:161} INFO - Started process (PID=246) to work on /home/airflow/.local/lib/python3.11/site-packages/airflow/example_dags/example_nested_branch_dag.py
[2024-05-03T18:19:01.561+0000] {processor.py:830} INFO - Processing file /home/airflow/.local/lib/python3.11/site-packages/airflow/example_dags/example_nested_branch_dag.py for tasks to queue
[2024-05-03T18:19:01.575+0000] {logging_mixin.py:188} INFO - [2024-05-03T18:19:01.574+0000] {dagbag.py:540} INFO - Filling up the DagBag from /home/airflow/.local/lib/python3.11/site-packages/airflow/example_dags/example_nested_branch_dag.py
[2024-05-03T18:19:01.747+0000] {processor.py:840} INFO - DAG(s) 'example_nested_branch_dag' retrieved from /home/airflow/.local/lib/python3.11/site-packages/airflow/example_dags/example_nested_branch_dag.py
[2024-05-03T18:19:02.091+0000] {logging_mixin.py:188} INFO - [2024-05-03T18:19:02.091+0000] {dag.py:3096} INFO - Sync 1 DAGs
[2024-05-03T18:19:02.329+0000] {logging_mixin.py:188} INFO - [2024-05-03T18:19:02.291+0000] {dag.py:3954} INFO - Setting next_dagrun for example_nested_branch_dag to 2024-05-02 00:00:00+00:00, run_after=2024-05-03 00:00:00+00:00
[2024-05-03T18:19:02.567+0000] {processor.py:183} INFO - Processing /home/airflow/.local/lib/python3.11/site-packages/airflow/example_dags/example_nested_branch_dag.py took 1.081 seconds
[2024-05-03T18:19:43.373+0000] {processor.py:161} INFO - Started process (PID=301) to work on /home/airflow/.local/lib/python3.11/site-packages/airflow/example_dags/example_nested_branch_dag.py
[2024-05-03T18:19:43.389+0000] {processor.py:830} INFO - Processing file /home/airflow/.local/lib/python3.11/site-packages/airflow/example_dags/example_nested_branch_dag.py for tasks to queue
[2024-05-03T18:19:43.422+0000] {logging_mixin.py:188} INFO - [2024-05-03T18:19:43.419+0000] {dagbag.py:540} INFO - Filling up the DagBag from /home/airflow/.local/lib/python3.11/site-packages/airflow/example_dags/example_nested_branch_dag.py
[2024-05-03T18:19:43.675+0000] {processor.py:840} INFO - DAG(s) 'example_nested_branch_dag' retrieved from /home/airflow/.local/lib/python3.11/site-packages/airflow/example_dags/example_nested_branch_dag.py
[2024-05-03T18:19:43.903+0000] {logging_mixin.py:188} INFO - [2024-05-03T18:19:43.902+0000] {dag.py:3096} INFO - Sync 1 DAGs
[2024-05-03T18:19:44.350+0000] {logging_mixin.py:188} INFO - [2024-05-03T18:19:44.349+0000] {dag.py:3954} INFO - Setting next_dagrun for example_nested_branch_dag to 2024-05-02 00:00:00+00:00, run_after=2024-05-03 00:00:00+00:00
[2024-05-03T18:19:44.524+0000] {processor.py:183} INFO - Processing /home/airflow/.local/lib/python3.11/site-packages/airflow/example_dags/example_nested_branch_dag.py took 1.214 seconds
[2024-05-03T18:20:21.610+0000] {processor.py:161} INFO - Started process (PID=365) to work on /home/airflow/.local/lib/python3.11/site-packages/airflow/example_dags/example_nested_branch_dag.py
[2024-05-03T18:20:21.612+0000] {processor.py:830} INFO - Processing file /home/airflow/.local/lib/python3.11/site-packages/airflow/example_dags/example_nested_branch_dag.py for tasks to queue
[2024-05-03T18:20:21.616+0000] {logging_mixin.py:188} INFO - [2024-05-03T18:20:21.616+0000] {dagbag.py:540} INFO - Filling up the DagBag from /home/airflow/.local/lib/python3.11/site-packages/airflow/example_dags/example_nested_branch_dag.py
[2024-05-03T18:20:21.660+0000] {processor.py:840} INFO - DAG(s) 'example_nested_branch_dag' retrieved from /home/airflow/.local/lib/python3.11/site-packages/airflow/example_dags/example_nested_branch_dag.py
[2024-05-03T18:20:21.722+0000] {logging_mixin.py:188} INFO - [2024-05-03T18:20:21.721+0000] {dag.py:3096} INFO - Sync 1 DAGs
[2024-05-03T18:20:21.785+0000] {logging_mixin.py:188} INFO - [2024-05-03T18:20:21.785+0000] {dag.py:3954} INFO - Setting next_dagrun for example_nested_branch_dag to 2024-05-02 00:00:00+00:00, run_after=2024-05-03 00:00:00+00:00
[2024-05-03T18:20:21.917+0000] {processor.py:183} INFO - Processing /home/airflow/.local/lib/python3.11/site-packages/airflow/example_dags/example_nested_branch_dag.py took 0.318 seconds
[2024-05-03T18:20:50.249+0000] {processor.py:161} INFO - Started process (PID=420) to work on /home/airflow/.local/lib/python3.11/site-packages/airflow/example_dags/example_nested_branch_dag.py
[2024-05-03T18:20:50.264+0000] {processor.py:830} INFO - Processing file /home/airflow/.local/lib/python3.11/site-packages/airflow/example_dags/example_nested_branch_dag.py for tasks to queue
[2024-05-03T18:20:50.309+0000] {logging_mixin.py:188} INFO - [2024-05-03T18:20:50.292+0000] {dagbag.py:540} INFO - Filling up the DagBag from /home/airflow/.local/lib/python3.11/site-packages/airflow/example_dags/example_nested_branch_dag.py
[2024-05-03T18:20:50.410+0000] {processor.py:840} INFO - DAG(s) 'example_nested_branch_dag' retrieved from /home/airflow/.local/lib/python3.11/site-packages/airflow/example_dags/example_nested_branch_dag.py
[2024-05-03T18:20:50.664+0000] {logging_mixin.py:188} INFO - [2024-05-03T18:20:50.663+0000] {dag.py:3096} INFO - Sync 1 DAGs
[2024-05-03T18:20:50.893+0000] {logging_mixin.py:188} INFO - [2024-05-03T18:20:50.892+0000] {dag.py:3954} INFO - Setting next_dagrun for example_nested_branch_dag to 2024-05-02 00:00:00+00:00, run_after=2024-05-03 00:00:00+00:00
[2024-05-03T18:20:51.071+0000] {processor.py:183} INFO - Processing /home/airflow/.local/lib/python3.11/site-packages/airflow/example_dags/example_nested_branch_dag.py took 0.899 seconds
[2024-05-03T18:21:21.180+0000] {processor.py:161} INFO - Started process (PID=477) to work on /home/airflow/.local/lib/python3.11/site-packages/airflow/example_dags/example_nested_branch_dag.py
[2024-05-03T18:21:21.186+0000] {processor.py:830} INFO - Processing file /home/airflow/.local/lib/python3.11/site-packages/airflow/example_dags/example_nested_branch_dag.py for tasks to queue
[2024-05-03T18:21:21.207+0000] {logging_mixin.py:188} INFO - [2024-05-03T18:21:21.206+0000] {dagbag.py:540} INFO - Filling up the DagBag from /home/airflow/.local/lib/python3.11/site-packages/airflow/example_dags/example_nested_branch_dag.py
[2024-05-03T18:21:21.321+0000] {processor.py:840} INFO - DAG(s) 'example_nested_branch_dag' retrieved from /home/airflow/.local/lib/python3.11/site-packages/airflow/example_dags/example_nested_branch_dag.py
[2024-05-03T18:21:21.494+0000] {logging_mixin.py:188} INFO - [2024-05-03T18:21:21.490+0000] {dag.py:3096} INFO - Sync 1 DAGs
[2024-05-03T18:21:21.744+0000] {logging_mixin.py:188} INFO - [2024-05-03T18:21:21.740+0000] {dag.py:3954} INFO - Setting next_dagrun for example_nested_branch_dag to 2024-05-02 00:00:00+00:00, run_after=2024-05-03 00:00:00+00:00
[2024-05-03T18:21:21.907+0000] {processor.py:183} INFO - Processing /home/airflow/.local/lib/python3.11/site-packages/airflow/example_dags/example_nested_branch_dag.py took 0.767 seconds
[2024-05-03T18:21:51.833+0000] {processor.py:161} INFO - Started process (PID=533) to work on /home/airflow/.local/lib/python3.11/site-packages/airflow/example_dags/example_nested_branch_dag.py
[2024-05-03T18:21:51.838+0000] {processor.py:830} INFO - Processing file /home/airflow/.local/lib/python3.11/site-packages/airflow/example_dags/example_nested_branch_dag.py for tasks to queue
[2024-05-03T18:21:51.861+0000] {logging_mixin.py:188} INFO - [2024-05-03T18:21:51.859+0000] {dagbag.py:540} INFO - Filling up the DagBag from /home/airflow/.local/lib/python3.11/site-packages/airflow/example_dags/example_nested_branch_dag.py
[2024-05-03T18:21:51.989+0000] {processor.py:840} INFO - DAG(s) 'example_nested_branch_dag' retrieved from /home/airflow/.local/lib/python3.11/site-packages/airflow/example_dags/example_nested_branch_dag.py
[2024-05-03T18:21:52.295+0000] {logging_mixin.py:188} INFO - [2024-05-03T18:21:52.294+0000] {dag.py:3096} INFO - Sync 1 DAGs
[2024-05-03T18:21:52.560+0000] {logging_mixin.py:188} INFO - [2024-05-03T18:21:52.558+0000] {dag.py:3954} INFO - Setting next_dagrun for example_nested_branch_dag to 2024-05-02 00:00:00+00:00, run_after=2024-05-03 00:00:00+00:00
[2024-05-03T18:21:52.802+0000] {processor.py:183} INFO - Processing /home/airflow/.local/lib/python3.11/site-packages/airflow/example_dags/example_nested_branch_dag.py took 1.019 seconds
[2024-05-03T18:22:25.132+0000] {processor.py:161} INFO - Started process (PID=590) to work on /home/airflow/.local/lib/python3.11/site-packages/airflow/example_dags/example_nested_branch_dag.py
[2024-05-03T18:22:25.162+0000] {processor.py:830} INFO - Processing file /home/airflow/.local/lib/python3.11/site-packages/airflow/example_dags/example_nested_branch_dag.py for tasks to queue
[2024-05-03T18:22:25.194+0000] {logging_mixin.py:188} INFO - [2024-05-03T18:22:25.182+0000] {dagbag.py:540} INFO - Filling up the DagBag from /home/airflow/.local/lib/python3.11/site-packages/airflow/example_dags/example_nested_branch_dag.py
[2024-05-03T18:22:25.300+0000] {processor.py:840} INFO - DAG(s) 'example_nested_branch_dag' retrieved from /home/airflow/.local/lib/python3.11/site-packages/airflow/example_dags/example_nested_branch_dag.py
[2024-05-03T18:22:25.476+0000] {logging_mixin.py:188} INFO - [2024-05-03T18:22:25.475+0000] {dag.py:3096} INFO - Sync 1 DAGs
[2024-05-03T18:22:25.714+0000] {logging_mixin.py:188} INFO - [2024-05-03T18:22:25.712+0000] {dag.py:3954} INFO - Setting next_dagrun for example_nested_branch_dag to 2024-05-02 00:00:00+00:00, run_after=2024-05-03 00:00:00+00:00
[2024-05-03T18:22:25.844+0000] {processor.py:183} INFO - Processing /home/airflow/.local/lib/python3.11/site-packages/airflow/example_dags/example_nested_branch_dag.py took 0.769 seconds
[2024-05-03T18:22:53.527+0000] {processor.py:161} INFO - Started process (PID=645) to work on /home/airflow/.local/lib/python3.11/site-packages/airflow/example_dags/example_nested_branch_dag.py
[2024-05-03T18:22:53.534+0000] {processor.py:830} INFO - Processing file /home/airflow/.local/lib/python3.11/site-packages/airflow/example_dags/example_nested_branch_dag.py for tasks to queue
[2024-05-03T18:22:53.544+0000] {logging_mixin.py:188} INFO - [2024-05-03T18:22:53.542+0000] {dagbag.py:540} INFO - Filling up the DagBag from /home/airflow/.local/lib/python3.11/site-packages/airflow/example_dags/example_nested_branch_dag.py
[2024-05-03T18:22:53.612+0000] {processor.py:840} INFO - DAG(s) 'example_nested_branch_dag' retrieved from /home/airflow/.local/lib/python3.11/site-packages/airflow/example_dags/example_nested_branch_dag.py
[2024-05-03T18:22:53.729+0000] {logging_mixin.py:188} INFO - [2024-05-03T18:22:53.728+0000] {dag.py:3096} INFO - Sync 1 DAGs
[2024-05-03T18:22:53.870+0000] {logging_mixin.py:188} INFO - [2024-05-03T18:22:53.870+0000] {dag.py:3954} INFO - Setting next_dagrun for example_nested_branch_dag to 2024-05-02 00:00:00+00:00, run_after=2024-05-03 00:00:00+00:00
[2024-05-03T18:22:54.302+0000] {processor.py:183} INFO - Processing /home/airflow/.local/lib/python3.11/site-packages/airflow/example_dags/example_nested_branch_dag.py took 0.796 seconds
[2024-05-03T18:23:12.486+0000] {processor.py:161} INFO - Started process (PID=696) to work on /home/airflow/.local/lib/python3.11/site-packages/airflow/example_dags/example_nested_branch_dag.py
[2024-05-03T18:23:12.493+0000] {processor.py:830} INFO - Processing file /home/airflow/.local/lib/python3.11/site-packages/airflow/example_dags/example_nested_branch_dag.py for tasks to queue
[2024-05-03T18:23:12.498+0000] {logging_mixin.py:188} INFO - [2024-05-03T18:23:12.497+0000] {dagbag.py:540} INFO - Filling up the DagBag from /home/airflow/.local/lib/python3.11/site-packages/airflow/example_dags/example_nested_branch_dag.py
[2024-05-03T18:23:12.555+0000] {processor.py:840} INFO - DAG(s) 'example_nested_branch_dag' retrieved from /home/airflow/.local/lib/python3.11/site-packages/airflow/example_dags/example_nested_branch_dag.py
[2024-05-03T18:23:12.607+0000] {logging_mixin.py:188} INFO - [2024-05-03T18:23:12.607+0000] {dag.py:3096} INFO - Sync 1 DAGs
[2024-05-03T18:23:12.655+0000] {logging_mixin.py:188} INFO - [2024-05-03T18:23:12.655+0000] {dag.py:3954} INFO - Setting next_dagrun for example_nested_branch_dag to 2024-05-02 00:00:00+00:00, run_after=2024-05-03 00:00:00+00:00
[2024-05-03T18:23:12.731+0000] {processor.py:183} INFO - Processing /home/airflow/.local/lib/python3.11/site-packages/airflow/example_dags/example_nested_branch_dag.py took 0.264 seconds
[2024-05-03T18:23:29.921+0000] {processor.py:161} INFO - Started process (PID=752) to work on /home/airflow/.local/lib/python3.11/site-packages/airflow/example_dags/example_nested_branch_dag.py
[2024-05-03T18:23:29.923+0000] {processor.py:830} INFO - Processing file /home/airflow/.local/lib/python3.11/site-packages/airflow/example_dags/example_nested_branch_dag.py for tasks to queue
[2024-05-03T18:23:29.927+0000] {logging_mixin.py:188} INFO - [2024-05-03T18:23:29.926+0000] {dagbag.py:540} INFO - Filling up the DagBag from /home/airflow/.local/lib/python3.11/site-packages/airflow/example_dags/example_nested_branch_dag.py
[2024-05-03T18:23:29.944+0000] {processor.py:840} INFO - DAG(s) 'example_nested_branch_dag' retrieved from /home/airflow/.local/lib/python3.11/site-packages/airflow/example_dags/example_nested_branch_dag.py
[2024-05-03T18:23:29.991+0000] {logging_mixin.py:188} INFO - [2024-05-03T18:23:29.991+0000] {dag.py:3096} INFO - Sync 1 DAGs
[2024-05-03T18:23:30.031+0000] {logging_mixin.py:188} INFO - [2024-05-03T18:23:30.030+0000] {dag.py:3954} INFO - Setting next_dagrun for example_nested_branch_dag to 2024-05-02 00:00:00+00:00, run_after=2024-05-03 00:00:00+00:00
[2024-05-03T18:23:30.164+0000] {processor.py:183} INFO - Processing /home/airflow/.local/lib/python3.11/site-packages/airflow/example_dags/example_nested_branch_dag.py took 0.254 seconds
[2024-05-03T18:23:42.592+0000] {processor.py:161} INFO - Started process (PID=803) to work on /home/airflow/.local/lib/python3.11/site-packages/airflow/example_dags/example_nested_branch_dag.py
[2024-05-03T18:23:42.596+0000] {processor.py:830} INFO - Processing file /home/airflow/.local/lib/python3.11/site-packages/airflow/example_dags/example_nested_branch_dag.py for tasks to queue
[2024-05-03T18:23:42.605+0000] {logging_mixin.py:188} INFO - [2024-05-03T18:23:42.604+0000] {dagbag.py:540} INFO - Filling up the DagBag from /home/airflow/.local/lib/python3.11/site-packages/airflow/example_dags/example_nested_branch_dag.py
[2024-05-03T18:23:42.676+0000] {processor.py:840} INFO - DAG(s) 'example_nested_branch_dag' retrieved from /home/airflow/.local/lib/python3.11/site-packages/airflow/example_dags/example_nested_branch_dag.py
[2024-05-03T18:23:42.754+0000] {logging_mixin.py:188} INFO - [2024-05-03T18:23:42.753+0000] {dag.py:3096} INFO - Sync 1 DAGs
[2024-05-03T18:23:42.819+0000] {logging_mixin.py:188} INFO - [2024-05-03T18:23:42.818+0000] {dag.py:3954} INFO - Setting next_dagrun for example_nested_branch_dag to 2024-05-02 00:00:00+00:00, run_after=2024-05-03 00:00:00+00:00
[2024-05-03T18:23:43.224+0000] {processor.py:183} INFO - Processing /home/airflow/.local/lib/python3.11/site-packages/airflow/example_dags/example_nested_branch_dag.py took 0.668 seconds
[2024-05-03T18:23:56.071+0000] {processor.py:161} INFO - Started process (PID=860) to work on /home/airflow/.local/lib/python3.11/site-packages/airflow/example_dags/example_nested_branch_dag.py
[2024-05-03T18:23:56.074+0000] {processor.py:830} INFO - Processing file /home/airflow/.local/lib/python3.11/site-packages/airflow/example_dags/example_nested_branch_dag.py for tasks to queue
[2024-05-03T18:23:56.081+0000] {logging_mixin.py:188} INFO - [2024-05-03T18:23:56.080+0000] {dagbag.py:540} INFO - Filling up the DagBag from /home/airflow/.local/lib/python3.11/site-packages/airflow/example_dags/example_nested_branch_dag.py
[2024-05-03T18:23:56.123+0000] {processor.py:840} INFO - DAG(s) 'example_nested_branch_dag' retrieved from /home/airflow/.local/lib/python3.11/site-packages/airflow/example_dags/example_nested_branch_dag.py
[2024-05-03T18:23:56.180+0000] {logging_mixin.py:188} INFO - [2024-05-03T18:23:56.179+0000] {dag.py:3096} INFO - Sync 1 DAGs
[2024-05-03T18:23:56.243+0000] {logging_mixin.py:188} INFO - [2024-05-03T18:23:56.242+0000] {dag.py:3954} INFO - Setting next_dagrun for example_nested_branch_dag to 2024-05-02 00:00:00+00:00, run_after=2024-05-03 00:00:00+00:00
[2024-05-03T18:23:56.973+0000] {processor.py:183} INFO - Processing /home/airflow/.local/lib/python3.11/site-packages/airflow/example_dags/example_nested_branch_dag.py took 0.922 seconds
[2024-05-03T18:24:17.788+0000] {processor.py:161} INFO - Started process (PID=912) to work on /home/airflow/.local/lib/python3.11/site-packages/airflow/example_dags/example_nested_branch_dag.py
[2024-05-03T18:24:17.843+0000] {processor.py:830} INFO - Processing file /home/airflow/.local/lib/python3.11/site-packages/airflow/example_dags/example_nested_branch_dag.py for tasks to queue
[2024-05-03T18:24:17.849+0000] {logging_mixin.py:188} INFO - [2024-05-03T18:24:17.848+0000] {dagbag.py:540} INFO - Filling up the DagBag from /home/airflow/.local/lib/python3.11/site-packages/airflow/example_dags/example_nested_branch_dag.py
[2024-05-03T18:24:17.878+0000] {processor.py:840} INFO - DAG(s) 'example_nested_branch_dag' retrieved from /home/airflow/.local/lib/python3.11/site-packages/airflow/example_dags/example_nested_branch_dag.py
[2024-05-03T18:24:17.955+0000] {logging_mixin.py:188} INFO - [2024-05-03T18:24:17.954+0000] {dag.py:3096} INFO - Sync 1 DAGs
[2024-05-03T18:24:18.127+0000] {logging_mixin.py:188} INFO - [2024-05-03T18:24:18.125+0000] {dag.py:3954} INFO - Setting next_dagrun for example_nested_branch_dag to 2024-05-02 00:00:00+00:00, run_after=2024-05-03 00:00:00+00:00
[2024-05-03T18:24:18.259+0000] {processor.py:183} INFO - Processing /home/airflow/.local/lib/python3.11/site-packages/airflow/example_dags/example_nested_branch_dag.py took 0.496 seconds
[2024-05-03T18:24:35.905+0000] {processor.py:161} INFO - Started process (PID=968) to work on /home/airflow/.local/lib/python3.11/site-packages/airflow/example_dags/example_nested_branch_dag.py
[2024-05-03T18:24:35.907+0000] {processor.py:830} INFO - Processing file /home/airflow/.local/lib/python3.11/site-packages/airflow/example_dags/example_nested_branch_dag.py for tasks to queue
[2024-05-03T18:24:35.912+0000] {logging_mixin.py:188} INFO - [2024-05-03T18:24:35.911+0000] {dagbag.py:540} INFO - Filling up the DagBag from /home/airflow/.local/lib/python3.11/site-packages/airflow/example_dags/example_nested_branch_dag.py
[2024-05-03T18:24:35.967+0000] {processor.py:840} INFO - DAG(s) 'example_nested_branch_dag' retrieved from /home/airflow/.local/lib/python3.11/site-packages/airflow/example_dags/example_nested_branch_dag.py
[2024-05-03T18:24:36.098+0000] {logging_mixin.py:188} INFO - [2024-05-03T18:24:36.096+0000] {dag.py:3096} INFO - Sync 1 DAGs
[2024-05-03T18:24:36.215+0000] {logging_mixin.py:188} INFO - [2024-05-03T18:24:36.214+0000] {dag.py:3954} INFO - Setting next_dagrun for example_nested_branch_dag to 2024-05-02 00:00:00+00:00, run_after=2024-05-03 00:00:00+00:00
[2024-05-03T18:24:36.337+0000] {processor.py:183} INFO - Processing /home/airflow/.local/lib/python3.11/site-packages/airflow/example_dags/example_nested_branch_dag.py took 0.447 seconds
[2024-05-03T18:24:57.159+0000] {processor.py:161} INFO - Started process (PID=1026) to work on /home/airflow/.local/lib/python3.11/site-packages/airflow/example_dags/example_nested_branch_dag.py
[2024-05-03T18:24:57.187+0000] {processor.py:830} INFO - Processing file /home/airflow/.local/lib/python3.11/site-packages/airflow/example_dags/example_nested_branch_dag.py for tasks to queue
[2024-05-03T18:24:57.219+0000] {logging_mixin.py:188} INFO - [2024-05-03T18:24:57.209+0000] {dagbag.py:540} INFO - Filling up the DagBag from /home/airflow/.local/lib/python3.11/site-packages/airflow/example_dags/example_nested_branch_dag.py
[2024-05-03T18:24:57.428+0000] {processor.py:840} INFO - DAG(s) 'example_nested_branch_dag' retrieved from /home/airflow/.local/lib/python3.11/site-packages/airflow/example_dags/example_nested_branch_dag.py
[2024-05-03T18:24:57.699+0000] {logging_mixin.py:188} INFO - [2024-05-03T18:24:57.698+0000] {dag.py:3096} INFO - Sync 1 DAGs
[2024-05-03T18:24:58.008+0000] {logging_mixin.py:188} INFO - [2024-05-03T18:24:58.007+0000] {dag.py:3954} INFO - Setting next_dagrun for example_nested_branch_dag to 2024-05-02 00:00:00+00:00, run_after=2024-05-03 00:00:00+00:00
[2024-05-03T18:24:58.289+0000] {processor.py:183} INFO - Processing /home/airflow/.local/lib/python3.11/site-packages/airflow/example_dags/example_nested_branch_dag.py took 1.217 seconds
[2024-05-03T18:25:40.647+0000] {processor.py:161} INFO - Started process (PID=1081) to work on /home/airflow/.local/lib/python3.11/site-packages/airflow/example_dags/example_nested_branch_dag.py
[2024-05-03T18:25:40.673+0000] {processor.py:830} INFO - Processing file /home/airflow/.local/lib/python3.11/site-packages/airflow/example_dags/example_nested_branch_dag.py for tasks to queue
[2024-05-03T18:25:40.690+0000] {logging_mixin.py:188} INFO - [2024-05-03T18:25:40.689+0000] {dagbag.py:540} INFO - Filling up the DagBag from /home/airflow/.local/lib/python3.11/site-packages/airflow/example_dags/example_nested_branch_dag.py
[2024-05-03T18:25:40.817+0000] {processor.py:840} INFO - DAG(s) 'example_nested_branch_dag' retrieved from /home/airflow/.local/lib/python3.11/site-packages/airflow/example_dags/example_nested_branch_dag.py
[2024-05-03T18:25:41.096+0000] {logging_mixin.py:188} INFO - [2024-05-03T18:25:41.095+0000] {dag.py:3096} INFO - Sync 1 DAGs
[2024-05-03T18:25:41.397+0000] {logging_mixin.py:188} INFO - [2024-05-03T18:25:41.388+0000] {dag.py:3954} INFO - Setting next_dagrun for example_nested_branch_dag to 2024-05-02 00:00:00+00:00, run_after=2024-05-03 00:00:00+00:00
[2024-05-03T18:25:41.569+0000] {processor.py:183} INFO - Processing /home/airflow/.local/lib/python3.11/site-packages/airflow/example_dags/example_nested_branch_dag.py took 0.987 seconds
[2024-05-03T18:26:39.432+0000] {processor.py:161} INFO - Started process (PID=1144) to work on /home/airflow/.local/lib/python3.11/site-packages/airflow/example_dags/example_nested_branch_dag.py
[2024-05-03T18:26:39.761+0000] {processor.py:830} INFO - Processing file /home/airflow/.local/lib/python3.11/site-packages/airflow/example_dags/example_nested_branch_dag.py for tasks to queue
[2024-05-03T18:26:40.225+0000] {logging_mixin.py:188} INFO - [2024-05-03T18:26:40.223+0000] {dagbag.py:540} INFO - Filling up the DagBag from /home/airflow/.local/lib/python3.11/site-packages/airflow/example_dags/example_nested_branch_dag.py
[2024-05-03T18:26:40.593+0000] {processor.py:840} INFO - DAG(s) 'example_nested_branch_dag' retrieved from /home/airflow/.local/lib/python3.11/site-packages/airflow/example_dags/example_nested_branch_dag.py
[2024-05-03T18:26:41.504+0000] {logging_mixin.py:188} INFO - [2024-05-03T18:26:41.503+0000] {dag.py:3096} INFO - Sync 1 DAGs
[2024-05-03T18:26:41.885+0000] {logging_mixin.py:188} INFO - [2024-05-03T18:26:41.884+0000] {dag.py:3954} INFO - Setting next_dagrun for example_nested_branch_dag to 2024-05-02 00:00:00+00:00, run_after=2024-05-03 00:00:00+00:00
[2024-05-03T18:26:42.252+0000] {processor.py:183} INFO - Processing /home/airflow/.local/lib/python3.11/site-packages/airflow/example_dags/example_nested_branch_dag.py took 3.385 seconds
[2024-05-03T18:27:47.451+0000] {processor.py:161} INFO - Started process (PID=1205) to work on /home/airflow/.local/lib/python3.11/site-packages/airflow/example_dags/example_nested_branch_dag.py
[2024-05-03T18:27:47.519+0000] {processor.py:830} INFO - Processing file /home/airflow/.local/lib/python3.11/site-packages/airflow/example_dags/example_nested_branch_dag.py for tasks to queue
[2024-05-03T18:27:47.621+0000] {logging_mixin.py:188} INFO - [2024-05-03T18:27:47.602+0000] {dagbag.py:540} INFO - Filling up the DagBag from /home/airflow/.local/lib/python3.11/site-packages/airflow/example_dags/example_nested_branch_dag.py
[2024-05-03T18:27:47.775+0000] {processor.py:840} INFO - DAG(s) 'example_nested_branch_dag' retrieved from /home/airflow/.local/lib/python3.11/site-packages/airflow/example_dags/example_nested_branch_dag.py
[2024-05-03T18:27:48.524+0000] {logging_mixin.py:188} INFO - [2024-05-03T18:27:48.515+0000] {dag.py:3096} INFO - Sync 1 DAGs
[2024-05-03T18:27:49.022+0000] {logging_mixin.py:188} INFO - [2024-05-03T18:27:49.021+0000] {dag.py:3954} INFO - Setting next_dagrun for example_nested_branch_dag to 2024-05-02 00:00:00+00:00, run_after=2024-05-03 00:00:00+00:00
[2024-05-03T18:27:49.508+0000] {processor.py:183} INFO - Processing /home/airflow/.local/lib/python3.11/site-packages/airflow/example_dags/example_nested_branch_dag.py took 2.210 seconds
[2024-05-03T18:28:43.436+0000] {processor.py:161} INFO - Started process (PID=1267) to work on /home/airflow/.local/lib/python3.11/site-packages/airflow/example_dags/example_nested_branch_dag.py
[2024-05-03T18:28:43.549+0000] {processor.py:830} INFO - Processing file /home/airflow/.local/lib/python3.11/site-packages/airflow/example_dags/example_nested_branch_dag.py for tasks to queue
[2024-05-03T18:28:43.585+0000] {logging_mixin.py:188} INFO - [2024-05-03T18:28:43.584+0000] {dagbag.py:540} INFO - Filling up the DagBag from /home/airflow/.local/lib/python3.11/site-packages/airflow/example_dags/example_nested_branch_dag.py
[2024-05-03T18:28:43.755+0000] {processor.py:840} INFO - DAG(s) 'example_nested_branch_dag' retrieved from /home/airflow/.local/lib/python3.11/site-packages/airflow/example_dags/example_nested_branch_dag.py
[2024-05-03T18:28:44.092+0000] {logging_mixin.py:188} INFO - [2024-05-03T18:28:44.090+0000] {dag.py:3096} INFO - Sync 1 DAGs
[2024-05-03T18:28:44.337+0000] {logging_mixin.py:188} INFO - [2024-05-03T18:28:44.336+0000] {dag.py:3954} INFO - Setting next_dagrun for example_nested_branch_dag to 2024-05-02 00:00:00+00:00, run_after=2024-05-03 00:00:00+00:00
[2024-05-03T18:28:44.480+0000] {processor.py:183} INFO - Processing /home/airflow/.local/lib/python3.11/site-packages/airflow/example_dags/example_nested_branch_dag.py took 1.689 seconds
