[2024-05-03T18:16:25.377+0000] {processor.py:161} INFO - Started process (PID=58) to work on /home/airflow/.local/lib/python3.11/site-packages/airflow/example_dags/example_datasets.py
[2024-05-03T18:16:25.405+0000] {processor.py:830} INFO - Processing file /home/airflow/.local/lib/python3.11/site-packages/airflow/example_dags/example_datasets.py for tasks to queue
[2024-05-03T18:16:25.512+0000] {logging_mixin.py:188} INFO - [2024-05-03T18:16:25.506+0000] {dagbag.py:540} INFO - Filling up the DagBag from /home/airflow/.local/lib/python3.11/site-packages/airflow/example_dags/example_datasets.py
[2024-05-03T18:16:25.917+0000] {processor.py:840} INFO - DAG(s) 'consume_1_and_2_with_dataset_expressions', 'dataset_consumes_1_and_2', 'dataset_produces_1', 'dataset_consumes_1', 'conditional_dataset_and_time_based_timetable', 'consume_1_or_both_2_and_3_with_dataset_expressions', 'dataset_consumes_unknown_never_scheduled', 'dataset_consumes_1_never_scheduled', 'consume_1_or_2_with_dataset_expressions', 'dataset_produces_2' retrieved from /home/airflow/.local/lib/python3.11/site-packages/airflow/example_dags/example_datasets.py
[2024-05-03T18:16:26.903+0000] {logging_mixin.py:188} INFO - [2024-05-03T18:16:26.901+0000] {override.py:1829} INFO - Created Permission View: can edit on DAG:consume_1_and_2_with_dataset_expressions
[2024-05-03T18:16:27.001+0000] {logging_mixin.py:188} INFO - [2024-05-03T18:16:26.997+0000] {override.py:1829} INFO - Created Permission View: can read on DAG:consume_1_and_2_with_dataset_expressions
[2024-05-03T18:16:27.082+0000] {logging_mixin.py:188} INFO - [2024-05-03T18:16:27.081+0000] {override.py:1829} INFO - Created Permission View: can delete on DAG:consume_1_and_2_with_dataset_expressions
[2024-05-03T18:16:27.266+0000] {logging_mixin.py:188} INFO - [2024-05-03T18:16:27.264+0000] {override.py:1829} INFO - Created Permission View: can edit on DAG:dataset_consumes_1_and_2
[2024-05-03T18:16:27.330+0000] {logging_mixin.py:188} INFO - [2024-05-03T18:16:27.325+0000] {override.py:1829} INFO - Created Permission View: can read on DAG:dataset_consumes_1_and_2
[2024-05-03T18:16:27.441+0000] {logging_mixin.py:188} INFO - [2024-05-03T18:16:27.434+0000] {override.py:1829} INFO - Created Permission View: can delete on DAG:dataset_consumes_1_and_2
[2024-05-03T18:16:27.595+0000] {logging_mixin.py:188} INFO - [2024-05-03T18:16:27.593+0000] {override.py:1829} INFO - Created Permission View: can edit on DAG:dataset_produces_1
[2024-05-03T18:16:27.682+0000] {logging_mixin.py:188} INFO - [2024-05-03T18:16:27.680+0000] {override.py:1829} INFO - Created Permission View: can read on DAG:dataset_produces_1
[2024-05-03T18:16:27.760+0000] {logging_mixin.py:188} INFO - [2024-05-03T18:16:27.759+0000] {override.py:1829} INFO - Created Permission View: can delete on DAG:dataset_produces_1
[2024-05-03T18:16:27.923+0000] {logging_mixin.py:188} INFO - [2024-05-03T18:16:27.922+0000] {override.py:1829} INFO - Created Permission View: can edit on DAG:dataset_consumes_1
[2024-05-03T18:16:28.000+0000] {logging_mixin.py:188} INFO - [2024-05-03T18:16:27.998+0000] {override.py:1829} INFO - Created Permission View: can read on DAG:dataset_consumes_1
[2024-05-03T18:16:28.140+0000] {logging_mixin.py:188} INFO - [2024-05-03T18:16:28.139+0000] {override.py:1829} INFO - Created Permission View: can delete on DAG:dataset_consumes_1
[2024-05-03T18:16:28.308+0000] {logging_mixin.py:188} INFO - [2024-05-03T18:16:28.304+0000] {override.py:1829} INFO - Created Permission View: can edit on DAG:conditional_dataset_and_time_based_timetable
[2024-05-03T18:16:28.486+0000] {logging_mixin.py:188} INFO - [2024-05-03T18:16:28.484+0000] {override.py:1829} INFO - Created Permission View: can read on DAG:conditional_dataset_and_time_based_timetable
[2024-05-03T18:16:28.555+0000] {logging_mixin.py:188} INFO - [2024-05-03T18:16:28.554+0000] {override.py:1829} INFO - Created Permission View: can delete on DAG:conditional_dataset_and_time_based_timetable
[2024-05-03T18:16:28.706+0000] {logging_mixin.py:188} INFO - [2024-05-03T18:16:28.704+0000] {override.py:1829} INFO - Created Permission View: can edit on DAG:consume_1_or_both_2_and_3_with_dataset_expressions
[2024-05-03T18:16:28.827+0000] {logging_mixin.py:188} INFO - [2024-05-03T18:16:28.817+0000] {override.py:1829} INFO - Created Permission View: can read on DAG:consume_1_or_both_2_and_3_with_dataset_expressions
[2024-05-03T18:16:28.900+0000] {logging_mixin.py:188} INFO - [2024-05-03T18:16:28.890+0000] {override.py:1829} INFO - Created Permission View: can delete on DAG:consume_1_or_both_2_and_3_with_dataset_expressions
[2024-05-03T18:16:29.074+0000] {logging_mixin.py:188} INFO - [2024-05-03T18:16:29.073+0000] {override.py:1829} INFO - Created Permission View: can edit on DAG:dataset_consumes_unknown_never_scheduled
[2024-05-03T18:16:29.142+0000] {logging_mixin.py:188} INFO - [2024-05-03T18:16:29.141+0000] {override.py:1829} INFO - Created Permission View: can read on DAG:dataset_consumes_unknown_never_scheduled
[2024-05-03T18:16:29.204+0000] {logging_mixin.py:188} INFO - [2024-05-03T18:16:29.203+0000] {override.py:1829} INFO - Created Permission View: can delete on DAG:dataset_consumes_unknown_never_scheduled
[2024-05-03T18:16:29.365+0000] {logging_mixin.py:188} INFO - [2024-05-03T18:16:29.364+0000] {override.py:1829} INFO - Created Permission View: can edit on DAG:dataset_consumes_1_never_scheduled
[2024-05-03T18:16:29.535+0000] {logging_mixin.py:188} INFO - [2024-05-03T18:16:29.525+0000] {override.py:1829} INFO - Created Permission View: can read on DAG:dataset_consumes_1_never_scheduled
[2024-05-03T18:16:29.683+0000] {logging_mixin.py:188} INFO - [2024-05-03T18:16:29.682+0000] {override.py:1829} INFO - Created Permission View: can delete on DAG:dataset_consumes_1_never_scheduled
[2024-05-03T18:16:29.959+0000] {logging_mixin.py:188} INFO - [2024-05-03T18:16:29.958+0000] {override.py:1829} INFO - Created Permission View: can edit on DAG:consume_1_or_2_with_dataset_expressions
[2024-05-03T18:16:30.052+0000] {logging_mixin.py:188} INFO - [2024-05-03T18:16:30.051+0000] {override.py:1829} INFO - Created Permission View: can read on DAG:consume_1_or_2_with_dataset_expressions
[2024-05-03T18:16:30.133+0000] {logging_mixin.py:188} INFO - [2024-05-03T18:16:30.132+0000] {override.py:1829} INFO - Created Permission View: can delete on DAG:consume_1_or_2_with_dataset_expressions
[2024-05-03T18:16:30.284+0000] {logging_mixin.py:188} INFO - [2024-05-03T18:16:30.282+0000] {override.py:1829} INFO - Created Permission View: can edit on DAG:dataset_produces_2
[2024-05-03T18:16:30.361+0000] {logging_mixin.py:188} INFO - [2024-05-03T18:16:30.359+0000] {override.py:1829} INFO - Created Permission View: can read on DAG:dataset_produces_2
[2024-05-03T18:16:30.509+0000] {logging_mixin.py:188} INFO - [2024-05-03T18:16:30.508+0000] {override.py:1829} INFO - Created Permission View: can delete on DAG:dataset_produces_2
[2024-05-03T18:16:30.519+0000] {logging_mixin.py:188} INFO - [2024-05-03T18:16:30.518+0000] {dag.py:3096} INFO - Sync 10 DAGs
[2024-05-03T18:16:30.778+0000] {logging_mixin.py:188} INFO - [2024-05-03T18:16:30.763+0000] {dag.py:3118} INFO - Creating ORM DAG for dataset_consumes_1
[2024-05-03T18:16:30.794+0000] {logging_mixin.py:188} INFO - [2024-05-03T18:16:30.794+0000] {dag.py:3118} INFO - Creating ORM DAG for dataset_consumes_1_and_2
[2024-05-03T18:16:30.801+0000] {logging_mixin.py:188} INFO - [2024-05-03T18:16:30.801+0000] {dag.py:3118} INFO - Creating ORM DAG for consume_1_or_both_2_and_3_with_dataset_expressions
[2024-05-03T18:16:30.814+0000] {logging_mixin.py:188} INFO - [2024-05-03T18:16:30.814+0000] {dag.py:3118} INFO - Creating ORM DAG for consume_1_and_2_with_dataset_expressions
[2024-05-03T18:16:30.828+0000] {logging_mixin.py:188} INFO - [2024-05-03T18:16:30.819+0000] {dag.py:3118} INFO - Creating ORM DAG for dataset_consumes_1_never_scheduled
[2024-05-03T18:16:30.833+0000] {logging_mixin.py:188} INFO - [2024-05-03T18:16:30.832+0000] {dag.py:3118} INFO - Creating ORM DAG for dataset_produces_1
[2024-05-03T18:16:30.845+0000] {logging_mixin.py:188} INFO - [2024-05-03T18:16:30.844+0000] {dag.py:3118} INFO - Creating ORM DAG for dataset_consumes_unknown_never_scheduled
[2024-05-03T18:16:30.859+0000] {logging_mixin.py:188} INFO - [2024-05-03T18:16:30.850+0000] {dag.py:3118} INFO - Creating ORM DAG for consume_1_or_2_with_dataset_expressions
[2024-05-03T18:16:30.866+0000] {logging_mixin.py:188} INFO - [2024-05-03T18:16:30.865+0000] {dag.py:3118} INFO - Creating ORM DAG for dataset_produces_2
[2024-05-03T18:16:30.881+0000] {logging_mixin.py:188} INFO - [2024-05-03T18:16:30.880+0000] {dag.py:3118} INFO - Creating ORM DAG for conditional_dataset_and_time_based_timetable
[2024-05-03T18:16:30.998+0000] {logging_mixin.py:188} INFO - [2024-05-03T18:16:30.997+0000] {dag.py:3954} INFO - Setting next_dagrun for conditional_dataset_and_time_based_timetable to 2024-05-01 01:00:00+00:00, run_after=2024-05-01 01:00:00+00:00
[2024-05-03T18:16:31.005+0000] {logging_mixin.py:188} INFO - [2024-05-03T18:16:31.004+0000] {dag.py:3954} INFO - Setting next_dagrun for consume_1_and_2_with_dataset_expressions to None, run_after=None
[2024-05-03T18:16:31.012+0000] {logging_mixin.py:188} INFO - [2024-05-03T18:16:31.008+0000] {dag.py:3954} INFO - Setting next_dagrun for consume_1_or_2_with_dataset_expressions to None, run_after=None
[2024-05-03T18:16:31.016+0000] {logging_mixin.py:188} INFO - [2024-05-03T18:16:31.015+0000] {dag.py:3954} INFO - Setting next_dagrun for consume_1_or_both_2_and_3_with_dataset_expressions to None, run_after=None
[2024-05-03T18:16:31.020+0000] {logging_mixin.py:188} INFO - [2024-05-03T18:16:31.019+0000] {dag.py:3954} INFO - Setting next_dagrun for dataset_consumes_1 to None, run_after=None
[2024-05-03T18:16:31.026+0000] {logging_mixin.py:188} INFO - [2024-05-03T18:16:31.025+0000] {dag.py:3954} INFO - Setting next_dagrun for dataset_consumes_1_and_2 to None, run_after=None
[2024-05-03T18:16:31.066+0000] {logging_mixin.py:188} INFO - [2024-05-03T18:16:31.052+0000] {dag.py:3954} INFO - Setting next_dagrun for dataset_consumes_1_never_scheduled to None, run_after=None
[2024-05-03T18:16:31.071+0000] {logging_mixin.py:188} INFO - [2024-05-03T18:16:31.070+0000] {dag.py:3954} INFO - Setting next_dagrun for dataset_consumes_unknown_never_scheduled to None, run_after=None
[2024-05-03T18:16:31.096+0000] {logging_mixin.py:188} INFO - [2024-05-03T18:16:31.094+0000] {dag.py:3954} INFO - Setting next_dagrun for dataset_produces_1 to 2024-05-02 00:00:00+00:00, run_after=2024-05-03 00:00:00+00:00
[2024-05-03T18:16:31.102+0000] {logging_mixin.py:188} INFO - [2024-05-03T18:16:31.101+0000] {dag.py:3954} INFO - Setting next_dagrun for dataset_produces_2 to None, run_after=None
[2024-05-03T18:16:31.878+0000] {processor.py:183} INFO - Processing /home/airflow/.local/lib/python3.11/site-packages/airflow/example_dags/example_datasets.py took 6.605 seconds
[2024-05-03T18:17:36.374+0000] {processor.py:161} INFO - Started process (PID=123) to work on /home/airflow/.local/lib/python3.11/site-packages/airflow/example_dags/example_datasets.py
[2024-05-03T18:17:36.388+0000] {processor.py:830} INFO - Processing file /home/airflow/.local/lib/python3.11/site-packages/airflow/example_dags/example_datasets.py for tasks to queue
[2024-05-03T18:17:36.419+0000] {logging_mixin.py:188} INFO - [2024-05-03T18:17:36.405+0000] {dagbag.py:540} INFO - Filling up the DagBag from /home/airflow/.local/lib/python3.11/site-packages/airflow/example_dags/example_datasets.py
[2024-05-03T18:17:36.587+0000] {processor.py:840} INFO - DAG(s) 'conditional_dataset_and_time_based_timetable', 'dataset_produces_2', 'consume_1_and_2_with_dataset_expressions', 'dataset_consumes_unknown_never_scheduled', 'dataset_produces_1', 'dataset_consumes_1_and_2', 'consume_1_or_both_2_and_3_with_dataset_expressions', 'dataset_consumes_1_never_scheduled', 'consume_1_or_2_with_dataset_expressions', 'dataset_consumes_1' retrieved from /home/airflow/.local/lib/python3.11/site-packages/airflow/example_dags/example_datasets.py
[2024-05-03T18:17:37.174+0000] {logging_mixin.py:188} INFO - [2024-05-03T18:17:37.174+0000] {dag.py:3096} INFO - Sync 10 DAGs
[2024-05-03T18:17:37.446+0000] {logging_mixin.py:188} INFO - [2024-05-03T18:17:37.445+0000] {dag.py:3954} INFO - Setting next_dagrun for conditional_dataset_and_time_based_timetable to 2024-05-01 01:00:00+00:00, run_after=2024-05-01 01:00:00+00:00
[2024-05-03T18:17:37.516+0000] {logging_mixin.py:188} INFO - [2024-05-03T18:17:37.515+0000] {dag.py:3954} INFO - Setting next_dagrun for consume_1_and_2_with_dataset_expressions to None, run_after=None
[2024-05-03T18:17:37.545+0000] {logging_mixin.py:188} INFO - [2024-05-03T18:17:37.533+0000] {dag.py:3954} INFO - Setting next_dagrun for consume_1_or_2_with_dataset_expressions to None, run_after=None
[2024-05-03T18:17:37.562+0000] {logging_mixin.py:188} INFO - [2024-05-03T18:17:37.562+0000] {dag.py:3954} INFO - Setting next_dagrun for consume_1_or_both_2_and_3_with_dataset_expressions to None, run_after=None
[2024-05-03T18:17:37.578+0000] {logging_mixin.py:188} INFO - [2024-05-03T18:17:37.577+0000] {dag.py:3954} INFO - Setting next_dagrun for dataset_consumes_1 to None, run_after=None
[2024-05-03T18:17:37.619+0000] {logging_mixin.py:188} INFO - [2024-05-03T18:17:37.613+0000] {dag.py:3954} INFO - Setting next_dagrun for dataset_consumes_1_and_2 to None, run_after=None
[2024-05-03T18:17:37.637+0000] {logging_mixin.py:188} INFO - [2024-05-03T18:17:37.636+0000] {dag.py:3954} INFO - Setting next_dagrun for dataset_consumes_1_never_scheduled to None, run_after=None
[2024-05-03T18:17:37.652+0000] {logging_mixin.py:188} INFO - [2024-05-03T18:17:37.651+0000] {dag.py:3954} INFO - Setting next_dagrun for dataset_consumes_unknown_never_scheduled to None, run_after=None
[2024-05-03T18:17:37.680+0000] {logging_mixin.py:188} INFO - [2024-05-03T18:17:37.679+0000] {dag.py:3954} INFO - Setting next_dagrun for dataset_produces_1 to 2024-05-02 00:00:00+00:00, run_after=2024-05-03 00:00:00+00:00
[2024-05-03T18:17:37.698+0000] {logging_mixin.py:188} INFO - [2024-05-03T18:17:37.698+0000] {dag.py:3954} INFO - Setting next_dagrun for dataset_produces_2 to None, run_after=None
[2024-05-03T18:17:38.231+0000] {processor.py:183} INFO - Processing /home/airflow/.local/lib/python3.11/site-packages/airflow/example_dags/example_datasets.py took 1.942 seconds
[2024-05-03T18:18:13.084+0000] {processor.py:161} INFO - Started process (PID=186) to work on /home/airflow/.local/lib/python3.11/site-packages/airflow/example_dags/example_datasets.py
[2024-05-03T18:18:13.092+0000] {processor.py:830} INFO - Processing file /home/airflow/.local/lib/python3.11/site-packages/airflow/example_dags/example_datasets.py for tasks to queue
[2024-05-03T18:18:13.143+0000] {logging_mixin.py:188} INFO - [2024-05-03T18:18:13.137+0000] {dagbag.py:540} INFO - Filling up the DagBag from /home/airflow/.local/lib/python3.11/site-packages/airflow/example_dags/example_datasets.py
[2024-05-03T18:18:13.336+0000] {processor.py:840} INFO - DAG(s) 'consume_1_and_2_with_dataset_expressions', 'dataset_produces_1', 'consume_1_or_both_2_and_3_with_dataset_expressions', 'dataset_consumes_1', 'dataset_consumes_1_never_scheduled', 'dataset_consumes_unknown_never_scheduled', 'dataset_consumes_1_and_2', 'conditional_dataset_and_time_based_timetable', 'dataset_produces_2', 'consume_1_or_2_with_dataset_expressions' retrieved from /home/airflow/.local/lib/python3.11/site-packages/airflow/example_dags/example_datasets.py
[2024-05-03T18:18:14.185+0000] {logging_mixin.py:188} INFO - [2024-05-03T18:18:14.184+0000] {dag.py:3096} INFO - Sync 10 DAGs
[2024-05-03T18:18:14.709+0000] {logging_mixin.py:188} INFO - [2024-05-03T18:18:14.708+0000] {dag.py:3954} INFO - Setting next_dagrun for conditional_dataset_and_time_based_timetable to 2024-05-01 01:00:00+00:00, run_after=2024-05-01 01:00:00+00:00
[2024-05-03T18:18:14.771+0000] {logging_mixin.py:188} INFO - [2024-05-03T18:18:14.759+0000] {dag.py:3954} INFO - Setting next_dagrun for consume_1_and_2_with_dataset_expressions to None, run_after=None
[2024-05-03T18:18:14.791+0000] {logging_mixin.py:188} INFO - [2024-05-03T18:18:14.790+0000] {dag.py:3954} INFO - Setting next_dagrun for consume_1_or_2_with_dataset_expressions to None, run_after=None
[2024-05-03T18:18:14.846+0000] {logging_mixin.py:188} INFO - [2024-05-03T18:18:14.846+0000] {dag.py:3954} INFO - Setting next_dagrun for consume_1_or_both_2_and_3_with_dataset_expressions to None, run_after=None
[2024-05-03T18:18:14.911+0000] {logging_mixin.py:188} INFO - [2024-05-03T18:18:14.896+0000] {dag.py:3954} INFO - Setting next_dagrun for dataset_consumes_1 to None, run_after=None
[2024-05-03T18:18:14.941+0000] {logging_mixin.py:188} INFO - [2024-05-03T18:18:14.929+0000] {dag.py:3954} INFO - Setting next_dagrun for dataset_consumes_1_and_2 to None, run_after=None
[2024-05-03T18:18:14.969+0000] {logging_mixin.py:188} INFO - [2024-05-03T18:18:14.959+0000] {dag.py:3954} INFO - Setting next_dagrun for dataset_consumes_1_never_scheduled to None, run_after=None
[2024-05-03T18:18:15.000+0000] {logging_mixin.py:188} INFO - [2024-05-03T18:18:14.987+0000] {dag.py:3954} INFO - Setting next_dagrun for dataset_consumes_unknown_never_scheduled to None, run_after=None
[2024-05-03T18:18:15.048+0000] {logging_mixin.py:188} INFO - [2024-05-03T18:18:15.035+0000] {dag.py:3954} INFO - Setting next_dagrun for dataset_produces_1 to 2024-05-02 00:00:00+00:00, run_after=2024-05-03 00:00:00+00:00
[2024-05-03T18:18:15.072+0000] {logging_mixin.py:188} INFO - [2024-05-03T18:18:15.069+0000] {dag.py:3954} INFO - Setting next_dagrun for dataset_produces_2 to None, run_after=None
[2024-05-03T18:18:15.679+0000] {processor.py:183} INFO - Processing /home/airflow/.local/lib/python3.11/site-packages/airflow/example_dags/example_datasets.py took 2.727 seconds
[2024-05-03T18:18:57.497+0000] {processor.py:161} INFO - Started process (PID=243) to work on /home/airflow/.local/lib/python3.11/site-packages/airflow/example_dags/example_datasets.py
[2024-05-03T18:18:57.517+0000] {processor.py:830} INFO - Processing file /home/airflow/.local/lib/python3.11/site-packages/airflow/example_dags/example_datasets.py for tasks to queue
[2024-05-03T18:18:57.529+0000] {logging_mixin.py:188} INFO - [2024-05-03T18:18:57.528+0000] {dagbag.py:540} INFO - Filling up the DagBag from /home/airflow/.local/lib/python3.11/site-packages/airflow/example_dags/example_datasets.py
[2024-05-03T18:18:57.650+0000] {processor.py:840} INFO - DAG(s) 'conditional_dataset_and_time_based_timetable', 'consume_1_and_2_with_dataset_expressions', 'dataset_consumes_1_never_scheduled', 'dataset_consumes_1_and_2', 'dataset_consumes_1', 'dataset_produces_1', 'consume_1_or_both_2_and_3_with_dataset_expressions', 'dataset_produces_2', 'dataset_consumes_unknown_never_scheduled', 'consume_1_or_2_with_dataset_expressions' retrieved from /home/airflow/.local/lib/python3.11/site-packages/airflow/example_dags/example_datasets.py
[2024-05-03T18:18:57.958+0000] {logging_mixin.py:188} INFO - [2024-05-03T18:18:57.958+0000] {dag.py:3096} INFO - Sync 10 DAGs
[2024-05-03T18:18:58.121+0000] {logging_mixin.py:188} INFO - [2024-05-03T18:18:58.120+0000] {dag.py:3954} INFO - Setting next_dagrun for conditional_dataset_and_time_based_timetable to 2024-05-01 01:00:00+00:00, run_after=2024-05-01 01:00:00+00:00
[2024-05-03T18:18:58.182+0000] {logging_mixin.py:188} INFO - [2024-05-03T18:18:58.181+0000] {dag.py:3954} INFO - Setting next_dagrun for consume_1_and_2_with_dataset_expressions to None, run_after=None
[2024-05-03T18:18:58.200+0000] {logging_mixin.py:188} INFO - [2024-05-03T18:18:58.193+0000] {dag.py:3954} INFO - Setting next_dagrun for consume_1_or_2_with_dataset_expressions to None, run_after=None
[2024-05-03T18:18:58.223+0000] {logging_mixin.py:188} INFO - [2024-05-03T18:18:58.222+0000] {dag.py:3954} INFO - Setting next_dagrun for consume_1_or_both_2_and_3_with_dataset_expressions to None, run_after=None
[2024-05-03T18:18:58.275+0000] {logging_mixin.py:188} INFO - [2024-05-03T18:18:58.274+0000] {dag.py:3954} INFO - Setting next_dagrun for dataset_consumes_1 to None, run_after=None
[2024-05-03T18:18:58.295+0000] {logging_mixin.py:188} INFO - [2024-05-03T18:18:58.294+0000] {dag.py:3954} INFO - Setting next_dagrun for dataset_consumes_1_and_2 to None, run_after=None
[2024-05-03T18:18:58.315+0000] {logging_mixin.py:188} INFO - [2024-05-03T18:18:58.306+0000] {dag.py:3954} INFO - Setting next_dagrun for dataset_consumes_1_never_scheduled to None, run_after=None
[2024-05-03T18:18:58.336+0000] {logging_mixin.py:188} INFO - [2024-05-03T18:18:58.335+0000] {dag.py:3954} INFO - Setting next_dagrun for dataset_consumes_unknown_never_scheduled to None, run_after=None
[2024-05-03T18:18:58.371+0000] {logging_mixin.py:188} INFO - [2024-05-03T18:18:58.371+0000] {dag.py:3954} INFO - Setting next_dagrun for dataset_produces_1 to 2024-05-02 00:00:00+00:00, run_after=2024-05-03 00:00:00+00:00
[2024-05-03T18:18:58.390+0000] {logging_mixin.py:188} INFO - [2024-05-03T18:18:58.389+0000] {dag.py:3954} INFO - Setting next_dagrun for dataset_produces_2 to None, run_after=None
[2024-05-03T18:18:59.050+0000] {processor.py:183} INFO - Processing /home/airflow/.local/lib/python3.11/site-packages/airflow/example_dags/example_datasets.py took 1.587 seconds
[2024-05-03T18:19:41.505+0000] {processor.py:161} INFO - Started process (PID=298) to work on /home/airflow/.local/lib/python3.11/site-packages/airflow/example_dags/example_datasets.py
[2024-05-03T18:19:41.515+0000] {processor.py:830} INFO - Processing file /home/airflow/.local/lib/python3.11/site-packages/airflow/example_dags/example_datasets.py for tasks to queue
[2024-05-03T18:19:41.576+0000] {logging_mixin.py:188} INFO - [2024-05-03T18:19:41.554+0000] {dagbag.py:540} INFO - Filling up the DagBag from /home/airflow/.local/lib/python3.11/site-packages/airflow/example_dags/example_datasets.py
[2024-05-03T18:19:43.090+0000] {processor.py:840} INFO - DAG(s) 'consume_1_or_both_2_and_3_with_dataset_expressions', 'dataset_consumes_unknown_never_scheduled', 'dataset_consumes_1_never_scheduled', 'consume_1_and_2_with_dataset_expressions', 'consume_1_or_2_with_dataset_expressions', 'dataset_consumes_1_and_2', 'dataset_consumes_1', 'dataset_produces_1', 'dataset_produces_2', 'conditional_dataset_and_time_based_timetable' retrieved from /home/airflow/.local/lib/python3.11/site-packages/airflow/example_dags/example_datasets.py
[2024-05-03T18:19:43.549+0000] {logging_mixin.py:188} INFO - [2024-05-03T18:19:43.548+0000] {dag.py:3096} INFO - Sync 10 DAGs
[2024-05-03T18:19:43.999+0000] {logging_mixin.py:188} INFO - [2024-05-03T18:19:43.996+0000] {dag.py:3954} INFO - Setting next_dagrun for conditional_dataset_and_time_based_timetable to 2024-05-01 01:00:00+00:00, run_after=2024-05-01 01:00:00+00:00
[2024-05-03T18:19:44.035+0000] {logging_mixin.py:188} INFO - [2024-05-03T18:19:44.034+0000] {dag.py:3954} INFO - Setting next_dagrun for consume_1_and_2_with_dataset_expressions to None, run_after=None
[2024-05-03T18:19:44.071+0000] {logging_mixin.py:188} INFO - [2024-05-03T18:19:44.065+0000] {dag.py:3954} INFO - Setting next_dagrun for consume_1_or_2_with_dataset_expressions to None, run_after=None
[2024-05-03T18:19:44.092+0000] {logging_mixin.py:188} INFO - [2024-05-03T18:19:44.091+0000] {dag.py:3954} INFO - Setting next_dagrun for consume_1_or_both_2_and_3_with_dataset_expressions to None, run_after=None
[2024-05-03T18:19:44.155+0000] {logging_mixin.py:188} INFO - [2024-05-03T18:19:44.154+0000] {dag.py:3954} INFO - Setting next_dagrun for dataset_consumes_1 to None, run_after=None
[2024-05-03T18:19:44.179+0000] {logging_mixin.py:188} INFO - [2024-05-03T18:19:44.178+0000] {dag.py:3954} INFO - Setting next_dagrun for dataset_consumes_1_and_2 to None, run_after=None
[2024-05-03T18:19:44.227+0000] {logging_mixin.py:188} INFO - [2024-05-03T18:19:44.199+0000] {dag.py:3954} INFO - Setting next_dagrun for dataset_consumes_1_never_scheduled to None, run_after=None
[2024-05-03T18:19:44.284+0000] {logging_mixin.py:188} INFO - [2024-05-03T18:19:44.283+0000] {dag.py:3954} INFO - Setting next_dagrun for dataset_consumes_unknown_never_scheduled to None, run_after=None
[2024-05-03T18:19:44.322+0000] {logging_mixin.py:188} INFO - [2024-05-03T18:19:44.322+0000] {dag.py:3954} INFO - Setting next_dagrun for dataset_produces_1 to 2024-05-02 00:00:00+00:00, run_after=2024-05-03 00:00:00+00:00
[2024-05-03T18:19:44.356+0000] {logging_mixin.py:188} INFO - [2024-05-03T18:19:44.355+0000] {dag.py:3954} INFO - Setting next_dagrun for dataset_produces_2 to None, run_after=None
[2024-05-03T18:19:45.015+0000] {processor.py:183} INFO - Processing /home/airflow/.local/lib/python3.11/site-packages/airflow/example_dags/example_datasets.py took 3.614 seconds
[2024-05-03T18:20:18.892+0000] {processor.py:161} INFO - Started process (PID=362) to work on /home/airflow/.local/lib/python3.11/site-packages/airflow/example_dags/example_datasets.py
[2024-05-03T18:20:18.901+0000] {processor.py:830} INFO - Processing file /home/airflow/.local/lib/python3.11/site-packages/airflow/example_dags/example_datasets.py for tasks to queue
[2024-05-03T18:20:18.915+0000] {logging_mixin.py:188} INFO - [2024-05-03T18:20:18.914+0000] {dagbag.py:540} INFO - Filling up the DagBag from /home/airflow/.local/lib/python3.11/site-packages/airflow/example_dags/example_datasets.py
[2024-05-03T18:20:19.068+0000] {processor.py:840} INFO - DAG(s) 'dataset_consumes_1_and_2', 'consume_1_or_2_with_dataset_expressions', 'dataset_consumes_1', 'dataset_produces_1', 'dataset_produces_2', 'consume_1_and_2_with_dataset_expressions', 'dataset_consumes_1_never_scheduled', 'dataset_consumes_unknown_never_scheduled', 'conditional_dataset_and_time_based_timetable', 'consume_1_or_both_2_and_3_with_dataset_expressions' retrieved from /home/airflow/.local/lib/python3.11/site-packages/airflow/example_dags/example_datasets.py
[2024-05-03T18:20:19.606+0000] {logging_mixin.py:188} INFO - [2024-05-03T18:20:19.605+0000] {dag.py:3096} INFO - Sync 10 DAGs
[2024-05-03T18:20:19.950+0000] {logging_mixin.py:188} INFO - [2024-05-03T18:20:19.949+0000] {dag.py:3954} INFO - Setting next_dagrun for conditional_dataset_and_time_based_timetable to 2024-05-01 01:00:00+00:00, run_after=2024-05-01 01:00:00+00:00
[2024-05-03T18:20:20.005+0000] {logging_mixin.py:188} INFO - [2024-05-03T18:20:20.004+0000] {dag.py:3954} INFO - Setting next_dagrun for consume_1_and_2_with_dataset_expressions to None, run_after=None
[2024-05-03T18:20:20.014+0000] {logging_mixin.py:188} INFO - [2024-05-03T18:20:20.014+0000] {dag.py:3954} INFO - Setting next_dagrun for consume_1_or_2_with_dataset_expressions to None, run_after=None
[2024-05-03T18:20:20.024+0000] {logging_mixin.py:188} INFO - [2024-05-03T18:20:20.023+0000] {dag.py:3954} INFO - Setting next_dagrun for consume_1_or_both_2_and_3_with_dataset_expressions to None, run_after=None
[2024-05-03T18:20:20.031+0000] {logging_mixin.py:188} INFO - [2024-05-03T18:20:20.030+0000] {dag.py:3954} INFO - Setting next_dagrun for dataset_consumes_1 to None, run_after=None
[2024-05-03T18:20:20.047+0000] {logging_mixin.py:188} INFO - [2024-05-03T18:20:20.046+0000] {dag.py:3954} INFO - Setting next_dagrun for dataset_consumes_1_and_2 to None, run_after=None
[2024-05-03T18:20:20.066+0000] {logging_mixin.py:188} INFO - [2024-05-03T18:20:20.066+0000] {dag.py:3954} INFO - Setting next_dagrun for dataset_consumes_1_never_scheduled to None, run_after=None
[2024-05-03T18:20:20.085+0000] {logging_mixin.py:188} INFO - [2024-05-03T18:20:20.084+0000] {dag.py:3954} INFO - Setting next_dagrun for dataset_consumes_unknown_never_scheduled to None, run_after=None
[2024-05-03T18:20:20.138+0000] {logging_mixin.py:188} INFO - [2024-05-03T18:20:20.122+0000] {dag.py:3954} INFO - Setting next_dagrun for dataset_produces_1 to 2024-05-02 00:00:00+00:00, run_after=2024-05-03 00:00:00+00:00
[2024-05-03T18:20:20.144+0000] {logging_mixin.py:188} INFO - [2024-05-03T18:20:20.143+0000] {dag.py:3954} INFO - Setting next_dagrun for dataset_produces_2 to None, run_after=None
[2024-05-03T18:20:20.588+0000] {processor.py:183} INFO - Processing /home/airflow/.local/lib/python3.11/site-packages/airflow/example_dags/example_datasets.py took 1.742 seconds
[2024-05-03T18:20:48.523+0000] {processor.py:161} INFO - Started process (PID=417) to work on /home/airflow/.local/lib/python3.11/site-packages/airflow/example_dags/example_datasets.py
[2024-05-03T18:20:48.528+0000] {processor.py:830} INFO - Processing file /home/airflow/.local/lib/python3.11/site-packages/airflow/example_dags/example_datasets.py for tasks to queue
[2024-05-03T18:20:48.538+0000] {logging_mixin.py:188} INFO - [2024-05-03T18:20:48.535+0000] {dagbag.py:540} INFO - Filling up the DagBag from /home/airflow/.local/lib/python3.11/site-packages/airflow/example_dags/example_datasets.py
[2024-05-03T18:20:48.669+0000] {processor.py:840} INFO - DAG(s) 'dataset_consumes_unknown_never_scheduled', 'dataset_consumes_1_and_2', 'consume_1_or_both_2_and_3_with_dataset_expressions', 'dataset_produces_1', 'dataset_produces_2', 'dataset_consumes_1', 'dataset_consumes_1_never_scheduled', 'conditional_dataset_and_time_based_timetable', 'consume_1_and_2_with_dataset_expressions', 'consume_1_or_2_with_dataset_expressions' retrieved from /home/airflow/.local/lib/python3.11/site-packages/airflow/example_dags/example_datasets.py
[2024-05-03T18:20:49.172+0000] {logging_mixin.py:188} INFO - [2024-05-03T18:20:49.171+0000] {dag.py:3096} INFO - Sync 10 DAGs
[2024-05-03T18:20:49.392+0000] {logging_mixin.py:188} INFO - [2024-05-03T18:20:49.391+0000] {dag.py:3954} INFO - Setting next_dagrun for conditional_dataset_and_time_based_timetable to 2024-05-01 01:00:00+00:00, run_after=2024-05-01 01:00:00+00:00
[2024-05-03T18:20:49.423+0000] {logging_mixin.py:188} INFO - [2024-05-03T18:20:49.421+0000] {dag.py:3954} INFO - Setting next_dagrun for consume_1_and_2_with_dataset_expressions to None, run_after=None
[2024-05-03T18:20:49.435+0000] {logging_mixin.py:188} INFO - [2024-05-03T18:20:49.434+0000] {dag.py:3954} INFO - Setting next_dagrun for consume_1_or_2_with_dataset_expressions to None, run_after=None
[2024-05-03T18:20:49.445+0000] {logging_mixin.py:188} INFO - [2024-05-03T18:20:49.444+0000] {dag.py:3954} INFO - Setting next_dagrun for consume_1_or_both_2_and_3_with_dataset_expressions to None, run_after=None
[2024-05-03T18:20:49.453+0000] {logging_mixin.py:188} INFO - [2024-05-03T18:20:49.452+0000] {dag.py:3954} INFO - Setting next_dagrun for dataset_consumes_1 to None, run_after=None
[2024-05-03T18:20:49.471+0000] {logging_mixin.py:188} INFO - [2024-05-03T18:20:49.470+0000] {dag.py:3954} INFO - Setting next_dagrun for dataset_consumes_1_and_2 to None, run_after=None
[2024-05-03T18:20:49.485+0000] {logging_mixin.py:188} INFO - [2024-05-03T18:20:49.484+0000] {dag.py:3954} INFO - Setting next_dagrun for dataset_consumes_1_never_scheduled to None, run_after=None
[2024-05-03T18:20:49.518+0000] {logging_mixin.py:188} INFO - [2024-05-03T18:20:49.517+0000] {dag.py:3954} INFO - Setting next_dagrun for dataset_consumes_unknown_never_scheduled to None, run_after=None
[2024-05-03T18:20:49.539+0000] {logging_mixin.py:188} INFO - [2024-05-03T18:20:49.536+0000] {dag.py:3954} INFO - Setting next_dagrun for dataset_produces_1 to 2024-05-02 00:00:00+00:00, run_after=2024-05-03 00:00:00+00:00
[2024-05-03T18:20:49.549+0000] {logging_mixin.py:188} INFO - [2024-05-03T18:20:49.548+0000] {dag.py:3954} INFO - Setting next_dagrun for dataset_produces_2 to None, run_after=None
[2024-05-03T18:20:49.836+0000] {processor.py:183} INFO - Processing /home/airflow/.local/lib/python3.11/site-packages/airflow/example_dags/example_datasets.py took 1.401 seconds
[2024-05-03T18:21:19.484+0000] {processor.py:161} INFO - Started process (PID=474) to work on /home/airflow/.local/lib/python3.11/site-packages/airflow/example_dags/example_datasets.py
[2024-05-03T18:21:19.489+0000] {processor.py:830} INFO - Processing file /home/airflow/.local/lib/python3.11/site-packages/airflow/example_dags/example_datasets.py for tasks to queue
[2024-05-03T18:21:19.498+0000] {logging_mixin.py:188} INFO - [2024-05-03T18:21:19.496+0000] {dagbag.py:540} INFO - Filling up the DagBag from /home/airflow/.local/lib/python3.11/site-packages/airflow/example_dags/example_datasets.py
[2024-05-03T18:21:19.627+0000] {processor.py:840} INFO - DAG(s) 'conditional_dataset_and_time_based_timetable', 'dataset_consumes_1_never_scheduled', 'dataset_consumes_unknown_never_scheduled', 'dataset_produces_1', 'dataset_consumes_1', 'dataset_consumes_1_and_2', 'dataset_produces_2', 'consume_1_or_both_2_and_3_with_dataset_expressions', 'consume_1_or_2_with_dataset_expressions', 'consume_1_and_2_with_dataset_expressions' retrieved from /home/airflow/.local/lib/python3.11/site-packages/airflow/example_dags/example_datasets.py
[2024-05-03T18:21:20.077+0000] {logging_mixin.py:188} INFO - [2024-05-03T18:21:20.074+0000] {dag.py:3096} INFO - Sync 10 DAGs
[2024-05-03T18:21:20.368+0000] {logging_mixin.py:188} INFO - [2024-05-03T18:21:20.363+0000] {dag.py:3954} INFO - Setting next_dagrun for conditional_dataset_and_time_based_timetable to 2024-05-01 01:00:00+00:00, run_after=2024-05-01 01:00:00+00:00
[2024-05-03T18:21:20.411+0000] {logging_mixin.py:188} INFO - [2024-05-03T18:21:20.410+0000] {dag.py:3954} INFO - Setting next_dagrun for consume_1_and_2_with_dataset_expressions to None, run_after=None
[2024-05-03T18:21:20.426+0000] {logging_mixin.py:188} INFO - [2024-05-03T18:21:20.426+0000] {dag.py:3954} INFO - Setting next_dagrun for consume_1_or_2_with_dataset_expressions to None, run_after=None
[2024-05-03T18:21:20.436+0000] {logging_mixin.py:188} INFO - [2024-05-03T18:21:20.436+0000] {dag.py:3954} INFO - Setting next_dagrun for consume_1_or_both_2_and_3_with_dataset_expressions to None, run_after=None
[2024-05-03T18:21:20.483+0000] {logging_mixin.py:188} INFO - [2024-05-03T18:21:20.482+0000] {dag.py:3954} INFO - Setting next_dagrun for dataset_consumes_1 to None, run_after=None
[2024-05-03T18:21:20.495+0000] {logging_mixin.py:188} INFO - [2024-05-03T18:21:20.494+0000] {dag.py:3954} INFO - Setting next_dagrun for dataset_consumes_1_and_2 to None, run_after=None
[2024-05-03T18:21:20.502+0000] {logging_mixin.py:188} INFO - [2024-05-03T18:21:20.501+0000] {dag.py:3954} INFO - Setting next_dagrun for dataset_consumes_1_never_scheduled to None, run_after=None
[2024-05-03T18:21:20.514+0000] {logging_mixin.py:188} INFO - [2024-05-03T18:21:20.514+0000] {dag.py:3954} INFO - Setting next_dagrun for dataset_consumes_unknown_never_scheduled to None, run_after=None
[2024-05-03T18:21:20.551+0000] {logging_mixin.py:188} INFO - [2024-05-03T18:21:20.550+0000] {dag.py:3954} INFO - Setting next_dagrun for dataset_produces_1 to 2024-05-02 00:00:00+00:00, run_after=2024-05-03 00:00:00+00:00
[2024-05-03T18:21:20.565+0000] {logging_mixin.py:188} INFO - [2024-05-03T18:21:20.563+0000] {dag.py:3954} INFO - Setting next_dagrun for dataset_produces_2 to None, run_after=None
[2024-05-03T18:21:20.922+0000] {processor.py:183} INFO - Processing /home/airflow/.local/lib/python3.11/site-packages/airflow/example_dags/example_datasets.py took 1.487 seconds
[2024-05-03T18:21:49.918+0000] {processor.py:161} INFO - Started process (PID=530) to work on /home/airflow/.local/lib/python3.11/site-packages/airflow/example_dags/example_datasets.py
[2024-05-03T18:21:49.930+0000] {processor.py:830} INFO - Processing file /home/airflow/.local/lib/python3.11/site-packages/airflow/example_dags/example_datasets.py for tasks to queue
[2024-05-03T18:21:49.947+0000] {logging_mixin.py:188} INFO - [2024-05-03T18:21:49.944+0000] {dagbag.py:540} INFO - Filling up the DagBag from /home/airflow/.local/lib/python3.11/site-packages/airflow/example_dags/example_datasets.py
[2024-05-03T18:21:50.095+0000] {processor.py:840} INFO - DAG(s) 'consume_1_or_2_with_dataset_expressions', 'dataset_produces_1', 'dataset_consumes_unknown_never_scheduled', 'dataset_produces_2', 'conditional_dataset_and_time_based_timetable', 'dataset_consumes_1', 'dataset_consumes_1_never_scheduled', 'consume_1_or_both_2_and_3_with_dataset_expressions', 'dataset_consumes_1_and_2', 'consume_1_and_2_with_dataset_expressions' retrieved from /home/airflow/.local/lib/python3.11/site-packages/airflow/example_dags/example_datasets.py
[2024-05-03T18:21:50.602+0000] {logging_mixin.py:188} INFO - [2024-05-03T18:21:50.599+0000] {dag.py:3096} INFO - Sync 10 DAGs
[2024-05-03T18:21:50.835+0000] {logging_mixin.py:188} INFO - [2024-05-03T18:21:50.834+0000] {dag.py:3954} INFO - Setting next_dagrun for conditional_dataset_and_time_based_timetable to 2024-05-01 01:00:00+00:00, run_after=2024-05-01 01:00:00+00:00
[2024-05-03T18:21:50.882+0000] {logging_mixin.py:188} INFO - [2024-05-03T18:21:50.881+0000] {dag.py:3954} INFO - Setting next_dagrun for consume_1_and_2_with_dataset_expressions to None, run_after=None
[2024-05-03T18:21:50.888+0000] {logging_mixin.py:188} INFO - [2024-05-03T18:21:50.888+0000] {dag.py:3954} INFO - Setting next_dagrun for consume_1_or_2_with_dataset_expressions to None, run_after=None
[2024-05-03T18:21:50.904+0000] {logging_mixin.py:188} INFO - [2024-05-03T18:21:50.903+0000] {dag.py:3954} INFO - Setting next_dagrun for consume_1_or_both_2_and_3_with_dataset_expressions to None, run_after=None
[2024-05-03T18:21:50.917+0000] {logging_mixin.py:188} INFO - [2024-05-03T18:21:50.916+0000] {dag.py:3954} INFO - Setting next_dagrun for dataset_consumes_1 to None, run_after=None
[2024-05-03T18:21:50.925+0000] {logging_mixin.py:188} INFO - [2024-05-03T18:21:50.924+0000] {dag.py:3954} INFO - Setting next_dagrun for dataset_consumes_1_and_2 to None, run_after=None
[2024-05-03T18:21:50.940+0000] {logging_mixin.py:188} INFO - [2024-05-03T18:21:50.939+0000] {dag.py:3954} INFO - Setting next_dagrun for dataset_consumes_1_never_scheduled to None, run_after=None
[2024-05-03T18:21:50.953+0000] {logging_mixin.py:188} INFO - [2024-05-03T18:21:50.948+0000] {dag.py:3954} INFO - Setting next_dagrun for dataset_consumes_unknown_never_scheduled to None, run_after=None
[2024-05-03T18:21:50.980+0000] {logging_mixin.py:188} INFO - [2024-05-03T18:21:50.978+0000] {dag.py:3954} INFO - Setting next_dagrun for dataset_produces_1 to 2024-05-02 00:00:00+00:00, run_after=2024-05-03 00:00:00+00:00
[2024-05-03T18:21:50.988+0000] {logging_mixin.py:188} INFO - [2024-05-03T18:21:50.987+0000] {dag.py:3954} INFO - Setting next_dagrun for dataset_produces_2 to None, run_after=None
[2024-05-03T18:21:51.541+0000] {processor.py:183} INFO - Processing /home/airflow/.local/lib/python3.11/site-packages/airflow/example_dags/example_datasets.py took 1.691 seconds
[2024-05-03T18:22:23.131+0000] {processor.py:161} INFO - Started process (PID=587) to work on /home/airflow/.local/lib/python3.11/site-packages/airflow/example_dags/example_datasets.py
[2024-05-03T18:22:23.135+0000] {processor.py:830} INFO - Processing file /home/airflow/.local/lib/python3.11/site-packages/airflow/example_dags/example_datasets.py for tasks to queue
[2024-05-03T18:22:23.152+0000] {logging_mixin.py:188} INFO - [2024-05-03T18:22:23.151+0000] {dagbag.py:540} INFO - Filling up the DagBag from /home/airflow/.local/lib/python3.11/site-packages/airflow/example_dags/example_datasets.py
[2024-05-03T18:22:23.229+0000] {processor.py:840} INFO - DAG(s) 'dataset_consumes_1_never_scheduled', 'consume_1_or_both_2_and_3_with_dataset_expressions', 'dataset_consumes_1_and_2', 'dataset_produces_1', 'dataset_consumes_1', 'consume_1_and_2_with_dataset_expressions', 'conditional_dataset_and_time_based_timetable', 'dataset_produces_2', 'dataset_consumes_unknown_never_scheduled', 'consume_1_or_2_with_dataset_expressions' retrieved from /home/airflow/.local/lib/python3.11/site-packages/airflow/example_dags/example_datasets.py
[2024-05-03T18:22:23.544+0000] {logging_mixin.py:188} INFO - [2024-05-03T18:22:23.544+0000] {dag.py:3096} INFO - Sync 10 DAGs
[2024-05-03T18:22:23.725+0000] {logging_mixin.py:188} INFO - [2024-05-03T18:22:23.724+0000] {dag.py:3954} INFO - Setting next_dagrun for conditional_dataset_and_time_based_timetable to 2024-05-01 01:00:00+00:00, run_after=2024-05-01 01:00:00+00:00
[2024-05-03T18:22:23.766+0000] {logging_mixin.py:188} INFO - [2024-05-03T18:22:23.765+0000] {dag.py:3954} INFO - Setting next_dagrun for consume_1_and_2_with_dataset_expressions to None, run_after=None
[2024-05-03T18:22:23.772+0000] {logging_mixin.py:188} INFO - [2024-05-03T18:22:23.771+0000] {dag.py:3954} INFO - Setting next_dagrun for consume_1_or_2_with_dataset_expressions to None, run_after=None
[2024-05-03T18:22:23.778+0000] {logging_mixin.py:188} INFO - [2024-05-03T18:22:23.777+0000] {dag.py:3954} INFO - Setting next_dagrun for consume_1_or_both_2_and_3_with_dataset_expressions to None, run_after=None
[2024-05-03T18:22:23.817+0000] {logging_mixin.py:188} INFO - [2024-05-03T18:22:23.816+0000] {dag.py:3954} INFO - Setting next_dagrun for dataset_consumes_1 to None, run_after=None
[2024-05-03T18:22:23.825+0000] {logging_mixin.py:188} INFO - [2024-05-03T18:22:23.824+0000] {dag.py:3954} INFO - Setting next_dagrun for dataset_consumes_1_and_2 to None, run_after=None
[2024-05-03T18:22:23.837+0000] {logging_mixin.py:188} INFO - [2024-05-03T18:22:23.836+0000] {dag.py:3954} INFO - Setting next_dagrun for dataset_consumes_1_never_scheduled to None, run_after=None
[2024-05-03T18:22:23.850+0000] {logging_mixin.py:188} INFO - [2024-05-03T18:22:23.849+0000] {dag.py:3954} INFO - Setting next_dagrun for dataset_consumes_unknown_never_scheduled to None, run_after=None
[2024-05-03T18:22:23.870+0000] {logging_mixin.py:188} INFO - [2024-05-03T18:22:23.870+0000] {dag.py:3954} INFO - Setting next_dagrun for dataset_produces_1 to 2024-05-02 00:00:00+00:00, run_after=2024-05-03 00:00:00+00:00
[2024-05-03T18:22:23.877+0000] {logging_mixin.py:188} INFO - [2024-05-03T18:22:23.876+0000] {dag.py:3954} INFO - Setting next_dagrun for dataset_produces_2 to None, run_after=None
[2024-05-03T18:22:24.129+0000] {processor.py:183} INFO - Processing /home/airflow/.local/lib/python3.11/site-packages/airflow/example_dags/example_datasets.py took 1.021 seconds
[2024-05-03T18:22:51.224+0000] {processor.py:161} INFO - Started process (PID=642) to work on /home/airflow/.local/lib/python3.11/site-packages/airflow/example_dags/example_datasets.py
[2024-05-03T18:22:51.244+0000] {processor.py:830} INFO - Processing file /home/airflow/.local/lib/python3.11/site-packages/airflow/example_dags/example_datasets.py for tasks to queue
[2024-05-03T18:22:51.263+0000] {logging_mixin.py:188} INFO - [2024-05-03T18:22:51.261+0000] {dagbag.py:540} INFO - Filling up the DagBag from /home/airflow/.local/lib/python3.11/site-packages/airflow/example_dags/example_datasets.py
[2024-05-03T18:22:51.455+0000] {processor.py:840} INFO - DAG(s) 'consume_1_or_both_2_and_3_with_dataset_expressions', 'dataset_consumes_unknown_never_scheduled', 'dataset_consumes_1_and_2', 'dataset_produces_1', 'consume_1_and_2_with_dataset_expressions', 'consume_1_or_2_with_dataset_expressions', 'dataset_produces_2', 'dataset_consumes_1_never_scheduled', 'dataset_consumes_1', 'conditional_dataset_and_time_based_timetable' retrieved from /home/airflow/.local/lib/python3.11/site-packages/airflow/example_dags/example_datasets.py
[2024-05-03T18:22:52.178+0000] {logging_mixin.py:188} INFO - [2024-05-03T18:22:52.167+0000] {dag.py:3096} INFO - Sync 10 DAGs
[2024-05-03T18:22:52.581+0000] {logging_mixin.py:188} INFO - [2024-05-03T18:22:52.580+0000] {dag.py:3954} INFO - Setting next_dagrun for conditional_dataset_and_time_based_timetable to 2024-05-01 01:00:00+00:00, run_after=2024-05-01 01:00:00+00:00
[2024-05-03T18:22:52.624+0000] {logging_mixin.py:188} INFO - [2024-05-03T18:22:52.624+0000] {dag.py:3954} INFO - Setting next_dagrun for consume_1_and_2_with_dataset_expressions to None, run_after=None
[2024-05-03T18:22:52.638+0000] {logging_mixin.py:188} INFO - [2024-05-03T18:22:52.637+0000] {dag.py:3954} INFO - Setting next_dagrun for consume_1_or_2_with_dataset_expressions to None, run_after=None
[2024-05-03T18:22:52.651+0000] {logging_mixin.py:188} INFO - [2024-05-03T18:22:52.651+0000] {dag.py:3954} INFO - Setting next_dagrun for consume_1_or_both_2_and_3_with_dataset_expressions to None, run_after=None
[2024-05-03T18:22:52.667+0000] {logging_mixin.py:188} INFO - [2024-05-03T18:22:52.667+0000] {dag.py:3954} INFO - Setting next_dagrun for dataset_consumes_1 to None, run_after=None
[2024-05-03T18:22:52.688+0000] {logging_mixin.py:188} INFO - [2024-05-03T18:22:52.687+0000] {dag.py:3954} INFO - Setting next_dagrun for dataset_consumes_1_and_2 to None, run_after=None
[2024-05-03T18:22:52.705+0000] {logging_mixin.py:188} INFO - [2024-05-03T18:22:52.705+0000] {dag.py:3954} INFO - Setting next_dagrun for dataset_consumes_1_never_scheduled to None, run_after=None
[2024-05-03T18:22:52.721+0000] {logging_mixin.py:188} INFO - [2024-05-03T18:22:52.718+0000] {dag.py:3954} INFO - Setting next_dagrun for dataset_consumes_unknown_never_scheduled to None, run_after=None
[2024-05-03T18:22:52.772+0000] {logging_mixin.py:188} INFO - [2024-05-03T18:22:52.771+0000] {dag.py:3954} INFO - Setting next_dagrun for dataset_produces_1 to 2024-05-02 00:00:00+00:00, run_after=2024-05-03 00:00:00+00:00
[2024-05-03T18:22:52.790+0000] {logging_mixin.py:188} INFO - [2024-05-03T18:22:52.788+0000] {dag.py:3954} INFO - Setting next_dagrun for dataset_produces_2 to None, run_after=None
[2024-05-03T18:22:53.424+0000] {processor.py:183} INFO - Processing /home/airflow/.local/lib/python3.11/site-packages/airflow/example_dags/example_datasets.py took 2.245 seconds
[2024-05-03T18:23:11.430+0000] {processor.py:161} INFO - Started process (PID=693) to work on /home/airflow/.local/lib/python3.11/site-packages/airflow/example_dags/example_datasets.py
[2024-05-03T18:23:11.441+0000] {processor.py:830} INFO - Processing file /home/airflow/.local/lib/python3.11/site-packages/airflow/example_dags/example_datasets.py for tasks to queue
[2024-05-03T18:23:11.448+0000] {logging_mixin.py:188} INFO - [2024-05-03T18:23:11.447+0000] {dagbag.py:540} INFO - Filling up the DagBag from /home/airflow/.local/lib/python3.11/site-packages/airflow/example_dags/example_datasets.py
[2024-05-03T18:23:11.514+0000] {processor.py:840} INFO - DAG(s) 'dataset_consumes_1_and_2', 'dataset_consumes_1_never_scheduled', 'dataset_produces_1', 'consume_1_or_2_with_dataset_expressions', 'consume_1_and_2_with_dataset_expressions', 'consume_1_or_both_2_and_3_with_dataset_expressions', 'dataset_produces_2', 'conditional_dataset_and_time_based_timetable', 'dataset_consumes_unknown_never_scheduled', 'dataset_consumes_1' retrieved from /home/airflow/.local/lib/python3.11/site-packages/airflow/example_dags/example_datasets.py
[2024-05-03T18:23:11.709+0000] {logging_mixin.py:188} INFO - [2024-05-03T18:23:11.709+0000] {dag.py:3096} INFO - Sync 10 DAGs
[2024-05-03T18:23:11.812+0000] {logging_mixin.py:188} INFO - [2024-05-03T18:23:11.811+0000] {dag.py:3954} INFO - Setting next_dagrun for conditional_dataset_and_time_based_timetable to 2024-05-01 01:00:00+00:00, run_after=2024-05-01 01:00:00+00:00
[2024-05-03T18:23:11.832+0000] {logging_mixin.py:188} INFO - [2024-05-03T18:23:11.831+0000] {dag.py:3954} INFO - Setting next_dagrun for consume_1_and_2_with_dataset_expressions to None, run_after=None
[2024-05-03T18:23:11.851+0000] {logging_mixin.py:188} INFO - [2024-05-03T18:23:11.850+0000] {dag.py:3954} INFO - Setting next_dagrun for consume_1_or_2_with_dataset_expressions to None, run_after=None
[2024-05-03T18:23:11.857+0000] {logging_mixin.py:188} INFO - [2024-05-03T18:23:11.856+0000] {dag.py:3954} INFO - Setting next_dagrun for consume_1_or_both_2_and_3_with_dataset_expressions to None, run_after=None
[2024-05-03T18:23:11.863+0000] {logging_mixin.py:188} INFO - [2024-05-03T18:23:11.862+0000] {dag.py:3954} INFO - Setting next_dagrun for dataset_consumes_1 to None, run_after=None
[2024-05-03T18:23:11.867+0000] {logging_mixin.py:188} INFO - [2024-05-03T18:23:11.866+0000] {dag.py:3954} INFO - Setting next_dagrun for dataset_consumes_1_and_2 to None, run_after=None
[2024-05-03T18:23:11.872+0000] {logging_mixin.py:188} INFO - [2024-05-03T18:23:11.871+0000] {dag.py:3954} INFO - Setting next_dagrun for dataset_consumes_1_never_scheduled to None, run_after=None
[2024-05-03T18:23:11.878+0000] {logging_mixin.py:188} INFO - [2024-05-03T18:23:11.877+0000] {dag.py:3954} INFO - Setting next_dagrun for dataset_consumes_unknown_never_scheduled to None, run_after=None
[2024-05-03T18:23:11.888+0000] {logging_mixin.py:188} INFO - [2024-05-03T18:23:11.888+0000] {dag.py:3954} INFO - Setting next_dagrun for dataset_produces_1 to 2024-05-02 00:00:00+00:00, run_after=2024-05-03 00:00:00+00:00
[2024-05-03T18:23:11.894+0000] {logging_mixin.py:188} INFO - [2024-05-03T18:23:11.894+0000] {dag.py:3954} INFO - Setting next_dagrun for dataset_produces_2 to None, run_after=None
[2024-05-03T18:23:12.346+0000] {processor.py:183} INFO - Processing /home/airflow/.local/lib/python3.11/site-packages/airflow/example_dags/example_datasets.py took 0.937 seconds
[2024-05-03T18:23:29.263+0000] {processor.py:161} INFO - Started process (PID=749) to work on /home/airflow/.local/lib/python3.11/site-packages/airflow/example_dags/example_datasets.py
[2024-05-03T18:23:29.267+0000] {processor.py:830} INFO - Processing file /home/airflow/.local/lib/python3.11/site-packages/airflow/example_dags/example_datasets.py for tasks to queue
[2024-05-03T18:23:29.272+0000] {logging_mixin.py:188} INFO - [2024-05-03T18:23:29.271+0000] {dagbag.py:540} INFO - Filling up the DagBag from /home/airflow/.local/lib/python3.11/site-packages/airflow/example_dags/example_datasets.py
[2024-05-03T18:23:29.312+0000] {processor.py:840} INFO - DAG(s) 'consume_1_and_2_with_dataset_expressions', 'dataset_consumes_1_never_scheduled', 'dataset_produces_1', 'conditional_dataset_and_time_based_timetable', 'consume_1_or_2_with_dataset_expressions', 'dataset_consumes_unknown_never_scheduled', 'dataset_consumes_1_and_2', 'consume_1_or_both_2_and_3_with_dataset_expressions', 'dataset_consumes_1', 'dataset_produces_2' retrieved from /home/airflow/.local/lib/python3.11/site-packages/airflow/example_dags/example_datasets.py
[2024-05-03T18:23:29.509+0000] {logging_mixin.py:188} INFO - [2024-05-03T18:23:29.508+0000] {dag.py:3096} INFO - Sync 10 DAGs
[2024-05-03T18:23:29.620+0000] {logging_mixin.py:188} INFO - [2024-05-03T18:23:29.620+0000] {dag.py:3954} INFO - Setting next_dagrun for conditional_dataset_and_time_based_timetable to 2024-05-01 01:00:00+00:00, run_after=2024-05-01 01:00:00+00:00
[2024-05-03T18:23:29.637+0000] {logging_mixin.py:188} INFO - [2024-05-03T18:23:29.633+0000] {dag.py:3954} INFO - Setting next_dagrun for consume_1_and_2_with_dataset_expressions to None, run_after=None
[2024-05-03T18:23:29.643+0000] {logging_mixin.py:188} INFO - [2024-05-03T18:23:29.642+0000] {dag.py:3954} INFO - Setting next_dagrun for consume_1_or_2_with_dataset_expressions to None, run_after=None
[2024-05-03T18:23:29.647+0000] {logging_mixin.py:188} INFO - [2024-05-03T18:23:29.646+0000] {dag.py:3954} INFO - Setting next_dagrun for consume_1_or_both_2_and_3_with_dataset_expressions to None, run_after=None
[2024-05-03T18:23:29.651+0000] {logging_mixin.py:188} INFO - [2024-05-03T18:23:29.650+0000] {dag.py:3954} INFO - Setting next_dagrun for dataset_consumes_1 to None, run_after=None
[2024-05-03T18:23:29.656+0000] {logging_mixin.py:188} INFO - [2024-05-03T18:23:29.655+0000] {dag.py:3954} INFO - Setting next_dagrun for dataset_consumes_1_and_2 to None, run_after=None
[2024-05-03T18:23:29.659+0000] {logging_mixin.py:188} INFO - [2024-05-03T18:23:29.658+0000] {dag.py:3954} INFO - Setting next_dagrun for dataset_consumes_1_never_scheduled to None, run_after=None
[2024-05-03T18:23:29.664+0000] {logging_mixin.py:188} INFO - [2024-05-03T18:23:29.663+0000] {dag.py:3954} INFO - Setting next_dagrun for dataset_consumes_unknown_never_scheduled to None, run_after=None
[2024-05-03T18:23:29.672+0000] {logging_mixin.py:188} INFO - [2024-05-03T18:23:29.672+0000] {dag.py:3954} INFO - Setting next_dagrun for dataset_produces_1 to 2024-05-02 00:00:00+00:00, run_after=2024-05-03 00:00:00+00:00
[2024-05-03T18:23:29.678+0000] {logging_mixin.py:188} INFO - [2024-05-03T18:23:29.678+0000] {dag.py:3954} INFO - Setting next_dagrun for dataset_produces_2 to None, run_after=None
[2024-05-03T18:23:29.782+0000] {processor.py:183} INFO - Processing /home/airflow/.local/lib/python3.11/site-packages/airflow/example_dags/example_datasets.py took 0.546 seconds
[2024-05-03T18:23:41.862+0000] {processor.py:161} INFO - Started process (PID=800) to work on /home/airflow/.local/lib/python3.11/site-packages/airflow/example_dags/example_datasets.py
[2024-05-03T18:23:41.881+0000] {processor.py:830} INFO - Processing file /home/airflow/.local/lib/python3.11/site-packages/airflow/example_dags/example_datasets.py for tasks to queue
[2024-05-03T18:23:41.888+0000] {logging_mixin.py:188} INFO - [2024-05-03T18:23:41.886+0000] {dagbag.py:540} INFO - Filling up the DagBag from /home/airflow/.local/lib/python3.11/site-packages/airflow/example_dags/example_datasets.py
[2024-05-03T18:23:41.931+0000] {processor.py:840} INFO - DAG(s) 'consume_1_or_both_2_and_3_with_dataset_expressions', 'consume_1_and_2_with_dataset_expressions', 'dataset_consumes_1_never_scheduled', 'dataset_consumes_1', 'dataset_produces_2', 'conditional_dataset_and_time_based_timetable', 'dataset_consumes_unknown_never_scheduled', 'dataset_consumes_1_and_2', 'dataset_produces_1', 'consume_1_or_2_with_dataset_expressions' retrieved from /home/airflow/.local/lib/python3.11/site-packages/airflow/example_dags/example_datasets.py
[2024-05-03T18:23:42.089+0000] {logging_mixin.py:188} INFO - [2024-05-03T18:23:42.088+0000] {dag.py:3096} INFO - Sync 10 DAGs
[2024-05-03T18:23:42.154+0000] {logging_mixin.py:188} INFO - [2024-05-03T18:23:42.154+0000] {dag.py:3954} INFO - Setting next_dagrun for conditional_dataset_and_time_based_timetable to 2024-05-01 01:00:00+00:00, run_after=2024-05-01 01:00:00+00:00
[2024-05-03T18:23:42.163+0000] {logging_mixin.py:188} INFO - [2024-05-03T18:23:42.163+0000] {dag.py:3954} INFO - Setting next_dagrun for consume_1_and_2_with_dataset_expressions to None, run_after=None
[2024-05-03T18:23:42.167+0000] {logging_mixin.py:188} INFO - [2024-05-03T18:23:42.167+0000] {dag.py:3954} INFO - Setting next_dagrun for consume_1_or_2_with_dataset_expressions to None, run_after=None
[2024-05-03T18:23:42.171+0000] {logging_mixin.py:188} INFO - [2024-05-03T18:23:42.171+0000] {dag.py:3954} INFO - Setting next_dagrun for consume_1_or_both_2_and_3_with_dataset_expressions to None, run_after=None
[2024-05-03T18:23:42.175+0000] {logging_mixin.py:188} INFO - [2024-05-03T18:23:42.174+0000] {dag.py:3954} INFO - Setting next_dagrun for dataset_consumes_1 to None, run_after=None
[2024-05-03T18:23:42.179+0000] {logging_mixin.py:188} INFO - [2024-05-03T18:23:42.178+0000] {dag.py:3954} INFO - Setting next_dagrun for dataset_consumes_1_and_2 to None, run_after=None
[2024-05-03T18:23:42.183+0000] {logging_mixin.py:188} INFO - [2024-05-03T18:23:42.182+0000] {dag.py:3954} INFO - Setting next_dagrun for dataset_consumes_1_never_scheduled to None, run_after=None
[2024-05-03T18:23:42.187+0000] {logging_mixin.py:188} INFO - [2024-05-03T18:23:42.186+0000] {dag.py:3954} INFO - Setting next_dagrun for dataset_consumes_unknown_never_scheduled to None, run_after=None
[2024-05-03T18:23:42.193+0000] {logging_mixin.py:188} INFO - [2024-05-03T18:23:42.192+0000] {dag.py:3954} INFO - Setting next_dagrun for dataset_produces_1 to 2024-05-02 00:00:00+00:00, run_after=2024-05-03 00:00:00+00:00
[2024-05-03T18:23:42.197+0000] {logging_mixin.py:188} INFO - [2024-05-03T18:23:42.197+0000] {dag.py:3954} INFO - Setting next_dagrun for dataset_produces_2 to None, run_after=None
[2024-05-03T18:23:42.379+0000] {processor.py:183} INFO - Processing /home/airflow/.local/lib/python3.11/site-packages/airflow/example_dags/example_datasets.py took 0.541 seconds
[2024-05-03T18:23:54.585+0000] {processor.py:161} INFO - Started process (PID=857) to work on /home/airflow/.local/lib/python3.11/site-packages/airflow/example_dags/example_datasets.py
[2024-05-03T18:23:54.588+0000] {processor.py:830} INFO - Processing file /home/airflow/.local/lib/python3.11/site-packages/airflow/example_dags/example_datasets.py for tasks to queue
[2024-05-03T18:23:54.592+0000] {logging_mixin.py:188} INFO - [2024-05-03T18:23:54.591+0000] {dagbag.py:540} INFO - Filling up the DagBag from /home/airflow/.local/lib/python3.11/site-packages/airflow/example_dags/example_datasets.py
[2024-05-03T18:23:54.625+0000] {processor.py:840} INFO - DAG(s) 'consume_1_or_both_2_and_3_with_dataset_expressions', 'dataset_produces_1', 'dataset_consumes_1_and_2', 'dataset_consumes_unknown_never_scheduled', 'dataset_consumes_1', 'conditional_dataset_and_time_based_timetable', 'consume_1_or_2_with_dataset_expressions', 'dataset_produces_2', 'consume_1_and_2_with_dataset_expressions', 'dataset_consumes_1_never_scheduled' retrieved from /home/airflow/.local/lib/python3.11/site-packages/airflow/example_dags/example_datasets.py
[2024-05-03T18:23:54.741+0000] {logging_mixin.py:188} INFO - [2024-05-03T18:23:54.741+0000] {dag.py:3096} INFO - Sync 10 DAGs
[2024-05-03T18:23:54.791+0000] {logging_mixin.py:188} INFO - [2024-05-03T18:23:54.790+0000] {dag.py:3954} INFO - Setting next_dagrun for conditional_dataset_and_time_based_timetable to 2024-05-01 01:00:00+00:00, run_after=2024-05-01 01:00:00+00:00
[2024-05-03T18:23:54.798+0000] {logging_mixin.py:188} INFO - [2024-05-03T18:23:54.798+0000] {dag.py:3954} INFO - Setting next_dagrun for consume_1_and_2_with_dataset_expressions to None, run_after=None
[2024-05-03T18:23:54.801+0000] {logging_mixin.py:188} INFO - [2024-05-03T18:23:54.801+0000] {dag.py:3954} INFO - Setting next_dagrun for consume_1_or_2_with_dataset_expressions to None, run_after=None
[2024-05-03T18:23:54.804+0000] {logging_mixin.py:188} INFO - [2024-05-03T18:23:54.804+0000] {dag.py:3954} INFO - Setting next_dagrun for consume_1_or_both_2_and_3_with_dataset_expressions to None, run_after=None
[2024-05-03T18:23:54.807+0000] {logging_mixin.py:188} INFO - [2024-05-03T18:23:54.807+0000] {dag.py:3954} INFO - Setting next_dagrun for dataset_consumes_1 to None, run_after=None
[2024-05-03T18:23:54.811+0000] {logging_mixin.py:188} INFO - [2024-05-03T18:23:54.810+0000] {dag.py:3954} INFO - Setting next_dagrun for dataset_consumes_1_and_2 to None, run_after=None
[2024-05-03T18:23:54.814+0000] {logging_mixin.py:188} INFO - [2024-05-03T18:23:54.814+0000] {dag.py:3954} INFO - Setting next_dagrun for dataset_consumes_1_never_scheduled to None, run_after=None
[2024-05-03T18:23:54.818+0000] {logging_mixin.py:188} INFO - [2024-05-03T18:23:54.818+0000] {dag.py:3954} INFO - Setting next_dagrun for dataset_consumes_unknown_never_scheduled to None, run_after=None
[2024-05-03T18:23:54.824+0000] {logging_mixin.py:188} INFO - [2024-05-03T18:23:54.823+0000] {dag.py:3954} INFO - Setting next_dagrun for dataset_produces_1 to 2024-05-02 00:00:00+00:00, run_after=2024-05-03 00:00:00+00:00
[2024-05-03T18:23:54.827+0000] {logging_mixin.py:188} INFO - [2024-05-03T18:23:54.826+0000] {dag.py:3954} INFO - Setting next_dagrun for dataset_produces_2 to None, run_after=None
[2024-05-03T18:23:55.251+0000] {processor.py:183} INFO - Processing /home/airflow/.local/lib/python3.11/site-packages/airflow/example_dags/example_datasets.py took 0.684 seconds
[2024-05-03T18:24:16.538+0000] {processor.py:161} INFO - Started process (PID=909) to work on /home/airflow/.local/lib/python3.11/site-packages/airflow/example_dags/example_datasets.py
[2024-05-03T18:24:16.560+0000] {processor.py:830} INFO - Processing file /home/airflow/.local/lib/python3.11/site-packages/airflow/example_dags/example_datasets.py for tasks to queue
[2024-05-03T18:24:16.566+0000] {logging_mixin.py:188} INFO - [2024-05-03T18:24:16.565+0000] {dagbag.py:540} INFO - Filling up the DagBag from /home/airflow/.local/lib/python3.11/site-packages/airflow/example_dags/example_datasets.py
[2024-05-03T18:24:16.947+0000] {processor.py:840} INFO - DAG(s) 'consume_1_or_2_with_dataset_expressions', 'consume_1_or_both_2_and_3_with_dataset_expressions', 'dataset_consumes_1_and_2', 'dataset_consumes_unknown_never_scheduled', 'consume_1_and_2_with_dataset_expressions', 'dataset_produces_1', 'dataset_consumes_1_never_scheduled', 'conditional_dataset_and_time_based_timetable', 'dataset_consumes_1', 'dataset_produces_2' retrieved from /home/airflow/.local/lib/python3.11/site-packages/airflow/example_dags/example_datasets.py
[2024-05-03T18:24:17.282+0000] {logging_mixin.py:188} INFO - [2024-05-03T18:24:17.281+0000] {dag.py:3096} INFO - Sync 10 DAGs
[2024-05-03T18:24:17.384+0000] {logging_mixin.py:188} INFO - [2024-05-03T18:24:17.383+0000] {dag.py:3954} INFO - Setting next_dagrun for conditional_dataset_and_time_based_timetable to 2024-05-01 01:00:00+00:00, run_after=2024-05-01 01:00:00+00:00
[2024-05-03T18:24:17.406+0000] {logging_mixin.py:188} INFO - [2024-05-03T18:24:17.405+0000] {dag.py:3954} INFO - Setting next_dagrun for consume_1_and_2_with_dataset_expressions to None, run_after=None
[2024-05-03T18:24:17.411+0000] {logging_mixin.py:188} INFO - [2024-05-03T18:24:17.411+0000] {dag.py:3954} INFO - Setting next_dagrun for consume_1_or_2_with_dataset_expressions to None, run_after=None
[2024-05-03T18:24:17.417+0000] {logging_mixin.py:188} INFO - [2024-05-03T18:24:17.416+0000] {dag.py:3954} INFO - Setting next_dagrun for consume_1_or_both_2_and_3_with_dataset_expressions to None, run_after=None
[2024-05-03T18:24:17.423+0000] {logging_mixin.py:188} INFO - [2024-05-03T18:24:17.422+0000] {dag.py:3954} INFO - Setting next_dagrun for dataset_consumes_1 to None, run_after=None
[2024-05-03T18:24:17.428+0000] {logging_mixin.py:188} INFO - [2024-05-03T18:24:17.427+0000] {dag.py:3954} INFO - Setting next_dagrun for dataset_consumes_1_and_2 to None, run_after=None
[2024-05-03T18:24:17.433+0000] {logging_mixin.py:188} INFO - [2024-05-03T18:24:17.432+0000] {dag.py:3954} INFO - Setting next_dagrun for dataset_consumes_1_never_scheduled to None, run_after=None
[2024-05-03T18:24:17.438+0000] {logging_mixin.py:188} INFO - [2024-05-03T18:24:17.437+0000] {dag.py:3954} INFO - Setting next_dagrun for dataset_consumes_unknown_never_scheduled to None, run_after=None
[2024-05-03T18:24:17.450+0000] {logging_mixin.py:188} INFO - [2024-05-03T18:24:17.449+0000] {dag.py:3954} INFO - Setting next_dagrun for dataset_produces_1 to 2024-05-02 00:00:00+00:00, run_after=2024-05-03 00:00:00+00:00
[2024-05-03T18:24:17.454+0000] {logging_mixin.py:188} INFO - [2024-05-03T18:24:17.454+0000] {dag.py:3954} INFO - Setting next_dagrun for dataset_produces_2 to None, run_after=None
[2024-05-03T18:24:17.673+0000] {processor.py:183} INFO - Processing /home/airflow/.local/lib/python3.11/site-packages/airflow/example_dags/example_datasets.py took 1.159 seconds
[2024-05-03T18:24:34.807+0000] {processor.py:161} INFO - Started process (PID=965) to work on /home/airflow/.local/lib/python3.11/site-packages/airflow/example_dags/example_datasets.py
[2024-05-03T18:24:34.810+0000] {processor.py:830} INFO - Processing file /home/airflow/.local/lib/python3.11/site-packages/airflow/example_dags/example_datasets.py for tasks to queue
[2024-05-03T18:24:34.820+0000] {logging_mixin.py:188} INFO - [2024-05-03T18:24:34.816+0000] {dagbag.py:540} INFO - Filling up the DagBag from /home/airflow/.local/lib/python3.11/site-packages/airflow/example_dags/example_datasets.py
[2024-05-03T18:24:35.021+0000] {processor.py:840} INFO - DAG(s) 'consume_1_or_2_with_dataset_expressions', 'dataset_consumes_1_never_scheduled', 'dataset_consumes_unknown_never_scheduled', 'dataset_consumes_1', 'dataset_produces_2', 'dataset_produces_1', 'consume_1_or_both_2_and_3_with_dataset_expressions', 'conditional_dataset_and_time_based_timetable', 'consume_1_and_2_with_dataset_expressions', 'dataset_consumes_1_and_2' retrieved from /home/airflow/.local/lib/python3.11/site-packages/airflow/example_dags/example_datasets.py
[2024-05-03T18:24:35.208+0000] {logging_mixin.py:188} INFO - [2024-05-03T18:24:35.207+0000] {dag.py:3096} INFO - Sync 10 DAGs
[2024-05-03T18:24:35.314+0000] {logging_mixin.py:188} INFO - [2024-05-03T18:24:35.313+0000] {dag.py:3954} INFO - Setting next_dagrun for conditional_dataset_and_time_based_timetable to 2024-05-01 01:00:00+00:00, run_after=2024-05-01 01:00:00+00:00
[2024-05-03T18:24:35.330+0000] {logging_mixin.py:188} INFO - [2024-05-03T18:24:35.329+0000] {dag.py:3954} INFO - Setting next_dagrun for consume_1_and_2_with_dataset_expressions to None, run_after=None
[2024-05-03T18:24:35.339+0000] {logging_mixin.py:188} INFO - [2024-05-03T18:24:35.338+0000] {dag.py:3954} INFO - Setting next_dagrun for consume_1_or_2_with_dataset_expressions to None, run_after=None
[2024-05-03T18:24:35.344+0000] {logging_mixin.py:188} INFO - [2024-05-03T18:24:35.343+0000] {dag.py:3954} INFO - Setting next_dagrun for consume_1_or_both_2_and_3_with_dataset_expressions to None, run_after=None
[2024-05-03T18:24:35.349+0000] {logging_mixin.py:188} INFO - [2024-05-03T18:24:35.349+0000] {dag.py:3954} INFO - Setting next_dagrun for dataset_consumes_1 to None, run_after=None
[2024-05-03T18:24:35.357+0000] {logging_mixin.py:188} INFO - [2024-05-03T18:24:35.355+0000] {dag.py:3954} INFO - Setting next_dagrun for dataset_consumes_1_and_2 to None, run_after=None
[2024-05-03T18:24:35.361+0000] {logging_mixin.py:188} INFO - [2024-05-03T18:24:35.361+0000] {dag.py:3954} INFO - Setting next_dagrun for dataset_consumes_1_never_scheduled to None, run_after=None
[2024-05-03T18:24:35.367+0000] {logging_mixin.py:188} INFO - [2024-05-03T18:24:35.367+0000] {dag.py:3954} INFO - Setting next_dagrun for dataset_consumes_unknown_never_scheduled to None, run_after=None
[2024-05-03T18:24:35.380+0000] {logging_mixin.py:188} INFO - [2024-05-03T18:24:35.379+0000] {dag.py:3954} INFO - Setting next_dagrun for dataset_produces_1 to 2024-05-02 00:00:00+00:00, run_after=2024-05-03 00:00:00+00:00
[2024-05-03T18:24:35.385+0000] {logging_mixin.py:188} INFO - [2024-05-03T18:24:35.384+0000] {dag.py:3954} INFO - Setting next_dagrun for dataset_produces_2 to None, run_after=None
[2024-05-03T18:24:35.878+0000] {processor.py:183} INFO - Processing /home/airflow/.local/lib/python3.11/site-packages/airflow/example_dags/example_datasets.py took 1.091 seconds
[2024-05-03T18:24:55.118+0000] {processor.py:161} INFO - Started process (PID=1023) to work on /home/airflow/.local/lib/python3.11/site-packages/airflow/example_dags/example_datasets.py
[2024-05-03T18:24:55.121+0000] {processor.py:830} INFO - Processing file /home/airflow/.local/lib/python3.11/site-packages/airflow/example_dags/example_datasets.py for tasks to queue
[2024-05-03T18:24:55.126+0000] {logging_mixin.py:188} INFO - [2024-05-03T18:24:55.125+0000] {dagbag.py:540} INFO - Filling up the DagBag from /home/airflow/.local/lib/python3.11/site-packages/airflow/example_dags/example_datasets.py
[2024-05-03T18:24:55.155+0000] {processor.py:840} INFO - DAG(s) 'consume_1_and_2_with_dataset_expressions', 'conditional_dataset_and_time_based_timetable', 'dataset_produces_2', 'dataset_produces_1', 'dataset_consumes_1_never_scheduled', 'consume_1_or_both_2_and_3_with_dataset_expressions', 'dataset_consumes_unknown_never_scheduled', 'dataset_consumes_1_and_2', 'consume_1_or_2_with_dataset_expressions', 'dataset_consumes_1' retrieved from /home/airflow/.local/lib/python3.11/site-packages/airflow/example_dags/example_datasets.py
[2024-05-03T18:24:55.253+0000] {logging_mixin.py:188} INFO - [2024-05-03T18:24:55.253+0000] {dag.py:3096} INFO - Sync 10 DAGs
[2024-05-03T18:24:55.302+0000] {logging_mixin.py:188} INFO - [2024-05-03T18:24:55.302+0000] {dag.py:3954} INFO - Setting next_dagrun for conditional_dataset_and_time_based_timetable to 2024-05-01 01:00:00+00:00, run_after=2024-05-01 01:00:00+00:00
[2024-05-03T18:24:55.310+0000] {logging_mixin.py:188} INFO - [2024-05-03T18:24:55.309+0000] {dag.py:3954} INFO - Setting next_dagrun for consume_1_and_2_with_dataset_expressions to None, run_after=None
[2024-05-03T18:24:55.313+0000] {logging_mixin.py:188} INFO - [2024-05-03T18:24:55.313+0000] {dag.py:3954} INFO - Setting next_dagrun for consume_1_or_2_with_dataset_expressions to None, run_after=None
[2024-05-03T18:24:55.316+0000] {logging_mixin.py:188} INFO - [2024-05-03T18:24:55.316+0000] {dag.py:3954} INFO - Setting next_dagrun for consume_1_or_both_2_and_3_with_dataset_expressions to None, run_after=None
[2024-05-03T18:24:55.320+0000] {logging_mixin.py:188} INFO - [2024-05-03T18:24:55.319+0000] {dag.py:3954} INFO - Setting next_dagrun for dataset_consumes_1 to None, run_after=None
[2024-05-03T18:24:55.323+0000] {logging_mixin.py:188} INFO - [2024-05-03T18:24:55.322+0000] {dag.py:3954} INFO - Setting next_dagrun for dataset_consumes_1_and_2 to None, run_after=None
[2024-05-03T18:24:55.326+0000] {logging_mixin.py:188} INFO - [2024-05-03T18:24:55.325+0000] {dag.py:3954} INFO - Setting next_dagrun for dataset_consumes_1_never_scheduled to None, run_after=None
[2024-05-03T18:24:55.328+0000] {logging_mixin.py:188} INFO - [2024-05-03T18:24:55.328+0000] {dag.py:3954} INFO - Setting next_dagrun for dataset_consumes_unknown_never_scheduled to None, run_after=None
[2024-05-03T18:24:55.335+0000] {logging_mixin.py:188} INFO - [2024-05-03T18:24:55.335+0000] {dag.py:3954} INFO - Setting next_dagrun for dataset_produces_1 to 2024-05-02 00:00:00+00:00, run_after=2024-05-03 00:00:00+00:00
[2024-05-03T18:24:55.338+0000] {logging_mixin.py:188} INFO - [2024-05-03T18:24:55.337+0000] {dag.py:3954} INFO - Setting next_dagrun for dataset_produces_2 to None, run_after=None
[2024-05-03T18:24:55.600+0000] {processor.py:183} INFO - Processing /home/airflow/.local/lib/python3.11/site-packages/airflow/example_dags/example_datasets.py took 0.502 seconds
[2024-05-03T18:25:38.163+0000] {processor.py:161} INFO - Started process (PID=1078) to work on /home/airflow/.local/lib/python3.11/site-packages/airflow/example_dags/example_datasets.py
[2024-05-03T18:25:38.171+0000] {processor.py:830} INFO - Processing file /home/airflow/.local/lib/python3.11/site-packages/airflow/example_dags/example_datasets.py for tasks to queue
[2024-05-03T18:25:38.205+0000] {logging_mixin.py:188} INFO - [2024-05-03T18:25:38.203+0000] {dagbag.py:540} INFO - Filling up the DagBag from /home/airflow/.local/lib/python3.11/site-packages/airflow/example_dags/example_datasets.py
[2024-05-03T18:25:38.365+0000] {processor.py:840} INFO - DAG(s) 'consume_1_or_2_with_dataset_expressions', 'dataset_produces_1', 'dataset_consumes_unknown_never_scheduled', 'dataset_consumes_1_never_scheduled', 'conditional_dataset_and_time_based_timetable', 'consume_1_or_both_2_and_3_with_dataset_expressions', 'dataset_consumes_1', 'dataset_produces_2', 'consume_1_and_2_with_dataset_expressions', 'dataset_consumes_1_and_2' retrieved from /home/airflow/.local/lib/python3.11/site-packages/airflow/example_dags/example_datasets.py
[2024-05-03T18:25:39.101+0000] {logging_mixin.py:188} INFO - [2024-05-03T18:25:39.094+0000] {dag.py:3096} INFO - Sync 10 DAGs
[2024-05-03T18:25:39.475+0000] {logging_mixin.py:188} INFO - [2024-05-03T18:25:39.474+0000] {dag.py:3954} INFO - Setting next_dagrun for conditional_dataset_and_time_based_timetable to 2024-05-01 01:00:00+00:00, run_after=2024-05-01 01:00:00+00:00
[2024-05-03T18:25:39.592+0000] {logging_mixin.py:188} INFO - [2024-05-03T18:25:39.580+0000] {dag.py:3954} INFO - Setting next_dagrun for consume_1_and_2_with_dataset_expressions to None, run_after=None
[2024-05-03T18:25:39.624+0000] {logging_mixin.py:188} INFO - [2024-05-03T18:25:39.613+0000] {dag.py:3954} INFO - Setting next_dagrun for consume_1_or_2_with_dataset_expressions to None, run_after=None
[2024-05-03T18:25:39.631+0000] {logging_mixin.py:188} INFO - [2024-05-03T18:25:39.630+0000] {dag.py:3954} INFO - Setting next_dagrun for consume_1_or_both_2_and_3_with_dataset_expressions to None, run_after=None
[2024-05-03T18:25:39.645+0000] {logging_mixin.py:188} INFO - [2024-05-03T18:25:39.645+0000] {dag.py:3954} INFO - Setting next_dagrun for dataset_consumes_1 to None, run_after=None
[2024-05-03T18:25:39.666+0000] {logging_mixin.py:188} INFO - [2024-05-03T18:25:39.665+0000] {dag.py:3954} INFO - Setting next_dagrun for dataset_consumes_1_and_2 to None, run_after=None
[2024-05-03T18:25:39.692+0000] {logging_mixin.py:188} INFO - [2024-05-03T18:25:39.683+0000] {dag.py:3954} INFO - Setting next_dagrun for dataset_consumes_1_never_scheduled to None, run_after=None
[2024-05-03T18:25:39.705+0000] {logging_mixin.py:188} INFO - [2024-05-03T18:25:39.704+0000] {dag.py:3954} INFO - Setting next_dagrun for dataset_consumes_unknown_never_scheduled to None, run_after=None
[2024-05-03T18:25:39.766+0000] {logging_mixin.py:188} INFO - [2024-05-03T18:25:39.755+0000] {dag.py:3954} INFO - Setting next_dagrun for dataset_produces_1 to 2024-05-02 00:00:00+00:00, run_after=2024-05-03 00:00:00+00:00
[2024-05-03T18:25:39.783+0000] {logging_mixin.py:188} INFO - [2024-05-03T18:25:39.782+0000] {dag.py:3954} INFO - Setting next_dagrun for dataset_produces_2 to None, run_after=None
[2024-05-03T18:25:40.221+0000] {processor.py:183} INFO - Processing /home/airflow/.local/lib/python3.11/site-packages/airflow/example_dags/example_datasets.py took 2.124 seconds
[2024-05-03T18:26:34.665+0000] {processor.py:161} INFO - Started process (PID=1141) to work on /home/airflow/.local/lib/python3.11/site-packages/airflow/example_dags/example_datasets.py
[2024-05-03T18:26:34.694+0000] {processor.py:830} INFO - Processing file /home/airflow/.local/lib/python3.11/site-packages/airflow/example_dags/example_datasets.py for tasks to queue
[2024-05-03T18:26:34.724+0000] {logging_mixin.py:188} INFO - [2024-05-03T18:26:34.722+0000] {dagbag.py:540} INFO - Filling up the DagBag from /home/airflow/.local/lib/python3.11/site-packages/airflow/example_dags/example_datasets.py
[2024-05-03T18:26:35.288+0000] {processor.py:840} INFO - DAG(s) 'consume_1_or_both_2_and_3_with_dataset_expressions', 'dataset_consumes_1_and_2', 'consume_1_or_2_with_dataset_expressions', 'conditional_dataset_and_time_based_timetable', 'dataset_produces_1', 'dataset_consumes_1', 'dataset_produces_2', 'dataset_consumes_1_never_scheduled', 'dataset_consumes_unknown_never_scheduled', 'consume_1_and_2_with_dataset_expressions' retrieved from /home/airflow/.local/lib/python3.11/site-packages/airflow/example_dags/example_datasets.py
[2024-05-03T18:26:35.943+0000] {logging_mixin.py:188} INFO - [2024-05-03T18:26:35.942+0000] {dag.py:3096} INFO - Sync 10 DAGs
[2024-05-03T18:26:36.578+0000] {logging_mixin.py:188} INFO - [2024-05-03T18:26:36.577+0000] {dag.py:3954} INFO - Setting next_dagrun for conditional_dataset_and_time_based_timetable to 2024-05-01 01:00:00+00:00, run_after=2024-05-01 01:00:00+00:00
[2024-05-03T18:26:36.643+0000] {logging_mixin.py:188} INFO - [2024-05-03T18:26:36.642+0000] {dag.py:3954} INFO - Setting next_dagrun for consume_1_and_2_with_dataset_expressions to None, run_after=None
[2024-05-03T18:26:36.671+0000] {logging_mixin.py:188} INFO - [2024-05-03T18:26:36.660+0000] {dag.py:3954} INFO - Setting next_dagrun for consume_1_or_2_with_dataset_expressions to None, run_after=None
[2024-05-03T18:26:36.701+0000] {logging_mixin.py:188} INFO - [2024-05-03T18:26:36.690+0000] {dag.py:3954} INFO - Setting next_dagrun for consume_1_or_both_2_and_3_with_dataset_expressions to None, run_after=None
[2024-05-03T18:26:36.707+0000] {logging_mixin.py:188} INFO - [2024-05-03T18:26:36.706+0000] {dag.py:3954} INFO - Setting next_dagrun for dataset_consumes_1 to None, run_after=None
[2024-05-03T18:26:36.727+0000] {logging_mixin.py:188} INFO - [2024-05-03T18:26:36.726+0000] {dag.py:3954} INFO - Setting next_dagrun for dataset_consumes_1_and_2 to None, run_after=None
[2024-05-03T18:26:36.775+0000] {logging_mixin.py:188} INFO - [2024-05-03T18:26:36.774+0000] {dag.py:3954} INFO - Setting next_dagrun for dataset_consumes_1_never_scheduled to None, run_after=None
[2024-05-03T18:26:36.806+0000] {logging_mixin.py:188} INFO - [2024-05-03T18:26:36.806+0000] {dag.py:3954} INFO - Setting next_dagrun for dataset_consumes_unknown_never_scheduled to None, run_after=None
[2024-05-03T18:26:36.854+0000] {logging_mixin.py:188} INFO - [2024-05-03T18:26:36.853+0000] {dag.py:3954} INFO - Setting next_dagrun for dataset_produces_1 to 2024-05-02 00:00:00+00:00, run_after=2024-05-03 00:00:00+00:00
[2024-05-03T18:26:36.880+0000] {logging_mixin.py:188} INFO - [2024-05-03T18:26:36.879+0000] {dag.py:3954} INFO - Setting next_dagrun for dataset_produces_2 to None, run_after=None
[2024-05-03T18:26:37.680+0000] {processor.py:183} INFO - Processing /home/airflow/.local/lib/python3.11/site-packages/airflow/example_dags/example_datasets.py took 3.120 seconds
[2024-05-03T18:27:39.856+0000] {processor.py:161} INFO - Started process (PID=1202) to work on /home/airflow/.local/lib/python3.11/site-packages/airflow/example_dags/example_datasets.py
[2024-05-03T18:27:39.895+0000] {processor.py:830} INFO - Processing file /home/airflow/.local/lib/python3.11/site-packages/airflow/example_dags/example_datasets.py for tasks to queue
[2024-05-03T18:27:39.941+0000] {logging_mixin.py:188} INFO - [2024-05-03T18:27:39.939+0000] {dagbag.py:540} INFO - Filling up the DagBag from /home/airflow/.local/lib/python3.11/site-packages/airflow/example_dags/example_datasets.py
[2024-05-03T18:27:42.941+0000] {processor.py:840} INFO - DAG(s) 'consume_1_or_2_with_dataset_expressions', 'consume_1_or_both_2_and_3_with_dataset_expressions', 'conditional_dataset_and_time_based_timetable', 'consume_1_and_2_with_dataset_expressions', 'dataset_consumes_1_never_scheduled', 'dataset_produces_2', 'dataset_consumes_1', 'dataset_consumes_unknown_never_scheduled', 'dataset_produces_1', 'dataset_consumes_1_and_2' retrieved from /home/airflow/.local/lib/python3.11/site-packages/airflow/example_dags/example_datasets.py
[2024-05-03T18:27:43.586+0000] {logging_mixin.py:188} INFO - [2024-05-03T18:27:43.585+0000] {dag.py:3096} INFO - Sync 10 DAGs
[2024-05-03T18:27:44.260+0000] {logging_mixin.py:188} INFO - [2024-05-03T18:27:44.259+0000] {dag.py:3954} INFO - Setting next_dagrun for conditional_dataset_and_time_based_timetable to 2024-05-01 01:00:00+00:00, run_after=2024-05-01 01:00:00+00:00
[2024-05-03T18:27:44.411+0000] {logging_mixin.py:188} INFO - [2024-05-03T18:27:44.410+0000] {dag.py:3954} INFO - Setting next_dagrun for consume_1_and_2_with_dataset_expressions to None, run_after=None
[2024-05-03T18:27:44.450+0000] {logging_mixin.py:188} INFO - [2024-05-03T18:27:44.448+0000] {dag.py:3954} INFO - Setting next_dagrun for consume_1_or_2_with_dataset_expressions to None, run_after=None
[2024-05-03T18:27:44.463+0000] {logging_mixin.py:188} INFO - [2024-05-03T18:27:44.462+0000] {dag.py:3954} INFO - Setting next_dagrun for consume_1_or_both_2_and_3_with_dataset_expressions to None, run_after=None
[2024-05-03T18:27:44.472+0000] {logging_mixin.py:188} INFO - [2024-05-03T18:27:44.471+0000] {dag.py:3954} INFO - Setting next_dagrun for dataset_consumes_1 to None, run_after=None
[2024-05-03T18:27:44.490+0000] {logging_mixin.py:188} INFO - [2024-05-03T18:27:44.481+0000] {dag.py:3954} INFO - Setting next_dagrun for dataset_consumes_1_and_2 to None, run_after=None
[2024-05-03T18:27:44.547+0000] {logging_mixin.py:188} INFO - [2024-05-03T18:27:44.546+0000] {dag.py:3954} INFO - Setting next_dagrun for dataset_consumes_1_never_scheduled to None, run_after=None
[2024-05-03T18:27:44.590+0000] {logging_mixin.py:188} INFO - [2024-05-03T18:27:44.588+0000] {dag.py:3954} INFO - Setting next_dagrun for dataset_consumes_unknown_never_scheduled to None, run_after=None
[2024-05-03T18:27:44.692+0000] {logging_mixin.py:188} INFO - [2024-05-03T18:27:44.691+0000] {dag.py:3954} INFO - Setting next_dagrun for dataset_produces_1 to 2024-05-02 00:00:00+00:00, run_after=2024-05-03 00:00:00+00:00
[2024-05-03T18:27:44.723+0000] {logging_mixin.py:188} INFO - [2024-05-03T18:27:44.723+0000] {dag.py:3954} INFO - Setting next_dagrun for dataset_produces_2 to None, run_after=None
[2024-05-03T18:27:45.559+0000] {processor.py:183} INFO - Processing /home/airflow/.local/lib/python3.11/site-packages/airflow/example_dags/example_datasets.py took 5.830 seconds
[2024-05-03T18:28:40.026+0000] {processor.py:161} INFO - Started process (PID=1264) to work on /home/airflow/.local/lib/python3.11/site-packages/airflow/example_dags/example_datasets.py
[2024-05-03T18:28:40.032+0000] {processor.py:830} INFO - Processing file /home/airflow/.local/lib/python3.11/site-packages/airflow/example_dags/example_datasets.py for tasks to queue
[2024-05-03T18:28:40.059+0000] {logging_mixin.py:188} INFO - [2024-05-03T18:28:40.054+0000] {dagbag.py:540} INFO - Filling up the DagBag from /home/airflow/.local/lib/python3.11/site-packages/airflow/example_dags/example_datasets.py
[2024-05-03T18:28:40.199+0000] {processor.py:840} INFO - DAG(s) 'consume_1_or_2_with_dataset_expressions', 'dataset_consumes_1_never_scheduled', 'dataset_produces_2', 'dataset_produces_1', 'dataset_consumes_1', 'consume_1_and_2_with_dataset_expressions', 'dataset_consumes_1_and_2', 'consume_1_or_both_2_and_3_with_dataset_expressions', 'conditional_dataset_and_time_based_timetable', 'dataset_consumes_unknown_never_scheduled' retrieved from /home/airflow/.local/lib/python3.11/site-packages/airflow/example_dags/example_datasets.py
[2024-05-03T18:28:40.778+0000] {logging_mixin.py:188} INFO - [2024-05-03T18:28:40.766+0000] {dag.py:3096} INFO - Sync 10 DAGs
[2024-05-03T18:28:41.145+0000] {logging_mixin.py:188} INFO - [2024-05-03T18:28:41.143+0000] {dag.py:3954} INFO - Setting next_dagrun for conditional_dataset_and_time_based_timetable to 2024-05-01 01:00:00+00:00, run_after=2024-05-01 01:00:00+00:00
[2024-05-03T18:28:41.175+0000] {logging_mixin.py:188} INFO - [2024-05-03T18:28:41.174+0000] {dag.py:3954} INFO - Setting next_dagrun for consume_1_and_2_with_dataset_expressions to None, run_after=None
[2024-05-03T18:28:41.184+0000] {logging_mixin.py:188} INFO - [2024-05-03T18:28:41.181+0000] {dag.py:3954} INFO - Setting next_dagrun for consume_1_or_2_with_dataset_expressions to None, run_after=None
[2024-05-03T18:28:41.208+0000] {logging_mixin.py:188} INFO - [2024-05-03T18:28:41.196+0000] {dag.py:3954} INFO - Setting next_dagrun for consume_1_or_both_2_and_3_with_dataset_expressions to None, run_after=None
[2024-05-03T18:28:41.228+0000] {logging_mixin.py:188} INFO - [2024-05-03T18:28:41.227+0000] {dag.py:3954} INFO - Setting next_dagrun for dataset_consumes_1 to None, run_after=None
[2024-05-03T18:28:41.243+0000] {logging_mixin.py:188} INFO - [2024-05-03T18:28:41.243+0000] {dag.py:3954} INFO - Setting next_dagrun for dataset_consumes_1_and_2 to None, run_after=None
[2024-05-03T18:28:41.260+0000] {logging_mixin.py:188} INFO - [2024-05-03T18:28:41.259+0000] {dag.py:3954} INFO - Setting next_dagrun for dataset_consumes_1_never_scheduled to None, run_after=None
[2024-05-03T18:28:41.285+0000] {logging_mixin.py:188} INFO - [2024-05-03T18:28:41.284+0000] {dag.py:3954} INFO - Setting next_dagrun for dataset_consumes_unknown_never_scheduled to None, run_after=None
[2024-05-03T18:28:41.307+0000] {logging_mixin.py:188} INFO - [2024-05-03T18:28:41.306+0000] {dag.py:3954} INFO - Setting next_dagrun for dataset_produces_1 to 2024-05-02 00:00:00+00:00, run_after=2024-05-03 00:00:00+00:00
[2024-05-03T18:28:41.354+0000] {logging_mixin.py:188} INFO - [2024-05-03T18:28:41.353+0000] {dag.py:3954} INFO - Setting next_dagrun for dataset_produces_2 to None, run_after=None
[2024-05-03T18:28:42.137+0000] {processor.py:183} INFO - Processing /home/airflow/.local/lib/python3.11/site-packages/airflow/example_dags/example_datasets.py took 2.192 seconds
[2024-05-03T18:29:34.033+0000] {processor.py:161} INFO - Started process (PID=1324) to work on /home/airflow/.local/lib/python3.11/site-packages/airflow/example_dags/example_datasets.py
[2024-05-03T18:29:39.944+0000] {processor.py:830} INFO - Processing file /home/airflow/.local/lib/python3.11/site-packages/airflow/example_dags/example_datasets.py for tasks to queue
[2024-05-03T18:29:40.227+0000] {logging_mixin.py:188} INFO - [2024-05-03T18:29:40.226+0000] {dagbag.py:540} INFO - Filling up the DagBag from /home/airflow/.local/lib/python3.11/site-packages/airflow/example_dags/example_datasets.py
[2024-05-04T01:46:11.831+0000] {processor.py:840} INFO - DAG(s) 'dataset_produces_1', 'consume_1_and_2_with_dataset_expressions', 'consume_1_or_both_2_and_3_with_dataset_expressions', 'dataset_produces_2', 'dataset_consumes_1_never_scheduled', 'conditional_dataset_and_time_based_timetable', 'dataset_consumes_unknown_never_scheduled', 'dataset_consumes_1', 'consume_1_or_2_with_dataset_expressions', 'dataset_consumes_1_and_2' retrieved from /home/airflow/.local/lib/python3.11/site-packages/airflow/example_dags/example_datasets.py
[2024-05-04T01:46:20.721+0000] {logging_mixin.py:188} INFO - [2024-05-04T01:46:20.665+0000] {dag.py:3096} INFO - Sync 10 DAGs
