[2024-05-03T18:17:06.334+0000] {processor.py:161} INFO - Started process (PID=90) to work on /home/airflow/.local/lib/python3.11/site-packages/airflow/example_dags/example_xcomargs.py
[2024-05-03T18:17:06.354+0000] {processor.py:830} INFO - Processing file /home/airflow/.local/lib/python3.11/site-packages/airflow/example_dags/example_xcomargs.py for tasks to queue
[2024-05-03T18:17:06.373+0000] {logging_mixin.py:188} INFO - [2024-05-03T18:17:06.371+0000] {dagbag.py:540} INFO - Filling up the DagBag from /home/airflow/.local/lib/python3.11/site-packages/airflow/example_dags/example_xcomargs.py
[2024-05-03T18:17:06.528+0000] {processor.py:840} INFO - DAG(s) 'example_xcom_args_with_operators', 'example_xcom_args' retrieved from /home/airflow/.local/lib/python3.11/site-packages/airflow/example_dags/example_xcomargs.py
[2024-05-03T18:17:07.654+0000] {logging_mixin.py:188} INFO - [2024-05-03T18:17:07.652+0000] {override.py:1829} INFO - Created Permission View: can edit on DAG:example_xcom_args_with_operators
[2024-05-03T18:17:07.804+0000] {logging_mixin.py:188} INFO - [2024-05-03T18:17:07.801+0000] {override.py:1829} INFO - Created Permission View: can read on DAG:example_xcom_args_with_operators
[2024-05-03T18:17:07.899+0000] {logging_mixin.py:188} INFO - [2024-05-03T18:17:07.897+0000] {override.py:1829} INFO - Created Permission View: can delete on DAG:example_xcom_args_with_operators
[2024-05-03T18:17:08.167+0000] {logging_mixin.py:188} INFO - [2024-05-03T18:17:08.165+0000] {override.py:1829} INFO - Created Permission View: can edit on DAG:example_xcom_args
[2024-05-03T18:17:08.247+0000] {logging_mixin.py:188} INFO - [2024-05-03T18:17:08.246+0000] {override.py:1829} INFO - Created Permission View: can read on DAG:example_xcom_args
[2024-05-03T18:17:08.307+0000] {logging_mixin.py:188} INFO - [2024-05-03T18:17:08.306+0000] {override.py:1829} INFO - Created Permission View: can delete on DAG:example_xcom_args
[2024-05-03T18:17:08.311+0000] {logging_mixin.py:188} INFO - [2024-05-03T18:17:08.310+0000] {dag.py:3096} INFO - Sync 2 DAGs
[2024-05-03T18:17:08.428+0000] {logging_mixin.py:188} INFO - [2024-05-03T18:17:08.427+0000] {dag.py:3118} INFO - Creating ORM DAG for example_xcom_args
[2024-05-03T18:17:08.441+0000] {logging_mixin.py:188} INFO - [2024-05-03T18:17:08.439+0000] {dag.py:3118} INFO - Creating ORM DAG for example_xcom_args_with_operators
[2024-05-03T18:17:08.445+0000] {logging_mixin.py:188} INFO - [2024-05-03T18:17:08.444+0000] {dag.py:3954} INFO - Setting next_dagrun for example_xcom_args to None, run_after=None
[2024-05-03T18:17:08.449+0000] {logging_mixin.py:188} INFO - [2024-05-03T18:17:08.448+0000] {dag.py:3954} INFO - Setting next_dagrun for example_xcom_args_with_operators to None, run_after=None
[2024-05-03T18:17:08.575+0000] {processor.py:183} INFO - Processing /home/airflow/.local/lib/python3.11/site-packages/airflow/example_dags/example_xcomargs.py took 2.330 seconds
[2024-05-03T18:17:55.541+0000] {processor.py:161} INFO - Started process (PID=156) to work on /home/airflow/.local/lib/python3.11/site-packages/airflow/example_dags/example_xcomargs.py
[2024-05-03T18:17:55.551+0000] {processor.py:830} INFO - Processing file /home/airflow/.local/lib/python3.11/site-packages/airflow/example_dags/example_xcomargs.py for tasks to queue
[2024-05-03T18:17:55.573+0000] {logging_mixin.py:188} INFO - [2024-05-03T18:17:55.572+0000] {dagbag.py:540} INFO - Filling up the DagBag from /home/airflow/.local/lib/python3.11/site-packages/airflow/example_dags/example_xcomargs.py
[2024-05-03T18:17:55.650+0000] {processor.py:840} INFO - DAG(s) 'example_xcom_args_with_operators', 'example_xcom_args' retrieved from /home/airflow/.local/lib/python3.11/site-packages/airflow/example_dags/example_xcomargs.py
[2024-05-03T18:17:55.875+0000] {logging_mixin.py:188} INFO - [2024-05-03T18:17:55.874+0000] {dag.py:3096} INFO - Sync 2 DAGs
[2024-05-03T18:17:55.982+0000] {logging_mixin.py:188} INFO - [2024-05-03T18:17:55.981+0000] {dag.py:3954} INFO - Setting next_dagrun for example_xcom_args to None, run_after=None
[2024-05-03T18:17:56.019+0000] {logging_mixin.py:188} INFO - [2024-05-03T18:17:56.018+0000] {dag.py:3954} INFO - Setting next_dagrun for example_xcom_args_with_operators to None, run_after=None
[2024-05-03T18:17:56.144+0000] {processor.py:183} INFO - Processing /home/airflow/.local/lib/python3.11/site-packages/airflow/example_dags/example_xcomargs.py took 0.651 seconds
[2024-05-03T18:18:35.054+0000] {processor.py:161} INFO - Started process (PID=212) to work on /home/airflow/.local/lib/python3.11/site-packages/airflow/example_dags/example_xcomargs.py
[2024-05-03T18:18:35.071+0000] {processor.py:830} INFO - Processing file /home/airflow/.local/lib/python3.11/site-packages/airflow/example_dags/example_xcomargs.py for tasks to queue
[2024-05-03T18:18:35.088+0000] {logging_mixin.py:188} INFO - [2024-05-03T18:18:35.079+0000] {dagbag.py:540} INFO - Filling up the DagBag from /home/airflow/.local/lib/python3.11/site-packages/airflow/example_dags/example_xcomargs.py
[2024-05-03T18:18:35.183+0000] {processor.py:840} INFO - DAG(s) 'example_xcom_args', 'example_xcom_args_with_operators' retrieved from /home/airflow/.local/lib/python3.11/site-packages/airflow/example_dags/example_xcomargs.py
[2024-05-03T18:18:35.438+0000] {logging_mixin.py:188} INFO - [2024-05-03T18:18:35.428+0000] {dag.py:3096} INFO - Sync 2 DAGs
[2024-05-03T18:18:35.568+0000] {logging_mixin.py:188} INFO - [2024-05-03T18:18:35.567+0000] {dag.py:3954} INFO - Setting next_dagrun for example_xcom_args to None, run_after=None
[2024-05-03T18:18:35.602+0000] {logging_mixin.py:188} INFO - [2024-05-03T18:18:35.601+0000] {dag.py:3954} INFO - Setting next_dagrun for example_xcom_args_with_operators to None, run_after=None
[2024-05-03T18:18:35.766+0000] {processor.py:183} INFO - Processing /home/airflow/.local/lib/python3.11/site-packages/airflow/example_dags/example_xcomargs.py took 0.769 seconds
[2024-05-03T18:19:21.177+0000] {processor.py:161} INFO - Started process (PID=275) to work on /home/airflow/.local/lib/python3.11/site-packages/airflow/example_dags/example_xcomargs.py
[2024-05-03T18:19:21.193+0000] {processor.py:830} INFO - Processing file /home/airflow/.local/lib/python3.11/site-packages/airflow/example_dags/example_xcomargs.py for tasks to queue
[2024-05-03T18:19:21.212+0000] {logging_mixin.py:188} INFO - [2024-05-03T18:19:21.211+0000] {dagbag.py:540} INFO - Filling up the DagBag from /home/airflow/.local/lib/python3.11/site-packages/airflow/example_dags/example_xcomargs.py
[2024-05-03T18:19:21.322+0000] {processor.py:840} INFO - DAG(s) 'example_xcom_args_with_operators', 'example_xcom_args' retrieved from /home/airflow/.local/lib/python3.11/site-packages/airflow/example_dags/example_xcomargs.py
[2024-05-03T18:19:21.627+0000] {logging_mixin.py:188} INFO - [2024-05-03T18:19:21.618+0000] {dag.py:3096} INFO - Sync 2 DAGs
[2024-05-03T18:19:21.794+0000] {logging_mixin.py:188} INFO - [2024-05-03T18:19:21.794+0000] {dag.py:3954} INFO - Setting next_dagrun for example_xcom_args to None, run_after=None
[2024-05-03T18:19:21.854+0000] {logging_mixin.py:188} INFO - [2024-05-03T18:19:21.853+0000] {dag.py:3954} INFO - Setting next_dagrun for example_xcom_args_with_operators to None, run_after=None
[2024-05-03T18:19:22.061+0000] {processor.py:183} INFO - Processing /home/airflow/.local/lib/python3.11/site-packages/airflow/example_dags/example_xcomargs.py took 0.979 seconds
[2024-05-03T18:19:59.263+0000] {processor.py:161} INFO - Started process (PID=330) to work on /home/airflow/.local/lib/python3.11/site-packages/airflow/example_dags/example_xcomargs.py
[2024-05-03T18:19:59.274+0000] {processor.py:830} INFO - Processing file /home/airflow/.local/lib/python3.11/site-packages/airflow/example_dags/example_xcomargs.py for tasks to queue
[2024-05-03T18:19:59.286+0000] {logging_mixin.py:188} INFO - [2024-05-03T18:19:59.285+0000] {dagbag.py:540} INFO - Filling up the DagBag from /home/airflow/.local/lib/python3.11/site-packages/airflow/example_dags/example_xcomargs.py
[2024-05-03T18:19:59.400+0000] {processor.py:840} INFO - DAG(s) 'example_xcom_args_with_operators', 'example_xcom_args' retrieved from /home/airflow/.local/lib/python3.11/site-packages/airflow/example_dags/example_xcomargs.py
[2024-05-03T18:19:59.648+0000] {logging_mixin.py:188} INFO - [2024-05-03T18:19:59.647+0000] {dag.py:3096} INFO - Sync 2 DAGs
[2024-05-03T18:19:59.780+0000] {logging_mixin.py:188} INFO - [2024-05-03T18:19:59.779+0000] {dag.py:3954} INFO - Setting next_dagrun for example_xcom_args to None, run_after=None
[2024-05-03T18:19:59.833+0000] {logging_mixin.py:188} INFO - [2024-05-03T18:19:59.832+0000] {dag.py:3954} INFO - Setting next_dagrun for example_xcom_args_with_operators to None, run_after=None
[2024-05-03T18:20:00.008+0000] {processor.py:183} INFO - Processing /home/airflow/.local/lib/python3.11/site-packages/airflow/example_dags/example_xcomargs.py took 0.817 seconds
[2024-05-03T18:20:34.915+0000] {processor.py:161} INFO - Started process (PID=388) to work on /home/airflow/.local/lib/python3.11/site-packages/airflow/example_dags/example_xcomargs.py
[2024-05-03T18:20:34.930+0000] {processor.py:830} INFO - Processing file /home/airflow/.local/lib/python3.11/site-packages/airflow/example_dags/example_xcomargs.py for tasks to queue
[2024-05-03T18:20:34.949+0000] {logging_mixin.py:188} INFO - [2024-05-03T18:20:34.948+0000] {dagbag.py:540} INFO - Filling up the DagBag from /home/airflow/.local/lib/python3.11/site-packages/airflow/example_dags/example_xcomargs.py
[2024-05-03T18:20:35.022+0000] {processor.py:840} INFO - DAG(s) 'example_xcom_args', 'example_xcom_args_with_operators' retrieved from /home/airflow/.local/lib/python3.11/site-packages/airflow/example_dags/example_xcomargs.py
[2024-05-03T18:20:35.272+0000] {logging_mixin.py:188} INFO - [2024-05-03T18:20:35.271+0000] {dag.py:3096} INFO - Sync 2 DAGs
[2024-05-03T18:20:35.385+0000] {logging_mixin.py:188} INFO - [2024-05-03T18:20:35.384+0000] {dag.py:3954} INFO - Setting next_dagrun for example_xcom_args to None, run_after=None
[2024-05-03T18:20:35.418+0000] {logging_mixin.py:188} INFO - [2024-05-03T18:20:35.414+0000] {dag.py:3954} INFO - Setting next_dagrun for example_xcom_args_with_operators to None, run_after=None
[2024-05-03T18:20:35.582+0000] {processor.py:183} INFO - Processing /home/airflow/.local/lib/python3.11/site-packages/airflow/example_dags/example_xcomargs.py took 0.723 seconds
[2024-05-03T18:21:03.501+0000] {processor.py:161} INFO - Started process (PID=443) to work on /home/airflow/.local/lib/python3.11/site-packages/airflow/example_dags/example_xcomargs.py
[2024-05-03T18:21:03.516+0000] {processor.py:830} INFO - Processing file /home/airflow/.local/lib/python3.11/site-packages/airflow/example_dags/example_xcomargs.py for tasks to queue
[2024-05-03T18:21:03.528+0000] {logging_mixin.py:188} INFO - [2024-05-03T18:21:03.524+0000] {dagbag.py:540} INFO - Filling up the DagBag from /home/airflow/.local/lib/python3.11/site-packages/airflow/example_dags/example_xcomargs.py
[2024-05-03T18:21:03.677+0000] {processor.py:840} INFO - DAG(s) 'example_xcom_args', 'example_xcom_args_with_operators' retrieved from /home/airflow/.local/lib/python3.11/site-packages/airflow/example_dags/example_xcomargs.py
[2024-05-03T18:21:03.941+0000] {logging_mixin.py:188} INFO - [2024-05-03T18:21:03.940+0000] {dag.py:3096} INFO - Sync 2 DAGs
[2024-05-03T18:21:04.037+0000] {logging_mixin.py:188} INFO - [2024-05-03T18:21:04.036+0000] {dag.py:3954} INFO - Setting next_dagrun for example_xcom_args to None, run_after=None
[2024-05-03T18:21:04.069+0000] {logging_mixin.py:188} INFO - [2024-05-03T18:21:04.066+0000] {dag.py:3954} INFO - Setting next_dagrun for example_xcom_args_with_operators to None, run_after=None
[2024-05-03T18:21:04.209+0000] {processor.py:183} INFO - Processing /home/airflow/.local/lib/python3.11/site-packages/airflow/example_dags/example_xcomargs.py took 0.855 seconds
[2024-05-03T18:21:34.978+0000] {processor.py:161} INFO - Started process (PID=500) to work on /home/airflow/.local/lib/python3.11/site-packages/airflow/example_dags/example_xcomargs.py
[2024-05-03T18:21:34.980+0000] {processor.py:830} INFO - Processing file /home/airflow/.local/lib/python3.11/site-packages/airflow/example_dags/example_xcomargs.py for tasks to queue
[2024-05-03T18:21:34.984+0000] {logging_mixin.py:188} INFO - [2024-05-03T18:21:34.983+0000] {dagbag.py:540} INFO - Filling up the DagBag from /home/airflow/.local/lib/python3.11/site-packages/airflow/example_dags/example_xcomargs.py
[2024-05-03T18:21:35.002+0000] {processor.py:840} INFO - DAG(s) 'example_xcom_args', 'example_xcom_args_with_operators' retrieved from /home/airflow/.local/lib/python3.11/site-packages/airflow/example_dags/example_xcomargs.py
[2024-05-03T18:21:35.063+0000] {logging_mixin.py:188} INFO - [2024-05-03T18:21:35.063+0000] {dag.py:3096} INFO - Sync 2 DAGs
[2024-05-03T18:21:35.101+0000] {logging_mixin.py:188} INFO - [2024-05-03T18:21:35.100+0000] {dag.py:3954} INFO - Setting next_dagrun for example_xcom_args to None, run_after=None
[2024-05-03T18:21:35.110+0000] {logging_mixin.py:188} INFO - [2024-05-03T18:21:35.110+0000] {dag.py:3954} INFO - Setting next_dagrun for example_xcom_args_with_operators to None, run_after=None
[2024-05-03T18:21:35.306+0000] {processor.py:183} INFO - Processing /home/airflow/.local/lib/python3.11/site-packages/airflow/example_dags/example_xcomargs.py took 0.327 seconds
[2024-05-03T18:22:05.481+0000] {processor.py:161} INFO - Started process (PID=556) to work on /home/airflow/.local/lib/python3.11/site-packages/airflow/example_dags/example_xcomargs.py
[2024-05-03T18:22:05.487+0000] {processor.py:830} INFO - Processing file /home/airflow/.local/lib/python3.11/site-packages/airflow/example_dags/example_xcomargs.py for tasks to queue
[2024-05-03T18:22:05.508+0000] {logging_mixin.py:188} INFO - [2024-05-03T18:22:05.507+0000] {dagbag.py:540} INFO - Filling up the DagBag from /home/airflow/.local/lib/python3.11/site-packages/airflow/example_dags/example_xcomargs.py
[2024-05-03T18:22:05.615+0000] {processor.py:840} INFO - DAG(s) 'example_xcom_args', 'example_xcom_args_with_operators' retrieved from /home/airflow/.local/lib/python3.11/site-packages/airflow/example_dags/example_xcomargs.py
[2024-05-03T18:22:05.801+0000] {logging_mixin.py:188} INFO - [2024-05-03T18:22:05.800+0000] {dag.py:3096} INFO - Sync 2 DAGs
[2024-05-03T18:22:05.930+0000] {logging_mixin.py:188} INFO - [2024-05-03T18:22:05.929+0000] {dag.py:3954} INFO - Setting next_dagrun for example_xcom_args to None, run_after=None
[2024-05-03T18:22:05.950+0000] {logging_mixin.py:188} INFO - [2024-05-03T18:22:05.950+0000] {dag.py:3954} INFO - Setting next_dagrun for example_xcom_args_with_operators to None, run_after=None
[2024-05-03T18:22:06.160+0000] {processor.py:183} INFO - Processing /home/airflow/.local/lib/python3.11/site-packages/airflow/example_dags/example_xcomargs.py took 0.758 seconds
[2024-05-03T18:22:36.488+0000] {processor.py:161} INFO - Started process (PID=613) to work on /home/airflow/.local/lib/python3.11/site-packages/airflow/example_dags/example_xcomargs.py
[2024-05-03T18:22:36.500+0000] {processor.py:830} INFO - Processing file /home/airflow/.local/lib/python3.11/site-packages/airflow/example_dags/example_xcomargs.py for tasks to queue
[2024-05-03T18:22:36.524+0000] {logging_mixin.py:188} INFO - [2024-05-03T18:22:36.512+0000] {dagbag.py:540} INFO - Filling up the DagBag from /home/airflow/.local/lib/python3.11/site-packages/airflow/example_dags/example_xcomargs.py
[2024-05-03T18:22:36.657+0000] {processor.py:840} INFO - DAG(s) 'example_xcom_args', 'example_xcom_args_with_operators' retrieved from /home/airflow/.local/lib/python3.11/site-packages/airflow/example_dags/example_xcomargs.py
[2024-05-03T18:22:36.816+0000] {logging_mixin.py:188} INFO - [2024-05-03T18:22:36.816+0000] {dag.py:3096} INFO - Sync 2 DAGs
[2024-05-03T18:22:36.904+0000] {logging_mixin.py:188} INFO - [2024-05-03T18:22:36.903+0000] {dag.py:3954} INFO - Setting next_dagrun for example_xcom_args to None, run_after=None
[2024-05-03T18:22:36.942+0000] {logging_mixin.py:188} INFO - [2024-05-03T18:22:36.941+0000] {dag.py:3954} INFO - Setting next_dagrun for example_xcom_args_with_operators to None, run_after=None
[2024-05-03T18:22:37.725+0000] {processor.py:183} INFO - Processing /home/airflow/.local/lib/python3.11/site-packages/airflow/example_dags/example_xcomargs.py took 1.334 seconds
[2024-05-03T18:23:02.150+0000] {processor.py:161} INFO - Started process (PID=668) to work on /home/airflow/.local/lib/python3.11/site-packages/airflow/example_dags/example_xcomargs.py
[2024-05-03T18:23:02.153+0000] {processor.py:830} INFO - Processing file /home/airflow/.local/lib/python3.11/site-packages/airflow/example_dags/example_xcomargs.py for tasks to queue
[2024-05-03T18:23:02.159+0000] {logging_mixin.py:188} INFO - [2024-05-03T18:23:02.158+0000] {dagbag.py:540} INFO - Filling up the DagBag from /home/airflow/.local/lib/python3.11/site-packages/airflow/example_dags/example_xcomargs.py
[2024-05-03T18:23:02.194+0000] {processor.py:840} INFO - DAG(s) 'example_xcom_args', 'example_xcom_args_with_operators' retrieved from /home/airflow/.local/lib/python3.11/site-packages/airflow/example_dags/example_xcomargs.py
[2024-05-03T18:23:02.267+0000] {logging_mixin.py:188} INFO - [2024-05-03T18:23:02.266+0000] {dag.py:3096} INFO - Sync 2 DAGs
[2024-05-03T18:23:02.315+0000] {logging_mixin.py:188} INFO - [2024-05-03T18:23:02.315+0000] {dag.py:3954} INFO - Setting next_dagrun for example_xcom_args to None, run_after=None
[2024-05-03T18:23:02.330+0000] {logging_mixin.py:188} INFO - [2024-05-03T18:23:02.329+0000] {dag.py:3954} INFO - Setting next_dagrun for example_xcom_args_with_operators to None, run_after=None
[2024-05-03T18:23:02.483+0000] {processor.py:183} INFO - Processing /home/airflow/.local/lib/python3.11/site-packages/airflow/example_dags/example_xcomargs.py took 0.356 seconds
[2024-05-03T18:23:20.613+0000] {processor.py:161} INFO - Started process (PID=725) to work on /home/airflow/.local/lib/python3.11/site-packages/airflow/example_dags/example_xcomargs.py
[2024-05-03T18:23:20.618+0000] {processor.py:830} INFO - Processing file /home/airflow/.local/lib/python3.11/site-packages/airflow/example_dags/example_xcomargs.py for tasks to queue
[2024-05-03T18:23:20.622+0000] {logging_mixin.py:188} INFO - [2024-05-03T18:23:20.621+0000] {dagbag.py:540} INFO - Filling up the DagBag from /home/airflow/.local/lib/python3.11/site-packages/airflow/example_dags/example_xcomargs.py
[2024-05-03T18:23:20.647+0000] {processor.py:840} INFO - DAG(s) 'example_xcom_args', 'example_xcom_args_with_operators' retrieved from /home/airflow/.local/lib/python3.11/site-packages/airflow/example_dags/example_xcomargs.py
[2024-05-03T18:23:20.690+0000] {logging_mixin.py:188} INFO - [2024-05-03T18:23:20.690+0000] {dag.py:3096} INFO - Sync 2 DAGs
[2024-05-03T18:23:20.712+0000] {logging_mixin.py:188} INFO - [2024-05-03T18:23:20.712+0000] {dag.py:3954} INFO - Setting next_dagrun for example_xcom_args to None, run_after=None
[2024-05-03T18:23:20.719+0000] {logging_mixin.py:188} INFO - [2024-05-03T18:23:20.719+0000] {dag.py:3954} INFO - Setting next_dagrun for example_xcom_args_with_operators to None, run_after=None
[2024-05-03T18:23:20.948+0000] {processor.py:183} INFO - Processing /home/airflow/.local/lib/python3.11/site-packages/airflow/example_dags/example_xcomargs.py took 0.352 seconds
[2024-05-03T18:23:34.459+0000] {processor.py:161} INFO - Started process (PID=775) to work on /home/airflow/.local/lib/python3.11/site-packages/airflow/example_dags/example_xcomargs.py
[2024-05-03T18:23:34.463+0000] {processor.py:830} INFO - Processing file /home/airflow/.local/lib/python3.11/site-packages/airflow/example_dags/example_xcomargs.py for tasks to queue
[2024-05-03T18:23:34.469+0000] {logging_mixin.py:188} INFO - [2024-05-03T18:23:34.468+0000] {dagbag.py:540} INFO - Filling up the DagBag from /home/airflow/.local/lib/python3.11/site-packages/airflow/example_dags/example_xcomargs.py
[2024-05-03T18:23:34.525+0000] {processor.py:840} INFO - DAG(s) 'example_xcom_args_with_operators', 'example_xcom_args' retrieved from /home/airflow/.local/lib/python3.11/site-packages/airflow/example_dags/example_xcomargs.py
[2024-05-03T18:23:34.678+0000] {logging_mixin.py:188} INFO - [2024-05-03T18:23:34.677+0000] {dag.py:3096} INFO - Sync 2 DAGs
[2024-05-03T18:23:34.738+0000] {logging_mixin.py:188} INFO - [2024-05-03T18:23:34.737+0000] {dag.py:3954} INFO - Setting next_dagrun for example_xcom_args to None, run_after=None
[2024-05-03T18:23:34.756+0000] {logging_mixin.py:188} INFO - [2024-05-03T18:23:34.755+0000] {dag.py:3954} INFO - Setting next_dagrun for example_xcom_args_with_operators to None, run_after=None
[2024-05-03T18:23:34.937+0000] {processor.py:183} INFO - Processing /home/airflow/.local/lib/python3.11/site-packages/airflow/example_dags/example_xcomargs.py took 0.509 seconds
[2024-05-03T18:23:48.313+0000] {processor.py:161} INFO - Started process (PID=833) to work on /home/airflow/.local/lib/python3.11/site-packages/airflow/example_dags/example_xcomargs.py
[2024-05-03T18:23:48.328+0000] {processor.py:830} INFO - Processing file /home/airflow/.local/lib/python3.11/site-packages/airflow/example_dags/example_xcomargs.py for tasks to queue
[2024-05-03T18:23:48.337+0000] {logging_mixin.py:188} INFO - [2024-05-03T18:23:48.336+0000] {dagbag.py:540} INFO - Filling up the DagBag from /home/airflow/.local/lib/python3.11/site-packages/airflow/example_dags/example_xcomargs.py
[2024-05-03T18:23:48.366+0000] {processor.py:840} INFO - DAG(s) 'example_xcom_args', 'example_xcom_args_with_operators' retrieved from /home/airflow/.local/lib/python3.11/site-packages/airflow/example_dags/example_xcomargs.py
[2024-05-03T18:23:48.413+0000] {logging_mixin.py:188} INFO - [2024-05-03T18:23:48.412+0000] {dag.py:3096} INFO - Sync 2 DAGs
[2024-05-03T18:23:48.436+0000] {logging_mixin.py:188} INFO - [2024-05-03T18:23:48.436+0000] {dag.py:3954} INFO - Setting next_dagrun for example_xcom_args to None, run_after=None
[2024-05-03T18:23:48.443+0000] {logging_mixin.py:188} INFO - [2024-05-03T18:23:48.442+0000] {dag.py:3954} INFO - Setting next_dagrun for example_xcom_args_with_operators to None, run_after=None
[2024-05-03T18:23:48.586+0000] {processor.py:183} INFO - Processing /home/airflow/.local/lib/python3.11/site-packages/airflow/example_dags/example_xcomargs.py took 0.311 seconds
[2024-05-03T18:24:02.364+0000] {processor.py:161} INFO - Started process (PID=883) to work on /home/airflow/.local/lib/python3.11/site-packages/airflow/example_dags/example_xcomargs.py
[2024-05-03T18:24:02.366+0000] {processor.py:830} INFO - Processing file /home/airflow/.local/lib/python3.11/site-packages/airflow/example_dags/example_xcomargs.py for tasks to queue
[2024-05-03T18:24:02.381+0000] {logging_mixin.py:188} INFO - [2024-05-03T18:24:02.380+0000] {dagbag.py:540} INFO - Filling up the DagBag from /home/airflow/.local/lib/python3.11/site-packages/airflow/example_dags/example_xcomargs.py
[2024-05-03T18:24:02.438+0000] {processor.py:840} INFO - DAG(s) 'example_xcom_args', 'example_xcom_args_with_operators' retrieved from /home/airflow/.local/lib/python3.11/site-packages/airflow/example_dags/example_xcomargs.py
[2024-05-03T18:24:02.563+0000] {logging_mixin.py:188} INFO - [2024-05-03T18:24:02.560+0000] {dag.py:3096} INFO - Sync 2 DAGs
[2024-05-03T18:24:02.634+0000] {logging_mixin.py:188} INFO - [2024-05-03T18:24:02.633+0000] {dag.py:3954} INFO - Setting next_dagrun for example_xcom_args to None, run_after=None
[2024-05-03T18:24:02.657+0000] {logging_mixin.py:188} INFO - [2024-05-03T18:24:02.657+0000] {dag.py:3954} INFO - Setting next_dagrun for example_xcom_args_with_operators to None, run_after=None
[2024-05-03T18:24:02.738+0000] {processor.py:183} INFO - Processing /home/airflow/.local/lib/python3.11/site-packages/airflow/example_dags/example_xcomargs.py took 0.408 seconds
[2024-05-03T18:24:26.121+0000] {processor.py:161} INFO - Started process (PID=941) to work on /home/airflow/.local/lib/python3.11/site-packages/airflow/example_dags/example_xcomargs.py
[2024-05-03T18:24:26.128+0000] {processor.py:830} INFO - Processing file /home/airflow/.local/lib/python3.11/site-packages/airflow/example_dags/example_xcomargs.py for tasks to queue
[2024-05-03T18:24:26.137+0000] {logging_mixin.py:188} INFO - [2024-05-03T18:24:26.133+0000] {dagbag.py:540} INFO - Filling up the DagBag from /home/airflow/.local/lib/python3.11/site-packages/airflow/example_dags/example_xcomargs.py
[2024-05-03T18:24:26.194+0000] {processor.py:840} INFO - DAG(s) 'example_xcom_args', 'example_xcom_args_with_operators' retrieved from /home/airflow/.local/lib/python3.11/site-packages/airflow/example_dags/example_xcomargs.py
[2024-05-03T18:24:26.387+0000] {logging_mixin.py:188} INFO - [2024-05-03T18:24:26.386+0000] {dag.py:3096} INFO - Sync 2 DAGs
[2024-05-03T18:24:26.495+0000] {logging_mixin.py:188} INFO - [2024-05-03T18:24:26.494+0000] {dag.py:3954} INFO - Setting next_dagrun for example_xcom_args to None, run_after=None
[2024-05-03T18:24:26.516+0000] {logging_mixin.py:188} INFO - [2024-05-03T18:24:26.515+0000] {dag.py:3954} INFO - Setting next_dagrun for example_xcom_args_with_operators to None, run_after=None
[2024-05-03T18:24:26.625+0000] {processor.py:183} INFO - Processing /home/airflow/.local/lib/python3.11/site-packages/airflow/example_dags/example_xcomargs.py took 0.551 seconds
[2024-05-03T18:24:43.422+0000] {processor.py:161} INFO - Started process (PID=991) to work on /home/airflow/.local/lib/python3.11/site-packages/airflow/example_dags/example_xcomargs.py
[2024-05-03T18:24:43.424+0000] {processor.py:830} INFO - Processing file /home/airflow/.local/lib/python3.11/site-packages/airflow/example_dags/example_xcomargs.py for tasks to queue
[2024-05-03T18:24:43.429+0000] {logging_mixin.py:188} INFO - [2024-05-03T18:24:43.428+0000] {dagbag.py:540} INFO - Filling up the DagBag from /home/airflow/.local/lib/python3.11/site-packages/airflow/example_dags/example_xcomargs.py
[2024-05-03T18:24:43.453+0000] {processor.py:840} INFO - DAG(s) 'example_xcom_args', 'example_xcom_args_with_operators' retrieved from /home/airflow/.local/lib/python3.11/site-packages/airflow/example_dags/example_xcomargs.py
[2024-05-03T18:24:43.512+0000] {logging_mixin.py:188} INFO - [2024-05-03T18:24:43.512+0000] {dag.py:3096} INFO - Sync 2 DAGs
[2024-05-03T18:24:43.550+0000] {logging_mixin.py:188} INFO - [2024-05-03T18:24:43.550+0000] {dag.py:3954} INFO - Setting next_dagrun for example_xcom_args to None, run_after=None
[2024-05-03T18:24:43.566+0000] {logging_mixin.py:188} INFO - [2024-05-03T18:24:43.565+0000] {dag.py:3954} INFO - Setting next_dagrun for example_xcom_args_with_operators to None, run_after=None
[2024-05-03T18:24:43.732+0000] {processor.py:183} INFO - Processing /home/airflow/.local/lib/python3.11/site-packages/airflow/example_dags/example_xcomargs.py took 0.326 seconds
[2024-05-03T18:25:15.957+0000] {processor.py:161} INFO - Started process (PID=1049) to work on /home/airflow/.local/lib/python3.11/site-packages/airflow/example_dags/example_xcomargs.py
[2024-05-03T18:25:15.970+0000] {processor.py:830} INFO - Processing file /home/airflow/.local/lib/python3.11/site-packages/airflow/example_dags/example_xcomargs.py for tasks to queue
[2024-05-03T18:25:15.991+0000] {logging_mixin.py:188} INFO - [2024-05-03T18:25:15.990+0000] {dagbag.py:540} INFO - Filling up the DagBag from /home/airflow/.local/lib/python3.11/site-packages/airflow/example_dags/example_xcomargs.py
[2024-05-03T18:25:16.095+0000] {processor.py:840} INFO - DAG(s) 'example_xcom_args', 'example_xcom_args_with_operators' retrieved from /home/airflow/.local/lib/python3.11/site-packages/airflow/example_dags/example_xcomargs.py
[2024-05-03T18:25:16.359+0000] {logging_mixin.py:188} INFO - [2024-05-03T18:25:16.359+0000] {dag.py:3096} INFO - Sync 2 DAGs
[2024-05-03T18:25:16.495+0000] {logging_mixin.py:188} INFO - [2024-05-03T18:25:16.491+0000] {dag.py:3954} INFO - Setting next_dagrun for example_xcom_args to None, run_after=None
[2024-05-03T18:25:16.546+0000] {logging_mixin.py:188} INFO - [2024-05-03T18:25:16.545+0000] {dag.py:3954} INFO - Setting next_dagrun for example_xcom_args_with_operators to None, run_after=None
[2024-05-03T18:25:16.734+0000] {processor.py:183} INFO - Processing /home/airflow/.local/lib/python3.11/site-packages/airflow/example_dags/example_xcomargs.py took 0.833 seconds
[2024-05-03T18:26:02.872+0000] {processor.py:161} INFO - Started process (PID=1110) to work on /home/airflow/.local/lib/python3.11/site-packages/airflow/example_dags/example_xcomargs.py
[2024-05-03T18:26:02.946+0000] {processor.py:830} INFO - Processing file /home/airflow/.local/lib/python3.11/site-packages/airflow/example_dags/example_xcomargs.py for tasks to queue
[2024-05-03T18:26:02.980+0000] {logging_mixin.py:188} INFO - [2024-05-03T18:26:02.979+0000] {dagbag.py:540} INFO - Filling up the DagBag from /home/airflow/.local/lib/python3.11/site-packages/airflow/example_dags/example_xcomargs.py
[2024-05-03T18:26:03.252+0000] {processor.py:840} INFO - DAG(s) 'example_xcom_args_with_operators', 'example_xcom_args' retrieved from /home/airflow/.local/lib/python3.11/site-packages/airflow/example_dags/example_xcomargs.py
[2024-05-03T18:26:04.503+0000] {logging_mixin.py:188} INFO - [2024-05-03T18:26:04.502+0000] {dag.py:3096} INFO - Sync 2 DAGs
[2024-05-03T18:26:04.682+0000] {logging_mixin.py:188} INFO - [2024-05-03T18:26:04.681+0000] {dag.py:3954} INFO - Setting next_dagrun for example_xcom_args to None, run_after=None
[2024-05-03T18:26:04.734+0000] {logging_mixin.py:188} INFO - [2024-05-03T18:26:04.732+0000] {dag.py:3954} INFO - Setting next_dagrun for example_xcom_args_with_operators to None, run_after=None
[2024-05-03T18:26:05.009+0000] {processor.py:183} INFO - Processing /home/airflow/.local/lib/python3.11/site-packages/airflow/example_dags/example_xcomargs.py took 2.332 seconds
[2024-05-03T18:27:09.053+0000] {processor.py:161} INFO - Started process (PID=1173) to work on /home/airflow/.local/lib/python3.11/site-packages/airflow/example_dags/example_xcomargs.py
[2024-05-03T18:27:09.072+0000] {processor.py:830} INFO - Processing file /home/airflow/.local/lib/python3.11/site-packages/airflow/example_dags/example_xcomargs.py for tasks to queue
[2024-05-03T18:27:09.123+0000] {logging_mixin.py:188} INFO - [2024-05-03T18:27:09.109+0000] {dagbag.py:540} INFO - Filling up the DagBag from /home/airflow/.local/lib/python3.11/site-packages/airflow/example_dags/example_xcomargs.py
[2024-05-03T18:27:09.407+0000] {processor.py:840} INFO - DAG(s) 'example_xcom_args', 'example_xcom_args_with_operators' retrieved from /home/airflow/.local/lib/python3.11/site-packages/airflow/example_dags/example_xcomargs.py
[2024-05-03T18:27:09.901+0000] {logging_mixin.py:188} INFO - [2024-05-03T18:27:09.900+0000] {dag.py:3096} INFO - Sync 2 DAGs
[2024-05-03T18:27:10.142+0000] {logging_mixin.py:188} INFO - [2024-05-03T18:27:10.140+0000] {dag.py:3954} INFO - Setting next_dagrun for example_xcom_args to None, run_after=None
[2024-05-03T18:27:10.179+0000] {logging_mixin.py:188} INFO - [2024-05-03T18:27:10.178+0000] {dag.py:3954} INFO - Setting next_dagrun for example_xcom_args_with_operators to None, run_after=None
[2024-05-03T18:27:10.299+0000] {processor.py:183} INFO - Processing /home/airflow/.local/lib/python3.11/site-packages/airflow/example_dags/example_xcomargs.py took 1.579 seconds
[2024-05-03T18:28:12.151+0000] {processor.py:161} INFO - Started process (PID=1234) to work on /home/airflow/.local/lib/python3.11/site-packages/airflow/example_dags/example_xcomargs.py
[2024-05-03T18:28:12.174+0000] {processor.py:830} INFO - Processing file /home/airflow/.local/lib/python3.11/site-packages/airflow/example_dags/example_xcomargs.py for tasks to queue
[2024-05-03T18:28:12.183+0000] {logging_mixin.py:188} INFO - [2024-05-03T18:28:12.182+0000] {dagbag.py:540} INFO - Filling up the DagBag from /home/airflow/.local/lib/python3.11/site-packages/airflow/example_dags/example_xcomargs.py
[2024-05-03T18:28:12.271+0000] {processor.py:840} INFO - DAG(s) 'example_xcom_args_with_operators', 'example_xcom_args' retrieved from /home/airflow/.local/lib/python3.11/site-packages/airflow/example_dags/example_xcomargs.py
[2024-05-03T18:28:12.337+0000] {logging_mixin.py:188} INFO - [2024-05-03T18:28:12.337+0000] {dag.py:3096} INFO - Sync 2 DAGs
[2024-05-03T18:28:12.395+0000] {logging_mixin.py:188} INFO - [2024-05-03T18:28:12.394+0000] {dag.py:3954} INFO - Setting next_dagrun for example_xcom_args to None, run_after=None
[2024-05-03T18:28:12.429+0000] {logging_mixin.py:188} INFO - [2024-05-03T18:28:12.428+0000] {dag.py:3954} INFO - Setting next_dagrun for example_xcom_args_with_operators to None, run_after=None
[2024-05-03T18:28:12.616+0000] {processor.py:183} INFO - Processing /home/airflow/.local/lib/python3.11/site-packages/airflow/example_dags/example_xcomargs.py took 0.559 seconds
[2024-05-03T18:29:00.311+0000] {processor.py:161} INFO - Started process (PID=1295) to work on /home/airflow/.local/lib/python3.11/site-packages/airflow/example_dags/example_xcomargs.py
[2024-05-03T18:29:00.339+0000] {processor.py:830} INFO - Processing file /home/airflow/.local/lib/python3.11/site-packages/airflow/example_dags/example_xcomargs.py for tasks to queue
[2024-05-03T18:29:00.360+0000] {logging_mixin.py:188} INFO - [2024-05-03T18:29:00.348+0000] {dagbag.py:540} INFO - Filling up the DagBag from /home/airflow/.local/lib/python3.11/site-packages/airflow/example_dags/example_xcomargs.py
[2024-05-03T18:29:00.441+0000] {processor.py:840} INFO - DAG(s) 'example_xcom_args_with_operators', 'example_xcom_args' retrieved from /home/airflow/.local/lib/python3.11/site-packages/airflow/example_dags/example_xcomargs.py
[2024-05-03T18:29:00.763+0000] {logging_mixin.py:188} INFO - [2024-05-03T18:29:00.762+0000] {dag.py:3096} INFO - Sync 2 DAGs
[2024-05-03T18:29:00.901+0000] {logging_mixin.py:188} INFO - [2024-05-03T18:29:00.900+0000] {dag.py:3954} INFO - Setting next_dagrun for example_xcom_args to None, run_after=None
[2024-05-03T18:29:00.954+0000] {logging_mixin.py:188} INFO - [2024-05-03T18:29:00.953+0000] {dag.py:3954} INFO - Setting next_dagrun for example_xcom_args_with_operators to None, run_after=None
[2024-05-03T18:29:01.295+0000] {processor.py:183} INFO - Processing /home/airflow/.local/lib/python3.11/site-packages/airflow/example_dags/example_xcomargs.py took 1.150 seconds
