[2024-05-03T18:16:48.643+0000] {processor.py:161} INFO - Started process (PID=77) to work on /home/airflow/.local/lib/python3.11/site-packages/airflow/example_dags/example_skip_dag.py
[2024-05-03T18:16:48.650+0000] {processor.py:830} INFO - Processing file /home/airflow/.local/lib/python3.11/site-packages/airflow/example_dags/example_skip_dag.py for tasks to queue
[2024-05-03T18:16:48.657+0000] {logging_mixin.py:188} INFO - [2024-05-03T18:16:48.656+0000] {dagbag.py:540} INFO - Filling up the DagBag from /home/airflow/.local/lib/python3.11/site-packages/airflow/example_dags/example_skip_dag.py
[2024-05-03T18:16:48.882+0000] {processor.py:840} INFO - DAG(s) 'example_skip_dag' retrieved from /home/airflow/.local/lib/python3.11/site-packages/airflow/example_dags/example_skip_dag.py
[2024-05-03T18:16:50.575+0000] {logging_mixin.py:188} INFO - [2024-05-03T18:16:50.573+0000] {override.py:1829} INFO - Created Permission View: can edit on DAG:example_skip_dag
[2024-05-03T18:16:50.692+0000] {logging_mixin.py:188} INFO - [2024-05-03T18:16:50.691+0000] {override.py:1829} INFO - Created Permission View: can read on DAG:example_skip_dag
[2024-05-03T18:16:50.872+0000] {logging_mixin.py:188} INFO - [2024-05-03T18:16:50.871+0000] {override.py:1829} INFO - Created Permission View: can delete on DAG:example_skip_dag
[2024-05-03T18:16:50.883+0000] {logging_mixin.py:188} INFO - [2024-05-03T18:16:50.882+0000] {dag.py:3096} INFO - Sync 1 DAGs
[2024-05-03T18:16:51.032+0000] {logging_mixin.py:188} INFO - [2024-05-03T18:16:51.031+0000] {dag.py:3118} INFO - Creating ORM DAG for example_skip_dag
[2024-05-03T18:16:51.195+0000] {logging_mixin.py:188} INFO - [2024-05-03T18:16:51.194+0000] {dag.py:3954} INFO - Setting next_dagrun for example_skip_dag to 2024-05-02 00:00:00+00:00, run_after=2024-05-03 00:00:00+00:00
[2024-05-03T18:16:51.376+0000] {processor.py:183} INFO - Processing /home/airflow/.local/lib/python3.11/site-packages/airflow/example_dags/example_skip_dag.py took 2.779 seconds
[2024-05-03T18:17:48.477+0000] {processor.py:161} INFO - Started process (PID=143) to work on /home/airflow/.local/lib/python3.11/site-packages/airflow/example_dags/example_skip_dag.py
[2024-05-03T18:17:48.492+0000] {processor.py:830} INFO - Processing file /home/airflow/.local/lib/python3.11/site-packages/airflow/example_dags/example_skip_dag.py for tasks to queue
[2024-05-03T18:17:48.508+0000] {logging_mixin.py:188} INFO - [2024-05-03T18:17:48.507+0000] {dagbag.py:540} INFO - Filling up the DagBag from /home/airflow/.local/lib/python3.11/site-packages/airflow/example_dags/example_skip_dag.py
[2024-05-03T18:17:48.585+0000] {processor.py:840} INFO - DAG(s) 'example_skip_dag' retrieved from /home/airflow/.local/lib/python3.11/site-packages/airflow/example_dags/example_skip_dag.py
[2024-05-03T18:17:48.851+0000] {logging_mixin.py:188} INFO - [2024-05-03T18:17:48.849+0000] {dag.py:3096} INFO - Sync 1 DAGs
[2024-05-03T18:17:49.110+0000] {logging_mixin.py:188} INFO - [2024-05-03T18:17:49.101+0000] {dag.py:3954} INFO - Setting next_dagrun for example_skip_dag to 2024-05-02 00:00:00+00:00, run_after=2024-05-03 00:00:00+00:00
[2024-05-03T18:17:49.266+0000] {processor.py:183} INFO - Processing /home/airflow/.local/lib/python3.11/site-packages/airflow/example_dags/example_skip_dag.py took 0.845 seconds
[2024-05-03T18:18:26.099+0000] {processor.py:161} INFO - Started process (PID=199) to work on /home/airflow/.local/lib/python3.11/site-packages/airflow/example_dags/example_skip_dag.py
[2024-05-03T18:18:26.106+0000] {processor.py:830} INFO - Processing file /home/airflow/.local/lib/python3.11/site-packages/airflow/example_dags/example_skip_dag.py for tasks to queue
[2024-05-03T18:18:26.140+0000] {logging_mixin.py:188} INFO - [2024-05-03T18:18:26.139+0000] {dagbag.py:540} INFO - Filling up the DagBag from /home/airflow/.local/lib/python3.11/site-packages/airflow/example_dags/example_skip_dag.py
[2024-05-03T18:18:26.249+0000] {processor.py:840} INFO - DAG(s) 'example_skip_dag' retrieved from /home/airflow/.local/lib/python3.11/site-packages/airflow/example_dags/example_skip_dag.py
[2024-05-03T18:18:26.591+0000] {logging_mixin.py:188} INFO - [2024-05-03T18:18:26.590+0000] {dag.py:3096} INFO - Sync 1 DAGs
[2024-05-03T18:18:26.935+0000] {logging_mixin.py:188} INFO - [2024-05-03T18:18:26.934+0000] {dag.py:3954} INFO - Setting next_dagrun for example_skip_dag to 2024-05-02 00:00:00+00:00, run_after=2024-05-03 00:00:00+00:00
[2024-05-03T18:18:27.164+0000] {processor.py:183} INFO - Processing /home/airflow/.local/lib/python3.11/site-packages/airflow/example_dags/example_skip_dag.py took 1.186 seconds
[2024-05-03T18:19:10.982+0000] {processor.py:161} INFO - Started process (PID=256) to work on /home/airflow/.local/lib/python3.11/site-packages/airflow/example_dags/example_skip_dag.py
[2024-05-03T18:19:11.033+0000] {processor.py:830} INFO - Processing file /home/airflow/.local/lib/python3.11/site-packages/airflow/example_dags/example_skip_dag.py for tasks to queue
[2024-05-03T18:19:11.051+0000] {logging_mixin.py:188} INFO - [2024-05-03T18:19:11.047+0000] {dagbag.py:540} INFO - Filling up the DagBag from /home/airflow/.local/lib/python3.11/site-packages/airflow/example_dags/example_skip_dag.py
[2024-05-03T18:19:11.128+0000] {processor.py:840} INFO - DAG(s) 'example_skip_dag' retrieved from /home/airflow/.local/lib/python3.11/site-packages/airflow/example_dags/example_skip_dag.py
[2024-05-03T18:19:11.395+0000] {logging_mixin.py:188} INFO - [2024-05-03T18:19:11.388+0000] {dag.py:3096} INFO - Sync 1 DAGs
[2024-05-03T18:19:11.747+0000] {logging_mixin.py:188} INFO - [2024-05-03T18:19:11.746+0000] {dag.py:3954} INFO - Setting next_dagrun for example_skip_dag to 2024-05-02 00:00:00+00:00, run_after=2024-05-03 00:00:00+00:00
[2024-05-03T18:19:11.973+0000] {processor.py:183} INFO - Processing /home/airflow/.local/lib/python3.11/site-packages/airflow/example_dags/example_skip_dag.py took 1.102 seconds
[2024-05-03T18:19:52.157+0000] {processor.py:161} INFO - Started process (PID=317) to work on /home/airflow/.local/lib/python3.11/site-packages/airflow/example_dags/example_skip_dag.py
[2024-05-03T18:19:52.161+0000] {processor.py:830} INFO - Processing file /home/airflow/.local/lib/python3.11/site-packages/airflow/example_dags/example_skip_dag.py for tasks to queue
[2024-05-03T18:19:52.181+0000] {logging_mixin.py:188} INFO - [2024-05-03T18:19:52.179+0000] {dagbag.py:540} INFO - Filling up the DagBag from /home/airflow/.local/lib/python3.11/site-packages/airflow/example_dags/example_skip_dag.py
[2024-05-03T18:19:52.249+0000] {processor.py:840} INFO - DAG(s) 'example_skip_dag' retrieved from /home/airflow/.local/lib/python3.11/site-packages/airflow/example_dags/example_skip_dag.py
[2024-05-03T18:19:52.485+0000] {logging_mixin.py:188} INFO - [2024-05-03T18:19:52.484+0000] {dag.py:3096} INFO - Sync 1 DAGs
[2024-05-03T18:19:52.658+0000] {logging_mixin.py:188} INFO - [2024-05-03T18:19:52.657+0000] {dag.py:3954} INFO - Setting next_dagrun for example_skip_dag to 2024-05-02 00:00:00+00:00, run_after=2024-05-03 00:00:00+00:00
[2024-05-03T18:19:52.959+0000] {processor.py:183} INFO - Processing /home/airflow/.local/lib/python3.11/site-packages/airflow/example_dags/example_skip_dag.py took 0.860 seconds
[2024-05-03T18:20:27.064+0000] {processor.py:161} INFO - Started process (PID=375) to work on /home/airflow/.local/lib/python3.11/site-packages/airflow/example_dags/example_skip_dag.py
[2024-05-03T18:20:27.072+0000] {processor.py:830} INFO - Processing file /home/airflow/.local/lib/python3.11/site-packages/airflow/example_dags/example_skip_dag.py for tasks to queue
[2024-05-03T18:20:27.111+0000] {logging_mixin.py:188} INFO - [2024-05-03T18:20:27.107+0000] {dagbag.py:540} INFO - Filling up the DagBag from /home/airflow/.local/lib/python3.11/site-packages/airflow/example_dags/example_skip_dag.py
[2024-05-03T18:20:27.242+0000] {processor.py:840} INFO - DAG(s) 'example_skip_dag' retrieved from /home/airflow/.local/lib/python3.11/site-packages/airflow/example_dags/example_skip_dag.py
[2024-05-03T18:20:27.955+0000] {logging_mixin.py:188} INFO - [2024-05-03T18:20:27.954+0000] {dag.py:3096} INFO - Sync 1 DAGs
[2024-05-03T18:20:28.176+0000] {logging_mixin.py:188} INFO - [2024-05-03T18:20:28.176+0000] {dag.py:3954} INFO - Setting next_dagrun for example_skip_dag to 2024-05-02 00:00:00+00:00, run_after=2024-05-03 00:00:00+00:00
[2024-05-03T18:20:28.324+0000] {processor.py:183} INFO - Processing /home/airflow/.local/lib/python3.11/site-packages/airflow/example_dags/example_skip_dag.py took 1.351 seconds
[2024-05-03T18:20:55.878+0000] {processor.py:161} INFO - Started process (PID=430) to work on /home/airflow/.local/lib/python3.11/site-packages/airflow/example_dags/example_skip_dag.py
[2024-05-03T18:20:55.883+0000] {processor.py:830} INFO - Processing file /home/airflow/.local/lib/python3.11/site-packages/airflow/example_dags/example_skip_dag.py for tasks to queue
[2024-05-03T18:20:55.892+0000] {logging_mixin.py:188} INFO - [2024-05-03T18:20:55.890+0000] {dagbag.py:540} INFO - Filling up the DagBag from /home/airflow/.local/lib/python3.11/site-packages/airflow/example_dags/example_skip_dag.py
[2024-05-03T18:20:55.942+0000] {processor.py:840} INFO - DAG(s) 'example_skip_dag' retrieved from /home/airflow/.local/lib/python3.11/site-packages/airflow/example_dags/example_skip_dag.py
[2024-05-03T18:20:56.146+0000] {logging_mixin.py:188} INFO - [2024-05-03T18:20:56.144+0000] {dag.py:3096} INFO - Sync 1 DAGs
[2024-05-03T18:20:56.337+0000] {logging_mixin.py:188} INFO - [2024-05-03T18:20:56.336+0000] {dag.py:3954} INFO - Setting next_dagrun for example_skip_dag to 2024-05-02 00:00:00+00:00, run_after=2024-05-03 00:00:00+00:00
[2024-05-03T18:20:56.498+0000] {processor.py:183} INFO - Processing /home/airflow/.local/lib/python3.11/site-packages/airflow/example_dags/example_skip_dag.py took 0.685 seconds
[2024-05-03T18:21:27.514+0000] {processor.py:161} INFO - Started process (PID=487) to work on /home/airflow/.local/lib/python3.11/site-packages/airflow/example_dags/example_skip_dag.py
[2024-05-03T18:21:27.519+0000] {processor.py:830} INFO - Processing file /home/airflow/.local/lib/python3.11/site-packages/airflow/example_dags/example_skip_dag.py for tasks to queue
[2024-05-03T18:21:27.537+0000] {logging_mixin.py:188} INFO - [2024-05-03T18:21:27.535+0000] {dagbag.py:540} INFO - Filling up the DagBag from /home/airflow/.local/lib/python3.11/site-packages/airflow/example_dags/example_skip_dag.py
[2024-05-03T18:21:27.639+0000] {processor.py:840} INFO - DAG(s) 'example_skip_dag' retrieved from /home/airflow/.local/lib/python3.11/site-packages/airflow/example_dags/example_skip_dag.py
[2024-05-03T18:21:27.902+0000] {logging_mixin.py:188} INFO - [2024-05-03T18:21:27.901+0000] {dag.py:3096} INFO - Sync 1 DAGs
[2024-05-03T18:21:28.110+0000] {logging_mixin.py:188} INFO - [2024-05-03T18:21:28.110+0000] {dag.py:3954} INFO - Setting next_dagrun for example_skip_dag to 2024-05-02 00:00:00+00:00, run_after=2024-05-03 00:00:00+00:00
[2024-05-03T18:21:28.400+0000] {processor.py:183} INFO - Processing /home/airflow/.local/lib/python3.11/site-packages/airflow/example_dags/example_skip_dag.py took 0.956 seconds
[2024-05-03T18:21:58.825+0000] {processor.py:161} INFO - Started process (PID=543) to work on /home/airflow/.local/lib/python3.11/site-packages/airflow/example_dags/example_skip_dag.py
[2024-05-03T18:21:58.835+0000] {processor.py:830} INFO - Processing file /home/airflow/.local/lib/python3.11/site-packages/airflow/example_dags/example_skip_dag.py for tasks to queue
[2024-05-03T18:21:58.853+0000] {logging_mixin.py:188} INFO - [2024-05-03T18:21:58.852+0000] {dagbag.py:540} INFO - Filling up the DagBag from /home/airflow/.local/lib/python3.11/site-packages/airflow/example_dags/example_skip_dag.py
[2024-05-03T18:21:58.912+0000] {processor.py:840} INFO - DAG(s) 'example_skip_dag' retrieved from /home/airflow/.local/lib/python3.11/site-packages/airflow/example_dags/example_skip_dag.py
[2024-05-03T18:21:59.065+0000] {logging_mixin.py:188} INFO - [2024-05-03T18:21:59.063+0000] {dag.py:3096} INFO - Sync 1 DAGs
[2024-05-03T18:21:59.214+0000] {logging_mixin.py:188} INFO - [2024-05-03T18:21:59.213+0000] {dag.py:3954} INFO - Setting next_dagrun for example_skip_dag to 2024-05-02 00:00:00+00:00, run_after=2024-05-03 00:00:00+00:00
[2024-05-03T18:21:59.352+0000] {processor.py:183} INFO - Processing /home/airflow/.local/lib/python3.11/site-packages/airflow/example_dags/example_skip_dag.py took 0.627 seconds
[2024-05-03T18:22:30.504+0000] {processor.py:161} INFO - Started process (PID=600) to work on /home/airflow/.local/lib/python3.11/site-packages/airflow/example_dags/example_skip_dag.py
[2024-05-03T18:22:30.551+0000] {processor.py:830} INFO - Processing file /home/airflow/.local/lib/python3.11/site-packages/airflow/example_dags/example_skip_dag.py for tasks to queue
[2024-05-03T18:22:30.590+0000] {logging_mixin.py:188} INFO - [2024-05-03T18:22:30.588+0000] {dagbag.py:540} INFO - Filling up the DagBag from /home/airflow/.local/lib/python3.11/site-packages/airflow/example_dags/example_skip_dag.py
[2024-05-03T18:22:30.650+0000] {processor.py:840} INFO - DAG(s) 'example_skip_dag' retrieved from /home/airflow/.local/lib/python3.11/site-packages/airflow/example_dags/example_skip_dag.py
[2024-05-03T18:22:30.824+0000] {logging_mixin.py:188} INFO - [2024-05-03T18:22:30.820+0000] {dag.py:3096} INFO - Sync 1 DAGs
[2024-05-03T18:22:31.021+0000] {logging_mixin.py:188} INFO - [2024-05-03T18:22:31.020+0000] {dag.py:3954} INFO - Setting next_dagrun for example_skip_dag to 2024-05-02 00:00:00+00:00, run_after=2024-05-03 00:00:00+00:00
[2024-05-03T18:22:31.536+0000] {processor.py:183} INFO - Processing /home/airflow/.local/lib/python3.11/site-packages/airflow/example_dags/example_skip_dag.py took 1.096 seconds
[2024-05-03T18:22:58.109+0000] {processor.py:161} INFO - Started process (PID=655) to work on /home/airflow/.local/lib/python3.11/site-packages/airflow/example_dags/example_skip_dag.py
[2024-05-03T18:22:58.113+0000] {processor.py:830} INFO - Processing file /home/airflow/.local/lib/python3.11/site-packages/airflow/example_dags/example_skip_dag.py for tasks to queue
[2024-05-03T18:22:58.147+0000] {logging_mixin.py:188} INFO - [2024-05-03T18:22:58.144+0000] {dagbag.py:540} INFO - Filling up the DagBag from /home/airflow/.local/lib/python3.11/site-packages/airflow/example_dags/example_skip_dag.py
[2024-05-03T18:22:58.185+0000] {processor.py:840} INFO - DAG(s) 'example_skip_dag' retrieved from /home/airflow/.local/lib/python3.11/site-packages/airflow/example_dags/example_skip_dag.py
[2024-05-03T18:22:58.258+0000] {logging_mixin.py:188} INFO - [2024-05-03T18:22:58.257+0000] {dag.py:3096} INFO - Sync 1 DAGs
[2024-05-03T18:22:58.358+0000] {logging_mixin.py:188} INFO - [2024-05-03T18:22:58.356+0000] {dag.py:3954} INFO - Setting next_dagrun for example_skip_dag to 2024-05-02 00:00:00+00:00, run_after=2024-05-03 00:00:00+00:00
[2024-05-03T18:22:58.480+0000] {processor.py:183} INFO - Processing /home/airflow/.local/lib/python3.11/site-packages/airflow/example_dags/example_skip_dag.py took 0.412 seconds
[2024-05-03T18:23:15.600+0000] {processor.py:161} INFO - Started process (PID=706) to work on /home/airflow/.local/lib/python3.11/site-packages/airflow/example_dags/example_skip_dag.py
[2024-05-03T18:23:15.603+0000] {processor.py:830} INFO - Processing file /home/airflow/.local/lib/python3.11/site-packages/airflow/example_dags/example_skip_dag.py for tasks to queue
[2024-05-03T18:23:15.611+0000] {logging_mixin.py:188} INFO - [2024-05-03T18:23:15.610+0000] {dagbag.py:540} INFO - Filling up the DagBag from /home/airflow/.local/lib/python3.11/site-packages/airflow/example_dags/example_skip_dag.py
[2024-05-03T18:23:15.636+0000] {processor.py:840} INFO - DAG(s) 'example_skip_dag' retrieved from /home/airflow/.local/lib/python3.11/site-packages/airflow/example_dags/example_skip_dag.py
[2024-05-03T18:23:15.711+0000] {logging_mixin.py:188} INFO - [2024-05-03T18:23:15.710+0000] {dag.py:3096} INFO - Sync 1 DAGs
[2024-05-03T18:23:15.780+0000] {logging_mixin.py:188} INFO - [2024-05-03T18:23:15.779+0000] {dag.py:3954} INFO - Setting next_dagrun for example_skip_dag to 2024-05-02 00:00:00+00:00, run_after=2024-05-03 00:00:00+00:00
[2024-05-03T18:23:15.839+0000] {processor.py:183} INFO - Processing /home/airflow/.local/lib/python3.11/site-packages/airflow/example_dags/example_skip_dag.py took 0.264 seconds
[2024-05-03T18:23:31.782+0000] {processor.py:161} INFO - Started process (PID=762) to work on /home/airflow/.local/lib/python3.11/site-packages/airflow/example_dags/example_skip_dag.py
[2024-05-03T18:23:31.784+0000] {processor.py:830} INFO - Processing file /home/airflow/.local/lib/python3.11/site-packages/airflow/example_dags/example_skip_dag.py for tasks to queue
[2024-05-03T18:23:31.788+0000] {logging_mixin.py:188} INFO - [2024-05-03T18:23:31.787+0000] {dagbag.py:540} INFO - Filling up the DagBag from /home/airflow/.local/lib/python3.11/site-packages/airflow/example_dags/example_skip_dag.py
[2024-05-03T18:23:31.818+0000] {processor.py:840} INFO - DAG(s) 'example_skip_dag' retrieved from /home/airflow/.local/lib/python3.11/site-packages/airflow/example_dags/example_skip_dag.py
[2024-05-03T18:23:31.927+0000] {logging_mixin.py:188} INFO - [2024-05-03T18:23:31.927+0000] {dag.py:3096} INFO - Sync 1 DAGs
[2024-05-03T18:23:31.990+0000] {logging_mixin.py:188} INFO - [2024-05-03T18:23:31.989+0000] {dag.py:3954} INFO - Setting next_dagrun for example_skip_dag to 2024-05-02 00:00:00+00:00, run_after=2024-05-03 00:00:00+00:00
[2024-05-03T18:23:32.119+0000] {processor.py:183} INFO - Processing /home/airflow/.local/lib/python3.11/site-packages/airflow/example_dags/example_skip_dag.py took 0.354 seconds
[2024-05-03T18:23:44.879+0000] {processor.py:161} INFO - Started process (PID=813) to work on /home/airflow/.local/lib/python3.11/site-packages/airflow/example_dags/example_skip_dag.py
[2024-05-03T18:23:44.888+0000] {processor.py:830} INFO - Processing file /home/airflow/.local/lib/python3.11/site-packages/airflow/example_dags/example_skip_dag.py for tasks to queue
[2024-05-03T18:23:44.895+0000] {logging_mixin.py:188} INFO - [2024-05-03T18:23:44.893+0000] {dagbag.py:540} INFO - Filling up the DagBag from /home/airflow/.local/lib/python3.11/site-packages/airflow/example_dags/example_skip_dag.py
[2024-05-03T18:23:44.930+0000] {processor.py:840} INFO - DAG(s) 'example_skip_dag' retrieved from /home/airflow/.local/lib/python3.11/site-packages/airflow/example_dags/example_skip_dag.py
[2024-05-03T18:23:45.001+0000] {logging_mixin.py:188} INFO - [2024-05-03T18:23:45.000+0000] {dag.py:3096} INFO - Sync 1 DAGs
[2024-05-03T18:23:45.062+0000] {logging_mixin.py:188} INFO - [2024-05-03T18:23:45.062+0000] {dag.py:3954} INFO - Setting next_dagrun for example_skip_dag to 2024-05-02 00:00:00+00:00, run_after=2024-05-03 00:00:00+00:00
[2024-05-03T18:23:45.131+0000] {processor.py:183} INFO - Processing /home/airflow/.local/lib/python3.11/site-packages/airflow/example_dags/example_skip_dag.py took 0.273 seconds
[2024-05-03T18:23:59.925+0000] {processor.py:161} INFO - Started process (PID=870) to work on /home/airflow/.local/lib/python3.11/site-packages/airflow/example_dags/example_skip_dag.py
[2024-05-03T18:23:59.930+0000] {processor.py:830} INFO - Processing file /home/airflow/.local/lib/python3.11/site-packages/airflow/example_dags/example_skip_dag.py for tasks to queue
[2024-05-03T18:23:59.936+0000] {logging_mixin.py:188} INFO - [2024-05-03T18:23:59.935+0000] {dagbag.py:540} INFO - Filling up the DagBag from /home/airflow/.local/lib/python3.11/site-packages/airflow/example_dags/example_skip_dag.py
[2024-05-03T18:23:59.962+0000] {processor.py:840} INFO - DAG(s) 'example_skip_dag' retrieved from /home/airflow/.local/lib/python3.11/site-packages/airflow/example_dags/example_skip_dag.py
[2024-05-03T18:24:00.045+0000] {logging_mixin.py:188} INFO - [2024-05-03T18:24:00.044+0000] {dag.py:3096} INFO - Sync 1 DAGs
[2024-05-03T18:24:00.119+0000] {logging_mixin.py:188} INFO - [2024-05-03T18:24:00.118+0000] {dag.py:3954} INFO - Setting next_dagrun for example_skip_dag to 2024-05-02 00:00:00+00:00, run_after=2024-05-03 00:00:00+00:00
[2024-05-03T18:24:00.180+0000] {processor.py:183} INFO - Processing /home/airflow/.local/lib/python3.11/site-packages/airflow/example_dags/example_skip_dag.py took 0.273 seconds
[2024-05-03T18:24:21.381+0000] {processor.py:161} INFO - Started process (PID=928) to work on /home/airflow/.local/lib/python3.11/site-packages/airflow/example_dags/example_skip_dag.py
[2024-05-03T18:24:21.388+0000] {processor.py:830} INFO - Processing file /home/airflow/.local/lib/python3.11/site-packages/airflow/example_dags/example_skip_dag.py for tasks to queue
[2024-05-03T18:24:21.399+0000] {logging_mixin.py:188} INFO - [2024-05-03T18:24:21.398+0000] {dagbag.py:540} INFO - Filling up the DagBag from /home/airflow/.local/lib/python3.11/site-packages/airflow/example_dags/example_skip_dag.py
[2024-05-03T18:24:21.438+0000] {processor.py:840} INFO - DAG(s) 'example_skip_dag' retrieved from /home/airflow/.local/lib/python3.11/site-packages/airflow/example_dags/example_skip_dag.py
[2024-05-03T18:24:21.597+0000] {logging_mixin.py:188} INFO - [2024-05-03T18:24:21.596+0000] {dag.py:3096} INFO - Sync 1 DAGs
[2024-05-03T18:24:21.791+0000] {logging_mixin.py:188} INFO - [2024-05-03T18:24:21.782+0000] {dag.py:3954} INFO - Setting next_dagrun for example_skip_dag to 2024-05-02 00:00:00+00:00, run_after=2024-05-03 00:00:00+00:00
[2024-05-03T18:24:21.916+0000] {processor.py:183} INFO - Processing /home/airflow/.local/lib/python3.11/site-packages/airflow/example_dags/example_skip_dag.py took 0.563 seconds
[2024-05-03T18:24:39.501+0000] {processor.py:161} INFO - Started process (PID=978) to work on /home/airflow/.local/lib/python3.11/site-packages/airflow/example_dags/example_skip_dag.py
[2024-05-03T18:24:39.509+0000] {processor.py:830} INFO - Processing file /home/airflow/.local/lib/python3.11/site-packages/airflow/example_dags/example_skip_dag.py for tasks to queue
[2024-05-03T18:24:39.518+0000] {logging_mixin.py:188} INFO - [2024-05-03T18:24:39.517+0000] {dagbag.py:540} INFO - Filling up the DagBag from /home/airflow/.local/lib/python3.11/site-packages/airflow/example_dags/example_skip_dag.py
[2024-05-03T18:24:39.561+0000] {processor.py:840} INFO - DAG(s) 'example_skip_dag' retrieved from /home/airflow/.local/lib/python3.11/site-packages/airflow/example_dags/example_skip_dag.py
[2024-05-03T18:24:39.686+0000] {logging_mixin.py:188} INFO - [2024-05-03T18:24:39.685+0000] {dag.py:3096} INFO - Sync 1 DAGs
[2024-05-03T18:24:39.822+0000] {logging_mixin.py:188} INFO - [2024-05-03T18:24:39.819+0000] {dag.py:3954} INFO - Setting next_dagrun for example_skip_dag to 2024-05-02 00:00:00+00:00, run_after=2024-05-03 00:00:00+00:00
[2024-05-03T18:24:40.110+0000] {processor.py:183} INFO - Processing /home/airflow/.local/lib/python3.11/site-packages/airflow/example_dags/example_skip_dag.py took 0.652 seconds
[2024-05-03T18:25:05.040+0000] {processor.py:161} INFO - Started process (PID=1036) to work on /home/airflow/.local/lib/python3.11/site-packages/airflow/example_dags/example_skip_dag.py
[2024-05-03T18:25:05.057+0000] {processor.py:830} INFO - Processing file /home/airflow/.local/lib/python3.11/site-packages/airflow/example_dags/example_skip_dag.py for tasks to queue
[2024-05-03T18:25:05.088+0000] {logging_mixin.py:188} INFO - [2024-05-03T18:25:05.087+0000] {dagbag.py:540} INFO - Filling up the DagBag from /home/airflow/.local/lib/python3.11/site-packages/airflow/example_dags/example_skip_dag.py
[2024-05-03T18:25:05.203+0000] {processor.py:840} INFO - DAG(s) 'example_skip_dag' retrieved from /home/airflow/.local/lib/python3.11/site-packages/airflow/example_dags/example_skip_dag.py
[2024-05-03T18:25:05.569+0000] {logging_mixin.py:188} INFO - [2024-05-03T18:25:05.568+0000] {dag.py:3096} INFO - Sync 1 DAGs
[2024-05-03T18:25:05.918+0000] {logging_mixin.py:188} INFO - [2024-05-03T18:25:05.918+0000] {dag.py:3954} INFO - Setting next_dagrun for example_skip_dag to 2024-05-02 00:00:00+00:00, run_after=2024-05-03 00:00:00+00:00
[2024-05-03T18:25:06.145+0000] {processor.py:183} INFO - Processing /home/airflow/.local/lib/python3.11/site-packages/airflow/example_dags/example_skip_dag.py took 1.212 seconds
[2024-05-03T18:25:51.519+0000] {processor.py:161} INFO - Started process (PID=1097) to work on /home/airflow/.local/lib/python3.11/site-packages/airflow/example_dags/example_skip_dag.py
[2024-05-03T18:25:51.676+0000] {processor.py:830} INFO - Processing file /home/airflow/.local/lib/python3.11/site-packages/airflow/example_dags/example_skip_dag.py for tasks to queue
[2024-05-03T18:25:51.682+0000] {logging_mixin.py:188} INFO - [2024-05-03T18:25:51.681+0000] {dagbag.py:540} INFO - Filling up the DagBag from /home/airflow/.local/lib/python3.11/site-packages/airflow/example_dags/example_skip_dag.py
[2024-05-03T18:25:51.697+0000] {processor.py:840} INFO - DAG(s) 'example_skip_dag' retrieved from /home/airflow/.local/lib/python3.11/site-packages/airflow/example_dags/example_skip_dag.py
[2024-05-03T18:25:51.736+0000] {logging_mixin.py:188} INFO - [2024-05-03T18:25:51.736+0000] {dag.py:3096} INFO - Sync 1 DAGs
[2024-05-03T18:25:51.789+0000] {logging_mixin.py:188} INFO - [2024-05-03T18:25:51.788+0000] {dag.py:3954} INFO - Setting next_dagrun for example_skip_dag to 2024-05-02 00:00:00+00:00, run_after=2024-05-03 00:00:00+00:00
[2024-05-03T18:25:52.465+0000] {processor.py:183} INFO - Processing /home/airflow/.local/lib/python3.11/site-packages/airflow/example_dags/example_skip_dag.py took 0.967 seconds
[2024-05-03T18:26:55.756+0000] {processor.py:161} INFO - Started process (PID=1160) to work on /home/airflow/.local/lib/python3.11/site-packages/airflow/example_dags/example_skip_dag.py
[2024-05-03T18:26:55.786+0000] {processor.py:830} INFO - Processing file /home/airflow/.local/lib/python3.11/site-packages/airflow/example_dags/example_skip_dag.py for tasks to queue
[2024-05-03T18:26:55.822+0000] {logging_mixin.py:188} INFO - [2024-05-03T18:26:55.813+0000] {dagbag.py:540} INFO - Filling up the DagBag from /home/airflow/.local/lib/python3.11/site-packages/airflow/example_dags/example_skip_dag.py
[2024-05-03T18:26:55.883+0000] {processor.py:840} INFO - DAG(s) 'example_skip_dag' retrieved from /home/airflow/.local/lib/python3.11/site-packages/airflow/example_dags/example_skip_dag.py
[2024-05-03T18:26:56.110+0000] {logging_mixin.py:188} INFO - [2024-05-03T18:26:56.109+0000] {dag.py:3096} INFO - Sync 1 DAGs
[2024-05-03T18:26:56.200+0000] {logging_mixin.py:188} INFO - [2024-05-03T18:26:56.200+0000] {dag.py:3954} INFO - Setting next_dagrun for example_skip_dag to 2024-05-02 00:00:00+00:00, run_after=2024-05-03 00:00:00+00:00
[2024-05-03T18:26:56.697+0000] {processor.py:183} INFO - Processing /home/airflow/.local/lib/python3.11/site-packages/airflow/example_dags/example_skip_dag.py took 0.997 seconds
[2024-05-03T18:28:01.825+0000] {processor.py:161} INFO - Started process (PID=1221) to work on /home/airflow/.local/lib/python3.11/site-packages/airflow/example_dags/example_skip_dag.py
[2024-05-03T18:28:01.842+0000] {processor.py:830} INFO - Processing file /home/airflow/.local/lib/python3.11/site-packages/airflow/example_dags/example_skip_dag.py for tasks to queue
[2024-05-03T18:28:01.871+0000] {logging_mixin.py:188} INFO - [2024-05-03T18:28:01.858+0000] {dagbag.py:540} INFO - Filling up the DagBag from /home/airflow/.local/lib/python3.11/site-packages/airflow/example_dags/example_skip_dag.py
[2024-05-03T18:28:01.992+0000] {processor.py:840} INFO - DAG(s) 'example_skip_dag' retrieved from /home/airflow/.local/lib/python3.11/site-packages/airflow/example_dags/example_skip_dag.py
[2024-05-03T18:28:02.300+0000] {logging_mixin.py:188} INFO - [2024-05-03T18:28:02.299+0000] {dag.py:3096} INFO - Sync 1 DAGs
[2024-05-03T18:28:02.688+0000] {logging_mixin.py:188} INFO - [2024-05-03T18:28:02.687+0000] {dag.py:3954} INFO - Setting next_dagrun for example_skip_dag to 2024-05-02 00:00:00+00:00, run_after=2024-05-03 00:00:00+00:00
[2024-05-03T18:28:02.913+0000] {processor.py:183} INFO - Processing /home/airflow/.local/lib/python3.11/site-packages/airflow/example_dags/example_skip_dag.py took 1.343 seconds
[2024-05-03T18:28:50.498+0000] {processor.py:161} INFO - Started process (PID=1277) to work on /home/airflow/.local/lib/python3.11/site-packages/airflow/example_dags/example_skip_dag.py
[2024-05-03T18:28:50.513+0000] {processor.py:830} INFO - Processing file /home/airflow/.local/lib/python3.11/site-packages/airflow/example_dags/example_skip_dag.py for tasks to queue
[2024-05-03T18:28:50.526+0000] {logging_mixin.py:188} INFO - [2024-05-03T18:28:50.525+0000] {dagbag.py:540} INFO - Filling up the DagBag from /home/airflow/.local/lib/python3.11/site-packages/airflow/example_dags/example_skip_dag.py
[2024-05-03T18:28:50.703+0000] {processor.py:840} INFO - DAG(s) 'example_skip_dag' retrieved from /home/airflow/.local/lib/python3.11/site-packages/airflow/example_dags/example_skip_dag.py
[2024-05-03T18:28:50.977+0000] {logging_mixin.py:188} INFO - [2024-05-03T18:28:50.976+0000] {dag.py:3096} INFO - Sync 1 DAGs
[2024-05-03T18:28:51.290+0000] {logging_mixin.py:188} INFO - [2024-05-03T18:28:51.289+0000] {dag.py:3954} INFO - Setting next_dagrun for example_skip_dag to 2024-05-02 00:00:00+00:00, run_after=2024-05-03 00:00:00+00:00
[2024-05-03T18:28:51.585+0000] {processor.py:183} INFO - Processing /home/airflow/.local/lib/python3.11/site-packages/airflow/example_dags/example_skip_dag.py took 1.167 seconds
