[2024-05-03T18:16:30.129+0000] {processor.py:161} INFO - Started process (PID=60) to work on /home/airflow/.local/lib/python3.11/site-packages/airflow/example_dags/example_latest_only.py
[2024-05-03T18:16:30.148+0000] {processor.py:830} INFO - Processing file /home/airflow/.local/lib/python3.11/site-packages/airflow/example_dags/example_latest_only.py for tasks to queue
[2024-05-03T18:16:30.223+0000] {logging_mixin.py:188} INFO - [2024-05-03T18:16:30.222+0000] {dagbag.py:540} INFO - Filling up the DagBag from /home/airflow/.local/lib/python3.11/site-packages/airflow/example_dags/example_latest_only.py
[2024-05-03T18:16:30.405+0000] {processor.py:840} INFO - DAG(s) 'latest_only' retrieved from /home/airflow/.local/lib/python3.11/site-packages/airflow/example_dags/example_latest_only.py
[2024-05-03T18:16:32.047+0000] {logging_mixin.py:188} INFO - [2024-05-03T18:16:32.017+0000] {override.py:1829} INFO - Created Permission View: can edit on DAG:latest_only
[2024-05-03T18:16:32.214+0000] {logging_mixin.py:188} INFO - [2024-05-03T18:16:32.202+0000] {override.py:1829} INFO - Created Permission View: can read on DAG:latest_only
[2024-05-03T18:16:32.321+0000] {logging_mixin.py:188} INFO - [2024-05-03T18:16:32.320+0000] {override.py:1829} INFO - Created Permission View: can delete on DAG:latest_only
[2024-05-03T18:16:32.332+0000] {logging_mixin.py:188} INFO - [2024-05-03T18:16:32.332+0000] {dag.py:3096} INFO - Sync 1 DAGs
[2024-05-03T18:16:32.562+0000] {logging_mixin.py:188} INFO - [2024-05-03T18:16:32.543+0000] {dag.py:3118} INFO - Creating ORM DAG for latest_only
[2024-05-03T18:16:32.895+0000] {logging_mixin.py:188} INFO - [2024-05-03T18:16:32.890+0000] {dag.py:3954} INFO - Setting next_dagrun for latest_only to 2024-05-03 12:00:00+00:00, run_after=2024-05-03 16:00:00+00:00
[2024-05-03T18:16:33.125+0000] {processor.py:183} INFO - Processing /home/airflow/.local/lib/python3.11/site-packages/airflow/example_dags/example_latest_only.py took 3.069 seconds
[2024-05-03T18:17:39.641+0000] {processor.py:161} INFO - Started process (PID=125) to work on /home/airflow/.local/lib/python3.11/site-packages/airflow/example_dags/example_latest_only.py
[2024-05-03T18:17:39.664+0000] {processor.py:830} INFO - Processing file /home/airflow/.local/lib/python3.11/site-packages/airflow/example_dags/example_latest_only.py for tasks to queue
[2024-05-03T18:17:39.690+0000] {logging_mixin.py:188} INFO - [2024-05-03T18:17:39.689+0000] {dagbag.py:540} INFO - Filling up the DagBag from /home/airflow/.local/lib/python3.11/site-packages/airflow/example_dags/example_latest_only.py
[2024-05-03T18:17:39.753+0000] {processor.py:840} INFO - DAG(s) 'latest_only' retrieved from /home/airflow/.local/lib/python3.11/site-packages/airflow/example_dags/example_latest_only.py
[2024-05-03T18:17:40.002+0000] {logging_mixin.py:188} INFO - [2024-05-03T18:17:40.001+0000] {dag.py:3096} INFO - Sync 1 DAGs
[2024-05-03T18:17:40.265+0000] {logging_mixin.py:188} INFO - [2024-05-03T18:17:40.264+0000] {dag.py:3954} INFO - Setting next_dagrun for latest_only to 2024-05-03 12:00:00+00:00, run_after=2024-05-03 16:00:00+00:00
[2024-05-03T18:17:40.480+0000] {processor.py:183} INFO - Processing /home/airflow/.local/lib/python3.11/site-packages/airflow/example_dags/example_latest_only.py took 0.894 seconds
[2024-05-03T18:18:16.328+0000] {processor.py:161} INFO - Started process (PID=188) to work on /home/airflow/.local/lib/python3.11/site-packages/airflow/example_dags/example_latest_only.py
[2024-05-03T18:18:16.373+0000] {processor.py:830} INFO - Processing file /home/airflow/.local/lib/python3.11/site-packages/airflow/example_dags/example_latest_only.py for tasks to queue
[2024-05-03T18:18:16.405+0000] {logging_mixin.py:188} INFO - [2024-05-03T18:18:16.398+0000] {dagbag.py:540} INFO - Filling up the DagBag from /home/airflow/.local/lib/python3.11/site-packages/airflow/example_dags/example_latest_only.py
[2024-05-03T18:18:16.485+0000] {processor.py:840} INFO - DAG(s) 'latest_only' retrieved from /home/airflow/.local/lib/python3.11/site-packages/airflow/example_dags/example_latest_only.py
[2024-05-03T18:18:16.754+0000] {logging_mixin.py:188} INFO - [2024-05-03T18:18:16.741+0000] {dag.py:3096} INFO - Sync 1 DAGs
[2024-05-03T18:18:17.131+0000] {logging_mixin.py:188} INFO - [2024-05-03T18:18:17.130+0000] {dag.py:3954} INFO - Setting next_dagrun for latest_only to 2024-05-03 12:00:00+00:00, run_after=2024-05-03 16:00:00+00:00
[2024-05-03T18:18:17.805+0000] {processor.py:183} INFO - Processing /home/airflow/.local/lib/python3.11/site-packages/airflow/example_dags/example_latest_only.py took 1.584 seconds
[2024-05-03T18:19:00.940+0000] {processor.py:161} INFO - Started process (PID=245) to work on /home/airflow/.local/lib/python3.11/site-packages/airflow/example_dags/example_latest_only.py
[2024-05-03T18:19:00.953+0000] {processor.py:830} INFO - Processing file /home/airflow/.local/lib/python3.11/site-packages/airflow/example_dags/example_latest_only.py for tasks to queue
[2024-05-03T18:19:00.966+0000] {logging_mixin.py:188} INFO - [2024-05-03T18:19:00.963+0000] {dagbag.py:540} INFO - Filling up the DagBag from /home/airflow/.local/lib/python3.11/site-packages/airflow/example_dags/example_latest_only.py
[2024-05-03T18:19:01.007+0000] {processor.py:840} INFO - DAG(s) 'latest_only' retrieved from /home/airflow/.local/lib/python3.11/site-packages/airflow/example_dags/example_latest_only.py
[2024-05-03T18:19:01.190+0000] {logging_mixin.py:188} INFO - [2024-05-03T18:19:01.189+0000] {dag.py:3096} INFO - Sync 1 DAGs
[2024-05-03T18:19:01.506+0000] {logging_mixin.py:188} INFO - [2024-05-03T18:19:01.500+0000] {dag.py:3954} INFO - Setting next_dagrun for latest_only to 2024-05-03 12:00:00+00:00, run_after=2024-05-03 16:00:00+00:00
[2024-05-03T18:19:01.850+0000] {processor.py:183} INFO - Processing /home/airflow/.local/lib/python3.11/site-packages/airflow/example_dags/example_latest_only.py took 0.961 seconds
[2024-05-03T18:19:42.607+0000] {processor.py:161} INFO - Started process (PID=300) to work on /home/airflow/.local/lib/python3.11/site-packages/airflow/example_dags/example_latest_only.py
[2024-05-03T18:19:42.609+0000] {processor.py:830} INFO - Processing file /home/airflow/.local/lib/python3.11/site-packages/airflow/example_dags/example_latest_only.py for tasks to queue
[2024-05-03T18:19:42.614+0000] {logging_mixin.py:188} INFO - [2024-05-03T18:19:42.613+0000] {dagbag.py:540} INFO - Filling up the DagBag from /home/airflow/.local/lib/python3.11/site-packages/airflow/example_dags/example_latest_only.py
[2024-05-03T18:19:42.625+0000] {processor.py:840} INFO - DAG(s) 'latest_only' retrieved from /home/airflow/.local/lib/python3.11/site-packages/airflow/example_dags/example_latest_only.py
[2024-05-03T18:19:42.712+0000] {logging_mixin.py:188} INFO - [2024-05-03T18:19:42.712+0000] {dag.py:3096} INFO - Sync 1 DAGs
[2024-05-03T18:19:42.769+0000] {logging_mixin.py:188} INFO - [2024-05-03T18:19:42.768+0000] {dag.py:3954} INFO - Setting next_dagrun for latest_only to 2024-05-03 12:00:00+00:00, run_after=2024-05-03 16:00:00+00:00
[2024-05-03T18:19:43.057+0000] {processor.py:183} INFO - Processing /home/airflow/.local/lib/python3.11/site-packages/airflow/example_dags/example_latest_only.py took 0.462 seconds
[2024-05-03T18:20:20.852+0000] {processor.py:161} INFO - Started process (PID=364) to work on /home/airflow/.local/lib/python3.11/site-packages/airflow/example_dags/example_latest_only.py
[2024-05-03T18:20:20.856+0000] {processor.py:830} INFO - Processing file /home/airflow/.local/lib/python3.11/site-packages/airflow/example_dags/example_latest_only.py for tasks to queue
[2024-05-03T18:20:20.867+0000] {logging_mixin.py:188} INFO - [2024-05-03T18:20:20.866+0000] {dagbag.py:540} INFO - Filling up the DagBag from /home/airflow/.local/lib/python3.11/site-packages/airflow/example_dags/example_latest_only.py
[2024-05-03T18:20:20.911+0000] {processor.py:840} INFO - DAG(s) 'latest_only' retrieved from /home/airflow/.local/lib/python3.11/site-packages/airflow/example_dags/example_latest_only.py
[2024-05-03T18:20:21.027+0000] {logging_mixin.py:188} INFO - [2024-05-03T18:20:21.027+0000] {dag.py:3096} INFO - Sync 1 DAGs
[2024-05-03T18:20:21.157+0000] {logging_mixin.py:188} INFO - [2024-05-03T18:20:21.157+0000] {dag.py:3954} INFO - Setting next_dagrun for latest_only to 2024-05-03 12:00:00+00:00, run_after=2024-05-03 16:00:00+00:00
[2024-05-03T18:20:21.657+0000] {processor.py:183} INFO - Processing /home/airflow/.local/lib/python3.11/site-packages/airflow/example_dags/example_latest_only.py took 0.856 seconds
[2024-05-03T18:20:49.849+0000] {processor.py:161} INFO - Started process (PID=419) to work on /home/airflow/.local/lib/python3.11/site-packages/airflow/example_dags/example_latest_only.py
[2024-05-03T18:20:49.856+0000] {processor.py:830} INFO - Processing file /home/airflow/.local/lib/python3.11/site-packages/airflow/example_dags/example_latest_only.py for tasks to queue
[2024-05-03T18:20:49.867+0000] {logging_mixin.py:188} INFO - [2024-05-03T18:20:49.864+0000] {dagbag.py:540} INFO - Filling up the DagBag from /home/airflow/.local/lib/python3.11/site-packages/airflow/example_dags/example_latest_only.py
[2024-05-03T18:20:49.914+0000] {processor.py:840} INFO - DAG(s) 'latest_only' retrieved from /home/airflow/.local/lib/python3.11/site-packages/airflow/example_dags/example_latest_only.py
[2024-05-03T18:20:50.198+0000] {logging_mixin.py:188} INFO - [2024-05-03T18:20:50.190+0000] {dag.py:3096} INFO - Sync 1 DAGs
[2024-05-03T18:20:50.483+0000] {logging_mixin.py:188} INFO - [2024-05-03T18:20:50.476+0000] {dag.py:3954} INFO - Setting next_dagrun for latest_only to 2024-05-03 12:00:00+00:00, run_after=2024-05-03 16:00:00+00:00
[2024-05-03T18:20:50.740+0000] {processor.py:183} INFO - Processing /home/airflow/.local/lib/python3.11/site-packages/airflow/example_dags/example_latest_only.py took 0.962 seconds
[2024-05-03T18:21:21.127+0000] {processor.py:161} INFO - Started process (PID=476) to work on /home/airflow/.local/lib/python3.11/site-packages/airflow/example_dags/example_latest_only.py
[2024-05-03T18:21:21.134+0000] {processor.py:830} INFO - Processing file /home/airflow/.local/lib/python3.11/site-packages/airflow/example_dags/example_latest_only.py for tasks to queue
[2024-05-03T18:21:21.154+0000] {logging_mixin.py:188} INFO - [2024-05-03T18:21:21.152+0000] {dagbag.py:540} INFO - Filling up the DagBag from /home/airflow/.local/lib/python3.11/site-packages/airflow/example_dags/example_latest_only.py
[2024-05-03T18:21:21.209+0000] {processor.py:840} INFO - DAG(s) 'latest_only' retrieved from /home/airflow/.local/lib/python3.11/site-packages/airflow/example_dags/example_latest_only.py
[2024-05-03T18:21:21.381+0000] {logging_mixin.py:188} INFO - [2024-05-03T18:21:21.380+0000] {dag.py:3096} INFO - Sync 1 DAGs
[2024-05-03T18:21:21.642+0000] {logging_mixin.py:188} INFO - [2024-05-03T18:21:21.642+0000] {dag.py:3954} INFO - Setting next_dagrun for latest_only to 2024-05-03 12:00:00+00:00, run_after=2024-05-03 16:00:00+00:00
[2024-05-03T18:21:21.823+0000] {processor.py:183} INFO - Processing /home/airflow/.local/lib/python3.11/site-packages/airflow/example_dags/example_latest_only.py took 0.769 seconds
[2024-05-03T18:21:51.442+0000] {processor.py:161} INFO - Started process (PID=532) to work on /home/airflow/.local/lib/python3.11/site-packages/airflow/example_dags/example_latest_only.py
[2024-05-03T18:21:51.447+0000] {processor.py:830} INFO - Processing file /home/airflow/.local/lib/python3.11/site-packages/airflow/example_dags/example_latest_only.py for tasks to queue
[2024-05-03T18:21:51.463+0000] {logging_mixin.py:188} INFO - [2024-05-03T18:21:51.462+0000] {dagbag.py:540} INFO - Filling up the DagBag from /home/airflow/.local/lib/python3.11/site-packages/airflow/example_dags/example_latest_only.py
[2024-05-03T18:21:51.520+0000] {processor.py:840} INFO - DAG(s) 'latest_only' retrieved from /home/airflow/.local/lib/python3.11/site-packages/airflow/example_dags/example_latest_only.py
[2024-05-03T18:21:51.708+0000] {logging_mixin.py:188} INFO - [2024-05-03T18:21:51.707+0000] {dag.py:3096} INFO - Sync 1 DAGs
[2024-05-03T18:21:51.888+0000] {logging_mixin.py:188} INFO - [2024-05-03T18:21:51.887+0000] {dag.py:3954} INFO - Setting next_dagrun for latest_only to 2024-05-03 12:00:00+00:00, run_after=2024-05-03 16:00:00+00:00
[2024-05-03T18:21:52.089+0000] {processor.py:183} INFO - Processing /home/airflow/.local/lib/python3.11/site-packages/airflow/example_dags/example_latest_only.py took 0.689 seconds
[2024-05-03T18:22:24.428+0000] {processor.py:161} INFO - Started process (PID=589) to work on /home/airflow/.local/lib/python3.11/site-packages/airflow/example_dags/example_latest_only.py
[2024-05-03T18:22:24.441+0000] {processor.py:830} INFO - Processing file /home/airflow/.local/lib/python3.11/site-packages/airflow/example_dags/example_latest_only.py for tasks to queue
[2024-05-03T18:22:24.460+0000] {logging_mixin.py:188} INFO - [2024-05-03T18:22:24.448+0000] {dagbag.py:540} INFO - Filling up the DagBag from /home/airflow/.local/lib/python3.11/site-packages/airflow/example_dags/example_latest_only.py
[2024-05-03T18:22:24.531+0000] {processor.py:840} INFO - DAG(s) 'latest_only' retrieved from /home/airflow/.local/lib/python3.11/site-packages/airflow/example_dags/example_latest_only.py
[2024-05-03T18:22:24.736+0000] {logging_mixin.py:188} INFO - [2024-05-03T18:22:24.736+0000] {dag.py:3096} INFO - Sync 1 DAGs
[2024-05-03T18:22:24.944+0000] {logging_mixin.py:188} INFO - [2024-05-03T18:22:24.943+0000] {dag.py:3954} INFO - Setting next_dagrun for latest_only to 2024-05-03 12:00:00+00:00, run_after=2024-05-03 16:00:00+00:00
[2024-05-03T18:22:25.158+0000] {processor.py:183} INFO - Processing /home/airflow/.local/lib/python3.11/site-packages/airflow/example_dags/example_latest_only.py took 0.788 seconds
[2024-05-03T18:22:53.035+0000] {processor.py:161} INFO - Started process (PID=644) to work on /home/airflow/.local/lib/python3.11/site-packages/airflow/example_dags/example_latest_only.py
[2024-05-03T18:22:53.048+0000] {processor.py:830} INFO - Processing file /home/airflow/.local/lib/python3.11/site-packages/airflow/example_dags/example_latest_only.py for tasks to queue
[2024-05-03T18:22:53.056+0000] {logging_mixin.py:188} INFO - [2024-05-03T18:22:53.055+0000] {dagbag.py:540} INFO - Filling up the DagBag from /home/airflow/.local/lib/python3.11/site-packages/airflow/example_dags/example_latest_only.py
[2024-05-03T18:22:53.112+0000] {processor.py:840} INFO - DAG(s) 'latest_only' retrieved from /home/airflow/.local/lib/python3.11/site-packages/airflow/example_dags/example_latest_only.py
[2024-05-03T18:22:53.261+0000] {logging_mixin.py:188} INFO - [2024-05-03T18:22:53.260+0000] {dag.py:3096} INFO - Sync 1 DAGs
[2024-05-03T18:22:53.348+0000] {logging_mixin.py:188} INFO - [2024-05-03T18:22:53.348+0000] {dag.py:3954} INFO - Setting next_dagrun for latest_only to 2024-05-03 12:00:00+00:00, run_after=2024-05-03 16:00:00+00:00
[2024-05-03T18:22:53.842+0000] {processor.py:183} INFO - Processing /home/airflow/.local/lib/python3.11/site-packages/airflow/example_dags/example_latest_only.py took 0.843 seconds
[2024-05-03T18:23:12.229+0000] {processor.py:161} INFO - Started process (PID=695) to work on /home/airflow/.local/lib/python3.11/site-packages/airflow/example_dags/example_latest_only.py
[2024-05-03T18:23:12.291+0000] {processor.py:830} INFO - Processing file /home/airflow/.local/lib/python3.11/site-packages/airflow/example_dags/example_latest_only.py for tasks to queue
[2024-05-03T18:23:12.306+0000] {logging_mixin.py:188} INFO - [2024-05-03T18:23:12.304+0000] {dagbag.py:540} INFO - Filling up the DagBag from /home/airflow/.local/lib/python3.11/site-packages/airflow/example_dags/example_latest_only.py
[2024-05-03T18:23:12.349+0000] {processor.py:840} INFO - DAG(s) 'latest_only' retrieved from /home/airflow/.local/lib/python3.11/site-packages/airflow/example_dags/example_latest_only.py
[2024-05-03T18:23:12.458+0000] {logging_mixin.py:188} INFO - [2024-05-03T18:23:12.457+0000] {dag.py:3096} INFO - Sync 1 DAGs
[2024-05-03T18:23:12.558+0000] {logging_mixin.py:188} INFO - [2024-05-03T18:23:12.558+0000] {dag.py:3954} INFO - Setting next_dagrun for latest_only to 2024-05-03 12:00:00+00:00, run_after=2024-05-03 16:00:00+00:00
[2024-05-03T18:23:12.700+0000] {processor.py:183} INFO - Processing /home/airflow/.local/lib/python3.11/site-packages/airflow/example_dags/example_latest_only.py took 0.506 seconds
[2024-05-03T18:23:29.835+0000] {processor.py:161} INFO - Started process (PID=751) to work on /home/airflow/.local/lib/python3.11/site-packages/airflow/example_dags/example_latest_only.py
[2024-05-03T18:23:29.836+0000] {processor.py:830} INFO - Processing file /home/airflow/.local/lib/python3.11/site-packages/airflow/example_dags/example_latest_only.py for tasks to queue
[2024-05-03T18:23:29.840+0000] {logging_mixin.py:188} INFO - [2024-05-03T18:23:29.839+0000] {dagbag.py:540} INFO - Filling up the DagBag from /home/airflow/.local/lib/python3.11/site-packages/airflow/example_dags/example_latest_only.py
[2024-05-03T18:23:29.848+0000] {processor.py:840} INFO - DAG(s) 'latest_only' retrieved from /home/airflow/.local/lib/python3.11/site-packages/airflow/example_dags/example_latest_only.py
[2024-05-03T18:23:29.913+0000] {logging_mixin.py:188} INFO - [2024-05-03T18:23:29.913+0000] {dag.py:3096} INFO - Sync 1 DAGs
[2024-05-03T18:23:29.953+0000] {logging_mixin.py:188} INFO - [2024-05-03T18:23:29.953+0000] {dag.py:3954} INFO - Setting next_dagrun for latest_only to 2024-05-03 12:00:00+00:00, run_after=2024-05-03 16:00:00+00:00
[2024-05-03T18:23:30.098+0000] {processor.py:183} INFO - Processing /home/airflow/.local/lib/python3.11/site-packages/airflow/example_dags/example_latest_only.py took 0.276 seconds
[2024-05-03T18:23:42.499+0000] {processor.py:161} INFO - Started process (PID=802) to work on /home/airflow/.local/lib/python3.11/site-packages/airflow/example_dags/example_latest_only.py
[2024-05-03T18:23:42.515+0000] {processor.py:830} INFO - Processing file /home/airflow/.local/lib/python3.11/site-packages/airflow/example_dags/example_latest_only.py for tasks to queue
[2024-05-03T18:23:42.523+0000] {logging_mixin.py:188} INFO - [2024-05-03T18:23:42.522+0000] {dagbag.py:540} INFO - Filling up the DagBag from /home/airflow/.local/lib/python3.11/site-packages/airflow/example_dags/example_latest_only.py
[2024-05-03T18:23:42.548+0000] {processor.py:840} INFO - DAG(s) 'latest_only' retrieved from /home/airflow/.local/lib/python3.11/site-packages/airflow/example_dags/example_latest_only.py
[2024-05-03T18:23:42.661+0000] {logging_mixin.py:188} INFO - [2024-05-03T18:23:42.658+0000] {dag.py:3096} INFO - Sync 1 DAGs
[2024-05-03T18:23:42.747+0000] {logging_mixin.py:188} INFO - [2024-05-03T18:23:42.747+0000] {dag.py:3954} INFO - Setting next_dagrun for latest_only to 2024-05-03 12:00:00+00:00, run_after=2024-05-03 16:00:00+00:00
[2024-05-03T18:23:43.146+0000] {processor.py:183} INFO - Processing /home/airflow/.local/lib/python3.11/site-packages/airflow/example_dags/example_latest_only.py took 0.685 seconds
[2024-05-03T18:23:55.526+0000] {processor.py:161} INFO - Started process (PID=859) to work on /home/airflow/.local/lib/python3.11/site-packages/airflow/example_dags/example_latest_only.py
[2024-05-03T18:23:55.532+0000] {processor.py:830} INFO - Processing file /home/airflow/.local/lib/python3.11/site-packages/airflow/example_dags/example_latest_only.py for tasks to queue
[2024-05-03T18:23:55.544+0000] {logging_mixin.py:188} INFO - [2024-05-03T18:23:55.542+0000] {dagbag.py:540} INFO - Filling up the DagBag from /home/airflow/.local/lib/python3.11/site-packages/airflow/example_dags/example_latest_only.py
[2024-05-03T18:23:55.571+0000] {processor.py:840} INFO - DAG(s) 'latest_only' retrieved from /home/airflow/.local/lib/python3.11/site-packages/airflow/example_dags/example_latest_only.py
[2024-05-03T18:23:55.641+0000] {logging_mixin.py:188} INFO - [2024-05-03T18:23:55.640+0000] {dag.py:3096} INFO - Sync 1 DAGs
[2024-05-03T18:23:55.714+0000] {logging_mixin.py:188} INFO - [2024-05-03T18:23:55.713+0000] {dag.py:3954} INFO - Setting next_dagrun for latest_only to 2024-05-03 12:00:00+00:00, run_after=2024-05-03 16:00:00+00:00
[2024-05-03T18:23:56.277+0000] {processor.py:183} INFO - Processing /home/airflow/.local/lib/python3.11/site-packages/airflow/example_dags/example_latest_only.py took 0.788 seconds
[2024-05-03T18:24:17.442+0000] {processor.py:161} INFO - Started process (PID=911) to work on /home/airflow/.local/lib/python3.11/site-packages/airflow/example_dags/example_latest_only.py
[2024-05-03T18:24:17.455+0000] {processor.py:830} INFO - Processing file /home/airflow/.local/lib/python3.11/site-packages/airflow/example_dags/example_latest_only.py for tasks to queue
[2024-05-03T18:24:17.460+0000] {logging_mixin.py:188} INFO - [2024-05-03T18:24:17.459+0000] {dagbag.py:540} INFO - Filling up the DagBag from /home/airflow/.local/lib/python3.11/site-packages/airflow/example_dags/example_latest_only.py
[2024-05-03T18:24:17.484+0000] {processor.py:840} INFO - DAG(s) 'latest_only' retrieved from /home/airflow/.local/lib/python3.11/site-packages/airflow/example_dags/example_latest_only.py
[2024-05-03T18:24:17.560+0000] {logging_mixin.py:188} INFO - [2024-05-03T18:24:17.560+0000] {dag.py:3096} INFO - Sync 1 DAGs
[2024-05-03T18:24:17.619+0000] {logging_mixin.py:188} INFO - [2024-05-03T18:24:17.618+0000] {dag.py:3954} INFO - Setting next_dagrun for latest_only to 2024-05-03 12:00:00+00:00, run_after=2024-05-03 16:00:00+00:00
[2024-05-03T18:24:17.783+0000] {processor.py:183} INFO - Processing /home/airflow/.local/lib/python3.11/site-packages/airflow/example_dags/example_latest_only.py took 0.365 seconds
[2024-05-03T18:24:35.228+0000] {processor.py:161} INFO - Started process (PID=967) to work on /home/airflow/.local/lib/python3.11/site-packages/airflow/example_dags/example_latest_only.py
[2024-05-03T18:24:35.231+0000] {processor.py:830} INFO - Processing file /home/airflow/.local/lib/python3.11/site-packages/airflow/example_dags/example_latest_only.py for tasks to queue
[2024-05-03T18:24:35.240+0000] {logging_mixin.py:188} INFO - [2024-05-03T18:24:35.239+0000] {dagbag.py:540} INFO - Filling up the DagBag from /home/airflow/.local/lib/python3.11/site-packages/airflow/example_dags/example_latest_only.py
[2024-05-03T18:24:35.258+0000] {processor.py:840} INFO - DAG(s) 'latest_only' retrieved from /home/airflow/.local/lib/python3.11/site-packages/airflow/example_dags/example_latest_only.py
[2024-05-03T18:24:35.339+0000] {logging_mixin.py:188} INFO - [2024-05-03T18:24:35.338+0000] {dag.py:3096} INFO - Sync 1 DAGs
[2024-05-03T18:24:35.436+0000] {logging_mixin.py:188} INFO - [2024-05-03T18:24:35.436+0000] {dag.py:3954} INFO - Setting next_dagrun for latest_only to 2024-05-03 12:00:00+00:00, run_after=2024-05-03 16:00:00+00:00
[2024-05-03T18:24:35.822+0000] {processor.py:183} INFO - Processing /home/airflow/.local/lib/python3.11/site-packages/airflow/example_dags/example_latest_only.py took 0.618 seconds
[2024-05-03T18:24:56.527+0000] {processor.py:161} INFO - Started process (PID=1025) to work on /home/airflow/.local/lib/python3.11/site-packages/airflow/example_dags/example_latest_only.py
[2024-05-03T18:24:56.540+0000] {processor.py:830} INFO - Processing file /home/airflow/.local/lib/python3.11/site-packages/airflow/example_dags/example_latest_only.py for tasks to queue
[2024-05-03T18:24:56.555+0000] {logging_mixin.py:188} INFO - [2024-05-03T18:24:56.553+0000] {dagbag.py:540} INFO - Filling up the DagBag from /home/airflow/.local/lib/python3.11/site-packages/airflow/example_dags/example_latest_only.py
[2024-05-03T18:24:56.611+0000] {processor.py:840} INFO - DAG(s) 'latest_only' retrieved from /home/airflow/.local/lib/python3.11/site-packages/airflow/example_dags/example_latest_only.py
[2024-05-03T18:24:56.822+0000] {logging_mixin.py:188} INFO - [2024-05-03T18:24:56.822+0000] {dag.py:3096} INFO - Sync 1 DAGs
[2024-05-03T18:24:57.111+0000] {logging_mixin.py:188} INFO - [2024-05-03T18:24:57.100+0000] {dag.py:3954} INFO - Setting next_dagrun for latest_only to 2024-05-03 12:00:00+00:00, run_after=2024-05-03 16:00:00+00:00
[2024-05-03T18:24:57.293+0000] {processor.py:183} INFO - Processing /home/airflow/.local/lib/python3.11/site-packages/airflow/example_dags/example_latest_only.py took 0.808 seconds
[2024-05-03T18:25:40.417+0000] {processor.py:161} INFO - Started process (PID=1080) to work on /home/airflow/.local/lib/python3.11/site-packages/airflow/example_dags/example_latest_only.py
[2024-05-03T18:25:40.436+0000] {processor.py:830} INFO - Processing file /home/airflow/.local/lib/python3.11/site-packages/airflow/example_dags/example_latest_only.py for tasks to queue
[2024-05-03T18:25:40.466+0000] {logging_mixin.py:188} INFO - [2024-05-03T18:25:40.464+0000] {dagbag.py:540} INFO - Filling up the DagBag from /home/airflow/.local/lib/python3.11/site-packages/airflow/example_dags/example_latest_only.py
[2024-05-03T18:25:40.545+0000] {processor.py:840} INFO - DAG(s) 'latest_only' retrieved from /home/airflow/.local/lib/python3.11/site-packages/airflow/example_dags/example_latest_only.py
[2024-05-03T18:25:40.758+0000] {logging_mixin.py:188} INFO - [2024-05-03T18:25:40.751+0000] {dag.py:3096} INFO - Sync 1 DAGs
[2024-05-03T18:25:41.080+0000] {logging_mixin.py:188} INFO - [2024-05-03T18:25:41.079+0000] {dag.py:3954} INFO - Setting next_dagrun for latest_only to 2024-05-03 12:00:00+00:00, run_after=2024-05-03 16:00:00+00:00
[2024-05-03T18:25:41.378+0000] {processor.py:183} INFO - Processing /home/airflow/.local/lib/python3.11/site-packages/airflow/example_dags/example_latest_only.py took 1.042 seconds
[2024-05-03T18:26:38.363+0000] {processor.py:161} INFO - Started process (PID=1143) to work on /home/airflow/.local/lib/python3.11/site-packages/airflow/example_dags/example_latest_only.py
[2024-05-03T18:26:38.415+0000] {processor.py:830} INFO - Processing file /home/airflow/.local/lib/python3.11/site-packages/airflow/example_dags/example_latest_only.py for tasks to queue
[2024-05-03T18:26:38.469+0000] {logging_mixin.py:188} INFO - [2024-05-03T18:26:38.467+0000] {dagbag.py:540} INFO - Filling up the DagBag from /home/airflow/.local/lib/python3.11/site-packages/airflow/example_dags/example_latest_only.py
[2024-05-03T18:26:38.653+0000] {processor.py:840} INFO - DAG(s) 'latest_only' retrieved from /home/airflow/.local/lib/python3.11/site-packages/airflow/example_dags/example_latest_only.py
[2024-05-03T18:26:39.185+0000] {logging_mixin.py:188} INFO - [2024-05-03T18:26:39.184+0000] {dag.py:3096} INFO - Sync 1 DAGs
[2024-05-03T18:26:40.664+0000] {logging_mixin.py:188} INFO - [2024-05-03T18:26:40.663+0000] {dag.py:3954} INFO - Setting next_dagrun for latest_only to 2024-05-03 12:00:00+00:00, run_after=2024-05-03 16:00:00+00:00
[2024-05-03T18:26:41.334+0000] {processor.py:183} INFO - Processing /home/airflow/.local/lib/python3.11/site-packages/airflow/example_dags/example_latest_only.py took 3.046 seconds
[2024-05-03T18:27:46.264+0000] {processor.py:161} INFO - Started process (PID=1204) to work on /home/airflow/.local/lib/python3.11/site-packages/airflow/example_dags/example_latest_only.py
[2024-05-03T18:27:46.330+0000] {processor.py:830} INFO - Processing file /home/airflow/.local/lib/python3.11/site-packages/airflow/example_dags/example_latest_only.py for tasks to queue
[2024-05-03T18:27:46.363+0000] {logging_mixin.py:188} INFO - [2024-05-03T18:27:46.361+0000] {dagbag.py:540} INFO - Filling up the DagBag from /home/airflow/.local/lib/python3.11/site-packages/airflow/example_dags/example_latest_only.py
[2024-05-03T18:27:46.449+0000] {processor.py:840} INFO - DAG(s) 'latest_only' retrieved from /home/airflow/.local/lib/python3.11/site-packages/airflow/example_dags/example_latest_only.py
[2024-05-03T18:27:46.678+0000] {logging_mixin.py:188} INFO - [2024-05-03T18:27:46.677+0000] {dag.py:3096} INFO - Sync 1 DAGs
[2024-05-03T18:27:46.977+0000] {logging_mixin.py:188} INFO - [2024-05-03T18:27:46.976+0000] {dag.py:3954} INFO - Setting next_dagrun for latest_only to 2024-05-03 12:00:00+00:00, run_after=2024-05-03 16:00:00+00:00
[2024-05-03T18:27:47.410+0000] {processor.py:183} INFO - Processing /home/airflow/.local/lib/python3.11/site-packages/airflow/example_dags/example_latest_only.py took 1.257 seconds
[2024-05-03T18:28:41.807+0000] {processor.py:161} INFO - Started process (PID=1266) to work on /home/airflow/.local/lib/python3.11/site-packages/airflow/example_dags/example_latest_only.py
[2024-05-03T18:28:41.820+0000] {processor.py:830} INFO - Processing file /home/airflow/.local/lib/python3.11/site-packages/airflow/example_dags/example_latest_only.py for tasks to queue
[2024-05-03T18:28:41.921+0000] {logging_mixin.py:188} INFO - [2024-05-03T18:28:41.919+0000] {dagbag.py:540} INFO - Filling up the DagBag from /home/airflow/.local/lib/python3.11/site-packages/airflow/example_dags/example_latest_only.py
[2024-05-03T18:28:41.977+0000] {processor.py:840} INFO - DAG(s) 'latest_only' retrieved from /home/airflow/.local/lib/python3.11/site-packages/airflow/example_dags/example_latest_only.py
[2024-05-03T18:28:43.054+0000] {logging_mixin.py:188} INFO - [2024-05-03T18:28:43.053+0000] {dag.py:3096} INFO - Sync 1 DAGs
[2024-05-03T18:28:43.158+0000] {logging_mixin.py:188} INFO - [2024-05-03T18:28:43.157+0000] {dag.py:3954} INFO - Setting next_dagrun for latest_only to 2024-05-03 12:00:00+00:00, run_after=2024-05-03 16:00:00+00:00
[2024-05-03T18:28:43.608+0000] {processor.py:183} INFO - Processing /home/airflow/.local/lib/python3.11/site-packages/airflow/example_dags/example_latest_only.py took 1.875 seconds
