[2024-05-03T18:17:25.795+0000] {processor.py:161} INFO - Started process (PID=110) to work on /home/airflow/.local/lib/python3.11/site-packages/airflow/example_dags/example_bash_operator.py
[2024-05-03T18:17:25.821+0000] {processor.py:830} INFO - Processing file /home/airflow/.local/lib/python3.11/site-packages/airflow/example_dags/example_bash_operator.py for tasks to queue
[2024-05-03T18:17:25.858+0000] {logging_mixin.py:188} INFO - [2024-05-03T18:17:25.856+0000] {dagbag.py:540} INFO - Filling up the DagBag from /home/airflow/.local/lib/python3.11/site-packages/airflow/example_dags/example_bash_operator.py
[2024-05-03T18:17:26.047+0000] {processor.py:840} INFO - DAG(s) 'example_bash_operator' retrieved from /home/airflow/.local/lib/python3.11/site-packages/airflow/example_dags/example_bash_operator.py
[2024-05-03T18:17:27.670+0000] {logging_mixin.py:188} INFO - [2024-05-03T18:17:27.668+0000] {override.py:1829} INFO - Created Permission View: can edit on DAG:example_bash_operator
[2024-05-03T18:17:27.950+0000] {logging_mixin.py:188} INFO - [2024-05-03T18:17:27.943+0000] {override.py:1829} INFO - Created Permission View: can read on DAG:example_bash_operator
[2024-05-03T18:17:28.129+0000] {logging_mixin.py:188} INFO - [2024-05-03T18:17:28.129+0000] {override.py:1829} INFO - Created Permission View: can delete on DAG:example_bash_operator
[2024-05-03T18:17:28.132+0000] {logging_mixin.py:188} INFO - [2024-05-03T18:17:28.131+0000] {dag.py:3096} INFO - Sync 1 DAGs
[2024-05-03T18:17:28.193+0000] {logging_mixin.py:188} INFO - [2024-05-03T18:17:28.192+0000] {dag.py:3118} INFO - Creating ORM DAG for example_bash_operator
[2024-05-03T18:17:28.223+0000] {logging_mixin.py:188} INFO - [2024-05-03T18:17:28.222+0000] {dag.py:3954} INFO - Setting next_dagrun for example_bash_operator to 2024-05-02 00:00:00+00:00, run_after=2024-05-03 00:00:00+00:00
[2024-05-03T18:17:28.578+0000] {processor.py:183} INFO - Processing /home/airflow/.local/lib/python3.11/site-packages/airflow/example_dags/example_bash_operator.py took 2.839 seconds
[2024-05-03T18:18:04.947+0000] {processor.py:161} INFO - Started process (PID=169) to work on /home/airflow/.local/lib/python3.11/site-packages/airflow/example_dags/example_bash_operator.py
[2024-05-03T18:18:04.957+0000] {processor.py:830} INFO - Processing file /home/airflow/.local/lib/python3.11/site-packages/airflow/example_dags/example_bash_operator.py for tasks to queue
[2024-05-03T18:18:04.974+0000] {logging_mixin.py:188} INFO - [2024-05-03T18:18:04.971+0000] {dagbag.py:540} INFO - Filling up the DagBag from /home/airflow/.local/lib/python3.11/site-packages/airflow/example_dags/example_bash_operator.py
[2024-05-03T18:18:05.205+0000] {processor.py:840} INFO - DAG(s) 'example_bash_operator' retrieved from /home/airflow/.local/lib/python3.11/site-packages/airflow/example_dags/example_bash_operator.py
[2024-05-03T18:18:05.485+0000] {logging_mixin.py:188} INFO - [2024-05-03T18:18:05.484+0000] {dag.py:3096} INFO - Sync 1 DAGs
[2024-05-03T18:18:05.763+0000] {logging_mixin.py:188} INFO - [2024-05-03T18:18:05.750+0000] {dag.py:3954} INFO - Setting next_dagrun for example_bash_operator to 2024-05-02 00:00:00+00:00, run_after=2024-05-03 00:00:00+00:00
[2024-05-03T18:18:06.065+0000] {processor.py:183} INFO - Processing /home/airflow/.local/lib/python3.11/site-packages/airflow/example_dags/example_bash_operator.py took 1.174 seconds
[2024-05-03T18:18:45.359+0000] {processor.py:161} INFO - Started process (PID=231) to work on /home/airflow/.local/lib/python3.11/site-packages/airflow/example_dags/example_bash_operator.py
[2024-05-03T18:18:45.390+0000] {processor.py:830} INFO - Processing file /home/airflow/.local/lib/python3.11/site-packages/airflow/example_dags/example_bash_operator.py for tasks to queue
[2024-05-03T18:18:45.444+0000] {logging_mixin.py:188} INFO - [2024-05-03T18:18:45.432+0000] {dagbag.py:540} INFO - Filling up the DagBag from /home/airflow/.local/lib/python3.11/site-packages/airflow/example_dags/example_bash_operator.py
[2024-05-03T18:18:45.743+0000] {processor.py:840} INFO - DAG(s) 'example_bash_operator' retrieved from /home/airflow/.local/lib/python3.11/site-packages/airflow/example_dags/example_bash_operator.py
[2024-05-03T18:18:46.109+0000] {logging_mixin.py:188} INFO - [2024-05-03T18:18:46.108+0000] {dag.py:3096} INFO - Sync 1 DAGs
[2024-05-03T18:18:46.354+0000] {logging_mixin.py:188} INFO - [2024-05-03T18:18:46.353+0000] {dag.py:3954} INFO - Setting next_dagrun for example_bash_operator to 2024-05-02 00:00:00+00:00, run_after=2024-05-03 00:00:00+00:00
[2024-05-03T18:18:46.538+0000] {processor.py:183} INFO - Processing /home/airflow/.local/lib/python3.11/site-packages/airflow/example_dags/example_bash_operator.py took 1.276 seconds
[2024-05-03T18:19:33.477+0000] {processor.py:161} INFO - Started process (PID=288) to work on /home/airflow/.local/lib/python3.11/site-packages/airflow/example_dags/example_bash_operator.py
[2024-05-03T18:19:33.488+0000] {processor.py:830} INFO - Processing file /home/airflow/.local/lib/python3.11/site-packages/airflow/example_dags/example_bash_operator.py for tasks to queue
[2024-05-03T18:19:33.526+0000] {logging_mixin.py:188} INFO - [2024-05-03T18:19:33.522+0000] {dagbag.py:540} INFO - Filling up the DagBag from /home/airflow/.local/lib/python3.11/site-packages/airflow/example_dags/example_bash_operator.py
[2024-05-03T18:19:33.992+0000] {processor.py:840} INFO - DAG(s) 'example_bash_operator' retrieved from /home/airflow/.local/lib/python3.11/site-packages/airflow/example_dags/example_bash_operator.py
[2024-05-03T18:19:34.481+0000] {logging_mixin.py:188} INFO - [2024-05-03T18:19:34.480+0000] {dag.py:3096} INFO - Sync 1 DAGs
[2024-05-03T18:19:34.863+0000] {logging_mixin.py:188} INFO - [2024-05-03T18:19:34.862+0000] {dag.py:3954} INFO - Setting next_dagrun for example_bash_operator to 2024-05-02 00:00:00+00:00, run_after=2024-05-03 00:00:00+00:00
[2024-05-03T18:19:35.159+0000] {processor.py:183} INFO - Processing /home/airflow/.local/lib/python3.11/site-packages/airflow/example_dags/example_bash_operator.py took 1.844 seconds
[2024-05-03T18:20:09.663+0000] {processor.py:161} INFO - Started process (PID=343) to work on /home/airflow/.local/lib/python3.11/site-packages/airflow/example_dags/example_bash_operator.py
[2024-05-03T18:20:09.675+0000] {processor.py:830} INFO - Processing file /home/airflow/.local/lib/python3.11/site-packages/airflow/example_dags/example_bash_operator.py for tasks to queue
[2024-05-03T18:20:09.694+0000] {logging_mixin.py:188} INFO - [2024-05-03T18:20:09.693+0000] {dagbag.py:540} INFO - Filling up the DagBag from /home/airflow/.local/lib/python3.11/site-packages/airflow/example_dags/example_bash_operator.py
[2024-05-03T18:20:09.852+0000] {processor.py:840} INFO - DAG(s) 'example_bash_operator' retrieved from /home/airflow/.local/lib/python3.11/site-packages/airflow/example_dags/example_bash_operator.py
[2024-05-03T18:20:10.149+0000] {logging_mixin.py:188} INFO - [2024-05-03T18:20:10.148+0000] {dag.py:3096} INFO - Sync 1 DAGs
[2024-05-03T18:20:10.380+0000] {logging_mixin.py:188} INFO - [2024-05-03T18:20:10.379+0000] {dag.py:3954} INFO - Setting next_dagrun for example_bash_operator to 2024-05-02 00:00:00+00:00, run_after=2024-05-03 00:00:00+00:00
[2024-05-03T18:20:10.582+0000] {processor.py:183} INFO - Processing /home/airflow/.local/lib/python3.11/site-packages/airflow/example_dags/example_bash_operator.py took 0.965 seconds
[2024-05-03T18:20:42.446+0000] {processor.py:161} INFO - Started process (PID=401) to work on /home/airflow/.local/lib/python3.11/site-packages/airflow/example_dags/example_bash_operator.py
[2024-05-03T18:20:42.461+0000] {processor.py:830} INFO - Processing file /home/airflow/.local/lib/python3.11/site-packages/airflow/example_dags/example_bash_operator.py for tasks to queue
[2024-05-03T18:20:42.500+0000] {logging_mixin.py:188} INFO - [2024-05-03T18:20:42.499+0000] {dagbag.py:540} INFO - Filling up the DagBag from /home/airflow/.local/lib/python3.11/site-packages/airflow/example_dags/example_bash_operator.py
[2024-05-03T18:20:42.635+0000] {processor.py:840} INFO - DAG(s) 'example_bash_operator' retrieved from /home/airflow/.local/lib/python3.11/site-packages/airflow/example_dags/example_bash_operator.py
[2024-05-03T18:20:42.914+0000] {logging_mixin.py:188} INFO - [2024-05-03T18:20:42.912+0000] {dag.py:3096} INFO - Sync 1 DAGs
[2024-05-03T18:20:43.109+0000] {logging_mixin.py:188} INFO - [2024-05-03T18:20:43.108+0000] {dag.py:3954} INFO - Setting next_dagrun for example_bash_operator to 2024-05-02 00:00:00+00:00, run_after=2024-05-03 00:00:00+00:00
[2024-05-03T18:20:43.282+0000] {processor.py:183} INFO - Processing /home/airflow/.local/lib/python3.11/site-packages/airflow/example_dags/example_bash_operator.py took 0.912 seconds
[2024-05-03T18:21:11.769+0000] {processor.py:161} INFO - Started process (PID=456) to work on /home/airflow/.local/lib/python3.11/site-packages/airflow/example_dags/example_bash_operator.py
[2024-05-03T18:21:11.784+0000] {processor.py:830} INFO - Processing file /home/airflow/.local/lib/python3.11/site-packages/airflow/example_dags/example_bash_operator.py for tasks to queue
[2024-05-03T18:21:11.794+0000] {logging_mixin.py:188} INFO - [2024-05-03T18:21:11.791+0000] {dagbag.py:540} INFO - Filling up the DagBag from /home/airflow/.local/lib/python3.11/site-packages/airflow/example_dags/example_bash_operator.py
[2024-05-03T18:21:11.983+0000] {processor.py:840} INFO - DAG(s) 'example_bash_operator' retrieved from /home/airflow/.local/lib/python3.11/site-packages/airflow/example_dags/example_bash_operator.py
[2024-05-03T18:21:12.184+0000] {logging_mixin.py:188} INFO - [2024-05-03T18:21:12.180+0000] {dag.py:3096} INFO - Sync 1 DAGs
[2024-05-03T18:21:12.492+0000] {logging_mixin.py:188} INFO - [2024-05-03T18:21:12.491+0000] {dag.py:3954} INFO - Setting next_dagrun for example_bash_operator to 2024-05-02 00:00:00+00:00, run_after=2024-05-03 00:00:00+00:00
[2024-05-03T18:21:12.728+0000] {processor.py:183} INFO - Processing /home/airflow/.local/lib/python3.11/site-packages/airflow/example_dags/example_bash_operator.py took 1.028 seconds
[2024-05-03T18:21:44.070+0000] {processor.py:161} INFO - Started process (PID=513) to work on /home/airflow/.local/lib/python3.11/site-packages/airflow/example_dags/example_bash_operator.py
[2024-05-03T18:21:44.085+0000] {processor.py:830} INFO - Processing file /home/airflow/.local/lib/python3.11/site-packages/airflow/example_dags/example_bash_operator.py for tasks to queue
[2024-05-03T18:21:44.105+0000] {logging_mixin.py:188} INFO - [2024-05-03T18:21:44.103+0000] {dagbag.py:540} INFO - Filling up the DagBag from /home/airflow/.local/lib/python3.11/site-packages/airflow/example_dags/example_bash_operator.py
[2024-05-03T18:21:44.214+0000] {processor.py:840} INFO - DAG(s) 'example_bash_operator' retrieved from /home/airflow/.local/lib/python3.11/site-packages/airflow/example_dags/example_bash_operator.py
[2024-05-03T18:21:44.497+0000] {logging_mixin.py:188} INFO - [2024-05-03T18:21:44.494+0000] {dag.py:3096} INFO - Sync 1 DAGs
[2024-05-03T18:21:44.761+0000] {logging_mixin.py:188} INFO - [2024-05-03T18:21:44.760+0000] {dag.py:3954} INFO - Setting next_dagrun for example_bash_operator to 2024-05-02 00:00:00+00:00, run_after=2024-05-03 00:00:00+00:00
[2024-05-03T18:21:44.945+0000] {processor.py:183} INFO - Processing /home/airflow/.local/lib/python3.11/site-packages/airflow/example_dags/example_bash_operator.py took 0.923 seconds
[2024-05-03T18:22:14.208+0000] {processor.py:161} INFO - Started process (PID=569) to work on /home/airflow/.local/lib/python3.11/site-packages/airflow/example_dags/example_bash_operator.py
[2024-05-03T18:22:14.212+0000] {processor.py:830} INFO - Processing file /home/airflow/.local/lib/python3.11/site-packages/airflow/example_dags/example_bash_operator.py for tasks to queue
[2024-05-03T18:22:14.223+0000] {logging_mixin.py:188} INFO - [2024-05-03T18:22:14.222+0000] {dagbag.py:540} INFO - Filling up the DagBag from /home/airflow/.local/lib/python3.11/site-packages/airflow/example_dags/example_bash_operator.py
[2024-05-03T18:22:14.341+0000] {processor.py:840} INFO - DAG(s) 'example_bash_operator' retrieved from /home/airflow/.local/lib/python3.11/site-packages/airflow/example_dags/example_bash_operator.py
[2024-05-03T18:22:14.592+0000] {logging_mixin.py:188} INFO - [2024-05-03T18:22:14.591+0000] {dag.py:3096} INFO - Sync 1 DAGs
[2024-05-03T18:22:14.803+0000] {logging_mixin.py:188} INFO - [2024-05-03T18:22:14.802+0000] {dag.py:3954} INFO - Setting next_dagrun for example_bash_operator to 2024-05-02 00:00:00+00:00, run_after=2024-05-03 00:00:00+00:00
[2024-05-03T18:22:15.042+0000] {processor.py:183} INFO - Processing /home/airflow/.local/lib/python3.11/site-packages/airflow/example_dags/example_bash_operator.py took 0.875 seconds
[2024-05-03T18:22:43.762+0000] {processor.py:161} INFO - Started process (PID=626) to work on /home/airflow/.local/lib/python3.11/site-packages/airflow/example_dags/example_bash_operator.py
[2024-05-03T18:22:43.769+0000] {processor.py:830} INFO - Processing file /home/airflow/.local/lib/python3.11/site-packages/airflow/example_dags/example_bash_operator.py for tasks to queue
[2024-05-03T18:22:43.787+0000] {logging_mixin.py:188} INFO - [2024-05-03T18:22:43.785+0000] {dagbag.py:540} INFO - Filling up the DagBag from /home/airflow/.local/lib/python3.11/site-packages/airflow/example_dags/example_bash_operator.py
[2024-05-03T18:22:43.892+0000] {processor.py:840} INFO - DAG(s) 'example_bash_operator' retrieved from /home/airflow/.local/lib/python3.11/site-packages/airflow/example_dags/example_bash_operator.py
[2024-05-03T18:22:44.119+0000] {logging_mixin.py:188} INFO - [2024-05-03T18:22:44.118+0000] {dag.py:3096} INFO - Sync 1 DAGs
[2024-05-03T18:22:44.307+0000] {logging_mixin.py:188} INFO - [2024-05-03T18:22:44.306+0000] {dag.py:3954} INFO - Setting next_dagrun for example_bash_operator to 2024-05-02 00:00:00+00:00, run_after=2024-05-03 00:00:00+00:00
[2024-05-03T18:22:44.451+0000] {processor.py:183} INFO - Processing /home/airflow/.local/lib/python3.11/site-packages/airflow/example_dags/example_bash_operator.py took 0.751 seconds
[2024-05-03T18:23:07.220+0000] {processor.py:161} INFO - Started process (PID=681) to work on /home/airflow/.local/lib/python3.11/site-packages/airflow/example_dags/example_bash_operator.py
[2024-05-03T18:23:07.244+0000] {processor.py:830} INFO - Processing file /home/airflow/.local/lib/python3.11/site-packages/airflow/example_dags/example_bash_operator.py for tasks to queue
[2024-05-03T18:23:07.252+0000] {logging_mixin.py:188} INFO - [2024-05-03T18:23:07.251+0000] {dagbag.py:540} INFO - Filling up the DagBag from /home/airflow/.local/lib/python3.11/site-packages/airflow/example_dags/example_bash_operator.py
[2024-05-03T18:23:07.342+0000] {processor.py:840} INFO - DAG(s) 'example_bash_operator' retrieved from /home/airflow/.local/lib/python3.11/site-packages/airflow/example_dags/example_bash_operator.py
[2024-05-03T18:23:07.570+0000] {logging_mixin.py:188} INFO - [2024-05-03T18:23:07.569+0000] {dag.py:3096} INFO - Sync 1 DAGs
[2024-05-03T18:23:07.818+0000] {logging_mixin.py:188} INFO - [2024-05-03T18:23:07.815+0000] {dag.py:3954} INFO - Setting next_dagrun for example_bash_operator to 2024-05-02 00:00:00+00:00, run_after=2024-05-03 00:00:00+00:00
[2024-05-03T18:23:07.949+0000] {processor.py:183} INFO - Processing /home/airflow/.local/lib/python3.11/site-packages/airflow/example_dags/example_bash_operator.py took 0.767 seconds
[2024-05-03T18:23:25.943+0000] {processor.py:161} INFO - Started process (PID=738) to work on /home/airflow/.local/lib/python3.11/site-packages/airflow/example_dags/example_bash_operator.py
[2024-05-03T18:23:25.945+0000] {processor.py:830} INFO - Processing file /home/airflow/.local/lib/python3.11/site-packages/airflow/example_dags/example_bash_operator.py for tasks to queue
[2024-05-03T18:23:25.949+0000] {logging_mixin.py:188} INFO - [2024-05-03T18:23:25.948+0000] {dagbag.py:540} INFO - Filling up the DagBag from /home/airflow/.local/lib/python3.11/site-packages/airflow/example_dags/example_bash_operator.py
[2024-05-03T18:23:25.969+0000] {processor.py:840} INFO - DAG(s) 'example_bash_operator' retrieved from /home/airflow/.local/lib/python3.11/site-packages/airflow/example_dags/example_bash_operator.py
[2024-05-03T18:23:26.019+0000] {logging_mixin.py:188} INFO - [2024-05-03T18:23:26.018+0000] {dag.py:3096} INFO - Sync 1 DAGs
[2024-05-03T18:23:26.059+0000] {logging_mixin.py:188} INFO - [2024-05-03T18:23:26.059+0000] {dag.py:3954} INFO - Setting next_dagrun for example_bash_operator to 2024-05-02 00:00:00+00:00, run_after=2024-05-03 00:00:00+00:00
[2024-05-03T18:23:26.615+0000] {processor.py:183} INFO - Processing /home/airflow/.local/lib/python3.11/site-packages/airflow/example_dags/example_bash_operator.py took 0.682 seconds
[2024-05-03T18:23:37.985+0000] {processor.py:161} INFO - Started process (PID=788) to work on /home/airflow/.local/lib/python3.11/site-packages/airflow/example_dags/example_bash_operator.py
[2024-05-03T18:23:37.988+0000] {processor.py:830} INFO - Processing file /home/airflow/.local/lib/python3.11/site-packages/airflow/example_dags/example_bash_operator.py for tasks to queue
[2024-05-03T18:23:37.994+0000] {logging_mixin.py:188} INFO - [2024-05-03T18:23:37.992+0000] {dagbag.py:540} INFO - Filling up the DagBag from /home/airflow/.local/lib/python3.11/site-packages/airflow/example_dags/example_bash_operator.py
[2024-05-03T18:23:38.040+0000] {processor.py:840} INFO - DAG(s) 'example_bash_operator' retrieved from /home/airflow/.local/lib/python3.11/site-packages/airflow/example_dags/example_bash_operator.py
[2024-05-03T18:23:38.163+0000] {logging_mixin.py:188} INFO - [2024-05-03T18:23:38.162+0000] {dag.py:3096} INFO - Sync 1 DAGs
[2024-05-03T18:23:38.232+0000] {logging_mixin.py:188} INFO - [2024-05-03T18:23:38.231+0000] {dag.py:3954} INFO - Setting next_dagrun for example_bash_operator to 2024-05-02 00:00:00+00:00, run_after=2024-05-03 00:00:00+00:00
[2024-05-03T18:23:38.406+0000] {processor.py:183} INFO - Processing /home/airflow/.local/lib/python3.11/site-packages/airflow/example_dags/example_bash_operator.py took 0.438 seconds
[2024-05-03T18:23:51.645+0000] {processor.py:161} INFO - Started process (PID=846) to work on /home/airflow/.local/lib/python3.11/site-packages/airflow/example_dags/example_bash_operator.py
[2024-05-03T18:23:51.648+0000] {processor.py:830} INFO - Processing file /home/airflow/.local/lib/python3.11/site-packages/airflow/example_dags/example_bash_operator.py for tasks to queue
[2024-05-03T18:23:51.653+0000] {logging_mixin.py:188} INFO - [2024-05-03T18:23:51.652+0000] {dagbag.py:540} INFO - Filling up the DagBag from /home/airflow/.local/lib/python3.11/site-packages/airflow/example_dags/example_bash_operator.py
[2024-05-03T18:23:51.688+0000] {processor.py:840} INFO - DAG(s) 'example_bash_operator' retrieved from /home/airflow/.local/lib/python3.11/site-packages/airflow/example_dags/example_bash_operator.py
[2024-05-03T18:23:51.819+0000] {logging_mixin.py:188} INFO - [2024-05-03T18:23:51.818+0000] {dag.py:3096} INFO - Sync 1 DAGs
[2024-05-03T18:23:51.875+0000] {logging_mixin.py:188} INFO - [2024-05-03T18:23:51.874+0000] {dag.py:3954} INFO - Setting next_dagrun for example_bash_operator to 2024-05-02 00:00:00+00:00, run_after=2024-05-03 00:00:00+00:00
[2024-05-03T18:23:52.284+0000] {processor.py:183} INFO - Processing /home/airflow/.local/lib/python3.11/site-packages/airflow/example_dags/example_bash_operator.py took 0.656 seconds
[2024-05-03T18:24:09.760+0000] {processor.py:161} INFO - Started process (PID=896) to work on /home/airflow/.local/lib/python3.11/site-packages/airflow/example_dags/example_bash_operator.py
[2024-05-03T18:24:09.787+0000] {processor.py:830} INFO - Processing file /home/airflow/.local/lib/python3.11/site-packages/airflow/example_dags/example_bash_operator.py for tasks to queue
[2024-05-03T18:24:09.817+0000] {logging_mixin.py:188} INFO - [2024-05-03T18:24:09.816+0000] {dagbag.py:540} INFO - Filling up the DagBag from /home/airflow/.local/lib/python3.11/site-packages/airflow/example_dags/example_bash_operator.py
[2024-05-03T18:24:09.935+0000] {processor.py:840} INFO - DAG(s) 'example_bash_operator' retrieved from /home/airflow/.local/lib/python3.11/site-packages/airflow/example_dags/example_bash_operator.py
[2024-05-03T18:24:10.248+0000] {logging_mixin.py:188} INFO - [2024-05-03T18:24:10.247+0000] {dag.py:3096} INFO - Sync 1 DAGs
[2024-05-03T18:24:10.421+0000] {logging_mixin.py:188} INFO - [2024-05-03T18:24:10.421+0000] {dag.py:3954} INFO - Setting next_dagrun for example_bash_operator to 2024-05-02 00:00:00+00:00, run_after=2024-05-03 00:00:00+00:00
[2024-05-03T18:24:10.593+0000] {processor.py:183} INFO - Processing /home/airflow/.local/lib/python3.11/site-packages/airflow/example_dags/example_bash_operator.py took 0.891 seconds
[2024-05-03T18:24:31.297+0000] {processor.py:161} INFO - Started process (PID=954) to work on /home/airflow/.local/lib/python3.11/site-packages/airflow/example_dags/example_bash_operator.py
[2024-05-03T18:24:31.301+0000] {processor.py:830} INFO - Processing file /home/airflow/.local/lib/python3.11/site-packages/airflow/example_dags/example_bash_operator.py for tasks to queue
[2024-05-03T18:24:31.319+0000] {logging_mixin.py:188} INFO - [2024-05-03T18:24:31.318+0000] {dagbag.py:540} INFO - Filling up the DagBag from /home/airflow/.local/lib/python3.11/site-packages/airflow/example_dags/example_bash_operator.py
[2024-05-03T18:24:31.382+0000] {processor.py:840} INFO - DAG(s) 'example_bash_operator' retrieved from /home/airflow/.local/lib/python3.11/site-packages/airflow/example_dags/example_bash_operator.py
[2024-05-03T18:24:31.588+0000] {logging_mixin.py:188} INFO - [2024-05-03T18:24:31.587+0000] {dag.py:3096} INFO - Sync 1 DAGs
[2024-05-03T18:24:31.829+0000] {logging_mixin.py:188} INFO - [2024-05-03T18:24:31.828+0000] {dag.py:3954} INFO - Setting next_dagrun for example_bash_operator to 2024-05-02 00:00:00+00:00, run_after=2024-05-03 00:00:00+00:00
[2024-05-03T18:24:32.003+0000] {processor.py:183} INFO - Processing /home/airflow/.local/lib/python3.11/site-packages/airflow/example_dags/example_bash_operator.py took 0.805 seconds
[2024-05-03T18:24:49.093+0000] {processor.py:161} INFO - Started process (PID=1011) to work on /home/airflow/.local/lib/python3.11/site-packages/airflow/example_dags/example_bash_operator.py
[2024-05-03T18:24:49.097+0000] {processor.py:830} INFO - Processing file /home/airflow/.local/lib/python3.11/site-packages/airflow/example_dags/example_bash_operator.py for tasks to queue
[2024-05-03T18:24:49.107+0000] {logging_mixin.py:188} INFO - [2024-05-03T18:24:49.106+0000] {dagbag.py:540} INFO - Filling up the DagBag from /home/airflow/.local/lib/python3.11/site-packages/airflow/example_dags/example_bash_operator.py
[2024-05-03T18:24:49.149+0000] {processor.py:840} INFO - DAG(s) 'example_bash_operator' retrieved from /home/airflow/.local/lib/python3.11/site-packages/airflow/example_dags/example_bash_operator.py
[2024-05-03T18:24:49.248+0000] {logging_mixin.py:188} INFO - [2024-05-03T18:24:49.247+0000] {dag.py:3096} INFO - Sync 1 DAGs
[2024-05-03T18:24:49.330+0000] {logging_mixin.py:188} INFO - [2024-05-03T18:24:49.330+0000] {dag.py:3954} INFO - Setting next_dagrun for example_bash_operator to 2024-05-02 00:00:00+00:00, run_after=2024-05-03 00:00:00+00:00
[2024-05-03T18:24:49.564+0000] {processor.py:183} INFO - Processing /home/airflow/.local/lib/python3.11/site-packages/airflow/example_dags/example_bash_operator.py took 0.497 seconds
[2024-05-03T18:25:26.736+0000] {processor.py:161} INFO - Started process (PID=1067) to work on /home/airflow/.local/lib/python3.11/site-packages/airflow/example_dags/example_bash_operator.py
[2024-05-03T18:25:26.749+0000] {processor.py:830} INFO - Processing file /home/airflow/.local/lib/python3.11/site-packages/airflow/example_dags/example_bash_operator.py for tasks to queue
[2024-05-03T18:25:26.762+0000] {logging_mixin.py:188} INFO - [2024-05-03T18:25:26.758+0000] {dagbag.py:540} INFO - Filling up the DagBag from /home/airflow/.local/lib/python3.11/site-packages/airflow/example_dags/example_bash_operator.py
[2024-05-03T18:25:26.957+0000] {processor.py:840} INFO - DAG(s) 'example_bash_operator' retrieved from /home/airflow/.local/lib/python3.11/site-packages/airflow/example_dags/example_bash_operator.py
[2024-05-03T18:25:27.448+0000] {logging_mixin.py:188} INFO - [2024-05-03T18:25:27.447+0000] {dag.py:3096} INFO - Sync 1 DAGs
[2024-05-03T18:25:27.807+0000] {logging_mixin.py:188} INFO - [2024-05-03T18:25:27.805+0000] {dag.py:3954} INFO - Setting next_dagrun for example_bash_operator to 2024-05-02 00:00:00+00:00, run_after=2024-05-03 00:00:00+00:00
[2024-05-03T18:25:28.150+0000] {processor.py:183} INFO - Processing /home/airflow/.local/lib/python3.11/site-packages/airflow/example_dags/example_bash_operator.py took 1.486 seconds
[2024-05-03T18:26:22.739+0000] {processor.py:161} INFO - Started process (PID=1130) to work on /home/airflow/.local/lib/python3.11/site-packages/airflow/example_dags/example_bash_operator.py
[2024-05-03T18:26:22.774+0000] {processor.py:830} INFO - Processing file /home/airflow/.local/lib/python3.11/site-packages/airflow/example_dags/example_bash_operator.py for tasks to queue
[2024-05-03T18:26:22.792+0000] {logging_mixin.py:188} INFO - [2024-05-03T18:26:22.790+0000] {dagbag.py:540} INFO - Filling up the DagBag from /home/airflow/.local/lib/python3.11/site-packages/airflow/example_dags/example_bash_operator.py
[2024-05-03T18:26:22.855+0000] {processor.py:840} INFO - DAG(s) 'example_bash_operator' retrieved from /home/airflow/.local/lib/python3.11/site-packages/airflow/example_dags/example_bash_operator.py
[2024-05-03T18:26:23.045+0000] {logging_mixin.py:188} INFO - [2024-05-03T18:26:23.044+0000] {dag.py:3096} INFO - Sync 1 DAGs
[2024-05-03T18:26:23.263+0000] {logging_mixin.py:188} INFO - [2024-05-03T18:26:23.262+0000] {dag.py:3954} INFO - Setting next_dagrun for example_bash_operator to 2024-05-02 00:00:00+00:00, run_after=2024-05-03 00:00:00+00:00
[2024-05-03T18:26:23.458+0000] {processor.py:183} INFO - Processing /home/airflow/.local/lib/python3.11/site-packages/airflow/example_dags/example_bash_operator.py took 0.781 seconds
[2024-05-03T18:27:31.478+0000] {processor.py:161} INFO - Started process (PID=1192) to work on /home/airflow/.local/lib/python3.11/site-packages/airflow/example_dags/example_bash_operator.py
[2024-05-03T18:27:31.507+0000] {processor.py:830} INFO - Processing file /home/airflow/.local/lib/python3.11/site-packages/airflow/example_dags/example_bash_operator.py for tasks to queue
[2024-05-03T18:27:31.526+0000] {logging_mixin.py:188} INFO - [2024-05-03T18:27:31.525+0000] {dagbag.py:540} INFO - Filling up the DagBag from /home/airflow/.local/lib/python3.11/site-packages/airflow/example_dags/example_bash_operator.py
[2024-05-03T18:27:31.700+0000] {processor.py:840} INFO - DAG(s) 'example_bash_operator' retrieved from /home/airflow/.local/lib/python3.11/site-packages/airflow/example_dags/example_bash_operator.py
[2024-05-03T18:27:32.005+0000] {logging_mixin.py:188} INFO - [2024-05-03T18:27:32.004+0000] {dag.py:3096} INFO - Sync 1 DAGs
[2024-05-03T18:27:32.361+0000] {logging_mixin.py:188} INFO - [2024-05-03T18:27:32.360+0000] {dag.py:3954} INFO - Setting next_dagrun for example_bash_operator to 2024-05-02 00:00:00+00:00, run_after=2024-05-03 00:00:00+00:00
[2024-05-03T18:27:33.313+0000] {processor.py:183} INFO - Processing /home/airflow/.local/lib/python3.11/site-packages/airflow/example_dags/example_bash_operator.py took 1.892 seconds
[2024-05-03T18:28:24.248+0000] {processor.py:161} INFO - Started process (PID=1247) to work on /home/airflow/.local/lib/python3.11/site-packages/airflow/example_dags/example_bash_operator.py
[2024-05-03T18:28:24.290+0000] {processor.py:830} INFO - Processing file /home/airflow/.local/lib/python3.11/site-packages/airflow/example_dags/example_bash_operator.py for tasks to queue
[2024-05-03T18:28:24.307+0000] {logging_mixin.py:188} INFO - [2024-05-03T18:28:24.305+0000] {dagbag.py:540} INFO - Filling up the DagBag from /home/airflow/.local/lib/python3.11/site-packages/airflow/example_dags/example_bash_operator.py
[2024-05-03T18:28:24.578+0000] {processor.py:840} INFO - DAG(s) 'example_bash_operator' retrieved from /home/airflow/.local/lib/python3.11/site-packages/airflow/example_dags/example_bash_operator.py
[2024-05-03T18:28:24.770+0000] {logging_mixin.py:188} INFO - [2024-05-03T18:28:24.769+0000] {dag.py:3096} INFO - Sync 1 DAGs
[2024-05-03T18:28:25.016+0000] {logging_mixin.py:188} INFO - [2024-05-03T18:28:25.015+0000] {dag.py:3954} INFO - Setting next_dagrun for example_bash_operator to 2024-05-02 00:00:00+00:00, run_after=2024-05-03 00:00:00+00:00
[2024-05-03T18:28:25.229+0000] {processor.py:183} INFO - Processing /home/airflow/.local/lib/python3.11/site-packages/airflow/example_dags/example_bash_operator.py took 1.127 seconds
[2024-05-03T18:29:18.397+0000] {processor.py:161} INFO - Started process (PID=1308) to work on /home/airflow/.local/lib/python3.11/site-packages/airflow/example_dags/example_bash_operator.py
[2024-05-03T18:29:18.442+0000] {processor.py:830} INFO - Processing file /home/airflow/.local/lib/python3.11/site-packages/airflow/example_dags/example_bash_operator.py for tasks to queue
[2024-05-03T18:29:18.524+0000] {logging_mixin.py:188} INFO - [2024-05-03T18:29:18.515+0000] {dagbag.py:540} INFO - Filling up the DagBag from /home/airflow/.local/lib/python3.11/site-packages/airflow/example_dags/example_bash_operator.py
[2024-05-03T18:29:18.939+0000] {processor.py:840} INFO - DAG(s) 'example_bash_operator' retrieved from /home/airflow/.local/lib/python3.11/site-packages/airflow/example_dags/example_bash_operator.py
[2024-05-03T18:29:19.596+0000] {logging_mixin.py:188} INFO - [2024-05-03T18:29:19.595+0000] {dag.py:3096} INFO - Sync 1 DAGs
[2024-05-03T18:29:19.874+0000] {logging_mixin.py:188} INFO - [2024-05-03T18:29:19.873+0000] {dag.py:3954} INFO - Setting next_dagrun for example_bash_operator to 2024-05-02 00:00:00+00:00, run_after=2024-05-03 00:00:00+00:00
[2024-05-03T18:29:20.369+0000] {processor.py:183} INFO - Processing /home/airflow/.local/lib/python3.11/site-packages/airflow/example_dags/example_bash_operator.py took 2.251 seconds
