[2024-05-03T18:16:42.083+0000] {processor.py:161} INFO - Started process (PID=73) to work on /home/airflow/.local/lib/python3.11/site-packages/airflow/example_dags/example_kubernetes_executor.py
[2024-05-03T18:16:42.091+0000] {processor.py:830} INFO - Processing file /home/airflow/.local/lib/python3.11/site-packages/airflow/example_dags/example_kubernetes_executor.py for tasks to queue
[2024-05-03T18:16:42.115+0000] {logging_mixin.py:188} INFO - [2024-05-03T18:16:42.107+0000] {dagbag.py:540} INFO - Filling up the DagBag from /home/airflow/.local/lib/python3.11/site-packages/airflow/example_dags/example_kubernetes_executor.py
[2024-05-03T18:16:42.268+0000] {processor.py:840} INFO - DAG(s) 'example_kubernetes_executor' retrieved from /home/airflow/.local/lib/python3.11/site-packages/airflow/example_dags/example_kubernetes_executor.py
[2024-05-03T18:16:44.552+0000] {logging_mixin.py:188} INFO - [2024-05-03T18:16:44.549+0000] {override.py:1829} INFO - Created Permission View: can edit on DAG:example_kubernetes_executor
[2024-05-03T18:16:44.725+0000] {logging_mixin.py:188} INFO - [2024-05-03T18:16:44.724+0000] {override.py:1829} INFO - Created Permission View: can read on DAG:example_kubernetes_executor
[2024-05-03T18:16:44.829+0000] {logging_mixin.py:188} INFO - [2024-05-03T18:16:44.827+0000] {override.py:1829} INFO - Created Permission View: can delete on DAG:example_kubernetes_executor
[2024-05-03T18:16:44.857+0000] {logging_mixin.py:188} INFO - [2024-05-03T18:16:44.844+0000] {dag.py:3096} INFO - Sync 1 DAGs
[2024-05-03T18:16:45.058+0000] {logging_mixin.py:188} INFO - [2024-05-03T18:16:45.056+0000] {dag.py:3118} INFO - Creating ORM DAG for example_kubernetes_executor
[2024-05-03T18:16:45.066+0000] {logging_mixin.py:188} INFO - [2024-05-03T18:16:45.065+0000] {dag.py:3954} INFO - Setting next_dagrun for example_kubernetes_executor to None, run_after=None
[2024-05-03T18:16:45.327+0000] {processor.py:183} INFO - Processing /home/airflow/.local/lib/python3.11/site-packages/airflow/example_dags/example_kubernetes_executor.py took 3.327 seconds
[2024-05-03T18:17:46.288+0000] {processor.py:161} INFO - Started process (PID=139) to work on /home/airflow/.local/lib/python3.11/site-packages/airflow/example_dags/example_kubernetes_executor.py
[2024-05-03T18:17:46.292+0000] {processor.py:830} INFO - Processing file /home/airflow/.local/lib/python3.11/site-packages/airflow/example_dags/example_kubernetes_executor.py for tasks to queue
[2024-05-03T18:17:46.311+0000] {logging_mixin.py:188} INFO - [2024-05-03T18:17:46.310+0000] {dagbag.py:540} INFO - Filling up the DagBag from /home/airflow/.local/lib/python3.11/site-packages/airflow/example_dags/example_kubernetes_executor.py
[2024-05-03T18:17:46.505+0000] {processor.py:840} INFO - DAG(s) 'example_kubernetes_executor' retrieved from /home/airflow/.local/lib/python3.11/site-packages/airflow/example_dags/example_kubernetes_executor.py
[2024-05-03T18:17:46.923+0000] {logging_mixin.py:188} INFO - [2024-05-03T18:17:46.921+0000] {dag.py:3096} INFO - Sync 1 DAGs
[2024-05-03T18:17:47.055+0000] {logging_mixin.py:188} INFO - [2024-05-03T18:17:47.054+0000] {dag.py:3954} INFO - Setting next_dagrun for example_kubernetes_executor to None, run_after=None
[2024-05-03T18:17:47.225+0000] {processor.py:183} INFO - Processing /home/airflow/.local/lib/python3.11/site-packages/airflow/example_dags/example_kubernetes_executor.py took 0.996 seconds
[2024-05-03T18:18:22.283+0000] {processor.py:161} INFO - Started process (PID=195) to work on /home/airflow/.local/lib/python3.11/site-packages/airflow/example_dags/example_kubernetes_executor.py
[2024-05-03T18:18:22.294+0000] {processor.py:830} INFO - Processing file /home/airflow/.local/lib/python3.11/site-packages/airflow/example_dags/example_kubernetes_executor.py for tasks to queue
[2024-05-03T18:18:22.313+0000] {logging_mixin.py:188} INFO - [2024-05-03T18:18:22.310+0000] {dagbag.py:540} INFO - Filling up the DagBag from /home/airflow/.local/lib/python3.11/site-packages/airflow/example_dags/example_kubernetes_executor.py
[2024-05-03T18:18:22.985+0000] {processor.py:840} INFO - DAG(s) 'example_kubernetes_executor' retrieved from /home/airflow/.local/lib/python3.11/site-packages/airflow/example_dags/example_kubernetes_executor.py
[2024-05-03T18:18:23.655+0000] {logging_mixin.py:188} INFO - [2024-05-03T18:18:23.654+0000] {dag.py:3096} INFO - Sync 1 DAGs
[2024-05-03T18:18:23.840+0000] {logging_mixin.py:188} INFO - [2024-05-03T18:18:23.839+0000] {dag.py:3954} INFO - Setting next_dagrun for example_kubernetes_executor to None, run_after=None
[2024-05-03T18:18:24.224+0000] {processor.py:183} INFO - Processing /home/airflow/.local/lib/python3.11/site-packages/airflow/example_dags/example_kubernetes_executor.py took 2.076 seconds
[2024-05-03T18:19:07.629+0000] {processor.py:161} INFO - Started process (PID=252) to work on /home/airflow/.local/lib/python3.11/site-packages/airflow/example_dags/example_kubernetes_executor.py
[2024-05-03T18:19:07.650+0000] {processor.py:830} INFO - Processing file /home/airflow/.local/lib/python3.11/site-packages/airflow/example_dags/example_kubernetes_executor.py for tasks to queue
[2024-05-03T18:19:07.662+0000] {logging_mixin.py:188} INFO - [2024-05-03T18:19:07.660+0000] {dagbag.py:540} INFO - Filling up the DagBag from /home/airflow/.local/lib/python3.11/site-packages/airflow/example_dags/example_kubernetes_executor.py
[2024-05-03T18:19:07.858+0000] {processor.py:840} INFO - DAG(s) 'example_kubernetes_executor' retrieved from /home/airflow/.local/lib/python3.11/site-packages/airflow/example_dags/example_kubernetes_executor.py
[2024-05-03T18:19:08.368+0000] {logging_mixin.py:188} INFO - [2024-05-03T18:19:08.361+0000] {dag.py:3096} INFO - Sync 1 DAGs
[2024-05-03T18:19:08.510+0000] {logging_mixin.py:188} INFO - [2024-05-03T18:19:08.510+0000] {dag.py:3954} INFO - Setting next_dagrun for example_kubernetes_executor to None, run_after=None
[2024-05-03T18:19:08.830+0000] {processor.py:183} INFO - Processing /home/airflow/.local/lib/python3.11/site-packages/airflow/example_dags/example_kubernetes_executor.py took 1.290 seconds
[2024-05-03T18:19:48.935+0000] {processor.py:161} INFO - Started process (PID=313) to work on /home/airflow/.local/lib/python3.11/site-packages/airflow/example_dags/example_kubernetes_executor.py
[2024-05-03T18:19:48.948+0000] {processor.py:830} INFO - Processing file /home/airflow/.local/lib/python3.11/site-packages/airflow/example_dags/example_kubernetes_executor.py for tasks to queue
[2024-05-03T18:19:49.000+0000] {logging_mixin.py:188} INFO - [2024-05-03T18:19:48.998+0000] {dagbag.py:540} INFO - Filling up the DagBag from /home/airflow/.local/lib/python3.11/site-packages/airflow/example_dags/example_kubernetes_executor.py
[2024-05-03T18:19:49.215+0000] {processor.py:840} INFO - DAG(s) 'example_kubernetes_executor' retrieved from /home/airflow/.local/lib/python3.11/site-packages/airflow/example_dags/example_kubernetes_executor.py
[2024-05-03T18:19:49.677+0000] {logging_mixin.py:188} INFO - [2024-05-03T18:19:49.676+0000] {dag.py:3096} INFO - Sync 1 DAGs
[2024-05-03T18:19:49.828+0000] {logging_mixin.py:188} INFO - [2024-05-03T18:19:49.821+0000] {dag.py:3954} INFO - Setting next_dagrun for example_kubernetes_executor to None, run_after=None
[2024-05-03T18:19:50.066+0000] {processor.py:183} INFO - Processing /home/airflow/.local/lib/python3.11/site-packages/airflow/example_dags/example_kubernetes_executor.py took 1.237 seconds
[2024-05-03T18:20:24.224+0000] {processor.py:161} INFO - Started process (PID=371) to work on /home/airflow/.local/lib/python3.11/site-packages/airflow/example_dags/example_kubernetes_executor.py
[2024-05-03T18:20:24.238+0000] {processor.py:830} INFO - Processing file /home/airflow/.local/lib/python3.11/site-packages/airflow/example_dags/example_kubernetes_executor.py for tasks to queue
[2024-05-03T18:20:24.269+0000] {logging_mixin.py:188} INFO - [2024-05-03T18:20:24.264+0000] {dagbag.py:540} INFO - Filling up the DagBag from /home/airflow/.local/lib/python3.11/site-packages/airflow/example_dags/example_kubernetes_executor.py
[2024-05-03T18:20:24.430+0000] {processor.py:840} INFO - DAG(s) 'example_kubernetes_executor' retrieved from /home/airflow/.local/lib/python3.11/site-packages/airflow/example_dags/example_kubernetes_executor.py
[2024-05-03T18:20:25.197+0000] {logging_mixin.py:188} INFO - [2024-05-03T18:20:25.196+0000] {dag.py:3096} INFO - Sync 1 DAGs
[2024-05-03T18:20:25.409+0000] {logging_mixin.py:188} INFO - [2024-05-03T18:20:25.408+0000] {dag.py:3954} INFO - Setting next_dagrun for example_kubernetes_executor to None, run_after=None
[2024-05-03T18:20:25.615+0000] {processor.py:183} INFO - Processing /home/airflow/.local/lib/python3.11/site-packages/airflow/example_dags/example_kubernetes_executor.py took 1.491 seconds
[2024-05-03T18:20:53.515+0000] {processor.py:161} INFO - Started process (PID=426) to work on /home/airflow/.local/lib/python3.11/site-packages/airflow/example_dags/example_kubernetes_executor.py
[2024-05-03T18:20:53.530+0000] {processor.py:830} INFO - Processing file /home/airflow/.local/lib/python3.11/site-packages/airflow/example_dags/example_kubernetes_executor.py for tasks to queue
[2024-05-03T18:20:53.552+0000] {logging_mixin.py:188} INFO - [2024-05-03T18:20:53.550+0000] {dagbag.py:540} INFO - Filling up the DagBag from /home/airflow/.local/lib/python3.11/site-packages/airflow/example_dags/example_kubernetes_executor.py
[2024-05-03T18:20:53.751+0000] {processor.py:840} INFO - DAG(s) 'example_kubernetes_executor' retrieved from /home/airflow/.local/lib/python3.11/site-packages/airflow/example_dags/example_kubernetes_executor.py
[2024-05-03T18:20:54.163+0000] {logging_mixin.py:188} INFO - [2024-05-03T18:20:54.162+0000] {dag.py:3096} INFO - Sync 1 DAGs
[2024-05-03T18:20:54.317+0000] {logging_mixin.py:188} INFO - [2024-05-03T18:20:54.316+0000] {dag.py:3954} INFO - Setting next_dagrun for example_kubernetes_executor to None, run_after=None
[2024-05-03T18:20:54.482+0000] {processor.py:183} INFO - Processing /home/airflow/.local/lib/python3.11/site-packages/airflow/example_dags/example_kubernetes_executor.py took 1.023 seconds
[2024-05-03T18:21:25.365+0000] {processor.py:161} INFO - Started process (PID=483) to work on /home/airflow/.local/lib/python3.11/site-packages/airflow/example_dags/example_kubernetes_executor.py
[2024-05-03T18:21:25.373+0000] {processor.py:830} INFO - Processing file /home/airflow/.local/lib/python3.11/site-packages/airflow/example_dags/example_kubernetes_executor.py for tasks to queue
[2024-05-03T18:21:25.390+0000] {logging_mixin.py:188} INFO - [2024-05-03T18:21:25.389+0000] {dagbag.py:540} INFO - Filling up the DagBag from /home/airflow/.local/lib/python3.11/site-packages/airflow/example_dags/example_kubernetes_executor.py
[2024-05-03T18:21:25.547+0000] {processor.py:840} INFO - DAG(s) 'example_kubernetes_executor' retrieved from /home/airflow/.local/lib/python3.11/site-packages/airflow/example_dags/example_kubernetes_executor.py
[2024-05-03T18:21:25.815+0000] {logging_mixin.py:188} INFO - [2024-05-03T18:21:25.814+0000] {dag.py:3096} INFO - Sync 1 DAGs
[2024-05-03T18:21:25.922+0000] {logging_mixin.py:188} INFO - [2024-05-03T18:21:25.920+0000] {dag.py:3954} INFO - Setting next_dagrun for example_kubernetes_executor to None, run_after=None
[2024-05-03T18:21:26.215+0000] {processor.py:183} INFO - Processing /home/airflow/.local/lib/python3.11/site-packages/airflow/example_dags/example_kubernetes_executor.py took 0.898 seconds
[2024-05-03T18:21:55.303+0000] {processor.py:161} INFO - Started process (PID=539) to work on /home/airflow/.local/lib/python3.11/site-packages/airflow/example_dags/example_kubernetes_executor.py
[2024-05-03T18:21:55.320+0000] {processor.py:830} INFO - Processing file /home/airflow/.local/lib/python3.11/site-packages/airflow/example_dags/example_kubernetes_executor.py for tasks to queue
[2024-05-03T18:21:55.338+0000] {logging_mixin.py:188} INFO - [2024-05-03T18:21:55.337+0000] {dagbag.py:540} INFO - Filling up the DagBag from /home/airflow/.local/lib/python3.11/site-packages/airflow/example_dags/example_kubernetes_executor.py
[2024-05-03T18:21:55.552+0000] {processor.py:840} INFO - DAG(s) 'example_kubernetes_executor' retrieved from /home/airflow/.local/lib/python3.11/site-packages/airflow/example_dags/example_kubernetes_executor.py
[2024-05-03T18:21:56.027+0000] {logging_mixin.py:188} INFO - [2024-05-03T18:21:56.026+0000] {dag.py:3096} INFO - Sync 1 DAGs
[2024-05-03T18:21:56.154+0000] {logging_mixin.py:188} INFO - [2024-05-03T18:21:56.153+0000] {dag.py:3954} INFO - Setting next_dagrun for example_kubernetes_executor to None, run_after=None
[2024-05-03T18:21:56.660+0000] {processor.py:183} INFO - Processing /home/airflow/.local/lib/python3.11/site-packages/airflow/example_dags/example_kubernetes_executor.py took 1.448 seconds
[2024-05-03T18:22:28.391+0000] {processor.py:161} INFO - Started process (PID=596) to work on /home/airflow/.local/lib/python3.11/site-packages/airflow/example_dags/example_kubernetes_executor.py
[2024-05-03T18:22:28.397+0000] {processor.py:830} INFO - Processing file /home/airflow/.local/lib/python3.11/site-packages/airflow/example_dags/example_kubernetes_executor.py for tasks to queue
[2024-05-03T18:22:28.415+0000] {logging_mixin.py:188} INFO - [2024-05-03T18:22:28.414+0000] {dagbag.py:540} INFO - Filling up the DagBag from /home/airflow/.local/lib/python3.11/site-packages/airflow/example_dags/example_kubernetes_executor.py
[2024-05-03T18:22:28.550+0000] {processor.py:840} INFO - DAG(s) 'example_kubernetes_executor' retrieved from /home/airflow/.local/lib/python3.11/site-packages/airflow/example_dags/example_kubernetes_executor.py
[2024-05-03T18:22:29.001+0000] {logging_mixin.py:188} INFO - [2024-05-03T18:22:28.982+0000] {dag.py:3096} INFO - Sync 1 DAGs
[2024-05-03T18:22:29.168+0000] {logging_mixin.py:188} INFO - [2024-05-03T18:22:29.168+0000] {dag.py:3954} INFO - Setting next_dagrun for example_kubernetes_executor to None, run_after=None
[2024-05-03T18:22:29.365+0000] {processor.py:183} INFO - Processing /home/airflow/.local/lib/python3.11/site-packages/airflow/example_dags/example_kubernetes_executor.py took 1.046 seconds
[2024-05-03T18:22:56.074+0000] {processor.py:161} INFO - Started process (PID=651) to work on /home/airflow/.local/lib/python3.11/site-packages/airflow/example_dags/example_kubernetes_executor.py
[2024-05-03T18:22:56.077+0000] {processor.py:830} INFO - Processing file /home/airflow/.local/lib/python3.11/site-packages/airflow/example_dags/example_kubernetes_executor.py for tasks to queue
[2024-05-03T18:22:56.082+0000] {logging_mixin.py:188} INFO - [2024-05-03T18:22:56.081+0000] {dagbag.py:540} INFO - Filling up the DagBag from /home/airflow/.local/lib/python3.11/site-packages/airflow/example_dags/example_kubernetes_executor.py
[2024-05-03T18:22:56.161+0000] {processor.py:840} INFO - DAG(s) 'example_kubernetes_executor' retrieved from /home/airflow/.local/lib/python3.11/site-packages/airflow/example_dags/example_kubernetes_executor.py
[2024-05-03T18:22:56.305+0000] {logging_mixin.py:188} INFO - [2024-05-03T18:22:56.305+0000] {dag.py:3096} INFO - Sync 1 DAGs
[2024-05-03T18:22:56.336+0000] {logging_mixin.py:188} INFO - [2024-05-03T18:22:56.336+0000] {dag.py:3954} INFO - Setting next_dagrun for example_kubernetes_executor to None, run_after=None
[2024-05-03T18:22:56.807+0000] {processor.py:183} INFO - Processing /home/airflow/.local/lib/python3.11/site-packages/airflow/example_dags/example_kubernetes_executor.py took 0.752 seconds
[2024-05-03T18:23:14.198+0000] {processor.py:161} INFO - Started process (PID=702) to work on /home/airflow/.local/lib/python3.11/site-packages/airflow/example_dags/example_kubernetes_executor.py
[2024-05-03T18:23:14.202+0000] {processor.py:830} INFO - Processing file /home/airflow/.local/lib/python3.11/site-packages/airflow/example_dags/example_kubernetes_executor.py for tasks to queue
[2024-05-03T18:23:14.210+0000] {logging_mixin.py:188} INFO - [2024-05-03T18:23:14.209+0000] {dagbag.py:540} INFO - Filling up the DagBag from /home/airflow/.local/lib/python3.11/site-packages/airflow/example_dags/example_kubernetes_executor.py
[2024-05-03T18:23:14.279+0000] {processor.py:840} INFO - DAG(s) 'example_kubernetes_executor' retrieved from /home/airflow/.local/lib/python3.11/site-packages/airflow/example_dags/example_kubernetes_executor.py
[2024-05-03T18:23:14.397+0000] {logging_mixin.py:188} INFO - [2024-05-03T18:23:14.396+0000] {dag.py:3096} INFO - Sync 1 DAGs
[2024-05-03T18:23:14.447+0000] {logging_mixin.py:188} INFO - [2024-05-03T18:23:14.447+0000] {dag.py:3954} INFO - Setting next_dagrun for example_kubernetes_executor to None, run_after=None
[2024-05-03T18:23:14.723+0000] {processor.py:183} INFO - Processing /home/airflow/.local/lib/python3.11/site-packages/airflow/example_dags/example_kubernetes_executor.py took 0.554 seconds
[2024-05-03T18:23:31.102+0000] {processor.py:161} INFO - Started process (PID=758) to work on /home/airflow/.local/lib/python3.11/site-packages/airflow/example_dags/example_kubernetes_executor.py
[2024-05-03T18:23:31.168+0000] {processor.py:830} INFO - Processing file /home/airflow/.local/lib/python3.11/site-packages/airflow/example_dags/example_kubernetes_executor.py for tasks to queue
[2024-05-03T18:23:31.173+0000] {logging_mixin.py:188} INFO - [2024-05-03T18:23:31.172+0000] {dagbag.py:540} INFO - Filling up the DagBag from /home/airflow/.local/lib/python3.11/site-packages/airflow/example_dags/example_kubernetes_executor.py
[2024-05-03T18:23:31.227+0000] {processor.py:840} INFO - DAG(s) 'example_kubernetes_executor' retrieved from /home/airflow/.local/lib/python3.11/site-packages/airflow/example_dags/example_kubernetes_executor.py
[2024-05-03T18:23:31.311+0000] {logging_mixin.py:188} INFO - [2024-05-03T18:23:31.311+0000] {dag.py:3096} INFO - Sync 1 DAGs
[2024-05-03T18:23:31.336+0000] {logging_mixin.py:188} INFO - [2024-05-03T18:23:31.335+0000] {dag.py:3954} INFO - Setting next_dagrun for example_kubernetes_executor to None, run_after=None
[2024-05-03T18:23:31.438+0000] {processor.py:183} INFO - Processing /home/airflow/.local/lib/python3.11/site-packages/airflow/example_dags/example_kubernetes_executor.py took 0.349 seconds
[2024-05-03T18:23:44.041+0000] {processor.py:161} INFO - Started process (PID=809) to work on /home/airflow/.local/lib/python3.11/site-packages/airflow/example_dags/example_kubernetes_executor.py
[2024-05-03T18:23:44.043+0000] {processor.py:830} INFO - Processing file /home/airflow/.local/lib/python3.11/site-packages/airflow/example_dags/example_kubernetes_executor.py for tasks to queue
[2024-05-03T18:23:44.048+0000] {logging_mixin.py:188} INFO - [2024-05-03T18:23:44.047+0000] {dagbag.py:540} INFO - Filling up the DagBag from /home/airflow/.local/lib/python3.11/site-packages/airflow/example_dags/example_kubernetes_executor.py
[2024-05-03T18:23:44.083+0000] {processor.py:840} INFO - DAG(s) 'example_kubernetes_executor' retrieved from /home/airflow/.local/lib/python3.11/site-packages/airflow/example_dags/example_kubernetes_executor.py
[2024-05-03T18:23:44.175+0000] {logging_mixin.py:188} INFO - [2024-05-03T18:23:44.174+0000] {dag.py:3096} INFO - Sync 1 DAGs
[2024-05-03T18:23:44.203+0000] {logging_mixin.py:188} INFO - [2024-05-03T18:23:44.202+0000] {dag.py:3954} INFO - Setting next_dagrun for example_kubernetes_executor to None, run_after=None
[2024-05-03T18:23:44.346+0000] {processor.py:183} INFO - Processing /home/airflow/.local/lib/python3.11/site-packages/airflow/example_dags/example_kubernetes_executor.py took 0.320 seconds
[2024-05-03T18:23:58.733+0000] {processor.py:161} INFO - Started process (PID=866) to work on /home/airflow/.local/lib/python3.11/site-packages/airflow/example_dags/example_kubernetes_executor.py
[2024-05-03T18:23:58.735+0000] {processor.py:830} INFO - Processing file /home/airflow/.local/lib/python3.11/site-packages/airflow/example_dags/example_kubernetes_executor.py for tasks to queue
[2024-05-03T18:23:58.739+0000] {logging_mixin.py:188} INFO - [2024-05-03T18:23:58.738+0000] {dagbag.py:540} INFO - Filling up the DagBag from /home/airflow/.local/lib/python3.11/site-packages/airflow/example_dags/example_kubernetes_executor.py
[2024-05-03T18:23:58.764+0000] {processor.py:840} INFO - DAG(s) 'example_kubernetes_executor' retrieved from /home/airflow/.local/lib/python3.11/site-packages/airflow/example_dags/example_kubernetes_executor.py
[2024-05-03T18:23:58.831+0000] {logging_mixin.py:188} INFO - [2024-05-03T18:23:58.831+0000] {dag.py:3096} INFO - Sync 1 DAGs
[2024-05-03T18:23:58.851+0000] {logging_mixin.py:188} INFO - [2024-05-03T18:23:58.851+0000] {dag.py:3954} INFO - Setting next_dagrun for example_kubernetes_executor to None, run_after=None
[2024-05-03T18:23:59.055+0000] {processor.py:183} INFO - Processing /home/airflow/.local/lib/python3.11/site-packages/airflow/example_dags/example_kubernetes_executor.py took 0.334 seconds
[2024-05-03T18:24:19.777+0000] {processor.py:161} INFO - Started process (PID=924) to work on /home/airflow/.local/lib/python3.11/site-packages/airflow/example_dags/example_kubernetes_executor.py
[2024-05-03T18:24:19.867+0000] {processor.py:830} INFO - Processing file /home/airflow/.local/lib/python3.11/site-packages/airflow/example_dags/example_kubernetes_executor.py for tasks to queue
[2024-05-03T18:24:19.917+0000] {logging_mixin.py:188} INFO - [2024-05-03T18:24:19.916+0000] {dagbag.py:540} INFO - Filling up the DagBag from /home/airflow/.local/lib/python3.11/site-packages/airflow/example_dags/example_kubernetes_executor.py
[2024-05-03T18:24:20.059+0000] {processor.py:840} INFO - DAG(s) 'example_kubernetes_executor' retrieved from /home/airflow/.local/lib/python3.11/site-packages/airflow/example_dags/example_kubernetes_executor.py
[2024-05-03T18:24:20.373+0000] {logging_mixin.py:188} INFO - [2024-05-03T18:24:20.373+0000] {dag.py:3096} INFO - Sync 1 DAGs
[2024-05-03T18:24:20.438+0000] {logging_mixin.py:188} INFO - [2024-05-03T18:24:20.437+0000] {dag.py:3954} INFO - Setting next_dagrun for example_kubernetes_executor to None, run_after=None
[2024-05-03T18:24:20.688+0000] {processor.py:183} INFO - Processing /home/airflow/.local/lib/python3.11/site-packages/airflow/example_dags/example_kubernetes_executor.py took 0.983 seconds
[2024-05-03T18:24:38.261+0000] {processor.py:161} INFO - Started process (PID=974) to work on /home/airflow/.local/lib/python3.11/site-packages/airflow/example_dags/example_kubernetes_executor.py
[2024-05-03T18:24:38.282+0000] {processor.py:830} INFO - Processing file /home/airflow/.local/lib/python3.11/site-packages/airflow/example_dags/example_kubernetes_executor.py for tasks to queue
[2024-05-03T18:24:38.306+0000] {logging_mixin.py:188} INFO - [2024-05-03T18:24:38.303+0000] {dagbag.py:540} INFO - Filling up the DagBag from /home/airflow/.local/lib/python3.11/site-packages/airflow/example_dags/example_kubernetes_executor.py
[2024-05-03T18:24:38.422+0000] {processor.py:840} INFO - DAG(s) 'example_kubernetes_executor' retrieved from /home/airflow/.local/lib/python3.11/site-packages/airflow/example_dags/example_kubernetes_executor.py
[2024-05-03T18:24:38.624+0000] {logging_mixin.py:188} INFO - [2024-05-03T18:24:38.623+0000] {dag.py:3096} INFO - Sync 1 DAGs
[2024-05-03T18:24:38.668+0000] {logging_mixin.py:188} INFO - [2024-05-03T18:24:38.667+0000] {dag.py:3954} INFO - Setting next_dagrun for example_kubernetes_executor to None, run_after=None
[2024-05-03T18:24:38.865+0000] {processor.py:183} INFO - Processing /home/airflow/.local/lib/python3.11/site-packages/airflow/example_dags/example_kubernetes_executor.py took 0.674 seconds
[2024-05-03T18:25:01.462+0000] {processor.py:161} INFO - Started process (PID=1032) to work on /home/airflow/.local/lib/python3.11/site-packages/airflow/example_dags/example_kubernetes_executor.py
[2024-05-03T18:25:01.482+0000] {processor.py:830} INFO - Processing file /home/airflow/.local/lib/python3.11/site-packages/airflow/example_dags/example_kubernetes_executor.py for tasks to queue
[2024-05-03T18:25:01.533+0000] {logging_mixin.py:188} INFO - [2024-05-03T18:25:01.531+0000] {dagbag.py:540} INFO - Filling up the DagBag from /home/airflow/.local/lib/python3.11/site-packages/airflow/example_dags/example_kubernetes_executor.py
[2024-05-03T18:25:01.788+0000] {processor.py:840} INFO - DAG(s) 'example_kubernetes_executor' retrieved from /home/airflow/.local/lib/python3.11/site-packages/airflow/example_dags/example_kubernetes_executor.py
[2024-05-03T18:25:02.442+0000] {logging_mixin.py:188} INFO - [2024-05-03T18:25:02.441+0000] {dag.py:3096} INFO - Sync 1 DAGs
[2024-05-03T18:25:02.575+0000] {logging_mixin.py:188} INFO - [2024-05-03T18:25:02.574+0000] {dag.py:3954} INFO - Setting next_dagrun for example_kubernetes_executor to None, run_after=None
[2024-05-03T18:25:02.855+0000] {processor.py:183} INFO - Processing /home/airflow/.local/lib/python3.11/site-packages/airflow/example_dags/example_kubernetes_executor.py took 1.452 seconds
[2024-05-03T18:25:47.271+0000] {processor.py:161} INFO - Started process (PID=1087) to work on /home/airflow/.local/lib/python3.11/site-packages/airflow/example_dags/example_kubernetes_executor.py
[2024-05-03T18:25:47.353+0000] {processor.py:830} INFO - Processing file /home/airflow/.local/lib/python3.11/site-packages/airflow/example_dags/example_kubernetes_executor.py for tasks to queue
[2024-05-03T18:25:47.376+0000] {logging_mixin.py:188} INFO - [2024-05-03T18:25:47.375+0000] {dagbag.py:540} INFO - Filling up the DagBag from /home/airflow/.local/lib/python3.11/site-packages/airflow/example_dags/example_kubernetes_executor.py
[2024-05-03T18:25:47.497+0000] {processor.py:840} INFO - DAG(s) 'example_kubernetes_executor' retrieved from /home/airflow/.local/lib/python3.11/site-packages/airflow/example_dags/example_kubernetes_executor.py
[2024-05-03T18:25:47.910+0000] {logging_mixin.py:188} INFO - [2024-05-03T18:25:47.909+0000] {dag.py:3096} INFO - Sync 1 DAGs
[2024-05-03T18:25:48.106+0000] {logging_mixin.py:188} INFO - [2024-05-03T18:25:48.105+0000] {dag.py:3954} INFO - Setting next_dagrun for example_kubernetes_executor to None, run_after=None
[2024-05-03T18:25:49.181+0000] {processor.py:183} INFO - Processing /home/airflow/.local/lib/python3.11/site-packages/airflow/example_dags/example_kubernetes_executor.py took 1.975 seconds
[2024-05-03T18:26:52.308+0000] {processor.py:161} INFO - Started process (PID=1150) to work on /home/airflow/.local/lib/python3.11/site-packages/airflow/example_dags/example_kubernetes_executor.py
[2024-05-03T18:26:52.345+0000] {processor.py:830} INFO - Processing file /home/airflow/.local/lib/python3.11/site-packages/airflow/example_dags/example_kubernetes_executor.py for tasks to queue
[2024-05-03T18:26:52.353+0000] {logging_mixin.py:188} INFO - [2024-05-03T18:26:52.352+0000] {dagbag.py:540} INFO - Filling up the DagBag from /home/airflow/.local/lib/python3.11/site-packages/airflow/example_dags/example_kubernetes_executor.py
[2024-05-03T18:26:52.764+0000] {processor.py:840} INFO - DAG(s) 'example_kubernetes_executor' retrieved from /home/airflow/.local/lib/python3.11/site-packages/airflow/example_dags/example_kubernetes_executor.py
[2024-05-03T18:26:53.639+0000] {logging_mixin.py:188} INFO - [2024-05-03T18:26:53.638+0000] {dag.py:3096} INFO - Sync 1 DAGs
[2024-05-03T18:26:53.804+0000] {logging_mixin.py:188} INFO - [2024-05-03T18:26:53.803+0000] {dag.py:3954} INFO - Setting next_dagrun for example_kubernetes_executor to None, run_after=None
[2024-05-03T18:26:54.271+0000] {processor.py:183} INFO - Processing /home/airflow/.local/lib/python3.11/site-packages/airflow/example_dags/example_kubernetes_executor.py took 2.209 seconds
[2024-05-03T18:27:55.104+0000] {processor.py:161} INFO - Started process (PID=1211) to work on /home/airflow/.local/lib/python3.11/site-packages/airflow/example_dags/example_kubernetes_executor.py
[2024-05-03T18:27:55.124+0000] {processor.py:830} INFO - Processing file /home/airflow/.local/lib/python3.11/site-packages/airflow/example_dags/example_kubernetes_executor.py for tasks to queue
[2024-05-03T18:27:55.158+0000] {logging_mixin.py:188} INFO - [2024-05-03T18:27:55.153+0000] {dagbag.py:540} INFO - Filling up the DagBag from /home/airflow/.local/lib/python3.11/site-packages/airflow/example_dags/example_kubernetes_executor.py
[2024-05-03T18:27:55.767+0000] {processor.py:840} INFO - DAG(s) 'example_kubernetes_executor' retrieved from /home/airflow/.local/lib/python3.11/site-packages/airflow/example_dags/example_kubernetes_executor.py
[2024-05-03T18:27:57.828+0000] {logging_mixin.py:188} INFO - [2024-05-03T18:27:57.827+0000] {dag.py:3096} INFO - Sync 1 DAGs
[2024-05-03T18:27:58.293+0000] {logging_mixin.py:188} INFO - [2024-05-03T18:27:58.292+0000] {dag.py:3954} INFO - Setting next_dagrun for example_kubernetes_executor to None, run_after=None
[2024-05-03T18:27:58.617+0000] {processor.py:183} INFO - Processing /home/airflow/.local/lib/python3.11/site-packages/airflow/example_dags/example_kubernetes_executor.py took 3.620 seconds
[2024-05-03T18:28:47.486+0000] {processor.py:161} INFO - Started process (PID=1273) to work on /home/airflow/.local/lib/python3.11/site-packages/airflow/example_dags/example_kubernetes_executor.py
[2024-05-03T18:28:47.500+0000] {processor.py:830} INFO - Processing file /home/airflow/.local/lib/python3.11/site-packages/airflow/example_dags/example_kubernetes_executor.py for tasks to queue
[2024-05-03T18:28:47.538+0000] {logging_mixin.py:188} INFO - [2024-05-03T18:28:47.524+0000] {dagbag.py:540} INFO - Filling up the DagBag from /home/airflow/.local/lib/python3.11/site-packages/airflow/example_dags/example_kubernetes_executor.py
[2024-05-03T18:28:47.681+0000] {processor.py:840} INFO - DAG(s) 'example_kubernetes_executor' retrieved from /home/airflow/.local/lib/python3.11/site-packages/airflow/example_dags/example_kubernetes_executor.py
[2024-05-03T18:28:48.140+0000] {logging_mixin.py:188} INFO - [2024-05-03T18:28:48.127+0000] {dag.py:3096} INFO - Sync 1 DAGs
[2024-05-03T18:28:48.326+0000] {logging_mixin.py:188} INFO - [2024-05-03T18:28:48.325+0000] {dag.py:3954} INFO - Setting next_dagrun for example_kubernetes_executor to None, run_after=None
[2024-05-03T18:28:48.569+0000] {processor.py:183} INFO - Processing /home/airflow/.local/lib/python3.11/site-packages/airflow/example_dags/example_kubernetes_executor.py took 1.186 seconds
