[2024-05-03T18:16:59.435+0000] {processor.py:161} INFO - Started process (PID=85) to work on /home/airflow/.local/lib/python3.11/site-packages/airflow/example_dags/example_local_kubernetes_executor.py
[2024-05-03T18:16:59.441+0000] {processor.py:830} INFO - Processing file /home/airflow/.local/lib/python3.11/site-packages/airflow/example_dags/example_local_kubernetes_executor.py for tasks to queue
[2024-05-03T18:16:59.453+0000] {logging_mixin.py:188} INFO - [2024-05-03T18:16:59.452+0000] {dagbag.py:540} INFO - Filling up the DagBag from /home/airflow/.local/lib/python3.11/site-packages/airflow/example_dags/example_local_kubernetes_executor.py
[2024-05-03T18:16:59.595+0000] {processor.py:840} INFO - DAG(s) 'example_local_kubernetes_executor' retrieved from /home/airflow/.local/lib/python3.11/site-packages/airflow/example_dags/example_local_kubernetes_executor.py
[2024-05-03T18:17:01.084+0000] {logging_mixin.py:188} INFO - [2024-05-03T18:17:01.081+0000] {override.py:1829} INFO - Created Permission View: can edit on DAG:example_local_kubernetes_executor
[2024-05-03T18:17:01.177+0000] {logging_mixin.py:188} INFO - [2024-05-03T18:17:01.176+0000] {override.py:1829} INFO - Created Permission View: can read on DAG:example_local_kubernetes_executor
[2024-05-03T18:17:01.385+0000] {logging_mixin.py:188} INFO - [2024-05-03T18:17:01.383+0000] {override.py:1829} INFO - Created Permission View: can delete on DAG:example_local_kubernetes_executor
[2024-05-03T18:17:01.391+0000] {logging_mixin.py:188} INFO - [2024-05-03T18:17:01.390+0000] {dag.py:3096} INFO - Sync 1 DAGs
[2024-05-03T18:17:01.496+0000] {logging_mixin.py:188} INFO - [2024-05-03T18:17:01.495+0000] {dag.py:3118} INFO - Creating ORM DAG for example_local_kubernetes_executor
[2024-05-03T18:17:01.501+0000] {logging_mixin.py:188} INFO - [2024-05-03T18:17:01.500+0000] {dag.py:3954} INFO - Setting next_dagrun for example_local_kubernetes_executor to None, run_after=None
[2024-05-03T18:17:01.620+0000] {processor.py:183} INFO - Processing /home/airflow/.local/lib/python3.11/site-packages/airflow/example_dags/example_local_kubernetes_executor.py took 2.227 seconds
[2024-05-03T18:17:52.795+0000] {processor.py:161} INFO - Started process (PID=151) to work on /home/airflow/.local/lib/python3.11/site-packages/airflow/example_dags/example_local_kubernetes_executor.py
[2024-05-03T18:17:52.801+0000] {processor.py:830} INFO - Processing file /home/airflow/.local/lib/python3.11/site-packages/airflow/example_dags/example_local_kubernetes_executor.py for tasks to queue
[2024-05-03T18:17:52.820+0000] {logging_mixin.py:188} INFO - [2024-05-03T18:17:52.819+0000] {dagbag.py:540} INFO - Filling up the DagBag from /home/airflow/.local/lib/python3.11/site-packages/airflow/example_dags/example_local_kubernetes_executor.py
[2024-05-03T18:17:52.889+0000] {processor.py:840} INFO - DAG(s) 'example_local_kubernetes_executor' retrieved from /home/airflow/.local/lib/python3.11/site-packages/airflow/example_dags/example_local_kubernetes_executor.py
[2024-05-03T18:17:53.198+0000] {logging_mixin.py:188} INFO - [2024-05-03T18:17:53.197+0000] {dag.py:3096} INFO - Sync 1 DAGs
[2024-05-03T18:17:53.339+0000] {logging_mixin.py:188} INFO - [2024-05-03T18:17:53.338+0000] {dag.py:3954} INFO - Setting next_dagrun for example_local_kubernetes_executor to None, run_after=None
[2024-05-03T18:17:53.495+0000] {processor.py:183} INFO - Processing /home/airflow/.local/lib/python3.11/site-packages/airflow/example_dags/example_local_kubernetes_executor.py took 0.761 seconds
[2024-05-03T18:18:32.011+0000] {processor.py:161} INFO - Started process (PID=207) to work on /home/airflow/.local/lib/python3.11/site-packages/airflow/example_dags/example_local_kubernetes_executor.py
[2024-05-03T18:18:32.032+0000] {processor.py:830} INFO - Processing file /home/airflow/.local/lib/python3.11/site-packages/airflow/example_dags/example_local_kubernetes_executor.py for tasks to queue
[2024-05-03T18:18:32.053+0000] {logging_mixin.py:188} INFO - [2024-05-03T18:18:32.052+0000] {dagbag.py:540} INFO - Filling up the DagBag from /home/airflow/.local/lib/python3.11/site-packages/airflow/example_dags/example_local_kubernetes_executor.py
[2024-05-03T18:18:32.167+0000] {processor.py:840} INFO - DAG(s) 'example_local_kubernetes_executor' retrieved from /home/airflow/.local/lib/python3.11/site-packages/airflow/example_dags/example_local_kubernetes_executor.py
[2024-05-03T18:18:32.614+0000] {logging_mixin.py:188} INFO - [2024-05-03T18:18:32.613+0000] {dag.py:3096} INFO - Sync 1 DAGs
[2024-05-03T18:18:32.779+0000] {logging_mixin.py:188} INFO - [2024-05-03T18:18:32.778+0000] {dag.py:3954} INFO - Setting next_dagrun for example_local_kubernetes_executor to None, run_after=None
[2024-05-03T18:18:32.972+0000] {processor.py:183} INFO - Processing /home/airflow/.local/lib/python3.11/site-packages/airflow/example_dags/example_local_kubernetes_executor.py took 1.058 seconds
[2024-05-03T18:19:17.126+0000] {processor.py:161} INFO - Started process (PID=270) to work on /home/airflow/.local/lib/python3.11/site-packages/airflow/example_dags/example_local_kubernetes_executor.py
[2024-05-03T18:19:17.144+0000] {processor.py:830} INFO - Processing file /home/airflow/.local/lib/python3.11/site-packages/airflow/example_dags/example_local_kubernetes_executor.py for tasks to queue
[2024-05-03T18:19:17.168+0000] {logging_mixin.py:188} INFO - [2024-05-03T18:19:17.161+0000] {dagbag.py:540} INFO - Filling up the DagBag from /home/airflow/.local/lib/python3.11/site-packages/airflow/example_dags/example_local_kubernetes_executor.py
[2024-05-03T18:19:17.304+0000] {processor.py:840} INFO - DAG(s) 'example_local_kubernetes_executor' retrieved from /home/airflow/.local/lib/python3.11/site-packages/airflow/example_dags/example_local_kubernetes_executor.py
[2024-05-03T18:19:17.623+0000] {logging_mixin.py:188} INFO - [2024-05-03T18:19:17.622+0000] {dag.py:3096} INFO - Sync 1 DAGs
[2024-05-03T18:19:18.284+0000] {logging_mixin.py:188} INFO - [2024-05-03T18:19:18.180+0000] {dag.py:3954} INFO - Setting next_dagrun for example_local_kubernetes_executor to None, run_after=None
[2024-05-03T18:19:19.091+0000] {processor.py:183} INFO - Processing /home/airflow/.local/lib/python3.11/site-packages/airflow/example_dags/example_local_kubernetes_executor.py took 2.007 seconds
[2024-05-03T18:19:56.520+0000] {processor.py:161} INFO - Started process (PID=325) to work on /home/airflow/.local/lib/python3.11/site-packages/airflow/example_dags/example_local_kubernetes_executor.py
[2024-05-03T18:19:56.547+0000] {processor.py:830} INFO - Processing file /home/airflow/.local/lib/python3.11/site-packages/airflow/example_dags/example_local_kubernetes_executor.py for tasks to queue
[2024-05-03T18:19:56.567+0000] {logging_mixin.py:188} INFO - [2024-05-03T18:19:56.560+0000] {dagbag.py:540} INFO - Filling up the DagBag from /home/airflow/.local/lib/python3.11/site-packages/airflow/example_dags/example_local_kubernetes_executor.py
[2024-05-03T18:19:56.643+0000] {processor.py:840} INFO - DAG(s) 'example_local_kubernetes_executor' retrieved from /home/airflow/.local/lib/python3.11/site-packages/airflow/example_dags/example_local_kubernetes_executor.py
[2024-05-03T18:19:56.886+0000] {logging_mixin.py:188} INFO - [2024-05-03T18:19:56.885+0000] {dag.py:3096} INFO - Sync 1 DAGs
[2024-05-03T18:19:57.003+0000] {logging_mixin.py:188} INFO - [2024-05-03T18:19:57.002+0000] {dag.py:3954} INFO - Setting next_dagrun for example_local_kubernetes_executor to None, run_after=None
[2024-05-03T18:19:57.183+0000] {processor.py:183} INFO - Processing /home/airflow/.local/lib/python3.11/site-packages/airflow/example_dags/example_local_kubernetes_executor.py took 0.750 seconds
[2024-05-03T18:20:31.820+0000] {processor.py:161} INFO - Started process (PID=383) to work on /home/airflow/.local/lib/python3.11/site-packages/airflow/example_dags/example_local_kubernetes_executor.py
[2024-05-03T18:20:31.827+0000] {processor.py:830} INFO - Processing file /home/airflow/.local/lib/python3.11/site-packages/airflow/example_dags/example_local_kubernetes_executor.py for tasks to queue
[2024-05-03T18:20:31.848+0000] {logging_mixin.py:188} INFO - [2024-05-03T18:20:31.846+0000] {dagbag.py:540} INFO - Filling up the DagBag from /home/airflow/.local/lib/python3.11/site-packages/airflow/example_dags/example_local_kubernetes_executor.py
[2024-05-03T18:20:31.943+0000] {processor.py:840} INFO - DAG(s) 'example_local_kubernetes_executor' retrieved from /home/airflow/.local/lib/python3.11/site-packages/airflow/example_dags/example_local_kubernetes_executor.py
[2024-05-03T18:20:32.317+0000] {logging_mixin.py:188} INFO - [2024-05-03T18:20:32.316+0000] {dag.py:3096} INFO - Sync 1 DAGs
[2024-05-03T18:20:32.428+0000] {logging_mixin.py:188} INFO - [2024-05-03T18:20:32.427+0000] {dag.py:3954} INFO - Setting next_dagrun for example_local_kubernetes_executor to None, run_after=None
[2024-05-03T18:20:32.755+0000] {processor.py:183} INFO - Processing /home/airflow/.local/lib/python3.11/site-packages/airflow/example_dags/example_local_kubernetes_executor.py took 0.992 seconds
[2024-05-03T18:21:00.600+0000] {processor.py:161} INFO - Started process (PID=438) to work on /home/airflow/.local/lib/python3.11/site-packages/airflow/example_dags/example_local_kubernetes_executor.py
[2024-05-03T18:21:00.613+0000] {processor.py:830} INFO - Processing file /home/airflow/.local/lib/python3.11/site-packages/airflow/example_dags/example_local_kubernetes_executor.py for tasks to queue
[2024-05-03T18:21:00.652+0000] {logging_mixin.py:188} INFO - [2024-05-03T18:21:00.650+0000] {dagbag.py:540} INFO - Filling up the DagBag from /home/airflow/.local/lib/python3.11/site-packages/airflow/example_dags/example_local_kubernetes_executor.py
[2024-05-03T18:21:00.715+0000] {processor.py:840} INFO - DAG(s) 'example_local_kubernetes_executor' retrieved from /home/airflow/.local/lib/python3.11/site-packages/airflow/example_dags/example_local_kubernetes_executor.py
[2024-05-03T18:21:01.018+0000] {logging_mixin.py:188} INFO - [2024-05-03T18:21:01.017+0000] {dag.py:3096} INFO - Sync 1 DAGs
[2024-05-03T18:21:01.121+0000] {logging_mixin.py:188} INFO - [2024-05-03T18:21:01.121+0000] {dag.py:3954} INFO - Setting next_dagrun for example_local_kubernetes_executor to None, run_after=None
[2024-05-03T18:21:01.236+0000] {processor.py:183} INFO - Processing /home/airflow/.local/lib/python3.11/site-packages/airflow/example_dags/example_local_kubernetes_executor.py took 0.676 seconds
[2024-05-03T18:21:31.693+0000] {processor.py:161} INFO - Started process (PID=495) to work on /home/airflow/.local/lib/python3.11/site-packages/airflow/example_dags/example_local_kubernetes_executor.py
[2024-05-03T18:21:31.701+0000] {processor.py:830} INFO - Processing file /home/airflow/.local/lib/python3.11/site-packages/airflow/example_dags/example_local_kubernetes_executor.py for tasks to queue
[2024-05-03T18:21:31.719+0000] {logging_mixin.py:188} INFO - [2024-05-03T18:21:31.717+0000] {dagbag.py:540} INFO - Filling up the DagBag from /home/airflow/.local/lib/python3.11/site-packages/airflow/example_dags/example_local_kubernetes_executor.py
[2024-05-03T18:21:31.808+0000] {processor.py:840} INFO - DAG(s) 'example_local_kubernetes_executor' retrieved from /home/airflow/.local/lib/python3.11/site-packages/airflow/example_dags/example_local_kubernetes_executor.py
[2024-05-03T18:21:32.199+0000] {logging_mixin.py:188} INFO - [2024-05-03T18:21:32.198+0000] {dag.py:3096} INFO - Sync 1 DAGs
[2024-05-03T18:21:32.315+0000] {logging_mixin.py:188} INFO - [2024-05-03T18:21:32.314+0000] {dag.py:3954} INFO - Setting next_dagrun for example_local_kubernetes_executor to None, run_after=None
[2024-05-03T18:21:32.506+0000] {processor.py:183} INFO - Processing /home/airflow/.local/lib/python3.11/site-packages/airflow/example_dags/example_local_kubernetes_executor.py took 0.870 seconds
[2024-05-03T18:22:03.001+0000] {processor.py:161} INFO - Started process (PID=551) to work on /home/airflow/.local/lib/python3.11/site-packages/airflow/example_dags/example_local_kubernetes_executor.py
[2024-05-03T18:22:03.009+0000] {processor.py:830} INFO - Processing file /home/airflow/.local/lib/python3.11/site-packages/airflow/example_dags/example_local_kubernetes_executor.py for tasks to queue
[2024-05-03T18:22:03.025+0000] {logging_mixin.py:188} INFO - [2024-05-03T18:22:03.023+0000] {dagbag.py:540} INFO - Filling up the DagBag from /home/airflow/.local/lib/python3.11/site-packages/airflow/example_dags/example_local_kubernetes_executor.py
[2024-05-03T18:22:03.089+0000] {processor.py:840} INFO - DAG(s) 'example_local_kubernetes_executor' retrieved from /home/airflow/.local/lib/python3.11/site-packages/airflow/example_dags/example_local_kubernetes_executor.py
[2024-05-03T18:22:03.422+0000] {logging_mixin.py:188} INFO - [2024-05-03T18:22:03.411+0000] {dag.py:3096} INFO - Sync 1 DAGs
[2024-05-03T18:22:03.544+0000] {logging_mixin.py:188} INFO - [2024-05-03T18:22:03.543+0000] {dag.py:3954} INFO - Setting next_dagrun for example_local_kubernetes_executor to None, run_after=None
[2024-05-03T18:22:03.676+0000] {processor.py:183} INFO - Processing /home/airflow/.local/lib/python3.11/site-packages/airflow/example_dags/example_local_kubernetes_executor.py took 0.712 seconds
[2024-05-03T18:22:34.007+0000] {processor.py:161} INFO - Started process (PID=608) to work on /home/airflow/.local/lib/python3.11/site-packages/airflow/example_dags/example_local_kubernetes_executor.py
[2024-05-03T18:22:34.018+0000] {processor.py:830} INFO - Processing file /home/airflow/.local/lib/python3.11/site-packages/airflow/example_dags/example_local_kubernetes_executor.py for tasks to queue
[2024-05-03T18:22:34.037+0000] {logging_mixin.py:188} INFO - [2024-05-03T18:22:34.035+0000] {dagbag.py:540} INFO - Filling up the DagBag from /home/airflow/.local/lib/python3.11/site-packages/airflow/example_dags/example_local_kubernetes_executor.py
[2024-05-03T18:22:34.147+0000] {processor.py:840} INFO - DAG(s) 'example_local_kubernetes_executor' retrieved from /home/airflow/.local/lib/python3.11/site-packages/airflow/example_dags/example_local_kubernetes_executor.py
[2024-05-03T18:22:34.495+0000] {logging_mixin.py:188} INFO - [2024-05-03T18:22:34.491+0000] {dag.py:3096} INFO - Sync 1 DAGs
[2024-05-03T18:22:34.686+0000] {logging_mixin.py:188} INFO - [2024-05-03T18:22:34.685+0000] {dag.py:3954} INFO - Setting next_dagrun for example_local_kubernetes_executor to None, run_after=None
[2024-05-03T18:22:34.838+0000] {processor.py:183} INFO - Processing /home/airflow/.local/lib/python3.11/site-packages/airflow/example_dags/example_local_kubernetes_executor.py took 0.881 seconds
[2024-05-03T18:23:00.275+0000] {processor.py:161} INFO - Started process (PID=663) to work on /home/airflow/.local/lib/python3.11/site-packages/airflow/example_dags/example_local_kubernetes_executor.py
[2024-05-03T18:23:00.284+0000] {processor.py:830} INFO - Processing file /home/airflow/.local/lib/python3.11/site-packages/airflow/example_dags/example_local_kubernetes_executor.py for tasks to queue
[2024-05-03T18:23:00.303+0000] {logging_mixin.py:188} INFO - [2024-05-03T18:23:00.293+0000] {dagbag.py:540} INFO - Filling up the DagBag from /home/airflow/.local/lib/python3.11/site-packages/airflow/example_dags/example_local_kubernetes_executor.py
[2024-05-03T18:23:00.360+0000] {processor.py:840} INFO - DAG(s) 'example_local_kubernetes_executor' retrieved from /home/airflow/.local/lib/python3.11/site-packages/airflow/example_dags/example_local_kubernetes_executor.py
[2024-05-03T18:23:00.541+0000] {logging_mixin.py:188} INFO - [2024-05-03T18:23:00.541+0000] {dag.py:3096} INFO - Sync 1 DAGs
[2024-05-03T18:23:00.617+0000] {logging_mixin.py:188} INFO - [2024-05-03T18:23:00.615+0000] {dag.py:3954} INFO - Setting next_dagrun for example_local_kubernetes_executor to None, run_after=None
[2024-05-03T18:23:00.838+0000] {processor.py:183} INFO - Processing /home/airflow/.local/lib/python3.11/site-packages/airflow/example_dags/example_local_kubernetes_executor.py took 0.589 seconds
[2024-05-03T18:23:17.949+0000] {processor.py:161} INFO - Started process (PID=720) to work on /home/airflow/.local/lib/python3.11/site-packages/airflow/example_dags/example_local_kubernetes_executor.py
[2024-05-03T18:23:17.955+0000] {processor.py:830} INFO - Processing file /home/airflow/.local/lib/python3.11/site-packages/airflow/example_dags/example_local_kubernetes_executor.py for tasks to queue
[2024-05-03T18:23:17.964+0000] {logging_mixin.py:188} INFO - [2024-05-03T18:23:17.963+0000] {dagbag.py:540} INFO - Filling up the DagBag from /home/airflow/.local/lib/python3.11/site-packages/airflow/example_dags/example_local_kubernetes_executor.py
[2024-05-03T18:23:18.007+0000] {processor.py:840} INFO - DAG(s) 'example_local_kubernetes_executor' retrieved from /home/airflow/.local/lib/python3.11/site-packages/airflow/example_dags/example_local_kubernetes_executor.py
[2024-05-03T18:23:18.121+0000] {logging_mixin.py:188} INFO - [2024-05-03T18:23:18.121+0000] {dag.py:3096} INFO - Sync 1 DAGs
[2024-05-03T18:23:18.149+0000] {logging_mixin.py:188} INFO - [2024-05-03T18:23:18.148+0000] {dag.py:3954} INFO - Setting next_dagrun for example_local_kubernetes_executor to None, run_after=None
[2024-05-03T18:23:18.439+0000] {processor.py:183} INFO - Processing /home/airflow/.local/lib/python3.11/site-packages/airflow/example_dags/example_local_kubernetes_executor.py took 0.518 seconds
[2024-05-03T18:23:33.430+0000] {processor.py:161} INFO - Started process (PID=770) to work on /home/airflow/.local/lib/python3.11/site-packages/airflow/example_dags/example_local_kubernetes_executor.py
[2024-05-03T18:23:33.432+0000] {processor.py:830} INFO - Processing file /home/airflow/.local/lib/python3.11/site-packages/airflow/example_dags/example_local_kubernetes_executor.py for tasks to queue
[2024-05-03T18:23:33.438+0000] {logging_mixin.py:188} INFO - [2024-05-03T18:23:33.437+0000] {dagbag.py:540} INFO - Filling up the DagBag from /home/airflow/.local/lib/python3.11/site-packages/airflow/example_dags/example_local_kubernetes_executor.py
[2024-05-03T18:23:33.460+0000] {processor.py:840} INFO - DAG(s) 'example_local_kubernetes_executor' retrieved from /home/airflow/.local/lib/python3.11/site-packages/airflow/example_dags/example_local_kubernetes_executor.py
[2024-05-03T18:23:33.557+0000] {logging_mixin.py:188} INFO - [2024-05-03T18:23:33.557+0000] {dag.py:3096} INFO - Sync 1 DAGs
[2024-05-03T18:23:33.600+0000] {logging_mixin.py:188} INFO - [2024-05-03T18:23:33.600+0000] {dag.py:3954} INFO - Setting next_dagrun for example_local_kubernetes_executor to None, run_after=None
[2024-05-03T18:23:33.853+0000] {processor.py:183} INFO - Processing /home/airflow/.local/lib/python3.11/site-packages/airflow/example_dags/example_local_kubernetes_executor.py took 0.440 seconds
[2024-05-03T18:23:46.964+0000] {processor.py:161} INFO - Started process (PID=821) to work on /home/airflow/.local/lib/python3.11/site-packages/airflow/example_dags/example_local_kubernetes_executor.py
[2024-05-03T18:23:46.988+0000] {processor.py:830} INFO - Processing file /home/airflow/.local/lib/python3.11/site-packages/airflow/example_dags/example_local_kubernetes_executor.py for tasks to queue
[2024-05-03T18:23:46.994+0000] {logging_mixin.py:188} INFO - [2024-05-03T18:23:46.993+0000] {dagbag.py:540} INFO - Filling up the DagBag from /home/airflow/.local/lib/python3.11/site-packages/airflow/example_dags/example_local_kubernetes_executor.py
[2024-05-03T18:23:47.016+0000] {processor.py:840} INFO - DAG(s) 'example_local_kubernetes_executor' retrieved from /home/airflow/.local/lib/python3.11/site-packages/airflow/example_dags/example_local_kubernetes_executor.py
[2024-05-03T18:23:47.119+0000] {logging_mixin.py:188} INFO - [2024-05-03T18:23:47.119+0000] {dag.py:3096} INFO - Sync 1 DAGs
[2024-05-03T18:23:47.151+0000] {logging_mixin.py:188} INFO - [2024-05-03T18:23:47.150+0000] {dag.py:3954} INFO - Setting next_dagrun for example_local_kubernetes_executor to None, run_after=None
[2024-05-03T18:23:47.468+0000] {processor.py:183} INFO - Processing /home/airflow/.local/lib/python3.11/site-packages/airflow/example_dags/example_local_kubernetes_executor.py took 0.523 seconds
[2024-05-03T18:24:01.156+0000] {processor.py:161} INFO - Started process (PID=878) to work on /home/airflow/.local/lib/python3.11/site-packages/airflow/example_dags/example_local_kubernetes_executor.py
[2024-05-03T18:24:01.159+0000] {processor.py:830} INFO - Processing file /home/airflow/.local/lib/python3.11/site-packages/airflow/example_dags/example_local_kubernetes_executor.py for tasks to queue
[2024-05-03T18:24:01.164+0000] {logging_mixin.py:188} INFO - [2024-05-03T18:24:01.163+0000] {dagbag.py:540} INFO - Filling up the DagBag from /home/airflow/.local/lib/python3.11/site-packages/airflow/example_dags/example_local_kubernetes_executor.py
[2024-05-03T18:24:01.188+0000] {processor.py:840} INFO - DAG(s) 'example_local_kubernetes_executor' retrieved from /home/airflow/.local/lib/python3.11/site-packages/airflow/example_dags/example_local_kubernetes_executor.py
[2024-05-03T18:24:01.310+0000] {logging_mixin.py:188} INFO - [2024-05-03T18:24:01.309+0000] {dag.py:3096} INFO - Sync 1 DAGs
[2024-05-03T18:24:01.346+0000] {logging_mixin.py:188} INFO - [2024-05-03T18:24:01.345+0000] {dag.py:3954} INFO - Setting next_dagrun for example_local_kubernetes_executor to None, run_after=None
[2024-05-03T18:24:01.411+0000] {processor.py:183} INFO - Processing /home/airflow/.local/lib/python3.11/site-packages/airflow/example_dags/example_local_kubernetes_executor.py took 0.271 seconds
[2024-05-03T18:24:24.239+0000] {processor.py:161} INFO - Started process (PID=936) to work on /home/airflow/.local/lib/python3.11/site-packages/airflow/example_dags/example_local_kubernetes_executor.py
[2024-05-03T18:24:24.254+0000] {processor.py:830} INFO - Processing file /home/airflow/.local/lib/python3.11/site-packages/airflow/example_dags/example_local_kubernetes_executor.py for tasks to queue
[2024-05-03T18:24:24.259+0000] {logging_mixin.py:188} INFO - [2024-05-03T18:24:24.258+0000] {dagbag.py:540} INFO - Filling up the DagBag from /home/airflow/.local/lib/python3.11/site-packages/airflow/example_dags/example_local_kubernetes_executor.py
[2024-05-03T18:24:24.277+0000] {processor.py:840} INFO - DAG(s) 'example_local_kubernetes_executor' retrieved from /home/airflow/.local/lib/python3.11/site-packages/airflow/example_dags/example_local_kubernetes_executor.py
[2024-05-03T18:24:24.359+0000] {logging_mixin.py:188} INFO - [2024-05-03T18:24:24.358+0000] {dag.py:3096} INFO - Sync 1 DAGs
[2024-05-03T18:24:24.413+0000] {logging_mixin.py:188} INFO - [2024-05-03T18:24:24.412+0000] {dag.py:3954} INFO - Setting next_dagrun for example_local_kubernetes_executor to None, run_after=None
[2024-05-03T18:24:24.670+0000] {processor.py:183} INFO - Processing /home/airflow/.local/lib/python3.11/site-packages/airflow/example_dags/example_local_kubernetes_executor.py took 0.447 seconds
[2024-05-03T18:24:41.909+0000] {processor.py:161} INFO - Started process (PID=986) to work on /home/airflow/.local/lib/python3.11/site-packages/airflow/example_dags/example_local_kubernetes_executor.py
[2024-05-03T18:24:41.924+0000] {processor.py:830} INFO - Processing file /home/airflow/.local/lib/python3.11/site-packages/airflow/example_dags/example_local_kubernetes_executor.py for tasks to queue
[2024-05-03T18:24:41.933+0000] {logging_mixin.py:188} INFO - [2024-05-03T18:24:41.932+0000] {dagbag.py:540} INFO - Filling up the DagBag from /home/airflow/.local/lib/python3.11/site-packages/airflow/example_dags/example_local_kubernetes_executor.py
[2024-05-03T18:24:41.986+0000] {processor.py:840} INFO - DAG(s) 'example_local_kubernetes_executor' retrieved from /home/airflow/.local/lib/python3.11/site-packages/airflow/example_dags/example_local_kubernetes_executor.py
[2024-05-03T18:24:42.164+0000] {logging_mixin.py:188} INFO - [2024-05-03T18:24:42.164+0000] {dag.py:3096} INFO - Sync 1 DAGs
[2024-05-03T18:24:42.226+0000] {logging_mixin.py:188} INFO - [2024-05-03T18:24:42.226+0000] {dag.py:3954} INFO - Setting next_dagrun for example_local_kubernetes_executor to None, run_after=None
[2024-05-03T18:24:42.436+0000] {processor.py:183} INFO - Processing /home/airflow/.local/lib/python3.11/site-packages/airflow/example_dags/example_local_kubernetes_executor.py took 0.601 seconds
[2024-05-03T18:25:11.304+0000] {processor.py:161} INFO - Started process (PID=1044) to work on /home/airflow/.local/lib/python3.11/site-packages/airflow/example_dags/example_local_kubernetes_executor.py
[2024-05-03T18:25:11.323+0000] {processor.py:830} INFO - Processing file /home/airflow/.local/lib/python3.11/site-packages/airflow/example_dags/example_local_kubernetes_executor.py for tasks to queue
[2024-05-03T18:25:11.341+0000] {logging_mixin.py:188} INFO - [2024-05-03T18:25:11.339+0000] {dagbag.py:540} INFO - Filling up the DagBag from /home/airflow/.local/lib/python3.11/site-packages/airflow/example_dags/example_local_kubernetes_executor.py
[2024-05-03T18:25:11.447+0000] {processor.py:840} INFO - DAG(s) 'example_local_kubernetes_executor' retrieved from /home/airflow/.local/lib/python3.11/site-packages/airflow/example_dags/example_local_kubernetes_executor.py
[2024-05-03T18:25:12.059+0000] {logging_mixin.py:188} INFO - [2024-05-03T18:25:12.058+0000] {dag.py:3096} INFO - Sync 1 DAGs
[2024-05-03T18:25:12.280+0000] {logging_mixin.py:188} INFO - [2024-05-03T18:25:12.279+0000] {dag.py:3954} INFO - Setting next_dagrun for example_local_kubernetes_executor to None, run_after=None
[2024-05-03T18:25:12.546+0000] {processor.py:183} INFO - Processing /home/airflow/.local/lib/python3.11/site-packages/airflow/example_dags/example_local_kubernetes_executor.py took 1.296 seconds
[2024-05-03T18:25:57.220+0000] {processor.py:161} INFO - Started process (PID=1105) to work on /home/airflow/.local/lib/python3.11/site-packages/airflow/example_dags/example_local_kubernetes_executor.py
[2024-05-03T18:25:57.239+0000] {processor.py:830} INFO - Processing file /home/airflow/.local/lib/python3.11/site-packages/airflow/example_dags/example_local_kubernetes_executor.py for tasks to queue
[2024-05-03T18:25:57.259+0000] {logging_mixin.py:188} INFO - [2024-05-03T18:25:57.248+0000] {dagbag.py:540} INFO - Filling up the DagBag from /home/airflow/.local/lib/python3.11/site-packages/airflow/example_dags/example_local_kubernetes_executor.py
[2024-05-03T18:25:57.385+0000] {processor.py:840} INFO - DAG(s) 'example_local_kubernetes_executor' retrieved from /home/airflow/.local/lib/python3.11/site-packages/airflow/example_dags/example_local_kubernetes_executor.py
[2024-05-03T18:25:57.899+0000] {logging_mixin.py:188} INFO - [2024-05-03T18:25:57.898+0000] {dag.py:3096} INFO - Sync 1 DAGs
[2024-05-03T18:25:58.286+0000] {logging_mixin.py:188} INFO - [2024-05-03T18:25:58.285+0000] {dag.py:3954} INFO - Setting next_dagrun for example_local_kubernetes_executor to None, run_after=None
[2024-05-03T18:25:58.680+0000] {processor.py:183} INFO - Processing /home/airflow/.local/lib/python3.11/site-packages/airflow/example_dags/example_local_kubernetes_executor.py took 1.520 seconds
[2024-05-03T18:27:01.838+0000] {processor.py:161} INFO - Started process (PID=1168) to work on /home/airflow/.local/lib/python3.11/site-packages/airflow/example_dags/example_local_kubernetes_executor.py
[2024-05-03T18:27:01.852+0000] {processor.py:830} INFO - Processing file /home/airflow/.local/lib/python3.11/site-packages/airflow/example_dags/example_local_kubernetes_executor.py for tasks to queue
[2024-05-03T18:27:01.872+0000] {logging_mixin.py:188} INFO - [2024-05-03T18:27:01.871+0000] {dagbag.py:540} INFO - Filling up the DagBag from /home/airflow/.local/lib/python3.11/site-packages/airflow/example_dags/example_local_kubernetes_executor.py
[2024-05-03T18:27:02.107+0000] {processor.py:840} INFO - DAG(s) 'example_local_kubernetes_executor' retrieved from /home/airflow/.local/lib/python3.11/site-packages/airflow/example_dags/example_local_kubernetes_executor.py
[2024-05-03T18:27:03.466+0000] {logging_mixin.py:188} INFO - [2024-05-03T18:27:03.465+0000] {dag.py:3096} INFO - Sync 1 DAGs
[2024-05-03T18:27:03.646+0000] {logging_mixin.py:188} INFO - [2024-05-03T18:27:03.645+0000] {dag.py:3954} INFO - Setting next_dagrun for example_local_kubernetes_executor to None, run_after=None
[2024-05-03T18:27:03.950+0000] {processor.py:183} INFO - Processing /home/airflow/.local/lib/python3.11/site-packages/airflow/example_dags/example_local_kubernetes_executor.py took 2.212 seconds
[2024-05-03T18:28:08.373+0000] {processor.py:161} INFO - Started process (PID=1229) to work on /home/airflow/.local/lib/python3.11/site-packages/airflow/example_dags/example_local_kubernetes_executor.py
[2024-05-03T18:28:08.517+0000] {processor.py:830} INFO - Processing file /home/airflow/.local/lib/python3.11/site-packages/airflow/example_dags/example_local_kubernetes_executor.py for tasks to queue
[2024-05-03T18:28:08.537+0000] {logging_mixin.py:188} INFO - [2024-05-03T18:28:08.535+0000] {dagbag.py:540} INFO - Filling up the DagBag from /home/airflow/.local/lib/python3.11/site-packages/airflow/example_dags/example_local_kubernetes_executor.py
[2024-05-03T18:28:08.617+0000] {processor.py:840} INFO - DAG(s) 'example_local_kubernetes_executor' retrieved from /home/airflow/.local/lib/python3.11/site-packages/airflow/example_dags/example_local_kubernetes_executor.py
[2024-05-03T18:28:09.092+0000] {logging_mixin.py:188} INFO - [2024-05-03T18:28:09.091+0000] {dag.py:3096} INFO - Sync 1 DAGs
[2024-05-03T18:28:09.170+0000] {logging_mixin.py:188} INFO - [2024-05-03T18:28:09.168+0000] {dag.py:3954} INFO - Setting next_dagrun for example_local_kubernetes_executor to None, run_after=None
[2024-05-03T18:28:09.639+0000] {processor.py:183} INFO - Processing /home/airflow/.local/lib/python3.11/site-packages/airflow/example_dags/example_local_kubernetes_executor.py took 1.326 seconds
[2024-05-03T18:28:56.698+0000] {processor.py:161} INFO - Started process (PID=1285) to work on /home/airflow/.local/lib/python3.11/site-packages/airflow/example_dags/example_local_kubernetes_executor.py
[2024-05-03T18:28:56.743+0000] {processor.py:830} INFO - Processing file /home/airflow/.local/lib/python3.11/site-packages/airflow/example_dags/example_local_kubernetes_executor.py for tasks to queue
[2024-05-03T18:28:56.755+0000] {logging_mixin.py:188} INFO - [2024-05-03T18:28:56.754+0000] {dagbag.py:540} INFO - Filling up the DagBag from /home/airflow/.local/lib/python3.11/site-packages/airflow/example_dags/example_local_kubernetes_executor.py
[2024-05-03T18:28:56.808+0000] {processor.py:840} INFO - DAG(s) 'example_local_kubernetes_executor' retrieved from /home/airflow/.local/lib/python3.11/site-packages/airflow/example_dags/example_local_kubernetes_executor.py
[2024-05-03T18:28:57.298+0000] {logging_mixin.py:188} INFO - [2024-05-03T18:28:57.296+0000] {dag.py:3096} INFO - Sync 1 DAGs
[2024-05-03T18:28:57.398+0000] {logging_mixin.py:188} INFO - [2024-05-03T18:28:57.396+0000] {dag.py:3954} INFO - Setting next_dagrun for example_local_kubernetes_executor to None, run_after=None
[2024-05-03T18:28:57.682+0000] {processor.py:183} INFO - Processing /home/airflow/.local/lib/python3.11/site-packages/airflow/example_dags/example_local_kubernetes_executor.py took 1.048 seconds
