[2024-05-03T18:17:20.076+0000] {processor.py:161} INFO - Started process (PID=106) to work on /home/airflow/.local/lib/python3.11/site-packages/airflow/example_dags/example_params_trigger_ui.py
[2024-05-03T18:17:20.132+0000] {processor.py:830} INFO - Processing file /home/airflow/.local/lib/python3.11/site-packages/airflow/example_dags/example_params_trigger_ui.py for tasks to queue
[2024-05-03T18:17:20.162+0000] {logging_mixin.py:188} INFO - [2024-05-03T18:17:20.154+0000] {dagbag.py:540} INFO - Filling up the DagBag from /home/airflow/.local/lib/python3.11/site-packages/airflow/example_dags/example_params_trigger_ui.py
[2024-05-03T18:17:20.412+0000] {processor.py:840} INFO - DAG(s) 'example_params_trigger_ui' retrieved from /home/airflow/.local/lib/python3.11/site-packages/airflow/example_dags/example_params_trigger_ui.py
[2024-05-03T18:17:22.145+0000] {logging_mixin.py:188} INFO - [2024-05-03T18:17:22.135+0000] {override.py:1829} INFO - Created Permission View: can edit on DAG:example_params_trigger_ui
[2024-05-03T18:17:22.261+0000] {logging_mixin.py:188} INFO - [2024-05-03T18:17:22.260+0000] {override.py:1829} INFO - Created Permission View: can read on DAG:example_params_trigger_ui
[2024-05-03T18:17:22.327+0000] {logging_mixin.py:188} INFO - [2024-05-03T18:17:22.326+0000] {override.py:1829} INFO - Created Permission View: can delete on DAG:example_params_trigger_ui
[2024-05-03T18:17:22.331+0000] {logging_mixin.py:188} INFO - [2024-05-03T18:17:22.330+0000] {dag.py:3096} INFO - Sync 1 DAGs
[2024-05-03T18:17:22.490+0000] {logging_mixin.py:188} INFO - [2024-05-03T18:17:22.487+0000] {dag.py:3118} INFO - Creating ORM DAG for example_params_trigger_ui
[2024-05-03T18:17:22.502+0000] {logging_mixin.py:188} INFO - [2024-05-03T18:17:22.501+0000] {dag.py:3954} INFO - Setting next_dagrun for example_params_trigger_ui to None, run_after=None
[2024-05-03T18:17:22.701+0000] {processor.py:183} INFO - Processing /home/airflow/.local/lib/python3.11/site-packages/airflow/example_dags/example_params_trigger_ui.py took 2.689 seconds
[2024-05-03T18:18:02.019+0000] {processor.py:161} INFO - Started process (PID=165) to work on /home/airflow/.local/lib/python3.11/site-packages/airflow/example_dags/example_params_trigger_ui.py
[2024-05-03T18:18:02.027+0000] {processor.py:830} INFO - Processing file /home/airflow/.local/lib/python3.11/site-packages/airflow/example_dags/example_params_trigger_ui.py for tasks to queue
[2024-05-03T18:18:02.036+0000] {logging_mixin.py:188} INFO - [2024-05-03T18:18:02.034+0000] {dagbag.py:540} INFO - Filling up the DagBag from /home/airflow/.local/lib/python3.11/site-packages/airflow/example_dags/example_params_trigger_ui.py
[2024-05-03T18:18:02.178+0000] {processor.py:840} INFO - DAG(s) 'example_params_trigger_ui' retrieved from /home/airflow/.local/lib/python3.11/site-packages/airflow/example_dags/example_params_trigger_ui.py
[2024-05-03T18:18:02.682+0000] {logging_mixin.py:188} INFO - [2024-05-03T18:18:02.681+0000] {dag.py:3096} INFO - Sync 1 DAGs
[2024-05-03T18:18:02.794+0000] {logging_mixin.py:188} INFO - [2024-05-03T18:18:02.793+0000] {dag.py:3954} INFO - Setting next_dagrun for example_params_trigger_ui to None, run_after=None
[2024-05-03T18:18:02.985+0000] {processor.py:183} INFO - Processing /home/airflow/.local/lib/python3.11/site-packages/airflow/example_dags/example_params_trigger_ui.py took 1.026 seconds
[2024-05-03T18:18:41.967+0000] {processor.py:161} INFO - Started process (PID=221) to work on /home/airflow/.local/lib/python3.11/site-packages/airflow/example_dags/example_params_trigger_ui.py
[2024-05-03T18:18:41.992+0000] {processor.py:830} INFO - Processing file /home/airflow/.local/lib/python3.11/site-packages/airflow/example_dags/example_params_trigger_ui.py for tasks to queue
[2024-05-03T18:18:42.025+0000] {logging_mixin.py:188} INFO - [2024-05-03T18:18:42.020+0000] {dagbag.py:540} INFO - Filling up the DagBag from /home/airflow/.local/lib/python3.11/site-packages/airflow/example_dags/example_params_trigger_ui.py
[2024-05-03T18:18:42.184+0000] {processor.py:840} INFO - DAG(s) 'example_params_trigger_ui' retrieved from /home/airflow/.local/lib/python3.11/site-packages/airflow/example_dags/example_params_trigger_ui.py
[2024-05-03T18:18:42.734+0000] {logging_mixin.py:188} INFO - [2024-05-03T18:18:42.733+0000] {dag.py:3096} INFO - Sync 1 DAGs
[2024-05-03T18:18:42.880+0000] {logging_mixin.py:188} INFO - [2024-05-03T18:18:42.879+0000] {dag.py:3954} INFO - Setting next_dagrun for example_params_trigger_ui to None, run_after=None
[2024-05-03T18:18:43.184+0000] {processor.py:183} INFO - Processing /home/airflow/.local/lib/python3.11/site-packages/airflow/example_dags/example_params_trigger_ui.py took 1.305 seconds
[2024-05-03T18:19:30.173+0000] {processor.py:161} INFO - Started process (PID=284) to work on /home/airflow/.local/lib/python3.11/site-packages/airflow/example_dags/example_params_trigger_ui.py
[2024-05-03T18:19:30.183+0000] {processor.py:830} INFO - Processing file /home/airflow/.local/lib/python3.11/site-packages/airflow/example_dags/example_params_trigger_ui.py for tasks to queue
[2024-05-03T18:19:30.217+0000] {logging_mixin.py:188} INFO - [2024-05-03T18:19:30.215+0000] {dagbag.py:540} INFO - Filling up the DagBag from /home/airflow/.local/lib/python3.11/site-packages/airflow/example_dags/example_params_trigger_ui.py
[2024-05-03T18:19:30.369+0000] {processor.py:840} INFO - DAG(s) 'example_params_trigger_ui' retrieved from /home/airflow/.local/lib/python3.11/site-packages/airflow/example_dags/example_params_trigger_ui.py
[2024-05-03T18:19:30.994+0000] {logging_mixin.py:188} INFO - [2024-05-03T18:19:30.993+0000] {dag.py:3096} INFO - Sync 1 DAGs
[2024-05-03T18:19:31.152+0000] {logging_mixin.py:188} INFO - [2024-05-03T18:19:31.151+0000] {dag.py:3954} INFO - Setting next_dagrun for example_params_trigger_ui to None, run_after=None
[2024-05-03T18:19:31.382+0000] {processor.py:183} INFO - Processing /home/airflow/.local/lib/python3.11/site-packages/airflow/example_dags/example_params_trigger_ui.py took 1.275 seconds
[2024-05-03T18:20:08.199+0000] {processor.py:161} INFO - Started process (PID=339) to work on /home/airflow/.local/lib/python3.11/site-packages/airflow/example_dags/example_params_trigger_ui.py
[2024-05-03T18:20:08.201+0000] {processor.py:830} INFO - Processing file /home/airflow/.local/lib/python3.11/site-packages/airflow/example_dags/example_params_trigger_ui.py for tasks to queue
[2024-05-03T18:20:08.205+0000] {logging_mixin.py:188} INFO - [2024-05-03T18:20:08.204+0000] {dagbag.py:540} INFO - Filling up the DagBag from /home/airflow/.local/lib/python3.11/site-packages/airflow/example_dags/example_params_trigger_ui.py
[2024-05-03T18:20:08.320+0000] {processor.py:840} INFO - DAG(s) 'example_params_trigger_ui' retrieved from /home/airflow/.local/lib/python3.11/site-packages/airflow/example_dags/example_params_trigger_ui.py
[2024-05-03T18:20:08.452+0000] {logging_mixin.py:188} INFO - [2024-05-03T18:20:08.452+0000] {dag.py:3096} INFO - Sync 1 DAGs
[2024-05-03T18:20:08.481+0000] {logging_mixin.py:188} INFO - [2024-05-03T18:20:08.481+0000] {dag.py:3954} INFO - Setting next_dagrun for example_params_trigger_ui to None, run_after=None
[2024-05-03T18:20:08.664+0000] {processor.py:183} INFO - Processing /home/airflow/.local/lib/python3.11/site-packages/airflow/example_dags/example_params_trigger_ui.py took 0.537 seconds
[2024-05-03T18:20:40.173+0000] {processor.py:161} INFO - Started process (PID=397) to work on /home/airflow/.local/lib/python3.11/site-packages/airflow/example_dags/example_params_trigger_ui.py
[2024-05-03T18:20:40.183+0000] {processor.py:830} INFO - Processing file /home/airflow/.local/lib/python3.11/site-packages/airflow/example_dags/example_params_trigger_ui.py for tasks to queue
[2024-05-03T18:20:40.193+0000] {logging_mixin.py:188} INFO - [2024-05-03T18:20:40.192+0000] {dagbag.py:540} INFO - Filling up the DagBag from /home/airflow/.local/lib/python3.11/site-packages/airflow/example_dags/example_params_trigger_ui.py
[2024-05-03T18:20:40.357+0000] {processor.py:840} INFO - DAG(s) 'example_params_trigger_ui' retrieved from /home/airflow/.local/lib/python3.11/site-packages/airflow/example_dags/example_params_trigger_ui.py
[2024-05-03T18:20:40.831+0000] {logging_mixin.py:188} INFO - [2024-05-03T18:20:40.828+0000] {dag.py:3096} INFO - Sync 1 DAGs
[2024-05-03T18:20:40.961+0000] {logging_mixin.py:188} INFO - [2024-05-03T18:20:40.960+0000] {dag.py:3954} INFO - Setting next_dagrun for example_params_trigger_ui to None, run_after=None
[2024-05-03T18:20:41.147+0000] {processor.py:183} INFO - Processing /home/airflow/.local/lib/python3.11/site-packages/airflow/example_dags/example_params_trigger_ui.py took 1.016 seconds
[2024-05-03T18:21:09.369+0000] {processor.py:161} INFO - Started process (PID=452) to work on /home/airflow/.local/lib/python3.11/site-packages/airflow/example_dags/example_params_trigger_ui.py
[2024-05-03T18:21:09.373+0000] {processor.py:830} INFO - Processing file /home/airflow/.local/lib/python3.11/site-packages/airflow/example_dags/example_params_trigger_ui.py for tasks to queue
[2024-05-03T18:21:09.406+0000] {logging_mixin.py:188} INFO - [2024-05-03T18:21:09.404+0000] {dagbag.py:540} INFO - Filling up the DagBag from /home/airflow/.local/lib/python3.11/site-packages/airflow/example_dags/example_params_trigger_ui.py
[2024-05-03T18:21:09.533+0000] {processor.py:840} INFO - DAG(s) 'example_params_trigger_ui' retrieved from /home/airflow/.local/lib/python3.11/site-packages/airflow/example_dags/example_params_trigger_ui.py
[2024-05-03T18:21:09.900+0000] {logging_mixin.py:188} INFO - [2024-05-03T18:21:09.899+0000] {dag.py:3096} INFO - Sync 1 DAGs
[2024-05-03T18:21:10.036+0000] {logging_mixin.py:188} INFO - [2024-05-03T18:21:10.035+0000] {dag.py:3954} INFO - Setting next_dagrun for example_params_trigger_ui to None, run_after=None
[2024-05-03T18:21:10.277+0000] {processor.py:183} INFO - Processing /home/airflow/.local/lib/python3.11/site-packages/airflow/example_dags/example_params_trigger_ui.py took 1.020 seconds
[2024-05-03T18:21:41.774+0000] {processor.py:161} INFO - Started process (PID=509) to work on /home/airflow/.local/lib/python3.11/site-packages/airflow/example_dags/example_params_trigger_ui.py
[2024-05-03T18:21:41.789+0000] {processor.py:830} INFO - Processing file /home/airflow/.local/lib/python3.11/site-packages/airflow/example_dags/example_params_trigger_ui.py for tasks to queue
[2024-05-03T18:21:41.822+0000] {logging_mixin.py:188} INFO - [2024-05-03T18:21:41.820+0000] {dagbag.py:540} INFO - Filling up the DagBag from /home/airflow/.local/lib/python3.11/site-packages/airflow/example_dags/example_params_trigger_ui.py
[2024-05-03T18:21:41.930+0000] {processor.py:840} INFO - DAG(s) 'example_params_trigger_ui' retrieved from /home/airflow/.local/lib/python3.11/site-packages/airflow/example_dags/example_params_trigger_ui.py
[2024-05-03T18:21:42.433+0000] {logging_mixin.py:188} INFO - [2024-05-03T18:21:42.432+0000] {dag.py:3096} INFO - Sync 1 DAGs
[2024-05-03T18:21:42.565+0000] {logging_mixin.py:188} INFO - [2024-05-03T18:21:42.565+0000] {dag.py:3954} INFO - Setting next_dagrun for example_params_trigger_ui to None, run_after=None
[2024-05-03T18:21:42.728+0000] {processor.py:183} INFO - Processing /home/airflow/.local/lib/python3.11/site-packages/airflow/example_dags/example_params_trigger_ui.py took 1.065 seconds
[2024-05-03T18:22:11.479+0000] {processor.py:161} INFO - Started process (PID=565) to work on /home/airflow/.local/lib/python3.11/site-packages/airflow/example_dags/example_params_trigger_ui.py
[2024-05-03T18:22:11.495+0000] {processor.py:830} INFO - Processing file /home/airflow/.local/lib/python3.11/site-packages/airflow/example_dags/example_params_trigger_ui.py for tasks to queue
[2024-05-03T18:22:11.513+0000] {logging_mixin.py:188} INFO - [2024-05-03T18:22:11.512+0000] {dagbag.py:540} INFO - Filling up the DagBag from /home/airflow/.local/lib/python3.11/site-packages/airflow/example_dags/example_params_trigger_ui.py
[2024-05-03T18:22:11.639+0000] {processor.py:840} INFO - DAG(s) 'example_params_trigger_ui' retrieved from /home/airflow/.local/lib/python3.11/site-packages/airflow/example_dags/example_params_trigger_ui.py
[2024-05-03T18:22:12.100+0000] {logging_mixin.py:188} INFO - [2024-05-03T18:22:12.091+0000] {dag.py:3096} INFO - Sync 1 DAGs
[2024-05-03T18:22:12.223+0000] {logging_mixin.py:188} INFO - [2024-05-03T18:22:12.222+0000] {dag.py:3954} INFO - Setting next_dagrun for example_params_trigger_ui to None, run_after=None
[2024-05-03T18:22:12.475+0000] {processor.py:183} INFO - Processing /home/airflow/.local/lib/python3.11/site-packages/airflow/example_dags/example_params_trigger_ui.py took 1.072 seconds
[2024-05-03T18:22:41.811+0000] {processor.py:161} INFO - Started process (PID=622) to work on /home/airflow/.local/lib/python3.11/site-packages/airflow/example_dags/example_params_trigger_ui.py
[2024-05-03T18:22:41.817+0000] {processor.py:830} INFO - Processing file /home/airflow/.local/lib/python3.11/site-packages/airflow/example_dags/example_params_trigger_ui.py for tasks to queue
[2024-05-03T18:22:41.833+0000] {logging_mixin.py:188} INFO - [2024-05-03T18:22:41.831+0000] {dagbag.py:540} INFO - Filling up the DagBag from /home/airflow/.local/lib/python3.11/site-packages/airflow/example_dags/example_params_trigger_ui.py
[2024-05-03T18:22:41.956+0000] {processor.py:840} INFO - DAG(s) 'example_params_trigger_ui' retrieved from /home/airflow/.local/lib/python3.11/site-packages/airflow/example_dags/example_params_trigger_ui.py
[2024-05-03T18:22:42.319+0000] {logging_mixin.py:188} INFO - [2024-05-03T18:22:42.319+0000] {dag.py:3096} INFO - Sync 1 DAGs
[2024-05-03T18:22:42.358+0000] {logging_mixin.py:188} INFO - [2024-05-03T18:22:42.358+0000] {dag.py:3954} INFO - Setting next_dagrun for example_params_trigger_ui to None, run_after=None
[2024-05-03T18:22:42.542+0000] {processor.py:183} INFO - Processing /home/airflow/.local/lib/python3.11/site-packages/airflow/example_dags/example_params_trigger_ui.py took 0.790 seconds
[2024-05-03T18:23:05.610+0000] {processor.py:161} INFO - Started process (PID=677) to work on /home/airflow/.local/lib/python3.11/site-packages/airflow/example_dags/example_params_trigger_ui.py
[2024-05-03T18:23:05.615+0000] {processor.py:830} INFO - Processing file /home/airflow/.local/lib/python3.11/site-packages/airflow/example_dags/example_params_trigger_ui.py for tasks to queue
[2024-05-03T18:23:05.630+0000] {logging_mixin.py:188} INFO - [2024-05-03T18:23:05.628+0000] {dagbag.py:540} INFO - Filling up the DagBag from /home/airflow/.local/lib/python3.11/site-packages/airflow/example_dags/example_params_trigger_ui.py
[2024-05-03T18:23:05.710+0000] {processor.py:840} INFO - DAG(s) 'example_params_trigger_ui' retrieved from /home/airflow/.local/lib/python3.11/site-packages/airflow/example_dags/example_params_trigger_ui.py
[2024-05-03T18:23:05.941+0000] {logging_mixin.py:188} INFO - [2024-05-03T18:23:05.941+0000] {dag.py:3096} INFO - Sync 1 DAGs
[2024-05-03T18:23:06.009+0000] {logging_mixin.py:188} INFO - [2024-05-03T18:23:06.007+0000] {dag.py:3954} INFO - Setting next_dagrun for example_params_trigger_ui to None, run_after=None
[2024-05-03T18:23:06.182+0000] {processor.py:183} INFO - Processing /home/airflow/.local/lib/python3.11/site-packages/airflow/example_dags/example_params_trigger_ui.py took 0.612 seconds
[2024-05-03T18:23:23.881+0000] {processor.py:161} INFO - Started process (PID=734) to work on /home/airflow/.local/lib/python3.11/site-packages/airflow/example_dags/example_params_trigger_ui.py
[2024-05-03T18:23:23.984+0000] {processor.py:830} INFO - Processing file /home/airflow/.local/lib/python3.11/site-packages/airflow/example_dags/example_params_trigger_ui.py for tasks to queue
[2024-05-03T18:23:23.990+0000] {logging_mixin.py:188} INFO - [2024-05-03T18:23:23.989+0000] {dagbag.py:540} INFO - Filling up the DagBag from /home/airflow/.local/lib/python3.11/site-packages/airflow/example_dags/example_params_trigger_ui.py
[2024-05-03T18:23:24.027+0000] {processor.py:840} INFO - DAG(s) 'example_params_trigger_ui' retrieved from /home/airflow/.local/lib/python3.11/site-packages/airflow/example_dags/example_params_trigger_ui.py
[2024-05-03T18:23:24.499+0000] {logging_mixin.py:188} INFO - [2024-05-03T18:23:24.499+0000] {dag.py:3096} INFO - Sync 1 DAGs
[2024-05-03T18:23:24.524+0000] {logging_mixin.py:188} INFO - [2024-05-03T18:23:24.523+0000] {dag.py:3954} INFO - Setting next_dagrun for example_params_trigger_ui to None, run_after=None
[2024-05-03T18:23:24.910+0000] {processor.py:183} INFO - Processing /home/airflow/.local/lib/python3.11/site-packages/airflow/example_dags/example_params_trigger_ui.py took 1.051 seconds
[2024-05-03T18:23:37.164+0000] {processor.py:161} INFO - Started process (PID=784) to work on /home/airflow/.local/lib/python3.11/site-packages/airflow/example_dags/example_params_trigger_ui.py
[2024-05-03T18:23:37.166+0000] {processor.py:830} INFO - Processing file /home/airflow/.local/lib/python3.11/site-packages/airflow/example_dags/example_params_trigger_ui.py for tasks to queue
[2024-05-03T18:23:37.171+0000] {logging_mixin.py:188} INFO - [2024-05-03T18:23:37.170+0000] {dagbag.py:540} INFO - Filling up the DagBag from /home/airflow/.local/lib/python3.11/site-packages/airflow/example_dags/example_params_trigger_ui.py
[2024-05-03T18:23:37.205+0000] {processor.py:840} INFO - DAG(s) 'example_params_trigger_ui' retrieved from /home/airflow/.local/lib/python3.11/site-packages/airflow/example_dags/example_params_trigger_ui.py
[2024-05-03T18:23:37.308+0000] {logging_mixin.py:188} INFO - [2024-05-03T18:23:37.307+0000] {dag.py:3096} INFO - Sync 1 DAGs
[2024-05-03T18:23:37.342+0000] {logging_mixin.py:188} INFO - [2024-05-03T18:23:37.342+0000] {dag.py:3954} INFO - Setting next_dagrun for example_params_trigger_ui to None, run_after=None
[2024-05-03T18:23:37.477+0000] {processor.py:183} INFO - Processing /home/airflow/.local/lib/python3.11/site-packages/airflow/example_dags/example_params_trigger_ui.py took 0.328 seconds
[2024-05-03T18:23:50.503+0000] {processor.py:161} INFO - Started process (PID=842) to work on /home/airflow/.local/lib/python3.11/site-packages/airflow/example_dags/example_params_trigger_ui.py
[2024-05-03T18:23:50.534+0000] {processor.py:830} INFO - Processing file /home/airflow/.local/lib/python3.11/site-packages/airflow/example_dags/example_params_trigger_ui.py for tasks to queue
[2024-05-03T18:23:50.540+0000] {logging_mixin.py:188} INFO - [2024-05-03T18:23:50.539+0000] {dagbag.py:540} INFO - Filling up the DagBag from /home/airflow/.local/lib/python3.11/site-packages/airflow/example_dags/example_params_trigger_ui.py
[2024-05-03T18:23:50.589+0000] {processor.py:840} INFO - DAG(s) 'example_params_trigger_ui' retrieved from /home/airflow/.local/lib/python3.11/site-packages/airflow/example_dags/example_params_trigger_ui.py
[2024-05-03T18:23:50.748+0000] {logging_mixin.py:188} INFO - [2024-05-03T18:23:50.748+0000] {dag.py:3096} INFO - Sync 1 DAGs
[2024-05-03T18:23:50.770+0000] {logging_mixin.py:188} INFO - [2024-05-03T18:23:50.769+0000] {dag.py:3954} INFO - Setting next_dagrun for example_params_trigger_ui to None, run_after=None
[2024-05-03T18:23:50.903+0000] {processor.py:183} INFO - Processing /home/airflow/.local/lib/python3.11/site-packages/airflow/example_dags/example_params_trigger_ui.py took 0.427 seconds
[2024-05-03T18:24:07.974+0000] {processor.py:161} INFO - Started process (PID=892) to work on /home/airflow/.local/lib/python3.11/site-packages/airflow/example_dags/example_params_trigger_ui.py
[2024-05-03T18:24:07.979+0000] {processor.py:830} INFO - Processing file /home/airflow/.local/lib/python3.11/site-packages/airflow/example_dags/example_params_trigger_ui.py for tasks to queue
[2024-05-03T18:24:08.003+0000] {logging_mixin.py:188} INFO - [2024-05-03T18:24:08.001+0000] {dagbag.py:540} INFO - Filling up the DagBag from /home/airflow/.local/lib/python3.11/site-packages/airflow/example_dags/example_params_trigger_ui.py
[2024-05-03T18:24:08.089+0000] {processor.py:840} INFO - DAG(s) 'example_params_trigger_ui' retrieved from /home/airflow/.local/lib/python3.11/site-packages/airflow/example_dags/example_params_trigger_ui.py
[2024-05-03T18:24:08.408+0000] {logging_mixin.py:188} INFO - [2024-05-03T18:24:08.407+0000] {dag.py:3096} INFO - Sync 1 DAGs
[2024-05-03T18:24:08.512+0000] {logging_mixin.py:188} INFO - [2024-05-03T18:24:08.511+0000] {dag.py:3954} INFO - Setting next_dagrun for example_params_trigger_ui to None, run_after=None
[2024-05-03T18:24:08.673+0000] {processor.py:183} INFO - Processing /home/airflow/.local/lib/python3.11/site-packages/airflow/example_dags/example_params_trigger_ui.py took 0.778 seconds
[2024-05-03T18:24:30.136+0000] {processor.py:161} INFO - Started process (PID=950) to work on /home/airflow/.local/lib/python3.11/site-packages/airflow/example_dags/example_params_trigger_ui.py
[2024-05-03T18:24:30.139+0000] {processor.py:830} INFO - Processing file /home/airflow/.local/lib/python3.11/site-packages/airflow/example_dags/example_params_trigger_ui.py for tasks to queue
[2024-05-03T18:24:30.145+0000] {logging_mixin.py:188} INFO - [2024-05-03T18:24:30.143+0000] {dagbag.py:540} INFO - Filling up the DagBag from /home/airflow/.local/lib/python3.11/site-packages/airflow/example_dags/example_params_trigger_ui.py
[2024-05-03T18:24:30.181+0000] {processor.py:840} INFO - DAG(s) 'example_params_trigger_ui' retrieved from /home/airflow/.local/lib/python3.11/site-packages/airflow/example_dags/example_params_trigger_ui.py
[2024-05-03T18:24:30.324+0000] {logging_mixin.py:188} INFO - [2024-05-03T18:24:30.324+0000] {dag.py:3096} INFO - Sync 1 DAGs
[2024-05-03T18:24:30.361+0000] {logging_mixin.py:188} INFO - [2024-05-03T18:24:30.360+0000] {dag.py:3954} INFO - Setting next_dagrun for example_params_trigger_ui to None, run_after=None
[2024-05-03T18:24:30.505+0000] {processor.py:183} INFO - Processing /home/airflow/.local/lib/python3.11/site-packages/airflow/example_dags/example_params_trigger_ui.py took 0.384 seconds
[2024-05-03T18:24:47.311+0000] {processor.py:161} INFO - Started process (PID=1000) to work on /home/airflow/.local/lib/python3.11/site-packages/airflow/example_dags/example_params_trigger_ui.py
[2024-05-03T18:24:47.315+0000] {processor.py:830} INFO - Processing file /home/airflow/.local/lib/python3.11/site-packages/airflow/example_dags/example_params_trigger_ui.py for tasks to queue
[2024-05-03T18:24:47.349+0000] {logging_mixin.py:188} INFO - [2024-05-03T18:24:47.333+0000] {dagbag.py:540} INFO - Filling up the DagBag from /home/airflow/.local/lib/python3.11/site-packages/airflow/example_dags/example_params_trigger_ui.py
[2024-05-03T18:24:47.484+0000] {processor.py:840} INFO - DAG(s) 'example_params_trigger_ui' retrieved from /home/airflow/.local/lib/python3.11/site-packages/airflow/example_dags/example_params_trigger_ui.py
[2024-05-03T18:24:47.805+0000] {logging_mixin.py:188} INFO - [2024-05-03T18:24:47.805+0000] {dag.py:3096} INFO - Sync 1 DAGs
[2024-05-03T18:24:47.906+0000] {logging_mixin.py:188} INFO - [2024-05-03T18:24:47.906+0000] {dag.py:3954} INFO - Setting next_dagrun for example_params_trigger_ui to None, run_after=None
[2024-05-03T18:24:48.116+0000] {processor.py:183} INFO - Processing /home/airflow/.local/lib/python3.11/site-packages/airflow/example_dags/example_params_trigger_ui.py took 0.841 seconds
[2024-05-03T18:25:22.936+0000] {processor.py:161} INFO - Started process (PID=1063) to work on /home/airflow/.local/lib/python3.11/site-packages/airflow/example_dags/example_params_trigger_ui.py
[2024-05-03T18:25:22.948+0000] {processor.py:830} INFO - Processing file /home/airflow/.local/lib/python3.11/site-packages/airflow/example_dags/example_params_trigger_ui.py for tasks to queue
[2024-05-03T18:25:22.964+0000] {logging_mixin.py:188} INFO - [2024-05-03T18:25:22.962+0000] {dagbag.py:540} INFO - Filling up the DagBag from /home/airflow/.local/lib/python3.11/site-packages/airflow/example_dags/example_params_trigger_ui.py
[2024-05-03T18:25:23.071+0000] {processor.py:840} INFO - DAG(s) 'example_params_trigger_ui' retrieved from /home/airflow/.local/lib/python3.11/site-packages/airflow/example_dags/example_params_trigger_ui.py
[2024-05-03T18:25:23.669+0000] {logging_mixin.py:188} INFO - [2024-05-03T18:25:23.668+0000] {dag.py:3096} INFO - Sync 1 DAGs
[2024-05-03T18:25:23.869+0000] {logging_mixin.py:188} INFO - [2024-05-03T18:25:23.868+0000] {dag.py:3954} INFO - Setting next_dagrun for example_params_trigger_ui to None, run_after=None
[2024-05-03T18:25:24.198+0000] {processor.py:183} INFO - Processing /home/airflow/.local/lib/python3.11/site-packages/airflow/example_dags/example_params_trigger_ui.py took 1.311 seconds
[2024-05-03T18:26:19.107+0000] {processor.py:161} INFO - Started process (PID=1119) to work on /home/airflow/.local/lib/python3.11/site-packages/airflow/example_dags/example_params_trigger_ui.py
[2024-05-03T18:26:19.125+0000] {processor.py:830} INFO - Processing file /home/airflow/.local/lib/python3.11/site-packages/airflow/example_dags/example_params_trigger_ui.py for tasks to queue
[2024-05-03T18:26:19.167+0000] {logging_mixin.py:188} INFO - [2024-05-03T18:26:19.165+0000] {dagbag.py:540} INFO - Filling up the DagBag from /home/airflow/.local/lib/python3.11/site-packages/airflow/example_dags/example_params_trigger_ui.py
[2024-05-03T18:26:19.609+0000] {processor.py:840} INFO - DAG(s) 'example_params_trigger_ui' retrieved from /home/airflow/.local/lib/python3.11/site-packages/airflow/example_dags/example_params_trigger_ui.py
[2024-05-03T18:26:20.830+0000] {logging_mixin.py:188} INFO - [2024-05-03T18:26:20.829+0000] {dag.py:3096} INFO - Sync 1 DAGs
[2024-05-03T18:26:21.053+0000] {logging_mixin.py:188} INFO - [2024-05-03T18:26:21.052+0000] {dag.py:3954} INFO - Setting next_dagrun for example_params_trigger_ui to None, run_after=None
[2024-05-03T18:26:21.256+0000] {processor.py:183} INFO - Processing /home/airflow/.local/lib/python3.11/site-packages/airflow/example_dags/example_params_trigger_ui.py took 2.254 seconds
[2024-05-03T18:27:25.771+0000] {processor.py:161} INFO - Started process (PID=1188) to work on /home/airflow/.local/lib/python3.11/site-packages/airflow/example_dags/example_params_trigger_ui.py
[2024-05-03T18:27:25.787+0000] {processor.py:830} INFO - Processing file /home/airflow/.local/lib/python3.11/site-packages/airflow/example_dags/example_params_trigger_ui.py for tasks to queue
[2024-05-03T18:27:25.821+0000] {logging_mixin.py:188} INFO - [2024-05-03T18:27:25.820+0000] {dagbag.py:540} INFO - Filling up the DagBag from /home/airflow/.local/lib/python3.11/site-packages/airflow/example_dags/example_params_trigger_ui.py
[2024-05-03T18:27:26.190+0000] {processor.py:840} INFO - DAG(s) 'example_params_trigger_ui' retrieved from /home/airflow/.local/lib/python3.11/site-packages/airflow/example_dags/example_params_trigger_ui.py
[2024-05-03T18:27:27.792+0000] {logging_mixin.py:188} INFO - [2024-05-03T18:27:27.791+0000] {dag.py:3096} INFO - Sync 1 DAGs
[2024-05-03T18:27:28.904+0000] {logging_mixin.py:188} INFO - [2024-05-03T18:27:28.903+0000] {dag.py:3954} INFO - Setting next_dagrun for example_params_trigger_ui to None, run_after=None
[2024-05-03T18:27:29.249+0000] {processor.py:183} INFO - Processing /home/airflow/.local/lib/python3.11/site-packages/airflow/example_dags/example_params_trigger_ui.py took 3.573 seconds
[2024-05-03T18:28:21.112+0000] {processor.py:161} INFO - Started process (PID=1243) to work on /home/airflow/.local/lib/python3.11/site-packages/airflow/example_dags/example_params_trigger_ui.py
[2024-05-03T18:28:21.116+0000] {processor.py:830} INFO - Processing file /home/airflow/.local/lib/python3.11/site-packages/airflow/example_dags/example_params_trigger_ui.py for tasks to queue
[2024-05-03T18:28:21.142+0000] {logging_mixin.py:188} INFO - [2024-05-03T18:28:21.141+0000] {dagbag.py:540} INFO - Filling up the DagBag from /home/airflow/.local/lib/python3.11/site-packages/airflow/example_dags/example_params_trigger_ui.py
[2024-05-03T18:28:21.334+0000] {processor.py:840} INFO - DAG(s) 'example_params_trigger_ui' retrieved from /home/airflow/.local/lib/python3.11/site-packages/airflow/example_dags/example_params_trigger_ui.py
[2024-05-03T18:28:22.190+0000] {logging_mixin.py:188} INFO - [2024-05-03T18:28:22.189+0000] {dag.py:3096} INFO - Sync 1 DAGs
[2024-05-03T18:28:22.394+0000] {logging_mixin.py:188} INFO - [2024-05-03T18:28:22.393+0000] {dag.py:3954} INFO - Setting next_dagrun for example_params_trigger_ui to None, run_after=None
[2024-05-03T18:28:22.668+0000] {processor.py:183} INFO - Processing /home/airflow/.local/lib/python3.11/site-packages/airflow/example_dags/example_params_trigger_ui.py took 1.744 seconds
[2024-05-03T18:29:10.320+0000] {processor.py:161} INFO - Started process (PID=1304) to work on /home/airflow/.local/lib/python3.11/site-packages/airflow/example_dags/example_params_trigger_ui.py
[2024-05-03T18:29:10.407+0000] {processor.py:830} INFO - Processing file /home/airflow/.local/lib/python3.11/site-packages/airflow/example_dags/example_params_trigger_ui.py for tasks to queue
[2024-05-03T18:29:10.424+0000] {logging_mixin.py:188} INFO - [2024-05-03T18:29:10.423+0000] {dagbag.py:540} INFO - Filling up the DagBag from /home/airflow/.local/lib/python3.11/site-packages/airflow/example_dags/example_params_trigger_ui.py
[2024-05-03T18:29:10.682+0000] {processor.py:840} INFO - DAG(s) 'example_params_trigger_ui' retrieved from /home/airflow/.local/lib/python3.11/site-packages/airflow/example_dags/example_params_trigger_ui.py
[2024-05-03T18:29:11.714+0000] {logging_mixin.py:188} INFO - [2024-05-03T18:29:11.713+0000] {dag.py:3096} INFO - Sync 1 DAGs
[2024-05-03T18:29:11.974+0000] {logging_mixin.py:188} INFO - [2024-05-03T18:29:11.973+0000] {dag.py:3954} INFO - Setting next_dagrun for example_params_trigger_ui to None, run_after=None
[2024-05-03T18:29:12.340+0000] {processor.py:183} INFO - Processing /home/airflow/.local/lib/python3.11/site-packages/airflow/example_dags/example_params_trigger_ui.py took 2.300 seconds
