[2024-05-03T18:16:52.184+0000] {processor.py:161} INFO - Started process (PID=80) to work on /home/airflow/.local/lib/python3.11/site-packages/airflow/example_dags/example_branch_operator.py
[2024-05-03T18:16:52.189+0000] {processor.py:830} INFO - Processing file /home/airflow/.local/lib/python3.11/site-packages/airflow/example_dags/example_branch_operator.py for tasks to queue
[2024-05-03T18:16:52.210+0000] {logging_mixin.py:188} INFO - [2024-05-03T18:16:52.209+0000] {dagbag.py:540} INFO - Filling up the DagBag from /home/airflow/.local/lib/python3.11/site-packages/airflow/example_dags/example_branch_operator.py
[2024-05-03T18:16:52.464+0000] {processor.py:840} INFO - DAG(s) 'example_branch_operator' retrieved from /home/airflow/.local/lib/python3.11/site-packages/airflow/example_dags/example_branch_operator.py
[2024-05-03T18:16:53.889+0000] {logging_mixin.py:188} INFO - [2024-05-03T18:16:53.886+0000] {override.py:1829} INFO - Created Permission View: can edit on DAG:example_branch_operator
[2024-05-03T18:16:54.024+0000] {logging_mixin.py:188} INFO - [2024-05-03T18:16:54.023+0000] {override.py:1829} INFO - Created Permission View: can read on DAG:example_branch_operator
[2024-05-03T18:16:54.144+0000] {logging_mixin.py:188} INFO - [2024-05-03T18:16:54.143+0000] {override.py:1829} INFO - Created Permission View: can delete on DAG:example_branch_operator
[2024-05-03T18:16:54.157+0000] {logging_mixin.py:188} INFO - [2024-05-03T18:16:54.156+0000] {dag.py:3096} INFO - Sync 1 DAGs
[2024-05-03T18:16:54.339+0000] {logging_mixin.py:188} INFO - [2024-05-03T18:16:54.339+0000] {dag.py:3118} INFO - Creating ORM DAG for example_branch_operator
[2024-05-03T18:16:54.460+0000] {logging_mixin.py:188} INFO - [2024-05-03T18:16:54.459+0000] {dag.py:3954} INFO - Setting next_dagrun for example_branch_operator to 2024-05-02 00:00:00+00:00, run_after=2024-05-03 00:00:00+00:00
[2024-05-03T18:16:54.628+0000] {processor.py:183} INFO - Processing /home/airflow/.local/lib/python3.11/site-packages/airflow/example_dags/example_branch_operator.py took 2.537 seconds
[2024-05-03T18:17:50.256+0000] {processor.py:161} INFO - Started process (PID=146) to work on /home/airflow/.local/lib/python3.11/site-packages/airflow/example_dags/example_branch_operator.py
[2024-05-03T18:17:50.270+0000] {processor.py:830} INFO - Processing file /home/airflow/.local/lib/python3.11/site-packages/airflow/example_dags/example_branch_operator.py for tasks to queue
[2024-05-03T18:17:50.283+0000] {logging_mixin.py:188} INFO - [2024-05-03T18:17:50.282+0000] {dagbag.py:540} INFO - Filling up the DagBag from /home/airflow/.local/lib/python3.11/site-packages/airflow/example_dags/example_branch_operator.py
[2024-05-03T18:17:50.505+0000] {processor.py:840} INFO - DAG(s) 'example_branch_operator' retrieved from /home/airflow/.local/lib/python3.11/site-packages/airflow/example_dags/example_branch_operator.py
[2024-05-03T18:17:50.755+0000] {logging_mixin.py:188} INFO - [2024-05-03T18:17:50.754+0000] {dag.py:3096} INFO - Sync 1 DAGs
[2024-05-03T18:17:50.980+0000] {logging_mixin.py:188} INFO - [2024-05-03T18:17:50.976+0000] {dag.py:3954} INFO - Setting next_dagrun for example_branch_operator to 2024-05-02 00:00:00+00:00, run_after=2024-05-03 00:00:00+00:00
[2024-05-03T18:17:51.096+0000] {processor.py:183} INFO - Processing /home/airflow/.local/lib/python3.11/site-packages/airflow/example_dags/example_branch_operator.py took 0.909 seconds
[2024-05-03T18:18:28.497+0000] {processor.py:161} INFO - Started process (PID=202) to work on /home/airflow/.local/lib/python3.11/site-packages/airflow/example_dags/example_branch_operator.py
[2024-05-03T18:18:28.562+0000] {processor.py:830} INFO - Processing file /home/airflow/.local/lib/python3.11/site-packages/airflow/example_dags/example_branch_operator.py for tasks to queue
[2024-05-03T18:18:28.580+0000] {logging_mixin.py:188} INFO - [2024-05-03T18:18:28.578+0000] {dagbag.py:540} INFO - Filling up the DagBag from /home/airflow/.local/lib/python3.11/site-packages/airflow/example_dags/example_branch_operator.py
[2024-05-03T18:18:28.732+0000] {processor.py:840} INFO - DAG(s) 'example_branch_operator' retrieved from /home/airflow/.local/lib/python3.11/site-packages/airflow/example_dags/example_branch_operator.py
[2024-05-03T18:18:29.154+0000] {logging_mixin.py:188} INFO - [2024-05-03T18:18:29.154+0000] {dag.py:3096} INFO - Sync 1 DAGs
[2024-05-03T18:18:29.394+0000] {logging_mixin.py:188} INFO - [2024-05-03T18:18:29.393+0000] {dag.py:3954} INFO - Setting next_dagrun for example_branch_operator to 2024-05-02 00:00:00+00:00, run_after=2024-05-03 00:00:00+00:00
[2024-05-03T18:18:29.615+0000] {processor.py:183} INFO - Processing /home/airflow/.local/lib/python3.11/site-packages/airflow/example_dags/example_branch_operator.py took 1.177 seconds
[2024-05-03T18:19:13.311+0000] {processor.py:161} INFO - Started process (PID=259) to work on /home/airflow/.local/lib/python3.11/site-packages/airflow/example_dags/example_branch_operator.py
[2024-05-03T18:19:13.348+0000] {processor.py:830} INFO - Processing file /home/airflow/.local/lib/python3.11/site-packages/airflow/example_dags/example_branch_operator.py for tasks to queue
[2024-05-03T18:19:13.358+0000] {logging_mixin.py:188} INFO - [2024-05-03T18:19:13.357+0000] {dagbag.py:540} INFO - Filling up the DagBag from /home/airflow/.local/lib/python3.11/site-packages/airflow/example_dags/example_branch_operator.py
[2024-05-03T18:19:13.636+0000] {processor.py:840} INFO - DAG(s) 'example_branch_operator' retrieved from /home/airflow/.local/lib/python3.11/site-packages/airflow/example_dags/example_branch_operator.py
[2024-05-03T18:19:14.125+0000] {logging_mixin.py:188} INFO - [2024-05-03T18:19:14.125+0000] {dag.py:3096} INFO - Sync 1 DAGs
[2024-05-03T18:19:14.426+0000] {logging_mixin.py:188} INFO - [2024-05-03T18:19:14.425+0000] {dag.py:3954} INFO - Setting next_dagrun for example_branch_operator to 2024-05-02 00:00:00+00:00, run_after=2024-05-03 00:00:00+00:00
[2024-05-03T18:19:14.624+0000] {processor.py:183} INFO - Processing /home/airflow/.local/lib/python3.11/site-packages/airflow/example_dags/example_branch_operator.py took 1.428 seconds
[2024-05-03T18:19:53.760+0000] {processor.py:161} INFO - Started process (PID=320) to work on /home/airflow/.local/lib/python3.11/site-packages/airflow/example_dags/example_branch_operator.py
[2024-05-03T18:19:53.767+0000] {processor.py:830} INFO - Processing file /home/airflow/.local/lib/python3.11/site-packages/airflow/example_dags/example_branch_operator.py for tasks to queue
[2024-05-03T18:19:53.798+0000] {logging_mixin.py:188} INFO - [2024-05-03T18:19:53.797+0000] {dagbag.py:540} INFO - Filling up the DagBag from /home/airflow/.local/lib/python3.11/site-packages/airflow/example_dags/example_branch_operator.py
[2024-05-03T18:19:54.031+0000] {processor.py:840} INFO - DAG(s) 'example_branch_operator' retrieved from /home/airflow/.local/lib/python3.11/site-packages/airflow/example_dags/example_branch_operator.py
[2024-05-03T18:19:54.401+0000] {logging_mixin.py:188} INFO - [2024-05-03T18:19:54.400+0000] {dag.py:3096} INFO - Sync 1 DAGs
[2024-05-03T18:19:54.644+0000] {logging_mixin.py:188} INFO - [2024-05-03T18:19:54.643+0000] {dag.py:3954} INFO - Setting next_dagrun for example_branch_operator to 2024-05-02 00:00:00+00:00, run_after=2024-05-03 00:00:00+00:00
[2024-05-03T18:19:54.856+0000] {processor.py:183} INFO - Processing /home/airflow/.local/lib/python3.11/site-packages/airflow/example_dags/example_branch_operator.py took 1.161 seconds
[2024-05-03T18:20:29.324+0000] {processor.py:161} INFO - Started process (PID=378) to work on /home/airflow/.local/lib/python3.11/site-packages/airflow/example_dags/example_branch_operator.py
[2024-05-03T18:20:29.328+0000] {processor.py:830} INFO - Processing file /home/airflow/.local/lib/python3.11/site-packages/airflow/example_dags/example_branch_operator.py for tasks to queue
[2024-05-03T18:20:29.351+0000] {logging_mixin.py:188} INFO - [2024-05-03T18:20:29.349+0000] {dagbag.py:540} INFO - Filling up the DagBag from /home/airflow/.local/lib/python3.11/site-packages/airflow/example_dags/example_branch_operator.py
[2024-05-03T18:20:29.538+0000] {processor.py:840} INFO - DAG(s) 'example_branch_operator' retrieved from /home/airflow/.local/lib/python3.11/site-packages/airflow/example_dags/example_branch_operator.py
[2024-05-03T18:20:29.928+0000] {logging_mixin.py:188} INFO - [2024-05-03T18:20:29.921+0000] {dag.py:3096} INFO - Sync 1 DAGs
[2024-05-03T18:20:30.194+0000] {logging_mixin.py:188} INFO - [2024-05-03T18:20:30.193+0000] {dag.py:3954} INFO - Setting next_dagrun for example_branch_operator to 2024-05-02 00:00:00+00:00, run_after=2024-05-03 00:00:00+00:00
[2024-05-03T18:20:30.405+0000] {processor.py:183} INFO - Processing /home/airflow/.local/lib/python3.11/site-packages/airflow/example_dags/example_branch_operator.py took 1.150 seconds
[2024-05-03T18:20:58.023+0000] {processor.py:161} INFO - Started process (PID=433) to work on /home/airflow/.local/lib/python3.11/site-packages/airflow/example_dags/example_branch_operator.py
[2024-05-03T18:20:58.056+0000] {processor.py:830} INFO - Processing file /home/airflow/.local/lib/python3.11/site-packages/airflow/example_dags/example_branch_operator.py for tasks to queue
[2024-05-03T18:20:58.086+0000] {logging_mixin.py:188} INFO - [2024-05-03T18:20:58.074+0000] {dagbag.py:540} INFO - Filling up the DagBag from /home/airflow/.local/lib/python3.11/site-packages/airflow/example_dags/example_branch_operator.py
[2024-05-03T18:20:58.303+0000] {processor.py:840} INFO - DAG(s) 'example_branch_operator' retrieved from /home/airflow/.local/lib/python3.11/site-packages/airflow/example_dags/example_branch_operator.py
[2024-05-03T18:20:58.582+0000] {logging_mixin.py:188} INFO - [2024-05-03T18:20:58.581+0000] {dag.py:3096} INFO - Sync 1 DAGs
[2024-05-03T18:20:58.674+0000] {logging_mixin.py:188} INFO - [2024-05-03T18:20:58.673+0000] {dag.py:3954} INFO - Setting next_dagrun for example_branch_operator to 2024-05-02 00:00:00+00:00, run_after=2024-05-03 00:00:00+00:00
[2024-05-03T18:20:59.759+0000] {processor.py:183} INFO - Processing /home/airflow/.local/lib/python3.11/site-packages/airflow/example_dags/example_branch_operator.py took 1.806 seconds
[2024-05-03T18:21:29.176+0000] {processor.py:161} INFO - Started process (PID=490) to work on /home/airflow/.local/lib/python3.11/site-packages/airflow/example_dags/example_branch_operator.py
[2024-05-03T18:21:29.181+0000] {processor.py:830} INFO - Processing file /home/airflow/.local/lib/python3.11/site-packages/airflow/example_dags/example_branch_operator.py for tasks to queue
[2024-05-03T18:21:29.198+0000] {logging_mixin.py:188} INFO - [2024-05-03T18:21:29.196+0000] {dagbag.py:540} INFO - Filling up the DagBag from /home/airflow/.local/lib/python3.11/site-packages/airflow/example_dags/example_branch_operator.py
[2024-05-03T18:21:29.386+0000] {processor.py:840} INFO - DAG(s) 'example_branch_operator' retrieved from /home/airflow/.local/lib/python3.11/site-packages/airflow/example_dags/example_branch_operator.py
[2024-05-03T18:21:29.644+0000] {logging_mixin.py:188} INFO - [2024-05-03T18:21:29.643+0000] {dag.py:3096} INFO - Sync 1 DAGs
[2024-05-03T18:21:30.022+0000] {logging_mixin.py:188} INFO - [2024-05-03T18:21:30.021+0000] {dag.py:3954} INFO - Setting next_dagrun for example_branch_operator to 2024-05-02 00:00:00+00:00, run_after=2024-05-03 00:00:00+00:00
[2024-05-03T18:21:30.207+0000] {processor.py:183} INFO - Processing /home/airflow/.local/lib/python3.11/site-packages/airflow/example_dags/example_branch_operator.py took 1.084 seconds
[2024-05-03T18:22:00.130+0000] {processor.py:161} INFO - Started process (PID=546) to work on /home/airflow/.local/lib/python3.11/site-packages/airflow/example_dags/example_branch_operator.py
[2024-05-03T18:22:00.135+0000] {processor.py:830} INFO - Processing file /home/airflow/.local/lib/python3.11/site-packages/airflow/example_dags/example_branch_operator.py for tasks to queue
[2024-05-03T18:22:00.147+0000] {logging_mixin.py:188} INFO - [2024-05-03T18:22:00.145+0000] {dagbag.py:540} INFO - Filling up the DagBag from /home/airflow/.local/lib/python3.11/site-packages/airflow/example_dags/example_branch_operator.py
[2024-05-03T18:22:00.270+0000] {processor.py:840} INFO - DAG(s) 'example_branch_operator' retrieved from /home/airflow/.local/lib/python3.11/site-packages/airflow/example_dags/example_branch_operator.py
[2024-05-03T18:22:00.693+0000] {logging_mixin.py:188} INFO - [2024-05-03T18:22:00.692+0000] {dag.py:3096} INFO - Sync 1 DAGs
[2024-05-03T18:22:00.990+0000] {logging_mixin.py:188} INFO - [2024-05-03T18:22:00.988+0000] {dag.py:3954} INFO - Setting next_dagrun for example_branch_operator to 2024-05-02 00:00:00+00:00, run_after=2024-05-03 00:00:00+00:00
[2024-05-03T18:22:01.162+0000] {processor.py:183} INFO - Processing /home/airflow/.local/lib/python3.11/site-packages/airflow/example_dags/example_branch_operator.py took 1.070 seconds
[2024-05-03T18:22:31.900+0000] {processor.py:161} INFO - Started process (PID=603) to work on /home/airflow/.local/lib/python3.11/site-packages/airflow/example_dags/example_branch_operator.py
[2024-05-03T18:22:31.903+0000] {processor.py:830} INFO - Processing file /home/airflow/.local/lib/python3.11/site-packages/airflow/example_dags/example_branch_operator.py for tasks to queue
[2024-05-03T18:22:31.910+0000] {logging_mixin.py:188} INFO - [2024-05-03T18:22:31.909+0000] {dagbag.py:540} INFO - Filling up the DagBag from /home/airflow/.local/lib/python3.11/site-packages/airflow/example_dags/example_branch_operator.py
[2024-05-03T18:22:31.991+0000] {processor.py:840} INFO - DAG(s) 'example_branch_operator' retrieved from /home/airflow/.local/lib/python3.11/site-packages/airflow/example_dags/example_branch_operator.py
[2024-05-03T18:22:32.110+0000] {logging_mixin.py:188} INFO - [2024-05-03T18:22:32.110+0000] {dag.py:3096} INFO - Sync 1 DAGs
[2024-05-03T18:22:32.232+0000] {logging_mixin.py:188} INFO - [2024-05-03T18:22:32.231+0000] {dag.py:3954} INFO - Setting next_dagrun for example_branch_operator to 2024-05-02 00:00:00+00:00, run_after=2024-05-03 00:00:00+00:00
[2024-05-03T18:22:32.507+0000] {processor.py:183} INFO - Processing /home/airflow/.local/lib/python3.11/site-packages/airflow/example_dags/example_branch_operator.py took 0.624 seconds
[2024-05-03T18:22:58.660+0000] {processor.py:161} INFO - Started process (PID=658) to work on /home/airflow/.local/lib/python3.11/site-packages/airflow/example_dags/example_branch_operator.py
[2024-05-03T18:22:58.663+0000] {processor.py:830} INFO - Processing file /home/airflow/.local/lib/python3.11/site-packages/airflow/example_dags/example_branch_operator.py for tasks to queue
[2024-05-03T18:22:58.670+0000] {logging_mixin.py:188} INFO - [2024-05-03T18:22:58.669+0000] {dagbag.py:540} INFO - Filling up the DagBag from /home/airflow/.local/lib/python3.11/site-packages/airflow/example_dags/example_branch_operator.py
[2024-05-03T18:22:58.736+0000] {processor.py:840} INFO - DAG(s) 'example_branch_operator' retrieved from /home/airflow/.local/lib/python3.11/site-packages/airflow/example_dags/example_branch_operator.py
[2024-05-03T18:22:58.875+0000] {logging_mixin.py:188} INFO - [2024-05-03T18:22:58.874+0000] {dag.py:3096} INFO - Sync 1 DAGs
[2024-05-03T18:22:58.944+0000] {logging_mixin.py:188} INFO - [2024-05-03T18:22:58.943+0000] {dag.py:3954} INFO - Setting next_dagrun for example_branch_operator to 2024-05-02 00:00:00+00:00, run_after=2024-05-03 00:00:00+00:00
[2024-05-03T18:22:59.094+0000] {processor.py:183} INFO - Processing /home/airflow/.local/lib/python3.11/site-packages/airflow/example_dags/example_branch_operator.py took 0.457 seconds
[2024-05-03T18:23:16.515+0000] {processor.py:161} INFO - Started process (PID=709) to work on /home/airflow/.local/lib/python3.11/site-packages/airflow/example_dags/example_branch_operator.py
[2024-05-03T18:23:16.517+0000] {processor.py:830} INFO - Processing file /home/airflow/.local/lib/python3.11/site-packages/airflow/example_dags/example_branch_operator.py for tasks to queue
[2024-05-03T18:23:16.521+0000] {logging_mixin.py:188} INFO - [2024-05-03T18:23:16.521+0000] {dagbag.py:540} INFO - Filling up the DagBag from /home/airflow/.local/lib/python3.11/site-packages/airflow/example_dags/example_branch_operator.py
[2024-05-03T18:23:16.577+0000] {processor.py:840} INFO - DAG(s) 'example_branch_operator' retrieved from /home/airflow/.local/lib/python3.11/site-packages/airflow/example_dags/example_branch_operator.py
[2024-05-03T18:23:16.664+0000] {logging_mixin.py:188} INFO - [2024-05-03T18:23:16.664+0000] {dag.py:3096} INFO - Sync 1 DAGs
[2024-05-03T18:23:16.715+0000] {logging_mixin.py:188} INFO - [2024-05-03T18:23:16.714+0000] {dag.py:3954} INFO - Setting next_dagrun for example_branch_operator to 2024-05-02 00:00:00+00:00, run_after=2024-05-03 00:00:00+00:00
[2024-05-03T18:23:16.943+0000] {processor.py:183} INFO - Processing /home/airflow/.local/lib/python3.11/site-packages/airflow/example_dags/example_branch_operator.py took 0.443 seconds
[2024-05-03T18:23:32.608+0000] {processor.py:161} INFO - Started process (PID=765) to work on /home/airflow/.local/lib/python3.11/site-packages/airflow/example_dags/example_branch_operator.py
[2024-05-03T18:23:32.611+0000] {processor.py:830} INFO - Processing file /home/airflow/.local/lib/python3.11/site-packages/airflow/example_dags/example_branch_operator.py for tasks to queue
[2024-05-03T18:23:32.624+0000] {logging_mixin.py:188} INFO - [2024-05-03T18:23:32.624+0000] {dagbag.py:540} INFO - Filling up the DagBag from /home/airflow/.local/lib/python3.11/site-packages/airflow/example_dags/example_branch_operator.py
[2024-05-03T18:23:32.682+0000] {processor.py:840} INFO - DAG(s) 'example_branch_operator' retrieved from /home/airflow/.local/lib/python3.11/site-packages/airflow/example_dags/example_branch_operator.py
[2024-05-03T18:23:32.764+0000] {logging_mixin.py:188} INFO - [2024-05-03T18:23:32.763+0000] {dag.py:3096} INFO - Sync 1 DAGs
[2024-05-03T18:23:32.824+0000] {logging_mixin.py:188} INFO - [2024-05-03T18:23:32.823+0000] {dag.py:3954} INFO - Setting next_dagrun for example_branch_operator to 2024-05-02 00:00:00+00:00, run_after=2024-05-03 00:00:00+00:00
[2024-05-03T18:23:32.968+0000] {processor.py:183} INFO - Processing /home/airflow/.local/lib/python3.11/site-packages/airflow/example_dags/example_branch_operator.py took 0.378 seconds
[2024-05-03T18:23:45.707+0000] {processor.py:161} INFO - Started process (PID=816) to work on /home/airflow/.local/lib/python3.11/site-packages/airflow/example_dags/example_branch_operator.py
[2024-05-03T18:23:45.786+0000] {processor.py:830} INFO - Processing file /home/airflow/.local/lib/python3.11/site-packages/airflow/example_dags/example_branch_operator.py for tasks to queue
[2024-05-03T18:23:45.796+0000] {logging_mixin.py:188} INFO - [2024-05-03T18:23:45.794+0000] {dagbag.py:540} INFO - Filling up the DagBag from /home/airflow/.local/lib/python3.11/site-packages/airflow/example_dags/example_branch_operator.py
[2024-05-03T18:23:45.888+0000] {processor.py:840} INFO - DAG(s) 'example_branch_operator' retrieved from /home/airflow/.local/lib/python3.11/site-packages/airflow/example_dags/example_branch_operator.py
[2024-05-03T18:23:46.060+0000] {logging_mixin.py:188} INFO - [2024-05-03T18:23:46.059+0000] {dag.py:3096} INFO - Sync 1 DAGs
[2024-05-03T18:23:46.117+0000] {logging_mixin.py:188} INFO - [2024-05-03T18:23:46.117+0000] {dag.py:3954} INFO - Setting next_dagrun for example_branch_operator to 2024-05-02 00:00:00+00:00, run_after=2024-05-03 00:00:00+00:00
[2024-05-03T18:23:46.232+0000] {processor.py:183} INFO - Processing /home/airflow/.local/lib/python3.11/site-packages/airflow/example_dags/example_branch_operator.py took 0.541 seconds
[2024-05-03T18:24:00.507+0000] {processor.py:161} INFO - Started process (PID=873) to work on /home/airflow/.local/lib/python3.11/site-packages/airflow/example_dags/example_branch_operator.py
[2024-05-03T18:24:00.510+0000] {processor.py:830} INFO - Processing file /home/airflow/.local/lib/python3.11/site-packages/airflow/example_dags/example_branch_operator.py for tasks to queue
[2024-05-03T18:24:00.514+0000] {logging_mixin.py:188} INFO - [2024-05-03T18:24:00.513+0000] {dagbag.py:540} INFO - Filling up the DagBag from /home/airflow/.local/lib/python3.11/site-packages/airflow/example_dags/example_branch_operator.py
[2024-05-03T18:24:00.548+0000] {processor.py:840} INFO - DAG(s) 'example_branch_operator' retrieved from /home/airflow/.local/lib/python3.11/site-packages/airflow/example_dags/example_branch_operator.py
[2024-05-03T18:24:00.606+0000] {logging_mixin.py:188} INFO - [2024-05-03T18:24:00.606+0000] {dag.py:3096} INFO - Sync 1 DAGs
[2024-05-03T18:24:00.650+0000] {logging_mixin.py:188} INFO - [2024-05-03T18:24:00.650+0000] {dag.py:3954} INFO - Setting next_dagrun for example_branch_operator to 2024-05-02 00:00:00+00:00, run_after=2024-05-03 00:00:00+00:00
[2024-05-03T18:24:00.748+0000] {processor.py:183} INFO - Processing /home/airflow/.local/lib/python3.11/site-packages/airflow/example_dags/example_branch_operator.py took 0.255 seconds
[2024-05-03T18:24:22.387+0000] {processor.py:161} INFO - Started process (PID=931) to work on /home/airflow/.local/lib/python3.11/site-packages/airflow/example_dags/example_branch_operator.py
[2024-05-03T18:24:22.390+0000] {processor.py:830} INFO - Processing file /home/airflow/.local/lib/python3.11/site-packages/airflow/example_dags/example_branch_operator.py for tasks to queue
[2024-05-03T18:24:22.395+0000] {logging_mixin.py:188} INFO - [2024-05-03T18:24:22.394+0000] {dagbag.py:540} INFO - Filling up the DagBag from /home/airflow/.local/lib/python3.11/site-packages/airflow/example_dags/example_branch_operator.py
[2024-05-03T18:24:22.451+0000] {processor.py:840} INFO - DAG(s) 'example_branch_operator' retrieved from /home/airflow/.local/lib/python3.11/site-packages/airflow/example_dags/example_branch_operator.py
[2024-05-03T18:24:22.542+0000] {logging_mixin.py:188} INFO - [2024-05-03T18:24:22.541+0000] {dag.py:3096} INFO - Sync 1 DAGs
[2024-05-03T18:24:22.616+0000] {logging_mixin.py:188} INFO - [2024-05-03T18:24:22.615+0000] {dag.py:3954} INFO - Setting next_dagrun for example_branch_operator to 2024-05-02 00:00:00+00:00, run_after=2024-05-03 00:00:00+00:00
[2024-05-03T18:24:22.796+0000] {processor.py:183} INFO - Processing /home/airflow/.local/lib/python3.11/site-packages/airflow/example_dags/example_branch_operator.py took 0.426 seconds
[2024-05-03T18:24:40.357+0000] {processor.py:161} INFO - Started process (PID=981) to work on /home/airflow/.local/lib/python3.11/site-packages/airflow/example_dags/example_branch_operator.py
[2024-05-03T18:24:40.360+0000] {processor.py:830} INFO - Processing file /home/airflow/.local/lib/python3.11/site-packages/airflow/example_dags/example_branch_operator.py for tasks to queue
[2024-05-03T18:24:40.366+0000] {logging_mixin.py:188} INFO - [2024-05-03T18:24:40.365+0000] {dagbag.py:540} INFO - Filling up the DagBag from /home/airflow/.local/lib/python3.11/site-packages/airflow/example_dags/example_branch_operator.py
[2024-05-03T18:24:40.456+0000] {processor.py:840} INFO - DAG(s) 'example_branch_operator' retrieved from /home/airflow/.local/lib/python3.11/site-packages/airflow/example_dags/example_branch_operator.py
[2024-05-03T18:24:40.601+0000] {logging_mixin.py:188} INFO - [2024-05-03T18:24:40.600+0000] {dag.py:3096} INFO - Sync 1 DAGs
[2024-05-03T18:24:40.714+0000] {logging_mixin.py:188} INFO - [2024-05-03T18:24:40.714+0000] {dag.py:3954} INFO - Setting next_dagrun for example_branch_operator to 2024-05-02 00:00:00+00:00, run_after=2024-05-03 00:00:00+00:00
[2024-05-03T18:24:40.833+0000] {processor.py:183} INFO - Processing /home/airflow/.local/lib/python3.11/site-packages/airflow/example_dags/example_branch_operator.py took 0.502 seconds
[2024-05-03T18:25:08.089+0000] {processor.py:161} INFO - Started process (PID=1039) to work on /home/airflow/.local/lib/python3.11/site-packages/airflow/example_dags/example_branch_operator.py
[2024-05-03T18:25:08.121+0000] {processor.py:830} INFO - Processing file /home/airflow/.local/lib/python3.11/site-packages/airflow/example_dags/example_branch_operator.py for tasks to queue
[2024-05-03T18:25:08.155+0000] {logging_mixin.py:188} INFO - [2024-05-03T18:25:08.153+0000] {dagbag.py:540} INFO - Filling up the DagBag from /home/airflow/.local/lib/python3.11/site-packages/airflow/example_dags/example_branch_operator.py
[2024-05-03T18:25:08.459+0000] {processor.py:840} INFO - DAG(s) 'example_branch_operator' retrieved from /home/airflow/.local/lib/python3.11/site-packages/airflow/example_dags/example_branch_operator.py
[2024-05-03T18:25:08.997+0000] {logging_mixin.py:188} INFO - [2024-05-03T18:25:08.996+0000] {dag.py:3096} INFO - Sync 1 DAGs
[2024-05-03T18:25:09.089+0000] {logging_mixin.py:188} INFO - [2024-05-03T18:25:09.088+0000] {dag.py:3954} INFO - Setting next_dagrun for example_branch_operator to 2024-05-02 00:00:00+00:00, run_after=2024-05-03 00:00:00+00:00
[2024-05-03T18:25:09.404+0000] {processor.py:183} INFO - Processing /home/airflow/.local/lib/python3.11/site-packages/airflow/example_dags/example_branch_operator.py took 1.405 seconds
[2024-05-03T18:25:53.338+0000] {processor.py:161} INFO - Started process (PID=1100) to work on /home/airflow/.local/lib/python3.11/site-packages/airflow/example_dags/example_branch_operator.py
[2024-05-03T18:25:53.425+0000] {processor.py:830} INFO - Processing file /home/airflow/.local/lib/python3.11/site-packages/airflow/example_dags/example_branch_operator.py for tasks to queue
[2024-05-03T18:25:53.440+0000] {logging_mixin.py:188} INFO - [2024-05-03T18:25:53.439+0000] {dagbag.py:540} INFO - Filling up the DagBag from /home/airflow/.local/lib/python3.11/site-packages/airflow/example_dags/example_branch_operator.py
[2024-05-03T18:25:53.622+0000] {processor.py:840} INFO - DAG(s) 'example_branch_operator' retrieved from /home/airflow/.local/lib/python3.11/site-packages/airflow/example_dags/example_branch_operator.py
[2024-05-03T18:25:53.877+0000] {logging_mixin.py:188} INFO - [2024-05-03T18:25:53.877+0000] {dag.py:3096} INFO - Sync 1 DAGs
[2024-05-03T18:25:54.032+0000] {logging_mixin.py:188} INFO - [2024-05-03T18:25:54.031+0000] {dag.py:3954} INFO - Setting next_dagrun for example_branch_operator to 2024-05-02 00:00:00+00:00, run_after=2024-05-03 00:00:00+00:00
[2024-05-03T18:25:54.157+0000] {processor.py:183} INFO - Processing /home/airflow/.local/lib/python3.11/site-packages/airflow/example_dags/example_branch_operator.py took 0.841 seconds
[2024-05-03T18:26:58.891+0000] {processor.py:161} INFO - Started process (PID=1163) to work on /home/airflow/.local/lib/python3.11/site-packages/airflow/example_dags/example_branch_operator.py
[2024-05-03T18:26:58.905+0000] {processor.py:830} INFO - Processing file /home/airflow/.local/lib/python3.11/site-packages/airflow/example_dags/example_branch_operator.py for tasks to queue
[2024-05-03T18:26:58.936+0000] {logging_mixin.py:188} INFO - [2024-05-03T18:26:58.924+0000] {dagbag.py:540} INFO - Filling up the DagBag from /home/airflow/.local/lib/python3.11/site-packages/airflow/example_dags/example_branch_operator.py
[2024-05-03T18:26:59.180+0000] {processor.py:840} INFO - DAG(s) 'example_branch_operator' retrieved from /home/airflow/.local/lib/python3.11/site-packages/airflow/example_dags/example_branch_operator.py
[2024-05-03T18:26:59.474+0000] {logging_mixin.py:188} INFO - [2024-05-03T18:26:59.473+0000] {dag.py:3096} INFO - Sync 1 DAGs
[2024-05-03T18:26:59.734+0000] {logging_mixin.py:188} INFO - [2024-05-03T18:26:59.723+0000] {dag.py:3954} INFO - Setting next_dagrun for example_branch_operator to 2024-05-02 00:00:00+00:00, run_after=2024-05-03 00:00:00+00:00
[2024-05-03T18:26:59.992+0000] {processor.py:183} INFO - Processing /home/airflow/.local/lib/python3.11/site-packages/airflow/example_dags/example_branch_operator.py took 1.247 seconds
[2024-05-03T18:28:03.961+0000] {processor.py:161} INFO - Started process (PID=1224) to work on /home/airflow/.local/lib/python3.11/site-packages/airflow/example_dags/example_branch_operator.py
[2024-05-03T18:28:04.005+0000] {processor.py:830} INFO - Processing file /home/airflow/.local/lib/python3.11/site-packages/airflow/example_dags/example_branch_operator.py for tasks to queue
[2024-05-03T18:28:04.109+0000] {logging_mixin.py:188} INFO - [2024-05-03T18:28:04.102+0000] {dagbag.py:540} INFO - Filling up the DagBag from /home/airflow/.local/lib/python3.11/site-packages/airflow/example_dags/example_branch_operator.py
[2024-05-03T18:28:04.407+0000] {processor.py:840} INFO - DAG(s) 'example_branch_operator' retrieved from /home/airflow/.local/lib/python3.11/site-packages/airflow/example_dags/example_branch_operator.py
[2024-05-03T18:28:04.958+0000] {logging_mixin.py:188} INFO - [2024-05-03T18:28:04.935+0000] {dag.py:3096} INFO - Sync 1 DAGs
[2024-05-03T18:28:05.316+0000] {logging_mixin.py:188} INFO - [2024-05-03T18:28:05.315+0000] {dag.py:3954} INFO - Setting next_dagrun for example_branch_operator to 2024-05-02 00:00:00+00:00, run_after=2024-05-03 00:00:00+00:00
[2024-05-03T18:28:05.492+0000] {processor.py:183} INFO - Processing /home/airflow/.local/lib/python3.11/site-packages/airflow/example_dags/example_branch_operator.py took 1.760 seconds
[2024-05-03T18:28:52.033+0000] {processor.py:161} INFO - Started process (PID=1280) to work on /home/airflow/.local/lib/python3.11/site-packages/airflow/example_dags/example_branch_operator.py
[2024-05-03T18:28:52.082+0000] {processor.py:830} INFO - Processing file /home/airflow/.local/lib/python3.11/site-packages/airflow/example_dags/example_branch_operator.py for tasks to queue
[2024-05-03T18:28:52.101+0000] {logging_mixin.py:188} INFO - [2024-05-03T18:28:52.100+0000] {dagbag.py:540} INFO - Filling up the DagBag from /home/airflow/.local/lib/python3.11/site-packages/airflow/example_dags/example_branch_operator.py
[2024-05-03T18:28:52.498+0000] {processor.py:840} INFO - DAG(s) 'example_branch_operator' retrieved from /home/airflow/.local/lib/python3.11/site-packages/airflow/example_dags/example_branch_operator.py
[2024-05-03T18:28:52.875+0000] {logging_mixin.py:188} INFO - [2024-05-03T18:28:52.874+0000] {dag.py:3096} INFO - Sync 1 DAGs
[2024-05-03T18:28:53.245+0000] {logging_mixin.py:188} INFO - [2024-05-03T18:28:53.244+0000] {dag.py:3954} INFO - Setting next_dagrun for example_branch_operator to 2024-05-02 00:00:00+00:00, run_after=2024-05-03 00:00:00+00:00
[2024-05-03T18:28:53.690+0000] {processor.py:183} INFO - Processing /home/airflow/.local/lib/python3.11/site-packages/airflow/example_dags/example_branch_operator.py took 1.756 seconds
