[2024-05-03T18:16:46.181+0000] {processor.py:161} INFO - Started process (PID=75) to work on /home/airflow/.local/lib/python3.11/site-packages/airflow/example_dags/example_trigger_controller_dag.py
[2024-05-03T18:16:46.196+0000] {processor.py:830} INFO - Processing file /home/airflow/.local/lib/python3.11/site-packages/airflow/example_dags/example_trigger_controller_dag.py for tasks to queue
[2024-05-03T18:16:46.215+0000] {logging_mixin.py:188} INFO - [2024-05-03T18:16:46.203+0000] {dagbag.py:540} INFO - Filling up the DagBag from /home/airflow/.local/lib/python3.11/site-packages/airflow/example_dags/example_trigger_controller_dag.py
[2024-05-03T18:16:46.303+0000] {processor.py:840} INFO - DAG(s) 'example_trigger_controller_dag' retrieved from /home/airflow/.local/lib/python3.11/site-packages/airflow/example_dags/example_trigger_controller_dag.py
[2024-05-03T18:16:47.543+0000] {logging_mixin.py:188} INFO - [2024-05-03T18:16:47.541+0000] {override.py:1829} INFO - Created Permission View: can edit on DAG:example_trigger_controller_dag
[2024-05-03T18:16:47.640+0000] {logging_mixin.py:188} INFO - [2024-05-03T18:16:47.639+0000] {override.py:1829} INFO - Created Permission View: can read on DAG:example_trigger_controller_dag
[2024-05-03T18:16:47.721+0000] {logging_mixin.py:188} INFO - [2024-05-03T18:16:47.715+0000] {override.py:1829} INFO - Created Permission View: can delete on DAG:example_trigger_controller_dag
[2024-05-03T18:16:47.754+0000] {logging_mixin.py:188} INFO - [2024-05-03T18:16:47.753+0000] {dag.py:3096} INFO - Sync 1 DAGs
[2024-05-03T18:16:47.872+0000] {logging_mixin.py:188} INFO - [2024-05-03T18:16:47.860+0000] {dag.py:3118} INFO - Creating ORM DAG for example_trigger_controller_dag
[2024-05-03T18:16:47.965+0000] {logging_mixin.py:188} INFO - [2024-05-03T18:16:47.964+0000] {dag.py:3954} INFO - Setting next_dagrun for example_trigger_controller_dag to 2021-01-01 00:00:00+00:00, run_after=2021-01-01 00:00:00+00:00
[2024-05-03T18:16:48.241+0000] {processor.py:183} INFO - Processing /home/airflow/.local/lib/python3.11/site-packages/airflow/example_dags/example_trigger_controller_dag.py took 2.128 seconds
[2024-05-03T18:17:47.501+0000] {processor.py:161} INFO - Started process (PID=141) to work on /home/airflow/.local/lib/python3.11/site-packages/airflow/example_dags/example_trigger_controller_dag.py
[2024-05-03T18:17:47.505+0000] {processor.py:830} INFO - Processing file /home/airflow/.local/lib/python3.11/site-packages/airflow/example_dags/example_trigger_controller_dag.py for tasks to queue
[2024-05-03T18:17:47.525+0000] {logging_mixin.py:188} INFO - [2024-05-03T18:17:47.523+0000] {dagbag.py:540} INFO - Filling up the DagBag from /home/airflow/.local/lib/python3.11/site-packages/airflow/example_dags/example_trigger_controller_dag.py
[2024-05-03T18:17:47.565+0000] {processor.py:840} INFO - DAG(s) 'example_trigger_controller_dag' retrieved from /home/airflow/.local/lib/python3.11/site-packages/airflow/example_dags/example_trigger_controller_dag.py
[2024-05-03T18:17:47.732+0000] {logging_mixin.py:188} INFO - [2024-05-03T18:17:47.732+0000] {dag.py:3096} INFO - Sync 1 DAGs
[2024-05-03T18:17:47.951+0000] {logging_mixin.py:188} INFO - [2024-05-03T18:17:47.950+0000] {dag.py:3954} INFO - Setting next_dagrun for example_trigger_controller_dag to 2021-01-01 00:00:00+00:00, run_after=2021-01-01 00:00:00+00:00
[2024-05-03T18:17:48.123+0000] {processor.py:183} INFO - Processing /home/airflow/.local/lib/python3.11/site-packages/airflow/example_dags/example_trigger_controller_dag.py took 0.674 seconds
[2024-05-03T18:18:24.846+0000] {processor.py:161} INFO - Started process (PID=197) to work on /home/airflow/.local/lib/python3.11/site-packages/airflow/example_dags/example_trigger_controller_dag.py
[2024-05-03T18:18:24.863+0000] {processor.py:830} INFO - Processing file /home/airflow/.local/lib/python3.11/site-packages/airflow/example_dags/example_trigger_controller_dag.py for tasks to queue
[2024-05-03T18:18:24.902+0000] {logging_mixin.py:188} INFO - [2024-05-03T18:18:24.900+0000] {dagbag.py:540} INFO - Filling up the DagBag from /home/airflow/.local/lib/python3.11/site-packages/airflow/example_dags/example_trigger_controller_dag.py
[2024-05-03T18:18:24.977+0000] {processor.py:840} INFO - DAG(s) 'example_trigger_controller_dag' retrieved from /home/airflow/.local/lib/python3.11/site-packages/airflow/example_dags/example_trigger_controller_dag.py
[2024-05-03T18:18:25.193+0000] {logging_mixin.py:188} INFO - [2024-05-03T18:18:25.193+0000] {dag.py:3096} INFO - Sync 1 DAGs
[2024-05-03T18:18:25.370+0000] {logging_mixin.py:188} INFO - [2024-05-03T18:18:25.369+0000] {dag.py:3954} INFO - Setting next_dagrun for example_trigger_controller_dag to 2021-01-01 00:00:00+00:00, run_after=2021-01-01 00:00:00+00:00
[2024-05-03T18:18:25.606+0000] {processor.py:183} INFO - Processing /home/airflow/.local/lib/python3.11/site-packages/airflow/example_dags/example_trigger_controller_dag.py took 0.958 seconds
[2024-05-03T18:19:09.673+0000] {processor.py:161} INFO - Started process (PID=254) to work on /home/airflow/.local/lib/python3.11/site-packages/airflow/example_dags/example_trigger_controller_dag.py
[2024-05-03T18:19:09.676+0000] {processor.py:830} INFO - Processing file /home/airflow/.local/lib/python3.11/site-packages/airflow/example_dags/example_trigger_controller_dag.py for tasks to queue
[2024-05-03T18:19:09.681+0000] {logging_mixin.py:188} INFO - [2024-05-03T18:19:09.681+0000] {dagbag.py:540} INFO - Filling up the DagBag from /home/airflow/.local/lib/python3.11/site-packages/airflow/example_dags/example_trigger_controller_dag.py
[2024-05-03T18:19:09.693+0000] {processor.py:840} INFO - DAG(s) 'example_trigger_controller_dag' retrieved from /home/airflow/.local/lib/python3.11/site-packages/airflow/example_dags/example_trigger_controller_dag.py
[2024-05-03T18:19:10.094+0000] {logging_mixin.py:188} INFO - [2024-05-03T18:19:10.093+0000] {dag.py:3096} INFO - Sync 1 DAGs
[2024-05-03T18:19:10.265+0000] {logging_mixin.py:188} INFO - [2024-05-03T18:19:10.265+0000] {dag.py:3954} INFO - Setting next_dagrun for example_trigger_controller_dag to 2021-01-01 00:00:00+00:00, run_after=2021-01-01 00:00:00+00:00
[2024-05-03T18:19:10.512+0000] {processor.py:183} INFO - Processing /home/airflow/.local/lib/python3.11/site-packages/airflow/example_dags/example_trigger_controller_dag.py took 0.857 seconds
[2024-05-03T18:19:50.825+0000] {processor.py:161} INFO - Started process (PID=315) to work on /home/airflow/.local/lib/python3.11/site-packages/airflow/example_dags/example_trigger_controller_dag.py
[2024-05-03T18:19:50.831+0000] {processor.py:830} INFO - Processing file /home/airflow/.local/lib/python3.11/site-packages/airflow/example_dags/example_trigger_controller_dag.py for tasks to queue
[2024-05-03T18:19:50.851+0000] {logging_mixin.py:188} INFO - [2024-05-03T18:19:50.849+0000] {dagbag.py:540} INFO - Filling up the DagBag from /home/airflow/.local/lib/python3.11/site-packages/airflow/example_dags/example_trigger_controller_dag.py
[2024-05-03T18:19:50.911+0000] {processor.py:840} INFO - DAG(s) 'example_trigger_controller_dag' retrieved from /home/airflow/.local/lib/python3.11/site-packages/airflow/example_dags/example_trigger_controller_dag.py
[2024-05-03T18:19:51.237+0000] {logging_mixin.py:188} INFO - [2024-05-03T18:19:51.236+0000] {dag.py:3096} INFO - Sync 1 DAGs
[2024-05-03T18:19:51.462+0000] {logging_mixin.py:188} INFO - [2024-05-03T18:19:51.461+0000] {dag.py:3954} INFO - Setting next_dagrun for example_trigger_controller_dag to 2021-01-01 00:00:00+00:00, run_after=2021-01-01 00:00:00+00:00
[2024-05-03T18:19:51.693+0000] {processor.py:183} INFO - Processing /home/airflow/.local/lib/python3.11/site-packages/airflow/example_dags/example_trigger_controller_dag.py took 0.931 seconds
[2024-05-03T18:20:25.944+0000] {processor.py:161} INFO - Started process (PID=373) to work on /home/airflow/.local/lib/python3.11/site-packages/airflow/example_dags/example_trigger_controller_dag.py
[2024-05-03T18:20:25.948+0000] {processor.py:830} INFO - Processing file /home/airflow/.local/lib/python3.11/site-packages/airflow/example_dags/example_trigger_controller_dag.py for tasks to queue
[2024-05-03T18:20:25.974+0000] {logging_mixin.py:188} INFO - [2024-05-03T18:20:25.972+0000] {dagbag.py:540} INFO - Filling up the DagBag from /home/airflow/.local/lib/python3.11/site-packages/airflow/example_dags/example_trigger_controller_dag.py
[2024-05-03T18:20:26.032+0000] {processor.py:840} INFO - DAG(s) 'example_trigger_controller_dag' retrieved from /home/airflow/.local/lib/python3.11/site-packages/airflow/example_dags/example_trigger_controller_dag.py
[2024-05-03T18:20:26.198+0000] {logging_mixin.py:188} INFO - [2024-05-03T18:20:26.196+0000] {dag.py:3096} INFO - Sync 1 DAGs
[2024-05-03T18:20:26.415+0000] {logging_mixin.py:188} INFO - [2024-05-03T18:20:26.414+0000] {dag.py:3954} INFO - Setting next_dagrun for example_trigger_controller_dag to 2021-01-01 00:00:00+00:00, run_after=2021-01-01 00:00:00+00:00
[2024-05-03T18:20:26.625+0000] {processor.py:183} INFO - Processing /home/airflow/.local/lib/python3.11/site-packages/airflow/example_dags/example_trigger_controller_dag.py took 0.739 seconds
[2024-05-03T18:20:54.805+0000] {processor.py:161} INFO - Started process (PID=428) to work on /home/airflow/.local/lib/python3.11/site-packages/airflow/example_dags/example_trigger_controller_dag.py
[2024-05-03T18:20:54.811+0000] {processor.py:830} INFO - Processing file /home/airflow/.local/lib/python3.11/site-packages/airflow/example_dags/example_trigger_controller_dag.py for tasks to queue
[2024-05-03T18:20:54.851+0000] {logging_mixin.py:188} INFO - [2024-05-03T18:20:54.849+0000] {dagbag.py:540} INFO - Filling up the DagBag from /home/airflow/.local/lib/python3.11/site-packages/airflow/example_dags/example_trigger_controller_dag.py
[2024-05-03T18:20:54.895+0000] {processor.py:840} INFO - DAG(s) 'example_trigger_controller_dag' retrieved from /home/airflow/.local/lib/python3.11/site-packages/airflow/example_dags/example_trigger_controller_dag.py
[2024-05-03T18:20:55.135+0000] {logging_mixin.py:188} INFO - [2024-05-03T18:20:55.134+0000] {dag.py:3096} INFO - Sync 1 DAGs
[2024-05-03T18:20:55.337+0000] {logging_mixin.py:188} INFO - [2024-05-03T18:20:55.336+0000] {dag.py:3954} INFO - Setting next_dagrun for example_trigger_controller_dag to 2021-01-01 00:00:00+00:00, run_after=2021-01-01 00:00:00+00:00
[2024-05-03T18:20:55.466+0000] {processor.py:183} INFO - Processing /home/airflow/.local/lib/python3.11/site-packages/airflow/example_dags/example_trigger_controller_dag.py took 0.722 seconds
[2024-05-03T18:21:26.506+0000] {processor.py:161} INFO - Started process (PID=485) to work on /home/airflow/.local/lib/python3.11/site-packages/airflow/example_dags/example_trigger_controller_dag.py
[2024-05-03T18:21:26.515+0000] {processor.py:830} INFO - Processing file /home/airflow/.local/lib/python3.11/site-packages/airflow/example_dags/example_trigger_controller_dag.py for tasks to queue
[2024-05-03T18:21:26.525+0000] {logging_mixin.py:188} INFO - [2024-05-03T18:21:26.524+0000] {dagbag.py:540} INFO - Filling up the DagBag from /home/airflow/.local/lib/python3.11/site-packages/airflow/example_dags/example_trigger_controller_dag.py
[2024-05-03T18:21:26.553+0000] {processor.py:840} INFO - DAG(s) 'example_trigger_controller_dag' retrieved from /home/airflow/.local/lib/python3.11/site-packages/airflow/example_dags/example_trigger_controller_dag.py
[2024-05-03T18:21:26.682+0000] {logging_mixin.py:188} INFO - [2024-05-03T18:21:26.679+0000] {dag.py:3096} INFO - Sync 1 DAGs
[2024-05-03T18:21:26.821+0000] {logging_mixin.py:188} INFO - [2024-05-03T18:21:26.820+0000] {dag.py:3954} INFO - Setting next_dagrun for example_trigger_controller_dag to 2021-01-01 00:00:00+00:00, run_after=2021-01-01 00:00:00+00:00
[2024-05-03T18:21:27.065+0000] {processor.py:183} INFO - Processing /home/airflow/.local/lib/python3.11/site-packages/airflow/example_dags/example_trigger_controller_dag.py took 0.597 seconds
[2024-05-03T18:21:56.769+0000] {processor.py:161} INFO - Started process (PID=541) to work on /home/airflow/.local/lib/python3.11/site-packages/airflow/example_dags/example_trigger_controller_dag.py
[2024-05-03T18:21:56.772+0000] {processor.py:830} INFO - Processing file /home/airflow/.local/lib/python3.11/site-packages/airflow/example_dags/example_trigger_controller_dag.py for tasks to queue
[2024-05-03T18:21:56.778+0000] {logging_mixin.py:188} INFO - [2024-05-03T18:21:56.777+0000] {dagbag.py:540} INFO - Filling up the DagBag from /home/airflow/.local/lib/python3.11/site-packages/airflow/example_dags/example_trigger_controller_dag.py
[2024-05-03T18:21:56.791+0000] {processor.py:840} INFO - DAG(s) 'example_trigger_controller_dag' retrieved from /home/airflow/.local/lib/python3.11/site-packages/airflow/example_dags/example_trigger_controller_dag.py
[2024-05-03T18:21:56.843+0000] {logging_mixin.py:188} INFO - [2024-05-03T18:21:56.843+0000] {dag.py:3096} INFO - Sync 1 DAGs
[2024-05-03T18:21:56.926+0000] {logging_mixin.py:188} INFO - [2024-05-03T18:21:56.926+0000] {dag.py:3954} INFO - Setting next_dagrun for example_trigger_controller_dag to 2021-01-01 00:00:00+00:00, run_after=2021-01-01 00:00:00+00:00
[2024-05-03T18:21:57.818+0000] {processor.py:183} INFO - Processing /home/airflow/.local/lib/python3.11/site-packages/airflow/example_dags/example_trigger_controller_dag.py took 1.072 seconds
[2024-05-03T18:22:29.645+0000] {processor.py:161} INFO - Started process (PID=598) to work on /home/airflow/.local/lib/python3.11/site-packages/airflow/example_dags/example_trigger_controller_dag.py
[2024-05-03T18:22:29.649+0000] {processor.py:830} INFO - Processing file /home/airflow/.local/lib/python3.11/site-packages/airflow/example_dags/example_trigger_controller_dag.py for tasks to queue
[2024-05-03T18:22:29.667+0000] {logging_mixin.py:188} INFO - [2024-05-03T18:22:29.665+0000] {dagbag.py:540} INFO - Filling up the DagBag from /home/airflow/.local/lib/python3.11/site-packages/airflow/example_dags/example_trigger_controller_dag.py
[2024-05-03T18:22:29.705+0000] {processor.py:840} INFO - DAG(s) 'example_trigger_controller_dag' retrieved from /home/airflow/.local/lib/python3.11/site-packages/airflow/example_dags/example_trigger_controller_dag.py
[2024-05-03T18:22:29.842+0000] {logging_mixin.py:188} INFO - [2024-05-03T18:22:29.841+0000] {dag.py:3096} INFO - Sync 1 DAGs
[2024-05-03T18:22:29.998+0000] {logging_mixin.py:188} INFO - [2024-05-03T18:22:29.997+0000] {dag.py:3954} INFO - Setting next_dagrun for example_trigger_controller_dag to 2021-01-01 00:00:00+00:00, run_after=2021-01-01 00:00:00+00:00
[2024-05-03T18:22:30.151+0000] {processor.py:183} INFO - Processing /home/airflow/.local/lib/python3.11/site-packages/airflow/example_dags/example_trigger_controller_dag.py took 0.569 seconds
[2024-05-03T18:22:56.916+0000] {processor.py:161} INFO - Started process (PID=653) to work on /home/airflow/.local/lib/python3.11/site-packages/airflow/example_dags/example_trigger_controller_dag.py
[2024-05-03T18:22:56.919+0000] {processor.py:830} INFO - Processing file /home/airflow/.local/lib/python3.11/site-packages/airflow/example_dags/example_trigger_controller_dag.py for tasks to queue
[2024-05-03T18:22:56.923+0000] {logging_mixin.py:188} INFO - [2024-05-03T18:22:56.922+0000] {dagbag.py:540} INFO - Filling up the DagBag from /home/airflow/.local/lib/python3.11/site-packages/airflow/example_dags/example_trigger_controller_dag.py
[2024-05-03T18:22:56.934+0000] {processor.py:840} INFO - DAG(s) 'example_trigger_controller_dag' retrieved from /home/airflow/.local/lib/python3.11/site-packages/airflow/example_dags/example_trigger_controller_dag.py
[2024-05-03T18:22:56.983+0000] {logging_mixin.py:188} INFO - [2024-05-03T18:22:56.983+0000] {dag.py:3096} INFO - Sync 1 DAGs
[2024-05-03T18:22:57.045+0000] {logging_mixin.py:188} INFO - [2024-05-03T18:22:57.045+0000] {dag.py:3954} INFO - Setting next_dagrun for example_trigger_controller_dag to 2021-01-01 00:00:00+00:00, run_after=2021-01-01 00:00:00+00:00
[2024-05-03T18:22:57.335+0000] {processor.py:183} INFO - Processing /home/airflow/.local/lib/python3.11/site-packages/airflow/example_dags/example_trigger_controller_dag.py took 0.433 seconds
[2024-05-03T18:23:14.835+0000] {processor.py:161} INFO - Started process (PID=704) to work on /home/airflow/.local/lib/python3.11/site-packages/airflow/example_dags/example_trigger_controller_dag.py
[2024-05-03T18:23:14.853+0000] {processor.py:830} INFO - Processing file /home/airflow/.local/lib/python3.11/site-packages/airflow/example_dags/example_trigger_controller_dag.py for tasks to queue
[2024-05-03T18:23:14.858+0000] {logging_mixin.py:188} INFO - [2024-05-03T18:23:14.857+0000] {dagbag.py:540} INFO - Filling up the DagBag from /home/airflow/.local/lib/python3.11/site-packages/airflow/example_dags/example_trigger_controller_dag.py
[2024-05-03T18:23:14.871+0000] {processor.py:840} INFO - DAG(s) 'example_trigger_controller_dag' retrieved from /home/airflow/.local/lib/python3.11/site-packages/airflow/example_dags/example_trigger_controller_dag.py
[2024-05-03T18:23:14.920+0000] {logging_mixin.py:188} INFO - [2024-05-03T18:23:14.919+0000] {dag.py:3096} INFO - Sync 1 DAGs
[2024-05-03T18:23:14.975+0000] {logging_mixin.py:188} INFO - [2024-05-03T18:23:14.975+0000] {dag.py:3954} INFO - Setting next_dagrun for example_trigger_controller_dag to 2021-01-01 00:00:00+00:00, run_after=2021-01-01 00:00:00+00:00
[2024-05-03T18:23:15.506+0000] {processor.py:183} INFO - Processing /home/airflow/.local/lib/python3.11/site-packages/airflow/example_dags/example_trigger_controller_dag.py took 0.693 seconds
[2024-05-03T18:23:31.494+0000] {processor.py:161} INFO - Started process (PID=760) to work on /home/airflow/.local/lib/python3.11/site-packages/airflow/example_dags/example_trigger_controller_dag.py
[2024-05-03T18:23:31.496+0000] {processor.py:830} INFO - Processing file /home/airflow/.local/lib/python3.11/site-packages/airflow/example_dags/example_trigger_controller_dag.py for tasks to queue
[2024-05-03T18:23:31.500+0000] {logging_mixin.py:188} INFO - [2024-05-03T18:23:31.500+0000] {dagbag.py:540} INFO - Filling up the DagBag from /home/airflow/.local/lib/python3.11/site-packages/airflow/example_dags/example_trigger_controller_dag.py
[2024-05-03T18:23:31.510+0000] {processor.py:840} INFO - DAG(s) 'example_trigger_controller_dag' retrieved from /home/airflow/.local/lib/python3.11/site-packages/airflow/example_dags/example_trigger_controller_dag.py
[2024-05-03T18:23:31.544+0000] {logging_mixin.py:188} INFO - [2024-05-03T18:23:31.544+0000] {dag.py:3096} INFO - Sync 1 DAGs
[2024-05-03T18:23:31.586+0000] {logging_mixin.py:188} INFO - [2024-05-03T18:23:31.585+0000] {dag.py:3954} INFO - Setting next_dagrun for example_trigger_controller_dag to 2021-01-01 00:00:00+00:00, run_after=2021-01-01 00:00:00+00:00
[2024-05-03T18:23:31.717+0000] {processor.py:183} INFO - Processing /home/airflow/.local/lib/python3.11/site-packages/airflow/example_dags/example_trigger_controller_dag.py took 0.235 seconds
[2024-05-03T18:23:44.435+0000] {processor.py:161} INFO - Started process (PID=811) to work on /home/airflow/.local/lib/python3.11/site-packages/airflow/example_dags/example_trigger_controller_dag.py
[2024-05-03T18:23:44.462+0000] {processor.py:830} INFO - Processing file /home/airflow/.local/lib/python3.11/site-packages/airflow/example_dags/example_trigger_controller_dag.py for tasks to queue
[2024-05-03T18:23:44.467+0000] {logging_mixin.py:188} INFO - [2024-05-03T18:23:44.466+0000] {dagbag.py:540} INFO - Filling up the DagBag from /home/airflow/.local/lib/python3.11/site-packages/airflow/example_dags/example_trigger_controller_dag.py
[2024-05-03T18:23:44.479+0000] {processor.py:840} INFO - DAG(s) 'example_trigger_controller_dag' retrieved from /home/airflow/.local/lib/python3.11/site-packages/airflow/example_dags/example_trigger_controller_dag.py
[2024-05-03T18:23:44.522+0000] {logging_mixin.py:188} INFO - [2024-05-03T18:23:44.522+0000] {dag.py:3096} INFO - Sync 1 DAGs
[2024-05-03T18:23:44.588+0000] {logging_mixin.py:188} INFO - [2024-05-03T18:23:44.587+0000] {dag.py:3954} INFO - Setting next_dagrun for example_trigger_controller_dag to 2021-01-01 00:00:00+00:00, run_after=2021-01-01 00:00:00+00:00
[2024-05-03T18:23:44.695+0000] {processor.py:183} INFO - Processing /home/airflow/.local/lib/python3.11/site-packages/airflow/example_dags/example_trigger_controller_dag.py took 0.277 seconds
[2024-05-03T18:23:59.653+0000] {processor.py:161} INFO - Started process (PID=868) to work on /home/airflow/.local/lib/python3.11/site-packages/airflow/example_dags/example_trigger_controller_dag.py
[2024-05-03T18:23:59.657+0000] {processor.py:830} INFO - Processing file /home/airflow/.local/lib/python3.11/site-packages/airflow/example_dags/example_trigger_controller_dag.py for tasks to queue
[2024-05-03T18:23:59.665+0000] {logging_mixin.py:188} INFO - [2024-05-03T18:23:59.664+0000] {dagbag.py:540} INFO - Filling up the DagBag from /home/airflow/.local/lib/python3.11/site-packages/airflow/example_dags/example_trigger_controller_dag.py
[2024-05-03T18:23:59.687+0000] {processor.py:840} INFO - DAG(s) 'example_trigger_controller_dag' retrieved from /home/airflow/.local/lib/python3.11/site-packages/airflow/example_dags/example_trigger_controller_dag.py
[2024-05-03T18:23:59.733+0000] {logging_mixin.py:188} INFO - [2024-05-03T18:23:59.733+0000] {dag.py:3096} INFO - Sync 1 DAGs
[2024-05-03T18:23:59.780+0000] {logging_mixin.py:188} INFO - [2024-05-03T18:23:59.778+0000] {dag.py:3954} INFO - Setting next_dagrun for example_trigger_controller_dag to 2021-01-01 00:00:00+00:00, run_after=2021-01-01 00:00:00+00:00
[2024-05-03T18:23:59.842+0000] {processor.py:183} INFO - Processing /home/airflow/.local/lib/python3.11/site-packages/airflow/example_dags/example_trigger_controller_dag.py took 0.248 seconds
[2024-05-03T18:24:20.790+0000] {processor.py:161} INFO - Started process (PID=926) to work on /home/airflow/.local/lib/python3.11/site-packages/airflow/example_dags/example_trigger_controller_dag.py
[2024-05-03T18:24:20.795+0000] {processor.py:830} INFO - Processing file /home/airflow/.local/lib/python3.11/site-packages/airflow/example_dags/example_trigger_controller_dag.py for tasks to queue
[2024-05-03T18:24:20.801+0000] {logging_mixin.py:188} INFO - [2024-05-03T18:24:20.800+0000] {dagbag.py:540} INFO - Filling up the DagBag from /home/airflow/.local/lib/python3.11/site-packages/airflow/example_dags/example_trigger_controller_dag.py
[2024-05-03T18:24:20.837+0000] {processor.py:840} INFO - DAG(s) 'example_trigger_controller_dag' retrieved from /home/airflow/.local/lib/python3.11/site-packages/airflow/example_dags/example_trigger_controller_dag.py
[2024-05-03T18:24:20.952+0000] {logging_mixin.py:188} INFO - [2024-05-03T18:24:20.951+0000] {dag.py:3096} INFO - Sync 1 DAGs
[2024-05-03T18:24:21.071+0000] {logging_mixin.py:188} INFO - [2024-05-03T18:24:21.069+0000] {dag.py:3954} INFO - Setting next_dagrun for example_trigger_controller_dag to 2021-01-01 00:00:00+00:00, run_after=2021-01-01 00:00:00+00:00
[2024-05-03T18:24:21.199+0000] {processor.py:183} INFO - Processing /home/airflow/.local/lib/python3.11/site-packages/airflow/example_dags/example_trigger_controller_dag.py took 0.443 seconds
[2024-05-03T18:24:38.965+0000] {processor.py:161} INFO - Started process (PID=976) to work on /home/airflow/.local/lib/python3.11/site-packages/airflow/example_dags/example_trigger_controller_dag.py
[2024-05-03T18:24:38.968+0000] {processor.py:830} INFO - Processing file /home/airflow/.local/lib/python3.11/site-packages/airflow/example_dags/example_trigger_controller_dag.py for tasks to queue
[2024-05-03T18:24:38.974+0000] {logging_mixin.py:188} INFO - [2024-05-03T18:24:38.973+0000] {dagbag.py:540} INFO - Filling up the DagBag from /home/airflow/.local/lib/python3.11/site-packages/airflow/example_dags/example_trigger_controller_dag.py
[2024-05-03T18:24:38.990+0000] {processor.py:840} INFO - DAG(s) 'example_trigger_controller_dag' retrieved from /home/airflow/.local/lib/python3.11/site-packages/airflow/example_dags/example_trigger_controller_dag.py
[2024-05-03T18:24:39.053+0000] {logging_mixin.py:188} INFO - [2024-05-03T18:24:39.052+0000] {dag.py:3096} INFO - Sync 1 DAGs
[2024-05-03T18:24:39.131+0000] {logging_mixin.py:188} INFO - [2024-05-03T18:24:39.130+0000] {dag.py:3954} INFO - Setting next_dagrun for example_trigger_controller_dag to 2021-01-01 00:00:00+00:00, run_after=2021-01-01 00:00:00+00:00
[2024-05-03T18:24:39.225+0000] {processor.py:183} INFO - Processing /home/airflow/.local/lib/python3.11/site-packages/airflow/example_dags/example_trigger_controller_dag.py took 0.280 seconds
[2024-05-03T18:25:03.471+0000] {processor.py:161} INFO - Started process (PID=1034) to work on /home/airflow/.local/lib/python3.11/site-packages/airflow/example_dags/example_trigger_controller_dag.py
[2024-05-03T18:25:03.593+0000] {processor.py:830} INFO - Processing file /home/airflow/.local/lib/python3.11/site-packages/airflow/example_dags/example_trigger_controller_dag.py for tasks to queue
[2024-05-03T18:25:03.609+0000] {logging_mixin.py:188} INFO - [2024-05-03T18:25:03.608+0000] {dagbag.py:540} INFO - Filling up the DagBag from /home/airflow/.local/lib/python3.11/site-packages/airflow/example_dags/example_trigger_controller_dag.py
[2024-05-03T18:25:03.694+0000] {processor.py:840} INFO - DAG(s) 'example_trigger_controller_dag' retrieved from /home/airflow/.local/lib/python3.11/site-packages/airflow/example_dags/example_trigger_controller_dag.py
[2024-05-03T18:25:03.895+0000] {logging_mixin.py:188} INFO - [2024-05-03T18:25:03.895+0000] {dag.py:3096} INFO - Sync 1 DAGs
[2024-05-03T18:25:04.246+0000] {logging_mixin.py:188} INFO - [2024-05-03T18:25:04.245+0000] {dag.py:3954} INFO - Setting next_dagrun for example_trigger_controller_dag to 2021-01-01 00:00:00+00:00, run_after=2021-01-01 00:00:00+00:00
[2024-05-03T18:25:04.563+0000] {processor.py:183} INFO - Processing /home/airflow/.local/lib/python3.11/site-packages/airflow/example_dags/example_trigger_controller_dag.py took 1.176 seconds
[2024-05-03T18:25:49.279+0000] {processor.py:161} INFO - Started process (PID=1089) to work on /home/airflow/.local/lib/python3.11/site-packages/airflow/example_dags/example_trigger_controller_dag.py
[2024-05-03T18:25:49.308+0000] {processor.py:830} INFO - Processing file /home/airflow/.local/lib/python3.11/site-packages/airflow/example_dags/example_trigger_controller_dag.py for tasks to queue
[2024-05-03T18:25:49.321+0000] {logging_mixin.py:188} INFO - [2024-05-03T18:25:49.320+0000] {dagbag.py:540} INFO - Filling up the DagBag from /home/airflow/.local/lib/python3.11/site-packages/airflow/example_dags/example_trigger_controller_dag.py
[2024-05-03T18:25:49.364+0000] {processor.py:840} INFO - DAG(s) 'example_trigger_controller_dag' retrieved from /home/airflow/.local/lib/python3.11/site-packages/airflow/example_dags/example_trigger_controller_dag.py
[2024-05-03T18:25:49.477+0000] {logging_mixin.py:188} INFO - [2024-05-03T18:25:49.476+0000] {dag.py:3096} INFO - Sync 1 DAGs
[2024-05-03T18:25:49.556+0000] {logging_mixin.py:188} INFO - [2024-05-03T18:25:49.556+0000] {dag.py:3954} INFO - Setting next_dagrun for example_trigger_controller_dag to 2021-01-01 00:00:00+00:00, run_after=2021-01-01 00:00:00+00:00
[2024-05-03T18:25:51.426+0000] {processor.py:183} INFO - Processing /home/airflow/.local/lib/python3.11/site-packages/airflow/example_dags/example_trigger_controller_dag.py took 2.164 seconds
[2024-05-03T18:26:54.720+0000] {processor.py:161} INFO - Started process (PID=1158) to work on /home/airflow/.local/lib/python3.11/site-packages/airflow/example_dags/example_trigger_controller_dag.py
[2024-05-03T18:26:54.726+0000] {processor.py:830} INFO - Processing file /home/airflow/.local/lib/python3.11/site-packages/airflow/example_dags/example_trigger_controller_dag.py for tasks to queue
[2024-05-03T18:26:54.746+0000] {logging_mixin.py:188} INFO - [2024-05-03T18:26:54.745+0000] {dagbag.py:540} INFO - Filling up the DagBag from /home/airflow/.local/lib/python3.11/site-packages/airflow/example_dags/example_trigger_controller_dag.py
[2024-05-03T18:26:54.781+0000] {processor.py:840} INFO - DAG(s) 'example_trigger_controller_dag' retrieved from /home/airflow/.local/lib/python3.11/site-packages/airflow/example_dags/example_trigger_controller_dag.py
[2024-05-03T18:26:54.921+0000] {logging_mixin.py:188} INFO - [2024-05-03T18:26:54.920+0000] {dag.py:3096} INFO - Sync 1 DAGs
[2024-05-03T18:26:55.131+0000] {logging_mixin.py:188} INFO - [2024-05-03T18:26:55.130+0000] {dag.py:3954} INFO - Setting next_dagrun for example_trigger_controller_dag to 2021-01-01 00:00:00+00:00, run_after=2021-01-01 00:00:00+00:00
[2024-05-03T18:26:55.463+0000] {processor.py:183} INFO - Processing /home/airflow/.local/lib/python3.11/site-packages/airflow/example_dags/example_trigger_controller_dag.py took 0.791 seconds
[2024-05-03T18:27:58.931+0000] {processor.py:161} INFO - Started process (PID=1219) to work on /home/airflow/.local/lib/python3.11/site-packages/airflow/example_dags/example_trigger_controller_dag.py
[2024-05-03T18:27:58.941+0000] {processor.py:830} INFO - Processing file /home/airflow/.local/lib/python3.11/site-packages/airflow/example_dags/example_trigger_controller_dag.py for tasks to queue
[2024-05-03T18:27:58.962+0000] {logging_mixin.py:188} INFO - [2024-05-03T18:27:58.960+0000] {dagbag.py:540} INFO - Filling up the DagBag from /home/airflow/.local/lib/python3.11/site-packages/airflow/example_dags/example_trigger_controller_dag.py
[2024-05-03T18:27:59.006+0000] {processor.py:840} INFO - DAG(s) 'example_trigger_controller_dag' retrieved from /home/airflow/.local/lib/python3.11/site-packages/airflow/example_dags/example_trigger_controller_dag.py
[2024-05-03T18:27:59.182+0000] {logging_mixin.py:188} INFO - [2024-05-03T18:27:59.171+0000] {dag.py:3096} INFO - Sync 1 DAGs
[2024-05-03T18:27:59.567+0000] {logging_mixin.py:188} INFO - [2024-05-03T18:27:59.566+0000] {dag.py:3954} INFO - Setting next_dagrun for example_trigger_controller_dag to 2021-01-01 00:00:00+00:00, run_after=2021-01-01 00:00:00+00:00
[2024-05-03T18:27:59.993+0000] {processor.py:183} INFO - Processing /home/airflow/.local/lib/python3.11/site-packages/airflow/example_dags/example_trigger_controller_dag.py took 1.120 seconds
[2024-05-03T18:28:48.979+0000] {processor.py:161} INFO - Started process (PID=1275) to work on /home/airflow/.local/lib/python3.11/site-packages/airflow/example_dags/example_trigger_controller_dag.py
[2024-05-03T18:28:48.997+0000] {processor.py:830} INFO - Processing file /home/airflow/.local/lib/python3.11/site-packages/airflow/example_dags/example_trigger_controller_dag.py for tasks to queue
[2024-05-03T18:28:49.046+0000] {logging_mixin.py:188} INFO - [2024-05-03T18:28:49.044+0000] {dagbag.py:540} INFO - Filling up the DagBag from /home/airflow/.local/lib/python3.11/site-packages/airflow/example_dags/example_trigger_controller_dag.py
[2024-05-03T18:28:49.119+0000] {processor.py:840} INFO - DAG(s) 'example_trigger_controller_dag' retrieved from /home/airflow/.local/lib/python3.11/site-packages/airflow/example_dags/example_trigger_controller_dag.py
[2024-05-03T18:28:49.380+0000] {logging_mixin.py:188} INFO - [2024-05-03T18:28:49.368+0000] {dag.py:3096} INFO - Sync 1 DAGs
[2024-05-03T18:28:49.664+0000] {logging_mixin.py:188} INFO - [2024-05-03T18:28:49.663+0000] {dag.py:3954} INFO - Setting next_dagrun for example_trigger_controller_dag to 2021-01-01 00:00:00+00:00, run_after=2021-01-01 00:00:00+00:00
[2024-05-03T18:28:49.952+0000] {processor.py:183} INFO - Processing /home/airflow/.local/lib/python3.11/site-packages/airflow/example_dags/example_trigger_controller_dag.py took 1.057 seconds
