[2024-05-03T18:17:23.865+0000] {processor.py:161} INFO - Started process (PID=109) to work on /home/airflow/.local/lib/python3.11/site-packages/airflow/example_dags/example_task_group_decorator.py
[2024-05-03T18:17:23.879+0000] {processor.py:830} INFO - Processing file /home/airflow/.local/lib/python3.11/site-packages/airflow/example_dags/example_task_group_decorator.py for tasks to queue
[2024-05-03T18:17:23.887+0000] {logging_mixin.py:188} INFO - [2024-05-03T18:17:23.886+0000] {dagbag.py:540} INFO - Filling up the DagBag from /home/airflow/.local/lib/python3.11/site-packages/airflow/example_dags/example_task_group_decorator.py
[2024-05-03T18:17:24.041+0000] {processor.py:840} INFO - DAG(s) 'example_task_group_decorator' retrieved from /home/airflow/.local/lib/python3.11/site-packages/airflow/example_dags/example_task_group_decorator.py
[2024-05-03T18:17:25.740+0000] {logging_mixin.py:188} INFO - [2024-05-03T18:17:25.737+0000] {override.py:1829} INFO - Created Permission View: can edit on DAG:example_task_group_decorator
[2024-05-03T18:17:25.989+0000] {logging_mixin.py:188} INFO - [2024-05-03T18:17:25.988+0000] {override.py:1829} INFO - Created Permission View: can read on DAG:example_task_group_decorator
[2024-05-03T18:17:26.062+0000] {logging_mixin.py:188} INFO - [2024-05-03T18:17:26.060+0000] {override.py:1829} INFO - Created Permission View: can delete on DAG:example_task_group_decorator
[2024-05-03T18:17:26.064+0000] {logging_mixin.py:188} INFO - [2024-05-03T18:17:26.063+0000] {dag.py:3096} INFO - Sync 1 DAGs
[2024-05-03T18:17:26.180+0000] {logging_mixin.py:188} INFO - [2024-05-03T18:17:26.180+0000] {dag.py:3118} INFO - Creating ORM DAG for example_task_group_decorator
[2024-05-03T18:17:26.332+0000] {logging_mixin.py:188} INFO - [2024-05-03T18:17:26.321+0000] {dag.py:3954} INFO - Setting next_dagrun for example_task_group_decorator to 2024-05-02 00:00:00+00:00, run_after=2024-05-03 00:00:00+00:00
[2024-05-03T18:17:26.523+0000] {processor.py:183} INFO - Processing /home/airflow/.local/lib/python3.11/site-packages/airflow/example_dags/example_task_group_decorator.py took 2.723 seconds
[2024-05-03T18:18:04.111+0000] {processor.py:161} INFO - Started process (PID=168) to work on /home/airflow/.local/lib/python3.11/site-packages/airflow/example_dags/example_task_group_decorator.py
[2024-05-03T18:18:04.127+0000] {processor.py:830} INFO - Processing file /home/airflow/.local/lib/python3.11/site-packages/airflow/example_dags/example_task_group_decorator.py for tasks to queue
[2024-05-03T18:18:04.164+0000] {logging_mixin.py:188} INFO - [2024-05-03T18:18:04.163+0000] {dagbag.py:540} INFO - Filling up the DagBag from /home/airflow/.local/lib/python3.11/site-packages/airflow/example_dags/example_task_group_decorator.py
[2024-05-03T18:18:04.324+0000] {processor.py:840} INFO - DAG(s) 'example_task_group_decorator' retrieved from /home/airflow/.local/lib/python3.11/site-packages/airflow/example_dags/example_task_group_decorator.py
[2024-05-03T18:18:04.575+0000] {logging_mixin.py:188} INFO - [2024-05-03T18:18:04.574+0000] {dag.py:3096} INFO - Sync 1 DAGs
[2024-05-03T18:18:04.794+0000] {logging_mixin.py:188} INFO - [2024-05-03T18:18:04.794+0000] {dag.py:3954} INFO - Setting next_dagrun for example_task_group_decorator to 2024-05-02 00:00:00+00:00, run_after=2024-05-03 00:00:00+00:00
[2024-05-03T18:18:05.020+0000] {processor.py:183} INFO - Processing /home/airflow/.local/lib/python3.11/site-packages/airflow/example_dags/example_task_group_decorator.py took 0.931 seconds
[2024-05-03T18:18:44.231+0000] {processor.py:161} INFO - Started process (PID=230) to work on /home/airflow/.local/lib/python3.11/site-packages/airflow/example_dags/example_task_group_decorator.py
[2024-05-03T18:18:44.277+0000] {processor.py:830} INFO - Processing file /home/airflow/.local/lib/python3.11/site-packages/airflow/example_dags/example_task_group_decorator.py for tasks to queue
[2024-05-03T18:18:44.319+0000] {logging_mixin.py:188} INFO - [2024-05-03T18:18:44.306+0000] {dagbag.py:540} INFO - Filling up the DagBag from /home/airflow/.local/lib/python3.11/site-packages/airflow/example_dags/example_task_group_decorator.py
[2024-05-03T18:18:44.631+0000] {processor.py:840} INFO - DAG(s) 'example_task_group_decorator' retrieved from /home/airflow/.local/lib/python3.11/site-packages/airflow/example_dags/example_task_group_decorator.py
[2024-05-03T18:18:45.040+0000] {logging_mixin.py:188} INFO - [2024-05-03T18:18:45.027+0000] {dag.py:3096} INFO - Sync 1 DAGs
[2024-05-03T18:18:45.383+0000] {logging_mixin.py:188} INFO - [2024-05-03T18:18:45.382+0000] {dag.py:3954} INFO - Setting next_dagrun for example_task_group_decorator to 2024-05-02 00:00:00+00:00, run_after=2024-05-03 00:00:00+00:00
[2024-05-03T18:18:45.657+0000] {processor.py:183} INFO - Processing /home/airflow/.local/lib/python3.11/site-packages/airflow/example_dags/example_task_group_decorator.py took 1.500 seconds
[2024-05-03T18:19:32.640+0000] {processor.py:161} INFO - Started process (PID=287) to work on /home/airflow/.local/lib/python3.11/site-packages/airflow/example_dags/example_task_group_decorator.py
[2024-05-03T18:19:32.679+0000] {processor.py:830} INFO - Processing file /home/airflow/.local/lib/python3.11/site-packages/airflow/example_dags/example_task_group_decorator.py for tasks to queue
[2024-05-03T18:19:32.691+0000] {logging_mixin.py:188} INFO - [2024-05-03T18:19:32.689+0000] {dagbag.py:540} INFO - Filling up the DagBag from /home/airflow/.local/lib/python3.11/site-packages/airflow/example_dags/example_task_group_decorator.py
[2024-05-03T18:19:33.221+0000] {processor.py:840} INFO - DAG(s) 'example_task_group_decorator' retrieved from /home/airflow/.local/lib/python3.11/site-packages/airflow/example_dags/example_task_group_decorator.py
[2024-05-03T18:19:33.490+0000] {logging_mixin.py:188} INFO - [2024-05-03T18:19:33.489+0000] {dag.py:3096} INFO - Sync 1 DAGs
[2024-05-03T18:19:33.975+0000] {logging_mixin.py:188} INFO - [2024-05-03T18:19:33.974+0000] {dag.py:3954} INFO - Setting next_dagrun for example_task_group_decorator to 2024-05-02 00:00:00+00:00, run_after=2024-05-03 00:00:00+00:00
[2024-05-03T18:19:34.194+0000] {processor.py:183} INFO - Processing /home/airflow/.local/lib/python3.11/site-packages/airflow/example_dags/example_task_group_decorator.py took 1.599 seconds
[2024-05-03T18:20:08.798+0000] {processor.py:161} INFO - Started process (PID=342) to work on /home/airflow/.local/lib/python3.11/site-packages/airflow/example_dags/example_task_group_decorator.py
[2024-05-03T18:20:08.802+0000] {processor.py:830} INFO - Processing file /home/airflow/.local/lib/python3.11/site-packages/airflow/example_dags/example_task_group_decorator.py for tasks to queue
[2024-05-03T18:20:08.817+0000] {logging_mixin.py:188} INFO - [2024-05-03T18:20:08.810+0000] {dagbag.py:540} INFO - Filling up the DagBag from /home/airflow/.local/lib/python3.11/site-packages/airflow/example_dags/example_task_group_decorator.py
[2024-05-03T18:20:09.041+0000] {processor.py:840} INFO - DAG(s) 'example_task_group_decorator' retrieved from /home/airflow/.local/lib/python3.11/site-packages/airflow/example_dags/example_task_group_decorator.py
[2024-05-03T18:20:09.332+0000] {logging_mixin.py:188} INFO - [2024-05-03T18:20:09.331+0000] {dag.py:3096} INFO - Sync 1 DAGs
[2024-05-03T18:20:09.550+0000] {logging_mixin.py:188} INFO - [2024-05-03T18:20:09.549+0000] {dag.py:3954} INFO - Setting next_dagrun for example_task_group_decorator to 2024-05-02 00:00:00+00:00, run_after=2024-05-03 00:00:00+00:00
[2024-05-03T18:20:09.714+0000] {processor.py:183} INFO - Processing /home/airflow/.local/lib/python3.11/site-packages/airflow/example_dags/example_task_group_decorator.py took 0.950 seconds
[2024-05-03T18:20:41.465+0000] {processor.py:161} INFO - Started process (PID=400) to work on /home/airflow/.local/lib/python3.11/site-packages/airflow/example_dags/example_task_group_decorator.py
[2024-05-03T18:20:41.479+0000] {processor.py:830} INFO - Processing file /home/airflow/.local/lib/python3.11/site-packages/airflow/example_dags/example_task_group_decorator.py for tasks to queue
[2024-05-03T18:20:41.496+0000] {logging_mixin.py:188} INFO - [2024-05-03T18:20:41.494+0000] {dagbag.py:540} INFO - Filling up the DagBag from /home/airflow/.local/lib/python3.11/site-packages/airflow/example_dags/example_task_group_decorator.py
[2024-05-03T18:20:41.635+0000] {processor.py:840} INFO - DAG(s) 'example_task_group_decorator' retrieved from /home/airflow/.local/lib/python3.11/site-packages/airflow/example_dags/example_task_group_decorator.py
[2024-05-03T18:20:42.012+0000] {logging_mixin.py:188} INFO - [2024-05-03T18:20:42.012+0000] {dag.py:3096} INFO - Sync 1 DAGs
[2024-05-03T18:20:42.263+0000] {logging_mixin.py:188} INFO - [2024-05-03T18:20:42.261+0000] {dag.py:3954} INFO - Setting next_dagrun for example_task_group_decorator to 2024-05-02 00:00:00+00:00, run_after=2024-05-03 00:00:00+00:00
[2024-05-03T18:20:42.407+0000] {processor.py:183} INFO - Processing /home/airflow/.local/lib/python3.11/site-packages/airflow/example_dags/example_task_group_decorator.py took 1.005 seconds
[2024-05-03T18:21:10.942+0000] {processor.py:161} INFO - Started process (PID=455) to work on /home/airflow/.local/lib/python3.11/site-packages/airflow/example_dags/example_task_group_decorator.py
[2024-05-03T18:21:10.947+0000] {processor.py:830} INFO - Processing file /home/airflow/.local/lib/python3.11/site-packages/airflow/example_dags/example_task_group_decorator.py for tasks to queue
[2024-05-03T18:21:10.965+0000] {logging_mixin.py:188} INFO - [2024-05-03T18:21:10.963+0000] {dagbag.py:540} INFO - Filling up the DagBag from /home/airflow/.local/lib/python3.11/site-packages/airflow/example_dags/example_task_group_decorator.py
[2024-05-03T18:21:11.085+0000] {processor.py:840} INFO - DAG(s) 'example_task_group_decorator' retrieved from /home/airflow/.local/lib/python3.11/site-packages/airflow/example_dags/example_task_group_decorator.py
[2024-05-03T18:21:11.354+0000] {logging_mixin.py:188} INFO - [2024-05-03T18:21:11.353+0000] {dag.py:3096} INFO - Sync 1 DAGs
[2024-05-03T18:21:11.532+0000] {logging_mixin.py:188} INFO - [2024-05-03T18:21:11.531+0000] {dag.py:3954} INFO - Setting next_dagrun for example_task_group_decorator to 2024-05-02 00:00:00+00:00, run_after=2024-05-03 00:00:00+00:00
[2024-05-03T18:21:11.687+0000] {processor.py:183} INFO - Processing /home/airflow/.local/lib/python3.11/site-packages/airflow/example_dags/example_task_group_decorator.py took 0.785 seconds
[2024-05-03T18:21:43.210+0000] {processor.py:161} INFO - Started process (PID=512) to work on /home/airflow/.local/lib/python3.11/site-packages/airflow/example_dags/example_task_group_decorator.py
[2024-05-03T18:21:43.217+0000] {processor.py:830} INFO - Processing file /home/airflow/.local/lib/python3.11/site-packages/airflow/example_dags/example_task_group_decorator.py for tasks to queue
[2024-05-03T18:21:43.233+0000] {logging_mixin.py:188} INFO - [2024-05-03T18:21:43.231+0000] {dagbag.py:540} INFO - Filling up the DagBag from /home/airflow/.local/lib/python3.11/site-packages/airflow/example_dags/example_task_group_decorator.py
[2024-05-03T18:21:43.361+0000] {processor.py:840} INFO - DAG(s) 'example_task_group_decorator' retrieved from /home/airflow/.local/lib/python3.11/site-packages/airflow/example_dags/example_task_group_decorator.py
[2024-05-03T18:21:43.666+0000] {logging_mixin.py:188} INFO - [2024-05-03T18:21:43.665+0000] {dag.py:3096} INFO - Sync 1 DAGs
[2024-05-03T18:21:43.898+0000] {logging_mixin.py:188} INFO - [2024-05-03T18:21:43.896+0000] {dag.py:3954} INFO - Setting next_dagrun for example_task_group_decorator to 2024-05-02 00:00:00+00:00, run_after=2024-05-03 00:00:00+00:00
[2024-05-03T18:21:44.034+0000] {processor.py:183} INFO - Processing /home/airflow/.local/lib/python3.11/site-packages/airflow/example_dags/example_task_group_decorator.py took 0.881 seconds
[2024-05-03T18:22:13.297+0000] {processor.py:161} INFO - Started process (PID=568) to work on /home/airflow/.local/lib/python3.11/site-packages/airflow/example_dags/example_task_group_decorator.py
[2024-05-03T18:22:13.321+0000] {processor.py:830} INFO - Processing file /home/airflow/.local/lib/python3.11/site-packages/airflow/example_dags/example_task_group_decorator.py for tasks to queue
[2024-05-03T18:22:13.356+0000] {logging_mixin.py:188} INFO - [2024-05-03T18:22:13.354+0000] {dagbag.py:540} INFO - Filling up the DagBag from /home/airflow/.local/lib/python3.11/site-packages/airflow/example_dags/example_task_group_decorator.py
[2024-05-03T18:22:13.591+0000] {processor.py:840} INFO - DAG(s) 'example_task_group_decorator' retrieved from /home/airflow/.local/lib/python3.11/site-packages/airflow/example_dags/example_task_group_decorator.py
[2024-05-03T18:22:13.870+0000] {logging_mixin.py:188} INFO - [2024-05-03T18:22:13.869+0000] {dag.py:3096} INFO - Sync 1 DAGs
[2024-05-03T18:22:14.077+0000] {logging_mixin.py:188} INFO - [2024-05-03T18:22:14.076+0000] {dag.py:3954} INFO - Setting next_dagrun for example_task_group_decorator to 2024-05-02 00:00:00+00:00, run_after=2024-05-03 00:00:00+00:00
[2024-05-03T18:22:14.299+0000] {processor.py:183} INFO - Processing /home/airflow/.local/lib/python3.11/site-packages/airflow/example_dags/example_task_group_decorator.py took 1.086 seconds
[2024-05-03T18:22:43.221+0000] {processor.py:161} INFO - Started process (PID=625) to work on /home/airflow/.local/lib/python3.11/site-packages/airflow/example_dags/example_task_group_decorator.py
[2024-05-03T18:22:43.241+0000] {processor.py:830} INFO - Processing file /home/airflow/.local/lib/python3.11/site-packages/airflow/example_dags/example_task_group_decorator.py for tasks to queue
[2024-05-03T18:22:43.257+0000] {logging_mixin.py:188} INFO - [2024-05-03T18:22:43.255+0000] {dagbag.py:540} INFO - Filling up the DagBag from /home/airflow/.local/lib/python3.11/site-packages/airflow/example_dags/example_task_group_decorator.py
[2024-05-03T18:22:43.400+0000] {processor.py:840} INFO - DAG(s) 'example_task_group_decorator' retrieved from /home/airflow/.local/lib/python3.11/site-packages/airflow/example_dags/example_task_group_decorator.py
[2024-05-03T18:22:43.638+0000] {logging_mixin.py:188} INFO - [2024-05-03T18:22:43.638+0000] {dag.py:3096} INFO - Sync 1 DAGs
[2024-05-03T18:22:43.879+0000] {logging_mixin.py:188} INFO - [2024-05-03T18:22:43.878+0000] {dag.py:3954} INFO - Setting next_dagrun for example_task_group_decorator to 2024-05-02 00:00:00+00:00, run_after=2024-05-03 00:00:00+00:00
[2024-05-03T18:22:44.061+0000] {processor.py:183} INFO - Processing /home/airflow/.local/lib/python3.11/site-packages/airflow/example_dags/example_task_group_decorator.py took 0.912 seconds
[2024-05-03T18:23:06.923+0000] {processor.py:161} INFO - Started process (PID=680) to work on /home/airflow/.local/lib/python3.11/site-packages/airflow/example_dags/example_task_group_decorator.py
[2024-05-03T18:23:06.927+0000] {processor.py:830} INFO - Processing file /home/airflow/.local/lib/python3.11/site-packages/airflow/example_dags/example_task_group_decorator.py for tasks to queue
[2024-05-03T18:23:06.938+0000] {logging_mixin.py:188} INFO - [2024-05-03T18:23:06.937+0000] {dagbag.py:540} INFO - Filling up the DagBag from /home/airflow/.local/lib/python3.11/site-packages/airflow/example_dags/example_task_group_decorator.py
[2024-05-03T18:23:07.037+0000] {processor.py:840} INFO - DAG(s) 'example_task_group_decorator' retrieved from /home/airflow/.local/lib/python3.11/site-packages/airflow/example_dags/example_task_group_decorator.py
[2024-05-03T18:23:07.221+0000] {logging_mixin.py:188} INFO - [2024-05-03T18:23:07.220+0000] {dag.py:3096} INFO - Sync 1 DAGs
[2024-05-03T18:23:07.362+0000] {logging_mixin.py:188} INFO - [2024-05-03T18:23:07.362+0000] {dag.py:3954} INFO - Setting next_dagrun for example_task_group_decorator to 2024-05-02 00:00:00+00:00, run_after=2024-05-03 00:00:00+00:00
[2024-05-03T18:23:07.492+0000] {processor.py:183} INFO - Processing /home/airflow/.local/lib/python3.11/site-packages/airflow/example_dags/example_task_group_decorator.py took 0.602 seconds
[2024-05-03T18:23:25.343+0000] {processor.py:161} INFO - Started process (PID=737) to work on /home/airflow/.local/lib/python3.11/site-packages/airflow/example_dags/example_task_group_decorator.py
[2024-05-03T18:23:25.348+0000] {processor.py:830} INFO - Processing file /home/airflow/.local/lib/python3.11/site-packages/airflow/example_dags/example_task_group_decorator.py for tasks to queue
[2024-05-03T18:23:25.358+0000] {logging_mixin.py:188} INFO - [2024-05-03T18:23:25.356+0000] {dagbag.py:540} INFO - Filling up the DagBag from /home/airflow/.local/lib/python3.11/site-packages/airflow/example_dags/example_task_group_decorator.py
[2024-05-03T18:23:25.462+0000] {processor.py:840} INFO - DAG(s) 'example_task_group_decorator' retrieved from /home/airflow/.local/lib/python3.11/site-packages/airflow/example_dags/example_task_group_decorator.py
[2024-05-03T18:23:25.611+0000] {logging_mixin.py:188} INFO - [2024-05-03T18:23:25.611+0000] {dag.py:3096} INFO - Sync 1 DAGs
[2024-05-03T18:23:25.794+0000] {logging_mixin.py:188} INFO - [2024-05-03T18:23:25.793+0000] {dag.py:3954} INFO - Setting next_dagrun for example_task_group_decorator to 2024-05-02 00:00:00+00:00, run_after=2024-05-03 00:00:00+00:00
[2024-05-03T18:23:26.261+0000] {processor.py:183} INFO - Processing /home/airflow/.local/lib/python3.11/site-packages/airflow/example_dags/example_task_group_decorator.py took 0.946 seconds
[2024-05-03T18:23:37.912+0000] {processor.py:161} INFO - Started process (PID=787) to work on /home/airflow/.local/lib/python3.11/site-packages/airflow/example_dags/example_task_group_decorator.py
[2024-05-03T18:23:37.916+0000] {processor.py:830} INFO - Processing file /home/airflow/.local/lib/python3.11/site-packages/airflow/example_dags/example_task_group_decorator.py for tasks to queue
[2024-05-03T18:23:37.923+0000] {logging_mixin.py:188} INFO - [2024-05-03T18:23:37.922+0000] {dagbag.py:540} INFO - Filling up the DagBag from /home/airflow/.local/lib/python3.11/site-packages/airflow/example_dags/example_task_group_decorator.py
[2024-05-03T18:23:37.989+0000] {processor.py:840} INFO - DAG(s) 'example_task_group_decorator' retrieved from /home/airflow/.local/lib/python3.11/site-packages/airflow/example_dags/example_task_group_decorator.py
[2024-05-03T18:23:38.092+0000] {logging_mixin.py:188} INFO - [2024-05-03T18:23:38.091+0000] {dag.py:3096} INFO - Sync 1 DAGs
[2024-05-03T18:23:38.171+0000] {logging_mixin.py:188} INFO - [2024-05-03T18:23:38.171+0000] {dag.py:3954} INFO - Setting next_dagrun for example_task_group_decorator to 2024-05-02 00:00:00+00:00, run_after=2024-05-03 00:00:00+00:00
[2024-05-03T18:23:38.244+0000] {processor.py:183} INFO - Processing /home/airflow/.local/lib/python3.11/site-packages/airflow/example_dags/example_task_group_decorator.py took 0.366 seconds
[2024-05-03T18:23:51.587+0000] {processor.py:161} INFO - Started process (PID=845) to work on /home/airflow/.local/lib/python3.11/site-packages/airflow/example_dags/example_task_group_decorator.py
[2024-05-03T18:23:51.590+0000] {processor.py:830} INFO - Processing file /home/airflow/.local/lib/python3.11/site-packages/airflow/example_dags/example_task_group_decorator.py for tasks to queue
[2024-05-03T18:23:51.595+0000] {logging_mixin.py:188} INFO - [2024-05-03T18:23:51.594+0000] {dagbag.py:540} INFO - Filling up the DagBag from /home/airflow/.local/lib/python3.11/site-packages/airflow/example_dags/example_task_group_decorator.py
[2024-05-03T18:23:51.636+0000] {processor.py:840} INFO - DAG(s) 'example_task_group_decorator' retrieved from /home/airflow/.local/lib/python3.11/site-packages/airflow/example_dags/example_task_group_decorator.py
[2024-05-03T18:23:51.742+0000] {logging_mixin.py:188} INFO - [2024-05-03T18:23:51.741+0000] {dag.py:3096} INFO - Sync 1 DAGs
[2024-05-03T18:23:51.844+0000] {logging_mixin.py:188} INFO - [2024-05-03T18:23:51.843+0000] {dag.py:3954} INFO - Setting next_dagrun for example_task_group_decorator to 2024-05-02 00:00:00+00:00, run_after=2024-05-03 00:00:00+00:00
[2024-05-03T18:23:52.231+0000] {processor.py:183} INFO - Processing /home/airflow/.local/lib/python3.11/site-packages/airflow/example_dags/example_task_group_decorator.py took 0.658 seconds
[2024-05-03T18:24:09.316+0000] {processor.py:161} INFO - Started process (PID=895) to work on /home/airflow/.local/lib/python3.11/site-packages/airflow/example_dags/example_task_group_decorator.py
[2024-05-03T18:24:09.328+0000] {processor.py:830} INFO - Processing file /home/airflow/.local/lib/python3.11/site-packages/airflow/example_dags/example_task_group_decorator.py for tasks to queue
[2024-05-03T18:24:09.336+0000] {logging_mixin.py:188} INFO - [2024-05-03T18:24:09.334+0000] {dagbag.py:540} INFO - Filling up the DagBag from /home/airflow/.local/lib/python3.11/site-packages/airflow/example_dags/example_task_group_decorator.py
[2024-05-03T18:24:09.410+0000] {processor.py:840} INFO - DAG(s) 'example_task_group_decorator' retrieved from /home/airflow/.local/lib/python3.11/site-packages/airflow/example_dags/example_task_group_decorator.py
[2024-05-03T18:24:09.688+0000] {logging_mixin.py:188} INFO - [2024-05-03T18:24:09.687+0000] {dag.py:3096} INFO - Sync 1 DAGs
[2024-05-03T18:24:09.908+0000] {logging_mixin.py:188} INFO - [2024-05-03T18:24:09.906+0000] {dag.py:3954} INFO - Setting next_dagrun for example_task_group_decorator to 2024-05-02 00:00:00+00:00, run_after=2024-05-03 00:00:00+00:00
[2024-05-03T18:24:10.161+0000] {processor.py:183} INFO - Processing /home/airflow/.local/lib/python3.11/site-packages/airflow/example_dags/example_task_group_decorator.py took 0.875 seconds
[2024-05-03T18:24:30.706+0000] {processor.py:161} INFO - Started process (PID=953) to work on /home/airflow/.local/lib/python3.11/site-packages/airflow/example_dags/example_task_group_decorator.py
[2024-05-03T18:24:30.710+0000] {processor.py:830} INFO - Processing file /home/airflow/.local/lib/python3.11/site-packages/airflow/example_dags/example_task_group_decorator.py for tasks to queue
[2024-05-03T18:24:30.723+0000] {logging_mixin.py:188} INFO - [2024-05-03T18:24:30.721+0000] {dagbag.py:540} INFO - Filling up the DagBag from /home/airflow/.local/lib/python3.11/site-packages/airflow/example_dags/example_task_group_decorator.py
[2024-05-03T18:24:30.856+0000] {processor.py:840} INFO - DAG(s) 'example_task_group_decorator' retrieved from /home/airflow/.local/lib/python3.11/site-packages/airflow/example_dags/example_task_group_decorator.py
[2024-05-03T18:24:30.992+0000] {logging_mixin.py:188} INFO - [2024-05-03T18:24:30.991+0000] {dag.py:3096} INFO - Sync 1 DAGs
[2024-05-03T18:24:31.099+0000] {logging_mixin.py:188} INFO - [2024-05-03T18:24:31.098+0000] {dag.py:3954} INFO - Setting next_dagrun for example_task_group_decorator to 2024-05-02 00:00:00+00:00, run_after=2024-05-03 00:00:00+00:00
[2024-05-03T18:24:31.192+0000] {processor.py:183} INFO - Processing /home/airflow/.local/lib/python3.11/site-packages/airflow/example_dags/example_task_group_decorator.py took 0.515 seconds
[2024-05-03T18:24:48.464+0000] {processor.py:161} INFO - Started process (PID=1003) to work on /home/airflow/.local/lib/python3.11/site-packages/airflow/example_dags/example_task_group_decorator.py
[2024-05-03T18:24:48.476+0000] {processor.py:830} INFO - Processing file /home/airflow/.local/lib/python3.11/site-packages/airflow/example_dags/example_task_group_decorator.py for tasks to queue
[2024-05-03T18:24:48.501+0000] {logging_mixin.py:188} INFO - [2024-05-03T18:24:48.500+0000] {dagbag.py:540} INFO - Filling up the DagBag from /home/airflow/.local/lib/python3.11/site-packages/airflow/example_dags/example_task_group_decorator.py
[2024-05-03T18:24:48.780+0000] {processor.py:840} INFO - DAG(s) 'example_task_group_decorator' retrieved from /home/airflow/.local/lib/python3.11/site-packages/airflow/example_dags/example_task_group_decorator.py
[2024-05-03T18:24:49.021+0000] {logging_mixin.py:188} INFO - [2024-05-03T18:24:49.020+0000] {dag.py:3096} INFO - Sync 1 DAGs
[2024-05-03T18:24:49.118+0000] {logging_mixin.py:188} INFO - [2024-05-03T18:24:49.118+0000] {dag.py:3954} INFO - Setting next_dagrun for example_task_group_decorator to 2024-05-02 00:00:00+00:00, run_after=2024-05-03 00:00:00+00:00
[2024-05-03T18:24:49.294+0000] {processor.py:183} INFO - Processing /home/airflow/.local/lib/python3.11/site-packages/airflow/example_dags/example_task_group_decorator.py took 0.879 seconds
[2024-05-03T18:25:25.231+0000] {processor.py:161} INFO - Started process (PID=1066) to work on /home/airflow/.local/lib/python3.11/site-packages/airflow/example_dags/example_task_group_decorator.py
[2024-05-03T18:25:25.250+0000] {processor.py:830} INFO - Processing file /home/airflow/.local/lib/python3.11/site-packages/airflow/example_dags/example_task_group_decorator.py for tasks to queue
[2024-05-03T18:25:25.292+0000] {logging_mixin.py:188} INFO - [2024-05-03T18:25:25.282+0000] {dagbag.py:540} INFO - Filling up the DagBag from /home/airflow/.local/lib/python3.11/site-packages/airflow/example_dags/example_task_group_decorator.py
[2024-05-03T18:25:25.569+0000] {processor.py:840} INFO - DAG(s) 'example_task_group_decorator' retrieved from /home/airflow/.local/lib/python3.11/site-packages/airflow/example_dags/example_task_group_decorator.py
[2024-05-03T18:25:26.314+0000] {logging_mixin.py:188} INFO - [2024-05-03T18:25:26.313+0000] {dag.py:3096} INFO - Sync 1 DAGs
[2024-05-03T18:25:26.666+0000] {logging_mixin.py:188} INFO - [2024-05-03T18:25:26.660+0000] {dag.py:3954} INFO - Setting next_dagrun for example_task_group_decorator to 2024-05-02 00:00:00+00:00, run_after=2024-05-03 00:00:00+00:00
[2024-05-03T18:25:26.836+0000] {processor.py:183} INFO - Processing /home/airflow/.local/lib/python3.11/site-packages/airflow/example_dags/example_task_group_decorator.py took 1.709 seconds
[2024-05-03T18:26:21.984+0000] {processor.py:161} INFO - Started process (PID=1122) to work on /home/airflow/.local/lib/python3.11/site-packages/airflow/example_dags/example_task_group_decorator.py
[2024-05-03T18:26:22.032+0000] {processor.py:830} INFO - Processing file /home/airflow/.local/lib/python3.11/site-packages/airflow/example_dags/example_task_group_decorator.py for tasks to queue
[2024-05-03T18:26:22.050+0000] {logging_mixin.py:188} INFO - [2024-05-03T18:26:22.048+0000] {dagbag.py:540} INFO - Filling up the DagBag from /home/airflow/.local/lib/python3.11/site-packages/airflow/example_dags/example_task_group_decorator.py
[2024-05-03T18:26:22.229+0000] {processor.py:840} INFO - DAG(s) 'example_task_group_decorator' retrieved from /home/airflow/.local/lib/python3.11/site-packages/airflow/example_dags/example_task_group_decorator.py
[2024-05-03T18:26:22.479+0000] {logging_mixin.py:188} INFO - [2024-05-03T18:26:22.479+0000] {dag.py:3096} INFO - Sync 1 DAGs
[2024-05-03T18:26:22.658+0000] {logging_mixin.py:188} INFO - [2024-05-03T18:26:22.657+0000] {dag.py:3954} INFO - Setting next_dagrun for example_task_group_decorator to 2024-05-02 00:00:00+00:00, run_after=2024-05-03 00:00:00+00:00
[2024-05-03T18:26:22.948+0000] {processor.py:183} INFO - Processing /home/airflow/.local/lib/python3.11/site-packages/airflow/example_dags/example_task_group_decorator.py took 1.057 seconds
[2024-05-03T18:27:30.275+0000] {processor.py:161} INFO - Started process (PID=1191) to work on /home/airflow/.local/lib/python3.11/site-packages/airflow/example_dags/example_task_group_decorator.py
[2024-05-03T18:27:30.297+0000] {processor.py:830} INFO - Processing file /home/airflow/.local/lib/python3.11/site-packages/airflow/example_dags/example_task_group_decorator.py for tasks to queue
[2024-05-03T18:27:30.329+0000] {logging_mixin.py:188} INFO - [2024-05-03T18:27:30.328+0000] {dagbag.py:540} INFO - Filling up the DagBag from /home/airflow/.local/lib/python3.11/site-packages/airflow/example_dags/example_task_group_decorator.py
[2024-05-03T18:27:30.512+0000] {processor.py:840} INFO - DAG(s) 'example_task_group_decorator' retrieved from /home/airflow/.local/lib/python3.11/site-packages/airflow/example_dags/example_task_group_decorator.py
[2024-05-03T18:27:30.888+0000] {logging_mixin.py:188} INFO - [2024-05-03T18:27:30.887+0000] {dag.py:3096} INFO - Sync 1 DAGs
[2024-05-03T18:27:31.120+0000] {logging_mixin.py:188} INFO - [2024-05-03T18:27:31.119+0000] {dag.py:3954} INFO - Setting next_dagrun for example_task_group_decorator to 2024-05-02 00:00:00+00:00, run_after=2024-05-03 00:00:00+00:00
[2024-05-03T18:27:31.430+0000] {processor.py:183} INFO - Processing /home/airflow/.local/lib/python3.11/site-packages/airflow/example_dags/example_task_group_decorator.py took 1.239 seconds
[2024-05-03T18:28:23.209+0000] {processor.py:161} INFO - Started process (PID=1246) to work on /home/airflow/.local/lib/python3.11/site-packages/airflow/example_dags/example_task_group_decorator.py
[2024-05-03T18:28:23.216+0000] {processor.py:830} INFO - Processing file /home/airflow/.local/lib/python3.11/site-packages/airflow/example_dags/example_task_group_decorator.py for tasks to queue
[2024-05-03T18:28:23.227+0000] {logging_mixin.py:188} INFO - [2024-05-03T18:28:23.222+0000] {dagbag.py:540} INFO - Filling up the DagBag from /home/airflow/.local/lib/python3.11/site-packages/airflow/example_dags/example_task_group_decorator.py
[2024-05-03T18:28:23.279+0000] {processor.py:840} INFO - DAG(s) 'example_task_group_decorator' retrieved from /home/airflow/.local/lib/python3.11/site-packages/airflow/example_dags/example_task_group_decorator.py
[2024-05-03T18:28:23.736+0000] {logging_mixin.py:188} INFO - [2024-05-03T18:28:23.735+0000] {dag.py:3096} INFO - Sync 1 DAGs
[2024-05-03T18:28:24.109+0000] {logging_mixin.py:188} INFO - [2024-05-03T18:28:24.108+0000] {dag.py:3954} INFO - Setting next_dagrun for example_task_group_decorator to 2024-05-02 00:00:00+00:00, run_after=2024-05-03 00:00:00+00:00
[2024-05-03T18:28:24.320+0000] {processor.py:183} INFO - Processing /home/airflow/.local/lib/python3.11/site-packages/airflow/example_dags/example_task_group_decorator.py took 1.132 seconds
[2024-05-03T18:29:16.021+0000] {processor.py:161} INFO - Started process (PID=1307) to work on /home/airflow/.local/lib/python3.11/site-packages/airflow/example_dags/example_task_group_decorator.py
[2024-05-03T18:29:16.155+0000] {processor.py:830} INFO - Processing file /home/airflow/.local/lib/python3.11/site-packages/airflow/example_dags/example_task_group_decorator.py for tasks to queue
[2024-05-03T18:29:16.184+0000] {logging_mixin.py:188} INFO - [2024-05-03T18:29:16.174+0000] {dagbag.py:540} INFO - Filling up the DagBag from /home/airflow/.local/lib/python3.11/site-packages/airflow/example_dags/example_task_group_decorator.py
[2024-05-03T18:29:16.523+0000] {processor.py:840} INFO - DAG(s) 'example_task_group_decorator' retrieved from /home/airflow/.local/lib/python3.11/site-packages/airflow/example_dags/example_task_group_decorator.py
[2024-05-03T18:29:17.146+0000] {logging_mixin.py:188} INFO - [2024-05-03T18:29:17.145+0000] {dag.py:3096} INFO - Sync 1 DAGs
[2024-05-03T18:29:17.676+0000] {logging_mixin.py:188} INFO - [2024-05-03T18:29:17.675+0000] {dag.py:3954} INFO - Setting next_dagrun for example_task_group_decorator to 2024-05-02 00:00:00+00:00, run_after=2024-05-03 00:00:00+00:00
[2024-05-03T18:29:18.695+0000] {processor.py:183} INFO - Processing /home/airflow/.local/lib/python3.11/site-packages/airflow/example_dags/example_task_group_decorator.py took 5.024 seconds
