[2024-05-03T18:17:06.037+0000] {processor.py:161} INFO - Started process (PID=89) to work on /home/airflow/.local/lib/python3.11/site-packages/airflow/example_dags/example_branch_datetime_operator.py
[2024-05-03T18:17:06.051+0000] {processor.py:830} INFO - Processing file /home/airflow/.local/lib/python3.11/site-packages/airflow/example_dags/example_branch_datetime_operator.py for tasks to queue
[2024-05-03T18:17:06.071+0000] {logging_mixin.py:188} INFO - [2024-05-03T18:17:06.069+0000] {dagbag.py:540} INFO - Filling up the DagBag from /home/airflow/.local/lib/python3.11/site-packages/airflow/example_dags/example_branch_datetime_operator.py
[2024-05-03T18:17:06.316+0000] {processor.py:840} INFO - DAG(s) 'example_branch_datetime_operator', 'example_branch_datetime_operator_2', 'example_branch_datetime_operator_3' retrieved from /home/airflow/.local/lib/python3.11/site-packages/airflow/example_dags/example_branch_datetime_operator.py
[2024-05-03T18:17:07.750+0000] {logging_mixin.py:188} INFO - [2024-05-03T18:17:07.746+0000] {override.py:1829} INFO - Created Permission View: can edit on DAG:example_branch_datetime_operator
[2024-05-03T18:17:07.869+0000] {logging_mixin.py:188} INFO - [2024-05-03T18:17:07.868+0000] {override.py:1829} INFO - Created Permission View: can read on DAG:example_branch_datetime_operator
[2024-05-03T18:17:07.985+0000] {logging_mixin.py:188} INFO - [2024-05-03T18:17:07.984+0000] {override.py:1829} INFO - Created Permission View: can delete on DAG:example_branch_datetime_operator
[2024-05-03T18:17:08.154+0000] {logging_mixin.py:188} INFO - [2024-05-03T18:17:08.153+0000] {override.py:1829} INFO - Created Permission View: can edit on DAG:example_branch_datetime_operator_2
[2024-05-03T18:17:08.275+0000] {logging_mixin.py:188} INFO - [2024-05-03T18:17:08.274+0000] {override.py:1829} INFO - Created Permission View: can read on DAG:example_branch_datetime_operator_2
[2024-05-03T18:17:08.356+0000] {logging_mixin.py:188} INFO - [2024-05-03T18:17:08.355+0000] {override.py:1829} INFO - Created Permission View: can delete on DAG:example_branch_datetime_operator_2
[2024-05-03T18:17:08.476+0000] {logging_mixin.py:188} INFO - [2024-05-03T18:17:08.475+0000] {override.py:1829} INFO - Created Permission View: can edit on DAG:example_branch_datetime_operator_3
[2024-05-03T18:17:08.577+0000] {logging_mixin.py:188} INFO - [2024-05-03T18:17:08.576+0000] {override.py:1829} INFO - Created Permission View: can read on DAG:example_branch_datetime_operator_3
[2024-05-03T18:17:08.631+0000] {logging_mixin.py:188} INFO - [2024-05-03T18:17:08.630+0000] {override.py:1829} INFO - Created Permission View: can delete on DAG:example_branch_datetime_operator_3
[2024-05-03T18:17:08.634+0000] {logging_mixin.py:188} INFO - [2024-05-03T18:17:08.633+0000] {dag.py:3096} INFO - Sync 3 DAGs
[2024-05-03T18:17:08.786+0000] {logging_mixin.py:188} INFO - [2024-05-03T18:17:08.785+0000] {dag.py:3118} INFO - Creating ORM DAG for example_branch_datetime_operator
[2024-05-03T18:17:08.801+0000] {logging_mixin.py:188} INFO - [2024-05-03T18:17:08.801+0000] {dag.py:3118} INFO - Creating ORM DAG for example_branch_datetime_operator_2
[2024-05-03T18:17:08.807+0000] {logging_mixin.py:188} INFO - [2024-05-03T18:17:08.806+0000] {dag.py:3118} INFO - Creating ORM DAG for example_branch_datetime_operator_3
[2024-05-03T18:17:08.967+0000] {logging_mixin.py:188} INFO - [2024-05-03T18:17:08.966+0000] {dag.py:3954} INFO - Setting next_dagrun for example_branch_datetime_operator to 2024-05-02 00:00:00+00:00, run_after=2024-05-03 00:00:00+00:00
[2024-05-03T18:17:09.011+0000] {logging_mixin.py:188} INFO - [2024-05-03T18:17:08.999+0000] {dag.py:3954} INFO - Setting next_dagrun for example_branch_datetime_operator_2 to 2024-05-02 00:00:00+00:00, run_after=2024-05-03 00:00:00+00:00
[2024-05-03T18:17:09.043+0000] {logging_mixin.py:188} INFO - [2024-05-03T18:17:09.043+0000] {dag.py:3954} INFO - Setting next_dagrun for example_branch_datetime_operator_3 to 2024-05-02 00:00:00+00:00, run_after=2024-05-03 00:00:00+00:00
[2024-05-03T18:17:09.280+0000] {processor.py:183} INFO - Processing /home/airflow/.local/lib/python3.11/site-packages/airflow/example_dags/example_branch_datetime_operator.py took 3.338 seconds
[2024-05-03T18:17:54.757+0000] {processor.py:161} INFO - Started process (PID=155) to work on /home/airflow/.local/lib/python3.11/site-packages/airflow/example_dags/example_branch_datetime_operator.py
[2024-05-03T18:17:54.778+0000] {processor.py:830} INFO - Processing file /home/airflow/.local/lib/python3.11/site-packages/airflow/example_dags/example_branch_datetime_operator.py for tasks to queue
[2024-05-03T18:17:54.802+0000] {logging_mixin.py:188} INFO - [2024-05-03T18:17:54.791+0000] {dagbag.py:540} INFO - Filling up the DagBag from /home/airflow/.local/lib/python3.11/site-packages/airflow/example_dags/example_branch_datetime_operator.py
[2024-05-03T18:17:54.929+0000] {processor.py:840} INFO - DAG(s) 'example_branch_datetime_operator_3', 'example_branch_datetime_operator', 'example_branch_datetime_operator_2' retrieved from /home/airflow/.local/lib/python3.11/site-packages/airflow/example_dags/example_branch_datetime_operator.py
[2024-05-03T18:17:55.183+0000] {logging_mixin.py:188} INFO - [2024-05-03T18:17:55.182+0000] {dag.py:3096} INFO - Sync 3 DAGs
[2024-05-03T18:17:55.424+0000] {logging_mixin.py:188} INFO - [2024-05-03T18:17:55.424+0000] {dag.py:3954} INFO - Setting next_dagrun for example_branch_datetime_operator to 2024-05-02 00:00:00+00:00, run_after=2024-05-03 00:00:00+00:00
[2024-05-03T18:17:55.473+0000] {logging_mixin.py:188} INFO - [2024-05-03T18:17:55.472+0000] {dag.py:3954} INFO - Setting next_dagrun for example_branch_datetime_operator_2 to 2024-05-02 00:00:00+00:00, run_after=2024-05-03 00:00:00+00:00
[2024-05-03T18:17:55.498+0000] {logging_mixin.py:188} INFO - [2024-05-03T18:17:55.498+0000] {dag.py:3954} INFO - Setting next_dagrun for example_branch_datetime_operator_3 to 2024-05-02 00:00:00+00:00, run_after=2024-05-03 00:00:00+00:00
[2024-05-03T18:17:55.660+0000] {processor.py:183} INFO - Processing /home/airflow/.local/lib/python3.11/site-packages/airflow/example_dags/example_branch_datetime_operator.py took 0.976 seconds
[2024-05-03T18:18:34.258+0000] {processor.py:161} INFO - Started process (PID=211) to work on /home/airflow/.local/lib/python3.11/site-packages/airflow/example_dags/example_branch_datetime_operator.py
[2024-05-03T18:18:34.289+0000] {processor.py:830} INFO - Processing file /home/airflow/.local/lib/python3.11/site-packages/airflow/example_dags/example_branch_datetime_operator.py for tasks to queue
[2024-05-03T18:18:34.357+0000] {logging_mixin.py:188} INFO - [2024-05-03T18:18:34.340+0000] {dagbag.py:540} INFO - Filling up the DagBag from /home/airflow/.local/lib/python3.11/site-packages/airflow/example_dags/example_branch_datetime_operator.py
[2024-05-03T18:18:34.473+0000] {processor.py:840} INFO - DAG(s) 'example_branch_datetime_operator_3', 'example_branch_datetime_operator_2', 'example_branch_datetime_operator' retrieved from /home/airflow/.local/lib/python3.11/site-packages/airflow/example_dags/example_branch_datetime_operator.py
[2024-05-03T18:18:34.752+0000] {logging_mixin.py:188} INFO - [2024-05-03T18:18:34.751+0000] {dag.py:3096} INFO - Sync 3 DAGs
[2024-05-03T18:18:35.055+0000] {logging_mixin.py:188} INFO - [2024-05-03T18:18:35.054+0000] {dag.py:3954} INFO - Setting next_dagrun for example_branch_datetime_operator to 2024-05-02 00:00:00+00:00, run_after=2024-05-03 00:00:00+00:00
[2024-05-03T18:18:35.097+0000] {logging_mixin.py:188} INFO - [2024-05-03T18:18:35.096+0000] {dag.py:3954} INFO - Setting next_dagrun for example_branch_datetime_operator_2 to 2024-05-02 00:00:00+00:00, run_after=2024-05-03 00:00:00+00:00
[2024-05-03T18:18:35.117+0000] {logging_mixin.py:188} INFO - [2024-05-03T18:18:35.116+0000] {dag.py:3954} INFO - Setting next_dagrun for example_branch_datetime_operator_3 to 2024-05-02 00:00:00+00:00, run_after=2024-05-03 00:00:00+00:00
[2024-05-03T18:18:35.278+0000] {processor.py:183} INFO - Processing /home/airflow/.local/lib/python3.11/site-packages/airflow/example_dags/example_branch_datetime_operator.py took 1.085 seconds
[2024-05-03T18:19:20.381+0000] {processor.py:161} INFO - Started process (PID=274) to work on /home/airflow/.local/lib/python3.11/site-packages/airflow/example_dags/example_branch_datetime_operator.py
[2024-05-03T18:19:20.400+0000] {processor.py:830} INFO - Processing file /home/airflow/.local/lib/python3.11/site-packages/airflow/example_dags/example_branch_datetime_operator.py for tasks to queue
[2024-05-03T18:19:20.410+0000] {logging_mixin.py:188} INFO - [2024-05-03T18:19:20.409+0000] {dagbag.py:540} INFO - Filling up the DagBag from /home/airflow/.local/lib/python3.11/site-packages/airflow/example_dags/example_branch_datetime_operator.py
[2024-05-03T18:19:20.512+0000] {processor.py:840} INFO - DAG(s) 'example_branch_datetime_operator_3', 'example_branch_datetime_operator', 'example_branch_datetime_operator_2' retrieved from /home/airflow/.local/lib/python3.11/site-packages/airflow/example_dags/example_branch_datetime_operator.py
[2024-05-03T18:19:20.707+0000] {logging_mixin.py:188} INFO - [2024-05-03T18:19:20.699+0000] {dag.py:3096} INFO - Sync 3 DAGs
[2024-05-03T18:19:20.960+0000] {logging_mixin.py:188} INFO - [2024-05-03T18:19:20.959+0000] {dag.py:3954} INFO - Setting next_dagrun for example_branch_datetime_operator to 2024-05-02 00:00:00+00:00, run_after=2024-05-03 00:00:00+00:00
[2024-05-03T18:19:21.018+0000] {logging_mixin.py:188} INFO - [2024-05-03T18:19:21.017+0000] {dag.py:3954} INFO - Setting next_dagrun for example_branch_datetime_operator_2 to 2024-05-02 00:00:00+00:00, run_after=2024-05-03 00:00:00+00:00
[2024-05-03T18:19:21.050+0000] {logging_mixin.py:188} INFO - [2024-05-03T18:19:21.049+0000] {dag.py:3954} INFO - Setting next_dagrun for example_branch_datetime_operator_3 to 2024-05-02 00:00:00+00:00, run_after=2024-05-03 00:00:00+00:00
[2024-05-03T18:19:21.228+0000] {processor.py:183} INFO - Processing /home/airflow/.local/lib/python3.11/site-packages/airflow/example_dags/example_branch_datetime_operator.py took 0.896 seconds
[2024-05-03T18:19:58.673+0000] {processor.py:161} INFO - Started process (PID=329) to work on /home/airflow/.local/lib/python3.11/site-packages/airflow/example_dags/example_branch_datetime_operator.py
[2024-05-03T18:19:58.682+0000] {processor.py:830} INFO - Processing file /home/airflow/.local/lib/python3.11/site-packages/airflow/example_dags/example_branch_datetime_operator.py for tasks to queue
[2024-05-03T18:19:58.708+0000] {logging_mixin.py:188} INFO - [2024-05-03T18:19:58.707+0000] {dagbag.py:540} INFO - Filling up the DagBag from /home/airflow/.local/lib/python3.11/site-packages/airflow/example_dags/example_branch_datetime_operator.py
[2024-05-03T18:19:58.842+0000] {processor.py:840} INFO - DAG(s) 'example_branch_datetime_operator', 'example_branch_datetime_operator_3', 'example_branch_datetime_operator_2' retrieved from /home/airflow/.local/lib/python3.11/site-packages/airflow/example_dags/example_branch_datetime_operator.py
[2024-05-03T18:19:59.104+0000] {logging_mixin.py:188} INFO - [2024-05-03T18:19:59.103+0000] {dag.py:3096} INFO - Sync 3 DAGs
[2024-05-03T18:19:59.309+0000] {logging_mixin.py:188} INFO - [2024-05-03T18:19:59.308+0000] {dag.py:3954} INFO - Setting next_dagrun for example_branch_datetime_operator to 2024-05-02 00:00:00+00:00, run_after=2024-05-03 00:00:00+00:00
[2024-05-03T18:19:59.364+0000] {logging_mixin.py:188} INFO - [2024-05-03T18:19:59.363+0000] {dag.py:3954} INFO - Setting next_dagrun for example_branch_datetime_operator_2 to 2024-05-02 00:00:00+00:00, run_after=2024-05-03 00:00:00+00:00
[2024-05-03T18:19:59.396+0000] {logging_mixin.py:188} INFO - [2024-05-03T18:19:59.393+0000] {dag.py:3954} INFO - Setting next_dagrun for example_branch_datetime_operator_3 to 2024-05-02 00:00:00+00:00, run_after=2024-05-03 00:00:00+00:00
[2024-05-03T18:19:59.554+0000] {processor.py:183} INFO - Processing /home/airflow/.local/lib/python3.11/site-packages/airflow/example_dags/example_branch_datetime_operator.py took 0.950 seconds
[2024-05-03T18:20:34.032+0000] {processor.py:161} INFO - Started process (PID=387) to work on /home/airflow/.local/lib/python3.11/site-packages/airflow/example_dags/example_branch_datetime_operator.py
[2024-05-03T18:20:34.052+0000] {processor.py:830} INFO - Processing file /home/airflow/.local/lib/python3.11/site-packages/airflow/example_dags/example_branch_datetime_operator.py for tasks to queue
[2024-05-03T18:20:34.076+0000] {logging_mixin.py:188} INFO - [2024-05-03T18:20:34.073+0000] {dagbag.py:540} INFO - Filling up the DagBag from /home/airflow/.local/lib/python3.11/site-packages/airflow/example_dags/example_branch_datetime_operator.py
[2024-05-03T18:20:34.183+0000] {processor.py:840} INFO - DAG(s) 'example_branch_datetime_operator', 'example_branch_datetime_operator_3', 'example_branch_datetime_operator_2' retrieved from /home/airflow/.local/lib/python3.11/site-packages/airflow/example_dags/example_branch_datetime_operator.py
[2024-05-03T18:20:34.544+0000] {logging_mixin.py:188} INFO - [2024-05-03T18:20:34.544+0000] {dag.py:3096} INFO - Sync 3 DAGs
[2024-05-03T18:20:34.741+0000] {logging_mixin.py:188} INFO - [2024-05-03T18:20:34.740+0000] {dag.py:3954} INFO - Setting next_dagrun for example_branch_datetime_operator to 2024-05-02 00:00:00+00:00, run_after=2024-05-03 00:00:00+00:00
[2024-05-03T18:20:34.782+0000] {logging_mixin.py:188} INFO - [2024-05-03T18:20:34.781+0000] {dag.py:3954} INFO - Setting next_dagrun for example_branch_datetime_operator_2 to 2024-05-02 00:00:00+00:00, run_after=2024-05-03 00:00:00+00:00
[2024-05-03T18:20:34.817+0000] {logging_mixin.py:188} INFO - [2024-05-03T18:20:34.816+0000] {dag.py:3954} INFO - Setting next_dagrun for example_branch_datetime_operator_3 to 2024-05-02 00:00:00+00:00, run_after=2024-05-03 00:00:00+00:00
[2024-05-03T18:20:34.969+0000] {processor.py:183} INFO - Processing /home/airflow/.local/lib/python3.11/site-packages/airflow/example_dags/example_branch_datetime_operator.py took 1.024 seconds
[2024-05-03T18:21:02.554+0000] {processor.py:161} INFO - Started process (PID=442) to work on /home/airflow/.local/lib/python3.11/site-packages/airflow/example_dags/example_branch_datetime_operator.py
[2024-05-03T18:21:02.558+0000] {processor.py:830} INFO - Processing file /home/airflow/.local/lib/python3.11/site-packages/airflow/example_dags/example_branch_datetime_operator.py for tasks to queue
[2024-05-03T18:21:02.579+0000] {logging_mixin.py:188} INFO - [2024-05-03T18:21:02.577+0000] {dagbag.py:540} INFO - Filling up the DagBag from /home/airflow/.local/lib/python3.11/site-packages/airflow/example_dags/example_branch_datetime_operator.py
[2024-05-03T18:21:02.758+0000] {processor.py:840} INFO - DAG(s) 'example_branch_datetime_operator_3', 'example_branch_datetime_operator_2', 'example_branch_datetime_operator' retrieved from /home/airflow/.local/lib/python3.11/site-packages/airflow/example_dags/example_branch_datetime_operator.py
[2024-05-03T18:21:03.206+0000] {logging_mixin.py:188} INFO - [2024-05-03T18:21:03.205+0000] {dag.py:3096} INFO - Sync 3 DAGs
[2024-05-03T18:21:03.448+0000] {logging_mixin.py:188} INFO - [2024-05-03T18:21:03.447+0000] {dag.py:3954} INFO - Setting next_dagrun for example_branch_datetime_operator to 2024-05-02 00:00:00+00:00, run_after=2024-05-03 00:00:00+00:00
[2024-05-03T18:21:03.505+0000] {logging_mixin.py:188} INFO - [2024-05-03T18:21:03.504+0000] {dag.py:3954} INFO - Setting next_dagrun for example_branch_datetime_operator_2 to 2024-05-02 00:00:00+00:00, run_after=2024-05-03 00:00:00+00:00
[2024-05-03T18:21:03.530+0000] {logging_mixin.py:188} INFO - [2024-05-03T18:21:03.527+0000] {dag.py:3954} INFO - Setting next_dagrun for example_branch_datetime_operator_3 to 2024-05-02 00:00:00+00:00, run_after=2024-05-03 00:00:00+00:00
[2024-05-03T18:21:03.714+0000] {processor.py:183} INFO - Processing /home/airflow/.local/lib/python3.11/site-packages/airflow/example_dags/example_branch_datetime_operator.py took 1.198 seconds
[2024-05-03T18:21:34.770+0000] {processor.py:161} INFO - Started process (PID=499) to work on /home/airflow/.local/lib/python3.11/site-packages/airflow/example_dags/example_branch_datetime_operator.py
[2024-05-03T18:21:34.772+0000] {processor.py:830} INFO - Processing file /home/airflow/.local/lib/python3.11/site-packages/airflow/example_dags/example_branch_datetime_operator.py for tasks to queue
[2024-05-03T18:21:34.776+0000] {logging_mixin.py:188} INFO - [2024-05-03T18:21:34.775+0000] {dagbag.py:540} INFO - Filling up the DagBag from /home/airflow/.local/lib/python3.11/site-packages/airflow/example_dags/example_branch_datetime_operator.py
[2024-05-03T18:21:34.797+0000] {processor.py:840} INFO - DAG(s) 'example_branch_datetime_operator_3', 'example_branch_datetime_operator_2', 'example_branch_datetime_operator' retrieved from /home/airflow/.local/lib/python3.11/site-packages/airflow/example_dags/example_branch_datetime_operator.py
[2024-05-03T18:21:34.872+0000] {logging_mixin.py:188} INFO - [2024-05-03T18:21:34.872+0000] {dag.py:3096} INFO - Sync 3 DAGs
[2024-05-03T18:21:34.955+0000] {logging_mixin.py:188} INFO - [2024-05-03T18:21:34.955+0000] {dag.py:3954} INFO - Setting next_dagrun for example_branch_datetime_operator to 2024-05-02 00:00:00+00:00, run_after=2024-05-03 00:00:00+00:00
[2024-05-03T18:21:34.965+0000] {logging_mixin.py:188} INFO - [2024-05-03T18:21:34.964+0000] {dag.py:3954} INFO - Setting next_dagrun for example_branch_datetime_operator_2 to 2024-05-02 00:00:00+00:00, run_after=2024-05-03 00:00:00+00:00
[2024-05-03T18:21:34.970+0000] {logging_mixin.py:188} INFO - [2024-05-03T18:21:34.970+0000] {dag.py:3954} INFO - Setting next_dagrun for example_branch_datetime_operator_3 to 2024-05-02 00:00:00+00:00, run_after=2024-05-03 00:00:00+00:00
[2024-05-03T18:21:35.290+0000] {processor.py:183} INFO - Processing /home/airflow/.local/lib/python3.11/site-packages/airflow/example_dags/example_branch_datetime_operator.py took 0.520 seconds
[2024-05-03T18:22:04.715+0000] {processor.py:161} INFO - Started process (PID=555) to work on /home/airflow/.local/lib/python3.11/site-packages/airflow/example_dags/example_branch_datetime_operator.py
[2024-05-03T18:22:04.719+0000] {processor.py:830} INFO - Processing file /home/airflow/.local/lib/python3.11/site-packages/airflow/example_dags/example_branch_datetime_operator.py for tasks to queue
[2024-05-03T18:22:04.733+0000] {logging_mixin.py:188} INFO - [2024-05-03T18:22:04.731+0000] {dagbag.py:540} INFO - Filling up the DagBag from /home/airflow/.local/lib/python3.11/site-packages/airflow/example_dags/example_branch_datetime_operator.py
[2024-05-03T18:22:04.874+0000] {processor.py:840} INFO - DAG(s) 'example_branch_datetime_operator', 'example_branch_datetime_operator_3', 'example_branch_datetime_operator_2' retrieved from /home/airflow/.local/lib/python3.11/site-packages/airflow/example_dags/example_branch_datetime_operator.py
[2024-05-03T18:22:05.135+0000] {logging_mixin.py:188} INFO - [2024-05-03T18:22:05.134+0000] {dag.py:3096} INFO - Sync 3 DAGs
[2024-05-03T18:22:05.304+0000] {logging_mixin.py:188} INFO - [2024-05-03T18:22:05.302+0000] {dag.py:3954} INFO - Setting next_dagrun for example_branch_datetime_operator to 2024-05-02 00:00:00+00:00, run_after=2024-05-03 00:00:00+00:00
[2024-05-03T18:22:05.350+0000] {logging_mixin.py:188} INFO - [2024-05-03T18:22:05.350+0000] {dag.py:3954} INFO - Setting next_dagrun for example_branch_datetime_operator_2 to 2024-05-02 00:00:00+00:00, run_after=2024-05-03 00:00:00+00:00
[2024-05-03T18:22:05.377+0000] {logging_mixin.py:188} INFO - [2024-05-03T18:22:05.374+0000] {dag.py:3954} INFO - Setting next_dagrun for example_branch_datetime_operator_3 to 2024-05-02 00:00:00+00:00, run_after=2024-05-03 00:00:00+00:00
[2024-05-03T18:22:05.555+0000] {processor.py:183} INFO - Processing /home/airflow/.local/lib/python3.11/site-packages/airflow/example_dags/example_branch_datetime_operator.py took 0.884 seconds
[2024-05-03T18:22:36.028+0000] {processor.py:161} INFO - Started process (PID=612) to work on /home/airflow/.local/lib/python3.11/site-packages/airflow/example_dags/example_branch_datetime_operator.py
[2024-05-03T18:22:36.039+0000] {processor.py:830} INFO - Processing file /home/airflow/.local/lib/python3.11/site-packages/airflow/example_dags/example_branch_datetime_operator.py for tasks to queue
[2024-05-03T18:22:36.061+0000] {logging_mixin.py:188} INFO - [2024-05-03T18:22:36.059+0000] {dagbag.py:540} INFO - Filling up the DagBag from /home/airflow/.local/lib/python3.11/site-packages/airflow/example_dags/example_branch_datetime_operator.py
[2024-05-03T18:22:36.185+0000] {processor.py:840} INFO - DAG(s) 'example_branch_datetime_operator_3', 'example_branch_datetime_operator', 'example_branch_datetime_operator_2' retrieved from /home/airflow/.local/lib/python3.11/site-packages/airflow/example_dags/example_branch_datetime_operator.py
[2024-05-03T18:22:36.511+0000] {logging_mixin.py:188} INFO - [2024-05-03T18:22:36.511+0000] {dag.py:3096} INFO - Sync 3 DAGs
[2024-05-03T18:22:36.791+0000] {logging_mixin.py:188} INFO - [2024-05-03T18:22:36.789+0000] {dag.py:3954} INFO - Setting next_dagrun for example_branch_datetime_operator to 2024-05-02 00:00:00+00:00, run_after=2024-05-03 00:00:00+00:00
[2024-05-03T18:22:36.829+0000] {logging_mixin.py:188} INFO - [2024-05-03T18:22:36.827+0000] {dag.py:3954} INFO - Setting next_dagrun for example_branch_datetime_operator_2 to 2024-05-02 00:00:00+00:00, run_after=2024-05-03 00:00:00+00:00
[2024-05-03T18:22:36.850+0000] {logging_mixin.py:188} INFO - [2024-05-03T18:22:36.849+0000] {dag.py:3954} INFO - Setting next_dagrun for example_branch_datetime_operator_3 to 2024-05-02 00:00:00+00:00, run_after=2024-05-03 00:00:00+00:00
[2024-05-03T18:22:37.634+0000] {processor.py:183} INFO - Processing /home/airflow/.local/lib/python3.11/site-packages/airflow/example_dags/example_branch_datetime_operator.py took 1.668 seconds
[2024-05-03T18:23:01.394+0000] {processor.py:161} INFO - Started process (PID=667) to work on /home/airflow/.local/lib/python3.11/site-packages/airflow/example_dags/example_branch_datetime_operator.py
[2024-05-03T18:23:01.398+0000] {processor.py:830} INFO - Processing file /home/airflow/.local/lib/python3.11/site-packages/airflow/example_dags/example_branch_datetime_operator.py for tasks to queue
[2024-05-03T18:23:01.404+0000] {logging_mixin.py:188} INFO - [2024-05-03T18:23:01.403+0000] {dagbag.py:540} INFO - Filling up the DagBag from /home/airflow/.local/lib/python3.11/site-packages/airflow/example_dags/example_branch_datetime_operator.py
[2024-05-03T18:23:01.457+0000] {processor.py:840} INFO - DAG(s) 'example_branch_datetime_operator_2', 'example_branch_datetime_operator', 'example_branch_datetime_operator_3' retrieved from /home/airflow/.local/lib/python3.11/site-packages/airflow/example_dags/example_branch_datetime_operator.py
[2024-05-03T18:23:01.694+0000] {logging_mixin.py:188} INFO - [2024-05-03T18:23:01.693+0000] {dag.py:3096} INFO - Sync 3 DAGs
[2024-05-03T18:23:01.843+0000] {logging_mixin.py:188} INFO - [2024-05-03T18:23:01.843+0000] {dag.py:3954} INFO - Setting next_dagrun for example_branch_datetime_operator to 2024-05-02 00:00:00+00:00, run_after=2024-05-03 00:00:00+00:00
[2024-05-03T18:23:01.867+0000] {logging_mixin.py:188} INFO - [2024-05-03T18:23:01.867+0000] {dag.py:3954} INFO - Setting next_dagrun for example_branch_datetime_operator_2 to 2024-05-02 00:00:00+00:00, run_after=2024-05-03 00:00:00+00:00
[2024-05-03T18:23:01.875+0000] {logging_mixin.py:188} INFO - [2024-05-03T18:23:01.874+0000] {dag.py:3954} INFO - Setting next_dagrun for example_branch_datetime_operator_3 to 2024-05-02 00:00:00+00:00, run_after=2024-05-03 00:00:00+00:00
[2024-05-03T18:23:02.081+0000] {processor.py:183} INFO - Processing /home/airflow/.local/lib/python3.11/site-packages/airflow/example_dags/example_branch_datetime_operator.py took 0.713 seconds
[2024-05-03T18:23:20.014+0000] {processor.py:161} INFO - Started process (PID=724) to work on /home/airflow/.local/lib/python3.11/site-packages/airflow/example_dags/example_branch_datetime_operator.py
[2024-05-03T18:23:20.049+0000] {processor.py:830} INFO - Processing file /home/airflow/.local/lib/python3.11/site-packages/airflow/example_dags/example_branch_datetime_operator.py for tasks to queue
[2024-05-03T18:23:20.061+0000] {logging_mixin.py:188} INFO - [2024-05-03T18:23:20.059+0000] {dagbag.py:540} INFO - Filling up the DagBag from /home/airflow/.local/lib/python3.11/site-packages/airflow/example_dags/example_branch_datetime_operator.py
[2024-05-03T18:23:20.140+0000] {processor.py:840} INFO - DAG(s) 'example_branch_datetime_operator', 'example_branch_datetime_operator_2', 'example_branch_datetime_operator_3' retrieved from /home/airflow/.local/lib/python3.11/site-packages/airflow/example_dags/example_branch_datetime_operator.py
[2024-05-03T18:23:20.211+0000] {logging_mixin.py:188} INFO - [2024-05-03T18:23:20.211+0000] {dag.py:3096} INFO - Sync 3 DAGs
[2024-05-03T18:23:20.271+0000] {logging_mixin.py:188} INFO - [2024-05-03T18:23:20.270+0000] {dag.py:3954} INFO - Setting next_dagrun for example_branch_datetime_operator to 2024-05-02 00:00:00+00:00, run_after=2024-05-03 00:00:00+00:00
[2024-05-03T18:23:20.282+0000] {logging_mixin.py:188} INFO - [2024-05-03T18:23:20.282+0000] {dag.py:3954} INFO - Setting next_dagrun for example_branch_datetime_operator_2 to 2024-05-02 00:00:00+00:00, run_after=2024-05-03 00:00:00+00:00
[2024-05-03T18:23:20.287+0000] {logging_mixin.py:188} INFO - [2024-05-03T18:23:20.287+0000] {dag.py:3954} INFO - Setting next_dagrun for example_branch_datetime_operator_3 to 2024-05-02 00:00:00+00:00, run_after=2024-05-03 00:00:00+00:00
[2024-05-03T18:23:20.482+0000] {processor.py:183} INFO - Processing /home/airflow/.local/lib/python3.11/site-packages/airflow/example_dags/example_branch_datetime_operator.py took 0.480 seconds
[2024-05-03T18:23:34.236+0000] {processor.py:161} INFO - Started process (PID=774) to work on /home/airflow/.local/lib/python3.11/site-packages/airflow/example_dags/example_branch_datetime_operator.py
[2024-05-03T18:23:34.238+0000] {processor.py:830} INFO - Processing file /home/airflow/.local/lib/python3.11/site-packages/airflow/example_dags/example_branch_datetime_operator.py for tasks to queue
[2024-05-03T18:23:34.242+0000] {logging_mixin.py:188} INFO - [2024-05-03T18:23:34.242+0000] {dagbag.py:540} INFO - Filling up the DagBag from /home/airflow/.local/lib/python3.11/site-packages/airflow/example_dags/example_branch_datetime_operator.py
[2024-05-03T18:23:34.264+0000] {processor.py:840} INFO - DAG(s) 'example_branch_datetime_operator_2', 'example_branch_datetime_operator_3', 'example_branch_datetime_operator' retrieved from /home/airflow/.local/lib/python3.11/site-packages/airflow/example_dags/example_branch_datetime_operator.py
[2024-05-03T18:23:34.346+0000] {logging_mixin.py:188} INFO - [2024-05-03T18:23:34.345+0000] {dag.py:3096} INFO - Sync 3 DAGs
[2024-05-03T18:23:34.469+0000] {logging_mixin.py:188} INFO - [2024-05-03T18:23:34.468+0000] {dag.py:3954} INFO - Setting next_dagrun for example_branch_datetime_operator to 2024-05-02 00:00:00+00:00, run_after=2024-05-03 00:00:00+00:00
[2024-05-03T18:23:34.504+0000] {logging_mixin.py:188} INFO - [2024-05-03T18:23:34.503+0000] {dag.py:3954} INFO - Setting next_dagrun for example_branch_datetime_operator_2 to 2024-05-02 00:00:00+00:00, run_after=2024-05-03 00:00:00+00:00
[2024-05-03T18:23:34.523+0000] {logging_mixin.py:188} INFO - [2024-05-03T18:23:34.522+0000] {dag.py:3954} INFO - Setting next_dagrun for example_branch_datetime_operator_3 to 2024-05-02 00:00:00+00:00, run_after=2024-05-03 00:00:00+00:00
[2024-05-03T18:23:34.632+0000] {processor.py:183} INFO - Processing /home/airflow/.local/lib/python3.11/site-packages/airflow/example_dags/example_branch_datetime_operator.py took 0.408 seconds
[2024-05-03T18:23:48.304+0000] {processor.py:161} INFO - Started process (PID=832) to work on /home/airflow/.local/lib/python3.11/site-packages/airflow/example_dags/example_branch_datetime_operator.py
[2024-05-03T18:23:48.312+0000] {processor.py:830} INFO - Processing file /home/airflow/.local/lib/python3.11/site-packages/airflow/example_dags/example_branch_datetime_operator.py for tasks to queue
[2024-05-03T18:23:48.325+0000] {logging_mixin.py:188} INFO - [2024-05-03T18:23:48.323+0000] {dagbag.py:540} INFO - Filling up the DagBag from /home/airflow/.local/lib/python3.11/site-packages/airflow/example_dags/example_branch_datetime_operator.py
[2024-05-03T18:23:48.365+0000] {processor.py:840} INFO - DAG(s) 'example_branch_datetime_operator_3', 'example_branch_datetime_operator_2', 'example_branch_datetime_operator' retrieved from /home/airflow/.local/lib/python3.11/site-packages/airflow/example_dags/example_branch_datetime_operator.py
[2024-05-03T18:23:48.416+0000] {logging_mixin.py:188} INFO - [2024-05-03T18:23:48.415+0000] {dag.py:3096} INFO - Sync 3 DAGs
[2024-05-03T18:23:48.458+0000] {logging_mixin.py:188} INFO - [2024-05-03T18:23:48.458+0000] {dag.py:3954} INFO - Setting next_dagrun for example_branch_datetime_operator to 2024-05-02 00:00:00+00:00, run_after=2024-05-03 00:00:00+00:00
[2024-05-03T18:23:48.468+0000] {logging_mixin.py:188} INFO - [2024-05-03T18:23:48.467+0000] {dag.py:3954} INFO - Setting next_dagrun for example_branch_datetime_operator_2 to 2024-05-02 00:00:00+00:00, run_after=2024-05-03 00:00:00+00:00
[2024-05-03T18:23:48.474+0000] {logging_mixin.py:188} INFO - [2024-05-03T18:23:48.473+0000] {dag.py:3954} INFO - Setting next_dagrun for example_branch_datetime_operator_3 to 2024-05-02 00:00:00+00:00, run_after=2024-05-03 00:00:00+00:00
[2024-05-03T18:23:48.654+0000] {processor.py:183} INFO - Processing /home/airflow/.local/lib/python3.11/site-packages/airflow/example_dags/example_branch_datetime_operator.py took 0.386 seconds
[2024-05-03T18:24:02.329+0000] {processor.py:161} INFO - Started process (PID=882) to work on /home/airflow/.local/lib/python3.11/site-packages/airflow/example_dags/example_branch_datetime_operator.py
[2024-05-03T18:24:02.341+0000] {processor.py:830} INFO - Processing file /home/airflow/.local/lib/python3.11/site-packages/airflow/example_dags/example_branch_datetime_operator.py for tasks to queue
[2024-05-03T18:24:02.346+0000] {logging_mixin.py:188} INFO - [2024-05-03T18:24:02.345+0000] {dagbag.py:540} INFO - Filling up the DagBag from /home/airflow/.local/lib/python3.11/site-packages/airflow/example_dags/example_branch_datetime_operator.py
[2024-05-03T18:24:02.420+0000] {processor.py:840} INFO - DAG(s) 'example_branch_datetime_operator_2', 'example_branch_datetime_operator_3', 'example_branch_datetime_operator' retrieved from /home/airflow/.local/lib/python3.11/site-packages/airflow/example_dags/example_branch_datetime_operator.py
[2024-05-03T18:24:02.573+0000] {logging_mixin.py:188} INFO - [2024-05-03T18:24:02.572+0000] {dag.py:3096} INFO - Sync 3 DAGs
[2024-05-03T18:24:02.701+0000] {logging_mixin.py:188} INFO - [2024-05-03T18:24:02.700+0000] {dag.py:3954} INFO - Setting next_dagrun for example_branch_datetime_operator to 2024-05-02 00:00:00+00:00, run_after=2024-05-03 00:00:00+00:00
[2024-05-03T18:24:02.728+0000] {logging_mixin.py:188} INFO - [2024-05-03T18:24:02.728+0000] {dag.py:3954} INFO - Setting next_dagrun for example_branch_datetime_operator_2 to 2024-05-02 00:00:00+00:00, run_after=2024-05-03 00:00:00+00:00
[2024-05-03T18:24:02.746+0000] {logging_mixin.py:188} INFO - [2024-05-03T18:24:02.745+0000] {dag.py:3954} INFO - Setting next_dagrun for example_branch_datetime_operator_3 to 2024-05-02 00:00:00+00:00, run_after=2024-05-03 00:00:00+00:00
[2024-05-03T18:24:02.822+0000] {processor.py:183} INFO - Processing /home/airflow/.local/lib/python3.11/site-packages/airflow/example_dags/example_branch_datetime_operator.py took 0.516 seconds
[2024-05-03T18:24:26.110+0000] {processor.py:161} INFO - Started process (PID=940) to work on /home/airflow/.local/lib/python3.11/site-packages/airflow/example_dags/example_branch_datetime_operator.py
[2024-05-03T18:24:26.115+0000] {processor.py:830} INFO - Processing file /home/airflow/.local/lib/python3.11/site-packages/airflow/example_dags/example_branch_datetime_operator.py for tasks to queue
[2024-05-03T18:24:26.131+0000] {logging_mixin.py:188} INFO - [2024-05-03T18:24:26.130+0000] {dagbag.py:540} INFO - Filling up the DagBag from /home/airflow/.local/lib/python3.11/site-packages/airflow/example_dags/example_branch_datetime_operator.py
[2024-05-03T18:24:26.199+0000] {processor.py:840} INFO - DAG(s) 'example_branch_datetime_operator', 'example_branch_datetime_operator_2', 'example_branch_datetime_operator_3' retrieved from /home/airflow/.local/lib/python3.11/site-packages/airflow/example_dags/example_branch_datetime_operator.py
[2024-05-03T18:24:26.396+0000] {logging_mixin.py:188} INFO - [2024-05-03T18:24:26.395+0000] {dag.py:3096} INFO - Sync 3 DAGs
[2024-05-03T18:24:26.549+0000] {logging_mixin.py:188} INFO - [2024-05-03T18:24:26.548+0000] {dag.py:3954} INFO - Setting next_dagrun for example_branch_datetime_operator to 2024-05-02 00:00:00+00:00, run_after=2024-05-03 00:00:00+00:00
[2024-05-03T18:24:26.581+0000] {logging_mixin.py:188} INFO - [2024-05-03T18:24:26.575+0000] {dag.py:3954} INFO - Setting next_dagrun for example_branch_datetime_operator_2 to 2024-05-02 00:00:00+00:00, run_after=2024-05-03 00:00:00+00:00
[2024-05-03T18:24:26.608+0000] {logging_mixin.py:188} INFO - [2024-05-03T18:24:26.607+0000] {dag.py:3954} INFO - Setting next_dagrun for example_branch_datetime_operator_3 to 2024-05-02 00:00:00+00:00, run_after=2024-05-03 00:00:00+00:00
[2024-05-03T18:24:26.734+0000] {processor.py:183} INFO - Processing /home/airflow/.local/lib/python3.11/site-packages/airflow/example_dags/example_branch_datetime_operator.py took 0.663 seconds
[2024-05-03T18:24:43.083+0000] {processor.py:161} INFO - Started process (PID=990) to work on /home/airflow/.local/lib/python3.11/site-packages/airflow/example_dags/example_branch_datetime_operator.py
[2024-05-03T18:24:43.092+0000] {processor.py:830} INFO - Processing file /home/airflow/.local/lib/python3.11/site-packages/airflow/example_dags/example_branch_datetime_operator.py for tasks to queue
[2024-05-03T18:24:43.107+0000] {logging_mixin.py:188} INFO - [2024-05-03T18:24:43.106+0000] {dagbag.py:540} INFO - Filling up the DagBag from /home/airflow/.local/lib/python3.11/site-packages/airflow/example_dags/example_branch_datetime_operator.py
[2024-05-03T18:24:43.172+0000] {processor.py:840} INFO - DAG(s) 'example_branch_datetime_operator_3', 'example_branch_datetime_operator_2', 'example_branch_datetime_operator' retrieved from /home/airflow/.local/lib/python3.11/site-packages/airflow/example_dags/example_branch_datetime_operator.py
[2024-05-03T18:24:43.292+0000] {logging_mixin.py:188} INFO - [2024-05-03T18:24:43.291+0000] {dag.py:3096} INFO - Sync 3 DAGs
[2024-05-03T18:24:43.376+0000] {logging_mixin.py:188} INFO - [2024-05-03T18:24:43.375+0000] {dag.py:3954} INFO - Setting next_dagrun for example_branch_datetime_operator to 2024-05-02 00:00:00+00:00, run_after=2024-05-03 00:00:00+00:00
[2024-05-03T18:24:43.395+0000] {logging_mixin.py:188} INFO - [2024-05-03T18:24:43.394+0000] {dag.py:3954} INFO - Setting next_dagrun for example_branch_datetime_operator_2 to 2024-05-02 00:00:00+00:00, run_after=2024-05-03 00:00:00+00:00
[2024-05-03T18:24:43.404+0000] {logging_mixin.py:188} INFO - [2024-05-03T18:24:43.403+0000] {dag.py:3954} INFO - Setting next_dagrun for example_branch_datetime_operator_3 to 2024-05-02 00:00:00+00:00, run_after=2024-05-03 00:00:00+00:00
[2024-05-03T18:24:43.584+0000] {processor.py:183} INFO - Processing /home/airflow/.local/lib/python3.11/site-packages/airflow/example_dags/example_branch_datetime_operator.py took 0.553 seconds
[2024-05-03T18:25:14.106+0000] {processor.py:161} INFO - Started process (PID=1048) to work on /home/airflow/.local/lib/python3.11/site-packages/airflow/example_dags/example_branch_datetime_operator.py
[2024-05-03T18:25:14.124+0000] {processor.py:830} INFO - Processing file /home/airflow/.local/lib/python3.11/site-packages/airflow/example_dags/example_branch_datetime_operator.py for tasks to queue
[2024-05-03T18:25:14.169+0000] {logging_mixin.py:188} INFO - [2024-05-03T18:25:14.167+0000] {dagbag.py:540} INFO - Filling up the DagBag from /home/airflow/.local/lib/python3.11/site-packages/airflow/example_dags/example_branch_datetime_operator.py
[2024-05-03T18:25:14.332+0000] {processor.py:840} INFO - DAG(s) 'example_branch_datetime_operator_3', 'example_branch_datetime_operator_2', 'example_branch_datetime_operator' retrieved from /home/airflow/.local/lib/python3.11/site-packages/airflow/example_dags/example_branch_datetime_operator.py
[2024-05-03T18:25:14.717+0000] {logging_mixin.py:188} INFO - [2024-05-03T18:25:14.716+0000] {dag.py:3096} INFO - Sync 3 DAGs
[2024-05-03T18:25:15.022+0000] {logging_mixin.py:188} INFO - [2024-05-03T18:25:15.021+0000] {dag.py:3954} INFO - Setting next_dagrun for example_branch_datetime_operator to 2024-05-02 00:00:00+00:00, run_after=2024-05-03 00:00:00+00:00
[2024-05-03T18:25:15.091+0000] {logging_mixin.py:188} INFO - [2024-05-03T18:25:15.091+0000] {dag.py:3954} INFO - Setting next_dagrun for example_branch_datetime_operator_2 to 2024-05-02 00:00:00+00:00, run_after=2024-05-03 00:00:00+00:00
[2024-05-03T18:25:15.130+0000] {logging_mixin.py:188} INFO - [2024-05-03T18:25:15.129+0000] {dag.py:3954} INFO - Setting next_dagrun for example_branch_datetime_operator_3 to 2024-05-02 00:00:00+00:00, run_after=2024-05-03 00:00:00+00:00
[2024-05-03T18:25:15.285+0000] {processor.py:183} INFO - Processing /home/airflow/.local/lib/python3.11/site-packages/airflow/example_dags/example_branch_datetime_operator.py took 1.222 seconds
[2024-05-03T18:26:01.437+0000] {processor.py:161} INFO - Started process (PID=1109) to work on /home/airflow/.local/lib/python3.11/site-packages/airflow/example_dags/example_branch_datetime_operator.py
[2024-05-03T18:26:01.532+0000] {processor.py:830} INFO - Processing file /home/airflow/.local/lib/python3.11/site-packages/airflow/example_dags/example_branch_datetime_operator.py for tasks to queue
[2024-05-03T18:26:01.654+0000] {logging_mixin.py:188} INFO - [2024-05-03T18:26:01.648+0000] {dagbag.py:540} INFO - Filling up the DagBag from /home/airflow/.local/lib/python3.11/site-packages/airflow/example_dags/example_branch_datetime_operator.py
[2024-05-03T18:26:01.961+0000] {processor.py:840} INFO - DAG(s) 'example_branch_datetime_operator', 'example_branch_datetime_operator_2', 'example_branch_datetime_operator_3' retrieved from /home/airflow/.local/lib/python3.11/site-packages/airflow/example_dags/example_branch_datetime_operator.py
[2024-05-03T18:26:02.634+0000] {logging_mixin.py:188} INFO - [2024-05-03T18:26:02.634+0000] {dag.py:3096} INFO - Sync 3 DAGs
[2024-05-03T18:26:03.258+0000] {logging_mixin.py:188} INFO - [2024-05-03T18:26:03.258+0000] {dag.py:3954} INFO - Setting next_dagrun for example_branch_datetime_operator to 2024-05-02 00:00:00+00:00, run_after=2024-05-03 00:00:00+00:00
[2024-05-03T18:26:03.309+0000] {logging_mixin.py:188} INFO - [2024-05-03T18:26:03.309+0000] {dag.py:3954} INFO - Setting next_dagrun for example_branch_datetime_operator_2 to 2024-05-02 00:00:00+00:00, run_after=2024-05-03 00:00:00+00:00
[2024-05-03T18:26:03.404+0000] {logging_mixin.py:188} INFO - [2024-05-03T18:26:03.403+0000] {dag.py:3954} INFO - Setting next_dagrun for example_branch_datetime_operator_3 to 2024-05-02 00:00:00+00:00, run_after=2024-05-03 00:00:00+00:00
[2024-05-03T18:26:04.180+0000] {processor.py:183} INFO - Processing /home/airflow/.local/lib/python3.11/site-packages/airflow/example_dags/example_branch_datetime_operator.py took 2.877 seconds
[2024-05-03T18:27:08.279+0000] {processor.py:161} INFO - Started process (PID=1172) to work on /home/airflow/.local/lib/python3.11/site-packages/airflow/example_dags/example_branch_datetime_operator.py
[2024-05-03T18:27:08.296+0000] {processor.py:830} INFO - Processing file /home/airflow/.local/lib/python3.11/site-packages/airflow/example_dags/example_branch_datetime_operator.py for tasks to queue
[2024-05-03T18:27:08.362+0000] {logging_mixin.py:188} INFO - [2024-05-03T18:27:08.361+0000] {dagbag.py:540} INFO - Filling up the DagBag from /home/airflow/.local/lib/python3.11/site-packages/airflow/example_dags/example_branch_datetime_operator.py
[2024-05-03T18:27:08.524+0000] {processor.py:840} INFO - DAG(s) 'example_branch_datetime_operator_3', 'example_branch_datetime_operator', 'example_branch_datetime_operator_2' retrieved from /home/airflow/.local/lib/python3.11/site-packages/airflow/example_dags/example_branch_datetime_operator.py
[2024-05-03T18:27:08.896+0000] {logging_mixin.py:188} INFO - [2024-05-03T18:27:08.884+0000] {dag.py:3096} INFO - Sync 3 DAGs
[2024-05-03T18:27:09.464+0000] {logging_mixin.py:188} INFO - [2024-05-03T18:27:09.453+0000] {dag.py:3954} INFO - Setting next_dagrun for example_branch_datetime_operator to 2024-05-02 00:00:00+00:00, run_after=2024-05-03 00:00:00+00:00
[2024-05-03T18:27:09.543+0000] {logging_mixin.py:188} INFO - [2024-05-03T18:27:09.542+0000] {dag.py:3954} INFO - Setting next_dagrun for example_branch_datetime_operator_2 to 2024-05-02 00:00:00+00:00, run_after=2024-05-03 00:00:00+00:00
[2024-05-03T18:27:09.589+0000] {logging_mixin.py:188} INFO - [2024-05-03T18:27:09.588+0000] {dag.py:3954} INFO - Setting next_dagrun for example_branch_datetime_operator_3 to 2024-05-02 00:00:00+00:00, run_after=2024-05-03 00:00:00+00:00
[2024-05-03T18:27:09.954+0000] {processor.py:183} INFO - Processing /home/airflow/.local/lib/python3.11/site-packages/airflow/example_dags/example_branch_datetime_operator.py took 1.801 seconds
[2024-05-03T18:28:11.202+0000] {processor.py:161} INFO - Started process (PID=1233) to work on /home/airflow/.local/lib/python3.11/site-packages/airflow/example_dags/example_branch_datetime_operator.py
[2024-05-03T18:28:11.231+0000] {processor.py:830} INFO - Processing file /home/airflow/.local/lib/python3.11/site-packages/airflow/example_dags/example_branch_datetime_operator.py for tasks to queue
[2024-05-03T18:28:11.251+0000] {logging_mixin.py:188} INFO - [2024-05-03T18:28:11.250+0000] {dagbag.py:540} INFO - Filling up the DagBag from /home/airflow/.local/lib/python3.11/site-packages/airflow/example_dags/example_branch_datetime_operator.py
[2024-05-03T18:28:11.411+0000] {processor.py:840} INFO - DAG(s) 'example_branch_datetime_operator', 'example_branch_datetime_operator_3', 'example_branch_datetime_operator_2' retrieved from /home/airflow/.local/lib/python3.11/site-packages/airflow/example_dags/example_branch_datetime_operator.py
[2024-05-03T18:28:11.725+0000] {logging_mixin.py:188} INFO - [2024-05-03T18:28:11.714+0000] {dag.py:3096} INFO - Sync 3 DAGs
[2024-05-03T18:28:11.970+0000] {logging_mixin.py:188} INFO - [2024-05-03T18:28:11.969+0000] {dag.py:3954} INFO - Setting next_dagrun for example_branch_datetime_operator to 2024-05-02 00:00:00+00:00, run_after=2024-05-03 00:00:00+00:00
[2024-05-03T18:28:12.027+0000] {logging_mixin.py:188} INFO - [2024-05-03T18:28:12.026+0000] {dag.py:3954} INFO - Setting next_dagrun for example_branch_datetime_operator_2 to 2024-05-02 00:00:00+00:00, run_after=2024-05-03 00:00:00+00:00
[2024-05-03T18:28:12.053+0000] {logging_mixin.py:188} INFO - [2024-05-03T18:28:12.050+0000] {dag.py:3954} INFO - Setting next_dagrun for example_branch_datetime_operator_3 to 2024-05-02 00:00:00+00:00, run_after=2024-05-03 00:00:00+00:00
[2024-05-03T18:28:12.441+0000] {processor.py:183} INFO - Processing /home/airflow/.local/lib/python3.11/site-packages/airflow/example_dags/example_branch_datetime_operator.py took 1.289 seconds
[2024-05-03T18:28:59.337+0000] {processor.py:161} INFO - Started process (PID=1294) to work on /home/airflow/.local/lib/python3.11/site-packages/airflow/example_dags/example_branch_datetime_operator.py
[2024-05-03T18:28:59.348+0000] {processor.py:830} INFO - Processing file /home/airflow/.local/lib/python3.11/site-packages/airflow/example_dags/example_branch_datetime_operator.py for tasks to queue
[2024-05-03T18:28:59.361+0000] {logging_mixin.py:188} INFO - [2024-05-03T18:28:59.360+0000] {dagbag.py:540} INFO - Filling up the DagBag from /home/airflow/.local/lib/python3.11/site-packages/airflow/example_dags/example_branch_datetime_operator.py
[2024-05-03T18:28:59.449+0000] {processor.py:840} INFO - DAG(s) 'example_branch_datetime_operator_2', 'example_branch_datetime_operator_3', 'example_branch_datetime_operator' retrieved from /home/airflow/.local/lib/python3.11/site-packages/airflow/example_dags/example_branch_datetime_operator.py
[2024-05-03T18:28:59.653+0000] {logging_mixin.py:188} INFO - [2024-05-03T18:28:59.652+0000] {dag.py:3096} INFO - Sync 3 DAGs
[2024-05-03T18:28:59.954+0000] {logging_mixin.py:188} INFO - [2024-05-03T18:28:59.952+0000] {dag.py:3954} INFO - Setting next_dagrun for example_branch_datetime_operator to 2024-05-02 00:00:00+00:00, run_after=2024-05-03 00:00:00+00:00
[2024-05-03T18:28:59.982+0000] {logging_mixin.py:188} INFO - [2024-05-03T18:28:59.981+0000] {dag.py:3954} INFO - Setting next_dagrun for example_branch_datetime_operator_2 to 2024-05-02 00:00:00+00:00, run_after=2024-05-03 00:00:00+00:00
[2024-05-03T18:29:00.013+0000] {logging_mixin.py:188} INFO - [2024-05-03T18:29:00.012+0000] {dag.py:3954} INFO - Setting next_dagrun for example_branch_datetime_operator_3 to 2024-05-02 00:00:00+00:00, run_after=2024-05-03 00:00:00+00:00
[2024-05-03T18:29:00.208+0000] {processor.py:183} INFO - Processing /home/airflow/.local/lib/python3.11/site-packages/airflow/example_dags/example_branch_datetime_operator.py took 0.942 seconds
