[2024-05-03T18:16:37.883+0000] {processor.py:161} INFO - Started process (PID=70) to work on /home/airflow/.local/lib/python3.11/site-packages/airflow/example_dags/example_sensors.py
[2024-05-03T18:16:37.906+0000] {processor.py:830} INFO - Processing file /home/airflow/.local/lib/python3.11/site-packages/airflow/example_dags/example_sensors.py for tasks to queue
[2024-05-03T18:16:37.961+0000] {logging_mixin.py:188} INFO - [2024-05-03T18:16:37.960+0000] {dagbag.py:540} INFO - Filling up the DagBag from /home/airflow/.local/lib/python3.11/site-packages/airflow/example_dags/example_sensors.py
[2024-05-03T18:16:38.125+0000] {processor.py:840} INFO - DAG(s) 'example_sensors' retrieved from /home/airflow/.local/lib/python3.11/site-packages/airflow/example_dags/example_sensors.py
[2024-05-03T18:16:39.672+0000] {logging_mixin.py:188} INFO - [2024-05-03T18:16:39.668+0000] {override.py:1829} INFO - Created Permission View: can edit on DAG:example_sensors
[2024-05-03T18:16:39.810+0000] {logging_mixin.py:188} INFO - [2024-05-03T18:16:39.809+0000] {override.py:1829} INFO - Created Permission View: can read on DAG:example_sensors
[2024-05-03T18:16:39.927+0000] {logging_mixin.py:188} INFO - [2024-05-03T18:16:39.926+0000] {override.py:1829} INFO - Created Permission View: can delete on DAG:example_sensors
[2024-05-03T18:16:39.949+0000] {logging_mixin.py:188} INFO - [2024-05-03T18:16:39.949+0000] {dag.py:3096} INFO - Sync 1 DAGs
[2024-05-03T18:16:40.166+0000] {logging_mixin.py:188} INFO - [2024-05-03T18:16:40.139+0000] {dag.py:3118} INFO - Creating ORM DAG for example_sensors
[2024-05-03T18:16:40.199+0000] {logging_mixin.py:188} INFO - [2024-05-03T18:16:40.187+0000] {dag.py:3954} INFO - Setting next_dagrun for example_sensors to None, run_after=None
[2024-05-03T18:16:40.447+0000] {processor.py:183} INFO - Processing /home/airflow/.local/lib/python3.11/site-packages/airflow/example_dags/example_sensors.py took 2.733 seconds
[2024-05-03T18:17:44.349+0000] {processor.py:161} INFO - Started process (PID=136) to work on /home/airflow/.local/lib/python3.11/site-packages/airflow/example_dags/example_sensors.py
[2024-05-03T18:17:44.362+0000] {processor.py:830} INFO - Processing file /home/airflow/.local/lib/python3.11/site-packages/airflow/example_dags/example_sensors.py for tasks to queue
[2024-05-03T18:17:44.376+0000] {logging_mixin.py:188} INFO - [2024-05-03T18:17:44.375+0000] {dagbag.py:540} INFO - Filling up the DagBag from /home/airflow/.local/lib/python3.11/site-packages/airflow/example_dags/example_sensors.py
[2024-05-03T18:17:44.490+0000] {processor.py:840} INFO - DAG(s) 'example_sensors' retrieved from /home/airflow/.local/lib/python3.11/site-packages/airflow/example_dags/example_sensors.py
[2024-05-03T18:17:44.687+0000] {logging_mixin.py:188} INFO - [2024-05-03T18:17:44.686+0000] {dag.py:3096} INFO - Sync 1 DAGs
[2024-05-03T18:17:44.931+0000] {logging_mixin.py:188} INFO - [2024-05-03T18:17:44.930+0000] {dag.py:3954} INFO - Setting next_dagrun for example_sensors to None, run_after=None
[2024-05-03T18:17:45.140+0000] {processor.py:183} INFO - Processing /home/airflow/.local/lib/python3.11/site-packages/airflow/example_dags/example_sensors.py took 0.875 seconds
[2024-05-03T18:18:20.091+0000] {processor.py:161} INFO - Started process (PID=192) to work on /home/airflow/.local/lib/python3.11/site-packages/airflow/example_dags/example_sensors.py
[2024-05-03T18:18:20.189+0000] {processor.py:830} INFO - Processing file /home/airflow/.local/lib/python3.11/site-packages/airflow/example_dags/example_sensors.py for tasks to queue
[2024-05-03T18:18:20.220+0000] {logging_mixin.py:188} INFO - [2024-05-03T18:18:20.207+0000] {dagbag.py:540} INFO - Filling up the DagBag from /home/airflow/.local/lib/python3.11/site-packages/airflow/example_dags/example_sensors.py
[2024-05-03T18:18:20.341+0000] {processor.py:840} INFO - DAG(s) 'example_sensors' retrieved from /home/airflow/.local/lib/python3.11/site-packages/airflow/example_dags/example_sensors.py
[2024-05-03T18:18:20.637+0000] {logging_mixin.py:188} INFO - [2024-05-03T18:18:20.636+0000] {dag.py:3096} INFO - Sync 1 DAGs
[2024-05-03T18:18:20.827+0000] {logging_mixin.py:188} INFO - [2024-05-03T18:18:20.826+0000] {dag.py:3954} INFO - Setting next_dagrun for example_sensors to None, run_after=None
[2024-05-03T18:18:21.071+0000] {processor.py:183} INFO - Processing /home/airflow/.local/lib/python3.11/site-packages/airflow/example_dags/example_sensors.py took 1.057 seconds
[2024-05-03T18:19:04.446+0000] {processor.py:161} INFO - Started process (PID=249) to work on /home/airflow/.local/lib/python3.11/site-packages/airflow/example_dags/example_sensors.py
[2024-05-03T18:19:04.475+0000] {processor.py:830} INFO - Processing file /home/airflow/.local/lib/python3.11/site-packages/airflow/example_dags/example_sensors.py for tasks to queue
[2024-05-03T18:19:04.504+0000] {logging_mixin.py:188} INFO - [2024-05-03T18:19:04.496+0000] {dagbag.py:540} INFO - Filling up the DagBag from /home/airflow/.local/lib/python3.11/site-packages/airflow/example_dags/example_sensors.py
[2024-05-03T18:19:04.688+0000] {processor.py:840} INFO - DAG(s) 'example_sensors' retrieved from /home/airflow/.local/lib/python3.11/site-packages/airflow/example_dags/example_sensors.py
[2024-05-03T18:19:05.162+0000] {logging_mixin.py:188} INFO - [2024-05-03T18:19:05.161+0000] {dag.py:3096} INFO - Sync 1 DAGs
[2024-05-03T18:19:05.296+0000] {logging_mixin.py:188} INFO - [2024-05-03T18:19:05.295+0000] {dag.py:3954} INFO - Setting next_dagrun for example_sensors to None, run_after=None
[2024-05-03T18:19:05.559+0000] {processor.py:183} INFO - Processing /home/airflow/.local/lib/python3.11/site-packages/airflow/example_dags/example_sensors.py took 1.236 seconds
[2024-05-03T18:19:46.608+0000] {processor.py:161} INFO - Started process (PID=310) to work on /home/airflow/.local/lib/python3.11/site-packages/airflow/example_dags/example_sensors.py
[2024-05-03T18:19:46.624+0000] {processor.py:830} INFO - Processing file /home/airflow/.local/lib/python3.11/site-packages/airflow/example_dags/example_sensors.py for tasks to queue
[2024-05-03T18:19:46.651+0000] {logging_mixin.py:188} INFO - [2024-05-03T18:19:46.649+0000] {dagbag.py:540} INFO - Filling up the DagBag from /home/airflow/.local/lib/python3.11/site-packages/airflow/example_dags/example_sensors.py
[2024-05-03T18:19:46.816+0000] {processor.py:840} INFO - DAG(s) 'example_sensors' retrieved from /home/airflow/.local/lib/python3.11/site-packages/airflow/example_dags/example_sensors.py
[2024-05-03T18:19:47.238+0000] {logging_mixin.py:188} INFO - [2024-05-03T18:19:47.237+0000] {dag.py:3096} INFO - Sync 1 DAGs
[2024-05-03T18:19:47.457+0000] {logging_mixin.py:188} INFO - [2024-05-03T18:19:47.456+0000] {dag.py:3954} INFO - Setting next_dagrun for example_sensors to None, run_after=None
[2024-05-03T18:19:47.715+0000] {processor.py:183} INFO - Processing /home/airflow/.local/lib/python3.11/site-packages/airflow/example_dags/example_sensors.py took 1.177 seconds
[2024-05-03T18:20:22.621+0000] {processor.py:161} INFO - Started process (PID=368) to work on /home/airflow/.local/lib/python3.11/site-packages/airflow/example_dags/example_sensors.py
[2024-05-03T18:20:22.625+0000] {processor.py:830} INFO - Processing file /home/airflow/.local/lib/python3.11/site-packages/airflow/example_dags/example_sensors.py for tasks to queue
[2024-05-03T18:20:22.644+0000] {logging_mixin.py:188} INFO - [2024-05-03T18:20:22.643+0000] {dagbag.py:540} INFO - Filling up the DagBag from /home/airflow/.local/lib/python3.11/site-packages/airflow/example_dags/example_sensors.py
[2024-05-03T18:20:22.763+0000] {processor.py:840} INFO - DAG(s) 'example_sensors' retrieved from /home/airflow/.local/lib/python3.11/site-packages/airflow/example_dags/example_sensors.py
[2024-05-03T18:20:22.999+0000] {logging_mixin.py:188} INFO - [2024-05-03T18:20:22.998+0000] {dag.py:3096} INFO - Sync 1 DAGs
[2024-05-03T18:20:23.132+0000] {logging_mixin.py:188} INFO - [2024-05-03T18:20:23.131+0000] {dag.py:3954} INFO - Setting next_dagrun for example_sensors to None, run_after=None
[2024-05-03T18:20:23.370+0000] {processor.py:183} INFO - Processing /home/airflow/.local/lib/python3.11/site-packages/airflow/example_dags/example_sensors.py took 0.784 seconds
[2024-05-03T18:20:52.281+0000] {processor.py:161} INFO - Started process (PID=423) to work on /home/airflow/.local/lib/python3.11/site-packages/airflow/example_dags/example_sensors.py
[2024-05-03T18:20:52.289+0000] {processor.py:830} INFO - Processing file /home/airflow/.local/lib/python3.11/site-packages/airflow/example_dags/example_sensors.py for tasks to queue
[2024-05-03T18:20:52.299+0000] {logging_mixin.py:188} INFO - [2024-05-03T18:20:52.297+0000] {dagbag.py:540} INFO - Filling up the DagBag from /home/airflow/.local/lib/python3.11/site-packages/airflow/example_dags/example_sensors.py
[2024-05-03T18:20:52.406+0000] {processor.py:840} INFO - DAG(s) 'example_sensors' retrieved from /home/airflow/.local/lib/python3.11/site-packages/airflow/example_dags/example_sensors.py
[2024-05-03T18:20:52.691+0000] {logging_mixin.py:188} INFO - [2024-05-03T18:20:52.687+0000] {dag.py:3096} INFO - Sync 1 DAGs
[2024-05-03T18:20:52.931+0000] {logging_mixin.py:188} INFO - [2024-05-03T18:20:52.930+0000] {dag.py:3954} INFO - Setting next_dagrun for example_sensors to None, run_after=None
[2024-05-03T18:20:53.117+0000] {processor.py:183} INFO - Processing /home/airflow/.local/lib/python3.11/site-packages/airflow/example_dags/example_sensors.py took 0.954 seconds
[2024-05-03T18:21:23.193+0000] {processor.py:161} INFO - Started process (PID=480) to work on /home/airflow/.local/lib/python3.11/site-packages/airflow/example_dags/example_sensors.py
[2024-05-03T18:21:23.202+0000] {processor.py:830} INFO - Processing file /home/airflow/.local/lib/python3.11/site-packages/airflow/example_dags/example_sensors.py for tasks to queue
[2024-05-03T18:21:23.211+0000] {logging_mixin.py:188} INFO - [2024-05-03T18:21:23.210+0000] {dagbag.py:540} INFO - Filling up the DagBag from /home/airflow/.local/lib/python3.11/site-packages/airflow/example_dags/example_sensors.py
[2024-05-03T18:21:23.336+0000] {processor.py:840} INFO - DAG(s) 'example_sensors' retrieved from /home/airflow/.local/lib/python3.11/site-packages/airflow/example_dags/example_sensors.py
[2024-05-03T18:21:23.550+0000] {logging_mixin.py:188} INFO - [2024-05-03T18:21:23.548+0000] {dag.py:3096} INFO - Sync 1 DAGs
[2024-05-03T18:21:23.669+0000] {logging_mixin.py:188} INFO - [2024-05-03T18:21:23.667+0000] {dag.py:3954} INFO - Setting next_dagrun for example_sensors to None, run_after=None
[2024-05-03T18:21:23.803+0000] {processor.py:183} INFO - Processing /home/airflow/.local/lib/python3.11/site-packages/airflow/example_dags/example_sensors.py took 0.658 seconds
[2024-05-03T18:21:53.691+0000] {processor.py:161} INFO - Started process (PID=536) to work on /home/airflow/.local/lib/python3.11/site-packages/airflow/example_dags/example_sensors.py
[2024-05-03T18:21:53.697+0000] {processor.py:830} INFO - Processing file /home/airflow/.local/lib/python3.11/site-packages/airflow/example_dags/example_sensors.py for tasks to queue
[2024-05-03T18:21:53.709+0000] {logging_mixin.py:188} INFO - [2024-05-03T18:21:53.707+0000] {dagbag.py:540} INFO - Filling up the DagBag from /home/airflow/.local/lib/python3.11/site-packages/airflow/example_dags/example_sensors.py
[2024-05-03T18:21:53.818+0000] {processor.py:840} INFO - DAG(s) 'example_sensors' retrieved from /home/airflow/.local/lib/python3.11/site-packages/airflow/example_dags/example_sensors.py
[2024-05-03T18:21:54.100+0000] {logging_mixin.py:188} INFO - [2024-05-03T18:21:54.099+0000] {dag.py:3096} INFO - Sync 1 DAGs
[2024-05-03T18:21:54.217+0000] {logging_mixin.py:188} INFO - [2024-05-03T18:21:54.216+0000] {dag.py:3954} INFO - Setting next_dagrun for example_sensors to None, run_after=None
[2024-05-03T18:21:54.480+0000] {processor.py:183} INFO - Processing /home/airflow/.local/lib/python3.11/site-packages/airflow/example_dags/example_sensors.py took 0.914 seconds
[2024-05-03T18:22:26.897+0000] {processor.py:161} INFO - Started process (PID=593) to work on /home/airflow/.local/lib/python3.11/site-packages/airflow/example_dags/example_sensors.py
[2024-05-03T18:22:26.905+0000] {processor.py:830} INFO - Processing file /home/airflow/.local/lib/python3.11/site-packages/airflow/example_dags/example_sensors.py for tasks to queue
[2024-05-03T18:22:26.924+0000] {logging_mixin.py:188} INFO - [2024-05-03T18:22:26.916+0000] {dagbag.py:540} INFO - Filling up the DagBag from /home/airflow/.local/lib/python3.11/site-packages/airflow/example_dags/example_sensors.py
[2024-05-03T18:22:27.017+0000] {processor.py:840} INFO - DAG(s) 'example_sensors' retrieved from /home/airflow/.local/lib/python3.11/site-packages/airflow/example_dags/example_sensors.py
[2024-05-03T18:22:27.213+0000] {logging_mixin.py:188} INFO - [2024-05-03T18:22:27.212+0000] {dag.py:3096} INFO - Sync 1 DAGs
[2024-05-03T18:22:27.295+0000] {logging_mixin.py:188} INFO - [2024-05-03T18:22:27.294+0000] {dag.py:3954} INFO - Setting next_dagrun for example_sensors to None, run_after=None
[2024-05-03T18:22:27.456+0000] {processor.py:183} INFO - Processing /home/airflow/.local/lib/python3.11/site-packages/airflow/example_dags/example_sensors.py took 0.639 seconds
[2024-05-03T18:22:55.077+0000] {processor.py:161} INFO - Started process (PID=648) to work on /home/airflow/.local/lib/python3.11/site-packages/airflow/example_dags/example_sensors.py
[2024-05-03T18:22:55.080+0000] {processor.py:830} INFO - Processing file /home/airflow/.local/lib/python3.11/site-packages/airflow/example_dags/example_sensors.py for tasks to queue
[2024-05-03T18:22:55.085+0000] {logging_mixin.py:188} INFO - [2024-05-03T18:22:55.084+0000] {dagbag.py:540} INFO - Filling up the DagBag from /home/airflow/.local/lib/python3.11/site-packages/airflow/example_dags/example_sensors.py
[2024-05-03T18:22:55.127+0000] {processor.py:840} INFO - DAG(s) 'example_sensors' retrieved from /home/airflow/.local/lib/python3.11/site-packages/airflow/example_dags/example_sensors.py
[2024-05-03T18:22:55.205+0000] {logging_mixin.py:188} INFO - [2024-05-03T18:22:55.205+0000] {dag.py:3096} INFO - Sync 1 DAGs
[2024-05-03T18:22:55.281+0000] {logging_mixin.py:188} INFO - [2024-05-03T18:22:55.280+0000] {dag.py:3954} INFO - Setting next_dagrun for example_sensors to None, run_after=None
[2024-05-03T18:22:55.662+0000] {processor.py:183} INFO - Processing /home/airflow/.local/lib/python3.11/site-packages/airflow/example_dags/example_sensors.py took 0.594 seconds
[2024-05-03T18:23:13.198+0000] {processor.py:161} INFO - Started process (PID=699) to work on /home/airflow/.local/lib/python3.11/site-packages/airflow/example_dags/example_sensors.py
[2024-05-03T18:23:13.210+0000] {processor.py:830} INFO - Processing file /home/airflow/.local/lib/python3.11/site-packages/airflow/example_dags/example_sensors.py for tasks to queue
[2024-05-03T18:23:13.214+0000] {logging_mixin.py:188} INFO - [2024-05-03T18:23:13.213+0000] {dagbag.py:540} INFO - Filling up the DagBag from /home/airflow/.local/lib/python3.11/site-packages/airflow/example_dags/example_sensors.py
[2024-05-03T18:23:13.236+0000] {processor.py:840} INFO - DAG(s) 'example_sensors' retrieved from /home/airflow/.local/lib/python3.11/site-packages/airflow/example_dags/example_sensors.py
[2024-05-03T18:23:13.305+0000] {logging_mixin.py:188} INFO - [2024-05-03T18:23:13.305+0000] {dag.py:3096} INFO - Sync 1 DAGs
[2024-05-03T18:23:13.343+0000] {logging_mixin.py:188} INFO - [2024-05-03T18:23:13.343+0000] {dag.py:3954} INFO - Setting next_dagrun for example_sensors to None, run_after=None
[2024-05-03T18:23:13.409+0000] {processor.py:183} INFO - Processing /home/airflow/.local/lib/python3.11/site-packages/airflow/example_dags/example_sensors.py took 0.225 seconds
[2024-05-03T18:23:30.669+0000] {processor.py:161} INFO - Started process (PID=755) to work on /home/airflow/.local/lib/python3.11/site-packages/airflow/example_dags/example_sensors.py
[2024-05-03T18:23:30.671+0000] {processor.py:830} INFO - Processing file /home/airflow/.local/lib/python3.11/site-packages/airflow/example_dags/example_sensors.py for tasks to queue
[2024-05-03T18:23:30.676+0000] {logging_mixin.py:188} INFO - [2024-05-03T18:23:30.675+0000] {dagbag.py:540} INFO - Filling up the DagBag from /home/airflow/.local/lib/python3.11/site-packages/airflow/example_dags/example_sensors.py
[2024-05-03T18:23:30.698+0000] {processor.py:840} INFO - DAG(s) 'example_sensors' retrieved from /home/airflow/.local/lib/python3.11/site-packages/airflow/example_dags/example_sensors.py
[2024-05-03T18:23:30.757+0000] {logging_mixin.py:188} INFO - [2024-05-03T18:23:30.756+0000] {dag.py:3096} INFO - Sync 1 DAGs
[2024-05-03T18:23:30.811+0000] {logging_mixin.py:188} INFO - [2024-05-03T18:23:30.811+0000] {dag.py:3954} INFO - Setting next_dagrun for example_sensors to None, run_after=None
[2024-05-03T18:23:30.887+0000] {processor.py:183} INFO - Processing /home/airflow/.local/lib/python3.11/site-packages/airflow/example_dags/example_sensors.py took 0.236 seconds
[2024-05-03T18:23:43.569+0000] {processor.py:161} INFO - Started process (PID=806) to work on /home/airflow/.local/lib/python3.11/site-packages/airflow/example_dags/example_sensors.py
[2024-05-03T18:23:43.571+0000] {processor.py:830} INFO - Processing file /home/airflow/.local/lib/python3.11/site-packages/airflow/example_dags/example_sensors.py for tasks to queue
[2024-05-03T18:23:43.575+0000] {logging_mixin.py:188} INFO - [2024-05-03T18:23:43.575+0000] {dagbag.py:540} INFO - Filling up the DagBag from /home/airflow/.local/lib/python3.11/site-packages/airflow/example_dags/example_sensors.py
[2024-05-03T18:23:43.602+0000] {processor.py:840} INFO - DAG(s) 'example_sensors' retrieved from /home/airflow/.local/lib/python3.11/site-packages/airflow/example_dags/example_sensors.py
[2024-05-03T18:23:43.685+0000] {logging_mixin.py:188} INFO - [2024-05-03T18:23:43.685+0000] {dag.py:3096} INFO - Sync 1 DAGs
[2024-05-03T18:23:43.727+0000] {logging_mixin.py:188} INFO - [2024-05-03T18:23:43.727+0000] {dag.py:3954} INFO - Setting next_dagrun for example_sensors to None, run_after=None
[2024-05-03T18:23:43.858+0000] {processor.py:183} INFO - Processing /home/airflow/.local/lib/python3.11/site-packages/airflow/example_dags/example_sensors.py took 0.303 seconds
[2024-05-03T18:23:57.480+0000] {processor.py:161} INFO - Started process (PID=863) to work on /home/airflow/.local/lib/python3.11/site-packages/airflow/example_dags/example_sensors.py
[2024-05-03T18:23:57.483+0000] {processor.py:830} INFO - Processing file /home/airflow/.local/lib/python3.11/site-packages/airflow/example_dags/example_sensors.py for tasks to queue
[2024-05-03T18:23:57.489+0000] {logging_mixin.py:188} INFO - [2024-05-03T18:23:57.488+0000] {dagbag.py:540} INFO - Filling up the DagBag from /home/airflow/.local/lib/python3.11/site-packages/airflow/example_dags/example_sensors.py
[2024-05-03T18:23:57.521+0000] {processor.py:840} INFO - DAG(s) 'example_sensors' retrieved from /home/airflow/.local/lib/python3.11/site-packages/airflow/example_dags/example_sensors.py
[2024-05-03T18:23:57.619+0000] {logging_mixin.py:188} INFO - [2024-05-03T18:23:57.618+0000] {dag.py:3096} INFO - Sync 1 DAGs
[2024-05-03T18:23:57.671+0000] {logging_mixin.py:188} INFO - [2024-05-03T18:23:57.671+0000] {dag.py:3954} INFO - Setting next_dagrun for example_sensors to None, run_after=None
[2024-05-03T18:23:58.192+0000] {processor.py:183} INFO - Processing /home/airflow/.local/lib/python3.11/site-packages/airflow/example_dags/example_sensors.py took 0.735 seconds
[2024-05-03T18:24:18.755+0000] {processor.py:161} INFO - Started process (PID=921) to work on /home/airflow/.local/lib/python3.11/site-packages/airflow/example_dags/example_sensors.py
[2024-05-03T18:24:18.811+0000] {processor.py:830} INFO - Processing file /home/airflow/.local/lib/python3.11/site-packages/airflow/example_dags/example_sensors.py for tasks to queue
[2024-05-03T18:24:18.822+0000] {logging_mixin.py:188} INFO - [2024-05-03T18:24:18.817+0000] {dagbag.py:540} INFO - Filling up the DagBag from /home/airflow/.local/lib/python3.11/site-packages/airflow/example_dags/example_sensors.py
[2024-05-03T18:24:18.866+0000] {processor.py:840} INFO - DAG(s) 'example_sensors' retrieved from /home/airflow/.local/lib/python3.11/site-packages/airflow/example_dags/example_sensors.py
[2024-05-03T18:24:18.970+0000] {logging_mixin.py:188} INFO - [2024-05-03T18:24:18.969+0000] {dag.py:3096} INFO - Sync 1 DAGs
[2024-05-03T18:24:19.018+0000] {logging_mixin.py:188} INFO - [2024-05-03T18:24:19.018+0000] {dag.py:3954} INFO - Setting next_dagrun for example_sensors to None, run_after=None
[2024-05-03T18:24:19.219+0000] {processor.py:183} INFO - Processing /home/airflow/.local/lib/python3.11/site-packages/airflow/example_dags/example_sensors.py took 0.507 seconds
[2024-05-03T18:24:36.784+0000] {processor.py:161} INFO - Started process (PID=971) to work on /home/airflow/.local/lib/python3.11/site-packages/airflow/example_dags/example_sensors.py
[2024-05-03T18:24:36.806+0000] {processor.py:830} INFO - Processing file /home/airflow/.local/lib/python3.11/site-packages/airflow/example_dags/example_sensors.py for tasks to queue
[2024-05-03T18:24:36.823+0000] {logging_mixin.py:188} INFO - [2024-05-03T18:24:36.820+0000] {dagbag.py:540} INFO - Filling up the DagBag from /home/airflow/.local/lib/python3.11/site-packages/airflow/example_dags/example_sensors.py
[2024-05-03T18:24:36.896+0000] {processor.py:840} INFO - DAG(s) 'example_sensors' retrieved from /home/airflow/.local/lib/python3.11/site-packages/airflow/example_dags/example_sensors.py
[2024-05-03T18:24:37.008+0000] {logging_mixin.py:188} INFO - [2024-05-03T18:24:37.007+0000] {dag.py:3096} INFO - Sync 1 DAGs
[2024-05-03T18:24:37.040+0000] {logging_mixin.py:188} INFO - [2024-05-03T18:24:37.039+0000] {dag.py:3954} INFO - Setting next_dagrun for example_sensors to None, run_after=None
[2024-05-03T18:24:37.309+0000] {processor.py:183} INFO - Processing /home/airflow/.local/lib/python3.11/site-packages/airflow/example_dags/example_sensors.py took 0.575 seconds
[2024-05-03T18:24:59.640+0000] {processor.py:161} INFO - Started process (PID=1029) to work on /home/airflow/.local/lib/python3.11/site-packages/airflow/example_dags/example_sensors.py
[2024-05-03T18:24:59.647+0000] {processor.py:830} INFO - Processing file /home/airflow/.local/lib/python3.11/site-packages/airflow/example_dags/example_sensors.py for tasks to queue
[2024-05-03T18:24:59.677+0000] {logging_mixin.py:188} INFO - [2024-05-03T18:24:59.676+0000] {dagbag.py:540} INFO - Filling up the DagBag from /home/airflow/.local/lib/python3.11/site-packages/airflow/example_dags/example_sensors.py
[2024-05-03T18:24:59.804+0000] {processor.py:840} INFO - DAG(s) 'example_sensors' retrieved from /home/airflow/.local/lib/python3.11/site-packages/airflow/example_dags/example_sensors.py
[2024-05-03T18:25:00.175+0000] {logging_mixin.py:188} INFO - [2024-05-03T18:25:00.172+0000] {dag.py:3096} INFO - Sync 1 DAGs
[2024-05-03T18:25:00.386+0000] {logging_mixin.py:188} INFO - [2024-05-03T18:25:00.385+0000] {dag.py:3954} INFO - Setting next_dagrun for example_sensors to None, run_after=None
[2024-05-03T18:25:00.642+0000] {processor.py:183} INFO - Processing /home/airflow/.local/lib/python3.11/site-packages/airflow/example_dags/example_sensors.py took 1.097 seconds
[2024-05-03T18:25:45.179+0000] {processor.py:161} INFO - Started process (PID=1084) to work on /home/airflow/.local/lib/python3.11/site-packages/airflow/example_dags/example_sensors.py
[2024-05-03T18:25:45.191+0000] {processor.py:830} INFO - Processing file /home/airflow/.local/lib/python3.11/site-packages/airflow/example_dags/example_sensors.py for tasks to queue
[2024-05-03T18:25:45.210+0000] {logging_mixin.py:188} INFO - [2024-05-03T18:25:45.200+0000] {dagbag.py:540} INFO - Filling up the DagBag from /home/airflow/.local/lib/python3.11/site-packages/airflow/example_dags/example_sensors.py
[2024-05-03T18:25:45.377+0000] {processor.py:840} INFO - DAG(s) 'example_sensors' retrieved from /home/airflow/.local/lib/python3.11/site-packages/airflow/example_dags/example_sensors.py
[2024-05-03T18:25:45.691+0000] {logging_mixin.py:188} INFO - [2024-05-03T18:25:45.690+0000] {dag.py:3096} INFO - Sync 1 DAGs
[2024-05-03T18:25:45.955+0000] {logging_mixin.py:188} INFO - [2024-05-03T18:25:45.954+0000] {dag.py:3954} INFO - Setting next_dagrun for example_sensors to None, run_after=None
[2024-05-03T18:25:46.213+0000] {processor.py:183} INFO - Processing /home/airflow/.local/lib/python3.11/site-packages/airflow/example_dags/example_sensors.py took 1.081 seconds
[2024-05-03T18:26:44.512+0000] {processor.py:161} INFO - Started process (PID=1147) to work on /home/airflow/.local/lib/python3.11/site-packages/airflow/example_dags/example_sensors.py
[2024-05-03T18:26:44.551+0000] {processor.py:830} INFO - Processing file /home/airflow/.local/lib/python3.11/site-packages/airflow/example_dags/example_sensors.py for tasks to queue
[2024-05-03T18:26:44.592+0000] {logging_mixin.py:188} INFO - [2024-05-03T18:26:44.590+0000] {dagbag.py:540} INFO - Filling up the DagBag from /home/airflow/.local/lib/python3.11/site-packages/airflow/example_dags/example_sensors.py
[2024-05-03T18:26:44.733+0000] {processor.py:840} INFO - DAG(s) 'example_sensors' retrieved from /home/airflow/.local/lib/python3.11/site-packages/airflow/example_dags/example_sensors.py
[2024-05-03T18:26:45.413+0000] {logging_mixin.py:188} INFO - [2024-05-03T18:26:45.411+0000] {dag.py:3096} INFO - Sync 1 DAGs
[2024-05-03T18:26:45.739+0000] {logging_mixin.py:188} INFO - [2024-05-03T18:26:45.727+0000] {dag.py:3954} INFO - Setting next_dagrun for example_sensors to None, run_after=None
[2024-05-03T18:26:50.429+0000] {processor.py:183} INFO - Processing /home/airflow/.local/lib/python3.11/site-packages/airflow/example_dags/example_sensors.py took 6.012 seconds
[2024-05-03T18:27:51.204+0000] {processor.py:161} INFO - Started process (PID=1208) to work on /home/airflow/.local/lib/python3.11/site-packages/airflow/example_dags/example_sensors.py
[2024-05-03T18:27:51.266+0000] {processor.py:830} INFO - Processing file /home/airflow/.local/lib/python3.11/site-packages/airflow/example_dags/example_sensors.py for tasks to queue
[2024-05-03T18:27:51.375+0000] {logging_mixin.py:188} INFO - [2024-05-03T18:27:51.363+0000] {dagbag.py:540} INFO - Filling up the DagBag from /home/airflow/.local/lib/python3.11/site-packages/airflow/example_dags/example_sensors.py
[2024-05-03T18:27:51.612+0000] {processor.py:840} INFO - DAG(s) 'example_sensors' retrieved from /home/airflow/.local/lib/python3.11/site-packages/airflow/example_dags/example_sensors.py
[2024-05-03T18:27:51.956+0000] {logging_mixin.py:188} INFO - [2024-05-03T18:27:51.955+0000] {dag.py:3096} INFO - Sync 1 DAGs
[2024-05-03T18:27:52.133+0000] {logging_mixin.py:188} INFO - [2024-05-03T18:27:52.132+0000] {dag.py:3954} INFO - Setting next_dagrun for example_sensors to None, run_after=None
[2024-05-03T18:27:52.461+0000] {processor.py:183} INFO - Processing /home/airflow/.local/lib/python3.11/site-packages/airflow/example_dags/example_sensors.py took 1.471 seconds
[2024-05-03T18:28:45.694+0000] {processor.py:161} INFO - Started process (PID=1270) to work on /home/airflow/.local/lib/python3.11/site-packages/airflow/example_dags/example_sensors.py
[2024-05-03T18:28:45.713+0000] {processor.py:830} INFO - Processing file /home/airflow/.local/lib/python3.11/site-packages/airflow/example_dags/example_sensors.py for tasks to queue
[2024-05-03T18:28:45.732+0000] {logging_mixin.py:188} INFO - [2024-05-03T18:28:45.731+0000] {dagbag.py:540} INFO - Filling up the DagBag from /home/airflow/.local/lib/python3.11/site-packages/airflow/example_dags/example_sensors.py
[2024-05-03T18:28:45.887+0000] {processor.py:840} INFO - DAG(s) 'example_sensors' retrieved from /home/airflow/.local/lib/python3.11/site-packages/airflow/example_dags/example_sensors.py
[2024-05-03T18:28:46.139+0000] {logging_mixin.py:188} INFO - [2024-05-03T18:28:46.137+0000] {dag.py:3096} INFO - Sync 1 DAGs
[2024-05-03T18:28:46.392+0000] {logging_mixin.py:188} INFO - [2024-05-03T18:28:46.376+0000] {dag.py:3954} INFO - Setting next_dagrun for example_sensors to None, run_after=None
[2024-05-03T18:28:46.619+0000] {processor.py:183} INFO - Processing /home/airflow/.local/lib/python3.11/site-packages/airflow/example_dags/example_sensors.py took 1.011 seconds
