[2024-05-03T18:17:18.239+0000] {processor.py:161} INFO - Started process (PID=105) to work on /home/airflow/.local/lib/python3.11/site-packages/airflow/example_dags/example_display_name.py
[2024-05-03T18:17:18.254+0000] {processor.py:830} INFO - Processing file /home/airflow/.local/lib/python3.11/site-packages/airflow/example_dags/example_display_name.py for tasks to queue
[2024-05-03T18:17:18.261+0000] {logging_mixin.py:188} INFO - [2024-05-03T18:17:18.260+0000] {dagbag.py:540} INFO - Filling up the DagBag from /home/airflow/.local/lib/python3.11/site-packages/airflow/example_dags/example_display_name.py
[2024-05-03T18:17:18.310+0000] {processor.py:840} INFO - DAG(s) 'example_display_name' retrieved from /home/airflow/.local/lib/python3.11/site-packages/airflow/example_dags/example_display_name.py
[2024-05-03T18:17:19.602+0000] {logging_mixin.py:188} INFO - [2024-05-03T18:17:19.600+0000] {override.py:1829} INFO - Created Permission View: can edit on DAG:example_display_name
[2024-05-03T18:17:19.694+0000] {logging_mixin.py:188} INFO - [2024-05-03T18:17:19.693+0000] {override.py:1829} INFO - Created Permission View: can read on DAG:example_display_name
[2024-05-03T18:17:19.763+0000] {logging_mixin.py:188} INFO - [2024-05-03T18:17:19.762+0000] {override.py:1829} INFO - Created Permission View: can delete on DAG:example_display_name
[2024-05-03T18:17:19.777+0000] {logging_mixin.py:188} INFO - [2024-05-03T18:17:19.772+0000] {dag.py:3096} INFO - Sync 1 DAGs
[2024-05-03T18:17:19.888+0000] {logging_mixin.py:188} INFO - [2024-05-03T18:17:19.876+0000] {dag.py:3118} INFO - Creating ORM DAG for example_display_name
[2024-05-03T18:17:19.893+0000] {logging_mixin.py:188} INFO - [2024-05-03T18:17:19.892+0000] {dag.py:3954} INFO - Setting next_dagrun for example_display_name to None, run_after=None
[2024-05-03T18:17:20.081+0000] {processor.py:183} INFO - Processing /home/airflow/.local/lib/python3.11/site-packages/airflow/example_dags/example_display_name.py took 1.879 seconds
[2024-05-03T18:18:01.131+0000] {processor.py:161} INFO - Started process (PID=164) to work on /home/airflow/.local/lib/python3.11/site-packages/airflow/example_dags/example_display_name.py
[2024-05-03T18:18:01.136+0000] {processor.py:830} INFO - Processing file /home/airflow/.local/lib/python3.11/site-packages/airflow/example_dags/example_display_name.py for tasks to queue
[2024-05-03T18:18:01.153+0000] {logging_mixin.py:188} INFO - [2024-05-03T18:18:01.152+0000] {dagbag.py:540} INFO - Filling up the DagBag from /home/airflow/.local/lib/python3.11/site-packages/airflow/example_dags/example_display_name.py
[2024-05-03T18:18:01.198+0000] {processor.py:840} INFO - DAG(s) 'example_display_name' retrieved from /home/airflow/.local/lib/python3.11/site-packages/airflow/example_dags/example_display_name.py
[2024-05-03T18:18:01.389+0000] {logging_mixin.py:188} INFO - [2024-05-03T18:18:01.388+0000] {dag.py:3096} INFO - Sync 1 DAGs
[2024-05-03T18:18:01.490+0000] {logging_mixin.py:188} INFO - [2024-05-03T18:18:01.489+0000] {dag.py:3954} INFO - Setting next_dagrun for example_display_name to None, run_after=None
[2024-05-03T18:18:01.724+0000] {processor.py:183} INFO - Processing /home/airflow/.local/lib/python3.11/site-packages/airflow/example_dags/example_display_name.py took 0.661 seconds
[2024-05-03T18:18:41.687+0000] {processor.py:161} INFO - Started process (PID=220) to work on /home/airflow/.local/lib/python3.11/site-packages/airflow/example_dags/example_display_name.py
[2024-05-03T18:18:41.703+0000] {processor.py:830} INFO - Processing file /home/airflow/.local/lib/python3.11/site-packages/airflow/example_dags/example_display_name.py for tasks to queue
[2024-05-03T18:18:41.726+0000] {logging_mixin.py:188} INFO - [2024-05-03T18:18:41.725+0000] {dagbag.py:540} INFO - Filling up the DagBag from /home/airflow/.local/lib/python3.11/site-packages/airflow/example_dags/example_display_name.py
[2024-05-03T18:18:41.801+0000] {processor.py:840} INFO - DAG(s) 'example_display_name' retrieved from /home/airflow/.local/lib/python3.11/site-packages/airflow/example_dags/example_display_name.py
[2024-05-03T18:18:42.033+0000] {logging_mixin.py:188} INFO - [2024-05-03T18:18:42.030+0000] {dag.py:3096} INFO - Sync 1 DAGs
[2024-05-03T18:18:42.154+0000] {logging_mixin.py:188} INFO - [2024-05-03T18:18:42.153+0000] {dag.py:3954} INFO - Setting next_dagrun for example_display_name to None, run_after=None
[2024-05-03T18:18:42.372+0000] {processor.py:183} INFO - Processing /home/airflow/.local/lib/python3.11/site-packages/airflow/example_dags/example_display_name.py took 0.742 seconds
[2024-05-03T18:19:29.065+0000] {processor.py:161} INFO - Started process (PID=283) to work on /home/airflow/.local/lib/python3.11/site-packages/airflow/example_dags/example_display_name.py
[2024-05-03T18:19:29.095+0000] {processor.py:830} INFO - Processing file /home/airflow/.local/lib/python3.11/site-packages/airflow/example_dags/example_display_name.py for tasks to queue
[2024-05-03T18:19:29.129+0000] {logging_mixin.py:188} INFO - [2024-05-03T18:19:29.127+0000] {dagbag.py:540} INFO - Filling up the DagBag from /home/airflow/.local/lib/python3.11/site-packages/airflow/example_dags/example_display_name.py
[2024-05-03T18:19:29.248+0000] {processor.py:840} INFO - DAG(s) 'example_display_name' retrieved from /home/airflow/.local/lib/python3.11/site-packages/airflow/example_dags/example_display_name.py
[2024-05-03T18:19:29.431+0000] {logging_mixin.py:188} INFO - [2024-05-03T18:19:29.429+0000] {dag.py:3096} INFO - Sync 1 DAGs
[2024-05-03T18:19:29.611+0000] {logging_mixin.py:188} INFO - [2024-05-03T18:19:29.610+0000] {dag.py:3954} INFO - Setting next_dagrun for example_display_name to None, run_after=None
[2024-05-03T18:19:29.839+0000] {processor.py:183} INFO - Processing /home/airflow/.local/lib/python3.11/site-packages/airflow/example_dags/example_display_name.py took 0.820 seconds
[2024-05-03T18:20:06.076+0000] {processor.py:161} INFO - Started process (PID=338) to work on /home/airflow/.local/lib/python3.11/site-packages/airflow/example_dags/example_display_name.py
[2024-05-03T18:20:06.081+0000] {processor.py:830} INFO - Processing file /home/airflow/.local/lib/python3.11/site-packages/airflow/example_dags/example_display_name.py for tasks to queue
[2024-05-03T18:20:06.115+0000] {logging_mixin.py:188} INFO - [2024-05-03T18:20:06.100+0000] {dagbag.py:540} INFO - Filling up the DagBag from /home/airflow/.local/lib/python3.11/site-packages/airflow/example_dags/example_display_name.py
[2024-05-03T18:20:06.197+0000] {processor.py:840} INFO - DAG(s) 'example_display_name' retrieved from /home/airflow/.local/lib/python3.11/site-packages/airflow/example_dags/example_display_name.py
[2024-05-03T18:20:06.439+0000] {logging_mixin.py:188} INFO - [2024-05-03T18:20:06.438+0000] {dag.py:3096} INFO - Sync 1 DAGs
[2024-05-03T18:20:06.511+0000] {logging_mixin.py:188} INFO - [2024-05-03T18:20:06.510+0000] {dag.py:3954} INFO - Setting next_dagrun for example_display_name to None, run_after=None
[2024-05-03T18:20:07.560+0000] {processor.py:183} INFO - Processing /home/airflow/.local/lib/python3.11/site-packages/airflow/example_dags/example_display_name.py took 1.554 seconds
[2024-05-03T18:20:39.657+0000] {processor.py:161} INFO - Started process (PID=396) to work on /home/airflow/.local/lib/python3.11/site-packages/airflow/example_dags/example_display_name.py
[2024-05-03T18:20:39.662+0000] {processor.py:830} INFO - Processing file /home/airflow/.local/lib/python3.11/site-packages/airflow/example_dags/example_display_name.py for tasks to queue
[2024-05-03T18:20:39.682+0000] {logging_mixin.py:188} INFO - [2024-05-03T18:20:39.681+0000] {dagbag.py:540} INFO - Filling up the DagBag from /home/airflow/.local/lib/python3.11/site-packages/airflow/example_dags/example_display_name.py
[2024-05-03T18:20:39.751+0000] {processor.py:840} INFO - DAG(s) 'example_display_name' retrieved from /home/airflow/.local/lib/python3.11/site-packages/airflow/example_dags/example_display_name.py
[2024-05-03T18:20:39.925+0000] {logging_mixin.py:188} INFO - [2024-05-03T18:20:39.924+0000] {dag.py:3096} INFO - Sync 1 DAGs
[2024-05-03T18:20:40.024+0000] {logging_mixin.py:188} INFO - [2024-05-03T18:20:40.023+0000] {dag.py:3954} INFO - Setting next_dagrun for example_display_name to None, run_after=None
[2024-05-03T18:20:40.171+0000] {processor.py:183} INFO - Processing /home/airflow/.local/lib/python3.11/site-packages/airflow/example_dags/example_display_name.py took 0.564 seconds
[2024-05-03T18:21:08.377+0000] {processor.py:161} INFO - Started process (PID=451) to work on /home/airflow/.local/lib/python3.11/site-packages/airflow/example_dags/example_display_name.py
[2024-05-03T18:21:08.394+0000] {processor.py:830} INFO - Processing file /home/airflow/.local/lib/python3.11/site-packages/airflow/example_dags/example_display_name.py for tasks to queue
[2024-05-03T18:21:08.409+0000] {logging_mixin.py:188} INFO - [2024-05-03T18:21:08.407+0000] {dagbag.py:540} INFO - Filling up the DagBag from /home/airflow/.local/lib/python3.11/site-packages/airflow/example_dags/example_display_name.py
[2024-05-03T18:21:08.448+0000] {processor.py:840} INFO - DAG(s) 'example_display_name' retrieved from /home/airflow/.local/lib/python3.11/site-packages/airflow/example_dags/example_display_name.py
[2024-05-03T18:21:08.676+0000] {logging_mixin.py:188} INFO - [2024-05-03T18:21:08.674+0000] {dag.py:3096} INFO - Sync 1 DAGs
[2024-05-03T18:21:08.764+0000] {logging_mixin.py:188} INFO - [2024-05-03T18:21:08.763+0000] {dag.py:3954} INFO - Setting next_dagrun for example_display_name to None, run_after=None
[2024-05-03T18:21:08.955+0000] {processor.py:183} INFO - Processing /home/airflow/.local/lib/python3.11/site-packages/airflow/example_dags/example_display_name.py took 0.619 seconds
[2024-05-03T18:21:41.521+0000] {processor.py:161} INFO - Started process (PID=508) to work on /home/airflow/.local/lib/python3.11/site-packages/airflow/example_dags/example_display_name.py
[2024-05-03T18:21:41.524+0000] {processor.py:830} INFO - Processing file /home/airflow/.local/lib/python3.11/site-packages/airflow/example_dags/example_display_name.py for tasks to queue
[2024-05-03T18:21:41.535+0000] {logging_mixin.py:188} INFO - [2024-05-03T18:21:41.534+0000] {dagbag.py:540} INFO - Filling up the DagBag from /home/airflow/.local/lib/python3.11/site-packages/airflow/example_dags/example_display_name.py
[2024-05-03T18:21:41.577+0000] {processor.py:840} INFO - DAG(s) 'example_display_name' retrieved from /home/airflow/.local/lib/python3.11/site-packages/airflow/example_dags/example_display_name.py
[2024-05-03T18:21:41.796+0000] {logging_mixin.py:188} INFO - [2024-05-03T18:21:41.795+0000] {dag.py:3096} INFO - Sync 1 DAGs
[2024-05-03T18:21:41.924+0000] {logging_mixin.py:188} INFO - [2024-05-03T18:21:41.923+0000] {dag.py:3954} INFO - Setting next_dagrun for example_display_name to None, run_after=None
[2024-05-03T18:21:42.050+0000] {processor.py:183} INFO - Processing /home/airflow/.local/lib/python3.11/site-packages/airflow/example_dags/example_display_name.py took 0.570 seconds
[2024-05-03T18:22:10.668+0000] {processor.py:161} INFO - Started process (PID=564) to work on /home/airflow/.local/lib/python3.11/site-packages/airflow/example_dags/example_display_name.py
[2024-05-03T18:22:10.677+0000] {processor.py:830} INFO - Processing file /home/airflow/.local/lib/python3.11/site-packages/airflow/example_dags/example_display_name.py for tasks to queue
[2024-05-03T18:22:10.702+0000] {logging_mixin.py:188} INFO - [2024-05-03T18:22:10.695+0000] {dagbag.py:540} INFO - Filling up the DagBag from /home/airflow/.local/lib/python3.11/site-packages/airflow/example_dags/example_display_name.py
[2024-05-03T18:22:10.741+0000] {processor.py:840} INFO - DAG(s) 'example_display_name' retrieved from /home/airflow/.local/lib/python3.11/site-packages/airflow/example_dags/example_display_name.py
[2024-05-03T18:22:10.890+0000] {logging_mixin.py:188} INFO - [2024-05-03T18:22:10.889+0000] {dag.py:3096} INFO - Sync 1 DAGs
[2024-05-03T18:22:10.992+0000] {logging_mixin.py:188} INFO - [2024-05-03T18:22:10.991+0000] {dag.py:3954} INFO - Setting next_dagrun for example_display_name to None, run_after=None
[2024-05-03T18:22:11.131+0000] {processor.py:183} INFO - Processing /home/airflow/.local/lib/python3.11/site-packages/airflow/example_dags/example_display_name.py took 0.501 seconds
[2024-05-03T18:22:41.535+0000] {processor.py:161} INFO - Started process (PID=621) to work on /home/airflow/.local/lib/python3.11/site-packages/airflow/example_dags/example_display_name.py
[2024-05-03T18:22:41.540+0000] {processor.py:830} INFO - Processing file /home/airflow/.local/lib/python3.11/site-packages/airflow/example_dags/example_display_name.py for tasks to queue
[2024-05-03T18:22:41.576+0000] {logging_mixin.py:188} INFO - [2024-05-03T18:22:41.572+0000] {dagbag.py:540} INFO - Filling up the DagBag from /home/airflow/.local/lib/python3.11/site-packages/airflow/example_dags/example_display_name.py
[2024-05-03T18:22:41.636+0000] {processor.py:840} INFO - DAG(s) 'example_display_name' retrieved from /home/airflow/.local/lib/python3.11/site-packages/airflow/example_dags/example_display_name.py
[2024-05-03T18:22:41.815+0000] {logging_mixin.py:188} INFO - [2024-05-03T18:22:41.814+0000] {dag.py:3096} INFO - Sync 1 DAGs
[2024-05-03T18:22:41.923+0000] {logging_mixin.py:188} INFO - [2024-05-03T18:22:41.922+0000] {dag.py:3954} INFO - Setting next_dagrun for example_display_name to None, run_after=None
[2024-05-03T18:22:42.155+0000] {processor.py:183} INFO - Processing /home/airflow/.local/lib/python3.11/site-packages/airflow/example_dags/example_display_name.py took 0.688 seconds
[2024-05-03T18:23:05.083+0000] {processor.py:161} INFO - Started process (PID=676) to work on /home/airflow/.local/lib/python3.11/site-packages/airflow/example_dags/example_display_name.py
[2024-05-03T18:23:05.087+0000] {processor.py:830} INFO - Processing file /home/airflow/.local/lib/python3.11/site-packages/airflow/example_dags/example_display_name.py for tasks to queue
[2024-05-03T18:23:05.097+0000] {logging_mixin.py:188} INFO - [2024-05-03T18:23:05.096+0000] {dagbag.py:540} INFO - Filling up the DagBag from /home/airflow/.local/lib/python3.11/site-packages/airflow/example_dags/example_display_name.py
[2024-05-03T18:23:05.123+0000] {processor.py:840} INFO - DAG(s) 'example_display_name' retrieved from /home/airflow/.local/lib/python3.11/site-packages/airflow/example_dags/example_display_name.py
[2024-05-03T18:23:05.211+0000] {logging_mixin.py:188} INFO - [2024-05-03T18:23:05.210+0000] {dag.py:3096} INFO - Sync 1 DAGs
[2024-05-03T18:23:05.273+0000] {logging_mixin.py:188} INFO - [2024-05-03T18:23:05.273+0000] {dag.py:3954} INFO - Setting next_dagrun for example_display_name to None, run_after=None
[2024-05-03T18:23:05.393+0000] {processor.py:183} INFO - Processing /home/airflow/.local/lib/python3.11/site-packages/airflow/example_dags/example_display_name.py took 0.344 seconds
[2024-05-03T18:23:23.858+0000] {processor.py:161} INFO - Started process (PID=733) to work on /home/airflow/.local/lib/python3.11/site-packages/airflow/example_dags/example_display_name.py
[2024-05-03T18:23:23.862+0000] {processor.py:830} INFO - Processing file /home/airflow/.local/lib/python3.11/site-packages/airflow/example_dags/example_display_name.py for tasks to queue
[2024-05-03T18:23:23.870+0000] {logging_mixin.py:188} INFO - [2024-05-03T18:23:23.867+0000] {dagbag.py:540} INFO - Filling up the DagBag from /home/airflow/.local/lib/python3.11/site-packages/airflow/example_dags/example_display_name.py
[2024-05-03T18:23:23.886+0000] {processor.py:840} INFO - DAG(s) 'example_display_name' retrieved from /home/airflow/.local/lib/python3.11/site-packages/airflow/example_dags/example_display_name.py
[2024-05-03T18:23:23.921+0000] {logging_mixin.py:188} INFO - [2024-05-03T18:23:23.920+0000] {dag.py:3096} INFO - Sync 1 DAGs
[2024-05-03T18:23:23.943+0000] {logging_mixin.py:188} INFO - [2024-05-03T18:23:23.943+0000] {dag.py:3954} INFO - Setting next_dagrun for example_display_name to None, run_after=None
[2024-05-03T18:23:24.348+0000] {processor.py:183} INFO - Processing /home/airflow/.local/lib/python3.11/site-packages/airflow/example_dags/example_display_name.py took 0.502 seconds
[2024-05-03T18:23:36.962+0000] {processor.py:161} INFO - Started process (PID=783) to work on /home/airflow/.local/lib/python3.11/site-packages/airflow/example_dags/example_display_name.py
[2024-05-03T18:23:37.065+0000] {processor.py:830} INFO - Processing file /home/airflow/.local/lib/python3.11/site-packages/airflow/example_dags/example_display_name.py for tasks to queue
[2024-05-03T18:23:37.071+0000] {logging_mixin.py:188} INFO - [2024-05-03T18:23:37.070+0000] {dagbag.py:540} INFO - Filling up the DagBag from /home/airflow/.local/lib/python3.11/site-packages/airflow/example_dags/example_display_name.py
[2024-05-03T18:23:37.089+0000] {processor.py:840} INFO - DAG(s) 'example_display_name' retrieved from /home/airflow/.local/lib/python3.11/site-packages/airflow/example_dags/example_display_name.py
[2024-05-03T18:23:37.145+0000] {logging_mixin.py:188} INFO - [2024-05-03T18:23:37.144+0000] {dag.py:3096} INFO - Sync 1 DAGs
[2024-05-03T18:23:37.179+0000] {logging_mixin.py:188} INFO - [2024-05-03T18:23:37.179+0000] {dag.py:3954} INFO - Setting next_dagrun for example_display_name to None, run_after=None
[2024-05-03T18:23:37.379+0000] {processor.py:183} INFO - Processing /home/airflow/.local/lib/python3.11/site-packages/airflow/example_dags/example_display_name.py took 0.432 seconds
[2024-05-03T18:23:50.063+0000] {processor.py:161} INFO - Started process (PID=841) to work on /home/airflow/.local/lib/python3.11/site-packages/airflow/example_dags/example_display_name.py
[2024-05-03T18:23:50.077+0000] {processor.py:830} INFO - Processing file /home/airflow/.local/lib/python3.11/site-packages/airflow/example_dags/example_display_name.py for tasks to queue
[2024-05-03T18:23:50.081+0000] {logging_mixin.py:188} INFO - [2024-05-03T18:23:50.080+0000] {dagbag.py:540} INFO - Filling up the DagBag from /home/airflow/.local/lib/python3.11/site-packages/airflow/example_dags/example_display_name.py
[2024-05-03T18:23:50.094+0000] {processor.py:840} INFO - DAG(s) 'example_display_name' retrieved from /home/airflow/.local/lib/python3.11/site-packages/airflow/example_dags/example_display_name.py
[2024-05-03T18:23:50.134+0000] {logging_mixin.py:188} INFO - [2024-05-03T18:23:50.134+0000] {dag.py:3096} INFO - Sync 1 DAGs
[2024-05-03T18:23:50.161+0000] {logging_mixin.py:188} INFO - [2024-05-03T18:23:50.161+0000] {dag.py:3954} INFO - Setting next_dagrun for example_display_name to None, run_after=None
[2024-05-03T18:23:50.340+0000] {processor.py:183} INFO - Processing /home/airflow/.local/lib/python3.11/site-packages/airflow/example_dags/example_display_name.py took 0.288 seconds
[2024-05-03T18:24:07.548+0000] {processor.py:161} INFO - Started process (PID=891) to work on /home/airflow/.local/lib/python3.11/site-packages/airflow/example_dags/example_display_name.py
[2024-05-03T18:24:07.576+0000] {processor.py:830} INFO - Processing file /home/airflow/.local/lib/python3.11/site-packages/airflow/example_dags/example_display_name.py for tasks to queue
[2024-05-03T18:24:07.626+0000] {logging_mixin.py:188} INFO - [2024-05-03T18:24:07.625+0000] {dagbag.py:540} INFO - Filling up the DagBag from /home/airflow/.local/lib/python3.11/site-packages/airflow/example_dags/example_display_name.py
[2024-05-03T18:24:07.708+0000] {processor.py:840} INFO - DAG(s) 'example_display_name' retrieved from /home/airflow/.local/lib/python3.11/site-packages/airflow/example_dags/example_display_name.py
[2024-05-03T18:24:07.957+0000] {logging_mixin.py:188} INFO - [2024-05-03T18:24:07.956+0000] {dag.py:3096} INFO - Sync 1 DAGs
[2024-05-03T18:24:08.051+0000] {logging_mixin.py:188} INFO - [2024-05-03T18:24:08.050+0000] {dag.py:3954} INFO - Setting next_dagrun for example_display_name to None, run_after=None
[2024-05-03T18:24:08.214+0000] {processor.py:183} INFO - Processing /home/airflow/.local/lib/python3.11/site-packages/airflow/example_dags/example_display_name.py took 0.737 seconds
[2024-05-03T18:24:29.755+0000] {processor.py:161} INFO - Started process (PID=949) to work on /home/airflow/.local/lib/python3.11/site-packages/airflow/example_dags/example_display_name.py
[2024-05-03T18:24:29.759+0000] {processor.py:830} INFO - Processing file /home/airflow/.local/lib/python3.11/site-packages/airflow/example_dags/example_display_name.py for tasks to queue
[2024-05-03T18:24:29.773+0000] {logging_mixin.py:188} INFO - [2024-05-03T18:24:29.769+0000] {dagbag.py:540} INFO - Filling up the DagBag from /home/airflow/.local/lib/python3.11/site-packages/airflow/example_dags/example_display_name.py
[2024-05-03T18:24:29.797+0000] {processor.py:840} INFO - DAG(s) 'example_display_name' retrieved from /home/airflow/.local/lib/python3.11/site-packages/airflow/example_dags/example_display_name.py
[2024-05-03T18:24:29.874+0000] {logging_mixin.py:188} INFO - [2024-05-03T18:24:29.872+0000] {dag.py:3096} INFO - Sync 1 DAGs
[2024-05-03T18:24:29.913+0000] {logging_mixin.py:188} INFO - [2024-05-03T18:24:29.912+0000] {dag.py:3954} INFO - Setting next_dagrun for example_display_name to None, run_after=None
[2024-05-03T18:24:30.165+0000] {processor.py:183} INFO - Processing /home/airflow/.local/lib/python3.11/site-packages/airflow/example_dags/example_display_name.py took 0.448 seconds
[2024-05-03T18:24:46.820+0000] {processor.py:161} INFO - Started process (PID=999) to work on /home/airflow/.local/lib/python3.11/site-packages/airflow/example_dags/example_display_name.py
[2024-05-03T18:24:46.830+0000] {processor.py:830} INFO - Processing file /home/airflow/.local/lib/python3.11/site-packages/airflow/example_dags/example_display_name.py for tasks to queue
[2024-05-03T18:24:46.840+0000] {logging_mixin.py:188} INFO - [2024-05-03T18:24:46.839+0000] {dagbag.py:540} INFO - Filling up the DagBag from /home/airflow/.local/lib/python3.11/site-packages/airflow/example_dags/example_display_name.py
[2024-05-03T18:24:46.890+0000] {processor.py:840} INFO - DAG(s) 'example_display_name' retrieved from /home/airflow/.local/lib/python3.11/site-packages/airflow/example_dags/example_display_name.py
[2024-05-03T18:24:46.974+0000] {logging_mixin.py:188} INFO - [2024-05-03T18:24:46.973+0000] {dag.py:3096} INFO - Sync 1 DAGs
[2024-05-03T18:24:47.048+0000] {logging_mixin.py:188} INFO - [2024-05-03T18:24:47.047+0000] {dag.py:3954} INFO - Setting next_dagrun for example_display_name to None, run_after=None
[2024-05-03T18:24:47.133+0000] {processor.py:183} INFO - Processing /home/airflow/.local/lib/python3.11/site-packages/airflow/example_dags/example_display_name.py took 0.346 seconds
[2024-05-03T18:25:22.805+0000] {processor.py:161} INFO - Started process (PID=1062) to work on /home/airflow/.local/lib/python3.11/site-packages/airflow/example_dags/example_display_name.py
[2024-05-03T18:25:22.824+0000] {processor.py:830} INFO - Processing file /home/airflow/.local/lib/python3.11/site-packages/airflow/example_dags/example_display_name.py for tasks to queue
[2024-05-03T18:25:22.853+0000] {logging_mixin.py:188} INFO - [2024-05-03T18:25:22.852+0000] {dagbag.py:540} INFO - Filling up the DagBag from /home/airflow/.local/lib/python3.11/site-packages/airflow/example_dags/example_display_name.py
[2024-05-03T18:25:22.947+0000] {processor.py:840} INFO - DAG(s) 'example_display_name' retrieved from /home/airflow/.local/lib/python3.11/site-packages/airflow/example_dags/example_display_name.py
[2024-05-03T18:25:23.097+0000] {logging_mixin.py:188} INFO - [2024-05-03T18:25:23.096+0000] {dag.py:3096} INFO - Sync 1 DAGs
[2024-05-03T18:25:23.195+0000] {logging_mixin.py:188} INFO - [2024-05-03T18:25:23.194+0000] {dag.py:3954} INFO - Setting next_dagrun for example_display_name to None, run_after=None
[2024-05-03T18:25:23.564+0000] {processor.py:183} INFO - Processing /home/airflow/.local/lib/python3.11/site-packages/airflow/example_dags/example_display_name.py took 0.839 seconds
[2024-05-03T18:26:14.875+0000] {processor.py:161} INFO - Started process (PID=1118) to work on /home/airflow/.local/lib/python3.11/site-packages/airflow/example_dags/example_display_name.py
[2024-05-03T18:26:14.906+0000] {processor.py:830} INFO - Processing file /home/airflow/.local/lib/python3.11/site-packages/airflow/example_dags/example_display_name.py for tasks to queue
[2024-05-03T18:26:15.006+0000] {logging_mixin.py:188} INFO - [2024-05-03T18:26:14.976+0000] {dagbag.py:540} INFO - Filling up the DagBag from /home/airflow/.local/lib/python3.11/site-packages/airflow/example_dags/example_display_name.py
[2024-05-03T18:26:15.171+0000] {processor.py:840} INFO - DAG(s) 'example_display_name' retrieved from /home/airflow/.local/lib/python3.11/site-packages/airflow/example_dags/example_display_name.py
[2024-05-03T18:26:16.075+0000] {logging_mixin.py:188} INFO - [2024-05-03T18:26:16.066+0000] {dag.py:3096} INFO - Sync 1 DAGs
[2024-05-03T18:26:16.518+0000] {logging_mixin.py:188} INFO - [2024-05-03T18:26:16.517+0000] {dag.py:3954} INFO - Setting next_dagrun for example_display_name to None, run_after=None
[2024-05-03T18:26:18.264+0000] {processor.py:183} INFO - Processing /home/airflow/.local/lib/python3.11/site-packages/airflow/example_dags/example_display_name.py took 3.479 seconds
[2024-05-03T18:27:24.553+0000] {processor.py:161} INFO - Started process (PID=1181) to work on /home/airflow/.local/lib/python3.11/site-packages/airflow/example_dags/example_display_name.py
[2024-05-03T18:27:24.575+0000] {processor.py:830} INFO - Processing file /home/airflow/.local/lib/python3.11/site-packages/airflow/example_dags/example_display_name.py for tasks to queue
[2024-05-03T18:27:24.592+0000] {logging_mixin.py:188} INFO - [2024-05-03T18:27:24.591+0000] {dagbag.py:540} INFO - Filling up the DagBag from /home/airflow/.local/lib/python3.11/site-packages/airflow/example_dags/example_display_name.py
[2024-05-03T18:27:24.650+0000] {processor.py:840} INFO - DAG(s) 'example_display_name' retrieved from /home/airflow/.local/lib/python3.11/site-packages/airflow/example_dags/example_display_name.py
[2024-05-03T18:27:24.812+0000] {logging_mixin.py:188} INFO - [2024-05-03T18:27:24.811+0000] {dag.py:3096} INFO - Sync 1 DAGs
[2024-05-03T18:27:25.017+0000] {logging_mixin.py:188} INFO - [2024-05-03T18:27:25.005+0000] {dag.py:3954} INFO - Setting next_dagrun for example_display_name to None, run_after=None
[2024-05-03T18:27:25.415+0000] {processor.py:183} INFO - Processing /home/airflow/.local/lib/python3.11/site-packages/airflow/example_dags/example_display_name.py took 1.126 seconds
[2024-05-03T18:28:19.337+0000] {processor.py:161} INFO - Started process (PID=1242) to work on /home/airflow/.local/lib/python3.11/site-packages/airflow/example_dags/example_display_name.py
[2024-05-03T18:28:19.341+0000] {processor.py:830} INFO - Processing file /home/airflow/.local/lib/python3.11/site-packages/airflow/example_dags/example_display_name.py for tasks to queue
[2024-05-03T18:28:19.409+0000] {logging_mixin.py:188} INFO - [2024-05-03T18:28:19.408+0000] {dagbag.py:540} INFO - Filling up the DagBag from /home/airflow/.local/lib/python3.11/site-packages/airflow/example_dags/example_display_name.py
[2024-05-03T18:28:19.466+0000] {processor.py:840} INFO - DAG(s) 'example_display_name' retrieved from /home/airflow/.local/lib/python3.11/site-packages/airflow/example_dags/example_display_name.py
[2024-05-03T18:28:19.669+0000] {logging_mixin.py:188} INFO - [2024-05-03T18:28:19.668+0000] {dag.py:3096} INFO - Sync 1 DAGs
[2024-05-03T18:28:19.845+0000] {logging_mixin.py:188} INFO - [2024-05-03T18:28:19.844+0000] {dag.py:3954} INFO - Setting next_dagrun for example_display_name to None, run_after=None
[2024-05-03T18:28:20.440+0000] {processor.py:183} INFO - Processing /home/airflow/.local/lib/python3.11/site-packages/airflow/example_dags/example_display_name.py took 1.134 seconds
[2024-05-03T18:29:08.849+0000] {processor.py:161} INFO - Started process (PID=1303) to work on /home/airflow/.local/lib/python3.11/site-packages/airflow/example_dags/example_display_name.py
[2024-05-03T18:29:08.869+0000] {processor.py:830} INFO - Processing file /home/airflow/.local/lib/python3.11/site-packages/airflow/example_dags/example_display_name.py for tasks to queue
[2024-05-03T18:29:08.911+0000] {logging_mixin.py:188} INFO - [2024-05-03T18:29:08.904+0000] {dagbag.py:540} INFO - Filling up the DagBag from /home/airflow/.local/lib/python3.11/site-packages/airflow/example_dags/example_display_name.py
[2024-05-03T18:29:09.293+0000] {processor.py:840} INFO - DAG(s) 'example_display_name' retrieved from /home/airflow/.local/lib/python3.11/site-packages/airflow/example_dags/example_display_name.py
[2024-05-03T18:29:09.734+0000] {logging_mixin.py:188} INFO - [2024-05-03T18:29:09.733+0000] {dag.py:3096} INFO - Sync 1 DAGs
[2024-05-03T18:29:09.955+0000] {logging_mixin.py:188} INFO - [2024-05-03T18:29:09.955+0000] {dag.py:3954} INFO - Setting next_dagrun for example_display_name to None, run_after=None
[2024-05-03T18:29:10.345+0000] {processor.py:183} INFO - Processing /home/airflow/.local/lib/python3.11/site-packages/airflow/example_dags/example_display_name.py took 1.562 seconds
