[2024-05-03T18:17:08.898+0000] {processor.py:161} INFO - Started process (PID=91) to work on /home/airflow/.local/lib/python3.11/site-packages/airflow/example_dags/example_latest_only_with_trigger.py
[2024-05-03T18:17:08.903+0000] {processor.py:830} INFO - Processing file /home/airflow/.local/lib/python3.11/site-packages/airflow/example_dags/example_latest_only_with_trigger.py for tasks to queue
[2024-05-03T18:17:08.941+0000] {logging_mixin.py:188} INFO - [2024-05-03T18:17:08.939+0000] {dagbag.py:540} INFO - Filling up the DagBag from /home/airflow/.local/lib/python3.11/site-packages/airflow/example_dags/example_latest_only_with_trigger.py
[2024-05-03T18:17:09.002+0000] {processor.py:840} INFO - DAG(s) 'latest_only_with_trigger' retrieved from /home/airflow/.local/lib/python3.11/site-packages/airflow/example_dags/example_latest_only_with_trigger.py
[2024-05-03T18:17:10.253+0000] {logging_mixin.py:188} INFO - [2024-05-03T18:17:10.249+0000] {override.py:1829} INFO - Created Permission View: can edit on DAG:latest_only_with_trigger
[2024-05-03T18:17:10.394+0000] {logging_mixin.py:188} INFO - [2024-05-03T18:17:10.393+0000] {override.py:1829} INFO - Created Permission View: can read on DAG:latest_only_with_trigger
[2024-05-03T18:17:10.456+0000] {logging_mixin.py:188} INFO - [2024-05-03T18:17:10.455+0000] {override.py:1829} INFO - Created Permission View: can delete on DAG:latest_only_with_trigger
[2024-05-03T18:17:10.459+0000] {logging_mixin.py:188} INFO - [2024-05-03T18:17:10.458+0000] {dag.py:3096} INFO - Sync 1 DAGs
[2024-05-03T18:17:10.604+0000] {logging_mixin.py:188} INFO - [2024-05-03T18:17:10.603+0000] {dag.py:3118} INFO - Creating ORM DAG for latest_only_with_trigger
[2024-05-03T18:17:10.706+0000] {logging_mixin.py:188} INFO - [2024-05-03T18:17:10.704+0000] {dag.py:3954} INFO - Setting next_dagrun for latest_only_with_trigger to 2024-05-03 12:00:00+00:00, run_after=2024-05-03 16:00:00+00:00
[2024-05-03T18:17:10.957+0000] {processor.py:183} INFO - Processing /home/airflow/.local/lib/python3.11/site-packages/airflow/example_dags/example_latest_only_with_trigger.py took 2.118 seconds
[2024-05-03T18:17:55.903+0000] {processor.py:161} INFO - Started process (PID=157) to work on /home/airflow/.local/lib/python3.11/site-packages/airflow/example_dags/example_latest_only_with_trigger.py
[2024-05-03T18:17:55.912+0000] {processor.py:830} INFO - Processing file /home/airflow/.local/lib/python3.11/site-packages/airflow/example_dags/example_latest_only_with_trigger.py for tasks to queue
[2024-05-03T18:17:55.921+0000] {logging_mixin.py:188} INFO - [2024-05-03T18:17:55.919+0000] {dagbag.py:540} INFO - Filling up the DagBag from /home/airflow/.local/lib/python3.11/site-packages/airflow/example_dags/example_latest_only_with_trigger.py
[2024-05-03T18:17:55.958+0000] {processor.py:840} INFO - DAG(s) 'latest_only_with_trigger' retrieved from /home/airflow/.local/lib/python3.11/site-packages/airflow/example_dags/example_latest_only_with_trigger.py
[2024-05-03T18:17:56.135+0000] {logging_mixin.py:188} INFO - [2024-05-03T18:17:56.134+0000] {dag.py:3096} INFO - Sync 1 DAGs
[2024-05-03T18:17:56.340+0000] {logging_mixin.py:188} INFO - [2024-05-03T18:17:56.339+0000] {dag.py:3954} INFO - Setting next_dagrun for latest_only_with_trigger to 2024-05-03 12:00:00+00:00, run_after=2024-05-03 16:00:00+00:00
[2024-05-03T18:17:56.486+0000] {processor.py:183} INFO - Processing /home/airflow/.local/lib/python3.11/site-packages/airflow/example_dags/example_latest_only_with_trigger.py took 0.627 seconds
[2024-05-03T18:18:35.563+0000] {processor.py:161} INFO - Started process (PID=213) to work on /home/airflow/.local/lib/python3.11/site-packages/airflow/example_dags/example_latest_only_with_trigger.py
[2024-05-03T18:18:35.569+0000] {processor.py:830} INFO - Processing file /home/airflow/.local/lib/python3.11/site-packages/airflow/example_dags/example_latest_only_with_trigger.py for tasks to queue
[2024-05-03T18:18:35.590+0000] {logging_mixin.py:188} INFO - [2024-05-03T18:18:35.588+0000] {dagbag.py:540} INFO - Filling up the DagBag from /home/airflow/.local/lib/python3.11/site-packages/airflow/example_dags/example_latest_only_with_trigger.py
[2024-05-03T18:18:35.650+0000] {processor.py:840} INFO - DAG(s) 'latest_only_with_trigger' retrieved from /home/airflow/.local/lib/python3.11/site-packages/airflow/example_dags/example_latest_only_with_trigger.py
[2024-05-03T18:18:35.889+0000] {logging_mixin.py:188} INFO - [2024-05-03T18:18:35.888+0000] {dag.py:3096} INFO - Sync 1 DAGs
[2024-05-03T18:18:36.135+0000] {logging_mixin.py:188} INFO - [2024-05-03T18:18:36.127+0000] {dag.py:3954} INFO - Setting next_dagrun for latest_only_with_trigger to 2024-05-03 12:00:00+00:00, run_after=2024-05-03 16:00:00+00:00
[2024-05-03T18:18:36.318+0000] {processor.py:183} INFO - Processing /home/airflow/.local/lib/python3.11/site-packages/airflow/example_dags/example_latest_only_with_trigger.py took 0.809 seconds
[2024-05-03T18:19:22.228+0000] {processor.py:161} INFO - Started process (PID=276) to work on /home/airflow/.local/lib/python3.11/site-packages/airflow/example_dags/example_latest_only_with_trigger.py
[2024-05-03T18:19:22.237+0000] {processor.py:830} INFO - Processing file /home/airflow/.local/lib/python3.11/site-packages/airflow/example_dags/example_latest_only_with_trigger.py for tasks to queue
[2024-05-03T18:19:22.263+0000] {logging_mixin.py:188} INFO - [2024-05-03T18:19:22.247+0000] {dagbag.py:540} INFO - Filling up the DagBag from /home/airflow/.local/lib/python3.11/site-packages/airflow/example_dags/example_latest_only_with_trigger.py
[2024-05-03T18:19:22.432+0000] {processor.py:840} INFO - DAG(s) 'latest_only_with_trigger' retrieved from /home/airflow/.local/lib/python3.11/site-packages/airflow/example_dags/example_latest_only_with_trigger.py
[2024-05-03T18:19:22.687+0000] {logging_mixin.py:188} INFO - [2024-05-03T18:19:22.686+0000] {dag.py:3096} INFO - Sync 1 DAGs
[2024-05-03T18:19:22.941+0000] {logging_mixin.py:188} INFO - [2024-05-03T18:19:22.936+0000] {dag.py:3954} INFO - Setting next_dagrun for latest_only_with_trigger to 2024-05-03 12:00:00+00:00, run_after=2024-05-03 16:00:00+00:00
[2024-05-03T18:19:23.208+0000] {processor.py:183} INFO - Processing /home/airflow/.local/lib/python3.11/site-packages/airflow/example_dags/example_latest_only_with_trigger.py took 1.054 seconds
[2024-05-03T18:19:59.842+0000] {processor.py:161} INFO - Started process (PID=331) to work on /home/airflow/.local/lib/python3.11/site-packages/airflow/example_dags/example_latest_only_with_trigger.py
[2024-05-03T18:19:59.848+0000] {processor.py:830} INFO - Processing file /home/airflow/.local/lib/python3.11/site-packages/airflow/example_dags/example_latest_only_with_trigger.py for tasks to queue
[2024-05-03T18:19:59.869+0000] {logging_mixin.py:188} INFO - [2024-05-03T18:19:59.867+0000] {dagbag.py:540} INFO - Filling up the DagBag from /home/airflow/.local/lib/python3.11/site-packages/airflow/example_dags/example_latest_only_with_trigger.py
[2024-05-03T18:19:59.940+0000] {processor.py:840} INFO - DAG(s) 'latest_only_with_trigger' retrieved from /home/airflow/.local/lib/python3.11/site-packages/airflow/example_dags/example_latest_only_with_trigger.py
[2024-05-03T18:20:00.164+0000] {logging_mixin.py:188} INFO - [2024-05-03T18:20:00.163+0000] {dag.py:3096} INFO - Sync 1 DAGs
[2024-05-03T18:20:00.411+0000] {logging_mixin.py:188} INFO - [2024-05-03T18:20:00.410+0000] {dag.py:3954} INFO - Setting next_dagrun for latest_only_with_trigger to 2024-05-03 12:00:00+00:00, run_after=2024-05-03 16:00:00+00:00
[2024-05-03T18:20:00.555+0000] {processor.py:183} INFO - Processing /home/airflow/.local/lib/python3.11/site-packages/airflow/example_dags/example_latest_only_with_trigger.py took 0.771 seconds
[2024-05-03T18:20:35.298+0000] {processor.py:161} INFO - Started process (PID=389) to work on /home/airflow/.local/lib/python3.11/site-packages/airflow/example_dags/example_latest_only_with_trigger.py
[2024-05-03T18:20:35.312+0000] {processor.py:830} INFO - Processing file /home/airflow/.local/lib/python3.11/site-packages/airflow/example_dags/example_latest_only_with_trigger.py for tasks to queue
[2024-05-03T18:20:35.329+0000] {logging_mixin.py:188} INFO - [2024-05-03T18:20:35.328+0000] {dagbag.py:540} INFO - Filling up the DagBag from /home/airflow/.local/lib/python3.11/site-packages/airflow/example_dags/example_latest_only_with_trigger.py
[2024-05-03T18:20:35.408+0000] {processor.py:840} INFO - DAG(s) 'latest_only_with_trigger' retrieved from /home/airflow/.local/lib/python3.11/site-packages/airflow/example_dags/example_latest_only_with_trigger.py
[2024-05-03T18:20:35.595+0000] {logging_mixin.py:188} INFO - [2024-05-03T18:20:35.594+0000] {dag.py:3096} INFO - Sync 1 DAGs
[2024-05-03T18:20:35.828+0000] {logging_mixin.py:188} INFO - [2024-05-03T18:20:35.827+0000] {dag.py:3954} INFO - Setting next_dagrun for latest_only_with_trigger to 2024-05-03 12:00:00+00:00, run_after=2024-05-03 16:00:00+00:00
[2024-05-03T18:20:35.952+0000] {processor.py:183} INFO - Processing /home/airflow/.local/lib/python3.11/site-packages/airflow/example_dags/example_latest_only_with_trigger.py took 0.693 seconds
[2024-05-03T18:21:04.056+0000] {processor.py:161} INFO - Started process (PID=444) to work on /home/airflow/.local/lib/python3.11/site-packages/airflow/example_dags/example_latest_only_with_trigger.py
[2024-05-03T18:21:04.064+0000] {processor.py:830} INFO - Processing file /home/airflow/.local/lib/python3.11/site-packages/airflow/example_dags/example_latest_only_with_trigger.py for tasks to queue
[2024-05-03T18:21:04.124+0000] {logging_mixin.py:188} INFO - [2024-05-03T18:21:04.088+0000] {dagbag.py:540} INFO - Filling up the DagBag from /home/airflow/.local/lib/python3.11/site-packages/airflow/example_dags/example_latest_only_with_trigger.py
[2024-05-03T18:21:04.208+0000] {processor.py:840} INFO - DAG(s) 'latest_only_with_trigger' retrieved from /home/airflow/.local/lib/python3.11/site-packages/airflow/example_dags/example_latest_only_with_trigger.py
[2024-05-03T18:21:04.367+0000] {logging_mixin.py:188} INFO - [2024-05-03T18:21:04.366+0000] {dag.py:3096} INFO - Sync 1 DAGs
[2024-05-03T18:21:04.548+0000] {logging_mixin.py:188} INFO - [2024-05-03T18:21:04.547+0000] {dag.py:3954} INFO - Setting next_dagrun for latest_only_with_trigger to 2024-05-03 12:00:00+00:00, run_after=2024-05-03 16:00:00+00:00
[2024-05-03T18:21:04.802+0000] {processor.py:183} INFO - Processing /home/airflow/.local/lib/python3.11/site-packages/airflow/example_dags/example_latest_only_with_trigger.py took 0.868 seconds
[2024-05-03T18:21:35.579+0000] {processor.py:161} INFO - Started process (PID=501) to work on /home/airflow/.local/lib/python3.11/site-packages/airflow/example_dags/example_latest_only_with_trigger.py
[2024-05-03T18:21:35.583+0000] {processor.py:830} INFO - Processing file /home/airflow/.local/lib/python3.11/site-packages/airflow/example_dags/example_latest_only_with_trigger.py for tasks to queue
[2024-05-03T18:21:35.595+0000] {logging_mixin.py:188} INFO - [2024-05-03T18:21:35.593+0000] {dagbag.py:540} INFO - Filling up the DagBag from /home/airflow/.local/lib/python3.11/site-packages/airflow/example_dags/example_latest_only_with_trigger.py
[2024-05-03T18:21:35.631+0000] {processor.py:840} INFO - DAG(s) 'latest_only_with_trigger' retrieved from /home/airflow/.local/lib/python3.11/site-packages/airflow/example_dags/example_latest_only_with_trigger.py
[2024-05-03T18:21:35.783+0000] {logging_mixin.py:188} INFO - [2024-05-03T18:21:35.782+0000] {dag.py:3096} INFO - Sync 1 DAGs
[2024-05-03T18:21:35.949+0000] {logging_mixin.py:188} INFO - [2024-05-03T18:21:35.948+0000] {dag.py:3954} INFO - Setting next_dagrun for latest_only_with_trigger to 2024-05-03 12:00:00+00:00, run_after=2024-05-03 16:00:00+00:00
[2024-05-03T18:21:36.169+0000] {processor.py:183} INFO - Processing /home/airflow/.local/lib/python3.11/site-packages/airflow/example_dags/example_latest_only_with_trigger.py took 0.647 seconds
[2024-05-03T18:22:05.813+0000] {processor.py:161} INFO - Started process (PID=557) to work on /home/airflow/.local/lib/python3.11/site-packages/airflow/example_dags/example_latest_only_with_trigger.py
[2024-05-03T18:22:05.824+0000] {processor.py:830} INFO - Processing file /home/airflow/.local/lib/python3.11/site-packages/airflow/example_dags/example_latest_only_with_trigger.py for tasks to queue
[2024-05-03T18:22:05.837+0000] {logging_mixin.py:188} INFO - [2024-05-03T18:22:05.833+0000] {dagbag.py:540} INFO - Filling up the DagBag from /home/airflow/.local/lib/python3.11/site-packages/airflow/example_dags/example_latest_only_with_trigger.py
[2024-05-03T18:22:05.902+0000] {processor.py:840} INFO - DAG(s) 'latest_only_with_trigger' retrieved from /home/airflow/.local/lib/python3.11/site-packages/airflow/example_dags/example_latest_only_with_trigger.py
[2024-05-03T18:22:06.112+0000] {logging_mixin.py:188} INFO - [2024-05-03T18:22:06.103+0000] {dag.py:3096} INFO - Sync 1 DAGs
[2024-05-03T18:22:06.374+0000] {logging_mixin.py:188} INFO - [2024-05-03T18:22:06.373+0000] {dag.py:3954} INFO - Setting next_dagrun for latest_only_with_trigger to 2024-05-03 12:00:00+00:00, run_after=2024-05-03 16:00:00+00:00
[2024-05-03T18:22:06.624+0000] {processor.py:183} INFO - Processing /home/airflow/.local/lib/python3.11/site-packages/airflow/example_dags/example_latest_only_with_trigger.py took 0.872 seconds
[2024-05-03T18:22:37.762+0000] {processor.py:161} INFO - Started process (PID=614) to work on /home/airflow/.local/lib/python3.11/site-packages/airflow/example_dags/example_latest_only_with_trigger.py
[2024-05-03T18:22:37.766+0000] {processor.py:830} INFO - Processing file /home/airflow/.local/lib/python3.11/site-packages/airflow/example_dags/example_latest_only_with_trigger.py for tasks to queue
[2024-05-03T18:22:37.770+0000] {logging_mixin.py:188} INFO - [2024-05-03T18:22:37.770+0000] {dagbag.py:540} INFO - Filling up the DagBag from /home/airflow/.local/lib/python3.11/site-packages/airflow/example_dags/example_latest_only_with_trigger.py
[2024-05-03T18:22:37.792+0000] {processor.py:840} INFO - DAG(s) 'latest_only_with_trigger' retrieved from /home/airflow/.local/lib/python3.11/site-packages/airflow/example_dags/example_latest_only_with_trigger.py
[2024-05-03T18:22:37.842+0000] {logging_mixin.py:188} INFO - [2024-05-03T18:22:37.841+0000] {dag.py:3096} INFO - Sync 1 DAGs
[2024-05-03T18:22:38.020+0000] {logging_mixin.py:188} INFO - [2024-05-03T18:22:38.019+0000] {dag.py:3954} INFO - Setting next_dagrun for latest_only_with_trigger to 2024-05-03 12:00:00+00:00, run_after=2024-05-03 16:00:00+00:00
[2024-05-03T18:22:38.117+0000] {processor.py:183} INFO - Processing /home/airflow/.local/lib/python3.11/site-packages/airflow/example_dags/example_latest_only_with_trigger.py took 0.380 seconds
[2024-05-03T18:23:02.207+0000] {processor.py:161} INFO - Started process (PID=669) to work on /home/airflow/.local/lib/python3.11/site-packages/airflow/example_dags/example_latest_only_with_trigger.py
[2024-05-03T18:23:02.214+0000] {processor.py:830} INFO - Processing file /home/airflow/.local/lib/python3.11/site-packages/airflow/example_dags/example_latest_only_with_trigger.py for tasks to queue
[2024-05-03T18:23:02.220+0000] {logging_mixin.py:188} INFO - [2024-05-03T18:23:02.219+0000] {dagbag.py:540} INFO - Filling up the DagBag from /home/airflow/.local/lib/python3.11/site-packages/airflow/example_dags/example_latest_only_with_trigger.py
[2024-05-03T18:23:02.237+0000] {processor.py:840} INFO - DAG(s) 'latest_only_with_trigger' retrieved from /home/airflow/.local/lib/python3.11/site-packages/airflow/example_dags/example_latest_only_with_trigger.py
[2024-05-03T18:23:02.303+0000] {logging_mixin.py:188} INFO - [2024-05-03T18:23:02.302+0000] {dag.py:3096} INFO - Sync 1 DAGs
[2024-05-03T18:23:02.390+0000] {logging_mixin.py:188} INFO - [2024-05-03T18:23:02.390+0000] {dag.py:3954} INFO - Setting next_dagrun for latest_only_with_trigger to 2024-05-03 12:00:00+00:00, run_after=2024-05-03 16:00:00+00:00
[2024-05-03T18:23:02.578+0000] {processor.py:183} INFO - Processing /home/airflow/.local/lib/python3.11/site-packages/airflow/example_dags/example_latest_only_with_trigger.py took 0.395 seconds
[2024-05-03T18:23:20.615+0000] {processor.py:161} INFO - Started process (PID=726) to work on /home/airflow/.local/lib/python3.11/site-packages/airflow/example_dags/example_latest_only_with_trigger.py
[2024-05-03T18:23:20.618+0000] {processor.py:830} INFO - Processing file /home/airflow/.local/lib/python3.11/site-packages/airflow/example_dags/example_latest_only_with_trigger.py for tasks to queue
[2024-05-03T18:23:20.622+0000] {logging_mixin.py:188} INFO - [2024-05-03T18:23:20.621+0000] {dagbag.py:540} INFO - Filling up the DagBag from /home/airflow/.local/lib/python3.11/site-packages/airflow/example_dags/example_latest_only_with_trigger.py
[2024-05-03T18:23:20.641+0000] {processor.py:840} INFO - DAG(s) 'latest_only_with_trigger' retrieved from /home/airflow/.local/lib/python3.11/site-packages/airflow/example_dags/example_latest_only_with_trigger.py
[2024-05-03T18:23:20.680+0000] {logging_mixin.py:188} INFO - [2024-05-03T18:23:20.679+0000] {dag.py:3096} INFO - Sync 1 DAGs
[2024-05-03T18:23:20.717+0000] {logging_mixin.py:188} INFO - [2024-05-03T18:23:20.717+0000] {dag.py:3954} INFO - Setting next_dagrun for latest_only_with_trigger to 2024-05-03 12:00:00+00:00, run_after=2024-05-03 16:00:00+00:00
[2024-05-03T18:23:20.969+0000] {processor.py:183} INFO - Processing /home/airflow/.local/lib/python3.11/site-packages/airflow/example_dags/example_latest_only_with_trigger.py took 0.370 seconds
[2024-05-03T18:23:34.772+0000] {processor.py:161} INFO - Started process (PID=776) to work on /home/airflow/.local/lib/python3.11/site-packages/airflow/example_dags/example_latest_only_with_trigger.py
[2024-05-03T18:23:34.776+0000] {processor.py:830} INFO - Processing file /home/airflow/.local/lib/python3.11/site-packages/airflow/example_dags/example_latest_only_with_trigger.py for tasks to queue
[2024-05-03T18:23:34.788+0000] {logging_mixin.py:188} INFO - [2024-05-03T18:23:34.786+0000] {dagbag.py:540} INFO - Filling up the DagBag from /home/airflow/.local/lib/python3.11/site-packages/airflow/example_dags/example_latest_only_with_trigger.py
[2024-05-03T18:23:34.810+0000] {processor.py:840} INFO - DAG(s) 'latest_only_with_trigger' retrieved from /home/airflow/.local/lib/python3.11/site-packages/airflow/example_dags/example_latest_only_with_trigger.py
[2024-05-03T18:23:34.867+0000] {logging_mixin.py:188} INFO - [2024-05-03T18:23:34.866+0000] {dag.py:3096} INFO - Sync 1 DAGs
[2024-05-03T18:23:34.985+0000] {logging_mixin.py:188} INFO - [2024-05-03T18:23:34.984+0000] {dag.py:3954} INFO - Setting next_dagrun for latest_only_with_trigger to 2024-05-03 12:00:00+00:00, run_after=2024-05-03 16:00:00+00:00
[2024-05-03T18:23:35.127+0000] {processor.py:183} INFO - Processing /home/airflow/.local/lib/python3.11/site-packages/airflow/example_dags/example_latest_only_with_trigger.py took 0.389 seconds
[2024-05-03T18:23:48.760+0000] {processor.py:161} INFO - Started process (PID=834) to work on /home/airflow/.local/lib/python3.11/site-packages/airflow/example_dags/example_latest_only_with_trigger.py
[2024-05-03T18:23:48.762+0000] {processor.py:830} INFO - Processing file /home/airflow/.local/lib/python3.11/site-packages/airflow/example_dags/example_latest_only_with_trigger.py for tasks to queue
[2024-05-03T18:23:48.766+0000] {logging_mixin.py:188} INFO - [2024-05-03T18:23:48.766+0000] {dagbag.py:540} INFO - Filling up the DagBag from /home/airflow/.local/lib/python3.11/site-packages/airflow/example_dags/example_latest_only_with_trigger.py
[2024-05-03T18:23:48.780+0000] {processor.py:840} INFO - DAG(s) 'latest_only_with_trigger' retrieved from /home/airflow/.local/lib/python3.11/site-packages/airflow/example_dags/example_latest_only_with_trigger.py
[2024-05-03T18:23:48.827+0000] {logging_mixin.py:188} INFO - [2024-05-03T18:23:48.826+0000] {dag.py:3096} INFO - Sync 1 DAGs
[2024-05-03T18:23:48.902+0000] {logging_mixin.py:188} INFO - [2024-05-03T18:23:48.902+0000] {dag.py:3954} INFO - Setting next_dagrun for latest_only_with_trigger to 2024-05-03 12:00:00+00:00, run_after=2024-05-03 16:00:00+00:00
[2024-05-03T18:23:48.967+0000] {processor.py:183} INFO - Processing /home/airflow/.local/lib/python3.11/site-packages/airflow/example_dags/example_latest_only_with_trigger.py took 0.222 seconds
[2024-05-03T18:24:02.965+0000] {processor.py:161} INFO - Started process (PID=884) to work on /home/airflow/.local/lib/python3.11/site-packages/airflow/example_dags/example_latest_only_with_trigger.py
[2024-05-03T18:24:02.971+0000] {processor.py:830} INFO - Processing file /home/airflow/.local/lib/python3.11/site-packages/airflow/example_dags/example_latest_only_with_trigger.py for tasks to queue
[2024-05-03T18:24:02.985+0000] {logging_mixin.py:188} INFO - [2024-05-03T18:24:02.984+0000] {dagbag.py:540} INFO - Filling up the DagBag from /home/airflow/.local/lib/python3.11/site-packages/airflow/example_dags/example_latest_only_with_trigger.py
[2024-05-03T18:24:03.028+0000] {processor.py:840} INFO - DAG(s) 'latest_only_with_trigger' retrieved from /home/airflow/.local/lib/python3.11/site-packages/airflow/example_dags/example_latest_only_with_trigger.py
[2024-05-03T18:24:03.237+0000] {logging_mixin.py:188} INFO - [2024-05-03T18:24:03.237+0000] {dag.py:3096} INFO - Sync 1 DAGs
[2024-05-03T18:24:03.446+0000] {logging_mixin.py:188} INFO - [2024-05-03T18:24:03.445+0000] {dag.py:3954} INFO - Setting next_dagrun for latest_only_with_trigger to 2024-05-03 12:00:00+00:00, run_after=2024-05-03 16:00:00+00:00
[2024-05-03T18:24:03.637+0000] {processor.py:183} INFO - Processing /home/airflow/.local/lib/python3.11/site-packages/airflow/example_dags/example_latest_only_with_trigger.py took 0.700 seconds
[2024-05-03T18:24:26.899+0000] {processor.py:161} INFO - Started process (PID=942) to work on /home/airflow/.local/lib/python3.11/site-packages/airflow/example_dags/example_latest_only_with_trigger.py
[2024-05-03T18:24:26.913+0000] {processor.py:830} INFO - Processing file /home/airflow/.local/lib/python3.11/site-packages/airflow/example_dags/example_latest_only_with_trigger.py for tasks to queue
[2024-05-03T18:24:26.930+0000] {logging_mixin.py:188} INFO - [2024-05-03T18:24:26.927+0000] {dagbag.py:540} INFO - Filling up the DagBag from /home/airflow/.local/lib/python3.11/site-packages/airflow/example_dags/example_latest_only_with_trigger.py
[2024-05-03T18:24:26.986+0000] {processor.py:840} INFO - DAG(s) 'latest_only_with_trigger' retrieved from /home/airflow/.local/lib/python3.11/site-packages/airflow/example_dags/example_latest_only_with_trigger.py
[2024-05-03T18:24:27.197+0000] {logging_mixin.py:188} INFO - [2024-05-03T18:24:27.196+0000] {dag.py:3096} INFO - Sync 1 DAGs
[2024-05-03T18:24:27.356+0000] {logging_mixin.py:188} INFO - [2024-05-03T18:24:27.355+0000] {dag.py:3954} INFO - Setting next_dagrun for latest_only_with_trigger to 2024-05-03 12:00:00+00:00, run_after=2024-05-03 16:00:00+00:00
[2024-05-03T18:24:27.475+0000] {processor.py:183} INFO - Processing /home/airflow/.local/lib/python3.11/site-packages/airflow/example_dags/example_latest_only_with_trigger.py took 0.648 seconds
[2024-05-03T18:24:43.687+0000] {processor.py:161} INFO - Started process (PID=992) to work on /home/airflow/.local/lib/python3.11/site-packages/airflow/example_dags/example_latest_only_with_trigger.py
[2024-05-03T18:24:43.689+0000] {processor.py:830} INFO - Processing file /home/airflow/.local/lib/python3.11/site-packages/airflow/example_dags/example_latest_only_with_trigger.py for tasks to queue
[2024-05-03T18:24:43.694+0000] {logging_mixin.py:188} INFO - [2024-05-03T18:24:43.693+0000] {dagbag.py:540} INFO - Filling up the DagBag from /home/airflow/.local/lib/python3.11/site-packages/airflow/example_dags/example_latest_only_with_trigger.py
[2024-05-03T18:24:43.710+0000] {processor.py:840} INFO - DAG(s) 'latest_only_with_trigger' retrieved from /home/airflow/.local/lib/python3.11/site-packages/airflow/example_dags/example_latest_only_with_trigger.py
[2024-05-03T18:24:43.777+0000] {logging_mixin.py:188} INFO - [2024-05-03T18:24:43.776+0000] {dag.py:3096} INFO - Sync 1 DAGs
[2024-05-03T18:24:43.864+0000] {logging_mixin.py:188} INFO - [2024-05-03T18:24:43.863+0000] {dag.py:3954} INFO - Setting next_dagrun for latest_only_with_trigger to 2024-05-03 12:00:00+00:00, run_after=2024-05-03 16:00:00+00:00
[2024-05-03T18:24:44.014+0000] {processor.py:183} INFO - Processing /home/airflow/.local/lib/python3.11/site-packages/airflow/example_dags/example_latest_only_with_trigger.py took 0.347 seconds
[2024-05-03T18:25:16.051+0000] {processor.py:161} INFO - Started process (PID=1050) to work on /home/airflow/.local/lib/python3.11/site-packages/airflow/example_dags/example_latest_only_with_trigger.py
[2024-05-03T18:25:16.065+0000] {processor.py:830} INFO - Processing file /home/airflow/.local/lib/python3.11/site-packages/airflow/example_dags/example_latest_only_with_trigger.py for tasks to queue
[2024-05-03T18:25:16.101+0000] {logging_mixin.py:188} INFO - [2024-05-03T18:25:16.095+0000] {dagbag.py:540} INFO - Filling up the DagBag from /home/airflow/.local/lib/python3.11/site-packages/airflow/example_dags/example_latest_only_with_trigger.py
[2024-05-03T18:25:16.224+0000] {processor.py:840} INFO - DAG(s) 'latest_only_with_trigger' retrieved from /home/airflow/.local/lib/python3.11/site-packages/airflow/example_dags/example_latest_only_with_trigger.py
[2024-05-03T18:25:16.451+0000] {logging_mixin.py:188} INFO - [2024-05-03T18:25:16.450+0000] {dag.py:3096} INFO - Sync 1 DAGs
[2024-05-03T18:25:16.727+0000] {logging_mixin.py:188} INFO - [2024-05-03T18:25:16.726+0000] {dag.py:3954} INFO - Setting next_dagrun for latest_only_with_trigger to 2024-05-03 12:00:00+00:00, run_after=2024-05-03 16:00:00+00:00
[2024-05-03T18:25:16.952+0000] {processor.py:183} INFO - Processing /home/airflow/.local/lib/python3.11/site-packages/airflow/example_dags/example_latest_only_with_trigger.py took 1.042 seconds
[2024-05-03T18:26:04.533+0000] {processor.py:161} INFO - Started process (PID=1111) to work on /home/airflow/.local/lib/python3.11/site-packages/airflow/example_dags/example_latest_only_with_trigger.py
[2024-05-03T18:26:04.649+0000] {processor.py:830} INFO - Processing file /home/airflow/.local/lib/python3.11/site-packages/airflow/example_dags/example_latest_only_with_trigger.py for tasks to queue
[2024-05-03T18:26:04.709+0000] {logging_mixin.py:188} INFO - [2024-05-03T18:26:04.704+0000] {dagbag.py:540} INFO - Filling up the DagBag from /home/airflow/.local/lib/python3.11/site-packages/airflow/example_dags/example_latest_only_with_trigger.py
[2024-05-03T18:26:05.032+0000] {processor.py:840} INFO - DAG(s) 'latest_only_with_trigger' retrieved from /home/airflow/.local/lib/python3.11/site-packages/airflow/example_dags/example_latest_only_with_trigger.py
[2024-05-03T18:26:05.239+0000] {logging_mixin.py:188} INFO - [2024-05-03T18:26:05.238+0000] {dag.py:3096} INFO - Sync 1 DAGs
[2024-05-03T18:26:05.671+0000] {logging_mixin.py:188} INFO - [2024-05-03T18:26:05.670+0000] {dag.py:3954} INFO - Setting next_dagrun for latest_only_with_trigger to 2024-05-03 12:00:00+00:00, run_after=2024-05-03 16:00:00+00:00
[2024-05-03T18:26:06.186+0000] {processor.py:183} INFO - Processing /home/airflow/.local/lib/python3.11/site-packages/airflow/example_dags/example_latest_only_with_trigger.py took 1.658 seconds
[2024-05-03T18:27:10.363+0000] {processor.py:161} INFO - Started process (PID=1174) to work on /home/airflow/.local/lib/python3.11/site-packages/airflow/example_dags/example_latest_only_with_trigger.py
[2024-05-03T18:27:10.370+0000] {processor.py:830} INFO - Processing file /home/airflow/.local/lib/python3.11/site-packages/airflow/example_dags/example_latest_only_with_trigger.py for tasks to queue
[2024-05-03T18:27:10.402+0000] {logging_mixin.py:188} INFO - [2024-05-03T18:27:10.388+0000] {dagbag.py:540} INFO - Filling up the DagBag from /home/airflow/.local/lib/python3.11/site-packages/airflow/example_dags/example_latest_only_with_trigger.py
[2024-05-03T18:27:10.551+0000] {processor.py:840} INFO - DAG(s) 'latest_only_with_trigger' retrieved from /home/airflow/.local/lib/python3.11/site-packages/airflow/example_dags/example_latest_only_with_trigger.py
[2024-05-03T18:27:11.276+0000] {logging_mixin.py:188} INFO - [2024-05-03T18:27:11.273+0000] {dag.py:3096} INFO - Sync 1 DAGs
[2024-05-03T18:27:11.996+0000] {logging_mixin.py:188} INFO - [2024-05-03T18:27:11.995+0000] {dag.py:3954} INFO - Setting next_dagrun for latest_only_with_trigger to 2024-05-03 12:00:00+00:00, run_after=2024-05-03 16:00:00+00:00
[2024-05-03T18:27:12.594+0000] {processor.py:183} INFO - Processing /home/airflow/.local/lib/python3.11/site-packages/airflow/example_dags/example_latest_only_with_trigger.py took 2.313 seconds
[2024-05-03T18:28:12.801+0000] {processor.py:161} INFO - Started process (PID=1235) to work on /home/airflow/.local/lib/python3.11/site-packages/airflow/example_dags/example_latest_only_with_trigger.py
[2024-05-03T18:28:12.811+0000] {processor.py:830} INFO - Processing file /home/airflow/.local/lib/python3.11/site-packages/airflow/example_dags/example_latest_only_with_trigger.py for tasks to queue
[2024-05-03T18:28:12.865+0000] {logging_mixin.py:188} INFO - [2024-05-03T18:28:12.864+0000] {dagbag.py:540} INFO - Filling up the DagBag from /home/airflow/.local/lib/python3.11/site-packages/airflow/example_dags/example_latest_only_with_trigger.py
[2024-05-03T18:28:12.951+0000] {processor.py:840} INFO - DAG(s) 'latest_only_with_trigger' retrieved from /home/airflow/.local/lib/python3.11/site-packages/airflow/example_dags/example_latest_only_with_trigger.py
[2024-05-03T18:28:13.171+0000] {logging_mixin.py:188} INFO - [2024-05-03T18:28:13.170+0000] {dag.py:3096} INFO - Sync 1 DAGs
[2024-05-03T18:28:13.408+0000] {logging_mixin.py:188} INFO - [2024-05-03T18:28:13.407+0000] {dag.py:3954} INFO - Setting next_dagrun for latest_only_with_trigger to 2024-05-03 12:00:00+00:00, run_after=2024-05-03 16:00:00+00:00
[2024-05-03T18:28:13.705+0000] {processor.py:183} INFO - Processing /home/airflow/.local/lib/python3.11/site-packages/airflow/example_dags/example_latest_only_with_trigger.py took 0.995 seconds
[2024-05-03T18:29:00.590+0000] {processor.py:161} INFO - Started process (PID=1296) to work on /home/airflow/.local/lib/python3.11/site-packages/airflow/example_dags/example_latest_only_with_trigger.py
[2024-05-03T18:29:00.621+0000] {processor.py:830} INFO - Processing file /home/airflow/.local/lib/python3.11/site-packages/airflow/example_dags/example_latest_only_with_trigger.py for tasks to queue
[2024-05-03T18:29:00.645+0000] {logging_mixin.py:188} INFO - [2024-05-03T18:29:00.632+0000] {dagbag.py:540} INFO - Filling up the DagBag from /home/airflow/.local/lib/python3.11/site-packages/airflow/example_dags/example_latest_only_with_trigger.py
[2024-05-03T18:29:00.743+0000] {processor.py:840} INFO - DAG(s) 'latest_only_with_trigger' retrieved from /home/airflow/.local/lib/python3.11/site-packages/airflow/example_dags/example_latest_only_with_trigger.py
[2024-05-03T18:29:00.974+0000] {logging_mixin.py:188} INFO - [2024-05-03T18:29:00.973+0000] {dag.py:3096} INFO - Sync 1 DAGs
[2024-05-03T18:29:01.374+0000] {logging_mixin.py:188} INFO - [2024-05-03T18:29:01.373+0000] {dag.py:3954} INFO - Setting next_dagrun for latest_only_with_trigger to 2024-05-03 12:00:00+00:00, run_after=2024-05-03 16:00:00+00:00
[2024-05-03T18:29:02.519+0000] {processor.py:183} INFO - Processing /home/airflow/.local/lib/python3.11/site-packages/airflow/example_dags/example_latest_only_with_trigger.py took 1.991 seconds
