[2024-05-03T18:17:11.283+0000] {processor.py:161} INFO - Started process (PID=98) to work on /home/airflow/.local/lib/python3.11/site-packages/airflow/example_dags/tutorial_taskflow_api.py
[2024-05-03T18:17:11.287+0000] {processor.py:830} INFO - Processing file /home/airflow/.local/lib/python3.11/site-packages/airflow/example_dags/tutorial_taskflow_api.py for tasks to queue
[2024-05-03T18:17:11.303+0000] {logging_mixin.py:188} INFO - [2024-05-03T18:17:11.300+0000] {dagbag.py:540} INFO - Filling up the DagBag from /home/airflow/.local/lib/python3.11/site-packages/airflow/example_dags/tutorial_taskflow_api.py
[2024-05-03T18:17:11.410+0000] {processor.py:840} INFO - DAG(s) 'tutorial_taskflow_api' retrieved from /home/airflow/.local/lib/python3.11/site-packages/airflow/example_dags/tutorial_taskflow_api.py
[2024-05-03T18:17:12.863+0000] {logging_mixin.py:188} INFO - [2024-05-03T18:17:12.854+0000] {override.py:1829} INFO - Created Permission View: can edit on DAG:tutorial_taskflow_api
[2024-05-03T18:17:12.962+0000] {logging_mixin.py:188} INFO - [2024-05-03T18:17:12.961+0000] {override.py:1829} INFO - Created Permission View: can read on DAG:tutorial_taskflow_api
[2024-05-03T18:17:13.057+0000] {logging_mixin.py:188} INFO - [2024-05-03T18:17:13.052+0000] {override.py:1829} INFO - Created Permission View: can delete on DAG:tutorial_taskflow_api
[2024-05-03T18:17:13.060+0000] {logging_mixin.py:188} INFO - [2024-05-03T18:17:13.059+0000] {dag.py:3096} INFO - Sync 1 DAGs
[2024-05-03T18:17:13.161+0000] {logging_mixin.py:188} INFO - [2024-05-03T18:17:13.160+0000] {dag.py:3118} INFO - Creating ORM DAG for tutorial_taskflow_api
[2024-05-03T18:17:13.171+0000] {logging_mixin.py:188} INFO - [2024-05-03T18:17:13.164+0000] {dag.py:3954} INFO - Setting next_dagrun for tutorial_taskflow_api to None, run_after=None
[2024-05-03T18:17:13.414+0000] {processor.py:183} INFO - Processing /home/airflow/.local/lib/python3.11/site-packages/airflow/example_dags/tutorial_taskflow_api.py took 2.194 seconds
[2024-05-03T18:17:56.898+0000] {processor.py:161} INFO - Started process (PID=159) to work on /home/airflow/.local/lib/python3.11/site-packages/airflow/example_dags/tutorial_taskflow_api.py
[2024-05-03T18:17:56.905+0000] {processor.py:830} INFO - Processing file /home/airflow/.local/lib/python3.11/site-packages/airflow/example_dags/tutorial_taskflow_api.py for tasks to queue
[2024-05-03T18:17:56.921+0000] {logging_mixin.py:188} INFO - [2024-05-03T18:17:56.920+0000] {dagbag.py:540} INFO - Filling up the DagBag from /home/airflow/.local/lib/python3.11/site-packages/airflow/example_dags/tutorial_taskflow_api.py
[2024-05-03T18:17:56.991+0000] {processor.py:840} INFO - DAG(s) 'tutorial_taskflow_api' retrieved from /home/airflow/.local/lib/python3.11/site-packages/airflow/example_dags/tutorial_taskflow_api.py
[2024-05-03T18:17:57.201+0000] {logging_mixin.py:188} INFO - [2024-05-03T18:17:57.200+0000] {dag.py:3096} INFO - Sync 1 DAGs
[2024-05-03T18:17:57.374+0000] {logging_mixin.py:188} INFO - [2024-05-03T18:17:57.373+0000] {dag.py:3954} INFO - Setting next_dagrun for tutorial_taskflow_api to None, run_after=None
[2024-05-03T18:17:57.578+0000] {processor.py:183} INFO - Processing /home/airflow/.local/lib/python3.11/site-packages/airflow/example_dags/tutorial_taskflow_api.py took 0.737 seconds
[2024-05-03T18:18:36.675+0000] {processor.py:161} INFO - Started process (PID=215) to work on /home/airflow/.local/lib/python3.11/site-packages/airflow/example_dags/tutorial_taskflow_api.py
[2024-05-03T18:18:36.682+0000] {processor.py:830} INFO - Processing file /home/airflow/.local/lib/python3.11/site-packages/airflow/example_dags/tutorial_taskflow_api.py for tasks to queue
[2024-05-03T18:18:36.748+0000] {logging_mixin.py:188} INFO - [2024-05-03T18:18:36.747+0000] {dagbag.py:540} INFO - Filling up the DagBag from /home/airflow/.local/lib/python3.11/site-packages/airflow/example_dags/tutorial_taskflow_api.py
[2024-05-03T18:18:36.845+0000] {processor.py:840} INFO - DAG(s) 'tutorial_taskflow_api' retrieved from /home/airflow/.local/lib/python3.11/site-packages/airflow/example_dags/tutorial_taskflow_api.py
[2024-05-03T18:18:37.089+0000] {logging_mixin.py:188} INFO - [2024-05-03T18:18:37.088+0000] {dag.py:3096} INFO - Sync 1 DAGs
[2024-05-03T18:18:37.214+0000] {logging_mixin.py:188} INFO - [2024-05-03T18:18:37.212+0000] {dag.py:3954} INFO - Setting next_dagrun for tutorial_taskflow_api to None, run_after=None
[2024-05-03T18:18:37.567+0000] {processor.py:183} INFO - Processing /home/airflow/.local/lib/python3.11/site-packages/airflow/example_dags/tutorial_taskflow_api.py took 0.961 seconds
[2024-05-03T18:19:23.643+0000] {processor.py:161} INFO - Started process (PID=278) to work on /home/airflow/.local/lib/python3.11/site-packages/airflow/example_dags/tutorial_taskflow_api.py
[2024-05-03T18:19:23.654+0000] {processor.py:830} INFO - Processing file /home/airflow/.local/lib/python3.11/site-packages/airflow/example_dags/tutorial_taskflow_api.py for tasks to queue
[2024-05-03T18:19:23.670+0000] {logging_mixin.py:188} INFO - [2024-05-03T18:19:23.667+0000] {dagbag.py:540} INFO - Filling up the DagBag from /home/airflow/.local/lib/python3.11/site-packages/airflow/example_dags/tutorial_taskflow_api.py
[2024-05-03T18:19:23.839+0000] {processor.py:840} INFO - DAG(s) 'tutorial_taskflow_api' retrieved from /home/airflow/.local/lib/python3.11/site-packages/airflow/example_dags/tutorial_taskflow_api.py
[2024-05-03T18:19:24.160+0000] {logging_mixin.py:188} INFO - [2024-05-03T18:19:24.160+0000] {dag.py:3096} INFO - Sync 1 DAGs
[2024-05-03T18:19:24.364+0000] {logging_mixin.py:188} INFO - [2024-05-03T18:19:24.363+0000] {dag.py:3954} INFO - Setting next_dagrun for tutorial_taskflow_api to None, run_after=None
[2024-05-03T18:19:24.497+0000] {processor.py:183} INFO - Processing /home/airflow/.local/lib/python3.11/site-packages/airflow/example_dags/tutorial_taskflow_api.py took 0.931 seconds
[2024-05-03T18:20:00.887+0000] {processor.py:161} INFO - Started process (PID=333) to work on /home/airflow/.local/lib/python3.11/site-packages/airflow/example_dags/tutorial_taskflow_api.py
[2024-05-03T18:20:00.892+0000] {processor.py:830} INFO - Processing file /home/airflow/.local/lib/python3.11/site-packages/airflow/example_dags/tutorial_taskflow_api.py for tasks to queue
[2024-05-03T18:20:00.912+0000] {logging_mixin.py:188} INFO - [2024-05-03T18:20:00.910+0000] {dagbag.py:540} INFO - Filling up the DagBag from /home/airflow/.local/lib/python3.11/site-packages/airflow/example_dags/tutorial_taskflow_api.py
[2024-05-03T18:20:01.014+0000] {processor.py:840} INFO - DAG(s) 'tutorial_taskflow_api' retrieved from /home/airflow/.local/lib/python3.11/site-packages/airflow/example_dags/tutorial_taskflow_api.py
[2024-05-03T18:20:01.192+0000] {logging_mixin.py:188} INFO - [2024-05-03T18:20:01.191+0000] {dag.py:3096} INFO - Sync 1 DAGs
[2024-05-03T18:20:01.325+0000] {logging_mixin.py:188} INFO - [2024-05-03T18:20:01.324+0000] {dag.py:3954} INFO - Setting next_dagrun for tutorial_taskflow_api to None, run_after=None
[2024-05-03T18:20:01.477+0000] {processor.py:183} INFO - Processing /home/airflow/.local/lib/python3.11/site-packages/airflow/example_dags/tutorial_taskflow_api.py took 0.652 seconds
[2024-05-03T18:20:36.172+0000] {processor.py:161} INFO - Started process (PID=391) to work on /home/airflow/.local/lib/python3.11/site-packages/airflow/example_dags/tutorial_taskflow_api.py
[2024-05-03T18:20:36.179+0000] {processor.py:830} INFO - Processing file /home/airflow/.local/lib/python3.11/site-packages/airflow/example_dags/tutorial_taskflow_api.py for tasks to queue
[2024-05-03T18:20:36.197+0000] {logging_mixin.py:188} INFO - [2024-05-03T18:20:36.195+0000] {dagbag.py:540} INFO - Filling up the DagBag from /home/airflow/.local/lib/python3.11/site-packages/airflow/example_dags/tutorial_taskflow_api.py
[2024-05-03T18:20:36.257+0000] {processor.py:840} INFO - DAG(s) 'tutorial_taskflow_api' retrieved from /home/airflow/.local/lib/python3.11/site-packages/airflow/example_dags/tutorial_taskflow_api.py
[2024-05-03T18:20:36.429+0000] {logging_mixin.py:188} INFO - [2024-05-03T18:20:36.429+0000] {dag.py:3096} INFO - Sync 1 DAGs
[2024-05-03T18:20:36.566+0000] {logging_mixin.py:188} INFO - [2024-05-03T18:20:36.555+0000] {dag.py:3954} INFO - Setting next_dagrun for tutorial_taskflow_api to None, run_after=None
[2024-05-03T18:20:36.748+0000] {processor.py:183} INFO - Processing /home/airflow/.local/lib/python3.11/site-packages/airflow/example_dags/tutorial_taskflow_api.py took 0.622 seconds
[2024-05-03T18:21:05.169+0000] {processor.py:161} INFO - Started process (PID=446) to work on /home/airflow/.local/lib/python3.11/site-packages/airflow/example_dags/tutorial_taskflow_api.py
[2024-05-03T18:21:05.174+0000] {processor.py:830} INFO - Processing file /home/airflow/.local/lib/python3.11/site-packages/airflow/example_dags/tutorial_taskflow_api.py for tasks to queue
[2024-05-03T18:21:05.197+0000] {logging_mixin.py:188} INFO - [2024-05-03T18:21:05.196+0000] {dagbag.py:540} INFO - Filling up the DagBag from /home/airflow/.local/lib/python3.11/site-packages/airflow/example_dags/tutorial_taskflow_api.py
[2024-05-03T18:21:05.309+0000] {processor.py:840} INFO - DAG(s) 'tutorial_taskflow_api' retrieved from /home/airflow/.local/lib/python3.11/site-packages/airflow/example_dags/tutorial_taskflow_api.py
[2024-05-03T18:21:05.507+0000] {logging_mixin.py:188} INFO - [2024-05-03T18:21:05.506+0000] {dag.py:3096} INFO - Sync 1 DAGs
[2024-05-03T18:21:05.608+0000] {logging_mixin.py:188} INFO - [2024-05-03T18:21:05.607+0000] {dag.py:3954} INFO - Setting next_dagrun for tutorial_taskflow_api to None, run_after=None
[2024-05-03T18:21:05.753+0000] {processor.py:183} INFO - Processing /home/airflow/.local/lib/python3.11/site-packages/airflow/example_dags/tutorial_taskflow_api.py took 0.694 seconds
[2024-05-03T18:21:36.411+0000] {processor.py:161} INFO - Started process (PID=503) to work on /home/airflow/.local/lib/python3.11/site-packages/airflow/example_dags/tutorial_taskflow_api.py
[2024-05-03T18:21:36.429+0000] {processor.py:830} INFO - Processing file /home/airflow/.local/lib/python3.11/site-packages/airflow/example_dags/tutorial_taskflow_api.py for tasks to queue
[2024-05-03T18:21:36.478+0000] {logging_mixin.py:188} INFO - [2024-05-03T18:21:36.470+0000] {dagbag.py:540} INFO - Filling up the DagBag from /home/airflow/.local/lib/python3.11/site-packages/airflow/example_dags/tutorial_taskflow_api.py
[2024-05-03T18:21:36.572+0000] {processor.py:840} INFO - DAG(s) 'tutorial_taskflow_api' retrieved from /home/airflow/.local/lib/python3.11/site-packages/airflow/example_dags/tutorial_taskflow_api.py
[2024-05-03T18:21:36.742+0000] {logging_mixin.py:188} INFO - [2024-05-03T18:21:36.741+0000] {dag.py:3096} INFO - Sync 1 DAGs
[2024-05-03T18:21:36.872+0000] {logging_mixin.py:188} INFO - [2024-05-03T18:21:36.871+0000] {dag.py:3954} INFO - Setting next_dagrun for tutorial_taskflow_api to None, run_after=None
[2024-05-03T18:21:37.018+0000] {processor.py:183} INFO - Processing /home/airflow/.local/lib/python3.11/site-packages/airflow/example_dags/tutorial_taskflow_api.py took 0.677 seconds
[2024-05-03T18:22:07.069+0000] {processor.py:161} INFO - Started process (PID=559) to work on /home/airflow/.local/lib/python3.11/site-packages/airflow/example_dags/tutorial_taskflow_api.py
[2024-05-03T18:22:07.079+0000] {processor.py:830} INFO - Processing file /home/airflow/.local/lib/python3.11/site-packages/airflow/example_dags/tutorial_taskflow_api.py for tasks to queue
[2024-05-03T18:22:07.097+0000] {logging_mixin.py:188} INFO - [2024-05-03T18:22:07.095+0000] {dagbag.py:540} INFO - Filling up the DagBag from /home/airflow/.local/lib/python3.11/site-packages/airflow/example_dags/tutorial_taskflow_api.py
[2024-05-03T18:22:07.187+0000] {processor.py:840} INFO - DAG(s) 'tutorial_taskflow_api' retrieved from /home/airflow/.local/lib/python3.11/site-packages/airflow/example_dags/tutorial_taskflow_api.py
[2024-05-03T18:22:07.416+0000] {logging_mixin.py:188} INFO - [2024-05-03T18:22:07.415+0000] {dag.py:3096} INFO - Sync 1 DAGs
[2024-05-03T18:22:07.549+0000] {logging_mixin.py:188} INFO - [2024-05-03T18:22:07.548+0000] {dag.py:3954} INFO - Setting next_dagrun for tutorial_taskflow_api to None, run_after=None
[2024-05-03T18:22:08.248+0000] {processor.py:183} INFO - Processing /home/airflow/.local/lib/python3.11/site-packages/airflow/example_dags/tutorial_taskflow_api.py took 1.223 seconds
[2024-05-03T18:22:38.336+0000] {processor.py:161} INFO - Started process (PID=616) to work on /home/airflow/.local/lib/python3.11/site-packages/airflow/example_dags/tutorial_taskflow_api.py
[2024-05-03T18:22:38.350+0000] {processor.py:830} INFO - Processing file /home/airflow/.local/lib/python3.11/site-packages/airflow/example_dags/tutorial_taskflow_api.py for tasks to queue
[2024-05-03T18:22:38.367+0000] {logging_mixin.py:188} INFO - [2024-05-03T18:22:38.365+0000] {dagbag.py:540} INFO - Filling up the DagBag from /home/airflow/.local/lib/python3.11/site-packages/airflow/example_dags/tutorial_taskflow_api.py
[2024-05-03T18:22:38.416+0000] {processor.py:840} INFO - DAG(s) 'tutorial_taskflow_api' retrieved from /home/airflow/.local/lib/python3.11/site-packages/airflow/example_dags/tutorial_taskflow_api.py
[2024-05-03T18:22:38.552+0000] {logging_mixin.py:188} INFO - [2024-05-03T18:22:38.551+0000] {dag.py:3096} INFO - Sync 1 DAGs
[2024-05-03T18:22:38.665+0000] {logging_mixin.py:188} INFO - [2024-05-03T18:22:38.664+0000] {dag.py:3954} INFO - Setting next_dagrun for tutorial_taskflow_api to None, run_after=None
[2024-05-03T18:22:38.787+0000] {processor.py:183} INFO - Processing /home/airflow/.local/lib/python3.11/site-packages/airflow/example_dags/tutorial_taskflow_api.py took 0.492 seconds
[2024-05-03T18:23:02.709+0000] {processor.py:161} INFO - Started process (PID=671) to work on /home/airflow/.local/lib/python3.11/site-packages/airflow/example_dags/tutorial_taskflow_api.py
[2024-05-03T18:23:02.712+0000] {processor.py:830} INFO - Processing file /home/airflow/.local/lib/python3.11/site-packages/airflow/example_dags/tutorial_taskflow_api.py for tasks to queue
[2024-05-03T18:23:02.718+0000] {logging_mixin.py:188} INFO - [2024-05-03T18:23:02.717+0000] {dagbag.py:540} INFO - Filling up the DagBag from /home/airflow/.local/lib/python3.11/site-packages/airflow/example_dags/tutorial_taskflow_api.py
[2024-05-03T18:23:02.743+0000] {processor.py:840} INFO - DAG(s) 'tutorial_taskflow_api' retrieved from /home/airflow/.local/lib/python3.11/site-packages/airflow/example_dags/tutorial_taskflow_api.py
[2024-05-03T18:23:02.837+0000] {logging_mixin.py:188} INFO - [2024-05-03T18:23:02.837+0000] {dag.py:3096} INFO - Sync 1 DAGs
[2024-05-03T18:23:02.875+0000] {logging_mixin.py:188} INFO - [2024-05-03T18:23:02.875+0000] {dag.py:3954} INFO - Setting next_dagrun for tutorial_taskflow_api to None, run_after=None
[2024-05-03T18:23:03.062+0000] {processor.py:183} INFO - Processing /home/airflow/.local/lib/python3.11/site-packages/airflow/example_dags/tutorial_taskflow_api.py took 0.380 seconds
[2024-05-03T18:23:21.078+0000] {processor.py:161} INFO - Started process (PID=728) to work on /home/airflow/.local/lib/python3.11/site-packages/airflow/example_dags/tutorial_taskflow_api.py
[2024-05-03T18:23:21.132+0000] {processor.py:830} INFO - Processing file /home/airflow/.local/lib/python3.11/site-packages/airflow/example_dags/tutorial_taskflow_api.py for tasks to queue
[2024-05-03T18:23:21.146+0000] {logging_mixin.py:188} INFO - [2024-05-03T18:23:21.143+0000] {dagbag.py:540} INFO - Filling up the DagBag from /home/airflow/.local/lib/python3.11/site-packages/airflow/example_dags/tutorial_taskflow_api.py
[2024-05-03T18:23:21.206+0000] {processor.py:840} INFO - DAG(s) 'tutorial_taskflow_api' retrieved from /home/airflow/.local/lib/python3.11/site-packages/airflow/example_dags/tutorial_taskflow_api.py
[2024-05-03T18:23:21.279+0000] {logging_mixin.py:188} INFO - [2024-05-03T18:23:21.278+0000] {dag.py:3096} INFO - Sync 1 DAGs
[2024-05-03T18:23:21.305+0000] {logging_mixin.py:188} INFO - [2024-05-03T18:23:21.305+0000] {dag.py:3954} INFO - Setting next_dagrun for tutorial_taskflow_api to None, run_after=None
[2024-05-03T18:23:21.720+0000] {processor.py:183} INFO - Processing /home/airflow/.local/lib/python3.11/site-packages/airflow/example_dags/tutorial_taskflow_api.py took 0.653 seconds
[2024-05-03T18:23:35.219+0000] {processor.py:161} INFO - Started process (PID=778) to work on /home/airflow/.local/lib/python3.11/site-packages/airflow/example_dags/tutorial_taskflow_api.py
[2024-05-03T18:23:35.222+0000] {processor.py:830} INFO - Processing file /home/airflow/.local/lib/python3.11/site-packages/airflow/example_dags/tutorial_taskflow_api.py for tasks to queue
[2024-05-03T18:23:35.227+0000] {logging_mixin.py:188} INFO - [2024-05-03T18:23:35.226+0000] {dagbag.py:540} INFO - Filling up the DagBag from /home/airflow/.local/lib/python3.11/site-packages/airflow/example_dags/tutorial_taskflow_api.py
[2024-05-03T18:23:35.250+0000] {processor.py:840} INFO - DAG(s) 'tutorial_taskflow_api' retrieved from /home/airflow/.local/lib/python3.11/site-packages/airflow/example_dags/tutorial_taskflow_api.py
[2024-05-03T18:23:35.311+0000] {logging_mixin.py:188} INFO - [2024-05-03T18:23:35.311+0000] {dag.py:3096} INFO - Sync 1 DAGs
[2024-05-03T18:23:35.340+0000] {logging_mixin.py:188} INFO - [2024-05-03T18:23:35.340+0000] {dag.py:3954} INFO - Setting next_dagrun for tutorial_taskflow_api to None, run_after=None
[2024-05-03T18:23:35.458+0000] {processor.py:183} INFO - Processing /home/airflow/.local/lib/python3.11/site-packages/airflow/example_dags/tutorial_taskflow_api.py took 0.261 seconds
[2024-05-03T18:23:49.029+0000] {processor.py:161} INFO - Started process (PID=836) to work on /home/airflow/.local/lib/python3.11/site-packages/airflow/example_dags/tutorial_taskflow_api.py
[2024-05-03T18:23:49.044+0000] {processor.py:830} INFO - Processing file /home/airflow/.local/lib/python3.11/site-packages/airflow/example_dags/tutorial_taskflow_api.py for tasks to queue
[2024-05-03T18:23:49.049+0000] {logging_mixin.py:188} INFO - [2024-05-03T18:23:49.048+0000] {dagbag.py:540} INFO - Filling up the DagBag from /home/airflow/.local/lib/python3.11/site-packages/airflow/example_dags/tutorial_taskflow_api.py
[2024-05-03T18:23:49.073+0000] {processor.py:840} INFO - DAG(s) 'tutorial_taskflow_api' retrieved from /home/airflow/.local/lib/python3.11/site-packages/airflow/example_dags/tutorial_taskflow_api.py
[2024-05-03T18:23:49.126+0000] {logging_mixin.py:188} INFO - [2024-05-03T18:23:49.125+0000] {dag.py:3096} INFO - Sync 1 DAGs
[2024-05-03T18:23:49.159+0000] {logging_mixin.py:188} INFO - [2024-05-03T18:23:49.159+0000] {dag.py:3954} INFO - Setting next_dagrun for tutorial_taskflow_api to None, run_after=None
[2024-05-03T18:23:49.228+0000] {processor.py:183} INFO - Processing /home/airflow/.local/lib/python3.11/site-packages/airflow/example_dags/tutorial_taskflow_api.py took 0.211 seconds
[2024-05-03T18:24:03.993+0000] {processor.py:161} INFO - Started process (PID=886) to work on /home/airflow/.local/lib/python3.11/site-packages/airflow/example_dags/tutorial_taskflow_api.py
[2024-05-03T18:24:04.010+0000] {processor.py:830} INFO - Processing file /home/airflow/.local/lib/python3.11/site-packages/airflow/example_dags/tutorial_taskflow_api.py for tasks to queue
[2024-05-03T18:24:04.023+0000] {logging_mixin.py:188} INFO - [2024-05-03T18:24:04.022+0000] {dagbag.py:540} INFO - Filling up the DagBag from /home/airflow/.local/lib/python3.11/site-packages/airflow/example_dags/tutorial_taskflow_api.py
[2024-05-03T18:24:04.105+0000] {processor.py:840} INFO - DAG(s) 'tutorial_taskflow_api' retrieved from /home/airflow/.local/lib/python3.11/site-packages/airflow/example_dags/tutorial_taskflow_api.py
[2024-05-03T18:24:04.369+0000] {logging_mixin.py:188} INFO - [2024-05-03T18:24:04.368+0000] {dag.py:3096} INFO - Sync 1 DAGs
[2024-05-03T18:24:04.529+0000] {logging_mixin.py:188} INFO - [2024-05-03T18:24:04.529+0000] {dag.py:3954} INFO - Setting next_dagrun for tutorial_taskflow_api to None, run_after=None
[2024-05-03T18:24:04.684+0000] {processor.py:183} INFO - Processing /home/airflow/.local/lib/python3.11/site-packages/airflow/example_dags/tutorial_taskflow_api.py took 0.753 seconds
[2024-05-03T18:24:27.677+0000] {processor.py:161} INFO - Started process (PID=944) to work on /home/airflow/.local/lib/python3.11/site-packages/airflow/example_dags/tutorial_taskflow_api.py
[2024-05-03T18:24:27.681+0000] {processor.py:830} INFO - Processing file /home/airflow/.local/lib/python3.11/site-packages/airflow/example_dags/tutorial_taskflow_api.py for tasks to queue
[2024-05-03T18:24:27.690+0000] {logging_mixin.py:188} INFO - [2024-05-03T18:24:27.688+0000] {dagbag.py:540} INFO - Filling up the DagBag from /home/airflow/.local/lib/python3.11/site-packages/airflow/example_dags/tutorial_taskflow_api.py
[2024-05-03T18:24:27.738+0000] {processor.py:840} INFO - DAG(s) 'tutorial_taskflow_api' retrieved from /home/airflow/.local/lib/python3.11/site-packages/airflow/example_dags/tutorial_taskflow_api.py
[2024-05-03T18:24:27.906+0000] {logging_mixin.py:188} INFO - [2024-05-03T18:24:27.905+0000] {dag.py:3096} INFO - Sync 1 DAGs
[2024-05-03T18:24:27.990+0000] {logging_mixin.py:188} INFO - [2024-05-03T18:24:27.989+0000] {dag.py:3954} INFO - Setting next_dagrun for tutorial_taskflow_api to None, run_after=None
[2024-05-03T18:24:28.145+0000] {processor.py:183} INFO - Processing /home/airflow/.local/lib/python3.11/site-packages/airflow/example_dags/tutorial_taskflow_api.py took 0.512 seconds
[2024-05-03T18:24:44.315+0000] {processor.py:161} INFO - Started process (PID=994) to work on /home/airflow/.local/lib/python3.11/site-packages/airflow/example_dags/tutorial_taskflow_api.py
[2024-05-03T18:24:44.318+0000] {processor.py:830} INFO - Processing file /home/airflow/.local/lib/python3.11/site-packages/airflow/example_dags/tutorial_taskflow_api.py for tasks to queue
[2024-05-03T18:24:44.339+0000] {logging_mixin.py:188} INFO - [2024-05-03T18:24:44.338+0000] {dagbag.py:540} INFO - Filling up the DagBag from /home/airflow/.local/lib/python3.11/site-packages/airflow/example_dags/tutorial_taskflow_api.py
[2024-05-03T18:24:44.386+0000] {processor.py:840} INFO - DAG(s) 'tutorial_taskflow_api' retrieved from /home/airflow/.local/lib/python3.11/site-packages/airflow/example_dags/tutorial_taskflow_api.py
[2024-05-03T18:24:44.565+0000] {logging_mixin.py:188} INFO - [2024-05-03T18:24:44.564+0000] {dag.py:3096} INFO - Sync 1 DAGs
[2024-05-03T18:24:44.682+0000] {logging_mixin.py:188} INFO - [2024-05-03T18:24:44.681+0000] {dag.py:3954} INFO - Setting next_dagrun for tutorial_taskflow_api to None, run_after=None
[2024-05-03T18:24:45.067+0000] {processor.py:183} INFO - Processing /home/airflow/.local/lib/python3.11/site-packages/airflow/example_dags/tutorial_taskflow_api.py took 0.791 seconds
[2024-05-03T18:25:17.274+0000] {processor.py:161} INFO - Started process (PID=1052) to work on /home/airflow/.local/lib/python3.11/site-packages/airflow/example_dags/tutorial_taskflow_api.py
[2024-05-03T18:25:17.291+0000] {processor.py:830} INFO - Processing file /home/airflow/.local/lib/python3.11/site-packages/airflow/example_dags/tutorial_taskflow_api.py for tasks to queue
[2024-05-03T18:25:17.314+0000] {logging_mixin.py:188} INFO - [2024-05-03T18:25:17.312+0000] {dagbag.py:540} INFO - Filling up the DagBag from /home/airflow/.local/lib/python3.11/site-packages/airflow/example_dags/tutorial_taskflow_api.py
[2024-05-03T18:25:17.388+0000] {processor.py:840} INFO - DAG(s) 'tutorial_taskflow_api' retrieved from /home/airflow/.local/lib/python3.11/site-packages/airflow/example_dags/tutorial_taskflow_api.py
[2024-05-03T18:25:17.620+0000] {logging_mixin.py:188} INFO - [2024-05-03T18:25:17.620+0000] {dag.py:3096} INFO - Sync 1 DAGs
[2024-05-03T18:25:17.770+0000] {logging_mixin.py:188} INFO - [2024-05-03T18:25:17.769+0000] {dag.py:3954} INFO - Setting next_dagrun for tutorial_taskflow_api to None, run_after=None
[2024-05-03T18:25:17.963+0000] {processor.py:183} INFO - Processing /home/airflow/.local/lib/python3.11/site-packages/airflow/example_dags/tutorial_taskflow_api.py took 0.812 seconds
[2024-05-03T18:26:06.580+0000] {processor.py:161} INFO - Started process (PID=1113) to work on /home/airflow/.local/lib/python3.11/site-packages/airflow/example_dags/tutorial_taskflow_api.py
[2024-05-03T18:26:06.605+0000] {processor.py:830} INFO - Processing file /home/airflow/.local/lib/python3.11/site-packages/airflow/example_dags/tutorial_taskflow_api.py for tasks to queue
[2024-05-03T18:26:06.624+0000] {logging_mixin.py:188} INFO - [2024-05-03T18:26:06.622+0000] {dagbag.py:540} INFO - Filling up the DagBag from /home/airflow/.local/lib/python3.11/site-packages/airflow/example_dags/tutorial_taskflow_api.py
[2024-05-03T18:26:06.836+0000] {processor.py:840} INFO - DAG(s) 'tutorial_taskflow_api' retrieved from /home/airflow/.local/lib/python3.11/site-packages/airflow/example_dags/tutorial_taskflow_api.py
[2024-05-03T18:26:07.542+0000] {logging_mixin.py:188} INFO - [2024-05-03T18:26:07.541+0000] {dag.py:3096} INFO - Sync 1 DAGs
[2024-05-03T18:26:07.731+0000] {logging_mixin.py:188} INFO - [2024-05-03T18:26:07.730+0000] {dag.py:3954} INFO - Setting next_dagrun for tutorial_taskflow_api to None, run_after=None
[2024-05-03T18:26:07.987+0000] {processor.py:183} INFO - Processing /home/airflow/.local/lib/python3.11/site-packages/airflow/example_dags/tutorial_taskflow_api.py took 1.486 seconds
[2024-05-03T18:27:13.215+0000] {processor.py:161} INFO - Started process (PID=1176) to work on /home/airflow/.local/lib/python3.11/site-packages/airflow/example_dags/tutorial_taskflow_api.py
[2024-05-03T18:27:13.268+0000] {processor.py:830} INFO - Processing file /home/airflow/.local/lib/python3.11/site-packages/airflow/example_dags/tutorial_taskflow_api.py for tasks to queue
[2024-05-03T18:27:13.289+0000] {logging_mixin.py:188} INFO - [2024-05-03T18:27:13.287+0000] {dagbag.py:540} INFO - Filling up the DagBag from /home/airflow/.local/lib/python3.11/site-packages/airflow/example_dags/tutorial_taskflow_api.py
[2024-05-03T18:27:13.429+0000] {processor.py:840} INFO - DAG(s) 'tutorial_taskflow_api' retrieved from /home/airflow/.local/lib/python3.11/site-packages/airflow/example_dags/tutorial_taskflow_api.py
[2024-05-03T18:27:13.984+0000] {logging_mixin.py:188} INFO - [2024-05-03T18:27:13.983+0000] {dag.py:3096} INFO - Sync 1 DAGs
[2024-05-03T18:27:14.271+0000] {logging_mixin.py:188} INFO - [2024-05-03T18:27:14.270+0000] {dag.py:3954} INFO - Setting next_dagrun for tutorial_taskflow_api to None, run_after=None
[2024-05-03T18:27:15.050+0000] {processor.py:183} INFO - Processing /home/airflow/.local/lib/python3.11/site-packages/airflow/example_dags/tutorial_taskflow_api.py took 1.989 seconds
[2024-05-03T18:28:14.101+0000] {processor.py:161} INFO - Started process (PID=1237) to work on /home/airflow/.local/lib/python3.11/site-packages/airflow/example_dags/tutorial_taskflow_api.py
[2024-05-03T18:28:14.118+0000] {processor.py:830} INFO - Processing file /home/airflow/.local/lib/python3.11/site-packages/airflow/example_dags/tutorial_taskflow_api.py for tasks to queue
[2024-05-03T18:28:14.137+0000] {logging_mixin.py:188} INFO - [2024-05-03T18:28:14.136+0000] {dagbag.py:540} INFO - Filling up the DagBag from /home/airflow/.local/lib/python3.11/site-packages/airflow/example_dags/tutorial_taskflow_api.py
[2024-05-03T18:28:14.271+0000] {processor.py:840} INFO - DAG(s) 'tutorial_taskflow_api' retrieved from /home/airflow/.local/lib/python3.11/site-packages/airflow/example_dags/tutorial_taskflow_api.py
[2024-05-03T18:28:14.580+0000] {logging_mixin.py:188} INFO - [2024-05-03T18:28:14.579+0000] {dag.py:3096} INFO - Sync 1 DAGs
[2024-05-03T18:28:14.694+0000] {logging_mixin.py:188} INFO - [2024-05-03T18:28:14.693+0000] {dag.py:3954} INFO - Setting next_dagrun for tutorial_taskflow_api to None, run_after=None
[2024-05-03T18:28:14.910+0000] {processor.py:183} INFO - Processing /home/airflow/.local/lib/python3.11/site-packages/airflow/example_dags/tutorial_taskflow_api.py took 0.873 seconds
[2024-05-03T18:29:02.604+0000] {processor.py:161} INFO - Started process (PID=1298) to work on /home/airflow/.local/lib/python3.11/site-packages/airflow/example_dags/tutorial_taskflow_api.py
[2024-05-03T18:29:02.623+0000] {processor.py:830} INFO - Processing file /home/airflow/.local/lib/python3.11/site-packages/airflow/example_dags/tutorial_taskflow_api.py for tasks to queue
[2024-05-03T18:29:02.629+0000] {logging_mixin.py:188} INFO - [2024-05-03T18:29:02.628+0000] {dagbag.py:540} INFO - Filling up the DagBag from /home/airflow/.local/lib/python3.11/site-packages/airflow/example_dags/tutorial_taskflow_api.py
[2024-05-03T18:29:02.649+0000] {processor.py:840} INFO - DAG(s) 'tutorial_taskflow_api' retrieved from /home/airflow/.local/lib/python3.11/site-packages/airflow/example_dags/tutorial_taskflow_api.py
[2024-05-03T18:29:02.731+0000] {logging_mixin.py:188} INFO - [2024-05-03T18:29:02.731+0000] {dag.py:3096} INFO - Sync 1 DAGs
[2024-05-03T18:29:03.185+0000] {logging_mixin.py:188} INFO - [2024-05-03T18:29:03.184+0000] {dag.py:3954} INFO - Setting next_dagrun for tutorial_taskflow_api to None, run_after=None
[2024-05-03T18:29:03.516+0000] {processor.py:183} INFO - Processing /home/airflow/.local/lib/python3.11/site-packages/airflow/example_dags/tutorial_taskflow_api.py took 0.936 seconds
