[2024-05-03T18:16:26.883+0000] {processor.py:161} INFO - Started process (PID=59) to work on /home/airflow/.local/lib/python3.11/site-packages/airflow/example_dags/tutorial.py
[2024-05-03T18:16:26.895+0000] {processor.py:830} INFO - Processing file /home/airflow/.local/lib/python3.11/site-packages/airflow/example_dags/tutorial.py for tasks to queue
[2024-05-03T18:16:26.924+0000] {logging_mixin.py:188} INFO - [2024-05-03T18:16:26.919+0000] {dagbag.py:540} INFO - Filling up the DagBag from /home/airflow/.local/lib/python3.11/site-packages/airflow/example_dags/tutorial.py
[2024-05-03T18:16:27.038+0000] {processor.py:840} INFO - DAG(s) 'tutorial' retrieved from /home/airflow/.local/lib/python3.11/site-packages/airflow/example_dags/tutorial.py
[2024-05-03T18:16:28.301+0000] {logging_mixin.py:188} INFO - [2024-05-03T18:16:28.287+0000] {override.py:1829} INFO - Created Permission View: can edit on DAG:tutorial
[2024-05-03T18:16:28.506+0000] {logging_mixin.py:188} INFO - [2024-05-03T18:16:28.505+0000] {override.py:1829} INFO - Created Permission View: can read on DAG:tutorial
[2024-05-03T18:16:28.609+0000] {logging_mixin.py:188} INFO - [2024-05-03T18:16:28.608+0000] {override.py:1829} INFO - Created Permission View: can delete on DAG:tutorial
[2024-05-03T18:16:28.614+0000] {logging_mixin.py:188} INFO - [2024-05-03T18:16:28.612+0000] {dag.py:3096} INFO - Sync 1 DAGs
[2024-05-03T18:16:28.815+0000] {logging_mixin.py:188} INFO - [2024-05-03T18:16:28.814+0000] {dag.py:3118} INFO - Creating ORM DAG for tutorial
[2024-05-03T18:16:29.204+0000] {logging_mixin.py:188} INFO - [2024-05-03T18:16:29.203+0000] {dag.py:3954} INFO - Setting next_dagrun for tutorial to 2024-05-02 00:00:00+00:00, run_after=2024-05-03 00:00:00+00:00
[2024-05-03T18:16:29.661+0000] {processor.py:183} INFO - Processing /home/airflow/.local/lib/python3.11/site-packages/airflow/example_dags/tutorial.py took 2.820 seconds
[2024-05-03T18:17:38.528+0000] {processor.py:161} INFO - Started process (PID=124) to work on /home/airflow/.local/lib/python3.11/site-packages/airflow/example_dags/tutorial.py
[2024-05-03T18:17:38.534+0000] {processor.py:830} INFO - Processing file /home/airflow/.local/lib/python3.11/site-packages/airflow/example_dags/tutorial.py for tasks to queue
[2024-05-03T18:17:38.551+0000] {logging_mixin.py:188} INFO - [2024-05-03T18:17:38.546+0000] {dagbag.py:540} INFO - Filling up the DagBag from /home/airflow/.local/lib/python3.11/site-packages/airflow/example_dags/tutorial.py
[2024-05-03T18:17:38.597+0000] {processor.py:840} INFO - DAG(s) 'tutorial' retrieved from /home/airflow/.local/lib/python3.11/site-packages/airflow/example_dags/tutorial.py
[2024-05-03T18:17:38.811+0000] {logging_mixin.py:188} INFO - [2024-05-03T18:17:38.810+0000] {dag.py:3096} INFO - Sync 1 DAGs
[2024-05-03T18:17:39.034+0000] {logging_mixin.py:188} INFO - [2024-05-03T18:17:39.033+0000] {dag.py:3954} INFO - Setting next_dagrun for tutorial to 2024-05-02 00:00:00+00:00, run_after=2024-05-03 00:00:00+00:00
[2024-05-03T18:17:39.203+0000] {processor.py:183} INFO - Processing /home/airflow/.local/lib/python3.11/site-packages/airflow/example_dags/tutorial.py took 0.711 seconds
[2024-05-03T18:18:14.918+0000] {processor.py:161} INFO - Started process (PID=187) to work on /home/airflow/.local/lib/python3.11/site-packages/airflow/example_dags/tutorial.py
[2024-05-03T18:18:14.926+0000] {processor.py:830} INFO - Processing file /home/airflow/.local/lib/python3.11/site-packages/airflow/example_dags/tutorial.py for tasks to queue
[2024-05-03T18:18:14.943+0000] {logging_mixin.py:188} INFO - [2024-05-03T18:18:14.942+0000] {dagbag.py:540} INFO - Filling up the DagBag from /home/airflow/.local/lib/python3.11/site-packages/airflow/example_dags/tutorial.py
[2024-05-03T18:18:15.112+0000] {processor.py:840} INFO - DAG(s) 'tutorial' retrieved from /home/airflow/.local/lib/python3.11/site-packages/airflow/example_dags/tutorial.py
[2024-05-03T18:18:15.364+0000] {logging_mixin.py:188} INFO - [2024-05-03T18:18:15.364+0000] {dag.py:3096} INFO - Sync 1 DAGs
[2024-05-03T18:18:15.652+0000] {logging_mixin.py:188} INFO - [2024-05-03T18:18:15.651+0000] {dag.py:3954} INFO - Setting next_dagrun for tutorial to 2024-05-02 00:00:00+00:00, run_after=2024-05-03 00:00:00+00:00
[2024-05-03T18:18:15.877+0000] {processor.py:183} INFO - Processing /home/airflow/.local/lib/python3.11/site-packages/airflow/example_dags/tutorial.py took 1.074 seconds
[2024-05-03T18:18:59.531+0000] {processor.py:161} INFO - Started process (PID=244) to work on /home/airflow/.local/lib/python3.11/site-packages/airflow/example_dags/tutorial.py
[2024-05-03T18:18:59.564+0000] {processor.py:830} INFO - Processing file /home/airflow/.local/lib/python3.11/site-packages/airflow/example_dags/tutorial.py for tasks to queue
[2024-05-03T18:18:59.598+0000] {logging_mixin.py:188} INFO - [2024-05-03T18:18:59.597+0000] {dagbag.py:540} INFO - Filling up the DagBag from /home/airflow/.local/lib/python3.11/site-packages/airflow/example_dags/tutorial.py
[2024-05-03T18:18:59.677+0000] {processor.py:840} INFO - DAG(s) 'tutorial' retrieved from /home/airflow/.local/lib/python3.11/site-packages/airflow/example_dags/tutorial.py
[2024-05-03T18:18:59.972+0000] {logging_mixin.py:188} INFO - [2024-05-03T18:18:59.962+0000] {dag.py:3096} INFO - Sync 1 DAGs
[2024-05-03T18:19:00.218+0000] {logging_mixin.py:188} INFO - [2024-05-03T18:19:00.217+0000] {dag.py:3954} INFO - Setting next_dagrun for tutorial to 2024-05-02 00:00:00+00:00, run_after=2024-05-03 00:00:00+00:00
[2024-05-03T18:19:00.430+0000] {processor.py:183} INFO - Processing /home/airflow/.local/lib/python3.11/site-packages/airflow/example_dags/tutorial.py took 1.008 seconds
[2024-05-03T18:19:41.845+0000] {processor.py:161} INFO - Started process (PID=299) to work on /home/airflow/.local/lib/python3.11/site-packages/airflow/example_dags/tutorial.py
[2024-05-03T18:19:41.852+0000] {processor.py:830} INFO - Processing file /home/airflow/.local/lib/python3.11/site-packages/airflow/example_dags/tutorial.py for tasks to queue
[2024-05-03T18:19:41.876+0000] {logging_mixin.py:188} INFO - [2024-05-03T18:19:41.874+0000] {dagbag.py:540} INFO - Filling up the DagBag from /home/airflow/.local/lib/python3.11/site-packages/airflow/example_dags/tutorial.py
[2024-05-03T18:19:41.921+0000] {processor.py:840} INFO - DAG(s) 'tutorial' retrieved from /home/airflow/.local/lib/python3.11/site-packages/airflow/example_dags/tutorial.py
[2024-05-03T18:19:42.018+0000] {logging_mixin.py:188} INFO - [2024-05-03T18:19:42.017+0000] {dag.py:3096} INFO - Sync 1 DAGs
[2024-05-03T18:19:42.201+0000] {logging_mixin.py:188} INFO - [2024-05-03T18:19:42.200+0000] {dag.py:3954} INFO - Setting next_dagrun for tutorial to 2024-05-02 00:00:00+00:00, run_after=2024-05-03 00:00:00+00:00
[2024-05-03T18:19:42.550+0000] {processor.py:183} INFO - Processing /home/airflow/.local/lib/python3.11/site-packages/airflow/example_dags/tutorial.py took 0.757 seconds
[2024-05-03T18:20:19.618+0000] {processor.py:161} INFO - Started process (PID=363) to work on /home/airflow/.local/lib/python3.11/site-packages/airflow/example_dags/tutorial.py
[2024-05-03T18:20:19.649+0000] {processor.py:830} INFO - Processing file /home/airflow/.local/lib/python3.11/site-packages/airflow/example_dags/tutorial.py for tasks to queue
[2024-05-03T18:20:19.661+0000] {logging_mixin.py:188} INFO - [2024-05-03T18:20:19.659+0000] {dagbag.py:540} INFO - Filling up the DagBag from /home/airflow/.local/lib/python3.11/site-packages/airflow/example_dags/tutorial.py
[2024-05-03T18:20:19.733+0000] {processor.py:840} INFO - DAG(s) 'tutorial' retrieved from /home/airflow/.local/lib/python3.11/site-packages/airflow/example_dags/tutorial.py
[2024-05-03T18:20:20.157+0000] {logging_mixin.py:188} INFO - [2024-05-03T18:20:20.156+0000] {dag.py:3096} INFO - Sync 1 DAGs
[2024-05-03T18:20:20.421+0000] {logging_mixin.py:188} INFO - [2024-05-03T18:20:20.420+0000] {dag.py:3954} INFO - Setting next_dagrun for tutorial to 2024-05-02 00:00:00+00:00, run_after=2024-05-03 00:00:00+00:00
[2024-05-03T18:20:20.595+0000] {processor.py:183} INFO - Processing /home/airflow/.local/lib/python3.11/site-packages/airflow/example_dags/tutorial.py took 1.044 seconds
[2024-05-03T18:20:48.797+0000] {processor.py:161} INFO - Started process (PID=418) to work on /home/airflow/.local/lib/python3.11/site-packages/airflow/example_dags/tutorial.py
[2024-05-03T18:20:48.805+0000] {processor.py:830} INFO - Processing file /home/airflow/.local/lib/python3.11/site-packages/airflow/example_dags/tutorial.py for tasks to queue
[2024-05-03T18:20:48.831+0000] {logging_mixin.py:188} INFO - [2024-05-03T18:20:48.830+0000] {dagbag.py:540} INFO - Filling up the DagBag from /home/airflow/.local/lib/python3.11/site-packages/airflow/example_dags/tutorial.py
[2024-05-03T18:20:48.943+0000] {processor.py:840} INFO - DAG(s) 'tutorial' retrieved from /home/airflow/.local/lib/python3.11/site-packages/airflow/example_dags/tutorial.py
[2024-05-03T18:20:49.218+0000] {logging_mixin.py:188} INFO - [2024-05-03T18:20:49.217+0000] {dag.py:3096} INFO - Sync 1 DAGs
[2024-05-03T18:20:49.375+0000] {logging_mixin.py:188} INFO - [2024-05-03T18:20:49.374+0000] {dag.py:3954} INFO - Setting next_dagrun for tutorial to 2024-05-02 00:00:00+00:00, run_after=2024-05-03 00:00:00+00:00
[2024-05-03T18:20:49.550+0000] {processor.py:183} INFO - Processing /home/airflow/.local/lib/python3.11/site-packages/airflow/example_dags/tutorial.py took 0.897 seconds
[2024-05-03T18:21:20.139+0000] {processor.py:161} INFO - Started process (PID=475) to work on /home/airflow/.local/lib/python3.11/site-packages/airflow/example_dags/tutorial.py
[2024-05-03T18:21:20.147+0000] {processor.py:830} INFO - Processing file /home/airflow/.local/lib/python3.11/site-packages/airflow/example_dags/tutorial.py for tasks to queue
[2024-05-03T18:21:20.160+0000] {logging_mixin.py:188} INFO - [2024-05-03T18:21:20.154+0000] {dagbag.py:540} INFO - Filling up the DagBag from /home/airflow/.local/lib/python3.11/site-packages/airflow/example_dags/tutorial.py
[2024-05-03T18:21:20.214+0000] {processor.py:840} INFO - DAG(s) 'tutorial' retrieved from /home/airflow/.local/lib/python3.11/site-packages/airflow/example_dags/tutorial.py
[2024-05-03T18:21:20.369+0000] {logging_mixin.py:188} INFO - [2024-05-03T18:21:20.368+0000] {dag.py:3096} INFO - Sync 1 DAGs
[2024-05-03T18:21:20.633+0000] {logging_mixin.py:188} INFO - [2024-05-03T18:21:20.632+0000] {dag.py:3954} INFO - Setting next_dagrun for tutorial to 2024-05-02 00:00:00+00:00, run_after=2024-05-03 00:00:00+00:00
[2024-05-03T18:21:20.822+0000] {processor.py:183} INFO - Processing /home/airflow/.local/lib/python3.11/site-packages/airflow/example_dags/tutorial.py took 0.735 seconds
[2024-05-03T18:21:50.502+0000] {processor.py:161} INFO - Started process (PID=531) to work on /home/airflow/.local/lib/python3.11/site-packages/airflow/example_dags/tutorial.py
[2024-05-03T18:21:50.507+0000] {processor.py:830} INFO - Processing file /home/airflow/.local/lib/python3.11/site-packages/airflow/example_dags/tutorial.py for tasks to queue
[2024-05-03T18:21:50.522+0000] {logging_mixin.py:188} INFO - [2024-05-03T18:21:50.520+0000] {dagbag.py:540} INFO - Filling up the DagBag from /home/airflow/.local/lib/python3.11/site-packages/airflow/example_dags/tutorial.py
[2024-05-03T18:21:50.557+0000] {processor.py:840} INFO - DAG(s) 'tutorial' retrieved from /home/airflow/.local/lib/python3.11/site-packages/airflow/example_dags/tutorial.py
[2024-05-03T18:21:50.713+0000] {logging_mixin.py:188} INFO - [2024-05-03T18:21:50.710+0000] {dag.py:3096} INFO - Sync 1 DAGs
[2024-05-03T18:21:50.937+0000] {logging_mixin.py:188} INFO - [2024-05-03T18:21:50.936+0000] {dag.py:3954} INFO - Setting next_dagrun for tutorial to 2024-05-02 00:00:00+00:00, run_after=2024-05-03 00:00:00+00:00
[2024-05-03T18:21:51.229+0000] {processor.py:183} INFO - Processing /home/airflow/.local/lib/python3.11/site-packages/airflow/example_dags/tutorial.py took 0.784 seconds
[2024-05-03T18:22:24.081+0000] {processor.py:161} INFO - Started process (PID=588) to work on /home/airflow/.local/lib/python3.11/site-packages/airflow/example_dags/tutorial.py
[2024-05-03T18:22:24.097+0000] {processor.py:830} INFO - Processing file /home/airflow/.local/lib/python3.11/site-packages/airflow/example_dags/tutorial.py for tasks to queue
[2024-05-03T18:22:24.109+0000] {logging_mixin.py:188} INFO - [2024-05-03T18:22:24.108+0000] {dagbag.py:540} INFO - Filling up the DagBag from /home/airflow/.local/lib/python3.11/site-packages/airflow/example_dags/tutorial.py
[2024-05-03T18:22:24.162+0000] {processor.py:840} INFO - DAG(s) 'tutorial' retrieved from /home/airflow/.local/lib/python3.11/site-packages/airflow/example_dags/tutorial.py
[2024-05-03T18:22:24.365+0000] {logging_mixin.py:188} INFO - [2024-05-03T18:22:24.364+0000] {dag.py:3096} INFO - Sync 1 DAGs
[2024-05-03T18:22:24.611+0000] {logging_mixin.py:188} INFO - [2024-05-03T18:22:24.608+0000] {dag.py:3954} INFO - Setting next_dagrun for tutorial to 2024-05-02 00:00:00+00:00, run_after=2024-05-03 00:00:00+00:00
[2024-05-03T18:22:24.776+0000] {processor.py:183} INFO - Processing /home/airflow/.local/lib/python3.11/site-packages/airflow/example_dags/tutorial.py took 0.748 seconds
[2024-05-03T18:22:51.737+0000] {processor.py:161} INFO - Started process (PID=643) to work on /home/airflow/.local/lib/python3.11/site-packages/airflow/example_dags/tutorial.py
[2024-05-03T18:22:51.741+0000] {processor.py:830} INFO - Processing file /home/airflow/.local/lib/python3.11/site-packages/airflow/example_dags/tutorial.py for tasks to queue
[2024-05-03T18:22:51.772+0000] {logging_mixin.py:188} INFO - [2024-05-03T18:22:51.770+0000] {dagbag.py:540} INFO - Filling up the DagBag from /home/airflow/.local/lib/python3.11/site-packages/airflow/example_dags/tutorial.py
[2024-05-03T18:22:51.840+0000] {processor.py:840} INFO - DAG(s) 'tutorial' retrieved from /home/airflow/.local/lib/python3.11/site-packages/airflow/example_dags/tutorial.py
[2024-05-03T18:22:52.118+0000] {logging_mixin.py:188} INFO - [2024-05-03T18:22:52.117+0000] {dag.py:3096} INFO - Sync 1 DAGs
[2024-05-03T18:22:52.392+0000] {logging_mixin.py:188} INFO - [2024-05-03T18:22:52.391+0000] {dag.py:3954} INFO - Setting next_dagrun for tutorial to 2024-05-02 00:00:00+00:00, run_after=2024-05-03 00:00:00+00:00
[2024-05-03T18:22:52.752+0000] {processor.py:183} INFO - Processing /home/airflow/.local/lib/python3.11/site-packages/airflow/example_dags/tutorial.py took 1.060 seconds
[2024-05-03T18:23:11.682+0000] {processor.py:161} INFO - Started process (PID=694) to work on /home/airflow/.local/lib/python3.11/site-packages/airflow/example_dags/tutorial.py
[2024-05-03T18:23:11.688+0000] {processor.py:830} INFO - Processing file /home/airflow/.local/lib/python3.11/site-packages/airflow/example_dags/tutorial.py for tasks to queue
[2024-05-03T18:23:11.697+0000] {logging_mixin.py:188} INFO - [2024-05-03T18:23:11.696+0000] {dagbag.py:540} INFO - Filling up the DagBag from /home/airflow/.local/lib/python3.11/site-packages/airflow/example_dags/tutorial.py
[2024-05-03T18:23:11.719+0000] {processor.py:840} INFO - DAG(s) 'tutorial' retrieved from /home/airflow/.local/lib/python3.11/site-packages/airflow/example_dags/tutorial.py
[2024-05-03T18:23:11.799+0000] {logging_mixin.py:188} INFO - [2024-05-03T18:23:11.797+0000] {dag.py:3096} INFO - Sync 1 DAGs
[2024-05-03T18:23:11.906+0000] {logging_mixin.py:188} INFO - [2024-05-03T18:23:11.903+0000] {dag.py:3954} INFO - Setting next_dagrun for tutorial to 2024-05-02 00:00:00+00:00, run_after=2024-05-03 00:00:00+00:00
[2024-05-03T18:23:12.073+0000] {processor.py:183} INFO - Processing /home/airflow/.local/lib/python3.11/site-packages/airflow/example_dags/tutorial.py took 0.416 seconds
[2024-05-03T18:23:29.535+0000] {processor.py:161} INFO - Started process (PID=750) to work on /home/airflow/.local/lib/python3.11/site-packages/airflow/example_dags/tutorial.py
[2024-05-03T18:23:29.538+0000] {processor.py:830} INFO - Processing file /home/airflow/.local/lib/python3.11/site-packages/airflow/example_dags/tutorial.py for tasks to queue
[2024-05-03T18:23:29.543+0000] {logging_mixin.py:188} INFO - [2024-05-03T18:23:29.542+0000] {dagbag.py:540} INFO - Filling up the DagBag from /home/airflow/.local/lib/python3.11/site-packages/airflow/example_dags/tutorial.py
[2024-05-03T18:23:29.577+0000] {processor.py:840} INFO - DAG(s) 'tutorial' retrieved from /home/airflow/.local/lib/python3.11/site-packages/airflow/example_dags/tutorial.py
[2024-05-03T18:23:29.672+0000] {logging_mixin.py:188} INFO - [2024-05-03T18:23:29.671+0000] {dag.py:3096} INFO - Sync 1 DAGs
[2024-05-03T18:23:29.724+0000] {logging_mixin.py:188} INFO - [2024-05-03T18:23:29.724+0000] {dag.py:3954} INFO - Setting next_dagrun for tutorial to 2024-05-02 00:00:00+00:00, run_after=2024-05-03 00:00:00+00:00
[2024-05-03T18:23:29.866+0000] {processor.py:183} INFO - Processing /home/airflow/.local/lib/python3.11/site-packages/airflow/example_dags/tutorial.py took 0.351 seconds
[2024-05-03T18:23:42.116+0000] {processor.py:161} INFO - Started process (PID=801) to work on /home/airflow/.local/lib/python3.11/site-packages/airflow/example_dags/tutorial.py
[2024-05-03T18:23:42.217+0000] {processor.py:830} INFO - Processing file /home/airflow/.local/lib/python3.11/site-packages/airflow/example_dags/tutorial.py for tasks to queue
[2024-05-03T18:23:42.223+0000] {logging_mixin.py:188} INFO - [2024-05-03T18:23:42.222+0000] {dagbag.py:540} INFO - Filling up the DagBag from /home/airflow/.local/lib/python3.11/site-packages/airflow/example_dags/tutorial.py
[2024-05-03T18:23:42.241+0000] {processor.py:840} INFO - DAG(s) 'tutorial' retrieved from /home/airflow/.local/lib/python3.11/site-packages/airflow/example_dags/tutorial.py
[2024-05-03T18:23:42.296+0000] {logging_mixin.py:188} INFO - [2024-05-03T18:23:42.295+0000] {dag.py:3096} INFO - Sync 1 DAGs
[2024-05-03T18:23:42.350+0000] {logging_mixin.py:188} INFO - [2024-05-03T18:23:42.349+0000] {dag.py:3954} INFO - Setting next_dagrun for tutorial to 2024-05-02 00:00:00+00:00, run_after=2024-05-03 00:00:00+00:00
[2024-05-03T18:23:42.428+0000] {processor.py:183} INFO - Processing /home/airflow/.local/lib/python3.11/site-packages/airflow/example_dags/tutorial.py took 0.333 seconds
[2024-05-03T18:23:55.137+0000] {processor.py:161} INFO - Started process (PID=858) to work on /home/airflow/.local/lib/python3.11/site-packages/airflow/example_dags/tutorial.py
[2024-05-03T18:23:55.139+0000] {processor.py:830} INFO - Processing file /home/airflow/.local/lib/python3.11/site-packages/airflow/example_dags/tutorial.py for tasks to queue
[2024-05-03T18:23:55.143+0000] {logging_mixin.py:188} INFO - [2024-05-03T18:23:55.142+0000] {dagbag.py:540} INFO - Filling up the DagBag from /home/airflow/.local/lib/python3.11/site-packages/airflow/example_dags/tutorial.py
[2024-05-03T18:23:55.155+0000] {processor.py:840} INFO - DAG(s) 'tutorial' retrieved from /home/airflow/.local/lib/python3.11/site-packages/airflow/example_dags/tutorial.py
[2024-05-03T18:23:55.464+0000] {logging_mixin.py:188} INFO - [2024-05-03T18:23:55.463+0000] {dag.py:3096} INFO - Sync 1 DAGs
[2024-05-03T18:23:55.578+0000] {logging_mixin.py:188} INFO - [2024-05-03T18:23:55.577+0000] {dag.py:3954} INFO - Setting next_dagrun for tutorial to 2024-05-02 00:00:00+00:00, run_after=2024-05-03 00:00:00+00:00
[2024-05-03T18:23:55.964+0000] {processor.py:183} INFO - Processing /home/airflow/.local/lib/python3.11/site-packages/airflow/example_dags/tutorial.py took 0.841 seconds
[2024-05-03T18:24:16.934+0000] {processor.py:161} INFO - Started process (PID=910) to work on /home/airflow/.local/lib/python3.11/site-packages/airflow/example_dags/tutorial.py
[2024-05-03T18:24:16.938+0000] {processor.py:830} INFO - Processing file /home/airflow/.local/lib/python3.11/site-packages/airflow/example_dags/tutorial.py for tasks to queue
[2024-05-03T18:24:16.946+0000] {logging_mixin.py:188} INFO - [2024-05-03T18:24:16.945+0000] {dagbag.py:540} INFO - Filling up the DagBag from /home/airflow/.local/lib/python3.11/site-packages/airflow/example_dags/tutorial.py
[2024-05-03T18:24:16.971+0000] {processor.py:840} INFO - DAG(s) 'tutorial' retrieved from /home/airflow/.local/lib/python3.11/site-packages/airflow/example_dags/tutorial.py
[2024-05-03T18:24:17.105+0000] {logging_mixin.py:188} INFO - [2024-05-03T18:24:17.104+0000] {dag.py:3096} INFO - Sync 1 DAGs
[2024-05-03T18:24:17.245+0000] {logging_mixin.py:188} INFO - [2024-05-03T18:24:17.244+0000] {dag.py:3954} INFO - Setting next_dagrun for tutorial to 2024-05-02 00:00:00+00:00, run_after=2024-05-03 00:00:00+00:00
[2024-05-03T18:24:17.333+0000] {processor.py:183} INFO - Processing /home/airflow/.local/lib/python3.11/site-packages/airflow/example_dags/tutorial.py took 0.427 seconds
[2024-05-03T18:24:34.884+0000] {processor.py:161} INFO - Started process (PID=966) to work on /home/airflow/.local/lib/python3.11/site-packages/airflow/example_dags/tutorial.py
[2024-05-03T18:24:34.887+0000] {processor.py:830} INFO - Processing file /home/airflow/.local/lib/python3.11/site-packages/airflow/example_dags/tutorial.py for tasks to queue
[2024-05-03T18:24:34.892+0000] {logging_mixin.py:188} INFO - [2024-05-03T18:24:34.891+0000] {dagbag.py:540} INFO - Filling up the DagBag from /home/airflow/.local/lib/python3.11/site-packages/airflow/example_dags/tutorial.py
[2024-05-03T18:24:34.907+0000] {processor.py:840} INFO - DAG(s) 'tutorial' retrieved from /home/airflow/.local/lib/python3.11/site-packages/airflow/example_dags/tutorial.py
[2024-05-03T18:24:34.959+0000] {logging_mixin.py:188} INFO - [2024-05-03T18:24:34.958+0000] {dag.py:3096} INFO - Sync 1 DAGs
[2024-05-03T18:24:35.017+0000] {logging_mixin.py:188} INFO - [2024-05-03T18:24:35.016+0000] {dag.py:3954} INFO - Setting next_dagrun for tutorial to 2024-05-02 00:00:00+00:00, run_after=2024-05-03 00:00:00+00:00
[2024-05-03T18:24:35.097+0000] {processor.py:183} INFO - Processing /home/airflow/.local/lib/python3.11/site-packages/airflow/example_dags/tutorial.py took 0.228 seconds
[2024-05-03T18:24:55.813+0000] {processor.py:161} INFO - Started process (PID=1024) to work on /home/airflow/.local/lib/python3.11/site-packages/airflow/example_dags/tutorial.py
[2024-05-03T18:24:55.823+0000] {processor.py:830} INFO - Processing file /home/airflow/.local/lib/python3.11/site-packages/airflow/example_dags/tutorial.py for tasks to queue
[2024-05-03T18:24:55.839+0000] {logging_mixin.py:188} INFO - [2024-05-03T18:24:55.829+0000] {dagbag.py:540} INFO - Filling up the DagBag from /home/airflow/.local/lib/python3.11/site-packages/airflow/example_dags/tutorial.py
[2024-05-03T18:24:55.893+0000] {processor.py:840} INFO - DAG(s) 'tutorial' retrieved from /home/airflow/.local/lib/python3.11/site-packages/airflow/example_dags/tutorial.py
[2024-05-03T18:24:56.063+0000] {logging_mixin.py:188} INFO - [2024-05-03T18:24:56.058+0000] {dag.py:3096} INFO - Sync 1 DAGs
[2024-05-03T18:24:56.324+0000] {logging_mixin.py:188} INFO - [2024-05-03T18:24:56.323+0000] {dag.py:3954} INFO - Setting next_dagrun for tutorial to 2024-05-02 00:00:00+00:00, run_after=2024-05-03 00:00:00+00:00
[2024-05-03T18:24:56.592+0000] {processor.py:183} INFO - Processing /home/airflow/.local/lib/python3.11/site-packages/airflow/example_dags/tutorial.py took 0.823 seconds
[2024-05-03T18:25:39.111+0000] {processor.py:161} INFO - Started process (PID=1079) to work on /home/airflow/.local/lib/python3.11/site-packages/airflow/example_dags/tutorial.py
[2024-05-03T18:25:39.118+0000] {processor.py:830} INFO - Processing file /home/airflow/.local/lib/python3.11/site-packages/airflow/example_dags/tutorial.py for tasks to queue
[2024-05-03T18:25:39.140+0000] {logging_mixin.py:188} INFO - [2024-05-03T18:25:39.139+0000] {dagbag.py:540} INFO - Filling up the DagBag from /home/airflow/.local/lib/python3.11/site-packages/airflow/example_dags/tutorial.py
[2024-05-03T18:25:39.195+0000] {processor.py:840} INFO - DAG(s) 'tutorial' retrieved from /home/airflow/.local/lib/python3.11/site-packages/airflow/example_dags/tutorial.py
[2024-05-03T18:25:39.466+0000] {logging_mixin.py:188} INFO - [2024-05-03T18:25:39.465+0000] {dag.py:3096} INFO - Sync 1 DAGs
[2024-05-03T18:25:39.725+0000] {logging_mixin.py:188} INFO - [2024-05-03T18:25:39.724+0000] {dag.py:3954} INFO - Setting next_dagrun for tutorial to 2024-05-02 00:00:00+00:00, run_after=2024-05-03 00:00:00+00:00
[2024-05-03T18:25:40.014+0000] {processor.py:183} INFO - Processing /home/airflow/.local/lib/python3.11/site-packages/airflow/example_dags/tutorial.py took 0.998 seconds
[2024-05-03T18:26:35.875+0000] {processor.py:161} INFO - Started process (PID=1142) to work on /home/airflow/.local/lib/python3.11/site-packages/airflow/example_dags/tutorial.py
[2024-05-03T18:26:35.892+0000] {processor.py:830} INFO - Processing file /home/airflow/.local/lib/python3.11/site-packages/airflow/example_dags/tutorial.py for tasks to queue
[2024-05-03T18:26:35.923+0000] {logging_mixin.py:188} INFO - [2024-05-03T18:26:35.917+0000] {dagbag.py:540} INFO - Filling up the DagBag from /home/airflow/.local/lib/python3.11/site-packages/airflow/example_dags/tutorial.py
[2024-05-03T18:26:36.065+0000] {processor.py:840} INFO - DAG(s) 'tutorial' retrieved from /home/airflow/.local/lib/python3.11/site-packages/airflow/example_dags/tutorial.py
[2024-05-03T18:26:36.759+0000] {logging_mixin.py:188} INFO - [2024-05-03T18:26:36.758+0000] {dag.py:3096} INFO - Sync 1 DAGs
[2024-05-03T18:26:37.634+0000] {logging_mixin.py:188} INFO - [2024-05-03T18:26:37.633+0000] {dag.py:3954} INFO - Setting next_dagrun for tutorial to 2024-05-02 00:00:00+00:00, run_after=2024-05-03 00:00:00+00:00
[2024-05-03T18:26:38.043+0000] {processor.py:183} INFO - Processing /home/airflow/.local/lib/python3.11/site-packages/airflow/example_dags/tutorial.py took 2.297 seconds
[2024-05-03T18:27:43.683+0000] {processor.py:161} INFO - Started process (PID=1203) to work on /home/airflow/.local/lib/python3.11/site-packages/airflow/example_dags/tutorial.py
[2024-05-03T18:27:43.711+0000] {processor.py:830} INFO - Processing file /home/airflow/.local/lib/python3.11/site-packages/airflow/example_dags/tutorial.py for tasks to queue
[2024-05-03T18:27:43.770+0000] {logging_mixin.py:188} INFO - [2024-05-03T18:27:43.769+0000] {dagbag.py:540} INFO - Filling up the DagBag from /home/airflow/.local/lib/python3.11/site-packages/airflow/example_dags/tutorial.py
[2024-05-03T18:27:44.119+0000] {processor.py:840} INFO - DAG(s) 'tutorial' retrieved from /home/airflow/.local/lib/python3.11/site-packages/airflow/example_dags/tutorial.py
[2024-05-03T18:27:45.439+0000] {logging_mixin.py:188} INFO - [2024-05-03T18:27:45.437+0000] {dag.py:3096} INFO - Sync 1 DAGs
[2024-05-03T18:27:45.931+0000] {logging_mixin.py:188} INFO - [2024-05-03T18:27:45.930+0000] {dag.py:3954} INFO - Setting next_dagrun for tutorial to 2024-05-02 00:00:00+00:00, run_after=2024-05-03 00:00:00+00:00
[2024-05-03T18:27:46.196+0000] {processor.py:183} INFO - Processing /home/airflow/.local/lib/python3.11/site-packages/airflow/example_dags/tutorial.py took 3.004 seconds
[2024-05-03T18:28:40.419+0000] {processor.py:161} INFO - Started process (PID=1265) to work on /home/airflow/.local/lib/python3.11/site-packages/airflow/example_dags/tutorial.py
[2024-05-03T18:28:40.434+0000] {processor.py:830} INFO - Processing file /home/airflow/.local/lib/python3.11/site-packages/airflow/example_dags/tutorial.py for tasks to queue
[2024-05-03T18:28:40.450+0000] {logging_mixin.py:188} INFO - [2024-05-03T18:28:40.447+0000] {dagbag.py:540} INFO - Filling up the DagBag from /home/airflow/.local/lib/python3.11/site-packages/airflow/example_dags/tutorial.py
[2024-05-03T18:28:40.513+0000] {processor.py:840} INFO - DAG(s) 'tutorial' retrieved from /home/airflow/.local/lib/python3.11/site-packages/airflow/example_dags/tutorial.py
[2024-05-03T18:28:40.664+0000] {logging_mixin.py:188} INFO - [2024-05-03T18:28:40.663+0000] {dag.py:3096} INFO - Sync 1 DAGs
[2024-05-03T18:28:40.980+0000] {logging_mixin.py:188} INFO - [2024-05-03T18:28:40.979+0000] {dag.py:3954} INFO - Setting next_dagrun for tutorial to 2024-05-02 00:00:00+00:00, run_after=2024-05-03 00:00:00+00:00
[2024-05-03T18:28:41.498+0000] {processor.py:183} INFO - Processing /home/airflow/.local/lib/python3.11/site-packages/airflow/example_dags/tutorial.py took 1.135 seconds
[2024-05-03T18:29:33.884+0000] {processor.py:161} INFO - Started process (PID=1325) to work on /home/airflow/.local/lib/python3.11/site-packages/airflow/example_dags/tutorial.py
[2024-05-03T18:29:39.949+0000] {processor.py:830} INFO - Processing file /home/airflow/.local/lib/python3.11/site-packages/airflow/example_dags/tutorial.py for tasks to queue
[2024-05-03T18:29:40.224+0000] {logging_mixin.py:188} INFO - [2024-05-03T18:29:40.223+0000] {dagbag.py:540} INFO - Filling up the DagBag from /home/airflow/.local/lib/python3.11/site-packages/airflow/example_dags/tutorial.py
[2024-05-04T01:46:02.629+0000] {processor.py:840} INFO - DAG(s) 'tutorial' retrieved from /home/airflow/.local/lib/python3.11/site-packages/airflow/example_dags/tutorial.py
[2024-05-04T01:46:19.175+0000] {logging_mixin.py:188} INFO - [2024-05-04T01:46:19.129+0000] {dag.py:3096} INFO - Sync 1 DAGs
[2024-05-04T01:46:23.142+0000] {logging_mixin.py:188} INFO - [2024-05-04T01:46:23.141+0000] {dag.py:3954} INFO - Setting next_dagrun for tutorial to 2024-05-03 00:00:00+00:00, run_after=2024-05-04 00:00:00+00:00
